03/09/21 04:30:19 719376000  1615235419
RANDOM_num: 30
removed '/tmp/tmp.HL9dGf6Rtz'
03/09/21 04:30:19 807591900  1615235419
肥鹅 今天已经签到过. 签到结果: ok  giftDate: 20210309
***********************************************

2021/03/01_08:00:00  [已~签~到]      
2021/03/02_08:00:00  [已~签~到]      
2021/03/03_08:00:00  [已~签~到]      
2021/03/04_08:00:00  [已~签~到]      
2021/03/05_08:00:00  [已~签~到]      
2021/03/06_08:00:00  [已~签~到]      
2021/03/07_08:00:00  [已~签~到]      
2021/03/08_08:00:00  [已~签~到]      
2021/03/09_08:00:00  [已~签~到]      
当天签到奖励 [10积分]
连续签到 38 天
签到总天数 38
***********************************************

#活动规则
rule="每日签到，有机会赠送[30积分]；
累计签到7天，有机会赠送[50积分]；
累计签到15天，有机会赠送[100积分]；
累计签到23天，有机会赠送[199积分]；
累计签到30天，有机会赠送[30京豆]；"

#店铺名称
vendername="实丰文化京东自营旗舰店"
#店铺激活码
actId="f8d4b0c5dfaf4c49b415987962ee9ef4"
##店铺id
venderId="1000300368"

#赵 122294312-396444 sign_res
sign_res="
signTime=1614556800;signed=2
signTime=1614643200;signed=2
signTime=1614729600;signed=2
signTime=1614816000;signed=2
signTime=1614902400;signed=2
signTime=1614988800;signed=2
signTime=1615075200;signed=2
signTime=1615161600;signed=2
signTime=1615248000;signed=2"
sign_num="38"
sign_total_num="59"
giftName=""10积分""
giftRes="ok"
giftDate="20210309"
sign_res_info="
2021/03/01_08:00:00  [已~签~到]      
2021/03/02_08:00:00  [已~签~到]      
2021/03/03_08:00:00  [已~签~到]      
2021/03/04_08:00:00  [已~签~到]      
2021/03/05_08:00:00  [已~签~到]      
2021/03/06_08:00:00  [已~签~到]      
2021/03/07_08:00:00  [已~签~到]      
2021/03/08_08:00:00  [已~签~到]      
2021/03/09_08:00:00  [已~签~到]      
当天签到奖励 ["10积分"]
连续签到 38 天
签到总天数 59"
#赵 122294312-396444 sign_res_end
#王 1309893722-164885 sign_res
sign_res="
signTime=1614556800;signed=2
signTime=1614643200;signed=2
signTime=1614729600;signed=2
signTime=1614816000;signed=2
signTime=1614902400;signed=2
signTime=1614988800;signed=2
signTime=1615075200;signed=2
signTime=1615161600;signed=2
signTime=1615248000;signed=2"
sign_num="24"
sign_total_num="45"
giftName=""10积分""
giftRes="ok"
giftDate="20210309"
sign_res_info="
2021/03/01_08:00:00  [已~签~到]      
2021/03/02_08:00:00  [已~签~到]      
2021/03/03_08:00:00  [已~签~到]      
2021/03/04_08:00:00  [已~签~到]      
2021/03/05_08:00:00  [已~签~到]      
2021/03/06_08:00:00  [已~签~到]      
2021/03/07_08:00:00  [已~签~到]      
2021/03/08_08:00:00  [已~签~到]      
2021/03/09_08:00:00  [已~签~到]      
当天签到奖励 ["10积分"]
连续签到 24 天
签到总天数 45"
#王 1309893722-164885 sign_res_end
#肥鹅 jd_4d651d9e48204 sign_res
sign_res="
signTime=1614556800;signed=2
signTime=1614643200;signed=2
signTime=1614729600;signed=2
signTime=1614816000;signed=2
signTime=1614902400;signed=2
signTime=1614988800;signed=2
signTime=1615075200;signed=2
signTime=1615161600;signed=2
signTime=1615248000;signed=2"
sign_num="38"
sign_total_num="38"
giftName=""10积分""
giftRes="ok"
giftDate="20210309"
sign_res_info="
2021/03/01_08:00:00  [已~签~到]      
2021/03/02_08:00:00  [已~签~到]      
2021/03/03_08:00:00  [已~签~到]      
2021/03/04_08:00:00  [已~签~到]      
2021/03/05_08:00:00  [已~签~到]      
2021/03/06_08:00:00  [已~签~到]      
2021/03/07_08:00:00  [已~签~到]      
2021/03/08_08:00:00  [已~签~到]      
2021/03/09_08:00:00  [已~签~到]      
当天签到奖励 ["10积分"]
连续签到 38 天
签到总天数 38"
#肥鹅 jd_4d651d9e48204 sign_res_end
#移动 jd_OeTNobRVGiNZ sign_res
sign_res="
"
sign_num="0"
sign_total_num="0"
giftName=""
giftRes=""
giftDate="20210309"
sign_res_info="

当天签到奖励 []
连续签到 0 天
签到总天数 0"
#移动 jd_OeTNobRVGiNZ sign_res_end
