04/04/21 02:30:17 481878800  1617474617
RANDOM_num: 15
removed '/tmp/tmp.wwvZFk05nz'
04/04/21 02:30:17 558257000  1617474617
王 今天已经签到过. 签到结果: ok  giftDate: 20210404
***********************************************

2021/04/01_08:00:00  [已~签~到]      
2021/04/02_08:00:00  [已~签~到]      
2021/04/03_08:00:00  [已~签~到]      
2021/04/04_08:00:00  [已~签~到]      
当天签到奖励 [10积分]
连续签到 50 天
签到总天数 71
***********************************************

#活动规则
rule="每日签到，有机会赠送[30积分]；
累计签到7天，有机会赠送[50积分]；
累计签到15天，有机会赠送[100积分]；
累计签到23天，有机会赠送[199积分]；
累计签到30天，有机会赠送[30京豆]；"

#店铺名称
vendername="实丰文化京东自营旗舰店"
#店铺激活码
actId="f8d4b0c5dfaf4c49b415987962ee9ef4"
##店铺id
venderId="1000300368"

#赵 122294312-396444 sign_res
sign_res="
signTime=1617235200;signed=2
signTime=1617321600;signed=2
signTime=1617408000;signed=2
signTime=1617494400;signed=2"
sign_num="64"
sign_total_num="85"
giftName=""10积分""
giftRes="ok"
giftDate="20210404"
sign_res_info="
2021/04/01_08:00:00  [已~签~到]      
2021/04/02_08:00:00  [已~签~到]      
2021/04/03_08:00:00  [已~签~到]      
2021/04/04_08:00:00  [已~签~到]      
当天签到奖励 ["10积分"]
连续签到 64 天
签到总天数 85"
#赵 122294312-396444 sign_res_end
#王 1309893722-164885 sign_res
sign_res="
signTime=1617235200;signed=2
signTime=1617321600;signed=2
signTime=1617408000;signed=2
signTime=1617494400;signed=2"
sign_num="50"
sign_total_num="71"
giftName=""10积分""
giftRes="ok"
giftDate="20210404"
sign_res_info="
2021/04/01_08:00:00  [已~签~到]      
2021/04/02_08:00:00  [已~签~到]      
2021/04/03_08:00:00  [已~签~到]      
2021/04/04_08:00:00  [已~签~到]      
当天签到奖励 ["10积分"]
连续签到 50 天
签到总天数 71"
#王 1309893722-164885 sign_res_end
#肥鹅 jd_4d651d9e48204 sign_res
sign_res="
signTime=1617235200;signed=2
signTime=1617321600;signed=2
signTime=1617408000;signed=2
signTime=1617494400;signed=2"
sign_num="64"
sign_total_num="64"
giftName=""10积分""
giftRes="ok"
giftDate="20210404"
sign_res_info="
2021/04/01_08:00:00  [已~签~到]      
2021/04/02_08:00:00  [已~签~到]      
2021/04/03_08:00:00  [已~签~到]      
2021/04/04_08:00:00  [已~签~到]      
当天签到奖励 ["10积分"]
连续签到 64 天
签到总天数 64"
#肥鹅 jd_4d651d9e48204 sign_res_end
#移动 jd_OeTNobRVGiNZ sign_res
sign_res="
"
sign_num="0"
sign_total_num="0"
giftName=""
giftRes=""
giftDate="20210404"
sign_res_info="

当天签到奖励 []
连续签到 0 天
签到总天数 0"
#移动 jd_OeTNobRVGiNZ sign_res_end
