removed '/tmp/tmp.mIZiB0PY92'
lzkj-isv.isvjcloud.com	FALSE	/	FALSE	1613232803	LZ_TOKEN_VALUE	B0oH3vDY2bhHWuKbVaJ+XQ==
lzkj-isv.isvjcloud.com	FALSE	/	FALSE	1613232803	LZ_TOKEN_KEY	lztokenpage0f54418e73194913a9d5ad843b549056
use pt_key
token: AAFgJ_hMADA5pyg2Mx3QKOqt2Lia6CLZdJJgHwc6rSYFGnTyFf0LvnplwwR_lnlazshhERjVzv8
secretPin: 8zfoIjWIu/DcpxQNzAV7/oVPSWy1B8D+G4s+fJIFDfWHSnwnXFQKK9yQco/OGmHebU48Dr07k+7+k1UaXRbZKg==

02/14/21 00:03:24 500731500  1613232204
王签到实丰文化京东自营旗舰店
{
  "gift": {
    "activityId": null,
    "activityType": null,
    "venderId": null,
    "type": 0,
    "name": null,
    "itemHb": null,
    "id": "10",
    "giftType": "9",
    "giftName": "10积分",
    "giftNum": "10",
    "giftTotal": "100000",
    "giftResidue": null,
    "priceInfo": "0",
    "shortLink": "",
    "orginLink": null,
    "giftInfoId": "a91eee5812e74764a94d0b230e52148e",
    "commonAddAwardVO": null
  },
  "msg": "",
  "isOk": true,
  "isSend": true,
  "key": "rLorLm"
}
true
签到实丰文化京东自营旗舰店完成

***********************************************
2021/02/14_08:00:00  [已~签~到]      
当天签到奖励 "10积分"
连续签到 1 天
签到总天数 22
***********************************************

王签到实丰文化京东自营旗舰店查看结果
{"msg":"","giftLog":{"20210214":"y"},"isOk":true,"signDetail":{"20210214":"y"},"followDays":8,"signRecord":{"nicknameShow":null,"id":"fbf9bdbf0af94feea31ed94d265f85a8","venderId":1000300368,"actId":"f8d4b0c5dfaf4c49b415987962ee9ef4","actName":"签到活动","nick":"8zfoIjWIu/DcpxQNzAV7/oVPSWy1B8D+G4s+fJIFDfWHSnwnXFQKK9yQco/OGmHebU48Dr07k+7+k1UaXRbZKg==","phone":"","midUrl":null,"pin":"8zfoIjWIu/DcpxQNzAV7/oVPSWy1B8D+G4s+fJIFDfWHSnwnXFQKK9yQco/OGmHebU48Dr07k+7+k1UaXRbZKg==","lastSignDate":20210214,"contiSignNum":1,"totalSignNum":22,"createTime":1609773089000,"updateTime":1613232204000,"remark":null}}

{
  "signDetail": {
    "20210214": "y"
  },
  "contiSignNum": 1,
  "totalSignNum": 22
}

实丰文化京东自营旗舰店活动规则
{"msg":"","act":{"id":"f8d4b0c5dfaf4c49b415987962ee9ef4","jdActivityId":null,"venderId":1000300368,"actName":"签到活动","startTime":1611556200000,"endTime":1614182399000,"tplId":"0120","deleted":null,"actUrl":"https://lzkj-isv.isvjcloud.com/sign/signActivity2?activityId=f8d4b0c5dfaf4c49b415987962ee9ef4&venderId=1000300368","shortUrl":"3.cn/100H-osCk","qrcodeUrl":"https://img10.360buyimg.com/imgzone/jfs/t1/146737/13/20029/3633/5fe6a4acE00e67d11/f58ef9de415b8cef.png","actRule":"1、活动时间：2021-01-25 14:30 - 2021-02-24 23:59；
2、符合累计签到赠送条件，则有机会赠送累计签到奖品，同时每日签到奖品不赠送；
3、每日签到，有机会赠送[10积分]；
4、累计签到7天，有机会赠送[50积分]；
5、累计签到15天，有机会赠送[100积分]；
6、累计签到20天，有机会赠送[200积分]；
7、累计签到30天，有机会赠送[300积分]；
8、签到成功后有机会获得奖品，也有可能会与奖品擦肩而过（奖品数量有限，先到先得）；
9、若用户存在刷奖等恶意行为，一经发现将取消抽奖资格（如奖品已经发放，有权追回奖品）；
注：奖品发放形式：
实物奖：
（1）中奖客户信息收集：页面弹屏提示中奖客户提供收货地址、号码和奖项；(超过1小时未填写对应收货信息，视为放弃);
（2）实物奖采取寄送方式发放，获奖用户需在开奖后填写姓名、联系电话、详细地址信息。如因用户原因无法联系上，即奖品作废不再补发，或如用户未填写真实有效的信息或填写收货信息不详，均视为放弃奖品；
虚拟产品奖：
（1）京豆：中奖后系统预计24小时内自动发放至账户；
（2）优惠券：中奖后需手动领取，预计24小时到账；
【活动参与主体资格】
（1）每位自然人用户仅能使用一个京东账号参与活动，微信号、QQ、京东帐号、手机号码等任一信息一致或指向同一用户的，视为同一个用户，则第一个参与本活动的账号参与结果有效，其余账号参与结果均视为无效。
（2）若发现同一位用户使用不同账号重复参与活动，承办方有权取消其获奖资格。
【注意事项】
（1）活动过程中，凡以不正当手段（如作弊领取、恶意套取、刷信誉、虚假交易、扰乱系统、实施网络攻击等）参与本次活动的用户，商家有权终止其参与活动，并取消其获奖资格（如奖品已发放，商家有权追回），如给商家造成损失的，商家将保留向违规用户继续追索的权利。
（2）如遇不可抗力(包括但不限于重大灾害事件、活动受政府机关指令需要停止举办或调整的、活动中存在大面积作弊行为、活动遭受严重网络攻击或因系统故障导致活动中奖名单大批量出错，活动不能正常进行的)，商家有权取消、修改或暂停本活动。
（3）本活动所发放的实物奖不得提现、不得转赠他人、不得为他人付款。
（4）是否中奖以活动发布者后台统计结果为准。
","createTime":1608950956000,"updateTime":1611555735000,"activityType":null,"actTimeStr":"2021-01-25 14:30 至 2021-02-24 23:59","actRange":"all","isFocusShop":"n","giftJson":"{\"gift\":{\"giftInfoId\":\"a91eee5812e74764a94d0b230e52148e\",\"giftName\":\"10积分\",\"giftNum\":\"10\",\"giftTotal\":\"100000\",\"giftType\":\"9\",\"id\":\"10\",\"priceInfo\":\"0\",\"shortLink\":\"\",\"type\":0},\"giftConditions\":[{\"dayNum\":\"7\",\"gift\":{\"giftInfoId\":\"f6ed430a85f14e7d865211742dee96ce\",\"giftName\":\"50积分\",\"giftNum\":\"50\",\"giftTotal\":\"100000\",\"giftType\":\"9\",\"id\":\"50\",\"priceInfo\":\"0\",\"shortLink\":\"\",\"type\":0}},{\"dayNum\":\"15\",\"gift\":{\"giftInfoId\":\"fd0d47577b944136bd12e2bbfb2042e9\",\"giftName\":\"100积分\",\"giftNum\":\"100\",\"giftTotal\":\"100000\",\"giftType\":\"9\",\"id\":\"100\",\"priceInfo\":\"0\",\"shortLink\":\"\",\"type\":0}},{\"dayNum\":\"20\",\"gift\":{\"giftInfoId\":\"6b032ed55aee41e98d4ded7c0e5a29f5\",\"giftName\":\"200积分\",\"giftNum\":\"200\",\"giftTotal\":\"0\",\"giftType\":\"9\",\"id\":\"200\",\"priceInfo\":\"0\",\"shortLink\":\"\",\"type\":0}},{\"dayNum\":\"30\",\"gift\":{\"giftInfoId\":\"80085882d1194693b754d5565120c05e\",\"giftName\":\"300积分\",\"giftNum\":\"300\",\"giftTotal\":\"0\",\"giftType\":\"9\",\"id\":\"300\",\"priceInfo\":\"0\",\"shortLink\":\"\",\"type\":0}}],\"hasGiftEveryDay\":\"y\",\"signType\":\"2\"}","wxSignActivityGiftBean":{"hasGiftEveryDay":"y","gift":{"activityId":null,"activityType":null,"venderId":null,"type":0,"name":null,"itemHb":null,"id":"10","giftType":"9","giftName":"10积分","giftNum":"10","giftTotal":"100000","giftResidue":null,"priceInfo":"0","shortLink":"","orginLink":null,"giftInfoId":"a91eee5812e74764a94d0b230e52148e","commonAddAwardVO":null},"signType":"2","giftConditions":[{"dayNum":"7","gift":{"activityId":null,"activityType":null,"venderId":null,"type":0,"name":null,"itemHb":null,"id":"50","giftType":"9","giftName":"50积分","giftNum":"50","giftTotal":"100000","giftResidue":null,"priceInfo":"0","shortLink":"","orginLink":null,"giftInfoId":"f6ed430a85f14e7d865211742dee96ce","commonAddAwardVO":null}},{"dayNum":"15","gift":{"activityId":null,"activityType":null,"venderId":null,"type":0,"name":null,"itemHb":null,"id":"100","giftType":"9","giftName":"100积分","giftNum":"100","giftTotal":"100000","giftResidue":null,"priceInfo":"0","shortLink":"","orginLink":null,"giftInfoId":"fd0d47577b944136bd12e2bbfb2042e9","commonAddAwardVO":null}},{"dayNum":"20","gift":{"activityId":null,"activityType":null,"venderId":null,"type":0,"name":null,"itemHb":null,"id":"200","giftType":"9","giftName":"200积分","giftNum":"200","giftTotal":"0","giftResidue":null,"priceInfo":"0","shortLink":"","orginLink":null,"giftInfoId":"6b032ed55aee41e98d4ded7c0e5a29f5","commonAddAwardVO":null}},{"dayNum":"30","gift":{"activityId":null,"activityType":null,"venderId":null,"type":0,"name":null,"itemHb":null,"id":"300","giftType":"9","giftName":"300积分","giftNum":"300","giftTotal":"0","giftResidue":null,"priceInfo":"0","shortLink":"","orginLink":null,"giftInfoId":"80085882d1194693b754d5565120c05e","commonAddAwardVO":null}}]},"isShowItems":"y","showItemIds":"100013495670,100013492730,100012389158,100012389178,100012389192,100012389188,100012226386,100012226376,100016209742,100017526712,100014476732,100016637882","jmWareVOList":null,"status":"ING"},"isOk":true}

{
  "actUrl": "https://lzkj-isv.isvjcloud.com/sign/signActivity2?activityId=f8d4b0c5dfaf4c49b415987962ee9ef4&venderId=1000300368",
  "shortUrl": "3.cn/100H-osCk",
  "actRule": "1、活动时间：2021-01-25 14:30 - 2021-02-24 23:59；\n2、符合累计签到赠送条件，则有机会赠送累计签到奖品，同时每日签到奖品不赠送；\n3、每日签到，有机会赠送[10积分]；\n4、累计签到7天，有机会赠送[50积分]；\n5、累计签到15天，有机会赠送[100积分]；\n6、累计签到20天，有机会赠送[200积分]；\n7、累计签到30天，有机会赠送[300积分]；\n8、签到成功后有机会获得奖品，也有可能会与奖品擦肩而过（奖品数量有限，先到先得）；\n9、若用户存在刷奖等恶意行为，一经发现将取消抽奖资格（如奖品已经发放，有权追回奖品）；\n注：奖品发放形式：\n实物奖：\n（1）中奖客户信息收集：页面弹屏提示中奖客户提供收货地址、号码和奖项；(超过1小时未填写对应收货信息，视为放弃);\n（2）实物奖采取寄送方式发放，获奖用户需在开奖后填写姓名、联系电话、详细地址信息。如因用户原因无法联系上，即奖品作废不再补发，或如用户未填写真实有效的信息或填写收货信息不详，均视为放弃奖品；\n虚拟产品奖：\n（1）京豆：中奖后系统预计24小时内自动发放至账户；\n（2）优惠券：中奖后需手动领取，预计24小时到账；\n【活动参与主体资格】\n（1）每位自然人用户仅能使用一个京东账号参与活动，微信号、QQ、京东帐号、手机号码等任一信息一致或指向同一用户的，视为同一个用户，则第一个参与本活动的账号参与结果有效，其余账号参与结果均视为无效。\n（2）若发现同一位用户使用不同账号重复参与活动，承办方有权取消其获奖资格。\n【注意事项】\n（1）活动过程中，凡以不正当手段（如作弊领取、恶意套取、刷信誉、虚假交易、扰乱系统、实施网络攻击等）参与本次活动的用户，商家有权终止其参与活动，并取消其获奖资格（如奖品已发放，商家有权追回），如给商家造成损失的，商家将保留向违规用户继续追索的权利。\n（2）如遇不可抗力(包括但不限于重大灾害事件、活动受政府机关指令需要停止举办或调整的、活动中存在大面积作弊行为、活动遭受严重网络攻击或因系统故障导致活动中奖名单大批量出错，活动不能正常进行的)，商家有权取消、修改或暂停本活动。\n（3）本活动所发放的实物奖不得提现、不得转赠他人、不得为他人付款。\n（4）是否中奖以活动发布者后台统计结果为准。\n"
}
#活动规则
rule="每日签到，有机会赠送[30积分]；
累计签到7天，有机会赠送[50积分]；
累计签到15天，有机会赠送[100积分]；
累计签到23天，有机会赠送[199积分]；
累计签到30天，有机会赠送[30京豆]；"

#店铺名称
vendername="实丰文化京东自营旗舰店"
#店铺激活码
actId="f8d4b0c5dfaf4c49b415987962ee9ef4"
##店铺id
venderId="1000300368"

#赵 122294312-396444 sign_res
sign_res="
signTime=1612137600;signed=2
signTime=1612224000;signed=2
signTime=1612310400;signed=2
signTime=1612396800;signed=2
signTime=1612483200;signed=2
signTime=1612569600;signed=2
signTime=1612656000;signed=2
signTime=1612742400;signed=2
signTime=1612828800;signed=2
signTime=1612915200;signed=2
signTime=1613001600;signed=2
signTime=1613088000;signed=2
signTime=1613174400;signed=2
signTime=1613260800;signed=2"
sign_num="15"
sign_total_num="36"
giftName=""10积分""
giftDate="20210214"
sign_res_info="
2021/02/01_08:00:00  [已~签~到]      
2021/02/02_08:00:00  [已~签~到]      
2021/02/03_08:00:00  [已~签~到]      
2021/02/04_08:00:00  [已~签~到]      
2021/02/05_08:00:00  [已~签~到]      
2021/02/06_08:00:00  [已~签~到]      
2021/02/07_08:00:00  [已~签~到]      
2021/02/08_08:00:00  [已~签~到]      
2021/02/09_08:00:00  [已~签~到]      
2021/02/10_08:00:00  [已~签~到]      
2021/02/11_08:00:00  [已~签~到]      
2021/02/12_08:00:00  [已~签~到]      
2021/02/13_08:00:00  [已~签~到]      
2021/02/14_08:00:00  [已~签~到]      
当天签到奖励 "10积分"
连续签到 15 天
签到总天数 36"
#赵 122294312-396444 sign_res_end
#肥鹅 jd_4d651d9e48204 sign_res
sign_res="
signTime=1612137600;signed=2
signTime=1612224000;signed=2
signTime=1612310400;signed=2
signTime=1612396800;signed=2
signTime=1612483200;signed=2
signTime=1612569600;signed=2
signTime=1612656000;signed=2
signTime=1612742400;signed=2
signTime=1612828800;signed=2
signTime=1612915200;signed=2
signTime=1613001600;signed=2
signTime=1613088000;signed=2
signTime=1613174400;signed=2
signTime=1613260800;signed=2"
sign_num="15"
sign_total_num="15"
giftName=""100积分""
giftDate="20210214"
sign_res_info="
2021/02/01_08:00:00  [已~签~到]      
2021/02/02_08:00:00  [已~签~到]      
2021/02/03_08:00:00  [已~签~到]      
2021/02/04_08:00:00  [已~签~到]      
2021/02/05_08:00:00  [已~签~到]      
2021/02/06_08:00:00  [已~签~到]      
2021/02/07_08:00:00  [已~签~到]      
2021/02/08_08:00:00  [已~签~到]      
2021/02/09_08:00:00  [已~签~到]      
2021/02/10_08:00:00  [已~签~到]      
2021/02/11_08:00:00  [已~签~到]      
2021/02/12_08:00:00  [已~签~到]      
2021/02/13_08:00:00  [已~签~到]      
2021/02/14_08:00:00  [已~签~到]      
当天签到奖励 "100积分"
连续签到 15 天
签到总天数 15"
#肥鹅 jd_4d651d9e48204 sign_res_end
#移动 jd_OeTNobRVGiNZ sign_res
sign_res="
signTime=1612137600;signed=2
signTime=1612224000;signed=2
signTime=1612310400;signed=2
signTime=1612396800;signed=2
signTime=1612483200;signed=2
signTime=1612569600;signed=2
signTime=1612656000;signed=2
signTime=1612742400;signed=2
signTime=1612828800;signed=2
signTime=1612915200;signed=2
signTime=1613001600;signed=2
signTime=1613088000;signed=2
signTime=1613174400;signed=2
signTime=1613260800;signed=2"
sign_num="15"
sign_total_num="15"
giftName=""100积分""
giftDate="20210214"
sign_res_info="
2021/02/01_08:00:00  [已~签~到]      
2021/02/02_08:00:00  [已~签~到]      
2021/02/03_08:00:00  [已~签~到]      
2021/02/04_08:00:00  [已~签~到]      
2021/02/05_08:00:00  [已~签~到]      
2021/02/06_08:00:00  [已~签~到]      
2021/02/07_08:00:00  [已~签~到]      
2021/02/08_08:00:00  [已~签~到]      
2021/02/09_08:00:00  [已~签~到]      
2021/02/10_08:00:00  [已~签~到]      
2021/02/11_08:00:00  [已~签~到]      
2021/02/12_08:00:00  [已~签~到]      
2021/02/13_08:00:00  [已~签~到]      
2021/02/14_08:00:00  [已~签~到]      
当天签到奖励 "100积分"
连续签到 15 天
签到总天数 15"
#移动 jd_OeTNobRVGiNZ sign_res_end
#王 1309893722-164885 sign_res
sign_res="
signTime=1613260800;signed=2"
sign_num="1"
sign_total_num="22"
giftName=""10积分""
giftDate="20210214"
sign_res_info="
2021/02/14_08:00:00  [已~签~到]      
当天签到奖励 "10积分"
连续签到 1 天
签到总天数 22"
#王 1309893722-164885 sign_res_end
