03/07/21 01:30:15 592778100  1615051815
RANDOM_num: 15
removed '/tmp/tmp.euHYHye8Xy'
03/07/21 01:30:15 689186600  1615051815 检查赵签到

real	0m0.250s
user	0m0.063s
sys	0m0.047s
lzkj-isv.isvjcloud.com	FALSE	/	FALSE	1615052415	LZ_TOKEN_VALUE	B0oH3vDY2bhHWuKbVaJ+XQ==
lzkj-isv.isvjcloud.com	FALSE	/	FALSE	1615052415	LZ_TOKEN_KEY	lztokenpage57065e3d20234babbe21741e232646dc
03/07/21 01:30:16 049755600  1615051816
use pt_key

real	0m0.128s
user	0m0.094s
sys	0m0.078s
03/07/21 01:30:16 192124200  1615051816 token: AAFgQ7woADBmidxxOurO0e8D8rw1lPRWGNvcaYzKcWrfX9QEjaJnewVEs_l20APa5lAjnUUKkrU

real	0m0.963s
user	0m0.031s
sys	0m0.016s
03/07/21 01:30:17 258195900  1615051817 secretPin: 51S2JqsypB/nfj45frYeoU7oeVP9kq2pYSH90mYt4m3fwcJlClpxrfmVYaGKuquQkdK3rLBQpEQH9V4tdrrh0w==

03/07/21 01:30:17 271065600  1615051817 赵签到费雪京东自营旗舰店

real	0m0.511s
user	0m0.000s
sys	0m0.094s
{
  "gift": {
    "activityId": null,
    "activityType": null,
    "venderId": null,
    "type": 0,
    "name": null,
    "itemHb": null,
    "id": "5",
    "giftType": "9",
    "giftName": "5积分",
    "giftNum": "5",
    "giftTotal": "100000000",
    "giftResidue": null,
    "priceInfo": "0",
    "shortLink": "",
    "orginLink": null,
    "giftInfoId": "c43a469f3e984705878a2aa07a3fafac",
    "commonAddAwardVO": null
  },
  "msg": "",
  "isOk": true,
  "isSend": true,
  "key": "QPQnwZ"
}
true
03/07/21 01:30:18 104107000 1615051818
03/07/21 01:30:18 145577200 1615051818 签到费雪京东自营旗舰店完成
03/07/21 01:31:03 228026000  1615051863
true
首次签到成功. 写入giftName: "5积分"

***********************************************
2021/03/01_08:00:00  [已~签~到]      
2021/03/02_08:00:00  [已~签~到]      
2021/03/03_08:00:00  [已~签~到]      
2021/03/04_08:00:00  [已~签~到]      
2021/03/05_08:00:00  [已~签~到]      
2021/03/06_08:00:00  [已~签~到]      
2021/03/07_08:00:00  [已~签~到]      
当天签到奖励 ["5积分"]
连续签到 6 天
签到总天数 36
***********************************************

赵签到费雪京东自营旗舰店查看结果
{"msg":"","giftLog":{"20210304":"y","20210305":"y","20210306":"y","20210307":"y","20210301":"y","20210302":"y","20210303":"y"},"isOk":true,"signDetail":{"20210304":"y","20210305":"y","20210306":"y","20210307":"y","20210301":"y","20210302":"y","20210303":"y"},"followDays":24,"signRecord":{"nicknameShow":null,"id":"a348d9b817724de79a8c091c02c28975","venderId":1000001879,"actId":"314af1e4b8924357a558d9505b8b2358","actName":"签到活动","nick":"51S2JqsypB/nfj45frYeoU7oeVP9kq2pYSH90mYt4m3fwcJlClpxrfmVYaGKuquQkdK3rLBQpEQH9V4tdrrh0w==","phone":"","midUrl":null,"pin":"51S2JqsypB/nfj45frYeoU7oeVP9kq2pYSH90mYt4m3fwcJlClpxrfmVYaGKuquQkdK3rLBQpEQH9V4tdrrh0w==","lastSignDate":20210307,"contiSignNum":6,"totalSignNum":36,"createTime":1612103809000,"updateTime":1615051817000,"remark":null}}

{
  "signDetail": {
    "20210304": "y",
    "20210305": "y",
    "20210306": "y",
    "20210307": "y",
    "20210301": "y",
    "20210302": "y",
    "20210303": "y"
  },
  "contiSignNum": 6,
  "totalSignNum": 36
}

费雪京东自营旗舰店活动规则
{"msg":"","act":{"id":"314af1e4b8924357a558d9505b8b2358","jdActivityId":null,"venderId":1000001879,"actName":"签到活动","startTime":1609430400000,"endTime":1619798399000,"tplId":"8056","deleted":null,"actUrl":"https://lzkj-isv.isvjcloud.com/sign/signActivity2?activityId=314af1e4b8924357a558d9505b8b2358&venderId=1000001879","shortUrl":"3.cn/100lN-kfJ","qrcodeUrl":"https://img10.360buyimg.com/imgzone/jfs/t1/149035/20/4623/3620/5f2d1c66E9cdf9605/3e581ed3b1f3c88a.png","actRule":"1、活动时间：2021-01-01 00:00 - 2021-04-30 23:59；
2、符合连续签到赠送条件，则有机会赠送连续签到奖品，同时每日签到奖品不赠送；
3、每日签到，有机会赠送[5积分]；
4、连续签到30天，有机会赠送[200积分]；
5、达到连续签到天数并领取奖品后，签到记录清零，从第1天重新计算；
6、签到成功后有机会获得奖品，也有可能会与奖品擦肩而过（奖品数量有限，先到先得）；
7、若用户存在刷奖等恶意行为，一经发现将取消抽奖资格（如奖品已经发放，有权追回奖品）；
注：奖品发放形式：
实物奖：
（1）中奖客户信息收集：页面弹屏提示中奖客户提供收货地址、号码和奖项；(超过1小时未填写对应收货信息，视为放弃);
（2）实物奖采取寄送方式发放，获奖用户需在开奖后填写姓名、联系电话、详细地址信息。如因用户原因无法联系上，即奖品作废不再补发，或如用户未填写真实有效的信息或填写收货信息不详，均视为放弃奖品；
虚拟产品奖：
（1）京豆：中奖后系统预计24小时内自动发放至账户；
（2）优惠券：中奖后需手动领取，预计24小时到账；
【活动参与主体资格】
（1）每位自然人用户仅能使用一个京东账号参与活动，微信号、QQ、京东帐号、手机号码等任一信息一致或指向同一用户的，视为同一个用户，则第一个参与本活动的账号参与结果有效，其余账号参与结果均视为无效。
（2）若发现同一位用户使用不同账号重复参与活动，承办方有权取消其获奖资格。
【注意事项】
（1）活动过程中，凡以不正当手段（如作弊领取、恶意套取、刷信誉、虚假交易、扰乱系统、实施网络攻击等）参与本次活动的用户，商家有权终止其参与活动，并取消其获奖资格（如奖品已发放，商家有权追回），如给商家造成损失的，商家将保留向违规用户继续追索的权利。
（2）如遇不可抗力(包括但不限于重大灾害事件、活动受政府机关指令需要停止举办或调整的、活动中存在大面积作弊行为、活动遭受严重网络攻击或因系统故障导致活动中奖名单大批量出错，活动不能正常进行的)，商家有权取消、修改或暂停本活动。
（3）本活动所发放的实物奖不得提现、不得转赠他人、不得为他人付款。
（4）是否中奖以活动发布者后台统计结果为准。
","createTime":1596791910000,"updateTime":1609408304000,"activityType":null,"actTimeStr":"2021-01-01 00:00 至 2021-04-30 23:59","actRange":"all","isFocusShop":"n","giftJson":"{\"gift\":{\"giftInfoId\":\"c43a469f3e984705878a2aa07a3fafac\",\"giftName\":\"5积分\",\"giftNum\":\"5\",\"giftTotal\":\"100000000\",\"giftType\":\"9\",\"id\":\"5\",\"priceInfo\":\"0\",\"shortLink\":\"\",\"type\":0},\"giftConditions\":[{\"dayNum\":\"30\",\"gift\":{\"giftInfoId\":\"cc984e7d1cab455c8f912bb643272785\",\"giftName\":\"200积分\",\"giftNum\":\"200\",\"giftTotal\":\"100000000\",\"giftType\":\"9\",\"id\":\"200\",\"priceInfo\":\"0\",\"shortLink\":\"\",\"type\":0}}],\"hasGiftEveryDay\":\"y\",\"signType\":\"1\"}","wxSignActivityGiftBean":{"hasGiftEveryDay":"y","gift":{"activityId":null,"activityType":null,"venderId":null,"type":0,"name":null,"itemHb":null,"id":"5","giftType":"9","giftName":"5积分","giftNum":"5","giftTotal":"100000000","giftResidue":null,"priceInfo":"0","shortLink":"","orginLink":null,"giftInfoId":"c43a469f3e984705878a2aa07a3fafac","commonAddAwardVO":null},"signType":"1","giftConditions":[{"dayNum":"30","gift":{"activityId":null,"activityType":null,"venderId":null,"type":0,"name":null,"itemHb":null,"id":"200","giftType":"9","giftName":"200积分","giftNum":"200","giftTotal":"100000000","giftResidue":null,"priceInfo":"0","shortLink":"","orginLink":null,"giftInfoId":"cc984e7d1cab455c8f912bb643272785","commonAddAwardVO":null}}]},"isShowItems":"y","showItemIds":"100000455789,100005472678,100014615696,100003671718,7615825,100003648948,100004888926,100003648966,100011858870,2210035","jmWareVOList":null,"status":"ING"},"isOk":true}

{
  "actUrl": "https://lzkj-isv.isvjcloud.com/sign/signActivity2?activityId=314af1e4b8924357a558d9505b8b2358&venderId=1000001879",
  "shortUrl": "3.cn/100lN-kfJ",
  "actRule": "1、活动时间：2021-01-01 00:00 - 2021-04-30 23:59；\n2、符合连续签到赠送条件，则有机会赠送连续签到奖品，同时每日签到奖品不赠送；\n3、每日签到，有机会赠送[5积分]；\n4、连续签到30天，有机会赠送[200积分]；\n5、达到连续签到天数并领取奖品后，签到记录清零，从第1天重新计算；\n6、签到成功后有机会获得奖品，也有可能会与奖品擦肩而过（奖品数量有限，先到先得）；\n7、若用户存在刷奖等恶意行为，一经发现将取消抽奖资格（如奖品已经发放，有权追回奖品）；\n注：奖品发放形式：\n实物奖：\n（1）中奖客户信息收集：页面弹屏提示中奖客户提供收货地址、号码和奖项；(超过1小时未填写对应收货信息，视为放弃);\n（2）实物奖采取寄送方式发放，获奖用户需在开奖后填写姓名、联系电话、详细地址信息。如因用户原因无法联系上，即奖品作废不再补发，或如用户未填写真实有效的信息或填写收货信息不详，均视为放弃奖品；\n虚拟产品奖：\n（1）京豆：中奖后系统预计24小时内自动发放至账户；\n（2）优惠券：中奖后需手动领取，预计24小时到账；\n【活动参与主体资格】\n（1）每位自然人用户仅能使用一个京东账号参与活动，微信号、QQ、京东帐号、手机号码等任一信息一致或指向同一用户的，视为同一个用户，则第一个参与本活动的账号参与结果有效，其余账号参与结果均视为无效。\n（2）若发现同一位用户使用不同账号重复参与活动，承办方有权取消其获奖资格。\n【注意事项】\n（1）活动过程中，凡以不正当手段（如作弊领取、恶意套取、刷信誉、虚假交易、扰乱系统、实施网络攻击等）参与本次活动的用户，商家有权终止其参与活动，并取消其获奖资格（如奖品已发放，商家有权追回），如给商家造成损失的，商家将保留向违规用户继续追索的权利。\n（2）如遇不可抗力(包括但不限于重大灾害事件、活动受政府机关指令需要停止举办或调整的、活动中存在大面积作弊行为、活动遭受严重网络攻击或因系统故障导致活动中奖名单大批量出错，活动不能正常进行的)，商家有权取消、修改或暂停本活动。\n（3）本活动所发放的实物奖不得提现、不得转赠他人、不得为他人付款。\n（4）是否中奖以活动发布者后台统计结果为准。\n"
}
#活动规则
rule="签到第六感京东自营旗舰店  每日签到，有机会赠送[1积分] 连续签到25天，有机会赠送[第六感X中国娘礼盒34只]"

#店铺名称
vendername="费雪京东自营旗舰店"
#店铺激活码
actId="314af1e4b8924357a558d9505b8b2358"
##店铺id
venderId="1000001879"

#王 1309893722-164885 sign_res
sign_res="
signTime=1614556800;signed=2
signTime=1614643200;signed=2
signTime=1614729600;signed=2
signTime=1614816000;signed=2
signTime=1614902400;signed=2
signTime=1614988800;signed=2"
sign_num="20"
sign_total_num="20"
giftName=""5积分""
giftRes="ok"
giftDate="20210306"
sign_res_info="
2021/03/01_08:00:00  [已~签~到]      
2021/03/02_08:00:00  [已~签~到]      
2021/03/03_08:00:00  [已~签~到]      
2021/03/04_08:00:00  [已~签~到]      
2021/03/05_08:00:00  [已~签~到]      
2021/03/06_08:00:00  [已~签~到]      
当天签到奖励 ["5积分"]
连续签到 20 天
签到总天数 20"
#王 1309893722-164885 sign_res_end
#肥鹅 jd_4d651d9e48204 sign_res
sign_res="
signTime=1614556800;signed=2
signTime=1614643200;signed=2
signTime=1614729600;signed=2
signTime=1614816000;signed=2
signTime=1614902400;signed=2
signTime=1614988800;signed=2"
sign_num="5"
sign_total_num="35"
giftName=""5积分""
giftRes="ok"
giftDate="20210306"
sign_res_info="
2021/03/01_08:00:00  [已~签~到]      
2021/03/02_08:00:00  [已~签~到]      
2021/03/03_08:00:00  [已~签~到]      
2021/03/04_08:00:00  [已~签~到]      
2021/03/05_08:00:00  [已~签~到]      
2021/03/06_08:00:00  [已~签~到]      
当天签到奖励 ["5积分"]
连续签到 5 天
签到总天数 35"
#肥鹅 jd_4d651d9e48204 sign_res_end
#移动 jd_OeTNobRVGiNZ sign_res
sign_res="
"
sign_num="0"
sign_total_num="0"
giftName=""
giftRes=""
giftDate="20210306"
sign_res_info="

当天签到奖励 []
连续签到 0 天
签到总天数 0"
#移动 jd_OeTNobRVGiNZ sign_res_end
#赵 122294312-396444 sign_res
sign_res="
signTime=1614556800;signed=2
signTime=1614643200;signed=2
signTime=1614729600;signed=2
signTime=1614816000;signed=2
signTime=1614902400;signed=2
signTime=1614988800;signed=2
signTime=1615075200;signed=2"
sign_num="6"
sign_total_num="36"
giftName=""5积分""
giftRes="ok"
giftDate="20210307"
sign_res_info="
2021/03/01_08:00:00  [已~签~到]      
2021/03/02_08:00:00  [已~签~到]      
2021/03/03_08:00:00  [已~签~到]      
2021/03/04_08:00:00  [已~签~到]      
2021/03/05_08:00:00  [已~签~到]      
2021/03/06_08:00:00  [已~签~到]      
2021/03/07_08:00:00  [已~签~到]      
当天签到奖励 ["5积分"]
连续签到 6 天
签到总天数 36"
#赵 122294312-396444 sign_res_end
