03/04/21 04:30:25 811986100  1614803425
RANDOM_num: 40
removed '/tmp/tmp.PPPkBLB2wL'
03/04/21 04:30:25 905659000  1614803425
王 今天已经签到过. 签到结果: ok  giftDate: 20210304
***********************************************

2021/03/01_08:00:00  [已~签~到]      
2021/03/02_08:00:00  [已~签~到]      
2021/03/03_08:00:00  [已~签~到]      
2021/03/04_08:00:00  [已~签~到]      
当天签到奖励 [10积分]
连续签到 19 天
签到总天数 40
***********************************************

#活动规则
rule="每日签到，有机会赠送[30积分]；
累计签到7天，有机会赠送[50积分]；
累计签到15天，有机会赠送[100积分]；
累计签到23天，有机会赠送[199积分]；
累计签到30天，有机会赠送[30京豆]；"

#店铺名称
vendername="实丰文化京东自营旗舰店"
#店铺激活码
actId="f8d4b0c5dfaf4c49b415987962ee9ef4"
##店铺id
venderId="1000300368"

#赵 122294312-396444 sign_res
sign_res="
signTime=1614556800;signed=2
signTime=1614643200;signed=2
signTime=1614729600;signed=2
signTime=1614816000;signed=2"
sign_num="33"
sign_total_num="54"
giftName=""10积分""
giftRes="ok"
giftDate="20210304"
sign_res_info="
2021/03/01_08:00:00  [已~签~到]      
2021/03/02_08:00:00  [已~签~到]      
2021/03/03_08:00:00  [已~签~到]      
2021/03/04_08:00:00  [已~签~到]      
当天签到奖励 ["10积分"]
连续签到 33 天
签到总天数 54"
#赵 122294312-396444 sign_res_end
#王 1309893722-164885 sign_res
sign_res="
signTime=1614556800;signed=2
signTime=1614643200;signed=2
signTime=1614729600;signed=2
signTime=1614816000;signed=2"
sign_num="19"
sign_total_num="40"
giftName=""10积分""
giftRes="ok"
giftDate="20210304"
sign_res_info="
2021/03/01_08:00:00  [已~签~到]      
2021/03/02_08:00:00  [已~签~到]      
2021/03/03_08:00:00  [已~签~到]      
2021/03/04_08:00:00  [已~签~到]      
当天签到奖励 ["10积分"]
连续签到 19 天
签到总天数 40"
#王 1309893722-164885 sign_res_end
#肥鹅 jd_4d651d9e48204 sign_res
sign_res="
signTime=1614556800;signed=2
signTime=1614643200;signed=2
signTime=1614729600;signed=2
signTime=1614816000;signed=2"
sign_num="33"
sign_total_num="33"
giftName=""10积分""
giftRes="ok"
giftDate="20210304"
sign_res_info="
2021/03/01_08:00:00  [已~签~到]      
2021/03/02_08:00:00  [已~签~到]      
2021/03/03_08:00:00  [已~签~到]      
2021/03/04_08:00:00  [已~签~到]      
当天签到奖励 ["10积分"]
连续签到 33 天
签到总天数 33"
#肥鹅 jd_4d651d9e48204 sign_res_end
#移动 jd_OeTNobRVGiNZ sign_res
sign_res="
"
sign_num="0"
sign_total_num="0"
giftName="null"
giftRes="很抱歉，奖品与您擦肩而过了哟，关注下其他活动吧~"
giftDate="20210304"
sign_res_info="

当天签到奖励 [null]
连续签到 0 天
签到总天数 0"
#移动 jd_OeTNobRVGiNZ sign_res_end
