lzkj-isv.isvjcloud.com	FALSE	/	FALSE	1612368798	LZ_TOKEN_VALUE	B0oH3vDY2bhHWuKbVaJ+XQ==
lzkj-isv.isvjcloud.com	FALSE	/	FALSE	1612368798	LZ_TOKEN_KEY	lztokenpage37a3de45fac94933b6bfce522e52b065
use wskey
token: AAFgGslGADCsw32UqPGGEUHDfsyceZjBU0QW58yleMLByjc7X0RrtMwKfX1d39EVAZbt86vmQCE
secretPin: 8tekGZ3q85Ims+F4/F7Z2vkaL5GGqMTUc8u/otw2E+a7Ak3lgFoFQlZmf45w8Jzw

02/04/21 00:03:18 848262000  1612368198
移动签到认养一头牛官方旗舰店
{
  "msg": "该活动已经结束",
  "code": "-1",
  "isOk": false
}
"该活动已经结束"
签到认养一头牛官方旗舰店完成

移动签到认养一头牛官方旗舰店查看结果
{
  "signDetail": null,
  "contiSignNum": null,
  "totalSignNum": null
}

认养一头牛官方旗舰店活动规则
{
  "actUrl": null,
  "shortUrl": null,
  "actRule": null
}
