
01/07/21 00:00:02 306627500  1609948802

zhao橙影京东自营旗舰店
{"code":200,"data":[],"class":"com.jd.interact.center.client.api.common.param.Results","success":true}
wang橙影京东自营旗舰店
{"code":200,"data":[],"class":"com.jd.interact.center.client.api.common.param.Results","success":true}
real	0m0.388s
user	0m0.000s
sys	0m0.016s

01/07/21 00:00:03 748750500  1609948803

zhao橙影京东自营旗舰店
{"msg":"对不起，你已经参加过该活动啦，去看看别的吧！","code":403030023,"class":"com.jd.interact.center.client.api.common.param.Results","success":false}
wang橙影京东自营旗舰店
{"msg":"对不起，你已经参加过该活动啦，去看看别的吧！","code":403030023,"class":"com.jd.interact.center.client.api.common.param.Results","success":false}
real	0m0.577s
user	0m0.000s
sys	0m0.016s

01/07/21 00:00:04 954319100  1609948804

zhao橙影京东自营旗舰店
{"msg":"对不起，你已经参加过该活动啦，去看看别的吧！","code":403030023,"class":"com.jd.interact.center.client.api.common.param.Results","success":false}
wang橙影京东自营旗舰店
{"msg":"对不起，你已经参加过该活动啦，去看看别的吧！","code":403030023,"class":"com.jd.interact.center.client.api.common.param.Results","success":false}
real	0m0.963s
user	0m0.000s
sys	0m0.000s

01/07/21 00:00:06 590114500  1609948806

zhao橙影京东自营旗舰店
{"msg":"对不起，你已经参加过该活动啦，去看看别的吧！","code":403030023,"class":"com.jd.interact.center.client.api.common.param.Results","success":false}
wang橙影京东自营旗舰店
{"msg":"对不起，你已经参加过该活动啦，去看看别的吧！","code":403030023,"class":"com.jd.interact.center.client.api.common.param.Results","success":false}
real	0m1.407s
user	0m0.000s
sys	0m0.000s

01/07/21 00:00:09 419325100  1609948809

zhao橙影京东自营旗舰店
{"msg":"对不起，你已经参加过该活动啦，去看看别的吧！","code":403030023,"class":"com.jd.interact.center.client.api.common.param.Results","success":false}
wang橙影京东自营旗舰店
{"msg":"对不起，你已经参加过该活动啦，去看看别的吧！","code":403030023,"class":"com.jd.interact.center.client.api.common.param.Results","success":false}
real	0m1.110s
user	0m0.000s
sys	0m0.031s

01/07/21 00:00:11 354254300  1609948811

zhao橙影京东自营旗舰店
{"msg":"对不起，你已经参加过该活动啦，去看看别的吧！","code":403030023,"class":"com.jd.interact.center.client.api.common.param.Results","success":false}
wang橙影京东自营旗舰店
{"msg":"对不起，你已经参加过该活动啦，去看看别的吧！","code":403030023,"class":"com.jd.interact.center.client.api.common.param.Results","success":false}
real	0m1.248s
user	0m0.000s
sys	0m0.047s

01/07/21 00:00:13 068503900  1609948813

zhao橙影京东自营旗舰店
{"msg":"对不起，你已经参加过该活动啦，去看看别的吧！","code":403030023,"class":"com.jd.interact.center.client.api.common.param.Results","success":false}
wang橙影京东自营旗舰店
{"msg":"对不起，你已经参加过该活动啦，去看看别的吧！","code":403030023,"class":"com.jd.interact.center.client.api.common.param.Results","success":false}
real	0m1.438s
user	0m0.000s
sys	0m0.016s

01/07/21 00:00:14 894472000  1609948814

zhao橙影京东自营旗舰店
{"msg":"对不起，你已经参加过该活动啦，去看看别的吧！","code":403030023,"class":"com.jd.interact.center.client.api.common.param.Results","success":false}
wang橙影京东自营旗舰店
{"msg":"对不起，你已经参加过该活动啦，去看看别的吧！","code":403030023,"class":"com.jd.interact.center.client.api.common.param.Results","success":false}
real	0m1.641s
user	0m0.000s
sys	0m0.047s

01/07/21 00:00:16 873873500  1609948816

zhao橙影京东自营旗舰店
{"msg":"对不起，你已经参加过该活动啦，去看看别的吧！","code":403030023,"class":"com.jd.interact.center.client.api.common.param.Results","success":false}
wang橙影京东自营旗舰店
{"msg":"对不起，你已经参加过该活动啦，去看看别的吧！","code":403030023,"class":"com.jd.interact.center.client.api.common.param.Results","success":false}
real	0m1.853s
user	0m0.000s
sys	0m0.047s

01/07/21 00:00:19 016996200  1609948819

zhao橙影京东自营旗舰店
{"msg":"对不起，你已经参加过该活动啦，去看看别的吧！","code":403030023,"class":"com.jd.interact.center.client.api.common.param.Results","success":false}
wang橙影京东自营旗舰店
{"msg":"对不起，你已经参加过该活动啦，去看看别的吧！","code":403030023,"class":"com.jd.interact.center.client.api.common.param.Results","success":false}
real	0m2.043s
user	0m0.000s
sys	0m0.047s

01/07/21 00:00:21 372718600  1609948821

zhao橙影京东自营旗舰店
{"msg":"对不起，你已经参加过该活动啦，去看看别的吧！","code":403030023,"class":"com.jd.interact.center.client.api.common.param.Results","success":false}
wang橙影京东自营旗舰店
{"msg":"对不起，你已经参加过该活动啦，去看看别的吧！","code":403030023,"class":"com.jd.interact.center.client.api.common.param.Results","success":false}
real	0m2.317s
user	0m0.000s
sys	0m0.031s

01/07/21 00:00:23 967460100  1609948823

zhao橙影京东自营旗舰店
{"msg":"对不起，你已经参加过该活动啦，去看看别的吧！","code":403030023,"class":"com.jd.interact.center.client.api.common.param.Results","success":false}
wang橙影京东自营旗舰店
{"msg":"对不起，你已经参加过该活动啦，去看看别的吧！","code":403030023,"class":"com.jd.interact.center.client.api.common.param.Results","success":false}
real	0m2.431s
user	0m0.000s
sys	0m0.047s

01/07/21 00:00:26 673114900  1609948826

zhao橙影京东自营旗舰店
{"msg":"对不起，你已经参加过该活动啦，去看看别的吧！","code":403030023,"class":"com.jd.interact.center.client.api.common.param.Results","success":false}
wang橙影京东自营旗舰店
{"msg":"对不起，你已经参加过该活动啦，去看看别的吧！","code":403030023,"class":"com.jd.interact.center.client.api.common.param.Results","success":false}
real	0m2.632s
user	0m0.000s
sys	0m0.031s

01/07/21 00:00:29 574065800  1609948829

zhao橙影京东自营旗舰店
{"msg":"对不起，你已经参加过该活动啦，去看看别的吧！","code":403030023,"class":"com.jd.interact.center.client.api.common.param.Results","success":false}
wang橙影京东自营旗舰店
{"msg":"对不起，你已经参加过该活动啦，去看看别的吧！","code":403030023,"class":"com.jd.interact.center.client.api.common.param.Results","success":false}
real	0m2.920s
user	0m0.000s
sys	0m0.031s

01/07/21 00:00:32 908289100  1609948832

zhao橙影京东自营旗舰店
{"msg":"对不起，你已经参加过该活动啦，去看看别的吧！","code":403030023,"class":"com.jd.interact.center.client.api.common.param.Results","success":false}
wang橙影京东自营旗舰店
{"msg":"对不起，你已经参加过该活动啦，去看看别的吧！","code":403030023,"class":"com.jd.interact.center.client.api.common.param.Results","success":false}
real	0m3.209s
user	0m0.000s
sys	0m0.000s

01/07/21 00:00:36 828092900  1609948836

zhao橙影京东自营旗舰店
{"msg":"对不起，你已经参加过该活动啦，去看看别的吧！","code":403030023,"class":"com.jd.interact.center.client.api.common.param.Results","success":false}
wang橙影京东自营旗舰店
{"msg":"对不起，你已经参加过该活动啦，去看看别的吧！","code":403030023,"class":"com.jd.interact.center.client.api.common.param.Results","success":false}
real	0m3.523s
user	0m0.000s
sys	0m0.016s

01/07/21 00:00:41 049492800  1609948841

zhao橙影京东自营旗舰店
{"msg":"对不起，你已经参加过该活动啦，去看看别的吧！","code":403030023,"class":"com.jd.interact.center.client.api.common.param.Results","success":false}
wang橙影京东自营旗舰店
{"msg":"对不起，你已经参加过该活动啦，去看看别的吧！","code":403030023,"class":"com.jd.interact.center.client.api.common.param.Results","success":false}
real	0m3.660s
user	0m0.000s
sys	0m0.047s

01/07/21 00:00:45 492210300  1609948845

zhao橙影京东自营旗舰店
{"msg":"对不起，你已经参加过该活动啦，去看看别的吧！","code":403030023,"class":"com.jd.interact.center.client.api.common.param.Results","success":false}
wang橙影京东自营旗舰店
{"msg":"对不起，你已经参加过该活动啦，去看看别的吧！","code":403030023,"class":"com.jd.interact.center.client.api.common.param.Results","success":false}
real	0m3.778s
user	0m0.000s
sys	0m0.016s

01/07/21 00:00:49 916153300  1609948849

zhao橙影京东自营旗舰店
{"msg":"对不起，你已经参加过该活动啦，去看看别的吧！","code":403030023,"class":"com.jd.interact.center.client.api.common.param.Results","success":false}
wang橙影京东自营旗舰店
{"msg":"对不起，你已经参加过该活动啦，去看看别的吧！","code":403030023,"class":"com.jd.interact.center.client.api.common.param.Results","success":false}
real	0m3.886s
user	0m0.000s
sys	0m0.031s

01/07/21 00:00:54 395976500  1609948854

zhao橙影京东自营旗舰店
{"msg":"对不起，你已经参加过该活动啦，去看看别的吧！","code":403030023,"class":"com.jd.interact.center.client.api.common.param.Results","success":false}
wang橙影京东自营旗舰店
{"msg":"对不起，你已经参加过该活动啦，去看看别的吧！","code":403030023,"class":"com.jd.interact.center.client.api.common.param.Results","success":false}
real	0m4.068s
user	0m0.000s
sys	0m0.063s

查看结果
{"code":200,"data":{"signRecords":[{"signTime":1609855419105,"currentDay":2,"signed":2,"class":"com.jd.interact.center.client.api.color.domain.sign.InteractActivityUserActionRecord"},{"signTime":1609933084428,"currentDay":2,"signed":2,"class":"com.jd.interact.center.client.api.color.domain.sign.InteractActivityUserActionRecord"},{"signTime":1609948802925,"currentDay":1,"signed":2,"class":"com.jd.interact.center.client.api.color.domain.sign.InteractActivityUserActionRecord"},{"signTime":1610035200000,"currentDay":3,"signed":1,"class":"com.jd.interact.center.client.api.color.domain.sign.InteractActivityUserActionRecord"},{"signTime":1610121600000,"currentDay":3,"signed":1,"class":"com.jd.interact.center.client.api.color.domain.sign.InteractActivityUserActionRecord"},{"signTime":1610208000000,"currentDay":3,"signed":1,"class":"com.jd.interact.center.client.api.color.domain.sign.InteractActivityUserActionRecord"},{"signTime":1610294400000,"currentDay":3,"signed":1,"class":"com.jd.interact.center.client.api.color.domain.sign.InteractActivityUserActionRecord"},{"signTime":1610380800000,"currentDay":3,"signed":1,"class":"com.jd.interact.center.client.api.color.domain.sign.InteractActivityUserActionRecord"},{"signTime":1610467200000,"currentDay":3,"signed":1,"class":"com.jd.interact.center.client.api.color.domain.sign.InteractActivityUserActionRecord"},{"signTime":1610553600000,"currentDay":3,"signed":1,"class":"com.jd.interact.center.client.api.color.domain.sign.InteractActivityUserActionRecord"},{"signTime":1610640000000,"currentDay":3,"signed":1,"class":"com.jd.interact.center.client.api.color.domain.sign.InteractActivityUserActionRecord"},{"signTime":1610726400000,"currentDay":3,"signed":1,"class":"com.jd.interact.center.client.api.color.domain.sign.InteractActivityUserActionRecord"},{"signTime":1610812800000,"currentDay":3,"signed":1,"class":"com.jd.interact.center.client.api.color.domain.sign.InteractActivityUserActionRecord"},{"signTime":1610899200000,"currentDay":3,"signed":1,"class":"com.jd.interact.center.client.api.color.domain.sign.InteractActivityUserActionRecord"},{"signTime":1610985600000,"currentDay":3,"signed":1,"class":"com.jd.interact.center.client.api.color.domain.sign.InteractActivityUserActionRecord"},{"signTime":1611072000000,"currentDay":3,"signed":1,"class":"com.jd.interact.center.client.api.color.domain.sign.InteractActivityUserActionRecord"},{"signTime":1611158400000,"currentDay":3,"signed":1,"class":"com.jd.interact.center.client.api.color.domain.sign.InteractActivityUserActionRecord"},{"signTime":1611244800000,"currentDay":3,"signed":1,"class":"com.jd.interact.center.client.api.color.domain.sign.InteractActivityUserActionRecord"},{"signTime":1611331200000,"currentDay":3,"signed":1,"class":"com.jd.interact.center.client.api.color.domain.sign.InteractActivityUserActionRecord"},{"signTime":1611417600000,"currentDay":3,"signed":1,"class":"com.jd.interact.center.client.api.color.domain.sign.InteractActivityUserActionRecord"},{"signTime":1611504000000,"currentDay":3,"signed":1,"class":"com.jd.interact.center.client.api.color.domain.sign.InteractActivityUserActionRecord"},{"signTime":1611590400000,"currentDay":3,"signed":1,"class":"com.jd.interact.center.client.api.color.domain.sign.InteractActivityUserActionRecord"},{"signTime":1611676800000,"currentDay":3,"signed":1,"class":"com.jd.interact.center.client.api.color.domain.sign.InteractActivityUserActionRecord"},{"signTime":1611763200000,"currentDay":3,"signed":1,"class":"com.jd.interact.center.client.api.color.domain.sign.InteractActivityUserActionRecord"},{"signTime":1611849600000,"currentDay":3,"signed":1,"class":"com.jd.interact.center.client.api.color.domain.sign.InteractActivityUserActionRecord"},{"signTime":1611936000000,"currentDay":3,"signed":1,"class":"com.jd.interact.center.client.api.color.domain.sign.InteractActivityUserActionRecord"},{"signTime":1612022400000,"currentDay":3,"signed":1,"class":"com.jd.interact.center.client.api.color.domain.sign.InteractActivityUserActionRecord"}],"days":3,"class":"com.jd.interact.center.client.api.color.domain.sign.ShopSignUserRecord"},"class":"com.jd.interact.center.client.api.common.param.Results","success":true}
查看结果
{"code":200,"data":{"signRecords":[{"signTime":1609826610439,"currentDay":2,"signed":2,"class":"com.jd.interact.center.client.api.color.domain.sign.InteractActivityUserActionRecord"},{"signTime":1609905791090,"currentDay":2,"signed":2,"class":"com.jd.interact.center.client.api.color.domain.sign.InteractActivityUserActionRecord"},{"signTime":1609948803280,"currentDay":1,"signed":2,"class":"com.jd.interact.center.client.api.color.domain.sign.InteractActivityUserActionRecord"},{"signTime":1610035200000,"currentDay":3,"signed":1,"class":"com.jd.interact.center.client.api.color.domain.sign.InteractActivityUserActionRecord"},{"signTime":1610121600000,"currentDay":3,"signed":1,"class":"com.jd.interact.center.client.api.color.domain.sign.InteractActivityUserActionRecord"},{"signTime":1610208000000,"currentDay":3,"signed":1,"class":"com.jd.interact.center.client.api.color.domain.sign.InteractActivityUserActionRecord"},{"signTime":1610294400000,"currentDay":3,"signed":1,"class":"com.jd.interact.center.client.api.color.domain.sign.InteractActivityUserActionRecord"},{"signTime":1610380800000,"currentDay":3,"signed":1,"class":"com.jd.interact.center.client.api.color.domain.sign.InteractActivityUserActionRecord"},{"signTime":1610467200000,"currentDay":3,"signed":1,"class":"com.jd.interact.center.client.api.color.domain.sign.InteractActivityUserActionRecord"},{"signTime":1610553600000,"currentDay":3,"signed":1,"class":"com.jd.interact.center.client.api.color.domain.sign.InteractActivityUserActionRecord"},{"signTime":1610640000000,"currentDay":3,"signed":1,"class":"com.jd.interact.center.client.api.color.domain.sign.InteractActivityUserActionRecord"},{"signTime":1610726400000,"currentDay":3,"signed":1,"class":"com.jd.interact.center.client.api.color.domain.sign.InteractActivityUserActionRecord"},{"signTime":1610812800000,"currentDay":3,"signed":1,"class":"com.jd.interact.center.client.api.color.domain.sign.InteractActivityUserActionRecord"},{"signTime":1610899200000,"currentDay":3,"signed":1,"class":"com.jd.interact.center.client.api.color.domain.sign.InteractActivityUserActionRecord"},{"signTime":1610985600000,"currentDay":3,"signed":1,"class":"com.jd.interact.center.client.api.color.domain.sign.InteractActivityUserActionRecord"},{"signTime":1611072000000,"currentDay":3,"signed":1,"class":"com.jd.interact.center.client.api.color.domain.sign.InteractActivityUserActionRecord"},{"signTime":1611158400000,"currentDay":3,"signed":1,"class":"com.jd.interact.center.client.api.color.domain.sign.InteractActivityUserActionRecord"},{"signTime":1611244800000,"currentDay":3,"signed":1,"class":"com.jd.interact.center.client.api.color.domain.sign.InteractActivityUserActionRecord"},{"signTime":1611331200000,"currentDay":3,"signed":1,"class":"com.jd.interact.center.client.api.color.domain.sign.InteractActivityUserActionRecord"},{"signTime":1611417600000,"currentDay":3,"signed":1,"class":"com.jd.interact.center.client.api.color.domain.sign.InteractActivityUserActionRecord"},{"signTime":1611504000000,"currentDay":3,"signed":1,"class":"com.jd.interact.center.client.api.color.domain.sign.InteractActivityUserActionRecord"},{"signTime":1611590400000,"currentDay":3,"signed":1,"class":"com.jd.interact.center.client.api.color.domain.sign.InteractActivityUserActionRecord"},{"signTime":1611676800000,"currentDay":3,"signed":1,"class":"com.jd.interact.center.client.api.color.domain.sign.InteractActivityUserActionRecord"},{"signTime":1611763200000,"currentDay":3,"signed":1,"class":"com.jd.interact.center.client.api.color.domain.sign.InteractActivityUserActionRecord"},{"signTime":1611849600000,"currentDay":3,"signed":1,"class":"com.jd.interact.center.client.api.color.domain.sign.InteractActivityUserActionRecord"},{"signTime":1611936000000,"currentDay":3,"signed":1,"class":"com.jd.interact.center.client.api.color.domain.sign.InteractActivityUserActionRecord"},{"signTime":1612022400000,"currentDay":3,"signed":1,"class":"com.jd.interact.center.client.api.color.domain.sign.InteractActivityUserActionRecord"}],"days":3,"class":"com.jd.interact.center.client.api.color.domain.sign.ShopSignUserRecord"},"class":"com.jd.interact.center.client.api.common.param.Results","success":true}