
01/07/21 00:00:02 327178700  1609948802

zhao弱水时砂
{"code":200,"data":[],"class":"com.jd.interact.center.client.api.common.param.Results","success":true}01/07/21 00:00:03 290259900  1609948803

wang弱水时砂
{"code":200,"data":[],"class":"com.jd.interact.center.client.api.common.param.Results","success":true}
real	0m0.304s
user	0m0.000s
sys	0m0.031s

01/07/21 00:00:03 972381500  1609948803

zhao弱水时砂
{"msg":"对不起，你已经参加过该活动啦，去看看别的吧！","code":403030023,"class":"com.jd.interact.center.client.api.common.param.Results","success":false}01/07/21 00:00:04 324421200  1609948804

wang弱水时砂
{"msg":"对不起，你已经参加过该活动啦，去看看别的吧！","code":403030023,"class":"com.jd.interact.center.client.api.common.param.Results","success":false}
real	0m0.538s
user	0m0.000s
sys	0m0.063s

01/07/21 00:00:05 219299000  1609948805

zhao弱水时砂
{"msg":"对不起，你已经参加过该活动啦，去看看别的吧！","code":403030023,"class":"com.jd.interact.center.client.api.common.param.Results","success":false}01/07/21 00:00:05 748300800  1609948805

wang弱水时砂
{"msg":"对不起，你已经参加过该活动啦，去看看别的吧！","code":403030023,"class":"com.jd.interact.center.client.api.common.param.Results","success":false}
real	0m1.418s
user	0m0.000s
sys	0m0.094s

01/07/21 00:00:08 115569400  1609948808

zhao弱水时砂
{"msg":"对不起，你已经参加过该活动啦，去看看别的吧！","code":403030023,"class":"com.jd.interact.center.client.api.common.param.Results","success":false}01/07/21 00:00:09 114593500  1609948809

wang弱水时砂
{"msg":"对不起，你已经参加过该活动啦，去看看别的吧！","code":403030023,"class":"com.jd.interact.center.client.api.common.param.Results","success":false}
real	0m1.055s
user	0m0.000s
sys	0m0.031s

01/07/21 00:00:10 867219400  1609948810

zhao弱水时砂
{"msg":"对不起，你已经参加过该活动啦，去看看别的吧！","code":403030023,"class":"com.jd.interact.center.client.api.common.param.Results","success":false}01/07/21 00:00:11 080168500  1609948811

wang弱水时砂
{"msg":"对不起，你已经参加过该活动啦，去看看别的吧！","code":403030023,"class":"com.jd.interact.center.client.api.common.param.Results","success":false}
real	0m1.091s
user	0m0.000s
sys	0m0.031s

01/07/21 00:00:12 377523700  1609948812

zhao弱水时砂
{"msg":"对不起，你已经参加过该活动啦，去看看别的吧！","code":403030023,"class":"com.jd.interact.center.client.api.common.param.Results","success":false}01/07/21 00:00:12 625386100  1609948812

wang弱水时砂
{"msg":"对不起，你已经参加过该活动啦，去看看别的吧！","code":403030023,"class":"com.jd.interact.center.client.api.common.param.Results","success":false}
real	0m1.277s
user	0m0.000s
sys	0m0.031s

01/07/21 00:00:14 109644000  1609948814

zhao弱水时砂
{"msg":"对不起，你已经参加过该活动啦，去看看别的吧！","code":403030023,"class":"com.jd.interact.center.client.api.common.param.Results","success":false}01/07/21 00:00:14 298044600  1609948814

wang弱水时砂
{"msg":"对不起，你已经参加过该活动啦，去看看别的吧！","code":403030023,"class":"com.jd.interact.center.client.api.common.param.Results","success":false}
real	0m1.472s
user	0m0.016s
sys	0m0.016s

01/07/21 00:00:15 951571400  1609948815

zhao弱水时砂
{"msg":"对不起，你已经参加过该活动啦，去看看别的吧！","code":403030023,"class":"com.jd.interact.center.client.api.common.param.Results","success":false}01/07/21 00:00:16 111825700  1609948816

wang弱水时砂
{"msg":"对不起，你已经参加过该活动啦，去看看别的吧！","code":403030023,"class":"com.jd.interact.center.client.api.common.param.Results","success":false}
real	0m1.645s
user	0m0.000s
sys	0m0.047s

01/07/21 00:00:17 955503200  1609948817

zhao弱水时砂
{"msg":"对不起，你已经参加过该活动啦，去看看别的吧！","code":403030023,"class":"com.jd.interact.center.client.api.common.param.Results","success":false}01/07/21 00:00:18 151705700  1609948818

wang弱水时砂
{"msg":"对不起，你已经参加过该活动啦，去看看别的吧！","code":403030023,"class":"com.jd.interact.center.client.api.common.param.Results","success":false}
real	0m1.832s
user	0m0.016s
sys	0m0.016s

01/07/21 00:00:20 149910600  1609948820

zhao弱水时砂
{"msg":"对不起，你已经参加过该活动啦，去看看别的吧！","code":403030023,"class":"com.jd.interact.center.client.api.common.param.Results","success":false}01/07/21 00:00:20 403822400  1609948820

wang弱水时砂
{"msg":"对不起，你已经参加过该活动啦，去看看别的吧！","code":403030023,"class":"com.jd.interact.center.client.api.common.param.Results","success":false}
real	0m2.092s
user	0m0.000s
sys	0m0.031s

01/07/21 00:00:22 662962300  1609948822

zhao弱水时砂
{"msg":"对不起，你已经参加过该活动啦，去看看别的吧！","code":403030023,"class":"com.jd.interact.center.client.api.common.param.Results","success":false}01/07/21 00:00:22 831780500  1609948822

wang弱水时砂
{"msg":"对不起，你已经参加过该活动啦，去看看别的吧！","code":403030023,"class":"com.jd.interact.center.client.api.common.param.Results","success":false}
real	0m2.236s
user	0m0.000s
sys	0m0.031s

01/07/21 00:00:25 234222500  1609948825

zhao弱水时砂
{"msg":"对不起，你已经参加过该活动啦，去看看别的吧！","code":403030023,"class":"com.jd.interact.center.client.api.common.param.Results","success":false}01/07/21 00:00:25 395542100  1609948825

wang弱水时砂
{"msg":"对不起，你已经参加过该活动啦，去看看别的吧！","code":403030023,"class":"com.jd.interact.center.client.api.common.param.Results","success":false}
real	0m2.468s
user	0m0.000s
sys	0m0.047s

01/07/21 00:00:28 045961900  1609948828

zhao弱水时砂
{"msg":"对不起，你已经参加过该活动啦，去看看别的吧！","code":403030023,"class":"com.jd.interact.center.client.api.common.param.Results","success":false}01/07/21 00:00:28 221495200  1609948828

wang弱水时砂
{"msg":"对不起，你已经参加过该活动啦，去看看别的吧！","code":403030023,"class":"com.jd.interact.center.client.api.common.param.Results","success":false}
real	0m2.640s
user	0m0.000s
sys	0m0.031s

01/07/21 00:00:31 031701500  1609948831

zhao弱水时砂
{"msg":"对不起，你已经参加过该活动啦，去看看别的吧！","code":403030023,"class":"com.jd.interact.center.client.api.common.param.Results","success":false}01/07/21 00:00:31 440196800  1609948831

wang弱水时砂
{"msg":"对不起，你已经参加过该活动啦，去看看别的吧！","code":403030023,"class":"com.jd.interact.center.client.api.common.param.Results","success":false}
real	0m3.011s
user	0m0.000s
sys	0m0.063s

01/07/21 00:00:36 128611400  1609948836

zhao弱水时砂
{"msg":"对不起，你已经参加过该活动啦，去看看别的吧！","code":403030023,"class":"com.jd.interact.center.client.api.common.param.Results","success":false}01/07/21 00:00:36 573730700  1609948836

wang弱水时砂
{"msg":"对不起，你已经参加过该活动啦，去看看别的吧！","code":403030023,"class":"com.jd.interact.center.client.api.common.param.Results","success":false}
real	0m3.225s
user	0m0.000s
sys	0m0.047s

01/07/21 00:00:40 280085500  1609948840

zhao弱水时砂
{"msg":"对不起，你已经参加过该活动啦，去看看别的吧！","code":403030023,"class":"com.jd.interact.center.client.api.common.param.Results","success":false}01/07/21 00:00:40 604871800  1609948840

wang弱水时砂
{"msg":"对不起，你已经参加过该活动啦，去看看别的吧！","code":403030023,"class":"com.jd.interact.center.client.api.common.param.Results","success":false}
real	0m3.396s
user	0m0.000s
sys	0m0.063s

01/07/21 00:00:44 360463300  1609948844

zhao弱水时砂
{"msg":"对不起，你已经参加过该活动啦，去看看别的吧！","code":403030023,"class":"com.jd.interact.center.client.api.common.param.Results","success":false}01/07/21 00:00:44 579441400  1609948844

wang弱水时砂
{"msg":"对不起，你已经参加过该活动啦，去看看别的吧！","code":403030023,"class":"com.jd.interact.center.client.api.common.param.Results","success":false}
real	0m3.607s
user	0m0.000s
sys	0m0.047s

01/07/21 00:00:48 471174100  1609948848

zhao弱水时砂
{"msg":"对不起，你已经参加过该活动啦，去看看别的吧！","code":403030023,"class":"com.jd.interact.center.client.api.common.param.Results","success":false}01/07/21 00:00:48 873830400  1609948848

wang弱水时砂
{"msg":"对不起，你已经参加过该活动啦，去看看别的吧！","code":403030023,"class":"com.jd.interact.center.client.api.common.param.Results","success":false}
real	0m3.733s
user	0m0.000s
sys	0m0.016s

01/07/21 00:00:52 915063300  1609948852

zhao弱水时砂
{"msg":"对不起，你已经参加过该活动啦，去看看别的吧！","code":403030023,"class":"com.jd.interact.center.client.api.common.param.Results","success":false}01/07/21 00:00:53 182365600  1609948853

wang弱水时砂
{"msg":"对不起，你已经参加过该活动啦，去看看别的吧！","code":403030023,"class":"com.jd.interact.center.client.api.common.param.Results","success":false}
real	0m3.811s
user	0m0.000s
sys	0m0.031s

01/07/21 00:00:57 203801100  1609948857

zhao弱水时砂
{"msg":"对不起，你已经参加过该活动啦，去看看别的吧！","code":403030023,"class":"com.jd.interact.center.client.api.common.param.Results","success":false}01/07/21 00:00:57 347991200  1609948857

wang弱水时砂
{"msg":"对不起，你已经参加过该活动啦，去看看别的吧！","code":403030023,"class":"com.jd.interact.center.client.api.common.param.Results","success":false}
real	0m4.052s
user	0m0.000s
sys	0m0.047s

查看结果
{"code":200,"data":{"signRecords":[{"signTime":1609430400000,"currentDay":2,"signed":1,"class":"com.jd.interact.center.client.api.color.domain.sign.InteractActivityUserActionRecord"},{"signTime":1609516800000,"currentDay":2,"signed":1,"class":"com.jd.interact.center.client.api.color.domain.sign.InteractActivityUserActionRecord"},{"signTime":1609603200000,"currentDay":2,"signed":1,"class":"com.jd.interact.center.client.api.color.domain.sign.InteractActivityUserActionRecord"},{"signTime":1609689600000,"currentDay":2,"signed":1,"class":"com.jd.interact.center.client.api.color.domain.sign.InteractActivityUserActionRecord"},{"signTime":1609858675794,"currentDay":2,"signed":2,"class":"com.jd.interact.center.client.api.color.domain.sign.InteractActivityUserActionRecord"},{"signTime":1609937043794,"currentDay":2,"signed":2,"class":"com.jd.interact.center.client.api.color.domain.sign.InteractActivityUserActionRecord"},{"signTime":1609948803209,"currentDay":1,"signed":2,"class":"com.jd.interact.center.client.api.color.domain.sign.InteractActivityUserActionRecord"},{"signTime":1610035200000,"currentDay":3,"signed":1,"class":"com.jd.interact.center.client.api.color.domain.sign.InteractActivityUserActionRecord"},{"signTime":1610121600000,"currentDay":3,"signed":1,"class":"com.jd.interact.center.client.api.color.domain.sign.InteractActivityUserActionRecord"},{"signTime":1610208000000,"currentDay":3,"signed":1,"class":"com.jd.interact.center.client.api.color.domain.sign.InteractActivityUserActionRecord"},{"signTime":1610294400000,"currentDay":3,"signed":1,"class":"com.jd.interact.center.client.api.color.domain.sign.InteractActivityUserActionRecord"},{"signTime":1610380800000,"currentDay":3,"signed":1,"class":"com.jd.interact.center.client.api.color.domain.sign.InteractActivityUserActionRecord"},{"signTime":1610467200000,"currentDay":3,"signed":1,"class":"com.jd.interact.center.client.api.color.domain.sign.InteractActivityUserActionRecord"},{"signTime":1610553600000,"currentDay":3,"signed":1,"class":"com.jd.interact.center.client.api.color.domain.sign.InteractActivityUserActionRecord"},{"signTime":1610640000000,"currentDay":3,"signed":1,"class":"com.jd.interact.center.client.api.color.domain.sign.InteractActivityUserActionRecord"},{"signTime":1610726400000,"currentDay":3,"signed":1,"class":"com.jd.interact.center.client.api.color.domain.sign.InteractActivityUserActionRecord"},{"signTime":1610812800000,"currentDay":3,"signed":1,"class":"com.jd.interact.center.client.api.color.domain.sign.InteractActivityUserActionRecord"},{"signTime":1610899200000,"currentDay":3,"signed":1,"class":"com.jd.interact.center.client.api.color.domain.sign.InteractActivityUserActionRecord"},{"signTime":1610985600000,"currentDay":3,"signed":1,"class":"com.jd.interact.center.client.api.color.domain.sign.InteractActivityUserActionRecord"},{"signTime":1611072000000,"currentDay":3,"signed":1,"class":"com.jd.interact.center.client.api.color.domain.sign.InteractActivityUserActionRecord"},{"signTime":1611158400000,"currentDay":3,"signed":1,"class":"com.jd.interact.center.client.api.color.domain.sign.InteractActivityUserActionRecord"},{"signTime":1611244800000,"currentDay":3,"signed":1,"class":"com.jd.interact.center.client.api.color.domain.sign.InteractActivityUserActionRecord"},{"signTime":1611331200000,"currentDay":3,"signed":1,"class":"com.jd.interact.center.client.api.color.domain.sign.InteractActivityUserActionRecord"},{"signTime":1611417600000,"currentDay":3,"signed":1,"class":"com.jd.interact.center.client.api.color.domain.sign.InteractActivityUserActionRecord"},{"signTime":1611504000000,"currentDay":3,"signed":1,"class":"com.jd.interact.center.client.api.color.domain.sign.InteractActivityUserActionRecord"},{"signTime":1611590400000,"currentDay":3,"signed":1,"class":"com.jd.interact.center.client.api.color.domain.sign.InteractActivityUserActionRecord"},{"signTime":1611676800000,"currentDay":3,"signed":1,"class":"com.jd.interact.center.client.api.color.domain.sign.InteractActivityUserActionRecord"},{"signTime":1611763200000,"currentDay":3,"signed":1,"class":"com.jd.interact.center.client.api.color.domain.sign.InteractActivityUserActionRecord"},{"signTime":1611849600000,"currentDay":3,"signed":1,"class":"com.jd.interact.center.client.api.color.domain.sign.InteractActivityUserActionRecord"},{"signTime":1611936000000,"currentDay":3,"signed":1,"class":"com.jd.interact.center.client.api.color.domain.sign.InteractActivityUserActionRecord"}],"days":3,"class":"com.jd.interact.center.client.api.color.domain.sign.ShopSignUserRecord"},"class":"com.jd.interact.center.client.api.common.param.Results","success":true}
查看结果
{"code":200,"data":{"signRecords":[{"currentDay":2,"signTime":1609430400000,"signed":1,"class":"com.jd.interact.center.client.api.color.domain.sign.InteractActivityUserActionRecord"},{"currentDay":2,"signTime":1609516800000,"signed":1,"class":"com.jd.interact.center.client.api.color.domain.sign.InteractActivityUserActionRecord"},{"currentDay":2,"signTime":1609603200000,"signed":1,"class":"com.jd.interact.center.client.api.color.domain.sign.InteractActivityUserActionRecord"},{"currentDay":2,"signTime":1609689600000,"signed":1,"class":"com.jd.interact.center.client.api.color.domain.sign.InteractActivityUserActionRecord"},{"currentDay":2,"signTime":1609858675794,"signed":2,"class":"com.jd.interact.center.client.api.color.domain.sign.InteractActivityUserActionRecord"},{"currentDay":2,"signTime":1609937043794,"signed":2,"class":"com.jd.interact.center.client.api.color.domain.sign.InteractActivityUserActionRecord"},{"currentDay":1,"signTime":1609948803209,"signed":2,"class":"com.jd.interact.center.client.api.color.domain.sign.InteractActivityUserActionRecord"},{"currentDay":3,"signTime":1610035200000,"signed":1,"class":"com.jd.interact.center.client.api.color.domain.sign.InteractActivityUserActionRecord"},{"currentDay":3,"signTime":1610121600000,"signed":1,"class":"com.jd.interact.center.client.api.color.domain.sign.InteractActivityUserActionRecord"},{"currentDay":3,"signTime":1610208000000,"signed":1,"class":"com.jd.interact.center.client.api.color.domain.sign.InteractActivityUserActionRecord"},{"currentDay":3,"signTime":1610294400000,"signed":1,"class":"com.jd.interact.center.client.api.color.domain.sign.InteractActivityUserActionRecord"},{"currentDay":3,"signTime":1610380800000,"signed":1,"class":"com.jd.interact.center.client.api.color.domain.sign.InteractActivityUserActionRecord"},{"currentDay":3,"signTime":1610467200000,"signed":1,"class":"com.jd.interact.center.client.api.color.domain.sign.InteractActivityUserActionRecord"},{"currentDay":3,"signTime":1610553600000,"signed":1,"class":"com.jd.interact.center.client.api.color.domain.sign.InteractActivityUserActionRecord"},{"currentDay":3,"signTime":1610640000000,"signed":1,"class":"com.jd.interact.center.client.api.color.domain.sign.InteractActivityUserActionRecord"},{"currentDay":3,"signTime":1610726400000,"signed":1,"class":"com.jd.interact.center.client.api.color.domain.sign.InteractActivityUserActionRecord"},{"currentDay":3,"signTime":1610812800000,"signed":1,"class":"com.jd.interact.center.client.api.color.domain.sign.InteractActivityUserActionRecord"},{"currentDay":3,"signTime":1610899200000,"signed":1,"class":"com.jd.interact.center.client.api.color.domain.sign.InteractActivityUserActionRecord"},{"currentDay":3,"signTime":1610985600000,"signed":1,"class":"com.jd.interact.center.client.api.color.domain.sign.InteractActivityUserActionRecord"},{"currentDay":3,"signTime":1611072000000,"signed":1,"class":"com.jd.interact.center.client.api.color.domain.sign.InteractActivityUserActionRecord"},{"currentDay":3,"signTime":1611158400000,"signed":1,"class":"com.jd.interact.center.client.api.color.domain.sign.InteractActivityUserActionRecord"},{"currentDay":3,"signTime":1611244800000,"signed":1,"class":"com.jd.interact.center.client.api.color.domain.sign.InteractActivityUserActionRecord"},{"currentDay":3,"signTime":1611331200000,"signed":1,"class":"com.jd.interact.center.client.api.color.domain.sign.InteractActivityUserActionRecord"},{"currentDay":3,"signTime":1611417600000,"signed":1,"class":"com.jd.interact.center.client.api.color.domain.sign.InteractActivityUserActionRecord"},{"currentDay":3,"signTime":1611504000000,"signed":1,"class":"com.jd.interact.center.client.api.color.domain.sign.InteractActivityUserActionRecord"},{"currentDay":3,"signTime":1611590400000,"signed":1,"class":"com.jd.interact.center.client.api.color.domain.sign.InteractActivityUserActionRecord"},{"currentDay":3,"signTime":1611676800000,"signed":1,"class":"com.jd.interact.center.client.api.color.domain.sign.InteractActivityUserActionRecord"},{"currentDay":3,"signTime":1611763200000,"signed":1,"class":"com.jd.interact.center.client.api.color.domain.sign.InteractActivityUserActionRecord"},{"currentDay":3,"signTime":1611849600000,"signed":1,"class":"com.jd.interact.center.client.api.color.domain.sign.InteractActivityUserActionRecord"},{"currentDay":3,"signTime":1611936000000,"signed":1,"class":"com.jd.interact.center.client.api.color.domain.sign.InteractActivityUserActionRecord"}],"days":3,"class":"com.jd.interact.center.client.api.color.domain.sign.ShopSignUserRecord"},"class":"com.jd.interact.center.client.api.common.param.Results","success":true}