03/13/21 00:02:01 619806300  1615564921
RANDOM_num: 25
removed '/tmp/tmp.T97RffFbL6'
03/13/21 00:02:02 335238800  1615564922 检查移动签到

real	0m0.626s
user	0m0.016s
sys	0m0.125s
[WARN] get LZ_TOKEN error
03/13/21 00:02:03 884652900  1615564923
use wskey

real	0m0.819s
user	0m0.063s
sys	0m0.125s
03/13/21 00:02:05 129774300  1615564925 token: AAFgS5B7ADBZNBekgZ9YXepkJ6Oc6BlMI0nOP3SqQfTbYRfrHI_L7b4gbaTH59aY2sgbTnMcx4s

real	0m0.821s
user	0m0.063s
sys	0m0.125s
parse error: Invalid numeric literal at line 1, column 10
03/13/21 00:02:07 842465300  1615564927 secretPin: 
[WARN] get secretPin error

03/13/21 00:02:08 277377600  1615564928 移动签到安我（AND ALL）健康京东自营旗舰店

real	0m1.124s
user	0m0.047s
sys	0m0.109s
parse error: Invalid numeric literal at line 1, column 10
parse error: Invalid numeric literal at line 1, column 10
parse error: Invalid numeric literal at line 1, column 10
parse error: Invalid numeric literal at line 1, column 10
parse error: Invalid numeric literal at line 1, column 10
03/13/21 00:02:14 463973200 1615564934

real	0m1.003s
user	0m0.000s
sys	0m0.031s

real	0m1.342s
user	0m0.031s
sys	0m0.109s
[WARN] get LZ_TOKEN error
03/13/21 00:02:18 371660700  1615564938
use wskey

real	0m1.689s
user	0m0.109s
sys	0m0.125s
03/13/21 00:02:20 444214100  1615564940 token: AAFgS5CKADA8CZSXuqtmJ4-2HYYVyeDqstcaQunDVj2_p2PlsqCaVH0zqH_snzQHoZZcNwom8UQ

real	0m1.261s
user	0m0.031s
sys	0m0.094s
parse error: Invalid numeric literal at line 1, column 10
03/13/21 00:02:23 779684200  1615564943 secretPin: 
[WARN] get secretPin error

03/13/21 00:02:24 176307100  1615564944 移动签到安我（AND ALL）健康京东自营旗舰店

real	0m1.147s
user	0m0.016s
sys	0m0.109s
parse error: Invalid numeric literal at line 1, column 10
parse error: Invalid numeric literal at line 1, column 10
parse error: Invalid numeric literal at line 1, column 10
parse error: Invalid numeric literal at line 1, column 10
parse error: Invalid numeric literal at line 1, column 10
03/13/21 00:02:31 754043500 1615564951

real	0m1.656s
user	0m0.000s
sys	0m0.047s

real	0m1.616s
user	0m0.031s
sys	0m0.063s
[WARN] get LZ_TOKEN error
03/13/21 00:02:36 609471900  1615564956
use wskey

real	0m1.938s
user	0m0.109s
sys	0m0.109s
03/13/21 00:02:38 959414300  1615564958 token: AAFgS5CdADAzKcfndsgWxaLLgyBZJwxsN5ZXDdmte8VlO4lqHZ1PBWzdKTKhporvrdT9XEFlNsA

real	0m0.730s
user	0m0.094s
sys	0m0.063s
parse error: Invalid numeric literal at line 1, column 10
03/13/21 00:02:41 158206900  1615564961 secretPin: 
[WARN] get secretPin error

03/13/21 00:02:41 501147400  1615564961 移动签到安我（AND ALL）健康京东自营旗舰店

real	0m1.911s
user	0m0.000s
sys	0m0.109s
parse error: Invalid numeric literal at line 1, column 10
parse error: Invalid numeric literal at line 1, column 10
parse error: Invalid numeric literal at line 1, column 10
parse error: Invalid numeric literal at line 1, column 10
parse error: Invalid numeric literal at line 1, column 10
03/13/21 00:02:48 408540300 1615564968

real	0m1.334s
user	0m0.000s
sys	0m0.078s

real	0m1.251s
user	0m0.063s
sys	0m0.078s
[WARN] get LZ_TOKEN error
03/13/21 00:02:51 945242200  1615564971
use wskey

real	0m0.927s
user	0m0.094s
sys	0m0.109s
03/13/21 00:02:53 120663400  1615564973 token: AAFgS5CrADBd-X73k4uFJiTUjtMd3enXMDuKeriDtuDS0_7Jm3Z21ln2fsr9ODq_Zw2MldvV5Qs

real	0m0.607s
user	0m0.016s
sys	0m0.078s
parse error: Invalid numeric literal at line 1, column 10
03/13/21 00:02:55 228070800  1615564975 secretPin: 
[WARN] get secretPin error

03/13/21 00:02:55 464146000  1615564975 移动签到安我（AND ALL）健康京东自营旗舰店

real	0m1.405s
user	0m0.016s
sys	0m0.094s
parse error: Invalid numeric literal at line 1, column 10
parse error: Invalid numeric literal at line 1, column 10
parse error: Invalid numeric literal at line 1, column 10
parse error: Invalid numeric literal at line 1, column 10
parse error: Invalid numeric literal at line 1, column 10
03/13/21 00:03:03 669263800 1615564983

real	0m1.554s
user	0m0.000s
sys	0m0.094s

real	0m1.002s
user	0m0.031s
sys	0m0.109s
[WARN] get LZ_TOKEN error
03/13/21 00:03:07 454616300  1615564987
use wskey

real	0m1.217s
user	0m0.141s
sys	0m0.109s
03/13/21 00:03:09 041531000  1615564989 token: AAFgS5C7ADDFD_8zdiPhpvZIS8DNeuzVVwoySC1Pw8fayDi9Obxa9WZmQOoD9yn64YGtjQNetzI

real	0m1.459s
user	0m0.031s
sys	0m0.109s
parse error: Invalid numeric literal at line 1, column 10
03/13/21 00:03:11 933787400  1615564991 secretPin: 
[WARN] get secretPin error

03/13/21 00:03:12 330384100  1615564992 移动签到安我（AND ALL）健康京东自营旗舰店

real	0m1.450s
user	0m0.016s
sys	0m0.094s
parse error: Invalid numeric literal at line 1, column 10
parse error: Invalid numeric literal at line 1, column 10
parse error: Invalid numeric literal at line 1, column 10
parse error: Invalid numeric literal at line 1, column 10
parse error: Invalid numeric literal at line 1, column 10
03/13/21 00:03:20 253093300 1615565000

real	0m1.871s
user	0m0.000s
sys	0m0.031s

real	0m1.266s
user	0m0.031s
sys	0m0.078s
[WARN] get LZ_TOKEN error
03/13/21 00:03:24 374747100  1615565004
use wskey

real	0m1.495s
user	0m0.109s
sys	0m0.141s
03/13/21 00:03:26 285246600  1615565006 token: AAFgS5DMADBhmL6PxhVIaEzJKu3bCWkWt9oNpxntfh7A_XWxrexe0SlcIZUr6SRSL8trRl0QUJA

real	0m1.153s
user	0m0.047s
sys	0m0.078s
parse error: Invalid numeric literal at line 1, column 10
03/13/21 00:03:29 381287700  1615565009 secretPin: 
[WARN] get secretPin error

03/13/21 00:03:29 756822500  1615565009 移动签到安我（AND ALL）健康京东自营旗舰店

real	0m1.448s
user	0m0.031s
sys	0m0.109s
parse error: Invalid numeric literal at line 1, column 10
parse error: Invalid numeric literal at line 1, column 10
parse error: Invalid numeric literal at line 1, column 10
parse error: Invalid numeric literal at line 1, column 10
parse error: Invalid numeric literal at line 1, column 10
03/13/21 00:03:36 451551900 1615565016

real	0m2.107s
user	0m0.000s
sys	0m0.016s

real	0m1.456s
user	0m0.031s
sys	0m0.094s
[WARN] get LZ_TOKEN error
03/13/21 00:03:41 100578900  1615565021
use wskey

real	0m1.528s
user	0m0.094s
sys	0m0.094s
03/13/21 00:03:43 072946800  1615565023 token: AAFgS5DdADCp5oCuhcCefPrve-f0gWnIXSyIIXSXYm6GXcYBMuzwUVlOkj_92uEDzpHTRkvEp2Y

real	0m1.540s
user	0m0.031s
sys	0m0.125s
parse error: Invalid numeric literal at line 1, column 10
03/13/21 00:03:46 393019700  1615565026 secretPin: 
[WARN] get secretPin error

03/13/21 00:03:46 598282500  1615565026 移动签到安我（AND ALL）健康京东自营旗舰店

real	0m1.126s
user	0m0.031s
sys	0m0.094s
parse error: Invalid numeric literal at line 1, column 10
parse error: Invalid numeric literal at line 1, column 10
parse error: Invalid numeric literal at line 1, column 10
parse error: Invalid numeric literal at line 1, column 10
parse error: Invalid numeric literal at line 1, column 10
03/13/21 00:03:51 771278100 1615565031

real	0m2.501s
user	0m0.000s
sys	0m0.047s

real	0m1.352s
user	0m0.047s
sys	0m0.125s
[WARN] get LZ_TOKEN error
03/13/21 00:03:56 436583900  1615565036
use wskey

real	0m1.399s
user	0m0.094s
sys	0m0.094s
03/13/21 00:03:58 086306000  1615565038 token: AAFgS5DsADCa8AAIBQdsG9zKFIBo9DkFDK2qljUQam0YNSylQKEkKSJEBhSP-EAHTizn3Tw5ijQ

real	0m0.873s
user	0m0.063s
sys	0m0.109s
parse error: Invalid numeric literal at line 1, column 10
03/13/21 00:04:00 257998600  1615565040 secretPin: 
[WARN] get secretPin error

03/13/21 00:04:00 632059700  1615565040 移动签到安我（AND ALL）健康京东自营旗舰店

real	0m0.963s
user	0m0.031s
sys	0m0.141s
parse error: Invalid numeric literal at line 1, column 10
parse error: Invalid numeric literal at line 1, column 10
parse error: Invalid numeric literal at line 1, column 10
parse error: Invalid numeric literal at line 1, column 10
parse error: Invalid numeric literal at line 1, column 10
03/13/21 00:04:07 385892700 1615565047

real	0m2.151s
user	0m0.000s
sys	0m0.063s

real	0m1.125s
user	0m0.031s
sys	0m0.078s
[WARN] get LZ_TOKEN error
03/13/21 00:04:12 039858900  1615565052
use wskey

real	0m1.637s
user	0m0.094s
sys	0m0.141s
03/13/21 00:04:14 237641400  1615565054 token: AAFgS5D8ADC-5oVAT3wtK9ccNRKxBSz7cqV6fnSemcN5JOLJS2VL6RrHe8KdqsJlTdtMMTqVEOI

real	0m1.214s
user	0m0.016s
sys	0m0.094s
parse error: Invalid numeric literal at line 1, column 10
03/13/21 00:04:17 229172500  1615565057 secretPin: 
[WARN] get secretPin error

03/13/21 00:04:17 622510900  1615565057 移动签到安我（AND ALL）健康京东自营旗舰店

real	0m2.723s
user	0m0.016s
sys	0m0.156s
parse error: Invalid numeric literal at line 1, column 10
parse error: Invalid numeric literal at line 1, column 10
parse error: Invalid numeric literal at line 1, column 10
parse error: Invalid numeric literal at line 1, column 10
parse error: Invalid numeric literal at line 1, column 10
03/13/21 00:04:25 539321900 1615565065

real	0m2.909s
user	0m0.000s
sys	0m0.047s

real	0m1.110s
user	0m0.031s
sys	0m0.078s
[WARN] get LZ_TOKEN error
03/13/21 00:04:30 701574900  1615565070
use wskey

real	0m1.433s
user	0m0.141s
sys	0m0.109s
03/13/21 00:04:32 692314800  1615565072 token: AAFgS5EPADCmazZ5XDx90t7FF52UdtbFkDPjrm1MQf7b9kBE-rHHhGN23j3yJfr0RJVanrVSJKs

real	0m0.964s
user	0m0.047s
sys	0m0.094s
parse error: Invalid numeric literal at line 1, column 10
03/13/21 00:04:35 126023600  1615565075 secretPin: 
[WARN] get secretPin error

03/13/21 00:04:35 370705400  1615565075 移动签到安我（AND ALL）健康京东自营旗舰店

real	0m0.802s
user	0m0.031s
sys	0m0.063s
parse error: Invalid numeric literal at line 1, column 10
parse error: Invalid numeric literal at line 1, column 10
parse error: Invalid numeric literal at line 1, column 10
parse error: Invalid numeric literal at line 1, column 10
parse error: Invalid numeric literal at line 1, column 10
03/13/21 00:04:41 577104600 1615565081

real	0m2.814s
user	0m0.000s
sys	0m0.078s

real	0m1.615s
user	0m0.031s
sys	0m0.109s
[WARN] get LZ_TOKEN error
03/13/21 00:04:46 478453700  1615565086
use wskey

real	0m1.378s
user	0m0.094s
sys	0m0.063s
03/13/21 00:04:48 587400500  1615565088 token: AAFgS5EeADB8-4SPMXspUwuYnBNdibiEHLoEdoF1eh9vEn7QHhZ5WCie9jG_grh-eL3HCwBz35E

real	0m1.022s
user	0m0.000s
sys	0m0.109s
parse error: Invalid numeric literal at line 1, column 10
03/13/21 00:04:51 839401000  1615565091 secretPin: 
[WARN] get secretPin error

03/13/21 00:04:52 108934400  1615565092 移动签到安我（AND ALL）健康京东自营旗舰店

real	0m1.321s
user	0m0.031s
sys	0m0.141s
parse error: Invalid numeric literal at line 1, column 10
parse error: Invalid numeric literal at line 1, column 10
parse error: Invalid numeric literal at line 1, column 10
parse error: Invalid numeric literal at line 1, column 10
parse error: Invalid numeric literal at line 1, column 10
03/13/21 00:04:59 389850300 1615565099

real	0m3.028s
user	0m0.000s
sys	0m0.031s

real	0m1.597s
user	0m0.031s
sys	0m0.109s
[WARN] get LZ_TOKEN error
03/13/21 00:05:05 217793500  1615565105
use wskey

real	0m1.201s
user	0m0.125s
sys	0m0.125s
03/13/21 00:05:06 728896700  1615565106 token: AAFgS5ExADAeqq_Tz3XjIbk9dImKG810c1OSgOQjIRwZvsxss8VBFBFxfFzHed8fglpUmPMRXYs

real	0m1.093s
user	0m0.047s
sys	0m0.063s
parse error: Invalid numeric literal at line 1, column 10
03/13/21 00:05:09 395349000  1615565109 secretPin: 
[WARN] get secretPin error

03/13/21 00:05:09 906321900  1615565109 移动签到安我（AND ALL）健康京东自营旗舰店

real	0m1.128s
user	0m0.031s
sys	0m0.125s
parse error: Invalid numeric literal at line 1, column 10
parse error: Invalid numeric literal at line 1, column 10
parse error: Invalid numeric literal at line 1, column 10
parse error: Invalid numeric literal at line 1, column 10
parse error: Invalid numeric literal at line 1, column 10
03/13/21 00:05:16 456973100 1615565116

real	0m3.142s
user	0m0.000s
sys	0m0.031s

real	0m1.452s
user	0m0.000s
sys	0m0.125s
[WARN] get LZ_TOKEN error
03/13/21 00:05:21 873227700  1615565121
use wskey

real	0m1.535s
user	0m0.094s
sys	0m0.125s
03/13/21 00:05:23 935945800  1615565123 token: AAFgS5FCADCPWp4jYvVdyDFlh-2GoSIz834eh_M1ZCDQK1twUW1pzmV4hGPTdzsKJPg_RXjnXF0

real	0m1.170s
user	0m0.031s
sys	0m0.078s
parse error: Invalid numeric literal at line 1, column 10
03/13/21 00:05:26 528349700  1615565126 secretPin: 
[WARN] get secretPin error

03/13/21 00:05:26 763812700  1615565126 移动签到安我（AND ALL）健康京东自营旗舰店

real	0m1.514s
user	0m0.016s
sys	0m0.141s
parse error: Invalid numeric literal at line 1, column 10
parse error: Invalid numeric literal at line 1, column 10
parse error: Invalid numeric literal at line 1, column 10
parse error: Invalid numeric literal at line 1, column 10
parse error: Invalid numeric literal at line 1, column 10
03/13/21 00:05:33 161441700 1615565133

real	0m3.191s
user	0m0.000s
sys	0m0.031s

real	0m1.513s
user	0m0.031s
sys	0m0.094s
[WARN] get LZ_TOKEN error
03/13/21 00:05:38 475536100  1615565138
use wskey

real	0m1.316s
user	0m0.094s
sys	0m0.172s
03/13/21 00:05:40 184068300  1615565140 token: AAFgS5FSADAvIFiF25MkZQ5cacSaw9C01i0Utv2RijR6vUaF8Vw71YKBAB3Te3SDPEwA6PqFrLI

real	0m1.140s
user	0m0.047s
sys	0m0.063s
parse error: Invalid numeric literal at line 1, column 10
03/13/21 00:05:42 857549200  1615565142 secretPin: 
[WARN] get secretPin error

03/13/21 00:05:43 139418800  1615565143 移动签到安我（AND ALL）健康京东自营旗舰店

real	0m1.123s
user	0m0.031s
sys	0m0.094s
parse error: Invalid numeric literal at line 1, column 10
parse error: Invalid numeric literal at line 1, column 10
parse error: Invalid numeric literal at line 1, column 10
parse error: Invalid numeric literal at line 1, column 10
parse error: Invalid numeric literal at line 1, column 10
03/13/21 00:05:48 251544100 1615565148

real	0m3.229s
user	0m0.000s
sys	0m0.031s

real	0m1.152s
user	0m0.047s
sys	0m0.078s
[WARN] get LZ_TOKEN error
03/13/21 00:05:53 531578700  1615565153
use wskey

real	0m1.315s
user	0m0.078s
sys	0m0.141s
03/13/21 00:05:55 405011500  1615565155 token: AAFgS5FhADCcIdVaS59l9fCl6gD7quz4lGgSwrfO8UaotWpVSYRBpgXt9javHK5vMsFlBeqQVoY

real	0m0.802s
user	0m0.031s
sys	0m0.109s
parse error: Invalid numeric literal at line 1, column 10
03/13/21 00:05:57 583617700  1615565157 secretPin: 
[WARN] get secretPin error

03/13/21 00:05:57 758382400  1615565157 移动签到安我（AND ALL）健康京东自营旗舰店

real	0m0.540s
user	0m0.000s
sys	0m0.156s
parse error: Invalid numeric literal at line 1, column 10
parse error: Invalid numeric literal at line 1, column 10
parse error: Invalid numeric literal at line 1, column 10
parse error: Invalid numeric literal at line 1, column 10
parse error: Invalid numeric literal at line 1, column 10
03/13/21 00:06:03 415021600 1615565163

real	0m3.875s
user	0m0.000s
sys	0m0.047s

real	0m1.078s
user	0m0.031s
sys	0m0.109s
[WARN] get LZ_TOKEN error
03/13/21 00:06:08 965870900  1615565168
use wskey

real	0m1.211s
user	0m0.094s
sys	0m0.156s
03/13/21 00:06:10 443528700  1615565170 token: AAFgS5FwADAKIVxKCA10z7S_00jhnJHNNpd7KRhgmX4CB7IwY1ySzHJMbuVSWlgWt_GT7y75FjM

real	0m0.877s
user	0m0.063s
sys	0m0.109s
parse error: Invalid numeric literal at line 1, column 10
03/13/21 00:06:12 900506500  1615565172 secretPin: 
[WARN] get secretPin error

03/13/21 00:06:13 183828200  1615565173 移动签到安我（AND ALL）健康京东自营旗舰店

real	0m1.228s
user	0m0.016s
sys	0m0.094s
parse error: Invalid numeric literal at line 1, column 10
parse error: Invalid numeric literal at line 1, column 10
parse error: Invalid numeric literal at line 1, column 10
parse error: Invalid numeric literal at line 1, column 10
parse error: Invalid numeric literal at line 1, column 10
03/13/21 00:06:19 042406100 1615565179

real	0m3.889s
user	0m0.000s
sys	0m0.047s

real	0m1.021s
user	0m0.000s
sys	0m0.094s
[WARN] get LZ_TOKEN error
03/13/21 00:06:25 044209300  1615565185
use wskey

real	0m1.413s
user	0m0.125s
sys	0m0.156s
03/13/21 00:06:26 835881000  1615565186 token: AAFgS5GBADCctS5sJCwCE7UjrR85ik_uDo5BtVkRoBkwn6qMFOMZlrexrp829ncZMbzKyucTT4g

real	0m1.011s
user	0m0.016s
sys	0m0.141s
parse error: Invalid numeric literal at line 1, column 10
03/13/21 00:06:28 836922900  1615565188 secretPin: 
[WARN] get secretPin error

03/13/21 00:06:29 577615200  1615565189 移动签到安我（AND ALL）健康京东自营旗舰店

real	0m1.131s
user	0m0.016s
sys	0m0.109s
parse error: Invalid numeric literal at line 1, column 10
parse error: Invalid numeric literal at line 1, column 10
parse error: Invalid numeric literal at line 1, column 10
parse error: Invalid numeric literal at line 1, column 10
parse error: Invalid numeric literal at line 1, column 10
03/13/21 00:06:34 985671300 1615565194

real	0m4.146s
user	0m0.000s
sys	0m0.047s

real	0m1.044s
user	0m0.047s
sys	0m0.094s
[WARN] get LZ_TOKEN error
03/13/21 00:06:40 697110200  1615565200
use wskey

real	0m1.160s
user	0m0.094s
sys	0m0.156s
03/13/21 00:06:42 046772800  1615565202 token: AAFgS5GQADD7kNjezuCDgreV8auWk1WVEL2U819AFdgItFOxfa0DqYM0vD3cq7YQw1cwzpQQvrM

real	0m1.414s
user	0m0.047s
sys	0m0.063s
parse error: Invalid numeric literal at line 1, column 10
03/13/21 00:06:45 415262700  1615565205 secretPin: 
[WARN] get secretPin error

03/13/21 00:06:45 691049000  1615565205 移动签到安我（AND ALL）健康京东自营旗舰店

real	0m0.899s
user	0m0.047s
sys	0m0.094s
parse error: Invalid numeric literal at line 1, column 10
parse error: Invalid numeric literal at line 1, column 10
parse error: Invalid numeric literal at line 1, column 10
parse error: Invalid numeric literal at line 1, column 10
parse error: Invalid numeric literal at line 1, column 10
03/13/21 00:06:50 514152300 1615565210

real	0m4.425s
user	0m0.000s
sys	0m0.031s

real	0m1.115s
user	0m0.047s
sys	0m0.109s
[WARN] get LZ_TOKEN error
03/13/21 00:06:56 601892600  1615565216
use wskey

real	0m0.917s
user	0m0.109s
sys	0m0.141s
03/13/21 00:06:57 753164000  1615565217 token: AAFgS5GgADA6hzRBQ7Zisn4T-3gZQDFUjGxEAVxrv-y9mVWHlGR41P4ROfJeb3nZPxg3JYpXy10

real	0m1.759s
user	0m0.031s
sys	0m0.094s
parse error: Invalid numeric literal at line 1, column 10
03/13/21 00:07:01 163143700  1615565221 secretPin: 
[WARN] get secretPin error

03/13/21 00:07:01 450390000  1615565221 移动签到安我（AND ALL）健康京东自营旗舰店

real	0m0.928s
user	0m0.016s
sys	0m0.141s
parse error: Invalid numeric literal at line 1, column 10
parse error: Invalid numeric literal at line 1, column 10
parse error: Invalid numeric literal at line 1, column 10
parse error: Invalid numeric literal at line 1, column 10
parse error: Invalid numeric literal at line 1, column 10
03/13/21 00:07:05 413675400 1615565225

real	0m4.085s
user	0m0.000s
sys	0m0.063s

real	0m0.292s
user	0m0.047s
sys	0m0.078s
[WARN] get LZ_TOKEN error
03/13/21 00:07:09 892843100  1615565229
use wskey

real	0m0.231s
user	0m0.109s
sys	0m0.141s
03/13/21 00:07:10 156145400  1615565230 token: AAFgS5GtADDn91mteNZhf7tjPjz1WEb76gg4rJ72eRojYhenbVHQb9_UZBiJi0YIMbWLq9PRLmA

real	0m0.152s
user	0m0.031s
sys	0m0.078s
parse error: Invalid numeric literal at line 1, column 10
03/13/21 00:07:10 451130800  1615565230 secretPin: 
[WARN] get secretPin error

03/13/21 00:07:10 473180100  1615565230 移动签到安我（AND ALL）健康京东自营旗舰店

real	0m0.158s
user	0m0.031s
sys	0m0.078s
parse error: Invalid numeric literal at line 1, column 10
parse error: Invalid numeric literal at line 1, column 10
parse error: Invalid numeric literal at line 1, column 10
parse error: Invalid numeric literal at line 1, column 10
parse error: Invalid numeric literal at line 1, column 10
03/13/21 00:07:11 032568700 1615565231

real	0m4.044s
user	0m0.000s
sys	0m0.031s
03/13/21 00:08:30 193569200  1615565310
parse error: Invalid numeric literal at line 1, column 10
签到是否成功解析失败. 不再写/home/myid/jd/jd_signup/lzkj_sevenDay_vender/shop_1614116411_129

移动签到安我（AND ALL）健康京东自营旗舰店查看结果, 活动规则


#店铺名称
vendername="安我（AND ALL）健康京东自营旗舰店"
#店铺激活码
actId="f63f0cc98d32422b8b6ac5b8a0aaec0e"
#店铺id
venderId="1000351797"
#长链接
url="https://lzkj-isv.isvjcloud.com/sign/sevenDay/signActivity?activityId=f63f0cc98d32422b8b6ac5b8a0aaec0e&venderId=1000351797"

startTime=1613723220
endTime=1616342340
# 活动时间：2021-02-19 16:27 - 2021-03-21 23:59；
# 奖励说明：
actRule="
7天签到
连续签到1天：1京豆
连续签到2天：1京豆
连续签到3天：3京豆
连续签到4天：2京豆
连续签到5天：2京豆
连续签到6天：2京豆
连续签到7天：5京豆
"
#赵 122294312-396444 sign_res
sign_num="2"
giftName="null"
giftRes="ok"
giftDate="20210312"
sign_res_info="7天签到 第 2 天
当天签到奖励 [null]"
#赵 122294312-396444 sign_res_end
#王 1309893722-164885 sign_res
sign_num="2"
giftName="null"
giftRes="ok"
giftDate="20210312"
sign_res_info="7天签到 第 2 天
当天签到奖励 [null]"
#王 1309893722-164885 sign_res_end
#肥鹅 jd_4d651d9e48204 sign_res
sign_num="2"
giftName="null"
giftRes="ok"
giftDate="20210312"
sign_res_info="7天签到 第 2 天
当天签到奖励 [null]"
#肥鹅 jd_4d651d9e48204 sign_res_end
#移动 jd_OeTNobRVGiNZ sign_res
sign_num=""
giftName=""
giftRes=""
giftDate="20210313"
sign_res_info="7天签到 第  天
当天签到奖励 []"
#移动 jd_OeTNobRVGiNZ sign_res_end
