03/09/21 00:02:13 983364100  1615219333
RANDOM_num: 35
removed '/tmp/tmp.zWUMXjVMsJ'
03/09/21 00:02:17 376791200  1615219337 检查赵签到

real	0m2.324s
user	0m0.016s
sys	0m0.172s
[WARN] get LZ_TOKEN error
03/09/21 00:02:23 869598200  1615219343
use pt_key

real	0m1.659s
user	0m0.094s
sys	0m0.078s
03/09/21 00:02:26 058618700  1615219346 token: AAFgRkqRADDt_mIGW3fEkBxYtALzTDatHR8qgPubagASg0sqGZDrHNg43RvXw9iZNoFdNr5k4cU

real	0m1.138s
user	0m0.047s
sys	0m0.078s
parse error: Invalid numeric literal at line 1, column 10
03/09/21 00:02:30 198948300  1615219350 secretPin: 
[WARN] get secretPin error

03/09/21 00:02:30 480496900  1615219350 赵签到TOI京东自营旗舰店

real	0m1.365s
user	0m0.031s
sys	0m0.078s
parse error: Invalid numeric literal at line 1, column 10
parse error: Invalid numeric literal at line 1, column 10
parse error: Invalid numeric literal at line 1, column 10
parse error: Invalid numeric literal at line 1, column 10
03/09/21 00:02:40 687029700 1615219360

real	0m1.569s
user	0m0.000s
sys	0m0.016s

real	0m1.902s
user	0m0.000s
sys	0m0.125s
[WARN] get LZ_TOKEN error
03/09/21 00:02:46 040003300  1615219366
use pt_key

real	0m1.426s
user	0m0.063s
sys	0m0.094s
03/09/21 00:02:47 797505900  1615219367 token: AAFgRkqnADAl-bitixNO5Y2cR4oVRt8ftPNgZ5hRy3qq0zpcGg5jARu2o-jwpmi3W9-UmMwuIQc

real	0m2.336s
user	0m0.016s
sys	0m0.109s
parse error: Invalid numeric literal at line 1, column 10
03/09/21 00:02:51 984880000  1615219371 secretPin: 
[WARN] get secretPin error

03/09/21 00:02:52 765961500  1615219372 赵签到TOI京东自营旗舰店

real	0m2.006s
user	0m0.016s
sys	0m0.094s
parse error: Invalid numeric literal at line 1, column 10
parse error: Invalid numeric literal at line 1, column 10
parse error: Invalid numeric literal at line 1, column 10
parse error: Invalid numeric literal at line 1, column 10
03/09/21 00:03:02 000718400 1615219382

real	0m1.854s
user	0m0.000s
sys	0m0.047s

real	0m2.505s
user	0m0.047s
sys	0m0.063s
lzkj-isv.isvjcloud.com	FALSE	/	FALSE	1615219986	LZ_TOKEN_VALUE	B0oH3vDY2bhHWuKbVaJ+XQ==
lzkj-isv.isvjcloud.com	FALSE	/	FALSE	1615219986	LZ_TOKEN_KEY	lztokenpage49e01e2de13a4c28a92a092c7cd53fe9
03/09/21 00:03:08 010101600  1615219388
use pt_key

real	0m2.261s
user	0m0.094s
sys	0m0.109s
03/09/21 00:03:11 036665400  1615219391 token: AAFgRkq9ADAG8JZ8-8-Gw2Dtt3MDRWbOAoKjnN0eTXD0uC77Yy_6Uvw2R-UPVrXjhA7CFrbETyc

real	0m1.264s
user	0m0.016s
sys	0m0.063s
parse error: Invalid numeric literal at line 1, column 10
03/09/21 00:03:14 941785000  1615219394 secretPin: 
[WARN] get secretPin error

03/09/21 00:03:15 334535300  1615219395 赵签到TOI京东自营旗舰店

real	0m1.480s
user	0m0.016s
sys	0m0.109s
parse error: Invalid numeric literal at line 1, column 10
parse error: Invalid numeric literal at line 1, column 10
parse error: Invalid numeric literal at line 1, column 10
parse error: Invalid numeric literal at line 1, column 10
03/09/21 00:03:24 756074100 1615219404

real	0m1.955s
user	0m0.000s
sys	0m0.047s

real	0m1.362s
user	0m0.047s
sys	0m0.063s
[WARN] get LZ_TOKEN error
03/09/21 00:03:29 673770300  1615219409
use pt_key

real	0m1.462s
user	0m0.125s
sys	0m0.141s
03/09/21 00:03:31 922922300  1615219411 token: AAFgRkrSADDjvsm1rg4yGVLFmV30dkHXaCGQbKdvVwqFa7xijSUTpSVZwbesqsE0K2HyAeX1Za8

real	0m1.386s
user	0m0.031s
sys	0m0.047s
parse error: Invalid numeric literal at line 1, column 10
03/09/21 00:03:35 997759800  1615219415 secretPin: 
[WARN] get secretPin error

03/09/21 00:03:36 275402800  1615219416 赵签到TOI京东自营旗舰店

real	0m1.398s
user	0m0.031s
sys	0m0.094s
parse error: Invalid numeric literal at line 1, column 10
parse error: Invalid numeric literal at line 1, column 10
parse error: Invalid numeric literal at line 1, column 10
parse error: Invalid numeric literal at line 1, column 10
03/09/21 00:03:42 082643500 1615219422

real	0m1.923s
user	0m0.000s
sys	0m0.047s

real	0m1.515s
user	0m0.031s
sys	0m0.094s
[WARN] get LZ_TOKEN error
03/09/21 00:03:46 991057400  1615219426
use pt_key

real	0m1.179s
user	0m0.125s
sys	0m0.141s
03/09/21 00:03:49 685124200  1615219429 token: AAFgRkrkADBtlzlO8k2733S1ahNYEHynmTH914SegOxifkmh3X-bKig9SR0IEAqWZdj5lARCj0k

real	0m1.123s
user	0m0.000s
sys	0m0.094s
parse error: Invalid numeric literal at line 1, column 10
03/09/21 00:03:52 743108500  1615219432 secretPin: 
[WARN] get secretPin error

03/09/21 00:03:52 986362300  1615219432 赵签到TOI京东自营旗舰店

real	0m1.305s
user	0m0.016s
sys	0m0.094s
parse error: Invalid numeric literal at line 1, column 10
parse error: Invalid numeric literal at line 1, column 10
parse error: Invalid numeric literal at line 1, column 10
parse error: Invalid numeric literal at line 1, column 10
03/09/21 00:03:58 788096200 1615219438

real	0m2.277s
user	0m0.000s
sys	0m0.047s

real	0m1.688s
user	0m0.016s
sys	0m0.063s
[WARN] get LZ_TOKEN error
03/09/21 00:04:04 607645200  1615219444
use pt_key

real	0m1.759s
user	0m0.109s
sys	0m0.141s
03/09/21 00:04:06 885767100  1615219446 token: AAFgRkr2ADAP0Vaunb9jUiMipuo_Qn4slKkisaRANBS_Yt8sIqf9h3aRGPwA1pKbO2sYWl7htck

real	0m1.265s
user	0m0.031s
sys	0m0.063s
parse error: Invalid numeric literal at line 1, column 10
03/09/21 00:04:10 218965500  1615219450 secretPin: 
[WARN] get secretPin error

03/09/21 00:04:10 741177800  1615219450 赵签到TOI京东自营旗舰店

real	0m0.936s
user	0m0.016s
sys	0m0.094s
parse error: Invalid numeric literal at line 1, column 10
parse error: Invalid numeric literal at line 1, column 10
parse error: Invalid numeric literal at line 1, column 10
parse error: Invalid numeric literal at line 1, column 10
03/09/21 00:04:17 309333100 1615219457

real	0m2.376s
user	0m0.000s
sys	0m0.016s

real	0m1.713s
user	0m0.078s
sys	0m0.047s
[WARN] get LZ_TOKEN error
03/09/21 00:04:22 712658700  1615219462
use pt_key

real	0m2.166s
user	0m0.141s
sys	0m0.063s
03/09/21 00:04:25 138636000  1615219465 token: AAFgRksIADBbOV4UW5qCAkwJsibBFnlSmDdV4uX1j7WS8O_eIR-kRxMaq8EixDTlDVymJ0Lz6Ds

real	0m1.586s
user	0m0.078s
sys	0m0.078s
parse error: Invalid numeric literal at line 1, column 10
03/09/21 00:04:28 852421000  1615219468 secretPin: 
[WARN] get secretPin error

03/09/21 00:04:29 369293800  1615219469 赵签到TOI京东自营旗舰店

real	0m2.739s
user	0m0.047s
sys	0m0.094s
parse error: Invalid numeric literal at line 1, column 10
parse error: Invalid numeric literal at line 1, column 10
parse error: Invalid numeric literal at line 1, column 10
parse error: Invalid numeric literal at line 1, column 10
03/09/21 00:04:36 980737200 1615219476

real	0m2.438s
user	0m0.000s
sys	0m0.016s

real	0m1.135s
user	0m0.031s
sys	0m0.094s
[WARN] get LZ_TOKEN error
03/09/21 00:04:41 639666300  1615219481
use pt_key

real	0m1.863s
user	0m0.078s
sys	0m0.094s
03/09/21 00:04:44 082013100  1615219484 token: AAFgRksbADDBMlsTrHeym2KCTK3NkdLMKqNeS4ZX4RA4whq0WkuhTrX3yuAcTohZv36o6Rhyg8o

real	0m1.676s
user	0m0.016s
sys	0m0.094s
parse error: Invalid numeric literal at line 1, column 10
03/09/21 00:04:48 079165900  1615219488 secretPin: 
[WARN] get secretPin error

03/09/21 00:04:49 472600500  1615219489 赵签到TOI京东自营旗舰店

real	0m2.223s
user	0m0.047s
sys	0m0.094s
parse error: Invalid numeric literal at line 1, column 10
parse error: Invalid numeric literal at line 1, column 10
parse error: Invalid numeric literal at line 1, column 10
parse error: Invalid numeric literal at line 1, column 10
03/09/21 00:04:59 028834500 1615219499

real	0m2.662s
user	0m0.000s
sys	0m0.031s

real	0m1.035s
user	0m0.031s
sys	0m0.078s
[WARN] get LZ_TOKEN error
03/09/21 00:05:03 869293100  1615219503
use pt_key

real	0m1.558s
user	0m0.109s
sys	0m0.078s
03/09/21 00:05:05 805176000  1615219505 token: AAFgRksxADAKZdClZZcxrzZEymaoEMtjTBHX3VGj9C1ztfIJJsKfw02ftu1tmIhqeS5u_ZVVsXQ

real	0m1.895s
user	0m0.031s
sys	0m0.063s
parse error: Invalid numeric literal at line 1, column 10
03/09/21 00:05:09 696407100  1615219509 secretPin: 
[WARN] get secretPin error

03/09/21 00:05:10 203387000  1615219510 赵签到TOI京东自营旗舰店

real	0m1.051s
user	0m0.031s
sys	0m0.094s
parse error: Invalid numeric literal at line 1, column 10
parse error: Invalid numeric literal at line 1, column 10
parse error: Invalid numeric literal at line 1, column 10
parse error: Invalid numeric literal at line 1, column 10
03/09/21 00:05:15 551848800 1615219515

real	0m2.865s
user	0m0.000s
sys	0m0.047s

real	0m2.451s
user	0m0.047s
sys	0m0.094s
[WARN] get LZ_TOKEN error
03/09/21 00:05:22 315839500  1615219522
use pt_key

real	0m1.707s
user	0m0.094s
sys	0m0.094s
03/09/21 00:05:24 605938300  1615219524 token: AAFgRktDADA9dFz-Xa2XVhl3b5UupriN2xotOEp6Ee4_-fWpRHmmcFkBhQENh2RlsMo2YNWEU5w

real	0m1.572s
user	0m0.031s
sys	0m0.109s
parse error: Invalid numeric literal at line 1, column 10
03/09/21 00:05:27 359761000  1615219527 secretPin: 
[WARN] get secretPin error

03/09/21 00:05:27 529561000  1615219527 赵签到TOI京东自营旗舰店

real	0m1.767s
user	0m0.047s
sys	0m0.094s
parse error: Invalid numeric literal at line 1, column 10
parse error: Invalid numeric literal at line 1, column 10
parse error: Invalid numeric literal at line 1, column 10
parse error: Invalid numeric literal at line 1, column 10
03/09/21 00:05:34 017591700 1615219534

real	0m3.304s
user	0m0.016s
sys	0m0.047s

real	0m1.957s
user	0m0.047s
sys	0m0.063s
[WARN] get LZ_TOKEN error
03/09/21 00:05:40 676579100  1615219540
use pt_key

real	0m1.472s
user	0m0.094s
sys	0m0.094s
03/09/21 00:05:42 431123000  1615219542 token: AAFgRktWADAgPhDa6v_SGK1CaaKIw70eHe0yhSBfn2Ll1-I_Ey_5DsF6Qx16Cfnai_zg6clx0NE

real	0m1.352s
user	0m0.031s
sys	0m0.109s
parse error: Invalid numeric literal at line 1, column 10
03/09/21 00:05:46 726581600  1615219546 secretPin: 
[WARN] get secretPin error

03/09/21 00:05:47 160454400  1615219547 赵签到TOI京东自营旗舰店

real	0m1.052s
user	0m0.031s
sys	0m0.063s
parse error: Invalid numeric literal at line 1, column 10
parse error: Invalid numeric literal at line 1, column 10
parse error: Invalid numeric literal at line 1, column 10
parse error: Invalid numeric literal at line 1, column 10
03/09/21 00:05:53 437995800 1615219553

real	0m3.257s
user	0m0.000s
sys	0m0.000s

real	0m1.981s
user	0m0.016s
sys	0m0.094s
[WARN] get LZ_TOKEN error
03/09/21 00:05:59 654083600  1615219559
use pt_key

real	0m1.267s
user	0m0.141s
sys	0m0.109s
03/09/21 00:06:01 416281900  1615219561 token: AAFgRktoADCXHT3nlVhpnk_WCxnO8P-YGn2s8iyO4RbtYTCchf2zLsRJMuwmY2CLqlaut7_Csuw

real	0m1.032s
user	0m0.047s
sys	0m0.094s
parse error: Invalid numeric literal at line 1, column 10
03/09/21 00:06:04 102594800  1615219564 secretPin: 
[WARN] get secretPin error

03/09/21 00:06:04 622555300  1615219564 赵签到TOI京东自营旗舰店

real	0m1.175s
user	0m0.000s
sys	0m0.125s
parse error: Invalid numeric literal at line 1, column 10
parse error: Invalid numeric literal at line 1, column 10
parse error: Invalid numeric literal at line 1, column 10
parse error: Invalid numeric literal at line 1, column 10
03/09/21 00:06:10 270514100 1615219570

real	0m3.313s
user	0m0.000s
sys	0m0.016s

real	0m1.114s
user	0m0.031s
sys	0m0.078s
[WARN] get LZ_TOKEN error
03/09/21 00:06:15 989873900  1615219575
use pt_key

real	0m1.391s
user	0m0.094s
sys	0m0.141s
03/09/21 00:06:17 773023400  1615219577 token: AAFgRkt5ADDoW1NCNlsoWZgWgyTQAdXfPx5lL5qcTgB9CiWWryk2siFHoKdqHIlU1BmE33hoMvw

real	0m2.486s
user	0m0.031s
sys	0m0.094s
parse error: Invalid numeric literal at line 1, column 10
03/09/21 00:06:22 329804900  1615219582 secretPin: 
[WARN] get secretPin error

03/09/21 00:06:22 671562400  1615219582 赵签到TOI京东自营旗舰店

real	0m1.228s
user	0m0.031s
sys	0m0.047s
parse error: Invalid numeric literal at line 1, column 10
parse error: Invalid numeric literal at line 1, column 10
parse error: Invalid numeric literal at line 1, column 10
parse error: Invalid numeric literal at line 1, column 10
03/09/21 00:06:28 497465100 1615219588

real	0m3.625s
user	0m0.000s
sys	0m0.016s

real	0m1.163s
user	0m0.031s
sys	0m0.125s
[WARN] get LZ_TOKEN error
03/09/21 00:06:34 589493900  1615219594
use pt_key

real	0m1.718s
user	0m0.094s
sys	0m0.141s
03/09/21 00:06:36 904336200  1615219596 token: AAFgRkuMADAMH0qwdz9zjZk5bPmAGueAVdQN1JvUJ1hSPfplhBtnkbnNdZGfOc2AtXrEd_rpQuM

real	0m1.521s
user	0m0.000s
sys	0m0.172s
parse error: Invalid numeric literal at line 1, column 10
03/09/21 00:06:40 073074500  1615219600 secretPin: 
[WARN] get secretPin error

03/09/21 00:06:40 576459000  1615219600 赵签到TOI京东自营旗舰店

real	0m0.967s
user	0m0.078s
sys	0m0.047s
parse error: Invalid numeric literal at line 1, column 10
parse error: Invalid numeric literal at line 1, column 10
parse error: Invalid numeric literal at line 1, column 10
parse error: Invalid numeric literal at line 1, column 10
03/09/21 00:06:45 422697800 1615219605

real	0m4.069s
user	0m0.000s
sys	0m0.031s

real	0m1.722s
user	0m0.031s
sys	0m0.078s
[WARN] get LZ_TOKEN error
03/09/21 00:06:53 198074400  1615219613
use pt_key

real	0m1.899s
user	0m0.094s
sys	0m0.109s
03/09/21 00:06:55 749803700  1615219615 token: AAFgRkufADBI6Sp_o986q1qDHjQ4amU43RWS5fH3NraJpg7zQDbfmbfxEqVJcwJjZuNT0l2pOlE

real	0m1.432s
user	0m0.031s
sys	0m0.078s
parse error: Invalid numeric literal at line 1, column 10
03/09/21 00:06:59 252491100  1615219619 secretPin: 
[WARN] get secretPin error

03/09/21 00:06:59 484187700  1615219619 赵签到TOI京东自营旗舰店

real	0m1.246s
user	0m0.047s
sys	0m0.125s
parse error: Invalid numeric literal at line 1, column 10
parse error: Invalid numeric literal at line 1, column 10
parse error: Invalid numeric literal at line 1, column 10
parse error: Invalid numeric literal at line 1, column 10
03/09/21 00:07:05 806269800 1615219625

real	0m4.102s
user	0m0.000s
sys	0m0.047s

real	0m1.854s
user	0m0.031s
sys	0m0.063s
[WARN] get LZ_TOKEN error
03/09/21 00:07:12 963733000  1615219632
use pt_key

real	0m1.249s
user	0m0.094s
sys	0m0.109s
03/09/21 00:07:14 793911100  1615219634 token: AAFgRkuyADAIA-DiK4sttGu-uaoxAQH9cTurxRWi_XxsufiOdWGVmSE5PABIc1muJe1Y20iD-hU

real	0m1.663s
user	0m0.031s
sys	0m0.125s
parse error: Invalid numeric literal at line 1, column 10
03/09/21 00:07:18 173866400  1615219638 secretPin: 
[WARN] get secretPin error

03/09/21 00:07:19 046355200  1615219639 赵签到TOI京东自营旗舰店

real	0m1.427s
user	0m0.031s
sys	0m0.094s
parse error: Invalid numeric literal at line 1, column 10
parse error: Invalid numeric literal at line 1, column 10
parse error: Invalid numeric literal at line 1, column 10
parse error: Invalid numeric literal at line 1, column 10
03/09/21 00:07:23 458355900 1615219643

real	0m3.964s
user	0m0.000s
sys	0m0.016s

real	0m1.479s
user	0m0.016s
sys	0m0.094s
[WARN] get LZ_TOKEN error
03/09/21 00:07:29 886737500  1615219649
use pt_key

real	0m1.208s
user	0m0.125s
sys	0m0.109s
03/09/21 00:07:31 526371400  1615219651 token: AAFgRkvDADBdb3kI-FCMoGxzTnAXGzuudpwFqQAyxNzLtrLZ8H3QZ1xSd7PAVdFXioswcg218Is

real	0m1.461s
user	0m0.063s
sys	0m0.063s
parse error: Invalid numeric literal at line 1, column 10
03/09/21 00:07:36 203124400  1615219656 secretPin: 
[WARN] get secretPin error

03/09/21 00:07:36 766505700  1615219656 赵签到TOI京东自营旗舰店

real	0m1.376s
user	0m0.063s
sys	0m0.063s
parse error: Invalid numeric literal at line 1, column 10
parse error: Invalid numeric literal at line 1, column 10
parse error: Invalid numeric literal at line 1, column 10
parse error: Invalid numeric literal at line 1, column 10
03/09/21 00:07:43 545384100 1615219663

real	0m4.036s
user	0m0.016s
sys	0m0.047s

real	0m1.859s
user	0m0.047s
sys	0m0.063s
[WARN] get LZ_TOKEN error
03/09/21 00:07:51 078695000  1615219671
use pt_key

real	0m2.121s
user	0m0.109s
sys	0m0.078s
03/09/21 00:07:53 454162900  1615219673 token: AAFgRkvZADB-0WdpLtaUex_DNq48tvYM9ypHVtBhCazqnB8MZ6Lpd63Asoel9KOUauS_Xja4PPM

real	0m1.182s
user	0m0.016s
sys	0m0.094s
parse error: Invalid numeric literal at line 1, column 10
03/09/21 00:07:56 448357300  1615219676 secretPin: 
[WARN] get secretPin error

03/09/21 00:07:56 798350200  1615219676 赵签到TOI京东自营旗舰店

real	0m2.029s
user	0m0.031s
sys	0m0.078s
parse error: Invalid numeric literal at line 1, column 10
parse error: Invalid numeric literal at line 1, column 10
parse error: Invalid numeric literal at line 1, column 10
parse error: Invalid numeric literal at line 1, column 10
03/09/21 00:08:02 748966600 1615219682

real	0m4.415s
user	0m0.000s
sys	0m0.016s

real	0m1.046s
user	0m0.047s
sys	0m0.047s
[WARN] get LZ_TOKEN error
03/09/21 00:08:08 822392300  1615219688
use pt_key

real	0m1.193s
user	0m0.094s
sys	0m0.109s
03/09/21 00:08:10 272246700  1615219690 token: AAFgRkvpADDHrpxdaSNaeTn46qlXVVwujIkgYzfMjiPiNM880v0BOMJG9_I4k4eCG1HuRSyDkG0

real	0m1.647s
user	0m0.031s
sys	0m0.094s
parse error: Invalid numeric literal at line 1, column 10
03/09/21 00:08:14 238357900  1615219694 secretPin: 
[WARN] get secretPin error

03/09/21 00:08:14 545650400  1615219694 赵签到TOI京东自营旗舰店

real	0m1.763s
user	0m0.016s
sys	0m0.109s
parse error: Invalid numeric literal at line 1, column 10
parse error: Invalid numeric literal at line 1, column 10
parse error: Invalid numeric literal at line 1, column 10
parse error: Invalid numeric literal at line 1, column 10
03/09/21 00:08:22 456442700 1615219702

real	0m5.356s
user	0m0.000s
sys	0m0.047s

real	0m0.960s
user	0m0.063s
sys	0m0.047s
[WARN] get LZ_TOKEN error
03/09/21 00:08:29 910058600  1615219709
use pt_key

real	0m1.550s
user	0m0.078s
sys	0m0.156s
03/09/21 00:08:31 822295900  1615219711 token: AAFgRkv_ADAS1U1H1D1nZ8arxae6GNKAx-gXcclFHBP5PdWBUj4u1rXDyp5QKqtXX54JuP9NIjg

real	0m1.504s
user	0m0.047s
sys	0m0.047s
parse error: Invalid numeric literal at line 1, column 10
03/09/21 00:08:35 013755200  1615219715 secretPin: 
[WARN] get secretPin error

03/09/21 00:08:35 325194500  1615219715 赵签到TOI京东自营旗舰店

real	0m0.887s
user	0m0.016s
sys	0m0.094s
parse error: Invalid numeric literal at line 1, column 10
parse error: Invalid numeric literal at line 1, column 10
parse error: Invalid numeric literal at line 1, column 10
parse error: Invalid numeric literal at line 1, column 10
03/09/21 00:08:39 613658700 1615219719

real	0m4.613s
user	0m0.000s
sys	0m0.031s
03/09/21 00:10:29 768393900  1615219829
parse error: Invalid numeric literal at line 1, column 10
签到是否成功解析失败. 不再写/home/myid/jd/jd_signup/vender/shop_1615125912_0

赵签到TOI京东自营旗舰店查看结果



TOI京东自营旗舰店活动规则


actId=b7e55c6f38ec47f989dda76c32b49ac1
venderId=1000146803
startTime=1614913560000
endTime=1617203999000
# 短链接
suo_url="https://3.cn/-100IUG9t"
actTimeStr="2021-03-05 11:06 至 2021-03-31 23:19"
#店铺名称
vendername="TOI京东自营旗舰店"
# 长链接
url=https://lzkj-isv.isvjcloud.com/sign/signActivity2?activityId=b7e55c6f38ec47f989dda76c32b49ac1&venderId=1000146803&adsource=tg_storePage
# 活动时间：2021.03.05 11:06:00 - 2021.03.31 23:19:59
# 奖励说明：
actRule="
连续签到3天：1京豆 1京豆
连续签到5天：3京豆 3京豆
连续签到7天：10京豆 10京豆
连续签到15天：15京豆 15京豆
连续签到20天：25京豆 25京豆
连续签到25天：30京豆 30京豆
连续签到29天：40京豆 40京豆
"
#赵 122294312-396444 sign_res
sign_res="
signTime=1615075200;signed=2
signTime=1615161600;signed=2"
sign_num="2"
sign_total_num="2"
giftName=""1京豆""
giftRes="ok"
giftDate="20210308"
sign_res_info="
2021/03/07_08:00:00  [已~签~到]      
2021/03/08_08:00:00  [已~签~到]      
当天签到奖励 ["1京豆"]
连续签到 2 天
签到总天数 2"
#赵 122294312-396444 sign_res_end
#王 1309893722-164885 sign_res
sign_res="
signTime=1615075200;signed=2
signTime=1615161600;signed=2"
sign_num="2"
sign_total_num="2"
giftName=""1京豆""
giftRes="ok"
giftDate="20210308"
sign_res_info="
2021/03/07_08:00:00  [已~签~到]      
2021/03/08_08:00:00  [已~签~到]      
当天签到奖励 ["1京豆"]
连续签到 2 天
签到总天数 2"
#王 1309893722-164885 sign_res_end
#肥鹅 jd_4d651d9e48204 sign_res
sign_res="
signTime=1615075200;signed=2
signTime=1615161600;signed=2"
sign_num="2"
sign_total_num="2"
giftName=""1京豆""
giftRes="ok"
giftDate="20210308"
sign_res_info="
2021/03/07_08:00:00  [已~签~到]      
2021/03/08_08:00:00  [已~签~到]      
当天签到奖励 ["1京豆"]
连续签到 2 天
签到总天数 2"
#肥鹅 jd_4d651d9e48204 sign_res_end
#移动 jd_OeTNobRVGiNZ sign_res
sign_res="
"
sign_num="0"
sign_total_num="0"
giftName=""
giftRes=""
giftDate="20210308"
sign_res_info="

当天签到奖励 []
连续签到 0 天
签到总天数 0"
#移动 jd_OeTNobRVGiNZ sign_res_end
