03/17/21 00:02:03 521458500  1615910523
RANDOM_num: 15
removed '/tmp/tmp.8kdqLDyUxI'
03/17/21 00:02:05 915560700  1615910525
肥鹅 今天已经签到过. 签到结果: ok  giftDate: 20210317
***********************************************
7天签到 第  天
当天签到奖励 [null]
***********************************************

肥鹅 签到结果获取失败.
03/17/21 00:02:06 210905600  1615910526 检查肥鹅签到

real	0m2.489s
user	0m0.031s
sys	0m0.141s
[WARN] get LZ_TOKEN error
03/17/21 00:02:11 058844800  1615910531
use pt_key

real	0m1.581s
user	0m0.094s
sys	0m0.172s
03/17/21 00:02:13 164901400  1615910533 token: AAFgUNaEADAdPSo5IxSKF_FRuiWWK6Pe0zLdHZCioKyPJTkmjq_xMoJou_-L00Nfg8g4eIaNlmM

real	0m1.436s
user	0m0.031s
sys	0m0.156s
parse error: Invalid numeric literal at line 1, column 10
03/17/21 00:02:18 657535300  1615910538 secretPin: 
[WARN] get secretPin error

03/17/21 00:02:19 139109200  1615910539 肥鹅签到蒙牛官方旗舰店

real	0m1.367s
user	0m0.000s
sys	0m0.141s
parse error: Invalid numeric literal at line 1, column 10
parse error: Invalid numeric literal at line 1, column 10
parse error: Invalid numeric literal at line 1, column 10
parse error: Invalid numeric literal at line 1, column 10
parse error: Invalid numeric literal at line 1, column 10
03/17/21 00:02:29 543825500 1615910549

real	0m1.534s
user	0m0.000s
sys	0m0.047s

real	0m2.225s
user	0m0.031s
sys	0m0.125s
[WARN] get LZ_TOKEN error
03/17/21 00:02:35 626981600  1615910555
use pt_key

real	0m1.782s
user	0m0.109s
sys	0m0.172s
03/17/21 00:02:37 840866200  1615910557 token: AAFgUNadADDb7Zo7CsoDndfg7EG_39p4Az3xjEhm4qsCqkmvGm5wOjhvA1uKB2318F9lPNgHQg8

real	0m1.928s
user	0m0.047s
sys	0m0.125s
parse error: Invalid numeric literal at line 1, column 10
03/17/21 00:02:41 364940900  1615910561 secretPin: 
[WARN] get secretPin error

03/17/21 00:02:41 877014200  1615910561 肥鹅签到蒙牛官方旗舰店

real	0m1.745s
user	0m0.031s
sys	0m0.078s
parse error: Invalid numeric literal at line 1, column 10
parse error: Invalid numeric literal at line 1, column 10
parse error: Invalid numeric literal at line 1, column 10
parse error: Invalid numeric literal at line 1, column 10
parse error: Invalid numeric literal at line 1, column 10
03/17/21 00:02:49 991252700 1615910569

real	0m1.370s
user	0m0.000s
sys	0m0.047s

real	0m1.836s
user	0m0.031s
sys	0m0.094s
[WARN] get LZ_TOKEN error
03/17/21 00:02:54 630024600  1615910574
use pt_key

real	0m2.210s
user	0m0.109s
sys	0m0.156s
03/17/21 00:02:57 151303100  1615910577 token: AAFgUNawADDE0Kvyv9BSAywBcLAS0TKEh82xvqPY2-ALkzgj3DpIpOuhrFtjoTOcRmcTNU1BnUI

real	0m1.854s
user	0m0.031s
sys	0m0.125s
parse error: Invalid numeric literal at line 1, column 10
03/17/21 00:03:01 021379400  1615910581 secretPin: 
[WARN] get secretPin error

03/17/21 00:03:01 482223900  1615910581 肥鹅签到蒙牛官方旗舰店

real	0m1.449s
user	0m0.047s
sys	0m0.125s
parse error: Invalid numeric literal at line 1, column 10
parse error: Invalid numeric literal at line 1, column 10
parse error: Invalid numeric literal at line 1, column 10
parse error: Invalid numeric literal at line 1, column 10
parse error: Invalid numeric literal at line 1, column 10
03/17/21 00:03:11 737246400 1615910591

real	0m1.386s
user	0m0.000s
sys	0m0.078s

real	0m2.327s
user	0m0.031s
sys	0m0.141s
[WARN] get LZ_TOKEN error
03/17/21 00:03:16 648225100  1615910596
use pt_key

real	0m2.410s
user	0m0.156s
sys	0m0.203s
03/17/21 00:03:19 503696000  1615910599 token: AAFgUNbHADDuELGTUrQadur7LtjChnMQh6UOxQ-YNyAGQpFD7oAqYPKBxgbg5mRYbhmpXBcKvrg

real	0m2.020s
user	0m0.016s
sys	0m0.141s
parse error: Invalid numeric literal at line 1, column 10
03/17/21 00:03:24 395041200  1615910604 secretPin: 
[WARN] get secretPin error

03/17/21 00:03:24 788709600  1615910604 肥鹅签到蒙牛官方旗舰店

real	0m2.429s
user	0m0.031s
sys	0m0.125s
parse error: Invalid numeric literal at line 1, column 10
parse error: Invalid numeric literal at line 1, column 10
parse error: Invalid numeric literal at line 1, column 10
parse error: Invalid numeric literal at line 1, column 10
parse error: Invalid numeric literal at line 1, column 10
03/17/21 00:03:34 614172200 1615910614

real	0m2.099s
user	0m0.000s
sys	0m0.063s

real	0m2.098s
user	0m0.047s
sys	0m0.156s
[WARN] get LZ_TOKEN error
03/17/21 00:03:40 080330700  1615910620
use pt_key

real	0m1.806s
user	0m0.125s
sys	0m0.203s
03/17/21 00:03:42 162272600  1615910622 token: AAFgUNbdADAxiSLnNd_toYRmI4WB61j6Utpj_NaImZKvcwk7z6ptdk_bupirttGkFkvNl0VFyW4

real	0m1.283s
user	0m0.031s
sys	0m0.125s
parse error: Invalid numeric literal at line 1, column 10
03/17/21 00:03:45 130720600  1615910625 secretPin: 
[WARN] get secretPin error

03/17/21 00:03:46 172813300  1615910626 肥鹅签到蒙牛官方旗舰店

real	0m1.764s
user	0m0.047s
sys	0m0.109s
parse error: Invalid numeric literal at line 1, column 10
parse error: Invalid numeric literal at line 1, column 10
parse error: Invalid numeric literal at line 1, column 10
parse error: Invalid numeric literal at line 1, column 10
parse error: Invalid numeric literal at line 1, column 10
03/17/21 00:03:53 720742600 1615910633

real	0m2.075s
user	0m0.016s
sys	0m0.063s

real	0m1.600s
user	0m0.016s
sys	0m0.156s
[WARN] get LZ_TOKEN error
03/17/21 00:03:59 413784400  1615910639
use pt_key

real	0m1.402s
user	0m0.109s
sys	0m0.203s
03/17/21 00:04:01 209107800  1615910641 token: AAFgUNbwADB8krh63b_UPOk7DKVsz-nWIuaDdyzmyook0Th2OeM9nlkiMyiY02OdjNAegW9bvjY

real	0m1.629s
user	0m0.031s
sys	0m0.156s
parse error: Invalid numeric literal at line 1, column 10
03/17/21 00:04:04 841239600  1615910644 secretPin: 
[WARN] get secretPin error

03/17/21 00:04:05 351123000  1615910645 肥鹅签到蒙牛官方旗舰店

real	0m2.116s
user	0m0.063s
sys	0m0.109s
parse error: Invalid numeric literal at line 1, column 10
parse error: Invalid numeric literal at line 1, column 10
parse error: Invalid numeric literal at line 1, column 10
parse error: Invalid numeric literal at line 1, column 10
parse error: Invalid numeric literal at line 1, column 10
03/17/21 00:04:14 832285000 1615910654

real	0m2.629s
user	0m0.000s
sys	0m0.078s

real	0m2.004s
user	0m0.047s
sys	0m0.125s
[WARN] get LZ_TOKEN error
03/17/21 00:04:21 370979900  1615910661
use pt_key

real	0m1.697s
user	0m0.078s
sys	0m0.188s
03/17/21 00:04:23 335445800  1615910663 token: AAFgUNcGADDTd1mI_RYr23AQi2DwRw-H8VMOKz3eVIKgoaus3cgPnF4Bqd2-IXExJgYbmpRiZMw

real	0m1.322s
user	0m0.031s
sys	0m0.172s
parse error: Invalid numeric literal at line 1, column 10
03/17/21 00:04:27 156719900  1615910667 secretPin: 
[WARN] get secretPin error

03/17/21 00:04:27 627893700  1615910667 肥鹅签到蒙牛官方旗舰店

real	0m1.241s
user	0m0.063s
sys	0m0.078s
parse error: Invalid numeric literal at line 1, column 10
parse error: Invalid numeric literal at line 1, column 10
parse error: Invalid numeric literal at line 1, column 10
parse error: Invalid numeric literal at line 1, column 10
parse error: Invalid numeric literal at line 1, column 10
03/17/21 00:04:37 469754600 1615910677

real	0m2.937s
user	0m0.000s
sys	0m0.078s

real	0m1.433s
user	0m0.031s
sys	0m0.109s
[WARN] get LZ_TOKEN error
03/17/21 00:04:43 562479100  1615910683
use pt_key

real	0m3.195s
user	0m0.141s
sys	0m0.141s
03/17/21 00:04:47 219205600  1615910687 token: AAFgUNceADAPOwLVohXk4S8WXMGB7sys89sNjGVkmWrtgL-rbe0JqDc1QmfKLq6K0Pimfglmgjw

real	0m1.416s
user	0m0.016s
sys	0m0.125s
parse error: Invalid numeric literal at line 1, column 10
03/17/21 00:04:50 949365500  1615910690 secretPin: 
[WARN] get secretPin error

03/17/21 00:04:51 407012600  1615910691 肥鹅签到蒙牛官方旗舰店

real	0m2.319s
user	0m0.047s
sys	0m0.125s
parse error: Invalid numeric literal at line 1, column 10
parse error: Invalid numeric literal at line 1, column 10
parse error: Invalid numeric literal at line 1, column 10
parse error: Invalid numeric literal at line 1, column 10
parse error: Invalid numeric literal at line 1, column 10
03/17/21 00:05:00 491979400 1615910700

real	0m2.869s
user	0m0.000s
sys	0m0.031s

real	0m2.101s
user	0m0.094s
sys	0m0.094s
[WARN] get LZ_TOKEN error
03/17/21 00:05:06 496705700  1615910706
use pt_key

real	0m1.790s
user	0m0.078s
sys	0m0.219s
03/17/21 00:05:08 588692200  1615910708 token: AAFgUNc0ADCqAg6hXXe0GNY2smgMdyz_DfC8STMNT-1-z2Nhr670lJV8PTskcsdRx2VIf6DWxqs

real	0m1.533s
user	0m0.031s
sys	0m0.172s
parse error: Invalid numeric literal at line 1, column 10
03/17/21 00:05:11 710191600  1615910711 secretPin: 
[WARN] get secretPin error

03/17/21 00:05:12 121847300  1615910712 肥鹅签到蒙牛官方旗舰店

real	0m1.605s
user	0m0.063s
sys	0m0.156s
parse error: Invalid numeric literal at line 1, column 10
parse error: Invalid numeric literal at line 1, column 10
parse error: Invalid numeric literal at line 1, column 10
parse error: Invalid numeric literal at line 1, column 10
parse error: Invalid numeric literal at line 1, column 10
03/17/21 00:05:20 511654200 1615910720

real	0m2.889s
user	0m0.016s
sys	0m0.078s

real	0m2.037s
user	0m0.063s
sys	0m0.141s
[WARN] get LZ_TOKEN error
03/17/21 00:05:26 809696700  1615910726
use pt_key

real	0m2.187s
user	0m0.141s
sys	0m0.203s
03/17/21 00:05:30 009496600  1615910730 token: AAFgUNdIADDGJP_Rpa4J5ILaeZVlBvOR6KcoPe7m-VGyQ63r8pKHmMOIh1RtEX0j6pIYD0jJCK4

real	0m1.726s
user	0m0.031s
sys	0m0.141s
parse error: Invalid numeric literal at line 1, column 10
03/17/21 00:05:34 272381900  1615910734 secretPin: 
[WARN] get secretPin error

03/17/21 00:05:35 111888400  1615910735 肥鹅签到蒙牛官方旗舰店

real	0m1.445s
user	0m0.063s
sys	0m0.109s
parse error: Invalid numeric literal at line 1, column 10
parse error: Invalid numeric literal at line 1, column 10
parse error: Invalid numeric literal at line 1, column 10
parse error: Invalid numeric literal at line 1, column 10
parse error: Invalid numeric literal at line 1, column 10
03/17/21 00:05:45 502935200 1615910745

real	0m3.252s
user	0m0.000s
sys	0m0.047s

real	0m1.283s
user	0m0.063s
sys	0m0.125s
[WARN] get LZ_TOKEN error
03/17/21 00:05:50 962973200  1615910750
use pt_key

real	0m1.813s
user	0m0.141s
sys	0m0.141s
03/17/21 00:05:53 114505300  1615910753 token: AAFgUNdgADCdVO0h2TOAbtm7r0Fuq_9J67RackBUYBPpDhzBfAQ2ewT5RrTlxWSOXHdes8n9KWs

real	0m1.819s
user	0m0.000s
sys	0m0.109s
parse error: Invalid numeric literal at line 1, column 10
03/17/21 00:05:57 649115100  1615910757 secretPin: 
[WARN] get secretPin error

03/17/21 00:05:57 947938800  1615910757 肥鹅签到蒙牛官方旗舰店

real	0m1.795s
user	0m0.031s
sys	0m0.172s
parse error: Invalid numeric literal at line 1, column 10
parse error: Invalid numeric literal at line 1, column 10
parse error: Invalid numeric literal at line 1, column 10
parse error: Invalid numeric literal at line 1, column 10
parse error: Invalid numeric literal at line 1, column 10
03/17/21 00:06:08 884444900 1615910768

real	0m3.576s
user	0m0.000s
sys	0m0.016s

real	0m1.671s
user	0m0.047s
sys	0m0.031s
[WARN] get LZ_TOKEN error
03/17/21 00:06:15 341850600  1615910775
use pt_key

real	0m1.443s
user	0m0.109s
sys	0m0.188s
03/17/21 00:06:17 195696600  1615910777 token: AAFgUNd4ADDXRODPTDH4XMppACeMo7spb_x0is3Jhk-YRIdJR3MUk3gBO1Iy0ymybHIPxe9VoPQ

real	0m1.645s
user	0m0.047s
sys	0m0.094s
parse error: Invalid numeric literal at line 1, column 10
03/17/21 00:06:20 548408100  1615910780 secretPin: 
[WARN] get secretPin error

03/17/21 00:06:20 973471800  1615910780 肥鹅签到蒙牛官方旗舰店

real	0m1.716s
user	0m0.031s
sys	0m0.109s
parse error: Invalid numeric literal at line 1, column 10
parse error: Invalid numeric literal at line 1, column 10
parse error: Invalid numeric literal at line 1, column 10
parse error: Invalid numeric literal at line 1, column 10
parse error: Invalid numeric literal at line 1, column 10
03/17/21 00:06:31 658434000 1615910791

real	0m3.828s
user	0m0.000s
sys	0m0.094s

real	0m1.972s
user	0m0.016s
sys	0m0.172s
[WARN] get LZ_TOKEN error
03/17/21 00:06:38 486928700  1615910798
use pt_key

real	0m2.160s
user	0m0.109s
sys	0m0.188s
03/17/21 00:06:41 164468600  1615910801 token: AAFgUNeQADBSitUnmzIKtQBk6LbVTDexlFuTCKULBq6S1hmtLkdfcxKz7NKu7l3JmRMw-wCTIHs

real	0m2.405s
user	0m0.031s
sys	0m0.156s
parse error: Invalid numeric literal at line 1, column 10
03/17/21 00:06:46 667775600  1615910806 secretPin: 
[WARN] get secretPin error

03/17/21 00:06:47 588040500  1615910807 肥鹅签到蒙牛官方旗舰店

real	0m1.989s
user	0m0.047s
sys	0m0.188s
parse error: Invalid numeric literal at line 1, column 10
parse error: Invalid numeric literal at line 1, column 10
parse error: Invalid numeric literal at line 1, column 10
parse error: Invalid numeric literal at line 1, column 10
parse error: Invalid numeric literal at line 1, column 10
03/17/21 00:06:56 586187500 1615910816

real	0m4.068s
user	0m0.000s
sys	0m0.063s

real	0m2.187s
user	0m0.047s
sys	0m0.125s
[WARN] get LZ_TOKEN error
03/17/21 00:07:04 118607900  1615910824
use pt_key

real	0m1.759s
user	0m0.156s
sys	0m0.188s
03/17/21 00:07:06 241942200  1615910826 token: AAFgUNepADC_BC5CyiDGX6KRcW3-iXNYadSaqeEaM47JfxX-LeiGUD9_jcz_i4baEqEb9rDg_5k

real	0m1.474s
user	0m0.016s
sys	0m0.125s
parse error: Invalid numeric literal at line 1, column 10
03/17/21 00:07:10 494990900  1615910830 secretPin: 
[WARN] get secretPin error

03/17/21 00:07:11 320885800  1615910831 肥鹅签到蒙牛官方旗舰店

real	0m1.724s
user	0m0.031s
sys	0m0.141s
parse error: Invalid numeric literal at line 1, column 10
parse error: Invalid numeric literal at line 1, column 10
parse error: Invalid numeric literal at line 1, column 10
parse error: Invalid numeric literal at line 1, column 10
parse error: Invalid numeric literal at line 1, column 10
03/17/21 00:07:22 173620500 1615910842

real	0m4.701s
user	0m0.000s
sys	0m0.109s

real	0m1.706s
user	0m0.047s
sys	0m0.141s
[WARN] get LZ_TOKEN error
03/17/21 00:07:29 822653000  1615910849
use pt_key

real	0m2.496s
user	0m0.172s
sys	0m0.250s
03/17/21 00:07:32 939072000  1615910852 token: AAFgUNfEADBjsp3eXgnxuSZn4kLu5macVtrG_rw6Bs01XGCB_0iNXPLVJ376LoBGZasxuERptrQ

real	0m2.541s
user	0m0.078s
sys	0m0.109s
parse error: Invalid numeric literal at line 1, column 10
03/17/21 00:07:38 799948300  1615910858 secretPin: 
[WARN] get secretPin error

03/17/21 00:07:39 134697700  1615910859 肥鹅签到蒙牛官方旗舰店

real	0m2.286s
user	0m0.063s
sys	0m0.234s
parse error: Invalid numeric literal at line 1, column 10
parse error: Invalid numeric literal at line 1, column 10
parse error: Invalid numeric literal at line 1, column 10
parse error: Invalid numeric literal at line 1, column 10
parse error: Invalid numeric literal at line 1, column 10
03/17/21 00:07:50 829630300 1615910870

real	0m5.012s
user	0m0.000s
sys	0m0.047s

real	0m2.811s
user	0m0.047s
sys	0m0.188s
[WARN] get LZ_TOKEN error
03/17/21 00:08:00 240009500  1615910880
use pt_key

real	0m2.210s
user	0m0.172s
sys	0m0.234s
03/17/21 00:08:02 914206600  1615910882 token: AAFgUNfiADCfo6-gqupSX0Krp3CflLT5-vufoOkrB5ZeR_Hp7aEROfAKqeJB2KSjBfm3ookpKNk

real	0m2.571s
user	0m0.063s
sys	0m0.188s
parse error: Invalid numeric literal at line 1, column 10
03/17/21 00:08:10 417221600  1615910890 secretPin: 
[WARN] get secretPin error

03/17/21 00:08:11 142741500  1615910891 肥鹅签到蒙牛官方旗舰店

real	0m1.668s
user	0m0.031s
sys	0m0.109s
parse error: Invalid numeric literal at line 1, column 10
parse error: Invalid numeric literal at line 1, column 10
parse error: Invalid numeric literal at line 1, column 10
parse error: Invalid numeric literal at line 1, column 10
parse error: Invalid numeric literal at line 1, column 10
03/17/21 00:08:20 679168400 1615910900

real	0m4.494s
user	0m0.016s
sys	0m0.047s

real	0m2.768s
user	0m0.063s
sys	0m0.188s
[WARN] get LZ_TOKEN error
03/17/21 00:08:30 021034700  1615910910
use pt_key

real	0m2.874s
user	0m0.188s
sys	0m0.234s
03/17/21 00:08:33 518861500  1615910913 token: AAFgUNgAADB5710wMygFul0jKFhw3eMWL5MpLcq3d6845TCaE_LjxSJBYLpU28U8AU1f7z8Spdg

real	0m3.169s
user	0m0.063s
sys	0m0.172s
03/17/21 00:08:40 420349000  1615910920 secretPin: 
[WARN] get secretPin error

03/17/21 00:08:41 101029600  1615910921 肥鹅签到蒙牛官方旗舰店

real	0m1.577s
user	0m0.031s
sys	0m0.219s
03/17/21 00:08:50 074926300 1615910930

real	0m4.688s
user	0m0.000s
sys	0m0.063s

real	0m1.340s
user	0m0.031s
sys	0m0.219s
lzkj-isv.isvjcloud.com	FALSE	/	FALSE	1615911536	LZ_TOKEN_VALUE	B0oH3vDY2bhHWuKbVaJ+XQ==
lzkj-isv.isvjcloud.com	FALSE	/	FALSE	1615911536	LZ_TOKEN_KEY	lztokenpagec9c67ea6d99b489ea7eb8c05587adc48
03/17/21 00:08:57 241981800  1615910937
use pt_key

real	0m2.330s
user	0m0.203s
sys	0m0.203s
03/17/21 00:09:00 426962700  1615910940 token: AAFgUNgbADAh77BP6ejbzQ4bvHGEquiuEG7au-096Ga_A8zd1YpHiWG1e6faXSyHJxqspO5GjE0

real	0m1.774s
user	0m0.063s
sys	0m0.219s
03/17/21 00:09:03 755850100  1615910943 secretPin: 4YEv+ri88IbQX5lhoqHrzE7oeVP9kq2pYSH90mYt4m3fwcJlClpxrfmVYaGKuquQkdK3rLBQpEQH9V4tdrrh0w==

03/17/21 00:09:04 041016800  1615910944 肥鹅签到蒙牛官方旗舰店

real	0m0.840s
user	0m0.031s
sys	0m0.156s
{
  "msg": "当天只允许签到一次",
  "isOk": false
}
"当天只允许签到一次"
03/17/21 00:09:08 208451500 1615910948
03/17/21 00:09:08 418787200 1615910948 签到蒙牛官方旗舰店完成
03/17/21 00:09:53 920327800  1615910993
false
重复签到. 载入之前签到的giftName: null

***********************************************
7天签到 第 1 天
当天签到奖励 [null]
***********************************************

肥鹅签到蒙牛官方旗舰店查看结果, 活动规则
{"giftConditions":[{"gift":{"giftInfoId":null,"giftName":"10京豆","venderId":null,"giftType":"6","type":0,"shortLink":"","orginLink":null,"activityId":null,"giftResidue":null,"commonAddAwardVO":null,"name":null,"id":"1164029","activityType":null},"imgUrl":"","giftInfoId":"e25a0e0b6f1e49e99181b21b4c2a322e","dayNum":"1","showType":"0"},{"gift":{"giftInfoId":null,"giftName":"10元优惠券","venderId":null,"giftType":"1","type":0,"shortLink":"3.cn/10-16XfJJ","orginLink":null,"activityId":null,"giftResidue":null,"commonAddAwardVO":null,"name":null,"id":"349150473","activityType":null},"imgUrl":"","giftInfoId":"5c711100d5ec4417a9073a0da1b7cf08","dayNum":"2","showType":"0"},{"gift":{"giftInfoId":null,"giftName":"15京豆","venderId":null,"giftType":"6","type":0,"shortLink":"","orginLink":null,"activityId":null,"giftResidue":null,"commonAddAwardVO":null,"name":null,"id":"1164029","activityType":null},"imgUrl":"","giftInfoId":"a0713550deb841ba98ffb0ef8bb39d29","dayNum":"3","showType":"0"},{"gift":{"giftInfoId":null,"giftName":"20元优惠券","venderId":null,"giftType":"1","type":0,"shortLink":"3.cn/10-16Xhm4","orginLink":null,"activityId":null,"giftResidue":null,"commonAddAwardVO":null,"name":null,"id":"349246721","activityType":null},"imgUrl":"","giftInfoId":"8c2068e0563944b8ae2112f16f93a195","dayNum":"4","showType":"0"},{"gift":{"giftInfoId":null,"giftName":"10京豆","venderId":null,"giftType":"6","type":0,"shortLink":"","orginLink":null,"activityId":null,"giftResidue":null,"commonAddAwardVO":null,"name":null,"id":"1164029","activityType":null},"imgUrl":"","giftInfoId":"6349a827400644748d9ec953a4e1d52b","dayNum":"5","showType":"0"},{"gift":{"giftInfoId":null,"giftName":"50元优惠券","venderId":null,"giftType":"1","type":0,"shortLink":"3.cn/10-16Xgrl","orginLink":null,"activityId":null,"giftResidue":null,"commonAddAwardVO":null,"name":null,"id":"349246673","activityType":null},"imgUrl":"","giftInfoId":"0bb31802a57c4dd99f94f01b6b2a1b74","dayNum":"6","showType":"0"},{"gift":{"giftInfoId":null,"giftName":"15京豆","venderId":null,"giftType":"6","type":0,"shortLink":"","orginLink":null,"activityId":null,"giftResidue":null,"commonAddAwardVO":null,"name":null,"id":"1164029","activityType":null},"imgUrl":"","giftInfoId":"a15732805b3f45fba2f39b7fa7cfad3c","dayNum":"7","showType":"0"}],"msg":"","isOk":true,"isOver":"n","contiSignDays":1,"actRule":"1、活动时间：2021-03-02 00:00 - 2021-03-31 23:59；
2、关注店铺后方可参与活动；
3、符合连续签到赠送条件，则有机会赠送连续签到奖品；
4、连续签到7天后，清零可重新开始；
5、签到成功后有机会获得奖品，也有可能会与奖品擦肩而过（奖品数量有限，先到先得）；
6、若用户存在刷奖等恶意行为，一经发现将取消抽奖资格（如奖品已经发放，有权追回奖品）；
注：奖品发放形式：
实物奖：
（1）中奖客户信息收集：页面弹屏提示中奖客户提供收货地址、号码和奖项；(超过1小时未填写对应收货信息，视为放弃);
（2）实物奖采取寄送方式发放，获奖用户需在开奖后填写姓名、联系电话、详细地址信息。如因用户原因无法联系上，即奖品作废不再补发，或如用户未填写真实有效的信息或填写收货信息不详，均视为放弃奖品；
虚拟产品奖：
（1）京豆：中奖后系统预计24小时内自动发放至账户；
（2）优惠券：中奖后需手动领取，预计24小时到账；
【活动参与主体资格】
（1）每位自然人用户仅能使用一个京东账号参与活动，微信号、QQ、京东帐号、手机号码等任一信息一致或指向同一用户的，视为同一个用户，则第一个参与本活动的账号参与结果有效，其余账号参与结果均视为无效。
（2）若发现同一位用户使用不同账号重复参与活动，承办方有权取消其获奖资格。
【注意事项】
（1）活动过程中，凡以不正当手段（如作弊领取、恶意套取、刷信誉、虚假交易、扰乱系统、实施网络攻击等）参与本次活动的用户，商家有权终止其参与活动，并取消其获奖资格（如奖品已发放，商家有权追回），如给商家造成损失的，商家将保留向违规用户继续追索的权利。
（2）如遇不可抗力(包括但不限于重大灾害事件、活动受政府机关指令需要停止举办或调整的、活动中存在大面积作弊行为、活动遭受严重网络攻击或因系统故障导致活动中奖名单大批量出错，活动不能正常进行的)，商家有权取消、修改或暂停本活动。
（3）本活动所发放的实物奖不得提现、不得转赠他人、不得为他人付款。
（4）是否中奖以活动发布者后台统计结果为准。
","followDays":0,"isSign":"y"}

#店铺名称
vendername="蒙牛官方旗舰店"
#店铺激活码
actId="3f064b1a32ec4b2ab6e044aa1cacad06"
#店铺id
venderId="182542"
#长链接
url="https://lzkj-isv.isvjcloud.com/sign/sevenDay/signActivity?activityId=3f064b1a32ec4b2ab6e044aa1cacad06&venderId=182542&adsource=tg_storePage"

startTime=1614614400
endTime=1617206340
# 活动时间：2021-03-02 00:00 - 2021-03-31 23:59；
# 奖励说明：
actRule="
7天签到
连续签到1天：10京豆
连续签到2天：10元优惠券
连续签到3天：15京豆
连续签到4天：20元优惠券
连续签到5天：10京豆
连续签到6天：50元优惠券
连续签到7天：15京豆
"
#移动 jd_OeTNobRVGiNZ sign_res
sign_num=""
giftName=""
giftRes=""
giftDate="20210317"
sign_res_info="7天签到 第  天
当天签到奖励 []"
#移动 jd_OeTNobRVGiNZ sign_res_end
#赵 122294312-396444 sign_res
sign_num="1"
giftName="null"
giftRes="ok"
giftDate="20210317"
sign_res_info="7天签到 第 1 天
当天签到奖励 [null]"
#赵 122294312-396444 sign_res_end
#王 1309893722-164885 sign_res
sign_num="1"
giftName="null"
giftRes="ok"
giftDate="20210317"
sign_res_info="7天签到 第 1 天
当天签到奖励 [null]"
#王 1309893722-164885 sign_res_end
#肥鹅 jd_4d651d9e48204 sign_res
sign_num="1"
giftName="null"
giftRes="ok"
giftDate="20210317"
sign_res_info="7天签到 第 1 天
当天签到奖励 [null]"
#肥鹅 jd_4d651d9e48204 sign_res_end
