03/13/21 00:00:08 081951000  1615564808
RANDOM_num: 35
force to sign

real	0m1.428s
user	0m0.031s
sys	0m0.078s
lzkj-isv.isvjcloud.com	FALSE	/	FALSE	1615565410	LZ_TOKEN_VALUE	B0oH3vDY2bhHWuKbVaJ+XQ==
lzkj-isv.isvjcloud.com	FALSE	/	FALSE	1615565410	LZ_TOKEN_KEY	lztokenpage42e478ddbedd4df78d4174538ad5be51
03/13/21 00:00:11 351647600  1615564811
use pt_key

real	0m0.961s
user	0m0.109s
sys	0m0.109s
03/13/21 00:00:12 807583900  1615564812 token: AAFgS5ALADDiel6CnqepERh-zOWU90aBLY-xPbCRF54TrtSgZEe20JuGDdU7WUFVKeqUvD95As4

real	0m1.591s
user	0m0.016s
sys	0m0.125s
03/13/21 00:00:15 308229100  1615564815 secretPin: 8zfoIjWIu/DcpxQNzAV7/oVPSWy1B8D+G4s+fJIFDfWHSnwnXFQKK9yQco/OGmHebU48Dr07k+7+k1UaXRbZKg==

03/13/21 00:00:15 495015400  1615564815 ç‹ç­¾åˆ°é‡‘å£«é¡¿æ——èˆ°åº—

real	0m0.654s
user	0m0.016s
sys	0m0.094s
parse error: Invalid numeric literal at line 1, column 10
parse error: Invalid numeric literal at line 1, column 10
parse error: Invalid numeric literal at line 1, column 10
parse error: Invalid numeric literal at line 1, column 10
03/13/21 00:00:19 292032900 1615564819

real	0m0.927s
user	0m0.000s
sys	0m0.047s

real	0m0.826s
user	0m0.016s
sys	0m0.094s
[WARN] get LZ_TOKEN error
03/13/21 00:00:21 453510200  1615564821
use pt_key

real	0m0.537s
user	0m0.172s
sys	0m0.109s
03/13/21 00:00:22 149771400  1615564822 token: AAFgS5AVADALSM7sSYpEDy2kT1D6Jvm9on25NDySP173yYlmpo1FyLVuDh5VuVKl6fRfatEkUQw

real	0m0.475s
user	0m0.016s
sys	0m0.125s
parse error: Invalid numeric literal at line 1, column 10
03/13/21 00:00:23 127334300  1615564823 secretPin: 
[WARN] get secretPin error

03/13/21 00:00:23 214567000  1615564823 ç‹ç­¾åˆ°é‡‘å£«é¡¿æ——èˆ°åº—

real	0m0.413s
user	0m0.016s
sys	0m0.141s
parse error: Invalid numeric literal at line 1, column 10
parse error: Invalid numeric literal at line 1, column 10
parse error: Invalid numeric literal at line 1, column 10
parse error: Invalid numeric literal at line 1, column 10
03/13/21 00:00:24 894707900 1615564824

real	0m0.599s
user	0m0.000s
sys	0m0.047s

real	0m0.400s
user	0m0.016s
sys	0m0.078s
[WARN] get LZ_TOKEN error
03/13/21 00:00:26 139097600  1615564826
use pt_key

real	0m0.403s
user	0m0.109s
sys	0m0.109s
03/13/21 00:00:26 632798900  1615564826 token: AAFgS5AZADDJI5cfgnuqRupdCuCMTH-3JWGneiM16MIr9oAHJkpG3ZUPHK6SQovEJvDQPnjViaI

real	0m0.322s
user	0m0.016s
sys	0m0.109s
parse error: Invalid numeric literal at line 1, column 10
03/13/21 00:00:27 268040600  1615564827 secretPin: 
[WARN] get secretPin error

03/13/21 00:00:27 329931900  1615564827 ç‹ç­¾åˆ°é‡‘å£«é¡¿æ——èˆ°åº—

real	0m0.351s
user	0m0.016s
sys	0m0.094s
parse error: Invalid numeric literal at line 1, column 10
parse error: Invalid numeric literal at line 1, column 10
parse error: Invalid numeric literal at line 1, column 10
parse error: Invalid numeric literal at line 1, column 10
03/13/21 00:00:29 102787700 1615564829

real	0m0.824s
user	0m0.000s
sys	0m0.016s

real	0m0.302s
user	0m0.031s
sys	0m0.094s
[WARN] get LZ_TOKEN error
03/13/21 00:00:30 359298600  1615564830
use pt_key

real	0m0.387s
user	0m0.094s
sys	0m0.109s
03/13/21 00:00:30 820488700  1615564830 token: AAFgS5AdADCp5DBYync1T2hyjmM4Em3Pj0IurcY-33J8we_ZusytRouXObrSYZaDVNAfhFfs-ug

real	0m0.373s
user	0m0.016s
sys	0m0.125s
parse error: Invalid numeric literal at line 1, column 10
03/13/21 00:00:31 615450700  1615564831 secretPin: 
[WARN] get secretPin error

03/13/21 00:00:31 669131900  1615564831 ç‹ç­¾åˆ°é‡‘å£«é¡¿æ——èˆ°åº—

real	0m0.314s
user	0m0.016s
sys	0m0.109s
parse error: Invalid numeric literal at line 1, column 10
parse error: Invalid numeric literal at line 1, column 10
parse error: Invalid numeric literal at line 1, column 10
parse error: Invalid numeric literal at line 1, column 10
03/13/21 00:00:32 828865500 1615564832

real	0m0.970s
user	0m0.000s
sys	0m0.016s

real	0m0.266s
user	0m0.016s
sys	0m0.109s
[WARN] get LZ_TOKEN error
03/13/21 00:00:34 214209300  1615564834
use pt_key

real	0m0.345s
user	0m0.141s
sys	0m0.094s
03/13/21 00:00:34 686979300  1615564834 token: AAFgS5AhADAQYvNBsOX1MlsNKk-Fz9ioFGNxdeWJv98QyjqnPxT37VhzdoMNoDEYt6rZ03BisGE

real	0m0.353s
user	0m0.016s
sys	0m0.063s
parse error: Invalid numeric literal at line 1, column 10
03/13/21 00:00:35 337011700  1615564835 secretPin: 
[WARN] get secretPin error

03/13/21 00:00:35 380150400  1615564835 ç‹ç­¾åˆ°é‡‘å£«é¡¿æ——èˆ°åº—

real	0m0.337s
user	0m0.016s
sys	0m0.063s
parse error: Invalid numeric literal at line 1, column 10
parse error: Invalid numeric literal at line 1, column 10
parse error: Invalid numeric literal at line 1, column 10
parse error: Invalid numeric literal at line 1, column 10
03/13/21 00:00:36 943855100 1615564836

real	0m1.239s
user	0m0.000s
sys	0m0.031s

real	0m0.319s
user	0m0.031s
sys	0m0.094s
[WARN] get LZ_TOKEN error
03/13/21 00:00:38 712125400  1615564838
use pt_key

real	0m0.383s
user	0m0.125s
sys	0m0.109s
03/13/21 00:00:39 163263200  1615564839 token: AAFgS5AmADAQiWG85dHiO5lKjI2jB77_Q3Q1WL3v-zTG1_mKmNb4XRp4hvtQDfBb5-S7J-TJ9Ag

real	0m0.259s
user	0m0.047s
sys	0m0.109s
parse error: Invalid numeric literal at line 1, column 10
03/13/21 00:00:39 761200700  1615564839 secretPin: 
[WARN] get secretPin error

03/13/21 00:00:39 841242200  1615564839 ç‹ç­¾åˆ°é‡‘å£«é¡¿æ——èˆ°åº—

real	0m0.412s
user	0m0.031s
sys	0m0.078s
parse error: Invalid numeric literal at line 1, column 10
parse error: Invalid numeric literal at line 1, column 10
parse error: Invalid numeric literal at line 1, column 10
parse error: Invalid numeric literal at line 1, column 10
03/13/21 00:00:41 392504200 1615564841

real	0m1.394s
user	0m0.000s
sys	0m0.094s

real	0m0.285s
user	0m0.031s
sys	0m0.094s
[WARN] get LZ_TOKEN error
03/13/21 00:00:43 214798100  1615564843
use pt_key

real	0m0.337s
user	0m0.125s
sys	0m0.156s
03/13/21 00:00:43 618183400  1615564843 token: AAFgS5AqADD7OS861blJHjMFm-AyXOsRmqFL7VqJgmKrALtjp6fYuseaOtf83Lm4q-4VA3ibM84

real	0m0.204s
user	0m0.031s
sys	0m0.047s
parse error: Invalid numeric literal at line 1, column 10
03/13/21 00:00:44 077334400  1615564844 secretPin: 
[WARN] get secretPin error

03/13/21 00:00:44 119477200  1615564844 ç‹ç­¾åˆ°é‡‘å£«é¡¿æ——èˆ°åº—

real	0m0.320s
user	0m0.047s
sys	0m0.094s
parse error: Invalid numeric literal at line 1, column 10
parse error: Invalid numeric literal at line 1, column 10
parse error: Invalid numeric literal at line 1, column 10
parse error: Invalid numeric literal at line 1, column 10
03/13/21 00:00:45 361467400 1615564845

real	0m1.532s
user	0m0.000s
sys	0m0.016s

real	0m0.205s
user	0m0.031s
sys	0m0.063s
[WARN] get LZ_TOKEN error
03/13/21 00:00:47 226158800  1615564847
use pt_key

real	0m0.315s
user	0m0.109s
sys	0m0.156s
03/13/21 00:00:47 592989900  1615564847 token: AAFgS5AuADBmIngdx-lXEaUtXGNxXDFI9tCUrMnFgQcKVaMriRsngJwrOqr2Pyo5ijHjh-QaPGA

real	0m0.259s
user	0m0.000s
sys	0m0.125s
parse error: Invalid numeric literal at line 1, column 10
03/13/21 00:00:48 283818900  1615564848 secretPin: 
[WARN] get secretPin error

03/13/21 00:00:48 355406800  1615564848 ç‹ç­¾åˆ°é‡‘å£«é¡¿æ——èˆ°åº—

real	0m0.324s
user	0m0.047s
sys	0m0.094s
parse error: Invalid numeric literal at line 1, column 10
parse error: Invalid numeric literal at line 1, column 10
parse error: Invalid numeric literal at line 1, column 10
parse error: Invalid numeric literal at line 1, column 10
03/13/21 00:00:49 404253500 1615564849

real	0m1.752s
user	0m0.000s
sys	0m0.016s

real	0m0.323s
user	0m0.047s
sys	0m0.078s
[WARN] get LZ_TOKEN error
03/13/21 00:00:51 635022600  1615564851
use pt_key

real	0m0.378s
user	0m0.125s
sys	0m0.094s
03/13/21 00:00:52 084579200  1615564852 token: AAFgS5AzADB9OwA6Obe5czW1SdEMTDDp_L3wQvyx69QdTWa26_QJcBIeKFpPkhvV8qKSXHs_xoc

real	0m0.257s
user	0m0.047s
sys	0m0.141s
parse error: Invalid numeric literal at line 1, column 10
03/13/21 00:00:52 690382200  1615564852 secretPin: 
[WARN] get secretPin error

03/13/21 00:00:52 761848400  1615564852 ç‹ç­¾åˆ°é‡‘å£«é¡¿æ——èˆ°åº—

real	0m0.250s
user	0m0.063s
sys	0m0.094s
parse error: Invalid numeric literal at line 1, column 10
parse error: Invalid numeric literal at line 1, column 10
parse error: Invalid numeric literal at line 1, column 10
parse error: Invalid numeric literal at line 1, column 10
03/13/21 00:00:53 801832900 1615564853

real	0m2.028s
user	0m0.000s
sys	0m0.016s

real	0m0.146s
user	0m0.016s
sys	0m0.078s
[WARN] get LZ_TOKEN error
03/13/21 00:00:56 059295500  1615564856
use pt_key

real	0m0.247s
user	0m0.094s
sys	0m0.141s
03/13/21 00:00:56 361606400  1615564856 token: AAFgS5A3ADBgW0K0JC_hlolZc0Hy5Ur2Wcic-WCorZ1RedncqTLBIbnPZSZyjrDSTK7cm9GvLwk

real	0m0.256s
user	0m0.016s
sys	0m0.063s
parse error: Invalid numeric literal at line 1, column 10
03/13/21 00:00:56 915956900  1615564856 secretPin: 
[WARN] get secretPin error

03/13/21 00:00:56 971176000  1615564856 ç‹ç­¾åˆ°é‡‘å£«é¡¿æ——èˆ°åº—

real	0m0.351s
user	0m0.000s
sys	0m0.141s
parse error: Invalid numeric literal at line 1, column 10
parse error: Invalid numeric literal at line 1, column 10
parse error: Invalid numeric literal at line 1, column 10
parse error: Invalid numeric literal at line 1, column 10
03/13/21 00:00:58 572087500 1615564858

real	0m2.158s
user	0m0.000s
sys	0m0.047s

real	0m0.164s
user	0m0.031s
sys	0m0.094s
[WARN] get LZ_TOKEN error
03/13/21 00:01:00 947118700  1615564860
use pt_key

real	0m0.127s
user	0m0.063s
sys	0m0.078s
03/13/21 00:01:01 091666400  1615564861 token: AAFgS5A8ADBsVDzXMef6TWkAUwDC0QaDZJAOVdoobLaSLgohThd32U2NTTK5YCuL0LzSmLHemdA

real	0m0.118s
user	0m0.016s
sys	0m0.047s
parse error: Invalid numeric literal at line 1, column 10
03/13/21 00:01:01 376619500  1615564861 secretPin: 
[WARN] get secretPin error

03/13/21 00:01:01 432824300  1615564861 ç‹ç­¾åˆ°é‡‘å£«é¡¿æ——èˆ°åº—

real	0m0.219s
user	0m0.016s
sys	0m0.125s
parse error: Invalid numeric literal at line 1, column 10
parse error: Invalid numeric literal at line 1, column 10
parse error: Invalid numeric literal at line 1, column 10
parse error: Invalid numeric literal at line 1, column 10
03/13/21 00:01:02 207493000 1615564862

real	0m2.403s
user	0m0.000s
sys	0m0.016s

real	0m0.159s
user	0m0.031s
sys	0m0.109s
[WARN] get LZ_TOKEN error
03/13/21 00:01:04 840766800  1615564864
use pt_key

real	0m0.242s
user	0m0.094s
sys	0m0.094s
03/13/21 00:01:05 120245300  1615564865 token: AAFgS5BAADCZJH_zvO0aiQYiC3PbCNijpVgGN3DD8qsqM2quERVUEsMFTIE-x0Fd9Fg9pO74Ct4

real	0m0.288s
user	0m0.047s
sys	0m0.094s
parse error: Invalid numeric literal at line 1, column 10
03/13/21 00:01:05 605688400  1615564865 secretPin: 
[WARN] get secretPin error

03/13/21 00:01:05 632773900  1615564865 ç‹ç­¾åˆ°é‡‘å£«é¡¿æ——èˆ°åº—

real	0m0.170s
user	0m0.063s
sys	0m0.078s
parse error: Invalid numeric literal at line 1, column 10
parse error: Invalid numeric literal at line 1, column 10
parse error: Invalid numeric literal at line 1, column 10
parse error: Invalid numeric literal at line 1, column 10
03/13/21 00:01:06 381597300 1615564866

real	0m2.530s
user	0m0.000s
sys	0m0.031s

real	0m0.222s
user	0m0.031s
sys	0m0.109s
[WARN] get LZ_TOKEN error
03/13/21 00:01:09 220739600  1615564869
use pt_key

real	0m0.231s
user	0m0.109s
sys	0m0.156s
03/13/21 00:01:09 495189300  1615564869 token: AAFgS5BEADBkOauiFit1d0_gKJabR_O7v-3R3PJouNHuRqvSOieFIA714D4OYkfj4n-IzqgQfTo

real	0m0.202s
user	0m0.047s
sys	0m0.094s
parse error: Invalid numeric literal at line 1, column 10
03/13/21 00:01:09 883953700  1615564869 secretPin: 
[WARN] get secretPin error

03/13/21 00:01:09 909474800  1615564869 ç‹ç­¾åˆ°é‡‘å£«é¡¿æ——èˆ°åº—

real	0m0.161s
user	0m0.078s
sys	0m0.063s
parse error: Invalid numeric literal at line 1, column 10
parse error: Invalid numeric literal at line 1, column 10
parse error: Invalid numeric literal at line 1, column 10
parse error: Invalid numeric literal at line 1, column 10
03/13/21 00:01:10 559847100 1615564870

real	0m2.663s
user	0m0.000s
sys	0m0.047s

real	0m0.171s
user	0m0.047s
sys	0m0.094s
[WARN] get LZ_TOKEN error
03/13/21 00:01:13 462102600  1615564873
use pt_key

real	0m0.195s
user	0m0.094s
sys	0m0.109s
03/13/21 00:01:13 692422000  1615564873 token: AAFgS5BIADB31bqaOqr1UuIaVB9tST1BRZ0QXHnKFuQan7m7nVTHjx9Vt3dVupv8ahZYj9jpNas

real	0m0.151s
user	0m0.031s
sys	0m0.063s
parse error: Invalid numeric literal at line 1, column 10
03/13/21 00:01:13 988324200  1615564873 secretPin: 
[WARN] get secretPin error

03/13/21 00:01:14 010056300  1615564874 ç‹ç­¾åˆ°é‡‘å£«é¡¿æ——èˆ°åº—

real	0m0.150s
user	0m0.031s
sys	0m0.078s
parse error: Invalid numeric literal at line 1, column 10
parse error: Invalid numeric literal at line 1, column 10
parse error: Invalid numeric literal at line 1, column 10
parse error: Invalid numeric literal at line 1, column 10
03/13/21 00:01:14 509188400 1615564874

real	0m2.850s
user	0m0.000s
sys	0m0.031s

real	0m0.133s
user	0m0.031s
sys	0m0.063s
[WARN] get LZ_TOKEN error
03/13/21 00:01:17 551977200  1615564877
use pt_key

real	0m0.173s
user	0m0.094s
sys	0m0.078s
03/13/21 00:01:17 758064500  1615564877 token: AAFgS5BMADBgZH4o60WhmF2rV_at1gb1AHildrN5kFWUHfN31ntGH7bYFCD477No9YGVxIr4Yv4

real	0m0.134s
user	0m0.000s
sys	0m0.094s
parse error: Invalid numeric literal at line 1, column 10
03/13/21 00:01:18 003693600  1615564878 secretPin: 
[WARN] get secretPin error

03/13/21 00:01:18 022783200  1615564878 ç‹ç­¾åˆ°é‡‘å£«é¡¿æ——èˆ°åº—

real	0m0.127s
user	0m0.031s
sys	0m0.078s
parse error: Invalid numeric literal at line 1, column 10
parse error: Invalid numeric literal at line 1, column 10
parse error: Invalid numeric literal at line 1, column 10
parse error: Invalid numeric literal at line 1, column 10
03/13/21 00:01:18 444386600 1615564878

real	0m3.039s
user	0m0.000s
sys	0m0.031s

real	0m0.145s
user	0m0.031s
sys	0m0.063s
[WARN] get LZ_TOKEN error
03/13/21 00:01:21 683863900  1615564881
use pt_key

real	0m0.179s
user	0m0.094s
sys	0m0.078s
03/13/21 00:01:21 892241400  1615564881 token: AAFgS5BQADAaqOk9LadeWPpsnMtSY8pRFaaiJqOPB9jxBqd_DRcIXqC2CFiLrjw62c-6RChply4

real	0m0.186s
user	0m0.031s
sys	0m0.109s
parse error: Invalid numeric literal at line 1, column 10
03/13/21 00:01:22 250625600  1615564882 secretPin: 
[WARN] get secretPin error

03/13/21 00:01:22 277389400  1615564882 ç‹ç­¾åˆ°é‡‘å£«é¡¿æ——èˆ°åº—

real	0m0.155s
user	0m0.016s
sys	0m0.094s
parse error: Invalid numeric literal at line 1, column 10
parse error: Invalid numeric literal at line 1, column 10
parse error: Invalid numeric literal at line 1, column 10
parse error: Invalid numeric literal at line 1, column 10
03/13/21 00:01:22 758503600 1615564882

real	0m3.246s
user	0m0.000s
sys	0m0.047s

real	0m0.162s
user	0m0.016s
sys	0m0.078s
[WARN] get LZ_TOKEN error
03/13/21 00:01:26 248158500  1615564886
use pt_key

real	0m0.225s
user	0m0.109s
sys	0m0.078s
03/13/21 00:01:26 500109400  1615564886 token: AAFgS5BVADC-ZfwhP7oth1HJFYf6SEiXcxtoS2RMKUuDV6ej9wJAZ9Ngvj_VE-GVhU1vfN41c7k

real	0m0.174s
user	0m0.047s
sys	0m0.094s
parse error: Invalid numeric literal at line 1, column 10
03/13/21 00:01:26 823658200  1615564886 secretPin: 
[WARN] get secretPin error

03/13/21 00:01:26 846808800  1615564886 ç‹ç­¾åˆ°é‡‘å£«é¡¿æ——èˆ°åº—

real	0m0.135s
user	0m0.016s
sys	0m0.078s
parse error: Invalid numeric literal at line 1, column 10
parse error: Invalid numeric literal at line 1, column 10
parse error: Invalid numeric literal at line 1, column 10
parse error: Invalid numeric literal at line 1, column 10
03/13/21 00:01:27 318558600 1615564887

real	0m3.450s
user	0m0.000s
sys	0m0.031s

real	0m0.197s
user	0m0.016s
sys	0m0.109s
[WARN] get LZ_TOKEN error
03/13/21 00:01:31 062249700  1615564891
use pt_key

real	0m0.220s
user	0m0.094s
sys	0m0.109s
03/13/21 00:01:31 317383200  1615564891 token: AAFgS5BaADCSVEcorX3akSQKh7tk4-jTb55wpLE3vucEuGQXD2xo3eWHZ_ZrF00Mtn6374etNIw

real	0m0.213s
user	0m0.016s
sys	0m0.094s
parse error: Invalid numeric literal at line 1, column 10
03/13/21 00:01:31 756463400  1615564891 secretPin: 
[WARN] get secretPin error

03/13/21 00:01:31 785693400  1615564891 ç‹ç­¾åˆ°é‡‘å£«é¡¿æ——èˆ°åº—

real	0m0.131s
user	0m0.000s
sys	0m0.094s
parse error: Invalid numeric literal at line 1, column 10
parse error: Invalid numeric literal at line 1, column 10
parse error: Invalid numeric literal at line 1, column 10
parse error: Invalid numeric literal at line 1, column 10
03/13/21 00:01:32 275181700 1615564892

real	0m3.652s
user	0m0.000s
sys	0m0.063s

real	0m0.168s
user	0m0.031s
sys	0m0.078s
[WARN] get LZ_TOKEN error
03/13/21 00:01:36 158963100  1615564896
use pt_key

real	0m0.185s
user	0m0.094s
sys	0m0.125s
03/13/21 00:01:36 376317400  1615564896 token: AAFgS5BfADDCsCu8UQikWn5_NwTZSVjOTZYHCt9smXx3FG-8fMrF7V9imDnsKLglcE5CqPIuhJs

real	0m0.183s
user	0m0.031s
sys	0m0.094s
parse error: Invalid numeric literal at line 1, column 10
03/13/21 00:01:36 726909900  1615564896 secretPin: 
[WARN] get secretPin error

03/13/21 00:01:36 751399100  1615564896 ç‹ç­¾åˆ°é‡‘å£«é¡¿æ——èˆ°åº—

real	0m0.153s
user	0m0.016s
sys	0m0.094s
parse error: Invalid numeric literal at line 1, column 10
parse error: Invalid numeric literal at line 1, column 10
parse error: Invalid numeric literal at line 1, column 10
parse error: Invalid numeric literal at line 1, column 10
03/13/21 00:01:37 233284900 1615564897

real	0m3.838s
user	0m0.000s
sys	0m0.031s

real	0m0.163s
user	0m0.016s
sys	0m0.094s
[WARN] get LZ_TOKEN error
03/13/21 00:01:41 299594000  1615564901
use pt_key

real	0m0.200s
user	0m0.063s
sys	0m0.125s
03/13/21 00:01:41 529244000  1615564901 token: AAFgS5BkADDHPgBfMvD-3UUkccp9rVT0RZ5r-Fpo4zfizv22hG19_cFopVf5ifBMNconuN91QLA

real	0m0.174s
user	0m0.016s
sys	0m0.094s
parse error: Invalid numeric literal at line 1, column 10
03/13/21 00:01:41 896040500  1615564901 secretPin: 
[WARN] get secretPin error

03/13/21 00:01:41 928176400  1615564901 ç‹ç­¾åˆ°é‡‘å£«é¡¿æ——èˆ°åº—

real	0m0.156s
user	0m0.016s
sys	0m0.109s
parse error: Invalid numeric literal at line 1, column 10
parse error: Invalid numeric literal at line 1, column 10
parse error: Invalid numeric literal at line 1, column 10
parse error: Invalid numeric literal at line 1, column 10
03/13/21 00:01:42 363816600 1615564902

real	0m4.037s
user	0m0.000s
sys	0m0.016s
03/13/21 00:03:31 912443500  1615565011
parse error: Invalid numeric literal at line 1, column 10
ç­¾åˆ°æ˜¯å¦æˆåŠŸè§£æå¤±è´¥. ä¸å†å†™/home/myid/jd/jd_signup/vender/shop_1615211039_13

ç‹ç­¾åˆ°é‡‘å£«é¡¿æ——èˆ°åº—æŸ¥çœ‹ç»“æœ
<!DOCTYPE html>
<html>
 <head> 
  <title>äº¬ä¸œ</title> 
  <meta charset="utf-8" /> 
  <meta name="apple-mobile-web-app-capable" content="yes" /> 
  <meta name="viewport" content="width=device-width,initial-scale=1,user-scalable=no,maximum-scale=1,viewport-fit=cover" /> 
  <meta name="format-detection" content="telephone=no" /> 
  <meta name="x5-cache" content="enable" /> 
  <link rel="stylesheet" href="https://storage.360buyimg.com/babel/00162638/333378/production/dev/parser.1526555535098.css?t=20180517191236" /> 
  <style> img {
            opacity: 1 !important;
        } </style> 
  <link href="https://storage.360buyimg.com/babel/00170893/348321/production/dev/index.7320a380.css?t=20180802150952" rel="stylesheet" />
 </head> 
 <body style="background:#fff;" id="root"> 
  <div class="errorPage"> 
  </div> 
  <div class="placeholer"> 
  </div> 
  <script src="https://wl.jd.com/unify.min.js"></script> 
  <script type="text/javascript" src="https://storage.360buyimg.com/babel/00170893/348321/production/dev/index.0f8f4dba.js?t=20180802150952"></script> 
 </body>
</html>

parse error: Invalid numeric literal at line 1, column 10
[0;31;3mRUN  at {283:<--} ERROR CODE: 4[0m [0;31;3m[20210313 00:03:35] [ERROR] [0m

