02/19/21 00:00:03 024536000  1613664003
RANDOM_num: 40
removed '/tmp/tmp.FjITml8zbK'
lzkj-isv.isvjcloud.com	FALSE	/	FALSE	1613664608	LZ_TOKEN_VALUE	B0oH3vDY2bhHWuKbVaJ+XQ==
lzkj-isv.isvjcloud.com	FALSE	/	FALSE	1613664608	LZ_TOKEN_KEY	lztokenpagec85eb691f5fb40ae8c5b17564ebcfbff
use pt_key
token: AAFgLo8OADClOJD_v7ziaWksOjEBefxNeDy4T-QbQ9jKXpPbPiScZJQqCu4Qp_jOiIttYHtKO9M
secretPin: 51S2JqsypB/nfj45frYeoU7oeVP9kq2pYSH90mYt4m3fwcJlClpxrfmVYaGKuquQkdK3rLBQpEQH9V4tdrrh0w==

02/19/21 00:00:18 096792100  1613664018
èµµç­¾åˆ°GARMINä½³æ˜å®˜æ–¹æ——èˆ°åº—
parse error: Invalid numeric literal at line 1, column 10
parse error: Invalid numeric literal at line 1, column 10
parse error: Invalid numeric literal at line 1, column 10
parse error: Invalid numeric literal at line 1, column 10

real	0m1.445s
user	0m0.016s
sys	0m0.000s

02/19/21 00:00:30 862110900  1613664030
èµµç­¾åˆ°GARMINä½³æ˜å®˜æ–¹æ——èˆ°åº—
parse error: Invalid numeric literal at line 1, column 10
parse error: Invalid numeric literal at line 1, column 10
parse error: Invalid numeric literal at line 1, column 10
parse error: Invalid numeric literal at line 1, column 10

real	0m1.013s
user	0m0.016s
sys	0m0.016s

02/19/21 00:00:39 149244000  1613664039
èµµç­¾åˆ°GARMINä½³æ˜å®˜æ–¹æ——èˆ°åº—
parse error: Invalid numeric literal at line 1, column 10
parse error: Invalid numeric literal at line 1, column 10
parse error: Invalid numeric literal at line 1, column 10
parse error: Invalid numeric literal at line 1, column 10

real	0m1.368s
user	0m0.000s
sys	0m0.047s

02/19/21 00:00:45 495282700  1613664045
èµµç­¾åˆ°GARMINä½³æ˜å®˜æ–¹æ——èˆ°åº—
parse error: Invalid numeric literal at line 1, column 10
parse error: Invalid numeric literal at line 1, column 10
parse error: Invalid numeric literal at line 1, column 10
parse error: Invalid numeric literal at line 1, column 10

real	0m1.358s
user	0m0.000s
sys	0m0.016s

02/19/21 00:00:49 674200000  1613664049
èµµç­¾åˆ°GARMINä½³æ˜å®˜æ–¹æ——èˆ°åº—
{
  "msg": "",
  "signResult": {
    "key": null,
    "giftLogId": null,
    "gift": null,
    "send": null
  },
  "isOk": true,
  "isSend": null
}
true
ç­¾åˆ°GARMINä½³æ˜å®˜æ–¹æ——èˆ°åº—å®Œæˆ
sed: can't read /home/myid/jd/jd_signup/lzkj_sevenDay_vender/shop_1613569736_21: No such file or directory
[0;31;3mRUN  at {215:<--} ERROR CODE: 2[0m [0;31;3m[20210219 00:02:12] [ERROR] [0m

