03/16/21 00:00:08 219375300  1615824008
RANDOM_num: 5
force to sign

real	0m1.681s
user	0m0.031s
sys	0m0.156s
lzkj-isv.isvjcloud.com	FALSE	/	FALSE	1615824610	LZ_TOKEN_VALUE	B0oH3vDY2bhHWuKbVaJ+XQ==
lzkj-isv.isvjcloud.com	FALSE	/	FALSE	1615824610	LZ_TOKEN_KEY	lztokenpage2dda5ce3d14746c08aefccc7f7fc712a
03/16/21 00:00:12 057609200  1615824012
use pt_key

real	0m0.859s
user	0m0.109s
sys	0m0.172s
03/16/21 00:00:13 225059000  1615824013 token: AAFgT4SMADDr5pbrSs_t6Y7KnmJIgG2zcyldIrfku1JIgFPBz4ijyREURE52ZyW3I0Yy1-b8L88

real	0m1.260s
user	0m0.031s
sys	0m0.109s
03/16/21 00:00:15 650629700  1615824015 secretPin: 4YEv+ri88IbQX5lhoqHrzE7oeVP9kq2pYSH90mYt4m3fwcJlClpxrfmVYaGKuquQkdK3rLBQpEQH9V4tdrrh0w==

03/16/21 00:00:16 251680100  1615824016 è‚¥é¹…ç­¾åˆ°å¤§åŠ›æ™ºèƒ½äº¬ä¸œè‡ªè¥æ——èˆ°åº—

real	0m1.483s
user	0m0.016s
sys	0m0.156s
parse error: Invalid numeric literal at line 1, column 10
parse error: Invalid numeric literal at line 1, column 10
parse error: Invalid numeric literal at line 1, column 10
parse error: Invalid numeric literal at line 1, column 10
03/16/21 00:00:20 752836800 1615824020

real	0m0.462s
user	0m0.000s
sys	0m0.031s

real	0m0.554s
user	0m0.047s
sys	0m0.125s
[WARN] get LZ_TOKEN error
03/16/21 00:00:22 152203900  1615824022
use pt_key

real	0m0.595s
user	0m0.109s
sys	0m0.125s
03/16/21 00:00:22 872609000  1615824022 token: AAFgT4SWADBAGZj1J9-Sd05nkk-UU443-5G3xksT8GPER6cmrBHoewHRaoSxJ3tmu-kvaojQmAk

real	0m0.435s
user	0m0.031s
sys	0m0.063s
parse error: Invalid numeric literal at line 1, column 10
03/16/21 00:00:23 885713700  1615824023 secretPin: 
[WARN] get secretPin error

03/16/21 00:00:23 980317500  1615824023 è‚¥é¹…ç­¾åˆ°å¤§åŠ›æ™ºèƒ½äº¬ä¸œè‡ªè¥æ——èˆ°åº—

real	0m0.362s
user	0m0.016s
sys	0m0.141s
parse error: Invalid numeric literal at line 1, column 10
parse error: Invalid numeric literal at line 1, column 10
parse error: Invalid numeric literal at line 1, column 10
parse error: Invalid numeric literal at line 1, column 10
03/16/21 00:00:25 455659700 1615824025

real	0m0.650s
user	0m0.000s
sys	0m0.047s

real	0m0.315s
user	0m0.016s
sys	0m0.141s
[WARN] get LZ_TOKEN error
03/16/21 00:00:26 632351700  1615824026
use pt_key

real	0m0.406s
user	0m0.094s
sys	0m0.141s
03/16/21 00:00:27 187550000  1615824027 token: AAFgT4SaADDrwhm3T8TzBgTo8-BBltV9zA4gpb25sccWDAjK5_gvL5paBQ7TsXpEdniiCTxj9zI

real	0m0.520s
user	0m0.047s
sys	0m0.125s
parse error: Invalid numeric literal at line 1, column 10
03/16/21 00:00:28 238443000  1615824028 secretPin: 
[WARN] get secretPin error

03/16/21 00:00:28 333580000  1615824028 è‚¥é¹…ç­¾åˆ°å¤§åŠ›æ™ºèƒ½äº¬ä¸œè‡ªè¥æ——èˆ°åº—

real	0m0.405s
user	0m0.031s
sys	0m0.109s
parse error: Invalid numeric literal at line 1, column 10
parse error: Invalid numeric literal at line 1, column 10
parse error: Invalid numeric literal at line 1, column 10
parse error: Invalid numeric literal at line 1, column 10
03/16/21 00:00:29 720333100 1615824029

real	0m0.833s
user	0m0.016s
sys	0m0.047s

real	0m0.329s
user	0m0.031s
sys	0m0.094s
[WARN] get LZ_TOKEN error
03/16/21 00:00:31 038294300  1615824031
use pt_key

real	0m0.377s
user	0m0.141s
sys	0m0.109s
03/16/21 00:00:31 469869100  1615824031 token: AAFgT4SeADBCisKyIkxhro19Z5Pa21c38zJZsJGmrU1jeQAyVuiGsxWl8rhYOgsz1L0pTM-o3G4

real	0m0.496s
user	0m0.016s
sys	0m0.141s
parse error: Invalid numeric literal at line 1, column 10
03/16/21 00:00:32 602453500  1615824032 secretPin: 
[WARN] get secretPin error

03/16/21 00:00:32 745178900  1615824032 è‚¥é¹…ç­¾åˆ°å¤§åŠ›æ™ºèƒ½äº¬ä¸œè‡ªè¥æ——èˆ°åº—

real	0m0.320s
user	0m0.016s
sys	0m0.109s
parse error: Invalid numeric literal at line 1, column 10
parse error: Invalid numeric literal at line 1, column 10
parse error: Invalid numeric literal at line 1, column 10
parse error: Invalid numeric literal at line 1, column 10
03/16/21 00:00:34 229628900 1615824034

real	0m0.946s
user	0m0.000s
sys	0m0.047s

real	0m0.274s
user	0m0.000s
sys	0m0.094s
[WARN] get LZ_TOKEN error
03/16/21 00:00:35 578059200  1615824035
use pt_key

real	0m0.257s
user	0m0.109s
sys	0m0.094s
03/16/21 00:00:35 905384500  1615824035 token: AAFgT4SjADCw0hYh-4Es5nnJbJ1k39DpvYCW4cf9U3OEivldwdz8j4r6jCjdpuvUCFEncluxgJo

real	0m0.388s
user	0m0.000s
sys	0m0.141s
parse error: Invalid numeric literal at line 1, column 10
03/16/21 00:00:36 923319300  1615824036 secretPin: 
[WARN] get secretPin error

03/16/21 00:00:37 059075700  1615824037 è‚¥é¹…ç­¾åˆ°å¤§åŠ›æ™ºèƒ½äº¬ä¸œè‡ªè¥æ——èˆ°åº—

real	0m0.318s
user	0m0.031s
sys	0m0.109s
parse error: Invalid numeric literal at line 1, column 10
parse error: Invalid numeric literal at line 1, column 10
parse error: Invalid numeric literal at line 1, column 10
parse error: Invalid numeric literal at line 1, column 10
03/16/21 00:00:38 217052600 1615824038

real	0m1.125s
user	0m0.000s
sys	0m0.063s

real	0m0.287s
user	0m0.000s
sys	0m0.141s
[WARN] get LZ_TOKEN error
03/16/21 00:00:39 773233900  1615824039
use pt_key

real	0m0.260s
user	0m0.094s
sys	0m0.125s
03/16/21 00:00:40 084634000  1615824040 token: AAFgT4SnADCvFIXE42oF8vNN4hKgIkSr7p7eMXria7XM96GljJzyJQ-5JUapr6FTJMGD6ySY0xA

real	0m0.246s
user	0m0.031s
sys	0m0.078s
parse error: Invalid numeric literal at line 1, column 10
03/16/21 00:00:40 775120800  1615824040 secretPin: 
[WARN] get secretPin error

03/16/21 00:00:40 891066800  1615824040 è‚¥é¹…ç­¾åˆ°å¤§åŠ›æ™ºèƒ½äº¬ä¸œè‡ªè¥æ——èˆ°åº—

real	0m0.482s
user	0m0.016s
sys	0m0.063s
parse error: Invalid numeric literal at line 1, column 10
parse error: Invalid numeric literal at line 1, column 10
parse error: Invalid numeric literal at line 1, column 10
parse error: Invalid numeric literal at line 1, column 10
03/16/21 00:00:42 326150400 1615824042

real	0m1.344s
user	0m0.016s
sys	0m0.000s

real	0m0.262s
user	0m0.000s
sys	0m0.125s
[WARN] get LZ_TOKEN error
03/16/21 00:00:44 047587800  1615824044
use pt_key

real	0m0.293s
user	0m0.078s
sys	0m0.156s
03/16/21 00:00:44 417935600  1615824044 token: AAFgT4SrADC9YfEUpuv9yJNL1mYZ2DYjP7RdWCOvYUMwlFjKQazLB9znB7XKt7QjkoeXkdT-HGw

real	0m0.327s
user	0m0.047s
sys	0m0.109s
parse error: Invalid numeric literal at line 1, column 10
03/16/21 00:00:45 166643300  1615824045 secretPin: 
[WARN] get secretPin error

03/16/21 00:00:45 312133600  1615824045 è‚¥é¹…ç­¾åˆ°å¤§åŠ›æ™ºèƒ½äº¬ä¸œè‡ªè¥æ——èˆ°åº—

real	0m0.524s
user	0m0.031s
sys	0m0.094s
parse error: Invalid numeric literal at line 1, column 10
parse error: Invalid numeric literal at line 1, column 10
parse error: Invalid numeric literal at line 1, column 10
parse error: Invalid numeric literal at line 1, column 10
03/16/21 00:00:46 636463800 1615824046

real	0m1.518s
user	0m0.000s
sys	0m0.031s

real	0m0.201s
user	0m0.016s
sys	0m0.094s
[WARN] get LZ_TOKEN error
03/16/21 00:00:48 450829400  1615824048
use pt_key

real	0m0.223s
user	0m0.094s
sys	0m0.125s
03/16/21 00:00:48 719207300  1615824048 token: AAFgT4SwADALIUprW1mgsQxXn0nxoU3umX5Kt4SFn83lzL3YFkYrJgHcIs64nHF28PDZhTgHhac

real	0m0.295s
user	0m0.047s
sys	0m0.078s
parse error: Invalid numeric literal at line 1, column 10
03/16/21 00:00:49 392524600  1615824049 secretPin: 
[WARN] get secretPin error

03/16/21 00:00:49 505988400  1615824049 è‚¥é¹…ç­¾åˆ°å¤§åŠ›æ™ºèƒ½äº¬ä¸œè‡ªè¥æ——èˆ°åº—

real	0m0.465s
user	0m0.031s
sys	0m0.078s
parse error: Invalid numeric literal at line 1, column 10
parse error: Invalid numeric literal at line 1, column 10
parse error: Invalid numeric literal at line 1, column 10
parse error: Invalid numeric literal at line 1, column 10
03/16/21 00:00:51 013211500 1615824051

real	0m1.810s
user	0m0.000s
sys	0m0.047s

real	0m0.233s
user	0m0.063s
sys	0m0.078s
[WARN] get LZ_TOKEN error
03/16/21 00:00:53 138227200  1615824053
use pt_key

real	0m0.233s
user	0m0.078s
sys	0m0.125s
03/16/21 00:00:53 405488800  1615824053 token: AAFgT4S0ADCjf8BFUtMF7KFddfUo12JHoEyYtCxBTkOIrNWiFJgPzwHiEggivtc7urn4fYOenHQ

real	0m0.212s
user	0m0.047s
sys	0m0.078s
parse error: Invalid numeric literal at line 1, column 10
03/16/21 00:00:53 984084000  1615824053 secretPin: 
[WARN] get secretPin error

03/16/21 00:00:54 033325100  1615824054 è‚¥é¹…ç­¾åˆ°å¤§åŠ›æ™ºèƒ½äº¬ä¸œè‡ªè¥æ——èˆ°åº—

real	0m0.216s
user	0m0.063s
sys	0m0.047s
parse error: Invalid numeric literal at line 1, column 10
parse error: Invalid numeric literal at line 1, column 10
parse error: Invalid numeric literal at line 1, column 10
parse error: Invalid numeric literal at line 1, column 10
03/16/21 00:00:54 942725000 1615824054

real	0m2.036s
user	0m0.000s
sys	0m0.047s

real	0m0.362s
user	0m0.047s
sys	0m0.109s
[WARN] get LZ_TOKEN error
03/16/21 00:00:57 486208900  1615824057
use pt_key

real	0m0.233s
user	0m0.078s
sys	0m0.109s
03/16/21 00:00:57 752820600  1615824057 token: AAFgT4S5ADDxyofpOSaXMPBjpiK7I4DJs3a0hLLRr0hZPJoYuYGYCpNAyv_7EZ8hshTZjDZMszU

real	0m0.212s
user	0m0.031s
sys	0m0.109s
parse error: Invalid numeric literal at line 1, column 10
03/16/21 00:00:58 259724200  1615824058 secretPin: 
[WARN] get secretPin error

03/16/21 00:00:58 319530400  1615824058 è‚¥é¹…ç­¾åˆ°å¤§åŠ›æ™ºèƒ½äº¬ä¸œè‡ªè¥æ——èˆ°åº—

real	0m0.287s
user	0m0.031s
sys	0m0.109s
parse error: Invalid numeric literal at line 1, column 10
parse error: Invalid numeric literal at line 1, column 10
parse error: Invalid numeric literal at line 1, column 10
parse error: Invalid numeric literal at line 1, column 10
03/16/21 00:00:59 047513500 1615824059

real	0m2.074s
user	0m0.000s
sys	0m0.031s

real	0m0.479s
user	0m0.016s
sys	0m0.094s
[WARN] get LZ_TOKEN error
03/16/21 00:01:01 792176100  1615824061
use pt_key

real	0m0.308s
user	0m0.109s
sys	0m0.094s
03/16/21 00:01:02 152871600  1615824062 token: AAFgT4S9ADCMoXrfk-gfZSjvzLMKYmuY4nYcrWIAjNc1-avwfyKyWlFrdkve3uMdSTZ9gKE3rts

real	0m0.271s
user	0m0.063s
sys	0m0.094s
parse error: Invalid numeric literal at line 1, column 10
03/16/21 00:01:02 680505500  1615824062 secretPin: 
[WARN] get secretPin error

03/16/21 00:01:02 721446000  1615824062 è‚¥é¹…ç­¾åˆ°å¤§åŠ›æ™ºèƒ½äº¬ä¸œè‡ªè¥æ——èˆ°åº—

real	0m0.233s
user	0m0.031s
sys	0m0.125s
parse error: Invalid numeric literal at line 1, column 10
parse error: Invalid numeric literal at line 1, column 10
parse error: Invalid numeric literal at line 1, column 10
parse error: Invalid numeric literal at line 1, column 10
03/16/21 00:01:04 114866000 1615824064

real	0m2.420s
user	0m0.000s
sys	0m0.047s

real	0m0.385s
user	0m0.016s
sys	0m0.109s
[WARN] get LZ_TOKEN error
03/16/21 00:01:07 094083400  1615824067
use pt_key

real	0m0.413s
user	0m0.094s
sys	0m0.188s
03/16/21 00:01:07 574061300  1615824067 token: AAFgT4TDADCKy9RKtW7jTdbsoQUWxexByIaKdiMnluMvOny0bKdOykgBYlVnR4uzx080ykaDqTM

real	0m0.323s
user	0m0.016s
sys	0m0.109s
parse error: Invalid numeric literal at line 1, column 10
03/16/21 00:01:08 199083600  1615824068 secretPin: 
[WARN] get secretPin error

03/16/21 00:01:08 239708700  1615824068 è‚¥é¹…ç­¾åˆ°å¤§åŠ›æ™ºèƒ½äº¬ä¸œè‡ªè¥æ——èˆ°åº—

real	0m0.237s
user	0m0.031s
sys	0m0.109s
parse error: Invalid numeric literal at line 1, column 10
parse error: Invalid numeric literal at line 1, column 10
parse error: Invalid numeric literal at line 1, column 10
parse error: Invalid numeric literal at line 1, column 10
03/16/21 00:01:09 184551900 1615824069

real	0m2.602s
user	0m0.000s
sys	0m0.047s

real	0m0.165s
user	0m0.031s
sys	0m0.109s
[WARN] get LZ_TOKEN error
03/16/21 00:01:12 029576200  1615824072
use pt_key

real	0m0.209s
user	0m0.078s
sys	0m0.141s
03/16/21 00:01:12 267806400  1615824072 token: AAFgT4THADBC10EUuh1J9y_8ESMzXHEWoj3rEeNRzsTU8nvUpCGPV-1IbZaTICaavmy0j9lZRwA

real	0m0.201s
user	0m0.016s
sys	0m0.078s
parse error: Invalid numeric literal at line 1, column 10
03/16/21 00:01:12 643767800  1615824072 secretPin: 
[WARN] get secretPin error

03/16/21 00:01:12 676543700  1615824072 è‚¥é¹…ç­¾åˆ°å¤§åŠ›æ™ºèƒ½äº¬ä¸œè‡ªè¥æ——èˆ°åº—

real	0m0.184s
user	0m0.016s
sys	0m0.109s
parse error: Invalid numeric literal at line 1, column 10
parse error: Invalid numeric literal at line 1, column 10
parse error: Invalid numeric literal at line 1, column 10
parse error: Invalid numeric literal at line 1, column 10
03/16/21 00:01:13 342194900 1615824073

real	0m2.680s
user	0m0.000s
sys	0m0.047s

real	0m0.156s
user	0m0.000s
sys	0m0.094s
[WARN] get LZ_TOKEN error
03/16/21 00:01:16 251671900  1615824076
use pt_key

real	0m0.230s
user	0m0.078s
sys	0m0.156s
03/16/21 00:01:16 505679500  1615824076 token: AAFgT4TMADCVPkYlUF0PHL6bksVBmn6Scd4g8_PnE3ROZltJZAgKz7yUcdcs_qb_br2moPRAqb4

real	0m3.076s
user	0m0.000s
sys	0m0.109s
parse error: Invalid numeric literal at line 1, column 10
03/16/21 00:01:19 851747700  1615824079 secretPin: 
[WARN] get secretPin error

03/16/21 00:01:19 909573600  1615824079 è‚¥é¹…ç­¾åˆ°å¤§åŠ›æ™ºèƒ½äº¬ä¸œè‡ªè¥æ——èˆ°åº—

real	0m15.353s
user	0m0.031s
sys	0m0.094s
parse error: Invalid numeric literal at line 1, column 10
parse error: Invalid numeric literal at line 1, column 10
parse error: Invalid numeric literal at line 1, column 10
parse error: Invalid numeric literal at line 1, column 10
03/16/21 00:01:35 872517500 1615824095

real	0m2.897s
user	0m0.000s
sys	0m0.016s

real	0m0.135s
user	0m0.000s
sys	0m0.094s
[WARN] get LZ_TOKEN error
03/16/21 00:01:38 954713400  1615824098
use pt_key

real	0m0.175s
user	0m0.063s
sys	0m0.172s
03/16/21 00:01:39 162739500  1615824099 token: AAFgT4TiADA5fV0mYvEwLvKZCqTRtFMWW0VQc1FX6wb6JbEysycGflB6I-Hv0j8mQV7DI_TY6wE

real	0m0.138s
user	0m0.016s
sys	0m0.094s
parse error: Invalid numeric literal at line 1, column 10
03/16/21 00:01:39 455674000  1615824099 secretPin: 
[WARN] get secretPin error

03/16/21 00:01:39 488326100  1615824099 è‚¥é¹…ç­¾åˆ°å¤§åŠ›æ™ºèƒ½äº¬ä¸œè‡ªè¥æ——èˆ°åº—

real	0m0.179s
user	0m0.000s
sys	0m0.094s
parse error: Invalid numeric literal at line 1, column 10
parse error: Invalid numeric literal at line 1, column 10
parse error: Invalid numeric literal at line 1, column 10
parse error: Invalid numeric literal at line 1, column 10
03/16/21 00:01:40 359566400 1615824100

real	0m3.137s
user	0m0.000s
sys	0m0.031s

real	0m0.136s
user	0m0.000s
sys	0m0.094s
[WARN] get LZ_TOKEN error
03/16/21 00:01:43 700556300  1615824103
use pt_key

real	0m0.153s
user	0m0.109s
sys	0m0.063s
03/16/21 00:01:43 877627600  1615824103 token: AAFgT4TnADAk-zQekpST2FDD79O4jldsh-_DKz-mAJ_pkR3d7vu-CplqT2NNP0IPnZZQWdvytdo

real	0m0.138s
user	0m0.031s
sys	0m0.078s
parse error: Invalid numeric literal at line 1, column 10
03/16/21 00:01:44 123270300  1615824104 secretPin: 
[WARN] get secretPin error

03/16/21 00:01:44 142424600  1615824104 è‚¥é¹…ç­¾åˆ°å¤§åŠ›æ™ºèƒ½äº¬ä¸œè‡ªè¥æ——èˆ°åº—

real	0m0.139s
user	0m0.016s
sys	0m0.063s
parse error: Invalid numeric literal at line 1, column 10
parse error: Invalid numeric literal at line 1, column 10
parse error: Invalid numeric literal at line 1, column 10
parse error: Invalid numeric literal at line 1, column 10
03/16/21 00:01:44 695198200 1615824104

real	0m3.298s
user	0m0.000s
sys	0m0.016s

real	0m0.246s
user	0m0.016s
sys	0m0.094s
lzkj-isv.isvjcloud.com	FALSE	/	FALSE	1615824708	LZ_TOKEN_VALUE	B0oH3vDY2bhHWuKbVaJ+XQ==
lzkj-isv.isvjcloud.com	FALSE	/	FALSE	1615824708	LZ_TOKEN_KEY	lztokenpage11a692411b84446482730d38919b96ac
03/16/21 00:01:48 291510800  1615824108
use pt_key

real	0m0.131s
user	0m0.063s
sys	0m0.109s
03/16/21 00:01:48 441478000  1615824108 token: AAFgT4TrADAxiXqf1LqaM1bK30a-0DFYyHHcX4Hq9yR7IMosdCFBFltoSD4IbhiYp8C4e42qprY

real	0m0.734s
user	0m0.016s
sys	0m0.063s
03/16/21 00:01:49 312571700  1615824109 secretPin: 4YEv+ri88IbQX5lhoqHrzE7oeVP9kq2pYSH90mYt4m3fwcJlClpxrfmVYaGKuquQkdK3rLBQpEQH9V4tdrrh0w==

03/16/21 00:01:49 332791200  1615824109 è‚¥é¹…ç­¾åˆ°å¤§åŠ›æ™ºèƒ½äº¬ä¸œè‡ªè¥æ——èˆ°åº—

real	0m0.586s
user	0m0.016s
sys	0m0.094s
{
  "gift": {
    "activityId": null,
    "activityType": null,
    "venderId": null,
    "type": 0,
    "name": null,
    "itemHb": null,
    "id": "1161063",
    "giftType": "6",
    "giftName": "5äº¬è±†",
    "giftNum": "5",
    "giftTotal": "5000",
    "giftResidue": null,
    "priceInfo": "0.05",
    "shortLink": "",
    "orginLink": null,
    "giftInfoId": "940d80b58fcf499480bb7f258f133a2a",
    "commonAddAwardVO": null
  },
  "msg": "",
  "isOk": true,
  "isSend": true,
  "key": "tAmQga"
}
true
03/16/21 00:01:50 324919300 1615824110
03/16/21 00:01:50 349326600 1615824110 ç­¾åˆ°å¤§åŠ›æ™ºèƒ½äº¬ä¸œè‡ªè¥æ——èˆ°åº—å®Œæˆ
03/16/21 00:02:05 722585700  1615824125
true
é¦–æ¬¡ç­¾åˆ°æˆåŠŸ. å†™å…¥giftName: "5äº¬è±†"
parse error: Invalid numeric literal at line 1, column 10
parse error: Invalid numeric literal at line 1, column 10

***********************************************

å½“å¤©ç­¾åˆ°å¥–åŠ± ["5äº¬è±†"]
è¿ç»­ç­¾åˆ°  å¤©
ç­¾åˆ°æ€»å¤©æ•° 
***********************************************

è‚¥é¹…ç­¾åˆ°å¤§åŠ›æ™ºèƒ½äº¬ä¸œè‡ªè¥æ——èˆ°åº—æŸ¥çœ‹ç»“æœ
<!DOCTYPE html>
<html>
 <head> 
  <title>äº¬ä¸œ</title> 
  <meta charset="utf-8" /> 
  <meta name="apple-mobile-web-app-capable" content="yes" /> 
  <meta name="viewport" content="width=device-width,initial-scale=1,user-scalable=no,maximum-scale=1,viewport-fit=cover" /> 
  <meta name="format-detection" content="telephone=no" /> 
  <meta name="x5-cache" content="enable" /> 
  <link rel="stylesheet" href="https://storage.360buyimg.com/babel/00162638/333378/production/dev/parser.1526555535098.css?t=20180517191236" /> 
  <style> img {
            opacity: 1 !important;
        } </style> 
  <link href="https://storage.360buyimg.com/babel/00170893/348321/production/dev/index.7320a380.css?t=20180802150952" rel="stylesheet" />
 </head> 
 <body style="background:#fff;" id="root"> 
  <div class="errorPage"> 
  </div> 
  <div class="placeholer"> 
  </div> 
  <script src="https://wl.jd.com/unify.min.js"></script> 
  <script type="text/javascript" src="https://storage.360buyimg.com/babel/00170893/348321/production/dev/index.0f8f4dba.js?t=20180802150952"></script> 
 </body>
</html>

parse error: Invalid numeric literal at line 1, column 10
[0;31;3mRUN  at {283:<--} ERROR CODE: 4[0m [0;31;3m[20210316 00:02:17] [ERROR] [0m

