02/20/21 00:00:20 900023600  1613750420
RANDOM_num: 15
force to sign

real	0m1.686s
user	0m0.016s
sys	0m0.078s
[WARN] get LZ_TOKEN error
02/20/21 00:00:26 264830700  1613750426
use wskey

real	0m1.401s
user	0m0.109s
sys	0m0.125s
02/20/21 00:00:27 983526700  1613750427 token: AAFgL-CbADDEH_gChfDBQWg-iNhr_XuWp0qx1sp1OhhAo9ouvbWCOKR-cEv3try417-5z7IVEaY
parse error: Invalid numeric literal at line 1, column 10

real	0m2.025s
user	0m0.125s
sys	0m0.063s
02/20/21 00:00:30 166326500  1613750430 secretPin: 
[WARN] get secretPin error

02/20/21 00:00:30 423312800  1613750430 ç§»åŠ¨ç­¾åˆ°æ¯æ—¥é²œè¯­äº¬ä¸œè‡ªè¥æ——èˆ°åº—

real	0m0.945s
user	0m0.000s
sys	0m0.109s
parse error: Invalid numeric literal at line 1, column 10
parse error: Invalid numeric literal at line 1, column 10
parse error: Invalid numeric literal at line 1, column 10
parse error: Invalid numeric literal at line 1, column 10
02/20/21 00:00:34 720321300 1613750434

real	0m0.965s
user	0m0.000s
sys	0m0.031s

real	0m1.160s
user	0m0.047s
sys	0m0.078s
[WARN] get LZ_TOKEN error
02/20/21 00:00:37 582622500  1613750437
use wskey

real	0m0.582s
user	0m0.109s
sys	0m0.109s
02/20/21 00:00:38 300428600  1613750438 token: AAFgL-CmADCgxi3P-3seMO7lvzPz_BGvAK-fkfSfDW86h6MeKCmhgExx_KgzLIrf5XVud5UvvmU
parse error: Invalid numeric literal at line 1, column 10

real	0m0.699s
user	0m0.109s
sys	0m0.078s
02/20/21 00:00:39 282805400  1613750439 secretPin: 
[WARN] get secretPin error

02/20/21 00:00:39 530063700  1613750439 ç§»åŠ¨ç­¾åˆ°æ¯æ—¥é²œè¯­äº¬ä¸œè‡ªè¥æ——èˆ°åº—

real	0m0.593s
user	0m0.031s
sys	0m0.078s
parse error: Invalid numeric literal at line 1, column 10
parse error: Invalid numeric literal at line 1, column 10
parse error: Invalid numeric literal at line 1, column 10
parse error: Invalid numeric literal at line 1, column 10
02/20/21 00:00:41 603906300 1613750441

real	0m0.852s
user	0m0.000s
sys	0m0.000s

real	0m0.688s
user	0m0.031s
sys	0m0.047s
[WARN] get LZ_TOKEN error
02/20/21 00:00:43 739414100  1613750443
use wskey

real	0m0.549s
user	0m0.125s
sys	0m0.063s
02/20/21 00:00:44 494827600  1613750444 token: AAFgL-CsADDF9iHmmsjYjP4jxkfboY5QvYLtbL0VgKann_HNPSTu2CKAQZrQ89bJm8SS4I0fF9s
parse error: Invalid numeric literal at line 1, column 10

real	0m0.610s
user	0m0.094s
sys	0m0.141s
02/20/21 00:00:45 195300100  1613750445 secretPin: 
[WARN] get secretPin error

02/20/21 00:00:45 285210400  1613750445 ç§»åŠ¨ç­¾åˆ°æ¯æ—¥é²œè¯­äº¬ä¸œè‡ªè¥æ——èˆ°åº—

real	0m0.505s
user	0m0.063s
sys	0m0.063s
parse error: Invalid numeric literal at line 1, column 10
parse error: Invalid numeric literal at line 1, column 10
parse error: Invalid numeric literal at line 1, column 10
parse error: Invalid numeric literal at line 1, column 10
02/20/21 00:00:47 350237100 1613750447

real	0m0.895s
user	0m0.000s
sys	0m0.016s

real	0m0.546s
user	0m0.031s
sys	0m0.063s
[WARN] get LZ_TOKEN error
02/20/21 00:00:49 084140800  1613750449
use wskey

real	0m0.422s
user	0m0.125s
sys	0m0.094s
02/20/21 00:00:49 556129600  1613750449 token: AAFgL-CxADCmTJAb3v7wS0hdGv5dWHZWeTCuv2C0YEWoa-bC9X0qPHqUIxde5u2bPI5uuzV1cAY
parse error: Invalid numeric literal at line 1, column 10

real	0m0.308s
user	0m0.078s
sys	0m0.063s
02/20/21 00:00:49 919736200  1613750449 secretPin: 
[WARN] get secretPin error

02/20/21 00:00:49 973396500  1613750449 ç§»åŠ¨ç­¾åˆ°æ¯æ—¥é²œè¯­äº¬ä¸œè‡ªè¥æ——èˆ°åº—

real	0m0.227s
user	0m0.047s
sys	0m0.047s
parse error: Invalid numeric literal at line 1, column 10
parse error: Invalid numeric literal at line 1, column 10
parse error: Invalid numeric literal at line 1, column 10
parse error: Invalid numeric literal at line 1, column 10
02/20/21 00:00:51 482152500 1613750451

real	0m1.431s
user	0m0.000s
sys	0m0.000s

real	0m0.702s
user	0m0.063s
sys	0m0.125s
[WARN] get LZ_TOKEN error
02/20/21 00:00:53 954951200  1613750453
use wskey

real	0m0.630s
user	0m0.078s
sys	0m0.078s
02/20/21 00:00:54 714289400  1613750454 token: AAFgL-C2ADBB71NWDhp1YuICJJKJxYawum_qUx9YVPK3wNwz_U_vWf-Rwgzv3i5DLHJY7bDR7gw
parse error: Invalid numeric literal at line 1, column 10

real	0m0.662s
user	0m0.109s
sys	0m0.047s
02/20/21 00:00:55 578910300  1613750455 secretPin: 
[WARN] get secretPin error

02/20/21 00:00:55 688688400  1613750455 ç§»åŠ¨ç­¾åˆ°æ¯æ—¥é²œè¯­äº¬ä¸œè‡ªè¥æ——èˆ°åº—

real	0m0.284s
user	0m0.031s
sys	0m0.078s
parse error: Invalid numeric literal at line 1, column 10
parse error: Invalid numeric literal at line 1, column 10
parse error: Invalid numeric literal at line 1, column 10
parse error: Invalid numeric literal at line 1, column 10
02/20/21 00:00:57 128894300 1613750457

real	0m1.551s
user	0m0.000s
sys	0m0.031s

real	0m1.289s
user	0m0.016s
sys	0m0.063s
[WARN] get LZ_TOKEN error
02/20/21 00:01:00 452108300  1613750460
use wskey

real	0m0.663s
user	0m0.109s
sys	0m0.109s
02/20/21 00:01:01 275696500  1613750461 token: AAFgL-C9ADABv8DttoNAOykrkbmUU2tMp76yOnZyRlzGvcYB26R4KZHjsRoiBfFXiv9GBW-G19o
parse error: Invalid numeric literal at line 1, column 10

real	0m0.602s
user	0m0.078s
sys	0m0.047s
02/20/21 00:01:02 069083500  1613750462 secretPin: 
[WARN] get secretPin error

02/20/21 00:01:02 199264400  1613750462 ç§»åŠ¨ç­¾åˆ°æ¯æ—¥é²œè¯­äº¬ä¸œè‡ªè¥æ——èˆ°åº—

real	0m0.355s
user	0m0.031s
sys	0m0.063s
parse error: Invalid numeric literal at line 1, column 10
parse error: Invalid numeric literal at line 1, column 10
parse error: Invalid numeric literal at line 1, column 10
parse error: Invalid numeric literal at line 1, column 10
02/20/21 00:01:03 501631900 1613750463

real	0m1.520s
user	0m0.000s
sys	0m0.031s

real	0m0.529s
user	0m0.047s
sys	0m0.016s
[WARN] get LZ_TOKEN error
02/20/21 00:01:05 956727100  1613750465
use wskey

real	0m0.671s
user	0m0.094s
sys	0m0.094s
02/20/21 00:01:06 756023100  1613750466 token: AAFgL-DCADBmMwz-6xp07vPGO3osNzlUR05Sea1J0BEWG_RQKnFLLyjdaEsYxScrFM5NXdwG85I
parse error: Invalid numeric literal at line 1, column 10

real	0m0.668s
user	0m0.094s
sys	0m0.109s
02/20/21 00:01:07 563096700  1613750467 secretPin: 
[WARN] get secretPin error

02/20/21 00:01:07 686464500  1613750467 ç§»åŠ¨ç­¾åˆ°æ¯æ—¥é²œè¯­äº¬ä¸œè‡ªè¥æ——èˆ°åº—

real	0m0.443s
user	0m0.031s
sys	0m0.094s
parse error: Invalid numeric literal at line 1, column 10
parse error: Invalid numeric literal at line 1, column 10
parse error: Invalid numeric literal at line 1, column 10
parse error: Invalid numeric literal at line 1, column 10
02/20/21 00:01:09 367827500 1613750469

real	0m1.810s
user	0m0.016s
sys	0m0.000s

real	0m0.555s
user	0m0.031s
sys	0m0.047s
[WARN] get LZ_TOKEN error
02/20/21 00:01:12 037632400  1613750472
use wskey

real	0m0.527s
user	0m0.094s
sys	0m0.094s
02/20/21 00:01:12 651379600  1613750472 token: AAFgL-DIADCHaNI7VwoB9rcJQfkK_zD-cXgeIgEh6KtB4zWbODTB8irXWQFPCqKgaQmUrogRZok
parse error: Invalid numeric literal at line 1, column 10

real	0m0.841s
user	0m0.109s
sys	0m0.125s
02/20/21 00:01:13 613563000  1613750473 secretPin: 
[WARN] get secretPin error

02/20/21 00:01:13 787275200  1613750473 ç§»åŠ¨ç­¾åˆ°æ¯æ—¥é²œè¯­äº¬ä¸œè‡ªè¥æ——èˆ°åº—

real	0m0.471s
user	0m0.031s
sys	0m0.047s
parse error: Invalid numeric literal at line 1, column 10
parse error: Invalid numeric literal at line 1, column 10
parse error: Invalid numeric literal at line 1, column 10
parse error: Invalid numeric literal at line 1, column 10
02/20/21 00:01:15 412610800 1613750475

real	0m1.908s
user	0m0.016s
sys	0m0.031s

real	0m0.405s
user	0m0.031s
sys	0m0.047s
[WARN] get LZ_TOKEN error
02/20/21 00:01:17 995065800  1613750477
use wskey

real	0m0.404s
user	0m0.094s
sys	0m0.109s
02/20/21 00:01:18 538794500  1613750478 token: AAFgL-DOADDQ4_v79qtsPcYfmqAufsVAMUGfDdCCe5B_FWJ8Tbp02Gwt7gKTe0ISy3UvcrOiMrI
parse error: Invalid numeric literal at line 1, column 10

real	0m0.510s
user	0m0.094s
sys	0m0.078s
02/20/21 00:01:19 133822800  1613750479 secretPin: 
[WARN] get secretPin error

02/20/21 00:01:19 230602100  1613750479 ç§»åŠ¨ç­¾åˆ°æ¯æ—¥é²œè¯­äº¬ä¸œè‡ªè¥æ——èˆ°åº—

real	0m0.394s
user	0m0.031s
sys	0m0.094s
parse error: Invalid numeric literal at line 1, column 10
parse error: Invalid numeric literal at line 1, column 10
parse error: Invalid numeric literal at line 1, column 10
parse error: Invalid numeric literal at line 1, column 10
02/20/21 00:01:20 727169700 1613750480

real	0m2.048s
user	0m0.000s
sys	0m0.031s

real	0m0.335s
user	0m0.000s
sys	0m0.125s
[WARN] get LZ_TOKEN error
02/20/21 00:01:23 352262100  1613750483
use wskey

real	0m0.542s
user	0m0.125s
sys	0m0.063s
02/20/21 00:01:24 048868800  1613750484 token: AAFgL-DTADAd2DgYCQWzbiTzvN9Nl9RhzygZ-m90Gwg-zI0kEGFLmTp6SZ3xnRLLB_RyzHUyIHw
parse error: Invalid numeric literal at line 1, column 10

real	0m0.807s
user	0m0.063s
sys	0m0.141s
02/20/21 00:01:24 972947100  1613750484 secretPin: 
[WARN] get secretPin error

02/20/21 00:01:25 171852900  1613750485 ç§»åŠ¨ç­¾åˆ°æ¯æ—¥é²œè¯­äº¬ä¸œè‡ªè¥æ——èˆ°åº—

real	0m0.519s
user	0m0.031s
sys	0m0.047s
parse error: Invalid numeric literal at line 1, column 10
parse error: Invalid numeric literal at line 1, column 10
parse error: Invalid numeric literal at line 1, column 10
parse error: Invalid numeric literal at line 1, column 10
02/20/21 00:01:26 865670200 1613750486

real	0m2.221s
user	0m0.016s
sys	0m0.031s

real	0m1.091s
user	0m0.047s
sys	0m0.125s
[WARN] get LZ_TOKEN error
02/20/21 00:01:30 403118800  1613750490
use wskey

real	0m0.785s
user	0m0.125s
sys	0m0.094s
02/20/21 00:01:31 322339100  1613750491 token: AAFgL-DbADDfP9_dMMaH5sG30FR-TShPVN0gSjUmSC1557V9Ama55gTJRxS7hG7mjwiByMZrk14
parse error: Invalid numeric literal at line 1, column 10

real	0m0.614s
user	0m0.125s
sys	0m0.109s
02/20/21 00:01:32 067332900  1613750492 secretPin: 
[WARN] get secretPin error

02/20/21 00:01:32 171377000  1613750492 ç§»åŠ¨ç­¾åˆ°æ¯æ—¥é²œè¯­äº¬ä¸œè‡ªè¥æ——èˆ°åº—

real	0m0.422s
user	0m0.063s
sys	0m0.063s
parse error: Invalid numeric literal at line 1, column 10
parse error: Invalid numeric literal at line 1, column 10
parse error: Invalid numeric literal at line 1, column 10
parse error: Invalid numeric literal at line 1, column 10
02/20/21 00:01:33 966979300 1613750493

real	0m2.473s
user	0m0.000s
sys	0m0.000s

real	0m0.479s
user	0m0.016s
sys	0m0.125s
[WARN] get LZ_TOKEN error
02/20/21 00:01:37 182320000  1613750497
use wskey

real	0m0.450s
user	0m0.094s
sys	0m0.063s
02/20/21 00:01:37 738451400  1613750497 token: AAFgL-DhADALe3KhJdTpxCmpu_KGpmzmNTUUFwtLS2Y_vxS3A-YblEiz3S4uQSy5Dm2jSGaaaWY
parse error: Invalid numeric literal at line 1, column 10

real	0m0.355s
user	0m0.078s
sys	0m0.063s
02/20/21 00:01:38 174384200  1613750498 secretPin: 
[WARN] get secretPin error

02/20/21 00:01:38 359363100  1613750498 ç§»åŠ¨ç­¾åˆ°æ¯æ—¥é²œè¯­äº¬ä¸œè‡ªè¥æ——èˆ°åº—

real	0m0.452s
user	0m0.031s
sys	0m0.063s
parse error: Invalid numeric literal at line 1, column 10
parse error: Invalid numeric literal at line 1, column 10
parse error: Invalid numeric literal at line 1, column 10
parse error: Invalid numeric literal at line 1, column 10
02/20/21 00:01:40 024728900 1613750500

real	0m2.682s
user	0m0.000s
sys	0m0.016s

real	0m0.192s
user	0m0.031s
sys	0m0.063s
[WARN] get LZ_TOKEN error
02/20/21 00:01:43 022438000  1613750503
use wskey

real	0m0.203s
user	0m0.078s
sys	0m0.063s
02/20/21 00:01:43 254293800  1613750503 token: AAFgL-DnADCmkou4Uvk8r0gylf64jFYxR3iH8XqdSbdFDgWa7VupEKheeDCQxj1h1gdcA4uldSs
parse error: Invalid numeric literal at line 1, column 10

real	0m0.186s
user	0m0.125s
sys	0m0.094s
02/20/21 00:01:43 461073200  1613750503 secretPin: 
[WARN] get secretPin error

02/20/21 00:01:43 524388500  1613750503 ç§»åŠ¨ç­¾åˆ°æ¯æ—¥é²œè¯­äº¬ä¸œè‡ªè¥æ——èˆ°åº—

real	0m0.194s
user	0m0.031s
sys	0m0.078s
parse error: Invalid numeric literal at line 1, column 10
parse error: Invalid numeric literal at line 1, column 10
parse error: Invalid numeric literal at line 1, column 10
parse error: Invalid numeric literal at line 1, column 10
02/20/21 00:01:44 424544600 1613750504

real	0m2.893s
user	0m0.016s
sys	0m0.000s

real	0m0.342s
user	0m0.063s
sys	0m0.031s
[WARN] get LZ_TOKEN error
02/20/21 00:01:47 848358000  1613750507
use wskey

real	0m0.306s
user	0m0.094s
sys	0m0.094s
02/20/21 00:01:48 195246300  1613750508 token: AAFgL-DsADDlxAgdCIoWUs0GePJgz2s_zRyKBMYqV9tL6uXixE-MphZ-IBE9iPT_NRWfQ8QvlIQ
parse error: Invalid numeric literal at line 1, column 10

real	0m0.222s
user	0m0.078s
sys	0m0.047s
02/20/21 00:01:48 464116600  1613750508 secretPin: 
[WARN] get secretPin error

02/20/21 00:01:48 548975600  1613750508 ç§»åŠ¨ç­¾åˆ°æ¯æ—¥é²œè¯­äº¬ä¸œè‡ªè¥æ——èˆ°åº—

real	0m0.192s
user	0m0.000s
sys	0m0.063s
parse error: Invalid numeric literal at line 1, column 10
parse error: Invalid numeric literal at line 1, column 10
parse error: Invalid numeric literal at line 1, column 10
parse error: Invalid numeric literal at line 1, column 10
02/20/21 00:01:49 281248400 1613750509

real	0m2.948s
user	0m0.000s
sys	0m0.047s

real	0m0.653s
user	0m0.063s
sys	0m0.063s
[WARN] get LZ_TOKEN error
02/20/21 00:01:53 216190200  1613750513
use wskey

real	0m0.618s
user	0m0.109s
sys	0m0.125s
02/20/21 00:01:53 975974400  1613750513 token: AAFgL-DxADBJpeInh7qJN66S3WOFpZzK4hXE1eiSp8CskTAEZPB1cBWgcHPVCatRoRHjoJp00gI
parse error: Invalid numeric literal at line 1, column 10

real	0m0.617s
user	0m0.094s
sys	0m0.109s
02/20/21 00:01:54 760778600  1613750514 secretPin: 
[WARN] get secretPin error

02/20/21 00:01:54 884685100  1613750514 ç§»åŠ¨ç­¾åˆ°æ¯æ—¥é²œè¯­äº¬ä¸œè‡ªè¥æ——èˆ°åº—

real	0m0.430s
user	0m0.031s
sys	0m0.078s
parse error: Invalid numeric literal at line 1, column 10
parse error: Invalid numeric literal at line 1, column 10
parse error: Invalid numeric literal at line 1, column 10
parse error: Invalid numeric literal at line 1, column 10
02/20/21 00:01:56 200369900 1613750516

real	0m3.189s
user	0m0.000s
sys	0m0.047s

real	0m1.522s
user	0m0.031s
sys	0m0.141s
[WARN] get LZ_TOKEN error
02/20/21 00:02:01 352184500  1613750521
use wskey

real	0m0.978s
user	0m0.125s
sys	0m0.063s
02/20/21 00:02:02 712866500  1613750522 token: AAFgL-D6ADByk9l7GdShiUvdVIZ1Vu1CSBt6dY69V-RJuw8EVcOF0ZV96nYUQVNIh7TSgCR-v3o
parse error: Invalid numeric literal at line 1, column 10

real	0m1.042s
user	0m0.188s
sys	0m0.094s
02/20/21 00:02:03 930571800  1613750523 secretPin: 
[WARN] get secretPin error

02/20/21 00:02:04 136840000  1613750524 ç§»åŠ¨ç­¾åˆ°æ¯æ—¥é²œè¯­äº¬ä¸œè‡ªè¥æ——èˆ°åº—

real	0m0.631s
user	0m0.016s
sys	0m0.109s
parse error: Invalid numeric literal at line 1, column 10
parse error: Invalid numeric literal at line 1, column 10
parse error: Invalid numeric literal at line 1, column 10
parse error: Invalid numeric literal at line 1, column 10
02/20/21 00:02:07 237296100 1613750527

real	0m3.849s
user	0m0.000s
sys	0m0.031s

real	0m1.125s
user	0m0.031s
sys	0m0.109s
[WARN] get LZ_TOKEN error
02/20/21 00:02:13 805462500  1613750533
use wskey

real	0m1.591s
user	0m0.125s
sys	0m0.109s
02/20/21 00:02:15 903713800  1613750535 token: AAFgL-EHADCXdAOOixkekdAgZPEDElE6FVgcD6RnXDiIjUpt_X_owfm-tkvyFDw7Z7fg8zJQXX4
parse error: Invalid numeric literal at line 1, column 10

real	0m1.905s
user	0m0.078s
sys	0m0.063s
02/20/21 00:02:18 306811500  1613750538 secretPin: 
[WARN] get secretPin error

02/20/21 00:02:18 962033200  1613750538 ç§»åŠ¨ç­¾åˆ°æ¯æ—¥é²œè¯­äº¬ä¸œè‡ªè¥æ——èˆ°åº—

real	0m1.388s
user	0m0.031s
sys	0m0.094s
parse error: Invalid numeric literal at line 1, column 10
parse error: Invalid numeric literal at line 1, column 10
parse error: Invalid numeric literal at line 1, column 10
parse error: Invalid numeric literal at line 1, column 10
02/20/21 00:02:28 816855300 1613750548

real	0m6.166s
user	0m0.000s
sys	0m0.047s

real	0m2.279s
user	0m0.016s
sys	0m0.141s
[WARN] get LZ_TOKEN error
02/20/21 00:02:38 571624800  1613750558
use wskey

real	0m3.599s
user	0m0.109s
sys	0m0.078s
02/20/21 00:02:42 905253700  1613750562 token: AAFgL-EhADBLJyXbIB8ewM3pVoE97z8vEQ1ThXdTDyrubMNYwsd2ApY0_M12TeiZDo2xzsQPXvI
parse error: Invalid numeric literal at line 1, column 10

real	0m3.564s
user	0m0.094s
sys	0m0.141s
02/20/21 00:02:47 031537100  1613750567 secretPin: 
[WARN] get secretPin error

02/20/21 00:02:47 565329400  1613750567 ç§»åŠ¨ç­¾åˆ°æ¯æ—¥é²œè¯­äº¬ä¸œè‡ªè¥æ——èˆ°åº—

real	0m2.105s
user	0m0.016s
sys	0m0.109s
parse error: Invalid numeric literal at line 1, column 10
parse error: Invalid numeric literal at line 1, column 10
parse error: Invalid numeric literal at line 1, column 10
parse error: Invalid numeric literal at line 1, column 10
02/20/21 00:03:01 545085300 1613750581

real	0m4.874s
user	0m0.000s
sys	0m0.016s

real	0m3.545s
user	0m0.016s
sys	0m0.047s
[WARN] get LZ_TOKEN error
02/20/21 00:03:15 301953000  1613750595
use wskey

real	0m2.787s
user	0m0.094s
sys	0m0.078s
02/20/21 00:03:19 307313700  1613750599 token: AAFgL-FFADCgrmVUm3CeCawyH3Y5A5DqXe6ZzIR_aB3R-ZRKWhpoFAz0FMhRKuKqZIjANY7VaS0
parse error: Invalid numeric literal at line 1, column 10

real	0m2.985s
user	0m0.109s
sys	0m0.094s
02/20/21 00:03:22 883650000  1613750602 secretPin: 
[WARN] get secretPin error

02/20/21 00:03:23 385500500  1613750603 ç§»åŠ¨ç­¾åˆ°æ¯æ—¥é²œè¯­äº¬ä¸œè‡ªè¥æ——èˆ°åº—

real	0m1.648s
user	0m0.031s
sys	0m0.047s
parse error: Invalid numeric literal at line 1, column 10
parse error: Invalid numeric literal at line 1, column 10
parse error: Invalid numeric literal at line 1, column 10
parse error: Invalid numeric literal at line 1, column 10
02/20/21 00:03:42 555472300 1613750622

real	0m5.236s
user	0m0.000s
sys	0m0.000s

real	0m1.942s
user	0m0.063s
sys	0m0.094s
[WARN] get LZ_TOKEN error
02/20/21 00:03:59 107260500  1613750639
use wskey

real	0m2.471s
user	0m0.141s
sys	0m0.094s
02/20/21 00:04:02 276446100  1613750642 token: AAFgL-FxADCc93n3T0ZhxZ2Lp35_NtDTx0wyVOyRzhsU89kmXuDuGrNYSI2OSTto0eMvKn6mXEE
parse error: Invalid numeric literal at line 1, column 10

real	0m3.740s
user	0m0.109s
sys	0m0.109s
02/20/21 00:04:06 408579600  1613750646 secretPin: 
[WARN] get secretPin error

02/20/21 00:04:06 883346400  1613750646 ç§»åŠ¨ç­¾åˆ°æ¯æ—¥é²œè¯­äº¬ä¸œè‡ªè¥æ——èˆ°åº—

real	0m2.047s
user	0m0.031s
sys	0m0.094s
parse error: Invalid numeric literal at line 1, column 10
parse error: Invalid numeric literal at line 1, column 10
parse error: Invalid numeric literal at line 1, column 10
parse error: Invalid numeric literal at line 1, column 10
02/20/21 00:04:20 635695400 1613750660

real	0m5.136s
user	0m0.000s
sys	0m0.016s
02/20/21 00:05:14 561326900  1613750714
parse error: Invalid numeric literal at line 1, column 10
parse error: Invalid numeric literal at line 1, column 10
parse error: Invalid numeric literal at line 1, column 10
parse error: Invalid numeric literal at line 1, column 10

***********************************************

å½“å¤©ç­¾åˆ°å¥–åŠ± 
è¿ç»­ç­¾åˆ°  å¤©
ç­¾åˆ°æ€»å¤©æ•° 
***********************************************

ç§»åŠ¨ç­¾åˆ°æ¯æ—¥é²œè¯­äº¬ä¸œè‡ªè¥æ——èˆ°åº—æŸ¥çœ‹ç»“æœ
<!DOCTYPE html>
<html>
 <head> 
  <title>äº¬ä¸œ</title> 
  <meta charset="utf-8" /> 
  <meta name="apple-mobile-web-app-capable" content="yes" /> 
  <meta name="viewport" content="width=device-width,initial-scale=1,user-scalable=no,maximum-scale=1,viewport-fit=cover" /> 
  <meta name="format-detection" content="telephone=no" /> 
  <meta name="x5-cache" content="enable" /> 
  <link rel="stylesheet" href="https://storage.360buyimg.com/babel/00162638/333378/production/dev/parser.1526555535098.css?t=20180517191236" /> 
  <style> img {
            opacity: 1 !important;
        } </style> 
  <link href="https://storage.360buyimg.com/babel/00170893/348321/production/dev/index.7320a380.css?t=20180802150952" rel="stylesheet" />
 </head> 
 <body style="background:#fff;" id="root"> 
  <div class="errorPage"> 
  </div> 
  <div class="placeholer"> 
  </div> 
  <script src="https://wl.jd.com/unify.min.js"></script> 
  <script type="text/javascript" src="https://storage.360buyimg.com/babel/00170893/348321/production/dev/index.0f8f4dba.js?t=20180802150952"></script> 
 </body>
</html>

parse error: Invalid numeric literal at line 1, column 10
[0;31;3mRUN  at {283:<--} ERROR CODE: 4[0m [0;31;3m[20210220 00:05:27] [ERROR] [0m

