03/17/21 00:02:12 932191700  1615910532
RANDOM_num: 35
removed '/tmp/tmp.1o6vHGqBG3'
03/17/21 00:02:16 700982200  1615910536 检查赵签到

real	0m1.959s
user	0m0.031s
sys	0m0.109s
[WARN] get LZ_TOKEN error
03/17/21 00:02:22 338373500  1615910542
use pt_key

real	0m1.975s
user	0m0.094s
sys	0m0.156s
03/17/21 00:02:24 763929200  1615910544 token: AAFgUNaQADACo5LqdrnkHG6WmnLr25ZshJsVTcuH3c_JVq55qPblzGADJwhoqdV6PNhio48ARxw

real	0m2.106s
user	0m0.063s
sys	0m0.141s
parse error: Invalid numeric literal at line 1, column 10
03/17/21 00:02:28 716391000  1615910548 secretPin: 
[WARN] get secretPin error

03/17/21 00:02:29 326765900  1615910549 赵签到贝亲辅食尿裤京东自营旗舰店

real	0m1.731s
user	0m0.063s
sys	0m0.078s
parse error: Invalid numeric literal at line 1, column 10
parse error: Invalid numeric literal at line 1, column 10
parse error: Invalid numeric literal at line 1, column 10
parse error: Invalid numeric literal at line 1, column 10
03/17/21 00:02:37 288178200 1615910557

real	0m1.284s
user	0m0.000s
sys	0m0.063s

real	0m2.538s
user	0m0.031s
sys	0m0.094s
[WARN] get LZ_TOKEN error
03/17/21 00:02:42 654855600  1615910562
use pt_key

real	0m1.907s
user	0m0.125s
sys	0m0.094s
03/17/21 00:02:46 208272000  1615910566 token: AAFgUNakADBmfKYpPL7XnzimCyEbwb9LzxQ9XxS2HlryqOgNw8oEosZFVNlFSUXnNwQHHsKMqVA

real	0m2.544s
user	0m0.031s
sys	0m0.109s
parse error: Invalid numeric literal at line 1, column 10
03/17/21 00:02:50 453509000  1615910570 secretPin: 
[WARN] get secretPin error

03/17/21 00:02:50 806879600  1615910570 赵签到贝亲辅食尿裤京东自营旗舰店

real	0m1.582s
user	0m0.000s
sys	0m0.156s
parse error: Invalid numeric literal at line 1, column 10
parse error: Invalid numeric literal at line 1, column 10
parse error: Invalid numeric literal at line 1, column 10
parse error: Invalid numeric literal at line 1, column 10
03/17/21 00:02:59 052685900 1615910579

real	0m1.449s
user	0m0.000s
sys	0m0.078s

real	0m1.428s
user	0m0.031s
sys	0m0.141s
[WARN] get LZ_TOKEN error
03/17/21 00:03:03 180717200  1615910583
use pt_key

real	0m2.710s
user	0m0.141s
sys	0m0.156s
03/17/21 00:03:07 028905200  1615910587 token: AAFgUNa5ADCK6pQ_cCib4x5bq6xnQeQNWN71IVeZ8gMpN_Crt4vqCZFuyI4hDbI35wQvTOe9ejs

real	0m1.667s
user	0m0.016s
sys	0m0.156s
parse error: Invalid numeric literal at line 1, column 10
03/17/21 00:03:09 999968600  1615910589 secretPin: 
[WARN] get secretPin error

03/17/21 00:03:10 294563300  1615910590 赵签到贝亲辅食尿裤京东自营旗舰店

real	0m1.500s
user	0m0.031s
sys	0m0.094s
parse error: Invalid numeric literal at line 1, column 10
parse error: Invalid numeric literal at line 1, column 10
parse error: Invalid numeric literal at line 1, column 10
parse error: Invalid numeric literal at line 1, column 10
03/17/21 00:03:17 258828800 1615910597

real	0m1.859s
user	0m0.000s
sys	0m0.016s

real	0m1.658s
user	0m0.000s
sys	0m0.188s
[WARN] get LZ_TOKEN error
03/17/21 00:03:22 695648500  1615910602
use pt_key

real	0m2.778s
user	0m0.156s
sys	0m0.125s
03/17/21 00:03:25 902684600  1615910605 token: AAFgUNbNADBRKR36EDJOC5bcWPnRsOQydmpgG5MnPUOIXCqv2a9df0Zbgf9n4NMWi0CKfgY9n9Q

real	0m1.530s
user	0m0.016s
sys	0m0.188s
parse error: Invalid numeric literal at line 1, column 10
03/17/21 00:03:30 084961600  1615910610 secretPin: 
[WARN] get secretPin error

03/17/21 00:03:30 684802200  1615910610 赵签到贝亲辅食尿裤京东自营旗舰店

real	0m1.709s
user	0m0.016s
sys	0m0.125s
parse error: Invalid numeric literal at line 1, column 10
parse error: Invalid numeric literal at line 1, column 10
parse error: Invalid numeric literal at line 1, column 10
parse error: Invalid numeric literal at line 1, column 10
03/17/21 00:03:39 826873400 1615910619

real	0m2.256s
user	0m0.000s
sys	0m0.063s

real	0m1.681s
user	0m0.047s
sys	0m0.125s
[WARN] get LZ_TOKEN error
03/17/21 00:03:44 949538200  1615910624
use pt_key

real	0m2.878s
user	0m0.141s
sys	0m0.109s
03/17/21 00:03:48 203251600  1615910628 token: AAFgUNbjADD3AOODmrxgWt31oW6o5r4WC210geY7z-tSpaU-FxqvaHbbtKz7GawFKRgIxbsFn28

real	0m1.762s
user	0m0.047s
sys	0m0.125s
parse error: Invalid numeric literal at line 1, column 10
03/17/21 00:03:51 958434800  1615910631 secretPin: 
[WARN] get secretPin error

03/17/21 00:03:52 397326000  1615910632 赵签到贝亲辅食尿裤京东自营旗舰店

real	0m2.013s
user	0m0.031s
sys	0m0.188s
parse error: Invalid numeric literal at line 1, column 10
parse error: Invalid numeric literal at line 1, column 10
parse error: Invalid numeric literal at line 1, column 10
parse error: Invalid numeric literal at line 1, column 10
03/17/21 00:03:59 513876000 1615910639

real	0m2.263s
user	0m0.000s
sys	0m0.063s

real	0m2.216s
user	0m0.031s
sys	0m0.141s
[WARN] get LZ_TOKEN error
03/17/21 00:04:05 930107200  1615910645
use pt_key

real	0m1.921s
user	0m0.094s
sys	0m0.156s
03/17/21 00:04:08 560247500  1615910648 token: AAFgUNb4ADDMuhI6YEQm7e9Wzvr3OhAvOZrW99JFJfeFXIaBB68d33dxGQexnKazcXtvYebRJjU

real	0m1.591s
user	0m0.031s
sys	0m0.125s
parse error: Invalid numeric literal at line 1, column 10
03/17/21 00:04:11 993995500  1615910651 secretPin: 
[WARN] get secretPin error

03/17/21 00:04:12 521499500  1615910652 赵签到贝亲辅食尿裤京东自营旗舰店

real	0m1.265s
user	0m0.063s
sys	0m0.125s
parse error: Invalid numeric literal at line 1, column 10
parse error: Invalid numeric literal at line 1, column 10
parse error: Invalid numeric literal at line 1, column 10
parse error: Invalid numeric literal at line 1, column 10
03/17/21 00:04:20 751408000 1615910660

real	0m2.203s
user	0m0.000s
sys	0m0.031s

real	0m1.613s
user	0m0.016s
sys	0m0.172s
[WARN] get LZ_TOKEN error
03/17/21 00:04:25 663162400  1615910665
use pt_key

real	0m1.445s
user	0m0.156s
sys	0m0.156s
03/17/21 00:04:27 720955200  1615910667 token: AAFgUNcLADADcyGj1g2ugWNHlizHJ_VNGMG9NcYMtLNkmgc4Icw0reP4fe_3wQNYLtOmnfFWyYA

real	0m2.502s
user	0m0.063s
sys	0m0.156s
parse error: Invalid numeric literal at line 1, column 10
03/17/21 00:04:32 705467500  1615910672 secretPin: 
[WARN] get secretPin error

03/17/21 00:04:33 256655700  1615910673 赵签到贝亲辅食尿裤京东自营旗舰店

real	0m1.450s
user	0m0.016s
sys	0m0.094s
parse error: Invalid numeric literal at line 1, column 10
parse error: Invalid numeric literal at line 1, column 10
parse error: Invalid numeric literal at line 1, column 10
parse error: Invalid numeric literal at line 1, column 10
03/17/21 00:04:40 809124500 1615910680

real	0m2.771s
user	0m0.000s
sys	0m0.031s

real	0m3.729s
user	0m0.047s
sys	0m0.156s
[WARN] get LZ_TOKEN error
03/17/21 00:04:48 166803500  1615910688
use pt_key

real	0m1.896s
user	0m0.125s
sys	0m0.172s
03/17/21 00:04:50 515949400  1615910690 token: AAFgUNchADCGqQ6_LLRSRe9KAdBr3NmtMvwH2SvaUcivy1DWC3abSnYlQmStMNotoMXWJOYfP1M

real	0m1.997s
user	0m0.031s
sys	0m0.203s
parse error: Invalid numeric literal at line 1, column 10
03/17/21 00:04:55 485965300  1615910695 secretPin: 
[WARN] get secretPin error

03/17/21 00:04:55 808017800  1615910695 赵签到贝亲辅食尿裤京东自营旗舰店

real	0m1.305s
user	0m0.078s
sys	0m0.125s
parse error: Invalid numeric literal at line 1, column 10
parse error: Invalid numeric literal at line 1, column 10
parse error: Invalid numeric literal at line 1, column 10
parse error: Invalid numeric literal at line 1, column 10
03/17/21 00:05:02 544986700 1615910702

real	0m2.336s
user	0m0.016s
sys	0m0.047s

real	0m2.188s
user	0m0.063s
sys	0m0.109s
[WARN] get LZ_TOKEN error
03/17/21 00:05:08 665563300  1615910708
use pt_key

real	0m2.074s
user	0m0.172s
sys	0m0.156s
03/17/21 00:05:11 105572100  1615910711 token: AAFgUNc2ADCDKZFofXENHGz96SEpfJaNehC08ThwfMN-KVAcbS7v4--boRMGT94ATMg1yF-9f5o

real	0m1.525s
user	0m0.047s
sys	0m0.109s
parse error: Invalid numeric literal at line 1, column 10
03/17/21 00:05:15 520067100  1615910715 secretPin: 
[WARN] get secretPin error

03/17/21 00:05:15 815190000  1615910715 赵签到贝亲辅食尿裤京东自营旗舰店

real	0m2.095s
user	0m0.047s
sys	0m0.156s
parse error: Invalid numeric literal at line 1, column 10
parse error: Invalid numeric literal at line 1, column 10
parse error: Invalid numeric literal at line 1, column 10
parse error: Invalid numeric literal at line 1, column 10
03/17/21 00:05:24 302240600 1615910724

real	0m3.127s
user	0m0.000s
sys	0m0.047s

real	0m2.302s
user	0m0.047s
sys	0m0.172s
[WARN] get LZ_TOKEN error
03/17/21 00:05:30 976704500  1615910730
use pt_key

real	0m1.814s
user	0m0.141s
sys	0m0.141s
03/17/21 00:05:33 712984500  1615910733 token: AAFgUNdMADCWbpwiduLeEZY5pbUVtYthK0PZOcFZLAud5nYkKUqHqHMLa62NFX28FBvsopK0mbU

real	0m2.036s
user	0m0.047s
sys	0m0.141s
parse error: Invalid numeric literal at line 1, column 10
03/17/21 00:05:40 056716500  1615910740 secretPin: 
[WARN] get secretPin error

03/17/21 00:05:40 417574400  1615910740 赵签到贝亲辅食尿裤京东自营旗舰店

real	0m1.789s
user	0m0.047s
sys	0m0.141s
parse error: Invalid numeric literal at line 1, column 10
parse error: Invalid numeric literal at line 1, column 10
parse error: Invalid numeric literal at line 1, column 10
parse error: Invalid numeric literal at line 1, column 10
03/17/21 00:05:49 127116000 1615910749

real	0m2.986s
user	0m0.000s
sys	0m0.031s

real	0m1.925s
user	0m0.063s
sys	0m0.109s
[WARN] get LZ_TOKEN error
03/17/21 00:05:55 071750100  1615910755
use pt_key

real	0m1.744s
user	0m0.109s
sys	0m0.156s
03/17/21 00:05:57 187466100  1615910757 token: AAFgUNdkADBTRiqOdr1OB80oIaITn1UghUoScTBbVQFmMQVySvvGZZb6CiZwzINFyHkK2XqxsAE

real	0m2.195s
user	0m0.078s
sys	0m0.141s
parse error: Invalid numeric literal at line 1, column 10
03/17/21 00:06:02 171165700  1615910762 secretPin: 
[WARN] get secretPin error

03/17/21 00:06:02 711838300  1615910762 赵签到贝亲辅食尿裤京东自营旗舰店

real	0m2.283s
user	0m0.031s
sys	0m0.172s
parse error: Invalid numeric literal at line 1, column 10
parse error: Invalid numeric literal at line 1, column 10
parse error: Invalid numeric literal at line 1, column 10
parse error: Invalid numeric literal at line 1, column 10
03/17/21 00:06:12 526949800 1615910772

real	0m3.376s
user	0m0.000s
sys	0m0.063s

real	0m1.610s
user	0m0.031s
sys	0m0.125s
[WARN] get LZ_TOKEN error
03/17/21 00:06:18 510515200  1615910778
use pt_key

real	0m2.113s
user	0m0.109s
sys	0m0.188s
03/17/21 00:06:21 043731500  1615910781 token: AAFgUNd8ADBuGAHqm21kavTj66RB-AShgvm27iU2HSd6w7caeMNqyByAMd5lPA-1tLPrTE-yW8w

real	0m1.658s
user	0m0.031s
sys	0m0.109s
parse error: Invalid numeric literal at line 1, column 10
03/17/21 00:06:26 572210200  1615910786 secretPin: 
[WARN] get secretPin error

03/17/21 00:06:26 929509900  1615910786 赵签到贝亲辅食尿裤京东自营旗舰店

real	0m2.101s
user	0m0.063s
sys	0m0.156s
parse error: Invalid numeric literal at line 1, column 10
parse error: Invalid numeric literal at line 1, column 10
parse error: Invalid numeric literal at line 1, column 10
parse error: Invalid numeric literal at line 1, column 10
03/17/21 00:06:35 492203100 1615910795

real	0m3.861s
user	0m0.000s
sys	0m0.078s

real	0m2.080s
user	0m0.016s
sys	0m0.188s
[WARN] get LZ_TOKEN error
03/17/21 00:06:42 955026500  1615910802
use pt_key

real	0m3.475s
user	0m0.172s
sys	0m0.203s
03/17/21 00:06:47 145025400  1615910807 token: AAFgUNeWADAU1niEn5I2TZnfD020AqPDATCUsNyge6mFQzJX-KGuD_eA1BAwCWRyqUJqp8d2_BE

real	0m1.910s
user	0m0.078s
sys	0m0.125s
parse error: Invalid numeric literal at line 1, column 10
03/17/21 00:06:51 967600100  1615910811 secretPin: 
[WARN] get secretPin error

03/17/21 00:06:52 395656600  1615910812 赵签到贝亲辅食尿裤京东自营旗舰店

real	0m1.885s
user	0m0.047s
sys	0m0.141s
parse error: Invalid numeric literal at line 1, column 10
parse error: Invalid numeric literal at line 1, column 10
parse error: Invalid numeric literal at line 1, column 10
parse error: Invalid numeric literal at line 1, column 10
03/17/21 00:07:00 810120400 1615910820

real	0m4.515s
user	0m0.000s
sys	0m0.078s

real	0m2.209s
user	0m0.047s
sys	0m0.141s
[WARN] get LZ_TOKEN error
03/17/21 00:07:08 868864900  1615910828
use pt_key

real	0m2.444s
user	0m0.141s
sys	0m0.125s
03/17/21 00:07:11 699184300  1615910831 token: AAFgUNevADBRpjpz7gFU1zNGh8TctRKVox-PXto9DtstS2seM4QKx76nZgO3f5DMfX3heWNc1V0

real	0m1.288s
user	0m0.047s
sys	0m0.188s
parse error: Invalid numeric literal at line 1, column 10
03/17/21 00:07:16 898132300  1615910836 secretPin: 
[WARN] get secretPin error

03/17/21 00:07:17 269870200  1615910837 赵签到贝亲辅食尿裤京东自营旗舰店

real	0m1.936s
user	0m0.031s
sys	0m0.203s
parse error: Invalid numeric literal at line 1, column 10
parse error: Invalid numeric literal at line 1, column 10
parse error: Invalid numeric literal at line 1, column 10
parse error: Invalid numeric literal at line 1, column 10
03/17/21 00:07:25 480002800 1615910845

real	0m4.335s
user	0m0.000s
sys	0m0.031s

real	0m2.760s
user	0m0.078s
sys	0m0.172s
[WARN] get LZ_TOKEN error
03/17/21 00:07:33 754767000  1615910853
use pt_key

real	0m3.381s
user	0m0.188s
sys	0m0.266s
03/17/21 00:07:37 635162000  1615910857 token: AAFgUNfIADDTtZT_oyJwgM2fvdlJAlclI_R83SWJhze99dIi1cVZhWeksfv2wd-MaDzeOO-TJMw

real	0m1.897s
user	0m0.031s
sys	0m0.188s
parse error: Invalid numeric literal at line 1, column 10
03/17/21 00:07:42 158280000  1615910862 secretPin: 
[WARN] get secretPin error

03/17/21 00:07:42 609829900  1615910862 赵签到贝亲辅食尿裤京东自营旗舰店

real	0m0.981s
user	0m0.031s
sys	0m0.172s
parse error: Invalid numeric literal at line 1, column 10
parse error: Invalid numeric literal at line 1, column 10
parse error: Invalid numeric literal at line 1, column 10
parse error: Invalid numeric literal at line 1, column 10
03/17/21 00:07:50 951623200 1615910870

real	0m4.559s
user	0m0.000s
sys	0m0.109s

real	0m2.114s
user	0m0.016s
sys	0m0.156s
[WARN] get LZ_TOKEN error
03/17/21 00:08:00 204090300  1615910880
use pt_key

real	0m3.806s
user	0m0.219s
sys	0m0.172s
03/17/21 00:08:04 454763400  1615910884 token: AAFgUNfjADAyAlIPXT70TxPcxt44sfCwAhTreC0ly9aNy9XLfz_hghk4NMnHjf3ar2OdXtppJUg

real	0m2.673s
user	0m0.078s
sys	0m0.188s
parse error: Invalid numeric literal at line 1, column 10
03/17/21 00:08:12 048250700  1615910892 secretPin: 
[WARN] get secretPin error

03/17/21 00:08:12 611974400  1615910892 赵签到贝亲辅食尿裤京东自营旗舰店

real	0m1.029s
user	0m0.016s
sys	0m0.172s
parse error: Invalid numeric literal at line 1, column 10
parse error: Invalid numeric literal at line 1, column 10
parse error: Invalid numeric literal at line 1, column 10
parse error: Invalid numeric literal at line 1, column 10
03/17/21 00:08:18 548696200 1615910898

real	0m4.311s
user	0m0.000s
sys	0m0.063s

real	0m1.839s
user	0m0.047s
sys	0m0.125s
[WARN] get LZ_TOKEN error
03/17/21 00:08:26 740142000  1615910906
use pt_key

real	0m2.656s
user	0m0.172s
sys	0m0.281s
03/17/21 00:08:29 901758600  1615910909 token: AAFgUNf9ADCOpeZU2OdvnqbW93oM1EBXL52R6Bjs4lmxReae9yq61PUisMBKrFa0Q_JQpa4WbCQ

real	0m2.363s
user	0m0.047s
sys	0m0.172s
03/17/21 00:08:36 423981000  1615910916 secretPin: 
[WARN] get secretPin error

03/17/21 00:08:36 686072400  1615910916 赵签到贝亲辅食尿裤京东自营旗舰店

real	0m1.832s
user	0m0.031s
sys	0m0.156s
03/17/21 00:08:43 447391700 1615910923

real	0m5.121s
user	0m0.000s
sys	0m0.078s

real	0m7.049s
user	0m0.063s
sys	0m0.172s
lzkj-isv.isvjcloud.com	FALSE	/	FALSE	1615911535	LZ_TOKEN_VALUE	B0oH3vDY2bhHWuKbVaJ+XQ==
lzkj-isv.isvjcloud.com	FALSE	/	FALSE	1615911535	LZ_TOKEN_KEY	lztokenpageca9e2e4ff2684a38a9413c12dd6a9b5d
03/17/21 00:08:56 310341100  1615910936
use pt_key

real	0m2.070s
user	0m0.188s
sys	0m0.219s
03/17/21 00:08:58 684734800  1615910938 token: AAFgUNgaADC7WD0zRJLwZpGRXvObKQq6rr4kubqegYoyV9POi1cH_a-vJ9iJ4N2BNU_ulEFZFSE

real	0m2.409s
user	0m0.047s
sys	0m0.203s
03/17/21 00:09:02 707261000  1615910942 secretPin: 51S2JqsypB/nfj45frYeoU7oeVP9kq2pYSH90mYt4m3fwcJlClpxrfmVYaGKuquQkdK3rLBQpEQH9V4tdrrh0w==

03/17/21 00:09:02 974662300  1615910942 赵签到贝亲辅食尿裤京东自营旗舰店

real	0m1.497s
user	0m0.063s
sys	0m0.188s
{
  "gift": {
    "activityId": null,
    "activityType": null,
    "venderId": null,
    "type": 0,
    "name": null,
    "itemHb": null,
    "id": "1165680",
    "giftType": "6",
    "giftName": "5京豆",
    "giftNum": "5",
    "giftTotal": "1000",
    "giftResidue": null,
    "priceInfo": "0.05",
    "shortLink": "",
    "orginLink": null,
    "giftInfoId": "a95b03e6a6a048d686eb4a3bd1b6a64c",
    "commonAddAwardVO": null
  },
  "msg": "",
  "isOk": true,
  "isSend": true,
  "key": "rVKoGJ"
}
true
03/17/21 00:09:06 509554400 1615910946
03/17/21 00:09:06 832409900 1615910946 签到贝亲辅食尿裤京东自营旗舰店完成
03/17/21 00:10:52 571831800  1615911052
true
首次签到成功. 写入giftName: "5京豆"

***********************************************
2021/03/03_08:00:00  [已~签~到]      
2021/03/04_08:00:00  [已~签~到]      
2021/03/05_08:00:00  [已~签~到]      
2021/03/06_08:00:00  [已~签~到]      
2021/03/07_08:00:00  [已~签~到]      
2021/03/08_08:00:00  [已~签~到]      
2021/03/09_08:00:00  [已~签~到]      
2021/03/10_08:00:00  [已~签~到]      
2021/03/11_08:00:00  [已~签~到]      
2021/03/12_08:00:00  [已~签~到]      
2021/03/13_08:00:00  [已~签~到]      
2021/03/14_08:00:00  [已~签~到]      
2021/03/15_08:00:00  [已~签~到]      
2021/03/16_08:00:00  [已~签~到]      
2021/03/17_08:00:00  [已~签~到]      
当天签到奖励 ["5京豆"]
连续签到 15 天
签到总天数 15
***********************************************

赵签到贝亲辅食尿裤京东自营旗舰店查看结果
{"msg":"","giftLog":{"20210305":"y","20210307":"y","20210317":"y"},"isOk":true,"signDetail":{"20210303":"y","20210308":"y","20210309":"y","20210310":"y","20210311":"y","20210304":"y","20210305":"y","20210306":"y","20210307":"y","20210316":"y","20210317":"y","20210312":"y","20210313":"y","20210314":"y","20210315":"y"},"followDays":5,"signRecord":{"nicknameShow":null,"id":"ea7ee61a9f3b42288ea0c1e90ff5cfef","venderId":1000077448,"actId":"1d3600dcc13640c2bdb9b2c16f2b2132","actName":"签到活动","nick":"51S2JqsypB/nfj45frYeoU7oeVP9kq2pYSH90mYt4m3fwcJlClpxrfmVYaGKuquQkdK3rLBQpEQH9V4tdrrh0w==","phone":"","midUrl":null,"pin":"51S2JqsypB/nfj45frYeoU7oeVP9kq2pYSH90mYt4m3fwcJlClpxrfmVYaGKuquQkdK3rLBQpEQH9V4tdrrh0w==","lastSignDate":20210317,"contiSignNum":15,"totalSignNum":15,"createTime":1614776104000,"updateTime":1615910944000,"remark":null}}

{
  "signDetail": {
    "20210303": "y",
    "20210308": "y",
    "20210309": "y",
    "20210310": "y",
    "20210311": "y",
    "20210304": "y",
    "20210305": "y",
    "20210306": "y",
    "20210307": "y",
    "20210316": "y",
    "20210317": "y",
    "20210312": "y",
    "20210313": "y",
    "20210314": "y",
    "20210315": "y"
  },
  "contiSignNum": 15,
  "totalSignNum": 15
}

贝亲辅食尿裤京东自营旗舰店活动规则
{"msg":"","act":{"id":"1d3600dcc13640c2bdb9b2c16f2b2132","jdActivityId":null,"venderId":1000077448,"actName":"签到活动","startTime":1614614460000,"endTime":1619798399000,"tplId":"0110","deleted":null,"actUrl":"https://lzkj-isv.isvjcloud.com/sign/signActivity2?activityId=1d3600dcc13640c2bdb9b2c16f2b2132&venderId=1000077448","shortUrl":"3.cn/1017p8W-K","qrcodeUrl":"https://img10.360buyimg.com/imgzone/jfs/t1/169483/9/8725/3629/603dd1daE24832a64/be6edbdcc6972a7f.png","actRule":"1、活动时间：2021-03-02 00:01 - 2021-04-30 23:59；
2、活动对象：店铺会员；
3、符合连续签到赠送条件，则有机会赠送连续签到奖品，同时每日签到奖品不赠送；
4、连续签到3天，有机会赠送[1京豆]；
5、连续签到5天，有机会赠送[3京豆]；
6、连续签到15天，有机会赠送[5京豆]；
7、连续签到20天，有机会赠送[10京豆]；
8、连续签到30天，有机会赠送[100京豆]；
9、达到连续签到天数并领取奖品后，签到记录清零，从第1天重新计算；
10、关注店铺后方可参与活动；
11、签到成功后有机会获得奖品，也有可能会与奖品擦肩而过（奖品数量有限，先到先得）；
12、若用户存在刷奖等恶意行为，一经发现将取消抽奖资格（如奖品已经发放，有权追回奖品）；
注：奖品发放形式：
实物奖：
（1）中奖客户信息收集：页面弹屏提示中奖客户提供收货地址、号码和奖项；(超过1小时未填写对应收货信息，视为放弃);
（2）实物奖采取寄送方式发放，获奖用户需在开奖后填写姓名、联系电话、详细地址信息。如因用户原因无法联系上，即奖品作废不再补发，或如用户未填写真实有效的信息或填写收货信息不详，均视为放弃奖品；
虚拟产品奖：
（1）京豆：中奖后系统预计24小时内自动发放至账户；
（2）优惠券：中奖后需手动领取，预计24小时到账；
【活动参与主体资格】
（1）每位自然人用户仅能使用一个京东账号参与活动，微信号、QQ、京东帐号、手机号码等任一信息一致或指向同一用户的，视为同一个用户，则第一个参与本活动的账号参与结果有效，其余账号参与结果均视为无效。
（2）若发现同一位用户使用不同账号重复参与活动，承办方有权取消其获奖资格。
【注意事项】
（1）活动过程中，凡以不正当手段（如作弊领取、恶意套取、刷信誉、虚假交易、扰乱系统、实施网络攻击等）参与本次活动的用户，商家有权终止其参与活动，并取消其获奖资格（如奖品已发放，商家有权追回），如给商家造成损失的，商家将保留向违规用户继续追索的权利。
（2）如遇不可抗力(包括但不限于重大灾害事件、活动受政府机关指令需要停止举办或调整的、活动中存在大面积作弊行为、活动遭受严重网络攻击或因系统故障导致活动中奖名单大批量出错，活动不能正常进行的)，商家有权取消、修改或暂停本活动。
（3）本活动所发放的实物奖不得提现、不得转赠他人、不得为他人付款。
（4）是否中奖以活动发布者后台统计结果为准。
","createTime":1614664154000,"updateTime":1614664154000,"activityType":null,"actTimeStr":"2021-03-02 00:01 至 2021-04-30 23:59","actRange":"member","isFocusShop":"y","giftJson":"{\"giftConditions\":[{\"dayNum\":\"3\",\"gift\":{\"giftInfoId\":\"fb4c78e8acb84e22a74509bb3f5fd122\",\"giftName\":\"1京豆\",\"giftNum\":\"1\",\"giftTotal\":\"5000\",\"giftType\":\"6\",\"id\":\"1165680\",\"priceInfo\":\"0.01\",\"shortLink\":\"\",\"type\":0}},{\"dayNum\":\"5\",\"gift\":{\"giftInfoId\":\"4427a8ca542f4f23a505d23bc7f53208\",\"giftName\":\"3京豆\",\"giftNum\":\"3\",\"giftTotal\":\"2000\",\"giftType\":\"6\",\"id\":\"1165680\",\"priceInfo\":\"0.03\",\"shortLink\":\"\",\"type\":0}},{\"dayNum\":\"15\",\"gift\":{\"giftInfoId\":\"a95b03e6a6a048d686eb4a3bd1b6a64c\",\"giftName\":\"5京豆\",\"giftNum\":\"5\",\"giftTotal\":\"1000\",\"giftType\":\"6\",\"id\":\"1165680\",\"priceInfo\":\"0.05\",\"shortLink\":\"\",\"type\":0}},{\"dayNum\":\"20\",\"gift\":{\"giftInfoId\":\"6866cf0a6fb34c6cb40196f0fedda836\",\"giftName\":\"10京豆\",\"giftNum\":\"10\",\"giftTotal\":\"400\",\"giftType\":\"6\",\"id\":\"1165680\",\"priceInfo\":\"0.10\",\"shortLink\":\"\",\"type\":0}},{\"dayNum\":\"30\",\"gift\":{\"giftInfoId\":\"fb58410a4fb24d8dbe52205cf2776680\",\"giftName\":\"100京豆\",\"giftNum\":\"100\",\"giftTotal\":\"100\",\"giftType\":\"6\",\"id\":\"1165680\",\"priceInfo\":\"1.00\",\"shortLink\":\"\",\"type\":0}}],\"hasGiftEveryDay\":\"n\",\"signType\":\"1\"}","wxSignActivityGiftBean":{"hasGiftEveryDay":"n","gift":null,"signType":"1","giftConditions":[{"dayNum":"3","gift":{"activityId":null,"activityType":null,"venderId":null,"type":0,"name":null,"itemHb":null,"id":"1165680","giftType":"6","giftName":"1京豆","giftNum":"1","giftTotal":"5000","giftResidue":null,"priceInfo":"0.01","shortLink":"","orginLink":null,"giftInfoId":"fb4c78e8acb84e22a74509bb3f5fd122","commonAddAwardVO":null}},{"dayNum":"5","gift":{"activityId":null,"activityType":null,"venderId":null,"type":0,"name":null,"itemHb":null,"id":"1165680","giftType":"6","giftName":"3京豆","giftNum":"3","giftTotal":"2000","giftResidue":null,"priceInfo":"0.03","shortLink":"","orginLink":null,"giftInfoId":"4427a8ca542f4f23a505d23bc7f53208","commonAddAwardVO":null}},{"dayNum":"15","gift":{"activityId":null,"activityType":null,"venderId":null,"type":0,"name":null,"itemHb":null,"id":"1165680","giftType":"6","giftName":"5京豆","giftNum":"5","giftTotal":"1000","giftResidue":null,"priceInfo":"0.05","shortLink":"","orginLink":null,"giftInfoId":"a95b03e6a6a048d686eb4a3bd1b6a64c","commonAddAwardVO":null}},{"dayNum":"20","gift":{"activityId":null,"activityType":null,"venderId":null,"type":0,"name":null,"itemHb":null,"id":"1165680","giftType":"6","giftName":"10京豆","giftNum":"10","giftTotal":"400","giftResidue":null,"priceInfo":"0.10","shortLink":"","orginLink":null,"giftInfoId":"6866cf0a6fb34c6cb40196f0fedda836","commonAddAwardVO":null}},{"dayNum":"30","gift":{"activityId":null,"activityType":null,"venderId":null,"type":0,"name":null,"itemHb":null,"id":"1165680","giftType":"6","giftName":"100京豆","giftNum":"100","giftTotal":"100","giftResidue":null,"priceInfo":"1.00","shortLink":"","orginLink":null,"giftInfoId":"fb58410a4fb24d8dbe52205cf2776680","commonAddAwardVO":null}}]},"isShowItems":"y","showItemIds":"100006037221,2380166,2380192,1427664,100005740190,100006037219,100005740208,2381251,7603422,2381265,2380188,100005740192,2381275,100010874740,2381273","jmWareVOList":null,"status":"ING"},"isOk":true}

{
  "actUrl": "https://lzkj-isv.isvjcloud.com/sign/signActivity2?activityId=1d3600dcc13640c2bdb9b2c16f2b2132&venderId=1000077448",
  "shortUrl": "3.cn/1017p8W-K",
  "actRule": "1、活动时间：2021-03-02 00:01 - 2021-04-30 23:59；\n2、活动对象：店铺会员；\n3、符合连续签到赠送条件，则有机会赠送连续签到奖品，同时每日签到奖品不赠送；\n4、连续签到3天，有机会赠送[1京豆]；\n5、连续签到5天，有机会赠送[3京豆]；\n6、连续签到15天，有机会赠送[5京豆]；\n7、连续签到20天，有机会赠送[10京豆]；\n8、连续签到30天，有机会赠送[100京豆]；\n9、达到连续签到天数并领取奖品后，签到记录清零，从第1天重新计算；\n10、关注店铺后方可参与活动；\n11、签到成功后有机会获得奖品，也有可能会与奖品擦肩而过（奖品数量有限，先到先得）；\n12、若用户存在刷奖等恶意行为，一经发现将取消抽奖资格（如奖品已经发放，有权追回奖品）；\n注：奖品发放形式：\n实物奖：\n（1）中奖客户信息收集：页面弹屏提示中奖客户提供收货地址、号码和奖项；(超过1小时未填写对应收货信息，视为放弃);\n（2）实物奖采取寄送方式发放，获奖用户需在开奖后填写姓名、联系电话、详细地址信息。如因用户原因无法联系上，即奖品作废不再补发，或如用户未填写真实有效的信息或填写收货信息不详，均视为放弃奖品；\n虚拟产品奖：\n（1）京豆：中奖后系统预计24小时内自动发放至账户；\n（2）优惠券：中奖后需手动领取，预计24小时到账；\n【活动参与主体资格】\n（1）每位自然人用户仅能使用一个京东账号参与活动，微信号、QQ、京东帐号、手机号码等任一信息一致或指向同一用户的，视为同一个用户，则第一个参与本活动的账号参与结果有效，其余账号参与结果均视为无效。\n（2）若发现同一位用户使用不同账号重复参与活动，承办方有权取消其获奖资格。\n【注意事项】\n（1）活动过程中，凡以不正当手段（如作弊领取、恶意套取、刷信誉、虚假交易、扰乱系统、实施网络攻击等）参与本次活动的用户，商家有权终止其参与活动，并取消其获奖资格（如奖品已发放，商家有权追回），如给商家造成损失的，商家将保留向违规用户继续追索的权利。\n（2）如遇不可抗力(包括但不限于重大灾害事件、活动受政府机关指令需要停止举办或调整的、活动中存在大面积作弊行为、活动遭受严重网络攻击或因系统故障导致活动中奖名单大批量出错，活动不能正常进行的)，商家有权取消、修改或暂停本活动。\n（3）本活动所发放的实物奖不得提现、不得转赠他人、不得为他人付款。\n（4）是否中奖以活动发布者后台统计结果为准。\n"
}
actId=1d3600dcc13640c2bdb9b2c16f2b2132
venderId=1000077448
startTime=1614614460000
endTime=1619798399000
# 短链接
suo_url="https://3.cn/1017p8W-K"
actTimeStr="2021-03-02 00:01 至 2021-04-30 23:59"
#店铺名称
vendername="贝亲辅食尿裤京东自营旗舰店"
# 长链接
url=https://lzkj-isv.isvjcloud.com/sign/signActivity2?activityId=1d3600dcc13640c2bdb9b2c16f2b2132&venderId=1000077448
# 活动时间：2021.03.02 00:01:00 - 2021.04.30 23:59:59
# 奖励说明：
actRule="
连续签到3天：1京豆 1京豆
连续签到5天：3京豆 3京豆
连续签到15天：5京豆 5京豆
连续签到20天：10京豆 10京豆
连续签到30天：100京豆 100京豆
"
#王 1309893722-164885 sign_res
sign_res="
signTime=1614729600;signed=2
signTime=1614816000;signed=2
signTime=1614902400;signed=2
signTime=1614988800;signed=2
signTime=1615075200;signed=2
signTime=1615161600;signed=2
signTime=1615248000;signed=2
signTime=1615334400;signed=2
signTime=1615420800;signed=2
signTime=1615507200;signed=2
signTime=1615593600;signed=2
signTime=1615680000;signed=2
signTime=1615766400;signed=2
signTime=1615852800;signed=2"
sign_num="14"
sign_total_num="14"
giftName="null"
giftRes="ok"
giftDate="20210316"
sign_res_info="
2021/03/03_08:00:00  [已~签~到]      
2021/03/04_08:00:00  [已~签~到]      
2021/03/05_08:00:00  [已~签~到]      
2021/03/06_08:00:00  [已~签~到]      
2021/03/07_08:00:00  [已~签~到]      
2021/03/08_08:00:00  [已~签~到]      
2021/03/09_08:00:00  [已~签~到]      
2021/03/10_08:00:00  [已~签~到]      
2021/03/11_08:00:00  [已~签~到]      
2021/03/12_08:00:00  [已~签~到]      
2021/03/13_08:00:00  [已~签~到]      
2021/03/14_08:00:00  [已~签~到]      
2021/03/15_08:00:00  [已~签~到]      
2021/03/16_08:00:00  [已~签~到]      
当天签到奖励 [null]
连续签到 14 天
签到总天数 14"
#王 1309893722-164885 sign_res_end
#肥鹅 jd_4d651d9e48204 sign_res
sign_res="
signTime=1614729600;signed=2
signTime=1614816000;signed=2
signTime=1614902400;signed=2
signTime=1614988800;signed=2
signTime=1615075200;signed=2
signTime=1615161600;signed=2
signTime=1615248000;signed=2
signTime=1615334400;signed=2
signTime=1615420800;signed=2
signTime=1615507200;signed=2
signTime=1615593600;signed=2
signTime=1615680000;signed=2
signTime=1615766400;signed=2
signTime=1615852800;signed=2"
sign_num="14"
sign_total_num="14"
giftName="null"
giftRes="ok"
giftDate="20210316"
sign_res_info="
2021/03/03_08:00:00  [已~签~到]      
2021/03/04_08:00:00  [已~签~到]      
2021/03/05_08:00:00  [已~签~到]      
2021/03/06_08:00:00  [已~签~到]      
2021/03/07_08:00:00  [已~签~到]      
2021/03/08_08:00:00  [已~签~到]      
2021/03/09_08:00:00  [已~签~到]      
2021/03/10_08:00:00  [已~签~到]      
2021/03/11_08:00:00  [已~签~到]      
2021/03/12_08:00:00  [已~签~到]      
2021/03/13_08:00:00  [已~签~到]      
2021/03/14_08:00:00  [已~签~到]      
2021/03/15_08:00:00  [已~签~到]      
2021/03/16_08:00:00  [已~签~到]      
当天签到奖励 [null]
连续签到 14 天
签到总天数 14"
#肥鹅 jd_4d651d9e48204 sign_res_end
#移动 jd_OeTNobRVGiNZ sign_res
sign_res="
"
sign_num="0"
sign_total_num="0"
giftName=""
giftRes=""
giftDate="20210317"
sign_res_info="

当天签到奖励 []
连续签到 0 天
签到总天数 0"
#移动 jd_OeTNobRVGiNZ sign_res_end
#赵 122294312-396444 sign_res
sign_res="
signTime=1614729600;signed=2
signTime=1614816000;signed=2
signTime=1614902400;signed=2
signTime=1614988800;signed=2
signTime=1615075200;signed=2
signTime=1615161600;signed=2
signTime=1615248000;signed=2
signTime=1615334400;signed=2
signTime=1615420800;signed=2
signTime=1615507200;signed=2
signTime=1615593600;signed=2
signTime=1615680000;signed=2
signTime=1615766400;signed=2
signTime=1615852800;signed=2
signTime=1615939200;signed=2"
sign_num="15"
sign_total_num="15"
giftName=""5京豆""
giftRes="ok"
giftDate="20210317"
sign_res_info="
2021/03/03_08:00:00  [已~签~到]      
2021/03/04_08:00:00  [已~签~到]      
2021/03/05_08:00:00  [已~签~到]      
2021/03/06_08:00:00  [已~签~到]      
2021/03/07_08:00:00  [已~签~到]      
2021/03/08_08:00:00  [已~签~到]      
2021/03/09_08:00:00  [已~签~到]      
2021/03/10_08:00:00  [已~签~到]      
2021/03/11_08:00:00  [已~签~到]      
2021/03/12_08:00:00  [已~签~到]      
2021/03/13_08:00:00  [已~签~到]      
2021/03/14_08:00:00  [已~签~到]      
2021/03/15_08:00:00  [已~签~到]      
2021/03/16_08:00:00  [已~签~到]      
2021/03/17_08:00:00  [已~签~到]      
当天签到奖励 ["5京豆"]
连续签到 15 天
签到总天数 15"
#赵 122294312-396444 sign_res_end
