03/16/21 00:30:06 783544300  1615825806
RANDOM_num: 15
removed '/tmp/tmp.d8WQzyMSUM'
03/16/21 00:30:08 288535500  1615825808
王 今天已经签到过. 签到结果: ok  giftDate: 20210316
***********************************************


当天签到奖励 []
连续签到  天
签到总天数 
***********************************************

王 签到结果获取失败.
03/16/21 00:30:08 519005900  1615825808 检查王签到

real	0m1.817s
user	0m0.016s
sys	0m0.141s
lzkj-isv.isvjcloud.com	FALSE	/	FALSE	1615826411	LZ_TOKEN_VALUE	B0oH3vDY2bhHWuKbVaJ+XQ==
lzkj-isv.isvjcloud.com	FALSE	/	FALSE	1615826411	LZ_TOKEN_KEY	lztokenpage6b1bdb46c2c9445ca9dc9ae15ef5df1d
03/16/21 00:30:12 284023900  1615825812
use pt_key

real	0m1.059s
user	0m0.109s
sys	0m0.125s
03/16/21 00:30:13 544711300  1615825813 token: AAFgT4uUADCmJiLHdxFCNJxM7t8lKk5MhvdqpYLhh9FsLQwCcTJqWj-xw_5H4EWZtLKoJ7HKRWE

real	0m0.835s
user	0m0.031s
sys	0m0.094s
03/16/21 00:30:15 385635400  1615825815 secretPin: 8zfoIjWIu/DcpxQNzAV7/oVPSWy1B8D+G4s+fJIFDfWHSnwnXFQKK9yQco/OGmHebU48Dr07k+7+k1UaXRbZKg==

03/16/21 00:30:15 551450000  1615825815 王签到JEEP SPIRIT眼镜旗舰店

real	0m0.523s
user	0m0.016s
sys	0m0.125s
parse error: Invalid numeric literal at line 1, column 10
parse error: Invalid numeric literal at line 1, column 10
parse error: Invalid numeric literal at line 1, column 10
parse error: Invalid numeric literal at line 1, column 10
03/16/21 00:30:17 513584100 1615825817

real	0m0.626s
user	0m0.000s
sys	0m0.031s

real	0m0.480s
user	0m0.016s
sys	0m0.094s
[WARN] get LZ_TOKEN error
03/16/21 00:30:18 987574600  1615825818
use pt_key

real	0m0.499s
user	0m0.109s
sys	0m0.063s
03/16/21 00:30:19 625340300  1615825819 token: AAFgT4uaADAbdnzCMG1OE3G24n0GNQkPM21fpOx5VT4w9oP3omEuJd1nt2RFOj565KzdeFWai2U

real	0m0.401s
user	0m0.047s
sys	0m0.094s
parse error: Invalid numeric literal at line 1, column 10
03/16/21 00:30:20 534269800  1615825820 secretPin: 
[WARN] get secretPin error

03/16/21 00:30:20 655340700  1615825820 王签到JEEP SPIRIT眼镜旗舰店

real	0m0.432s
user	0m0.078s
sys	0m0.063s
parse error: Invalid numeric literal at line 1, column 10
parse error: Invalid numeric literal at line 1, column 10
parse error: Invalid numeric literal at line 1, column 10
parse error: Invalid numeric literal at line 1, column 10
03/16/21 00:30:22 326498600 1615825822

real	0m0.668s
user	0m0.000s
sys	0m0.016s

real	0m0.398s
user	0m0.047s
sys	0m0.125s
[WARN] get LZ_TOKEN error
03/16/21 00:30:23 665818700  1615825823
use pt_key

real	0m0.528s
user	0m0.094s
sys	0m0.094s
03/16/21 00:30:24 308214800  1615825824 token: AAFgT4ufADBlw0c-oVnlR0ViQW8pyJ17BP1IyYvbo2m2OgU57MOdyznQa4x7UcDJzJL2hEryLVM

real	0m0.404s
user	0m0.031s
sys	0m0.094s
parse error: Invalid numeric literal at line 1, column 10
03/16/21 00:30:25 450027300  1615825825 secretPin: 
[WARN] get secretPin error

03/16/21 00:30:25 553024400  1615825825 王签到JEEP SPIRIT眼镜旗舰店

real	0m0.462s
user	0m0.016s
sys	0m0.109s
parse error: Invalid numeric literal at line 1, column 10
parse error: Invalid numeric literal at line 1, column 10
parse error: Invalid numeric literal at line 1, column 10
parse error: Invalid numeric literal at line 1, column 10
03/16/21 00:30:27 360024500 1615825827

real	0m0.876s
user	0m0.000s
sys	0m0.047s

real	0m0.322s
user	0m0.031s
sys	0m0.109s
[WARN] get LZ_TOKEN error
03/16/21 00:30:28 738156700  1615825828
use pt_key

real	0m0.625s
user	0m0.094s
sys	0m0.156s
03/16/21 00:30:29 472722900  1615825829 token: AAFgT4ukADCmjtnevU7IHlUF-IdwC2082bk8MWDQ4tDNZ3g5SKVET-3zVxyg1pN1it6DbQSvvLY

real	0m0.408s
user	0m0.031s
sys	0m0.109s
parse error: Invalid numeric literal at line 1, column 10
03/16/21 00:30:30 445722900  1615825830 secretPin: 
[WARN] get secretPin error

03/16/21 00:30:30 586002400  1615825830 王签到JEEP SPIRIT眼镜旗舰店

real	0m0.474s
user	0m0.016s
sys	0m0.109s
parse error: Invalid numeric literal at line 1, column 10
parse error: Invalid numeric literal at line 1, column 10
parse error: Invalid numeric literal at line 1, column 10
parse error: Invalid numeric literal at line 1, column 10
03/16/21 00:30:32 320727300 1615825832

real	0m1.014s
user	0m0.016s
sys	0m0.016s

real	0m0.445s
user	0m0.016s
sys	0m0.141s
[WARN] get LZ_TOKEN error
03/16/21 00:30:33 976058700  1615825833
use pt_key

real	0m0.584s
user	0m0.063s
sys	0m0.109s
03/16/21 00:30:34 660471700  1615825834 token: AAFgT4upADDiQ1cd8dJPjcXJWv587vzAI7xhqsad-XRATZyJ7904hrD_mnlkKx2JeXi4nBuudXs

real	0m0.408s
user	0m0.000s
sys	0m0.109s
parse error: Invalid numeric literal at line 1, column 10
03/16/21 00:30:35 693375100  1615825835 secretPin: 
[WARN] get secretPin error

03/16/21 00:30:35 826328200  1615825835 王签到JEEP SPIRIT眼镜旗舰店

real	0m0.359s
user	0m0.016s
sys	0m0.125s
parse error: Invalid numeric literal at line 1, column 10
parse error: Invalid numeric literal at line 1, column 10
parse error: Invalid numeric literal at line 1, column 10
parse error: Invalid numeric literal at line 1, column 10
03/16/21 00:30:37 394452800 1615825837

real	0m1.184s
user	0m0.000s
sys	0m0.047s

real	0m0.230s
user	0m0.016s
sys	0m0.125s
[WARN] get LZ_TOKEN error
03/16/21 00:30:39 163984300  1615825839
use pt_key

real	0m0.417s
user	0m0.063s
sys	0m0.156s
03/16/21 00:30:39 759682800  1615825839 token: AAFgT4uvADAgMF6dzE1bfwTNRZjL7u4RE0JOJZcWU7D5mERBvfj1F3JR_VywEKYK8xC0270TF9g

real	0m0.441s
user	0m0.016s
sys	0m0.094s
parse error: Invalid numeric literal at line 1, column 10
03/16/21 00:30:40 688099300  1615825840 secretPin: 
[WARN] get secretPin error

03/16/21 00:30:40 787471600  1615825840 王签到JEEP SPIRIT眼镜旗舰店

real	0m0.375s
user	0m0.031s
sys	0m0.125s
parse error: Invalid numeric literal at line 1, column 10
parse error: Invalid numeric literal at line 1, column 10
parse error: Invalid numeric literal at line 1, column 10
parse error: Invalid numeric literal at line 1, column 10
03/16/21 00:30:42 333093600 1615825842

real	0m1.538s
user	0m0.000s
sys	0m0.063s

real	0m0.357s
user	0m0.016s
sys	0m0.125s
[WARN] get LZ_TOKEN error
03/16/21 00:30:44 432822400  1615825844
use pt_key

real	0m0.349s
user	0m0.078s
sys	0m0.141s
03/16/21 00:30:44 889113300  1615825844 token: AAFgT4u0ADBnPoG3qAk1v1c03QcFhNO1d0Dawi8QtOK4jmBwHBzUDpMXsiEKUMYNSYs0lz45Shc

real	0m0.395s
user	0m0.016s
sys	0m0.125s
parse error: Invalid numeric literal at line 1, column 10
03/16/21 00:30:45 677944600  1615825845 secretPin: 
[WARN] get secretPin error

03/16/21 00:30:45 822907700  1615825845 王签到JEEP SPIRIT眼镜旗舰店

real	0m0.361s
user	0m0.000s
sys	0m0.109s
parse error: Invalid numeric literal at line 1, column 10
parse error: Invalid numeric literal at line 1, column 10
parse error: Invalid numeric literal at line 1, column 10
parse error: Invalid numeric literal at line 1, column 10
03/16/21 00:30:47 952017400 1615825847

real	0m1.761s
user	0m0.000s
sys	0m0.078s

real	0m0.189s
user	0m0.047s
sys	0m0.078s
[WARN] get LZ_TOKEN error
03/16/21 00:30:50 068804100  1615825850
use pt_key

real	0m0.408s
user	0m0.078s
sys	0m0.156s
03/16/21 00:30:50 594038800  1615825850 token: AAFgT4u5ADASHyuTLQhAsY2ygphyqX0Dg1uXyG1p1E-q_cCtw3Fi4oqomDBkVtyIrB6wUFwhXQw

real	0m0.372s
user	0m0.016s
sys	0m0.094s
parse error: Invalid numeric literal at line 1, column 10
03/16/21 00:30:51 491578800  1615825851 secretPin: 
[WARN] get secretPin error

03/16/21 00:30:51 558925900  1615825851 王签到JEEP SPIRIT眼镜旗舰店

real	0m0.423s
user	0m0.078s
sys	0m0.063s
parse error: Invalid numeric literal at line 1, column 10
parse error: Invalid numeric literal at line 1, column 10
parse error: Invalid numeric literal at line 1, column 10
parse error: Invalid numeric literal at line 1, column 10
03/16/21 00:30:53 158763400 1615825853

real	0m1.880s
user	0m0.016s
sys	0m0.016s

real	0m0.144s
user	0m0.031s
sys	0m0.078s
[WARN] get LZ_TOKEN error
03/16/21 00:30:55 256171100  1615825855
use pt_key

real	0m0.232s
user	0m0.063s
sys	0m0.141s
03/16/21 00:30:55 534770100  1615825855 token: AAFgT4u-ADCtE_yi-Dy4PQ0iLtKh4e29bRyT1bzQI4DmobYqHP3k4HNuzpNR4e6yTlgjfpxnHSE

real	0m0.278s
user	0m0.000s
sys	0m0.109s
parse error: Invalid numeric literal at line 1, column 10
03/16/21 00:30:56 092032100  1615825856 secretPin: 
[WARN] get secretPin error

03/16/21 00:30:56 182078000  1615825856 王签到JEEP SPIRIT眼镜旗舰店

real	0m0.285s
user	0m0.031s
sys	0m0.109s
parse error: Invalid numeric literal at line 1, column 10
parse error: Invalid numeric literal at line 1, column 10
parse error: Invalid numeric literal at line 1, column 10
parse error: Invalid numeric literal at line 1, column 10
03/16/21 00:30:57 627739600 1615825857

real	0m2.097s
user	0m0.000s
sys	0m0.078s

real	0m0.181s
user	0m0.031s
sys	0m0.078s
[WARN] get LZ_TOKEN error
03/16/21 00:31:00 015792600  1615825860
use pt_key

real	0m0.139s
user	0m0.063s
sys	0m0.094s
03/16/21 00:31:00 174598500  1615825860 token: AAFgT4vDADAL_4qZcxcJvvV7UXNx8FeO1WeNfKW8JdJ5h67Z5kiJn6hbS3vFXcpHAQpw3hypk7A

real	0m0.125s
user	0m0.031s
sys	0m0.078s
parse error: Invalid numeric literal at line 1, column 10
03/16/21 00:31:00 430020300  1615825860 secretPin: 
[WARN] get secretPin error

03/16/21 00:31:00 457237600  1615825860 王签到JEEP SPIRIT眼镜旗舰店

real	0m0.163s
user	0m0.000s
sys	0m0.094s
parse error: Invalid numeric literal at line 1, column 10
parse error: Invalid numeric literal at line 1, column 10
parse error: Invalid numeric literal at line 1, column 10
parse error: Invalid numeric literal at line 1, column 10
03/16/21 00:31:01 137720500 1615825861

real	0m2.173s
user	0m0.000s
sys	0m0.078s

real	0m0.796s
user	0m0.000s
sys	0m0.141s
[WARN] get LZ_TOKEN error
03/16/21 00:31:04 375466500  1615825864
use pt_key

real	0m0.479s
user	0m0.109s
sys	0m0.125s
03/16/21 00:31:04 945125000  1615825864 token: AAFgT4vIADDytDDA17BN_FJvpPNIwiGEA0TtpF7AKRKnMnBL0zMAO_toInnDkH2R0Iilr1SzPEw

real	0m0.358s
user	0m0.047s
sys	0m0.094s
parse error: Invalid numeric literal at line 1, column 10
03/16/21 00:31:05 570317300  1615825865 secretPin: 
[WARN] get secretPin error

03/16/21 00:31:05 607394300  1615825865 王签到JEEP SPIRIT眼镜旗舰店

real	0m0.164s
user	0m0.031s
sys	0m0.109s
parse error: Invalid numeric literal at line 1, column 10
parse error: Invalid numeric literal at line 1, column 10
parse error: Invalid numeric literal at line 1, column 10
parse error: Invalid numeric literal at line 1, column 10
03/16/21 00:31:06 095415600 1615825866

real	0m2.295s
user	0m0.000s
sys	0m0.047s

real	0m0.574s
user	0m0.016s
sys	0m0.156s
[WARN] get LZ_TOKEN error
03/16/21 00:31:09 245105700  1615825869
use pt_key

real	0m0.485s
user	0m0.141s
sys	0m0.109s
03/16/21 00:31:09 828397500  1615825869 token: AAFgT4vNADB9xl7XGieYKVJaAFc2DV-8XWRF0rLOl0sSIlkUrxNdmpaaKHKmUlVBr6Tec3EYtsE

real	0m0.330s
user	0m0.000s
sys	0m0.125s
parse error: Invalid numeric literal at line 1, column 10
03/16/21 00:31:10 480010600  1615825870 secretPin: 
[WARN] get secretPin error

03/16/21 00:31:10 562671800  1615825870 王签到JEEP SPIRIT眼镜旗舰店

real	0m0.372s
user	0m0.000s
sys	0m0.156s
parse error: Invalid numeric literal at line 1, column 10
parse error: Invalid numeric literal at line 1, column 10
parse error: Invalid numeric literal at line 1, column 10
parse error: Invalid numeric literal at line 1, column 10
03/16/21 00:31:11 675409000 1615825871

real	0m2.495s
user	0m0.000s
sys	0m0.047s

real	0m0.348s
user	0m0.016s
sys	0m0.141s
[WARN] get LZ_TOKEN error
03/16/21 00:31:14 630290000  1615825874
use pt_key

real	0m0.351s
user	0m0.094s
sys	0m0.156s
03/16/21 00:31:15 037166500  1615825875 token: AAFgT4vSADAb4ibTteaIJmvLhVoCCzqcLkoS2I30rWTu4mu2DJoW4iBBr0xw55ynG48j8ESJc-w

real	0m0.298s
user	0m0.031s
sys	0m0.094s
parse error: Invalid numeric literal at line 1, column 10
03/16/21 00:31:15 648968300  1615825875 secretPin: 
[WARN] get secretPin error

03/16/21 00:31:15 783278800  1615825875 王签到JEEP SPIRIT眼镜旗舰店

real	0m0.407s
user	0m0.031s
sys	0m0.109s
parse error: Invalid numeric literal at line 1, column 10
parse error: Invalid numeric literal at line 1, column 10
parse error: Invalid numeric literal at line 1, column 10
parse error: Invalid numeric literal at line 1, column 10
03/16/21 00:31:17 108300600 1615825877

real	0m2.722s
user	0m0.000s
sys	0m0.078s

real	0m4.242s
user	0m0.031s
sys	0m0.063s
[WARN] get LZ_TOKEN error
03/16/21 00:31:24 238955600  1615825884
use pt_key

real	0m0.308s
user	0m0.078s
sys	0m0.109s
03/16/21 00:31:24 642677500  1615825884 token: AAFgT4vcADBo_z9jJZOVt-1hDXgXDIJyqlfLX_tu-E0Z1f6VJON2DjuG7X6gBkou6Amm75t0Dxg

real	0m0.416s
user	0m0.016s
sys	0m0.094s
parse error: Invalid numeric literal at line 1, column 10
03/16/21 00:31:25 439702200  1615825885 secretPin: 
[WARN] get secretPin error

03/16/21 00:31:25 511368600  1615825885 王签到JEEP SPIRIT眼镜旗舰店

real	0m0.264s
user	0m0.016s
sys	0m0.094s
parse error: Invalid numeric literal at line 1, column 10
parse error: Invalid numeric literal at line 1, column 10
parse error: Invalid numeric literal at line 1, column 10
parse error: Invalid numeric literal at line 1, column 10
03/16/21 00:31:26 344242900 1615825886

real	0m2.872s
user	0m0.000s
sys	0m0.047s

real	0m0.262s
user	0m0.016s
sys	0m0.141s
[WARN] get LZ_TOKEN error
03/16/21 00:31:29 579229800  1615825889
use pt_key

real	0m0.298s
user	0m0.125s
sys	0m0.094s
03/16/21 00:31:29 941680800  1615825889 token: AAFgT4vhADDta0AhuE_ADhb0dY8oe4LTv4KRe3wIPm1OABcdyucrQrxnU5t5YD7MUr3hfsl7-Vw

real	0m0.300s
user	0m0.031s
sys	0m0.094s
parse error: Invalid numeric literal at line 1, column 10
03/16/21 00:31:30 757742300  1615825890 secretPin: 
[WARN] get secretPin error

03/16/21 00:31:30 844112000  1615825890 王签到JEEP SPIRIT眼镜旗舰店

real	0m0.376s
user	0m0.016s
sys	0m0.094s
parse error: Invalid numeric literal at line 1, column 10
parse error: Invalid numeric literal at line 1, column 10
parse error: Invalid numeric literal at line 1, column 10
parse error: Invalid numeric literal at line 1, column 10
03/16/21 00:31:32 042766400 1615825892

real	0m3.151s
user	0m0.016s
sys	0m0.031s

real	0m0.164s
user	0m0.000s
sys	0m0.109s
[WARN] get LZ_TOKEN error
03/16/21 00:31:35 448885000  1615825895
use pt_key

real	0m0.241s
user	0m0.078s
sys	0m0.156s
03/16/21 00:31:35 742221900  1615825895 token: AAFgT4vnADAJOGC_WcWhNlLnC-HH26waXbVid4sliD5aV0REry_PacHcyOVYSb1DYDSz0dt_-aQ

real	0m0.270s
user	0m0.016s
sys	0m0.109s
parse error: Invalid numeric literal at line 1, column 10
03/16/21 00:31:36 267247500  1615825896 secretPin: 
[WARN] get secretPin error

03/16/21 00:31:36 301915600  1615825896 王签到JEEP SPIRIT眼镜旗舰店

real	0m0.238s
user	0m0.031s
sys	0m0.094s
parse error: Invalid numeric literal at line 1, column 10
parse error: Invalid numeric literal at line 1, column 10
parse error: Invalid numeric literal at line 1, column 10
parse error: Invalid numeric literal at line 1, column 10
03/16/21 00:31:37 024150900 1615825897

real	0m3.333s
user	0m0.000s
sys	0m0.047s

real	0m0.183s
user	0m0.031s
sys	0m0.094s
[WARN] get LZ_TOKEN error
03/16/21 00:31:40 626971300  1615825900
use pt_key

real	0m0.215s
user	0m0.094s
sys	0m0.125s
03/16/21 00:31:40 873688700  1615825900 token: AAFgT4vsADBtPzfvmMxeQnOIaYsKODl1Cfl697xEpw9om3bbkily5vhiQSoEWRyvJ3Cl6UvRy60

real	0m0.148s
user	0m0.031s
sys	0m0.078s
parse error: Invalid numeric literal at line 1, column 10
03/16/21 00:31:41 161024200  1615825901 secretPin: 
[WARN] get secretPin error

03/16/21 00:31:41 183941800  1615825901 王签到JEEP SPIRIT眼镜旗舰店

real	0m0.133s
user	0m0.016s
sys	0m0.109s
parse error: Invalid numeric literal at line 1, column 10
parse error: Invalid numeric literal at line 1, column 10
parse error: Invalid numeric literal at line 1, column 10
parse error: Invalid numeric literal at line 1, column 10
03/16/21 00:31:41 687603500 1615825901

real	0m3.521s
user	0m0.000s
sys	0m0.031s

real	0m0.295s
user	0m0.031s
sys	0m0.063s
[WARN] get LZ_TOKEN error
03/16/21 00:31:45 604977900  1615825905
use pt_key

real	0m0.220s
user	0m0.078s
sys	0m0.094s
03/16/21 00:31:45 861910100  1615825905 token: AAFgT4vxADA45fmH-fLemr0bBNOYs2J-nydArqemw-uhPiUhEAsEzCRgYjY3f5Vj6hKDcbPvi64

real	0m0.200s
user	0m0.031s
sys	0m0.125s
parse error: Invalid numeric literal at line 1, column 10
03/16/21 00:31:46 343991300  1615825906 secretPin: 
[WARN] get secretPin error

03/16/21 00:31:46 396352900  1615825906 王签到JEEP SPIRIT眼镜旗舰店

real	0m0.219s
user	0m0.016s
sys	0m0.094s
parse error: Invalid numeric literal at line 1, column 10
parse error: Invalid numeric literal at line 1, column 10
parse error: Invalid numeric literal at line 1, column 10
parse error: Invalid numeric literal at line 1, column 10
03/16/21 00:31:47 017169500 1615825907

real	0m3.669s
user	0m0.000s
sys	0m0.063s

real	0m0.178s
user	0m0.031s
sys	0m0.109s
[WARN] get LZ_TOKEN error
03/16/21 00:31:50 929372400  1615825910
use pt_key

real	0m0.178s
user	0m0.109s
sys	0m0.109s
03/16/21 00:31:51 137009900  1615825911 token: AAFgT4v2ADC_lFCjHwaah4pfZRIVP8M59RTuy7lO7o_DM8or45J_8lUrLlJ0ZM0wkjRcTVpxd1U

real	0m0.170s
user	0m0.016s
sys	0m0.109s
parse error: Invalid numeric literal at line 1, column 10
03/16/21 00:31:51 521160800  1615825911 secretPin: 
[WARN] get secretPin error

03/16/21 00:31:51 559358900  1615825911 王签到JEEP SPIRIT眼镜旗舰店

real	0m0.243s
user	0m0.031s
sys	0m0.094s
parse error: Invalid numeric literal at line 1, column 10
parse error: Invalid numeric literal at line 1, column 10
parse error: Invalid numeric literal at line 1, column 10
parse error: Invalid numeric literal at line 1, column 10
03/16/21 00:31:52 281650700 1615825912

real	0m3.864s
user	0m0.000s
sys	0m0.063s

real	0m0.162s
user	0m0.047s
sys	0m0.063s
[WARN] get LZ_TOKEN error
03/16/21 00:31:56 374754600  1615825916
use pt_key

real	0m0.191s
user	0m0.094s
sys	0m0.109s
03/16/21 00:31:56 594788100  1615825916 token: AAFgT4v8ADAG0qCxbfJ8uYtMZAaq62c1_LFho2X6ZapleG_tZnoou3jk5-v6iLwra3nHMVUTYoc

real	0m0.150s
user	0m0.031s
sys	0m0.063s
parse error: Invalid numeric literal at line 1, column 10
03/16/21 00:31:56 941425700  1615825916 secretPin: 
[WARN] get secretPin error

03/16/21 00:31:56 974341900  1615825916 王签到JEEP SPIRIT眼镜旗舰店

real	0m0.205s
user	0m0.047s
sys	0m0.141s
parse error: Invalid numeric literal at line 1, column 10
parse error: Invalid numeric literal at line 1, column 10
parse error: Invalid numeric literal at line 1, column 10
parse error: Invalid numeric literal at line 1, column 10
03/16/21 00:31:57 491149400 1615825917

real	0m4.038s
user	0m0.000s
sys	0m0.031s
03/16/21 00:32:46 609696300  1615825966
parse error: Invalid numeric literal at line 1, column 10
签到是否成功解析失败. 不再写/home/myid/jd/jd_signup/vender/shop_1614611215_136

王签到JEEP SPIRIT眼镜旗舰店查看结果



JEEP SPIRIT眼镜旗舰店活动规则


actId=a3e7341936fb4fe786cb441977fad1df
venderId=10114665
startTime=1613664000000
endTime=1616169659000
# 短链接
suo_url="https://3.cn/1012Wo-ru"
actTimeStr="2021-02-19 00:00 至 2021-03-20 00:00"
#店铺名称
vendername="JEEP SPIRIT眼镜旗舰店"
# 长链接
url=https://lzkj-isv.isvjcloud.com/sign/signActivity2?activityId=a3e7341936fb4fe786cb441977fad1df&venderId=10114665&adsource=tg_xuanFuTuBiao
# 活动时间：2021.02.19 00:00:00 - 2021.03.20 00:00:59
# 奖励说明：
actRule="
连续签到3天：1京豆 1京豆
连续签到5天：3京豆 3京豆
"
#肥鹅 jd_4d651d9e48204 sign_res
sign_res="
signTime=1614556800;signed=2
signTime=1614643200;signed=2
signTime=1614729600;signed=2
signTime=1614816000;signed=2
signTime=1614902400;signed=2
signTime=1614988800;signed=2
signTime=1615075200;signed=2
signTime=1615161600;signed=2
signTime=1615248000;signed=2
signTime=1615334400;signed=2
signTime=1615420800;signed=2
signTime=1615507200;signed=2
signTime=1615593600;signed=2
signTime=1615680000;signed=2
signTime=1615766400;signed=2"
sign_num="4"
sign_total_num="19"
giftName=""
giftRes="ok"
giftDate="20210315"
sign_res_info="
2021/03/01_08:00:00  [已~签~到]      
2021/03/02_08:00:00  [已~签~到]      
2021/03/03_08:00:00  [已~签~到]      
2021/03/04_08:00:00  [已~签~到]      
2021/03/05_08:00:00  [已~签~到]      
2021/03/06_08:00:00  [已~签~到]      
2021/03/07_08:00:00  [已~签~到]      
2021/03/08_08:00:00  [已~签~到]      
2021/03/09_08:00:00  [已~签~到]      
2021/03/10_08:00:00  [已~签~到]      
2021/03/11_08:00:00  [已~签~到]      
2021/03/12_08:00:00  [已~签~到]      
2021/03/13_08:00:00  [已~签~到]      
2021/03/14_08:00:00  [已~签~到]      
2021/03/15_08:00:00  [已~签~到]      
当天签到奖励 []
连续签到 4 天
签到总天数 19"
#肥鹅 jd_4d651d9e48204 sign_res_end
#移动 jd_OeTNobRVGiNZ sign_res
sign_res="
"
sign_num="0"
sign_total_num="0"
giftName=""
giftRes=""
giftDate="20210315"
sign_res_info="

当天签到奖励 []
连续签到 0 天
签到总天数 0"
#移动 jd_OeTNobRVGiNZ sign_res_end
#赵 122294312-396444 sign_res
sign_res="
"
sign_num=""
sign_total_num=""
giftName="null"
giftRes="ok"
giftDate="20210316"
sign_res_info="

当天签到奖励 [null]
连续签到  天
签到总天数 "
#赵 122294312-396444 sign_res_end
#王 1309893722-164885 sign_res
sign_res="
"
sign_num=""
sign_total_num=""
giftName=""
giftRes="ok"
giftDate="20210316"
sign_res_info="

当天签到奖励 []
连续签到  天
签到总天数 "
#王 1309893722-164885 sign_res_end
