03/09/21 00:00:09 865905000  1615219209
RANDOM_num: 5
force to sign

real	0m1.335s
user	0m0.063s
sys	0m0.078s
lzkj-isv.isvjcloud.com	FALSE	/	FALSE	1615219812	LZ_TOKEN_VALUE	B0oH3vDY2bhHWuKbVaJ+XQ==
lzkj-isv.isvjcloud.com	FALSE	/	FALSE	1615219812	LZ_TOKEN_KEY	lztokenpage10894aeae4d04f988e11930b742e855c
03/09/21 00:00:13 829431700  1615219213
use pt_key

real	0m1.150s
user	0m0.078s
sys	0m0.078s
03/09/21 00:00:15 299206500  1615219215 token: AAFgRkoOADBNj0frlcREC_1v_B8B5OG8zrtxPGa8qSn-dRJYiRPk91k5BwSDKV8ioIPTGO1h8R0

real	0m1.351s
user	0m0.000s
sys	0m0.125s
03/09/21 00:00:19 941887700  1615219219 secretPin: 8zfoIjWIu/DcpxQNzAV7/oVPSWy1B8D+G4s+fJIFDfWHSnwnXFQKK9yQco/OGmHebU48Dr07k+7+k1UaXRbZKg==

03/09/21 00:00:20 474680000  1615219220 ç‹ç­¾åˆ°JEEP SPIRITçœ¼é•œæ——èˆ°åº—

real	0m1.329s
user	0m0.016s
sys	0m0.109s
parse error: Invalid numeric literal at line 1, column 10
parse error: Invalid numeric literal at line 1, column 10
parse error: Invalid numeric literal at line 1, column 10
parse error: Invalid numeric literal at line 1, column 10
03/09/21 00:00:26 493222900 1615219226

real	0m0.679s
user	0m0.016s
sys	0m0.031s

real	0m0.493s
user	0m0.047s
sys	0m0.047s
[WARN] get LZ_TOKEN error
03/09/21 00:00:27 972786400  1615219227
use pt_key

real	0m0.685s
user	0m0.109s
sys	0m0.109s
03/09/21 00:00:28 742481600  1615219228 token: AAFgRkocADA3WDK0_K7jadOIELM4cHP8RdiMUSQWqXZBoUbo50jFI8G3fK2ZjaQwnJZ4WyxvrHU

real	0m0.721s
user	0m0.031s
sys	0m0.094s
parse error: Invalid numeric literal at line 1, column 10
03/09/21 00:00:30 481323500  1615219230 secretPin: 
[WARN] get secretPin error

03/09/21 00:00:30 718965900  1615219230 ç‹ç­¾åˆ°JEEP SPIRITçœ¼é•œæ——èˆ°åº—

real	0m0.629s
user	0m0.031s
sys	0m0.078s
parse error: Invalid numeric literal at line 1, column 10
parse error: Invalid numeric literal at line 1, column 10
parse error: Invalid numeric literal at line 1, column 10
parse error: Invalid numeric literal at line 1, column 10
03/09/21 00:00:32 989900800 1615219232

real	0m0.812s
user	0m0.000s
sys	0m0.078s

real	0m0.401s
user	0m0.047s
sys	0m0.078s
[WARN] get LZ_TOKEN error
03/09/21 00:00:34 420747700  1615219234
use pt_key

real	0m0.518s
user	0m0.109s
sys	0m0.047s
03/09/21 00:00:35 050581100  1615219235 token: AAFgRkoiADDjJQdk1dcqVb4HspZJC9NtsxfrbUaiVI8OSyUy-6SnmsKd7_ktaD1x2AgdyGXg2K0

real	0m0.517s
user	0m0.047s
sys	0m0.063s
parse error: Invalid numeric literal at line 1, column 10
03/09/21 00:00:36 279014000  1615219236 secretPin: 
[WARN] get secretPin error

03/09/21 00:00:36 463620400  1615219236 ç‹ç­¾åˆ°JEEP SPIRITçœ¼é•œæ——èˆ°åº—

real	0m0.455s
user	0m0.031s
sys	0m0.078s
parse error: Invalid numeric literal at line 1, column 10
parse error: Invalid numeric literal at line 1, column 10
parse error: Invalid numeric literal at line 1, column 10
parse error: Invalid numeric literal at line 1, column 10
03/09/21 00:00:38 740980100 1615219238

real	0m1.013s
user	0m0.000s
sys	0m0.016s

real	0m0.422s
user	0m0.047s
sys	0m0.031s
[WARN] get LZ_TOKEN error
03/09/21 00:00:40 467304400  1615219240
use pt_key

real	0m0.501s
user	0m0.125s
sys	0m0.094s
03/09/21 00:00:41 125476400  1615219241 token: AAFgRkooADBwjmAcG-UJCGfc1YEE6H1iNoi401PB14v1zdFzmCnZ4t_VV5HDYM_h65PHWC24-qs

real	0m0.479s
user	0m0.031s
sys	0m0.094s
parse error: Invalid numeric literal at line 1, column 10
03/09/21 00:00:42 378745100  1615219242 secretPin: 
[WARN] get secretPin error

03/09/21 00:00:42 544700800  1615219242 ç‹ç­¾åˆ°JEEP SPIRITçœ¼é•œæ——èˆ°åº—

real	0m0.455s
user	0m0.016s
sys	0m0.063s
parse error: Invalid numeric literal at line 1, column 10
parse error: Invalid numeric literal at line 1, column 10
parse error: Invalid numeric literal at line 1, column 10
parse error: Invalid numeric literal at line 1, column 10
03/09/21 00:00:44 643088900 1615219244

real	0m1.164s
user	0m0.000s
sys	0m0.047s

real	0m0.459s
user	0m0.047s
sys	0m0.109s
[WARN] get LZ_TOKEN error
03/09/21 00:00:46 524922400  1615219246
use pt_key

real	0m0.565s
user	0m0.109s
sys	0m0.063s
03/09/21 00:00:47 248265900  1615219247 token: AAFgRkovADCd0LTjgMu8UNfdBr5s3X1suy5HYVGllf5xkBNtRJNt0EUdDR4p5oig8EAxKQu9pwI

real	0m0.543s
user	0m0.031s
sys	0m0.078s
parse error: Invalid numeric literal at line 1, column 10
03/09/21 00:00:50 186734400  1615219250 secretPin: 
[WARN] get secretPin error

03/09/21 00:00:50 320945000  1615219250 ç‹ç­¾åˆ°JEEP SPIRITçœ¼é•œæ——èˆ°åº—

real	0m0.574s
user	0m0.016s
sys	0m0.109s
parse error: Invalid numeric literal at line 1, column 10
parse error: Invalid numeric literal at line 1, column 10
parse error: Invalid numeric literal at line 1, column 10
parse error: Invalid numeric literal at line 1, column 10
03/09/21 00:00:52 036503900 1615219252

real	0m1.285s
user	0m0.000s
sys	0m0.031s

real	0m0.250s
user	0m0.047s
sys	0m0.078s
[WARN] get LZ_TOKEN error
03/09/21 00:00:53 715439700  1615219253
use pt_key

real	0m0.422s
user	0m0.094s
sys	0m0.078s
03/09/21 00:00:54 246342100  1615219254 token: AAFgRko2ADB71mx-VA6QW1JIdzVq6TIOoijO0Et_FYuRn4-twFlOndILbNO6KpsKgi4WIEIHBWM

real	0m0.316s
user	0m0.078s
sys	0m0.047s
parse error: Invalid numeric literal at line 1, column 10
03/09/21 00:00:55 206949800  1615219255 secretPin: 
[WARN] get secretPin error

03/09/21 00:00:55 308890100  1615219255 ç‹ç­¾åˆ°JEEP SPIRITçœ¼é•œæ——èˆ°åº—

real	0m0.364s
user	0m0.016s
sys	0m0.125s
parse error: Invalid numeric literal at line 1, column 10
parse error: Invalid numeric literal at line 1, column 10
parse error: Invalid numeric literal at line 1, column 10
parse error: Invalid numeric literal at line 1, column 10
03/09/21 00:00:56 512890100 1615219256

real	0m1.553s
user	0m0.000s
sys	0m0.063s

real	0m0.362s
user	0m0.000s
sys	0m0.094s
[WARN] get LZ_TOKEN error
03/09/21 00:00:58 617185500  1615219258
use pt_key

real	0m0.516s
user	0m0.109s
sys	0m0.063s
03/09/21 00:00:59 291724700  1615219259 token: AAFgRko7ADCdttAme-QVkYJbQwu0KMN4njKVLTjZz2sJ6AwbcRL_woojT_njugtWJOzRIAtIt6k

real	0m0.617s
user	0m0.031s
sys	0m0.063s
parse error: Invalid numeric literal at line 1, column 10
03/09/21 00:01:00 761302700  1615219260 secretPin: 
[WARN] get secretPin error

03/09/21 00:01:00 869640000  1615219260 ç‹ç­¾åˆ°JEEP SPIRITçœ¼é•œæ——èˆ°åº—

real	0m0.376s
user	0m0.047s
sys	0m0.063s
parse error: Invalid numeric literal at line 1, column 10
parse error: Invalid numeric literal at line 1, column 10
parse error: Invalid numeric literal at line 1, column 10
parse error: Invalid numeric literal at line 1, column 10
03/09/21 00:01:02 938071000 1615219262

real	0m1.747s
user	0m0.000s
sys	0m0.047s

real	0m0.415s
user	0m0.016s
sys	0m0.141s
[WARN] get LZ_TOKEN error
03/09/21 00:01:05 343230900  1615219265
use pt_key

real	0m0.433s
user	0m0.094s
sys	0m0.078s
03/09/21 00:01:05 926635800  1615219265 token: AAFgRkpBADDQ_zxazHQAG7C2zzL2t0IAdLN99hf4ch_gaAeqoWImfh4X9qz2hoNAzNaG87d7ktU

real	0m0.563s
user	0m0.031s
sys	0m0.094s
parse error: Invalid numeric literal at line 1, column 10
03/09/21 00:01:07 355998600  1615219267 secretPin: 
[WARN] get secretPin error

03/09/21 00:01:07 627107200  1615219267 ç‹ç­¾åˆ°JEEP SPIRITçœ¼é•œæ——èˆ°åº—

real	0m0.424s
user	0m0.047s
sys	0m0.063s
parse error: Invalid numeric literal at line 1, column 10
parse error: Invalid numeric literal at line 1, column 10
parse error: Invalid numeric literal at line 1, column 10
parse error: Invalid numeric literal at line 1, column 10
03/09/21 00:01:09 089418900 1615219269

real	0m1.942s
user	0m0.000s
sys	0m0.016s

real	0m0.335s
user	0m0.047s
sys	0m0.063s
[WARN] get LZ_TOKEN error
03/09/21 00:01:11 497614100  1615219271
use pt_key

real	0m0.306s
user	0m0.078s
sys	0m0.109s
03/09/21 00:01:11 855673400  1615219271 token: AAFgRkpHADAQuusY--X1x_1izT6ZdYRgGo1kRjJzWzcQ5PIMRmb28VwGZOsWu9IrV2DsDEYQ7ZE

real	0m0.258s
user	0m0.031s
sys	0m0.063s
parse error: Invalid numeric literal at line 1, column 10
03/09/21 00:01:12 513411900  1615219272 secretPin: 
[WARN] get secretPin error

03/09/21 00:01:12 616069300  1615219272 ç‹ç­¾åˆ°JEEP SPIRITçœ¼é•œæ——èˆ°åº—

real	0m0.424s
user	0m0.047s
sys	0m0.063s
parse error: Invalid numeric literal at line 1, column 10
parse error: Invalid numeric literal at line 1, column 10
parse error: Invalid numeric literal at line 1, column 10
parse error: Invalid numeric literal at line 1, column 10
03/09/21 00:01:14 446178000 1615219274

real	0m2.165s
user	0m0.000s
sys	0m0.063s

real	0m0.551s
user	0m0.031s
sys	0m0.078s
[WARN] get LZ_TOKEN error
03/09/21 00:01:17 520642700  1615219277
use pt_key

real	0m0.387s
user	0m0.125s
sys	0m0.125s
03/09/21 00:01:17 980577100  1615219277 token: AAFgRkpNADBzwdyybxRtzMfA8J_-XgIfAR4M48YPb7KRpLoNT-quc-_S8KQy9XFDkULkHlRjHXg

real	0m1.491s
user	0m0.063s
sys	0m0.078s
parse error: Invalid numeric literal at line 1, column 10
03/09/21 00:01:20 190207600  1615219280 secretPin: 
[WARN] get secretPin error

03/09/21 00:01:20 296038900  1615219280 ç‹ç­¾åˆ°JEEP SPIRITçœ¼é•œæ——èˆ°åº—

real	0m0.900s
user	0m0.000s
sys	0m0.063s
parse error: Invalid numeric literal at line 1, column 10
parse error: Invalid numeric literal at line 1, column 10
parse error: Invalid numeric literal at line 1, column 10
parse error: Invalid numeric literal at line 1, column 10
03/09/21 00:01:22 353080000 1615219282

real	0m2.199s
user	0m0.000s
sys	0m0.047s

real	0m0.265s
user	0m0.031s
sys	0m0.047s
[WARN] get LZ_TOKEN error
03/09/21 00:01:24 921742400  1615219284
use pt_key

real	0m0.282s
user	0m0.094s
sys	0m0.141s
03/09/21 00:01:25 258795400  1615219285 token: AAFgRkpVADDs-k1iws9UITtGgLSYBybvLlw2wFJ_vbSy_TC4Ayk6aoprTJbQtnPjZ_XxL9f3bI0

real	0m0.233s
user	0m0.016s
sys	0m0.078s
parse error: Invalid numeric literal at line 1, column 10
03/09/21 00:01:25 811949400  1615219285 secretPin: 
[WARN] get secretPin error

03/09/21 00:01:25 860127500  1615219285 ç‹ç­¾åˆ°JEEP SPIRITçœ¼é•œæ——èˆ°åº—

real	0m0.234s
user	0m0.016s
sys	0m0.094s
parse error: Invalid numeric literal at line 1, column 10
parse error: Invalid numeric literal at line 1, column 10
parse error: Invalid numeric literal at line 1, column 10
parse error: Invalid numeric literal at line 1, column 10
03/09/21 00:01:26 893918200 1615219286

real	0m2.608s
user	0m0.016s
sys	0m0.000s

real	0m0.393s
user	0m0.016s
sys	0m0.078s
[WARN] get LZ_TOKEN error
03/09/21 00:01:30 002022400  1615219290
use pt_key

real	0m0.256s
user	0m0.094s
sys	0m0.109s
03/09/21 00:01:30 311807700  1615219290 token: AAFgRkpaADDiwGcDU-pMgq45c2lYiW1zOCBpM0_JIHnJ-6MtPFpyXlv-xy3LdSuPphCUbLHiQcc

real	0m0.196s
user	0m0.031s
sys	0m0.063s
parse error: Invalid numeric literal at line 1, column 10
03/09/21 00:01:30 859062700  1615219290 secretPin: 
[WARN] get secretPin error

03/09/21 00:01:30 906856600  1615219290 ç‹ç­¾åˆ°JEEP SPIRITçœ¼é•œæ——èˆ°åº—

real	0m0.237s
user	0m0.016s
sys	0m0.109s
parse error: Invalid numeric literal at line 1, column 10
parse error: Invalid numeric literal at line 1, column 10
parse error: Invalid numeric literal at line 1, column 10
parse error: Invalid numeric literal at line 1, column 10
03/09/21 00:01:31 642862400 1615219291

real	0m2.112s
user	0m0.000s
sys	0m0.063s

real	0m0.528s
user	0m0.031s
sys	0m0.063s
[WARN] get LZ_TOKEN error
03/09/21 00:01:34 984364500  1615219294
use pt_key

real	0m0.829s
user	0m0.125s
sys	0m0.109s
03/09/21 00:01:35 954269600  1615219295 token: AAFgRkpfADDccZQ8Vyjs19LcwCZVVEPc9bHbXIfgLHw4eF1fN7xtTNAiEXnWzWbkL8Z1uYVPwm4

real	0m0.343s
user	0m0.047s
sys	0m0.094s
parse error: Invalid numeric literal at line 1, column 10
03/09/21 00:01:36 622066000  1615219296 secretPin: 
[WARN] get secretPin error

03/09/21 00:01:36 667991100  1615219296 ç‹ç­¾åˆ°JEEP SPIRITçœ¼é•œæ——èˆ°åº—

real	0m0.259s
user	0m0.031s
sys	0m0.063s
parse error: Invalid numeric literal at line 1, column 10
parse error: Invalid numeric literal at line 1, column 10
parse error: Invalid numeric literal at line 1, column 10
parse error: Invalid numeric literal at line 1, column 10
03/09/21 00:01:37 756963500 1615219297

real	0m2.745s
user	0m0.000s
sys	0m0.047s

real	0m0.472s
user	0m0.063s
sys	0m0.078s
[WARN] get LZ_TOKEN error
03/09/21 00:01:41 311765800  1615219301
use pt_key

real	0m0.661s
user	0m0.094s
sys	0m0.094s
03/09/21 00:01:42 099199900  1615219302 token: AAFgRkplADDBCVcFwwNOnE2v8lZTcVChIlb8CfU2Ksnmw3OAlDKqfVZu9ZYMaAK4bD8aTLxdvwE

real	0m0.458s
user	0m0.016s
sys	0m0.094s
parse error: Invalid numeric literal at line 1, column 10
03/09/21 00:01:42 954841600  1615219302 secretPin: 
[WARN] get secretPin error

03/09/21 00:01:43 011522100  1615219303 ç‹ç­¾åˆ°JEEP SPIRITçœ¼é•œæ——èˆ°åº—

real	0m0.248s
user	0m0.016s
sys	0m0.094s
parse error: Invalid numeric literal at line 1, column 10
parse error: Invalid numeric literal at line 1, column 10
parse error: Invalid numeric literal at line 1, column 10
parse error: Invalid numeric literal at line 1, column 10
03/09/21 00:01:44 091084500 1615219304

real	0m2.914s
user	0m0.000s
sys	0m0.047s

real	0m0.468s
user	0m0.031s
sys	0m0.063s
[WARN] get LZ_TOKEN error
03/09/21 00:01:47 728941300  1615219307
use pt_key

real	0m0.486s
user	0m0.094s
sys	0m0.141s
03/09/21 00:01:48 910983900  1615219308 token: AAFgRkpsADCCn3Y2tGziyZN4cdpHHHA1DoYBBQ1ughRhTAF274PxR4RB2V0ZdXq7AZay5dEwwBs

real	0m0.657s
user	0m0.031s
sys	0m0.047s
parse error: Invalid numeric literal at line 1, column 10
03/09/21 00:01:50 107761900  1615219310 secretPin: 
[WARN] get secretPin error

03/09/21 00:01:50 160833500  1615219310 ç‹ç­¾åˆ°JEEP SPIRITçœ¼é•œæ——èˆ°åº—

real	0m0.289s
user	0m0.031s
sys	0m0.109s
parse error: Invalid numeric literal at line 1, column 10
parse error: Invalid numeric literal at line 1, column 10
parse error: Invalid numeric literal at line 1, column 10
parse error: Invalid numeric literal at line 1, column 10
03/09/21 00:01:51 431816000 1615219311

real	0m3.187s
user	0m0.000s
sys	0m0.031s

real	0m0.471s
user	0m0.031s
sys	0m0.094s
[WARN] get LZ_TOKEN error
03/09/21 00:01:55 477452500  1615219315
use pt_key

real	0m0.653s
user	0m0.078s
sys	0m0.125s
03/09/21 00:01:56 220554300  1615219316 token: AAFgRkp0ADAuks2clAU6HzSeZI5YTwIe1dGR1W4PXgGg_-bLXaBjIkkhShtHUK2kdxmQQ7CbfuU

real	0m0.310s
user	0m0.047s
sys	0m0.109s
parse error: Invalid numeric literal at line 1, column 10
03/09/21 00:01:56 798261600  1615219316 secretPin: 
[WARN] get secretPin error

03/09/21 00:01:56 838358900  1615219316 ç‹ç­¾åˆ°JEEP SPIRITçœ¼é•œæ——èˆ°åº—

real	0m0.198s
user	0m0.016s
sys	0m0.078s
parse error: Invalid numeric literal at line 1, column 10
parse error: Invalid numeric literal at line 1, column 10
parse error: Invalid numeric literal at line 1, column 10
parse error: Invalid numeric literal at line 1, column 10
03/09/21 00:01:57 848274300 1615219317

real	0m3.341s
user	0m0.000s
sys	0m0.031s

real	0m0.615s
user	0m0.031s
sys	0m0.063s
[WARN] get LZ_TOKEN error
03/09/21 00:02:02 122610200  1615219322
use pt_key

real	0m0.837s
user	0m0.094s
sys	0m0.063s
03/09/21 00:02:03 100288700  1615219323 token: AAFgRkp6ADCQeb6wXPvnZ1JIsbDKmLETRni-DBfIF8DG53A3qXbty2RdUOhHRIMuNut_mQLHxoI

real	0m0.611s
user	0m0.016s
sys	0m0.078s
parse error: Invalid numeric literal at line 1, column 10
03/09/21 00:02:04 525519500  1615219324 secretPin: 
[WARN] get secretPin error

03/09/21 00:02:04 716407300  1615219324 ç‹ç­¾åˆ°JEEP SPIRITçœ¼é•œæ——èˆ°åº—

real	0m0.790s
user	0m0.016s
sys	0m0.094s
parse error: Invalid numeric literal at line 1, column 10
parse error: Invalid numeric literal at line 1, column 10
parse error: Invalid numeric literal at line 1, column 10
parse error: Invalid numeric literal at line 1, column 10
03/09/21 00:02:08 467229000 1615219328

real	0m4.240s
user	0m0.016s
sys	0m0.031s

real	0m2.199s
user	0m0.016s
sys	0m0.109s
[WARN] get LZ_TOKEN error
03/09/21 00:02:17 040175700  1615219337
use pt_key

real	0m1.667s
user	0m0.094s
sys	0m0.094s
03/09/21 00:02:19 829903000  1615219339 token: AAFgRkqKADAcczHVO2ZTsuPnOL0eWJo-VIiLis49atsYAajazwugVnxOwIMTre3XJ4wDCMEPHF4

real	0m2.323s
user	0m0.047s
sys	0m0.047s
parse error: Invalid numeric literal at line 1, column 10
03/09/21 00:02:24 340976800  1615219344 secretPin: 
[WARN] get secretPin error

03/09/21 00:02:24 809680700  1615219344 ç‹ç­¾åˆ°JEEP SPIRITçœ¼é•œæ——èˆ°åº—

real	0m1.089s
user	0m0.047s
sys	0m0.094s
parse error: Invalid numeric literal at line 1, column 10
parse error: Invalid numeric literal at line 1, column 10
parse error: Invalid numeric literal at line 1, column 10
parse error: Invalid numeric literal at line 1, column 10
03/09/21 00:02:31 122419800 1615219351

real	0m5.143s
user	0m0.000s
sys	0m0.063s

real	0m1.570s
user	0m0.078s
sys	0m0.063s
[WARN] get LZ_TOKEN error
03/09/21 00:02:39 551188700  1615219359
use pt_key

real	0m1.625s
user	0m0.078s
sys	0m0.125s
03/09/21 00:02:41 884919800  1615219361 token: AAFgRkqhADA0wcxiRBu8w_tC30zA8VoFDUXV0Jec4SeqC47Mn0n7TVifW33d2VBo9s7568t1ihk

real	0m0.942s
user	0m0.031s
sys	0m0.094s
parse error: Invalid numeric literal at line 1, column 10
03/09/21 00:02:46 123546300  1615219366 secretPin: 
[WARN] get secretPin error

03/09/21 00:02:46 444243900  1615219366 ç‹ç­¾åˆ°JEEP SPIRITçœ¼é•œæ——èˆ°åº—

real	0m1.294s
user	0m0.016s
sys	0m0.109s
parse error: Invalid numeric literal at line 1, column 10
parse error: Invalid numeric literal at line 1, column 10
parse error: Invalid numeric literal at line 1, column 10
parse error: Invalid numeric literal at line 1, column 10
03/09/21 00:02:55 170423700 1615219375

real	0m5.115s
user	0m0.000s
sys	0m0.016s

real	0m1.752s
user	0m0.016s
sys	0m0.063s
[WARN] get LZ_TOKEN error
03/09/21 00:03:03 332133100  1615219383
use pt_key

real	0m1.664s
user	0m0.094s
sys	0m0.094s
03/09/21 00:03:05 374174800  1615219385 token: AAFgRkq4ADBeKAtQgagOENnz7wx3d4tyAWvU9sDMOuh2RADhBZEtN9WoGC--399ZZuQwCNPxn6Q

real	0m1.507s
user	0m0.031s
sys	0m0.063s
parse error: Invalid numeric literal at line 1, column 10
03/09/21 00:03:09 181426100  1615219389 secretPin: 
[WARN] get secretPin error

03/09/21 00:03:10 058376900  1615219390 ç‹ç­¾åˆ°JEEP SPIRITçœ¼é•œæ——èˆ°åº—

real	0m1.515s
user	0m0.016s
sys	0m0.078s
parse error: Invalid numeric literal at line 1, column 10
parse error: Invalid numeric literal at line 1, column 10
parse error: Invalid numeric literal at line 1, column 10
parse error: Invalid numeric literal at line 1, column 10
03/09/21 00:03:16 461858200 1615219396

real	0m4.955s
user	0m0.000s
sys	0m0.031s
03/09/21 00:03:38 340675500  1615219418
parse error: Invalid numeric literal at line 1, column 10
ç­¾åˆ°æ˜¯å¦æˆåŠŸè§£æå¤±è´¥. ä¸å†å†™/home/myid/jd/jd_signup/vender/shop_1614611215_136

ç‹ç­¾åˆ°JEEP SPIRITçœ¼é•œæ——èˆ°åº—æŸ¥çœ‹ç»“æœ
<!DOCTYPE html>
<html>
 <head> 
  <title>äº¬ä¸œ</title> 
  <meta charset="utf-8" /> 
  <meta name="apple-mobile-web-app-capable" content="yes" /> 
  <meta name="viewport" content="width=device-width,initial-scale=1,user-scalable=no,maximum-scale=1,viewport-fit=cover" /> 
  <meta name="format-detection" content="telephone=no" /> 
  <meta name="x5-cache" content="enable" /> 
  <link rel="stylesheet" href="https://storage.360buyimg.com/babel/00162638/333378/production/dev/parser.1526555535098.css?t=20180517191236" /> 
  <style> img {
            opacity: 1 !important;
        } </style> 
  <link href="https://storage.360buyimg.com/babel/00170893/348321/production/dev/index.7320a380.css?t=20180802150952" rel="stylesheet" />
 </head> 
 <body style="background:#fff;" id="root"> 
  <div class="errorPage"> 
  </div> 
  <div class="placeholer"> 
  </div> 
  <script src="https://wl.jd.com/unify.min.js"></script> 
  <script type="text/javascript" src="https://storage.360buyimg.com/babel/00170893/348321/production/dev/index.0f8f4dba.js?t=20180802150952"></script> 
 </body>
</html>

parse error: Invalid numeric literal at line 1, column 10
[0;31;3mRUN  at {283:<--} ERROR CODE: 4[0m [0;31;3m[20210309 00:03:43] [ERROR] [0m

