03/01/21 00:00:01 408325600  1614528001
RANDOM_num: 25
force to sign

real	0m0.987s
user	0m0.031s
sys	0m0.109s
lzkj-isv.isvjcloud.com	FALSE	/	FALSE	1614528603	LZ_TOKEN_VALUE	B0oH3vDY2bhHWuKbVaJ+XQ==
lzkj-isv.isvjcloud.com	FALSE	/	FALSE	1614528603	LZ_TOKEN_KEY	lztokenpage1dd72b2908f94d4f978e5882ac2fba71
03/01/21 00:00:03 852132000  1614528003
use pt_key

real	0m0.711s
user	0m0.047s
sys	0m0.094s
03/01/21 00:00:04 724338600  1614528004 token: AAFgO74EADAIPyIUwavOGf4MYBkHxZK5WdV-LQ8bExcSLAHfT8h8oTcPv1ZVN2TcqOFYcYEL6pE

real	0m0.851s
user	0m0.063s
sys	0m0.109s
03/01/21 00:00:05 746396500  1614528005 secretPin: 4YEv+ri88IbQX5lhoqHrzE7oeVP9kq2pYSH90mYt4m3fwcJlClpxrfmVYaGKuquQkdK3rLBQpEQH9V4tdrrh0w==

03/01/21 00:00:05 986571200  1614528005 è‚¥é¹…ç­¾åˆ°å®‰æˆ‘ï¼ˆAND ALLï¼‰å¥åº·äº¬ä¸œè‡ªè¥æ——èˆ°åº—

real	0m0.726s
user	0m0.047s
sys	0m0.047s
{
  "msg": "",
  "signResult": {
    "key": null,
    "giftLogId": "025baed229084d4c8abaa97fb6aa1199",
    "gift": null,
    "send": null
  },
  "isOk": true,
  "isSend": null
}
true
03/01/21 00:00:08 795729800 1614528008
03/01/21 00:00:09 002912700 1614528009 ç­¾åˆ°å®‰æˆ‘ï¼ˆAND ALLï¼‰å¥åº·äº¬ä¸œè‡ªè¥æ——èˆ°åº—å®Œæˆ
03/01/21 00:01:24 528172900  1614528084
curl: (6) Could not resolve host: lzkj-isv.isvjcloud.com
[0;31;3mRUN  at {328:<--} ERROR CODE: 6[0m [0;31;3m[20210301 00:01:24] [ERROR] [0m

