03/24/21 03:30:02 904985400  1616527802
RANDOM_num: 30
removed '/tmp/tmp.sQSFPVI3P9'
03/24/21 03:30:03 393559900  1616527803 检查移动签到

real	0m0.361s
user	0m0.031s
sys	0m0.078s
lzkj-isv.isvjcloud.com	FALSE	/	FALSE	1616528403	LZ_TOKEN_VALUE	B0oH3vDY2bhHWuKbVaJ+XQ==
lzkj-isv.isvjcloud.com	FALSE	/	FALSE	1616528403	LZ_TOKEN_KEY	lztokenpagecac410f6f65e411fabd715b6be6f18f7
03/24/21 03:30:04 043978200  1616527804
use wskey

real	0m0.225s
user	0m0.094s
sys	0m0.109s
03/24/21 03:30:04 297056500  1616527804 token: AAFgWkG7ADA0hw43HDe1DYv5cfpHsBwIPhcSIodbIv6xAWgnYFK-bidHde4fLLhCby7BFNLQD0E

real	0m0.265s
user	0m0.031s
sys	0m0.047s
{"result":false,"data":"400001","count":0,"errorMessage":"活动太火爆，还是去买买买吧"}
03/24/21 03:31:34 659905400  1616527894
签到失败. 写入失败的giftName: 

***********************************************
7天签到 第 0 天
当天签到奖励 []
***********************************************

移动签到冰峰京东自营旗舰店查看结果, 活动规则
{"giftConditions":[{"gift":{"giftInfoId":null,"giftName":"1京豆","venderId":null,"giftType":"6","type":0,"shortLink":"","orginLink":null,"activityId":null,"giftResidue":null,"commonAddAwardVO":null,"name":null,"id":"1176360","activityType":null},"imgUrl":"","giftInfoId":"097db68b65c24c329470b8460b7a451a","dayNum":"1","showType":"0"},{"gift":{"giftInfoId":null,"giftName":"2京豆","venderId":null,"giftType":"6","type":0,"shortLink":"","orginLink":null,"activityId":null,"giftResidue":null,"commonAddAwardVO":null,"name":null,"id":"1176360","activityType":null},"imgUrl":"","giftInfoId":"be196b6248fc404aaa0f18bf95d97284","dayNum":"2","showType":"0"},{"gift":{"giftInfoId":null,"giftName":"3京豆","venderId":null,"giftType":"6","type":0,"shortLink":"","orginLink":null,"activityId":null,"giftResidue":null,"commonAddAwardVO":null,"name":null,"id":"1176360","activityType":null},"imgUrl":"","giftInfoId":"6c47eef123a44c18bcb01c9905430a85","dayNum":"3","showType":"0"},{"gift":{"giftInfoId":null,"giftName":"4京豆","venderId":null,"giftType":"6","type":0,"shortLink":"","orginLink":null,"activityId":null,"giftResidue":null,"commonAddAwardVO":null,"name":null,"id":"1176360","activityType":null},"imgUrl":"","giftInfoId":"e3dba7800dd24f1ebfca80b30f5bac64","dayNum":"4","showType":"0"},{"gift":{"giftInfoId":null,"giftName":"5京豆","venderId":null,"giftType":"6","type":0,"shortLink":"","orginLink":null,"activityId":null,"giftResidue":null,"commonAddAwardVO":null,"name":null,"id":"1176360","activityType":null},"imgUrl":"","giftInfoId":"0d557a33fd374839b8b0b32ccd057928","dayNum":"5","showType":"0"},{"gift":{"giftInfoId":null,"giftName":"6京豆","venderId":null,"giftType":"6","type":0,"shortLink":"","orginLink":null,"activityId":null,"giftResidue":null,"commonAddAwardVO":null,"name":null,"id":"1176360","activityType":null},"imgUrl":"","giftInfoId":"956999b2bedf42a487a2a5427eec0d84","dayNum":"6","showType":"0"},{"gift":{"giftInfoId":null,"giftName":"9京豆","venderId":null,"giftType":"6","type":0,"shortLink":"","orginLink":null,"activityId":null,"giftResidue":null,"commonAddAwardVO":null,"name":null,"id":"1176360","activityType":null},"imgUrl":"","giftInfoId":"4452b2b139c04325aab57ff548324dec","dayNum":"7","showType":"0"}],"msg":"","isOk":true,"isOver":"n","contiSignDays":0,"actRule":"1、活动时间：2021-03-11 14:30 - 2021-04-10 14:30；
2、关注店铺后方可参与活动；
3、符合连续签到赠送条件，则有机会赠送连续签到奖品；
4、连续签到7天后，清零可重新开始；
5、第1天签到，有机会赠送1京豆；
6、第2天签到，有机会赠送2京豆；
7、第3天签到，有机会赠送3京豆；
8、第4天签到，有机会赠送4京豆；
9、第5天签到，有机会赠送5京豆；
10、第6天签到，有机会赠送6京豆；
11、第7天签到，有机会赠送9京豆；
12、签到成功后有机会获得奖品，也有可能会与奖品擦肩而过（奖品数量有限，先到先得）；
13、若用户存在刷奖等恶意行为，一经发现将取消抽奖资格（如奖品已经发放，有权追回奖品）；
注：奖品发放形式：
实物奖：
（1）中奖客户信息收集：页面弹屏提示中奖客户提供收货地址、号码和奖项；(超过1小时未填写对应收货信息，视为放弃);
（2）实物奖采取寄送方式发放，获奖用户需在开奖后填写姓名、联系电话、详细地址信息。如因用户原因无法联系上，即奖品作废不再补发，或如用户未填写真实有效的信息或填写收货信息不详，均视为放弃奖品；
虚拟产品奖：
（1）京豆：中奖后系统预计24小时内自动发放至账户；
（2）优惠券：中奖后需手动领取，预计24小时到账；
【活动参与主体资格】
（1）每位自然人用户仅能使用一个京东账号参与活动，微信号、QQ、京东帐号、手机号码等任一信息一致或指向同一用户的，视为同一个用户，则第一个参与本活动的账号参与结果有效，其余账号参与结果均视为无效。
（2）若发现同一位用户使用不同账号重复参与活动，承办方有权取消其获奖资格。
【注意事项】
（1）活动过程中，凡以不正当手段（如作弊领取、恶意套取、刷信誉、虚假交易、扰乱系统、实施网络攻击等）参与本次活动的用户，商家有权终止其参与活动，并取消其获奖资格（如奖品已发放，商家有权追回），如给商家造成损失的，商家将保留向违规用户继续追索的权利。
（2）如遇不可抗力(包括但不限于重大灾害事件、活动受政府机关指令需要停止举办或调整的、活动中存在大面积作弊行为、活动遭受严重网络攻击或因系统故障导致活动中奖名单大批量出错，活动不能正常进行的)，商家有权取消、修改或暂停本活动。
（3）本活动所发放的实物奖不得提现、不得转赠他人、不得为他人付款。
（4）是否中奖以活动发布者后台统计结果为准。
","followDays":1,"isSign":"n"}

#店铺名称
vendername="冰峰京东自营旗舰店"
#店铺激活码
actId="9b60237dfbc8487688e593fb15570a96"
#店铺id
venderId="1000101662"
#长链接
url="https://lzkj-isv.isvjcloud.com/sign/sevenDay/signActivity?activityId=9b60237dfbc8487688e593fb15570a96&venderId=1000101662&adsource=tg_storePage"

startTime=1615444200
endTime=1618036200
# 活动时间：2021-03-11 14:30 - 2021-04-10 14:30；
# 奖励说明：
actRule="
7天签到
连续签到1天：1京豆
连续签到2天：2京豆
连续签到3天：3京豆
连续签到4天：4京豆
连续签到5天：5京豆
连续签到6天：6京豆
连续签到7天：9京豆
"
#王 1309893722-164885 sign_res
sign_num="2"
giftName="null"
giftRes="ok"
giftDate="20210324"
sign_res_info="7天签到 第 2 天
当天签到奖励 [null]"
#王 1309893722-164885 sign_res_end
#肥鹅 jd_4d651d9e48204 sign_res
sign_num="2"
giftName="null"
giftRes="ok"
giftDate="20210324"
sign_res_info="7天签到 第 2 天
当天签到奖励 [null]"
#肥鹅 jd_4d651d9e48204 sign_res_end
#赵 122294312-396444 sign_res
sign_num="2"
giftName="null"
giftRes="ok"
giftDate="20210324"
sign_res_info="7天签到 第 2 天
当天签到奖励 [null]"
#赵 122294312-396444 sign_res_end
#移动 jd_OeTNobRVGiNZ sign_res
sign_num="0"
giftName=""
giftRes=""
giftDate="20210324"
sign_res_info="7天签到 第 0 天
当天签到奖励 []"
#移动 jd_OeTNobRVGiNZ sign_res_end
