02/20/21 00:00:08 177108100  1613750408
RANDOM_num: 40
force to sign

real	0m1.195s
user	0m0.016s
sys	0m0.063s
lzkj-isv.isvjcloud.com	FALSE	/	FALSE	1613751011	LZ_TOKEN_VALUE	B0oH3vDY2bhHWuKbVaJ+XQ==
lzkj-isv.isvjcloud.com	FALSE	/	FALSE	1613751011	LZ_TOKEN_KEY	lztokenpage0558e7cd76db4e14a6683d637235f827
02/20/21 00:00:12 345126100  1613750412
use pt_key

real	0m1.077s
user	0m0.109s
sys	0m0.141s
02/20/21 00:00:13 800065800  1613750413 token: AAFgL-CNADAQH0th8b0NI7GRg0rUknq4tV0ggTOxoMWPkQe5Axt060zObPxCN9KCGQROqT7jeyQ

real	0m1.477s
user	0m0.094s
sys	0m0.109s
02/20/21 00:00:15 689439400  1613750415 secretPin: 8zfoIjWIu/DcpxQNzAV7/oVPSWy1B8D+G4s+fJIFDfWHSnwnXFQKK9yQco/OGmHebU48Dr07k+7+k1UaXRbZKg==

02/20/21 00:00:16 124477400  1613750416 ç‹ç­¾åˆ°è´äº²è¾…é£Ÿå°¿è£¤äº¬ä¸œè‡ªè¥æ——èˆ°åº—

real	0m1.409s
user	0m0.000s
sys	0m0.078s
{
  "gift": null,
  "msg": "",
  "isOk": true,
  "isSend": null,
  "key": null
}
true
02/20/21 00:00:21 714842500 1613750421
02/20/21 00:00:22 303440800 1613750422 ç­¾åˆ°è´äº²è¾…é£Ÿå°¿è£¤äº¬ä¸œè‡ªè¥æ——èˆ°åº—å®Œæˆ
02/20/21 00:02:25 615647800  1613750545
parse error: Invalid numeric literal at line 1, column 10
parse error: Invalid numeric literal at line 1, column 10

***********************************************

å½“å¤©ç­¾åˆ°å¥–åŠ± null
è¿ç»­ç­¾åˆ°  å¤©
ç­¾åˆ°æ€»å¤©æ•° 
***********************************************

ç‹ç­¾åˆ°è´äº²è¾…é£Ÿå°¿è£¤äº¬ä¸œè‡ªè¥æ——èˆ°åº—æŸ¥çœ‹ç»“æœ
<!DOCTYPE html>
<html>
 <head> 
  <title>äº¬ä¸œ</title> 
  <meta charset="utf-8" /> 
  <meta name="apple-mobile-web-app-capable" content="yes" /> 
  <meta name="viewport" content="width=device-width,initial-scale=1,user-scalable=no,maximum-scale=1,viewport-fit=cover" /> 
  <meta name="format-detection" content="telephone=no" /> 
  <meta name="x5-cache" content="enable" /> 
  <link rel="stylesheet" href="https://storage.360buyimg.com/babel/00162638/333378/production/dev/parser.1526555535098.css?t=20180517191236" /> 
  <style> img {
            opacity: 1 !important;
        } </style> 
  <link href="https://storage.360buyimg.com/babel/00170893/348321/production/dev/index.7320a380.css?t=20180802150952" rel="stylesheet" />
 </head> 
 <body style="background:#fff;" id="root"> 
  <div class="errorPage"> 
  </div> 
  <div class="placeholer"> 
  </div> 
  <script src="https://wl.jd.com/unify.min.js"></script> 
  <script type="text/javascript" src="https://storage.360buyimg.com/babel/00170893/348321/production/dev/index.0f8f4dba.js?t=20180802150952"></script> 
 </body>
</html>

parse error: Invalid numeric literal at line 1, column 10
[0;31;3mRUN  at {283:<--} ERROR CODE: 4[0m [0;31;3m[20210220 00:02:40] [ERROR] [0m

