03/01/21 00:30:02 748846400  1614529802
RANDOM_num: 45
removed '/tmp/tmp.EN525l1eK2'
03/01/21 00:30:02 944152000  1614529802
肥鹅 今天已经签到过. 签到结果: ok  giftDate: 20210301
***********************************************

2021/03/01_08:00:00  [已~签~到]      
当天签到奖励 [null]
连续签到 0 天
签到总天数 5
***********************************************

actId=a3e7341936fb4fe786cb441977fad1df
venderId=10114665
startTime=1613664000000
endTime=1616169659000
# 短链接
suo_url="https://3.cn/1012Wo-ru"
actTimeStr="2021-02-19 00:00 至 2021-03-20 00:00"
#店铺名称
vendername="JEEP SPIRIT眼镜旗舰店"
# 长链接
url=https://lzkj-isv.isvjcloud.com/sign/signActivity2?activityId=a3e7341936fb4fe786cb441977fad1df&venderId=10114665&adsource=tg_xuanFuTuBiao
# 活动时间：2021.02.19 00:00:00 - 2021.03.20 00:00:59
# 奖励说明：
actRule="
连续签到3天：1京豆 1京豆
连续签到5天：3京豆 3京豆
"
#移动 jd_OeTNobRVGiNZ sign_res
sign_res="
signTime=1614124800;signed=2
signTime=1614211200;signed=2
signTime=1614297600;signed=2
signTime=1614384000;signed=2
signTime=1614470400;signed=2"
sign_num="0"
sign_total_num="5"
giftName="null"
giftRes="ok"
giftDate="20210228"
sign_res_info="
2021/02/24_08:00:00  [已~签~到]      
2021/02/25_08:00:00  [已~签~到]      
2021/02/26_08:00:00  [已~签~到]      
2021/02/27_08:00:00  [已~签~到]      
2021/02/28_08:00:00  [已~签~到]      
当天签到奖励 [null]
连续签到 0 天
签到总天数 5"
#移动 jd_OeTNobRVGiNZ sign_res_end
#赵 122294312-396444 sign_res
sign_res="
signTime=1614556800;signed=2"
sign_num="0"
sign_total_num="5"
giftName="null"
giftRes="ok"
giftDate="20210301"
sign_res_info="
2021/03/01_08:00:00  [已~签~到]      
当天签到奖励 [null]
连续签到 0 天
签到总天数 5"
#赵 122294312-396444 sign_res_end
#王 1309893722-164885 sign_res
sign_res="
signTime=1614556800;signed=2"
sign_num="0"
sign_total_num="5"
giftName="null"
giftRes="ok"
giftDate="20210301"
sign_res_info="
2021/03/01_08:00:00  [已~签~到]      
当天签到奖励 [null]
连续签到 0 天
签到总天数 5"
#王 1309893722-164885 sign_res_end
#肥鹅 jd_4d651d9e48204 sign_res
sign_res="
signTime=1614556800;signed=2"
sign_num="0"
sign_total_num="5"
giftName="null"
giftRes="ok"
giftDate="20210301"
sign_res_info="
2021/03/01_08:00:00  [已~签~到]      
当天签到奖励 [null]
连续签到 0 天
签到总天数 5"
#肥鹅 jd_4d651d9e48204 sign_res_end
