03/15/21 00:00:01 082521800  1615737601
RANDOM_num: 40
force to sign

real	0m0.845s
user	0m0.016s
sys	0m0.063s
lzkj-isv.isvjcloud.com	FALSE	/	FALSE	1615738202	LZ_TOKEN_VALUE	B0oH3vDY2bhHWuKbVaJ+XQ==
lzkj-isv.isvjcloud.com	FALSE	/	FALSE	1615738202	LZ_TOKEN_KEY	lztokenpage8f9cf479889e4b37b477fe45f5f94b36
03/15/21 00:00:03 044458100  1615737603
use pt_key

real	0m0.615s
user	0m0.078s
sys	0m0.109s
03/15/21 00:00:03 850112800  1615737603 token: AAFgTjMDADBOA8qDG-GaVClVE6Xh4eMA7_0CwlbRIk1-22FF8rjPHwXZHPVgrHR5gnDUIveDgmg

real	0m0.606s
user	0m0.031s
sys	0m0.094s
03/15/21 00:00:05 027821200  1615737605 secretPin: 51S2JqsypB/nfj45frYeoU7oeVP9kq2pYSH90mYt4m3fwcJlClpxrfmVYaGKuquQkdK3rLBQpEQH9V4tdrrh0w==

03/15/21 00:00:05 080590000  1615737605 赵签到COSORI厨房电器旗舰店

real	0m0.461s
user	0m0.031s
sys	0m0.078s
{
  "msg": "签满7天后不能再参加了",
  "isOk": false
}
签满7天不能再参加了. /home/myid/jd/jd_signup/lzkj_sevenDay_vender/shop_1615210965_1 写入 over

#店铺名称
vendername="COSORI厨房电器旗舰店"
#店铺激活码
actId="85869b82469347279fd272a3c2015d9f"
#店铺id
venderId="10422730"
#长链接
url="https://lzkj-isv.isvjcloud.com/sign/sevenDay/signActivity?activityId=85869b82469347279fd272a3c2015d9f&venderId=10422730&adsource=tg_storePage"

startTime=1613957940
endTime=1616549940
# 活动时间：2021-02-22 09:39 - 2021-03-24 09:39；
# 奖励说明：
actRule="
7天签到
连续签到1天：20京豆
连续签到2天：30京豆
连续签到3天：20店铺积分
连续签到4天：30店铺积分
连续签到5天：40京豆
连续签到6天：50京豆
连续签到7天：5元京东E卡
"
#赵 122294312-396444 sign_res
sign_num="0"
giftName=""5元京东E卡""
giftRes="ok"
giftDate="20210314"
sign_res_info="7天签到 第 0 天
当天签到奖励 ["5元京东E卡"]"
giftOver="ok"
#赵 122294312-396444 sign_res_end
#王 1309893722-164885 sign_res
sign_num="0"
giftName=""5元京东E卡""
giftRes="ok"
giftDate="20210314"
sign_res_info="7天签到 第 0 天
当天签到奖励 ["5元京东E卡"]"
#王 1309893722-164885 sign_res_end
#肥鹅 jd_4d651d9e48204 sign_res
sign_num="0"
giftName=""5元京东E卡""
giftRes="ok"
giftDate="20210314"
sign_res_info="7天签到 第 0 天
当天签到奖励 ["5元京东E卡"]"
#肥鹅 jd_4d651d9e48204 sign_res_end
#移动 jd_OeTNobRVGiNZ sign_res
sign_num="0"
giftName="null"
giftRes="很抱歉，奖品与您擦肩而过了哟，关注下其他活动吧~"
giftDate="20210314"
sign_res_info="7天签到 第 0 天
当天签到奖励 [null]"
#移动 jd_OeTNobRVGiNZ sign_res_end
