02/20/21 00:02:09 063326500  1613750529
RANDOM_num: 15
removed '/tmp/tmp.N9zSCcAEZB'
02/20/21 00:02:10 706143700  1613750530
肥鹅 今天已经签到过. 签到结果: ok  giftDate: 20210220
***********************************************
7天签到 第  天
***********************************************

肥鹅 签到结果获取失败.
02/20/21 00:02:11 074606700  1613750531 检查肥鹅签到

real	0m1.875s
user	0m0.031s
sys	0m0.078s
[WARN] get LZ_TOKEN error
02/20/21 00:02:15 134432100  1613750535
use pt_key

real	0m1.460s
user	0m0.141s
sys	0m0.047s
02/20/21 00:02:17 094055000  1613750537 token: AAFgL-EIADBOi2tDH18pnqc48o9Q7oS9COczpzgMlA1XFpO3koSl70N8u4jiA0XxLYED-z5dT9Q
parse error: Invalid numeric literal at line 1, column 10

real	0m2.134s
user	0m0.094s
sys	0m0.094s
02/20/21 00:02:19 935800900  1613750539 secretPin: 
[WARN] get secretPin error

02/20/21 00:02:20 892378100  1613750540 肥鹅签到泉林本色京东自营旗舰店

real	0m1.857s
user	0m0.047s
sys	0m0.047s
parse error: Invalid numeric literal at line 1, column 10
parse error: Invalid numeric literal at line 1, column 10
parse error: Invalid numeric literal at line 1, column 10
parse error: Invalid numeric literal at line 1, column 10
02/20/21 00:02:32 130614200 1613750552

real	0m2.649s
user	0m0.000s
sys	0m0.031s

real	0m1.915s
user	0m0.047s
sys	0m0.063s
[WARN] get LZ_TOKEN error
02/20/21 00:02:38 029878900  1613750558
use pt_key

real	0m2.769s
user	0m0.125s
sys	0m0.094s
02/20/21 00:02:41 185533700  1613750561 token: AAFgL-EgADCpLx3uMAm_Vtv__ujT1OqQAijU2NuW0643QMuN601ENfjjv6YROVNLIZNSqQTbMow
parse error: Invalid numeric literal at line 1, column 10

real	0m2.551s
user	0m0.063s
sys	0m0.063s
02/20/21 00:02:45 101135500  1613750565 secretPin: 
[WARN] get secretPin error

02/20/21 00:02:45 828953600  1613750565 肥鹅签到泉林本色京东自营旗舰店

real	0m2.325s
user	0m0.031s
sys	0m0.063s
parse error: Invalid numeric literal at line 1, column 10
parse error: Invalid numeric literal at line 1, column 10
parse error: Invalid numeric literal at line 1, column 10
parse error: Invalid numeric literal at line 1, column 10
02/20/21 00:02:56 392749600 1613750576

real	0m1.513s
user	0m0.000s
sys	0m0.031s

real	0m1.587s
user	0m0.031s
sys	0m0.063s
[WARN] get LZ_TOKEN error
02/20/21 00:03:01 317559800  1613750581
use pt_key

real	0m2.267s
user	0m0.125s
sys	0m0.109s
02/20/21 00:03:04 184076200  1613750584 token: AAFgL-E3ADBDh-_e86_-TTGBgJV3fwJxyHkRWHww0dIk6ibpcVFYyEU7FUgYmzEzQ2WSMbvT0_E
parse error: Invalid numeric literal at line 1, column 10

real	0m5.179s
user	0m0.109s
sys	0m0.109s
02/20/21 00:03:09 826255300  1613750589 secretPin: 
[WARN] get secretPin error

02/20/21 00:03:10 441104900  1613750590 肥鹅签到泉林本色京东自营旗舰店

real	0m2.537s
user	0m0.031s
sys	0m0.063s
parse error: Invalid numeric literal at line 1, column 10
parse error: Invalid numeric literal at line 1, column 10
parse error: Invalid numeric literal at line 1, column 10
parse error: Invalid numeric literal at line 1, column 10
02/20/21 00:03:27 842369300 1613750607

real	0m1.582s
user	0m0.000s
sys	0m0.063s

real	0m2.510s
user	0m0.047s
sys	0m0.031s
[WARN] get LZ_TOKEN error
02/20/21 00:03:36 395686700  1613750616
use pt_key

real	0m3.099s
user	0m0.141s
sys	0m0.078s
02/20/21 00:03:40 118742200  1613750620 token: AAFgL-FbADC2wyziKBhHPciMK8htZxjF-dSLCSWHDMNCNqBlG4_7PONiwFKlRkQW3KUJnxQwXOE
parse error: Invalid numeric literal at line 1, column 10

real	0m3.287s
user	0m0.141s
sys	0m0.109s
02/20/21 00:03:44 160044300  1613750624 secretPin: 
[WARN] get secretPin error

02/20/21 00:03:45 121150400  1613750625 肥鹅签到泉林本色京东自营旗舰店

real	0m1.774s
user	0m0.016s
sys	0m0.094s
parse error: Invalid numeric literal at line 1, column 10
parse error: Invalid numeric literal at line 1, column 10
parse error: Invalid numeric literal at line 1, column 10
parse error: Invalid numeric literal at line 1, column 10
02/20/21 00:03:58 202088400 1613750638

real	0m3.146s
user	0m0.016s
sys	0m0.016s

real	0m3.186s
user	0m0.047s
sys	0m0.094s
[WARN] get LZ_TOKEN error
02/20/21 00:04:09 531727100  1613750649
use pt_key

real	0m2.565s
user	0m0.141s
sys	0m0.125s
02/20/21 00:04:12 698132800  1613750652 token: AAFgL-F7ADCNezcaSzm7Vh1IvyTjE0waqf6AA0j1QmHuZ4cy5lEwQEgJ03X6Jav5XQxPf5ek2ok
parse error: Invalid numeric literal at line 1, column 10

real	0m1.783s
user	0m0.156s
sys	0m0.031s
02/20/21 00:04:15 084409200  1613750655 secretPin: 
[WARN] get secretPin error

02/20/21 00:04:15 523013800  1613750655 肥鹅签到泉林本色京东自营旗舰店

real	0m2.050s
user	0m0.016s
sys	0m0.078s
parse error: Invalid numeric literal at line 1, column 10
parse error: Invalid numeric literal at line 1, column 10
parse error: Invalid numeric literal at line 1, column 10
parse error: Invalid numeric literal at line 1, column 10
02/20/21 00:04:25 894742500 1613750665

real	0m2.640s
user	0m0.000s
sys	0m0.031s

real	0m1.650s
user	0m0.047s
sys	0m0.063s
[WARN] get LZ_TOKEN error
02/20/21 00:04:33 653289000  1613750673
use pt_key

real	0m2.418s
user	0m0.141s
sys	0m0.078s
02/20/21 00:04:36 670613700  1613750676 token: AAFgL-GTADAgkyth1d26d_9XidVxvEZ0KG9PyalPlwdbDLRp9LU4jlT00hccSoF6HpWlZD2IUPA
parse error: Invalid numeric literal at line 1, column 10

real	0m2.981s
user	0m0.141s
sys	0m0.109s
02/20/21 00:04:40 134552200  1613750680 secretPin: 
[WARN] get secretPin error

02/20/21 00:04:40 605298700  1613750680 肥鹅签到泉林本色京东自营旗舰店

real	0m2.247s
user	0m0.031s
sys	0m0.109s
parse error: Invalid numeric literal at line 1, column 10
parse error: Invalid numeric literal at line 1, column 10
parse error: Invalid numeric literal at line 1, column 10
parse error: Invalid numeric literal at line 1, column 10
02/20/21 00:04:52 900505400 1613750692

real	0m2.880s
user	0m0.000s
sys	0m0.031s

real	0m4.390s
user	0m0.063s
sys	0m0.094s
[WARN] get LZ_TOKEN error
02/20/21 00:05:02 596511200  1613750702
use pt_key

real	0m2.377s
user	0m0.094s
sys	0m0.141s
02/20/21 00:05:05 648395600  1613750705 token: AAFgL-GwADDnt2KrnwnYA8366Ylq-vSm0Bt7uPND2-eYRSH7Csjr1t5asrxamIgRYijtP3srnjE
parse error: Invalid numeric literal at line 1, column 10

real	0m3.403s
user	0m0.172s
sys	0m0.063s
02/20/21 00:05:09 664552100  1613750709 secretPin: 
[WARN] get secretPin error

02/20/21 00:05:09 962229000  1613750709 肥鹅签到泉林本色京东自营旗舰店

real	0m1.487s
user	0m0.016s
sys	0m0.047s
parse error: Invalid numeric literal at line 1, column 10
parse error: Invalid numeric literal at line 1, column 10
parse error: Invalid numeric literal at line 1, column 10
parse error: Invalid numeric literal at line 1, column 10
02/20/21 00:05:21 997300600 1613750721

real	0m3.615s
user	0m0.000s
sys	0m0.047s

real	0m2.534s
user	0m0.016s
sys	0m0.078s
[WARN] get LZ_TOKEN error
02/20/21 00:05:33 201578200  1613750733
use pt_key

real	0m1.698s
user	0m0.109s
sys	0m0.094s
02/20/21 00:05:35 285681500  1613750735 token: AAFgL-HOADCBaWbLE44loZE1aqXnL-SqJZD20Fib24CcPadS_Pq5rv1DfM7k6mzMpy5dgBzJFfM
parse error: Invalid numeric literal at line 1, column 10

real	0m2.777s
user	0m0.109s
sys	0m0.094s
02/20/21 00:05:39 095311900  1613750739 secretPin: 
[WARN] get secretPin error

02/20/21 00:05:39 749424100  1613750739 肥鹅签到泉林本色京东自营旗舰店

real	0m1.454s
user	0m0.016s
sys	0m0.063s
parse error: Invalid numeric literal at line 1, column 10
parse error: Invalid numeric literal at line 1, column 10
parse error: Invalid numeric literal at line 1, column 10
parse error: Invalid numeric literal at line 1, column 10
02/20/21 00:05:52 990486500 1613750752

real	0m3.437s
user	0m0.000s
sys	0m0.031s

real	0m3.315s
user	0m0.078s
sys	0m0.078s
[WARN] get LZ_TOKEN error
02/20/21 00:06:02 422034100  1613750762
use pt_key

real	0m1.693s
user	0m0.109s
sys	0m0.109s
02/20/21 00:06:04 485605500  1613750764 token: AAFgL-HrADCNzOuCytUP-mcxao9uS9A6XADUQGiLIxk-_8PJhCqn8udV-N4EAc1A96O8nvXBzmA
parse error: Invalid numeric literal at line 1, column 10

real	0m1.863s
user	0m0.141s
sys	0m0.063s
02/20/21 00:06:06 843534900  1613750766 secretPin: 
[WARN] get secretPin error

02/20/21 00:06:07 217777300  1613750767 肥鹅签到泉林本色京东自营旗舰店

real	0m1.364s
user	0m0.078s
sys	0m0.047s
parse error: Invalid numeric literal at line 1, column 10
parse error: Invalid numeric literal at line 1, column 10
parse error: Invalid numeric literal at line 1, column 10
parse error: Invalid numeric literal at line 1, column 10
02/20/21 00:06:13 941959400 1613750773

real	0m4.159s
user	0m0.000s
sys	0m0.047s

real	0m1.966s
user	0m0.031s
sys	0m0.063s
[WARN] get LZ_TOKEN error
02/20/21 00:06:22 496303100  1613750782
use pt_key

real	0m2.784s
user	0m0.172s
sys	0m0.109s
02/20/21 00:06:25 699879600  1613750785 token: AAFgL-IAADBgI_PFor5hLbcW54Nx7jgFfI_ACk1xc_F1vilZSk9YHvJniF4qcBEez2-JUMZ1y8E
parse error: Invalid numeric literal at line 1, column 10

real	0m2.379s
user	0m0.172s
sys	0m0.094s
02/20/21 00:06:29 314399500  1613750789 secretPin: 
[WARN] get secretPin error

02/20/21 00:06:29 857155200  1613750789 肥鹅签到泉林本色京东自营旗舰店

real	0m1.677s
user	0m0.047s
sys	0m0.063s
parse error: Invalid numeric literal at line 1, column 10
parse error: Invalid numeric literal at line 1, column 10
parse error: Invalid numeric literal at line 1, column 10
parse error: Invalid numeric literal at line 1, column 10
02/20/21 00:06:38 377312300 1613750798

real	0m2.946s
user	0m0.000s
sys	0m0.063s

real	0m1.642s
user	0m0.078s
sys	0m0.109s
[WARN] get LZ_TOKEN error
02/20/21 00:06:44 116420300  1613750804
use pt_key

real	0m1.718s
user	0m0.094s
sys	0m0.125s
02/20/21 00:06:46 530579600  1613750806 token: AAFgL-IVADCJtWpJD1xXVLOQxYE80LBoV8tMa9iL6lZ5PR0WDH3b7jGppPYOtfmtG5w-XHQXfro
parse error: Invalid numeric literal at line 1, column 10

real	0m2.536s
user	0m0.109s
sys	0m0.094s
02/20/21 00:06:49 632826400  1613750809 secretPin: 
[WARN] get secretPin error

02/20/21 00:06:50 211171600  1613750810 肥鹅签到泉林本色京东自营旗舰店

real	0m2.596s
user	0m0.016s
sys	0m0.063s
parse error: Invalid numeric literal at line 1, column 10
parse error: Invalid numeric literal at line 1, column 10
parse error: Invalid numeric literal at line 1, column 10
parse error: Invalid numeric literal at line 1, column 10
02/20/21 00:07:02 668881500 1613750822

real	0m3.845s
user	0m0.016s
sys	0m0.047s

real	0m1.715s
user	0m0.016s
sys	0m0.109s
[WARN] get LZ_TOKEN error
02/20/21 00:07:09 942590700  1613750829
use pt_key

real	0m1.825s
user	0m0.125s
sys	0m0.063s
02/20/21 00:07:12 257554600  1613750832 token: AAFgL-IvADB89c3KUXlilzz2MdSD9xQVPY58BZ89dEL7HIC9ucI8vvaMFRh5DOKitTSAlNsYX68
parse error: Invalid numeric literal at line 1, column 10

real	0m1.581s
user	0m0.109s
sys	0m0.047s
02/20/21 00:07:14 179194800  1613750834 secretPin: 
[WARN] get secretPin error

02/20/21 00:07:14 404810800  1613750834 肥鹅签到泉林本色京东自营旗舰店

real	0m1.546s
user	0m0.063s
sys	0m0.031s
parse error: Invalid numeric literal at line 1, column 10
parse error: Invalid numeric literal at line 1, column 10
parse error: Invalid numeric literal at line 1, column 10
parse error: Invalid numeric literal at line 1, column 10
02/20/21 00:07:24 541107700 1613750844

real	0m4.117s
user	0m0.000s
sys	0m0.031s

real	0m1.868s
user	0m0.031s
sys	0m0.094s
[WARN] get LZ_TOKEN error
02/20/21 00:07:31 952891000  1613750851
use pt_key

real	0m0.980s
user	0m0.141s
sys	0m0.109s
02/20/21 00:07:33 370547300  1613750853 token: AAFgL-JEADBXG7mPMK1RZmlaz_vRyrnIC7y94QVVMCJlGTVDBKTpPvizbcIndF64t8em7fBbX8I
parse error: Invalid numeric literal at line 1, column 10

real	0m2.273s
user	0m0.078s
sys	0m0.125s
02/20/21 00:07:35 979715100  1613750855 secretPin: 
[WARN] get secretPin error

02/20/21 00:07:36 327409000  1613750856 肥鹅签到泉林本色京东自营旗舰店

real	0m1.203s
user	0m0.016s
sys	0m0.141s
parse error: Invalid numeric literal at line 1, column 10
parse error: Invalid numeric literal at line 1, column 10
parse error: Invalid numeric literal at line 1, column 10
parse error: Invalid numeric literal at line 1, column 10
02/20/21 00:07:42 486116200 1613750862

real	0m3.987s
user	0m0.000s
sys	0m0.000s

real	0m1.566s
user	0m0.047s
sys	0m0.063s
[WARN] get LZ_TOKEN error
02/20/21 00:07:51 743299900  1613750871
use pt_key

real	0m2.278s
user	0m0.094s
sys	0m0.094s
02/20/21 00:07:54 806165200  1613750874 token: AAFgL-JZADBV4WP241h6EdPw-HOhCHCofSil7VPErLupKBM9QNDSQfnUB9YYW3sUnzFjh3rFURw
parse error: Invalid numeric literal at line 1, column 10

real	0m2.074s
user	0m0.109s
sys	0m0.094s
02/20/21 00:07:57 333964800  1613750877 secretPin: 
[WARN] get secretPin error

02/20/21 00:07:58 060950700  1613750878 肥鹅签到泉林本色京东自营旗舰店

real	0m1.687s
user	0m0.063s
sys	0m0.094s
parse error: Invalid numeric literal at line 1, column 10
parse error: Invalid numeric literal at line 1, column 10
parse error: Invalid numeric literal at line 1, column 10
parse error: Invalid numeric literal at line 1, column 10
02/20/21 00:08:06 760423300 1613750886

real	0m3.853s
user	0m0.000s
sys	0m0.047s

real	0m2.015s
user	0m0.031s
sys	0m0.109s
[WARN] get LZ_TOKEN error
02/20/21 00:08:14 312396600  1613750894
use pt_key

real	0m2.032s
user	0m0.125s
sys	0m0.094s
02/20/21 00:08:17 214649300  1613750897 token: AAFgL-JwADANpbKzJ5pI-gX-xtlW1GADkvRJtodCY3-QDmE28a5KDXYJGkF35Ff7YtzwUz85DxA
parse error: Invalid numeric literal at line 1, column 10

real	0m2.649s
user	0m0.094s
sys	0m0.063s
02/20/21 00:08:20 643773100  1613750900 secretPin: 
[WARN] get secretPin error

02/20/21 00:08:21 530245900  1613750901 肥鹅签到泉林本色京东自营旗舰店

real	0m1.966s
user	0m0.063s
sys	0m0.063s
parse error: Invalid numeric literal at line 1, column 10
parse error: Invalid numeric literal at line 1, column 10
parse error: Invalid numeric literal at line 1, column 10
parse error: Invalid numeric literal at line 1, column 10
02/20/21 00:08:37 382404900 1613750917

real	0m4.202s
user	0m0.000s
sys	0m0.000s

real	0m1.570s
user	0m0.016s
sys	0m0.141s
[WARN] get LZ_TOKEN error
02/20/21 00:08:46 641130300  1613750926
use pt_key

real	0m2.502s
user	0m0.156s
sys	0m0.047s
02/20/21 00:08:49 888812600  1613750929 token: AAFgL-KQADBx6JGlxQNEQu-9qREztKgSFsHouLfoir_atLHocdcUWSDvbey5Tuqv9o5L7POEcDw
parse error: Invalid numeric literal at line 1, column 10

real	0m2.643s
user	0m0.156s
sys	0m0.156s
02/20/21 00:08:52 853047000  1613750932 secretPin: 
[WARN] get secretPin error

02/20/21 00:08:53 309285500  1613750933 肥鹅签到泉林本色京东自营旗舰店

real	0m1.725s
user	0m0.031s
sys	0m0.063s
parse error: Invalid numeric literal at line 1, column 10
parse error: Invalid numeric literal at line 1, column 10
parse error: Invalid numeric literal at line 1, column 10
parse error: Invalid numeric literal at line 1, column 10
02/20/21 00:09:01 380133800 1613750941

real	0m4.195s
user	0m0.000s
sys	0m0.016s

real	0m1.119s
user	0m0.063s
sys	0m0.031s
[WARN] get LZ_TOKEN error
02/20/21 00:09:07 808719900  1613750947
use pt_key

real	0m1.532s
user	0m0.094s
sys	0m0.094s
02/20/21 00:09:09 677534100  1613750949 token: AAFgL-KlADAaSUke-_7DEj0uj5SbmigD29PjLtt6mDUPa3f4kNrRtwFzsZA_jgRwScpvpk7fUv4
parse error: Invalid numeric literal at line 1, column 10

real	0m1.577s
user	0m0.141s
sys	0m0.047s
02/20/21 00:09:11 642680000  1613750951 secretPin: 
[WARN] get secretPin error

02/20/21 00:09:12 323744700  1613750952 肥鹅签到泉林本色京东自营旗舰店

real	0m1.284s
user	0m0.047s
sys	0m0.078s
parse error: Invalid numeric literal at line 1, column 10
parse error: Invalid numeric literal at line 1, column 10
parse error: Invalid numeric literal at line 1, column 10
parse error: Invalid numeric literal at line 1, column 10
02/20/21 00:09:21 646386100 1613750961

real	0m4.662s
user	0m0.016s
sys	0m0.063s

real	0m1.836s
user	0m0.047s
sys	0m0.063s
[WARN] get LZ_TOKEN error
02/20/21 00:09:30 239516600  1613750970
use pt_key

real	0m2.408s
user	0m0.125s
sys	0m0.125s
02/20/21 00:09:33 087618500  1613750973 token: AAFgL-K8ADB5Orm1oVD4KwwAnYbEBCgdsCW_BXOWut3yKv84BSXdgSmd0F3hNoEYr1kz1SVud4k
parse error: Invalid numeric literal at line 1, column 10

real	0m2.775s
user	0m0.125s
sys	0m0.141s
02/20/21 00:09:37 115221800  1613750977 secretPin: 
[WARN] get secretPin error

02/20/21 00:09:37 811282900  1613750977 肥鹅签到泉林本色京东自营旗舰店

real	0m1.788s
user	0m0.047s
sys	0m0.078s
parse error: Invalid numeric literal at line 1, column 10
parse error: Invalid numeric literal at line 1, column 10
parse error: Invalid numeric literal at line 1, column 10
parse error: Invalid numeric literal at line 1, column 10
02/20/21 00:09:46 561436900 1613750986

real	0m5.222s
user	0m0.000s
sys	0m0.047s

real	0m2.706s
user	0m0.047s
sys	0m0.125s
[WARN] get LZ_TOKEN error
02/20/21 00:09:56 436731700  1613750996
use pt_key

real	0m1.979s
user	0m0.078s
sys	0m0.109s
02/20/21 00:10:00 920660200  1613751000 token: AAFgL-LWADDB7wMhKDCCTt7hrfbpKqUS8uAEzuJPB6zffzJo-kmM3kMsycQRn703-NqdrlxErik
curl: (6) Could not resolve host: lzkj-isv.isvjcloud.com

real	0m1.927s
user	0m0.078s
sys	0m0.078s
02/20/21 00:10:03 339677500  1613751003 secretPin: 
[WARN] get secretPin error

02/20/21 00:10:03 914646500  1613751003 肥鹅签到泉林本色京东自营旗舰店

real	0m1.751s
user	0m0.031s
sys	0m0.063s
parse error: Invalid numeric literal at line 1, column 10
parse error: Invalid numeric literal at line 1, column 10
parse error: Invalid numeric literal at line 1, column 10
parse error: Invalid numeric literal at line 1, column 10
02/20/21 00:10:12 724353100 1613751012

real	0m5.468s
user	0m0.016s
sys	0m0.063s

real	0m1.689s
user	0m0.047s
sys	0m0.094s
[WARN] get LZ_TOKEN error
02/20/21 00:10:21 798257800  1613751021
use pt_key

real	0m1.353s
user	0m0.125s
sys	0m0.125s
02/20/21 00:10:23 700621900  1613751023 token: AAFgL-LvADC5AWP7g6KE9KiXMwi8VvVld7zBIdSHmwJQtrrfHPrN9LdITol5QuWJp1zjSq4ZlZ8
parse error: Invalid numeric literal at line 1, column 10

real	0m2.269s
user	0m0.172s
sys	0m0.047s
02/20/21 00:10:26 495594400  1613751026 secretPin: 
[WARN] get secretPin error

02/20/21 00:10:27 257621500  1613751027 肥鹅签到泉林本色京东自营旗舰店

real	0m1.388s
user	0m0.047s
sys	0m0.063s
parse error: Invalid numeric literal at line 1, column 10
parse error: Invalid numeric literal at line 1, column 10
parse error: Invalid numeric literal at line 1, column 10
parse error: Invalid numeric literal at line 1, column 10
02/20/21 00:10:36 139998200 1613751036

real	0m5.689s
user	0m0.000s
sys	0m0.000s
02/20/21 00:11:28 012955000  1613751088
parse error: Invalid numeric literal at line 1, column 10
parse error: Invalid numeric literal at line 1, column 10

***********************************************
7天签到 第  天
***********************************************

肥鹅签到泉林本色京东自营旗舰店查看结果, 活动规则
<!DOCTYPE html>
<html>
 <head> 
  <title>京东</title> 
  <meta charset="utf-8" /> 
  <meta name="apple-mobile-web-app-capable" content="yes" /> 
  <meta name="viewport" content="width=device-width,initial-scale=1,user-scalable=no,maximum-scale=1,viewport-fit=cover" /> 
  <meta name="format-detection" content="telephone=no" /> 
  <meta name="x5-cache" content="enable" /> 
  <link rel="stylesheet" href="https://storage.360buyimg.com/babel/00162638/333378/production/dev/parser.1526555535098.css?t=20180517191236" /> 
  <style> img {
            opacity: 1 !important;
        } </style> 
  <link href="https://storage.360buyimg.com/babel/00170893/348321/production/dev/index.7320a380.css?t=20180802150952" rel="stylesheet" />
 </head> 
 <body style="background:#fff;" id="root"> 
  <div class="errorPage"> 
  </div> 
  <div class="placeholer"> 
  </div> 
  <script src="https://wl.jd.com/unify.min.js"></script> 
  <script type="text/javascript" src="https://storage.360buyimg.com/babel/00170893/348321/production/dev/index.0f8f4dba.js?t=20180802150952"></script> 
 </body>
</html>

#店铺名称
vendername="泉林本色京东自营旗舰店"
#店铺激活码
actId="1e5cac4ad760485d931141412c9fab0c"
#店铺id
venderId="1000001906"
#长链接
url="https://lzkj-isv.isvjcloud.com/sign/sevenDay/signActivity?activityId=1e5cac4ad760485d931141412c9fab0c&venderId=1000001906&adsource=tg_xuanFuTuBiao"

startTime=1612496160
endTime=1614483360
# 活动时间：2021-02-05 11:36 - 2021-02-28 11:36；
# 奖励说明：
actRule="
7天签到
连续签到1天：5店铺积分
连续签到2天：10元优惠券
连续签到3天：20店铺积分
连续签到4天：1京豆
连续签到5天：2京豆
连续签到6天：3京豆
连续签到7天：5京豆
"
#移动 jd_OeTNobRVGiNZ sign_res
sign_num=""
sign_res_info="7天签到 第  天"
giftRes=""
giftDate="20210220"
#移动 jd_OeTNobRVGiNZ sign_res_end
#赵 122294312-396444 sign_res
sign_num=""
sign_res_info="7天签到 第  天"
giftRes=""
giftDate="20210220"
#赵 122294312-396444 sign_res_end
#王 1309893722-164885 sign_res
sign_num=""
sign_res_info="7天签到 第  天"
giftRes=""
giftDate="20210220"
#王 1309893722-164885 sign_res_end
#肥鹅 jd_4d651d9e48204 sign_res
sign_num=""
sign_res_info="7天签到 第  天"
giftRes=""
giftDate="20210220"
#肥鹅 jd_4d651d9e48204 sign_res_end
