03/16/21 00:02:10 520170400  1615824130
RANDOM_num: 40
removed '/tmp/tmp.VhmuKmzoCB'
03/16/21 00:02:14 286213800  1615824134 检查赵签到

real	0m2.158s
user	0m0.031s
sys	0m0.094s
[WARN] get LZ_TOKEN error
03/16/21 00:02:19 821205600  1615824139
use pt_key

real	0m1.165s
user	0m0.094s
sys	0m0.156s
03/16/21 00:02:21 758068500  1615824141 token: AAFgT4UMADAL7kFhAsizIv6g75eVF8QGSqBSX8gzBHhq2pl7LzDUs_XLm3YaIA5RbDK2OfFSgxI

real	0m1.160s
user	0m0.016s
sys	0m0.063s
parse error: Invalid numeric literal at line 1, column 10
03/16/21 00:02:24 401727300  1615824144 secretPin: 
[WARN] get secretPin error

03/16/21 00:02:24 655871200  1615824144 赵签到大力智能京东自营旗舰店

real	0m1.504s
user	0m0.016s
sys	0m0.094s
parse error: Invalid numeric literal at line 1, column 10
parse error: Invalid numeric literal at line 1, column 10
parse error: Invalid numeric literal at line 1, column 10
parse error: Invalid numeric literal at line 1, column 10
03/16/21 00:02:30 553449200 1615824150

real	0m1.351s
user	0m0.000s
sys	0m0.078s

real	0m2.058s
user	0m0.031s
sys	0m0.109s
[WARN] get LZ_TOKEN error
03/16/21 00:02:34 801936100  1615824154
use pt_key

real	0m1.349s
user	0m0.109s
sys	0m0.125s
03/16/21 00:02:36 503429200  1615824156 token: AAFgT4UbADBLzcHUC0G9LeZxl5mH-CdLPvnJMbp1uyD0S1akgc7b_wqFBWKEYFfKwC7FIbScpNY

real	0m0.968s
user	0m0.031s
sys	0m0.109s
parse error: Invalid numeric literal at line 1, column 10
03/16/21 00:02:38 652009400  1615824158 secretPin: 
[WARN] get secretPin error

03/16/21 00:02:39 034847400  1615824159 赵签到大力智能京东自营旗舰店

real	0m1.326s
user	0m0.031s
sys	0m0.125s
parse error: Invalid numeric literal at line 1, column 10
parse error: Invalid numeric literal at line 1, column 10
parse error: Invalid numeric literal at line 1, column 10
parse error: Invalid numeric literal at line 1, column 10
03/16/21 00:02:44 659645900 1615824164

real	0m1.557s
user	0m0.000s
sys	0m0.047s

real	0m1.426s
user	0m0.031s
sys	0m0.109s
[WARN] get LZ_TOKEN error
03/16/21 00:02:48 842172200  1615824168
use pt_key

real	0m1.870s
user	0m0.141s
sys	0m0.063s
03/16/21 00:02:51 099454700  1615824171 token: AAFgT4UqADDOidz6UR-huslwcGLAjFKj3BfRFsDZ9Hsf-DokD8biJ0qgiOfDE6BClVfIxy204bE

real	0m2.898s
user	0m0.016s
sys	0m0.109s
parse error: Invalid numeric literal at line 1, column 10
03/16/21 00:02:55 425214800  1615824175 secretPin: 
[WARN] get secretPin error

03/16/21 00:02:55 786911400  1615824175 赵签到大力智能京东自营旗舰店

real	0m0.888s
user	0m0.000s
sys	0m0.141s
parse error: Invalid numeric literal at line 1, column 10
parse error: Invalid numeric literal at line 1, column 10
parse error: Invalid numeric literal at line 1, column 10
parse error: Invalid numeric literal at line 1, column 10
03/16/21 00:02:59 528669500 1615824179

real	0m1.587s
user	0m0.000s
sys	0m0.031s

real	0m1.266s
user	0m0.047s
sys	0m0.172s
[WARN] get LZ_TOKEN error
03/16/21 00:03:03 003177100  1615824183
use pt_key

real	0m1.023s
user	0m0.078s
sys	0m0.125s
03/16/21 00:03:04 633381800  1615824184 token: AAFgT4U3ADDKz8zXlOuggbfIzvUug-P2BHS97PBGdd1O_kb_llCOGRmup2neqLxZR9_NBIia8G0

real	0m1.609s
user	0m0.078s
sys	0m0.047s
parse error: Invalid numeric literal at line 1, column 10
03/16/21 00:03:08 647597100  1615824188 secretPin: 
[WARN] get secretPin error

03/16/21 00:03:09 151228200  1615824189 赵签到大力智能京东自营旗舰店

real	0m0.807s
user	0m0.016s
sys	0m0.141s
parse error: Invalid numeric literal at line 1, column 10
parse error: Invalid numeric literal at line 1, column 10
parse error: Invalid numeric literal at line 1, column 10
parse error: Invalid numeric literal at line 1, column 10
03/16/21 00:03:14 592385700 1615824194

real	0m1.892s
user	0m0.000s
sys	0m0.031s

real	0m1.325s
user	0m0.016s
sys	0m0.141s
[WARN] get LZ_TOKEN error
03/16/21 00:03:18 633837300  1615824198
use pt_key

real	0m1.127s
user	0m0.094s
sys	0m0.141s
03/16/21 00:03:20 046948600  1615824200 token: AAFgT4VHADATtQALMxMzWla1cGwfj7rmPvHYwJzKLVDect4N986LxvAcX-KQkXNWP_sKIPILAwQ

real	0m1.464s
user	0m0.047s
sys	0m0.094s
parse error: Invalid numeric literal at line 1, column 10
03/16/21 00:03:23 983735600  1615824203 secretPin: 
[WARN] get secretPin error

03/16/21 00:03:24 333043700  1615824204 赵签到大力智能京东自营旗舰店

real	0m1.020s
user	0m0.016s
sys	0m0.094s
parse error: Invalid numeric literal at line 1, column 10
parse error: Invalid numeric literal at line 1, column 10
parse error: Invalid numeric literal at line 1, column 10
parse error: Invalid numeric literal at line 1, column 10
03/16/21 00:03:28 954177900 1615824208

real	0m2.101s
user	0m0.000s
sys	0m0.031s

real	0m1.356s
user	0m0.016s
sys	0m0.141s
[WARN] get LZ_TOKEN error
03/16/21 00:03:33 297570500  1615824213
use pt_key

real	0m1.487s
user	0m0.094s
sys	0m0.078s
03/16/21 00:03:35 183748300  1615824215 token: AAFgT4VWADDNNRcpJxzciCiacsJqqxt8sGrvQyu1DJo0RU6jcvNXOeZpcOFHGTP4gkBLryGlrgM

real	0m1.102s
user	0m0.016s
sys	0m0.109s
parse error: Invalid numeric literal at line 1, column 10
03/16/21 00:03:38 920247200  1615824218 secretPin: 
[WARN] get secretPin error

03/16/21 00:03:39 330947000  1615824219 赵签到大力智能京东自营旗舰店

real	0m0.626s
user	0m0.000s
sys	0m0.141s
parse error: Invalid numeric literal at line 1, column 10
parse error: Invalid numeric literal at line 1, column 10
parse error: Invalid numeric literal at line 1, column 10
parse error: Invalid numeric literal at line 1, column 10
03/16/21 00:03:42 793034800 1615824222

real	0m1.819s
user	0m0.000s
sys	0m0.063s

real	0m0.936s
user	0m0.031s
sys	0m0.109s
[WARN] get LZ_TOKEN error
03/16/21 00:03:46 656286600  1615824226
use pt_key

real	0m1.493s
user	0m0.125s
sys	0m0.125s
03/16/21 00:03:48 511491300  1615824228 token: AAFgT4VjADCQusLQ6wyrNxOWwRgYqqUyswEhih_P5ofhBFxaPcHPdqEWLCqjzImLq3n0KhnAwfg

real	0m1.095s
user	0m0.031s
sys	0m0.141s
parse error: Invalid numeric literal at line 1, column 10
03/16/21 00:03:50 996580400  1615824230 secretPin: 
[WARN] get secretPin error

03/16/21 00:03:51 454733100  1615824231 赵签到大力智能京东自营旗舰店

real	0m1.122s
user	0m0.031s
sys	0m0.094s
parse error: Invalid numeric literal at line 1, column 10
parse error: Invalid numeric literal at line 1, column 10
parse error: Invalid numeric literal at line 1, column 10
parse error: Invalid numeric literal at line 1, column 10
03/16/21 00:03:56 731651500 1615824236

real	0m2.288s
user	0m0.000s
sys	0m0.016s

real	0m0.914s
user	0m0.047s
sys	0m0.094s
[WARN] get LZ_TOKEN error
03/16/21 00:04:00 534708900  1615824240
use pt_key

real	0m0.992s
user	0m0.141s
sys	0m0.078s
03/16/21 00:04:01 955833400  1615824241 token: AAFgT4VwADAhUEoDx3v_J7_ZovDen6mwTX6CgT0dJl3_H4MODKpHbS_IdSGk4HPjn6SPom4Yw0o

real	0m1.871s
user	0m0.063s
sys	0m0.047s
parse error: Invalid numeric literal at line 1, column 10
03/16/21 00:04:06 055598200  1615824246 secretPin: 
[WARN] get secretPin error

03/16/21 00:04:06 495531600  1615824246 赵签到大力智能京东自营旗舰店

real	0m1.262s
user	0m0.031s
sys	0m0.094s
parse error: Invalid numeric literal at line 1, column 10
parse error: Invalid numeric literal at line 1, column 10
parse error: Invalid numeric literal at line 1, column 10
parse error: Invalid numeric literal at line 1, column 10
03/16/21 00:04:12 040704700 1615824252

real	0m2.501s
user	0m0.000s
sys	0m0.047s

real	0m1.377s
user	0m0.016s
sys	0m0.125s
[WARN] get LZ_TOKEN error
03/16/21 00:04:16 868911900  1615824256
use pt_key

real	0m1.439s
user	0m0.063s
sys	0m0.109s
03/16/21 00:04:18 710725600  1615824258 token: AAFgT4WBADDdeJSx0qyKRuqkk_Hl4Gap50R9S3p4Pcqp_Xn-ghrzDrbFjUq2Lzsbjz7bTQCsrfg

real	0m0.963s
user	0m0.047s
sys	0m0.109s
parse error: Invalid numeric literal at line 1, column 10
03/16/21 00:04:20 864930600  1615824260 secretPin: 
[WARN] get secretPin error

03/16/21 00:04:21 183984600  1615824261 赵签到大力智能京东自营旗舰店

real	0m1.253s
user	0m0.016s
sys	0m0.094s
parse error: Invalid numeric literal at line 1, column 10
parse error: Invalid numeric literal at line 1, column 10
parse error: Invalid numeric literal at line 1, column 10
parse error: Invalid numeric literal at line 1, column 10
03/16/21 00:04:26 101785400 1615824266

real	0m2.587s
user	0m0.000s
sys	0m0.063s

real	0m1.198s
user	0m0.063s
sys	0m0.078s
[WARN] get LZ_TOKEN error
03/16/21 00:04:30 529069300  1615824270
use pt_key

real	0m1.118s
user	0m0.125s
sys	0m0.141s
03/16/21 00:04:31 818411000  1615824271 token: AAFgT4WPADCnIHsAq2YZFy69DevuC2rIPKVqFYXed2BCvMN2E4UxwN2_bn97ThZEvrZMH9vbEwA

real	0m1.115s
user	0m0.031s
sys	0m0.094s
parse error: Invalid numeric literal at line 1, column 10
03/16/21 00:04:34 963376600  1615824274 secretPin: 
[WARN] get secretPin error

03/16/21 00:04:35 359783700  1615824275 赵签到大力智能京东自营旗舰店

real	0m1.025s
user	0m0.063s
sys	0m0.063s
parse error: Invalid numeric literal at line 1, column 10
parse error: Invalid numeric literal at line 1, column 10
parse error: Invalid numeric literal at line 1, column 10
parse error: Invalid numeric literal at line 1, column 10
03/16/21 00:04:40 639897500 1615824280

real	0m2.595s
user	0m0.000s
sys	0m0.031s

real	0m0.951s
user	0m0.016s
sys	0m0.125s
[WARN] get LZ_TOKEN error
03/16/21 00:04:44 896831300  1615824284
use pt_key

real	0m0.934s
user	0m0.109s
sys	0m0.125s
03/16/21 00:04:46 197264600  1615824286 token: AAFgT4WdADAeiAeLqCkTrfzJbkhqoQFYwRR81ZdLwypWij1a97H_-P3r2YOZT7vYRPr5bbrJavs

real	0m0.957s
user	0m0.063s
sys	0m0.078s
parse error: Invalid numeric literal at line 1, column 10
03/16/21 00:04:48 916896700  1615824288 secretPin: 
[WARN] get secretPin error

03/16/21 00:04:49 208386800  1615824289 赵签到大力智能京东自营旗舰店

real	0m0.905s
user	0m0.047s
sys	0m0.109s
parse error: Invalid numeric literal at line 1, column 10
parse error: Invalid numeric literal at line 1, column 10
parse error: Invalid numeric literal at line 1, column 10
parse error: Invalid numeric literal at line 1, column 10
03/16/21 00:04:53 598775900 1615824293

real	0m3.191s
user	0m0.000s
sys	0m0.031s

real	0m1.496s
user	0m0.031s
sys	0m0.078s
[WARN] get LZ_TOKEN error
03/16/21 00:04:58 991791100  1615824298
use pt_key

real	0m1.323s
user	0m0.094s
sys	0m0.141s
03/16/21 00:05:00 554683800  1615824300 token: AAFgT4WrADDFeJAj9dJA1ieZW40JQjI-Re5UxUUE0Ydg5Qa89Em2m5E5qBWbqH_vhoZcaxWLoxg

real	0m1.364s
user	0m0.016s
sys	0m0.094s
parse error: Invalid numeric literal at line 1, column 10
03/16/21 00:05:03 316987400  1615824303 secretPin: 
[WARN] get secretPin error

03/16/21 00:05:04 367753800  1615824304 赵签到大力智能京东自营旗舰店

real	0m1.221s
user	0m0.047s
sys	0m0.125s
parse error: Invalid numeric literal at line 1, column 10
parse error: Invalid numeric literal at line 1, column 10
parse error: Invalid numeric literal at line 1, column 10
parse error: Invalid numeric literal at line 1, column 10
03/16/21 00:05:08 166337600 1615824308

real	0m3.117s
user	0m0.000s
sys	0m0.047s

real	0m1.750s
user	0m0.016s
sys	0m0.125s
[WARN] get LZ_TOKEN error
03/16/21 00:05:14 450697700  1615824314
use pt_key

real	0m1.299s
user	0m0.094s
sys	0m0.234s
03/16/21 00:05:16 014349900  1615824316 token: AAFgT4W7ADD6aOuV7XY-XbcdgWpkSsRqrZRdtU_7f9ycooMImepxvlg8iyz63xv5C_tHtmlRzVw

real	0m1.115s
user	0m0.031s
sys	0m0.078s
parse error: Invalid numeric literal at line 1, column 10
03/16/21 00:05:18 222046400  1615824318 secretPin: 
[WARN] get secretPin error

03/16/21 00:05:18 530586400  1615824318 赵签到大力智能京东自营旗舰店

real	0m0.858s
user	0m0.016s
sys	0m0.125s
parse error: Invalid numeric literal at line 1, column 10
parse error: Invalid numeric literal at line 1, column 10
parse error: Invalid numeric literal at line 1, column 10
parse error: Invalid numeric literal at line 1, column 10
03/16/21 00:05:22 428093300 1615824322

real	0m3.555s
user	0m0.000s
sys	0m0.047s

real	0m1.578s
user	0m0.016s
sys	0m0.172s
[WARN] get LZ_TOKEN error
03/16/21 00:05:28 575812900  1615824328
use pt_key

real	0m1.217s
user	0m0.141s
sys	0m0.141s
03/16/21 00:05:30 294447400  1615824330 token: AAFgT4XJADB6GO-eH9cVTIY_a5Jq1xKkH69bjiFuLKyg_pP2Yq9n9JIQwLTjj9tDEqws7nxbyLo

real	0m0.797s
user	0m0.047s
sys	0m0.094s
parse error: Invalid numeric literal at line 1, column 10
03/16/21 00:05:32 068636100  1615824332 secretPin: 
[WARN] get secretPin error

03/16/21 00:05:32 296714400  1615824332 赵签到大力智能京东自营旗舰店

real	0m0.749s
user	0m0.016s
sys	0m0.141s
parse error: Invalid numeric literal at line 1, column 10
parse error: Invalid numeric literal at line 1, column 10
parse error: Invalid numeric literal at line 1, column 10
parse error: Invalid numeric literal at line 1, column 10
03/16/21 00:05:36 388655600 1615824336

real	0m3.589s
user	0m0.000s
sys	0m0.063s

real	0m1.524s
user	0m0.031s
sys	0m0.156s
[WARN] get LZ_TOKEN error
03/16/21 00:05:42 657628200  1615824342
use pt_key

real	0m1.554s
user	0m0.109s
sys	0m0.125s
03/16/21 00:05:44 555786300  1615824344 token: AAFgT4XXADDqFpoZdyjT5QRxvPTeFytyRjmZaWupk1R8OGXCgkvKGF5Es5-9Fm2bUFbOEuWQ_RQ

real	0m1.292s
user	0m0.031s
sys	0m0.125s
parse error: Invalid numeric literal at line 1, column 10
03/16/21 00:05:47 092141800  1615824347 secretPin: 
[WARN] get secretPin error

03/16/21 00:05:47 291892900  1615824347 赵签到大力智能京东自营旗舰店

real	0m0.403s
user	0m0.016s
sys	0m0.094s
parse error: Invalid numeric literal at line 1, column 10
parse error: Invalid numeric literal at line 1, column 10
parse error: Invalid numeric literal at line 1, column 10
parse error: Invalid numeric literal at line 1, column 10
03/16/21 00:05:49 005953500 1615824349

real	0m3.604s
user	0m0.000s
sys	0m0.063s

real	0m1.192s
user	0m0.016s
sys	0m0.063s
[WARN] get LZ_TOKEN error
03/16/21 00:05:54 738214400  1615824354
use pt_key

real	0m1.600s
user	0m0.125s
sys	0m0.078s
03/16/21 00:05:56 925847200  1615824356 token: AAFgT4XjADDyL4GG8l_dhR1xs8ridEGKL-LtwsqDPLpp66pyIsBzNiaO3DOytlbkAhQBrouqGZM

real	0m1.538s
user	0m0.031s
sys	0m0.078s
parse error: Invalid numeric literal at line 1, column 10
03/16/21 00:06:00 196032900  1615824360 secretPin: 
[WARN] get secretPin error

03/16/21 00:06:00 551540200  1615824360 赵签到大力智能京东自营旗舰店

real	0m0.957s
user	0m0.063s
sys	0m0.094s
parse error: Invalid numeric literal at line 1, column 10
parse error: Invalid numeric literal at line 1, column 10
parse error: Invalid numeric literal at line 1, column 10
parse error: Invalid numeric literal at line 1, column 10
03/16/21 00:06:03 923743700 1615824363

real	0m3.543s
user	0m0.000s
sys	0m0.063s

real	0m1.363s
user	0m0.016s
sys	0m0.156s
[WARN] get LZ_TOKEN error
03/16/21 00:06:09 630784500  1615824369
use pt_key

real	0m1.173s
user	0m0.125s
sys	0m0.063s
03/16/21 00:06:11 049269800  1615824371 token: AAFgT4XyADD9BJO0dR7ubHXcZRfsZoyvHEemvtl2A0dbSfo8Q7KwbZTIiF3vRXR8LH68012z_h8

real	0m0.774s
user	0m0.031s
sys	0m0.078s
parse error: Invalid numeric literal at line 1, column 10
03/16/21 00:06:14 706270900  1615824374 secretPin: 
[WARN] get secretPin error

03/16/21 00:06:14 974508000  1615824374 赵签到大力智能京东自营旗舰店

real	0m0.775s
user	0m0.031s
sys	0m0.156s
parse error: Invalid numeric literal at line 1, column 10
parse error: Invalid numeric literal at line 1, column 10
parse error: Invalid numeric literal at line 1, column 10
parse error: Invalid numeric literal at line 1, column 10
03/16/21 00:06:18 601046900 1615824378

real	0m3.932s
user	0m0.000s
sys	0m0.047s

real	0m1.184s
user	0m0.016s
sys	0m0.125s
[WARN] get LZ_TOKEN error
03/16/21 00:06:24 675155200  1615824384
use pt_key

real	0m1.119s
user	0m0.094s
sys	0m0.078s
03/16/21 00:06:26 387395700  1615824386 token: AAFgT4YBADDhzBF0lgy8UvViGWuQciSPCxzVYOY9YLjAIB_0ttJDJqspc86wH-clBgljO5QCfUw

real	0m0.794s
user	0m0.016s
sys	0m0.125s
parse error: Invalid numeric literal at line 1, column 10
03/16/21 00:06:28 749487300  1615824388 secretPin: 
[WARN] get secretPin error

03/16/21 00:06:28 897113000  1615824388 赵签到大力智能京东自营旗舰店

real	0m1.382s
user	0m0.031s
sys	0m0.078s
parse error: Invalid numeric literal at line 1, column 10
parse error: Invalid numeric literal at line 1, column 10
parse error: Invalid numeric literal at line 1, column 10
parse error: Invalid numeric literal at line 1, column 10
03/16/21 00:06:35 134636400 1615824395

real	0m4.213s
user	0m0.000s
sys	0m0.078s

real	0m1.069s
user	0m0.016s
sys	0m0.109s
[WARN] get LZ_TOKEN error
03/16/21 00:06:41 073288100  1615824401
use pt_key

real	0m0.845s
user	0m0.094s
sys	0m0.125s
03/16/21 00:06:42 210120700  1615824402 token: AAFgT4YRADDJiKgtUA7twpA0vYa_4zqFme0lZOXxwnsc_Vv1U1IHL4gFFGopx9y4ZqS-UMRW36E

real	0m1.191s
user	0m0.031s
sys	0m0.141s
parse error: Invalid numeric literal at line 1, column 10
03/16/21 00:06:44 964802700  1615824404 secretPin: 
[WARN] get secretPin error

03/16/21 00:06:45 292779900  1615824405 赵签到大力智能京东自营旗舰店

real	0m1.300s
user	0m0.063s
sys	0m0.094s
parse error: Invalid numeric literal at line 1, column 10
parse error: Invalid numeric literal at line 1, column 10
parse error: Invalid numeric literal at line 1, column 10
parse error: Invalid numeric literal at line 1, column 10
03/16/21 00:06:50 573562600 1615824410

real	0m4.517s
user	0m0.000s
sys	0m0.031s

real	0m0.572s
user	0m0.031s
sys	0m0.109s
[WARN] get LZ_TOKEN error
03/16/21 00:06:56 355105700  1615824416
use pt_key

real	0m0.936s
user	0m0.078s
sys	0m0.141s
03/16/21 00:06:57 541230700  1615824417 token: AAFgT4YgADAQ3RxzIWoVDvuw3RHUNu4FSjUFVUvEiV7NG_1SNrxGxPOVStG1-02Gz6o_AsrNHro

real	0m1.209s
user	0m0.000s
sys	0m0.109s
parse error: Invalid numeric literal at line 1, column 10
03/16/21 00:07:00 408295800  1615824420 secretPin: 
[WARN] get secretPin error

03/16/21 00:07:00 679801000  1615824420 赵签到大力智能京东自营旗舰店

real	0m0.564s
user	0m0.016s
sys	0m0.109s
parse error: Invalid numeric literal at line 1, column 10
parse error: Invalid numeric literal at line 1, column 10
parse error: Invalid numeric literal at line 1, column 10
parse error: Invalid numeric literal at line 1, column 10
03/16/21 00:07:04 657223300 1615824424

real	0m4.598s
user	0m0.000s
sys	0m0.031s
03/16/21 00:09:09 402710900  1615824549
parse error: Invalid numeric literal at line 1, column 10
签到是否成功解析失败. 不再写/home/myid/jd/jd_signup/vender/shop_1615126518_0

赵签到大力智能京东自营旗舰店查看结果



大力智能京东自营旗舰店活动规则


actId=a38e039e71164a6eb6d2626d64a4d980
venderId=1000330405
startTime=1614528000000
endTime=1617206399000
# 短链接
suo_url="https://3.cn/1016MGn-R"
actTimeStr="2021-03-01 00:00 至 2021-03-31 23:59"
#店铺名称
vendername="大力智能京东自营旗舰店"
# 长链接
url=https://lzkj-isv.isvjcloud.com/sign/signActivity2?activityId=a38e039e71164a6eb6d2626d64a4d980&venderId=1000330405
# 活动时间：2021.03.01 00:00:00 - 2021.03.31 23:59:59
# 奖励说明：
actRule="
连续签到5天：30积分 30积分
连续签到10天：5京豆 5京豆
连续签到15天：80积分 80积分
连续签到20天：10京豆 10京豆
连续签到25天：20京豆 20京豆
连续签到31天：赠送大力智能电子手写板
"
#移动 jd_OeTNobRVGiNZ sign_res
sign_res="
"
sign_num=""
sign_total_num=""
giftName=""
giftRes=""
giftDate="20210316"
sign_res_info="

当天签到奖励 []
连续签到  天
签到总天数 "
#移动 jd_OeTNobRVGiNZ sign_res_end
#肥鹅 jd_4d651d9e48204 sign_res
sign_res="
"
sign_num=""
sign_total_num=""
giftName=""5京豆""
giftRes="ok"
giftDate="20210316"
sign_res_info="

当天签到奖励 ["5京豆"]
连续签到  天
签到总天数 "
#肥鹅 jd_4d651d9e48204 sign_res_end
#赵 122294312-396444 sign_res
sign_res="
"
sign_num=""
sign_total_num=""
giftName=""5京豆""
giftRes="ok"
giftDate="20210316"
sign_res_info="

当天签到奖励 ["5京豆"]
连续签到  天
签到总天数 "
#赵 122294312-396444 sign_res_end
#王 1309893722-164885 sign_res
sign_res="
"
sign_num=""
sign_total_num=""
giftName=""5京豆""
giftRes="ok"
giftDate="20210316"
sign_res_info="

当天签到奖励 ["5京豆"]
连续签到  天
签到总天数 "
#王 1309893722-164885 sign_res_end
