04/05/21 00:00:02 068156900  1617552002
RANDOM_num: 45
force to sign

real	0m1.629s
user	0m0.031s
sys	0m0.063s
lzkj-isv.isvjcloud.com	FALSE	/	FALSE	1617552604	LZ_TOKEN_VALUE	B0oH3vDY2bhHWuKbVaJ+XQ==
lzkj-isv.isvjcloud.com	FALSE	/	FALSE	1617552604	LZ_TOKEN_KEY	lztokenpage39b9ea2e5aad4e558f6cdbad44d850c0
04/05/21 00:00:05 182172400  1617552005
use pt_key

real	0m0.427s
user	0m0.125s
sys	0m0.063s
04/05/21 00:00:05 775518500  1617552005 token: AAFgaeKFADBjHnTP8m8QBIqCVvOTa4ndtse76bVx3BSkuJOkl1YtTDRdDKkCv4Fuo7HDVJ3VaJA

real	0m0.973s
user	0m0.031s
sys	0m0.109s
{"result":false,"data":"400001","count":0,"errorMessage":"活动太火爆，还是去买买买吧"}
04/05/21 00:02:22 372929400  1617552142
签到失败. 写入失败的giftName: 

***********************************************

当天签到奖励 []
连续签到 0 天
签到总天数 0
***********************************************

移动签到极米投影京东自营官方旗舰店查看结果
{"msg":"","giftLog":{},"isOk":true,"signDetail":{},"followDays":1,"signRecord":{"nicknameShow":null,"id":"eb6f39a62fb542cb9ab949183139179b","venderId":1000000582,"actId":"45d25329f4b2496c8878f28d2056d60f","actName":"4月每日签到","nick":"{\"result\":false,\"data\":\"400001\",\"count\":0,\"errorMessage\":\"活动太火爆，还是去买买买吧\"}","phone":"","midUrl":"","pin":"{\"result\":false,\"data\":\"400001\",\"count\":0,\"errorMessage\":\"活动太火爆，还是去买买买吧\"}","lastSignDate":null,"contiSignNum":0,"totalSignNum":0,"createTime":null,"updateTime":null,"remark":null}}

{
  "signDetail": {},
  "contiSignNum": 0,
  "totalSignNum": 0
}

极米投影京东自营官方旗舰店活动规则
{"msg":"","act":{"id":"45d25329f4b2496c8878f28d2056d60f","jdActivityId":null,"venderId":1000000582,"actName":"4月每日签到","startTime":1617247860000,"endTime":1619798399000,"tplId":"0110","deleted":null,"actUrl":"https://lzkj-isv.isvjcloud.com/sign/signActivity2?activityId=45d25329f4b2496c8878f28d2056d60f&venderId=1000000582","shortUrl":"3.cn/101l6-WBt","qrcodeUrl":"https://img10.360buyimg.com/imgzone/jfs/t1/161832/7/15883/3616/60653ff8Ec7ec638c/75978e9b96294f85.png","actRule":"1、活动时间：2021-04-01 11:31 - 2021-04-30 23:59；
2、符合连续签到赠送条件，则有机会赠送连续签到奖品，同时每日签到奖品不赠送；
3、连续签到1天，有机会赠送[1京豆]；
4、连续签到3天，有机会赠送[3京豆]；
5、连续签到5天，有机会赠送[5京豆]；
6、连续签到7天，有机会赠送[7京豆]；
7、连续签到15天，有机会赠送[15京豆]；
8、连续签到20天，有机会赠送[20京豆]；
9、连续签到30天，有机会赠送[50京豆]；
10、达到连续签到天数并领取奖品后，签到记录清零，从第1天重新计算；
11、关注店铺后方可参与活动；
12、签到成功后有机会获得奖品，也有可能会与奖品擦肩而过（奖品数量有限，先到先得）；
13、若用户存在刷奖等恶意行为，一经发现将取消抽奖资格（如奖品已经发放，有权追回奖品）；
注：奖品发放形式：
实物奖：
（1）中奖客户信息收集：页面弹屏提示中奖客户提供收货地址、号码和奖项；(超过1小时未填写对应收货信息，视为放弃);
（2）实物奖采取寄送方式发放，获奖用户需在开奖后填写姓名、联系电话、详细地址信息。如因用户原因无法联系上，即奖品作废不再补发，或如用户未填写真实有效的信息或填写收货信息不详，均视为放弃奖品；
虚拟产品奖：
（1）京豆：中奖后系统预计24小时内自动发放至账户；
（2）优惠券：中奖后需手动领取，预计24小时到账；
【活动参与主体资格】
（1）每位自然人用户仅能使用一个京东账号参与活动，微信号、QQ、京东帐号、手机号码等任一信息一致或指向同一用户的，视为同一个用户，则第一个参与本活动的账号参与结果有效，其余账号参与结果均视为无效。
（2）若发现同一位用户使用不同账号重复参与活动，承办方有权取消其参与资格。
【注意事项】
（1）活动过程中，凡以不正当手段（如作弊领取、恶意套取、刷信誉、虚假交易、扰乱系统、实施网络攻击等）参与本次活动的用户，商家有权终止其参与活动，并取消其参与资格（如优惠已发放，商家有权追回），如给商家造成损失的，商家将保留向违规用户继续追索的权利。
（2）如遇不可抗力(包括但不限于重大灾害事件、活动受政府机关指令需要停止举办或调整的、活动中存在大面积作弊行为、活动遭受严重网络攻击或因系统故障导致活动中奖名单大批量出错，活动不能正常进行的)，商家有权取消、修改或暂停本活动。
（3）是否获得优惠以活动发布者后台统计结果为准。
","createTime":1617248248000,"updateTime":1617248338000,"activityType":null,"actTimeStr":"2021-04-01 11:31 至 2021-04-30 23:59","actRange":"all","isFocusShop":"y","giftJson":"{\"giftConditions\":[{\"dayNum\":\"1\",\"gift\":{\"giftInfoId\":\"c3fac3db687d47aca5420a61ecc66aa0\",\"giftName\":\"1京豆\",\"giftNum\":\"1\",\"giftTotal\":\"10000000\",\"giftType\":\"6\",\"id\":\"1222210\",\"priceInfo\":\"0.01\",\"shortLink\":\"\",\"type\":0}},{\"dayNum\":\"3\",\"gift\":{\"giftInfoId\":\"fb97bc2216f8443ab865f05b6395be8d\",\"giftName\":\"3京豆\",\"giftNum\":\"3\",\"giftTotal\":\"10000000\",\"giftType\":\"6\",\"id\":\"1222210\",\"priceInfo\":\"0.03\",\"shortLink\":\"\",\"type\":0}},{\"dayNum\":\"5\",\"gift\":{\"giftInfoId\":\"f9c4cca47a9a4049bffbef402d8a129d\",\"giftName\":\"5京豆\",\"giftNum\":\"5\",\"giftTotal\":\"10000000\",\"giftType\":\"6\",\"id\":\"1222210\",\"priceInfo\":\"0.05\",\"shortLink\":\"\",\"type\":0}},{\"dayNum\":\"7\",\"gift\":{\"giftInfoId\":\"9a5b8cb67e5542ebb1f022163d42a67e\",\"giftName\":\"7京豆\",\"giftNum\":\"7\",\"giftTotal\":\"10000000\",\"giftType\":\"6\",\"id\":\"1222210\",\"priceInfo\":\"0.07\",\"shortLink\":\"\",\"type\":0}},{\"dayNum\":\"15\",\"gift\":{\"giftInfoId\":\"5b6f727290ca466e947d7dcb5a119b22\",\"giftName\":\"15京豆\",\"giftNum\":\"15\",\"giftTotal\":\"10000000\",\"giftType\":\"6\",\"id\":\"1222210\",\"priceInfo\":\"0.15\",\"shortLink\":\"\",\"type\":0}},{\"dayNum\":\"20\",\"gift\":{\"giftInfoId\":\"d70cc8426df046a6b009b09ab63084b7\",\"giftName\":\"20京豆\",\"giftNum\":\"20\",\"giftTotal\":\"10000000\",\"giftType\":\"6\",\"id\":\"1222210\",\"priceInfo\":\"0.20\",\"shortLink\":\"\",\"type\":0}},{\"dayNum\":\"30\",\"gift\":{\"giftInfoId\":\"5c3fb4a3577d45d9ad99776e83251f3d\",\"giftName\":\"50京豆\",\"giftNum\":\"50\",\"giftTotal\":\"10000\",\"giftType\":\"6\",\"id\":\"1222210\",\"priceInfo\":\"0.50\",\"shortLink\":\"\",\"type\":0}}],\"hasGiftEveryDay\":\"n\",\"signType\":\"1\"}","wxSignActivityGiftBean":{"hasGiftEveryDay":"n","gift":null,"signType":"1","giftConditions":[{"dayNum":"1","gift":{"activityId":null,"activityType":null,"venderId":null,"type":0,"name":null,"itemHb":null,"id":"1222210","giftType":"6","giftName":"1京豆","giftNum":"1","giftTotal":"10000000","giftResidue":null,"priceInfo":"0.01","shortLink":"","orginLink":null,"giftInfoId":"c3fac3db687d47aca5420a61ecc66aa0","commonAddAwardVO":null}},{"dayNum":"3","gift":{"activityId":null,"activityType":null,"venderId":null,"type":0,"name":null,"itemHb":null,"id":"1222210","giftType":"6","giftName":"3京豆","giftNum":"3","giftTotal":"10000000","giftResidue":null,"priceInfo":"0.03","shortLink":"","orginLink":null,"giftInfoId":"fb97bc2216f8443ab865f05b6395be8d","commonAddAwardVO":null}},{"dayNum":"5","gift":{"activityId":null,"activityType":null,"venderId":null,"type":0,"name":null,"itemHb":null,"id":"1222210","giftType":"6","giftName":"5京豆","giftNum":"5","giftTotal":"10000000","giftResidue":null,"priceInfo":"0.05","shortLink":"","orginLink":null,"giftInfoId":"f9c4cca47a9a4049bffbef402d8a129d","commonAddAwardVO":null}},{"dayNum":"7","gift":{"activityId":null,"activityType":null,"venderId":null,"type":0,"name":null,"itemHb":null,"id":"1222210","giftType":"6","giftName":"7京豆","giftNum":"7","giftTotal":"10000000","giftResidue":null,"priceInfo":"0.07","shortLink":"","orginLink":null,"giftInfoId":"9a5b8cb67e5542ebb1f022163d42a67e","commonAddAwardVO":null}},{"dayNum":"15","gift":{"activityId":null,"activityType":null,"venderId":null,"type":0,"name":null,"itemHb":null,"id":"1222210","giftType":"6","giftName":"15京豆","giftNum":"15","giftTotal":"10000000","giftResidue":null,"priceInfo":"0.15","shortLink":"","orginLink":null,"giftInfoId":"5b6f727290ca466e947d7dcb5a119b22","commonAddAwardVO":null}},{"dayNum":"20","gift":{"activityId":null,"activityType":null,"venderId":null,"type":0,"name":null,"itemHb":null,"id":"1222210","giftType":"6","giftName":"20京豆","giftNum":"20","giftTotal":"10000000","giftResidue":null,"priceInfo":"0.20","shortLink":"","orginLink":null,"giftInfoId":"d70cc8426df046a6b009b09ab63084b7","commonAddAwardVO":null}},{"dayNum":"30","gift":{"activityId":null,"activityType":null,"venderId":null,"type":0,"name":null,"itemHb":null,"id":"1222210","giftType":"6","giftName":"50京豆","giftNum":"50","giftTotal":"10000","giftResidue":null,"priceInfo":"0.50","shortLink":"","orginLink":null,"giftInfoId":"5c3fb4a3577d45d9ad99776e83251f3d","commonAddAwardVO":null}}]},"isShowItems":"y","showItemIds":"100018818732,100009019727,6542733,100014649792,100014056490,100004253893,100010015693,100000898390,100001514559,100002545676,100013600282,100013600266,100007799461,100000480382","jmWareVOList":null,"status":"ING"},"isOk":true}

{
  "actUrl": "https://lzkj-isv.isvjcloud.com/sign/signActivity2?activityId=45d25329f4b2496c8878f28d2056d60f&venderId=1000000582",
  "shortUrl": "3.cn/101l6-WBt",
  "actRule": "1、活动时间：2021-04-01 11:31 - 2021-04-30 23:59；\n2、符合连续签到赠送条件，则有机会赠送连续签到奖品，同时每日签到奖品不赠送；\n3、连续签到1天，有机会赠送[1京豆]；\n4、连续签到3天，有机会赠送[3京豆]；\n5、连续签到5天，有机会赠送[5京豆]；\n6、连续签到7天，有机会赠送[7京豆]；\n7、连续签到15天，有机会赠送[15京豆]；\n8、连续签到20天，有机会赠送[20京豆]；\n9、连续签到30天，有机会赠送[50京豆]；\n10、达到连续签到天数并领取奖品后，签到记录清零，从第1天重新计算；\n11、关注店铺后方可参与活动；\n12、签到成功后有机会获得奖品，也有可能会与奖品擦肩而过（奖品数量有限，先到先得）；\n13、若用户存在刷奖等恶意行为，一经发现将取消抽奖资格（如奖品已经发放，有权追回奖品）；\n注：奖品发放形式：\n实物奖：\n（1）中奖客户信息收集：页面弹屏提示中奖客户提供收货地址、号码和奖项；(超过1小时未填写对应收货信息，视为放弃);\n（2）实物奖采取寄送方式发放，获奖用户需在开奖后填写姓名、联系电话、详细地址信息。如因用户原因无法联系上，即奖品作废不再补发，或如用户未填写真实有效的信息或填写收货信息不详，均视为放弃奖品；\n虚拟产品奖：\n（1）京豆：中奖后系统预计24小时内自动发放至账户；\n（2）优惠券：中奖后需手动领取，预计24小时到账；\n【活动参与主体资格】\n（1）每位自然人用户仅能使用一个京东账号参与活动，微信号、QQ、京东帐号、手机号码等任一信息一致或指向同一用户的，视为同一个用户，则第一个参与本活动的账号参与结果有效，其余账号参与结果均视为无效。\n（2）若发现同一位用户使用不同账号重复参与活动，承办方有权取消其参与资格。\n【注意事项】\n（1）活动过程中，凡以不正当手段（如作弊领取、恶意套取、刷信誉、虚假交易、扰乱系统、实施网络攻击等）参与本次活动的用户，商家有权终止其参与活动，并取消其参与资格（如优惠已发放，商家有权追回），如给商家造成损失的，商家将保留向违规用户继续追索的权利。\n（2）如遇不可抗力(包括但不限于重大灾害事件、活动受政府机关指令需要停止举办或调整的、活动中存在大面积作弊行为、活动遭受严重网络攻击或因系统故障导致活动中奖名单大批量出错，活动不能正常进行的)，商家有权取消、修改或暂停本活动。\n（3）是否获得优惠以活动发布者后台统计结果为准。\n"
}
actId=45d25329f4b2496c8878f28d2056d60f
venderId=1000000582
startTime=1617247860000
endTime=1619798399000
# 短链接
suo_url="https://3.cn/101l6-WBt"
actTimeStr="2021-04-01 11:31 至 2021-04-30 23:59"
#店铺名称
vendername="极米投影京东自营官方旗舰店"
# 长链接
url=https://lzkj-isv.isvjcloud.com/sign/signActivity2?activityId=45d25329f4b2496c8878f28d2056d60f&shareuserid4minipg=SlDkFKa37DhJVavw4ZIfTU7oeVP9kq2pYSH90mYt4m3fwcJlClpxrfmVYaGKuquQkdK3rLBQpEQH9V4tdrrh0w%3D%3D&shopid=1000000582&sid=cd8dba99ccb5eaf4bca52b10222494bw&un_area=3_51038_3000_0
# 活动时间：2021.04.01 11:31:00 - 2021.04.30 23:59:59
# 奖励说明：
actRule="
连续签到1天：1京豆 1京豆
连续签到3天：3京豆 3京豆
连续签到5天：5京豆 5京豆
连续签到7天：7京豆 7京豆
连续签到15天：15京豆 15京豆
连续签到20天：20京豆 20京豆
连续签到30天：50京豆 50京豆
"
#赵 122294312-396444 sign_res
sign_res="
signTime=1617235200;signed=2
signTime=1617321600;signed=2
signTime=1617408000;signed=2
signTime=1617494400;signed=2"
sign_num="4"
sign_total_num="4"
giftName="null"
giftRes="ok"
giftDate="20210404"
sign_res_info="
2021/04/01_08:00:00  [已~签~到]      
2021/04/02_08:00:00  [已~签~到]      
2021/04/03_08:00:00  [已~签~到]      
2021/04/04_08:00:00  [已~签~到]      
当天签到奖励 [null]
连续签到 4 天
签到总天数 4"
#赵 122294312-396444 sign_res_end
#王 1309893722-164885 sign_res
sign_res="
signTime=1617235200;signed=2
signTime=1617321600;signed=2
signTime=1617408000;signed=2
signTime=1617494400;signed=2"
sign_num="4"
sign_total_num="4"
giftName="null"
giftRes="ok"
giftDate="20210404"
sign_res_info="
2021/04/01_08:00:00  [已~签~到]      
2021/04/02_08:00:00  [已~签~到]      
2021/04/03_08:00:00  [已~签~到]      
2021/04/04_08:00:00  [已~签~到]      
当天签到奖励 [null]
连续签到 4 天
签到总天数 4"
#王 1309893722-164885 sign_res_end
#肥鹅 jd_4d651d9e48204 sign_res
sign_res="
signTime=1617235200;signed=2
signTime=1617321600;signed=2
signTime=1617408000;signed=2
signTime=1617494400;signed=2"
sign_num="4"
sign_total_num="4"
giftName="null"
giftRes="ok"
giftDate="20210404"
sign_res_info="
2021/04/01_08:00:00  [已~签~到]      
2021/04/02_08:00:00  [已~签~到]      
2021/04/03_08:00:00  [已~签~到]      
2021/04/04_08:00:00  [已~签~到]      
当天签到奖励 [null]
连续签到 4 天
签到总天数 4"
#肥鹅 jd_4d651d9e48204 sign_res_end
#移动 jd_OeTNobRVGiNZ sign_res
sign_res="
"
sign_num="0"
sign_total_num="0"
giftName=""
giftRes=""
giftDate="20210405"
sign_res_info="

当天签到奖励 []
连续签到 0 天
签到总天数 0"
#移动 jd_OeTNobRVGiNZ sign_res_end
