02/20/21 00:30:08 035611200  1613752208
RANDOM_num: 10
removed '/tmp/tmp.ieBgw83zKk'
02/20/21 00:30:09 756843600  1613752209 æ£€æŸ¥ç‹ç­¾åˆ°

real	0m1.369s
user	0m0.016s
sys	0m0.078s
lzkj-isv.isvjcloud.com	FALSE	/	FALSE	1613752812	LZ_TOKEN_VALUE	B0oH3vDY2bhHWuKbVaJ+XQ==
lzkj-isv.isvjcloud.com	FALSE	/	FALSE	1613752812	LZ_TOKEN_KEY	lztokenpage4b5fdc599fd649dabaaf4452c2c5b12b
02/20/21 00:30:13 006217700  1613752213
use pt_key

real	0m0.810s
user	0m0.125s
sys	0m0.094s
02/20/21 00:30:14 118403600  1613752214 token: AAFgL-eVADDwYQgrdrVvc5ssxoC-0uJZPJzj61vInhWE-8ArKF2Hj1U_m4oFBq0KRQFnJ7MlkXw

real	0m1.420s
user	0m0.109s
sys	0m0.125s
02/20/21 00:30:15 756339400  1613752215 secretPin: 8zfoIjWIu/DcpxQNzAV7/oVPSWy1B8D+G4s+fJIFDfWHSnwnXFQKK9yQco/OGmHebU48Dr07k+7+k1UaXRbZKg==

02/20/21 00:30:16 039790300  1613752216 ç‹ç­¾åˆ°æ¯æ—¥é²œè¯­äº¬ä¸œè‡ªè¥æ——èˆ°åº—

real	0m1.624s
user	0m0.063s
sys	0m0.016s
{
  "gift": null,
  "msg": "",
  "isOk": true,
  "isSend": null,
  "key": null
}
true
02/20/21 00:30:19 518867200 1613752219
02/20/21 00:30:19 640177600 1613752219 ç­¾åˆ°æ¯æ—¥é²œè¯­äº¬ä¸œè‡ªè¥æ——èˆ°åº—å®Œæˆ
02/20/21 00:30:50 149742800  1613752250
parse error: Invalid numeric literal at line 1, column 10
parse error: Invalid numeric literal at line 1, column 10

***********************************************

å½“å¤©ç­¾åˆ°å¥–åŠ± null
è¿ç»­ç­¾åˆ°  å¤©
ç­¾åˆ°æ€»å¤©æ•° 
***********************************************

ç‹ç­¾åˆ°æ¯æ—¥é²œè¯­äº¬ä¸œè‡ªè¥æ——èˆ°åº—æŸ¥çœ‹ç»“æœ
<!DOCTYPE html>
<html>
 <head> 
  <title>äº¬ä¸œ</title> 
  <meta charset="utf-8" /> 
  <meta name="apple-mobile-web-app-capable" content="yes" /> 
  <meta name="viewport" content="width=device-width,initial-scale=1,user-scalable=no,maximum-scale=1,viewport-fit=cover" /> 
  <meta name="format-detection" content="telephone=no" /> 
  <meta name="x5-cache" content="enable" /> 
  <link rel="stylesheet" href="https://storage.360buyimg.com/babel/00162638/333378/production/dev/parser.1526555535098.css?t=20180517191236" /> 
  <style> img {
            opacity: 1 !important;
        } </style> 
  <link href="https://storage.360buyimg.com/babel/00170893/348321/production/dev/index.7320a380.css?t=20180802150952" rel="stylesheet" />
 </head> 
 <body style="background:#fff;" id="root"> 
  <div class="errorPage"> 
  </div> 
  <div class="placeholer"> 
  </div> 
  <script src="https://wl.jd.com/unify.min.js"></script> 
  <script type="text/javascript" src="https://storage.360buyimg.com/babel/00170893/348321/production/dev/index.0f8f4dba.js?t=20180802150952"></script> 
 </body>
</html>

parse error: Invalid numeric literal at line 1, column 10
[0;31;3mRUN  at {283:<--} ERROR CODE: 4[0m [0;31;3m[20210220 00:30:51] [ERROR] [0m

