03/13/21 00:00:01 898503100  1615564801
RANDOM_num: 25
force to sign

real	0m1.047s
user	0m0.016s
sys	0m0.078s
lzkj-isv.isvjcloud.com	FALSE	/	FALSE	1615565403	LZ_TOKEN_VALUE	B0oH3vDY2bhHWuKbVaJ+XQ==
lzkj-isv.isvjcloud.com	FALSE	/	FALSE	1615565403	LZ_TOKEN_KEY	lztokenpage6c56b9a79e4740fb88ccf5e932860209
03/13/21 00:00:04 830212500  1615564804
use pt_key

real	0m0.861s
user	0m0.094s
sys	0m0.141s
03/13/21 00:00:05 799350000  1615564805 token: AAFgS5AEADDhpG_YAc0pllvL0d0lDy-j3K-Bjj3kYNRfdI5gdOFYroFoXw3oxpoVvZ-JJGFSqbM

real	0m1.164s
user	0m0.016s
sys	0m0.094s
03/13/21 00:00:09 099831100  1615564809 secretPin: 51S2JqsypB/nfj45frYeoU7oeVP9kq2pYSH90mYt4m3fwcJlClpxrfmVYaGKuquQkdK3rLBQpEQH9V4tdrrh0w==

03/13/21 00:00:09 415711900  1615564809 èµµç­¾åˆ°æ‹œè€³å¥åº·æ¶ˆè´¹å“å®˜æ–¹æ——èˆ°åº—

real	0m1.697s
user	0m0.063s
sys	0m0.047s
{
  "gift": {
    "activityId": null,
    "activityType": null,
    "venderId": null,
    "type": 0,
    "name": null,
    "itemHb": null,
    "id": "1156157",
    "giftType": "6",
    "giftName": "10äº¬è±†",
    "giftNum": "10",
    "giftTotal": "10000",
    "giftResidue": null,
    "priceInfo": "0.10",
    "shortLink": "",
    "orginLink": null,
    "giftInfoId": "09a94e9d994643f0b5290014f59922f6",
    "commonAddAwardVO": null
  },
  "msg": "",
  "isOk": true,
  "isSend": true,
  "key": "oMubPV"
}
true
03/13/21 00:00:14 460196300 1615564814
03/13/21 00:00:14 727811600 1615564814 ç­¾åˆ°æ‹œè€³å¥åº·æ¶ˆè´¹å“å®˜æ–¹æ——èˆ°åº—å®Œæˆ
03/13/21 00:01:30 373756900  1615564890
true
é¦–æ¬¡ç­¾åˆ°æˆåŠŸ. å†™å…¥giftName: "10äº¬è±†"
parse error: Invalid numeric literal at line 1, column 10
parse error: Invalid numeric literal at line 1, column 10

***********************************************

å½“å¤©ç­¾åˆ°å¥–åŠ± ["10äº¬è±†"]
è¿ç»­ç­¾åˆ°  å¤©
ç­¾åˆ°æ€»å¤©æ•° 
***********************************************

èµµç­¾åˆ°æ‹œè€³å¥åº·æ¶ˆè´¹å“å®˜æ–¹æ——èˆ°åº—æŸ¥çœ‹ç»“æœ
<!DOCTYPE html>
<html>
 <head> 
  <title>äº¬ä¸œ</title> 
  <meta charset="utf-8" /> 
  <meta name="apple-mobile-web-app-capable" content="yes" /> 
  <meta name="viewport" content="width=device-width,initial-scale=1,user-scalable=no,maximum-scale=1,viewport-fit=cover" /> 
  <meta name="format-detection" content="telephone=no" /> 
  <meta name="x5-cache" content="enable" /> 
  <link rel="stylesheet" href="https://storage.360buyimg.com/babel/00162638/333378/production/dev/parser.1526555535098.css?t=20180517191236" /> 
  <style> img {
            opacity: 1 !important;
        } </style> 
  <link href="https://storage.360buyimg.com/babel/00170893/348321/production/dev/index.7320a380.css?t=20180802150952" rel="stylesheet" />
 </head> 
 <body style="background:#fff;" id="root"> 
  <div class="errorPage"> 
  </div> 
  <div class="placeholer"> 
  </div> 
  <script src="https://wl.jd.com/unify.min.js"></script> 
  <script type="text/javascript" src="https://storage.360buyimg.com/babel/00170893/348321/production/dev/index.0f8f4dba.js?t=20180802150952"></script> 
 </body>
</html>

parse error: Invalid numeric literal at line 1, column 10
[0;31;3mRUN  at {283:<--} ERROR CODE: 4[0m [0;31;3m[20210313 00:01:31] [ERROR] [0m

