03/16/21 00:02:11 535228600  1615824131
RANDOM_num: 5
removed '/tmp/tmp.V1hWVjcBNx'
03/16/21 00:02:14 994568900  1615824134 æ£€æŸ¥è‚¥é¹…ç­¾åˆ°

real	0m2.431s
user	0m0.047s
sys	0m0.063s
[WARN] get LZ_TOKEN error
03/16/21 00:02:20 052429800  1615824140
use pt_key

real	0m1.545s
user	0m0.109s
sys	0m0.109s
03/16/21 00:02:21 979338000  1615824141 token: AAFgT4UMADAH911CmOAnSUBIqa7IhKQhCWRWhwQPp1UGVUJ0rflN3X-I_8XdrImCMHDGyfJ6ZjQ

real	0m1.718s
user	0m0.047s
sys	0m0.047s
parse error: Invalid numeric literal at line 1, column 10
03/16/21 00:02:25 739412800  1615824145 secretPin: 
[WARN] get secretPin error

03/16/21 00:02:26 150075000  1615824146 è‚¥é¹…ç­¾åˆ°å¤§åŠ›æ™ºèƒ½äº¬ä¸œè‡ªè¥æ——èˆ°åº—

real	0m1.388s
user	0m0.063s
sys	0m0.078s
parse error: Invalid numeric literal at line 1, column 10
parse error: Invalid numeric literal at line 1, column 10
parse error: Invalid numeric literal at line 1, column 10
parse error: Invalid numeric literal at line 1, column 10
03/16/21 00:02:31 779680000 1615824151

real	0m1.416s
user	0m0.000s
sys	0m0.031s

real	0m2.406s
user	0m0.031s
sys	0m0.125s
[WARN] get LZ_TOKEN error
03/16/21 00:02:36 806454000  1615824156
use pt_key

real	0m1.304s
user	0m0.125s
sys	0m0.125s
03/16/21 00:02:38 441249500  1615824158 token: AAFgT4UdADAkaDxTSzyRJLLfgf2X27tehmOz0LfVeABjMebmg--TYecE_e4RJBvvijvew-HiCSg

real	0m1.326s
user	0m0.063s
sys	0m0.078s
parse error: Invalid numeric literal at line 1, column 10
03/16/21 00:02:41 429626400  1615824161 secretPin: 
[WARN] get secretPin error

03/16/21 00:02:41 651516100  1615824161 è‚¥é¹…ç­¾åˆ°å¤§åŠ›æ™ºèƒ½äº¬ä¸œè‡ªè¥æ——èˆ°åº—

real	0m1.237s
user	0m0.016s
sys	0m0.094s
parse error: Invalid numeric literal at line 1, column 10
parse error: Invalid numeric literal at line 1, column 10
parse error: Invalid numeric literal at line 1, column 10
parse error: Invalid numeric literal at line 1, column 10
03/16/21 00:02:46 858088300 1615824166

real	0m1.192s
user	0m0.000s
sys	0m0.031s

real	0m1.118s
user	0m0.016s
sys	0m0.141s
[WARN] get LZ_TOKEN error
03/16/21 00:02:50 458698400  1615824170
use pt_key

real	0m0.855s
user	0m0.125s
sys	0m0.063s
03/16/21 00:02:51 579138400  1615824171 token: AAFgT4UqADDXnvpd4vpwRhBQRe5z37wXFY3d72PLHhhVWpT2_hk1W9dlILe9i-A4BjthXtnvj9M

real	0m1.082s
user	0m0.047s
sys	0m0.109s
parse error: Invalid numeric literal at line 1, column 10
03/16/21 00:02:54 125939300  1615824174 secretPin: 
[WARN] get secretPin error

03/16/21 00:02:54 389263100  1615824174 è‚¥é¹…ç­¾åˆ°å¤§åŠ›æ™ºèƒ½äº¬ä¸œè‡ªè¥æ——èˆ°åº—

real	0m0.765s
user	0m0.031s
sys	0m0.125s
parse error: Invalid numeric literal at line 1, column 10
parse error: Invalid numeric literal at line 1, column 10
parse error: Invalid numeric literal at line 1, column 10
parse error: Invalid numeric literal at line 1, column 10
03/16/21 00:02:57 940018000 1615824177

real	0m1.490s
user	0m0.000s
sys	0m0.063s

real	0m1.644s
user	0m0.016s
sys	0m0.063s
[WARN] get LZ_TOKEN error
03/16/21 00:03:02 301383000  1615824182
use pt_key

real	0m1.679s
user	0m0.063s
sys	0m0.141s
03/16/21 00:03:04 619682900  1615824184 token: AAFgT4U3ADDlXhhnsN-hCGKy_m1rlMRRfcDtw52mS3ch0LLSdn3p4yaJ_1N1F1-nMWRbSvX2i5M

real	0m1.123s
user	0m0.031s
sys	0m0.094s
parse error: Invalid numeric literal at line 1, column 10
03/16/21 00:03:08 702584200  1615824188 secretPin: 
[WARN] get secretPin error

03/16/21 00:03:08 938309900  1615824188 è‚¥é¹…ç­¾åˆ°å¤§åŠ›æ™ºèƒ½äº¬ä¸œè‡ªè¥æ——èˆ°åº—

real	0m1.201s
user	0m0.047s
sys	0m0.109s
parse error: Invalid numeric literal at line 1, column 10
parse error: Invalid numeric literal at line 1, column 10
parse error: Invalid numeric literal at line 1, column 10
parse error: Invalid numeric literal at line 1, column 10
03/16/21 00:03:13 320699700 1615824193

real	0m1.646s
user	0m0.000s
sys	0m0.016s

real	0m1.597s
user	0m0.063s
sys	0m0.047s
[WARN] get LZ_TOKEN error
03/16/21 00:03:17 358416300  1615824197
use pt_key

real	0m1.024s
user	0m0.094s
sys	0m0.094s
03/16/21 00:03:18 651108700  1615824198 token: AAFgT4VFADBVl7JQ1_k9IJmnB71aqr-WhwME1Atk7hKM2BlgnmSGm_shS9sEyoMu4UrT1rLXA-s

real	0m1.340s
user	0m0.031s
sys	0m0.109s
parse error: Invalid numeric literal at line 1, column 10
03/16/21 00:03:22 274432600  1615824202 secretPin: 
[WARN] get secretPin error

03/16/21 00:03:22 741454700  1615824202 è‚¥é¹…ç­¾åˆ°å¤§åŠ›æ™ºèƒ½äº¬ä¸œè‡ªè¥æ——èˆ°åº—

real	0m1.022s
user	0m0.031s
sys	0m0.141s
parse error: Invalid numeric literal at line 1, column 10
parse error: Invalid numeric literal at line 1, column 10
parse error: Invalid numeric literal at line 1, column 10
parse error: Invalid numeric literal at line 1, column 10
03/16/21 00:03:26 398381500 1615824206

real	0m1.862s
user	0m0.000s
sys	0m0.047s

real	0m1.112s
user	0m0.016s
sys	0m0.109s
[WARN] get LZ_TOKEN error
03/16/21 00:03:30 538391200  1615824210
use pt_key

real	0m1.299s
user	0m0.094s
sys	0m0.109s
03/16/21 00:03:32 112148400  1615824212 token: AAFgT4VTADCcgOAjllpR9P1N0LlAg9kf3BmrphvTXvjOZzTzKzS1JhlrXeIxQee1eCUWJe64JJk

real	0m1.422s
user	0m0.000s
sys	0m0.094s
parse error: Invalid numeric literal at line 1, column 10
03/16/21 00:03:36 068895200  1615824216 secretPin: 
[WARN] get secretPin error

03/16/21 00:03:36 284683900  1615824216 è‚¥é¹…ç­¾åˆ°å¤§åŠ›æ™ºèƒ½äº¬ä¸œè‡ªè¥æ——èˆ°åº—

real	0m1.145s
user	0m0.031s
sys	0m0.063s
parse error: Invalid numeric literal at line 1, column 10
parse error: Invalid numeric literal at line 1, column 10
parse error: Invalid numeric literal at line 1, column 10
parse error: Invalid numeric literal at line 1, column 10
03/16/21 00:03:41 055239100 1615824221

real	0m1.864s
user	0m0.000s
sys	0m0.016s

real	0m1.114s
user	0m0.016s
sys	0m0.094s
[WARN] get LZ_TOKEN error
03/16/21 00:03:44 973026300  1615824224
use pt_key

real	0m1.245s
user	0m0.094s
sys	0m0.141s
03/16/21 00:03:46 459309600  1615824226 token: AAFgT4VhADCFZbxdd6qsz3RIj5j7yve11spLofFxB3NrtNB4BZCEwc-zzZrhX0_zr73gLGFfIj8

real	0m1.430s
user	0m0.031s
sys	0m0.109s
parse error: Invalid numeric literal at line 1, column 10
03/16/21 00:03:49 571723200  1615824229 secretPin: 
[WARN] get secretPin error

03/16/21 00:03:49 950788000  1615824229 è‚¥é¹…ç­¾åˆ°å¤§åŠ›æ™ºèƒ½äº¬ä¸œè‡ªè¥æ——èˆ°åº—

real	0m1.359s
user	0m0.047s
sys	0m0.094s
parse error: Invalid numeric literal at line 1, column 10
parse error: Invalid numeric literal at line 1, column 10
parse error: Invalid numeric literal at line 1, column 10
parse error: Invalid numeric literal at line 1, column 10
03/16/21 00:03:55 177237100 1615824235

real	0m2.082s
user	0m0.000s
sys	0m0.031s

real	0m1.236s
user	0m0.047s
sys	0m0.078s
[WARN] get LZ_TOKEN error
03/16/21 00:03:59 441160900  1615824239
use pt_key

real	0m0.999s
user	0m0.109s
sys	0m0.109s
03/16/21 00:04:00 766467900  1615824240 token: AAFgT4VvADDjDIeH56-UEXfsW_dwBDvlxMjy-ugiRZVDKQFUvh_PFPT-Kxqh8uwWE90Ffc8c0SA

real	0m0.879s
user	0m0.016s
sys	0m0.094s
parse error: Invalid numeric literal at line 1, column 10
03/16/21 00:04:03 691798700  1615824243 secretPin: 
[WARN] get secretPin error

03/16/21 00:04:04 147703600  1615824244 è‚¥é¹…ç­¾åˆ°å¤§åŠ›æ™ºèƒ½äº¬ä¸œè‡ªè¥æ——èˆ°åº—

real	0m1.716s
user	0m0.016s
sys	0m0.125s
parse error: Invalid numeric literal at line 1, column 10
parse error: Invalid numeric literal at line 1, column 10
parse error: Invalid numeric literal at line 1, column 10
parse error: Invalid numeric literal at line 1, column 10
03/16/21 00:04:10 440578200 1615824250

real	0m2.667s
user	0m0.000s
sys	0m0.063s

real	0m1.008s
user	0m0.031s
sys	0m0.109s
[WARN] get LZ_TOKEN error
03/16/21 00:04:15 229113900  1615824255
use pt_key

real	0m1.320s
user	0m0.125s
sys	0m0.094s
03/16/21 00:04:16 994973900  1615824256 token: AAFgT4V_ADBWtb58aKF1GWjERrULy4Mo_NzNmFt-Ea69WL88XlIXx86EiCoMXImwEaG2Whspek4

real	0m2.523s
user	0m0.016s
sys	0m0.125s
parse error: Invalid numeric literal at line 1, column 10
03/16/21 00:04:21 034263200  1615824261 secretPin: 
[WARN] get secretPin error

03/16/21 00:04:21 286637800  1615824261 è‚¥é¹…ç­¾åˆ°å¤§åŠ›æ™ºèƒ½äº¬ä¸œè‡ªè¥æ——èˆ°åº—

real	0m1.143s
user	0m0.031s
sys	0m0.078s
parse error: Invalid numeric literal at line 1, column 10
parse error: Invalid numeric literal at line 1, column 10
parse error: Invalid numeric literal at line 1, column 10
parse error: Invalid numeric literal at line 1, column 10
03/16/21 00:04:25 744389700 1615824265

real	0m2.730s
user	0m0.000s
sys	0m0.047s

real	0m0.806s
user	0m0.031s
sys	0m0.094s
[WARN] get LZ_TOKEN error
03/16/21 00:04:29 538052900  1615824269
use pt_key

real	0m0.646s
user	0m0.109s
sys	0m0.172s
03/16/21 00:04:30 471134100  1615824270 token: AAFgT4WNADBPmcRAXs1hIuL4Og69mQFFU3rIVP9suZPlak-r4D8zlbMdABo1hPIwytbykcOwFxM

real	0m0.888s
user	0m0.063s
sys	0m0.063s
parse error: Invalid numeric literal at line 1, column 10
03/16/21 00:04:33 086458500  1615824273 secretPin: 
[WARN] get secretPin error

03/16/21 00:04:33 266698400  1615824273 è‚¥é¹…ç­¾åˆ°å¤§åŠ›æ™ºèƒ½äº¬ä¸œè‡ªè¥æ——èˆ°åº—

real	0m1.728s
user	0m0.031s
sys	0m0.125s
parse error: Invalid numeric literal at line 1, column 10
parse error: Invalid numeric literal at line 1, column 10
parse error: Invalid numeric literal at line 1, column 10
parse error: Invalid numeric literal at line 1, column 10
03/16/21 00:04:38 467517100 1615824278

real	0m2.853s
user	0m0.000s
sys	0m0.047s

real	0m1.010s
user	0m0.047s
sys	0m0.094s
[WARN] get LZ_TOKEN error
03/16/21 00:04:42 893495700  1615824282
use pt_key

real	0m0.902s
user	0m0.109s
sys	0m0.172s
03/16/21 00:04:43 973455500  1615824283 token: AAFgT4WbADDhOB07PnfEpPXO14XhnTFlDXU9P0DKMbEoeOwlRmWrsdcbqzjIq4X0S1bLqSU-OdA

real	0m1.180s
user	0m0.063s
sys	0m0.125s
parse error: Invalid numeric literal at line 1, column 10
03/16/21 00:04:46 516118700  1615824286 secretPin: 
[WARN] get secretPin error

03/16/21 00:04:46 737255700  1615824286 è‚¥é¹…ç­¾åˆ°å¤§åŠ›æ™ºèƒ½äº¬ä¸œè‡ªè¥æ——èˆ°åº—

real	0m1.309s
user	0m0.047s
sys	0m0.063s
parse error: Invalid numeric literal at line 1, column 10
parse error: Invalid numeric literal at line 1, column 10
parse error: Invalid numeric literal at line 1, column 10
parse error: Invalid numeric literal at line 1, column 10
03/16/21 00:04:51 620830700 1615824291

real	0m3.265s
user	0m0.000s
sys	0m0.047s

real	0m1.074s
user	0m0.047s
sys	0m0.094s
[WARN] get LZ_TOKEN error
03/16/21 00:04:57 118518700  1615824297
use pt_key

real	0m1.209s
user	0m0.109s
sys	0m0.094s
03/16/21 00:04:58 569280600  1615824298 token: AAFgT4WpADDPsuR05xdeouvgVBs8AzPKuQ9LDLZzs0nLWhmJi1B_xTUmAhsAArF0khXsObzFHLw

real	0m0.943s
user	0m0.031s
sys	0m0.109s
parse error: Invalid numeric literal at line 1, column 10
03/16/21 00:05:01 361357100  1615824301 secretPin: 
[WARN] get secretPin error

03/16/21 00:05:01 730194400  1615824301 è‚¥é¹…ç­¾åˆ°å¤§åŠ›æ™ºèƒ½äº¬ä¸œè‡ªè¥æ——èˆ°åº—

real	0m0.703s
user	0m0.063s
sys	0m0.078s
parse error: Invalid numeric literal at line 1, column 10
parse error: Invalid numeric literal at line 1, column 10
parse error: Invalid numeric literal at line 1, column 10
parse error: Invalid numeric literal at line 1, column 10
03/16/21 00:05:05 658894500 1615824305

real	0m2.994s
user	0m0.000s
sys	0m0.109s

real	0m0.972s
user	0m0.031s
sys	0m0.109s
[WARN] get LZ_TOKEN error
03/16/21 00:05:10 750159700  1615824310
use pt_key

real	0m1.491s
user	0m0.125s
sys	0m0.141s
03/16/21 00:05:12 667672300  1615824312 token: AAFgT4W3ADBZ2OENEA-XwDMtaIJ5L-gSiu0fbFfQC6q-108ylfOdE8KKlLwmFBsAwWuSAlGIOSM

real	0m1.234s
user	0m0.031s
sys	0m0.094s
parse error: Invalid numeric literal at line 1, column 10
03/16/21 00:05:15 348194200  1615824315 secretPin: 
[WARN] get secretPin error

03/16/21 00:05:15 595489800  1615824315 è‚¥é¹…ç­¾åˆ°å¤§åŠ›æ™ºèƒ½äº¬ä¸œè‡ªè¥æ——èˆ°åº—

real	0m0.699s
user	0m0.063s
sys	0m0.109s
parse error: Invalid numeric literal at line 1, column 10
parse error: Invalid numeric literal at line 1, column 10
parse error: Invalid numeric literal at line 1, column 10
parse error: Invalid numeric literal at line 1, column 10
03/16/21 00:05:18 619767200 1615824318

real	0m3.622s
user	0m0.000s
sys	0m0.047s

real	0m1.053s
user	0m0.016s
sys	0m0.141s
[WARN] get LZ_TOKEN error
03/16/21 00:05:23 907683200  1615824323
use pt_key

real	0m1.485s
user	0m0.094s
sys	0m0.156s
03/16/21 00:05:25 729549400  1615824325 token: AAFgT4XEADCmpnzJuj5lcjwHz3AqF9UHt0fdyvLleu13bNg3PoRQcjSFvnAT-X-twEDnDWC_IXg

real	0m1.266s
user	0m0.047s
sys	0m0.078s
parse error: Invalid numeric literal at line 1, column 10
03/16/21 00:05:29 109169300  1615824329 secretPin: 
[WARN] get secretPin error

03/16/21 00:05:29 456522900  1615824329 è‚¥é¹…ç­¾åˆ°å¤§åŠ›æ™ºèƒ½äº¬ä¸œè‡ªè¥æ——èˆ°åº—

real	0m0.933s
user	0m0.031s
sys	0m0.109s
parse error: Invalid numeric literal at line 1, column 10
parse error: Invalid numeric literal at line 1, column 10
parse error: Invalid numeric literal at line 1, column 10
parse error: Invalid numeric literal at line 1, column 10
03/16/21 00:05:32 241006800 1615824332

real	0m3.391s
user	0m0.000s
sys	0m0.016s

real	0m0.777s
user	0m0.000s
sys	0m0.188s
[WARN] get LZ_TOKEN error
03/16/21 00:05:37 275501500  1615824337
use pt_key

real	0m0.880s
user	0m0.063s
sys	0m0.125s
03/16/21 00:05:38 441960100  1615824338 token: AAFgT4XRADCG-pOZX-67LwFy77laNNEnp-aCG5_lMfwDRk-HllXs6TKXFbUFYJua9umg-m1rHng

real	0m0.520s
user	0m0.000s
sys	0m0.141s
parse error: Invalid numeric literal at line 1, column 10
03/16/21 00:05:40 111509000  1615824340 secretPin: 
[WARN] get secretPin error

03/16/21 00:05:40 654908100  1615824340 è‚¥é¹…ç­¾åˆ°å¤§åŠ›æ™ºèƒ½äº¬ä¸œè‡ªè¥æ——èˆ°åº—

real	0m1.269s
user	0m0.031s
sys	0m0.141s
parse error: Invalid numeric literal at line 1, column 10
parse error: Invalid numeric literal at line 1, column 10
parse error: Invalid numeric literal at line 1, column 10
parse error: Invalid numeric literal at line 1, column 10
03/16/21 00:05:45 913411900 1615824345

real	0m3.704s
user	0m0.000s
sys	0m0.031s

real	0m0.824s
user	0m0.031s
sys	0m0.094s
[WARN] get LZ_TOKEN error
03/16/21 00:05:51 240742200  1615824351
use pt_key

real	0m1.265s
user	0m0.047s
sys	0m0.172s
03/16/21 00:05:52 672893000  1615824352 token: AAFgT4XfADA-BRg13l93-4_ZpjWUGlGFI8I52Aywy3lTNAf6-Cwt_GQ_ww2g_mYxAsXJj8AEh9g

real	0m0.900s
user	0m0.047s
sys	0m0.078s
parse error: Invalid numeric literal at line 1, column 10
03/16/21 00:05:55 383103900  1615824355 secretPin: 
[WARN] get secretPin error

03/16/21 00:05:55 687550600  1615824355 è‚¥é¹…ç­¾åˆ°å¤§åŠ›æ™ºèƒ½äº¬ä¸œè‡ªè¥æ——èˆ°åº—

real	0m1.216s
user	0m0.031s
sys	0m0.078s
parse error: Invalid numeric literal at line 1, column 10
parse error: Invalid numeric literal at line 1, column 10
parse error: Invalid numeric literal at line 1, column 10
parse error: Invalid numeric literal at line 1, column 10
03/16/21 00:06:00 500268600 1615824360

real	0m3.940s
user	0m0.000s
sys	0m0.047s

real	0m0.656s
user	0m0.031s
sys	0m0.125s
[WARN] get LZ_TOKEN error
03/16/21 00:06:05 475769300  1615824365
use pt_key

real	0m0.724s
user	0m0.125s
sys	0m0.109s
03/16/21 00:06:06 387956200  1615824366 token: AAFgT4XtADBvQSikIPFEKmwxtTJyiERho1RVXya1hr6Qmsj5mretEluFU7nEqK983jJYGR4hn2Y

real	0m0.873s
user	0m0.016s
sys	0m0.094s
parse error: Invalid numeric literal at line 1, column 10
03/16/21 00:06:08 498307500  1615824368 secretPin: 
[WARN] get secretPin error

03/16/21 00:06:08 912377200  1615824368 è‚¥é¹…ç­¾åˆ°å¤§åŠ›æ™ºèƒ½äº¬ä¸œè‡ªè¥æ——èˆ°åº—

real	0m1.138s
user	0m0.047s
sys	0m0.078s
parse error: Invalid numeric literal at line 1, column 10
parse error: Invalid numeric literal at line 1, column 10
parse error: Invalid numeric literal at line 1, column 10
parse error: Invalid numeric literal at line 1, column 10
03/16/21 00:06:15 639498100 1615824375

real	0m4.167s
user	0m0.000s
sys	0m0.047s

real	0m0.303s
user	0m0.000s
sys	0m0.125s
[WARN] get LZ_TOKEN error
03/16/21 00:06:20 346552300  1615824380
use pt_key

real	0m0.458s
user	0m0.094s
sys	0m0.094s
03/16/21 00:06:20 893097200  1615824380 token: AAFgT4X8ADCSxaK-R9G4q55Ur19N-411tOV8IXIeeYsAm3a1nxDsW1nymxd9DwZFkUQ1Qk1klC0

real	0m0.339s
user	0m0.016s
sys	0m0.063s
parse error: Invalid numeric literal at line 1, column 10
03/16/21 00:06:21 849283400  1615824381 secretPin: 
[WARN] get secretPin error

03/16/21 00:06:22 058227900  1615824382 è‚¥é¹…ç­¾åˆ°å¤§åŠ›æ™ºèƒ½äº¬ä¸œè‡ªè¥æ——èˆ°åº—

real	0m0.590s
user	0m0.047s
sys	0m0.031s
parse error: Invalid numeric literal at line 1, column 10
parse error: Invalid numeric literal at line 1, column 10
parse error: Invalid numeric literal at line 1, column 10
parse error: Invalid numeric literal at line 1, column 10
03/16/21 00:06:25 393760500 1615824385

real	0m4.596s
user	0m0.000s
sys	0m0.031s

real	0m1.408s
user	0m0.031s
sys	0m0.125s
[WARN] get LZ_TOKEN error
03/16/21 00:06:32 362373200  1615824392
use pt_key

real	0m0.979s
user	0m0.094s
sys	0m0.141s
03/16/21 00:06:34 079926900  1615824394 token: AAFgT4YIADCnGENpD8bqrkAfmKwg9LM2qrKXFkgRoJta_2zBkQ0HFWFTXL1tUkjSMUOqFxlwPj4

real	0m0.778s
user	0m0.031s
sys	0m0.109s
parse error: Invalid numeric literal at line 1, column 10
03/16/21 00:06:36 187579200  1615824396 secretPin: 
[WARN] get secretPin error

03/16/21 00:06:36 355254200  1615824396 è‚¥é¹…ç­¾åˆ°å¤§åŠ›æ™ºèƒ½äº¬ä¸œè‡ªè¥æ——èˆ°åº—

real	0m0.497s
user	0m0.047s
sys	0m0.109s
parse error: Invalid numeric literal at line 1, column 10
parse error: Invalid numeric literal at line 1, column 10
parse error: Invalid numeric literal at line 1, column 10
parse error: Invalid numeric literal at line 1, column 10
03/16/21 00:06:37 873915900 1615824397

real	0m4.208s
user	0m0.016s
sys	0m0.063s

real	0m0.933s
user	0m0.000s
sys	0m0.125s
[WARN] get LZ_TOKEN error
03/16/21 00:06:43 693350800  1615824403
use pt_key

real	0m1.534s
user	0m0.078s
sys	0m0.125s
03/16/21 00:06:45 605739500  1615824405 token: AAFgT4YUADBT9m-c-wMfV1CgjXgPzS8uutz_HMaHuUPIeoMM7guEL0U6KaUXFqyP9KcR3RVKAno

real	0m1.322s
user	0m0.016s
sys	0m0.109s
parse error: Invalid numeric literal at line 1, column 10
03/16/21 00:06:49 000039200  1615824409 secretPin: 
[WARN] get secretPin error

03/16/21 00:06:49 321142800  1615824409 è‚¥é¹…ç­¾åˆ°å¤§åŠ›æ™ºèƒ½äº¬ä¸œè‡ªè¥æ——èˆ°åº—

real	0m0.618s
user	0m0.047s
sys	0m0.125s
parse error: Invalid numeric literal at line 1, column 10
parse error: Invalid numeric literal at line 1, column 10
parse error: Invalid numeric literal at line 1, column 10
parse error: Invalid numeric literal at line 1, column 10
03/16/21 00:06:52 430011000 1615824412

real	0m4.420s
user	0m0.000s
sys	0m0.047s
03/16/21 00:07:12 972870800  1615824432
parse error: Invalid numeric literal at line 1, column 10
ç­¾åˆ°æ˜¯å¦æˆåŠŸè§£æå¤±è´¥. ä¸å†å†™/home/myid/jd/jd_signup/vender/shop_1615126518_0

è‚¥é¹…ç­¾åˆ°å¤§åŠ›æ™ºèƒ½äº¬ä¸œè‡ªè¥æ——èˆ°åº—æŸ¥çœ‹ç»“æœ
<!DOCTYPE html>
<html>
 <head> 
  <title>äº¬ä¸œ</title> 
  <meta charset="utf-8" /> 
  <meta name="apple-mobile-web-app-capable" content="yes" /> 
  <meta name="viewport" content="width=device-width,initial-scale=1,user-scalable=no,maximum-scale=1,viewport-fit=cover" /> 
  <meta name="format-detection" content="telephone=no" /> 
  <meta name="x5-cache" content="enable" /> 
  <link rel="stylesheet" href="https://storage.360buyimg.com/babel/00162638/333378/production/dev/parser.1526555535098.css?t=20180517191236" /> 
  <style> img {
            opacity: 1 !important;
        } </style> 
  <link href="https://storage.360buyimg.com/babel/00170893/348321/production/dev/index.7320a380.css?t=20180802150952" rel="stylesheet" />
 </head> 
 <body style="background:#fff;" id="root"> 
  <div class="errorPage"> 
  </div> 
  <div class="placeholer"> 
  </div> 
  <script src="https://wl.jd.com/unify.min.js"></script> 
  <script type="text/javascript" src="https://storage.360buyimg.com/babel/00170893/348321/production/dev/index.0f8f4dba.js?t=20180802150952"></script> 
 </body>
</html>

parse error: Invalid numeric literal at line 1, column 10
[0;31;3mRUN  at {283:<--} ERROR CODE: 4[0m [0;31;3m[20210316 00:07:13] [ERROR] [0m

