02/18/21 00:00:01 611999200  1613577601
RANDOM_num: 5
removed '/tmp/tmp.SCbUf33PKQ'
lzkj-isv.isvjcloud.com	FALSE	/	FALSE	1613578205	LZ_TOKEN_VALUE	B0oH3vDY2bhHWuKbVaJ+XQ==
lzkj-isv.isvjcloud.com	FALSE	/	FALSE	1613578205	LZ_TOKEN_KEY	lztokenpage57e41fef184b4ee28c8fbfad85a341d9
use pt_key
token: AAFgLT2IADDbSuxkgMU48crXMSztGhrAaM71zEB7c9EG63A0cpITiz-fRSFbZlObCcNPspMKfoI
secretPin: 8zfoIjWIu/DcpxQNzAV7/oVPSWy1B8D+G4s+fJIFDfWHSnwnXFQKK9yQco/OGmHebU48Dr07k+7+k1UaXRbZKg==

02/18/21 00:00:11 236387200  1613577611
王签到蒙牛官方旗舰店
{
  "msg": "",
  "signResult": {
    "key": "3.cn/10-0UyeBo",
    "giftLogId": "46f5ed258726461c9f71d5dfb409e08f",
    "gift": {
      "activityId": null,
      "activityType": null,
      "venderId": null,
      "type": 0,
      "name": null,
      "itemHb": null,
      "id": "346713693",
      "giftType": "1",
      "giftName": "50元优惠券",
      "giftNum": "50",
      "giftTotal": "10000",
      "giftResidue": null,
      "priceInfo": "50.00",
      "shortLink": "3.cn/10-0UyeBo",
      "orginLink": "http://coupon.m.jd.com/coupons/show.action?key=939e652b5cf3421e8604bd9fc794699b&roleId=45863831&to=item.jd.com/67099451794.html",
      "giftInfoId": null,
      "commonAddAwardVO": null
    },
    "send": true
  },
  "isOk": true,
  "isSend": true
}
true
签到蒙牛官方旗舰店完成
02/18/21 00:00:33 763709900  1613577633
parse error: Invalid numeric literal at line 1, column 10

***********************************************
7天签到 第  天
***********************************************

王签到蒙牛官方旗舰店查看结果, 活动规则
<!DOCTYPE html>
<html>
 <head> 
  <title>京东</title> 
  <meta charset="utf-8" /> 
  <meta name="apple-mobile-web-app-capable" content="yes" /> 
  <meta name="viewport" content="width=device-width,initial-scale=1,user-scalable=no,maximum-scale=1,viewport-fit=cover" /> 
  <meta name="format-detection" content="telephone=no" /> 
  <meta name="x5-cache" content="enable" /> 
  <link rel="stylesheet" href="https://storage.360buyimg.com/babel/00162638/333378/production/dev/parser.1526555535098.css?t=20180517191236" /> 
  <style> img {
            opacity: 1 !important;
        } </style> 
  <link href="https://storage.360buyimg.com/babel/00170893/348321/production/dev/index.7320a380.css?t=20180802150952" rel="stylesheet" />
 </head> 
 <body style="background:#fff;" id="root"> 
  <div class="errorPage"> 
  </div> 
  <div class="placeholer"> 
  </div> 
  <script src="https://wl.jd.com/unify.min.js"></script> 
  <script type="text/javascript" src="https://storage.360buyimg.com/babel/00170893/348321/production/dev/index.0f8f4dba.js?t=20180802150952"></script> 
 </body>
</html>

#店铺名称
vendername="蒙牛官方旗舰店"
#店铺激活码
actId="3f064b1a32ec4b2ab6e044aa1cacad06"
#店铺id
venderId="182542"
#长链接
url="https://lzkj-isv.isvjcloud.com/sign/sevenDay/signActivity?activityId=3f064b1a32ec4b2ab6e044aa1cacad06&venderId=182542"

startTime=1612108800
endTime=1614527940
# 活动时间：2021-02-01 00:00 - 2021-02-28 23:59；
# 奖励说明：
actRule="
7天签到
连续签到1天：15京豆
连续签到2天：30元优惠券
连续签到3天：40元优惠券
连续签到4天：8京豆
连续签到5天：50元优惠券
连续签到6天：20元优惠券
连续签到7天：15京豆
"

#移动 jd_OeTNobRVGiNZ sign_res
sign_num="3"
sign_res_info="7天签到 第 3 天"
giftRes="ok"
giftDate="20210217"
#移动 jd_OeTNobRVGiNZ sign_res_end
#赵 122294312-396444 sign_res
sign_num="2"
sign_res_info="7天签到 第 2 天"
giftRes="ok"
giftDate="20210217"
#赵 122294312-396444 sign_res_end
#肥鹅 jd_4d651d9e48204 sign_res
sign_num="2"
sign_res_info="7天签到 第 2 天"
giftRes="ok"
giftDate="20210217"
#肥鹅 jd_4d651d9e48204 sign_res_end
#王 1309893722-164885 sign_res
sign_num=""
sign_res_info="7天签到 第  天"
giftRes="ok"
giftDate="20210218"
#王 1309893722-164885 sign_res_end
