03/13/21 03:30:06 549834200  1615577406
RANDOM_num: 20
removed '/tmp/tmp.sRl3gTdukd'
03/13/21 03:30:07 442140000  1615577407
王 今天已经签到过. 签到结果: ok  giftDate: 20210313
***********************************************

2021/03/07_08:00:00  [已~签~到]      
2021/03/08_08:00:00  [已~签~到]      
2021/03/09_08:00:00  [已~签~到]      
2021/03/10_08:00:00  [已~签~到]      
2021/03/11_08:00:00  [已~签~到]      
2021/03/12_08:00:00  [已~签~到]      
2021/03/13_08:00:00  [已~签~到]      
当天签到奖励 [5京豆]
连续签到 7 天
签到总天数 7
***********************************************

actId=3f1c7a4084bc41778c79ed0bc9376b16
venderId=1000331904
startTime=1614563400000
endTime=1617206399000
# 短链接
suo_url="https://3.cn/1016T-GKX"
actTimeStr="2021-03-01 09:50 至 2021-03-31 23:59"
#店铺名称
vendername="TCL.XESS个护京东自营旗舰店"
# 长链接
url=https://lzkj-isv.isvjcloud.com/sign/signActivity2?activityId=3f1c7a4084bc41778c79ed0bc9376b16&venderId=1000331904
# 活动时间：2021.03.01 09:50:00 - 2021.03.31 23:59:59
# 奖励说明：
actRule="
连续签到7天：5京豆 5京豆
连续签到15天：10京豆 10京豆
"
#赵 122294312-396444 sign_res
sign_res="
"
sign_num=""
sign_total_num=""
giftName=""5京豆""
giftRes="ok"
giftDate="20210313"
sign_res_info="

当天签到奖励 ["5京豆"]
连续签到  天
签到总天数 "
#赵 122294312-396444 sign_res_end
#王 1309893722-164885 sign_res
sign_res="
signTime=1615075200;signed=2
signTime=1615161600;signed=2
signTime=1615248000;signed=2
signTime=1615334400;signed=2
signTime=1615420800;signed=2
signTime=1615507200;signed=2
signTime=1615593600;signed=2"
sign_num="7"
sign_total_num="7"
giftName=""5京豆""
giftRes="ok"
giftDate="20210313"
sign_res_info="
2021/03/07_08:00:00  [已~签~到]      
2021/03/08_08:00:00  [已~签~到]      
2021/03/09_08:00:00  [已~签~到]      
2021/03/10_08:00:00  [已~签~到]      
2021/03/11_08:00:00  [已~签~到]      
2021/03/12_08:00:00  [已~签~到]      
2021/03/13_08:00:00  [已~签~到]      
当天签到奖励 ["5京豆"]
连续签到 7 天
签到总天数 7"
#王 1309893722-164885 sign_res_end
#肥鹅 jd_4d651d9e48204 sign_res
sign_res="
signTime=1615075200;signed=2
signTime=1615161600;signed=2
signTime=1615248000;signed=2
signTime=1615334400;signed=2
signTime=1615420800;signed=2
signTime=1615507200;signed=2
signTime=1615593600;signed=2"
sign_num="7"
sign_total_num="7"
giftName=""5京豆""
giftRes="ok"
giftDate="20210313"
sign_res_info="
2021/03/07_08:00:00  [已~签~到]      
2021/03/08_08:00:00  [已~签~到]      
2021/03/09_08:00:00  [已~签~到]      
2021/03/10_08:00:00  [已~签~到]      
2021/03/11_08:00:00  [已~签~到]      
2021/03/12_08:00:00  [已~签~到]      
2021/03/13_08:00:00  [已~签~到]      
当天签到奖励 ["5京豆"]
连续签到 7 天
签到总天数 7"
#肥鹅 jd_4d651d9e48204 sign_res_end
#移动 jd_OeTNobRVGiNZ sign_res
sign_res="
"
sign_num="0"
sign_total_num="0"
giftName=""
giftRes=""
giftDate="20210313"
sign_res_info="

当天签到奖励 []
连续签到 0 天
签到总天数 0"
#移动 jd_OeTNobRVGiNZ sign_res_end
