04/03/21 00:00:00 714376000  1617379200
RANDOM_num: 35
force to sign

04/03/21 00:00:01 144599300  1617379201 肥鹅签到方杰家具官方旗舰店

real	0m0.642s
user	0m0.031s
sys	0m0.078s
{"code":200,"data":[{"level":2,"prizeList":[{"discount":5.00,"type":4,"number":1000,"budgetNum":5000,"userPirzeStatus":2,"class":"com.jd.interact.center.client.api.user.domain.InteractUserPrize","status":2}],"signType":1,"days":2,"class":"com.jd.interact.center.client.api.color.domain.sign.ShopSignInteractUserPrizeRule","userPrizeRuleStatus":2},{"level":0,"prizeList":[{"discount":1.00,"type":4,"number":10000,"budgetNum":10000,"userPirzeStatus":2,"class":"com.jd.interact.center.client.api.user.domain.InteractUserPrize","status":2}],"signType":0,"class":"com.jd.interact.center.client.api.color.domain.sign.ShopSignInteractUserPrizeRule","userPrizeRuleStatus":2}],"class":"com.jd.interact.center.client.api.common.param.Results","success":true}

04/03/21 00:00:02 469600100  1617379202 移动签到方杰家具官方旗舰店

real	0m1.270s
user	0m0.000s
sys	0m0.125s
{"code":200,"data":[],"class":"com.jd.interact.center.client.api.common.param.Results","success":true}
04/03/21 00:00:04 718327900 1617379204
04/03/21 00:00:04 922216000 1617379204 签到方杰家具官方旗舰店完成

04/03/21 00:01:50 751807100  1617379310
肥鹅签到方杰家具官方旗舰店查看结果
200
首次签到成功. 写入giftName: 奖励5,type=4;奖励1,type=4;

***********************************************
2021/03/31_00:00:00  2    未签到
2021/04/01_00:00:00  2    未签到
2021/04/02_20:19:27  2    [已~签~到]
2021/04/03_00:00:01  1    [已~签~到]
2021/04/04_00:00:00  3    未签到
2021/04/05_00:00:00  3    未签到
2021/04/06_00:00:00  3    未签到
2021/04/07_00:00:00  3    未签到
2021/04/08_00:00:00  3    未签到
2021/04/09_00:00:00  3    未签到
2021/04/10_00:00:00  3    未签到
2021/04/11_00:00:00  3    未签到
2021/04/12_00:00:00  3    未签到
2021/04/13_00:00:00  3    未签到
2021/04/14_00:00:00  3    未签到
2021/04/15_00:00:00  3    未签到
2021/04/16_00:00:00  3    未签到
2021/04/17_00:00:00  3    未签到
2021/04/18_00:00:00  3    未签到
2021/04/19_00:00:00  3    未签到
2021/04/20_00:00:00  3    未签到
2021/04/21_00:00:00  3    未签到
2021/04/22_00:00:00  3    未签到
2021/04/23_00:00:00  3    未签到
2021/04/24_00:00:00  3    未签到
2021/04/25_00:00:00  3    未签到
2021/04/26_00:00:00  3    未签到
2021/04/27_00:00:00  3    未签到
2021/04/28_00:00:00  3    未签到
2021/04/29_00:00:00  3    未签到
当天签到奖励 [奖励5,type=4;奖励1,type=4;]
已签到 2 天
***********************************************

移动签到方杰家具官方旗舰店查看结果
200
首次签到成功. 写入giftName: 

***********************************************
2021/03/31_00:00:00  2    未签到
2021/04/01_00:00:00  2    未签到
2021/04/02_20:19:27  2    [已~签~到]
2021/04/03_00:00:03  1    [已~签~到]
2021/04/04_00:00:00  3    未签到
2021/04/05_00:00:00  3    未签到
2021/04/06_00:00:00  3    未签到
2021/04/07_00:00:00  3    未签到
2021/04/08_00:00:00  3    未签到
2021/04/09_00:00:00  3    未签到
2021/04/10_00:00:00  3    未签到
2021/04/11_00:00:00  3    未签到
2021/04/12_00:00:00  3    未签到
2021/04/13_00:00:00  3    未签到
2021/04/14_00:00:00  3    未签到
2021/04/15_00:00:00  3    未签到
2021/04/16_00:00:00  3    未签到
2021/04/17_00:00:00  3    未签到
2021/04/18_00:00:00  3    未签到
2021/04/19_00:00:00  3    未签到
2021/04/20_00:00:00  3    未签到
2021/04/21_00:00:00  3    未签到
2021/04/22_00:00:00  3    未签到
2021/04/23_00:00:00  3    未签到
2021/04/24_00:00:00  3    未签到
2021/04/25_00:00:00  3    未签到
2021/04/26_00:00:00  3    未签到
2021/04/27_00:00:00  3    未签到
2021/04/28_00:00:00  3    未签到
2021/04/29_00:00:00  3    未签到
当天签到奖励 []
已签到 2 天
***********************************************



肥鹅签到方杰家具官方旗舰店日志
{"code":200,"data":{"signRecords":[{"currentDay":2,"signTime":1617120000000,"signed":1,"class":"com.jd.interact.center.client.api.color.domain.sign.InteractActivityUserActionRecord"},{"currentDay":2,"signTime":1617206400000,"signed":1,"class":"com.jd.interact.center.client.api.color.domain.sign.InteractActivityUserActionRecord"},{"currentDay":2,"signTime":1617365967311,"signed":2,"class":"com.jd.interact.center.client.api.color.domain.sign.InteractActivityUserActionRecord"},{"currentDay":1,"signTime":1617379201600,"signed":2,"class":"com.jd.interact.center.client.api.color.domain.sign.InteractActivityUserActionRecord"},{"currentDay":3,"signTime":1617465600000,"signed":1,"class":"com.jd.interact.center.client.api.color.domain.sign.InteractActivityUserActionRecord"},{"currentDay":3,"signTime":1617552000000,"signed":1,"class":"com.jd.interact.center.client.api.color.domain.sign.InteractActivityUserActionRecord"},{"currentDay":3,"signTime":1617638400000,"signed":1,"class":"com.jd.interact.center.client.api.color.domain.sign.InteractActivityUserActionRecord"},{"currentDay":3,"signTime":1617724800000,"signed":1,"class":"com.jd.interact.center.client.api.color.domain.sign.InteractActivityUserActionRecord"},{"currentDay":3,"signTime":1617811200000,"signed":1,"class":"com.jd.interact.center.client.api.color.domain.sign.InteractActivityUserActionRecord"},{"currentDay":3,"signTime":1617897600000,"signed":1,"class":"com.jd.interact.center.client.api.color.domain.sign.InteractActivityUserActionRecord"},{"currentDay":3,"signTime":1617984000000,"signed":1,"class":"com.jd.interact.center.client.api.color.domain.sign.InteractActivityUserActionRecord"},{"currentDay":3,"signTime":1618070400000,"signed":1,"class":"com.jd.interact.center.client.api.color.domain.sign.InteractActivityUserActionRecord"},{"currentDay":3,"signTime":1618156800000,"signed":1,"class":"com.jd.interact.center.client.api.color.domain.sign.InteractActivityUserActionRecord"},{"currentDay":3,"signTime":1618243200000,"signed":1,"class":"com.jd.interact.center.client.api.color.domain.sign.InteractActivityUserActionRecord"},{"currentDay":3,"signTime":1618329600000,"signed":1,"class":"com.jd.interact.center.client.api.color.domain.sign.InteractActivityUserActionRecord"},{"currentDay":3,"signTime":1618416000000,"signed":1,"class":"com.jd.interact.center.client.api.color.domain.sign.InteractActivityUserActionRecord"},{"currentDay":3,"signTime":1618502400000,"signed":1,"class":"com.jd.interact.center.client.api.color.domain.sign.InteractActivityUserActionRecord"},{"currentDay":3,"signTime":1618588800000,"signed":1,"class":"com.jd.interact.center.client.api.color.domain.sign.InteractActivityUserActionRecord"},{"currentDay":3,"signTime":1618675200000,"signed":1,"class":"com.jd.interact.center.client.api.color.domain.sign.InteractActivityUserActionRecord"},{"currentDay":3,"signTime":1618761600000,"signed":1,"class":"com.jd.interact.center.client.api.color.domain.sign.InteractActivityUserActionRecord"},{"currentDay":3,"signTime":1618848000000,"signed":1,"class":"com.jd.interact.center.client.api.color.domain.sign.InteractActivityUserActionRecord"},{"currentDay":3,"signTime":1618934400000,"signed":1,"class":"com.jd.interact.center.client.api.color.domain.sign.InteractActivityUserActionRecord"},{"currentDay":3,"signTime":1619020800000,"signed":1,"class":"com.jd.interact.center.client.api.color.domain.sign.InteractActivityUserActionRecord"},{"currentDay":3,"signTime":1619107200000,"signed":1,"class":"com.jd.interact.center.client.api.color.domain.sign.InteractActivityUserActionRecord"},{"currentDay":3,"signTime":1619193600000,"signed":1,"class":"com.jd.interact.center.client.api.color.domain.sign.InteractActivityUserActionRecord"},{"currentDay":3,"signTime":1619280000000,"signed":1,"class":"com.jd.interact.center.client.api.color.domain.sign.InteractActivityUserActionRecord"},{"currentDay":3,"signTime":1619366400000,"signed":1,"class":"com.jd.interact.center.client.api.color.domain.sign.InteractActivityUserActionRecord"},{"currentDay":3,"signTime":1619452800000,"signed":1,"class":"com.jd.interact.center.client.api.color.domain.sign.InteractActivityUserActionRecord"},{"currentDay":3,"signTime":1619539200000,"signed":1,"class":"com.jd.interact.center.client.api.color.domain.sign.InteractActivityUserActionRecord"},{"currentDay":3,"signTime":1619625600000,"signed":1,"class":"com.jd.interact.center.client.api.color.domain.sign.InteractActivityUserActionRecord"}],"days":2,"class":"com.jd.interact.center.client.api.color.domain.sign.ShopSignUserRecord"},"class":"com.jd.interact.center.client.api.common.param.Results","success":true}
{
  "contiSignNum": 2
}
移动签到方杰家具官方旗舰店日志
{"code":200,"data":{"signRecords":[{"signTime":1617120000000,"currentDay":2,"signed":1,"class":"com.jd.interact.center.client.api.color.domain.sign.InteractActivityUserActionRecord"},{"signTime":1617206400000,"currentDay":2,"signed":1,"class":"com.jd.interact.center.client.api.color.domain.sign.InteractActivityUserActionRecord"},{"signTime":1617365967582,"currentDay":2,"signed":2,"class":"com.jd.interact.center.client.api.color.domain.sign.InteractActivityUserActionRecord"},{"signTime":1617379203450,"currentDay":1,"signed":2,"class":"com.jd.interact.center.client.api.color.domain.sign.InteractActivityUserActionRecord"},{"signTime":1617465600000,"currentDay":3,"signed":1,"class":"com.jd.interact.center.client.api.color.domain.sign.InteractActivityUserActionRecord"},{"signTime":1617552000000,"currentDay":3,"signed":1,"class":"com.jd.interact.center.client.api.color.domain.sign.InteractActivityUserActionRecord"},{"signTime":1617638400000,"currentDay":3,"signed":1,"class":"com.jd.interact.center.client.api.color.domain.sign.InteractActivityUserActionRecord"},{"signTime":1617724800000,"currentDay":3,"signed":1,"class":"com.jd.interact.center.client.api.color.domain.sign.InteractActivityUserActionRecord"},{"signTime":1617811200000,"currentDay":3,"signed":1,"class":"com.jd.interact.center.client.api.color.domain.sign.InteractActivityUserActionRecord"},{"signTime":1617897600000,"currentDay":3,"signed":1,"class":"com.jd.interact.center.client.api.color.domain.sign.InteractActivityUserActionRecord"},{"signTime":1617984000000,"currentDay":3,"signed":1,"class":"com.jd.interact.center.client.api.color.domain.sign.InteractActivityUserActionRecord"},{"signTime":1618070400000,"currentDay":3,"signed":1,"class":"com.jd.interact.center.client.api.color.domain.sign.InteractActivityUserActionRecord"},{"signTime":1618156800000,"currentDay":3,"signed":1,"class":"com.jd.interact.center.client.api.color.domain.sign.InteractActivityUserActionRecord"},{"signTime":1618243200000,"currentDay":3,"signed":1,"class":"com.jd.interact.center.client.api.color.domain.sign.InteractActivityUserActionRecord"},{"signTime":1618329600000,"currentDay":3,"signed":1,"class":"com.jd.interact.center.client.api.color.domain.sign.InteractActivityUserActionRecord"},{"signTime":1618416000000,"currentDay":3,"signed":1,"class":"com.jd.interact.center.client.api.color.domain.sign.InteractActivityUserActionRecord"},{"signTime":1618502400000,"currentDay":3,"signed":1,"class":"com.jd.interact.center.client.api.color.domain.sign.InteractActivityUserActionRecord"},{"signTime":1618588800000,"currentDay":3,"signed":1,"class":"com.jd.interact.center.client.api.color.domain.sign.InteractActivityUserActionRecord"},{"signTime":1618675200000,"currentDay":3,"signed":1,"class":"com.jd.interact.center.client.api.color.domain.sign.InteractActivityUserActionRecord"},{"signTime":1618761600000,"currentDay":3,"signed":1,"class":"com.jd.interact.center.client.api.color.domain.sign.InteractActivityUserActionRecord"},{"signTime":1618848000000,"currentDay":3,"signed":1,"class":"com.jd.interact.center.client.api.color.domain.sign.InteractActivityUserActionRecord"},{"signTime":1618934400000,"currentDay":3,"signed":1,"class":"com.jd.interact.center.client.api.color.domain.sign.InteractActivityUserActionRecord"},{"signTime":1619020800000,"currentDay":3,"signed":1,"class":"com.jd.interact.center.client.api.color.domain.sign.InteractActivityUserActionRecord"},{"signTime":1619107200000,"currentDay":3,"signed":1,"class":"com.jd.interact.center.client.api.color.domain.sign.InteractActivityUserActionRecord"},{"signTime":1619193600000,"currentDay":3,"signed":1,"class":"com.jd.interact.center.client.api.color.domain.sign.InteractActivityUserActionRecord"},{"signTime":1619280000000,"currentDay":3,"signed":1,"class":"com.jd.interact.center.client.api.color.domain.sign.InteractActivityUserActionRecord"},{"signTime":1619366400000,"currentDay":3,"signed":1,"class":"com.jd.interact.center.client.api.color.domain.sign.InteractActivityUserActionRecord"},{"signTime":1619452800000,"currentDay":3,"signed":1,"class":"com.jd.interact.center.client.api.color.domain.sign.InteractActivityUserActionRecord"},{"signTime":1619539200000,"currentDay":3,"signed":1,"class":"com.jd.interact.center.client.api.color.domain.sign.InteractActivityUserActionRecord"},{"signTime":1619625600000,"currentDay":3,"signed":1,"class":"com.jd.interact.center.client.api.color.domain.sign.InteractActivityUserActionRecord"}],"days":2,"class":"com.jd.interact.center.client.api.color.domain.sign.ShopSignUserRecord"},"class":"com.jd.interact.center.client.api.common.param.Results","success":true}
{
  "contiSignNum": 2
}
# 短链接
suo_url=""
venderId=149220
startTime=1617120000000
endTime=1619711999000
activityId=10314123
token=F50A9379E4552B9BD5D9F7CBAABE2EB8
#店铺名称
vendername="方杰家具官方旗舰店"
# 长链接
url=https://h5.m.jd.com/babelDiy/Zeus/2PAAf74aG3D61qvfKUM5dxUssJQ9/index.html?token=F50A9379E4552B9BD5D9F7CBAABE2EB8
# 活动时间：2021.03.31 00:00:00 - 2021.04.29 23:59:59
# 奖励说明：
actRule="
每日签到：1京豆
连续签到2天：5京豆
"
#赵 122294312-396444 sign_res
sign_res="
signTime=1617120000;signed=1;currentDay=2
signTime=1617206400;signed=1;currentDay=2
signTime=1617365958;signed=2;currentDay=1
signTime=1617379200;signed=1;currentDay=3
signTime=1617465600;signed=1;currentDay=3
signTime=1617552000;signed=1;currentDay=3
signTime=1617638400;signed=1;currentDay=3
signTime=1617724800;signed=1;currentDay=3
signTime=1617811200;signed=1;currentDay=3
signTime=1617897600;signed=1;currentDay=3
signTime=1617984000;signed=1;currentDay=3
signTime=1618070400;signed=1;currentDay=3
signTime=1618156800;signed=1;currentDay=3
signTime=1618243200;signed=1;currentDay=3
signTime=1618329600;signed=1;currentDay=3
signTime=1618416000;signed=1;currentDay=3
signTime=1618502400;signed=1;currentDay=3
signTime=1618588800;signed=1;currentDay=3
signTime=1618675200;signed=1;currentDay=3
signTime=1618761600;signed=1;currentDay=3
signTime=1618848000;signed=1;currentDay=3
signTime=1618934400;signed=1;currentDay=3
signTime=1619020800;signed=1;currentDay=3
signTime=1619107200;signed=1;currentDay=3
signTime=1619193600;signed=1;currentDay=3
signTime=1619280000;signed=1;currentDay=3
signTime=1619366400;signed=1;currentDay=3
signTime=1619452800;signed=1;currentDay=3
signTime=1619539200;signed=1;currentDay=3
signTime=1619625600;signed=1;currentDay=3"
sign_num="1"
giftName="奖励1,type=4;"
giftRes="ok"
giftDate="20210402"
sign_res_info="
2021/03/31_00:00:00  2    未签到
2021/04/01_00:00:00  2    未签到
2021/04/02_20:19:18  1    [已~签~到]
2021/04/03_00:00:00  3    未签到
2021/04/04_00:00:00  3    未签到
2021/04/05_00:00:00  3    未签到
2021/04/06_00:00:00  3    未签到
2021/04/07_00:00:00  3    未签到
2021/04/08_00:00:00  3    未签到
2021/04/09_00:00:00  3    未签到
2021/04/10_00:00:00  3    未签到
2021/04/11_00:00:00  3    未签到
2021/04/12_00:00:00  3    未签到
2021/04/13_00:00:00  3    未签到
2021/04/14_00:00:00  3    未签到
2021/04/15_00:00:00  3    未签到
2021/04/16_00:00:00  3    未签到
2021/04/17_00:00:00  3    未签到
2021/04/18_00:00:00  3    未签到
2021/04/19_00:00:00  3    未签到
2021/04/20_00:00:00  3    未签到
2021/04/21_00:00:00  3    未签到
2021/04/22_00:00:00  3    未签到
2021/04/23_00:00:00  3    未签到
2021/04/24_00:00:00  3    未签到
2021/04/25_00:00:00  3    未签到
2021/04/26_00:00:00  3    未签到
2021/04/27_00:00:00  3    未签到
2021/04/28_00:00:00  3    未签到
2021/04/29_00:00:00  3    未签到
当天签到奖励 [奖励1,type=4;]
已签到 1 天"
#赵 122294312-396444 sign_res_end
#王 1309893722-164885 sign_res
sign_res="
signTime=1617120000;signed=1;currentDay=2
signTime=1617206400;signed=1;currentDay=2
signTime=1617365958;signed=2;currentDay=1
signTime=1617379200;signed=1;currentDay=3
signTime=1617465600;signed=1;currentDay=3
signTime=1617552000;signed=1;currentDay=3
signTime=1617638400;signed=1;currentDay=3
signTime=1617724800;signed=1;currentDay=3
signTime=1617811200;signed=1;currentDay=3
signTime=1617897600;signed=1;currentDay=3
signTime=1617984000;signed=1;currentDay=3
signTime=1618070400;signed=1;currentDay=3
signTime=1618156800;signed=1;currentDay=3
signTime=1618243200;signed=1;currentDay=3
signTime=1618329600;signed=1;currentDay=3
signTime=1618416000;signed=1;currentDay=3
signTime=1618502400;signed=1;currentDay=3
signTime=1618588800;signed=1;currentDay=3
signTime=1618675200;signed=1;currentDay=3
signTime=1618761600;signed=1;currentDay=3
signTime=1618848000;signed=1;currentDay=3
signTime=1618934400;signed=1;currentDay=3
signTime=1619020800;signed=1;currentDay=3
signTime=1619107200;signed=1;currentDay=3
signTime=1619193600;signed=1;currentDay=3
signTime=1619280000;signed=1;currentDay=3
signTime=1619366400;signed=1;currentDay=3
signTime=1619452800;signed=1;currentDay=3
signTime=1619539200;signed=1;currentDay=3
signTime=1619625600;signed=1;currentDay=3"
sign_num="1"
giftName="奖励1,type=4;"
giftRes="ok"
giftDate="20210402"
sign_res_info="
2021/03/31_00:00:00  2    未签到
2021/04/01_00:00:00  2    未签到
2021/04/02_20:19:18  1    [已~签~到]
2021/04/03_00:00:00  3    未签到
2021/04/04_00:00:00  3    未签到
2021/04/05_00:00:00  3    未签到
2021/04/06_00:00:00  3    未签到
2021/04/07_00:00:00  3    未签到
2021/04/08_00:00:00  3    未签到
2021/04/09_00:00:00  3    未签到
2021/04/10_00:00:00  3    未签到
2021/04/11_00:00:00  3    未签到
2021/04/12_00:00:00  3    未签到
2021/04/13_00:00:00  3    未签到
2021/04/14_00:00:00  3    未签到
2021/04/15_00:00:00  3    未签到
2021/04/16_00:00:00  3    未签到
2021/04/17_00:00:00  3    未签到
2021/04/18_00:00:00  3    未签到
2021/04/19_00:00:00  3    未签到
2021/04/20_00:00:00  3    未签到
2021/04/21_00:00:00  3    未签到
2021/04/22_00:00:00  3    未签到
2021/04/23_00:00:00  3    未签到
2021/04/24_00:00:00  3    未签到
2021/04/25_00:00:00  3    未签到
2021/04/26_00:00:00  3    未签到
2021/04/27_00:00:00  3    未签到
2021/04/28_00:00:00  3    未签到
2021/04/29_00:00:00  3    未签到
当天签到奖励 [奖励1,type=4;]
已签到 1 天"
#王 1309893722-164885 sign_res_end
#肥鹅 jd_4d651d9e48204 sign_res
sign_res="
signTime=1617120000;signed=1;currentDay=2
signTime=1617206400;signed=1;currentDay=2
signTime=1617365967;signed=2;currentDay=2
signTime=1617379201;signed=2;currentDay=1
signTime=1617465600;signed=1;currentDay=3
signTime=1617552000;signed=1;currentDay=3
signTime=1617638400;signed=1;currentDay=3
signTime=1617724800;signed=1;currentDay=3
signTime=1617811200;signed=1;currentDay=3
signTime=1617897600;signed=1;currentDay=3
signTime=1617984000;signed=1;currentDay=3
signTime=1618070400;signed=1;currentDay=3
signTime=1618156800;signed=1;currentDay=3
signTime=1618243200;signed=1;currentDay=3
signTime=1618329600;signed=1;currentDay=3
signTime=1618416000;signed=1;currentDay=3
signTime=1618502400;signed=1;currentDay=3
signTime=1618588800;signed=1;currentDay=3
signTime=1618675200;signed=1;currentDay=3
signTime=1618761600;signed=1;currentDay=3
signTime=1618848000;signed=1;currentDay=3
signTime=1618934400;signed=1;currentDay=3
signTime=1619020800;signed=1;currentDay=3
signTime=1619107200;signed=1;currentDay=3
signTime=1619193600;signed=1;currentDay=3
signTime=1619280000;signed=1;currentDay=3
signTime=1619366400;signed=1;currentDay=3
signTime=1619452800;signed=1;currentDay=3
signTime=1619539200;signed=1;currentDay=3
signTime=1619625600;signed=1;currentDay=3"
sign_num="2"
giftName="奖励5,type=4;奖励1,type=4;"
giftRes="ok"
giftDate="20210403"
sign_res_info="
2021/03/31_00:00:00  2    未签到
2021/04/01_00:00:00  2    未签到
2021/04/02_20:19:27  2    [已~签~到]
2021/04/03_00:00:01  1    [已~签~到]
2021/04/04_00:00:00  3    未签到
2021/04/05_00:00:00  3    未签到
2021/04/06_00:00:00  3    未签到
2021/04/07_00:00:00  3    未签到
2021/04/08_00:00:00  3    未签到
2021/04/09_00:00:00  3    未签到
2021/04/10_00:00:00  3    未签到
2021/04/11_00:00:00  3    未签到
2021/04/12_00:00:00  3    未签到
2021/04/13_00:00:00  3    未签到
2021/04/14_00:00:00  3    未签到
2021/04/15_00:00:00  3    未签到
2021/04/16_00:00:00  3    未签到
2021/04/17_00:00:00  3    未签到
2021/04/18_00:00:00  3    未签到
2021/04/19_00:00:00  3    未签到
2021/04/20_00:00:00  3    未签到
2021/04/21_00:00:00  3    未签到
2021/04/22_00:00:00  3    未签到
2021/04/23_00:00:00  3    未签到
2021/04/24_00:00:00  3    未签到
2021/04/25_00:00:00  3    未签到
2021/04/26_00:00:00  3    未签到
2021/04/27_00:00:00  3    未签到
2021/04/28_00:00:00  3    未签到
2021/04/29_00:00:00  3    未签到
当天签到奖励 [奖励5,type=4;奖励1,type=4;]
已签到 2 天"
#肥鹅 jd_4d651d9e48204 sign_res_end
#移动 jd_OeTNobRVGiNZ sign_res
sign_res="
signTime=1617120000;signed=1;currentDay=2
signTime=1617206400;signed=1;currentDay=2
signTime=1617365967;signed=2;currentDay=2
signTime=1617379203;signed=2;currentDay=1
signTime=1617465600;signed=1;currentDay=3
signTime=1617552000;signed=1;currentDay=3
signTime=1617638400;signed=1;currentDay=3
signTime=1617724800;signed=1;currentDay=3
signTime=1617811200;signed=1;currentDay=3
signTime=1617897600;signed=1;currentDay=3
signTime=1617984000;signed=1;currentDay=3
signTime=1618070400;signed=1;currentDay=3
signTime=1618156800;signed=1;currentDay=3
signTime=1618243200;signed=1;currentDay=3
signTime=1618329600;signed=1;currentDay=3
signTime=1618416000;signed=1;currentDay=3
signTime=1618502400;signed=1;currentDay=3
signTime=1618588800;signed=1;currentDay=3
signTime=1618675200;signed=1;currentDay=3
signTime=1618761600;signed=1;currentDay=3
signTime=1618848000;signed=1;currentDay=3
signTime=1618934400;signed=1;currentDay=3
signTime=1619020800;signed=1;currentDay=3
signTime=1619107200;signed=1;currentDay=3
signTime=1619193600;signed=1;currentDay=3
signTime=1619280000;signed=1;currentDay=3
signTime=1619366400;signed=1;currentDay=3
signTime=1619452800;signed=1;currentDay=3
signTime=1619539200;signed=1;currentDay=3
signTime=1619625600;signed=1;currentDay=3"
sign_num="2"
giftName=""
giftRes="ok"
giftDate="20210403"
sign_res_info="
2021/03/31_00:00:00  2    未签到
2021/04/01_00:00:00  2    未签到
2021/04/02_20:19:27  2    [已~签~到]
2021/04/03_00:00:03  1    [已~签~到]
2021/04/04_00:00:00  3    未签到
2021/04/05_00:00:00  3    未签到
2021/04/06_00:00:00  3    未签到
2021/04/07_00:00:00  3    未签到
2021/04/08_00:00:00  3    未签到
2021/04/09_00:00:00  3    未签到
2021/04/10_00:00:00  3    未签到
2021/04/11_00:00:00  3    未签到
2021/04/12_00:00:00  3    未签到
2021/04/13_00:00:00  3    未签到
2021/04/14_00:00:00  3    未签到
2021/04/15_00:00:00  3    未签到
2021/04/16_00:00:00  3    未签到
2021/04/17_00:00:00  3    未签到
2021/04/18_00:00:00  3    未签到
2021/04/19_00:00:00  3    未签到
2021/04/20_00:00:00  3    未签到
2021/04/21_00:00:00  3    未签到
2021/04/22_00:00:00  3    未签到
2021/04/23_00:00:00  3    未签到
2021/04/24_00:00:00  3    未签到
2021/04/25_00:00:00  3    未签到
2021/04/26_00:00:00  3    未签到
2021/04/27_00:00:00  3    未签到
2021/04/28_00:00:00  3    未签到
2021/04/29_00:00:00  3    未签到
当天签到奖励 []
已签到 2 天"
#移动 jd_OeTNobRVGiNZ sign_res_end
