03/06/21 00:00:06 222894600  1614960006
RANDOM_num: 40
force to sign

real	0m1.368s
user	0m0.031s
sys	0m0.094s
lzkj-isv.isvjcloud.com	FALSE	/	FALSE	1614960608	LZ_TOKEN_VALUE	B0oH3vDY2bhHWuKbVaJ+XQ==
lzkj-isv.isvjcloud.com	FALSE	/	FALSE	1614960608	LZ_TOKEN_KEY	lztokenpagef36e41fc3ee4463e8db7c3765608b44c
03/06/21 00:00:09 260453600  1614960009
use pt_key

real	0m0.855s
user	0m0.141s
sys	0m0.109s
03/06/21 00:00:10 372240700  1614960010 token: AAFgQlWKADCWRRTMEuT2N1b7a0mR3nVXxUprD3BiiiTiBamWCB2MD09BPL13wOS6ybzqO05QbjE

real	0m1.023s
user	0m0.016s
sys	0m0.094s
03/06/21 00:00:12 199501600  1614960012 secretPin: 51S2JqsypB/nfj45frYeoU7oeVP9kq2pYSH90mYt4m3fwcJlClpxrfmVYaGKuquQkdK3rLBQpEQH9V4tdrrh0w==

03/06/21 00:00:12 316768900  1614960012 èµµç­¾åˆ°JEEP SPIRITçœ¼é•œæ——èˆ°åº—

real	0m1.086s
user	0m0.031s
sys	0m0.063s
{
  "gift": null,
  "msg": "",
  "isOk": true,
  "isSend": null,
  "key": null
}
true
03/06/21 00:00:16 699248600 1614960016
03/06/21 00:00:16 911209600 1614960016 ç­¾åˆ°JEEP SPIRITçœ¼é•œæ——èˆ°åº—å®Œæˆ
03/06/21 00:02:17 373337800  1614960137
true
é¦–æ¬¡ç­¾åˆ°æˆåŠŸ. å†™å…¥giftName: null

***********************************************
2021/03/01_08:00:00  [å·²~ç­¾~åˆ°]      
2021/03/02_08:00:00  [å·²~ç­¾~åˆ°]      
2021/03/03_08:00:00  [å·²~ç­¾~åˆ°]      
2021/03/04_08:00:00  [å·²~ç­¾~åˆ°]      
2021/03/05_08:00:00  [å·²~ç­¾~åˆ°]      
2021/03/06_08:00:00  [å·²~ç­¾~åˆ°]      
å½“å¤©ç­¾åˆ°å¥–åŠ± [null]
è¿ç»­ç­¾åˆ° 0 å¤©
ç­¾åˆ°æ€»å¤©æ•° 10
***********************************************

èµµç­¾åˆ°JEEP SPIRITçœ¼é•œæ——èˆ°åº—æŸ¥çœ‹ç»“æœ
{"msg":"","giftLog":{},"isOk":true,"signDetail":{"20210304":"y","20210305":"y","20210306":"y","20210301":"y","20210302":"y","20210303":"y"},"followDays":3,"signRecord":{"nicknameShow":null,"id":"11e70b7c801e48f49d9e978124c4d53d","venderId":10114665,"actId":"a3e7341936fb4fe786cb441977fad1df","actName":"218ç­¾åˆ°æ´»åŠ¨","nick":"51S2JqsypB/nfj45frYeoU7oeVP9kq2pYSH90mYt4m3fwcJlClpxrfmVYaGKuquQkdK3rLBQpEQH9V4tdrrh0w==","phone":"","midUrl":null,"pin":"51S2JqsypB/nfj45frYeoU7oeVP9kq2pYSH90mYt4m3fwcJlClpxrfmVYaGKuquQkdK3rLBQpEQH9V4tdrrh0w==","lastSignDate":20210306,"contiSignNum":0,"totalSignNum":10,"createTime":1614186935000,"updateTime":1614960013000,"remark":null}}

{
  "signDetail": {
    "20210304": "y",
    "20210305": "y",
    "20210306": "y",
    "20210301": "y",
    "20210302": "y",
    "20210303": "y"
  },
  "contiSignNum": 0,
  "totalSignNum": 10
}

JEEP SPIRITçœ¼é•œæ——èˆ°åº—æ´»åŠ¨è§„åˆ™
<!DOCTYPE html>
<html>
 <head> 
  <title>äº¬ä¸œ</title> 
  <meta charset="utf-8" /> 
  <meta name="apple-mobile-web-app-capable" content="yes" /> 
  <meta name="viewport" content="width=device-width,initial-scale=1,user-scalable=no,maximum-scale=1,viewport-fit=cover" /> 
  <meta name="format-detection" content="telephone=no" /> 
  <meta name="x5-cache" content="enable" /> 
  <link rel="stylesheet" href="https://storage.360buyimg.com/babel/00162638/333378/production/dev/parser.1526555535098.css?t=20180517191236" /> 
  <style> img {
            opacity: 1 !important;
        } </style> 
  <link href="https://storage.360buyimg.com/babel/00170893/348321/production/dev/index.7320a380.css?t=20180802150952" rel="stylesheet" />
 </head> 
 <body style="background:#fff;" id="root"> 
  <div class="errorPage"> 
  </div> 
  <div class="placeholer"> 
  </div> 
  <script src="https://wl.jd.com/unify.min.js"></script> 
  <script type="text/javascript" src="https://storage.360buyimg.com/babel/00170893/348321/production/dev/index.0f8f4dba.js?t=20180802150952"></script> 
 </body>
</html>

parse error: Invalid numeric literal at line 1, column 10
[0;31;3mRUN  at {288:<--} ERROR CODE: 4[0m [0;31;3m[20210306 00:02:18] [ERROR] [0m

