02/19/21 00:00:02 929476100  1613664002
RANDOM_num: 5
removed '/tmp/tmp.Lm6keRSnuq'
lzkj-isv.isvjcloud.com	FALSE	/	FALSE	1613664608	LZ_TOKEN_VALUE	B0oH3vDY2bhHWuKbVaJ+XQ==
lzkj-isv.isvjcloud.com	FALSE	/	FALSE	1613664608	LZ_TOKEN_KEY	lztokenpage8d580b501bc844379e37500d954b8dd8
use pt_key
token: AAFgLo8LADCCtrji5pEoxWP8x70Lq2sOdfLmBVkAYJXAgpyEy06-h5rBoR_kVoIDfv3DDzwz2kE
secretPin: 4YEv+ri88IbQX5lhoqHrzE7oeVP9kq2pYSH90mYt4m3fwcJlClpxrfmVYaGKuquQkdK3rLBQpEQH9V4tdrrh0w==

02/19/21 00:00:16 194817100  1613664016
肥鹅签到自然堂官方旗舰店
{
  "msg": "该活动已经结束",
  "code": "-1",
  "isOk": false
}
活动已结束. /home/myid/jd/jd_signup/lzkj_sevenDay_vender/zirantang --> /home/myid/jd/jd_signup/lzkj_sevenDay_vender/zirantang_del
renamed '/home/myid/jd/jd_signup/lzkj_sevenDay_vender/zirantang' -> '/home/myid/jd/jd_signup/lzkj_sevenDay_vender/zirantang_del'
02/19/21 00:00:38 050991200  1613664038

肥鹅签到自然堂官方旗舰店查看结果, 活动规则
<!DOCTYPE html>
<html>
 <head> 
  <title>京东</title> 
  <meta charset="utf-8" /> 
  <meta name="apple-mobile-web-app-capable" content="yes" /> 
  <meta name="viewport" content="width=device-width,initial-scale=1,user-scalable=no,maximum-scale=1,viewport-fit=cover" /> 
  <meta name="format-detection" content="telephone=no" /> 
  <meta name="x5-cache" content="enable" /> 
  <link rel="stylesheet" href="https://storage.360buyimg.com/babel/00162638/333378/production/dev/parser.1526555535098.css?t=20180517191236" /> 
  <style> img {
            opacity: 1 !important;
        } </style> 
  <link href="https://storage.360buyimg.com/babel/00170893/348321/production/dev/index.7320a380.css?t=20180802150952" rel="stylesheet" />
 </head> 
 <body style="background:#fff;" id="root"> 
  <div class="errorPage"> 
  </div> 
  <div class="placeholer"> 
  </div> 
  <script src="https://wl.jd.com/unify.min.js"></script> 
  <script type="text/javascript" src="https://storage.360buyimg.com/babel/00170893/348321/production/dev/index.0f8f4dba.js?t=20180802150952"></script> 
 </body>
</html>

#活动规则
rule="1、活动时间：2021-02-04 14:07 - 2021-02-18 23:59；
连续签到7天后，清零可重新开始；
5、第1天签到，有机会赠送1京豆；
6、第2天签到，有机会赠送2京豆；
7、第3天签到，有机会赠送5元优惠券；
8、第4天签到，有机会赠送3京豆；
9、第5天签到，有机会赠送4京豆；
10、第6天签到，有机会赠送5京豆；
11、第7天签到，有机会赠送66京豆；"

#店铺名称
vendername="自然堂官方旗舰店"
#店铺激活码
actId="1a234155db3f4271beaab430722584dd"
##店铺id
venderId="60328"

#GET https://lzkj-isv.isvjcloud.com/sign/sevenDay/signActivity?activityId=1a234155db3f4271beaab430722584dd&shareuserid4minipg=8zfoIjWIu/DcpxQNzAV7/oVPSWy1B8D+G4s+fJIFDfWHSnwnXFQKK9yQco/OGmHebU48Dr07k+7+k1UaXRbZKg==&shopid=56178&lng=117.246171&lat=39.139092&sid=e063003e8f278d63fa05a16c75b559dw&un_area=3_51035_55901_0
#赵 122294312-396444 sign_res
sign_num="1"
sign_res_info="7天签到 第 1 天"
giftRes="ok"
giftDate="20210218"
#赵 122294312-396444 sign_res_end
#移动 jd_OeTNobRVGiNZ sign_res
sign_num="1"
sign_res_info="7天签到 第 1 天"
giftRes="ok"
giftDate="20210218"
#移动 jd_OeTNobRVGiNZ sign_res_end
#王 1309893722-164885 sign_res
sign_num="5"
sign_res_info="7天签到 第 5 天"
giftRes="ok"
giftDate="20210218"
#王 1309893722-164885 sign_res_end
#肥鹅 jd_4d651d9e48204 sign_res
sign_num="1"
sign_res_info="7天签到 第 1 天"
giftRes="ok"
giftDate="20210218"
#肥鹅 jd_4d651d9e48204 sign_res_end
