02/20/21 00:00:01 851756200  1613750401
RANDOM_num: 30
force to sign

real	0m0.908s
user	0m0.047s
sys	0m0.078s
lzkj-isv.isvjcloud.com	FALSE	/	FALSE	1613751003	LZ_TOKEN_VALUE	B0oH3vDY2bhHWuKbVaJ+XQ==
lzkj-isv.isvjcloud.com	FALSE	/	FALSE	1613751003	LZ_TOKEN_KEY	lztokenpage2eca78e60c7645d695ead169cd16bbe1
02/20/21 00:00:04 135806600  1613750404
use pt_key

real	0m0.926s
user	0m0.094s
sys	0m0.094s
02/20/21 00:00:05 303918300  1613750405 token: AAFgL-CEADDQ4G9O6k2WYzOq4GRMv-LpOOG5poi-BiAbEm3nGLZdDeVotcvkRbt5CofXKv_VTEo

real	0m1.401s
user	0m0.078s
sys	0m0.094s
02/20/21 00:00:06 856286800  1613750406 secretPin: 4YEv+ri88IbQX5lhoqHrzE7oeVP9kq2pYSH90mYt4m3fwcJlClpxrfmVYaGKuquQkdK3rLBQpEQH9V4tdrrh0w==

02/20/21 00:00:07 138711300  1613750407 肥鹅签到蒙牛官方旗舰店

real	0m1.421s
user	0m0.031s
sys	0m0.078s
{
  "msg": "",
  "signResult": {
    "key": "3.cn/10-0UyeBo",
    "giftLogId": "9999b481ea6c43be9234ccddefd59fe9",
    "gift": {
      "activityId": null,
      "activityType": null,
      "venderId": null,
      "type": 0,
      "name": null,
      "itemHb": null,
      "id": "346713693",
      "giftType": "1",
      "giftName": "50元优惠券",
      "giftNum": "50",
      "giftTotal": "10000",
      "giftResidue": null,
      "priceInfo": "50.00",
      "shortLink": "3.cn/10-0UyeBo",
      "orginLink": "http://coupon.m.jd.com/coupons/show.action?key=939e652b5cf3421e8604bd9fc794699b&roleId=45863831&to=item.jd.com/67099451794.html",
      "giftInfoId": null,
      "commonAddAwardVO": null
    },
    "send": true
  },
  "isOk": true,
  "isSend": true
}
true
02/20/21 00:00:13 490561400 1613750413
02/20/21 00:00:13 780518600 1613750413 签到蒙牛官方旗舰店完成
02/20/21 00:01:44 905203700  1613750504
parse error: Invalid numeric literal at line 1, column 10

***********************************************
7天签到 第  天
***********************************************

肥鹅签到蒙牛官方旗舰店查看结果, 活动规则
<!DOCTYPE html>
<html>
 <head> 
  <title>京东</title> 
  <meta charset="utf-8" /> 
  <meta name="apple-mobile-web-app-capable" content="yes" /> 
  <meta name="viewport" content="width=device-width,initial-scale=1,user-scalable=no,maximum-scale=1,viewport-fit=cover" /> 
  <meta name="format-detection" content="telephone=no" /> 
  <meta name="x5-cache" content="enable" /> 
  <link rel="stylesheet" href="https://storage.360buyimg.com/babel/00162638/333378/production/dev/parser.1526555535098.css?t=20180517191236" /> 
  <style> img {
            opacity: 1 !important;
        } </style> 
  <link href="https://storage.360buyimg.com/babel/00170893/348321/production/dev/index.7320a380.css?t=20180802150952" rel="stylesheet" />
 </head> 
 <body style="background:#fff;" id="root"> 
  <div class="errorPage"> 
  </div> 
  <div class="placeholer"> 
  </div> 
  <script src="https://wl.jd.com/unify.min.js"></script> 
  <script type="text/javascript" src="https://storage.360buyimg.com/babel/00170893/348321/production/dev/index.0f8f4dba.js?t=20180802150952"></script> 
 </body>
</html>

#店铺名称
vendername="蒙牛官方旗舰店"
#店铺激活码
actId="3f064b1a32ec4b2ab6e044aa1cacad06"
#店铺id
venderId="182542"
#长链接
url="https://lzkj-isv.isvjcloud.com/sign/sevenDay/signActivity?activityId=3f064b1a32ec4b2ab6e044aa1cacad06&venderId=182542"

startTime=1612108800
endTime=1614527940
# 活动时间：2021-02-01 00:00 - 2021-02-28 23:59；
# 奖励说明：
actRule="
7天签到
连续签到1天：15京豆
连续签到2天：30元优惠券
连续签到3天：40元优惠券
连续签到4天：8京豆
连续签到5天：50元优惠券
连续签到6天：20元优惠券
连续签到7天：15京豆
"

#移动 jd_OeTNobRVGiNZ sign_res
sign_num="5"
sign_res_info="7天签到 第 5 天"
giftRes="ok"
giftDate="20210219"
#移动 jd_OeTNobRVGiNZ sign_res_end
#赵 122294312-396444 sign_res
sign_num=""
sign_res_info="7天签到 第  天"
giftRes="ok"
giftDate="20210220"
#赵 122294312-396444 sign_res_end
#王 1309893722-164885 sign_res
sign_num=""
sign_res_info="7天签到 第  天"
giftRes="ok"
giftDate="20210220"
#王 1309893722-164885 sign_res_end
#肥鹅 jd_4d651d9e48204 sign_res
sign_num=""
sign_res_info="7天签到 第  天"
giftRes="ok"
giftDate="20210220"
#肥鹅 jd_4d651d9e48204 sign_res_end
