03/16/21 03:30:03 735451200  1615836603
RANDOM_num: 5
removed '/tmp/tmp.wKzT34yAgb'
03/16/21 03:30:05 256312300  1615836605 检查移动签到

real	0m0.957s
user	0m0.016s
sys	0m0.125s
lzkj-isv.isvjcloud.com	FALSE	/	FALSE	1615837206	LZ_TOKEN_VALUE	B0oH3vDY2bhHWuKbVaJ+XQ==
lzkj-isv.isvjcloud.com	FALSE	/	FALSE	1615837206	LZ_TOKEN_KEY	lztokenpageae75da65a30f4e60b80875f5a8695a3a
03/16/21 03:30:07 981742300  1615836607
use wskey

real	0m0.775s
user	0m0.078s
sys	0m0.109s
03/16/21 03:30:08 978698700  1615836608 token: AAFgT7W_ADCg_152CdbKNettm3H05x-i4uzSlR5-Tnx3b8o54IbTw9w01f0iHtvTgGNwngys3oc

real	0m0.843s
user	0m0.016s
sys	0m0.063s
{"result":false,"data":"400001","count":0,"errorMessage":"活动太火爆，还是去买买买吧"}
03/16/21 03:30:26 127792900  1615836626
parse error: Invalid numeric literal at line 1, column 10
签到失败. 写入失败的giftName: 

***********************************************
7天签到 第  天
当天签到奖励 []
***********************************************

移动签到零食码头自营专区查看结果, 活动规则
<!DOCTYPE html>
<html>
 <head> 
  <title>京东</title> 
  <meta charset="utf-8" /> 
  <meta name="apple-mobile-web-app-capable" content="yes" /> 
  <meta name="viewport" content="width=device-width,initial-scale=1,user-scalable=no,maximum-scale=1,viewport-fit=cover" /> 
  <meta name="format-detection" content="telephone=no" /> 
  <meta name="x5-cache" content="enable" /> 
  <link rel="stylesheet" href="https://storage.360buyimg.com/babel/00162638/333378/production/dev/parser.1526555535098.css?t=20180517191236" /> 
  <style> img {
            opacity: 1 !important;
        } </style> 
  <link href="https://storage.360buyimg.com/babel/00170893/348321/production/dev/index.7320a380.css?t=20180802150952" rel="stylesheet" />
 </head> 
 <body style="background:#fff;" id="root"> 
  <div class="errorPage"> 
  </div> 
  <div class="placeholer"> 
  </div> 
  <script src="https://wl.jd.com/unify.min.js"></script> 
  <script type="text/javascript" src="https://storage.360buyimg.com/babel/00170893/348321/production/dev/index.0f8f4dba.js?t=20180802150952"></script> 
 </body>
</html>

#店铺名称
vendername="零食码头自营专区"
#店铺激活码
actId="bd6dbb94e12343d8b5034d64b0cd9ef6"
#店铺id
venderId="1000304425"
#长链接
url="https://lzkj-isv.isvjcloud.com/sign/sevenDay/signActivity?activityId=bd6dbb94e12343d8b5034d64b0cd9ef6&venderId=1000304425"

startTime=1614234600
endTime=1616567400
# 活动时间：2021-02-25 14:30 - 2021-03-24 14:30；
# 奖励说明：
actRule="
7天签到
连续签到1天：1京豆
连续签到2天：1京豆
连续签到3天：1京豆
连续签到4天：1京豆
连续签到5天：1京豆
连续签到6天：1京豆
连续签到7天：5京豆
"
#赵 122294312-396444 sign_res
sign_num="3"
giftName=""1京豆""
giftRes="ok"
giftDate="20210316"
sign_res_info="7天签到 第 3 天
当天签到奖励 ["1京豆"]"
#赵 122294312-396444 sign_res_end
#王 1309893722-164885 sign_res
sign_num="3"
giftName=""1京豆""
giftRes="ok"
giftDate="20210316"
sign_res_info="7天签到 第 3 天
当天签到奖励 ["1京豆"]"
#王 1309893722-164885 sign_res_end
#肥鹅 jd_4d651d9e48204 sign_res
sign_num="3"
giftName=""1京豆""
giftRes="ok"
giftDate="20210316"
sign_res_info="7天签到 第 3 天
当天签到奖励 ["1京豆"]"
#肥鹅 jd_4d651d9e48204 sign_res_end
#移动 jd_OeTNobRVGiNZ sign_res
sign_num=""
giftName=""
giftRes=""
giftDate="20210316"
sign_res_info="7天签到 第  天
当天签到奖励 []"
#移动 jd_OeTNobRVGiNZ sign_res_end
