02/19/21 00:00:02 813637300  1613664002
RANDOM_num: 15
removed '/tmp/tmp.0KUnr4tY8r'
lzkj-isv.isvjcloud.com	FALSE	/	FALSE	1613664608	LZ_TOKEN_VALUE	B0oH3vDY2bhHWuKbVaJ+XQ==
lzkj-isv.isvjcloud.com	FALSE	/	FALSE	1613664608	LZ_TOKEN_KEY	lztokenpage99757a4d6a7e480daff29058046ecd2a
use pt_key
token: AAFgLo8OADB_GhBxUjleFrgERVRohgMy0HsGqQiPKavxwiSDMgigIOT3e9nY5CrRRvdjOnxlf2o
secretPin: 8zfoIjWIu/DcpxQNzAV7/oVPSWy1B8D+G4s+fJIFDfWHSnwnXFQKK9yQco/OGmHebU48Dr07k+7+k1UaXRbZKg==

02/19/21 00:00:18 462529600  1613664018
王签到蒙牛官方旗舰店
parse error: Invalid numeric literal at line 1, column 10
parse error: Invalid numeric literal at line 1, column 10
parse error: Invalid numeric literal at line 1, column 10
parse error: Invalid numeric literal at line 1, column 10

real	0m1.578s
user	0m0.000s
sys	0m0.000s

02/19/21 00:00:29 638386500  1613664029
王签到蒙牛官方旗舰店
parse error: Invalid numeric literal at line 1, column 10
parse error: Invalid numeric literal at line 1, column 10
parse error: Invalid numeric literal at line 1, column 10
parse error: Invalid numeric literal at line 1, column 10

real	0m1.103s
user	0m0.000s
sys	0m0.031s

02/19/21 00:00:37 111693700  1613664037
王签到蒙牛官方旗舰店
parse error: Invalid numeric literal at line 1, column 10
parse error: Invalid numeric literal at line 1, column 10
parse error: Invalid numeric literal at line 1, column 10
parse error: Invalid numeric literal at line 1, column 10

real	0m1.047s
user	0m0.000s
sys	0m0.000s

02/19/21 00:00:42 104316600  1613664042
王签到蒙牛官方旗舰店
parse error: Invalid numeric literal at line 1, column 10
parse error: Invalid numeric literal at line 1, column 10
parse error: Invalid numeric literal at line 1, column 10
parse error: Invalid numeric literal at line 1, column 10

real	0m1.343s
user	0m0.000s
sys	0m0.000s

02/19/21 00:00:48 276319600  1613664048
王签到蒙牛官方旗舰店
parse error: Invalid numeric literal at line 1, column 10
parse error: Invalid numeric literal at line 1, column 10
parse error: Invalid numeric literal at line 1, column 10
parse error: Invalid numeric literal at line 1, column 10

real	0m1.277s
user	0m0.000s
sys	0m0.016s

02/19/21 00:00:52 010787200  1613664052
王签到蒙牛官方旗舰店
{
  "msg": "",
  "signResult": {
    "key": "3.cn/100Uy-dG8",
    "giftLogId": "d0a27eb9e5b8419dafd1d45b089af41a",
    "gift": {
      "activityId": null,
      "activityType": null,
      "venderId": null,
      "type": 0,
      "name": null,
      "itemHb": null,
      "id": "346392509",
      "giftType": "1",
      "giftName": "20元优惠券",
      "giftNum": "20",
      "giftTotal": "10000",
      "giftResidue": null,
      "priceInfo": "20.00",
      "shortLink": "3.cn/100Uy-dG8",
      "orginLink": "http://coupon.m.jd.com/coupons/show.action?key=bb88b324037e4d5298d56a373e936623&roleId=45863720&to=item.jd.com/16641476988.html",
      "giftInfoId": null,
      "commonAddAwardVO": null
    },
    "send": true
  },
  "isOk": true,
  "isSend": true
}
true
签到蒙牛官方旗舰店完成
02/19/21 00:01:24 678651000  1613664084

***********************************************
7天签到 第 6 天
***********************************************

王签到蒙牛官方旗舰店查看结果, 活动规则
{"giftConditions":[{"gift":{"giftInfoId":null,"giftName":"15京豆","venderId":null,"giftType":"6","type":0,"shortLink":"","orginLink":null,"activityId":null,"giftResidue":null,"commonAddAwardVO":null,"name":null,"id":"1133933","activityType":null},"imgUrl":"","giftInfoId":"d9f11431b9094112bc7615e82355a5e9","dayNum":"1","showType":"0"},{"gift":{"giftInfoId":null,"giftName":"30元优惠券","venderId":null,"giftType":"1","type":0,"shortLink":"3.cn/-100UuK2R","orginLink":null,"activityId":null,"giftResidue":null,"commonAddAwardVO":null,"name":null,"id":"346491083","activityType":null},"imgUrl":"","giftInfoId":"2d7d28784b14412e9afd234ba31ddc7c","dayNum":"2","showType":"0"},{"gift":{"giftInfoId":null,"giftName":"40元优惠券","venderId":null,"giftType":"1","type":0,"shortLink":"3.cn/100UuK-I1","orginLink":null,"activityId":null,"giftResidue":null,"commonAddAwardVO":null,"name":null,"id":"346477079","activityType":null},"imgUrl":"","giftInfoId":"4b58ca7e7299461b9d66a76ce9565900","dayNum":"3","showType":"0"},{"gift":{"giftInfoId":null,"giftName":"8京豆","venderId":null,"giftType":"6","type":0,"shortLink":"","orginLink":null,"activityId":null,"giftResidue":null,"commonAddAwardVO":null,"name":null,"id":"1133933","activityType":null},"imgUrl":"","giftInfoId":"41779d014696470089a42f9386aabbe6","dayNum":"4","showType":"0"},{"gift":{"giftInfoId":null,"giftName":"50元优惠券","venderId":null,"giftType":"1","type":0,"shortLink":"3.cn/10-0UyeBo","orginLink":null,"activityId":null,"giftResidue":null,"commonAddAwardVO":null,"name":null,"id":"346713693","activityType":null},"imgUrl":"","giftInfoId":"fcc581bd2f7e4498bb75380992a76c9e","dayNum":"5","showType":"0"},{"gift":{"giftInfoId":null,"giftName":"20元优惠券","venderId":null,"giftType":"1","type":0,"shortLink":"3.cn/100Uy-dG8","orginLink":null,"activityId":null,"giftResidue":null,"commonAddAwardVO":null,"name":null,"id":"346392509","activityType":null},"imgUrl":"","giftInfoId":"95317e8235b84a07819254d2adf2de87","dayNum":"6","showType":"0"},{"gift":{"giftInfoId":null,"giftName":"15京豆","venderId":null,"giftType":"6","type":0,"shortLink":"","orginLink":null,"activityId":null,"giftResidue":null,"commonAddAwardVO":null,"name":null,"id":"1133933","activityType":null},"imgUrl":"","giftInfoId":"8e79ddd1bf884c3c83e956bab69d96df","dayNum":"7","showType":"0"}],"msg":"","isOk":true,"isOver":"n","contiSignDays":6,"actRule":"1、活动时间：2021-02-01 00:00 - 2021-02-28 23:59；
2、关注店铺后方可参与活动；
3、符合连续签到赠送条件，则有机会赠送连续签到奖品；
4、连续签到7天后，清零可重新开始；
5、签到成功后有机会获得奖品，也有可能会与奖品擦肩而过（奖品数量有限，先到先得）；
6、若用户存在刷奖等恶意行为，一经发现将取消抽奖资格（如奖品已经发放，有权追回奖品）；
注：奖品发放形式：
实物奖：
（1）中奖客户信息收集：页面弹屏提示中奖客户提供收货地址、号码和奖项；(超过1小时未填写对应收货信息，视为放弃);
（2）实物奖采取寄送方式发放，获奖用户需在开奖后填写姓名、联系电话、详细地址信息。如因用户原因无法联系上，即奖品作废不再补发，或如用户未填写真实有效的信息或填写收货信息不详，均视为放弃奖品；
虚拟产品奖：
（1）京豆：中奖后系统预计24小时内自动发放至账户；
（2）优惠券：中奖后需手动领取，预计24小时到账；
【活动参与主体资格】
（1）每位自然人用户仅能使用一个京东账号参与活动，微信号、QQ、京东帐号、手机号码等任一信息一致或指向同一用户的，视为同一个用户，则第一个参与本活动的账号参与结果有效，其余账号参与结果均视为无效。
（2）若发现同一位用户使用不同账号重复参与活动，承办方有权取消其获奖资格。
【注意事项】
（1）活动过程中，凡以不正当手段（如作弊领取、恶意套取、刷信誉、虚假交易、扰乱系统、实施网络攻击等）参与本次活动的用户，商家有权终止其参与活动，并取消其获奖资格（如奖品已发放，商家有权追回），如给商家造成损失的，商家将保留向违规用户继续追索的权利。
（2）如遇不可抗力(包括但不限于重大灾害事件、活动受政府机关指令需要停止举办或调整的、活动中存在大面积作弊行为、活动遭受严重网络攻击或因系统故障导致活动中奖名单大批量出错，活动不能正常进行的)，商家有权取消、修改或暂停本活动。
（3）本活动所发放的实物奖不得提现、不得转赠他人、不得为他人付款。
（4）是否中奖以活动发布者后台统计结果为准。
","followDays":0,"isSign":"y"}

#店铺名称
vendername="蒙牛官方旗舰店"
#店铺激活码
actId="3f064b1a32ec4b2ab6e044aa1cacad06"
#店铺id
venderId="182542"
#长链接
url="https://lzkj-isv.isvjcloud.com/sign/sevenDay/signActivity?activityId=3f064b1a32ec4b2ab6e044aa1cacad06&venderId=182542"

startTime=1612108800
endTime=1614527940
# 活动时间：2021-02-01 00:00 - 2021-02-28 23:59；
# 奖励说明：
actRule="
7天签到
连续签到1天：15京豆
连续签到2天：30元优惠券
连续签到3天：40元优惠券
连续签到4天：8京豆
连续签到5天：50元优惠券
连续签到6天：20元优惠券
连续签到7天：15京豆
"

#肥鹅 jd_4d651d9e48204 sign_res
sign_num="3"
sign_res_info="7天签到 第 3 天"
giftRes="ok"
giftDate="20210218"
#肥鹅 jd_4d651d9e48204 sign_res_end
#移动 jd_OeTNobRVGiNZ sign_res
sign_num=""
sign_res_info="7天签到 第  天"
giftRes="ok"
giftDate="20210219"
#移动 jd_OeTNobRVGiNZ sign_res_end
#赵 122294312-396444 sign_res
sign_num="4"
sign_res_info="7天签到 第 4 天"
giftRes="ok"
giftDate="20210219"
#赵 122294312-396444 sign_res_end
#王 1309893722-164885 sign_res
sign_num="6"
sign_res_info="7天签到 第 6 天"
giftRes="ok"
giftDate="20210219"
#王 1309893722-164885 sign_res_end
