02/28/21 00:00:01 183638300  1614441601
RANDOM_num: 15
force to sign

real	0m0.982s
user	0m0.031s
sys	0m0.063s
lzkj-isv.isvjcloud.com	FALSE	/	FALSE	1614442203	LZ_TOKEN_VALUE	B0oH3vDY2bhHWuKbVaJ+XQ==
lzkj-isv.isvjcloud.com	FALSE	/	FALSE	1614442203	LZ_TOKEN_KEY	lztokenpagebc6bacc68db04a928dccf1261d7c87d7
02/28/21 00:00:03 942798000  1614441603
use pt_key

real	0m1.176s
user	0m0.109s
sys	0m0.094s
02/28/21 00:00:05 372623300  1614441605 token: AAFgOmyEADDcald-ZBQF1HUcWFqW--NcY12tAHdTA-wHqpBgPNdMg97dQxnqrxbVeMeEuRFsJB8
parse error: Invalid numeric literal at line 1, column 10

real	0m0.858s
user	0m0.109s
sys	0m0.109s
02/28/21 00:00:06 773688900  1614441606 secretPin: 
[WARN] get secretPin error

02/28/21 00:00:07 286246500  1614441607 赵签到英氏YeeHoO奥特莱斯店

real	0m1.534s
user	0m0.047s
sys	0m0.094s
{
  "msg": "很抱歉，奖品与您擦肩而过了哟，关注下其他活动吧~",
  "code": "AUTH.FAILED.VALID",
  "isOk": false
}
02/28/21 00:00:16 421203500 1614441616

real	0m1.422s
user	0m0.000s
sys	0m0.047s

real	0m1.573s
user	0m0.047s
sys	0m0.094s
[WARN] get LZ_TOKEN error
02/28/21 00:00:20 280929300  1614441620
use pt_key

real	0m1.797s
user	0m0.078s
sys	0m0.188s
02/28/21 00:00:22 347377300  1614441622 token: AAFgOmyVADBXgqONVq0-W-wfmvYI06VQ0z5E_LkUWe4rdGHKRI6_QJRfbBYHEELOweyxAssJxWg
parse error: Invalid numeric literal at line 1, column 10

real	0m1.825s
user	0m0.094s
sys	0m0.141s
02/28/21 00:00:24 563397000  1614441624 secretPin: 
[WARN] get secretPin error

02/28/21 00:00:24 971453200  1614441624 赵签到英氏YeeHoO奥特莱斯店

real	0m1.691s
user	0m0.016s
sys	0m0.125s
parse error: Invalid numeric literal at line 1, column 10
parse error: Invalid numeric literal at line 1, column 10
parse error: Invalid numeric literal at line 1, column 10
parse error: Invalid numeric literal at line 1, column 10
02/28/21 00:00:31 002418000 1614441631

real	0m1.226s
user	0m0.000s
sys	0m0.031s

real	0m0.805s
user	0m0.031s
sys	0m0.141s
[WARN] get LZ_TOKEN error
02/28/21 00:00:33 484481900  1614441633
use pt_key

real	0m1.222s
user	0m0.094s
sys	0m0.078s
02/28/21 00:00:35 038359800  1614441635 token: AAFgOmyiADCMz44VqoMKnPSnxnF0CLMZm5v3yc4ZSZJdjS56-t_U8270kXEGLn7Kv10K8ZHzGi0
parse error: Invalid numeric literal at line 1, column 10

real	0m2.375s
user	0m0.125s
sys	0m0.109s
02/28/21 00:00:37 698654700  1614441637 secretPin: 
[WARN] get secretPin error

02/28/21 00:00:37 923677600  1614441637 赵签到英氏YeeHoO奥特莱斯店

real	0m0.748s
user	0m0.016s
sys	0m0.063s
parse error: Invalid numeric literal at line 1, column 10
parse error: Invalid numeric literal at line 1, column 10
parse error: Invalid numeric literal at line 1, column 10
parse error: Invalid numeric literal at line 1, column 10
02/28/21 00:00:40 733098200 1614441640

real	0m1.198s
user	0m0.000s
sys	0m0.016s

real	0m0.829s
user	0m0.016s
sys	0m0.078s
[WARN] get LZ_TOKEN error
02/28/21 00:00:43 088836000  1614441643
use pt_key

real	0m0.696s
user	0m0.125s
sys	0m0.141s
02/28/21 00:00:43 895920800  1614441643 token: AAFgOmyrADCzlVlj6jwqCqYAVCGRO0iZua7_nAU4NH6JED2e8I-aAfQPwJMr-Uj4xkThYfxosQ8
parse error: Invalid numeric literal at line 1, column 10

real	0m1.496s
user	0m0.125s
sys	0m0.078s
02/28/21 00:00:45 718763700  1614441645 secretPin: 
[WARN] get secretPin error

02/28/21 00:00:45 941350800  1614441645 赵签到英氏YeeHoO奥特莱斯店

real	0m0.920s
user	0m0.016s
sys	0m0.078s
parse error: Invalid numeric literal at line 1, column 10
parse error: Invalid numeric literal at line 1, column 10
parse error: Invalid numeric literal at line 1, column 10
parse error: Invalid numeric literal at line 1, column 10
02/28/21 00:00:49 415837100 1614441649

real	0m1.302s
user	0m0.016s
sys	0m0.000s

real	0m0.763s
user	0m0.063s
sys	0m0.109s
[WARN] get LZ_TOKEN error
02/28/21 00:00:52 372600000  1614441652
use pt_key

real	0m0.852s
user	0m0.078s
sys	0m0.125s
02/28/21 00:00:53 468564300  1614441653 token: AAFgOmy1ADDwLmCbJDLptNSIobOUqM6xq5SmTdwJbfBLwbjNqqyxzTi3gE-ts4HXue1wzE4KNMw
parse error: Invalid numeric literal at line 1, column 10

real	0m1.209s
user	0m0.125s
sys	0m0.109s
02/28/21 00:00:54 922048900  1614441654 secretPin: 
[WARN] get secretPin error

02/28/21 00:00:55 146481900  1614441655 赵签到英氏YeeHoO奥特莱斯店

real	0m0.683s
user	0m0.047s
sys	0m0.078s
parse error: Invalid numeric literal at line 1, column 10
parse error: Invalid numeric literal at line 1, column 10
parse error: Invalid numeric literal at line 1, column 10
parse error: Invalid numeric literal at line 1, column 10
02/28/21 00:00:58 261259100 1614441658

real	0m1.602s
user	0m0.000s
sys	0m0.047s

real	0m0.656s
user	0m0.016s
sys	0m0.063s
[WARN] get LZ_TOKEN error
02/28/21 00:01:01 063420300  1614441661
use pt_key

real	0m0.691s
user	0m0.141s
sys	0m0.047s
02/28/21 00:01:01 845432200  1614441661 token: AAFgOmy9ADClRNmtGvq65iSYGxtgQ4zKUnwEKnhmNWhKyKBa06w9yd9P-gRyQsZN6ZtoClcRC4s
parse error: Invalid numeric literal at line 1, column 10

real	0m0.777s
user	0m0.109s
sys	0m0.078s
02/28/21 00:01:02 771578400  1614441662 secretPin: 
[WARN] get secretPin error

02/28/21 00:01:02 959272200  1614441662 赵签到英氏YeeHoO奥特莱斯店

real	0m1.060s
user	0m0.016s
sys	0m0.109s
parse error: Invalid numeric literal at line 1, column 10
parse error: Invalid numeric literal at line 1, column 10
parse error: Invalid numeric literal at line 1, column 10
parse error: Invalid numeric literal at line 1, column 10
02/28/21 00:01:07 641733500 1614441667

real	0m1.755s
user	0m0.000s
sys	0m0.047s

real	0m0.730s
user	0m0.000s
sys	0m0.125s
[WARN] get LZ_TOKEN error
02/28/21 00:01:10 479300900  1614441670
use pt_key

real	0m0.788s
user	0m0.141s
sys	0m0.109s
02/28/21 00:01:11 396258500  1614441671 token: AAFgOmzHADB6zxUsXfvvOtxdLVET-yYvnXAg7w5Cy6y6aFoJZcUJ5p4ok-L5eq33J0c_nI-RNN4
parse error: Invalid numeric literal at line 1, column 10

real	0m0.674s
user	0m0.172s
sys	0m0.063s
02/28/21 00:01:12 277200600  1614441672 secretPin: 
[WARN] get secretPin error

02/28/21 00:01:12 387595800  1614441672 赵签到英氏YeeHoO奥特莱斯店

real	0m0.445s
user	0m0.031s
sys	0m0.094s
parse error: Invalid numeric literal at line 1, column 10
parse error: Invalid numeric literal at line 1, column 10
parse error: Invalid numeric literal at line 1, column 10
parse error: Invalid numeric literal at line 1, column 10
02/28/21 00:01:15 068958700 1614441675

real	0m1.948s
user	0m0.000s
sys	0m0.031s

real	0m0.547s
user	0m0.031s
sys	0m0.063s
[WARN] get LZ_TOKEN error
02/28/21 00:01:18 096822700  1614441678
use pt_key

real	0m0.771s
user	0m0.094s
sys	0m0.125s
02/28/21 00:01:19 024902600  1614441679 token: AAFgOmzOADApXpQGYymglN_DuvHnCayhtklD_MNFU2oiKP-EPx-JAZgrBRyzFJvubpTFO_0Uvc4
parse error: Invalid numeric literal at line 1, column 10

real	0m0.861s
user	0m0.094s
sys	0m0.078s
02/28/21 00:01:20 073052600  1614441680 secretPin: 
[WARN] get secretPin error

02/28/21 00:01:20 263627000  1614441680 赵签到英氏YeeHoO奥特莱斯店

real	0m0.659s
user	0m0.047s
sys	0m0.063s
parse error: Invalid numeric literal at line 1, column 10
parse error: Invalid numeric literal at line 1, column 10
parse error: Invalid numeric literal at line 1, column 10
parse error: Invalid numeric literal at line 1, column 10
02/28/21 00:01:22 852426100 1614441682

real	0m2.266s
user	0m0.000s
sys	0m0.031s

real	0m0.956s
user	0m0.016s
sys	0m0.078s
[WARN] get LZ_TOKEN error
02/28/21 00:01:26 664863000  1614441686
use pt_key

real	0m0.781s
user	0m0.125s
sys	0m0.125s
02/28/21 00:01:27 614151900  1614441687 token: AAFgOmzXADAic8-3QaD5MvKbXqRWVbwWEUW4PSX_nh_dgtIUE7e8zk5z9zZ4fn_tOpczr_3sPhc
parse error: Invalid numeric literal at line 1, column 10

real	0m0.834s
user	0m0.094s
sys	0m0.109s
02/28/21 00:01:28 636506900  1614441688 secretPin: 
[WARN] get secretPin error

02/28/21 00:01:28 749051900  1614441688 赵签到英氏YeeHoO奥特莱斯店

real	0m0.298s
user	0m0.016s
sys	0m0.078s
parse error: Invalid numeric literal at line 1, column 10
parse error: Invalid numeric literal at line 1, column 10
parse error: Invalid numeric literal at line 1, column 10
parse error: Invalid numeric literal at line 1, column 10
02/28/21 00:01:30 970216900 1614441690

real	0m2.536s
user	0m0.000s
sys	0m0.063s

real	0m1.252s
user	0m0.016s
sys	0m0.047s
[WARN] get LZ_TOKEN error
02/28/21 00:01:35 294352800  1614441695
use pt_key

real	0m0.682s
user	0m0.109s
sys	0m0.125s
02/28/21 00:01:36 135464600  1614441696 token: AAFgOmzfADDAv9PzE6pCVrkpSEl6dVcCSWfDOOfsRHyR26ekjpbsJLTr1czBC8wajgaAgkupk6g
parse error: Invalid numeric literal at line 1, column 10

real	0m0.556s
user	0m0.078s
sys	0m0.141s
02/28/21 00:01:36 899262500  1614441696 secretPin: 
[WARN] get secretPin error

02/28/21 00:01:36 975931200  1614441696 赵签到英氏YeeHoO奥特莱斯店

real	0m0.509s
user	0m0.031s
sys	0m0.063s
parse error: Invalid numeric literal at line 1, column 10
parse error: Invalid numeric literal at line 1, column 10
parse error: Invalid numeric literal at line 1, column 10
parse error: Invalid numeric literal at line 1, column 10
02/28/21 00:01:38 387290000 1614441698

real	0m2.288s
user	0m0.000s
sys	0m0.047s

real	0m1.146s
user	0m0.047s
sys	0m0.063s
[WARN] get LZ_TOKEN error
02/28/21 00:01:41 986513200  1614441701
use pt_key

real	0m0.640s
user	0m0.078s
sys	0m0.125s
02/28/21 00:01:42 870183000  1614441702 token: AAFgOmzmADBVAgXrdUOVp21Sh7pjFahVgrBf2XMw6Zli2Zt-Gp0nTGrZmh4odDE8ELkjilT4MTY
parse error: Invalid numeric literal at line 1, column 10

real	0m0.783s
user	0m0.141s
sys	0m0.078s
02/28/21 00:01:43 945908000  1614441703 secretPin: 
[WARN] get secretPin error

02/28/21 00:01:44 143925400  1614441704 赵签到英氏YeeHoO奥特莱斯店

real	0m0.491s
user	0m0.016s
sys	0m0.078s
parse error: Invalid numeric literal at line 1, column 10
parse error: Invalid numeric literal at line 1, column 10
parse error: Invalid numeric literal at line 1, column 10
parse error: Invalid numeric literal at line 1, column 10
02/28/21 00:01:46 024256100 1614441706

real	0m2.443s
user	0m0.000s
sys	0m0.016s

real	0m0.503s
user	0m0.047s
sys	0m0.063s
[WARN] get LZ_TOKEN error
02/28/21 00:01:49 292940100  1614441709
use pt_key

real	0m0.618s
user	0m0.094s
sys	0m0.078s
02/28/21 00:01:50 040079700  1614441710 token: AAFgOmzuADBUfHB5NbW_mT9oNFi0vZ1MDszG8Y1DYShuqPogZy3rEOzrHq8la2nErdw9EOJfa50
parse error: Invalid numeric literal at line 1, column 10

real	0m0.477s
user	0m0.141s
sys	0m0.141s
02/28/21 00:01:50 673019000  1614441710 secretPin: 
[WARN] get secretPin error

02/28/21 00:01:50 825323600  1614441710 赵签到英氏YeeHoO奥特莱斯店

real	0m0.506s
user	0m0.031s
sys	0m0.078s
parse error: Invalid numeric literal at line 1, column 10
parse error: Invalid numeric literal at line 1, column 10
parse error: Invalid numeric literal at line 1, column 10
parse error: Invalid numeric literal at line 1, column 10
02/28/21 00:01:54 263693900 1614441714

real	0m3.434s
user	0m0.000s
sys	0m0.047s

real	0m0.747s
user	0m0.078s
sys	0m0.031s
[WARN] get LZ_TOKEN error
02/28/21 00:01:58 754713800  1614441718
use pt_key

real	0m0.800s
user	0m0.094s
sys	0m0.125s
02/28/21 00:01:59 742398800  1614441719 token: AAFgOmz3ADDA4zAPThvKdrcHa0YFP_FQdsmKozY-d3LkTsuiByL4ZrOJT4Bo-8H_BkevbOKAZyU
parse error: Invalid numeric literal at line 1, column 10

real	0m0.610s
user	0m0.094s
sys	0m0.094s
02/28/21 00:02:00 491106800  1614441720 secretPin: 
[WARN] get secretPin error

02/28/21 00:02:00 610149000  1614441720 赵签到英氏YeeHoO奥特莱斯店

real	0m0.543s
user	0m0.031s
sys	0m0.063s
parse error: Invalid numeric literal at line 1, column 10
parse error: Invalid numeric literal at line 1, column 10
parse error: Invalid numeric literal at line 1, column 10
parse error: Invalid numeric literal at line 1, column 10
02/28/21 00:02:04 388795500 1614441724

real	0m3.330s
user	0m0.000s
sys	0m0.016s

real	0m0.651s
user	0m0.047s
sys	0m0.125s
[WARN] get LZ_TOKEN error
02/28/21 00:02:09 259367700  1614441729
use pt_key

real	0m1.032s
user	0m0.094s
sys	0m0.109s
02/28/21 00:02:10 669678500  1614441730 token: AAFgOm0CADCeCH1hkOmWUm1Nhb5Vad1Gi9HAesccBeCTSFCBDLHn4WFF9lCpXTzt-nRtvR6_N50
parse error: Invalid numeric literal at line 1, column 10

real	0m1.659s
user	0m0.109s
sys	0m0.094s
02/28/21 00:02:12 563229900  1614441732 secretPin: 
[WARN] get secretPin error

02/28/21 00:02:13 028209000  1614441733 赵签到英氏YeeHoO奥特莱斯店

real	0m1.605s
user	0m0.016s
sys	0m0.125s
parse error: Invalid numeric literal at line 1, column 10
parse error: Invalid numeric literal at line 1, column 10
parse error: Invalid numeric literal at line 1, column 10
parse error: Invalid numeric literal at line 1, column 10
02/28/21 00:02:19 541796600 1614441739

real	0m4.357s
user	0m0.000s
sys	0m0.031s

real	0m1.957s
user	0m0.031s
sys	0m0.063s
[WARN] get LZ_TOKEN error
02/28/21 00:02:27 952324500  1614441747
use pt_key

real	0m1.401s
user	0m0.094s
sys	0m0.109s
02/28/21 00:02:29 691628700  1614441749 token: AAFgOm0VADDoZxIOCsGl2S4V1kFmUsE6bnWkgCX9riLcq49w-FsnmysR4FGPZkCUomc-5ZKy9Kg
parse error: Invalid numeric literal at line 1, column 10

real	0m3.500s
user	0m0.078s
sys	0m0.141s
02/28/21 00:02:34 671948600  1614441754 secretPin: 
[WARN] get secretPin error

02/28/21 00:02:35 351986100  1614441755 赵签到英氏YeeHoO奥特莱斯店

real	0m1.510s
user	0m0.047s
sys	0m0.047s
parse error: Invalid numeric literal at line 1, column 10
parse error: Invalid numeric literal at line 1, column 10
parse error: Invalid numeric literal at line 1, column 10
parse error: Invalid numeric literal at line 1, column 10
02/28/21 00:02:43 696472500 1614441763

real	0m4.673s
user	0m0.000s
sys	0m0.031s

real	0m1.276s
user	0m0.047s
sys	0m0.094s
[WARN] get LZ_TOKEN error
02/28/21 00:02:51 343191800  1614441771
use pt_key

real	0m1.507s
user	0m0.125s
sys	0m0.141s
02/28/21 00:02:53 200573000  1614441773 token: AAFgOm0sADDdAep772cRed1TB32R9_v0UgAUTV1hQ_fNujQN22yiWayC7asmFMLigUhhFIr5sg4
parse error: Invalid numeric literal at line 1, column 10

real	0m1.794s
user	0m0.141s
sys	0m0.063s
02/28/21 00:02:55 469614600  1614441775 secretPin: 
[WARN] get secretPin error

02/28/21 00:02:55 860975200  1614441775 赵签到英氏YeeHoO奥特莱斯店

real	0m1.394s
user	0m0.047s
sys	0m0.094s
parse error: Invalid numeric literal at line 1, column 10
parse error: Invalid numeric literal at line 1, column 10
parse error: Invalid numeric literal at line 1, column 10
parse error: Invalid numeric literal at line 1, column 10
02/28/21 00:03:04 187879100 1614441784

real	0m4.534s
user	0m0.000s
sys	0m0.063s

real	0m1.888s
user	0m0.000s
sys	0m0.109s
[WARN] get LZ_TOKEN error
02/28/21 00:03:11 433021900  1614441791
use pt_key

real	0m1.525s
user	0m0.109s
sys	0m0.125s
02/28/21 00:03:13 232408900  1614441793 token: AAFgOm1AADDS6fv7BawZH_VK-FzybbFGth1maYmFtjqC3Jk5Str8697CB3lQwH7DXGxlY0GW1Kk
parse error: Invalid numeric literal at line 1, column 10

real	0m1.657s
user	0m0.141s
sys	0m0.063s
02/28/21 00:03:15 226129200  1614441795 secretPin: 
[WARN] get secretPin error

02/28/21 00:03:15 655615900  1614441795 赵签到英氏YeeHoO奥特莱斯店

real	0m1.077s
user	0m0.063s
sys	0m0.078s
parse error: Invalid numeric literal at line 1, column 10
parse error: Invalid numeric literal at line 1, column 10
parse error: Invalid numeric literal at line 1, column 10
parse error: Invalid numeric literal at line 1, column 10
02/28/21 00:03:21 301460200 1614441801

real	0m4.382s
user	0m0.000s
sys	0m0.031s

real	0m3.283s
user	0m0.047s
sys	0m0.078s
[WARN] get LZ_TOKEN error
02/28/21 00:03:30 268595400  1614441810
use pt_key

real	0m1.840s
user	0m0.141s
sys	0m0.078s
02/28/21 00:03:32 765007200  1614441812 token: AAFgOm1TADDIkcT4LDAEE0wS_fbW_4mpCJvEFU0_dIboRRcqvgBupUpsFHcBadgYSBJ3pkejcCY
parse error: Invalid numeric literal at line 1, column 10

real	0m2.322s
user	0m0.094s
sys	0m0.078s
02/28/21 00:03:35 804711500  1614441815 secretPin: 
[WARN] get secretPin error

02/28/21 00:03:36 224242000  1614441816 赵签到英氏YeeHoO奥特莱斯店

real	0m2.018s
user	0m0.016s
sys	0m0.109s
parse error: Invalid numeric literal at line 1, column 10
parse error: Invalid numeric literal at line 1, column 10
parse error: Invalid numeric literal at line 1, column 10
parse error: Invalid numeric literal at line 1, column 10
02/28/21 00:03:43 761994100 1614441823

real	0m4.908s
user	0m0.000s
sys	0m0.047s

real	0m1.827s
user	0m0.047s
sys	0m0.063s
[WARN] get LZ_TOKEN error
02/28/21 00:03:52 522588900  1614441832
use pt_key

real	0m1.227s
user	0m0.094s
sys	0m0.078s
02/28/21 00:03:54 249845500  1614441834 token: AAFgOm1pADAe3UMR-bSUnmEXNN51MJmQd9Uj6FqQeM6-_FXWmIDgl2GfQ1RU7f_ZHX3OyZtY7Iw
parse error: Invalid numeric literal at line 1, column 10

real	0m1.718s
user	0m0.125s
sys	0m0.141s
02/28/21 00:03:56 403804800  1614441836 secretPin: 
[WARN] get secretPin error

02/28/21 00:03:56 918447400  1614441836 赵签到英氏YeeHoO奥特莱斯店

real	0m1.458s
user	0m0.047s
sys	0m0.078s
parse error: Invalid numeric literal at line 1, column 10
parse error: Invalid numeric literal at line 1, column 10
parse error: Invalid numeric literal at line 1, column 10
parse error: Invalid numeric literal at line 1, column 10
02/28/21 00:04:07 662612200 1614441847

real	0m5.453s
user	0m0.000s
sys	0m0.047s

real	0m1.883s
user	0m0.016s
sys	0m0.094s
[WARN] get LZ_TOKEN error
02/28/21 00:04:16 449991700  1614441856
use pt_key

real	0m2.013s
user	0m0.156s
sys	0m0.094s
02/28/21 00:04:18 701412000  1614441858 token: AAFgOm2CADBRdYxa7MsWC3Pk4Eh6zsO0EwFyUMlqgpbqWdGOk5IcZXzoVfoNCAis2wtTPqVVPRE
parse error: Invalid numeric literal at line 1, column 10

real	0m1.624s
user	0m0.078s
sys	0m0.094s
02/28/21 00:04:20 863611700  1614441860 secretPin: 
[WARN] get secretPin error

02/28/21 00:04:21 229003300  1614441861 赵签到英氏YeeHoO奥特莱斯店

real	0m0.891s
user	0m0.031s
sys	0m0.094s
parse error: Invalid numeric literal at line 1, column 10
parse error: Invalid numeric literal at line 1, column 10
parse error: Invalid numeric literal at line 1, column 10
parse error: Invalid numeric literal at line 1, column 10
02/28/21 00:04:26 583277400 1614441866

real	0m5.912s
user	0m0.000s
sys	0m0.047s
02/28/21 00:05:20 841924200  1614441920
parse error: Invalid numeric literal at line 1, column 10
签到是否成功解析失败. 不再写/home/myid/jd/jd_signup/lzkj_sevenDay_vender/shop_1613569768_117

赵签到英氏YeeHoO奥特莱斯店查看结果, 活动规则
<!DOCTYPE html>
<html>
 <head> 
  <title>京东</title> 
  <meta charset="utf-8" /> 
  <meta name="apple-mobile-web-app-capable" content="yes" /> 
  <meta name="viewport" content="width=device-width,initial-scale=1,user-scalable=no,maximum-scale=1,viewport-fit=cover" /> 
  <meta name="format-detection" content="telephone=no" /> 
  <meta name="x5-cache" content="enable" /> 
  <link rel="stylesheet" href="https://storage.360buyimg.com/babel/00162638/333378/production/dev/parser.1526555535098.css?t=20180517191236" /> 
  <style> img {
            opacity: 1 !important;
        } </style> 
  <link href="https://storage.360buyimg.com/babel/00170893/348321/production/dev/index.7320a380.css?t=20180802150952" rel="stylesheet" />
 </head> 
 <body style="background:#fff;" id="root"> 
  <div class="errorPage"> 
  </div> 
  <div class="placeholer"> 
  </div> 
  <script src="https://wl.jd.com/unify.min.js"></script> 
  <script type="text/javascript" src="https://storage.360buyimg.com/babel/00170893/348321/production/dev/index.0f8f4dba.js?t=20180802150952"></script> 
 </body>
</html>

#店铺名称
vendername="英氏YeeHoO奥特莱斯店"
#店铺激活码
actId="5ff5ff7000d444a0893a41c1f678e4bf"
#店铺id
venderId="10409042"
#长链接
url="https://lzkj-isv.isvjcloud.com/sign/sevenDay/signActivity?activityId=5ff5ff7000d444a0893a41c1f678e4bf&venderId=10409042&adsource=tg_xuanFuTuBiao"

startTime=1612157940
endTime=1614749940
# 活动时间：2021-02-01 13:39 - 2021-03-03 13:39；
# 奖励说明：
actRule="
7天签到
连续签到1天：5京豆
连续签到2天：6京豆
连续签到3天：7京豆
连续签到4天：8京豆
连续签到5天：9京豆
连续签到6天：10京豆
连续签到7天：15京豆
"
#赵 122294312-396444 sign_res
sign_num="0"
giftName=""15京豆""
giftRes="ok"
giftDate="20210227"
sign_res_info="7天签到 第 0 天
当天签到奖励 ["15京豆"]"
#赵 122294312-396444 sign_res_end
#王 1309893722-164885 sign_res
sign_num="0"
giftName=""15京豆""
giftRes="ok"
giftDate="20210227"
sign_res_info="7天签到 第 0 天
当天签到奖励 ["15京豆"]"
#王 1309893722-164885 sign_res_end
#肥鹅 jd_4d651d9e48204 sign_res
sign_num="0"
giftName=""15京豆""
giftRes="ok"
giftDate="20210227"
sign_res_info="7天签到 第 0 天
当天签到奖励 ["15京豆"]"
#肥鹅 jd_4d651d9e48204 sign_res_end
#移动 jd_OeTNobRVGiNZ sign_res
sign_num="5"
giftName=""9京豆""
giftRes="ok"
giftDate="20210227"
sign_res_info="7天签到 第 5 天
当天签到奖励 ["9京豆"]"
#移动 jd_OeTNobRVGiNZ sign_res_end
