03/17/21 00:00:03 679872400  1615910403
RANDOM_num: 45
force to sign

real	0m1.793s
user	0m0.031s
sys	0m0.078s
lzkj-isv.isvjcloud.com	FALSE	/	FALSE	1615911007	LZ_TOKEN_VALUE	B0oH3vDY2bhHWuKbVaJ+XQ==
lzkj-isv.isvjcloud.com	FALSE	/	FALSE	1615911007	LZ_TOKEN_KEY	lztokenpage32b4887f02494fe3ad654a9da555dd12
03/17/21 00:00:09 786370100  1615910409
use wskey

real	0m2.141s
user	0m0.109s
sys	0m0.109s
03/17/21 00:00:12 282299700  1615910412 token: AAFgUNYLADAM66MdlamdvMH94631ITWEq41AkgXO50X0DmfadL6ThTolVGeK_vpF-mTiIHoDjcI

real	0m1.489s
user	0m0.000s
sys	0m0.094s
{"result":false,"data":"400001","count":0,"errorMessage":"活动太火爆，还是去买买买吧"}
03/17/21 00:02:32 154441500  1615910552
parse error: Invalid numeric literal at line 1, column 10
签到失败. 写入失败的giftName: 

***********************************************
7天签到 第  天
当天签到奖励 []
***********************************************

移动签到Oray京东自营官方旗舰店查看结果, 活动规则
<!DOCTYPE html>
<html>
 <head> 
  <title>京东</title> 
  <meta charset="utf-8" /> 
  <meta name="apple-mobile-web-app-capable" content="yes" /> 
  <meta name="viewport" content="width=device-width,initial-scale=1,user-scalable=no,maximum-scale=1,viewport-fit=cover" /> 
  <meta name="format-detection" content="telephone=no" /> 
  <meta name="x5-cache" content="enable" /> 
  <link rel="stylesheet" href="https://storage.360buyimg.com/babel/00162638/333378/production/dev/parser.1526555535098.css?t=20180517191236" /> 
  <style> img {
            opacity: 1 !important;
        } </style> 
  <link href="https://storage.360buyimg.com/babel/00170893/348321/production/dev/index.7320a380.css?t=20180802150952" rel="stylesheet" />
 </head> 
 <body style="background:#fff;" id="root"> 
  <div class="errorPage"> 
  </div> 
  <div class="placeholer"> 
  </div> 
  <script src="https://wl.jd.com/unify.min.js"></script> 
  <script type="text/javascript" src="https://storage.360buyimg.com/babel/00170893/348321/production/dev/index.0f8f4dba.js?t=20180802150952"></script> 
 </body>
</html>

#店铺名称
vendername="Oray京东自营官方旗舰店"
#店铺激活码
actId="36a96949aef74f239e4a8b8553518bac"
#店铺id
venderId="10142406"
#长链接
url="https://lzkj-isv.isvjcloud.com/sign/sevenDay/signActivity?activityId=36a96949aef74f239e4a8b8553518bac&venderId=10142406"

startTime=1615527480
endTime=1616256000
# 活动时间：2021-03-12 13:38 - 2021-03-21 00:00；
# 奖励说明：
actRule="
7天签到
连续签到1天：5元优惠券
连续签到2天：2京豆
连续签到3天：5京豆
连续签到4天：8京豆
连续签到5天：20京豆
连续签到6天：10元优惠券
连续签到7天：20元优惠券
"
#赵 122294312-396444 sign_res
sign_num="1"
giftName=""5元优惠券""
giftRes="ok"
giftDate="20210316"
sign_res_info="7天签到 第 1 天
当天签到奖励 ["5元优惠券"]"
#赵 122294312-396444 sign_res_end
#王 1309893722-164885 sign_res
sign_num="1"
giftName=""5元优惠券""
giftRes="ok"
giftDate="20210316"
sign_res_info="7天签到 第 1 天
当天签到奖励 ["5元优惠券"]"
#王 1309893722-164885 sign_res_end
#肥鹅 jd_4d651d9e48204 sign_res
sign_num="1"
giftName=""5元优惠券""
giftRes="ok"
giftDate="20210316"
sign_res_info="7天签到 第 1 天
当天签到奖励 ["5元优惠券"]"
#肥鹅 jd_4d651d9e48204 sign_res_end
#移动 jd_OeTNobRVGiNZ sign_res
sign_num=""
giftName=""
giftRes=""
giftDate="20210317"
sign_res_info="7天签到 第  天
当天签到奖励 []"
#移动 jd_OeTNobRVGiNZ sign_res_end
