03/16/21 00:30:07 579419300  1615825807
RANDOM_num: 35
removed '/tmp/tmp.SgqaJ0M4zF'
03/16/21 00:30:08 939822200  1615825808 检查肥鹅签到

real	0m1.088s
user	0m0.031s
sys	0m0.172s
lzkj-isv.isvjcloud.com	FALSE	/	FALSE	1615826410	LZ_TOKEN_VALUE	B0oH3vDY2bhHWuKbVaJ+XQ==
lzkj-isv.isvjcloud.com	FALSE	/	FALSE	1615826410	LZ_TOKEN_KEY	lztokenpage974c7373f8004df2803310091d29d38b
03/16/21 00:30:12 581480900  1615825812
use pt_key

real	0m0.901s
user	0m0.078s
sys	0m0.125s
03/16/21 00:30:13 653015900  1615825813 token: AAFgT4uUADBX4QNcYU6Y80nYZkiw6GgzykQ7HaMEwhv6Hu7hO_Rih7U3Jj1b4tOclSFSWpRg2Y4

real	0m1.008s
user	0m0.000s
sys	0m0.125s
03/16/21 00:30:15 582197700  1615825815 secretPin: 4YEv+ri88IbQX5lhoqHrzE7oeVP9kq2pYSH90mYt4m3fwcJlClpxrfmVYaGKuquQkdK3rLBQpEQH9V4tdrrh0w==

03/16/21 00:30:15 673804400  1615825815 肥鹅签到华硕京东自营官方旗舰店

real	0m0.582s
user	0m0.031s
sys	0m0.125s
parse error: Invalid numeric literal at line 1, column 10
parse error: Invalid numeric literal at line 1, column 10
parse error: Invalid numeric literal at line 1, column 10
parse error: Invalid numeric literal at line 1, column 10
03/16/21 00:30:17 773640800 1615825817

real	0m0.544s
user	0m0.000s
sys	0m0.031s

real	0m0.678s
user	0m0.016s
sys	0m0.172s
[WARN] get LZ_TOKEN error
03/16/21 00:30:19 255893400  1615825819
use pt_key

real	0m0.469s
user	0m0.109s
sys	0m0.094s
03/16/21 00:30:19 834649500  1615825819 token: AAFgT4ubADAE6h-WsXYbetRWtG_dj_7AY1w8haBbtpxsKYEC4ltB4-mo1s_mYz62dz2H5faYK-I

real	0m0.426s
user	0m0.031s
sys	0m0.141s
parse error: Invalid numeric literal at line 1, column 10
03/16/21 00:30:20 733446000  1615825820 secretPin: 
[WARN] get secretPin error

03/16/21 00:30:20 830184500  1615825820 肥鹅签到华硕京东自营官方旗舰店

real	0m0.419s
user	0m0.031s
sys	0m0.109s
parse error: Invalid numeric literal at line 1, column 10
parse error: Invalid numeric literal at line 1, column 10
parse error: Invalid numeric literal at line 1, column 10
parse error: Invalid numeric literal at line 1, column 10
03/16/21 00:30:22 596380700 1615825822

real	0m0.574s
user	0m0.000s
sys	0m0.063s

real	0m0.372s
user	0m0.031s
sys	0m0.156s
[WARN] get LZ_TOKEN error
03/16/21 00:30:23 798608500  1615825823
use pt_key

real	0m0.373s
user	0m0.109s
sys	0m0.125s
03/16/21 00:30:24 321561400  1615825824 token: AAFgT4ufADBJlqOHOWWLDQRxtsZGV7GDShu4cAnmNy5Z-1IHN1x2czA7FmZiITIwl6Nn-c047Ts

real	0m0.421s
user	0m0.031s
sys	0m0.078s
parse error: Invalid numeric literal at line 1, column 10
03/16/21 00:30:25 372609200  1615825825 secretPin: 
[WARN] get secretPin error

03/16/21 00:30:25 466558900  1615825825 肥鹅签到华硕京东自营官方旗舰店

real	0m0.555s
user	0m0.031s
sys	0m0.109s
parse error: Invalid numeric literal at line 1, column 10
parse error: Invalid numeric literal at line 1, column 10
parse error: Invalid numeric literal at line 1, column 10
parse error: Invalid numeric literal at line 1, column 10
03/16/21 00:30:27 415569800 1615825827

real	0m0.882s
user	0m0.000s
sys	0m0.063s

real	0m0.395s
user	0m0.047s
sys	0m0.125s
[WARN] get LZ_TOKEN error
03/16/21 00:30:29 027131700  1615825829
use pt_key

real	0m0.605s
user	0m0.109s
sys	0m0.156s
03/16/21 00:30:29 748193100  1615825829 token: AAFgT4ulADA4NU99gXGIVRovikMhV_fqAZEw7CjXIXuEJink7zBQUcFthUPIZ0PmlcbIQeYZ60M

real	0m0.350s
user	0m0.063s
sys	0m0.078s
parse error: Invalid numeric literal at line 1, column 10
03/16/21 00:30:30 638003400  1615825830 secretPin: 
[WARN] get secretPin error

03/16/21 00:30:30 741011000  1615825830 肥鹅签到华硕京东自营官方旗舰店

real	0m0.479s
user	0m0.016s
sys	0m0.094s
parse error: Invalid numeric literal at line 1, column 10
parse error: Invalid numeric literal at line 1, column 10
parse error: Invalid numeric literal at line 1, column 10
parse error: Invalid numeric literal at line 1, column 10
03/16/21 00:30:32 555528600 1615825832

real	0m1.085s
user	0m0.000s
sys	0m0.016s

real	0m0.453s
user	0m0.016s
sys	0m0.156s
[WARN] get LZ_TOKEN error
03/16/21 00:30:34 333629300  1615825834
use pt_key

real	0m0.405s
user	0m0.109s
sys	0m0.063s
03/16/21 00:30:34 882190400  1615825834 token: AAFgT4uqADC2I-CdNGIU-rNKxIN9RN4CqW_MgMDKm4tTuBpF8dv54Rmq6UJLDwxyZ0x7lVnqhsE

real	0m0.405s
user	0m0.016s
sys	0m0.094s
parse error: Invalid numeric literal at line 1, column 10
03/16/21 00:30:35 900962500  1615825835 secretPin: 
[WARN] get secretPin error

03/16/21 00:30:36 033563900  1615825836 肥鹅签到华硕京东自营官方旗舰店

real	0m0.394s
user	0m0.078s
sys	0m0.047s
parse error: Invalid numeric literal at line 1, column 10
parse error: Invalid numeric literal at line 1, column 10
parse error: Invalid numeric literal at line 1, column 10
parse error: Invalid numeric literal at line 1, column 10
03/16/21 00:30:37 548103200 1615825837

real	0m1.168s
user	0m0.000s
sys	0m0.047s

real	0m0.367s
user	0m0.016s
sys	0m0.078s
[WARN] get LZ_TOKEN error
03/16/21 00:30:39 266471100  1615825839
use pt_key

real	0m0.376s
user	0m0.094s
sys	0m0.109s
03/16/21 00:30:39 790838500  1615825839 token: AAFgT4uvADBstAHQxPVdv1O3TAXXWl9N3BzZfPHtiq8E7brwFlxkKBHPTb9Mq0DB36mL7DMDS0c

real	0m0.385s
user	0m0.063s
sys	0m0.078s
parse error: Invalid numeric literal at line 1, column 10
03/16/21 00:30:40 660773600  1615825840 secretPin: 
[WARN] get secretPin error

03/16/21 00:30:40 750818300  1615825840 肥鹅签到华硕京东自营官方旗舰店

real	0m0.340s
user	0m0.031s
sys	0m0.109s
parse error: Invalid numeric literal at line 1, column 10
parse error: Invalid numeric literal at line 1, column 10
parse error: Invalid numeric literal at line 1, column 10
parse error: Invalid numeric literal at line 1, column 10
03/16/21 00:30:42 242836300 1615825842

real	0m1.535s
user	0m0.016s
sys	0m0.047s

real	0m0.244s
user	0m0.047s
sys	0m0.078s
[WARN] get LZ_TOKEN error
03/16/21 00:30:44 240960300  1615825844
use pt_key

real	0m0.334s
user	0m0.094s
sys	0m0.141s
03/16/21 00:30:44 693354400  1615825844 token: AAFgT4u0ADCFrF_nCGywODXSpwM70TKtYqPx7rlUeTp2___efHlbTi5e7TMHEK2yehWtRPsJLmc

real	0m0.377s
user	0m0.000s
sys	0m0.141s
parse error: Invalid numeric literal at line 1, column 10
03/16/21 00:30:45 478367300  1615825845 secretPin: 
[WARN] get secretPin error

03/16/21 00:30:45 601364200  1615825845 肥鹅签到华硕京东自营官方旗舰店

real	0m0.518s
user	0m0.016s
sys	0m0.109s
parse error: Invalid numeric literal at line 1, column 10
parse error: Invalid numeric literal at line 1, column 10
parse error: Invalid numeric literal at line 1, column 10
parse error: Invalid numeric literal at line 1, column 10
03/16/21 00:30:47 455367900 1615825847

real	0m1.784s
user	0m0.016s
sys	0m0.031s

real	0m0.149s
user	0m0.031s
sys	0m0.063s
[WARN] get LZ_TOKEN error
03/16/21 00:30:49 475084900  1615825849
use pt_key

real	0m0.141s
user	0m0.094s
sys	0m0.078s
03/16/21 00:30:49 638094500  1615825849 token: AAFgT4u5ADB_O07xylx6bZIZ_pfqQwVpCA688DOTv8JsAlZTXahhhm7NRRQRqnfU8El5BJXvSnU

real	0m0.135s
user	0m0.016s
sys	0m0.094s
parse error: Invalid numeric literal at line 1, column 10
03/16/21 00:30:49 982903000  1615825849 secretPin: 
[WARN] get secretPin error

03/16/21 00:30:50 048199800  1615825850 肥鹅签到华硕京东自营官方旗舰店

real	0m0.327s
user	0m0.000s
sys	0m0.109s
parse error: Invalid numeric literal at line 1, column 10
parse error: Invalid numeric literal at line 1, column 10
parse error: Invalid numeric literal at line 1, column 10
parse error: Invalid numeric literal at line 1, column 10
03/16/21 00:30:51 381406500 1615825851

real	0m1.799s
user	0m0.000s
sys	0m0.031s

real	0m0.494s
user	0m0.031s
sys	0m0.078s
[WARN] get LZ_TOKEN error
03/16/21 00:30:53 825713000  1615825853
use pt_key

real	0m0.295s
user	0m0.125s
sys	0m0.141s
03/16/21 00:30:54 171230300  1615825854 token: AAFgT4u9ADCkPM0QTQHV8L76NhvnQS_ZzhIvsJ0XE1cs0XUcc-GXktjs_yZi7EQVYIkmIn62ZRA

real	0m0.210s
user	0m0.016s
sys	0m0.109s
parse error: Invalid numeric literal at line 1, column 10
03/16/21 00:30:54 499553500  1615825854 secretPin: 
[WARN] get secretPin error

03/16/21 00:30:54 519065000  1615825854 肥鹅签到华硕京东自营官方旗舰店

real	0m0.130s
user	0m0.047s
sys	0m0.063s
parse error: Invalid numeric literal at line 1, column 10
parse error: Invalid numeric literal at line 1, column 10
parse error: Invalid numeric literal at line 1, column 10
parse error: Invalid numeric literal at line 1, column 10
03/16/21 00:30:54 932241100 1615825854

real	0m1.883s
user	0m0.000s
sys	0m0.031s

real	0m0.430s
user	0m0.031s
sys	0m0.094s
[WARN] get LZ_TOKEN error
03/16/21 00:30:57 542395500  1615825857
use pt_key

real	0m0.454s
user	0m0.094s
sys	0m0.188s
03/16/21 00:30:58 087313600  1615825858 token: AAFgT4vBADCyeMVyV_6RD9bBks9YbKiPAvAIh6xpPbkyNyRu21ft0q5omEm-p8S5gDnewPpDWc0

real	0m0.347s
user	0m0.047s
sys	0m0.094s
parse error: Invalid numeric literal at line 1, column 10
03/16/21 00:30:58 925293700  1615825858 secretPin: 
[WARN] get secretPin error

03/16/21 00:30:59 006343800  1615825859 肥鹅签到华硕京东自营官方旗舰店

real	0m0.249s
user	0m0.047s
sys	0m0.094s
parse error: Invalid numeric literal at line 1, column 10
parse error: Invalid numeric literal at line 1, column 10
parse error: Invalid numeric literal at line 1, column 10
parse error: Invalid numeric literal at line 1, column 10
03/16/21 00:30:59 727758600 1615825859

real	0m2.074s
user	0m0.000s
sys	0m0.031s

real	0m0.395s
user	0m0.016s
sys	0m0.094s
[WARN] get LZ_TOKEN error
03/16/21 00:31:02 433945400  1615825862
use pt_key

real	0m0.391s
user	0m0.109s
sys	0m0.109s
03/16/21 00:31:02 929444200  1615825862 token: AAFgT4vGADCLcCxatAhTw6ViVLVeukZcsOlDoBwxLMdSyFXdQcUCg_yGJQziRYm2Oj79BFWKCV0

real	0m0.806s
user	0m0.016s
sys	0m0.109s
parse error: Invalid numeric literal at line 1, column 10
03/16/21 00:31:04 345163000  1615825864 secretPin: 
[WARN] get secretPin error

03/16/21 00:31:04 474220400  1615825864 肥鹅签到华硕京东自营官方旗舰店

real	0m0.279s
user	0m0.000s
sys	0m0.109s
parse error: Invalid numeric literal at line 1, column 10
parse error: Invalid numeric literal at line 1, column 10
parse error: Invalid numeric literal at line 1, column 10
parse error: Invalid numeric literal at line 1, column 10
03/16/21 00:31:05 527730000 1615825865

real	0m2.293s
user	0m0.000s
sys	0m0.031s

real	0m0.369s
user	0m0.031s
sys	0m0.078s
[WARN] get LZ_TOKEN error
03/16/21 00:31:08 445392300  1615825868
use pt_key

real	0m0.601s
user	0m0.141s
sys	0m0.125s
03/16/21 00:31:09 142425200  1615825869 token: AAFgT4vMADCFWlu0S1Ac7WA2x3-unapWKcZC4abzwQcc8ajbAWHGwcdX1LUA7vilgywjDofFSv4

real	0m0.395s
user	0m0.000s
sys	0m0.125s
parse error: Invalid numeric literal at line 1, column 10
03/16/21 00:31:09 982025500  1615825869 secretPin: 
[WARN] get secretPin error

03/16/21 00:31:10 059423900  1615825870 肥鹅签到华硕京东自营官方旗舰店

real	0m0.285s
user	0m0.016s
sys	0m0.125s
parse error: Invalid numeric literal at line 1, column 10
parse error: Invalid numeric literal at line 1, column 10
parse error: Invalid numeric literal at line 1, column 10
parse error: Invalid numeric literal at line 1, column 10
03/16/21 00:31:11 349717000 1615825871

real	0m2.535s
user	0m0.000s
sys	0m0.047s

real	0m0.201s
user	0m0.016s
sys	0m0.094s
[WARN] get LZ_TOKEN error
03/16/21 00:31:14 263974000  1615825874
use pt_key

real	0m0.298s
user	0m0.063s
sys	0m0.125s
03/16/21 00:31:14 615397500  1615825874 token: AAFgT4vSADCn2f7coUb1F6Fp8NMfSH97yITtXu694O8IebzUacuPcaGE40PfT-1_B2DcCHCWDng

real	0m0.295s
user	0m0.031s
sys	0m0.078s
parse error: Invalid numeric literal at line 1, column 10
03/16/21 00:31:15 181255300  1615825875 secretPin: 
[WARN] get secretPin error

03/16/21 00:31:15 221084100  1615825875 肥鹅签到华硕京东自营官方旗舰店

real	0m0.319s
user	0m0.016s
sys	0m0.125s
parse error: Invalid numeric literal at line 1, column 10
parse error: Invalid numeric literal at line 1, column 10
parse error: Invalid numeric literal at line 1, column 10
parse error: Invalid numeric literal at line 1, column 10
03/16/21 00:31:16 499622100 1615825876

real	0m2.821s
user	0m0.000s
sys	0m0.047s

real	0m0.220s
user	0m0.031s
sys	0m0.094s
[WARN] get LZ_TOKEN error
03/16/21 00:31:19 698913400  1615825879
use pt_key

real	0m0.325s
user	0m0.078s
sys	0m0.094s
03/16/21 00:31:20 068668600  1615825880 token: AAFgT4vXADAwa2FvwXBPIsGAkXDHS6U9mI5RlGOsQtJojZH5Rye2Rm4WugcD5TOe4RTZHyelfnY

real	0m0.474s
user	0m0.016s
sys	0m0.094s
parse error: Invalid numeric literal at line 1, column 10
03/16/21 00:31:20 667617200  1615825880 secretPin: 
[WARN] get secretPin error

03/16/21 00:31:20 695715000  1615825880 肥鹅签到华硕京东自营官方旗舰店

real	0m0.176s
user	0m0.000s
sys	0m0.109s
parse error: Invalid numeric literal at line 1, column 10
parse error: Invalid numeric literal at line 1, column 10
parse error: Invalid numeric literal at line 1, column 10
parse error: Invalid numeric literal at line 1, column 10
03/16/21 00:31:21 226896700 1615825881

real	0m2.849s
user	0m0.000s
sys	0m0.000s

real	0m0.479s
user	0m0.016s
sys	0m0.094s
[WARN] get LZ_TOKEN error
03/16/21 00:31:24 744643000  1615825884
use pt_key

real	0m0.326s
user	0m0.109s
sys	0m0.094s
03/16/21 00:31:25 132297000  1615825885 token: AAFgT4vcADBWDKuYZHExLDwh2cxpAXtumIf8u_GNqpptI3nV5ZokQtGkec2NGqPyxwkzAN8Xp_w

real	0m0.345s
user	0m0.000s
sys	0m0.109s
parse error: Invalid numeric literal at line 1, column 10
03/16/21 00:31:25 872118600  1615825885 secretPin: 
[WARN] get secretPin error

03/16/21 00:31:25 921905700  1615825885 肥鹅签到华硕京东自营官方旗舰店

real	0m0.243s
user	0m0.047s
sys	0m0.109s
parse error: Invalid numeric literal at line 1, column 10
parse error: Invalid numeric literal at line 1, column 10
parse error: Invalid numeric literal at line 1, column 10
parse error: Invalid numeric literal at line 1, column 10
03/16/21 00:31:26 564344500 1615825886

real	0m3.087s
user	0m0.000s
sys	0m0.047s

real	0m0.426s
user	0m0.031s
sys	0m0.125s
[WARN] get LZ_TOKEN error
03/16/21 00:31:30 215276000  1615825890
use pt_key

real	0m0.313s
user	0m0.063s
sys	0m0.141s
03/16/21 00:31:30 594372600  1615825890 token: AAFgT4vhADAXhgL7zhxALg85MGP2URxD8hrX2J_rap3Adomi8qTQK5IqpXv0dBBv_jo2roSLRno

real	0m0.332s
user	0m0.000s
sys	0m0.125s
parse error: Invalid numeric literal at line 1, column 10
03/16/21 00:31:31 379691600  1615825891 secretPin: 
[WARN] get secretPin error

03/16/21 00:31:31 467834700  1615825891 肥鹅签到华硕京东自营官方旗舰店

real	0m0.346s
user	0m0.031s
sys	0m0.109s
parse error: Invalid numeric literal at line 1, column 10
parse error: Invalid numeric literal at line 1, column 10
parse error: Invalid numeric literal at line 1, column 10
parse error: Invalid numeric literal at line 1, column 10
03/16/21 00:31:32 550683400 1615825892

real	0m3.313s
user	0m0.000s
sys	0m0.063s

real	0m0.312s
user	0m0.016s
sys	0m0.156s
[WARN] get LZ_TOKEN error
03/16/21 00:31:36 288697800  1615825896
use pt_key

real	0m0.223s
user	0m0.125s
sys	0m0.094s
03/16/21 00:31:36 563307000  1615825896 token: AAFgT4vnADABZdAxPN7uDDBq1oMQoD0utlncP3of0q-SRm4tGKIvC4YD5ZFmyn8JII4630dHs5o

real	0m0.199s
user	0m0.047s
sys	0m0.078s
parse error: Invalid numeric literal at line 1, column 10
03/16/21 00:31:37 032723800  1615825897 secretPin: 
[WARN] get secretPin error

03/16/21 00:31:37 093182400  1615825897 肥鹅签到华硕京东自营官方旗舰店

real	0m0.250s
user	0m0.031s
sys	0m0.125s
parse error: Invalid numeric literal at line 1, column 10
parse error: Invalid numeric literal at line 1, column 10
parse error: Invalid numeric literal at line 1, column 10
parse error: Invalid numeric literal at line 1, column 10
03/16/21 00:31:37 921758600 1615825897

real	0m3.516s
user	0m0.000s
sys	0m0.063s

real	0m0.177s
user	0m0.031s
sys	0m0.141s
[WARN] get LZ_TOKEN error
03/16/21 00:31:41 702705100  1615825901
use pt_key

real	0m0.218s
user	0m0.078s
sys	0m0.125s
03/16/21 00:31:41 963739600  1615825901 token: AAFgT4vtADBloQQ859BzyV2SoFkzhk-OnYPt8ln_VuWUtKffglyr98KJbnLwMhlGFayKMJHaCVM

real	0m0.194s
user	0m0.016s
sys	0m0.109s
parse error: Invalid numeric literal at line 1, column 10
03/16/21 00:31:42 289590900  1615825902 secretPin: 
[WARN] get secretPin error

03/16/21 00:31:42 312705400  1615825902 肥鹅签到华硕京东自营官方旗舰店

real	0m0.140s
user	0m0.000s
sys	0m0.125s
parse error: Invalid numeric literal at line 1, column 10
parse error: Invalid numeric literal at line 1, column 10
parse error: Invalid numeric literal at line 1, column 10
parse error: Invalid numeric literal at line 1, column 10
03/16/21 00:31:42 931556400 1615825902

real	0m3.724s
user	0m0.000s
sys	0m0.063s

real	0m0.164s
user	0m0.031s
sys	0m0.094s
[WARN] get LZ_TOKEN error
03/16/21 00:31:46 898099100  1615825906
use pt_key

real	0m0.203s
user	0m0.063s
sys	0m0.125s
03/16/21 00:31:47 131348600  1615825907 token: AAFgT4vyADCzda0RuXAKJORYUvgnG-Bf4A5FCbTYDCLkr6EzM9DpWKWqvug2jFxKBM_ldA8F0rE

real	0m0.176s
user	0m0.031s
sys	0m0.094s
parse error: Invalid numeric literal at line 1, column 10
03/16/21 00:31:47 490014600  1615825907 secretPin: 
[WARN] get secretPin error

03/16/21 00:31:47 510762900  1615825907 肥鹅签到华硕京东自营官方旗舰店

real	0m0.136s
user	0m0.016s
sys	0m0.063s
parse error: Invalid numeric literal at line 1, column 10
parse error: Invalid numeric literal at line 1, column 10
parse error: Invalid numeric literal at line 1, column 10
parse error: Invalid numeric literal at line 1, column 10
03/16/21 00:31:47 970110500 1615825907

real	0m3.859s
user	0m0.000s
sys	0m0.031s

real	0m0.206s
user	0m0.047s
sys	0m0.047s
[WARN] get LZ_TOKEN error
03/16/21 00:31:52 119720900  1615825912
use pt_key

real	0m0.206s
user	0m0.109s
sys	0m0.141s
03/16/21 00:31:52 361147400  1615825912 token: AAFgT4v3ADD1cPdo1SGvwOUqt4GMkTza3JEjmPO27JzNilycIB4OlOmWBr4q52SVUZBJn7OTo2M

real	0m0.186s
user	0m0.016s
sys	0m0.094s
parse error: Invalid numeric literal at line 1, column 10
03/16/21 00:31:52 718324900  1615825912 secretPin: 
[WARN] get secretPin error

03/16/21 00:31:52 744860800  1615825912 肥鹅签到华硕京东自营官方旗舰店

real	0m0.193s
user	0m0.016s
sys	0m0.109s
parse error: Invalid numeric literal at line 1, column 10
parse error: Invalid numeric literal at line 1, column 10
parse error: Invalid numeric literal at line 1, column 10
parse error: Invalid numeric literal at line 1, column 10
03/16/21 00:31:53 354947900 1615825913

real	0m4.057s
user	0m0.000s
sys	0m0.031s
03/16/21 00:33:42 524642900  1615826022
parse error: Invalid numeric literal at line 1, column 10
签到是否成功解析失败. 不再写/home/myid/jd/jd_signup/vender/shop_1615121238_0

肥鹅签到华硕京东自营官方旗舰店查看结果



华硕京东自营官方旗舰店活动规则


actId=1ef099826d7f4e29a96101fcf2bb96f6
venderId=1000000182
startTime=1614847440000
endTime=1617439259000
# 短链接
suo_url="https://3.cn/1018-sCLC"
actTimeStr="2021-03-04 16:44 至 2021-04-03 16:40"
#店铺名称
vendername="华硕京东自营官方旗舰店"
# 长链接
url=https://lzkj-isv.isvjcloud.com/sign/signActivity2?activityId=1ef099826d7f4e29a96101fcf2bb96f6&venderId=1000000182&adsource=tg_storePage
# 活动时间：2021.03.04 16:44:00 - 2021.04.03 16:40:59
# 奖励说明：
actRule="
连续签到5天：2京豆 2京豆
"
#王 1309893722-164885 sign_res
sign_res="
signTime=1615075200;signed=2
signTime=1615161600;signed=2
signTime=1615248000;signed=2
signTime=1615334400;signed=2
signTime=1615420800;signed=2
signTime=1615507200;signed=2
signTime=1615593600;signed=2
signTime=1615680000;signed=2
signTime=1615766400;signed=2"
sign_num="4"
sign_total_num="9"
giftName=""20积分""
giftRes="ok"
giftDate="20210315"
sign_res_info="
2021/03/07_08:00:00  [已~签~到]      
2021/03/08_08:00:00  [已~签~到]      
2021/03/09_08:00:00  [已~签~到]      
2021/03/10_08:00:00  [已~签~到]      
2021/03/11_08:00:00  [已~签~到]      
2021/03/12_08:00:00  [已~签~到]      
2021/03/13_08:00:00  [已~签~到]      
2021/03/14_08:00:00  [已~签~到]      
2021/03/15_08:00:00  [已~签~到]      
当天签到奖励 ["20积分"]
连续签到 4 天
签到总天数 9"
#王 1309893722-164885 sign_res_end
#肥鹅 jd_4d651d9e48204 sign_res
sign_res="
signTime=1615075200;signed=2
signTime=1615161600;signed=2
signTime=1615248000;signed=2
signTime=1615334400;signed=2
signTime=1615420800;signed=2
signTime=1615507200;signed=2
signTime=1615593600;signed=2
signTime=1615680000;signed=2
signTime=1615766400;signed=2"
sign_num="4"
sign_total_num="9"
giftName=""20积分""
giftRes="ok"
giftDate="20210315"
sign_res_info="
2021/03/07_08:00:00  [已~签~到]      
2021/03/08_08:00:00  [已~签~到]      
2021/03/09_08:00:00  [已~签~到]      
2021/03/10_08:00:00  [已~签~到]      
2021/03/11_08:00:00  [已~签~到]      
2021/03/12_08:00:00  [已~签~到]      
2021/03/13_08:00:00  [已~签~到]      
2021/03/14_08:00:00  [已~签~到]      
2021/03/15_08:00:00  [已~签~到]      
当天签到奖励 ["20积分"]
连续签到 4 天
签到总天数 9"
#肥鹅 jd_4d651d9e48204 sign_res_end
#移动 jd_OeTNobRVGiNZ sign_res
sign_res="
"
sign_num="0"
sign_total_num="0"
giftName=""
giftRes=""
giftDate="20210315"
sign_res_info="

当天签到奖励 []
连续签到 0 天
签到总天数 0"
#移动 jd_OeTNobRVGiNZ sign_res_end
#赵 122294312-396444 sign_res
sign_res="
"
sign_num=""
sign_total_num=""
giftName="null"
giftRes="ok"
giftDate="20210316"
sign_res_info="

当天签到奖励 [null]
连续签到  天
签到总天数 "
#赵 122294312-396444 sign_res_end
