03/02/21 00:00:02 417906200  1614614402
RANDOM_num: 15
force to sign

real	0m0.793s
user	0m0.016s
sys	0m0.094s
lzkj-isv.isvjcloud.com	FALSE	/	FALSE	1614615004	LZ_TOKEN_VALUE	B0oH3vDY2bhHWuKbVaJ+XQ==
lzkj-isv.isvjcloud.com	FALSE	/	FALSE	1614615004	LZ_TOKEN_KEY	lztokenpageb480c5e19ec2448d973b96fd45f56da6
03/02/21 00:00:04 767093200  1614614404
use pt_key

real	0m0.969s
user	0m0.109s
sys	0m0.125s
03/02/21 00:00:05 910973200  1614614405 token: AAFgPQ-FADAM1qrmzBOza9RkWOJs_XO0mczlM_uoL5sTKk7OLPpbzdE9yQB7aUS4p-ndIERKoto

real	0m0.841s
user	0m0.031s
sys	0m0.063s
03/02/21 00:00:08 032365300  1614614408 secretPin: 8zfoIjWIu/DcpxQNzAV7/oVPSWy1B8D+G4s+fJIFDfWHSnwnXFQKK9yQco/OGmHebU48Dr07k+7+k1UaXRbZKg==

03/02/21 00:00:08 210616900  1614614408 王签到英氏YeeHoO旗舰店

real	0m1.517s
user	0m0.016s
sys	0m0.109s
{
  "gift": {
    "activityId": null,
    "activityType": null,
    "venderId": null,
    "type": 0,
    "name": null,
    "itemHb": null,
    "id": "1156638",
    "giftType": "6",
    "giftName": "5京豆",
    "giftNum": "5",
    "giftTotal": "5000",
    "giftResidue": null,
    "priceInfo": "0.05",
    "shortLink": "",
    "orginLink": null,
    "giftInfoId": "9627c91e0f98452b8fbb6b9dd6e517de",
    "commonAddAwardVO": null
  },
  "msg": "",
  "isOk": true,
  "isSend": true,
  "key": "fvnJtU"
}
true
03/02/21 00:00:11 413185100 1614614411
03/02/21 00:00:11 713992200 1614614411 签到英氏YeeHoO旗舰店完成
03/02/21 00:00:57 405340000  1614614457
curl: (6) Could not resolve host: lzkj-isv.isvjcloud.com
[0;31;3mRUN  at {258:<--} ERROR CODE: 6[0m [0;31;3m[20210302 00:00:57] [ERROR] [0m

