03/16/21 00:02:02 773405300  1615824122
RANDOM_num: 25
removed '/tmp/tmp.uInnQxOrnI'
03/16/21 00:02:03 625727700  1615824123 检查移动签到

real	0m0.871s
user	0m0.016s
sys	0m0.063s
[WARN] get LZ_TOKEN error
03/16/21 00:02:05 700726300  1615824125
use wskey

real	0m0.965s
user	0m0.047s
sys	0m0.172s
03/16/21 00:02:06 991177900  1615824126 token: AAFgT4T-ADC-YtAKZoVbW6GLRWHPzGORMe6CfmOOmICzIV__e5VtklnLMDYCdYS0K2klp6uZNo0

real	0m1.011s
user	0m0.063s
sys	0m0.109s
parse error: Invalid numeric literal at line 1, column 10
03/16/21 00:02:09 622540800  1615824129 secretPin: 
[WARN] get secretPin error

03/16/21 00:02:09 944833800  1615824129 移动签到安我（AND ALL）健康京东自营旗舰店

real	0m0.869s
user	0m0.031s
sys	0m0.094s
parse error: Invalid numeric literal at line 1, column 10
parse error: Invalid numeric literal at line 1, column 10
parse error: Invalid numeric literal at line 1, column 10
parse error: Invalid numeric literal at line 1, column 10
parse error: Invalid numeric literal at line 1, column 10
03/16/21 00:02:17 419896500 1615824137

real	0m1.610s
user	0m0.000s
sys	0m0.031s

real	0m1.551s
user	0m0.031s
sys	0m0.063s
[WARN] get LZ_TOKEN error
03/16/21 00:02:21 811431600  1615824141
use wskey

real	0m1.604s
user	0m0.078s
sys	0m0.094s
03/16/21 00:02:23 804585600  1615824143 token: AAFgT4UOADADtZ4HCPSlxl6hd1-GjHmwUmbe4TplR24oAQZ0zLgqpehA7Bs-9CpFeEjtDYZvSvw

real	0m1.253s
user	0m0.031s
sys	0m0.094s
parse error: Invalid numeric literal at line 1, column 10
03/16/21 00:02:28 295483700  1615824148 secretPin: 
[WARN] get secretPin error

03/16/21 00:02:28 793729400  1615824148 移动签到安我（AND ALL）健康京东自营旗舰店

real	0m1.263s
user	0m0.047s
sys	0m0.109s
parse error: Invalid numeric literal at line 1, column 10
parse error: Invalid numeric literal at line 1, column 10
parse error: Invalid numeric literal at line 1, column 10
parse error: Invalid numeric literal at line 1, column 10
parse error: Invalid numeric literal at line 1, column 10
03/16/21 00:02:35 658291500 1615824155

real	0m1.649s
user	0m0.000s
sys	0m0.078s

real	0m1.399s
user	0m0.031s
sys	0m0.094s
[WARN] get LZ_TOKEN error
03/16/21 00:02:39 663887900  1615824159
use wskey

real	0m1.319s
user	0m0.125s
sys	0m0.094s
03/16/21 00:02:41 283304600  1615824161 token: AAFgT4UgADBsVT-OZDAmDsHxkQBtWSI4z8gvKGKS4QEgIL65arV9PC3xgIEFl13tlLOyT2zE5Ak

real	0m1.310s
user	0m0.047s
sys	0m0.109s
parse error: Invalid numeric literal at line 1, column 10
03/16/21 00:02:44 155728200  1615824164 secretPin: 
[WARN] get secretPin error

03/16/21 00:02:44 442794400  1615824164 移动签到安我（AND ALL）健康京东自营旗舰店

real	0m1.388s
user	0m0.047s
sys	0m0.109s
parse error: Invalid numeric literal at line 1, column 10
parse error: Invalid numeric literal at line 1, column 10
parse error: Invalid numeric literal at line 1, column 10
parse error: Invalid numeric literal at line 1, column 10
parse error: Invalid numeric literal at line 1, column 10
03/16/21 00:02:49 797694100 1615824169

real	0m1.676s
user	0m0.000s
sys	0m0.047s

real	0m3.094s
user	0m0.016s
sys	0m0.141s
[WARN] get LZ_TOKEN error
03/16/21 00:02:55 903010300  1615824175
use wskey

real	0m1.230s
user	0m0.109s
sys	0m0.125s
03/16/21 00:02:57 575115600  1615824177 token: AAFgT4UwADC8_4bjd5JQiDAYrRzsFwbHKyy_-RqUo-Im-uJjxwicjnOGySOzbYrlDWzF0XzI-Lg

real	0m1.321s
user	0m0.047s
sys	0m0.109s
parse error: Invalid numeric literal at line 1, column 10
03/16/21 00:03:00 589374000  1615824180 secretPin: 
[WARN] get secretPin error

03/16/21 00:03:01 076674300  1615824181 移动签到安我（AND ALL）健康京东自营旗舰店

real	0m1.168s
user	0m0.063s
sys	0m0.063s
parse error: Invalid numeric literal at line 1, column 10
parse error: Invalid numeric literal at line 1, column 10
parse error: Invalid numeric literal at line 1, column 10
parse error: Invalid numeric literal at line 1, column 10
parse error: Invalid numeric literal at line 1, column 10
03/16/21 00:03:09 152399700 1615824189

real	0m1.599s
user	0m0.000s
sys	0m0.031s

real	0m1.001s
user	0m0.031s
sys	0m0.094s
[WARN] get LZ_TOKEN error
03/16/21 00:03:13 482105600  1615824193
use wskey

real	0m1.620s
user	0m0.078s
sys	0m0.125s
03/16/21 00:03:15 527103300  1615824195 token: AAFgT4VCADDkHBSByM-8YFVbMiwq_w7VGoRtTEKR_FIhpAamAc2e26pGZb13HAtM_xWU9R7tIpY

real	0m0.922s
user	0m0.000s
sys	0m0.094s
parse error: Invalid numeric literal at line 1, column 10
03/16/21 00:03:17 953928600  1615824197 secretPin: 
[WARN] get secretPin error

03/16/21 00:03:18 211675100  1615824198 移动签到安我（AND ALL）健康京东自营旗舰店

real	0m1.551s
user	0m0.031s
sys	0m0.109s
parse error: Invalid numeric literal at line 1, column 10
parse error: Invalid numeric literal at line 1, column 10
parse error: Invalid numeric literal at line 1, column 10
parse error: Invalid numeric literal at line 1, column 10
parse error: Invalid numeric literal at line 1, column 10
03/16/21 00:03:24 991660300 1615824204

real	0m1.903s
user	0m0.000s
sys	0m0.078s

real	0m0.992s
user	0m0.016s
sys	0m0.078s
[WARN] get LZ_TOKEN error
03/16/21 00:03:29 154093900  1615824209
use wskey

real	0m1.345s
user	0m0.125s
sys	0m0.141s
03/16/21 00:03:31 037724000  1615824211 token: AAFgT4VRADBj3iwQv-MM_c8xlITwT7dJvaH5Oz4roQehnzycgdEHcl36Kp9krZiEuUKfAQrRDus

real	0m0.998s
user	0m0.016s
sys	0m0.078s
parse error: Invalid numeric literal at line 1, column 10
03/16/21 00:03:33 341593800  1615824213 secretPin: 
[WARN] get secretPin error

03/16/21 00:03:34 130226900  1615824214 移动签到安我（AND ALL）健康京东自营旗舰店

real	0m0.901s
user	0m0.031s
sys	0m0.078s
parse error: Invalid numeric literal at line 1, column 10
parse error: Invalid numeric literal at line 1, column 10
parse error: Invalid numeric literal at line 1, column 10
parse error: Invalid numeric literal at line 1, column 10
parse error: Invalid numeric literal at line 1, column 10
03/16/21 00:03:40 600236600 1615824220

real	0m1.992s
user	0m0.000s
sys	0m0.047s

real	0m1.127s
user	0m0.063s
sys	0m0.063s
[WARN] get LZ_TOKEN error
03/16/21 00:03:44 658801500  1615824224
use wskey

real	0m1.242s
user	0m0.141s
sys	0m0.094s
03/16/21 00:03:46 197284600  1615824226 token: AAFgT4VhADBScKgQs0AG6YsAeSk358oIQvwkt304XB95juibspQsirF_aF8o823itVFZSIJQrGU

real	0m0.790s
user	0m0.016s
sys	0m0.094s
parse error: Invalid numeric literal at line 1, column 10
03/16/21 00:03:48 874091300  1615824228 secretPin: 
[WARN] get secretPin error

03/16/21 00:03:49 296009200  1615824229 移动签到安我（AND ALL）健康京东自营旗舰店

real	0m1.113s
user	0m0.047s
sys	0m0.094s
parse error: Invalid numeric literal at line 1, column 10
parse error: Invalid numeric literal at line 1, column 10
parse error: Invalid numeric literal at line 1, column 10
parse error: Invalid numeric literal at line 1, column 10
parse error: Invalid numeric literal at line 1, column 10
03/16/21 00:03:55 793857200 1615824235

real	0m2.322s
user	0m0.000s
sys	0m0.047s

real	0m1.138s
user	0m0.047s
sys	0m0.094s
[WARN] get LZ_TOKEN error
03/16/21 00:04:00 112443100  1615824240
use wskey

real	0m0.945s
user	0m0.141s
sys	0m0.078s
03/16/21 00:04:01 506636000  1615824241 token: AAFgT4VwADA9wVDCBxtZ7oIGcTL9-FutGb0OkZXJJVhrBvufsXWC1OuhJ5JgF_pxmX6vdoL0d0k

real	0m1.406s
user	0m0.047s
sys	0m0.078s
parse error: Invalid numeric literal at line 1, column 10
03/16/21 00:04:05 260423600  1615824245 secretPin: 
[WARN] get secretPin error

03/16/21 00:04:05 643132300  1615824245 移动签到安我（AND ALL）健康京东自营旗舰店

real	0m1.240s
user	0m0.047s
sys	0m0.125s
parse error: Invalid numeric literal at line 1, column 10
parse error: Invalid numeric literal at line 1, column 10
parse error: Invalid numeric literal at line 1, column 10
parse error: Invalid numeric literal at line 1, column 10
parse error: Invalid numeric literal at line 1, column 10
03/16/21 00:04:11 595899500 1615824251

real	0m2.774s
user	0m0.000s
sys	0m0.063s

real	0m0.948s
user	0m0.016s
sys	0m0.141s
[WARN] get LZ_TOKEN error
03/16/21 00:04:16 580962100  1615824256
use wskey

real	0m1.063s
user	0m0.109s
sys	0m0.094s
03/16/21 00:04:17 863824900  1615824257 token: AAFgT4WBADCNFikk0IldhSOcboZ1QKJu6FCJKITjXwY_SuGG4Lz3a46KCW727hE9Kl7ZuDHnE4w

real	0m0.918s
user	0m0.016s
sys	0m0.109s
parse error: Invalid numeric literal at line 1, column 10
03/16/21 00:04:20 539314400  1615824260 secretPin: 
[WARN] get secretPin error

03/16/21 00:04:21 235790300  1615824261 移动签到安我（AND ALL）健康京东自营旗舰店

real	0m1.579s
user	0m0.031s
sys	0m0.078s
parse error: Invalid numeric literal at line 1, column 10
parse error: Invalid numeric literal at line 1, column 10
parse error: Invalid numeric literal at line 1, column 10
parse error: Invalid numeric literal at line 1, column 10
parse error: Invalid numeric literal at line 1, column 10
03/16/21 00:04:28 034244000 1615824268

real	0m2.485s
user	0m0.000s
sys	0m0.078s

real	0m1.249s
user	0m0.031s
sys	0m0.094s
[WARN] get LZ_TOKEN error
03/16/21 00:04:32 348897900  1615824272
use wskey

real	0m1.143s
user	0m0.125s
sys	0m0.109s
03/16/21 00:04:34 338307800  1615824274 token: AAFgT4WQADAj9Kscn4Vs91dd01cdyMwkrywPv7WXkFgVEfF8jG2BYorUIOznxo9RB9A78jYAW-A

real	0m0.880s
user	0m0.000s
sys	0m0.109s
parse error: Invalid numeric literal at line 1, column 10
03/16/21 00:04:36 579060400  1615824276 secretPin: 
[WARN] get secretPin error

03/16/21 00:04:37 152020000  1615824277 移动签到安我（AND ALL）健康京东自营旗舰店

real	0m0.978s
user	0m0.016s
sys	0m0.094s
parse error: Invalid numeric literal at line 1, column 10
parse error: Invalid numeric literal at line 1, column 10
parse error: Invalid numeric literal at line 1, column 10
parse error: Invalid numeric literal at line 1, column 10
parse error: Invalid numeric literal at line 1, column 10
03/16/21 00:04:42 871994000 1615824282

real	0m2.809s
user	0m0.000s
sys	0m0.047s

real	0m1.224s
user	0m0.031s
sys	0m0.141s
[WARN] get LZ_TOKEN error
03/16/21 00:04:47 791280500  1615824287
use wskey

real	0m1.273s
user	0m0.125s
sys	0m0.125s
03/16/21 00:04:49 387257800  1615824289 token: AAFgT4WgADB72hVHaRqdJzhYvIccLAjLOmK-03j-QsCTjWzlaauzQIYjn7zS6yw-92PgPx4WnMw

real	0m1.337s
user	0m0.031s
sys	0m0.063s
parse error: Invalid numeric literal at line 1, column 10
03/16/21 00:04:52 470668800  1615824292 secretPin: 
[WARN] get secretPin error

03/16/21 00:04:52 948979100  1615824292 移动签到安我（AND ALL）健康京东自营旗舰店

real	0m0.971s
user	0m0.016s
sys	0m0.094s
parse error: Invalid numeric literal at line 1, column 10
parse error: Invalid numeric literal at line 1, column 10
parse error: Invalid numeric literal at line 1, column 10
parse error: Invalid numeric literal at line 1, column 10
parse error: Invalid numeric literal at line 1, column 10
03/16/21 00:04:59 737234100 1615824299

real	0m3.011s
user	0m0.000s
sys	0m0.031s

real	0m1.613s
user	0m0.031s
sys	0m0.094s
[WARN] get LZ_TOKEN error
03/16/21 00:05:05 123339300  1615824305
use wskey

real	0m0.896s
user	0m0.125s
sys	0m0.125s
03/16/21 00:05:06 393215000  1615824306 token: AAFgT4WxADAhFgCEn2Hfug3Jz5jr4jsFp59My3vOBOkTB2AsFTb9ppPZkDdnh2DIGY0WBLS8vgY

real	0m0.991s
user	0m0.016s
sys	0m0.141s
parse error: Invalid numeric literal at line 1, column 10
03/16/21 00:05:08 551442500  1615824308 secretPin: 
[WARN] get secretPin error

03/16/21 00:05:09 076050200  1615824309 移动签到安我（AND ALL）健康京东自营旗舰店

real	0m0.860s
user	0m0.031s
sys	0m0.078s
parse error: Invalid numeric literal at line 1, column 10
parse error: Invalid numeric literal at line 1, column 10
parse error: Invalid numeric literal at line 1, column 10
parse error: Invalid numeric literal at line 1, column 10
parse error: Invalid numeric literal at line 1, column 10
03/16/21 00:05:15 210115900 1615824315

real	0m3.129s
user	0m0.000s
sys	0m0.078s

real	0m0.771s
user	0m0.031s
sys	0m0.141s
[WARN] get LZ_TOKEN error
03/16/21 00:05:20 064997500  1615824320
use wskey

real	0m0.987s
user	0m0.125s
sys	0m0.125s
03/16/21 00:05:21 458751100  1615824321 token: AAFgT4XAADCFs463Z_Q2-PNbw9vXH1kSslqocODsshap_93ENl55zjQqfNfLVLws6Fr6Wur0lfQ

real	0m1.033s
user	0m0.016s
sys	0m0.109s
parse error: Invalid numeric literal at line 1, column 10
03/16/21 00:05:24 401898000  1615824324 secretPin: 
[WARN] get secretPin error

03/16/21 00:05:24 711936700  1615824324 移动签到安我（AND ALL）健康京东自营旗舰店

real	0m1.167s
user	0m0.016s
sys	0m0.094s
parse error: Invalid numeric literal at line 1, column 10
parse error: Invalid numeric literal at line 1, column 10
parse error: Invalid numeric literal at line 1, column 10
parse error: Invalid numeric literal at line 1, column 10
parse error: Invalid numeric literal at line 1, column 10
03/16/21 00:05:30 798601800 1615824330

real	0m3.336s
user	0m0.000s
sys	0m0.031s

real	0m1.021s
user	0m0.000s
sys	0m0.141s
[WARN] get LZ_TOKEN error
03/16/21 00:05:35 841857300  1615824335
use wskey

real	0m1.184s
user	0m0.094s
sys	0m0.094s
03/16/21 00:05:37 281051400  1615824337 token: AAFgT4XQADAo9Ayhq2XEoFDe9zqykzK2zQvmTmqviK9o7THzWkP3i_ChA1lHAA5hnfgLEzH6BiY

real	0m0.842s
user	0m0.016s
sys	0m0.172s
parse error: Invalid numeric literal at line 1, column 10
03/16/21 00:05:39 385542600  1615824339 secretPin: 
[WARN] get secretPin error

03/16/21 00:05:39 698971500  1615824339 移动签到安我（AND ALL）健康京东自营旗舰店

real	0m1.139s
user	0m0.016s
sys	0m0.109s
parse error: Invalid numeric literal at line 1, column 10
parse error: Invalid numeric literal at line 1, column 10
parse error: Invalid numeric literal at line 1, column 10
parse error: Invalid numeric literal at line 1, column 10
parse error: Invalid numeric literal at line 1, column 10
03/16/21 00:05:45 503893300 1615824345

real	0m3.432s
user	0m0.000s
sys	0m0.078s

real	0m0.553s
user	0m0.000s
sys	0m0.125s
[WARN] get LZ_TOKEN error
03/16/21 00:05:50 315146000  1615824350
use wskey

real	0m1.022s
user	0m0.063s
sys	0m0.125s
03/16/21 00:05:51 577978100  1615824351 token: AAFgT4XeADBcyhU8HLpGPT-6PZInnkmnk0RqHtZ4pr2PRznoJUqk_lCRSkem5C7cNDha6P_8JCs

real	0m1.311s
user	0m0.016s
sys	0m0.094s
parse error: Invalid numeric literal at line 1, column 10
03/16/21 00:05:54 812854200  1615824354 secretPin: 
[WARN] get secretPin error

03/16/21 00:05:55 118079000  1615824355 移动签到安我（AND ALL）健康京东自营旗舰店

real	0m1.256s
user	0m0.063s
sys	0m0.141s
parse error: Invalid numeric literal at line 1, column 10
parse error: Invalid numeric literal at line 1, column 10
parse error: Invalid numeric literal at line 1, column 10
parse error: Invalid numeric literal at line 1, column 10
parse error: Invalid numeric literal at line 1, column 10
03/16/21 00:06:00 609272200 1615824360

real	0m3.893s
user	0m0.000s
sys	0m0.047s

real	0m0.584s
user	0m0.047s
sys	0m0.063s
[WARN] get LZ_TOKEN error
03/16/21 00:06:05 512739500  1615824365
use wskey

real	0m0.608s
user	0m0.063s
sys	0m0.125s
03/16/21 00:06:06 314452900  1615824366 token: AAFgT4XtADDAlM20q-WTHnhxR5otAldOoI3XTt0OGpiWFs8u87tjWGfR6QA22e6f03dWP6TmVbE

real	0m0.883s
user	0m0.047s
sys	0m0.094s
parse error: Invalid numeric literal at line 1, column 10
03/16/21 00:06:08 375129300  1615824368 secretPin: 
[WARN] get secretPin error

03/16/21 00:06:08 638433000  1615824368 移动签到安我（AND ALL）健康京东自营旗舰店

real	0m0.801s
user	0m0.000s
sys	0m0.125s
parse error: Invalid numeric literal at line 1, column 10
parse error: Invalid numeric literal at line 1, column 10
parse error: Invalid numeric literal at line 1, column 10
parse error: Invalid numeric literal at line 1, column 10
parse error: Invalid numeric literal at line 1, column 10
03/16/21 00:06:13 918136400 1615824373

real	0m4.171s
user	0m0.000s
sys	0m0.047s

real	0m0.598s
user	0m0.000s
sys	0m0.156s
[WARN] get LZ_TOKEN error
03/16/21 00:06:19 116881600  1615824379
use wskey

real	0m0.540s
user	0m0.125s
sys	0m0.141s
03/16/21 00:06:19 729280100  1615824379 token: AAFgT4X7ADDCj1j3o_HTt_qoscPhwpUtJ90hZImgrtjku0MoUl0GFoUw2QandgDgt256gHDVO6M

real	0m0.239s
user	0m0.063s
sys	0m0.125s
parse error: Invalid numeric literal at line 1, column 10
03/16/21 00:06:20 303099900  1615824380 secretPin: 
[WARN] get secretPin error

03/16/21 00:06:20 362615400  1615824380 移动签到安我（AND ALL）健康京东自营旗舰店

real	0m0.461s
user	0m0.047s
sys	0m0.094s
parse error: Invalid numeric literal at line 1, column 10
parse error: Invalid numeric literal at line 1, column 10
parse error: Invalid numeric literal at line 1, column 10
parse error: Invalid numeric literal at line 1, column 10
parse error: Invalid numeric literal at line 1, column 10
03/16/21 00:06:22 833641700 1615824382

real	0m4.414s
user	0m0.000s
sys	0m0.016s

real	0m1.123s
user	0m0.031s
sys	0m0.078s
[WARN] get LZ_TOKEN error
03/16/21 00:06:29 347891200  1615824389
use wskey

real	0m1.217s
user	0m0.063s
sys	0m0.078s
03/16/21 00:06:30 889838900  1615824390 token: AAFgT4YFADCeqS07uPeLP7krsVrmTYpfhfFSun6TPUfqUKggD5OpPjmggfLznVKjEg-BhLr-DyQ

real	0m1.115s
user	0m0.000s
sys	0m0.141s
parse error: Invalid numeric literal at line 1, column 10
03/16/21 00:06:33 898684600  1615824393 secretPin: 
[WARN] get secretPin error

03/16/21 00:06:34 329481000  1615824394 移动签到安我（AND ALL）健康京东自营旗舰店

real	0m0.991s
user	0m0.031s
sys	0m0.078s
parse error: Invalid numeric literal at line 1, column 10
parse error: Invalid numeric literal at line 1, column 10
parse error: Invalid numeric literal at line 1, column 10
parse error: Invalid numeric literal at line 1, column 10
parse error: Invalid numeric literal at line 1, column 10
03/16/21 00:06:36 886469500 1615824396

real	0m3.970s
user	0m0.000s
sys	0m0.031s

real	0m1.031s
user	0m0.000s
sys	0m0.109s
[WARN] get LZ_TOKEN error
03/16/21 00:06:43 036491000  1615824403
use wskey

real	0m1.175s
user	0m0.109s
sys	0m0.094s
03/16/21 00:06:44 567991000  1615824404 token: AAFgT4YTADDgrlvdR6OCeMPixKgOfbTPvZvlwPb_DBsq5GXjHGMJg9kA3peL0OrxktS1clHbp7U

real	0m1.230s
user	0m0.016s
sys	0m0.094s
parse error: Invalid numeric literal at line 1, column 10
03/16/21 00:06:47 533978400  1615824407 secretPin: 
[WARN] get secretPin error

03/16/21 00:06:47 721084300  1615824407 移动签到安我（AND ALL）健康京东自营旗舰店

real	0m1.022s
user	0m0.047s
sys	0m0.078s
parse error: Invalid numeric literal at line 1, column 10
parse error: Invalid numeric literal at line 1, column 10
parse error: Invalid numeric literal at line 1, column 10
parse error: Invalid numeric literal at line 1, column 10
parse error: Invalid numeric literal at line 1, column 10
03/16/21 00:06:52 526224300 1615824412

real	0m4.213s
user	0m0.000s
sys	0m0.063s

real	0m1.430s
user	0m0.000s
sys	0m0.156s
[WARN] get LZ_TOKEN error
03/16/21 00:06:59 092554200  1615824419
use wskey

real	0m0.764s
user	0m0.078s
sys	0m0.094s
03/16/21 00:07:00 136372300  1615824420 token: AAFgT4YjADAN0hM5L1svEWOtQMZLlsnaPCZqQ2bJUEeF_AtwjwHBrU2FUP2U-5ybAIa_5eTTmLQ

real	0m0.702s
user	0m0.016s
sys	0m0.125s
parse error: Invalid numeric literal at line 1, column 10
03/16/21 00:07:02 113981600  1615824422 secretPin: 
[WARN] get secretPin error

03/16/21 00:07:02 438845200  1615824422 移动签到安我（AND ALL）健康京东自营旗舰店

real	0m0.825s
user	0m0.016s
sys	0m0.063s
parse error: Invalid numeric literal at line 1, column 10
parse error: Invalid numeric literal at line 1, column 10
parse error: Invalid numeric literal at line 1, column 10
parse error: Invalid numeric literal at line 1, column 10
parse error: Invalid numeric literal at line 1, column 10
03/16/21 00:07:06 747903100 1615824426

real	0m4.217s
user	0m0.000s
sys	0m0.047s
03/16/21 00:08:26 120940200  1615824506
parse error: Invalid numeric literal at line 1, column 10
签到是否成功解析失败. 不再写/home/myid/jd/jd_signup/lzkj_sevenDay_vender/shop_1614116411_129

移动签到安我（AND ALL）健康京东自营旗舰店查看结果, 活动规则


#店铺名称
vendername="安我（AND ALL）健康京东自营旗舰店"
#店铺激活码
actId="f63f0cc98d32422b8b6ac5b8a0aaec0e"
#店铺id
venderId="1000351797"
#长链接
url="https://lzkj-isv.isvjcloud.com/sign/sevenDay/signActivity?activityId=f63f0cc98d32422b8b6ac5b8a0aaec0e&venderId=1000351797"

startTime=1613723220
endTime=1616342340
# 活动时间：2021-02-19 16:27 - 2021-03-21 23:59；
# 奖励说明：
actRule="
7天签到
连续签到1天：1京豆
连续签到2天：1京豆
连续签到3天：3京豆
连续签到4天：2京豆
连续签到5天：2京豆
连续签到6天：2京豆
连续签到7天：5京豆
"
#赵 122294312-396444 sign_res
sign_num="5"
giftName="null"
giftRes="ok"
giftDate="20210315"
sign_res_info="7天签到 第 5 天
当天签到奖励 [null]"
#赵 122294312-396444 sign_res_end
#王 1309893722-164885 sign_res
sign_num="5"
giftName="null"
giftRes="ok"
giftDate="20210315"
sign_res_info="7天签到 第 5 天
当天签到奖励 [null]"
#王 1309893722-164885 sign_res_end
#肥鹅 jd_4d651d9e48204 sign_res
sign_num="5"
giftName="null"
giftRes="ok"
giftDate="20210315"
sign_res_info="7天签到 第 5 天
当天签到奖励 [null]"
#肥鹅 jd_4d651d9e48204 sign_res_end
#移动 jd_OeTNobRVGiNZ sign_res
sign_num=""
giftName=""
giftRes=""
giftDate="20210316"
sign_res_info="7天签到 第  天
当天签到奖励 []"
#移动 jd_OeTNobRVGiNZ sign_res_end
