03/17/21 00:02:03 208277100  1615910523
RANDOM_num: 5
removed '/tmp/tmp.KyvzlAKxoq'
03/17/21 00:02:04 922837200  1615910524 检查赵签到

real	0m4.657s
user	0m0.047s
sys	0m0.109s
[WARN] get LZ_TOKEN error
03/17/21 00:02:11 518857800  1615910531
use pt_key

real	0m2.113s
user	0m0.125s
sys	0m0.156s
03/17/21 00:02:14 074367100  1615910534 token: AAFgUNaFADC9up0oekNZEGZb7cAUq_FMY41nHeH6cdhj_vnlN-joNaN24SlgtEN1Iu3lFIiKoMg

real	0m2.167s
user	0m0.016s
sys	0m0.125s
parse error: Invalid numeric literal at line 1, column 10
03/17/21 00:02:20 137808500  1615910540 secretPin: 
[WARN] get secretPin error

03/17/21 00:02:20 495167300  1615910540 赵签到蒙牛官方旗舰店

real	0m2.071s
user	0m0.047s
sys	0m0.125s
03/17/21 00:02:30 318334800 1615910550

real	0m1.395s
user	0m0.000s
sys	0m0.047s

real	0m2.040s
user	0m0.031s
sys	0m0.156s
[WARN] get LZ_TOKEN error
03/17/21 00:02:35 858391100  1615910555
use pt_key

real	0m1.924s
user	0m0.094s
sys	0m0.141s
03/17/21 00:02:38 075597300  1615910558 token: AAFgUNadADD4I0aRH2UqV7cAg4PABfV2EpErUBE8zVLEwWS1naRU7Ymz1o9hTJ_TvB-5HBgvxQU

real	0m1.572s
user	0m0.031s
sys	0m0.109s
parse error: Invalid numeric literal at line 1, column 10
03/17/21 00:02:41 768642500  1615910561 secretPin: 
[WARN] get secretPin error

03/17/21 00:02:42 103511300  1615910562 赵签到蒙牛官方旗舰店

real	0m2.194s
user	0m0.016s
sys	0m0.172s
parse error: Invalid numeric literal at line 1, column 10
parse error: Invalid numeric literal at line 1, column 10
parse error: Invalid numeric literal at line 1, column 10
parse error: Invalid numeric literal at line 1, column 10
parse error: Invalid numeric literal at line 1, column 10
03/17/21 00:02:50 772367100 1615910570

real	0m1.563s
user	0m0.000s
sys	0m0.047s

real	0m1.784s
user	0m0.031s
sys	0m0.141s
[WARN] get LZ_TOKEN error
03/17/21 00:02:55 900932700  1615910575
use pt_key

real	0m2.141s
user	0m0.109s
sys	0m0.219s
03/17/21 00:02:58 749663200  1615910578 token: AAFgUNaxADCdiALVntmoE634A01kP_YIhdiqOI3SE4WAwzunzHXHsezv1Hhs4aa3QnlTZM4WyM0

real	0m1.611s
user	0m0.000s
sys	0m0.156s
parse error: Invalid numeric literal at line 1, column 10
03/17/21 00:03:02 311701000  1615910582 secretPin: 
[WARN] get secretPin error

03/17/21 00:03:02 779912600  1615910582 赵签到蒙牛官方旗舰店

real	0m2.178s
user	0m0.031s
sys	0m0.109s
parse error: Invalid numeric literal at line 1, column 10
parse error: Invalid numeric literal at line 1, column 10
parse error: Invalid numeric literal at line 1, column 10
parse error: Invalid numeric literal at line 1, column 10
parse error: Invalid numeric literal at line 1, column 10
03/17/21 00:03:13 310164500 1615910593

real	0m2.991s
user	0m0.000s
sys	0m0.031s

real	0m2.296s
user	0m0.063s
sys	0m0.125s
[WARN] get LZ_TOKEN error
03/17/21 00:03:20 680489300  1615910600
use pt_key

real	0m2.036s
user	0m0.141s
sys	0m0.125s
03/17/21 00:03:23 154213500  1615910603 token: AAFgUNbKADBCwj2dCYQHSiQ2-WdvBXHJe0MLeP3hPTdvd0zfKUiW6nKPxV3bWAybfCRiqRT02d8

real	0m2.195s
user	0m0.031s
sys	0m0.063s
parse error: Invalid numeric literal at line 1, column 10
03/17/21 00:03:27 844109300  1615910607 secretPin: 
[WARN] get secretPin error

03/17/21 00:03:28 354532400  1615910608 赵签到蒙牛官方旗舰店

real	0m1.593s
user	0m0.047s
sys	0m0.078s
parse error: Invalid numeric literal at line 1, column 10
parse error: Invalid numeric literal at line 1, column 10
parse error: Invalid numeric literal at line 1, column 10
parse error: Invalid numeric literal at line 1, column 10
parse error: Invalid numeric literal at line 1, column 10
03/17/21 00:03:37 146689300 1615910617

real	0m2.071s
user	0m0.016s
sys	0m0.063s

real	0m2.173s
user	0m0.047s
sys	0m0.094s
[WARN] get LZ_TOKEN error
03/17/21 00:03:42 274262800  1615910622
use pt_key

real	0m1.782s
user	0m0.156s
sys	0m0.188s
03/17/21 00:03:44 375289100  1615910624 token: AAFgUNbfADDZbslNmnxoU_XiwyDFQgjRAc6X_-0SOF8fivW3sVTazsmCxhmh6Sc7SFzbmGTbLEw

real	0m0.983s
user	0m0.016s
sys	0m0.141s
parse error: Invalid numeric literal at line 1, column 10
03/17/21 00:03:48 036464300  1615910628 secretPin: 
[WARN] get secretPin error

03/17/21 00:03:48 341149200  1615910628 赵签到蒙牛官方旗舰店

real	0m1.912s
user	0m0.063s
sys	0m0.078s
parse error: Invalid numeric literal at line 1, column 10
parse error: Invalid numeric literal at line 1, column 10
parse error: Invalid numeric literal at line 1, column 10
parse error: Invalid numeric literal at line 1, column 10
parse error: Invalid numeric literal at line 1, column 10
03/17/21 00:03:58 437015000 1615910638

real	0m2.219s
user	0m0.000s
sys	0m0.063s

real	0m1.861s
user	0m0.047s
sys	0m0.109s
[WARN] get LZ_TOKEN error
03/17/21 00:04:03 873717500  1615910643
use pt_key

real	0m2.176s
user	0m0.141s
sys	0m0.188s
03/17/21 00:04:06 585232100  1615910646 token: AAFgUNb1ADDGH0HB21zR3eaO-3GUgpP4FLvW4MqSR6GCwRHhZ_tza8QR0KYDZQ-7Myp0usodl4c

real	0m1.387s
user	0m0.031s
sys	0m0.141s
parse error: Invalid numeric literal at line 1, column 10
03/17/21 00:04:10 219024800  1615910650 secretPin: 
[WARN] get secretPin error

03/17/21 00:04:10 951206800  1615910650 赵签到蒙牛官方旗舰店

real	0m1.630s
user	0m0.063s
sys	0m0.094s
parse error: Invalid numeric literal at line 1, column 10
parse error: Invalid numeric literal at line 1, column 10
parse error: Invalid numeric literal at line 1, column 10
parse error: Invalid numeric literal at line 1, column 10
parse error: Invalid numeric literal at line 1, column 10
03/17/21 00:04:19 406986200 1615910659

real	0m2.228s
user	0m0.000s
sys	0m0.031s

real	0m1.445s
user	0m0.047s
sys	0m0.172s
[WARN] get LZ_TOKEN error
03/17/21 00:04:24 523072100  1615910664
use pt_key

real	0m2.536s
user	0m0.156s
sys	0m0.172s
03/17/21 00:04:27 126567600  1615910667 token: AAFgUNcKADDqJHkLTc1DvMlIqxyiEc292m1NJMzFMCsBOThSlm7MKPDE7QAnVjx6IQdCqe9AqXg

real	0m2.427s
user	0m0.047s
sys	0m0.125s
parse error: Invalid numeric literal at line 1, column 10
03/17/21 00:04:32 170121000  1615910672 secretPin: 
[WARN] get secretPin error

03/17/21 00:04:32 809940800  1615910672 赵签到蒙牛官方旗舰店

real	0m1.480s
user	0m0.016s
sys	0m0.141s
parse error: Invalid numeric literal at line 1, column 10
parse error: Invalid numeric literal at line 1, column 10
parse error: Invalid numeric literal at line 1, column 10
parse error: Invalid numeric literal at line 1, column 10
parse error: Invalid numeric literal at line 1, column 10
03/17/21 00:04:41 475093400 1615910681

real	0m2.470s
user	0m0.000s
sys	0m0.063s

real	0m2.755s
user	0m0.016s
sys	0m0.141s
[WARN] get LZ_TOKEN error
03/17/21 00:04:47 616943400  1615910687
use pt_key

real	0m1.756s
user	0m0.172s
sys	0m0.156s
03/17/21 00:04:49 987809700  1615910689 token: AAFgUNchADBfD0gesF-AheVBJs9k7q7ykwnt3KNv37X8DVqn7vZlodJv_xTZWX7nZqPbVxgZwI0

real	0m2.026s
user	0m0.016s
sys	0m0.172s
parse error: Invalid numeric literal at line 1, column 10
03/17/21 00:04:54 942872100  1615910694 secretPin: 
[WARN] get secretPin error

03/17/21 00:04:55 494109300  1615910695 赵签到蒙牛官方旗舰店

real	0m1.577s
user	0m0.063s
sys	0m0.125s
parse error: Invalid numeric literal at line 1, column 10
parse error: Invalid numeric literal at line 1, column 10
parse error: Invalid numeric literal at line 1, column 10
parse error: Invalid numeric literal at line 1, column 10
parse error: Invalid numeric literal at line 1, column 10
03/17/21 00:05:04 804738800 1615910704

real	0m2.963s
user	0m0.000s
sys	0m0.063s

real	0m1.676s
user	0m0.063s
sys	0m0.109s
[WARN] get LZ_TOKEN error
03/17/21 00:05:10 782879100  1615910710
use pt_key

real	0m1.525s
user	0m0.109s
sys	0m0.156s
03/17/21 00:05:12 635552500  1615910712 token: AAFgUNc4ADAqDqoaihESpmg7kpHsCYvsedgBLwUm0e4Inqeg3XKWf4KzSM6L1Asx-RL08COcbuY

real	0m2.675s
user	0m0.031s
sys	0m0.141s
parse error: Invalid numeric literal at line 1, column 10
03/17/21 00:05:17 873637300  1615910717 secretPin: 
[WARN] get secretPin error

03/17/21 00:05:18 243968300  1615910718 赵签到蒙牛官方旗舰店

real	0m1.759s
user	0m0.031s
sys	0m0.141s
parse error: Invalid numeric literal at line 1, column 10
parse error: Invalid numeric literal at line 1, column 10
parse error: Invalid numeric literal at line 1, column 10
parse error: Invalid numeric literal at line 1, column 10
parse error: Invalid numeric literal at line 1, column 10
03/17/21 00:05:25 701198900 1615910725

real	0m3.028s
user	0m0.000s
sys	0m0.047s

real	0m2.294s
user	0m0.047s
sys	0m0.172s
[WARN] get LZ_TOKEN error
03/17/21 00:05:32 451064600  1615910732
use pt_key

real	0m1.676s
user	0m0.109s
sys	0m0.156s
03/17/21 00:05:34 546251800  1615910734 token: AAFgUNdNADCg9CQwKneaNzpnXa3B1o0MRH2QMsAwpcd58pC1D_59dEKOM6qagwGaKXJSg_NyqoU

real	0m1.222s
user	0m0.063s
sys	0m0.078s
parse error: Invalid numeric literal at line 1, column 10
03/17/21 00:05:37 416642400  1615910737 secretPin: 
[WARN] get secretPin error

03/17/21 00:05:37 783830300  1615910737 赵签到蒙牛官方旗舰店

real	0m1.294s
user	0m0.031s
sys	0m0.125s
parse error: Invalid numeric literal at line 1, column 10
parse error: Invalid numeric literal at line 1, column 10
parse error: Invalid numeric literal at line 1, column 10
parse error: Invalid numeric literal at line 1, column 10
parse error: Invalid numeric literal at line 1, column 10
03/17/21 00:05:46 614896800 1615910746

real	0m3.090s
user	0m0.000s
sys	0m0.078s

real	0m1.339s
user	0m0.047s
sys	0m0.125s
[WARN] get LZ_TOKEN error
03/17/21 00:05:52 882555000  1615910752
use pt_key

real	0m2.144s
user	0m0.141s
sys	0m0.203s
03/17/21 00:05:55 706837300  1615910755 token: AAFgUNdiADAwcPtBuWmZZb--98N9JQTMLuFaWyALlcrJsrVDk_oCDmk6NcJeZ743Rh5iZWEH-f0

real	0m1.923s
user	0m0.031s
sys	0m0.109s
parse error: Invalid numeric literal at line 1, column 10
03/17/21 00:06:00 007969600  1615910760 secretPin: 
[WARN] get secretPin error

03/17/21 00:06:00 418745300  1615910760 赵签到蒙牛官方旗舰店

real	0m2.486s
user	0m0.047s
sys	0m0.188s
parse error: Invalid numeric literal at line 1, column 10
parse error: Invalid numeric literal at line 1, column 10
parse error: Invalid numeric literal at line 1, column 10
parse error: Invalid numeric literal at line 1, column 10
parse error: Invalid numeric literal at line 1, column 10
03/17/21 00:06:16 380916900 1615910776

real	0m3.321s
user	0m0.000s
sys	0m0.063s

real	0m1.535s
user	0m0.078s
sys	0m0.109s
[WARN] get LZ_TOKEN error
03/17/21 00:06:22 738397600  1615910782
use pt_key

real	0m1.599s
user	0m0.125s
sys	0m0.156s
03/17/21 00:06:24 622384100  1615910784 token: AAFgUNeAADC8Tdirmaw5ltb6uOWJaHKGMvwppUXwrlNUfW_BEhsIKz0Zbi1uLuTm9oxAyXN5YVE

real	0m1.789s
user	0m0.063s
sys	0m0.109s
parse error: Invalid numeric literal at line 1, column 10
03/17/21 00:06:30 590065000  1615910790 secretPin: 
[WARN] get secretPin error

03/17/21 00:06:31 328543400  1615910791 赵签到蒙牛官方旗舰店

real	0m2.096s
user	0m0.047s
sys	0m0.141s
parse error: Invalid numeric literal at line 1, column 10
parse error: Invalid numeric literal at line 1, column 10
parse error: Invalid numeric literal at line 1, column 10
parse error: Invalid numeric literal at line 1, column 10
parse error: Invalid numeric literal at line 1, column 10
03/17/21 00:06:40 766267100 1615910800

real	0m4.096s
user	0m0.000s
sys	0m0.047s

real	0m2.971s
user	0m0.031s
sys	0m0.156s
[WARN] get LZ_TOKEN error
03/17/21 00:06:48 855985800  1615910808
use pt_key

real	0m2.283s
user	0m0.141s
sys	0m0.203s
03/17/21 00:06:51 629394100  1615910811 token: AAFgUNeaADCwUbXk6Dt0RLMFd_TXTwLbCd4MqY3he943-k_zij6ULuw6ljrzqr5rfPneM1A0XVI

real	0m1.723s
user	0m0.031s
sys	0m0.141s
parse error: Invalid numeric literal at line 1, column 10
03/17/21 00:06:56 461720500  1615910816 secretPin: 
[WARN] get secretPin error

03/17/21 00:06:57 131721400  1615910817 赵签到蒙牛官方旗舰店

real	0m2.277s
user	0m0.063s
sys	0m0.156s
parse error: Invalid numeric literal at line 1, column 10
parse error: Invalid numeric literal at line 1, column 10
parse error: Invalid numeric literal at line 1, column 10
parse error: Invalid numeric literal at line 1, column 10
parse error: Invalid numeric literal at line 1, column 10
03/17/21 00:07:07 765013300 1615910827

real	0m3.726s
user	0m0.000s
sys	0m0.031s

real	0m1.599s
user	0m0.031s
sys	0m0.141s
[WARN] get LZ_TOKEN error
03/17/21 00:07:14 913288000  1615910834
use pt_key

real	0m2.519s
user	0m0.156s
sys	0m0.234s
03/17/21 00:07:17 805820100  1615910837 token: AAFgUNe1ADBTU_TX03fgHZyyQ6oM4VffiO1M_JX13TAHhfSbqy0Ttiaw7fmEYa4RNIF_ZXTC7jI

real	0m2.295s
user	0m0.047s
sys	0m0.141s
parse error: Invalid numeric literal at line 1, column 10
03/17/21 00:07:23 615018200  1615910843 secretPin: 
[WARN] get secretPin error

03/17/21 00:07:23 943010100  1615910843 赵签到蒙牛官方旗舰店

real	0m2.351s
user	0m0.000s
sys	0m0.234s
03/17/21 00:07:34 241338800 1615910854

real	0m4.294s
user	0m0.000s
sys	0m0.047s

real	0m2.090s
user	0m0.031s
sys	0m0.188s
[WARN] get LZ_TOKEN error
03/17/21 00:07:41 784958700  1615910861
use pt_key

real	0m1.546s
user	0m0.125s
sys	0m0.203s
03/17/21 00:07:44 640387400  1615910864 token: AAFgUNfPADDLVjanHMjqtEqLZcSNXq_zBzRklMsYXWkDtjerj-EurSunOPCN7QyTFhCe5ITFbz0

real	0m2.795s
user	0m0.125s
sys	0m0.156s
parse error: Invalid numeric literal at line 1, column 10
03/17/21 00:07:51 730272900  1615910871 secretPin: 
[WARN] get secretPin error

03/17/21 00:07:52 375646900  1615910872 赵签到蒙牛官方旗舰店

real	0m2.429s
user	0m0.016s
sys	0m0.219s
parse error: Invalid numeric literal at line 1, column 10
parse error: Invalid numeric literal at line 1, column 10
parse error: Invalid numeric literal at line 1, column 10
parse error: Invalid numeric literal at line 1, column 10
parse error: Invalid numeric literal at line 1, column 10
03/17/21 00:08:03 921310100 1615910883

real	0m4.742s
user	0m0.000s
sys	0m0.078s

real	0m2.314s
user	0m0.078s
sys	0m0.156s
[WARN] get LZ_TOKEN error
03/17/21 00:08:12 210630500  1615910892
use pt_key

real	0m1.301s
user	0m0.109s
sys	0m0.156s
03/17/21 00:08:14 156844000  1615910894 token: AAFgUNftADB0-w7LrINPiNx7qQxY-n_Lc-kLgGA-hVvyU6OcgPnBT-hSkgQWdcsYXf4tZ3B9RgI

real	0m0.879s
user	0m0.063s
sys	0m0.094s
parse error: Invalid numeric literal at line 1, column 10
03/17/21 00:08:16 859409200  1615910896 secretPin: 
[WARN] get secretPin error

03/17/21 00:08:17 595274400  1615910897 赵签到蒙牛官方旗舰店

real	0m1.634s
user	0m0.063s
sys	0m0.125s
parse error: Invalid numeric literal at line 1, column 10
parse error: Invalid numeric literal at line 1, column 10
parse error: Invalid numeric literal at line 1, column 10
parse error: Invalid numeric literal at line 1, column 10
parse error: Invalid numeric literal at line 1, column 10
03/17/21 00:08:27 046274200 1615910907

real	0m4.785s
user	0m0.016s
sys	0m0.094s

real	0m2.282s
user	0m0.047s
sys	0m0.172s
lzkj-isv.isvjcloud.com	FALSE	/	FALSE	1615911514	LZ_TOKEN_VALUE	B0oH3vDY2bhHWuKbVaJ+XQ==
lzkj-isv.isvjcloud.com	FALSE	/	FALSE	1615911513	LZ_TOKEN_KEY	lztokenpageabca25a866bc4ae29c2fdb2fd1eda271
03/17/21 00:08:36 601791600  1615910916
use pt_key

real	0m2.051s
user	0m0.109s
sys	0m0.141s
03/17/21 00:08:39 131311000  1615910919 token: AAFgUNgGADDAxat0ftWd07kPnooQeGt7-_AyzBY2fm1Eu2DPlv3bCP3KPF6hbKbix42ff6Wq6-k

real	0m2.323s
user	0m0.063s
sys	0m0.172s
03/17/21 00:08:44 522383500  1615910924 secretPin: 51S2JqsypB/nfj45frYeoU7oeVP9kq2pYSH90mYt4m3fwcJlClpxrfmVYaGKuquQkdK3rLBQpEQH9V4tdrrh0w==

03/17/21 00:08:45 176665000  1615910925 赵签到蒙牛官方旗舰店

real	0m3.009s
user	0m0.078s
sys	0m0.125s
{
  "msg": "",
  "signResult": {
    "key": null,
    "giftLogId": "86cfe7c8b7fe4dc7abb380556323f6c6",
    "gift": null,
    "send": null
  },
  "isOk": true,
  "isSend": null
}
true
03/17/21 00:08:53 137942600 1615910933
03/17/21 00:08:53 602396700 1615910933 签到蒙牛官方旗舰店完成
03/17/21 00:09:09 716666700  1615910949
true
首次签到成功. 写入giftName: null

***********************************************
7天签到 第 1 天
当天签到奖励 [null]
***********************************************

赵签到蒙牛官方旗舰店查看结果, 活动规则
{"giftConditions":[{"gift":{"giftInfoId":null,"giftName":"10京豆","venderId":null,"giftType":"6","type":0,"shortLink":"","orginLink":null,"activityId":null,"giftResidue":null,"commonAddAwardVO":null,"name":null,"id":"1164029","activityType":null},"imgUrl":"","giftInfoId":"e25a0e0b6f1e49e99181b21b4c2a322e","dayNum":"1","showType":"0"},{"gift":{"giftInfoId":null,"giftName":"10元优惠券","venderId":null,"giftType":"1","type":0,"shortLink":"3.cn/10-16XfJJ","orginLink":null,"activityId":null,"giftResidue":null,"commonAddAwardVO":null,"name":null,"id":"349150473","activityType":null},"imgUrl":"","giftInfoId":"5c711100d5ec4417a9073a0da1b7cf08","dayNum":"2","showType":"0"},{"gift":{"giftInfoId":null,"giftName":"15京豆","venderId":null,"giftType":"6","type":0,"shortLink":"","orginLink":null,"activityId":null,"giftResidue":null,"commonAddAwardVO":null,"name":null,"id":"1164029","activityType":null},"imgUrl":"","giftInfoId":"a0713550deb841ba98ffb0ef8bb39d29","dayNum":"3","showType":"0"},{"gift":{"giftInfoId":null,"giftName":"20元优惠券","venderId":null,"giftType":"1","type":0,"shortLink":"3.cn/10-16Xhm4","orginLink":null,"activityId":null,"giftResidue":null,"commonAddAwardVO":null,"name":null,"id":"349246721","activityType":null},"imgUrl":"","giftInfoId":"8c2068e0563944b8ae2112f16f93a195","dayNum":"4","showType":"0"},{"gift":{"giftInfoId":null,"giftName":"10京豆","venderId":null,"giftType":"6","type":0,"shortLink":"","orginLink":null,"activityId":null,"giftResidue":null,"commonAddAwardVO":null,"name":null,"id":"1164029","activityType":null},"imgUrl":"","giftInfoId":"6349a827400644748d9ec953a4e1d52b","dayNum":"5","showType":"0"},{"gift":{"giftInfoId":null,"giftName":"50元优惠券","venderId":null,"giftType":"1","type":0,"shortLink":"3.cn/10-16Xgrl","orginLink":null,"activityId":null,"giftResidue":null,"commonAddAwardVO":null,"name":null,"id":"349246673","activityType":null},"imgUrl":"","giftInfoId":"0bb31802a57c4dd99f94f01b6b2a1b74","dayNum":"6","showType":"0"},{"gift":{"giftInfoId":null,"giftName":"15京豆","venderId":null,"giftType":"6","type":0,"shortLink":"","orginLink":null,"activityId":null,"giftResidue":null,"commonAddAwardVO":null,"name":null,"id":"1164029","activityType":null},"imgUrl":"","giftInfoId":"a15732805b3f45fba2f39b7fa7cfad3c","dayNum":"7","showType":"0"}],"msg":"","isOk":true,"isOver":"n","contiSignDays":1,"actRule":"1、活动时间：2021-03-02 00:00 - 2021-03-31 23:59；
2、关注店铺后方可参与活动；
3、符合连续签到赠送条件，则有机会赠送连续签到奖品；
4、连续签到7天后，清零可重新开始；
5、签到成功后有机会获得奖品，也有可能会与奖品擦肩而过（奖品数量有限，先到先得）；
6、若用户存在刷奖等恶意行为，一经发现将取消抽奖资格（如奖品已经发放，有权追回奖品）；
注：奖品发放形式：
实物奖：
（1）中奖客户信息收集：页面弹屏提示中奖客户提供收货地址、号码和奖项；(超过1小时未填写对应收货信息，视为放弃);
（2）实物奖采取寄送方式发放，获奖用户需在开奖后填写姓名、联系电话、详细地址信息。如因用户原因无法联系上，即奖品作废不再补发，或如用户未填写真实有效的信息或填写收货信息不详，均视为放弃奖品；
虚拟产品奖：
（1）京豆：中奖后系统预计24小时内自动发放至账户；
（2）优惠券：中奖后需手动领取，预计24小时到账；
【活动参与主体资格】
（1）每位自然人用户仅能使用一个京东账号参与活动，微信号、QQ、京东帐号、手机号码等任一信息一致或指向同一用户的，视为同一个用户，则第一个参与本活动的账号参与结果有效，其余账号参与结果均视为无效。
（2）若发现同一位用户使用不同账号重复参与活动，承办方有权取消其获奖资格。
【注意事项】
（1）活动过程中，凡以不正当手段（如作弊领取、恶意套取、刷信誉、虚假交易、扰乱系统、实施网络攻击等）参与本次活动的用户，商家有权终止其参与活动，并取消其获奖资格（如奖品已发放，商家有权追回），如给商家造成损失的，商家将保留向违规用户继续追索的权利。
（2）如遇不可抗力(包括但不限于重大灾害事件、活动受政府机关指令需要停止举办或调整的、活动中存在大面积作弊行为、活动遭受严重网络攻击或因系统故障导致活动中奖名单大批量出错，活动不能正常进行的)，商家有权取消、修改或暂停本活动。
（3）本活动所发放的实物奖不得提现、不得转赠他人、不得为他人付款。
（4）是否中奖以活动发布者后台统计结果为准。
","followDays":0,"isSign":"y"}

#店铺名称
vendername="蒙牛官方旗舰店"
#店铺激活码
actId="3f064b1a32ec4b2ab6e044aa1cacad06"
#店铺id
venderId="182542"
#长链接
url="https://lzkj-isv.isvjcloud.com/sign/sevenDay/signActivity?activityId=3f064b1a32ec4b2ab6e044aa1cacad06&venderId=182542&adsource=tg_storePage"

startTime=1614614400
endTime=1617206340
# 活动时间：2021-03-02 00:00 - 2021-03-31 23:59；
# 奖励说明：
actRule="
7天签到
连续签到1天：10京豆
连续签到2天：10元优惠券
连续签到3天：15京豆
连续签到4天：20元优惠券
连续签到5天：10京豆
连续签到6天：50元优惠券
连续签到7天：15京豆
"
#王 1309893722-164885 sign_res
sign_num=""
giftName="null"
giftRes="ok"
giftDate="20210317"
sign_res_info="7天签到 第  天
当天签到奖励 [null]"
#王 1309893722-164885 sign_res_end
#肥鹅 jd_4d651d9e48204 sign_res
sign_num=""
giftName="null"
giftRes="ok"
giftDate="20210317"
sign_res_info="7天签到 第  天
当天签到奖励 [null]"
#肥鹅 jd_4d651d9e48204 sign_res_end
#移动 jd_OeTNobRVGiNZ sign_res
sign_num=""
giftName=""
giftRes=""
giftDate="20210317"
sign_res_info="7天签到 第  天
当天签到奖励 []"
#移动 jd_OeTNobRVGiNZ sign_res_end
#赵 122294312-396444 sign_res
sign_num="1"
giftName="null"
giftRes="ok"
giftDate="20210317"
sign_res_info="7天签到 第 1 天
当天签到奖励 [null]"
#赵 122294312-396444 sign_res_end
