02/28/21 00:02:06 657597400  1614441726
RANDOM_num: 35
removed '/tmp/tmp.7IDCsKcHA3'
02/28/21 00:02:07 689965900  1614441727
王 今天已经签到过. 签到结果: ok  giftDate: 20210228
***********************************************
7天签到 第  天
当天签到奖励 [1京豆]
***********************************************

王 签到结果获取失败.
02/28/21 00:02:07 962800200  1614441727 检查王签到

real	0m0.875s
user	0m0.063s
sys	0m0.047s
[WARN] get LZ_TOKEN error
02/28/21 00:02:10 637913500  1614441730
use pt_key

real	0m1.499s
user	0m0.141s
sys	0m0.094s
02/28/21 00:02:12 398609400  1614441732 token: AAFgOm0DADBuOKTd5zyT-PI3ThgPyi3geVUmqaxlSwr-kOpzaiGmlRyltyU4E6tXWgynLQ6rK5o
parse error: Invalid numeric literal at line 1, column 10

real	0m1.952s
user	0m0.109s
sys	0m0.125s
02/28/21 00:02:14 842038400  1614441734 secretPin: 
[WARN] get secretPin error

02/28/21 00:02:15 234367200  1614441735 王签到滴露旗舰店

real	0m1.545s
user	0m0.031s
sys	0m0.109s
parse error: Invalid numeric literal at line 1, column 10
parse error: Invalid numeric literal at line 1, column 10
parse error: Invalid numeric literal at line 1, column 10
parse error: Invalid numeric literal at line 1, column 10
02/28/21 00:02:22 816065400 1614441742

real	0m1.476s
user	0m0.000s
sys	0m0.031s

real	0m1.486s
user	0m0.063s
sys	0m0.047s
[WARN] get LZ_TOKEN error
02/28/21 00:02:27 594907000  1614441747
use pt_key

real	0m1.913s
user	0m0.094s
sys	0m0.094s
02/28/21 00:02:29 964124900  1614441749 token: AAFgOm0VADCvV0r-WWhxzmeYdFAu6I7ttLAQW0-yTiKfYosMCp1UNczI9B0yPTXA2LQ66uwDO9g
parse error: Invalid numeric literal at line 1, column 10

real	0m2.375s
user	0m0.094s
sys	0m0.125s
02/28/21 00:02:32 743846600  1614441752 secretPin: 
[WARN] get secretPin error

02/28/21 00:02:33 135465300  1614441753 王签到滴露旗舰店

real	0m2.738s
user	0m0.031s
sys	0m0.063s
parse error: Invalid numeric literal at line 1, column 10
parse error: Invalid numeric literal at line 1, column 10
parse error: Invalid numeric literal at line 1, column 10
parse error: Invalid numeric literal at line 1, column 10
02/28/21 00:02:41 291227300 1614441761

real	0m2.078s
user	0m0.000s
sys	0m0.047s

real	0m1.942s
user	0m0.047s
sys	0m0.078s
[WARN] get LZ_TOKEN error
02/28/21 00:02:46 887966700  1614441766
use pt_key

real	0m2.418s
user	0m0.094s
sys	0m0.141s
02/28/21 00:02:49 589968600  1614441769 token: AAFgOm0pADC88XGhWZjnoB5YaEpq6jOeJex1hN_CyV6dREhtqo7PhWZG7yMKjuaWWswG1j9hylI
parse error: Invalid numeric literal at line 1, column 10

real	0m1.198s
user	0m0.078s
sys	0m0.078s
02/28/21 00:02:51 191001300  1614441771 secretPin: 
[WARN] get secretPin error

02/28/21 00:02:51 566750700  1614441771 王签到滴露旗舰店

real	0m1.395s
user	0m0.016s
sys	0m0.078s
parse error: Invalid numeric literal at line 1, column 10
parse error: Invalid numeric literal at line 1, column 10
parse error: Invalid numeric literal at line 1, column 10
parse error: Invalid numeric literal at line 1, column 10
02/28/21 00:02:56 981694400 1614441776

real	0m2.507s
user	0m0.016s
sys	0m0.047s

real	0m1.860s
user	0m0.047s
sys	0m0.094s
[WARN] get LZ_TOKEN error
02/28/21 00:03:02 687493300  1614441782
use pt_key

real	0m1.741s
user	0m0.094s
sys	0m0.156s
02/28/21 00:03:04 878391800  1614441784 token: AAFgOm04ADBenUSABuREDWRAaCwpHY-I-ZbTHH6N8Pr3QaoVuF6k0_Lfvzb9vRdpc6wtpuJcyZM
parse error: Invalid numeric literal at line 1, column 10

real	0m1.526s
user	0m0.078s
sys	0m0.094s
02/28/21 00:03:06 801905300  1614441786 secretPin: 
[WARN] get secretPin error

02/28/21 00:03:07 000990700  1614441787 王签到滴露旗舰店

real	0m1.433s
user	0m0.031s
sys	0m0.063s
parse error: Invalid numeric literal at line 1, column 10
parse error: Invalid numeric literal at line 1, column 10
parse error: Invalid numeric literal at line 1, column 10
parse error: Invalid numeric literal at line 1, column 10
02/28/21 00:03:12 693673300 1614441792

real	0m1.860s
user	0m0.000s
sys	0m0.031s

real	0m1.436s
user	0m0.047s
sys	0m0.078s
[WARN] get LZ_TOKEN error
02/28/21 00:03:17 356037600  1614441797
use pt_key

real	0m1.219s
user	0m0.094s
sys	0m0.125s
02/28/21 00:03:18 977087200  1614441798 token: AAFgOm1GADCRmSR_wOvEJ9ynhmKOnendxmSgW-mvL5bOK7Pib_6V5kGMcs2iNNSLyRmqjb3zOcQ
parse error: Invalid numeric literal at line 1, column 10

real	0m2.007s
user	0m0.141s
sys	0m0.078s
02/28/21 00:03:21 544099800  1614441801 secretPin: 
[WARN] get secretPin error

02/28/21 00:03:22 070332400  1614441802 王签到滴露旗舰店

real	0m1.529s
user	0m0.031s
sys	0m0.047s
parse error: Invalid numeric literal at line 1, column 10
parse error: Invalid numeric literal at line 1, column 10
parse error: Invalid numeric literal at line 1, column 10
parse error: Invalid numeric literal at line 1, column 10
02/28/21 00:03:29 871559000 1614441809

real	0m2.921s
user	0m0.000s
sys	0m0.047s

real	0m1.507s
user	0m0.000s
sys	0m0.141s
[WARN] get LZ_TOKEN error
02/28/21 00:03:36 005840600  1614441816
use pt_key

real	0m1.816s
user	0m0.125s
sys	0m0.125s
02/28/21 00:03:38 624321200  1614441818 token: AAFgOm1ZADBp2una58VDA19A9RTEoJHpFINWcX1Xi9TQRjulq-W4d9aKZUd2_CeBiwWKFQlMPkw
parse error: Invalid numeric literal at line 1, column 10

real	0m1.983s
user	0m0.109s
sys	0m0.078s
02/28/21 00:03:41 060105900  1614441821 secretPin: 
[WARN] get secretPin error

02/28/21 00:03:41 476405900  1614441821 王签到滴露旗舰店

real	0m1.893s
user	0m0.031s
sys	0m0.141s
parse error: Invalid numeric literal at line 1, column 10
parse error: Invalid numeric literal at line 1, column 10
parse error: Invalid numeric literal at line 1, column 10
parse error: Invalid numeric literal at line 1, column 10
02/28/21 00:03:49 118863000 1614441829

real	0m3.172s
user	0m0.000s
sys	0m0.031s

real	0m1.929s
user	0m0.031s
sys	0m0.063s
[WARN] get LZ_TOKEN error
02/28/21 00:03:55 792096700  1614441835
use pt_key

real	0m1.561s
user	0m0.109s
sys	0m0.109s
02/28/21 00:03:57 991979100  1614441837 token: AAFgOm1tADAudvWUSlSSPRntEp18ZNwpC0yGcZn4nrUP8fLjK-oFM51uRAd2wNxz_IAZFw9fT3I
parse error: Invalid numeric literal at line 1, column 10

real	0m1.858s
user	0m0.109s
sys	0m0.125s
02/28/21 00:04:00 801307400  1614441840 secretPin: 
[WARN] get secretPin error

02/28/21 00:04:01 404537100  1614441841 王签到滴露旗舰店

real	0m1.830s
user	0m0.031s
sys	0m0.094s
parse error: Invalid numeric literal at line 1, column 10
parse error: Invalid numeric literal at line 1, column 10
parse error: Invalid numeric literal at line 1, column 10
parse error: Invalid numeric literal at line 1, column 10
02/28/21 00:04:10 940782600 1614441850

real	0m2.808s
user	0m0.000s
sys	0m0.047s

real	0m2.104s
user	0m0.031s
sys	0m0.078s
[WARN] get LZ_TOKEN error
02/28/21 00:04:18 505588700  1614441858
use pt_key

real	0m1.475s
user	0m0.094s
sys	0m0.078s
02/28/21 00:04:20 357488900  1614441860 token: AAFgOm2DADAr9EN7-2gdL3kjQ-zg0PbTVFZ7tEVO_SrXwl3tjKFXZHt-4hQQ3_QcKmgliE9XZzc
parse error: Invalid numeric literal at line 1, column 10

real	0m2.122s
user	0m0.109s
sys	0m0.109s
02/28/21 00:04:23 231284900  1614441863 secretPin: 
[WARN] get secretPin error

02/28/21 00:04:23 797822200  1614441863 王签到滴露旗舰店

real	0m1.877s
user	0m0.016s
sys	0m0.109s
parse error: Invalid numeric literal at line 1, column 10
parse error: Invalid numeric literal at line 1, column 10
parse error: Invalid numeric literal at line 1, column 10
parse error: Invalid numeric literal at line 1, column 10
02/28/21 00:04:31 886904900 1614441871

real	0m2.759s
user	0m0.000s
sys	0m0.047s

real	0m1.738s
user	0m0.031s
sys	0m0.094s
[WARN] get LZ_TOKEN error
02/28/21 00:04:37 444879300  1614441877
use pt_key

real	0m1.388s
user	0m0.125s
sys	0m0.109s
02/28/21 00:04:39 244434900  1614441879 token: AAFgOm2WADAkD2aRwozL7U002CAlaIntoUyKLmyWIgeA7Jsd11NDPKGxabc9Up1i89y1r2Qi-ow
parse error: Invalid numeric literal at line 1, column 10

real	0m1.462s
user	0m0.094s
sys	0m0.109s
02/28/21 00:04:40 974787000  1614441880 secretPin: 
[WARN] get secretPin error

02/28/21 00:04:41 310468100  1614441881 王签到滴露旗舰店

real	0m1.049s
user	0m0.016s
sys	0m0.109s
parse error: Invalid numeric literal at line 1, column 10
parse error: Invalid numeric literal at line 1, column 10
parse error: Invalid numeric literal at line 1, column 10
parse error: Invalid numeric literal at line 1, column 10
02/28/21 00:04:46 094638800 1614441886

real	0m2.657s
user	0m0.000s
sys	0m0.031s

real	0m1.038s
user	0m0.047s
sys	0m0.094s
[WARN] get LZ_TOKEN error
02/28/21 00:04:50 465473700  1614441890
use pt_key

real	0m1.276s
user	0m0.109s
sys	0m0.078s
02/28/21 00:04:52 177894500  1614441892 token: AAFgOm2jADCyVpnhma9XVhS7EoMEFHUmOCfVnQnojR-e297UaRhroS3VAATptiJ2Gh3Et82RPJw
parse error: Invalid numeric literal at line 1, column 10

real	0m1.325s
user	0m0.109s
sys	0m0.094s
02/28/21 00:04:53 733887700  1614441893 secretPin: 
[WARN] get secretPin error

02/28/21 00:04:54 010363000  1614441894 王签到滴露旗舰店

real	0m0.841s
user	0m0.031s
sys	0m0.109s
parse error: Invalid numeric literal at line 1, column 10
parse error: Invalid numeric literal at line 1, column 10
parse error: Invalid numeric literal at line 1, column 10
parse error: Invalid numeric literal at line 1, column 10
02/28/21 00:04:56 645747600 1614441896

real	0m2.599s
user	0m0.000s
sys	0m0.047s

real	0m1.740s
user	0m0.016s
sys	0m0.094s
[WARN] get LZ_TOKEN error
02/28/21 00:05:01 643378800  1614441901
use pt_key

real	0m1.060s
user	0m0.109s
sys	0m0.125s
02/28/21 00:05:03 929295400  1614441903 token: AAFgOm2uADBr-TLl-AYnQfkrrVs0mDSpkWu8UjK9OREtuc_aGNijY33o17lI2l7EgjGJetAznJc
parse error: Invalid numeric literal at line 1, column 10

real	0m2.175s
user	0m0.063s
sys	0m0.141s
02/28/21 00:05:06 725603200  1614441906 secretPin: 
[WARN] get secretPin error

02/28/21 00:05:07 056042000  1614441907 王签到滴露旗舰店

real	0m1.059s
user	0m0.031s
sys	0m0.031s
parse error: Invalid numeric literal at line 1, column 10
parse error: Invalid numeric literal at line 1, column 10
parse error: Invalid numeric literal at line 1, column 10
parse error: Invalid numeric literal at line 1, column 10
02/28/21 00:05:09 953172400 1614441909

real	0m2.821s
user	0m0.000s
sys	0m0.031s

real	0m0.930s
user	0m0.016s
sys	0m0.094s
[WARN] get LZ_TOKEN error
02/28/21 00:05:14 612884100  1614441914
use pt_key

real	0m1.010s
user	0m0.125s
sys	0m0.156s
02/28/21 00:05:15 865540300  1614441915 token: AAFgOm27ADAz8-tKB7Ks5qWZSXTLtbecznVVHJxgOXSqJhPJzAPmL1ZflCP0Lb9j4jUYTXJ1lbU
parse error: Invalid numeric literal at line 1, column 10

real	0m1.411s
user	0m0.094s
sys	0m0.094s
02/28/21 00:05:17 579552500  1614441917 secretPin: 
[WARN] get secretPin error

02/28/21 00:05:17 997174600  1614441917 王签到滴露旗舰店

real	0m1.140s
user	0m0.047s
sys	0m0.063s
parse error: Invalid numeric literal at line 1, column 10
parse error: Invalid numeric literal at line 1, column 10
parse error: Invalid numeric literal at line 1, column 10
parse error: Invalid numeric literal at line 1, column 10
02/28/21 00:05:21 547507900 1614441921

real	0m2.809s
user	0m0.000s
sys	0m0.047s

real	0m1.065s
user	0m0.031s
sys	0m0.078s
[WARN] get LZ_TOKEN error
02/28/21 00:05:25 983297100  1614441925
use pt_key

real	0m1.239s
user	0m0.109s
sys	0m0.094s
02/28/21 00:05:27 563729100  1614441927 token: AAFgOm3HADAHi9ZQlGhjomViicHvVNyiSLu5G3wAhwsw4wzHvsIezXkjfgQ_wG7ixrhW_2BifH4
parse error: Invalid numeric literal at line 1, column 10

real	0m1.734s
user	0m0.125s
sys	0m0.078s
02/28/21 00:05:29 525415900  1614441929 secretPin: 
[WARN] get secretPin error

02/28/21 00:05:29 694570900  1614441929 王签到滴露旗舰店

real	0m1.003s
user	0m0.000s
sys	0m0.109s
parse error: Invalid numeric literal at line 1, column 10
parse error: Invalid numeric literal at line 1, column 10
parse error: Invalid numeric literal at line 1, column 10
parse error: Invalid numeric literal at line 1, column 10
02/28/21 00:05:33 693627700 1614441933

real	0m3.508s
user	0m0.000s
sys	0m0.063s

real	0m0.708s
user	0m0.047s
sys	0m0.078s
[WARN] get LZ_TOKEN error
02/28/21 00:05:38 672500400  1614441938
use pt_key

real	0m1.031s
user	0m0.109s
sys	0m0.109s
02/28/21 00:05:39 884297100  1614441939 token: AAFgOm3TADBr6Kwqg_nWmK4_U9yNxZ_sSoqPcWSMSp0G7WHaoU1KJseIZ1pdTb3YkUe-fy6ohb8
parse error: Invalid numeric literal at line 1, column 10

real	0m1.493s
user	0m0.094s
sys	0m0.125s
02/28/21 00:05:41 709092900  1614441941 secretPin: 
[WARN] get secretPin error

02/28/21 00:05:42 055020900  1614441942 王签到滴露旗舰店

real	0m1.240s
user	0m0.047s
sys	0m0.078s
parse error: Invalid numeric literal at line 1, column 10
parse error: Invalid numeric literal at line 1, column 10
parse error: Invalid numeric literal at line 1, column 10
parse error: Invalid numeric literal at line 1, column 10
02/28/21 00:05:46 321055400 1614441946

real	0m3.609s
user	0m0.000s
sys	0m0.047s

real	0m0.908s
user	0m0.000s
sys	0m0.109s
[WARN] get LZ_TOKEN error
02/28/21 00:05:51 631677000  1614441951
use pt_key

real	0m1.637s
user	0m0.125s
sys	0m0.094s
02/28/21 00:05:53 554611000  1614441953 token: AAFgOm3hADCspAwOd518VnziWe7BgI46JrEmbR8KiurHEszlJHGeiDOiAffPAz4qqHCzZekDabs
parse error: Invalid numeric literal at line 1, column 10

real	0m1.358s
user	0m0.109s
sys	0m0.047s
02/28/21 00:05:55 131058700  1614441955 secretPin: 
[WARN] get secretPin error

02/28/21 00:05:55 362224400  1614441955 王签到滴露旗舰店

real	0m0.668s
user	0m0.031s
sys	0m0.094s
parse error: Invalid numeric literal at line 1, column 10
parse error: Invalid numeric literal at line 1, column 10
parse error: Invalid numeric literal at line 1, column 10
parse error: Invalid numeric literal at line 1, column 10
02/28/21 00:05:59 221092900 1614441959

real	0m3.735s
user	0m0.000s
sys	0m0.078s

real	0m1.870s
user	0m0.047s
sys	0m0.094s
[WARN] get LZ_TOKEN error
02/28/21 00:06:05 542395100  1614441965
use pt_key

real	0m1.181s
user	0m0.172s
sys	0m0.063s
02/28/21 00:06:06 978288900  1614441966 token: AAFgOm3uADApIWgm_asTgXyorK0KJQYX0S_e2RnIo9BbE79PSAP7mWmN67JW6iGFMwqGbX8ipmM
parse error: Invalid numeric literal at line 1, column 10

real	0m0.857s
user	0m0.125s
sys	0m0.063s
02/28/21 00:06:08 073697500  1614441968 secretPin: 
[WARN] get secretPin error

02/28/21 00:06:08 252000100  1614441968 王签到滴露旗舰店

real	0m0.634s
user	0m0.047s
sys	0m0.063s
parse error: Invalid numeric literal at line 1, column 10
parse error: Invalid numeric literal at line 1, column 10
parse error: Invalid numeric literal at line 1, column 10
parse error: Invalid numeric literal at line 1, column 10
02/28/21 00:06:10 902381500 1614441970

real	0m3.910s
user	0m0.000s
sys	0m0.016s

real	0m1.103s
user	0m0.031s
sys	0m0.109s
[WARN] get LZ_TOKEN error
02/28/21 00:06:16 853810000  1614441976
use pt_key

real	0m1.392s
user	0m0.125s
sys	0m0.078s
02/28/21 00:06:18 886720900  1614441978 token: AAFgOm36ADAgSfpTClosiNY5-NyTUHXpSI4WM3I9xRJbYMmTlzEqZlX1laOwKsl51mBYxQL-cc8
parse error: Invalid numeric literal at line 1, column 10

real	0m0.981s
user	0m0.109s
sys	0m0.125s
02/28/21 00:06:20 207753700  1614441980 secretPin: 
[WARN] get secretPin error

02/28/21 00:06:20 435823000  1614441980 王签到滴露旗舰店

real	0m0.849s
user	0m0.016s
sys	0m0.094s
parse error: Invalid numeric literal at line 1, column 10
parse error: Invalid numeric literal at line 1, column 10
parse error: Invalid numeric literal at line 1, column 10
parse error: Invalid numeric literal at line 1, column 10
02/28/21 00:06:23 102216500 1614441983

real	0m4.031s
user	0m0.016s
sys	0m0.031s

real	0m0.853s
user	0m0.031s
sys	0m0.109s
[WARN] get LZ_TOKEN error
02/28/21 00:06:28 584178300  1614441988
use pt_key

real	0m1.197s
user	0m0.125s
sys	0m0.125s
02/28/21 00:06:30 104832200  1614441990 token: AAFgOm4FADA24UptCOejuW7SKujPwZPjDB0_O8XB2hx_l_YALK093YfWN5gn561HwhMaKU6kxDU
parse error: Invalid numeric literal at line 1, column 10

real	0m0.978s
user	0m0.125s
sys	0m0.141s
02/28/21 00:06:31 362707600  1614441991 secretPin: 
[WARN] get secretPin error

02/28/21 00:06:31 595242000  1614441991 王签到滴露旗舰店

real	0m0.931s
user	0m0.031s
sys	0m0.063s
parse error: Invalid numeric literal at line 1, column 10
parse error: Invalid numeric literal at line 1, column 10
parse error: Invalid numeric literal at line 1, column 10
parse error: Invalid numeric literal at line 1, column 10
02/28/21 00:06:36 089222800 1614441996

real	0m4.175s
user	0m0.000s
sys	0m0.016s

real	0m0.893s
user	0m0.031s
sys	0m0.063s
[WARN] get LZ_TOKEN error
02/28/21 00:06:41 792817000  1614442001
use pt_key

real	0m1.256s
user	0m0.094s
sys	0m0.156s
02/28/21 00:06:43 373337300  1614442003 token: AAFgOm4TADCVnZ9KiLEZ5zR-1yOeWNxzQv2BkFDSF4w8pHnbFT3-14iXib2NSWNiOQH7jzGK_yE
parse error: Invalid numeric literal at line 1, column 10

real	0m0.821s
user	0m0.109s
sys	0m0.125s
02/28/21 00:06:44 361638100  1614442004 secretPin: 
[WARN] get secretPin error

02/28/21 00:06:44 533399400  1614442004 王签到滴露旗舰店

real	0m0.745s
user	0m0.031s
sys	0m0.063s
parse error: Invalid numeric literal at line 1, column 10
parse error: Invalid numeric literal at line 1, column 10
parse error: Invalid numeric literal at line 1, column 10
parse error: Invalid numeric literal at line 1, column 10
02/28/21 00:06:47 249112600 1614442007

real	0m4.594s
user	0m0.000s
sys	0m0.031s

real	0m0.797s
user	0m0.047s
sys	0m0.094s
[WARN] get LZ_TOKEN error
02/28/21 00:06:53 557362600  1614442013
use pt_key

real	0m0.781s
user	0m0.172s
sys	0m0.078s
02/28/21 00:06:54 555310200  1614442014 token: AAFgOm4eADAVgFAcPoU_NiuqpgVWIo1oR8X1O_39OtDe_4GJSARnPrDVyfjq-sagZJyxS6VqQMU
parse error: Invalid numeric literal at line 1, column 10

real	0m1.094s
user	0m0.109s
sys	0m0.094s
02/28/21 00:06:55 846471900  1614442015 secretPin: 
[WARN] get secretPin error

02/28/21 00:06:56 161013600  1614442016 王签到滴露旗舰店

real	0m0.932s
user	0m0.031s
sys	0m0.047s
parse error: Invalid numeric literal at line 1, column 10
parse error: Invalid numeric literal at line 1, column 10
parse error: Invalid numeric literal at line 1, column 10
parse error: Invalid numeric literal at line 1, column 10
02/28/21 00:06:59 212339100 1614442019

real	0m4.786s
user	0m0.000s
sys	0m0.047s
02/28/21 00:08:49 603230500  1614442129
parse error: Invalid numeric literal at line 1, column 10
签到是否成功解析失败. 不再写/home/myid/jd/jd_signup/lzkj_sevenDay_vender/shop_1613569736_23

王签到滴露旗舰店查看结果, 活动规则


#店铺名称
vendername="滴露旗舰店"
#店铺激活码
actId="13126645fcb2477fa1090a94cb7f3ca2"
#店铺id
venderId="206265"
#长链接
url="https://lzkj-isv.isvjcloud.com/sign/sevenDay/signActivity?activityId=13126645fcb2477fa1090a94cb7f3ca2&venderId=206265&adsource=tg_xuanFuTuBiao"

startTime=1612407600
endTime=1614787140
# 活动时间：2021-02-04 11:00 - 2021-03-03 23:59；
# 奖励说明：
actRule="
7天签到
连续签到1天：5元优惠券
连续签到2天：1京豆
连续签到3天：10元优惠券
连续签到4天：1京豆
连续签到5天：20元优惠券
连续签到6天：1京豆
连续签到7天：50元优惠券
"
#移动 jd_OeTNobRVGiNZ sign_res
sign_num="5"
giftName=""20元优惠券""
giftRes="ok"
giftDate="20210227"
sign_res_info="7天签到 第 5 天
当天签到奖励 ["20元优惠券"]"
#移动 jd_OeTNobRVGiNZ sign_res_end
#赵 122294312-396444 sign_res
sign_num=""
giftName=""1京豆""
giftRes="ok"
giftDate="20210228"
sign_res_info="7天签到 第  天
当天签到奖励 ["1京豆"]"
#赵 122294312-396444 sign_res_end
#王 1309893722-164885 sign_res
sign_num=""
giftName=""1京豆""
giftRes="ok"
giftDate="20210228"
sign_res_info="7天签到 第  天
当天签到奖励 ["1京豆"]"
#王 1309893722-164885 sign_res_end
#肥鹅 jd_4d651d9e48204 sign_res
sign_num=""
giftName=""1京豆""
giftRes="ok"
giftDate="20210228"
sign_res_info="7天签到 第  天
当天签到奖励 ["1京豆"]"
#肥鹅 jd_4d651d9e48204 sign_res_end
