03/02/21 00:00:02 844140400  1614614402
RANDOM_num: 20
force to sign

real	0m0.964s
user	0m0.016s
sys	0m0.094s
lzkj-isv.isvjcloud.com	FALSE	/	FALSE	1614615004	LZ_TOKEN_VALUE	B0oH3vDY2bhHWuKbVaJ+XQ==
lzkj-isv.isvjcloud.com	FALSE	/	FALSE	1614615004	LZ_TOKEN_KEY	lztokenpage8d72444e859a4fa7bcdc34e27c4026a7
03/02/21 00:00:05 501585500  1614614405
use pt_key

real	0m0.696s
user	0m0.094s
sys	0m0.125s
03/02/21 00:00:06 417577100  1614614406 token: AAFgPQ-GADDmkeOgYtVtdC1t727XHf1B1tAOVdDcq6inrD1VUBGr3bJ-E8szHUYGGCGzjqPT8WE

real	0m1.192s
user	0m0.047s
sys	0m0.109s
03/02/21 00:00:08 490249200  1614614408 secretPin: 4YEv+ri88IbQX5lhoqHrzE7oeVP9kq2pYSH90mYt4m3fwcJlClpxrfmVYaGKuquQkdK3rLBQpEQH9V4tdrrh0w==

03/02/21 00:00:08 708124900  1614614408 肥鹅签到英氏YeeHoO旗舰店

real	0m4.173s
user	0m0.016s
sys	0m0.094s
{
  "gift": {
    "activityId": null,
    "activityType": null,
    "venderId": null,
    "type": 0,
    "name": null,
    "itemHb": null,
    "id": "1156638",
    "giftType": "6",
    "giftName": "5京豆",
    "giftNum": "5",
    "giftTotal": "5000",
    "giftResidue": null,
    "priceInfo": "0.05",
    "shortLink": "",
    "orginLink": null,
    "giftInfoId": "9627c91e0f98452b8fbb6b9dd6e517de",
    "commonAddAwardVO": null
  },
  "msg": "",
  "isOk": true,
  "isSend": true,
  "key": "jVipBk"
}
true
03/02/21 00:00:18 094603300 1614614418
03/02/21 00:00:18 351503800 1614614418 签到英氏YeeHoO旗舰店完成
03/02/21 00:01:18 985104100  1614614478
true
首次签到成功. 写入giftName: "5京豆"

***********************************************
2021/03/01_08:00:00  [已~签~到]      
2021/03/02_08:00:00  [已~签~到]      
当天签到奖励 ["5京豆"]
连续签到 3 天
签到总天数 3
***********************************************

肥鹅签到英氏YeeHoO旗舰店查看结果
{"msg":"","giftLog":{"20210302":"y"},"isOk":true,"signDetail":{"20210301":"y","20210302":"y"},"followDays":2,"signRecord":{"nicknameShow":null,"id":"6a7e5c4cc1904c4b8872830814a6e357","venderId":16732,"actId":"6798964e773a447bba56243fbff38c84","actName":"签到活动","nick":"4YEv+ri88IbQX5lhoqHrzE7oeVP9kq2pYSH90mYt4m3fwcJlClpxrfmVYaGKuquQkdK3rLBQpEQH9V4tdrrh0w==","phone":"","midUrl":null,"pin":"4YEv+ri88IbQX5lhoqHrzE7oeVP9kq2pYSH90mYt4m3fwcJlClpxrfmVYaGKuquQkdK3rLBQpEQH9V4tdrrh0w==","lastSignDate":20210302,"contiSignNum":3,"totalSignNum":3,"createTime":1614516223000,"updateTime":1614614411000,"remark":null}}

{
  "signDetail": {
    "20210301": "y",
    "20210302": "y"
  },
  "contiSignNum": 3,
  "totalSignNum": 3
}

英氏YeeHoO旗舰店活动规则
{"msg":"","act":{"id":"6798964e773a447bba56243fbff38c84","jdActivityId":null,"venderId":16732,"actName":"签到活动","startTime":1614136740000,"endTime":1614700799000,"tplId":"0110","deleted":null,"actUrl":"https://lzkj-isv.isvjcloud.com/sign/signActivity2?activityId=6798964e773a447bba56243fbff38c84&venderId=16732","shortUrl":"3.cn/10152Q-jS","qrcodeUrl":"https://img10.360buyimg.com/imgzone/jfs/t1/151649/36/18837/3609/6035c598E53998d54/933d66cc23758223.png","actRule":"1、活动时间：2021-02-24 11:19 - 2021-03-02 23:59；
2、符合连续签到赠送条件，则有机会赠送连续签到奖品，同时每日签到奖品不赠送；
3、连续签到3天，有机会赠送[5京豆]；
4、连续签到5天，有机会赠送[10京豆]；
5、连续签到7天，有机会赠送[15京豆]；
6、达到连续签到天数并领取奖品后，签到记录清零，从第1天重新计算；
7、关注店铺后方可参与活动；
8、签到成功后有机会获得奖品，也有可能会与奖品擦肩而过（奖品数量有限，先到先得）；
9、若用户存在刷奖等恶意行为，一经发现将取消抽奖资格（如奖品已经发放，有权追回奖品）；
注：奖品发放形式：
实物奖：
（1）中奖客户信息收集：页面弹屏提示中奖客户提供收货地址、号码和奖项；(超过1小时未填写对应收货信息，视为放弃);
（2）实物奖采取寄送方式发放，获奖用户需在开奖后填写姓名、联系电话、详细地址信息。如因用户原因无法联系上，即奖品作废不再补发，或如用户未填写真实有效的信息或填写收货信息不详，均视为放弃奖品；
虚拟产品奖：
（1）京豆：中奖后系统预计24小时内自动发放至账户；
（2）优惠券：中奖后需手动领取，预计24小时到账；
【活动参与主体资格】
（1）每位自然人用户仅能使用一个京东账号参与活动，微信号、QQ、京东帐号、手机号码等任一信息一致或指向同一用户的，视为同一个用户，则第一个参与本活动的账号参与结果有效，其余账号参与结果均视为无效。
（2）若发现同一位用户使用不同账号重复参与活动，承办方有权取消其获奖资格。
【注意事项】
（1）活动过程中，凡以不正当手段（如作弊领取、恶意套取、刷信誉、虚假交易、扰乱系统、实施网络攻击等）参与本次活动的用户，商家有权终止其参与活动，并取消其获奖资格（如奖品已发放，商家有权追回），如给商家造成损失的，商家将保留向违规用户继续追索的权利。
（2）如遇不可抗力(包括但不限于重大灾害事件、活动受政府机关指令需要停止举办或调整的、活动中存在大面积作弊行为、活动遭受严重网络攻击或因系统故障导致活动中奖名单大批量出错，活动不能正常进行的)，商家有权取消、修改或暂停本活动。
（3）本活动所发放的实物奖不得提现、不得转赠他人、不得为他人付款。
（4）是否中奖以活动发布者后台统计结果为准。
","createTime":1614136728000,"updateTime":1614136728000,"activityType":null,"actTimeStr":"2021-02-24 11:19 至 2021-03-02 23:59","actRange":"all","isFocusShop":"y","giftJson":"{\"giftConditions\":[{\"dayNum\":\"3\",\"gift\":{\"giftInfoId\":\"9627c91e0f98452b8fbb6b9dd6e517de\",\"giftName\":\"5京豆\",\"giftNum\":\"5\",\"giftTotal\":\"5000\",\"giftType\":\"6\",\"id\":\"1156638\",\"priceInfo\":\"0.05\",\"shortLink\":\"\",\"type\":0}},{\"dayNum\":\"5\",\"gift\":{\"giftInfoId\":\"e65a4f470f16428dbb2b35691faa805a\",\"giftName\":\"10京豆\",\"giftNum\":\"10\",\"giftTotal\":\"3000\",\"giftType\":\"6\",\"id\":\"1156638\",\"priceInfo\":\"0.10\",\"shortLink\":\"\",\"type\":0}},{\"dayNum\":\"7\",\"gift\":{\"giftInfoId\":\"5f6611f78a4745f1ab53ed9c96a2137b\",\"giftName\":\"15京豆\",\"giftNum\":\"15\",\"giftTotal\":\"2000\",\"giftType\":\"6\",\"id\":\"1156638\",\"priceInfo\":\"0.15\",\"shortLink\":\"\",\"type\":0}}],\"hasGiftEveryDay\":\"n\",\"signType\":\"1\"}","wxSignActivityGiftBean":{"hasGiftEveryDay":"n","gift":null,"signType":"1","giftConditions":[{"dayNum":"3","gift":{"activityId":null,"activityType":null,"venderId":null,"type":0,"name":null,"itemHb":null,"id":"1156638","giftType":"6","giftName":"5京豆","giftNum":"5","giftTotal":"5000","giftResidue":null,"priceInfo":"0.05","shortLink":"","orginLink":null,"giftInfoId":"9627c91e0f98452b8fbb6b9dd6e517de","commonAddAwardVO":null}},{"dayNum":"5","gift":{"activityId":null,"activityType":null,"venderId":null,"type":0,"name":null,"itemHb":null,"id":"1156638","giftType":"6","giftName":"10京豆","giftNum":"10","giftTotal":"3000","giftResidue":null,"priceInfo":"0.10","shortLink":"","orginLink":null,"giftInfoId":"e65a4f470f16428dbb2b35691faa805a","commonAddAwardVO":null}},{"dayNum":"7","gift":{"activityId":null,"activityType":null,"venderId":null,"type":0,"name":null,"itemHb":null,"id":"1156638","giftType":"6","giftName":"15京豆","giftNum":"15","giftTotal":"2000","giftResidue":null,"priceInfo":"0.15","shortLink":"","orginLink":null,"giftInfoId":"5f6611f78a4745f1ab53ed9c96a2137b","commonAddAwardVO":null}}]},"isShowItems":"y","showItemIds":"10023584440650,10023584422959,10025714051344,10025878008595,10023584452650,10026372198289,10026529803471,68006929640,10026610866343,67822539846,72100281884,10025714088366,10026610850510,10026529799649,10026529809231,10026529777563,10026529777557,10025298654536,10026529812421,10026529799653","jmWareVOList":null,"status":"ING"},"isOk":true}

{
  "actUrl": "https://lzkj-isv.isvjcloud.com/sign/signActivity2?activityId=6798964e773a447bba56243fbff38c84&venderId=16732",
  "shortUrl": "3.cn/10152Q-jS",
  "actRule": "1、活动时间：2021-02-24 11:19 - 2021-03-02 23:59；\n2、符合连续签到赠送条件，则有机会赠送连续签到奖品，同时每日签到奖品不赠送；\n3、连续签到3天，有机会赠送[5京豆]；\n4、连续签到5天，有机会赠送[10京豆]；\n5、连续签到7天，有机会赠送[15京豆]；\n6、达到连续签到天数并领取奖品后，签到记录清零，从第1天重新计算；\n7、关注店铺后方可参与活动；\n8、签到成功后有机会获得奖品，也有可能会与奖品擦肩而过（奖品数量有限，先到先得）；\n9、若用户存在刷奖等恶意行为，一经发现将取消抽奖资格（如奖品已经发放，有权追回奖品）；\n注：奖品发放形式：\n实物奖：\n（1）中奖客户信息收集：页面弹屏提示中奖客户提供收货地址、号码和奖项；(超过1小时未填写对应收货信息，视为放弃);\n（2）实物奖采取寄送方式发放，获奖用户需在开奖后填写姓名、联系电话、详细地址信息。如因用户原因无法联系上，即奖品作废不再补发，或如用户未填写真实有效的信息或填写收货信息不详，均视为放弃奖品；\n虚拟产品奖：\n（1）京豆：中奖后系统预计24小时内自动发放至账户；\n（2）优惠券：中奖后需手动领取，预计24小时到账；\n【活动参与主体资格】\n（1）每位自然人用户仅能使用一个京东账号参与活动，微信号、QQ、京东帐号、手机号码等任一信息一致或指向同一用户的，视为同一个用户，则第一个参与本活动的账号参与结果有效，其余账号参与结果均视为无效。\n（2）若发现同一位用户使用不同账号重复参与活动，承办方有权取消其获奖资格。\n【注意事项】\n（1）活动过程中，凡以不正当手段（如作弊领取、恶意套取、刷信誉、虚假交易、扰乱系统、实施网络攻击等）参与本次活动的用户，商家有权终止其参与活动，并取消其获奖资格（如奖品已发放，商家有权追回），如给商家造成损失的，商家将保留向违规用户继续追索的权利。\n（2）如遇不可抗力(包括但不限于重大灾害事件、活动受政府机关指令需要停止举办或调整的、活动中存在大面积作弊行为、活动遭受严重网络攻击或因系统故障导致活动中奖名单大批量出错，活动不能正常进行的)，商家有权取消、修改或暂停本活动。\n（3）本活动所发放的实物奖不得提现、不得转赠他人、不得为他人付款。\n（4）是否中奖以活动发布者后台统计结果为准。\n"
}
actId=6798964e773a447bba56243fbff38c84
venderId=16732
startTime=1614136740000
endTime=1614700799000
# 短链接
suo_url="https://3.cn/10152Q-jS"
actTimeStr="2021-02-24 11:19 至 2021-03-02 23:59"
#店铺名称
vendername="英氏YeeHoO旗舰店"
# 长链接
url=https://lzkj-isv.isvjcloud.com/sign/signActivity2?activityId=6798964e773a447bba56243fbff38c84&venderId=16732&adsource=tg_xuanFuTuBiao
# 活动时间：2021.02.24 11:19:00 - 2021.03.02 23:59:59
# 奖励说明：
actRule="
连续签到3天：5京豆 5京豆
连续签到5天：10京豆 10京豆
连续签到7天：15京豆 15京豆
"
#王 1309893722-164885 sign_res
sign_res="
signTime=1614556800;signed=2"
sign_num="2"
sign_total_num="2"
giftName="null"
giftRes="ok"
giftDate="20210301"
sign_res_info="
2021/03/01_08:00:00  [已~签~到]      
当天签到奖励 [null]
连续签到 2 天
签到总天数 2"
#王 1309893722-164885 sign_res_end
#移动 jd_OeTNobRVGiNZ sign_res
sign_res="
signTime=1614556800;signed=2"
sign_num="2"
sign_total_num="2"
giftName="null"
giftRes="ok"
giftDate="20210301"
sign_res_info="
2021/03/01_08:00:00  [已~签~到]      
当天签到奖励 [null]
连续签到 2 天
签到总天数 2"
#移动 jd_OeTNobRVGiNZ sign_res_end
#赵 122294312-396444 sign_res
sign_res="
signTime=1614556800;signed=2
signTime=1614643200;signed=2"
sign_num="3"
sign_total_num="3"
giftName=""5京豆""
giftRes="ok"
giftDate="20210302"
sign_res_info="
2021/03/01_08:00:00  [已~签~到]      
2021/03/02_08:00:00  [已~签~到]      
当天签到奖励 ["5京豆"]
连续签到 3 天
签到总天数 3"
#赵 122294312-396444 sign_res_end
#肥鹅 jd_4d651d9e48204 sign_res
sign_res="
signTime=1614556800;signed=2
signTime=1614643200;signed=2"
sign_num="3"
sign_total_num="3"
giftName=""5京豆""
giftRes="ok"
giftDate="20210302"
sign_res_info="
2021/03/01_08:00:00  [已~签~到]      
2021/03/02_08:00:00  [已~签~到]      
当天签到奖励 ["5京豆"]
连续签到 3 天
签到总天数 3"
#肥鹅 jd_4d651d9e48204 sign_res_end
