04/04/21 00:30:02 602889500  1617467402
RANDOM_num: 45
giftOver="ok"
04/04/21 00:30:02 822750400  1617467402
王 签满7天不能再参加了.
***********************************************
7天签到 第 0 天
当天签到奖励 []
***********************************************

#店铺名称
vendername="碧欧泉男士京东自营官方旗舰店"
#店铺激活码
actId="2cf4bba63bee42dd93b472627310a0ec"
#店铺id
venderId="1000099701"
#长链接
url="https://lzkj-isv.isvjcloud.com/sign/sevenDay/signActivity?activityId=2cf4bba63bee42dd93b472627310a0ec&venderId=1000099701&adsource=tg_storePage"

startTime=1617115920
endTime=1619798280
# 活动时间：2021-03-30 22:52 - 2021-04-30 23:58；
# 奖励说明：
actRule="
7天签到
连续签到1天：2京豆
连续签到2天：2京豆
连续签到3天：2京豆
连续签到4天：2京豆
连续签到5天：2京豆
连续签到6天：2京豆
连续签到7天：2京豆
"
#赵 122294312-396444 sign_res
sign_num="0"
giftName=""
giftRes="ok"
giftDate="20210402"
sign_res_info="7天签到 第 0 天
当天签到奖励 []"
giftOver="ok"
#赵 122294312-396444 sign_res_end
#王 1309893722-164885 sign_res
sign_num="0"
giftName=""
giftRes="ok"
giftDate="20210402"
sign_res_info="7天签到 第 0 天
当天签到奖励 []"
giftOver="ok"
#王 1309893722-164885 sign_res_end
#肥鹅 jd_4d651d9e48204 sign_res
sign_num="0"
giftName=""
giftRes="ok"
giftDate="20210403"
sign_res_info="7天签到 第 0 天
当天签到奖励 []"
giftOver="ok"
#肥鹅 jd_4d651d9e48204 sign_res_end
#移动 jd_OeTNobRVGiNZ sign_res
sign_num="0"
giftName=""
giftRes=""
giftDate="20210404"
sign_res_info="7天签到 第 0 天
当天签到奖励 []"
#移动 jd_OeTNobRVGiNZ sign_res_end
