02/20/21 00:02:13 776552100  1613750533
RANDOM_num: 25
removed '/tmp/tmp.VFFCoKikeL'
02/20/21 00:02:16 236328500  1613750536
王 今天已经签到过. 签到结果: ok  giftDate: 20210220
***********************************************


当天签到奖励 null
连续签到  天
签到总天数 
***********************************************

王 签到结果获取失败.
02/20/21 00:02:17 085304500  1613750537 检查王签到

real	0m2.015s
user	0m0.031s
sys	0m0.078s
[WARN] get LZ_TOKEN error
02/20/21 00:02:22 964175800  1613750542
use pt_key

real	0m2.120s
user	0m0.125s
sys	0m0.031s
02/20/21 00:02:25 488315600  1613750545 token: AAFgL-EQADCiJhDQK-8eTjUxS4rDRzPCmzwKIsZ9lkOg-VJ-hvwoUIBQybpt_2JZzeeDVt4CVA0
parse error: Invalid numeric literal at line 1, column 10

real	0m2.333s
user	0m0.125s
sys	0m0.047s
02/20/21 00:02:28 307447000  1613750548 secretPin: 
[WARN] get secretPin error

02/20/21 00:02:28 764869300  1613750548 王签到澳优乳业官方旗舰店

real	0m2.692s
user	0m0.047s
sys	0m0.047s
parse error: Invalid numeric literal at line 1, column 10
parse error: Invalid numeric literal at line 1, column 10
parse error: Invalid numeric literal at line 1, column 10
parse error: Invalid numeric literal at line 1, column 10
02/20/21 00:02:37 555460400 1613750557

real	0m1.543s
user	0m0.000s
sys	0m0.016s

real	0m3.431s
user	0m0.031s
sys	0m0.031s
[WARN] get LZ_TOKEN error
02/20/21 00:02:45 142535500  1613750565
use pt_key

real	0m2.842s
user	0m0.125s
sys	0m0.094s
02/20/21 00:02:48 605590100  1613750568 token: AAFgL-EnADBVX-yBGz1PkOY56oxJ6ls3vbMGMKrMZSaozix-Wl6Nufb3oBu_EPTRubE4MbsO-Nk
parse error: Invalid numeric literal at line 1, column 10

real	0m2.271s
user	0m0.078s
sys	0m0.141s
02/20/21 00:02:51 433453600  1613750571 secretPin: 
[WARN] get secretPin error

02/20/21 00:02:52 011308600  1613750572 王签到澳优乳业官方旗舰店

real	0m1.169s
user	0m0.000s
sys	0m0.078s
parse error: Invalid numeric literal at line 1, column 10
parse error: Invalid numeric literal at line 1, column 10
parse error: Invalid numeric literal at line 1, column 10
parse error: Invalid numeric literal at line 1, column 10
02/20/21 00:03:01 411586100 1613750581

real	0m2.221s
user	0m0.000s
sys	0m0.000s

real	0m3.871s
user	0m0.031s
sys	0m0.078s
[WARN] get LZ_TOKEN error
02/20/21 00:03:09 609739500  1613750589
use pt_key

real	0m2.399s
user	0m0.094s
sys	0m0.094s
02/20/21 00:03:12 652401600  1613750592 token: AAFgL-E_ADDJBTquuGvPano0wK3gs4YEeh5yUXuonP_qo2APLP3N4xx2Wt4hKoSQGj48bfBSTj8
parse error: Invalid numeric literal at line 1, column 10

real	0m2.636s
user	0m0.156s
sys	0m0.063s
02/20/21 00:03:15 898196800  1613750595 secretPin: 
[WARN] get secretPin error

02/20/21 00:03:16 470646500  1613750596 王签到澳优乳业官方旗舰店

real	0m1.916s
user	0m0.031s
sys	0m0.094s
parse error: Invalid numeric literal at line 1, column 10
parse error: Invalid numeric literal at line 1, column 10
parse error: Invalid numeric literal at line 1, column 10
parse error: Invalid numeric literal at line 1, column 10
02/20/21 00:03:25 471444300 1613750605

real	0m2.578s
user	0m0.000s
sys	0m0.047s

real	0m2.477s
user	0m0.016s
sys	0m0.125s
[WARN] get LZ_TOKEN error
02/20/21 00:03:31 611197600  1613750611
use pt_key

real	0m1.984s
user	0m0.109s
sys	0m0.109s
02/20/21 00:03:34 441577700  1613750614 token: AAFgL-FVADAcK2MsEk8iiF70876l6G6zCDoI0rcHziRgP0-5VXkI6Fwnpia7qj7GutxoiqFSxCo
parse error: Invalid numeric literal at line 1, column 10

real	0m3.167s
user	0m0.094s
sys	0m0.063s
02/20/21 00:03:38 318677100  1613750618 secretPin: 
[WARN] get secretPin error

02/20/21 00:03:39 126067800  1613750619 王签到澳优乳业官方旗舰店

real	0m3.739s
user	0m0.000s
sys	0m0.078s
parse error: Invalid numeric literal at line 1, column 10
parse error: Invalid numeric literal at line 1, column 10
parse error: Invalid numeric literal at line 1, column 10
parse error: Invalid numeric literal at line 1, column 10
02/20/21 00:03:55 542663300 1613750635

real	0m1.780s
user	0m0.000s
sys	0m0.016s

real	0m2.493s
user	0m0.000s
sys	0m0.125s
[WARN] get LZ_TOKEN error
02/20/21 00:04:00 871568800  1613750640
use pt_key

real	0m1.673s
user	0m0.109s
sys	0m0.094s
02/20/21 00:04:04 606168400  1613750644 token: AAFgL-FyADB4A4J-R6ry2epTiPpOxepOV4xS_I_15e_zzGii7Gs01QH2z5c82lQb5j_61mWU7l4
parse error: Invalid numeric literal at line 1, column 10

real	0m2.103s
user	0m0.109s
sys	0m0.125s
02/20/21 00:04:07 121965400  1613750647 secretPin: 
[WARN] get secretPin error

02/20/21 00:04:07 584978900  1613750647 王签到澳优乳业官方旗舰店

real	0m2.471s
user	0m0.016s
sys	0m0.078s
parse error: Invalid numeric literal at line 1, column 10
parse error: Invalid numeric literal at line 1, column 10
parse error: Invalid numeric literal at line 1, column 10
parse error: Invalid numeric literal at line 1, column 10
02/20/21 00:04:22 440339600 1613750662

real	0m2.542s
user	0m0.000s
sys	0m0.016s

real	0m1.542s
user	0m0.000s
sys	0m0.078s
[WARN] get LZ_TOKEN error
02/20/21 00:04:30 746049200  1613750670
use pt_key

real	0m2.548s
user	0m0.109s
sys	0m0.063s
02/20/21 00:04:34 184616900  1613750674 token: AAFgL-GRADCh34i3B75weBdb3-Bvfz_3h64pfplcDapC3SB31Dsdxkf1Z-1QP2OZk1Em07g_fw0
parse error: Invalid numeric literal at line 1, column 10

real	0m2.297s
user	0m0.125s
sys	0m0.063s
02/20/21 00:04:37 470087400  1613750677 secretPin: 
[WARN] get secretPin error

02/20/21 00:04:38 419581400  1613750678 王签到澳优乳业官方旗舰店

real	0m1.705s
user	0m0.047s
sys	0m0.031s
parse error: Invalid numeric literal at line 1, column 10
parse error: Invalid numeric literal at line 1, column 10
parse error: Invalid numeric literal at line 1, column 10
parse error: Invalid numeric literal at line 1, column 10
02/20/21 00:04:47 925733700 1613750687

real	0m2.496s
user	0m0.000s
sys	0m0.031s

real	0m2.411s
user	0m0.000s
sys	0m0.063s
[WARN] get LZ_TOKEN error
02/20/21 00:04:55 989019200  1613750695
use pt_key

real	0m2.503s
user	0m0.109s
sys	0m0.109s
02/20/21 00:05:00 422640900  1613750700 token: AAFgL-GqADBjCsXV46Lc07Hq8-rfRWGzVaI5AsogC-8HSs1fuzAD7bJDiDDY0s7cQBxhtCCDxeI
parse error: Invalid numeric literal at line 1, column 10

real	0m2.500s
user	0m0.141s
sys	0m0.063s
02/20/21 00:05:03 453819600  1613750703 secretPin: 
[WARN] get secretPin error

02/20/21 00:05:04 051767900  1613750704 王签到澳优乳业官方旗舰店

real	0m2.050s
user	0m0.016s
sys	0m0.078s
parse error: Invalid numeric literal at line 1, column 10
parse error: Invalid numeric literal at line 1, column 10
parse error: Invalid numeric literal at line 1, column 10
parse error: Invalid numeric literal at line 1, column 10
02/20/21 00:05:19 308671700 1613750719

real	0m3.203s
user	0m0.000s
sys	0m0.031s

real	0m1.718s
user	0m0.031s
sys	0m0.094s
[WARN] get LZ_TOKEN error
02/20/21 00:05:27 028773200  1613750727
use pt_key

real	0m1.971s
user	0m0.047s
sys	0m0.078s
02/20/21 00:05:30 558568200  1613750730 token: AAFgL-HIADDSou-VExcP20TuWQDKCc5--OybJ-qHwOPmLEPvzg4hNBmMO0KpNLiuPFSeXZ6p8kk
parse error: Invalid numeric literal at line 1, column 10

real	0m2.296s
user	0m0.094s
sys	0m0.063s
02/20/21 00:05:33 401093500  1613750733 secretPin: 
[WARN] get secretPin error

02/20/21 00:05:33 743712900  1613750733 王签到澳优乳业官方旗舰店

real	0m1.537s
user	0m0.047s
sys	0m0.063s
parse error: Invalid numeric literal at line 1, column 10
parse error: Invalid numeric literal at line 1, column 10
parse error: Invalid numeric literal at line 1, column 10
parse error: Invalid numeric literal at line 1, column 10
02/20/21 00:05:42 092319800 1613750742

real	0m3.330s
user	0m0.000s
sys	0m0.031s

real	0m2.686s
user	0m0.031s
sys	0m0.063s
[WARN] get LZ_TOKEN error
02/20/21 00:05:52 981560400  1613750752
use pt_key

real	0m2.530s
user	0m0.172s
sys	0m0.047s
02/20/21 00:05:56 239614300  1613750756 token: AAFgL-HjADC4XI2f9nOvZvpl2Ppukw0BC6tbvdcbOMcjmrSQ5Rqbmt9p5Fs6FJA0Xx0XDxxIq5A
parse error: Invalid numeric literal at line 1, column 10

real	0m2.115s
user	0m0.078s
sys	0m0.094s
02/20/21 00:06:00 169015600  1613750760 secretPin: 
[WARN] get secretPin error

02/20/21 00:06:00 798661800  1613750760 王签到澳优乳业官方旗舰店

real	0m1.638s
user	0m0.031s
sys	0m0.063s
parse error: Invalid numeric literal at line 1, column 10
parse error: Invalid numeric literal at line 1, column 10
parse error: Invalid numeric literal at line 1, column 10
parse error: Invalid numeric literal at line 1, column 10
02/20/21 00:06:10 397988600 1613750770

real	0m3.013s
user	0m0.000s
sys	0m0.016s

real	0m2.026s
user	0m0.031s
sys	0m0.031s
[WARN] get LZ_TOKEN error
02/20/21 00:06:19 460938700  1613750779
use pt_key

real	0m2.016s
user	0m0.094s
sys	0m0.063s
02/20/21 00:06:22 078579100  1613750782 token: AAFgL-H9ADCHJIjzuB6u6fQnge4eukoJNAzKGvLFsRGy43ic9iwHwR_b6xP6ReWpzt0I09xBvP4
parse error: Invalid numeric literal at line 1, column 10

real	0m2.215s
user	0m0.109s
sys	0m0.047s
02/20/21 00:06:24 906656400  1613750784 secretPin: 
[WARN] get secretPin error

02/20/21 00:06:25 470873300  1613750785 王签到澳优乳业官方旗舰店

real	0m1.731s
user	0m0.000s
sys	0m0.078s
parse error: Invalid numeric literal at line 1, column 10
parse error: Invalid numeric literal at line 1, column 10
parse error: Invalid numeric literal at line 1, column 10
parse error: Invalid numeric literal at line 1, column 10
02/20/21 00:06:37 003484900 1613750797

real	0m3.149s
user	0m0.000s
sys	0m0.016s

real	0m1.676s
user	0m0.047s
sys	0m0.094s
[WARN] get LZ_TOKEN error
02/20/21 00:06:43 531847400  1613750803
use pt_key

real	0m1.459s
user	0m0.141s
sys	0m0.031s
02/20/21 00:06:45 530217800  1613750805 token: AAFgL-IUADB6Mj1HYD9bMqXObC4d0-qxPTBnZr76N1TjJGG4-Wd4tnYXmCQ4HxIRaVSMKjoDyNo
parse error: Invalid numeric literal at line 1, column 10

real	0m3.605s
user	0m0.109s
sys	0m0.078s
02/20/21 00:06:49 782062900  1613750809 secretPin: 
[WARN] get secretPin error

02/20/21 00:06:50 380327300  1613750810 王签到澳优乳业官方旗舰店

real	0m1.940s
user	0m0.016s
sys	0m0.063s
parse error: Invalid numeric literal at line 1, column 10
parse error: Invalid numeric literal at line 1, column 10
parse error: Invalid numeric literal at line 1, column 10
parse error: Invalid numeric literal at line 1, column 10
02/20/21 00:07:03 272412900 1613750823

real	0m3.980s
user	0m0.000s
sys	0m0.016s

real	0m1.606s
user	0m0.031s
sys	0m0.047s
[WARN] get LZ_TOKEN error
02/20/21 00:07:10 199217700  1613750830
use pt_key

real	0m1.942s
user	0m0.125s
sys	0m0.109s
02/20/21 00:07:12 704465800  1613750832 token: AAFgL-IwADBzkj9w0QJpNP1BO5HwrMpCxhSjV5s1Tcbxguzykb5ZNcbceyBS5A9qe3GJrMpa7-w
parse error: Invalid numeric literal at line 1, column 10

real	0m2.138s
user	0m0.125s
sys	0m0.063s
02/20/21 00:07:15 476046600  1613750835 secretPin: 
[WARN] get secretPin error

02/20/21 00:07:15 917740700  1613750835 王签到澳优乳业官方旗舰店

real	0m1.557s
user	0m0.031s
sys	0m0.094s
parse error: Invalid numeric literal at line 1, column 10
parse error: Invalid numeric literal at line 1, column 10
parse error: Invalid numeric literal at line 1, column 10
parse error: Invalid numeric literal at line 1, column 10
02/20/21 00:07:28 464670000 1613750848

real	0m4.244s
user	0m0.000s
sys	0m0.047s

real	0m1.105s
user	0m0.047s
sys	0m0.078s
[WARN] get LZ_TOKEN error
02/20/21 00:07:37 175038700  1613750857
use pt_key

real	0m1.400s
user	0m0.141s
sys	0m0.172s
02/20/21 00:07:39 981520700  1613750859 token: AAFgL-JKADBZOFXezbexFl3i0K2bkZYRiVKydGHrQ--46gyZD2Jns0KSyPd42j0ELLZU60uyeJQ
parse error: Invalid numeric literal at line 1, column 10

real	0m2.118s
user	0m0.109s
sys	0m0.078s
02/20/21 00:07:42 680483000  1613750862 secretPin: 
[WARN] get secretPin error

02/20/21 00:07:43 536228500  1613750863 王签到澳优乳业官方旗舰店

real	0m1.430s
user	0m0.031s
sys	0m0.047s
parse error: Invalid numeric literal at line 1, column 10
parse error: Invalid numeric literal at line 1, column 10
parse error: Invalid numeric literal at line 1, column 10
parse error: Invalid numeric literal at line 1, column 10
02/20/21 00:07:57 117714800 1613750877

real	0m3.757s
user	0m0.016s
sys	0m0.016s

real	0m1.292s
user	0m0.031s
sys	0m0.047s
[WARN] get LZ_TOKEN error
02/20/21 00:08:04 451261500  1613750884
use pt_key

real	0m1.949s
user	0m0.109s
sys	0m0.094s
02/20/21 00:08:06 662388600  1613750886 token: AAFgL-JmADDH5LNtx8X3_nzO7VDmsdziicz0R07M1v5XftIrn86Zj19DlP-at1Frp_2oyazqDHk
parse error: Invalid numeric literal at line 1, column 10

real	0m1.629s
user	0m0.125s
sys	0m0.109s
02/20/21 00:08:09 555819100  1613750889 secretPin: 
[WARN] get secretPin error

02/20/21 00:08:09 969049600  1613750889 王签到澳优乳业官方旗舰店

real	0m1.300s
user	0m0.047s
sys	0m0.016s
parse error: Invalid numeric literal at line 1, column 10
parse error: Invalid numeric literal at line 1, column 10
parse error: Invalid numeric literal at line 1, column 10
parse error: Invalid numeric literal at line 1, column 10
02/20/21 00:08:16 742984100 1613750896

real	0m4.768s
user	0m0.016s
sys	0m0.016s

real	0m1.928s
user	0m0.047s
sys	0m0.016s
[WARN] get LZ_TOKEN error
02/20/21 00:08:26 954404500  1613750906
use pt_key

real	0m1.571s
user	0m0.078s
sys	0m0.109s
02/20/21 00:08:29 887224500  1613750909 token: AAFgL-J8ADCL5tQk5DV-fgyFKxPJwUQ8MG1kIM6iuHTlaw6DEXxfi2j5VGIhXGf_BMva1ABiN7U
parse error: Invalid numeric literal at line 1, column 10

real	0m1.643s
user	0m0.109s
sys	0m0.094s
02/20/21 00:08:31 911411000  1613750911 secretPin: 
[WARN] get secretPin error

02/20/21 00:08:32 153168500  1613750912 王签到澳优乳业官方旗舰店

real	0m1.114s
user	0m0.031s
sys	0m0.047s
parse error: Invalid numeric literal at line 1, column 10
parse error: Invalid numeric literal at line 1, column 10
parse error: Invalid numeric literal at line 1, column 10
parse error: Invalid numeric literal at line 1, column 10
02/20/21 00:08:44 829684200 1613750924

real	0m4.684s
user	0m0.000s
sys	0m0.031s

real	0m3.052s
user	0m0.031s
sys	0m0.047s
[WARN] get LZ_TOKEN error
02/20/21 00:08:54 053778800  1613750934
use pt_key

real	0m2.197s
user	0m0.109s
sys	0m0.063s
02/20/21 00:08:56 605903600  1613750936 token: AAFgL-KXADBS6q0dCy6SAiYtzy9GBX18cELBkp3GefCKBEBpWOptiN4uINC4iL7Df-7PcD1wZbM
parse error: Invalid numeric literal at line 1, column 10

real	0m1.348s
user	0m0.141s
sys	0m0.094s
02/20/21 00:08:58 213124800  1613750938 secretPin: 
[WARN] get secretPin error

02/20/21 00:08:58 512847400  1613750938 王签到澳优乳业官方旗舰店

real	0m0.861s
user	0m0.047s
sys	0m0.063s
parse error: Invalid numeric literal at line 1, column 10
parse error: Invalid numeric literal at line 1, column 10
parse error: Invalid numeric literal at line 1, column 10
parse error: Invalid numeric literal at line 1, column 10
02/20/21 00:09:04 967027900 1613750944

real	0m4.426s
user	0m0.000s
sys	0m0.016s

real	0m1.164s
user	0m0.063s
sys	0m0.078s
[WARN] get LZ_TOKEN error
02/20/21 00:09:13 446147400  1613750953
use pt_key

real	0m1.809s
user	0m0.109s
sys	0m0.047s
02/20/21 00:09:15 699594300  1613750955 token: AAFgL-KrADD-al1HaprkAWPMDE35oTzQJ0ZhXd6S_HGkmDim6evtXrLiQ0GLdPhicmFCqyDb_aM
parse error: Invalid numeric literal at line 1, column 10

real	0m1.538s
user	0m0.188s
sys	0m0.078s
02/20/21 00:09:17 544547000  1613750957 secretPin: 
[WARN] get secretPin error

02/20/21 00:09:18 987489100  1613750958 王签到澳优乳业官方旗舰店

real	0m1.583s
user	0m0.031s
sys	0m0.031s
parse error: Invalid numeric literal at line 1, column 10
parse error: Invalid numeric literal at line 1, column 10
parse error: Invalid numeric literal at line 1, column 10
parse error: Invalid numeric literal at line 1, column 10
02/20/21 00:09:29 714287900 1613750969

real	0m5.733s
user	0m0.000s
sys	0m0.047s

real	0m1.957s
user	0m0.031s
sys	0m0.063s
[WARN] get LZ_TOKEN error
02/20/21 00:09:40 366899100  1613750980
use pt_key

real	0m2.578s
user	0m0.125s
sys	0m0.109s
02/20/21 00:09:43 486848000  1613750983 token: AAFgL-LGADBFCorKY3NziYhP_7gM4KbQcqZuhZyrmgqmSDQGqZM9dLmeAHCcEPD3AEcNlxhcPYI
parse error: Invalid numeric literal at line 1, column 10

real	0m1.895s
user	0m0.109s
sys	0m0.063s
02/20/21 00:09:45 831277500  1613750985 secretPin: 
[WARN] get secretPin error

02/20/21 00:09:46 441916500  1613750986 王签到澳优乳业官方旗舰店

real	0m2.051s
user	0m0.047s
sys	0m0.094s
parse error: Invalid numeric literal at line 1, column 10
parse error: Invalid numeric literal at line 1, column 10
parse error: Invalid numeric literal at line 1, column 10
parse error: Invalid numeric literal at line 1, column 10
02/20/21 00:10:01 619607200 1613751001

real	0m5.188s
user	0m0.000s
sys	0m0.031s

real	0m1.896s
user	0m0.031s
sys	0m0.063s
[WARN] get LZ_TOKEN error
02/20/21 00:10:12 604493800  1613751012
use pt_key

real	0m2.167s
user	0m0.141s
sys	0m0.094s
02/20/21 00:10:15 556799000  1613751015 token: AAFgL-LmADB0FDXxkdEekuGTNlAX-BjWkTY3JcVVxBJhinI8DhJisY3CLDEFpZOKi3WypgibStA
parse error: Invalid numeric literal at line 1, column 10

real	0m1.801s
user	0m0.094s
sys	0m0.141s
02/20/21 00:10:17 903358500  1613751017 secretPin: 
[WARN] get secretPin error

02/20/21 00:10:18 331809800  1613751018 王签到澳优乳业官方旗舰店

real	0m2.072s
user	0m0.063s
sys	0m0.094s
parse error: Invalid numeric literal at line 1, column 10
parse error: Invalid numeric literal at line 1, column 10
parse error: Invalid numeric literal at line 1, column 10
parse error: Invalid numeric literal at line 1, column 10
02/20/21 00:10:32 096302300 1613751032

real	0m5.559s
user	0m0.000s
sys	0m0.031s

real	0m1.571s
user	0m0.031s
sys	0m0.078s
[WARN] get LZ_TOKEN error
02/20/21 00:10:40 262863300  1613751040
use pt_key

real	0m1.391s
user	0m0.156s
sys	0m0.109s
02/20/21 00:10:42 012352300  1613751042 token: AAFgL-MBADDl7kvq55UM70ikrSgvaJ3Hju-mul0aNqE6kW-8WTDjUErz909XD_GdlnStbOs5UWU
parse error: Invalid numeric literal at line 1, column 10

real	0m1.824s
user	0m0.141s
sys	0m0.078s
02/20/21 00:10:44 282343200  1613751044 secretPin: 
[WARN] get secretPin error

02/20/21 00:10:44 761520200  1613751044 王签到澳优乳业官方旗舰店

real	0m1.522s
user	0m0.000s
sys	0m0.125s
parse error: Invalid numeric literal at line 1, column 10
parse error: Invalid numeric literal at line 1, column 10
parse error: Invalid numeric literal at line 1, column 10
parse error: Invalid numeric literal at line 1, column 10
02/20/21 00:10:50 774360600 1613751050

real	0m4.971s
user	0m0.000s
sys	0m0.047s
02/20/21 00:12:12 845712700  1613751132
parse error: Invalid numeric literal at line 1, column 10
parse error: Invalid numeric literal at line 1, column 10

***********************************************

当天签到奖励 
连续签到  天
签到总天数 
***********************************************

王签到澳优乳业官方旗舰店查看结果



澳优乳业官方旗舰店活动规则


# 活动时间：2021.01.30 00:00:00 - 2021.02.28 23:59:59
# 奖励说明：
actRule="
连续签到7天：10京豆 10京豆
"

#店铺名称
vendername="澳优乳业官方旗舰店"
#店铺激活码
actId="eb0ef5535d6e462096ab4e2135ba6c45"
##店铺id
venderId="37166"

#肥鹅 jd_4d651d9e48204 sign_res
sign_res="
"
sign_num=""
sign_total_num=""
giftName="null"
giftRes="ok"
giftDate="20210220"
sign_res_info="

当天签到奖励 null
连续签到  天
签到总天数 "
#肥鹅 jd_4d651d9e48204 sign_res_end
#移动 jd_OeTNobRVGiNZ sign_res
sign_res="
"
sign_num=""
sign_total_num=""
giftName=""
giftRes=""
giftDate="20210220"
sign_res_info="

当天签到奖励 
连续签到  天
签到总天数 "
#移动 jd_OeTNobRVGiNZ sign_res_end
#赵 122294312-396444 sign_res
sign_res="
"
sign_num=""
sign_total_num=""
giftName=""
giftRes=""
giftDate="20210220"
sign_res_info="

当天签到奖励 
连续签到  天
签到总天数 "
#赵 122294312-396444 sign_res_end
#王 1309893722-164885 sign_res
sign_res="
"
sign_num=""
sign_total_num=""
giftName=""
giftRes=""
giftDate="20210220"
sign_res_info="

当天签到奖励 
连续签到  天
签到总天数 "
#王 1309893722-164885 sign_res_end
