02/26/21 00:00:03 884804300  1614268803
RANDOM_num: 20
force to sign

real	0m1.182s
user	0m0.016s
sys	0m0.078s
lzkj-isv.isvjcloud.com	FALSE	/	FALSE	1614269406	LZ_TOKEN_VALUE	B0oH3vDY2bhHWuKbVaJ+XQ==
lzkj-isv.isvjcloud.com	FALSE	/	FALSE	1614269406	LZ_TOKEN_KEY	lztokenpage3c39a5c9f0f843da95ae0d9ca8cafb6d
02/26/21 00:00:07 232836600  1614268807
use pt_key

real	0m1.227s
user	0m0.125s
sys	0m0.063s
02/26/21 00:00:08 717135000  1614268808 token: AAFgN8mIADDR6UhIRpAGvTkk2mU2MsV-f0C_yrkgJIqx32iYtiO3vVXwQy8sBrmBPQPJHskZOpg

real	0m1.667s
user	0m0.078s
sys	0m0.109s
02/26/21 00:00:10 779772700  1614268810 secretPin: 8zfoIjWIu/DcpxQNzAV7/oVPSWy1B8D+G4s+fJIFDfWHSnwnXFQKK9yQco/OGmHebU48Dr07k+7+k1UaXRbZKg==

02/26/21 00:00:11 182936100  1614268811 王签到安我（AND ALL）健康京东自营旗舰店

real	0m0.788s
user	0m0.016s
sys	0m0.078s
{
  "msg": "",
  "signResult": {
    "key": null,
    "giftLogId": "2778f388ee524312b7c8d5c577fb03c3",
    "gift": null,
    "send": null
  },
  "isOk": true,
  "isSend": null
}
true
02/26/21 00:00:13 894539100 1614268813
02/26/21 00:00:14 070253700 1614268814 签到安我（AND ALL）健康京东自营旗舰店完成
02/26/21 00:01:14 382314000  1614268874
true
parse error: Invalid numeric literal at line 1, column 10
首次签到成功. 写入giftName: null

***********************************************
7天签到 第  天
当天签到奖励 [null]
***********************************************

王签到安我（AND ALL）健康京东自营旗舰店查看结果, 活动规则
<!DOCTYPE html>
<html>
 <head> 
  <title>京东</title> 
  <meta charset="utf-8" /> 
  <meta name="apple-mobile-web-app-capable" content="yes" /> 
  <meta name="viewport" content="width=device-width,initial-scale=1,user-scalable=no,maximum-scale=1,viewport-fit=cover" /> 
  <meta name="format-detection" content="telephone=no" /> 
  <meta name="x5-cache" content="enable" /> 
  <link rel="stylesheet" href="https://storage.360buyimg.com/babel/00162638/333378/production/dev/parser.1526555535098.css?t=20180517191236" /> 
  <style> img {
            opacity: 1 !important;
        } </style> 
  <link href="https://storage.360buyimg.com/babel/00170893/348321/production/dev/index.7320a380.css?t=20180802150952" rel="stylesheet" />
 </head> 
 <body style="background:#fff;" id="root"> 
  <div class="errorPage"> 
  </div> 
  <div class="placeholer"> 
  </div> 
  <script src="https://wl.jd.com/unify.min.js"></script> 
  <script type="text/javascript" src="https://storage.360buyimg.com/babel/00170893/348321/production/dev/index.0f8f4dba.js?t=20180802150952"></script> 
 </body>
</html>

#店铺名称
vendername="安我（AND ALL）健康京东自营旗舰店"
#店铺激活码
actId="f63f0cc98d32422b8b6ac5b8a0aaec0e"
#店铺id
venderId="1000351797"
#长链接
url="https://lzkj-isv.isvjcloud.com/sign/sevenDay/signActivity?activityId=f63f0cc98d32422b8b6ac5b8a0aaec0e&venderId=1000351797"

startTime=1613723220
endTime=1616342340
# 活动时间：2021-02-19 16:27 - 2021-03-21 23:59；
# 奖励说明：
actRule="
7天签到
连续签到1天：1京豆
连续签到2天：1京豆
连续签到3天：3京豆
连续签到4天：2京豆
连续签到5天：2京豆
连续签到6天：2京豆
连续签到7天：5京豆
"
#移动 jd_OeTNobRVGiNZ sign_res
sign_num="2"
giftName="null"
giftRes="ok"
giftDate="20210225"
sign_res_info="7天签到 第 2 天
当天签到奖励 [null]"
#移动 jd_OeTNobRVGiNZ sign_res_end
#肥鹅 jd_4d651d9e48204 sign_res
sign_num="1"
giftName="null"
giftRes="ok"
giftDate="20210225"
sign_res_info="7天签到 第 1 天
当天签到奖励 [null]"
#肥鹅 jd_4d651d9e48204 sign_res_end
#赵 122294312-396444 sign_res
sign_num="2"
giftName="null"
giftRes="ok"
giftDate="20210226"
sign_res_info="7天签到 第 2 天
当天签到奖励 [null]"
#赵 122294312-396444 sign_res_end
#王 1309893722-164885 sign_res
sign_num=""
giftName="null"
giftRes="ok"
giftDate="20210226"
sign_res_info="7天签到 第  天
当天签到奖励 [null]"
#王 1309893722-164885 sign_res_end
