03/08/21 00:30:02 482644700  1615134602
RANDOM_num: 30
removed '/tmp/tmp.KVjaIB9dxG'
03/08/21 00:30:03 566628900  1615134603 检查移动签到

real	0m0.816s
user	0m0.031s
sys	0m0.109s
lzkj-isv.isvjcloud.com	FALSE	/	FALSE	1615135205	LZ_TOKEN_VALUE	B0oH3vDY2bhHWuKbVaJ+XQ==
lzkj-isv.isvjcloud.com	FALSE	/	FALSE	1615135205	LZ_TOKEN_KEY	lztokenpage3c91523c300e4603b57ce6729cbf3275
03/08/21 00:30:05 865282100  1615134605
use wskey

real	0m0.585s
user	0m0.109s
sys	0m0.094s
03/08/21 00:30:06 534408200  1615134606 token: AAFgRP-OADC4Tq6facduKo0mgCMZ1Ha_oFGStOsiGLcc4DqL04aZAFAC_xV0hSLJfDVpeJFuVLY

real	0m0.438s
user	0m0.047s
sys	0m0.078s
{"result":false,"data":"400001","count":0,"errorMessage":"活动太火爆，还是去买买买吧"}
03/08/21 00:31:37 193398000  1615134697
parse error: Invalid numeric literal at line 1, column 10
签到失败. 写入失败的giftName: 

***********************************************
7天签到 第  天
当天签到奖励 []
***********************************************

移动签到蒙牛官方旗舰店查看结果, 活动规则
<!DOCTYPE html>
<html>
 <head> 
  <title>京东</title> 
  <meta charset="utf-8" /> 
  <meta name="apple-mobile-web-app-capable" content="yes" /> 
  <meta name="viewport" content="width=device-width,initial-scale=1,user-scalable=no,maximum-scale=1,viewport-fit=cover" /> 
  <meta name="format-detection" content="telephone=no" /> 
  <meta name="x5-cache" content="enable" /> 
  <link rel="stylesheet" href="https://storage.360buyimg.com/babel/00162638/333378/production/dev/parser.1526555535098.css?t=20180517191236" /> 
  <style> img {
            opacity: 1 !important;
        } </style> 
  <link href="https://storage.360buyimg.com/babel/00170893/348321/production/dev/index.7320a380.css?t=20180802150952" rel="stylesheet" />
 </head> 
 <body style="background:#fff;" id="root"> 
  <div class="errorPage"> 
  </div> 
  <div class="placeholer"> 
  </div> 
  <script src="https://wl.jd.com/unify.min.js"></script> 
  <script type="text/javascript" src="https://storage.360buyimg.com/babel/00170893/348321/production/dev/index.0f8f4dba.js?t=20180802150952"></script> 
 </body>
</html>

#店铺名称
vendername="蒙牛官方旗舰店"
#店铺激活码
actId="3f064b1a32ec4b2ab6e044aa1cacad06"
#店铺id
venderId="182542"
#长链接
url="https://lzkj-isv.isvjcloud.com/sign/sevenDay/signActivity?activityId=3f064b1a32ec4b2ab6e044aa1cacad06&venderId=182542&adsource=tg_storePage"

startTime=1614614400
endTime=1617206340
# 活动时间：2021-03-02 00:00 - 2021-03-31 23:59；
# 奖励说明：
actRule="
7天签到
连续签到1天：10京豆
连续签到2天：10元优惠券
连续签到3天：15京豆
连续签到4天：20元优惠券
连续签到5天：10京豆
连续签到6天：50元优惠券
连续签到7天：15京豆
"
#赵 122294312-396444 sign_res
sign_num="5"
giftName=""10京豆""
giftRes="ok"
giftDate="20210307"
sign_res_info="7天签到 第 5 天
当天签到奖励 ["10京豆"]"
#赵 122294312-396444 sign_res_end
#王 1309893722-164885 sign_res
sign_num="5"
giftName=""10京豆""
giftRes="ok"
giftDate="20210307"
sign_res_info="7天签到 第 5 天
当天签到奖励 ["10京豆"]"
#王 1309893722-164885 sign_res_end
#肥鹅 jd_4d651d9e48204 sign_res
sign_num="5"
giftName=""10京豆""
giftRes="ok"
giftDate="20210307"
sign_res_info="7天签到 第 5 天
当天签到奖励 ["10京豆"]"
#肥鹅 jd_4d651d9e48204 sign_res_end
#移动 jd_OeTNobRVGiNZ sign_res
sign_num=""
giftName=""
giftRes=""
giftDate="20210308"
sign_res_info="7天签到 第  天
当天签到奖励 []"
#移动 jd_OeTNobRVGiNZ sign_res_end
