02/28/21 00:02:13 472502600  1614441733
RANDOM_num: 40
removed '/tmp/tmp.2gh0tXgrRr'
02/28/21 00:02:16 448572600  1614441736 检查移动签到

real	0m1.819s
user	0m0.016s
sys	0m0.125s
[WARN] get LZ_TOKEN error
02/28/21 00:02:22 710655700  1614441742
use wskey

real	0m1.691s
user	0m0.078s
sys	0m0.063s
02/28/21 00:02:25 100580900  1614441745 token: AAFgOm0QADBjeeAnuQp43pCsQCSObmtNDUKMZTo5PHlVzrjqjQ0IwTpySpGTFVlkCrd8kA5TvnI
parse error: Invalid numeric literal at line 1, column 10

real	0m1.754s
user	0m0.063s
sys	0m0.125s
02/28/21 00:02:27 390129300  1614441747 secretPin: 
[WARN] get secretPin error

02/28/21 00:02:27 784963800  1614441747 移动签到贝亲辅食尿裤京东自营旗舰店

real	0m1.825s
user	0m0.031s
sys	0m0.078s
parse error: Invalid numeric literal at line 1, column 10
parse error: Invalid numeric literal at line 1, column 10
parse error: Invalid numeric literal at line 1, column 10
parse error: Invalid numeric literal at line 1, column 10
02/28/21 00:02:35 595585200 1614441755

real	0m1.659s
user	0m0.000s
sys	0m0.063s

real	0m2.494s
user	0m0.016s
sys	0m0.047s
[WARN] get LZ_TOKEN error
02/28/21 00:02:41 221323700  1614441761
use wskey

real	0m2.153s
user	0m0.156s
sys	0m0.078s
02/28/21 00:02:43 888663800  1614441763 token: AAFgOm0jADCXs8m-OSJ9cB9AfVpFwVRjw7tGrJPL8b0jLxNWnG94fy1iziqaUaTpLTJHISJg9X0
parse error: Invalid numeric literal at line 1, column 10

real	0m1.718s
user	0m0.063s
sys	0m0.125s
02/28/21 00:02:46 127442100  1614441766 secretPin: 
[WARN] get secretPin error

02/28/21 00:02:46 524251500  1614441766 移动签到贝亲辅食尿裤京东自营旗舰店

real	0m1.102s
user	0m0.031s
sys	0m0.063s
parse error: Invalid numeric literal at line 1, column 10
parse error: Invalid numeric literal at line 1, column 10
parse error: Invalid numeric literal at line 1, column 10
parse error: Invalid numeric literal at line 1, column 10
02/28/21 00:02:52 810852500 1614441772

real	0m1.831s
user	0m0.016s
sys	0m0.063s

real	0m1.674s
user	0m0.031s
sys	0m0.109s
[WARN] get LZ_TOKEN error
02/28/21 00:02:58 193880800  1614441778
use wskey

real	0m1.771s
user	0m0.109s
sys	0m0.078s
02/28/21 00:03:00 487934600  1614441780 token: AAFgOm0zADCBCmlOB52ccN7WXXuPij1VPJ-48LMYUiW6qOXlqhuF5Mjlx3OXPrP-9PhCK1eN7Ro
parse error: Invalid numeric literal at line 1, column 10

real	0m1.495s
user	0m0.094s
sys	0m0.125s
02/28/21 00:03:02 337383200  1614441782 secretPin: 
[WARN] get secretPin error

02/28/21 00:03:02 895142100  1614441782 移动签到贝亲辅食尿裤京东自营旗舰店

real	0m1.386s
user	0m0.031s
sys	0m0.078s
parse error: Invalid numeric literal at line 1, column 10
parse error: Invalid numeric literal at line 1, column 10
parse error: Invalid numeric literal at line 1, column 10
parse error: Invalid numeric literal at line 1, column 10
02/28/21 00:03:08 616606600 1614441788

real	0m1.495s
user	0m0.016s
sys	0m0.031s

real	0m1.428s
user	0m0.047s
sys	0m0.125s
[WARN] get LZ_TOKEN error
02/28/21 00:03:12 926264500  1614441792
use wskey

real	0m1.415s
user	0m0.094s
sys	0m0.094s
02/28/21 00:03:14 623584500  1614441794 token: AAFgOm1CADBIkp2pDZ0QKmDvJfYkukSXDkoINo8kWV1qlX5lP2QmxCRxe56VzjjN4rSKLHsJRe0
parse error: Invalid numeric literal at line 1, column 10

real	0m1.649s
user	0m0.125s
sys	0m0.078s
02/28/21 00:03:16 646560700  1614441796 secretPin: 
[WARN] get secretPin error

02/28/21 00:03:16 952273800  1614441796 移动签到贝亲辅食尿裤京东自营旗舰店

real	0m1.178s
user	0m0.031s
sys	0m0.125s
parse error: Invalid numeric literal at line 1, column 10
parse error: Invalid numeric literal at line 1, column 10
parse error: Invalid numeric literal at line 1, column 10
parse error: Invalid numeric literal at line 1, column 10
02/28/21 00:03:22 189694600 1614441802

real	0m1.845s
user	0m0.000s
sys	0m0.047s

real	0m1.506s
user	0m0.031s
sys	0m0.094s
[WARN] get LZ_TOKEN error
02/28/21 00:03:28 293826200  1614441808
use wskey

real	0m2.139s
user	0m0.109s
sys	0m0.078s
02/28/21 00:03:31 195762500  1614441811 token: AAFgOm1SADDajIRkgW6-oxAjd4oVGacjxGJW7BQTf1M5cKeqtXLrcrxum3MsItSVh0m4-_mqF2k
parse error: Invalid numeric literal at line 1, column 10

real	0m2.158s
user	0m0.063s
sys	0m0.109s
02/28/21 00:03:34 048122100  1614441814 secretPin: 
[WARN] get secretPin error

02/28/21 00:03:35 343063500  1614441815 移动签到贝亲辅食尿裤京东自营旗舰店

real	0m2.089s
user	0m0.016s
sys	0m0.094s
parse error: Invalid numeric literal at line 1, column 10
parse error: Invalid numeric literal at line 1, column 10
parse error: Invalid numeric literal at line 1, column 10
parse error: Invalid numeric literal at line 1, column 10
02/28/21 00:03:43 760537000 1614441823

real	0m2.217s
user	0m0.000s
sys	0m0.047s

real	0m2.515s
user	0m0.031s
sys	0m0.047s
[WARN] get LZ_TOKEN error
02/28/21 00:03:50 632912200  1614441830
use wskey

real	0m2.133s
user	0m0.109s
sys	0m0.094s
02/28/21 00:03:53 251368500  1614441833 token: AAFgOm1oADCVNVCfEJpmUMfdB8SbO4lcJ2b3On_eIxD4gzMSPihx4iVojYMjcwLrcnGgcjXl6L0
parse error: Invalid numeric literal at line 1, column 10

real	0m1.544s
user	0m0.063s
sys	0m0.125s
02/28/21 00:03:55 341023800  1614441835 secretPin: 
[WARN] get secretPin error

02/28/21 00:03:55 801600300  1614441835 移动签到贝亲辅食尿裤京东自营旗舰店

real	0m1.332s
user	0m0.016s
sys	0m0.109s
parse error: Invalid numeric literal at line 1, column 10
parse error: Invalid numeric literal at line 1, column 10
parse error: Invalid numeric literal at line 1, column 10
parse error: Invalid numeric literal at line 1, column 10
02/28/21 00:04:06 343420900 1614441846

real	0m2.640s
user	0m0.000s
sys	0m0.016s

real	0m2.506s
user	0m0.047s
sys	0m0.109s
[WARN] get LZ_TOKEN error
02/28/21 00:04:13 211307500  1614441853
use wskey

real	0m1.950s
user	0m0.063s
sys	0m0.141s
02/28/21 00:04:15 636083800  1614441855 token: AAFgOm1-ADAnWl5_ffT30cdZRKCSH90Vn3bL_snFsKPfcFUuUuuNGPrfgUbgsLTuKqMToUtwOmU
parse error: Invalid numeric literal at line 1, column 10

real	0m2.013s
user	0m0.078s
sys	0m0.125s
02/28/21 00:04:18 250300500  1614441858 secretPin: 
[WARN] get secretPin error

02/28/21 00:04:18 594662200  1614441858 移动签到贝亲辅食尿裤京东自营旗舰店

real	0m0.741s
user	0m0.047s
sys	0m0.047s
parse error: Invalid numeric literal at line 1, column 10
parse error: Invalid numeric literal at line 1, column 10
parse error: Invalid numeric literal at line 1, column 10
parse error: Invalid numeric literal at line 1, column 10
02/28/21 00:04:23 781500400 1614441863

real	0m2.548s
user	0m0.000s
sys	0m0.047s

real	0m2.149s
user	0m0.063s
sys	0m0.047s
[WARN] get LZ_TOKEN error
02/28/21 00:04:31 757279300  1614441871
use wskey

real	0m1.572s
user	0m0.078s
sys	0m0.156s
02/28/21 00:04:34 818099600  1614441874 token: AAFgOm2RADDnfs1wTdztBi0Mb_m9GzgLiTSLPE8TKi03SpDqPAhqOaE_LLprWO_xaWg9g75zk2k
parse error: Invalid numeric literal at line 1, column 10

real	0m1.803s
user	0m0.109s
sys	0m0.094s
02/28/21 00:04:37 014571800  1614441877 secretPin: 
[WARN] get secretPin error

02/28/21 00:04:37 268619900  1614441877 移动签到贝亲辅食尿裤京东自营旗舰店

real	0m1.057s
user	0m0.000s
sys	0m0.094s
parse error: Invalid numeric literal at line 1, column 10
parse error: Invalid numeric literal at line 1, column 10
parse error: Invalid numeric literal at line 1, column 10
parse error: Invalid numeric literal at line 1, column 10
02/28/21 00:04:42 619250100 1614441882

real	0m2.758s
user	0m0.000s
sys	0m0.031s

real	0m0.988s
user	0m0.031s
sys	0m0.047s
[WARN] get LZ_TOKEN error
02/28/21 00:04:47 470437000  1614441887
use wskey

real	0m1.328s
user	0m0.047s
sys	0m0.109s
02/28/21 00:04:49 002500300  1614441889 token: AAFgOm2gADDM4-9DYw3-dWbCjKu-Je4Az82FjYpPuIdEY2e0siiZddBrHFRoB724Sw1qNUkXAXQ
parse error: Invalid numeric literal at line 1, column 10

real	0m1.253s
user	0m0.109s
sys	0m0.094s
02/28/21 00:04:50 665602300  1614441890 secretPin: 
[WARN] get secretPin error

02/28/21 00:04:50 984721400  1614441890 移动签到贝亲辅食尿裤京东自营旗舰店

real	0m1.115s
user	0m0.031s
sys	0m0.078s
parse error: Invalid numeric literal at line 1, column 10
parse error: Invalid numeric literal at line 1, column 10
parse error: Invalid numeric literal at line 1, column 10
parse error: Invalid numeric literal at line 1, column 10
02/28/21 00:04:55 010543400 1614441895

real	0m2.412s
user	0m0.000s
sys	0m0.047s

real	0m1.244s
user	0m0.016s
sys	0m0.109s
[WARN] get LZ_TOKEN error
02/28/21 00:04:59 362437600  1614441899
use wskey

real	0m1.407s
user	0m0.125s
sys	0m0.078s
02/28/21 00:05:01 087547000  1614441901 token: AAFgOm2sADD0MNbzCTlNruNWUo029dW8vwzpJhNJsy4I3XMdIfkWSyhvQu1DzUINyfkDzBv3J88
parse error: Invalid numeric literal at line 1, column 10

real	0m1.501s
user	0m0.094s
sys	0m0.141s
02/28/21 00:05:02 900974900  1614441902 secretPin: 
[WARN] get secretPin error

02/28/21 00:05:04 176312100  1614441904 移动签到贝亲辅食尿裤京东自营旗舰店

real	0m1.285s
user	0m0.031s
sys	0m0.063s
parse error: Invalid numeric literal at line 1, column 10
parse error: Invalid numeric literal at line 1, column 10
parse error: Invalid numeric literal at line 1, column 10
parse error: Invalid numeric literal at line 1, column 10
02/28/21 00:05:08 593676700 1614441908

real	0m2.610s
user	0m0.000s
sys	0m0.016s

real	0m1.014s
user	0m0.031s
sys	0m0.094s
[WARN] get LZ_TOKEN error
02/28/21 00:05:13 093715300  1614441913
use wskey

real	0m0.816s
user	0m0.125s
sys	0m0.078s
02/28/21 00:05:14 195818400  1614441914 token: AAFgOm25ADDwmJHGHnxjzr6xqpfG7SjnDqYh_5e_h6F7eFdZvayJm_8-tM3o1MOoDf5tl4v6yUc
parse error: Invalid numeric literal at line 1, column 10

real	0m1.158s
user	0m0.125s
sys	0m0.078s
02/28/21 00:05:15 519434600  1614441915 secretPin: 
[WARN] get secretPin error

02/28/21 00:05:15 696636100  1614441915 移动签到贝亲辅食尿裤京东自营旗舰店

real	0m0.965s
user	0m0.000s
sys	0m0.078s
parse error: Invalid numeric literal at line 1, column 10
parse error: Invalid numeric literal at line 1, column 10
parse error: Invalid numeric literal at line 1, column 10
parse error: Invalid numeric literal at line 1, column 10
02/28/21 00:05:20 682537500 1614441920

real	0m2.901s
user	0m0.000s
sys	0m0.031s

real	0m0.785s
user	0m0.031s
sys	0m0.094s
[WARN] get LZ_TOKEN error
02/28/21 00:05:25 020026100  1614441925
use wskey

real	0m0.676s
user	0m0.141s
sys	0m0.078s
02/28/21 00:05:25 987166700  1614441925 token: AAFgOm3FADC6RmGPvtUiiYdmeV5vNgSHy2jkVTCU2_ODaZuZ1TgBcNOMWFOTS-_ZpmCkRmoIWFA
parse error: Invalid numeric literal at line 1, column 10

real	0m1.504s
user	0m0.156s
sys	0m0.094s
02/28/21 00:05:28 037438800  1614441928 secretPin: 
[WARN] get secretPin error

02/28/21 00:05:28 460217900  1614441928 移动签到贝亲辅食尿裤京东自营旗舰店

real	0m1.479s
user	0m0.031s
sys	0m0.063s
parse error: Invalid numeric literal at line 1, column 10
parse error: Invalid numeric literal at line 1, column 10
parse error: Invalid numeric literal at line 1, column 10
parse error: Invalid numeric literal at line 1, column 10
02/28/21 00:05:33 817774700 1614441933

real	0m3.334s
user	0m0.000s
sys	0m0.063s

real	0m0.919s
user	0m0.047s
sys	0m0.063s
[WARN] get LZ_TOKEN error
02/28/21 00:05:38 759260500  1614441938
use wskey

real	0m0.979s
user	0m0.109s
sys	0m0.094s
02/28/21 00:05:40 055084200  1614441940 token: AAFgOm3TADCcTWrhHxlromAHPfrrYaV_YV78RER9e6tQj6WEoo0f9NDjAnFDn5nigIvDbd-KayY
parse error: Invalid numeric literal at line 1, column 10

real	0m1.663s
user	0m0.109s
sys	0m0.094s
02/28/21 00:05:41 909324100  1614441941 secretPin: 
[WARN] get secretPin error

02/28/21 00:05:42 398928800  1614441942 移动签到贝亲辅食尿裤京东自营旗舰店

real	0m1.011s
user	0m0.000s
sys	0m0.078s
parse error: Invalid numeric literal at line 1, column 10
parse error: Invalid numeric literal at line 1, column 10
parse error: Invalid numeric literal at line 1, column 10
parse error: Invalid numeric literal at line 1, column 10
02/28/21 00:05:46 577080500 1614441946

real	0m3.271s
user	0m0.000s
sys	0m0.047s

real	0m0.987s
user	0m0.031s
sys	0m0.094s
[WARN] get LZ_TOKEN error
02/28/21 00:05:51 702613700  1614441951
use wskey

real	0m1.382s
user	0m0.094s
sys	0m0.141s
02/28/21 00:05:53 435450300  1614441953 token: AAFgOm3gADDjykubDxnT_WTACAqaa2Q2oFMRskFAG50oVfaJjAR5suENllnBIAA60WWbFd-e-Eo
parse error: Invalid numeric literal at line 1, column 10

real	0m1.182s
user	0m0.109s
sys	0m0.094s
02/28/21 00:05:54 764618200  1614441954 secretPin: 
[WARN] get secretPin error

02/28/21 00:05:54 973923800  1614441954 移动签到贝亲辅食尿裤京东自营旗舰店

real	0m0.814s
user	0m0.031s
sys	0m0.063s
parse error: Invalid numeric literal at line 1, column 10
parse error: Invalid numeric literal at line 1, column 10
parse error: Invalid numeric literal at line 1, column 10
parse error: Invalid numeric literal at line 1, column 10
02/28/21 00:05:58 465108500 1614441958

real	0m3.627s
user	0m0.000s
sys	0m0.047s

real	0m2.106s
user	0m0.016s
sys	0m0.094s
[WARN] get LZ_TOKEN error
02/28/21 00:06:05 138722300  1614441965
use wskey

real	0m1.107s
user	0m0.109s
sys	0m0.078s
02/28/21 00:06:06 606789100  1614441966 token: AAFgOm3uADDSnoscn9fFSdN3wEptyRAOOFD5tZEzPM6ZsDY0NQiwh0_CmVRMwBol3JD-3gL6M6o
parse error: Invalid numeric literal at line 1, column 10

real	0m1.173s
user	0m0.109s
sys	0m0.109s
02/28/21 00:06:07 979592500  1614441967 secretPin: 
[WARN] get secretPin error

02/28/21 00:06:08 237152500  1614441968 移动签到贝亲辅食尿裤京东自营旗舰店

real	0m0.850s
user	0m0.000s
sys	0m0.109s
parse error: Invalid numeric literal at line 1, column 10
parse error: Invalid numeric literal at line 1, column 10
parse error: Invalid numeric literal at line 1, column 10
parse error: Invalid numeric literal at line 1, column 10
02/28/21 00:06:11 246142000 1614441971

real	0m3.727s
user	0m0.016s
sys	0m0.031s

real	0m0.842s
user	0m0.031s
sys	0m0.063s
[WARN] get LZ_TOKEN error
02/28/21 00:06:16 596404400  1614441976
use wskey

real	0m1.281s
user	0m0.156s
sys	0m0.047s
02/28/21 00:06:18 264930300  1614441978 token: AAFgOm35ADD6ygfR8T2VfeFlR9Ka1cxtDmefGTeX3x0rlAi5JqZ502BNIZvO5SvfxAWpIPAm4IM
parse error: Invalid numeric literal at line 1, column 10

real	0m1.164s
user	0m0.109s
sys	0m0.109s
02/28/21 00:06:19 777790900  1614441979 secretPin: 
[WARN] get secretPin error

02/28/21 00:06:20 039883300  1614441980 移动签到贝亲辅食尿裤京东自营旗舰店

real	0m0.797s
user	0m0.016s
sys	0m0.094s
parse error: Invalid numeric literal at line 1, column 10
parse error: Invalid numeric literal at line 1, column 10
parse error: Invalid numeric literal at line 1, column 10
parse error: Invalid numeric literal at line 1, column 10
02/28/21 00:06:22 802387900 1614441982

real	0m3.834s
user	0m0.000s
sys	0m0.063s

real	0m0.829s
user	0m0.031s
sys	0m0.094s
[WARN] get LZ_TOKEN error
02/28/21 00:06:27 976007000  1614441987
use wskey

real	0m1.275s
user	0m0.125s
sys	0m0.141s
02/28/21 00:06:29 485797200  1614441989 token: AAFgOm4FADBwim0tdNBluJm5LW1Wn35M-Jql_YTXdJ2cNACuLt5r5ieHhUkd26-pqLBpa5uEeU8
parse error: Invalid numeric literal at line 1, column 10

real	0m0.825s
user	0m0.078s
sys	0m0.156s
02/28/21 00:06:30 582707600  1614441990 secretPin: 
[WARN] get secretPin error

02/28/21 00:06:30 886251700  1614441990 移动签到贝亲辅食尿裤京东自营旗舰店

real	0m0.995s
user	0m0.016s
sys	0m0.109s
parse error: Invalid numeric literal at line 1, column 10
parse error: Invalid numeric literal at line 1, column 10
parse error: Invalid numeric literal at line 1, column 10
parse error: Invalid numeric literal at line 1, column 10
02/28/21 00:06:35 243772800 1614441995

real	0m4.087s
user	0m0.000s
sys	0m0.016s

real	0m0.703s
user	0m0.016s
sys	0m0.094s
[WARN] get LZ_TOKEN error
02/28/21 00:06:40 477715200  1614442000
use wskey

real	0m0.930s
user	0m0.063s
sys	0m0.109s
02/28/21 00:06:41 609113000  1614442001 token: AAFgOm4RADA3FGOd4IAouao4goJeBEpVXQ6cYb-2qFSQXV_ujJPIiSFNBb_45kra2gSwTWsQ5m8
parse error: Invalid numeric literal at line 1, column 10

real	0m1.466s
user	0m0.109s
sys	0m0.078s
02/28/21 00:06:43 336814500  1614442003 secretPin: 
[WARN] get secretPin error

02/28/21 00:06:43 517303900  1614442003 移动签到贝亲辅食尿裤京东自营旗舰店

real	0m0.743s
user	0m0.016s
sys	0m0.141s
parse error: Invalid numeric literal at line 1, column 10
parse error: Invalid numeric literal at line 1, column 10
parse error: Invalid numeric literal at line 1, column 10
parse error: Invalid numeric literal at line 1, column 10
02/28/21 00:06:46 441615100 1614442006

real	0m4.190s
user	0m0.000s
sys	0m0.047s

real	0m0.883s
user	0m0.047s
sys	0m0.047s
[WARN] get LZ_TOKEN error
02/28/21 00:06:51 881233200  1614442011
use wskey

real	0m0.909s
user	0m0.141s
sys	0m0.109s
02/28/21 00:06:52 943594500  1614442012 token: AAFgOm4cADD09aSQh3ZfsS_wLHdgA_eQSJdS3G4b4ct5jhe_vBeeCtahEvWDYYSnFYKeTJps5x8
parse error: Invalid numeric literal at line 1, column 10

real	0m0.979s
user	0m0.094s
sys	0m0.094s
02/28/21 00:06:54 202595900  1614442014 secretPin: 
[WARN] get secretPin error

02/28/21 00:06:54 531560900  1614442014 移动签到贝亲辅食尿裤京东自营旗舰店

real	0m0.800s
user	0m0.031s
sys	0m0.125s
parse error: Invalid numeric literal at line 1, column 10
parse error: Invalid numeric literal at line 1, column 10
parse error: Invalid numeric literal at line 1, column 10
parse error: Invalid numeric literal at line 1, column 10
02/28/21 00:06:57 335554500 1614442017

real	0m4.363s
user	0m0.000s
sys	0m0.063s

real	0m0.818s
user	0m0.031s
sys	0m0.094s
[WARN] get LZ_TOKEN error
02/28/21 00:07:03 930318300  1614442023
use wskey

real	0m0.818s
user	0m0.125s
sys	0m0.078s
02/28/21 00:07:04 996201800  1614442024 token: AAFgOm4oADDNfdgeYm13lBpVDlBFH9KsTwhmlaRiO6iNJG-pSX5JmMVa704vAHFp0i9FlLISf-c
parse error: Invalid numeric literal at line 1, column 10

real	0m0.739s
user	0m0.094s
sys	0m0.125s
02/28/21 00:07:05 849715900  1614442025 secretPin: 
[WARN] get secretPin error

02/28/21 00:07:06 139752000  1614442026 移动签到贝亲辅食尿裤京东自营旗舰店

real	0m0.435s
user	0m0.016s
sys	0m0.109s
parse error: Invalid numeric literal at line 1, column 10
parse error: Invalid numeric literal at line 1, column 10
parse error: Invalid numeric literal at line 1, column 10
parse error: Invalid numeric literal at line 1, column 10
02/28/21 00:07:07 177323400 1614442027

real	0m4.056s
user	0m0.000s
sys	0m0.063s
02/28/21 00:09:11 330724900  1614442151
parse error: Invalid numeric literal at line 1, column 10
签到是否成功解析失败. 不再写/home/myid/jd/jd_signup/vender/beiqinfushi

移动签到贝亲辅食尿裤京东自营旗舰店查看结果



贝亲辅食尿裤京东自营旗舰店活动规则


# 短链接
suo_url="https://3.cn/100iW3-kK"
actTimeStr="2020-12-29 00:00 至 2021-02-28 23:59"
# 长链接
url=https://lzkj-isv.isvjcloud.com/sign/signActivity2?activityId=2c2262856c394ade8d4a65e9a77aa624&venderId=1000077448
# 活动时间：2020.12.29 00:00:00 - 2021.02.28 23:59:59
# 奖励说明：
rule="1、活动时间：2020-12-29 00:00 - 2021-02-28 23:59；
活动对象：店铺会员；
3、符合连续签到赠送条件，则有机会赠送连续签到奖品，同时每日签到奖品不赠送；
4、连续签到3天，有机会赠送[1京豆]；
5、连续签到5天，有机会赠送[3京豆]；
6、连续签到15天，有机会赠送[5京豆]；
7、连续签到20天，有机会赠送[10京豆]；
8、连续签到30天，有机会赠送[100京豆]；"

#店铺名称
vendername="贝亲辅食尿裤京东自营旗舰店"
#店铺激活码
actId="2c2262856c394ade8d4a65e9a77aa624"
##店铺id
venderId="1000077448"

#赵 122294312-396444 sign_res
sign_res="
signTime=1612137600;signed=2
signTime=1612224000;signed=2
signTime=1612310400;signed=2
signTime=1612396800;signed=2
signTime=1612483200;signed=2
signTime=1612569600;signed=2
signTime=1612656000;signed=2
signTime=1612742400;signed=2
signTime=1612828800;signed=2
signTime=1612915200;signed=2
signTime=1613001600;signed=2
signTime=1613088000;signed=2
signTime=1613174400;signed=2
signTime=1613260800;signed=2
signTime=1613347200;signed=2
signTime=1613433600;signed=2
signTime=1613520000;signed=2
signTime=1613606400;signed=2
signTime=1613692800;signed=2
signTime=1613779200;signed=2
signTime=1613865600;signed=2
signTime=1613952000;signed=2
signTime=1614038400;signed=2
signTime=1614124800;signed=2
signTime=1614211200;signed=2
signTime=1614297600;signed=2
signTime=1614384000;signed=2"
sign_num="28"
sign_total_num="28"
giftName="null"
giftRes="ok"
giftDate="20210227"
sign_res_info="
2021/02/01_08:00:00  [已~签~到]      
2021/02/02_08:00:00  [已~签~到]      
2021/02/03_08:00:00  [已~签~到]      
2021/02/04_08:00:00  [已~签~到]      
2021/02/05_08:00:00  [已~签~到]      
2021/02/06_08:00:00  [已~签~到]      
2021/02/07_08:00:00  [已~签~到]      
2021/02/08_08:00:00  [已~签~到]      
2021/02/09_08:00:00  [已~签~到]      
2021/02/10_08:00:00  [已~签~到]      
2021/02/11_08:00:00  [已~签~到]      
2021/02/12_08:00:00  [已~签~到]      
2021/02/13_08:00:00  [已~签~到]      
2021/02/14_08:00:00  [已~签~到]      
2021/02/15_08:00:00  [已~签~到]      
2021/02/16_08:00:00  [已~签~到]      
2021/02/17_08:00:00  [已~签~到]      
2021/02/18_08:00:00  [已~签~到]      
2021/02/19_08:00:00  [已~签~到]      
2021/02/20_08:00:00  [已~签~到]      
2021/02/21_08:00:00  [已~签~到]      
2021/02/22_08:00:00  [已~签~到]      
2021/02/23_08:00:00  [已~签~到]      
2021/02/24_08:00:00  [已~签~到]      
2021/02/25_08:00:00  [已~签~到]      
2021/02/26_08:00:00  [已~签~到]      
2021/02/27_08:00:00  [已~签~到]      
当天签到奖励 [null]
连续签到 28 天
签到总天数 28"
#赵 122294312-396444 sign_res_end
#肥鹅 jd_4d651d9e48204 sign_res
sign_res="
signTime=1612137600;signed=2
signTime=1612224000;signed=2
signTime=1612310400;signed=2
signTime=1612396800;signed=2
signTime=1612483200;signed=2
signTime=1612569600;signed=2
signTime=1612656000;signed=2
signTime=1612742400;signed=2
signTime=1612828800;signed=2
signTime=1612915200;signed=2
signTime=1613001600;signed=2
signTime=1613088000;signed=2
signTime=1613174400;signed=2
signTime=1613260800;signed=2
signTime=1613347200;signed=2
signTime=1613433600;signed=2
signTime=1613520000;signed=2
signTime=1613606400;signed=2
signTime=1613692800;signed=2
signTime=1613779200;signed=2
signTime=1613865600;signed=2
signTime=1613952000;signed=2
signTime=1614038400;signed=2
signTime=1614124800;signed=2
signTime=1614211200;signed=2
signTime=1614297600;signed=2
signTime=1614384000;signed=2"
sign_num="27"
sign_total_num="27"
giftName="null"
giftRes="ok"
giftDate="20210227"
sign_res_info="
2021/02/01_08:00:00  [已~签~到]      
2021/02/02_08:00:00  [已~签~到]      
2021/02/03_08:00:00  [已~签~到]      
2021/02/04_08:00:00  [已~签~到]      
2021/02/05_08:00:00  [已~签~到]      
2021/02/06_08:00:00  [已~签~到]      
2021/02/07_08:00:00  [已~签~到]      
2021/02/08_08:00:00  [已~签~到]      
2021/02/09_08:00:00  [已~签~到]      
2021/02/10_08:00:00  [已~签~到]      
2021/02/11_08:00:00  [已~签~到]      
2021/02/12_08:00:00  [已~签~到]      
2021/02/13_08:00:00  [已~签~到]      
2021/02/14_08:00:00  [已~签~到]      
2021/02/15_08:00:00  [已~签~到]      
2021/02/16_08:00:00  [已~签~到]      
2021/02/17_08:00:00  [已~签~到]      
2021/02/18_08:00:00  [已~签~到]      
2021/02/19_08:00:00  [已~签~到]      
2021/02/20_08:00:00  [已~签~到]      
2021/02/21_08:00:00  [已~签~到]      
2021/02/22_08:00:00  [已~签~到]      
2021/02/23_08:00:00  [已~签~到]      
2021/02/24_08:00:00  [已~签~到]      
2021/02/25_08:00:00  [已~签~到]      
2021/02/26_08:00:00  [已~签~到]      
2021/02/27_08:00:00  [已~签~到]      
当天签到奖励 [null]
连续签到 27 天
签到总天数 27"
#肥鹅 jd_4d651d9e48204 sign_res_end
#王 1309893722-164885 sign_res
sign_res="
"
sign_num=""
sign_total_num=""
giftName="null"
giftRes="ok"
giftDate="20210228"
sign_res_info="

当天签到奖励 [null]
连续签到  天
签到总天数 "
#王 1309893722-164885 sign_res_end
#移动 jd_OeTNobRVGiNZ sign_res
sign_res="
"
sign_num=""
sign_total_num=""
giftName="null"
giftRes="ok"
giftDate="20210228"
sign_res_info="

当天签到奖励 [null]
连续签到  天
签到总天数 "
#移动 jd_OeTNobRVGiNZ sign_res_end
