03/16/21 00:02:09 012085900  1615824129
RANDOM_num: 20
removed '/tmp/tmp.wMZyRECUyH'
03/16/21 00:02:11 603090700  1615824131 检查肥鹅签到

real	0m2.308s
user	0m0.016s
sys	0m0.109s
[WARN] get LZ_TOKEN error
03/16/21 00:02:16 282175000  1615824136
use pt_key

real	0m2.040s
user	0m0.125s
sys	0m0.141s
03/16/21 00:02:18 818770000  1615824138 token: AAFgT4UJADCanQPHfhZwiTlawYO5jJhfEzpZFxwQeEeoxZoMCE4NLLO1_bTGrxW3YgVQMMyjigc

real	0m1.253s
user	0m0.047s
sys	0m0.063s
parse error: Invalid numeric literal at line 1, column 10
03/16/21 00:02:21 678199500  1615824141 secretPin: 
[WARN] get secretPin error

03/16/21 00:02:21 905838900  1615824141 肥鹅签到JEEP SPIRIT眼镜旗舰店

real	0m1.766s
user	0m0.031s
sys	0m0.125s
parse error: Invalid numeric literal at line 1, column 10
parse error: Invalid numeric literal at line 1, column 10
parse error: Invalid numeric literal at line 1, column 10
parse error: Invalid numeric literal at line 1, column 10
03/16/21 00:02:27 042372500 1615824147

real	0m1.630s
user	0m0.000s
sys	0m0.031s

real	0m1.531s
user	0m0.031s
sys	0m0.063s
[WARN] get LZ_TOKEN error
03/16/21 00:02:31 286264000  1615824151
use pt_key

real	0m1.450s
user	0m0.094s
sys	0m0.188s
03/16/21 00:02:33 087186800  1615824153 token: AAFgT4UYADB1SjEjsXyGQJOLzsKuxmbkAuPbAZ-4wrsCpUNTSIiXm0HZJECpwaYMj6dXs3Yxw7E

real	0m1.474s
user	0m0.031s
sys	0m0.109s
parse error: Invalid numeric literal at line 1, column 10
03/16/21 00:02:36 568119700  1615824156 secretPin: 
[WARN] get secretPin error

03/16/21 00:02:36 954484600  1615824156 肥鹅签到JEEP SPIRIT眼镜旗舰店

real	0m1.234s
user	0m0.016s
sys	0m0.078s
parse error: Invalid numeric literal at line 1, column 10
parse error: Invalid numeric literal at line 1, column 10
parse error: Invalid numeric literal at line 1, column 10
parse error: Invalid numeric literal at line 1, column 10
03/16/21 00:02:43 649340500 1615824163

real	0m1.434s
user	0m0.000s
sys	0m0.047s

real	0m1.307s
user	0m0.031s
sys	0m0.125s
[WARN] get LZ_TOKEN error
03/16/21 00:02:47 528856800  1615824167
use pt_key

real	0m1.129s
user	0m0.109s
sys	0m0.125s
03/16/21 00:02:49 068620100  1615824169 token: AAFgT4UoADALeDVFTd6NRmbYajxJQHlmcZjwYtvz1m0Nt2ziT32PjzXjpvF3QpHaOcplY5mmhro

real	0m1.187s
user	0m0.047s
sys	0m0.078s
parse error: Invalid numeric literal at line 1, column 10
03/16/21 00:02:51 983716500  1615824171 secretPin: 
[WARN] get secretPin error

03/16/21 00:02:52 349883900  1615824172 肥鹅签到JEEP SPIRIT眼镜旗舰店

real	0m2.212s
user	0m0.031s
sys	0m0.094s
parse error: Invalid numeric literal at line 1, column 10
parse error: Invalid numeric literal at line 1, column 10
parse error: Invalid numeric literal at line 1, column 10
parse error: Invalid numeric literal at line 1, column 10
03/16/21 00:02:57 649410500 1615824177

real	0m1.526s
user	0m0.000s
sys	0m0.031s

real	0m1.766s
user	0m0.031s
sys	0m0.094s
[WARN] get LZ_TOKEN error
03/16/21 00:03:02 339609100  1615824182
use pt_key

real	0m1.690s
user	0m0.109s
sys	0m0.156s
03/16/21 00:03:04 745564900  1615824184 token: AAFgT4U3ADBkRWU_G9udlQ9qnjM90A9V74JyX-a7jLlvX4Od-1fxtCD0ED8egNB6aQBxu8GXCUg

real	0m1.734s
user	0m0.031s
sys	0m0.125s
parse error: Invalid numeric literal at line 1, column 10
03/16/21 00:03:09 228314500  1615824189 secretPin: 
[WARN] get secretPin error

03/16/21 00:03:09 479420700  1615824189 肥鹅签到JEEP SPIRIT眼镜旗舰店

real	0m0.865s
user	0m0.047s
sys	0m0.063s
parse error: Invalid numeric literal at line 1, column 10
parse error: Invalid numeric literal at line 1, column 10
parse error: Invalid numeric literal at line 1, column 10
parse error: Invalid numeric literal at line 1, column 10
03/16/21 00:03:14 511433600 1615824194

real	0m1.756s
user	0m0.000s
sys	0m0.031s

real	0m0.894s
user	0m0.016s
sys	0m0.109s
[WARN] get LZ_TOKEN error
03/16/21 00:03:17 979658600  1615824197
use pt_key

real	0m1.110s
user	0m0.094s
sys	0m0.125s
03/16/21 00:03:19 285817300  1615824199 token: AAFgT4VGADD61vAEsLy445dEqU8dpoOkUPJp2RKknumWm9KybGJyhHBg02oB2MtIZuy2woBZGgU

real	0m1.375s
user	0m0.031s
sys	0m0.109s
parse error: Invalid numeric literal at line 1, column 10
03/16/21 00:03:22 778391900  1615824202 secretPin: 
[WARN] get secretPin error

03/16/21 00:03:23 097617500  1615824203 肥鹅签到JEEP SPIRIT眼镜旗舰店

real	0m0.834s
user	0m0.031s
sys	0m0.125s
parse error: Invalid numeric literal at line 1, column 10
parse error: Invalid numeric literal at line 1, column 10
parse error: Invalid numeric literal at line 1, column 10
parse error: Invalid numeric literal at line 1, column 10
03/16/21 00:03:26 546892000 1615824206

real	0m1.766s
user	0m0.000s
sys	0m0.063s

real	0m1.588s
user	0m0.031s
sys	0m0.156s
[WARN] get LZ_TOKEN error
03/16/21 00:03:30 727271600  1615824210
use pt_key

real	0m1.180s
user	0m0.141s
sys	0m0.078s
03/16/21 00:03:32 173603900  1615824212 token: AAFgT4VTADBVcBDpCDBxQ8sJEVPu-FeCmtbJhZQsPtB-QZJw8H3Kee0NVq8dWCOAxRM62blJ0TY

real	0m1.261s
user	0m0.031s
sys	0m0.094s
parse error: Invalid numeric literal at line 1, column 10
03/16/21 00:03:35 935410100  1615824215 secretPin: 
[WARN] get secretPin error

03/16/21 00:03:36 200020500  1615824216 肥鹅签到JEEP SPIRIT眼镜旗舰店

real	0m0.889s
user	0m0.063s
sys	0m0.109s
parse error: Invalid numeric literal at line 1, column 10
parse error: Invalid numeric literal at line 1, column 10
parse error: Invalid numeric literal at line 1, column 10
parse error: Invalid numeric literal at line 1, column 10
03/16/21 00:03:40 601743000 1615824220

real	0m2.149s
user	0m0.000s
sys	0m0.031s

real	0m1.304s
user	0m0.016s
sys	0m0.109s
[WARN] get LZ_TOKEN error
03/16/21 00:03:44 695959200  1615824224
use pt_key

real	0m1.073s
user	0m0.109s
sys	0m0.094s
03/16/21 00:03:46 327075300  1615824226 token: AAFgT4VhADDJ3LWkFPXs6mOnjGOVHI7vvJD32YXCs6cwAU7Coc14TCHlD9qt03VVg3M-VQ2qzAc

real	0m1.334s
user	0m0.016s
sys	0m0.094s
parse error: Invalid numeric literal at line 1, column 10
03/16/21 00:03:49 512320500  1615824229 secretPin: 
[WARN] get secretPin error

03/16/21 00:03:49 909508600  1615824229 肥鹅签到JEEP SPIRIT眼镜旗舰店

real	0m1.132s
user	0m0.016s
sys	0m0.109s
parse error: Invalid numeric literal at line 1, column 10
parse error: Invalid numeric literal at line 1, column 10
parse error: Invalid numeric literal at line 1, column 10
parse error: Invalid numeric literal at line 1, column 10
03/16/21 00:03:54 839311800 1615824234

real	0m2.039s
user	0m0.000s
sys	0m0.047s

real	0m1.423s
user	0m0.031s
sys	0m0.109s
[WARN] get LZ_TOKEN error
03/16/21 00:03:59 216001600  1615824239
use pt_key

real	0m1.182s
user	0m0.094s
sys	0m0.172s
03/16/21 00:04:00 675960200  1615824240 token: AAFgT4VvADBWRmytiW2P_OCNGUUmEy7BzDA6rGwqiVdXNvLDIj7qHScJQsc6ZK9Ofe-YZca2hmM

real	0m1.476s
user	0m0.000s
sys	0m0.141s
parse error: Invalid numeric literal at line 1, column 10
03/16/21 00:04:05 258143800  1615824245 secretPin: 
[WARN] get secretPin error

03/16/21 00:04:05 587395800  1615824245 肥鹅签到JEEP SPIRIT眼镜旗舰店

real	0m1.400s
user	0m0.063s
sys	0m0.156s
parse error: Invalid numeric literal at line 1, column 10
parse error: Invalid numeric literal at line 1, column 10
parse error: Invalid numeric literal at line 1, column 10
parse error: Invalid numeric literal at line 1, column 10
03/16/21 00:04:11 540211100 1615824251

real	0m2.666s
user	0m0.000s
sys	0m0.031s

real	0m1.115s
user	0m0.031s
sys	0m0.125s
[WARN] get LZ_TOKEN error
03/16/21 00:04:16 037617300  1615824256
use pt_key

real	0m1.116s
user	0m0.078s
sys	0m0.125s
03/16/21 00:04:17 688668100  1615824257 token: AAFgT4WAADD8kBMcG2rNujT8iUk1YDDWzZsCYmLE7MMZx2PtTAPljHPz0PenkSm5MU-NVyG401g

real	0m0.835s
user	0m0.031s
sys	0m0.078s
parse error: Invalid numeric literal at line 1, column 10
03/16/21 00:04:19 833333600  1615824259 secretPin: 
[WARN] get secretPin error

03/16/21 00:04:20 618035900  1615824260 肥鹅签到JEEP SPIRIT眼镜旗舰店

real	0m1.138s
user	0m0.016s
sys	0m0.125s
parse error: Invalid numeric literal at line 1, column 10
parse error: Invalid numeric literal at line 1, column 10
parse error: Invalid numeric literal at line 1, column 10
parse error: Invalid numeric literal at line 1, column 10
03/16/21 00:04:25 955390300 1615824265

real	0m2.636s
user	0m0.000s
sys	0m0.031s

real	0m0.869s
user	0m0.063s
sys	0m0.078s
[WARN] get LZ_TOKEN error
03/16/21 00:04:30 235996600  1615824270
use pt_key

real	0m1.451s
user	0m0.078s
sys	0m0.125s
03/16/21 00:04:31 943286700  1615824271 token: AAFgT4WPADCMJNA0c-HeexJtVzhciE696emRcKqku554sQKjo5wjfxVive1A4GhxegYRaiN2yTs

real	0m0.951s
user	0m0.031s
sys	0m0.125s
parse error: Invalid numeric literal at line 1, column 10
03/16/21 00:04:35 015514000  1615824275 secretPin: 
[WARN] get secretPin error

03/16/21 00:04:35 494976100  1615824275 肥鹅签到JEEP SPIRIT眼镜旗舰店

real	0m1.163s
user	0m0.031s
sys	0m0.094s
parse error: Invalid numeric literal at line 1, column 10
parse error: Invalid numeric literal at line 1, column 10
parse error: Invalid numeric literal at line 1, column 10
parse error: Invalid numeric literal at line 1, column 10
03/16/21 00:04:40 420325700 1615824280

real	0m3.003s
user	0m0.000s
sys	0m0.047s

real	0m1.108s
user	0m0.016s
sys	0m0.094s
[WARN] get LZ_TOKEN error
03/16/21 00:04:45 166991900  1615824285
use pt_key

real	0m1.061s
user	0m0.125s
sys	0m0.172s
03/16/21 00:04:46 578291200  1615824286 token: AAFgT4WdADBi_er30T1KNqjhR92Ta1qt3zgaV-RihXVtySqUT4OVFlTaZ5INaRXFwMcFwJG0JLc

real	0m1.267s
user	0m0.047s
sys	0m0.094s
parse error: Invalid numeric literal at line 1, column 10
03/16/21 00:04:49 474083000  1615824289 secretPin: 
[WARN] get secretPin error

03/16/21 00:04:49 741849700  1615824289 肥鹅签到JEEP SPIRIT眼镜旗舰店

real	0m1.266s
user	0m0.031s
sys	0m0.109s
parse error: Invalid numeric literal at line 1, column 10
parse error: Invalid numeric literal at line 1, column 10
parse error: Invalid numeric literal at line 1, column 10
parse error: Invalid numeric literal at line 1, column 10
03/16/21 00:04:53 776842600 1615824293

real	0m3.110s
user	0m0.000s
sys	0m0.063s

real	0m1.122s
user	0m0.031s
sys	0m0.109s
[WARN] get LZ_TOKEN error
03/16/21 00:04:58 733842300  1615824298
use pt_key

real	0m1.024s
user	0m0.125s
sys	0m0.156s
03/16/21 00:05:00 090360600  1615824300 token: AAFgT4WrADDHQUwk87QIwRipb22hJjv_3WsvfAyrnda1OQrhacwtptW03D0sh51GQIRF75VuWI8

real	0m0.855s
user	0m0.031s
sys	0m0.125s
parse error: Invalid numeric literal at line 1, column 10
03/16/21 00:05:02 225439700  1615824302 secretPin: 
[WARN] get secretPin error

03/16/21 00:05:02 396477300  1615824302 肥鹅签到JEEP SPIRIT眼镜旗舰店

real	0m1.092s
user	0m0.000s
sys	0m0.109s
parse error: Invalid numeric literal at line 1, column 10
parse error: Invalid numeric literal at line 1, column 10
parse error: Invalid numeric literal at line 1, column 10
parse error: Invalid numeric literal at line 1, column 10
03/16/21 00:05:06 698712200 1615824306

real	0m3.151s
user	0m0.000s
sys	0m0.031s

real	0m1.640s
user	0m0.031s
sys	0m0.109s
[WARN] get LZ_TOKEN error
03/16/21 00:05:12 730660900  1615824312
use pt_key

real	0m1.183s
user	0m0.094s
sys	0m0.156s
03/16/21 00:05:14 171634200  1615824314 token: AAFgT4W5ADCTVdVqdOXumqUqxJgXPTC7YwnXFFs0OIkfnQYM9lEKCznLyqaU2F-vrFsDZY2Znyw

real	0m1.327s
user	0m0.047s
sys	0m0.078s
parse error: Invalid numeric literal at line 1, column 10
03/16/21 00:05:16 860821600  1615824316 secretPin: 
[WARN] get secretPin error

03/16/21 00:05:17 113200600  1615824317 肥鹅签到JEEP SPIRIT眼镜旗舰店

real	0m0.554s
user	0m0.047s
sys	0m0.094s
parse error: Invalid numeric literal at line 1, column 10
parse error: Invalid numeric literal at line 1, column 10
parse error: Invalid numeric literal at line 1, column 10
parse error: Invalid numeric literal at line 1, column 10
03/16/21 00:05:20 456002100 1615824320

real	0m3.653s
user	0m0.000s
sys	0m0.078s

real	0m1.116s
user	0m0.016s
sys	0m0.078s
[WARN] get LZ_TOKEN error
03/16/21 00:05:26 421869200  1615824326
use pt_key

real	0m1.163s
user	0m0.078s
sys	0m0.141s
03/16/21 00:05:27 967754700  1615824327 token: AAFgT4XGADAe0MpfWozGAzC7W4BAYkJY03aCitPchEVN9pqvffw2I__uje2LESh2P3EMtM4Zzpw

real	0m1.159s
user	0m0.016s
sys	0m0.125s
parse error: Invalid numeric literal at line 1, column 10
03/16/21 00:05:30 790956800  1615824330 secretPin: 
[WARN] get secretPin error

03/16/21 00:05:31 011606500  1615824331 肥鹅签到JEEP SPIRIT眼镜旗舰店

real	0m0.806s
user	0m0.016s
sys	0m0.109s
parse error: Invalid numeric literal at line 1, column 10
parse error: Invalid numeric literal at line 1, column 10
parse error: Invalid numeric literal at line 1, column 10
parse error: Invalid numeric literal at line 1, column 10
03/16/21 00:05:34 362075800 1615824334

real	0m3.710s
user	0m0.000s
sys	0m0.031s

real	0m1.367s
user	0m0.016s
sys	0m0.188s
[WARN] get LZ_TOKEN error
03/16/21 00:05:40 106017800  1615824340
use pt_key

real	0m1.694s
user	0m0.094s
sys	0m0.109s
03/16/21 00:05:42 076910500  1615824342 token: AAFgT4XVADC3znA8Fl44tkSRLqn7pBW7J7OaLc7scJexBhKcjMQxKGYB8EJlpcd2sBwa1DovM90

real	0m1.445s
user	0m0.000s
sys	0m0.141s
parse error: Invalid numeric literal at line 1, column 10
03/16/21 00:05:45 738138300  1615824345 secretPin: 
[WARN] get secretPin error

03/16/21 00:05:45 905150300  1615824345 肥鹅签到JEEP SPIRIT眼镜旗舰店

real	0m0.828s
user	0m0.047s
sys	0m0.109s
parse error: Invalid numeric literal at line 1, column 10
parse error: Invalid numeric literal at line 1, column 10
parse error: Invalid numeric literal at line 1, column 10
parse error: Invalid numeric literal at line 1, column 10
03/16/21 00:05:48 020477300 1615824348

real	0m3.470s
user	0m0.000s
sys	0m0.031s

real	0m1.242s
user	0m0.016s
sys	0m0.094s
[WARN] get LZ_TOKEN error
03/16/21 00:05:53 415577000  1615824353
use pt_key

real	0m1.071s
user	0m0.125s
sys	0m0.078s
03/16/21 00:05:54 831849100  1615824354 token: AAFgT4XhADCj0kM5kPYEsor801NNWJPoD8c2iO-5GoJblsBlMsICkHBtmtl-sSJTLgpFmNgstnw

real	0m1.259s
user	0m0.016s
sys	0m0.109s
parse error: Invalid numeric literal at line 1, column 10
03/16/21 00:05:57 247706400  1615824357 secretPin: 
[WARN] get secretPin error

03/16/21 00:05:57 519409600  1615824357 肥鹅签到JEEP SPIRIT眼镜旗舰店

real	0m1.152s
user	0m0.016s
sys	0m0.141s
parse error: Invalid numeric literal at line 1, column 10
parse error: Invalid numeric literal at line 1, column 10
parse error: Invalid numeric literal at line 1, column 10
parse error: Invalid numeric literal at line 1, column 10
03/16/21 00:06:02 557309400 1615824362

real	0m4.022s
user	0m0.000s
sys	0m0.047s

real	0m0.786s
user	0m0.031s
sys	0m0.063s
[WARN] get LZ_TOKEN error
03/16/21 00:06:08 337742400  1615824368
use pt_key

real	0m1.273s
user	0m0.109s
sys	0m0.094s
03/16/21 00:06:09 960692200  1615824369 token: AAFgT4XwADD9ANmMZzaeUS43NynL8tmvVI8pbBkW-zOsAnq0ryy1khbNaAn2breMIBHZgiK-07U

real	0m1.397s
user	0m0.047s
sys	0m0.125s
parse error: Invalid numeric literal at line 1, column 10
03/16/21 00:06:13 900955400  1615824373 secretPin: 
[WARN] get secretPin error

03/16/21 00:06:14 182461700  1615824374 肥鹅签到JEEP SPIRIT眼镜旗舰店

real	0m0.761s
user	0m0.031s
sys	0m0.125s
parse error: Invalid numeric literal at line 1, column 10
parse error: Invalid numeric literal at line 1, column 10
parse error: Invalid numeric literal at line 1, column 10
parse error: Invalid numeric literal at line 1, column 10
03/16/21 00:06:18 496300800 1615824378

real	0m4.042s
user	0m0.000s
sys	0m0.047s

real	0m1.766s
user	0m0.031s
sys	0m0.125s
[WARN] get LZ_TOKEN error
03/16/21 00:06:24 987934900  1615824384
use pt_key

real	0m1.258s
user	0m0.141s
sys	0m0.078s
03/16/21 00:06:26 658298000  1615824386 token: AAFgT4YBADCL4eyHBsOr2H3Xo01Fs6mciAWgJTdxr0oHjQgZbIpyn5_08m_k_mm7fi8LZeL6vqc

real	0m1.062s
user	0m0.047s
sys	0m0.094s
parse error: Invalid numeric literal at line 1, column 10
03/16/21 00:06:29 374204500  1615824389 secretPin: 
[WARN] get secretPin error

03/16/21 00:06:29 839050300  1615824389 肥鹅签到JEEP SPIRIT眼镜旗舰店

real	0m1.707s
user	0m0.031s
sys	0m0.125s
parse error: Invalid numeric literal at line 1, column 10
parse error: Invalid numeric literal at line 1, column 10
parse error: Invalid numeric literal at line 1, column 10
parse error: Invalid numeric literal at line 1, column 10
03/16/21 00:06:34 738310000 1615824394

real	0m4.295s
user	0m0.000s
sys	0m0.031s

real	0m0.578s
user	0m0.000s
sys	0m0.203s
[WARN] get LZ_TOKEN error
03/16/21 00:06:40 210711100  1615824400
use pt_key

real	0m1.015s
user	0m0.109s
sys	0m0.109s
03/16/21 00:06:41 561794400  1615824401 token: AAFgT4YQADBQ3ZSUXNfaO4qNsFtaAagPv61Fc2F_Us7P2mtpvO1eXIe_VcV1WxzwAsd7tCWSWfc

real	0m0.508s
user	0m0.000s
sys	0m0.125s
parse error: Invalid numeric literal at line 1, column 10
03/16/21 00:06:43 664183800  1615824403 secretPin: 
[WARN] get secretPin error

03/16/21 00:06:44 033495200  1615824404 肥鹅签到JEEP SPIRIT眼镜旗舰店

real	0m1.076s
user	0m0.047s
sys	0m0.078s
parse error: Invalid numeric literal at line 1, column 10
parse error: Invalid numeric literal at line 1, column 10
parse error: Invalid numeric literal at line 1, column 10
parse error: Invalid numeric literal at line 1, column 10
03/16/21 00:06:49 846595200 1615824409

real	0m4.290s
user	0m0.000s
sys	0m0.016s

real	0m0.600s
user	0m0.016s
sys	0m0.094s
[WARN] get LZ_TOKEN error
03/16/21 00:06:55 059155300  1615824415
use pt_key

real	0m0.684s
user	0m0.094s
sys	0m0.156s
03/16/21 00:06:55 956683500  1615824415 token: AAFgT4YfADA-gx4x8wMDEP-cNZEPienoB_87rAkE0N26_f5sKLg40oLRV3KIa46AEXOKc1owfbA

real	0m1.242s
user	0m0.031s
sys	0m0.172s
parse error: Invalid numeric literal at line 1, column 10
03/16/21 00:06:58 813738700  1615824418 secretPin: 
[WARN] get secretPin error

03/16/21 00:06:59 110597000  1615824419 肥鹅签到JEEP SPIRIT眼镜旗舰店

real	0m0.731s
user	0m0.016s
sys	0m0.094s
parse error: Invalid numeric literal at line 1, column 10
parse error: Invalid numeric literal at line 1, column 10
parse error: Invalid numeric literal at line 1, column 10
parse error: Invalid numeric literal at line 1, column 10
03/16/21 00:07:02 553073700 1615824422

real	0m5.430s
user	0m0.000s
sys	0m0.047s
03/16/21 00:08:08 312351700  1615824488
parse error: Invalid numeric literal at line 1, column 10
签到是否成功解析失败. 不再写/home/myid/jd/jd_signup/vender/shop_1614611215_136

肥鹅签到JEEP SPIRIT眼镜旗舰店查看结果



JEEP SPIRIT眼镜旗舰店活动规则


actId=a3e7341936fb4fe786cb441977fad1df
venderId=10114665
startTime=1613664000000
endTime=1616169659000
# 短链接
suo_url="https://3.cn/1012Wo-ru"
actTimeStr="2021-02-19 00:00 至 2021-03-20 00:00"
#店铺名称
vendername="JEEP SPIRIT眼镜旗舰店"
# 长链接
url=https://lzkj-isv.isvjcloud.com/sign/signActivity2?activityId=a3e7341936fb4fe786cb441977fad1df&venderId=10114665&adsource=tg_xuanFuTuBiao
# 活动时间：2021.02.19 00:00:00 - 2021.03.20 00:00:59
# 奖励说明：
actRule="
连续签到3天：1京豆 1京豆
连续签到5天：3京豆 3京豆
"
#肥鹅 jd_4d651d9e48204 sign_res
sign_res="
signTime=1614556800;signed=2
signTime=1614643200;signed=2
signTime=1614729600;signed=2
signTime=1614816000;signed=2
signTime=1614902400;signed=2
signTime=1614988800;signed=2
signTime=1615075200;signed=2
signTime=1615161600;signed=2
signTime=1615248000;signed=2
signTime=1615334400;signed=2
signTime=1615420800;signed=2
signTime=1615507200;signed=2
signTime=1615593600;signed=2
signTime=1615680000;signed=2
signTime=1615766400;signed=2"
sign_num="4"
sign_total_num="19"
giftName=""
giftRes="ok"
giftDate="20210315"
sign_res_info="
2021/03/01_08:00:00  [已~签~到]      
2021/03/02_08:00:00  [已~签~到]      
2021/03/03_08:00:00  [已~签~到]      
2021/03/04_08:00:00  [已~签~到]      
2021/03/05_08:00:00  [已~签~到]      
2021/03/06_08:00:00  [已~签~到]      
2021/03/07_08:00:00  [已~签~到]      
2021/03/08_08:00:00  [已~签~到]      
2021/03/09_08:00:00  [已~签~到]      
2021/03/10_08:00:00  [已~签~到]      
2021/03/11_08:00:00  [已~签~到]      
2021/03/12_08:00:00  [已~签~到]      
2021/03/13_08:00:00  [已~签~到]      
2021/03/14_08:00:00  [已~签~到]      
2021/03/15_08:00:00  [已~签~到]      
当天签到奖励 []
连续签到 4 天
签到总天数 19"
#肥鹅 jd_4d651d9e48204 sign_res_end
#移动 jd_OeTNobRVGiNZ sign_res
sign_res="
"
sign_num="0"
sign_total_num="0"
giftName=""
giftRes=""
giftDate="20210315"
sign_res_info="

当天签到奖励 []
连续签到 0 天
签到总天数 0"
#移动 jd_OeTNobRVGiNZ sign_res_end
#赵 122294312-396444 sign_res
sign_res="
"
sign_num=""
sign_total_num=""
giftName="null"
giftRes="ok"
giftDate="20210316"
sign_res_info="

当天签到奖励 [null]
连续签到  天
签到总天数 "
#赵 122294312-396444 sign_res_end
#王 1309893722-164885 sign_res
sign_res="
"
sign_num=""
sign_total_num=""
giftName=""
giftRes="ok"
giftDate="20210316"
sign_res_info="

当天签到奖励 []
连续签到  天
签到总天数 "
#王 1309893722-164885 sign_res_end
