03/13/21 00:30:07 207016500  1615566607
RANDOM_num: 25
removed '/tmp/tmp.7KWsU8rdcP'
03/13/21 00:30:08 851999300  1615566608 检查肥鹅签到

real	0m1.220s
user	0m0.047s
sys	0m0.063s
lzkj-isv.isvjcloud.com	FALSE	/	FALSE	1615567210	LZ_TOKEN_VALUE	B0oH3vDY2bhHWuKbVaJ+XQ==
lzkj-isv.isvjcloud.com	FALSE	/	FALSE	1615567210	LZ_TOKEN_KEY	lztokenpage1b82111eb2e5477dafaee328998b07d9
03/13/21 00:30:11 583194100  1615566611
use pt_key

real	0m1.313s
user	0m0.141s
sys	0m0.125s
03/13/21 00:30:13 215959800  1615566613 token: AAFgS5cTADC-axhSaBy-9r_h0WaMbWmJKI2yCHco0KAcoeDfbaBmLkPr35UqtHvNECKyeQZqhcs

real	0m1.591s
user	0m0.000s
sys	0m0.141s
03/13/21 00:30:15 822578100  1615566615 secretPin: 4YEv+ri88IbQX5lhoqHrzE7oeVP9kq2pYSH90mYt4m3fwcJlClpxrfmVYaGKuquQkdK3rLBQpEQH9V4tdrrh0w==

03/13/21 00:30:15 937300400  1615566615 肥鹅签到TCL.XESS个护京东自营旗舰店

real	0m0.647s
user	0m0.047s
sys	0m0.047s
parse error: Invalid numeric literal at line 1, column 10
parse error: Invalid numeric literal at line 1, column 10
parse error: Invalid numeric literal at line 1, column 10
parse error: Invalid numeric literal at line 1, column 10
03/13/21 00:30:18 325398100 1615566618

real	0m0.362s
user	0m0.000s
sys	0m0.063s

real	0m0.294s
user	0m0.031s
sys	0m0.156s
[WARN] get LZ_TOKEN error
03/13/21 00:30:19 088265000  1615566619
use pt_key

real	0m0.285s
user	0m0.125s
sys	0m0.125s
03/13/21 00:30:19 402840000  1615566619 token: AAFgS5caADDjxHuGC3OnT3Gwe8a_GY84K_IBudwiR3YdV8X-aI0NxyJnz0ZYYv2ZdBZ2gLQoP-8

real	0m0.180s
user	0m0.031s
sys	0m0.094s
parse error: Invalid numeric literal at line 1, column 10
03/13/21 00:30:19 775556900  1615566619 secretPin: 
[WARN] get secretPin error

03/13/21 00:30:19 808942500  1615566619 肥鹅签到TCL.XESS个护京东自营旗舰店

real	0m0.192s
user	0m0.031s
sys	0m0.109s
parse error: Invalid numeric literal at line 1, column 10
parse error: Invalid numeric literal at line 1, column 10
parse error: Invalid numeric literal at line 1, column 10
parse error: Invalid numeric literal at line 1, column 10
03/13/21 00:30:20 572082300 1615566620

real	0m0.454s
user	0m0.000s
sys	0m0.047s

real	0m0.210s
user	0m0.000s
sys	0m0.078s
[WARN] get LZ_TOKEN error
03/13/21 00:30:21 326649000  1615566621
use pt_key

real	0m0.223s
user	0m0.094s
sys	0m0.109s
03/13/21 00:30:21 591747000  1615566621 token: AAFgS5ccADABwVb-lTStAOos3nVsIjy87mOi--o5Mew3u6XAL0aT70DeUDcv61F5h9o2eBiwc-M

real	0m0.178s
user	0m0.016s
sys	0m0.141s
parse error: Invalid numeric literal at line 1, column 10
03/13/21 00:30:21 942056500  1615566621 secretPin: 
[WARN] get secretPin error

03/13/21 00:30:21 972622700  1615566621 肥鹅签到TCL.XESS个护京东自营旗舰店

real	0m0.170s
user	0m0.000s
sys	0m0.125s
parse error: Invalid numeric literal at line 1, column 10
parse error: Invalid numeric literal at line 1, column 10
parse error: Invalid numeric literal at line 1, column 10
parse error: Invalid numeric literal at line 1, column 10
03/13/21 00:30:22 647780300 1615566622

real	0m0.645s
user	0m0.000s
sys	0m0.047s

real	0m0.173s
user	0m0.016s
sys	0m0.078s
[WARN] get LZ_TOKEN error
03/13/21 00:30:23 560875400  1615566623
use pt_key

real	0m0.220s
user	0m0.109s
sys	0m0.063s
03/13/21 00:30:23 810368200  1615566623 token: AAFgS5ceADD_ml8dg00qKjP0JqYGvCHNFXGvKWpEP2rpQH42Eir4iK6RIf9deA9QYqUYq7n9rjE

real	0m0.175s
user	0m0.000s
sys	0m0.109s
parse error: Invalid numeric literal at line 1, column 10
03/13/21 00:30:24 185687300  1615566624 secretPin: 
[WARN] get secretPin error

03/13/21 00:30:24 234074700  1615566624 肥鹅签到TCL.XESS个护京东自营旗舰店

real	0m0.180s
user	0m0.031s
sys	0m0.078s
parse error: Invalid numeric literal at line 1, column 10
parse error: Invalid numeric literal at line 1, column 10
parse error: Invalid numeric literal at line 1, column 10
parse error: Invalid numeric literal at line 1, column 10
03/13/21 00:30:25 050812700 1615566625

real	0m0.874s
user	0m0.000s
sys	0m0.047s

real	0m0.189s
user	0m0.031s
sys	0m0.078s
[WARN] get LZ_TOKEN error
03/13/21 00:30:26 205598500  1615566626
use pt_key

real	0m0.240s
user	0m0.078s
sys	0m0.094s
03/13/21 00:30:26 482169400  1615566626 token: AAFgS5chADBanxAhVRWs0DO_RMWnntEyz6QMm_yoEZFqekjfNsZG3BEMxtT2esuPiZzn3I20TA4

real	0m0.167s
user	0m0.031s
sys	0m0.094s
parse error: Invalid numeric literal at line 1, column 10
03/13/21 00:30:26 832465600  1615566626 secretPin: 
[WARN] get secretPin error

03/13/21 00:30:26 862000800  1615566626 肥鹅签到TCL.XESS个护京东自营旗舰店

real	0m0.162s
user	0m0.047s
sys	0m0.094s
parse error: Invalid numeric literal at line 1, column 10
parse error: Invalid numeric literal at line 1, column 10
parse error: Invalid numeric literal at line 1, column 10
parse error: Invalid numeric literal at line 1, column 10
03/13/21 00:30:27 534451700 1615566627

real	0m1.072s
user	0m0.000s
sys	0m0.047s

real	0m0.170s
user	0m0.000s
sys	0m0.109s
[WARN] get LZ_TOKEN error
03/13/21 00:30:28 883706800  1615566628
use pt_key

real	0m0.243s
user	0m0.094s
sys	0m0.063s
03/13/21 00:30:29 161809700  1615566629 token: AAFgS5ckADDsyxTBCy7Kgekwjuv9mCWAXjLkbG2cRypZE9D-Iy2tzisHj0EU_ei_2XM5NveBK5o

real	0m0.175s
user	0m0.016s
sys	0m0.063s
parse error: Invalid numeric literal at line 1, column 10
03/13/21 00:30:29 517102000  1615566629 secretPin: 
[WARN] get secretPin error

03/13/21 00:30:29 545097000  1615566629 肥鹅签到TCL.XESS个护京东自营旗舰店

real	0m0.152s
user	0m0.031s
sys	0m0.109s
parse error: Invalid numeric literal at line 1, column 10
parse error: Invalid numeric literal at line 1, column 10
parse error: Invalid numeric literal at line 1, column 10
parse error: Invalid numeric literal at line 1, column 10
03/13/21 00:30:30 218479100 1615566630

real	0m1.264s
user	0m0.000s
sys	0m0.031s

real	0m0.190s
user	0m0.047s
sys	0m0.063s
[WARN] get LZ_TOKEN error
03/13/21 00:30:31 783180400  1615566631
use pt_key

real	0m0.249s
user	0m0.156s
sys	0m0.078s
03/13/21 00:30:32 085733400  1615566632 token: AAFgS5cnADAICVZFlw2mTIHlX1jHz3dcpxxyxfYFzs_lHFWaz_6PKy5omXCgaFUgIqyVGW12fn0

real	0m0.180s
user	0m0.000s
sys	0m0.078s
parse error: Invalid numeric literal at line 1, column 10
03/13/21 00:30:32 471274800  1615566632 secretPin: 
[WARN] get secretPin error

03/13/21 00:30:32 516523400  1615566632 肥鹅签到TCL.XESS个护京东自营旗舰店

real	0m0.203s
user	0m0.016s
sys	0m0.109s
parse error: Invalid numeric literal at line 1, column 10
parse error: Invalid numeric literal at line 1, column 10
parse error: Invalid numeric literal at line 1, column 10
parse error: Invalid numeric literal at line 1, column 10
03/13/21 00:30:33 363701800 1615566633

real	0m1.478s
user	0m0.000s
sys	0m0.047s

real	0m0.205s
user	0m0.016s
sys	0m0.109s
[WARN] get LZ_TOKEN error
03/13/21 00:30:35 152418300  1615566635
use pt_key

real	0m0.273s
user	0m0.078s
sys	0m0.141s
03/13/21 00:30:35 460749300  1615566635 token: AAFgS5cqADBaCjppkp0iU5iz1J0bwq8jipXy3CjNpONQviB4JHHHQLXEtUvt0QKK50bRxSWi7Qk

real	0m0.166s
user	0m0.016s
sys	0m0.094s
parse error: Invalid numeric literal at line 1, column 10
03/13/21 00:30:35 789930700  1615566635 secretPin: 
[WARN] get secretPin error

03/13/21 00:30:35 819992100  1615566635 肥鹅签到TCL.XESS个护京东自营旗舰店

real	0m0.173s
user	0m0.016s
sys	0m0.094s
parse error: Invalid numeric literal at line 1, column 10
parse error: Invalid numeric literal at line 1, column 10
parse error: Invalid numeric literal at line 1, column 10
parse error: Invalid numeric literal at line 1, column 10
03/13/21 00:30:36 469921500 1615566636

real	0m1.668s
user	0m0.000s
sys	0m0.016s

real	0m0.176s
user	0m0.016s
sys	0m0.125s
[WARN] get LZ_TOKEN error
03/13/21 00:30:38 407754400  1615566638
use pt_key

real	0m0.270s
user	0m0.078s
sys	0m0.094s
03/13/21 00:30:38 710988900  1615566638 token: AAFgS5ctADAtU4bXbKsOIrHjdfBKhIcLeRVcq55GSgD0PP3iadU4XdopTA9fGobOfxR3z15hL8I

real	0m0.190s
user	0m0.000s
sys	0m0.109s
parse error: Invalid numeric literal at line 1, column 10
03/13/21 00:30:39 116607400  1615566639 secretPin: 
[WARN] get secretPin error

03/13/21 00:30:39 159213900  1615566639 肥鹅签到TCL.XESS个护京东自营旗舰店

real	0m0.213s
user	0m0.000s
sys	0m0.125s
parse error: Invalid numeric literal at line 1, column 10
parse error: Invalid numeric literal at line 1, column 10
parse error: Invalid numeric literal at line 1, column 10
parse error: Invalid numeric literal at line 1, column 10
03/13/21 00:30:39 882884000 1615566639

real	0m1.868s
user	0m0.016s
sys	0m0.016s

real	0m0.184s
user	0m0.031s
sys	0m0.078s
[WARN] get LZ_TOKEN error
03/13/21 00:30:42 074503500  1615566642
use pt_key

real	0m0.242s
user	0m0.063s
sys	0m0.156s
03/13/21 00:30:42 386440700  1615566642 token: AAFgS5cxADBNUJlH-DpfoN5i-j1Xce-qUjG-Cy1qeMT7aNlTUHny43ama9Afl6Z0mJ87VDf3M2I

real	0m0.215s
user	0m0.000s
sys	0m0.125s
parse error: Invalid numeric literal at line 1, column 10
03/13/21 00:30:42 789186000  1615566642 secretPin: 
[WARN] get secretPin error

03/13/21 00:30:42 831407300  1615566642 肥鹅签到TCL.XESS个护京东自营旗舰店

real	0m0.196s
user	0m0.016s
sys	0m0.094s
parse error: Invalid numeric literal at line 1, column 10
parse error: Invalid numeric literal at line 1, column 10
parse error: Invalid numeric literal at line 1, column 10
parse error: Invalid numeric literal at line 1, column 10
03/13/21 00:30:43 556171900 1615566643

real	0m2.062s
user	0m0.000s
sys	0m0.031s

real	0m0.161s
user	0m0.000s
sys	0m0.094s
[WARN] get LZ_TOKEN error
03/13/21 00:30:45 902236900  1615566645
use pt_key

real	0m0.222s
user	0m0.094s
sys	0m0.125s
03/13/21 00:30:46 153134100  1615566646 token: AAFgS5c1ADCetgJ-eFL8flRjnyZ1HBtSSwiso9Zahra3b3Wzu-hRXyNFBAytXHD36DVl-LzEL9Y

real	0m0.165s
user	0m0.000s
sys	0m0.109s
parse error: Invalid numeric literal at line 1, column 10
03/13/21 00:30:46 480195200  1615566646 secretPin: 
[WARN] get secretPin error

03/13/21 00:30:46 508805100  1615566646 肥鹅签到TCL.XESS个护京东自营旗舰店

real	0m0.191s
user	0m0.031s
sys	0m0.094s
parse error: Invalid numeric literal at line 1, column 10
parse error: Invalid numeric literal at line 1, column 10
parse error: Invalid numeric literal at line 1, column 10
parse error: Invalid numeric literal at line 1, column 10
03/13/21 00:30:47 212459600 1615566647

real	0m2.248s
user	0m0.000s
sys	0m0.031s

real	0m0.166s
user	0m0.016s
sys	0m0.078s
[WARN] get LZ_TOKEN error
03/13/21 00:30:49 696105600  1615566649
use pt_key

real	0m0.265s
user	0m0.078s
sys	0m0.125s
03/13/21 00:30:49 998588700  1615566649 token: AAFgS5c4ADCoAH8oIIrzrZu2jchrBD4tXJWqPVJwY8yymSUqXyadI3sSdSrrHYWSQ0F0ZpidmpA

real	0m0.178s
user	0m0.031s
sys	0m0.063s
parse error: Invalid numeric literal at line 1, column 10
03/13/21 00:30:50 346256800  1615566650 secretPin: 
[WARN] get secretPin error

03/13/21 00:30:50 374773500  1615566650 肥鹅签到TCL.XESS个护京东自营旗舰店

real	0m0.163s
user	0m0.016s
sys	0m0.078s
parse error: Invalid numeric literal at line 1, column 10
parse error: Invalid numeric literal at line 1, column 10
parse error: Invalid numeric literal at line 1, column 10
parse error: Invalid numeric literal at line 1, column 10
03/13/21 00:30:51 055473500 1615566651

real	0m2.478s
user	0m0.000s
sys	0m0.031s

real	0m0.192s
user	0m0.016s
sys	0m0.094s
[WARN] get LZ_TOKEN error
03/13/21 00:30:53 828914800  1615566653
use pt_key

real	0m0.220s
user	0m0.125s
sys	0m0.063s
03/13/21 00:30:54 102897600  1615566654 token: AAFgS5c9ADB1GAIX6I5dLpYO_wm2MoWprLd5Aq1c7l7aYpBNhXR8hvP9AuFm2XGAFHWPDokqMJU

real	0m0.152s
user	0m0.031s
sys	0m0.094s
parse error: Invalid numeric literal at line 1, column 10
03/13/21 00:30:54 425124700  1615566654 secretPin: 
[WARN] get secretPin error

03/13/21 00:30:54 455674000  1615566654 肥鹅签到TCL.XESS个护京东自营旗舰店

real	0m0.170s
user	0m0.031s
sys	0m0.078s
parse error: Invalid numeric literal at line 1, column 10
parse error: Invalid numeric literal at line 1, column 10
parse error: Invalid numeric literal at line 1, column 10
parse error: Invalid numeric literal at line 1, column 10
03/13/21 00:30:55 159468000 1615566655

real	0m2.669s
user	0m0.000s
sys	0m0.031s

real	0m0.404s
user	0m0.063s
sys	0m0.047s
[WARN] get LZ_TOKEN error
03/13/21 00:30:58 328609500  1615566658
use pt_key

real	0m0.249s
user	0m0.094s
sys	0m0.094s
03/13/21 00:30:58 616009100  1615566658 token: AAFgS5dBADAOyCzWL5zgODTApOYI71oclBOkelepdVipZvXyVBItOjFq-7EW4qPTEzjz2enVB8M

real	0m0.175s
user	0m0.016s
sys	0m0.109s
parse error: Invalid numeric literal at line 1, column 10
03/13/21 00:30:58 964687300  1615566658 secretPin: 
[WARN] get secretPin error

03/13/21 00:30:58 990507400  1615566658 肥鹅签到TCL.XESS个护京东自营旗舰店

real	0m0.154s
user	0m0.016s
sys	0m0.078s
parse error: Invalid numeric literal at line 1, column 10
parse error: Invalid numeric literal at line 1, column 10
parse error: Invalid numeric literal at line 1, column 10
parse error: Invalid numeric literal at line 1, column 10
03/13/21 00:30:59 667228200 1615566659

real	0m2.877s
user	0m0.000s
sys	0m0.016s

real	0m0.194s
user	0m0.016s
sys	0m0.094s
[WARN] get LZ_TOKEN error
03/13/21 00:31:02 844180800  1615566662
use pt_key

real	0m0.307s
user	0m0.063s
sys	0m0.109s
03/13/21 00:31:03 188304600  1615566663 token: AAFgS5dGADBnRCcOZYTUanqAxns5oCxobVZTA2EC1vAmz6AvNpmF_eUx-_DSoz2gduVyWvppP84

real	0m0.191s
user	0m0.031s
sys	0m0.125s
parse error: Invalid numeric literal at line 1, column 10
03/13/21 00:31:03 560553400  1615566663 secretPin: 
[WARN] get secretPin error

03/13/21 00:31:03 590816800  1615566663 肥鹅签到TCL.XESS个护京东自营旗舰店

real	0m0.190s
user	0m0.031s
sys	0m0.063s
parse error: Invalid numeric literal at line 1, column 10
parse error: Invalid numeric literal at line 1, column 10
parse error: Invalid numeric literal at line 1, column 10
parse error: Invalid numeric literal at line 1, column 10
03/13/21 00:31:04 379409800 1615566664

real	0m3.110s
user	0m0.000s
sys	0m0.063s

real	0m0.156s
user	0m0.016s
sys	0m0.063s
[WARN] get LZ_TOKEN error
03/13/21 00:31:07 731758800  1615566667
use pt_key

real	0m0.234s
user	0m0.078s
sys	0m0.094s
03/13/21 00:31:07 999179400  1615566667 token: AAFgS5dKADAQJCPuldZ_MG7zGIGYO6XGV9mAigZD38_YzC_ObN3z80l1z0rauwzKxCKpwsukSH8

real	0m0.167s
user	0m0.016s
sys	0m0.094s
parse error: Invalid numeric literal at line 1, column 10
03/13/21 00:31:08 325909500  1615566668 secretPin: 
[WARN] get secretPin error

03/13/21 00:31:08 354524500  1615566668 肥鹅签到TCL.XESS个护京东自营旗舰店

real	0m0.156s
user	0m0.016s
sys	0m0.094s
parse error: Invalid numeric literal at line 1, column 10
parse error: Invalid numeric literal at line 1, column 10
parse error: Invalid numeric literal at line 1, column 10
parse error: Invalid numeric literal at line 1, column 10
03/13/21 00:31:09 032952100 1615566669

real	0m3.269s
user	0m0.000s
sys	0m0.047s

real	0m0.151s
user	0m0.000s
sys	0m0.078s
[WARN] get LZ_TOKEN error
03/13/21 00:31:12 526879600  1615566672
use pt_key

real	0m0.220s
user	0m0.094s
sys	0m0.094s
03/13/21 00:31:12 816260300  1615566672 token: AAFgS5dPADDUWyps2FePQ34KZ4mNTn24dDKCoJ2R3ytUIfIwSrru9RXVHtOkDW63uLtv1L3_yeQ

real	0m0.150s
user	0m0.031s
sys	0m0.063s
parse error: Invalid numeric literal at line 1, column 10
03/13/21 00:31:13 129031400  1615566673 secretPin: 
[WARN] get secretPin error

03/13/21 00:31:13 161314000  1615566673 肥鹅签到TCL.XESS个护京东自营旗舰店

real	0m0.167s
user	0m0.031s
sys	0m0.063s
parse error: Invalid numeric literal at line 1, column 10
parse error: Invalid numeric literal at line 1, column 10
parse error: Invalid numeric literal at line 1, column 10
parse error: Invalid numeric literal at line 1, column 10
03/13/21 00:31:13 794301500 1615566673

real	0m3.468s
user	0m0.000s
sys	0m0.047s

real	0m1.446s
user	0m0.016s
sys	0m0.063s
lzkj-isv.isvjcloud.com	FALSE	/	FALSE	1615567278	LZ_TOKEN_VALUE	B0oH3vDY2bhHWuKbVaJ+XQ==
lzkj-isv.isvjcloud.com	FALSE	/	FALSE	1615567278	LZ_TOKEN_KEY	lztokenpageac8a3aa2f6c045bb93a2e397e5d0ead1
03/13/21 00:31:18 753027800  1615566678
use pt_key

real	0m0.156s
user	0m0.109s
sys	0m0.078s
03/13/21 00:31:18 942052400  1615566678 token: AAFgS5dVADD-rXl7ajyUKP-P2F0YouNjKpLZzJWjnMEItVguk0qXxdSA9WzAoMe-9KEvMzXUx_g

real	0m2.084s
user	0m0.000s
sys	0m0.125s
03/13/21 00:31:21 143985300  1615566681 secretPin: 4YEv+ri88IbQX5lhoqHrzE7oeVP9kq2pYSH90mYt4m3fwcJlClpxrfmVYaGKuquQkdK3rLBQpEQH9V4tdrrh0w==

03/13/21 00:31:21 165891200  1615566681 肥鹅签到TCL.XESS个护京东自营旗舰店

real	0m0.566s
user	0m0.016s
sys	0m0.078s
{
  "gift": {
    "activityId": null,
    "activityType": null,
    "venderId": null,
    "type": 0,
    "name": null,
    "itemHb": null,
    "id": "1158000",
    "giftType": "6",
    "giftName": "5京豆",
    "giftNum": "5",
    "giftTotal": "3000",
    "giftResidue": null,
    "priceInfo": "0.05",
    "shortLink": "",
    "orginLink": null,
    "giftInfoId": "f0e93959db094eda8b9863028c721c06",
    "commonAddAwardVO": null
  },
  "msg": "",
  "isOk": true,
  "isSend": true,
  "key": "PnLTBc"
}
true
03/13/21 00:31:22 052583100 1615566682
03/13/21 00:31:22 072975800 1615566682 签到TCL.XESS个护京东自营旗舰店完成
03/13/21 00:32:37 171391200  1615566757
true
首次签到成功. 写入giftName: "5京豆"

***********************************************
2021/03/07_08:00:00  [已~签~到]      
2021/03/08_08:00:00  [已~签~到]      
2021/03/09_08:00:00  [已~签~到]      
2021/03/10_08:00:00  [已~签~到]      
2021/03/11_08:00:00  [已~签~到]      
2021/03/12_08:00:00  [已~签~到]      
2021/03/13_08:00:00  [已~签~到]      
当天签到奖励 ["5京豆"]
连续签到 7 天
签到总天数 7
***********************************************

肥鹅签到TCL.XESS个护京东自营旗舰店查看结果
{"msg":"","giftLog":{"20210313":"y"},"isOk":true,"signDetail":{"20210308":"y","20210309":"y","20210310":"y","20210311":"y","20210307":"y","20210312":"y","20210313":"y"},"followDays":8,"signRecord":{"nicknameShow":null,"id":"1c546167264c48d7860b7359a7673097","venderId":1000331904,"actId":"3f1c7a4084bc41778c79ed0bc9376b16","actName":"三月签到活动","nick":"4YEv+ri88IbQX5lhoqHrzE7oeVP9kq2pYSH90mYt4m3fwcJlClpxrfmVYaGKuquQkdK3rLBQpEQH9V4tdrrh0w==","phone":"","midUrl":null,"pin":"4YEv+ri88IbQX5lhoqHrzE7oeVP9kq2pYSH90mYt4m3fwcJlClpxrfmVYaGKuquQkdK3rLBQpEQH9V4tdrrh0w==","lastSignDate":20210313,"contiSignNum":7,"totalSignNum":7,"createTime":1615126573000,"updateTime":1615566680000,"remark":null}}

{
  "signDetail": {
    "20210308": "y",
    "20210309": "y",
    "20210310": "y",
    "20210311": "y",
    "20210307": "y",
    "20210312": "y",
    "20210313": "y"
  },
  "contiSignNum": 7,
  "totalSignNum": 7
}

TCL.XESS个护京东自营旗舰店活动规则
{"msg":"","act":{"id":"3f1c7a4084bc41778c79ed0bc9376b16","jdActivityId":null,"venderId":1000331904,"actName":"三月签到活动","startTime":1614563400000,"endTime":1617206399000,"tplId":"0110","deleted":null,"actUrl":"https://lzkj-isv.isvjcloud.com/sign/signActivity2?activityId=3f1c7a4084bc41778c79ed0bc9376b16&venderId=1000331904","shortUrl":"3.cn/1016T-GKX","qrcodeUrl":"https://img10.360buyimg.com/imgzone/jfs/t1/160764/4/8508/3628/603c481dE4b7d7166/6572b25ee4488077.png","actRule":"1、活动时间：2021-03-01 09:50 - 2021-03-31 23:59；
2、符合累计签到赠送条件，则有机会赠送累计签到奖品，同时每日签到奖品不赠送；
3、每日签到，有机会赠送[2京豆]；
4、累计签到7天，有机会赠送[5京豆]；
5、累计签到15天，有机会赠送[10京豆]；
6、关注店铺后方可参与活动；
7、签到成功后有机会获得奖品，也有可能会与奖品擦肩而过（奖品数量有限，先到先得）；
8、若用户存在刷奖等恶意行为，一经发现将取消抽奖资格（如奖品已经发放，有权追回奖品）；
注：奖品发放形式：
实物奖：
（1）中奖客户信息收集：页面弹屏提示中奖客户提供收货地址、号码和奖项；(超过1小时未填写对应收货信息，视为放弃);
（2）实物奖采取寄送方式发放，获奖用户需在开奖后填写姓名、联系电话、详细地址信息。如因用户原因无法联系上，即奖品作废不再补发，或如用户未填写真实有效的信息或填写收货信息不详，均视为放弃奖品；
虚拟产品奖：
（1）京豆：中奖后系统预计24小时内自动发放至账户；
（2）优惠券：中奖后需手动领取，预计24小时到账；
【活动参与主体资格】
（1）每位自然人用户仅能使用一个京东账号参与活动，微信号、QQ、京东帐号、手机号码等任一信息一致或指向同一用户的，视为同一个用户，则第一个参与本活动的账号参与结果有效，其余账号参与结果均视为无效。
（2）若发现同一位用户使用不同账号重复参与活动，承办方有权取消其获奖资格。
【注意事项】
（1）活动过程中，凡以不正当手段（如作弊领取、恶意套取、刷信誉、虚假交易、扰乱系统、实施网络攻击等）参与本次活动的用户，商家有权终止其参与活动，并取消其获奖资格（如奖品已发放，商家有权追回），如给商家造成损失的，商家将保留向违规用户继续追索的权利。
（2）如遇不可抗力(包括但不限于重大灾害事件、活动受政府机关指令需要停止举办或调整的、活动中存在大面积作弊行为、活动遭受严重网络攻击或因系统故障导致活动中奖名单大批量出错，活动不能正常进行的)，商家有权取消、修改或暂停本活动。
（3）本活动所发放的实物奖不得提现、不得转赠他人、不得为他人付款。
（4）是否中奖以活动发布者后台统计结果为准。
","createTime":1614563357000,"updateTime":1614563357000,"activityType":null,"actTimeStr":"2021-03-01 09:50 至 2021-03-31 23:59","actRange":"all","isFocusShop":"y","giftJson":"{\"gift\":{\"giftInfoId\":\"e5ac3509e699408e93cb1682d0db3342\",\"giftName\":\"2京豆\",\"giftNum\":\"2\",\"giftTotal\":\"5000\",\"giftType\":\"6\",\"id\":\"1158000\",\"priceInfo\":\"0.02\",\"shortLink\":\"\",\"type\":0},\"giftConditions\":[{\"dayNum\":\"7\",\"gift\":{\"giftInfoId\":\"f0e93959db094eda8b9863028c721c06\",\"giftName\":\"5京豆\",\"giftNum\":\"5\",\"giftTotal\":\"3000\",\"giftType\":\"6\",\"id\":\"1158000\",\"priceInfo\":\"0.05\",\"shortLink\":\"\",\"type\":0}},{\"dayNum\":\"15\",\"gift\":{\"giftInfoId\":\"dec1994084944e4a8843cfa8cab982a1\",\"giftName\":\"10京豆\",\"giftNum\":\"10\",\"giftTotal\":\"500\",\"giftType\":\"6\",\"id\":\"1158000\",\"priceInfo\":\"0.10\",\"shortLink\":\"\",\"type\":0}}],\"hasGiftEveryDay\":\"y\",\"signType\":\"2\"}","wxSignActivityGiftBean":{"hasGiftEveryDay":"y","gift":{"activityId":null,"activityType":null,"venderId":null,"type":0,"name":null,"itemHb":null,"id":"1158000","giftType":"6","giftName":"2京豆","giftNum":"2","giftTotal":"5000","giftResidue":null,"priceInfo":"0.02","shortLink":"","orginLink":null,"giftInfoId":"e5ac3509e699408e93cb1682d0db3342","commonAddAwardVO":null},"signType":"2","giftConditions":[{"dayNum":"7","gift":{"activityId":null,"activityType":null,"venderId":null,"type":0,"name":null,"itemHb":null,"id":"1158000","giftType":"6","giftName":"5京豆","giftNum":"5","giftTotal":"3000","giftResidue":null,"priceInfo":"0.05","shortLink":"","orginLink":null,"giftInfoId":"f0e93959db094eda8b9863028c721c06","commonAddAwardVO":null}},{"dayNum":"15","gift":{"activityId":null,"activityType":null,"venderId":null,"type":0,"name":null,"itemHb":null,"id":"1158000","giftType":"6","giftName":"10京豆","giftNum":"10","giftTotal":"500","giftResidue":null,"priceInfo":"0.10","shortLink":"","orginLink":null,"giftInfoId":"dec1994084944e4a8843cfa8cab982a1","commonAddAwardVO":null}}]},"isShowItems":"n","showItemIds":"","jmWareVOList":null,"status":"ING"},"isOk":true}

{
  "actUrl": "https://lzkj-isv.isvjcloud.com/sign/signActivity2?activityId=3f1c7a4084bc41778c79ed0bc9376b16&venderId=1000331904",
  "shortUrl": "3.cn/1016T-GKX",
  "actRule": "1、活动时间：2021-03-01 09:50 - 2021-03-31 23:59；\n2、符合累计签到赠送条件，则有机会赠送累计签到奖品，同时每日签到奖品不赠送；\n3、每日签到，有机会赠送[2京豆]；\n4、累计签到7天，有机会赠送[5京豆]；\n5、累计签到15天，有机会赠送[10京豆]；\n6、关注店铺后方可参与活动；\n7、签到成功后有机会获得奖品，也有可能会与奖品擦肩而过（奖品数量有限，先到先得）；\n8、若用户存在刷奖等恶意行为，一经发现将取消抽奖资格（如奖品已经发放，有权追回奖品）；\n注：奖品发放形式：\n实物奖：\n（1）中奖客户信息收集：页面弹屏提示中奖客户提供收货地址、号码和奖项；(超过1小时未填写对应收货信息，视为放弃);\n（2）实物奖采取寄送方式发放，获奖用户需在开奖后填写姓名、联系电话、详细地址信息。如因用户原因无法联系上，即奖品作废不再补发，或如用户未填写真实有效的信息或填写收货信息不详，均视为放弃奖品；\n虚拟产品奖：\n（1）京豆：中奖后系统预计24小时内自动发放至账户；\n（2）优惠券：中奖后需手动领取，预计24小时到账；\n【活动参与主体资格】\n（1）每位自然人用户仅能使用一个京东账号参与活动，微信号、QQ、京东帐号、手机号码等任一信息一致或指向同一用户的，视为同一个用户，则第一个参与本活动的账号参与结果有效，其余账号参与结果均视为无效。\n（2）若发现同一位用户使用不同账号重复参与活动，承办方有权取消其获奖资格。\n【注意事项】\n（1）活动过程中，凡以不正当手段（如作弊领取、恶意套取、刷信誉、虚假交易、扰乱系统、实施网络攻击等）参与本次活动的用户，商家有权终止其参与活动，并取消其获奖资格（如奖品已发放，商家有权追回），如给商家造成损失的，商家将保留向违规用户继续追索的权利。\n（2）如遇不可抗力(包括但不限于重大灾害事件、活动受政府机关指令需要停止举办或调整的、活动中存在大面积作弊行为、活动遭受严重网络攻击或因系统故障导致活动中奖名单大批量出错，活动不能正常进行的)，商家有权取消、修改或暂停本活动。\n（3）本活动所发放的实物奖不得提现、不得转赠他人、不得为他人付款。\n（4）是否中奖以活动发布者后台统计结果为准。\n"
}
actId=3f1c7a4084bc41778c79ed0bc9376b16
venderId=1000331904
startTime=1614563400000
endTime=1617206399000
# 短链接
suo_url="https://3.cn/1016T-GKX"
actTimeStr="2021-03-01 09:50 至 2021-03-31 23:59"
#店铺名称
vendername="TCL.XESS个护京东自营旗舰店"
# 长链接
url=https://lzkj-isv.isvjcloud.com/sign/signActivity2?activityId=3f1c7a4084bc41778c79ed0bc9376b16&venderId=1000331904
# 活动时间：2021.03.01 09:50:00 - 2021.03.31 23:59:59
# 奖励说明：
actRule="
连续签到7天：5京豆 5京豆
连续签到15天：10京豆 10京豆
"
#移动 jd_OeTNobRVGiNZ sign_res
sign_res="
"
sign_num="0"
sign_total_num="0"
giftName=""
giftRes=""
giftDate="20210312"
sign_res_info="

当天签到奖励 []
连续签到 0 天
签到总天数 0"
#移动 jd_OeTNobRVGiNZ sign_res_end
#赵 122294312-396444 sign_res
sign_res="
"
sign_num=""
sign_total_num=""
giftName=""5京豆""
giftRes="ok"
giftDate="20210313"
sign_res_info="

当天签到奖励 ["5京豆"]
连续签到  天
签到总天数 "
#赵 122294312-396444 sign_res_end
#王 1309893722-164885 sign_res
sign_res="
signTime=1615075200;signed=2
signTime=1615161600;signed=2
signTime=1615248000;signed=2
signTime=1615334400;signed=2
signTime=1615420800;signed=2
signTime=1615507200;signed=2
signTime=1615593600;signed=2"
sign_num="7"
sign_total_num="7"
giftName=""5京豆""
giftRes="ok"
giftDate="20210313"
sign_res_info="
2021/03/07_08:00:00  [已~签~到]      
2021/03/08_08:00:00  [已~签~到]      
2021/03/09_08:00:00  [已~签~到]      
2021/03/10_08:00:00  [已~签~到]      
2021/03/11_08:00:00  [已~签~到]      
2021/03/12_08:00:00  [已~签~到]      
2021/03/13_08:00:00  [已~签~到]      
当天签到奖励 ["5京豆"]
连续签到 7 天
签到总天数 7"
#王 1309893722-164885 sign_res_end
#肥鹅 jd_4d651d9e48204 sign_res
sign_res="
signTime=1615075200;signed=2
signTime=1615161600;signed=2
signTime=1615248000;signed=2
signTime=1615334400;signed=2
signTime=1615420800;signed=2
signTime=1615507200;signed=2
signTime=1615593600;signed=2"
sign_num="7"
sign_total_num="7"
giftName=""5京豆""
giftRes="ok"
giftDate="20210313"
sign_res_info="
2021/03/07_08:00:00  [已~签~到]      
2021/03/08_08:00:00  [已~签~到]      
2021/03/09_08:00:00  [已~签~到]      
2021/03/10_08:00:00  [已~签~到]      
2021/03/11_08:00:00  [已~签~到]      
2021/03/12_08:00:00  [已~签~到]      
2021/03/13_08:00:00  [已~签~到]      
当天签到奖励 ["5京豆"]
连续签到 7 天
签到总天数 7"
#肥鹅 jd_4d651d9e48204 sign_res_end
