03/05/21 00:00:06 754138700  1614873606
RANDOM_num: 40
force to sign

real	0m1.524s
user	0m0.016s
sys	0m0.109s
lzkj-isv.isvjcloud.com	FALSE	/	FALSE	1614874209	LZ_TOKEN_VALUE	B0oH3vDY2bhHWuKbVaJ+XQ==
lzkj-isv.isvjcloud.com	FALSE	/	FALSE	1614874209	LZ_TOKEN_KEY	lztokenpage24946dbb14424f79a018a1839935d479
03/05/21 00:00:10 100555200  1614873610
use pt_key

real	0m1.122s
user	0m0.141s
sys	0m0.094s
03/05/21 00:00:11 498985800  1614873611 token: AAFgQQQLADAFhED1JTYi-hE0GbAyWOQnHRard534rjrhgo4vUIUIBjzWiSfnDVCSR1KcCLjuPAY

real	0m0.899s
user	0m0.063s
sys	0m0.047s
03/05/21 00:00:13 063223200  1614873613 secretPin: 8zfoIjWIu/DcpxQNzAV7/oVPSWy1B8D+G4s+fJIFDfWHSnwnXFQKK9yQco/OGmHebU48Dr07k+7+k1UaXRbZKg==

03/05/21 00:00:13 221719300  1614873613 ç‹ç­¾åˆ°è´äº²è¾…é£Ÿå°¿è£¤äº¬ä¸œè‡ªè¥æ——èˆ°åº—

real	0m1.302s
user	0m0.000s
sys	0m0.109s
{
  "gift": {
    "activityId": null,
    "activityType": null,
    "venderId": null,
    "type": 0,
    "name": null,
    "itemHb": null,
    "id": "1165680",
    "giftType": "6",
    "giftName": "1äº¬è±†",
    "giftNum": "1",
    "giftTotal": "5000",
    "giftResidue": null,
    "priceInfo": "0.01",
    "shortLink": "",
    "orginLink": null,
    "giftInfoId": "fb4c78e8acb84e22a74509bb3f5fd122",
    "commonAddAwardVO": null
  },
  "msg": "",
  "isOk": true,
  "isSend": true,
  "key": "AUYfHt"
}
true
03/05/21 00:00:17 581418200 1614873617
03/05/21 00:00:17 845626700 1614873617 ç­¾åˆ°è´äº²è¾…é£Ÿå°¿è£¤äº¬ä¸œè‡ªè¥æ——èˆ°åº—å®Œæˆ
03/05/21 00:02:18 329144600  1614873738
true
é¦–æ¬¡ç­¾åˆ°æˆåŠŸ. å†™å…¥giftName: "1äº¬è±†"
parse error: Invalid numeric literal at line 1, column 10
parse error: Invalid numeric literal at line 1, column 10

***********************************************

å½“å¤©ç­¾åˆ°å¥–åŠ± ["1äº¬è±†"]
è¿ç»­ç­¾åˆ°  å¤©
ç­¾åˆ°æ€»å¤©æ•° 
***********************************************

ç‹ç­¾åˆ°è´äº²è¾…é£Ÿå°¿è£¤äº¬ä¸œè‡ªè¥æ——èˆ°åº—æŸ¥çœ‹ç»“æœ
<!DOCTYPE html>
<html>
 <head> 
  <title>äº¬ä¸œ</title> 
  <meta charset="utf-8" /> 
  <meta name="apple-mobile-web-app-capable" content="yes" /> 
  <meta name="viewport" content="width=device-width,initial-scale=1,user-scalable=no,maximum-scale=1,viewport-fit=cover" /> 
  <meta name="format-detection" content="telephone=no" /> 
  <meta name="x5-cache" content="enable" /> 
  <link rel="stylesheet" href="https://storage.360buyimg.com/babel/00162638/333378/production/dev/parser.1526555535098.css?t=20180517191236" /> 
  <style> img {
            opacity: 1 !important;
        } </style> 
  <link href="https://storage.360buyimg.com/babel/00170893/348321/production/dev/index.7320a380.css?t=20180802150952" rel="stylesheet" />
 </head> 
 <body style="background:#fff;" id="root"> 
  <div class="errorPage"> 
  </div> 
  <div class="placeholer"> 
  </div> 
  <script src="https://wl.jd.com/unify.min.js"></script> 
  <script type="text/javascript" src="https://storage.360buyimg.com/babel/00170893/348321/production/dev/index.0f8f4dba.js?t=20180802150952"></script> 
 </body>
</html>

parse error: Invalid numeric literal at line 1, column 10
[0;31;3mRUN  at {283:<--} ERROR CODE: 4[0m [0;31;3m[20210305 00:02:23] [ERROR] [0m

