03/06/21 00:00:01 615043200  1614960001
RANDOM_num: 45
force to sign

03/06/21 00:00:02 666674200  1614960002 赵签到由我蓝牙旗舰店

real	0m0.722s
user	0m0.016s
sys	0m0.063s
{"code":200,"data":[],"class":"com.jd.interact.center.client.api.common.param.Results","success":true}

03/06/21 00:00:04 160878100  1614960004 王签到由我蓝牙旗舰店

real	0m0.938s
user	0m0.016s
sys	0m0.156s
{"code":200,"data":[],"class":"com.jd.interact.center.client.api.common.param.Results","success":true}
03/06/21 00:00:05 875479900 1614960005
03/06/21 00:00:06 179633800 1614960006 签到由我蓝牙旗舰店完成

03/06/21 00:02:22 029725700  1614960142
赵签到由我蓝牙旗舰店查看结果
200
首次签到成功. 写入giftName: 

***********************************************
2021/03/01_00:00:00  2    未签到
2021/03/02_21:55:45  2    [已~签~到]
2021/03/03_01:11:18  2    [已~签~到]
2021/03/04_00:00:03  2    [已~签~到]
2021/03/05_00:00:01  2    [已~签~到]
2021/03/06_00:00:03  1    [已~签~到]
2021/03/07_00:00:00  3    未签到
当天签到奖励 []
已签到 5 天
***********************************************

王签到由我蓝牙旗舰店查看结果
200
首次签到成功. 写入giftName: 

***********************************************
2021/03/01_00:00:00  2    未签到
2021/03/02_21:55:45  2    [已~签~到]
2021/03/03_01:11:18  2    [已~签~到]
2021/03/04_00:00:05  2    [已~签~到]
2021/03/05_00:00:03  2    [已~签~到]
2021/03/06_00:00:04  1    [已~签~到]
2021/03/07_00:00:00  3    未签到
当天签到奖励 []
已签到 5 天
***********************************************



赵签到由我蓝牙旗舰店日志
{"code":200,"data":{"signRecords":[{"signTime":1614528000000,"currentDay":2,"signed":1,"class":"com.jd.interact.center.client.api.color.domain.sign.InteractActivityUserActionRecord"},{"signTime":1614693345174,"currentDay":2,"signed":2,"class":"com.jd.interact.center.client.api.color.domain.sign.InteractActivityUserActionRecord"},{"signTime":1614705078589,"currentDay":2,"signed":2,"class":"com.jd.interact.center.client.api.color.domain.sign.InteractActivityUserActionRecord"},{"signTime":1614787203983,"currentDay":2,"signed":2,"class":"com.jd.interact.center.client.api.color.domain.sign.InteractActivityUserActionRecord"},{"signTime":1614873601680,"currentDay":2,"signed":2,"class":"com.jd.interact.center.client.api.color.domain.sign.InteractActivityUserActionRecord"},{"signTime":1614960003242,"currentDay":1,"signed":2,"class":"com.jd.interact.center.client.api.color.domain.sign.InteractActivityUserActionRecord"},{"signTime":1615046400000,"currentDay":3,"signed":1,"class":"com.jd.interact.center.client.api.color.domain.sign.InteractActivityUserActionRecord"}],"days":5,"class":"com.jd.interact.center.client.api.color.domain.sign.ShopSignUserRecord"},"class":"com.jd.interact.center.client.api.common.param.Results","success":true}
{
  "contiSignNum": 5
}
王签到由我蓝牙旗舰店日志
{"code":200,"data":{"signRecords":[{"currentDay":2,"signTime":1614528000000,"signed":1,"class":"com.jd.interact.center.client.api.color.domain.sign.InteractActivityUserActionRecord"},{"currentDay":2,"signTime":1614693345336,"signed":2,"class":"com.jd.interact.center.client.api.color.domain.sign.InteractActivityUserActionRecord"},{"currentDay":2,"signTime":1614705078807,"signed":2,"class":"com.jd.interact.center.client.api.color.domain.sign.InteractActivityUserActionRecord"},{"currentDay":2,"signTime":1614787205978,"signed":2,"class":"com.jd.interact.center.client.api.color.domain.sign.InteractActivityUserActionRecord"},{"currentDay":2,"signTime":1614873603520,"signed":2,"class":"com.jd.interact.center.client.api.color.domain.sign.InteractActivityUserActionRecord"},{"currentDay":1,"signTime":1614960004955,"signed":2,"class":"com.jd.interact.center.client.api.color.domain.sign.InteractActivityUserActionRecord"},{"currentDay":3,"signTime":1615046400000,"signed":1,"class":"com.jd.interact.center.client.api.color.domain.sign.InteractActivityUserActionRecord"}],"days":5,"class":"com.jd.interact.center.client.api.color.domain.sign.ShopSignUserRecord"},"class":"com.jd.interact.center.client.api.common.param.Results","success":true}
{
  "contiSignNum": 5
}
# 短链接
suo_url="https://u.jd.com/iMWQ1vA"
venderId=113121
startTime=1614528000000
endTime=1615132799000
activityId=10277828
token=84AC20429DDDAFDE8B58E89B3B6BC3FB
#店铺名称
vendername="由我蓝牙旗舰店"
# 长链接
url=https://h5.m.jd.com/babelDiy/Zeus/2PAAf74aG3D61qvfKUM5dxUssJQ9/index.html?token=84AC20429DDDAFDE8B58E89B3B6BC3FB&sceneval=2&jxsid=16145283109835634461&cu=true&utm_source=kong&utm_medium=jingfen&utm_campaign=t_1002903107_&utm_term=07ace8f8a79647659d7b49ab876a1042
# 活动时间：2021.03.01 00:00:00 - 2021.03.07 23:59:59
# 奖励说明：
actRule="
连续签到3天：10京豆
连续签到4天：20京豆
连续签到5天：30京豆
连续签到6天：40京豆
连续签到7天：50京豆
"
#肥鹅 jd_4d651d9e48204 sign_res
sign_res="
signTime=1614528000;signed=1;currentDay=2
signTime=1614693355;signed=2;currentDay=2
signTime=1614705121;signed=2;currentDay=2
signTime=1614787203;signed=2;currentDay=2
signTime=1614873601;signed=2;currentDay=2
signTime=1614960002;signed=2;currentDay=1
signTime=1615046400;signed=1;currentDay=3"
sign_num="5"
giftName=""
giftRes="ok"
giftDate="20210306"
sign_res_info="
2021/03/01_00:00:00  2    未签到
2021/03/02_21:55:55  2    [已~签~到]
2021/03/03_01:12:01  2    [已~签~到]
2021/03/04_00:00:03  2    [已~签~到]
2021/03/05_00:00:01  2    [已~签~到]
2021/03/06_00:00:02  1    [已~签~到]
2021/03/07_00:00:00  3    未签到
当天签到奖励 []
已签到 5 天"
#肥鹅 jd_4d651d9e48204 sign_res_end
#移动 jd_OeTNobRVGiNZ sign_res
sign_res="
signTime=1614528000;signed=1;currentDay=2
signTime=1614693355;signed=2;currentDay=2
signTime=1614705121;signed=2;currentDay=2
signTime=1614787205;signed=2;currentDay=2
signTime=1614873603;signed=2;currentDay=2
signTime=1614960004;signed=2;currentDay=1
signTime=1615046400;signed=1;currentDay=3"
sign_num="5"
giftName=""
giftRes="ok"
giftDate="20210306"
sign_res_info="
2021/03/01_00:00:00  2    未签到
2021/03/02_21:55:55  2    [已~签~到]
2021/03/03_01:12:01  2    [已~签~到]
2021/03/04_00:00:05  2    [已~签~到]
2021/03/05_00:00:03  2    [已~签~到]
2021/03/06_00:00:04  1    [已~签~到]
2021/03/07_00:00:00  3    未签到
当天签到奖励 []
已签到 5 天"
#移动 jd_OeTNobRVGiNZ sign_res_end
#赵 122294312-396444 sign_res
sign_res="
signTime=1614528000;signed=1;currentDay=2
signTime=1614693345;signed=2;currentDay=2
signTime=1614705078;signed=2;currentDay=2
signTime=1614787203;signed=2;currentDay=2
signTime=1614873601;signed=2;currentDay=2
signTime=1614960003;signed=2;currentDay=1
signTime=1615046400;signed=1;currentDay=3"
sign_num="5"
giftName=""
giftRes="ok"
giftDate="20210306"
sign_res_info="
2021/03/01_00:00:00  2    未签到
2021/03/02_21:55:45  2    [已~签~到]
2021/03/03_01:11:18  2    [已~签~到]
2021/03/04_00:00:03  2    [已~签~到]
2021/03/05_00:00:01  2    [已~签~到]
2021/03/06_00:00:03  1    [已~签~到]
2021/03/07_00:00:00  3    未签到
当天签到奖励 []
已签到 5 天"
#赵 122294312-396444 sign_res_end
#王 1309893722-164885 sign_res
sign_res="
signTime=1614528000;signed=1;currentDay=2
signTime=1614693345;signed=2;currentDay=2
signTime=1614705078;signed=2;currentDay=2
signTime=1614787205;signed=2;currentDay=2
signTime=1614873603;signed=2;currentDay=2
signTime=1614960004;signed=2;currentDay=1
signTime=1615046400;signed=1;currentDay=3"
sign_num="5"
giftName=""
giftRes="ok"
giftDate="20210306"
sign_res_info="
2021/03/01_00:00:00  2    未签到
2021/03/02_21:55:45  2    [已~签~到]
2021/03/03_01:11:18  2    [已~签~到]
2021/03/04_00:00:05  2    [已~签~到]
2021/03/05_00:00:03  2    [已~签~到]
2021/03/06_00:00:04  1    [已~签~到]
2021/03/07_00:00:00  3    未签到
当天签到奖励 []
已签到 5 天"
#王 1309893722-164885 sign_res_end
