03/12/21 00:00:00 312352700  1615478400
RANDOM_num: 15
force to sign

03/12/21 00:00:00 578999500  1615478400 肥鹅签到妙馨思收纳京东自营旗舰店

real	0m0.633s
user	0m0.031s
sys	0m0.078s
{"code":200,"data":[{"level":14,"prizeList":[{"discount":20.00,"type":4,"number":192,"budgetNum":3840,"userPirzeStatus":2,"class":"com.jd.interact.center.client.api.user.domain.InteractUserPrize","status":2}],"signType":1,"days":14,"class":"com.jd.interact.center.client.api.color.domain.sign.ShopSignInteractUserPrizeRule","userPrizeRuleStatus":2}],"class":"com.jd.interact.center.client.api.common.param.Results","success":true}

03/12/21 00:00:01 941893700  1615478401 移动签到妙馨思收纳京东自营旗舰店

real	0m0.943s
user	0m0.031s
sys	0m0.094s
{"code":200,"data":[],"class":"com.jd.interact.center.client.api.common.param.Results","success":true}
03/12/21 00:00:03 858449900 1615478403
03/12/21 00:00:04 032644500 1615478404 签到妙馨思收纳京东自营旗舰店完成

03/12/21 00:00:49 799903900  1615478449
肥鹅签到妙馨思收纳京东自营旗舰店查看结果
200
首次签到成功. 写入giftName: 奖励20,type=4;

***********************************************
2021/02/22_00:00:00  2    未签到
2021/02/23_00:00:00  2    未签到
2021/02/24_00:00:00  2    未签到
2021/02/25_00:00:00  2    未签到
2021/02/26_00:00:00  2    未签到
2021/02/27_01:10:50  2    [已~签~到]
2021/02/28_01:09:22  2    [已~签~到]
2021/03/01_01:08:55  2    [已~签~到]
2021/03/02_01:03:27  2    [已~签~到]
2021/03/03_01:04:21  2    [已~签~到]
2021/03/04_01:02:04  2    [已~签~到]
2021/03/05_01:03:22  2    [已~签~到]
2021/03/06_01:03:41  2    [已~签~到]
2021/03/07_01:04:25  2    [已~签~到]
2021/03/08_01:04:25  2    [已~签~到]
2021/03/09_01:04:25  2    [已~签~到]
2021/03/10_01:04:23  2    [已~签~到]
2021/03/11_01:03:12  2    [已~签~到]
2021/03/12_00:00:01  1    [已~签~到]
2021/03/13_00:00:00  3    未签到
2021/03/14_00:00:00  3    未签到
2021/03/15_00:00:00  3    未签到
2021/03/16_00:00:00  3    未签到
2021/03/17_00:00:00  3    未签到
2021/03/18_00:00:00  3    未签到
2021/03/19_00:00:00  3    未签到
2021/03/20_00:00:00  3    未签到
2021/03/21_00:00:00  3    未签到
2021/03/22_00:00:00  3    未签到
2021/03/23_00:00:00  3    未签到
当天签到奖励 [奖励20,type=4;]
已签到 14 天
***********************************************

移动签到妙馨思收纳京东自营旗舰店查看结果
200
首次签到成功. 写入giftName: 

***********************************************
2021/02/22_00:00:00  2    未签到
2021/02/23_00:00:00  2    未签到
2021/02/24_00:00:00  2    未签到
2021/02/25_00:00:00  2    未签到
2021/02/26_00:00:00  2    未签到
2021/02/27_01:10:50  2    [已~签~到]
2021/02/28_01:09:22  2    [已~签~到]
2021/03/01_01:08:55  2    [已~签~到]
2021/03/02_01:03:28  2    [已~签~到]
2021/03/03_01:04:21  2    [已~签~到]
2021/03/04_01:02:04  2    [已~签~到]
2021/03/05_01:03:22  2    [已~签~到]
2021/03/06_01:03:41  2    [已~签~到]
2021/03/07_01:04:26  2    [已~签~到]
2021/03/08_01:04:25  2    [已~签~到]
2021/03/09_01:04:25  2    [已~签~到]
2021/03/10_01:04:23  2    [已~签~到]
2021/03/11_01:03:12  2    [已~签~到]
2021/03/12_00:00:02  1    [已~签~到]
2021/03/13_00:00:00  3    未签到
2021/03/14_00:00:00  3    未签到
2021/03/15_00:00:00  3    未签到
2021/03/16_00:00:00  3    未签到
2021/03/17_00:00:00  3    未签到
2021/03/18_00:00:00  3    未签到
2021/03/19_00:00:00  3    未签到
2021/03/20_00:00:00  3    未签到
2021/03/21_00:00:00  3    未签到
2021/03/22_00:00:00  3    未签到
2021/03/23_00:00:00  3    未签到
当天签到奖励 []
已签到 14 天
***********************************************



肥鹅签到妙馨思收纳京东自营旗舰店日志
{"code":200,"data":{"signRecords":[{"signTime":1613923200000,"currentDay":2,"signed":1,"class":"com.jd.interact.center.client.api.color.domain.sign.InteractActivityUserActionRecord"},{"signTime":1614009600000,"currentDay":2,"signed":1,"class":"com.jd.interact.center.client.api.color.domain.sign.InteractActivityUserActionRecord"},{"signTime":1614096000000,"currentDay":2,"signed":1,"class":"com.jd.interact.center.client.api.color.domain.sign.InteractActivityUserActionRecord"},{"signTime":1614182400000,"currentDay":2,"signed":1,"class":"com.jd.interact.center.client.api.color.domain.sign.InteractActivityUserActionRecord"},{"signTime":1614268800000,"currentDay":2,"signed":1,"class":"com.jd.interact.center.client.api.color.domain.sign.InteractActivityUserActionRecord"},{"signTime":1614359450199,"currentDay":2,"signed":2,"class":"com.jd.interact.center.client.api.color.domain.sign.InteractActivityUserActionRecord"},{"signTime":1614445762002,"currentDay":2,"signed":2,"class":"com.jd.interact.center.client.api.color.domain.sign.InteractActivityUserActionRecord"},{"signTime":1614532135432,"currentDay":2,"signed":2,"class":"com.jd.interact.center.client.api.color.domain.sign.InteractActivityUserActionRecord"},{"signTime":1614618207786,"currentDay":2,"signed":2,"class":"com.jd.interact.center.client.api.color.domain.sign.InteractActivityUserActionRecord"},{"signTime":1614704661027,"currentDay":2,"signed":2,"class":"com.jd.interact.center.client.api.color.domain.sign.InteractActivityUserActionRecord"},{"signTime":1614790924011,"currentDay":2,"signed":2,"class":"com.jd.interact.center.client.api.color.domain.sign.InteractActivityUserActionRecord"},{"signTime":1614877402590,"currentDay":2,"signed":2,"class":"com.jd.interact.center.client.api.color.domain.sign.InteractActivityUserActionRecord"},{"signTime":1614963821382,"currentDay":2,"signed":2,"class":"com.jd.interact.center.client.api.color.domain.sign.InteractActivityUserActionRecord"},{"signTime":1615050265874,"currentDay":2,"signed":2,"class":"com.jd.interact.center.client.api.color.domain.sign.InteractActivityUserActionRecord"},{"signTime":1615136665325,"currentDay":2,"signed":2,"class":"com.jd.interact.center.client.api.color.domain.sign.InteractActivityUserActionRecord"},{"signTime":1615223065615,"currentDay":2,"signed":2,"class":"com.jd.interact.center.client.api.color.domain.sign.InteractActivityUserActionRecord"},{"signTime":1615309463737,"currentDay":2,"signed":2,"class":"com.jd.interact.center.client.api.color.domain.sign.InteractActivityUserActionRecord"},{"signTime":1615395792245,"currentDay":2,"signed":2,"class":"com.jd.interact.center.client.api.color.domain.sign.InteractActivityUserActionRecord"},{"signTime":1615478401053,"currentDay":1,"signed":2,"class":"com.jd.interact.center.client.api.color.domain.sign.InteractActivityUserActionRecord"},{"signTime":1615564800000,"currentDay":3,"signed":1,"class":"com.jd.interact.center.client.api.color.domain.sign.InteractActivityUserActionRecord"},{"signTime":1615651200000,"currentDay":3,"signed":1,"class":"com.jd.interact.center.client.api.color.domain.sign.InteractActivityUserActionRecord"},{"signTime":1615737600000,"currentDay":3,"signed":1,"class":"com.jd.interact.center.client.api.color.domain.sign.InteractActivityUserActionRecord"},{"signTime":1615824000000,"currentDay":3,"signed":1,"class":"com.jd.interact.center.client.api.color.domain.sign.InteractActivityUserActionRecord"},{"signTime":1615910400000,"currentDay":3,"signed":1,"class":"com.jd.interact.center.client.api.color.domain.sign.InteractActivityUserActionRecord"},{"signTime":1615996800000,"currentDay":3,"signed":1,"class":"com.jd.interact.center.client.api.color.domain.sign.InteractActivityUserActionRecord"},{"signTime":1616083200000,"currentDay":3,"signed":1,"class":"com.jd.interact.center.client.api.color.domain.sign.InteractActivityUserActionRecord"},{"signTime":1616169600000,"currentDay":3,"signed":1,"class":"com.jd.interact.center.client.api.color.domain.sign.InteractActivityUserActionRecord"},{"signTime":1616256000000,"currentDay":3,"signed":1,"class":"com.jd.interact.center.client.api.color.domain.sign.InteractActivityUserActionRecord"},{"signTime":1616342400000,"currentDay":3,"signed":1,"class":"com.jd.interact.center.client.api.color.domain.sign.InteractActivityUserActionRecord"},{"signTime":1616428800000,"currentDay":3,"signed":1,"class":"com.jd.interact.center.client.api.color.domain.sign.InteractActivityUserActionRecord"}],"days":14,"class":"com.jd.interact.center.client.api.color.domain.sign.ShopSignUserRecord"},"class":"com.jd.interact.center.client.api.common.param.Results","success":true}
{
  "contiSignNum": 14
}
移动签到妙馨思收纳京东自营旗舰店日志
{"code":200,"data":{"signRecords":[{"signTime":1613923200000,"currentDay":2,"signed":1,"class":"com.jd.interact.center.client.api.color.domain.sign.InteractActivityUserActionRecord"},{"signTime":1614009600000,"currentDay":2,"signed":1,"class":"com.jd.interact.center.client.api.color.domain.sign.InteractActivityUserActionRecord"},{"signTime":1614096000000,"currentDay":2,"signed":1,"class":"com.jd.interact.center.client.api.color.domain.sign.InteractActivityUserActionRecord"},{"signTime":1614182400000,"currentDay":2,"signed":1,"class":"com.jd.interact.center.client.api.color.domain.sign.InteractActivityUserActionRecord"},{"signTime":1614268800000,"currentDay":2,"signed":1,"class":"com.jd.interact.center.client.api.color.domain.sign.InteractActivityUserActionRecord"},{"signTime":1614359450443,"currentDay":2,"signed":2,"class":"com.jd.interact.center.client.api.color.domain.sign.InteractActivityUserActionRecord"},{"signTime":1614445762253,"currentDay":2,"signed":2,"class":"com.jd.interact.center.client.api.color.domain.sign.InteractActivityUserActionRecord"},{"signTime":1614532135660,"currentDay":2,"signed":2,"class":"com.jd.interact.center.client.api.color.domain.sign.InteractActivityUserActionRecord"},{"signTime":1614618208029,"currentDay":2,"signed":2,"class":"com.jd.interact.center.client.api.color.domain.sign.InteractActivityUserActionRecord"},{"signTime":1614704661237,"currentDay":2,"signed":2,"class":"com.jd.interact.center.client.api.color.domain.sign.InteractActivityUserActionRecord"},{"signTime":1614790924217,"currentDay":2,"signed":2,"class":"com.jd.interact.center.client.api.color.domain.sign.InteractActivityUserActionRecord"},{"signTime":1614877402837,"currentDay":2,"signed":2,"class":"com.jd.interact.center.client.api.color.domain.sign.InteractActivityUserActionRecord"},{"signTime":1614963821592,"currentDay":2,"signed":2,"class":"com.jd.interact.center.client.api.color.domain.sign.InteractActivityUserActionRecord"},{"signTime":1615050266099,"currentDay":2,"signed":2,"class":"com.jd.interact.center.client.api.color.domain.sign.InteractActivityUserActionRecord"},{"signTime":1615136665523,"currentDay":2,"signed":2,"class":"com.jd.interact.center.client.api.color.domain.sign.InteractActivityUserActionRecord"},{"signTime":1615223065823,"currentDay":2,"signed":2,"class":"com.jd.interact.center.client.api.color.domain.sign.InteractActivityUserActionRecord"},{"signTime":1615309463926,"currentDay":2,"signed":2,"class":"com.jd.interact.center.client.api.color.domain.sign.InteractActivityUserActionRecord"},{"signTime":1615395792471,"currentDay":2,"signed":2,"class":"com.jd.interact.center.client.api.color.domain.sign.InteractActivityUserActionRecord"},{"signTime":1615478402744,"currentDay":1,"signed":2,"class":"com.jd.interact.center.client.api.color.domain.sign.InteractActivityUserActionRecord"},{"signTime":1615564800000,"currentDay":3,"signed":1,"class":"com.jd.interact.center.client.api.color.domain.sign.InteractActivityUserActionRecord"},{"signTime":1615651200000,"currentDay":3,"signed":1,"class":"com.jd.interact.center.client.api.color.domain.sign.InteractActivityUserActionRecord"},{"signTime":1615737600000,"currentDay":3,"signed":1,"class":"com.jd.interact.center.client.api.color.domain.sign.InteractActivityUserActionRecord"},{"signTime":1615824000000,"currentDay":3,"signed":1,"class":"com.jd.interact.center.client.api.color.domain.sign.InteractActivityUserActionRecord"},{"signTime":1615910400000,"currentDay":3,"signed":1,"class":"com.jd.interact.center.client.api.color.domain.sign.InteractActivityUserActionRecord"},{"signTime":1615996800000,"currentDay":3,"signed":1,"class":"com.jd.interact.center.client.api.color.domain.sign.InteractActivityUserActionRecord"},{"signTime":1616083200000,"currentDay":3,"signed":1,"class":"com.jd.interact.center.client.api.color.domain.sign.InteractActivityUserActionRecord"},{"signTime":1616169600000,"currentDay":3,"signed":1,"class":"com.jd.interact.center.client.api.color.domain.sign.InteractActivityUserActionRecord"},{"signTime":1616256000000,"currentDay":3,"signed":1,"class":"com.jd.interact.center.client.api.color.domain.sign.InteractActivityUserActionRecord"},{"signTime":1616342400000,"currentDay":3,"signed":1,"class":"com.jd.interact.center.client.api.color.domain.sign.InteractActivityUserActionRecord"},{"signTime":1616428800000,"currentDay":3,"signed":1,"class":"com.jd.interact.center.client.api.color.domain.sign.InteractActivityUserActionRecord"}],"days":14,"class":"com.jd.interact.center.client.api.color.domain.sign.ShopSignUserRecord"},"class":"com.jd.interact.center.client.api.common.param.Results","success":true}
{
  "contiSignNum": 14
}
# 短链接
suo_url=""
venderId=1000301162
startTime=1613923200000
endTime=1616515199000
activityId=10273883
token=D41ECBFE12AB0B3C94EFE087AFB5CED0
#店铺名称
vendername="妙馨思收纳京东自营旗舰店"
# 长链接
url=https://h5.m.jd.com/babelDiy/Zeus/2PAAf74aG3D61qvfKUM5dxUssJQ9/index.html?token=D41ECBFE12AB0B3C94EFE087AFB5CED0
# 活动时间：2021.02.22 00:00:00 - 2021.03.23 23:59:59
# 奖励说明：
actRule="
连续签到7天：10店铺积分
连续签到14天：20京豆
连续签到21天：20店铺积分
连续签到30天：5.00元红包
"
#赵 122294312-396444 sign_res
sign_res="
signTime=1613923200;signed=1;currentDay=2
signTime=1614009600;signed=1;currentDay=2
signTime=1614096000;signed=1;currentDay=2
signTime=1614182400;signed=1;currentDay=2
signTime=1614268800;signed=1;currentDay=2
signTime=1614359410;signed=2;currentDay=2
signTime=1614445712;signed=2;currentDay=2
signTime=1614532091;signed=2;currentDay=2
signTime=1614618162;signed=2;currentDay=2
signTime=1614704652;signed=2;currentDay=2
signTime=1614790889;signed=2;currentDay=2
signTime=1614877378;signed=2;currentDay=2
signTime=1614963807;signed=2;currentDay=2
signTime=1615050256;signed=2;currentDay=2
signTime=1615136636;signed=2;currentDay=2
signTime=1615223021;signed=2;currentDay=2
signTime=1615309444;signed=2;currentDay=2
signTime=1615395763;signed=2;currentDay=1
signTime=1615478400;signed=1;currentDay=3
signTime=1615564800;signed=1;currentDay=3
signTime=1615651200;signed=1;currentDay=3
signTime=1615737600;signed=1;currentDay=3
signTime=1615824000;signed=1;currentDay=3
signTime=1615910400;signed=1;currentDay=3
signTime=1615996800;signed=1;currentDay=3
signTime=1616083200;signed=1;currentDay=3
signTime=1616169600;signed=1;currentDay=3
signTime=1616256000;signed=1;currentDay=3
signTime=1616342400;signed=1;currentDay=3
signTime=1616428800;signed=1;currentDay=3"
sign_num="13"
giftName=""
giftRes="ok"
giftDate="20210311"
sign_res_info="
2021/02/22_00:00:00  2    未签到
2021/02/23_00:00:00  2    未签到
2021/02/24_00:00:00  2    未签到
2021/02/25_00:00:00  2    未签到
2021/02/26_00:00:00  2    未签到
2021/02/27_01:10:10  2    [已~签~到]
2021/02/28_01:08:32  2    [已~签~到]
2021/03/01_01:08:11  2    [已~签~到]
2021/03/02_01:02:42  2    [已~签~到]
2021/03/03_01:04:12  2    [已~签~到]
2021/03/04_01:01:29  2    [已~签~到]
2021/03/05_01:02:58  2    [已~签~到]
2021/03/06_01:03:27  2    [已~签~到]
2021/03/07_01:04:16  2    [已~签~到]
2021/03/08_01:03:56  2    [已~签~到]
2021/03/09_01:03:41  2    [已~签~到]
2021/03/10_01:04:04  2    [已~签~到]
2021/03/11_01:02:43  1    [已~签~到]
2021/03/12_00:00:00  3    未签到
2021/03/13_00:00:00  3    未签到
2021/03/14_00:00:00  3    未签到
2021/03/15_00:00:00  3    未签到
2021/03/16_00:00:00  3    未签到
2021/03/17_00:00:00  3    未签到
2021/03/18_00:00:00  3    未签到
2021/03/19_00:00:00  3    未签到
2021/03/20_00:00:00  3    未签到
2021/03/21_00:00:00  3    未签到
2021/03/22_00:00:00  3    未签到
2021/03/23_00:00:00  3    未签到
当天签到奖励 []
已签到 13 天"
#赵 122294312-396444 sign_res_end
#王 1309893722-164885 sign_res
sign_res="
signTime=1613923200;signed=1;currentDay=2
signTime=1614009600;signed=1;currentDay=2
signTime=1614096000;signed=1;currentDay=2
signTime=1614182400;signed=1;currentDay=2
signTime=1614268800;signed=1;currentDay=2
signTime=1614359410;signed=2;currentDay=2
signTime=1614445712;signed=2;currentDay=2
signTime=1614532091;signed=2;currentDay=2
signTime=1614618163;signed=2;currentDay=2
signTime=1614704652;signed=2;currentDay=2
signTime=1614790890;signed=2;currentDay=2
signTime=1614877378;signed=2;currentDay=2
signTime=1614963807;signed=2;currentDay=2
signTime=1615050256;signed=2;currentDay=2
signTime=1615136636;signed=2;currentDay=2
signTime=1615223021;signed=2;currentDay=2
signTime=1615309444;signed=2;currentDay=2
signTime=1615395763;signed=2;currentDay=1
signTime=1615478400;signed=1;currentDay=3
signTime=1615564800;signed=1;currentDay=3
signTime=1615651200;signed=1;currentDay=3
signTime=1615737600;signed=1;currentDay=3
signTime=1615824000;signed=1;currentDay=3
signTime=1615910400;signed=1;currentDay=3
signTime=1615996800;signed=1;currentDay=3
signTime=1616083200;signed=1;currentDay=3
signTime=1616169600;signed=1;currentDay=3
signTime=1616256000;signed=1;currentDay=3
signTime=1616342400;signed=1;currentDay=3
signTime=1616428800;signed=1;currentDay=3"
sign_num="13"
giftName=""
giftRes="ok"
giftDate="20210311"
sign_res_info="
2021/02/22_00:00:00  2    未签到
2021/02/23_00:00:00  2    未签到
2021/02/24_00:00:00  2    未签到
2021/02/25_00:00:00  2    未签到
2021/02/26_00:00:00  2    未签到
2021/02/27_01:10:10  2    [已~签~到]
2021/02/28_01:08:32  2    [已~签~到]
2021/03/01_01:08:11  2    [已~签~到]
2021/03/02_01:02:43  2    [已~签~到]
2021/03/03_01:04:12  2    [已~签~到]
2021/03/04_01:01:30  2    [已~签~到]
2021/03/05_01:02:58  2    [已~签~到]
2021/03/06_01:03:27  2    [已~签~到]
2021/03/07_01:04:16  2    [已~签~到]
2021/03/08_01:03:56  2    [已~签~到]
2021/03/09_01:03:41  2    [已~签~到]
2021/03/10_01:04:04  2    [已~签~到]
2021/03/11_01:02:43  1    [已~签~到]
2021/03/12_00:00:00  3    未签到
2021/03/13_00:00:00  3    未签到
2021/03/14_00:00:00  3    未签到
2021/03/15_00:00:00  3    未签到
2021/03/16_00:00:00  3    未签到
2021/03/17_00:00:00  3    未签到
2021/03/18_00:00:00  3    未签到
2021/03/19_00:00:00  3    未签到
2021/03/20_00:00:00  3    未签到
2021/03/21_00:00:00  3    未签到
2021/03/22_00:00:00  3    未签到
2021/03/23_00:00:00  3    未签到
当天签到奖励 []
已签到 13 天"
#王 1309893722-164885 sign_res_end
#肥鹅 jd_4d651d9e48204 sign_res
sign_res="
signTime=1613923200;signed=1;currentDay=2
signTime=1614009600;signed=1;currentDay=2
signTime=1614096000;signed=1;currentDay=2
signTime=1614182400;signed=1;currentDay=2
signTime=1614268800;signed=1;currentDay=2
signTime=1614359450;signed=2;currentDay=2
signTime=1614445762;signed=2;currentDay=2
signTime=1614532135;signed=2;currentDay=2
signTime=1614618207;signed=2;currentDay=2
signTime=1614704661;signed=2;currentDay=2
signTime=1614790924;signed=2;currentDay=2
signTime=1614877402;signed=2;currentDay=2
signTime=1614963821;signed=2;currentDay=2
signTime=1615050265;signed=2;currentDay=2
signTime=1615136665;signed=2;currentDay=2
signTime=1615223065;signed=2;currentDay=2
signTime=1615309463;signed=2;currentDay=2
signTime=1615395792;signed=2;currentDay=2
signTime=1615478401;signed=2;currentDay=1
signTime=1615564800;signed=1;currentDay=3
signTime=1615651200;signed=1;currentDay=3
signTime=1615737600;signed=1;currentDay=3
signTime=1615824000;signed=1;currentDay=3
signTime=1615910400;signed=1;currentDay=3
signTime=1615996800;signed=1;currentDay=3
signTime=1616083200;signed=1;currentDay=3
signTime=1616169600;signed=1;currentDay=3
signTime=1616256000;signed=1;currentDay=3
signTime=1616342400;signed=1;currentDay=3
signTime=1616428800;signed=1;currentDay=3"
sign_num="14"
giftName="奖励20,type=4;"
giftRes="ok"
giftDate="20210312"
sign_res_info="
2021/02/22_00:00:00  2    未签到
2021/02/23_00:00:00  2    未签到
2021/02/24_00:00:00  2    未签到
2021/02/25_00:00:00  2    未签到
2021/02/26_00:00:00  2    未签到
2021/02/27_01:10:50  2    [已~签~到]
2021/02/28_01:09:22  2    [已~签~到]
2021/03/01_01:08:55  2    [已~签~到]
2021/03/02_01:03:27  2    [已~签~到]
2021/03/03_01:04:21  2    [已~签~到]
2021/03/04_01:02:04  2    [已~签~到]
2021/03/05_01:03:22  2    [已~签~到]
2021/03/06_01:03:41  2    [已~签~到]
2021/03/07_01:04:25  2    [已~签~到]
2021/03/08_01:04:25  2    [已~签~到]
2021/03/09_01:04:25  2    [已~签~到]
2021/03/10_01:04:23  2    [已~签~到]
2021/03/11_01:03:12  2    [已~签~到]
2021/03/12_00:00:01  1    [已~签~到]
2021/03/13_00:00:00  3    未签到
2021/03/14_00:00:00  3    未签到
2021/03/15_00:00:00  3    未签到
2021/03/16_00:00:00  3    未签到
2021/03/17_00:00:00  3    未签到
2021/03/18_00:00:00  3    未签到
2021/03/19_00:00:00  3    未签到
2021/03/20_00:00:00  3    未签到
2021/03/21_00:00:00  3    未签到
2021/03/22_00:00:00  3    未签到
2021/03/23_00:00:00  3    未签到
当天签到奖励 [奖励20,type=4;]
已签到 14 天"
#肥鹅 jd_4d651d9e48204 sign_res_end
#移动 jd_OeTNobRVGiNZ sign_res
sign_res="
signTime=1613923200;signed=1;currentDay=2
signTime=1614009600;signed=1;currentDay=2
signTime=1614096000;signed=1;currentDay=2
signTime=1614182400;signed=1;currentDay=2
signTime=1614268800;signed=1;currentDay=2
signTime=1614359450;signed=2;currentDay=2
signTime=1614445762;signed=2;currentDay=2
signTime=1614532135;signed=2;currentDay=2
signTime=1614618208;signed=2;currentDay=2
signTime=1614704661;signed=2;currentDay=2
signTime=1614790924;signed=2;currentDay=2
signTime=1614877402;signed=2;currentDay=2
signTime=1614963821;signed=2;currentDay=2
signTime=1615050266;signed=2;currentDay=2
signTime=1615136665;signed=2;currentDay=2
signTime=1615223065;signed=2;currentDay=2
signTime=1615309463;signed=2;currentDay=2
signTime=1615395792;signed=2;currentDay=2
signTime=1615478402;signed=2;currentDay=1
signTime=1615564800;signed=1;currentDay=3
signTime=1615651200;signed=1;currentDay=3
signTime=1615737600;signed=1;currentDay=3
signTime=1615824000;signed=1;currentDay=3
signTime=1615910400;signed=1;currentDay=3
signTime=1615996800;signed=1;currentDay=3
signTime=1616083200;signed=1;currentDay=3
signTime=1616169600;signed=1;currentDay=3
signTime=1616256000;signed=1;currentDay=3
signTime=1616342400;signed=1;currentDay=3
signTime=1616428800;signed=1;currentDay=3"
sign_num="14"
giftName=""
giftRes="ok"
giftDate="20210312"
sign_res_info="
2021/02/22_00:00:00  2    未签到
2021/02/23_00:00:00  2    未签到
2021/02/24_00:00:00  2    未签到
2021/02/25_00:00:00  2    未签到
2021/02/26_00:00:00  2    未签到
2021/02/27_01:10:50  2    [已~签~到]
2021/02/28_01:09:22  2    [已~签~到]
2021/03/01_01:08:55  2    [已~签~到]
2021/03/02_01:03:28  2    [已~签~到]
2021/03/03_01:04:21  2    [已~签~到]
2021/03/04_01:02:04  2    [已~签~到]
2021/03/05_01:03:22  2    [已~签~到]
2021/03/06_01:03:41  2    [已~签~到]
2021/03/07_01:04:26  2    [已~签~到]
2021/03/08_01:04:25  2    [已~签~到]
2021/03/09_01:04:25  2    [已~签~到]
2021/03/10_01:04:23  2    [已~签~到]
2021/03/11_01:03:12  2    [已~签~到]
2021/03/12_00:00:02  1    [已~签~到]
2021/03/13_00:00:00  3    未签到
2021/03/14_00:00:00  3    未签到
2021/03/15_00:00:00  3    未签到
2021/03/16_00:00:00  3    未签到
2021/03/17_00:00:00  3    未签到
2021/03/18_00:00:00  3    未签到
2021/03/19_00:00:00  3    未签到
2021/03/20_00:00:00  3    未签到
2021/03/21_00:00:00  3    未签到
2021/03/22_00:00:00  3    未签到
2021/03/23_00:00:00  3    未签到
当天签到奖励 []
已签到 14 天"
#移动 jd_OeTNobRVGiNZ sign_res_end
