02/23/21 00:02:04 538062700  1614009724
RANDOM_num: 25
removed '/tmp/tmp.WXVAgfo7Kf'
02/23/21 00:02:05 430190200  1614009725
王 今天已经签到过. 签到结果: ok  giftDate: 20210223
***********************************************
7天签到 第 6 天
当天签到奖励 [10京豆]
***********************************************

#店铺名称
vendername="英氏YeeHoO奥特莱斯店"
#店铺激活码
actId="5ff5ff7000d444a0893a41c1f678e4bf"
#店铺id
venderId="10409042"
#长链接
url="https://lzkj-isv.isvjcloud.com/sign/sevenDay/signActivity?activityId=5ff5ff7000d444a0893a41c1f678e4bf&venderId=10409042&adsource=tg_xuanFuTuBiao"

startTime=1612157940
endTime=1614749940
# 活动时间：2021-02-01 13:39 - 2021-03-03 13:39；
# 奖励说明：
actRule="
7天签到
连续签到1天：5京豆
连续签到2天：6京豆
连续签到3天：7京豆
连续签到4天：8京豆
连续签到5天：9京豆
连续签到6天：10京豆
连续签到7天：15京豆
"
#移动 jd_OeTNobRVGiNZ sign_res
sign_num="5"
giftName=""9京豆""
giftRes="ok"
giftDate="20210221"
sign_res_info="7天签到 第 5 天
当天签到奖励 ["9京豆"]"
#移动 jd_OeTNobRVGiNZ sign_res_end
#赵 122294312-396444 sign_res
sign_num="6"
giftName=""10京豆""
giftRes="ok"
giftDate="20210223"
sign_res_info="7天签到 第 6 天
当天签到奖励 ["10京豆"]"
#赵 122294312-396444 sign_res_end
#王 1309893722-164885 sign_res
sign_num="6"
giftName=""10京豆""
giftRes="ok"
giftDate="20210223"
sign_res_info="7天签到 第 6 天
当天签到奖励 ["10京豆"]"
#王 1309893722-164885 sign_res_end
#肥鹅 jd_4d651d9e48204 sign_res
sign_num="6"
giftName=""10京豆""
giftRes="ok"
giftDate="20210223"
sign_res_info="7天签到 第 6 天
当天签到奖励 ["10京豆"]"
#肥鹅 jd_4d651d9e48204 sign_res_end
