03/09/21 00:00:10 366199900  1615219210
RANDOM_num: 10
force to sign

real	0m1.999s
user	0m0.063s
sys	0m0.063s
lzkj-isv.isvjcloud.com	FALSE	/	FALSE	1615219813	LZ_TOKEN_VALUE	B0oH3vDY2bhHWuKbVaJ+XQ==
lzkj-isv.isvjcloud.com	FALSE	/	FALSE	1615219813	LZ_TOKEN_KEY	lztokenpage7e57681ba2634190a068f9694b35bb3e
03/09/21 00:00:15 077254500  1615219215
use pt_key

real	0m1.013s
user	0m0.078s
sys	0m0.094s
03/09/21 00:00:16 423204200  1615219216 token: AAFgRkoPADBN6-xAraruI4gowjTOQateiX_MZHBsCEntPmYKhEObMIH3dlFqZfgG7bNG02WpwQ4

real	0m1.456s
user	0m0.000s
sys	0m0.094s
03/09/21 00:00:21 447580500  1615219221 secretPin: 4YEv+ri88IbQX5lhoqHrzE7oeVP9kq2pYSH90mYt4m3fwcJlClpxrfmVYaGKuquQkdK3rLBQpEQH9V4tdrrh0w==

03/09/21 00:00:21 856889900  1615219221 è‚¥é¹…ç­¾åˆ°JEEP SPIRITçœ¼é•œæ——èˆ°åº—

real	0m1.444s
user	0m0.063s
sys	0m0.078s
parse error: Invalid numeric literal at line 1, column 10
parse error: Invalid numeric literal at line 1, column 10
parse error: Invalid numeric literal at line 1, column 10
parse error: Invalid numeric literal at line 1, column 10
03/09/21 00:00:26 952138100 1615219226

real	0m0.582s
user	0m0.000s
sys	0m0.063s

real	0m0.386s
user	0m0.016s
sys	0m0.078s
[WARN] get LZ_TOKEN error
03/09/21 00:00:28 346753100  1615219228
use pt_key

real	0m0.547s
user	0m0.078s
sys	0m0.094s
03/09/21 00:00:29 017816500  1615219229 token: AAFgRkocADD17uYbIyEop4I5zkS_fyt1owViolGE_KXJbvrPm91pX5UUr-G37AnBbEkhx_rdMoM

real	0m0.831s
user	0m0.047s
sys	0m0.078s
parse error: Invalid numeric literal at line 1, column 10
03/09/21 00:00:30 806427700  1615219230 secretPin: 
[WARN] get secretPin error

03/09/21 00:00:31 012950600  1615219231 è‚¥é¹…ç­¾åˆ°JEEP SPIRITçœ¼é•œæ——èˆ°åº—

real	0m0.857s
user	0m0.031s
sys	0m0.078s
parse error: Invalid numeric literal at line 1, column 10
parse error: Invalid numeric literal at line 1, column 10
parse error: Invalid numeric literal at line 1, column 10
parse error: Invalid numeric literal at line 1, column 10
03/09/21 00:00:33 559100900 1615219233

real	0m0.700s
user	0m0.000s
sys	0m0.016s

real	0m0.520s
user	0m0.000s
sys	0m0.141s
[WARN] get LZ_TOKEN error
03/09/21 00:00:35 092294100  1615219235
use pt_key

real	0m0.522s
user	0m0.109s
sys	0m0.109s
03/09/21 00:00:35 836286900  1615219235 token: AAFgRkojADCooVkeuDepJyhs5h_g2z7FFduHzw8zGxvlNuIZU9nhV8txYE4et6sdwIJ0zkkpbhI

real	0m0.577s
user	0m0.031s
sys	0m0.047s
parse error: Invalid numeric literal at line 1, column 10
03/09/21 00:00:37 149674300  1615219237 secretPin: 
[WARN] get secretPin error

03/09/21 00:00:37 301041500  1615219237 è‚¥é¹…ç­¾åˆ°JEEP SPIRITçœ¼é•œæ——èˆ°åº—

real	0m0.690s
user	0m0.047s
sys	0m0.094s
parse error: Invalid numeric literal at line 1, column 10
parse error: Invalid numeric literal at line 1, column 10
parse error: Invalid numeric literal at line 1, column 10
parse error: Invalid numeric literal at line 1, column 10
03/09/21 00:00:39 441760800 1615219239

real	0m0.934s
user	0m0.000s
sys	0m0.016s

real	0m0.535s
user	0m0.047s
sys	0m0.125s
[WARN] get LZ_TOKEN error
03/09/21 00:00:41 338723800  1615219241
use pt_key

real	0m0.430s
user	0m0.063s
sys	0m0.094s
03/09/21 00:00:41 886733500  1615219241 token: AAFgRkopADDiNufp0On33pmkYjQIZTxyzxpoKLJguKcwCBrh4zu_YG7F6nvJ7BRYbxzQ6uAgq0k

real	0m0.622s
user	0m0.000s
sys	0m0.063s
parse error: Invalid numeric literal at line 1, column 10
03/09/21 00:00:43 214804600  1615219243 secretPin: 
[WARN] get secretPin error

03/09/21 00:00:43 333134800  1615219243 è‚¥é¹…ç­¾åˆ°JEEP SPIRITçœ¼é•œæ——èˆ°åº—

real	0m0.635s
user	0m0.063s
sys	0m0.078s
parse error: Invalid numeric literal at line 1, column 10
parse error: Invalid numeric literal at line 1, column 10
parse error: Invalid numeric literal at line 1, column 10
parse error: Invalid numeric literal at line 1, column 10
03/09/21 00:00:45 240037000 1615219245

real	0m1.033s
user	0m0.000s
sys	0m0.094s

real	0m0.594s
user	0m0.047s
sys	0m0.094s
[WARN] get LZ_TOKEN error
03/09/21 00:00:47 273133700  1615219247
use pt_key

real	0m0.609s
user	0m0.125s
sys	0m0.078s
03/09/21 00:00:47 978721300  1615219247 token: AAFgRkovADCfO1TFtbimg49tKqfmZG84Kwx42APUgfZPqxHllDqgGWKJ5c4atQRsMs4ctm-3ytw

real	0m2.033s
user	0m0.047s
sys	0m0.109s
parse error: Invalid numeric literal at line 1, column 10
03/09/21 00:00:50 747588700  1615219250 secretPin: 
[WARN] get secretPin error

03/09/21 00:00:50 892133000  1615219250 è‚¥é¹…ç­¾åˆ°JEEP SPIRITçœ¼é•œæ——èˆ°åº—

real	0m0.478s
user	0m0.016s
sys	0m0.094s
parse error: Invalid numeric literal at line 1, column 10
parse error: Invalid numeric literal at line 1, column 10
parse error: Invalid numeric literal at line 1, column 10
parse error: Invalid numeric literal at line 1, column 10
03/09/21 00:00:52 517392000 1615219252

real	0m1.145s
user	0m0.000s
sys	0m0.063s

real	0m0.315s
user	0m0.031s
sys	0m0.063s
[WARN] get LZ_TOKEN error
03/09/21 00:00:54 257311600  1615219254
use pt_key

real	0m0.512s
user	0m0.109s
sys	0m0.109s
03/09/21 00:00:54 916146100  1615219254 token: AAFgRko2ADDlOgQ0vVWNcZR45yW-wVU_lpIRzOGQgTur_QnfaLfDPfBnHEcDLCsLdyuGXb-o8Zo

real	0m0.513s
user	0m0.047s
sys	0m0.047s
parse error: Invalid numeric literal at line 1, column 10
03/09/21 00:00:55 809057300  1615219255 secretPin: 
[WARN] get secretPin error

03/09/21 00:00:55 895508000  1615219255 è‚¥é¹…ç­¾åˆ°JEEP SPIRITçœ¼é•œæ——èˆ°åº—

real	0m0.304s
user	0m0.000s
sys	0m0.109s
parse error: Invalid numeric literal at line 1, column 10
parse error: Invalid numeric literal at line 1, column 10
parse error: Invalid numeric literal at line 1, column 10
parse error: Invalid numeric literal at line 1, column 10
03/09/21 00:00:57 113422800 1615219257

real	0m1.484s
user	0m0.000s
sys	0m0.063s

real	0m0.600s
user	0m0.047s
sys	0m0.063s
[WARN] get LZ_TOKEN error
03/09/21 00:00:59 565066300  1615219259
use pt_key

real	0m0.604s
user	0m0.109s
sys	0m0.094s
03/09/21 00:01:00 355371300  1615219260 token: AAFgRko8ADA0PRNucr9tDpOPU0tBzThWPKA_WV8cKTFTrs8Nu5luWLfHrmS0D9PW-clfXYUgedw

real	0m0.549s
user	0m0.031s
sys	0m0.125s
parse error: Invalid numeric literal at line 1, column 10
03/09/21 00:01:01 403830800  1615219261 secretPin: 
[WARN] get secretPin error

03/09/21 00:01:01 558729600  1615219261 è‚¥é¹…ç­¾åˆ°JEEP SPIRITçœ¼é•œæ——èˆ°åº—

real	0m0.574s
user	0m0.047s
sys	0m0.094s
parse error: Invalid numeric literal at line 1, column 10
parse error: Invalid numeric literal at line 1, column 10
parse error: Invalid numeric literal at line 1, column 10
parse error: Invalid numeric literal at line 1, column 10
03/09/21 00:01:03 857109300 1615219263

real	0m1.762s
user	0m0.000s
sys	0m0.078s

real	0m0.496s
user	0m0.063s
sys	0m0.063s
[WARN] get LZ_TOKEN error
03/09/21 00:01:06 559454200  1615219266
use pt_key

real	0m0.651s
user	0m0.125s
sys	0m0.078s
03/09/21 00:01:07 429037900  1615219267 token: AAFgRkpDADA5FAdQo15EhNu0OrWzuV0roXVAgVuGrNnMJUWWwAqlDevSdcXoE_u5tkfD_nL83H0

real	0m0.528s
user	0m0.031s
sys	0m0.078s
parse error: Invalid numeric literal at line 1, column 10
03/09/21 00:01:08 605356000  1615219268 secretPin: 
[WARN] get secretPin error

03/09/21 00:01:08 684678100  1615219268 è‚¥é¹…ç­¾åˆ°JEEP SPIRITçœ¼é•œæ——èˆ°åº—

real	0m0.350s
user	0m0.031s
sys	0m0.063s
parse error: Invalid numeric literal at line 1, column 10
parse error: Invalid numeric literal at line 1, column 10
parse error: Invalid numeric literal at line 1, column 10
parse error: Invalid numeric literal at line 1, column 10
03/09/21 00:01:10 486109400 1615219270

real	0m1.925s
user	0m0.000s
sys	0m0.031s

real	0m0.511s
user	0m0.016s
sys	0m0.094s
[WARN] get LZ_TOKEN error
03/09/21 00:01:13 367844500  1615219273
use pt_key

real	0m0.560s
user	0m0.109s
sys	0m0.109s
03/09/21 00:01:14 157749600  1615219274 token: AAFgRkpJADCVnI4uiKvkfKJSH4-D-ezfO7HFn5fSluP4NQ5ihwcqg_inEAV0wHFsRfk5RagPtxc

real	0m0.547s
user	0m0.031s
sys	0m0.078s
parse error: Invalid numeric literal at line 1, column 10
03/09/21 00:01:15 191327000  1615219275 secretPin: 
[WARN] get secretPin error

03/09/21 00:01:15 301189800  1615219275 è‚¥é¹…ç­¾åˆ°JEEP SPIRITçœ¼é•œæ——èˆ°åº—

real	0m0.507s
user	0m0.000s
sys	0m0.094s
parse error: Invalid numeric literal at line 1, column 10
parse error: Invalid numeric literal at line 1, column 10
parse error: Invalid numeric literal at line 1, column 10
parse error: Invalid numeric literal at line 1, column 10
03/09/21 00:01:17 354541000 1615219277

real	0m2.126s
user	0m0.000s
sys	0m0.031s

real	0m0.678s
user	0m0.016s
sys	0m0.063s
[WARN] get LZ_TOKEN error
03/09/21 00:01:20 544979600  1615219280
use pt_key

real	0m0.760s
user	0m0.109s
sys	0m0.078s
03/09/21 00:01:21 445780500  1615219281 token: AAFgRkpRADBj5EFmE4kbuxinOg1wahAFW5nylo_T6cTEz73DSO1qJ1Cn7YBnuTFZo3rG2IoIGVU

real	0m0.459s
user	0m0.031s
sys	0m0.078s
parse error: Invalid numeric literal at line 1, column 10
03/09/21 00:01:22 366176300  1615219282 secretPin: 
[WARN] get secretPin error

03/09/21 00:01:22 428746300  1615219282 è‚¥é¹…ç­¾åˆ°JEEP SPIRITçœ¼é•œæ——èˆ°åº—

real	0m0.278s
user	0m0.047s
sys	0m0.078s
parse error: Invalid numeric literal at line 1, column 10
parse error: Invalid numeric literal at line 1, column 10
parse error: Invalid numeric literal at line 1, column 10
parse error: Invalid numeric literal at line 1, column 10
03/09/21 00:01:23 916466200 1615219283

real	0m2.285s
user	0m0.000s
sys	0m0.031s

real	0m0.278s
user	0m0.031s
sys	0m0.078s
[WARN] get LZ_TOKEN error
03/09/21 00:01:26 713154100  1615219286
use pt_key

real	0m0.515s
user	0m0.078s
sys	0m0.156s
03/09/21 00:01:27 282660100  1615219287 token: AAFgRkpXADDy8RbHnkfVV61OkZ1rdUXFGoYMtdCPqjDonrtzMShWT2rWyf0tz8AUOY0wonh6SjY

real	0m0.268s
user	0m0.000s
sys	0m0.109s
parse error: Invalid numeric literal at line 1, column 10
03/09/21 00:01:27 813787700  1615219287 secretPin: 
[WARN] get secretPin error

03/09/21 00:01:27 864112100  1615219287 è‚¥é¹…ç­¾åˆ°JEEP SPIRITçœ¼é•œæ——èˆ°åº—

real	0m0.262s
user	0m0.047s
sys	0m0.063s
parse error: Invalid numeric literal at line 1, column 10
parse error: Invalid numeric literal at line 1, column 10
parse error: Invalid numeric literal at line 1, column 10
parse error: Invalid numeric literal at line 1, column 10
03/09/21 00:01:29 375311500 1615219289

real	0m2.488s
user	0m0.000s
sys	0m0.031s

real	0m0.043s
user	0m0.000s
sys	0m0.156s
[WARN] get LZ_TOKEN error
03/09/21 00:01:32 076226700  1615219292
use pt_key

real	0m0.455s
user	0m0.109s
sys	0m0.078s
03/09/21 00:01:32 602842600  1615219292 token: AAFgRkpcADCgRPz93wicJL29HpMDZhAJz8xsxPaFpvpc7HKq8jq11KkP8IM4DETiixqkyNxhMh8

real	0m0.328s
user	0m0.016s
sys	0m0.125s
parse error: Invalid numeric literal at line 1, column 10
03/09/21 00:01:33 286525200  1615219293 secretPin: 
[WARN] get secretPin error

03/09/21 00:01:33 372022300  1615219293 è‚¥é¹…ç­¾åˆ°JEEP SPIRITçœ¼é•œæ——èˆ°åº—

real	0m0.384s
user	0m0.031s
sys	0m0.078s
parse error: Invalid numeric literal at line 1, column 10
parse error: Invalid numeric literal at line 1, column 10
parse error: Invalid numeric literal at line 1, column 10
parse error: Invalid numeric literal at line 1, column 10
03/09/21 00:01:35 937758900 1615219295

real	0m2.665s
user	0m0.000s
sys	0m0.031s

real	0m0.539s
user	0m0.031s
sys	0m0.172s
[WARN] get LZ_TOKEN error
03/09/21 00:01:39 330529800  1615219299
use pt_key

real	0m0.445s
user	0m0.125s
sys	0m0.063s
03/09/21 00:01:39 845657100  1615219299 token: AAFgRkpjADDm2SCMQHGevigTl_6sBrHdvFC17D-xTtajDsF9-dZJWKK3HjYid48t5DAY-ZFEwR0

real	0m0.257s
user	0m0.031s
sys	0m0.094s
parse error: Invalid numeric literal at line 1, column 10
03/09/21 00:01:40 500982600  1615219300 secretPin: 
[WARN] get secretPin error

03/09/21 00:01:40 626348900  1615219300 è‚¥é¹…ç­¾åˆ°JEEP SPIRITçœ¼é•œæ——èˆ°åº—

real	0m0.514s
user	0m0.016s
sys	0m0.078s
parse error: Invalid numeric literal at line 1, column 10
parse error: Invalid numeric literal at line 1, column 10
parse error: Invalid numeric literal at line 1, column 10
parse error: Invalid numeric literal at line 1, column 10
03/09/21 00:01:42 638602900 1615219302

real	0m2.818s
user	0m0.000s
sys	0m0.078s

real	0m0.287s
user	0m0.000s
sys	0m0.109s
[WARN] get LZ_TOKEN error
03/09/21 00:01:45 928710600  1615219305
use pt_key

real	0m0.322s
user	0m0.156s
sys	0m0.047s
03/09/21 00:01:46 324854000  1615219306 token: AAFgRkpqADA1cLMwYpz1RQJZbGo-k-HVWSVVFVB2fealcm-1vGIWbJGlLWemW5a30V7THtyM4LU

real	0m0.312s
user	0m0.047s
sys	0m0.063s
parse error: Invalid numeric literal at line 1, column 10
03/09/21 00:01:46 923266200  1615219306 secretPin: 
[WARN] get secretPin error

03/09/21 00:01:47 033221400  1615219307 è‚¥é¹…ç­¾åˆ°JEEP SPIRITçœ¼é•œæ——èˆ°åº—

real	0m0.474s
user	0m0.047s
sys	0m0.063s
parse error: Invalid numeric literal at line 1, column 10
parse error: Invalid numeric literal at line 1, column 10
parse error: Invalid numeric literal at line 1, column 10
parse error: Invalid numeric literal at line 1, column 10
03/09/21 00:01:49 711248300 1615219309

real	0m3.077s
user	0m0.000s
sys	0m0.047s

real	0m0.246s
user	0m0.063s
sys	0m0.078s
[WARN] get LZ_TOKEN error
03/09/21 00:01:53 235205800  1615219313
use pt_key

real	0m0.284s
user	0m0.125s
sys	0m0.094s
03/09/21 00:01:53 584335900  1615219313 token: AAFgRkpxADCRpwfqHhkFaNb0FjCBdgz2XJ6nb6ty1KplqN0Pq_UsWCp9pPYrkqhSHWJAK_h3-r8

real	0m0.274s
user	0m0.031s
sys	0m0.063s
parse error: Invalid numeric literal at line 1, column 10
03/09/21 00:01:54 205169200  1615219314 secretPin: 
[WARN] get secretPin error

03/09/21 00:01:54 282732800  1615219314 è‚¥é¹…ç­¾åˆ°JEEP SPIRITçœ¼é•œæ——èˆ°åº—

real	0m0.240s
user	0m0.047s
sys	0m0.078s
parse error: Invalid numeric literal at line 1, column 10
parse error: Invalid numeric literal at line 1, column 10
parse error: Invalid numeric literal at line 1, column 10
parse error: Invalid numeric literal at line 1, column 10
03/09/21 00:01:55 904866900 1615219315

real	0m3.241s
user	0m0.000s
sys	0m0.078s

real	0m0.220s
user	0m0.016s
sys	0m0.109s
[WARN] get LZ_TOKEN error
03/09/21 00:01:59 481237800  1615219319
use pt_key

real	0m0.315s
user	0m0.078s
sys	0m0.156s
03/09/21 00:01:59 843475800  1615219319 token: AAFgRkp3ADCsPlpp7MjsxFVJBqjtBPcpTt5rwZ246Zgv2qKbBBfkJzg0Q3edmfSU-LV-bMV30Tk

real	0m0.339s
user	0m0.016s
sys	0m0.078s
parse error: Invalid numeric literal at line 1, column 10
03/09/21 00:02:00 532793600  1615219320 secretPin: 
[WARN] get secretPin error

03/09/21 00:02:00 599072600  1615219320 è‚¥é¹…ç­¾åˆ°JEEP SPIRITçœ¼é•œæ——èˆ°åº—

real	0m0.238s
user	0m0.000s
sys	0m0.094s
parse error: Invalid numeric literal at line 1, column 10
parse error: Invalid numeric literal at line 1, column 10
parse error: Invalid numeric literal at line 1, column 10
parse error: Invalid numeric literal at line 1, column 10
03/09/21 00:02:01 916619400 1615219321

real	0m3.651s
user	0m0.000s
sys	0m0.078s

real	0m1.104s
user	0m0.016s
sys	0m0.078s
[WARN] get LZ_TOKEN error
03/09/21 00:02:07 823135500  1615219327
use pt_key

real	0m1.345s
user	0m0.109s
sys	0m0.078s
03/09/21 00:02:09 533476100  1615219329 token: AAFgRkqBADBKMma-AXKmJ1U-0nLt-y-uenE3ABhF__lOvzE9HRLsTgtQ3qNLDzBRAL5CM5m6m7s

real	0m1.103s
user	0m0.031s
sys	0m0.063s
parse error: Invalid numeric literal at line 1, column 10
03/09/21 00:02:12 265715000  1615219332 secretPin: 
[WARN] get secretPin error

03/09/21 00:02:12 634927500  1615219332 è‚¥é¹…ç­¾åˆ°JEEP SPIRITçœ¼é•œæ——èˆ°åº—

real	0m2.186s
user	0m0.047s
sys	0m0.047s
parse error: Invalid numeric literal at line 1, column 10
parse error: Invalid numeric literal at line 1, column 10
parse error: Invalid numeric literal at line 1, column 10
parse error: Invalid numeric literal at line 1, column 10
03/09/21 00:02:23 122871500 1615219343

real	0m4.934s
user	0m0.000s
sys	0m0.031s

real	0m1.666s
user	0m0.016s
sys	0m0.125s
[WARN] get LZ_TOKEN error
03/09/21 00:02:32 018090900  1615219352
use pt_key

real	0m1.498s
user	0m0.094s
sys	0m0.125s
03/09/21 00:02:33 964969200  1615219353 token: AAFgRkqZADBXhTpHnj5UUMc_Tbf5g9Gc5XIHkcOZ9S5-sJRBajRi9FP-9Axx4YlOTqOn1rkl5BM

real	0m1.857s
user	0m0.031s
sys	0m0.094s
parse error: Invalid numeric literal at line 1, column 10
03/09/21 00:02:37 839190700  1615219357 secretPin: 
[WARN] get secretPin error

03/09/21 00:02:38 057940800  1615219358 è‚¥é¹…ç­¾åˆ°JEEP SPIRITçœ¼é•œæ——èˆ°åº—

real	0m1.377s
user	0m0.063s
sys	0m0.125s
parse error: Invalid numeric literal at line 1, column 10
parse error: Invalid numeric literal at line 1, column 10
parse error: Invalid numeric literal at line 1, column 10
parse error: Invalid numeric literal at line 1, column 10
03/09/21 00:02:50 019978600 1615219370

real	0m4.707s
user	0m0.000s
sys	0m0.078s

real	0m1.618s
user	0m0.047s
sys	0m0.047s
[WARN] get LZ_TOKEN error
03/09/21 00:02:58 920598000  1615219378
use pt_key

real	0m1.745s
user	0m0.109s
sys	0m0.047s
03/09/21 00:03:01 130517400  1615219381 token: AAFgRkq0ADCygL3qIA4nitxRZmg3oceSqBA1XG7vkf4ozsqDNI7czvouBuSY6pspWiynvk8gptM

real	0m1.554s
user	0m0.016s
sys	0m0.094s
parse error: Invalid numeric literal at line 1, column 10
03/09/21 00:03:04 504008400  1615219384 secretPin: 
[WARN] get secretPin error

03/09/21 00:03:04 891544700  1615219384 è‚¥é¹…ç­¾åˆ°JEEP SPIRITçœ¼é•œæ——èˆ°åº—

real	0m1.760s
user	0m0.031s
sys	0m0.094s
parse error: Invalid numeric literal at line 1, column 10
parse error: Invalid numeric literal at line 1, column 10
parse error: Invalid numeric literal at line 1, column 10
parse error: Invalid numeric literal at line 1, column 10
03/09/21 00:03:12 547927700 1615219392

real	0m5.450s
user	0m0.000s
sys	0m0.047s

real	0m2.098s
user	0m0.047s
sys	0m0.063s
[WARN] get LZ_TOKEN error
03/09/21 00:03:22 612015600  1615219402
use pt_key

real	0m1.411s
user	0m0.109s
sys	0m0.047s
03/09/21 00:03:24 250788300  1615219404 token: AAFgRkrLADCpWQkDJaBO5GXtpVGReqohPDGmclOZJfWI1HOcvBVqfXaRM6yl4kews8p7JaeJz_g

real	0m1.179s
user	0m0.063s
sys	0m0.094s
parse error: Invalid numeric literal at line 1, column 10
03/09/21 00:03:27 490530900  1615219407 secretPin: 
[WARN] get secretPin error

03/09/21 00:03:28 616895800  1615219408 è‚¥é¹…ç­¾åˆ°JEEP SPIRITçœ¼é•œæ——èˆ°åº—

real	0m2.076s
user	0m0.047s
sys	0m0.094s
parse error: Invalid numeric literal at line 1, column 10
parse error: Invalid numeric literal at line 1, column 10
parse error: Invalid numeric literal at line 1, column 10
parse error: Invalid numeric literal at line 1, column 10
03/09/21 00:03:35 736089500 1615219415

real	0m5.014s
user	0m0.000s
sys	0m0.047s
03/09/21 00:04:13 080201100  1615219453
parse error: Invalid numeric literal at line 1, column 10
ç­¾åˆ°æ˜¯å¦æˆåŠŸè§£æå¤±è´¥. ä¸å†å†™/home/myid/jd/jd_signup/vender/shop_1614611215_136

è‚¥é¹…ç­¾åˆ°JEEP SPIRITçœ¼é•œæ——èˆ°åº—æŸ¥çœ‹ç»“æœ
<!DOCTYPE html>
<html>
 <head> 
  <title>äº¬ä¸œ</title> 
  <meta charset="utf-8" /> 
  <meta name="apple-mobile-web-app-capable" content="yes" /> 
  <meta name="viewport" content="width=device-width,initial-scale=1,user-scalable=no,maximum-scale=1,viewport-fit=cover" /> 
  <meta name="format-detection" content="telephone=no" /> 
  <meta name="x5-cache" content="enable" /> 
  <link rel="stylesheet" href="https://storage.360buyimg.com/babel/00162638/333378/production/dev/parser.1526555535098.css?t=20180517191236" /> 
  <style> img {
            opacity: 1 !important;
        } </style> 
  <link href="https://storage.360buyimg.com/babel/00170893/348321/production/dev/index.7320a380.css?t=20180802150952" rel="stylesheet" />
 </head> 
 <body style="background:#fff;" id="root"> 
  <div class="errorPage"> 
  </div> 
  <div class="placeholer"> 
  </div> 
  <script src="https://wl.jd.com/unify.min.js"></script> 
  <script type="text/javascript" src="https://storage.360buyimg.com/babel/00170893/348321/production/dev/index.0f8f4dba.js?t=20180802150952"></script> 
 </body>
</html>

parse error: Invalid numeric literal at line 1, column 10
[0;31;3mRUN  at {283:<--} ERROR CODE: 4[0m [0;31;3m[20210309 00:04:17] [ERROR] [0m

