03/13/21 00:02:02 207338600  1615564922
RANDOM_num: 5
removed '/tmp/tmp.Mm3IvnyIF2'
03/13/21 00:02:03 205590800  1615564923 检查移动签到

real	0m1.440s
user	0m0.031s
sys	0m0.125s
[WARN] get LZ_TOKEN error
03/13/21 00:02:06 010566400  1615564926
use wskey

real	0m1.159s
user	0m0.109s
sys	0m0.125s
03/13/21 00:02:07 606241100  1615564927 token: AAFgS5B-ADC3Ypd-dhil0Ecd_TRmvjZMny1mtXwyiLgeStSxyJoLpLpWDR5usPpyxMgkxi3lHJM

real	0m1.331s
user	0m0.016s
sys	0m0.156s
parse error: Invalid numeric literal at line 1, column 10
03/13/21 00:02:11 903168300  1615564931 secretPin: 
[WARN] get secretPin error

03/13/21 00:02:13 033128700  1615564933 移动签到零食码头自营专区

real	0m1.251s
user	0m0.016s
sys	0m0.094s
parse error: Invalid numeric literal at line 1, column 10
parse error: Invalid numeric literal at line 1, column 10
parse error: Invalid numeric literal at line 1, column 10
parse error: Invalid numeric literal at line 1, column 10
parse error: Invalid numeric literal at line 1, column 10
03/13/21 00:02:19 865897500 1615564939

real	0m1.668s
user	0m0.000s
sys	0m0.047s

real	0m1.830s
user	0m0.047s
sys	0m0.047s
[WARN] get LZ_TOKEN error
03/13/21 00:02:24 283864000  1615564944
use wskey

real	0m1.235s
user	0m0.141s
sys	0m0.109s
03/13/21 00:02:26 027557200  1615564946 token: AAFgS5CQADBY0kL2XcO04rf6HZ6rmSUDQ6GtQTxypOR_rbTCZI03O5j9bgUpfAnGIrWDv4lR7CM

real	0m1.379s
user	0m0.016s
sys	0m0.109s
parse error: Invalid numeric literal at line 1, column 10
03/13/21 00:02:29 558585900  1615564949 secretPin: 
[WARN] get secretPin error

03/13/21 00:02:30 348757400  1615564950 移动签到零食码头自营专区

real	0m1.427s
user	0m0.016s
sys	0m0.094s
parse error: Invalid numeric literal at line 1, column 10
parse error: Invalid numeric literal at line 1, column 10
parse error: Invalid numeric literal at line 1, column 10
parse error: Invalid numeric literal at line 1, column 10
parse error: Invalid numeric literal at line 1, column 10
03/13/21 00:02:36 655456100 1615564956

real	0m1.615s
user	0m0.000s
sys	0m0.031s

real	0m1.666s
user	0m0.016s
sys	0m0.125s
[WARN] get LZ_TOKEN error
03/13/21 00:02:41 190519400  1615564961
use wskey

real	0m1.584s
user	0m0.094s
sys	0m0.078s
03/13/21 00:02:43 103106700  1615564963 token: AAFgS5ChADBGizN3A41HGAFIRoHHr-6Il1OaQe6UihFA5uXtPqhD-sdklulIrexlBcnBQZtC13w

real	0m1.476s
user	0m0.016s
sys	0m0.156s
parse error: Invalid numeric literal at line 1, column 10
03/13/21 00:02:46 922001600  1615564966 secretPin: 
[WARN] get secretPin error

03/13/21 00:02:47 154135500  1615564967 移动签到零食码头自营专区

real	0m8.630s
user	0m0.016s
sys	0m0.094s
parse error: Invalid numeric literal at line 1, column 10
parse error: Invalid numeric literal at line 1, column 10
parse error: Invalid numeric literal at line 1, column 10
parse error: Invalid numeric literal at line 1, column 10
parse error: Invalid numeric literal at line 1, column 10
03/13/21 00:03:03 054443100 1615564983

real	0m1.336s
user	0m0.000s
sys	0m0.063s

real	0m1.257s
user	0m0.016s
sys	0m0.109s
[WARN] get LZ_TOKEN error
03/13/21 00:03:06 453801400  1615564986
use wskey

real	0m1.490s
user	0m0.094s
sys	0m0.125s
03/13/21 00:03:08 371951400  1615564988 token: AAFgS5C6ADBZohArPAYmJ75KRbinnNH6Ary8Uw4Sb85fNJNHOC9PhEyvBPwbJ-LtllrZizrkUpU

real	0m1.473s
user	0m0.016s
sys	0m0.063s
parse error: Invalid numeric literal at line 1, column 10
03/13/21 00:03:11 226594900  1615564991 secretPin: 
[WARN] get secretPin error

03/13/21 00:03:11 685932800  1615564991 移动签到零食码头自营专区

real	0m1.187s
user	0m0.063s
sys	0m0.047s
parse error: Invalid numeric literal at line 1, column 10
parse error: Invalid numeric literal at line 1, column 10
parse error: Invalid numeric literal at line 1, column 10
parse error: Invalid numeric literal at line 1, column 10
parse error: Invalid numeric literal at line 1, column 10
03/13/21 00:03:19 663579200 1615564999

real	0m1.502s
user	0m0.000s
sys	0m0.063s

real	0m0.890s
user	0m0.016s
sys	0m0.109s
[WARN] get LZ_TOKEN error
03/13/21 00:03:23 078994900  1615565003
use wskey

real	0m0.839s
user	0m0.172s
sys	0m0.172s
03/13/21 00:03:24 149735600  1615565004 token: AAFgS5DKADCTR343NDTWnQMoLzAs7w31-81rT9Rf7iDDdPdrMvByJ1_fdmu9FNc17wg1Uex1H9I

real	0m1.450s
user	0m0.016s
sys	0m0.094s
parse error: Invalid numeric literal at line 1, column 10
03/13/21 00:03:27 041649700  1615565007 secretPin: 
[WARN] get secretPin error

03/13/21 00:03:27 344637000  1615565007 移动签到零食码头自营专区

real	0m1.053s
user	0m0.031s
sys	0m0.109s
parse error: Invalid numeric literal at line 1, column 10
parse error: Invalid numeric literal at line 1, column 10
parse error: Invalid numeric literal at line 1, column 10
parse error: Invalid numeric literal at line 1, column 10
parse error: Invalid numeric literal at line 1, column 10
03/13/21 00:03:33 510372700 1615565013

real	0m1.868s
user	0m0.016s
sys	0m0.078s

real	0m1.351s
user	0m0.016s
sys	0m0.078s
[WARN] get LZ_TOKEN error
03/13/21 00:03:37 454626200  1615565017
use wskey

real	0m1.356s
user	0m0.109s
sys	0m0.141s
03/13/21 00:03:39 070727100  1615565019 token: AAFgS5DZADDFClOy69GvD3nvKrPnzTp0xnd-sfteiG7hJEmdoWPC0bu6YaEtrF_Rt2lTMh9Ixds

real	0m0.875s
user	0m0.016s
sys	0m0.125s
parse error: Invalid numeric literal at line 1, column 10
03/13/21 00:03:41 601335100  1615565021 secretPin: 
[WARN] get secretPin error

03/13/21 00:03:41 901401500  1615565021 移动签到零食码头自营专区

real	0m1.075s
user	0m0.031s
sys	0m0.094s
parse error: Invalid numeric literal at line 1, column 10
parse error: Invalid numeric literal at line 1, column 10
parse error: Invalid numeric literal at line 1, column 10
parse error: Invalid numeric literal at line 1, column 10
parse error: Invalid numeric literal at line 1, column 10
03/13/21 00:03:48 523909300 1615565028

real	0m2.209s
user	0m0.000s
sys	0m0.031s

real	0m1.173s
user	0m0.047s
sys	0m0.063s
[WARN] get LZ_TOKEN error
03/13/21 00:03:52 950920700  1615565032
use wskey

real	0m0.858s
user	0m0.078s
sys	0m0.141s
03/13/21 00:03:54 218907700  1615565034 token: AAFgS5DoADA5tJEsnvg3NXDXT6Lm17Zq8gY5wNurU1UIcIvEx8I6byePof4YjCMK1ipR9Vp89qk

real	0m1.244s
user	0m0.031s
sys	0m0.094s
parse error: Invalid numeric literal at line 1, column 10
03/13/21 00:03:57 314709400  1615565037 secretPin: 
[WARN] get secretPin error

03/13/21 00:03:57 593641300  1615565037 移动签到零食码头自营专区

real	0m0.894s
user	0m0.047s
sys	0m0.047s
parse error: Invalid numeric literal at line 1, column 10
parse error: Invalid numeric literal at line 1, column 10
parse error: Invalid numeric literal at line 1, column 10
parse error: Invalid numeric literal at line 1, column 10
parse error: Invalid numeric literal at line 1, column 10
03/13/21 00:04:02 134502800 1615565042

real	0m3.167s
user	0m0.000s
sys	0m0.094s

real	0m1.385s
user	0m0.031s
sys	0m0.094s
[WARN] get LZ_TOKEN error
03/13/21 00:04:07 320580200  1615565047
use wskey

real	0m0.769s
user	0m0.063s
sys	0m0.094s
03/13/21 00:04:08 281264000  1615565048 token: AAFgS5D3ADDIeN4lmN6zEyySvEb26tKU1apRGnKQh67QgZ0ncyTWBrBm1Brn9GprPA-Y6eEMra0

real	0m1.091s
user	0m0.016s
sys	0m0.078s
parse error: Invalid numeric literal at line 1, column 10
03/13/21 00:04:11 241964700  1615565051 secretPin: 
[WARN] get secretPin error

03/13/21 00:04:11 663241400  1615565051 移动签到零食码头自营专区

real	0m1.115s
user	0m0.000s
sys	0m0.125s
parse error: Invalid numeric literal at line 1, column 10
parse error: Invalid numeric literal at line 1, column 10
parse error: Invalid numeric literal at line 1, column 10
parse error: Invalid numeric literal at line 1, column 10
parse error: Invalid numeric literal at line 1, column 10
03/13/21 00:04:18 548164600 1615565058

real	0m2.587s
user	0m0.000s
sys	0m0.078s

real	0m1.452s
user	0m0.000s
sys	0m0.156s
[WARN] get LZ_TOKEN error
03/13/21 00:04:23 853768200  1615565063
use wskey

real	0m1.016s
user	0m0.094s
sys	0m0.094s
03/13/21 00:04:25 156313300  1615565065 token: AAFgS5EHADASBPYlAGG0kX6nazBA7o8CKs-6WDH_jIs6b8SQ7CZsmyLrD0sk977s1XD0xQpoiyk

real	0m0.897s
user	0m0.031s
sys	0m0.094s
parse error: Invalid numeric literal at line 1, column 10
03/13/21 00:04:27 811546300  1615565067 secretPin: 
[WARN] get secretPin error

03/13/21 00:04:28 192069200  1615565068 移动签到零食码头自营专区

real	0m0.769s
user	0m0.031s
sys	0m0.078s
parse error: Invalid numeric literal at line 1, column 10
parse error: Invalid numeric literal at line 1, column 10
parse error: Invalid numeric literal at line 1, column 10
parse error: Invalid numeric literal at line 1, column 10
parse error: Invalid numeric literal at line 1, column 10
03/13/21 00:04:34 335399400 1615565074

real	0m2.857s
user	0m0.000s
sys	0m0.016s

real	0m1.298s
user	0m0.063s
sys	0m0.078s
[WARN] get LZ_TOKEN error
03/13/21 00:04:40 051473600  1615565080
use wskey

real	0m1.828s
user	0m0.094s
sys	0m0.125s
03/13/21 00:04:42 363957900  1615565082 token: AAFgS5EYADB59E_PrschPk84iDPnqqhwd4Cn-knN7_J5srweQwsXL9rh80Iw8rAAZeCuLplqQqg

real	0m0.933s
user	0m0.016s
sys	0m0.078s
parse error: Invalid numeric literal at line 1, column 10
03/13/21 00:04:44 614216600  1615565084 secretPin: 
[WARN] get secretPin error

03/13/21 00:04:44 873424400  1615565084 移动签到零食码头自营专区

real	0m1.219s
user	0m0.016s
sys	0m0.109s
parse error: Invalid numeric literal at line 1, column 10
parse error: Invalid numeric literal at line 1, column 10
parse error: Invalid numeric literal at line 1, column 10
parse error: Invalid numeric literal at line 1, column 10
parse error: Invalid numeric literal at line 1, column 10
03/13/21 00:04:51 081752000 1615565091

real	0m2.874s
user	0m0.000s
sys	0m0.047s

real	0m1.262s
user	0m0.000s
sys	0m0.094s
[WARN] get LZ_TOKEN error
03/13/21 00:04:56 920326400  1615565096
use wskey

real	0m1.264s
user	0m0.078s
sys	0m0.188s
03/13/21 00:04:58 909306500  1615565098 token: AAFgS5EpADDTVBWiB3tTx1BMALl9Wy-3uPfoi4qU4GoSYopu7nuCxsjuXKI638eHYir6YPynUBw

real	0m1.158s
user	0m0.047s
sys	0m0.094s
parse error: Invalid numeric literal at line 1, column 10
03/13/21 00:05:01 778103200  1615565101 secretPin: 
[WARN] get secretPin error

03/13/21 00:05:02 099360400  1615565102 移动签到零食码头自营专区

real	0m1.114s
user	0m0.047s
sys	0m0.078s
parse error: Invalid numeric literal at line 1, column 10
parse error: Invalid numeric literal at line 1, column 10
parse error: Invalid numeric literal at line 1, column 10
parse error: Invalid numeric literal at line 1, column 10
parse error: Invalid numeric literal at line 1, column 10
03/13/21 00:05:07 735102400 1615565107

real	0m3.131s
user	0m0.000s
sys	0m0.031s

real	0m1.165s
user	0m0.016s
sys	0m0.109s
[WARN] get LZ_TOKEN error
03/13/21 00:05:13 274166300  1615565113
use wskey

real	0m1.462s
user	0m0.109s
sys	0m0.078s
03/13/21 00:05:15 021812100  1615565115 token: AAFgS5E5ADARlYCE5Z4rt5alFgIXJNAae7t34PXOCesy826_LmgT1mcDQ1OL6Eo7EHn5Y09hXXY

real	0m0.990s
user	0m0.063s
sys	0m0.125s
parse error: Invalid numeric literal at line 1, column 10
03/13/21 00:05:17 180807300  1615565117 secretPin: 
[WARN] get secretPin error

03/13/21 00:05:17 457496000  1615565117 移动签到零食码头自营专区

real	0m1.406s
user	0m0.000s
sys	0m0.094s
parse error: Invalid numeric literal at line 1, column 10
parse error: Invalid numeric literal at line 1, column 10
parse error: Invalid numeric literal at line 1, column 10
parse error: Invalid numeric literal at line 1, column 10
parse error: Invalid numeric literal at line 1, column 10
03/13/21 00:05:22 298203700 1615565122

real	0m3.296s
user	0m0.000s
sys	0m0.047s

real	0m1.223s
user	0m0.031s
sys	0m0.109s
[WARN] get LZ_TOKEN error
03/13/21 00:05:28 066363500  1615565128
use wskey

real	0m2.000s
user	0m0.125s
sys	0m0.109s
03/13/21 00:05:30 318447900  1615565130 token: AAFgS5FIADCA_aeRAcHWarAYrFd_y3yC-VYPmwRsZMnIwgW69KcTF5USwEhHWlU8M_PXdeMgZNk

real	0m1.082s
user	0m0.031s
sys	0m0.094s
parse error: Invalid numeric literal at line 1, column 10
03/13/21 00:05:32 834128500  1615565132 secretPin: 
[WARN] get secretPin error

03/13/21 00:05:33 064527400  1615565133 移动签到零食码头自营专区

real	0m0.736s
user	0m0.016s
sys	0m0.141s
parse error: Invalid numeric literal at line 1, column 10
parse error: Invalid numeric literal at line 1, column 10
parse error: Invalid numeric literal at line 1, column 10
parse error: Invalid numeric literal at line 1, column 10
parse error: Invalid numeric literal at line 1, column 10
03/13/21 00:05:37 561689100 1615565137

real	0m3.504s
user	0m0.000s
sys	0m0.063s

real	0m1.167s
user	0m0.031s
sys	0m0.109s
[WARN] get LZ_TOKEN error
03/13/21 00:05:43 400880600  1615565143
use wskey

real	0m1.257s
user	0m0.125s
sys	0m0.094s
03/13/21 00:05:45 020835000  1615565145 token: AAFgS5FXADDpdvge0zvKMEl_yY8Epal0drasPZmCjBGiro8zzA3NkxxFjcwLNVoF-gR-WPaR0MI

real	0m1.550s
user	0m0.016s
sys	0m0.156s
parse error: Invalid numeric literal at line 1, column 10
03/13/21 00:05:48 276796200  1615565148 secretPin: 
[WARN] get secretPin error

03/13/21 00:05:48 402491400  1615565148 移动签到零食码头自营专区

real	0m0.983s
user	0m0.016s
sys	0m0.125s
parse error: Invalid numeric literal at line 1, column 10
parse error: Invalid numeric literal at line 1, column 10
parse error: Invalid numeric literal at line 1, column 10
parse error: Invalid numeric literal at line 1, column 10
parse error: Invalid numeric literal at line 1, column 10
03/13/21 00:05:51 599738500 1615565151

real	0m3.993s
user	0m0.000s
sys	0m0.031s

real	0m1.508s
user	0m0.031s
sys	0m0.078s
[WARN] get LZ_TOKEN error
03/13/21 00:05:57 940521500  1615565157
use wskey

real	0m1.877s
user	0m0.109s
sys	0m0.125s
03/13/21 00:06:00 286874600  1615565160 token: AAFgS5FmADBzb2TVcLF50zHf5lAnHt3OWbookB17fTEwTjMGer9AnVa3NgVIsFU8m4frdsC7t4E

real	0m1.267s
user	0m0.016s
sys	0m0.109s
parse error: Invalid numeric literal at line 1, column 10
03/13/21 00:06:03 473354500  1615565163 secretPin: 
[WARN] get secretPin error

03/13/21 00:06:03 778135400  1615565163 移动签到零食码头自营专区

real	0m0.899s
user	0m0.000s
sys	0m0.078s
parse error: Invalid numeric literal at line 1, column 10
parse error: Invalid numeric literal at line 1, column 10
parse error: Invalid numeric literal at line 1, column 10
parse error: Invalid numeric literal at line 1, column 10
parse error: Invalid numeric literal at line 1, column 10
03/13/21 00:06:08 306276100 1615565168

real	0m3.918s
user	0m0.000s
sys	0m0.031s

real	0m1.188s
user	0m0.016s
sys	0m0.156s
[WARN] get LZ_TOKEN error
03/13/21 00:06:14 351605200  1615565174
use wskey

real	0m1.332s
user	0m0.109s
sys	0m0.141s
03/13/21 00:06:16 206526200  1615565176 token: AAFgS5F2ADDDvG8uk7LYUeuysnIh4OCv5-mrSbiynCmrv--ndk4BY_ynBbKncoGjgsqyTLBJsCE

real	0m1.271s
user	0m0.016s
sys	0m0.125s
parse error: Invalid numeric literal at line 1, column 10
03/13/21 00:06:19 333903600  1615565179 secretPin: 
[WARN] get secretPin error

03/13/21 00:06:19 706194300  1615565179 移动签到零食码头自营专区

real	0m1.184s
user	0m0.031s
sys	0m0.109s
parse error: Invalid numeric literal at line 1, column 10
parse error: Invalid numeric literal at line 1, column 10
parse error: Invalid numeric literal at line 1, column 10
parse error: Invalid numeric literal at line 1, column 10
parse error: Invalid numeric literal at line 1, column 10
03/13/21 00:06:24 324824300 1615565184

real	0m3.892s
user	0m0.000s
sys	0m0.047s

real	0m1.461s
user	0m0.016s
sys	0m0.063s
[WARN] get LZ_TOKEN error
03/13/21 00:06:31 103565600  1615565191
use wskey

real	0m1.206s
user	0m0.078s
sys	0m0.156s
03/13/21 00:06:32 628613400  1615565192 token: AAFgS5GHADCvy55fFwyNOvanvXUwY9dZxo-DsZMRLN1hPecrFZm2PT0u_mqGmUIJUk6OR4BFuBE

real	0m1.075s
user	0m0.047s
sys	0m0.094s
parse error: Invalid numeric literal at line 1, column 10
03/13/21 00:06:35 079573200  1615565195 secretPin: 
[WARN] get secretPin error

03/13/21 00:06:35 338004800  1615565195 移动签到零食码头自营专区

real	0m0.813s
user	0m0.078s
sys	0m0.063s
parse error: Invalid numeric literal at line 1, column 10
parse error: Invalid numeric literal at line 1, column 10
parse error: Invalid numeric literal at line 1, column 10
parse error: Invalid numeric literal at line 1, column 10
parse error: Invalid numeric literal at line 1, column 10
03/13/21 00:06:39 386402600 1615565199

real	0m4.054s
user	0m0.000s
sys	0m0.016s

real	0m1.871s
user	0m0.031s
sys	0m0.094s
[WARN] get LZ_TOKEN error
03/13/21 00:06:46 374099700  1615565206
use wskey

real	0m1.200s
user	0m0.109s
sys	0m0.141s
03/13/21 00:06:47 905550900  1615565207 token: AAFgS5GWADAmtM-GL3og_o5khDBNuQyz8uiTm63OLrnX5Gd6RBn9Kh6iAZRqicCe3grDqltfxc0

real	0m1.128s
user	0m0.016s
sys	0m0.094s
parse error: Invalid numeric literal at line 1, column 10
03/13/21 00:06:50 421158500  1615565210 secretPin: 
[WARN] get secretPin error

03/13/21 00:06:50 817313000  1615565210 移动签到零食码头自营专区

real	0m0.778s
user	0m0.047s
sys	0m0.094s
parse error: Invalid numeric literal at line 1, column 10
parse error: Invalid numeric literal at line 1, column 10
parse error: Invalid numeric literal at line 1, column 10
parse error: Invalid numeric literal at line 1, column 10
parse error: Invalid numeric literal at line 1, column 10
03/13/21 00:06:55 051208200 1615565215

real	0m4.572s
user	0m0.000s
sys	0m0.047s

real	0m0.910s
user	0m0.016s
sys	0m0.094s
[WARN] get LZ_TOKEN error
03/13/21 00:07:01 741017400  1615565221
use wskey

real	0m0.991s
user	0m0.094s
sys	0m0.109s
03/13/21 00:07:02 971807400  1615565222 token: AAFgS5GlADAyo0uxwiF3bobBLxBEwnz5i_EqAb1fsXxNZdlOqWU3_UiqcLDRUjeoV18EjiTZZoY

real	0m0.977s
user	0m0.000s
sys	0m0.078s
parse error: Invalid numeric literal at line 1, column 10
03/13/21 00:07:05 545415000  1615565225 secretPin: 
[WARN] get secretPin error

03/13/21 00:07:05 617909100  1615565225 移动签到零食码头自营专区

real	0m0.507s
user	0m0.047s
sys	0m0.125s
parse error: Invalid numeric literal at line 1, column 10
parse error: Invalid numeric literal at line 1, column 10
parse error: Invalid numeric literal at line 1, column 10
parse error: Invalid numeric literal at line 1, column 10
parse error: Invalid numeric literal at line 1, column 10
03/13/21 00:07:08 220627100 1615565228

real	0m4.013s
user	0m0.000s
sys	0m0.016s

real	0m0.301s
user	0m0.000s
sys	0m0.156s
[WARN] get LZ_TOKEN error
03/13/21 00:07:12 659940900  1615565232
use wskey

real	0m0.235s
user	0m0.094s
sys	0m0.141s
03/13/21 00:07:12 931348900  1615565232 token: AAFgS5GvADB68hNpBBfEVnGND6PD656xZoHkeZX4OdTzPiHTWNSjPUoMXK3eKMrBWMKgUT1FLS4

real	0m0.137s
user	0m0.047s
sys	0m0.063s
parse error: Invalid numeric literal at line 1, column 10
03/13/21 00:07:13 181302800  1615565233 secretPin: 
[WARN] get secretPin error

03/13/21 00:07:13 201318200  1615565233 移动签到零食码头自营专区

real	0m0.144s
user	0m0.000s
sys	0m0.125s
parse error: Invalid numeric literal at line 1, column 10
parse error: Invalid numeric literal at line 1, column 10
parse error: Invalid numeric literal at line 1, column 10
parse error: Invalid numeric literal at line 1, column 10
parse error: Invalid numeric literal at line 1, column 10
03/13/21 00:07:13 746098100 1615565233

real	0m4.057s
user	0m0.000s
sys	0m0.031s
03/13/21 00:07:32 905459300  1615565252
parse error: Invalid numeric literal at line 1, column 10
签到是否成功解析失败. 不再写/home/myid/jd/jd_signup/lzkj_sevenDay_vender/shop_1615126461_0

移动签到零食码头自营专区查看结果, 活动规则
<!DOCTYPE html>
<html>
 <head> 
  <title>京东</title> 
  <meta charset="utf-8" /> 
  <meta name="apple-mobile-web-app-capable" content="yes" /> 
  <meta name="viewport" content="width=device-width,initial-scale=1,user-scalable=no,maximum-scale=1,viewport-fit=cover" /> 
  <meta name="format-detection" content="telephone=no" /> 
  <meta name="x5-cache" content="enable" /> 
  <link rel="stylesheet" href="https://storage.360buyimg.com/babel/00162638/333378/production/dev/parser.1526555535098.css?t=20180517191236" /> 
  <style> img {
            opacity: 1 !important;
        } </style> 
  <link href="https://storage.360buyimg.com/babel/00170893/348321/production/dev/index.7320a380.css?t=20180802150952" rel="stylesheet" />
 </head> 
 <body style="background:#fff;" id="root"> 
  <div class="errorPage"> 
  </div> 
  <div class="placeholer"> 
  </div> 
  <script src="https://wl.jd.com/unify.min.js"></script> 
  <script type="text/javascript" src="https://storage.360buyimg.com/babel/00170893/348321/production/dev/index.0f8f4dba.js?t=20180802150952"></script> 
 </body>
</html>

#店铺名称
vendername="零食码头自营专区"
#店铺激活码
actId="bd6dbb94e12343d8b5034d64b0cd9ef6"
#店铺id
venderId="1000304425"
#长链接
url="https://lzkj-isv.isvjcloud.com/sign/sevenDay/signActivity?activityId=bd6dbb94e12343d8b5034d64b0cd9ef6&venderId=1000304425"

startTime=1614234600
endTime=1616567400
# 活动时间：2021-02-25 14:30 - 2021-03-24 14:30；
# 奖励说明：
actRule="
7天签到
连续签到1天：1京豆
连续签到2天：1京豆
连续签到3天：1京豆
连续签到4天：1京豆
连续签到5天：1京豆
连续签到6天：1京豆
连续签到7天：5京豆
"
#赵 122294312-396444 sign_res
sign_num="6"
giftName=""1京豆""
giftRes="ok"
giftDate="20210312"
sign_res_info="7天签到 第 6 天
当天签到奖励 ["1京豆"]"
#赵 122294312-396444 sign_res_end
#王 1309893722-164885 sign_res
sign_num="6"
giftName=""1京豆""
giftRes="ok"
giftDate="20210312"
sign_res_info="7天签到 第 6 天
当天签到奖励 ["1京豆"]"
#王 1309893722-164885 sign_res_end
#肥鹅 jd_4d651d9e48204 sign_res
sign_num="6"
giftName=""1京豆""
giftRes="ok"
giftDate="20210312"
sign_res_info="7天签到 第 6 天
当天签到奖励 ["1京豆"]"
#肥鹅 jd_4d651d9e48204 sign_res_end
#移动 jd_OeTNobRVGiNZ sign_res
sign_num=""
giftName=""
giftRes=""
giftDate="20210313"
sign_res_info="7天签到 第  天
当天签到奖励 []"
#移动 jd_OeTNobRVGiNZ sign_res_end
