03/16/21 00:00:01 156566400  1615824001
RANDOM_num: 45
force to sign

real	0m1.208s
user	0m0.016s
sys	0m0.094s
lzkj-isv.isvjcloud.com	FALSE	/	FALSE	1615824602	LZ_TOKEN_VALUE	B0oH3vDY2bhHWuKbVaJ+XQ==
lzkj-isv.isvjcloud.com	FALSE	/	FALSE	1615824602	LZ_TOKEN_KEY	lztokenpaged68cf9f6814a471a99c62b0c5132f733
03/16/21 00:00:03 593108300  1615824003
use wskey

real	0m0.693s
user	0m0.094s
sys	0m0.094s
03/16/21 00:00:04 414773800  1615824004 token: AAFgT4SDADA8JQJvUPmapj3rlx0iXYFRivrOEgYAuXA2UhycfUyBwCE_QSDgYxETpgat0ijufG4

real	0m0.837s
user	0m0.031s
sys	0m0.078s
{"result":false,"data":"400001","count":0,"errorMessage":"活动太火爆，还是去买买买吧"}
03/16/21 00:02:21 865499400  1615824141
parse error: Invalid numeric literal at line 1, column 10
签到失败. 写入失败的giftName: 

***********************************************
7天签到 第  天
当天签到奖励 []
***********************************************

移动签到帮宝适京东自营官方旗舰店查看结果, 活动规则
<!DOCTYPE html>
<html>
 <head> 
  <title>京东</title> 
  <meta charset="utf-8" /> 
  <meta name="apple-mobile-web-app-capable" content="yes" /> 
  <meta name="viewport" content="width=device-width,initial-scale=1,user-scalable=no,maximum-scale=1,viewport-fit=cover" /> 
  <meta name="format-detection" content="telephone=no" /> 
  <meta name="x5-cache" content="enable" /> 
  <link rel="stylesheet" href="https://storage.360buyimg.com/babel/00162638/333378/production/dev/parser.1526555535098.css?t=20180517191236" /> 
  <style> img {
            opacity: 1 !important;
        } </style> 
  <link href="https://storage.360buyimg.com/babel/00170893/348321/production/dev/index.7320a380.css?t=20180802150952" rel="stylesheet" />
 </head> 
 <body style="background:#fff;" id="root"> 
  <div class="errorPage"> 
  </div> 
  <div class="placeholer"> 
  </div> 
  <script src="https://wl.jd.com/unify.min.js"></script> 
  <script type="text/javascript" src="https://storage.360buyimg.com/babel/00170893/348321/production/dev/index.0f8f4dba.js?t=20180802150952"></script> 
 </body>
</html>

#店铺名称
vendername="帮宝适京东自营官方旗舰店"
#店铺激活码
actId="9b8a4466ab984291908abd55c70d0646"
#店铺id
venderId="1000001933"
#长链接
url="https://lzkj-isv.isvjcloud.com/sign/sevenDay/signActivity?activityId=9b8a4466ab984291908abd55c70d0646&venderId=1000001933&cu=true&utm_source=kong&utm_medium=jingfen&utm_campaign=t_1002903107_&utm_term=4f8841bf33eb4dfb9ccd26e52abc0106"

startTime=1614566820
endTime=1617206340
# 活动时间：2021-03-01 10:47 - 2021-03-31 23:59；
# 奖励说明：
actRule="
7天签到
连续签到1天：1京豆
连续签到2天：1京豆
连续签到3天：1京豆
连续签到4天：1京豆
连续签到5天：1京豆
连续签到6天：1京豆
连续签到7天：7京豆
"
#赵 122294312-396444 sign_res
sign_num=""
giftName=""1京豆""
giftRes="ok"
giftDate="20210316"
sign_res_info="7天签到 第  天
当天签到奖励 ["1京豆"]"
#赵 122294312-396444 sign_res_end
#王 1309893722-164885 sign_res
sign_num=""
giftName=""1京豆""
giftRes="ok"
giftDate="20210316"
sign_res_info="7天签到 第  天
当天签到奖励 ["1京豆"]"
#王 1309893722-164885 sign_res_end
#肥鹅 jd_4d651d9e48204 sign_res
sign_num=""
giftName=""1京豆""
giftRes="ok"
giftDate="20210316"
sign_res_info="7天签到 第  天
当天签到奖励 ["1京豆"]"
#肥鹅 jd_4d651d9e48204 sign_res_end
#移动 jd_OeTNobRVGiNZ sign_res
sign_num=""
giftName=""
giftRes=""
giftDate="20210316"
sign_res_info="7天签到 第  天
当天签到奖励 []"
#移动 jd_OeTNobRVGiNZ sign_res_end
