02/19/21 00:00:03 106389000  1613664003
RANDOM_num: 5
removed '/tmp/tmp.bugz0pOzZy'
lzkj-isv.isvjcloud.com	FALSE	/	FALSE	1613664607	LZ_TOKEN_VALUE	B0oH3vDY2bhHWuKbVaJ+XQ==
lzkj-isv.isvjcloud.com	FALSE	/	FALSE	1613664607	LZ_TOKEN_KEY	lztokenpage71ae02230a5e4730956a6cbf14f81040
use pt_key
token: AAFgLo8KADA11jcUBhS3h8HKIVobbniZ2K0y7VDi2nwf-OlwUYlpaze6qFQik8tr12P3THO2QHM
secretPin: 4YEv+ri88IbQX5lhoqHrzE7oeVP9kq2pYSH90mYt4m3fwcJlClpxrfmVYaGKuquQkdK3rLBQpEQH9V4tdrrh0w==

02/19/21 00:00:15 321925800  1613664015
肥鹅签到英氏YeeHoO奥特莱斯店
{
  "msg": "",
  "signResult": {
    "key": "dwIjCp",
    "giftLogId": "c8a55b21f3e947eeb6113d6e1dda9e26",
    "gift": {
      "activityId": null,
      "activityType": null,
      "venderId": null,
      "type": 0,
      "name": null,
      "itemHb": null,
      "id": "1140054",
      "giftType": "6",
      "giftName": "6京豆",
      "giftNum": "6",
      "giftTotal": "5000",
      "giftResidue": null,
      "priceInfo": "0.06",
      "shortLink": "",
      "orginLink": null,
      "giftInfoId": null,
      "commonAddAwardVO": null
    },
    "send": true
  },
  "isOk": true,
  "isSend": true
}
true
签到英氏YeeHoO奥特莱斯店完成
02/19/21 00:00:37 301591500  1613664037
parse error: Invalid numeric literal at line 1, column 10

***********************************************
7天签到 第  天
***********************************************

肥鹅签到英氏YeeHoO奥特莱斯店查看结果, 活动规则
<!DOCTYPE html>
<html>
 <head> 
  <title>京东</title> 
  <meta charset="utf-8" /> 
  <meta name="apple-mobile-web-app-capable" content="yes" /> 
  <meta name="viewport" content="width=device-width,initial-scale=1,user-scalable=no,maximum-scale=1,viewport-fit=cover" /> 
  <meta name="format-detection" content="telephone=no" /> 
  <meta name="x5-cache" content="enable" /> 
  <link rel="stylesheet" href="https://storage.360buyimg.com/babel/00162638/333378/production/dev/parser.1526555535098.css?t=20180517191236" /> 
  <style> img {
            opacity: 1 !important;
        } </style> 
  <link href="https://storage.360buyimg.com/babel/00170893/348321/production/dev/index.7320a380.css?t=20180802150952" rel="stylesheet" />
 </head> 
 <body style="background:#fff;" id="root"> 
  <div class="errorPage"> 
  </div> 
  <div class="placeholer"> 
  </div> 
  <script src="https://wl.jd.com/unify.min.js"></script> 
  <script type="text/javascript" src="https://storage.360buyimg.com/babel/00170893/348321/production/dev/index.0f8f4dba.js?t=20180802150952"></script> 
 </body>
</html>

#店铺名称
vendername="英氏YeeHoO奥特莱斯店"
#店铺激活码
actId="5ff5ff7000d444a0893a41c1f678e4bf"
#店铺id
venderId="10409042"
#长链接
url="https://lzkj-isv.isvjcloud.com/sign/sevenDay/signActivity?activityId=5ff5ff7000d444a0893a41c1f678e4bf&venderId=10409042&adsource=tg_xuanFuTuBiao"

startTime=1612157940
endTime=1614749940
# 活动时间：2021-02-01 13:39 - 2021-03-03 13:39；
# 奖励说明：
actRule="
7天签到
连续签到1天：5京豆
连续签到2天：6京豆
连续签到3天：7京豆
连续签到4天：8京豆
连续签到5天：9京豆
连续签到6天：10京豆
连续签到7天：15京豆
"
#赵 122294312-396444 sign_res
sign_num="1"
sign_res_info="7天签到 第 1 天"
giftRes="ok"
giftDate="20210218"
#赵 122294312-396444 sign_res_end
#王 1309893722-164885 sign_res
sign_num="1"
sign_res_info="7天签到 第 1 天"
giftRes="ok"
giftDate="20210218"
#王 1309893722-164885 sign_res_end
#移动 jd_OeTNobRVGiNZ sign_res
sign_num="2"
sign_res_info="7天签到 第 2 天"
giftRes="ok"
giftDate="20210218"
#移动 jd_OeTNobRVGiNZ sign_res_end
#肥鹅 jd_4d651d9e48204 sign_res
sign_num=""
sign_res_info="7天签到 第  天"
giftRes="ok"
giftDate="20210219"
#肥鹅 jd_4d651d9e48204 sign_res_end
