03/19/21 03:30:02 285359500  1616095802
RANDOM_num: 15
removed '/tmp/tmp.At7EAPiDDk'
03/19/21 03:30:03 259672400  1616095803 检查移动签到

real	0m0.700s
user	0m0.047s
sys	0m0.078s
lzkj-isv.isvjcloud.com	FALSE	/	FALSE	1616096404	LZ_TOKEN_VALUE	B0oH3vDY2bhHWuKbVaJ+XQ==
lzkj-isv.isvjcloud.com	FALSE	/	FALSE	1616096404	LZ_TOKEN_KEY	lztokenpagebdb9c49cec1c49fd8fff0c0e350f19c0
03/19/21 03:30:04 922436800  1616095804
use wskey

real	0m0.589s
user	0m0.078s
sys	0m0.094s
03/19/21 03:30:05 634629200  1616095805 token: AAFgU6o9ADBeUiZ2ZT1MwdhLw11Nw6cvKuIXdOHy627Xb-tlK5QSdQKjtZXPIWz2m8St_ZgQHwE

real	0m0.546s
user	0m0.047s
sys	0m0.078s
{"result":false,"data":"400001","count":0,"errorMessage":"活动太火爆，还是去买买买吧"}
03/19/21 03:30:51 600814100  1616095851
签到失败. 写入失败的giftName: 

***********************************************
7天签到 第 0 天
当天签到奖励 []
***********************************************

移动签到Oray京东自营官方旗舰店查看结果, 活动规则
{"giftConditions":[{"gift":{"giftInfoId":null,"giftName":"5元优惠券","venderId":null,"giftType":"1","type":0,"shortLink":"3.cn/1015QJ-xj","orginLink":null,"activityId":null,"giftResidue":null,"commonAddAwardVO":null,"name":null,"id":"348750149","activityType":null},"imgUrl":"","giftInfoId":"da019b1ca9d540f4af07c36ead00d6ff","dayNum":"1","showType":"0"},{"gift":{"giftInfoId":null,"giftName":"2京豆","venderId":null,"giftType":"6","type":0,"shortLink":"","orginLink":null,"activityId":null,"giftResidue":null,"commonAddAwardVO":null,"name":null,"id":"1183220","activityType":null},"imgUrl":"","giftInfoId":"05088893f45d484ea59d6024b718cb75","dayNum":"2","showType":"0"},{"gift":{"giftInfoId":null,"giftName":"5京豆","venderId":null,"giftType":"6","type":0,"shortLink":"","orginLink":null,"activityId":null,"giftResidue":null,"commonAddAwardVO":null,"name":null,"id":"1183220","activityType":null},"imgUrl":"","giftInfoId":"2e5693f5001347ddab4dcb76584fde78","dayNum":"3","showType":"0"},{"gift":{"giftInfoId":null,"giftName":"8京豆","venderId":null,"giftType":"6","type":0,"shortLink":"","orginLink":null,"activityId":null,"giftResidue":null,"commonAddAwardVO":null,"name":null,"id":"1183220","activityType":null},"imgUrl":"","giftInfoId":"0e303df447b94c21b0381ca5a025a945","dayNum":"4","showType":"0"},{"gift":{"giftInfoId":null,"giftName":"20京豆","venderId":null,"giftType":"6","type":0,"shortLink":"","orginLink":null,"activityId":null,"giftResidue":null,"commonAddAwardVO":null,"name":null,"id":"1183220","activityType":null},"imgUrl":"","giftInfoId":"8b66c8cbc42a46c69cea07025581c656","dayNum":"5","showType":"0"},{"gift":{"giftInfoId":null,"giftName":"10元优惠券","venderId":null,"giftType":"1","type":0,"shortLink":"3.cn/1015QI-Ba","orginLink":null,"activityId":null,"giftResidue":null,"commonAddAwardVO":null,"name":null,"id":"349061809","activityType":null},"imgUrl":"","giftInfoId":"a9581366f22c4b3dbc04058175b9ade9","dayNum":"6","showType":"0"},{"gift":{"giftInfoId":null,"giftName":"20元优惠券","venderId":null,"giftType":"1","type":0,"shortLink":"3.cn/1015Q-I9z","orginLink":null,"activityId":null,"giftResidue":null,"commonAddAwardVO":null,"name":null,"id":"348658131","activityType":null},"imgUrl":"","giftInfoId":"53a88c7a15d84b77b176db2e3edcfaa6","dayNum":"7","showType":"0"}],"msg":"","isOk":true,"isOver":"n","contiSignDays":0,"actRule":"1、活动时间：2021-03-12 13:38 - 2021-03-21 00:00；
2、关注店铺后方可参与活动；
3、符合连续签到赠送条件，则有机会赠送连续签到奖品；
4、签到7天后不能再参加；
5、第1天签到，有机会赠送5元优惠券；
6、第2天签到，有机会赠送2京豆；
7、第3天签到，有机会赠送5京豆；
8、第4天签到，有机会赠送8京豆；
9、第5天签到，有机会赠送20京豆；
10、第6天签到，有机会赠送10元优惠券；
11、第7天签到，有机会赠送20元优惠券；
12、签到成功后有机会获得奖品，也有可能会与奖品擦肩而过（奖品数量有限，先到先得）；
13、若用户存在刷奖等恶意行为，一经发现将取消抽奖资格（如奖品已经发放，有权追回奖品）；
注：奖品发放形式：
实物奖：
（1）中奖客户信息收集：页面弹屏提示中奖客户提供收货地址、号码和奖项；(超过1小时未填写对应收货信息，视为放弃);
（2）实物奖采取寄送方式发放，获奖用户需在开奖后填写姓名、联系电话、详细地址信息。如因用户原因无法联系上，即奖品作废不再补发，或如用户未填写真实有效的信息或填写收货信息不详，均视为放弃奖品；
虚拟产品奖：
（1）京豆：中奖后系统预计24小时内自动发放至账户；
（2）优惠券：中奖后需手动领取，预计24小时到账；
【活动参与主体资格】
（1）每位自然人用户仅能使用一个京东账号参与活动，微信号、QQ、京东帐号、手机号码等任一信息一致或指向同一用户的，视为同一个用户，则第一个参与本活动的账号参与结果有效，其余账号参与结果均视为无效。
（2）若发现同一位用户使用不同账号重复参与活动，承办方有权取消其获奖资格。
【注意事项】
（1）活动过程中，凡以不正当手段（如作弊领取、恶意套取、刷信誉、虚假交易、扰乱系统、实施网络攻击等）参与本次活动的用户，商家有权终止其参与活动，并取消其获奖资格（如奖品已发放，商家有权追回），如给商家造成损失的，商家将保留向违规用户继续追索的权利。
（2）如遇不可抗力(包括但不限于重大灾害事件、活动受政府机关指令需要停止举办或调整的、活动中存在大面积作弊行为、活动遭受严重网络攻击或因系统故障导致活动中奖名单大批量出错，活动不能正常进行的)，商家有权取消、修改或暂停本活动。
（3）本活动所发放的实物奖不得提现、不得转赠他人、不得为他人付款。
（4）是否中奖以活动发布者后台统计结果为准。
","followDays":1,"isSign":"n"}

#店铺名称
vendername="Oray京东自营官方旗舰店"
#店铺激活码
actId="36a96949aef74f239e4a8b8553518bac"
#店铺id
venderId="10142406"
#长链接
url="https://lzkj-isv.isvjcloud.com/sign/sevenDay/signActivity?activityId=36a96949aef74f239e4a8b8553518bac&venderId=10142406"

startTime=1615527480
endTime=1616256000
# 活动时间：2021-03-12 13:38 - 2021-03-21 00:00；
# 奖励说明：
actRule="
7天签到
连续签到1天：5元优惠券
连续签到2天：2京豆
连续签到3天：5京豆
连续签到4天：8京豆
连续签到5天：20京豆
连续签到6天：10元优惠券
连续签到7天：20元优惠券
"
#赵 122294312-396444 sign_res
sign_num="4"
giftName=""8京豆""
giftRes="ok"
giftDate="20210319"
sign_res_info="7天签到 第 4 天
当天签到奖励 ["8京豆"]"
#赵 122294312-396444 sign_res_end
#王 1309893722-164885 sign_res
sign_num="4"
giftName=""8京豆""
giftRes="ok"
giftDate="20210319"
sign_res_info="7天签到 第 4 天
当天签到奖励 ["8京豆"]"
#王 1309893722-164885 sign_res_end
#肥鹅 jd_4d651d9e48204 sign_res
sign_num="4"
giftName=""8京豆""
giftRes="ok"
giftDate="20210319"
sign_res_info="7天签到 第 4 天
当天签到奖励 ["8京豆"]"
#肥鹅 jd_4d651d9e48204 sign_res_end
#移动 jd_OeTNobRVGiNZ sign_res
sign_num="0"
giftName=""
giftRes=""
giftDate="20210319"
sign_res_info="7天签到 第 0 天
当天签到奖励 []"
#移动 jd_OeTNobRVGiNZ sign_res_end
