02/28/21 00:30:02 221745400  1614443402
RANDOM_num: 5
removed '/tmp/tmp.b2rWDAdiCg'
02/28/21 00:30:03 065653000  1614443403
王 今天已经签到过. 签到结果: ok  giftDate: 20210228
***********************************************
7天签到 第  天
当天签到奖励 [1京豆]
***********************************************

王 签到结果获取失败.
02/28/21 00:30:03 241969700  1614443403 检查王签到

real	0m0.696s
user	0m0.016s
sys	0m0.063s
lzkj-isv.isvjcloud.com	FALSE	/	FALSE	1614444004	LZ_TOKEN_VALUE	B0oH3vDY2bhHWuKbVaJ+XQ==
lzkj-isv.isvjcloud.com	FALSE	/	FALSE	1614444004	LZ_TOKEN_KEY	lztokenpage7b2d1e3666b24888812d9d095b008e24
02/28/21 00:30:04 991712600  1614443404
use pt_key

real	0m1.037s
user	0m0.109s
sys	0m0.094s
02/28/21 00:30:06 395377000  1614443406 token: AAFgOnONADAu7yTLe7WlMJi2t8ZjtMP688o81dRnGsX6oc-BBl9RRR7HRKPmvcd2IN3jiw7Vk-A

real	0m1.210s
user	0m0.109s
sys	0m0.063s
02/28/21 00:30:07 840895200  1614443407 secretPin: 8zfoIjWIu/DcpxQNzAV7/oVPSWy1B8D+G4s+fJIFDfWHSnwnXFQKK9yQco/OGmHebU48Dr07k+7+k1UaXRbZKg==

02/28/21 00:30:08 042851700  1614443408 王签到泉林本色京东自营旗舰店

real	0m1.340s
user	0m0.047s
sys	0m0.094s
{
  "msg": "当天只允许签到一次",
  "isOk": false
}
"当天只允许签到一次"
02/28/21 00:30:12 570334700 1614443412
02/28/21 00:30:12 949078100 1614443412 签到泉林本色京东自营旗舰店完成
02/28/21 00:30:28 936332600  1614443428
false
parse error: Invalid numeric literal at line 1, column 10
重复签到. 载入之前签到的giftName: "1京豆"

***********************************************
7天签到 第  天
当天签到奖励 ["1京豆"]
***********************************************

王签到泉林本色京东自营旗舰店查看结果, 活动规则
<!DOCTYPE html>
<html>
 <head> 
  <title>京东</title> 
  <meta charset="utf-8" /> 
  <meta name="apple-mobile-web-app-capable" content="yes" /> 
  <meta name="viewport" content="width=device-width,initial-scale=1,user-scalable=no,maximum-scale=1,viewport-fit=cover" /> 
  <meta name="format-detection" content="telephone=no" /> 
  <meta name="x5-cache" content="enable" /> 
  <link rel="stylesheet" href="https://storage.360buyimg.com/babel/00162638/333378/production/dev/parser.1526555535098.css?t=20180517191236" /> 
  <style> img {
            opacity: 1 !important;
        } </style> 
  <link href="https://storage.360buyimg.com/babel/00170893/348321/production/dev/index.7320a380.css?t=20180802150952" rel="stylesheet" />
 </head> 
 <body style="background:#fff;" id="root"> 
  <div class="errorPage"> 
  </div> 
  <div class="placeholer"> 
  </div> 
  <script src="https://wl.jd.com/unify.min.js"></script> 
  <script type="text/javascript" src="https://storage.360buyimg.com/babel/00170893/348321/production/dev/index.0f8f4dba.js?t=20180802150952"></script> 
 </body>
</html>

#店铺名称
vendername="泉林本色京东自营旗舰店"
#店铺激活码
actId="1e5cac4ad760485d931141412c9fab0c"
#店铺id
venderId="1000001906"
#长链接
url="https://lzkj-isv.isvjcloud.com/sign/sevenDay/signActivity?activityId=1e5cac4ad760485d931141412c9fab0c&venderId=1000001906&adsource=tg_xuanFuTuBiao"

startTime=1612496160
endTime=1614483360
# 活动时间：2021-02-05 11:36 - 2021-02-28 11:36；
# 奖励说明：
actRule="
7天签到
连续签到1天：5店铺积分
连续签到2天：10元优惠券
连续签到3天：20店铺积分
连续签到4天：1京豆
连续签到5天：2京豆
连续签到6天：3京豆
连续签到7天：5京豆
"
#移动 jd_OeTNobRVGiNZ sign_res
sign_num="5"
giftName=""2京豆""
giftRes="ok"
giftDate="20210227"
sign_res_info="7天签到 第 5 天
当天签到奖励 ["2京豆"]"
#移动 jd_OeTNobRVGiNZ sign_res_end
#肥鹅 jd_4d651d9e48204 sign_res
sign_num=""
giftName=""1京豆""
giftRes="ok"
giftDate="20210228"
sign_res_info="7天签到 第  天
当天签到奖励 ["1京豆"]"
#肥鹅 jd_4d651d9e48204 sign_res_end
#赵 122294312-396444 sign_res
sign_num=""
giftName=""1京豆""
giftRes="ok"
giftDate="20210228"
sign_res_info="7天签到 第  天
当天签到奖励 ["1京豆"]"
#赵 122294312-396444 sign_res_end
#王 1309893722-164885 sign_res
sign_num=""
giftName=""1京豆""
giftRes="ok"
giftDate="20210228"
sign_res_info="7天签到 第  天
当天签到奖励 ["1京豆"]"
#王 1309893722-164885 sign_res_end
