03/02/21 00:30:02 179427500  1614616202
RANDOM_num: 5
removed '/tmp/tmp.QqkuXpMeb4'
03/02/21 00:30:02 697509700  1614616202 检查移动签到

real	0m0.426s
user	0m0.031s
sys	0m0.094s
lzkj-isv.isvjcloud.com	FALSE	/	FALSE	1614616803	LZ_TOKEN_VALUE	B0oH3vDY2bhHWuKbVaJ+XQ==
lzkj-isv.isvjcloud.com	FALSE	/	FALSE	1614616803	LZ_TOKEN_KEY	lztokenpage59bf5ddbb4124e72b98b65d4e0f51121
03/02/21 00:30:03 655360300  1614616203
use wskey

real	0m0.315s
user	0m0.109s
sys	0m0.078s
03/02/21 00:30:04 060233600  1614616204 token: AAFgPRaLADC7MzseWwBW8Lt5H0tp45gDedvRgTK1WPDS2FVRSO3c8BcxHWQMUPA5AvFRdJ0RoZ4
jq: error (at <stdin>:0) (not a string): {"result":false,"data":"400001","count":0,"errorMessage":"活动太火爆，还是去买买买吧"}

real	0m0.639s
user	0m0.109s
sys	0m0.047s
03/02/21 00:30:04 758899300  1614616204 secretPin: 
[WARN] get secretPin error

03/02/21 00:30:04 846897800  1614616204 移动签到泉林本色京东自营旗舰店

real	0m0.522s
user	0m0.031s
sys	0m0.094s
{
  "msg": "很抱歉，奖品与您擦肩而过了哟，关注下其他活动吧~",
  "code": "AUTH.FAILED.VALID",
  "isOk": false
}
03/02/21 00:30:06 505340000 1614616206

real	0m0.312s
user	0m0.000s
sys	0m0.078s

real	0m0.586s
user	0m0.063s
sys	0m0.078s
lzkj-isv.isvjcloud.com	FALSE	/	FALSE	1614616807	LZ_TOKEN_VALUE	B0oH3vDY2bhHWuKbVaJ+XQ==
lzkj-isv.isvjcloud.com	FALSE	/	FALSE	1614616807	LZ_TOKEN_KEY	lztokenpage8a668c76e6024f47947672f513b660b7
03/02/21 00:30:07 529565200  1614616207
use wskey

real	0m0.296s
user	0m0.078s
sys	0m0.156s
03/02/21 00:30:07 864679000  1614616207 token: AAFgPRaPADBrNpFCI5pzrsHSCketYAY-10l-Df0CerSDYVu0wJOBGyLdhxoW-rDFNJ_3L-e8fsI
jq: error (at <stdin>:0) (not a string): {"result":false,"data":"400001","count":0,"errorMessage":"活动太火爆，还是去买买买吧"}

real	0m0.627s
user	0m0.156s
sys	0m0.109s
03/02/21 00:30:08 576616100  1614616208 secretPin: 
[WARN] get secretPin error

03/02/21 00:30:08 613804500  1614616208 移动签到泉林本色京东自营旗舰店

real	0m0.230s
user	0m0.047s
sys	0m0.094s
parse error: Invalid numeric literal at line 1, column 10
parse error: Invalid numeric literal at line 1, column 10
parse error: Invalid numeric literal at line 1, column 10
parse error: Invalid numeric literal at line 1, column 10
parse error: Invalid numeric literal at line 1, column 10
03/02/21 00:30:09 534355000 1614616209

real	0m0.454s
user	0m0.000s
sys	0m0.031s

real	0m0.292s
user	0m0.016s
sys	0m0.078s
lzkj-isv.isvjcloud.com	FALSE	/	FALSE	1614616810	LZ_TOKEN_VALUE	B0oH3vDY2bhHWuKbVaJ+XQ==
lzkj-isv.isvjcloud.com	FALSE	/	FALSE	1614616810	LZ_TOKEN_KEY	lztokenpagef2fe73a0a5a44bcab9c512cbefc6bef5
03/02/21 00:30:10 349207300  1614616210
use wskey

real	0m0.213s
user	0m0.078s
sys	0m0.109s
03/02/21 00:30:10 606909900  1614616210 token: AAFgPRaSADDaolJmkSX_Tpa1gJCjZcCJgj6vW_M5cIBdmO09EBbY-DIAVMfz2FvvvbKPU1YkAcg
jq: error (at <stdin>:0) (not a string): {"result":false,"data":"400001","count":0,"errorMessage":"活动太火爆，还是去买买买吧"}

real	0m0.321s
user	0m0.078s
sys	0m0.156s
03/02/21 00:30:10 955004700  1614616210 secretPin: 
[WARN] get secretPin error

03/02/21 00:30:10 981476000  1614616210 移动签到泉林本色京东自营旗舰店

real	0m0.246s
user	0m0.031s
sys	0m0.109s
{
  "msg": "很抱歉，奖品与您擦肩而过了哟，关注下其他活动吧~",
  "code": "AUTH.FAILED.VALID",
  "isOk": false
}
03/02/21 00:30:11 918589400 1614616211

real	0m0.654s
user	0m0.000s
sys	0m0.047s

real	0m0.346s
user	0m0.016s
sys	0m0.141s
lzkj-isv.isvjcloud.com	FALSE	/	FALSE	1614616812	LZ_TOKEN_VALUE	B0oH3vDY2bhHWuKbVaJ+XQ==
lzkj-isv.isvjcloud.com	FALSE	/	FALSE	1614616812	LZ_TOKEN_KEY	lztokenpage5c30bcb73b7a4b68971ea492efffc5f7
03/02/21 00:30:12 982638600  1614616212
use wskey

real	0m0.191s
user	0m0.078s
sys	0m0.078s
03/02/21 00:30:13 239371700  1614616213 token: AAFgPRaVADBNT6ZtALRh8lj3NLhjxGWOgjf0k9-9DU3iIIIBGyX0fUMMF7AgPoMPNkWpV-cXGho
jq: error (at <stdin>:0) (not a string): {"result":false,"data":"400001","count":0,"errorMessage":"活动太火爆，还是去买买买吧"}

real	0m0.386s
user	0m0.078s
sys	0m0.094s
03/02/21 00:30:13 685759500  1614616213 secretPin: 
[WARN] get secretPin error

03/02/21 00:30:13 745417500  1614616213 移动签到泉林本色京东自营旗舰店

real	0m0.249s
user	0m0.031s
sys	0m0.094s
{
  "msg": "很抱歉，奖品与您擦肩而过了哟，关注下其他活动吧~",
  "code": "AUTH.FAILED.VALID",
  "isOk": false
}
03/02/21 00:30:14 891109600 1614616214

real	0m0.858s
user	0m0.000s
sys	0m0.047s

real	0m0.580s
user	0m0.016s
sys	0m0.125s
lzkj-isv.isvjcloud.com	FALSE	/	FALSE	1614616816	LZ_TOKEN_VALUE	B0oH3vDY2bhHWuKbVaJ+XQ==
lzkj-isv.isvjcloud.com	FALSE	/	FALSE	1614616816	LZ_TOKEN_KEY	lztokenpagefc42dfc4fd0d4b8ab81de3b42a0a0550
03/02/21 00:30:16 515296600  1614616216
use wskey

real	0m0.318s
user	0m0.109s
sys	0m0.109s
03/02/21 00:30:16 956838800  1614616216 token: AAFgPRaYADCtjHo8m1tcI3BU7O9jZL8Lm5RiJjarSOZWBOFPjnzChM1CryAlgs0RdF-gKfljoSE
jq: error (at <stdin>:0) (not a string): {"result":false,"data":"400001","count":0,"errorMessage":"活动太火爆，还是去买买买吧"}

real	0m0.388s
user	0m0.109s
sys	0m0.141s
03/02/21 00:30:17 377904900  1614616217 secretPin: 
[WARN] get secretPin error

03/02/21 00:30:17 407014800  1614616217 移动签到泉林本色京东自营旗舰店

real	0m0.217s
user	0m0.016s
sys	0m0.094s
{
  "msg": "很抱歉，奖品与您擦肩而过了哟，关注下其他活动吧~",
  "code": "AUTH.FAILED.VALID",
  "isOk": false
}
03/02/21 00:30:18 051279800 1614616218

real	0m1.064s
user	0m0.000s
sys	0m0.063s

real	0m0.265s
user	0m0.016s
sys	0m0.063s
lzkj-isv.isvjcloud.com	FALSE	/	FALSE	1614616819	LZ_TOKEN_VALUE	B0oH3vDY2bhHWuKbVaJ+XQ==
lzkj-isv.isvjcloud.com	FALSE	/	FALSE	1614616819	LZ_TOKEN_KEY	lztokenpage2e6167b1d3b8481b81e1368659b70eca
03/02/21 00:30:19 443400100  1614616219
use wskey

real	0m0.144s
user	0m0.109s
sys	0m0.063s
03/02/21 00:30:19 604478600  1614616219 token: AAFgPRabADBZuokUWtoG3kwRzSCXHtVqywwEtkk6KxThhpLx3F-2glqejx5okPxeMWzs4va-kv0
jq: error (at <stdin>:0) (not a string): {"result":false,"data":"400001","count":0,"errorMessage":"活动太火爆，还是去买买买吧"}

real	0m0.292s
user	0m0.109s
sys	0m0.078s
03/02/21 00:30:19 916650500  1614616219 secretPin: 
[WARN] get secretPin error

03/02/21 00:30:19 942959800  1614616219 移动签到泉林本色京东自营旗舰店

real	0m0.198s
user	0m0.016s
sys	0m0.063s
{
  "msg": "很抱歉，奖品与您擦肩而过了哟，关注下其他活动吧~",
  "code": "AUTH.FAILED.VALID",
  "isOk": false
}
03/02/21 00:30:20 748838700 1614616220

real	0m1.246s
user	0m0.000s
sys	0m0.016s

real	0m0.535s
user	0m0.031s
sys	0m0.125s
lzkj-isv.isvjcloud.com	FALSE	/	FALSE	1614616822	LZ_TOKEN_VALUE	B0oH3vDY2bhHWuKbVaJ+XQ==
lzkj-isv.isvjcloud.com	FALSE	/	FALSE	1614616822	LZ_TOKEN_KEY	lztokenpage7812c6895db44b96af0e388cded9237c
03/02/21 00:30:22 627470800  1614616222
use wskey

real	0m0.334s
user	0m0.125s
sys	0m0.141s
03/02/21 00:30:22 990948900  1614616222 token: AAFgPRaeADCldw5paKniHp1B-cZyD9-AGUxHiiKUd51J376dj4Z3mxry2A0Pd4PODBKO15Mn4Uc
jq: error (at <stdin>:0) (not a string): {"result":false,"data":"400001","count":0,"errorMessage":"活动太火爆，还是去买买买吧"}

real	0m0.395s
user	0m0.125s
sys	0m0.109s
03/02/21 00:30:23 442449700  1614616223 secretPin: 
[WARN] get secretPin error

03/02/21 00:30:23 511468600  1614616223 移动签到泉林本色京东自营旗舰店
curl: (6) Could not resolve host: lzkj-isv.isvjcloud.com

real	0m0.164s
user	0m0.016s
sys	0m0.078s
03/02/21 00:30:24 386724400 1614616224

real	0m1.433s
user	0m0.000s
sys	0m0.031s

real	0m0.361s
user	0m0.016s
sys	0m0.078s
lzkj-isv.isvjcloud.com	FALSE	/	FALSE	1614616826	LZ_TOKEN_VALUE	B0oH3vDY2bhHWuKbVaJ+XQ==
lzkj-isv.isvjcloud.com	FALSE	/	FALSE	1614616826	LZ_TOKEN_KEY	lztokenpage6856278245a04472a93e7cfc09ec810f
03/02/21 00:30:26 244464400  1614616226
use wskey

real	0m0.195s
user	0m0.094s
sys	0m0.125s
03/02/21 00:30:26 459424500  1614616226 token: AAFgPRaiADAB1Yc5R27UW0TkPWG_ovbm39mfy8s6v3Emm-cuhtRYaKgYJXx5fxzBsVjunKgra-k
jq: error (at <stdin>:0) (not a string): {"result":false,"data":"400001","count":0,"errorMessage":"活动太火爆，还是去买买买吧"}

real	0m0.291s
user	0m0.078s
sys	0m0.063s
03/02/21 00:30:26 778149600  1614616226 secretPin: 
[WARN] get secretPin error

03/02/21 00:30:26 793073300  1614616226 移动签到泉林本色京东自营旗舰店

real	0m0.175s
user	0m0.031s
sys	0m0.063s
{
  "msg": "很抱歉，奖品与您擦肩而过了哟，关注下其他活动吧~",
  "code": "AUTH.FAILED.VALID",
  "isOk": false
}
03/02/21 00:30:27 432281100 1614616227

real	0m1.634s
user	0m0.000s
sys	0m0.031s

real	0m0.249s
user	0m0.016s
sys	0m0.109s
lzkj-isv.isvjcloud.com	FALSE	/	FALSE	1614616829	LZ_TOKEN_VALUE	B0oH3vDY2bhHWuKbVaJ+XQ==
lzkj-isv.isvjcloud.com	FALSE	/	FALSE	1614616829	LZ_TOKEN_KEY	lztokenpage51a1e8c989674d1d833e70d5ccbe390e
03/02/21 00:30:29 385666300  1614616229
use wskey

real	0m0.184s
user	0m0.078s
sys	0m0.125s
03/02/21 00:30:29 592174400  1614616229 token: AAFgPRalADBlyIpc0trZ5pnm7uLndg-iOCTyJJ2FhqIVcHOnGBqXg5RRFP6lAEvCubHJ9SLKLRM
jq: error (at <stdin>:0) (not a string): {"result":false,"data":"400001","count":0,"errorMessage":"活动太火爆，还是去买买买吧"}

real	0m0.328s
user	0m0.109s
sys	0m0.125s
03/02/21 00:30:29 943215700  1614616229 secretPin: 
[WARN] get secretPin error

03/02/21 00:30:29 959986500  1614616229 移动签到泉林本色京东自营旗舰店

real	0m0.176s
user	0m0.031s
sys	0m0.063s
{
  "msg": "很抱歉，奖品与您擦肩而过了哟，关注下其他活动吧~",
  "code": "AUTH.FAILED.VALID",
  "isOk": false
}
03/02/21 00:30:30 716024100 1614616230

real	0m1.850s
user	0m0.000s
sys	0m0.016s

real	0m0.216s
user	0m0.031s
sys	0m0.063s
lzkj-isv.isvjcloud.com	FALSE	/	FALSE	1614616832	LZ_TOKEN_VALUE	B0oH3vDY2bhHWuKbVaJ+XQ==
lzkj-isv.isvjcloud.com	FALSE	/	FALSE	1614616832	LZ_TOKEN_KEY	lztokenpage284918b4949844509233ba147971f49c
03/02/21 00:30:32 821197100  1614616232
use wskey

real	0m0.159s
user	0m0.078s
sys	0m0.063s
03/02/21 00:30:33 005362700  1614616233 token: AAFgPRaoADCXcJpgoGZN_4p8g4TCvIHW9dj-HHsPForxzfhrVMApXy0oL2_VVAp146vhnlFSiuM
jq: error (at <stdin>:0) (not a string): {"result":false,"data":"400001","count":0,"errorMessage":"活动太火爆，还是去买买买吧"}

real	0m0.294s
user	0m0.078s
sys	0m0.078s
03/02/21 00:30:33 326256900  1614616233 secretPin: 
[WARN] get secretPin error

03/02/21 00:30:33 347378900  1614616233 移动签到泉林本色京东自营旗舰店

real	0m0.192s
user	0m0.031s
sys	0m0.078s
parse error: Invalid numeric literal at line 1, column 10
parse error: Invalid numeric literal at line 1, column 10
parse error: Invalid numeric literal at line 1, column 10
parse error: Invalid numeric literal at line 1, column 10
parse error: Invalid numeric literal at line 1, column 10
03/02/21 00:30:34 233269500 1614616234

real	0m2.095s
user	0m0.000s
sys	0m0.047s

real	0m0.812s
user	0m0.000s
sys	0m0.094s
lzkj-isv.isvjcloud.com	FALSE	/	FALSE	1614616837	LZ_TOKEN_VALUE	B0oH3vDY2bhHWuKbVaJ+XQ==
lzkj-isv.isvjcloud.com	FALSE	/	FALSE	1614616837	LZ_TOKEN_KEY	lztokenpagee7da5ee69ec9443686144590b450f51c
03/02/21 00:30:37 182756200  1614616237
use wskey

real	0m0.179s
user	0m0.109s
sys	0m0.078s
03/02/21 00:30:37 381426600  1614616237 token: AAFgPRatADB1yvhZkEroonk4_0SWjBM0SHbCI42kcbVBwDnzISKEDUzlbdQm04kx66cmqd4D4j4
jq: error (at <stdin>:0) (not a string): {"result":false,"data":"400001","count":0,"errorMessage":"活动太火爆，还是去买买买吧"}

real	0m0.314s
user	0m0.094s
sys	0m0.047s
03/02/21 00:30:37 720193100  1614616237 secretPin: 
[WARN] get secretPin error

03/02/21 00:30:37 747077900  1614616237 移动签到泉林本色京东自营旗舰店

real	0m0.204s
user	0m0.031s
sys	0m0.078s
parse error: Invalid numeric literal at line 1, column 10
parse error: Invalid numeric literal at line 1, column 10
parse error: Invalid numeric literal at line 1, column 10
parse error: Invalid numeric literal at line 1, column 10
parse error: Invalid numeric literal at line 1, column 10
03/02/21 00:30:38 491932000 1614616238

real	0m2.262s
user	0m0.000s
sys	0m0.047s

real	0m0.195s
user	0m0.031s
sys	0m0.047s
lzkj-isv.isvjcloud.com	FALSE	/	FALSE	1614616840	LZ_TOKEN_VALUE	B0oH3vDY2bhHWuKbVaJ+XQ==
lzkj-isv.isvjcloud.com	FALSE	/	FALSE	1614616840	LZ_TOKEN_KEY	lztokenpageaf40de4755074877820d506b10bf6b44
03/02/21 00:30:41 002627800  1614616241
use wskey

real	0m0.189s
user	0m0.125s
sys	0m0.094s
03/02/21 00:30:41 241417300  1614616241 token: AAFgPRaxADA3lzMr7ovrhji9pRGwTbF-SN1XrgtLyFHopFluYsZy5DOIZiTwHyylHg_DjcBsH-w
jq: error (at <stdin>:0) (not a string): {"result":false,"data":"400001","count":0,"errorMessage":"活动太火爆，还是去买买买吧"}

real	0m0.375s
user	0m0.078s
sys	0m0.109s
03/02/21 00:30:41 702477100  1614616241 secretPin: 
[WARN] get secretPin error

03/02/21 00:30:41 751237400  1614616241 移动签到泉林本色京东自营旗舰店

real	0m0.217s
user	0m0.016s
sys	0m0.094s
parse error: Invalid numeric literal at line 1, column 10
parse error: Invalid numeric literal at line 1, column 10
parse error: Invalid numeric literal at line 1, column 10
parse error: Invalid numeric literal at line 1, column 10
parse error: Invalid numeric literal at line 1, column 10
03/02/21 00:30:42 749640200 1614616242

real	0m2.466s
user	0m0.000s
sys	0m0.047s

real	0m0.241s
user	0m0.047s
sys	0m0.047s
lzkj-isv.isvjcloud.com	FALSE	/	FALSE	1614616845	LZ_TOKEN_VALUE	B0oH3vDY2bhHWuKbVaJ+XQ==
lzkj-isv.isvjcloud.com	FALSE	/	FALSE	1614616845	LZ_TOKEN_KEY	lztokenpagee3fc7a0ec0f9404db6e9b0f8728f93f5
03/02/21 00:30:45 537010200  1614616245
use wskey

real	0m0.191s
user	0m0.094s
sys	0m0.094s
03/02/21 00:30:45 750578300  1614616245 token: AAFgPRa1ADCR1oTE1AC6OWssExdgAR2awoeO1M2sLSRlRmgaJv4gQVSiPPHuyKYeQEl-sZmQYW0
jq: error (at <stdin>:0) (not a string): {"result":false,"data":"400001","count":0,"errorMessage":"活动太火爆，还是去买买买吧"}

real	0m0.311s
user	0m0.109s
sys	0m0.109s
03/02/21 00:30:46 080504900  1614616246 secretPin: 
[WARN] get secretPin error

03/02/21 00:30:46 097044600  1614616246 移动签到泉林本色京东自营旗舰店

real	0m0.141s
user	0m0.000s
sys	0m0.078s
parse error: Invalid numeric literal at line 1, column 10
parse error: Invalid numeric literal at line 1, column 10
parse error: Invalid numeric literal at line 1, column 10
parse error: Invalid numeric literal at line 1, column 10
parse error: Invalid numeric literal at line 1, column 10
03/02/21 00:30:47 102499100 1614616247

real	0m2.646s
user	0m0.000s
sys	0m0.031s

real	0m0.198s
user	0m0.016s
sys	0m0.094s
lzkj-isv.isvjcloud.com	FALSE	/	FALSE	1614616849	LZ_TOKEN_VALUE	B0oH3vDY2bhHWuKbVaJ+XQ==
lzkj-isv.isvjcloud.com	FALSE	/	FALSE	1614616849	LZ_TOKEN_KEY	lztokenpage6cd1e7983f5747f5b6a9bf0961838d26
03/02/21 00:30:49 987020400  1614616249
use wskey

real	0m0.131s
user	0m0.063s
sys	0m0.078s
03/02/21 00:30:50 133580800  1614616250 token: AAFgPRa6ADB20HkVwSQSyjTAe41frCTKYd-vey2Pq_Iq5YL6gOq3J3mEE-n2FOHoArtroWLJxfM
jq: error (at <stdin>:0) (not a string): {"result":false,"data":"400001","count":0,"errorMessage":"活动太火爆，还是去买买买吧"}

real	0m0.300s
user	0m0.094s
sys	0m0.063s
03/02/21 00:30:50 457192400  1614616250 secretPin: 
[WARN] get secretPin error

03/02/21 00:30:50 477057300  1614616250 移动签到泉林本色京东自营旗舰店

real	0m0.199s
user	0m0.047s
sys	0m0.031s
parse error: Invalid numeric literal at line 1, column 10
parse error: Invalid numeric literal at line 1, column 10
parse error: Invalid numeric literal at line 1, column 10
parse error: Invalid numeric literal at line 1, column 10
parse error: Invalid numeric literal at line 1, column 10
03/02/21 00:30:51 138690300 1614616251

real	0m2.836s
user	0m0.016s
sys	0m0.031s

real	0m0.332s
user	0m0.047s
sys	0m0.063s
lzkj-isv.isvjcloud.com	FALSE	/	FALSE	1614616854	LZ_TOKEN_VALUE	B0oH3vDY2bhHWuKbVaJ+XQ==
lzkj-isv.isvjcloud.com	FALSE	/	FALSE	1614616854	LZ_TOKEN_KEY	lztokenpage5de3f9905133439ca8b7004d8c7a20a0
03/02/21 00:30:54 349837400  1614616254
use wskey

real	0m0.154s
user	0m0.078s
sys	0m0.094s
03/02/21 00:30:54 527493400  1614616254 token: AAFgPRa-ADAZTxp6C0JpUTxhiijjH1Uk_pKA1TEYZ59_jS9cEV0ZDosQgI9Skn4bfYr4tPtozk4
jq: error (at <stdin>:0) (not a string): {"result":false,"data":"400001","count":0,"errorMessage":"活动太火爆，还是去买买买吧"}

real	0m0.278s
user	0m0.078s
sys	0m0.078s
03/02/21 00:30:54 821347600  1614616254 secretPin: 
[WARN] get secretPin error

03/02/21 00:30:54 836165200  1614616254 移动签到泉林本色京东自营旗舰店

real	0m0.110s
user	0m0.031s
sys	0m0.078s
parse error: Invalid numeric literal at line 1, column 10
parse error: Invalid numeric literal at line 1, column 10
parse error: Invalid numeric literal at line 1, column 10
parse error: Invalid numeric literal at line 1, column 10
parse error: Invalid numeric literal at line 1, column 10
03/02/21 00:30:55 534603100 1614616255

real	0m3.086s
user	0m0.000s
sys	0m0.047s

real	0m0.231s
user	0m0.016s
sys	0m0.109s
lzkj-isv.isvjcloud.com	FALSE	/	FALSE	1614616858	LZ_TOKEN_VALUE	B0oH3vDY2bhHWuKbVaJ+XQ==
lzkj-isv.isvjcloud.com	FALSE	/	FALSE	1614616858	LZ_TOKEN_KEY	lztokenpage7a912a3ed1b543619d32d94d809b64ae
03/02/21 00:30:58 904215300  1614616258
use wskey

real	0m0.162s
user	0m0.094s
sys	0m0.063s
03/02/21 00:30:59 091122400  1614616259 token: AAFgPRbDADAWoGy57RXVX3MgPTZtbCuu4AL_AkaxwgktPDQ5itUJeC80WhCyCOXFdr4x9pzq7oY
jq: error (at <stdin>:0) (not a string): {"result":false,"data":"400001","count":0,"errorMessage":"活动太火爆，还是去买买买吧"}

real	0m0.389s
user	0m0.078s
sys	0m0.094s
03/02/21 00:30:59 500299300  1614616259 secretPin: 
[WARN] get secretPin error

03/02/21 00:30:59 516689000  1614616259 移动签到泉林本色京东自营旗舰店

real	0m0.122s
user	0m0.031s
sys	0m0.063s
parse error: Invalid numeric literal at line 1, column 10
parse error: Invalid numeric literal at line 1, column 10
parse error: Invalid numeric literal at line 1, column 10
parse error: Invalid numeric literal at line 1, column 10
parse error: Invalid numeric literal at line 1, column 10
03/02/21 00:31:00 074140100 1614616260

real	0m3.240s
user	0m0.000s
sys	0m0.031s

real	0m0.177s
user	0m0.000s
sys	0m0.094s
lzkj-isv.isvjcloud.com	FALSE	/	FALSE	1614616863	LZ_TOKEN_VALUE	B0oH3vDY2bhHWuKbVaJ+XQ==
lzkj-isv.isvjcloud.com	FALSE	/	FALSE	1614616863	LZ_TOKEN_KEY	lztokenpage2c24e72ece4f4667b67e242a90bb9666
03/02/21 00:31:03 534901200  1614616263
use wskey

real	0m0.133s
user	0m0.063s
sys	0m0.094s
03/02/21 00:31:03 684363700  1614616263 token: AAFgPRbHADA3R2TLptCcT4xPYQ29-oFKnQ1dV_uQQ0H6rvcwZ-yMqWH5LTG0dLGddj9NqkTpTHw
jq: error (at <stdin>:0) (not a string): {"result":false,"data":"400001","count":0,"errorMessage":"活动太火爆，还是去买买买吧"}

real	0m0.291s
user	0m0.094s
sys	0m0.125s
03/02/21 00:31:03 993457100  1614616263 secretPin: 
[WARN] get secretPin error

03/02/21 00:31:04 012810600  1614616264 移动签到泉林本色京东自营旗舰店

real	0m0.208s
user	0m0.047s
sys	0m0.078s
{
  "msg": "很抱歉，奖品与您擦肩而过了哟，关注下其他活动吧~",
  "code": "AUTH.FAILED.VALID",
  "isOk": false
}
03/02/21 00:31:04 631395900 1614616264

real	0m3.432s
user	0m0.000s
sys	0m0.031s

real	0m0.208s
user	0m0.047s
sys	0m0.031s
lzkj-isv.isvjcloud.com	FALSE	/	FALSE	1614616868	LZ_TOKEN_VALUE	B0oH3vDY2bhHWuKbVaJ+XQ==
lzkj-isv.isvjcloud.com	FALSE	/	FALSE	1614616868	LZ_TOKEN_KEY	lztokenpage0e8a8af1aeed4085916d1c1035baf5a9
03/02/21 00:31:08 329999800  1614616268
use wskey

real	0m0.254s
user	0m0.078s
sys	0m0.125s
03/02/21 00:31:08 597032900  1614616268 token: AAFgPRbMADDETfekWI03ByY8Hmsn715uZR05xdnyKT1vy8WlqcBkp3enaaOTKe6OO3zMt_IN7x8
jq: error (at <stdin>:0) (not a string): {"result":false,"data":"400001","count":0,"errorMessage":"活动太火爆，还是去买买买吧"}

real	0m0.279s
user	0m0.078s
sys	0m0.109s
03/02/21 00:31:08 890582200  1614616268 secretPin: 
[WARN] get secretPin error

03/02/21 00:31:08 906224700  1614616268 移动签到泉林本色京东自营旗舰店

real	0m0.150s
user	0m0.000s
sys	0m0.094s
{
  "msg": "很抱歉，奖品与您擦肩而过了哟，关注下其他活动吧~",
  "code": "AUTH.FAILED.VALID",
  "isOk": false
}
03/02/21 00:31:09 435119000 1614616269

real	0m3.687s
user	0m0.000s
sys	0m0.047s

real	0m0.232s
user	0m0.063s
sys	0m0.063s
lzkj-isv.isvjcloud.com	FALSE	/	FALSE	1614616873	LZ_TOKEN_VALUE	B0oH3vDY2bhHWuKbVaJ+XQ==
lzkj-isv.isvjcloud.com	FALSE	/	FALSE	1614616873	LZ_TOKEN_KEY	lztokenpagef24af7454521428f8253d25d4a22eac7
03/02/21 00:31:13 414436700  1614616273
use wskey

real	0m0.133s
user	0m0.047s
sys	0m0.094s
03/02/21 00:31:13 563103800  1614616273 token: AAFgPRbRADBhC__inKYIOAQnEwvuAl1qZdKWxpagwF5cTYxiSw5b-yUDSgZTFEV5V4g12Atv82U
jq: error (at <stdin>:0) (not a string): {"result":false,"data":"400001","count":0,"errorMessage":"活动太火爆，还是去买买买吧"}

real	0m0.279s
user	0m0.063s
sys	0m0.109s
03/02/21 00:31:13 875631400  1614616273 secretPin: 
[WARN] get secretPin error

03/02/21 00:31:13 895279800  1614616273 移动签到泉林本色京东自营旗舰店

real	0m0.197s
user	0m0.000s
sys	0m0.109s
{
  "msg": "很抱歉，奖品与您擦肩而过了哟，关注下其他活动吧~",
  "code": "AUTH.FAILED.VALID",
  "isOk": false
}
03/02/21 00:31:14 512602100 1614616274

real	0m3.834s
user	0m0.000s
sys	0m0.031s
curl: (6) Could not resolve host: lzkj-isv.isvjcloud.com

real	0m0.103s
user	0m0.016s
sys	0m0.063s
[WARN] get LZ_TOKEN error
03/02/21 00:31:18 486338500  1614616278
use wskey

real	0m0.147s
user	0m0.063s
sys	0m0.125s
03/02/21 00:31:18 649702500  1614616278 token: AAFgPRbWADDYCYaS_TxDRvTVKm3j3w9Xa-NaTbiRyd_JS7x5KNAA7hqFzGQ6qK80FMf-s08nWlc

real	0m0.178s
user	0m0.109s
sys	0m0.094s
03/02/21 00:31:18 845442300  1614616278 secretPin: 
[WARN] get secretPin error

03/02/21 00:31:18 863626700  1614616278 移动签到泉林本色京东自营旗舰店

real	0m0.186s
user	0m0.000s
sys	0m0.094s
03/02/21 00:31:19 632832800 1614616279

real	0m4.046s
user	0m0.000s
sys	0m0.031s
03/02/21 00:31:38 776297600  1614616298
签到失败. 写入失败的giftName: 

***********************************************
7天签到 第  天
当天签到奖励 []
***********************************************

移动签到泉林本色京东自营旗舰店查看结果, 活动规则


#店铺名称
vendername="泉林本色京东自营旗舰店"
#店铺激活码
actId="1e5cac4ad760485d931141412c9fab0c"
#店铺id
venderId="1000001906"
#长链接
url="https://lzkj-isv.isvjcloud.com/sign/sevenDay/signActivity?activityId=1e5cac4ad760485d931141412c9fab0c&venderId=1000001906&adsource=tg_xuanFuTuBiao"

startTime=1612496160
endTime=1614483360
# 活动时间：2021-02-05 11:36 - 2021-02-28 11:36；
# 奖励说明：
actRule="
7天签到
连续签到1天：5店铺积分
连续签到2天：10元优惠券
连续签到3天：20店铺积分
连续签到4天：1京豆
连续签到5天：2京豆
连续签到6天：3京豆
连续签到7天：5京豆
"
#赵 122294312-396444 sign_res
sign_num="5"
giftName=""2京豆""
giftRes="ok"
giftDate="20210301"
sign_res_info="7天签到 第 5 天
当天签到奖励 ["2京豆"]"
#赵 122294312-396444 sign_res_end
#王 1309893722-164885 sign_res
sign_num="5"
giftName=""1京豆""
giftRes="ok"
giftDate="20210301"
sign_res_info="7天签到 第 5 天
当天签到奖励 ["1京豆"]"
#王 1309893722-164885 sign_res_end
#肥鹅 jd_4d651d9e48204 sign_res
sign_num="5"
giftName=""1京豆""
giftRes="ok"
giftDate="20210301"
sign_res_info="7天签到 第 5 天
当天签到奖励 ["1京豆"]"
#肥鹅 jd_4d651d9e48204 sign_res_end
#移动 jd_OeTNobRVGiNZ sign_res
sign_num=""
giftName=""
giftRes=""
giftDate="20210302"
sign_res_info="7天签到 第  天
当天签到奖励 []"
#移动 jd_OeTNobRVGiNZ sign_res_end
