02/21/21 00:02:06 185085700  1613836926
RANDOM_num: 5
removed '/tmp/tmp.DYly6Afwmz'
02/21/21 00:02:07 501337800  1613836927
赵 今天已经签到过. 签到结果: ok  giftDate: 20210221
***********************************************

2021/02/19_08:00:00  [已~签~到]      
2021/02/20_08:00:00  [已~签~到]      
2021/02/21_08:00:00  [已~签~到]      
当天签到奖励 [2京豆]
连续签到 3 天
签到总天数 3
***********************************************

actId=19902886114648d699f96cc0a6d1e02d
venderId=1000102982
startTime=1612108800000
endTime=1614527999000
# 短链接
suo_url="https://3.cn/10-0UveTY"
actTimeStr="2021-02-01 00:00 至 2021-02-28 23:59"
#店铺名称
vendername="科赋京东自营旗舰店"
# 长链接
url=https://lzkj-isv.isvjcloud.com/sign/signActivity2?activityId=19902886114648d699f96cc0a6d1e02d&venderId=1000102982&adsource=tg_xuanFuTuBiao
# 活动时间：2021.02.01 00:00:00 - 2021.02.28 23:59:59
# 奖励说明：
actRule="
连续签到3天：2京豆 2京豆
连续签到7天：5京豆 5京豆
连续签到15天：8京豆 8京豆
"
#赵 122294312-396444 sign_res
sign_res="
signTime=1613692800;signed=2
signTime=1613779200;signed=2
signTime=1613865600;signed=2"
sign_num="3"
sign_total_num="3"
giftName=""2京豆""
giftRes="ok"
giftDate="20210221"
sign_res_info="
2021/02/19_08:00:00  [已~签~到]      
2021/02/20_08:00:00  [已~签~到]      
2021/02/21_08:00:00  [已~签~到]      
当天签到奖励 ["2京豆"]
连续签到 3 天
签到总天数 3"
#赵 122294312-396444 sign_res_end
#王 1309893722-164885 sign_res
sign_res="
signTime=1613692800;signed=2
signTime=1613779200;signed=2
signTime=1613865600;signed=2"
sign_num="3"
sign_total_num="3"
giftName=""2京豆""
giftRes="ok"
giftDate="20210221"
sign_res_info="
2021/02/19_08:00:00  [已~签~到]      
2021/02/20_08:00:00  [已~签~到]      
2021/02/21_08:00:00  [已~签~到]      
当天签到奖励 ["2京豆"]
连续签到 3 天
签到总天数 3"
#王 1309893722-164885 sign_res_end
#移动 jd_OeTNobRVGiNZ sign_res
sign_res="
signTime=1613692800;signed=2
signTime=1613779200;signed=2
signTime=1613865600;signed=2"
sign_num="3"
sign_total_num="3"
giftName=""2京豆""
giftRes="ok"
giftDate="20210221"
sign_res_info="
2021/02/19_08:00:00  [已~签~到]      
2021/02/20_08:00:00  [已~签~到]      
2021/02/21_08:00:00  [已~签~到]      
当天签到奖励 ["2京豆"]
连续签到 3 天
签到总天数 3"
#移动 jd_OeTNobRVGiNZ sign_res_end
#肥鹅 jd_4d651d9e48204 sign_res
sign_res="
signTime=1613692800;signed=2
signTime=1613779200;signed=2
signTime=1613865600;signed=2"
sign_num="3"
sign_total_num="3"
giftName=""2京豆""
giftRes="ok"
giftDate="20210221"
sign_res_info="
2021/02/19_08:00:00  [已~签~到]      
2021/02/20_08:00:00  [已~签~到]      
2021/02/21_08:00:00  [已~签~到]      
当天签到奖励 ["2京豆"]
连续签到 3 天
签到总天数 3"
#肥鹅 jd_4d651d9e48204 sign_res_end
