02/25/21 00:02:04 715018700  1614182524
RANDOM_num: 45
removed '/tmp/tmp.CJugCNpMLJ'
02/25/21 00:02:05 877932200  1614182525 æ£€æŸ¥ç‹ç­¾åˆ°

real	0m0.546s
user	0m0.031s
sys	0m0.063s
lzkj-isv.isvjcloud.com	FALSE	/	FALSE	1614183126	LZ_TOKEN_VALUE	B0oH3vDY2bhHWuKbVaJ+XQ==
lzkj-isv.isvjcloud.com	FALSE	/	FALSE	1614183126	LZ_TOKEN_KEY	lztokenpage5dae5aadcba84403b016d7998a6b29f9
02/25/21 00:02:07 110774900  1614182527
use pt_key

real	0m0.276s
user	0m0.094s
sys	0m0.094s
02/25/21 00:02:07 439343500  1614182527 token: AAFgNnh_ADB7FYuQyJ4Mff_8BIBHvfScjXhG6grU2U3x-8z9OXrAn4g3HjSFlp9FGbdAfP8njq0

real	0m0.426s
user	0m0.078s
sys	0m0.109s
02/25/21 00:02:07 909568000  1614182527 secretPin: 8zfoIjWIu/DcpxQNzAV7/oVPSWy1B8D+G4s+fJIFDfWHSnwnXFQKK9yQco/OGmHebU48Dr07k+7+k1UaXRbZKg==

02/25/21 00:02:07 938707200  1614182527 ç‹ç­¾åˆ°ç§‘èµ‹äº¬ä¸œè‡ªè¥æ——èˆ°åº—

real	0m1.995s
user	0m0.000s
sys	0m0.109s
{
  "msg": "å½“å¤©åªèƒ½ç­¾åˆ°ä¸€æ¬¡",
  "isOk": false
}
"å½“å¤©åªèƒ½ç­¾åˆ°ä¸€æ¬¡"
02/25/21 00:02:10 728287600 1614182530
02/25/21 00:02:10 757018000 1614182530 ç­¾åˆ°ç§‘èµ‹äº¬ä¸œè‡ªè¥æ——èˆ°åº—å®Œæˆ
02/25/21 00:04:25 880551700  1614182665
false
é‡å¤ç­¾åˆ°. è½½å…¥ä¹‹å‰ç­¾åˆ°çš„giftName: "5äº¬è±†"
parse error: Invalid numeric literal at line 1, column 10
parse error: Invalid numeric literal at line 1, column 10

***********************************************

å½“å¤©ç­¾åˆ°å¥–åŠ± ["5äº¬è±†"]
è¿ç»­ç­¾åˆ°  å¤©
ç­¾åˆ°æ€»å¤©æ•° 
***********************************************

ç‹ç­¾åˆ°ç§‘èµ‹äº¬ä¸œè‡ªè¥æ——èˆ°åº—æŸ¥çœ‹ç»“æœ
<!DOCTYPE html>
<html>
 <head> 
  <title>äº¬ä¸œ</title> 
  <meta charset="utf-8" /> 
  <meta name="apple-mobile-web-app-capable" content="yes" /> 
  <meta name="viewport" content="width=device-width,initial-scale=1,user-scalable=no,maximum-scale=1,viewport-fit=cover" /> 
  <meta name="format-detection" content="telephone=no" /> 
  <meta name="x5-cache" content="enable" /> 
  <link rel="stylesheet" href="https://storage.360buyimg.com/babel/00162638/333378/production/dev/parser.1526555535098.css?t=20180517191236" /> 
  <style> img {
            opacity: 1 !important;
        } </style> 
  <link href="https://storage.360buyimg.com/babel/00170893/348321/production/dev/index.7320a380.css?t=20180802150952" rel="stylesheet" />
 </head> 
 <body style="background:#fff;" id="root"> 
  <div class="errorPage"> 
  </div> 
  <div class="placeholer"> 
  </div> 
  <script src="https://wl.jd.com/unify.min.js"></script> 
  <script type="text/javascript" src="https://storage.360buyimg.com/babel/00170893/348321/production/dev/index.0f8f4dba.js?t=20180802150952"></script> 
 </body>
</html>

parse error: Invalid numeric literal at line 1, column 10
[0;31;3mRUN  at {280:<--} ERROR CODE: 4[0m [0;31;3m[20210225 00:04:26] [ERROR] [0m

