02/25/21 00:00:04 277560700  1614182404
RANDOM_num: 20
force to sign

real	0m1.071s
user	0m0.031s
sys	0m0.078s
lzkj-isv.isvjcloud.com	FALSE	/	FALSE	1614183006	LZ_TOKEN_VALUE	B0oH3vDY2bhHWuKbVaJ+XQ==
lzkj-isv.isvjcloud.com	FALSE	/	FALSE	1614183006	LZ_TOKEN_KEY	lztokenpage8c2e14b33fab44a3b0eae4b75a213961
02/25/21 00:00:07 786395700  1614182407
use pt_key

real	0m1.144s
user	0m0.109s
sys	0m0.125s
02/25/21 00:00:09 148354700  1614182409 token: AAFgNngIADBXpmaF1u9FgKucBtHQIYl1-ghOoVNFXAjbg5m8rca0CNraCR89xFwk3AcPztemMtw

real	0m0.856s
user	0m0.125s
sys	0m0.078s
02/25/21 00:00:10 295711400  1614182410 secretPin: 4YEv+ri88IbQX5lhoqHrzE7oeVP9kq2pYSH90mYt4m3fwcJlClpxrfmVYaGKuquQkdK3rLBQpEQH9V4tdrrh0w==

02/25/21 00:00:10 766160800  1614182410 肥鹅签到Kendall康度京东自营专区

real	0m1.378s
user	0m0.047s
sys	0m0.078s
{
  "msg": "",
  "signResult": {
    "key": null,
    "giftLogId": "e8d07230a0f14c20aad6087c8d634e07",
    "gift": null,
    "send": null
  },
  "isOk": true,
  "isSend": null
}
true
02/25/21 00:00:14 317998900 1614182414
02/25/21 00:00:14 462551900 1614182414 签到Kendall康度京东自营专区完成
02/25/21 00:01:15 022165500  1614182475
true
首次签到成功. 写入giftName: null

***********************************************
7天签到 第 0 天
当天签到奖励 [null]
***********************************************

肥鹅签到Kendall康度京东自营专区查看结果, 活动规则
{"giftConditions":[{"gift":{"giftInfoId":null,"giftName":"20店铺积分","venderId":null,"giftType":"9","type":0,"shortLink":"","orginLink":null,"activityId":null,"giftResidue":null,"commonAddAwardVO":null,"name":null,"id":"20","activityType":null},"imgUrl":"","giftInfoId":"2f01bbb432ab45d6b3bc9dc0651ac247","dayNum":"1","showType":"0"},{"gift":{"giftInfoId":null,"giftName":"50店铺积分","venderId":null,"giftType":"9","type":0,"shortLink":"","orginLink":null,"activityId":null,"giftResidue":null,"commonAddAwardVO":null,"name":null,"id":"50","activityType":null},"imgUrl":"","giftInfoId":"481896f4b47b422b904469c3193189bb","dayNum":"2","showType":"0"},{"gift":{"giftInfoId":null,"giftName":"50店铺积分","venderId":null,"giftType":"9","type":0,"shortLink":"","orginLink":null,"activityId":null,"giftResidue":null,"commonAddAwardVO":null,"name":null,"id":"50","activityType":null},"imgUrl":"","giftInfoId":"ef2b15145b7f4cb19f678fe9ca4d389d","dayNum":"3","showType":"0"},{"gift":{"giftInfoId":null,"giftName":"50店铺积分","venderId":null,"giftType":"9","type":0,"shortLink":"","orginLink":null,"activityId":null,"giftResidue":null,"commonAddAwardVO":null,"name":null,"id":"50","activityType":null},"imgUrl":"","giftInfoId":"b6c3df35e9b54021860a30a59031cab6","dayNum":"4","showType":"0"},{"gift":{"giftInfoId":null,"giftName":"50店铺积分","venderId":null,"giftType":"9","type":0,"shortLink":"","orginLink":null,"activityId":null,"giftResidue":null,"commonAddAwardVO":null,"name":null,"id":"50","activityType":null},"imgUrl":"","giftInfoId":"4c9806b581064145a5a11bb852ee827e","dayNum":"5","showType":"0"},{"gift":{"giftInfoId":null,"giftName":"2京豆","venderId":null,"giftType":"6","type":0,"shortLink":"","orginLink":null,"activityId":null,"giftResidue":null,"commonAddAwardVO":null,"name":null,"id":"1069221","activityType":null},"imgUrl":"","giftInfoId":"6995fc76276d43d3b8c5b84e101f6de4","dayNum":"6","showType":"0"},{"gift":{"giftInfoId":null,"giftName":"5京豆","venderId":null,"giftType":"6","type":0,"shortLink":"","orginLink":null,"activityId":null,"giftResidue":null,"commonAddAwardVO":null,"name":null,"id":"1069221","activityType":null},"imgUrl":"","giftInfoId":"01e94c2d506848fbb834aa5f15664267","dayNum":"7","showType":"0"}],"msg":"","isOk":true,"isOver":"y","contiSignDays":0,"actRule":"1、活动时间：2021-02-03 16:32 - 2021-03-05 16:32；
2、关注店铺后方可参与活动；
3、符合连续签到赠送条件，则有机会赠送连续签到奖品；
4、签到7天后不能再参加；
5、第1天签到，有机会赠送20店铺积分；
6、第2天签到，有机会赠送50店铺积分；
7、第3天签到，有机会赠送50店铺积分；
8、第4天签到，有机会赠送50店铺积分；
9、第5天签到，有机会赠送50店铺积分；
10、第6天签到，有机会赠送2京豆；
11、第7天签到，有机会赠送5京豆；
12、签到成功后有机会获得奖品，也有可能会与奖品擦肩而过（奖品数量有限，先到先得）；
13、若用户存在刷奖等恶意行为，一经发现将取消抽奖资格（如奖品已经发放，有权追回奖品）；
注：奖品发放形式：
实物奖：
（1）中奖客户信息收集：页面弹屏提示中奖客户提供收货地址、号码和奖项；(超过1小时未填写对应收货信息，视为放弃);
（2）实物奖采取寄送方式发放，获奖用户需在开奖后填写姓名、联系电话、详细地址信息。如因用户原因无法联系上，即奖品作废不再补发，或如用户未填写真实有效的信息或填写收货信息不详，均视为放弃奖品；
虚拟产品奖：
（1）京豆：中奖后系统预计24小时内自动发放至账户；
（2）优惠券：中奖后需手动领取，预计24小时到账；
【活动参与主体资格】
（1）每位自然人用户仅能使用一个京东账号参与活动，微信号、QQ、京东帐号、手机号码等任一信息一致或指向同一用户的，视为同一个用户，则第一个参与本活动的账号参与结果有效，其余账号参与结果均视为无效。
（2）若发现同一位用户使用不同账号重复参与活动，承办方有权取消其获奖资格。
【注意事项】
（1）活动过程中，凡以不正当手段（如作弊领取、恶意套取、刷信誉、虚假交易、扰乱系统、实施网络攻击等）参与本次活动的用户，商家有权终止其参与活动，并取消其获奖资格（如奖品已发放，商家有权追回），如给商家造成损失的，商家将保留向违规用户继续追索的权利。
（2）如遇不可抗力(包括但不限于重大灾害事件、活动受政府机关指令需要停止举办或调整的、活动中存在大面积作弊行为、活动遭受严重网络攻击或因系统故障导致活动中奖名单大批量出错，活动不能正常进行的)，商家有权取消、修改或暂停本活动。
（3）本活动所发放的实物奖不得提现、不得转赠他人、不得为他人付款。
（4）是否中奖以活动发布者后台统计结果为准。
","followDays":1,"isSign":"y"}

#店铺名称
vendername="Kendall康度京东自营专区"
#店铺激活码
actId="cd7a717f17914fda93377be959493730"
#店铺id
venderId="1000103167"
#长链接
url="https://lzkj-isv.isvjcloud.com/sign/sevenDay/signActivity?activityId=cd7a717f17914fda93377be959493730&venderId=1000103167&adsource=tg_xuanFuTuBiao"

startTime=1612341120
endTime=1614933120
# 活动时间：2021-02-03 16:32 - 2021-03-05 16:32；
# 奖励说明：
actRule="
7天签到
连续签到1天：20店铺积分
连续签到2天：50店铺积分
连续签到3天：50店铺积分
连续签到4天：50店铺积分
连续签到5天：50店铺积分
连续签到6天：2京豆
连续签到7天：5京豆
"
#移动 jd_OeTNobRVGiNZ sign_res
sign_num="6"
giftName=""2京豆""
giftRes="ok"
giftDate="20210224"
sign_res_info="7天签到 第 6 天
当天签到奖励 ["2京豆"]"
#移动 jd_OeTNobRVGiNZ sign_res_end
#赵 122294312-396444 sign_res
sign_num="0"
giftName="null"
giftRes="ok"
giftDate="20210225"
sign_res_info="7天签到 第 0 天
当天签到奖励 [null]"
#赵 122294312-396444 sign_res_end
#王 1309893722-164885 sign_res
sign_num="0"
giftName="null"
giftRes="ok"
giftDate="20210225"
sign_res_info="7天签到 第 0 天
当天签到奖励 [null]"
#王 1309893722-164885 sign_res_end
#肥鹅 jd_4d651d9e48204 sign_res
sign_num="0"
giftName="null"
giftRes="ok"
giftDate="20210225"
sign_res_info="7天签到 第 0 天
当天签到奖励 [null]"
#肥鹅 jd_4d651d9e48204 sign_res_end
