03/13/21 00:00:07 791011900  1615564807
RANDOM_num: 30
force to sign

real	0m1.424s
user	0m0.063s
sys	0m0.063s
lzkj-isv.isvjcloud.com	FALSE	/	FALSE	1615565410	LZ_TOKEN_VALUE	B0oH3vDY2bhHWuKbVaJ+XQ==
lzkj-isv.isvjcloud.com	FALSE	/	FALSE	1615565410	LZ_TOKEN_KEY	lztokenpageb48fefbc556c426fb9571520de45812c
03/13/21 00:00:11 221106800  1615564811
use pt_key

real	0m1.152s
user	0m0.094s
sys	0m0.125s
03/13/21 00:00:12 712462400  1615564812 token: AAFgS5ALADBUChc0qNwcB1dJIC8VNZburDtWgaLTPPWDKuGelxEZjDapWqeo59w_RmC_3mrwF5c

real	0m1.737s
user	0m0.031s
sys	0m0.109s
03/13/21 00:00:15 664277000  1615564815 secretPin: 51S2JqsypB/nfj45frYeoU7oeVP9kq2pYSH90mYt4m3fwcJlClpxrfmVYaGKuquQkdK3rLBQpEQH9V4tdrrh0w==

03/13/21 00:00:15 805936000  1615564815 èµµç­¾åˆ°é‡‘å£«é¡¿æ——èˆ°åº—

real	0m0.665s
user	0m0.031s
sys	0m0.094s
parse error: Invalid numeric literal at line 1, column 10
parse error: Invalid numeric literal at line 1, column 10
parse error: Invalid numeric literal at line 1, column 10
parse error: Invalid numeric literal at line 1, column 10
03/13/21 00:00:18 372415300 1615564818

real	0m1.141s
user	0m0.000s
sys	0m0.047s

real	0m0.929s
user	0m0.016s
sys	0m0.109s
[WARN] get LZ_TOKEN error
03/13/21 00:00:21 016934900  1615564821
use pt_key

real	0m0.627s
user	0m0.109s
sys	0m0.109s
03/13/21 00:00:21 836115600  1615564821 token: AAFgS5AUADCx9pbd8nlbBpJo15Lnldz6_JNBW_xx113VyfntasF_9iLHOS671ETCj9vBRylFxfM

real	0m0.409s
user	0m0.000s
sys	0m0.141s
parse error: Invalid numeric literal at line 1, column 10
03/13/21 00:00:22 735146600  1615564822 secretPin: 
[WARN] get secretPin error

03/13/21 00:00:22 834192600  1615564822 èµµç­¾åˆ°é‡‘å£«é¡¿æ——èˆ°åº—

real	0m0.434s
user	0m0.031s
sys	0m0.125s
parse error: Invalid numeric literal at line 1, column 10
parse error: Invalid numeric literal at line 1, column 10
parse error: Invalid numeric literal at line 1, column 10
parse error: Invalid numeric literal at line 1, column 10
03/13/21 00:00:24 313673300 1615564824

real	0m0.710s
user	0m0.000s
sys	0m0.016s

real	0m0.273s
user	0m0.047s
sys	0m0.063s
[WARN] get LZ_TOKEN error
03/13/21 00:00:25 448629700  1615564825
use pt_key

real	0m0.336s
user	0m0.109s
sys	0m0.141s
03/13/21 00:00:25 855962000  1615564825 token: AAFgS5AYADB2lHzb-QY1S_QJ4_SGyqYXhFAPSmlyTM3XZwMKC4lTiFK8Gs0Ouzk6gjfaZszeUMA

real	0m0.311s
user	0m0.031s
sys	0m0.109s
parse error: Invalid numeric literal at line 1, column 10
03/13/21 00:00:26 652328800  1615564826 secretPin: 
[WARN] get secretPin error

03/13/21 00:00:26 734850200  1615564826 èµµç­¾åˆ°é‡‘å£«é¡¿æ——èˆ°åº—

real	0m0.331s
user	0m0.047s
sys	0m0.094s
parse error: Invalid numeric literal at line 1, column 10
parse error: Invalid numeric literal at line 1, column 10
parse error: Invalid numeric literal at line 1, column 10
parse error: Invalid numeric literal at line 1, column 10
03/13/21 00:00:28 429079500 1615564828

real	0m0.887s
user	0m0.016s
sys	0m0.031s

real	0m0.164s
user	0m0.000s
sys	0m0.141s
[WARN] get LZ_TOKEN error
03/13/21 00:00:29 544441600  1615564829
use pt_key

real	0m0.167s
user	0m0.063s
sys	0m0.125s
03/13/21 00:00:29 735357800  1615564829 token: AAFgS5AcADAS6WNZMydmpkrEeqpASgv6gDZUE-ja53y2bN1CH0NOFBueggNHiM862fKdT8WuXpE

real	0m0.167s
user	0m0.000s
sys	0m0.094s
parse error: Invalid numeric literal at line 1, column 10
03/13/21 00:00:30 154694300  1615564830 secretPin: 
[WARN] get secretPin error

03/13/21 00:00:30 231697500  1615564830 èµµç­¾åˆ°é‡‘å£«é¡¿æ——èˆ°åº—

real	0m0.330s
user	0m0.000s
sys	0m0.141s
parse error: Invalid numeric literal at line 1, column 10
parse error: Invalid numeric literal at line 1, column 10
parse error: Invalid numeric literal at line 1, column 10
parse error: Invalid numeric literal at line 1, column 10
03/13/21 00:00:31 409044300 1615564831

real	0m1.035s
user	0m0.000s
sys	0m0.047s

real	0m0.501s
user	0m0.000s
sys	0m0.156s
[WARN] get LZ_TOKEN error
03/13/21 00:00:33 083463500  1615564833
use pt_key

real	0m0.189s
user	0m0.078s
sys	0m0.109s
03/13/21 00:00:33 300230500  1615564833 token: AAFgS5AgADC-OLGatIJSwIS4k4WrG9PkaTRQgNdh1Z2J3A_tIsPNF8Nda5k2s4QbIU0yltw8MJg

real	0m0.222s
user	0m0.031s
sys	0m0.078s
parse error: Invalid numeric literal at line 1, column 10
03/13/21 00:00:33 646691500  1615564833 secretPin: 
[WARN] get secretPin error

03/13/21 00:00:33 668568800  1615564833 èµµç­¾åˆ°é‡‘å£«é¡¿æ——èˆ°åº—

real	0m0.219s
user	0m0.016s
sys	0m0.078s
parse error: Invalid numeric literal at line 1, column 10
parse error: Invalid numeric literal at line 1, column 10
parse error: Invalid numeric literal at line 1, column 10
parse error: Invalid numeric literal at line 1, column 10
03/13/21 00:00:34 538797100 1615564834

real	0m1.278s
user	0m0.016s
sys	0m0.016s

real	0m0.514s
user	0m0.031s
sys	0m0.109s
[WARN] get LZ_TOKEN error
03/13/21 00:00:36 641700000  1615564836
use pt_key

real	0m0.429s
user	0m0.109s
sys	0m0.125s
03/13/21 00:00:37 178821400  1615564837 token: AAFgS5AkADAOnWYsrwT082YL0n5gySDOzD-DC5udrHhCvAYP1drubUtalUKfD0YCN1GpypjpRZg

real	0m0.194s
user	0m0.031s
sys	0m0.109s
parse error: Invalid numeric literal at line 1, column 10
03/13/21 00:00:37 560815300  1615564837 secretPin: 
[WARN] get secretPin error

03/13/21 00:00:37 590978300  1615564837 èµµç­¾åˆ°é‡‘å£«é¡¿æ——èˆ°åº—

real	0m0.175s
user	0m0.031s
sys	0m0.109s
parse error: Invalid numeric literal at line 1, column 10
parse error: Invalid numeric literal at line 1, column 10
parse error: Invalid numeric literal at line 1, column 10
parse error: Invalid numeric literal at line 1, column 10
03/13/21 00:00:38 228731300 1615564838

real	0m1.420s
user	0m0.000s
sys	0m0.063s

real	0m0.344s
user	0m0.016s
sys	0m0.125s
[WARN] get LZ_TOKEN error
03/13/21 00:00:40 240269700  1615564840
use pt_key

real	0m0.583s
user	0m0.094s
sys	0m0.188s
03/13/21 00:00:40 970602900  1615564840 token: AAFgS5AnADBAMNF_z0dR8Y_ZBLyD_nlgPF19rtirDCiXHdsiwPaoGopSg-vG0uA-V9qjLWMZqbE

real	0m0.416s
user	0m0.031s
sys	0m0.094s
parse error: Invalid numeric literal at line 1, column 10
03/13/21 00:00:41 768898500  1615564841 secretPin: 
[WARN] get secretPin error

03/13/21 00:00:41 803534900  1615564841 èµµç­¾åˆ°é‡‘å£«é¡¿æ——èˆ°åº—

real	0m0.187s
user	0m0.031s
sys	0m0.125s
parse error: Invalid numeric literal at line 1, column 10
parse error: Invalid numeric literal at line 1, column 10
parse error: Invalid numeric literal at line 1, column 10
parse error: Invalid numeric literal at line 1, column 10
03/13/21 00:00:42 492158100 1615564842

real	0m1.526s
user	0m0.000s
sys	0m0.063s

real	0m0.293s
user	0m0.031s
sys	0m0.125s
[WARN] get LZ_TOKEN error
03/13/21 00:00:44 466243900  1615564844
use pt_key

real	0m0.464s
user	0m0.125s
sys	0m0.109s
03/13/21 00:00:45 050977800  1615564845 token: AAFgS5ArADBJr5O4TToIDsXOkrOwAG-bC9mRhkRqOPEjITmj4A2pQ_K5Z1wFiAoSd5aE9gzyu2k

real	0m0.384s
user	0m0.016s
sys	0m0.125s
parse error: Invalid numeric literal at line 1, column 10
03/13/21 00:00:45 648500500  1615564845 secretPin: 
[WARN] get secretPin error

03/13/21 00:00:45 669223900  1615564845 èµµç­¾åˆ°é‡‘å£«é¡¿æ——èˆ°åº—

real	0m0.138s
user	0m0.031s
sys	0m0.063s
parse error: Invalid numeric literal at line 1, column 10
parse error: Invalid numeric literal at line 1, column 10
parse error: Invalid numeric literal at line 1, column 10
parse error: Invalid numeric literal at line 1, column 10
03/13/21 00:00:46 166496800 1615564846

real	0m1.653s
user	0m0.016s
sys	0m0.047s

real	0m0.324s
user	0m0.016s
sys	0m0.109s
[WARN] get LZ_TOKEN error
03/13/21 00:00:48 337056600  1615564848
use pt_key

real	0m0.291s
user	0m0.094s
sys	0m0.094s
03/13/21 00:00:48 672758300  1615564848 token: AAFgS5AvADD1qukwR_Ld8W9MYho2Ez-9eSRSHjo2d6Q63harFBzDYKVaivi-ztRDNPY2TYcTicI

real	0m0.305s
user	0m0.031s
sys	0m0.078s
parse error: Invalid numeric literal at line 1, column 10
03/13/21 00:00:49 382032300  1615564849 secretPin: 
[WARN] get secretPin error

03/13/21 00:00:49 462358600  1615564849 èµµç­¾åˆ°é‡‘å£«é¡¿æ——èˆ°åº—

real	0m0.199s
user	0m0.031s
sys	0m0.063s
parse error: Invalid numeric literal at line 1, column 10
parse error: Invalid numeric literal at line 1, column 10
parse error: Invalid numeric literal at line 1, column 10
parse error: Invalid numeric literal at line 1, column 10
03/13/21 00:00:50 023066500 1615564850

real	0m1.890s
user	0m0.000s
sys	0m0.031s

real	0m0.380s
user	0m0.000s
sys	0m0.094s
[WARN] get LZ_TOKEN error
03/13/21 00:00:52 454273600  1615564852
use pt_key

real	0m0.336s
user	0m0.094s
sys	0m0.109s
03/13/21 00:00:52 861397900  1615564852 token: AAFgS5AzADBn3Coby4hwT7TSp84i3QcDerFA7Rtm8u64j6iqrZkujhzPNE_jb0Rog9h_VzxONfg

real	0m0.292s
user	0m0.000s
sys	0m0.125s
parse error: Invalid numeric literal at line 1, column 10
03/13/21 00:00:53 503249800  1615564853 secretPin: 
[WARN] get secretPin error

03/13/21 00:00:53 579243100  1615564853 èµµç­¾åˆ°é‡‘å£«é¡¿æ——èˆ°åº—

real	0m0.359s
user	0m0.063s
sys	0m0.078s
parse error: Invalid numeric literal at line 1, column 10
parse error: Invalid numeric literal at line 1, column 10
parse error: Invalid numeric literal at line 1, column 10
parse error: Invalid numeric literal at line 1, column 10
03/13/21 00:00:54 668160900 1615564854

real	0m2.119s
user	0m0.000s
sys	0m0.031s

real	0m0.313s
user	0m0.031s
sys	0m0.109s
[WARN] get LZ_TOKEN error
03/13/21 00:00:57 247618700  1615564857
use pt_key

real	0m0.385s
user	0m0.109s
sys	0m0.094s
03/13/21 00:00:57 694716900  1615564857 token: AAFgS5A4ADCBREHVTU-Zxlf7QL0cYlYyeEAsqILdD6HfesRohxGcPJmnK3EZUY3Dtd4iUlW54ao

real	0m0.357s
user	0m0.031s
sys	0m0.141s
parse error: Invalid numeric literal at line 1, column 10
03/13/21 00:00:58 967638400  1615564858 secretPin: 
[WARN] get secretPin error

03/13/21 00:00:59 046846600  1615564859 èµµç­¾åˆ°é‡‘å£«é¡¿æ——èˆ°åº—

real	0m0.217s
user	0m0.047s
sys	0m0.094s
parse error: Invalid numeric literal at line 1, column 10
parse error: Invalid numeric literal at line 1, column 10
parse error: Invalid numeric literal at line 1, column 10
parse error: Invalid numeric literal at line 1, column 10
03/13/21 00:00:59 682038400 1615564859

real	0m2.302s
user	0m0.000s
sys	0m0.047s

real	0m0.327s
user	0m0.016s
sys	0m0.125s
[WARN] get LZ_TOKEN error
03/13/21 00:01:02 480578100  1615564862
use pt_key

real	0m0.365s
user	0m0.078s
sys	0m0.109s
03/13/21 00:01:02 949225800  1615564862 token: AAFgS5A9ADB4Kz0sN4ncVPM31ODUNwsC-rcAZ5dGsOQcHkKorr84yvTcSoIDHEuhfYdL1o5W5i0

real	0m0.431s
user	0m0.031s
sys	0m0.094s
parse error: Invalid numeric literal at line 1, column 10
03/13/21 00:01:03 743904200  1615564863 secretPin: 
[WARN] get secretPin error

03/13/21 00:01:03 798546900  1615564863 èµµç­¾åˆ°é‡‘å£«é¡¿æ——èˆ°åº—

real	0m1.067s
user	0m0.063s
sys	0m0.094s
parse error: Invalid numeric literal at line 1, column 10
parse error: Invalid numeric literal at line 1, column 10
parse error: Invalid numeric literal at line 1, column 10
parse error: Invalid numeric literal at line 1, column 10
03/13/21 00:01:05 408142100 1615564865

real	0m2.472s
user	0m0.016s
sys	0m0.063s

real	0m0.292s
user	0m0.016s
sys	0m0.125s
[WARN] get LZ_TOKEN error
03/13/21 00:01:08 324087600  1615564868
use pt_key

real	0m0.245s
user	0m0.109s
sys	0m0.141s
03/13/21 00:01:08 611524900  1615564868 token: AAFgS5BDADACQe98fP0W2P9ov_ue1DlurhlTYI2u8LYlw6arxdZcJfxKo7_rqGXAuGCF65Pi8k0

real	0m0.174s
user	0m0.016s
sys	0m0.094s
parse error: Invalid numeric literal at line 1, column 10
03/13/21 00:01:08 955650900  1615564868 secretPin: 
[WARN] get secretPin error

03/13/21 00:01:09 003907300  1615564869 èµµç­¾åˆ°é‡‘å£«é¡¿æ——èˆ°åº—

real	0m0.207s
user	0m0.031s
sys	0m0.109s
parse error: Invalid numeric literal at line 1, column 10
parse error: Invalid numeric literal at line 1, column 10
parse error: Invalid numeric literal at line 1, column 10
parse error: Invalid numeric literal at line 1, column 10
03/13/21 00:01:09 730452100 1615564869

real	0m2.683s
user	0m0.000s
sys	0m0.047s

real	0m0.167s
user	0m0.000s
sys	0m0.094s
[WARN] get LZ_TOKEN error
03/13/21 00:01:12 647916500  1615564872
use pt_key

real	0m0.212s
user	0m0.078s
sys	0m0.078s
03/13/21 00:01:12 880982300  1615564872 token: AAFgS5BHADDdw6YklhMSfAYuVRX2WNTwG7cerut3jTr3_GLtYQRANwfce_jRCmdldA7ltbZi8fY

real	0m0.126s
user	0m0.031s
sys	0m0.078s
parse error: Invalid numeric literal at line 1, column 10
03/13/21 00:01:13 131880300  1615564873 secretPin: 
[WARN] get secretPin error

03/13/21 00:01:13 154069100  1615564873 èµµç­¾åˆ°é‡‘å£«é¡¿æ——èˆ°åº—

real	0m0.163s
user	0m0.016s
sys	0m0.063s
parse error: Invalid numeric literal at line 1, column 10
parse error: Invalid numeric literal at line 1, column 10
parse error: Invalid numeric literal at line 1, column 10
parse error: Invalid numeric literal at line 1, column 10
03/13/21 00:01:13 737677300 1615564873

real	0m2.855s
user	0m0.000s
sys	0m0.047s

real	0m0.233s
user	0m0.016s
sys	0m0.094s
[WARN] get LZ_TOKEN error
03/13/21 00:01:16 873185400  1615564876
use pt_key

real	0m0.145s
user	0m0.078s
sys	0m0.094s
03/13/21 00:01:17 037842900  1615564877 token: AAFgS5BMADAn4Br64YpDsCvexRPJpIwPi31JoOYiuYS3FcgvpUiponNnFHtW0BDJxP-Lio0EsGA

real	0m0.146s
user	0m0.016s
sys	0m0.078s
parse error: Invalid numeric literal at line 1, column 10
03/13/21 00:01:17 312328500  1615564877 secretPin: 
[WARN] get secretPin error

03/13/21 00:01:17 338048700  1615564877 èµµç­¾åˆ°é‡‘å£«é¡¿æ——èˆ°åº—

real	0m0.126s
user	0m0.000s
sys	0m0.094s
parse error: Invalid numeric literal at line 1, column 10
parse error: Invalid numeric literal at line 1, column 10
parse error: Invalid numeric literal at line 1, column 10
parse error: Invalid numeric literal at line 1, column 10
03/13/21 00:01:17 802928500 1615564877

real	0m3.042s
user	0m0.000s
sys	0m0.016s

real	0m0.212s
user	0m0.047s
sys	0m0.063s
[WARN] get LZ_TOKEN error
03/13/21 00:01:21 162211500  1615564881
use pt_key

real	0m0.224s
user	0m0.094s
sys	0m0.125s
03/13/21 00:01:21 410279200  1615564881 token: AAFgS5BQADAtYmZLQGRJn0JorsZhLOZ0pISz03-9rOmGFVXLK0TChu3184NU2OjmMgc4n07tc8w

real	0m0.125s
user	0m0.016s
sys	0m0.078s
parse error: Invalid numeric literal at line 1, column 10
03/13/21 00:01:21 665444500  1615564881 secretPin: 
[WARN] get secretPin error

03/13/21 00:01:21 686517900  1615564881 èµµç­¾åˆ°é‡‘å£«é¡¿æ——èˆ°åº—

real	0m0.162s
user	0m0.031s
sys	0m0.094s
parse error: Invalid numeric literal at line 1, column 10
parse error: Invalid numeric literal at line 1, column 10
parse error: Invalid numeric literal at line 1, column 10
parse error: Invalid numeric literal at line 1, column 10
03/13/21 00:01:22 271024700 1615564882

real	0m3.252s
user	0m0.000s
sys	0m0.031s

real	0m0.179s
user	0m0.016s
sys	0m0.094s
[WARN] get LZ_TOKEN error
03/13/21 00:01:25 756138600  1615564885
use pt_key

real	0m0.140s
user	0m0.063s
sys	0m0.094s
03/13/21 00:01:25 916291400  1615564885 token: AAFgS5BUADBfg7IoVDNXbeA45hRvON9IUI3QRtCrDgSRbJsRWaUy4O9gK5hx_AjeNp6PSC0pDUY

real	0m0.136s
user	0m0.016s
sys	0m0.078s
parse error: Invalid numeric literal at line 1, column 10
03/13/21 00:01:26 216426500  1615564886 secretPin: 
[WARN] get secretPin error

03/13/21 00:01:26 241996600  1615564886 èµµç­¾åˆ°é‡‘å£«é¡¿æ——èˆ°åº—

real	0m0.187s
user	0m0.031s
sys	0m0.094s
parse error: Invalid numeric literal at line 1, column 10
parse error: Invalid numeric literal at line 1, column 10
parse error: Invalid numeric literal at line 1, column 10
parse error: Invalid numeric literal at line 1, column 10
03/13/21 00:01:26 790809400 1615564886

real	0m3.451s
user	0m0.000s
sys	0m0.047s

real	0m0.166s
user	0m0.000s
sys	0m0.125s
[WARN] get LZ_TOKEN error
03/13/21 00:01:30 468314700  1615564890
use pt_key

real	0m0.150s
user	0m0.094s
sys	0m0.094s
03/13/21 00:01:30 642669900  1615564890 token: AAFgS5BZADDECZRU3MF52fOAM82bk1b_JYT8RVqztk8rfbgXu7HZjXQ68cvaJUFG1TsEMaz9Cr4

real	0m0.163s
user	0m0.016s
sys	0m0.109s
parse error: Invalid numeric literal at line 1, column 10
03/13/21 00:01:31 001459100  1615564891 secretPin: 
[WARN] get secretPin error

03/13/21 00:01:31 040732300  1615564891 èµµç­¾åˆ°é‡‘å£«é¡¿æ——èˆ°åº—

real	0m0.224s
user	0m0.016s
sys	0m0.125s
parse error: Invalid numeric literal at line 1, column 10
parse error: Invalid numeric literal at line 1, column 10
parse error: Invalid numeric literal at line 1, column 10
parse error: Invalid numeric literal at line 1, column 10
03/13/21 00:01:31 722778900 1615564891

real	0m3.669s
user	0m0.000s
sys	0m0.047s

real	0m0.166s
user	0m0.016s
sys	0m0.094s
[WARN] get LZ_TOKEN error
03/13/21 00:01:35 618063100  1615564895
use pt_key

real	0m0.155s
user	0m0.063s
sys	0m0.109s
03/13/21 00:01:35 797642600  1615564895 token: AAFgS5BeADBSgJT5OwphsimEmgPDtlpi192l4Yqo2DX8SYgk3EJBszbrtxsn83kRFThLIp_YgDg

real	0m0.144s
user	0m0.016s
sys	0m0.078s
parse error: Invalid numeric literal at line 1, column 10
03/13/21 00:01:36 107745500  1615564896 secretPin: 
[WARN] get secretPin error

03/13/21 00:01:36 136975900  1615564896 èµµç­¾åˆ°é‡‘å£«é¡¿æ——èˆ°åº—

real	0m0.169s
user	0m0.016s
sys	0m0.125s
parse error: Invalid numeric literal at line 1, column 10
parse error: Invalid numeric literal at line 1, column 10
parse error: Invalid numeric literal at line 1, column 10
parse error: Invalid numeric literal at line 1, column 10
03/13/21 00:01:36 692723000 1615564896

real	0m3.856s
user	0m0.000s
sys	0m0.031s

real	0m0.170s
user	0m0.016s
sys	0m0.078s
[WARN] get LZ_TOKEN error
03/13/21 00:01:40 784105100  1615564900
use pt_key

real	0m0.165s
user	0m0.078s
sys	0m0.063s
03/13/21 00:01:40 975376100  1615564900 token: AAFgS5BjADCjtCXdDSwqoWhTObqwbW3pKoW-XkRRBC8fjQA9vX1ZBdPkAh9yAzP78MuQ1rGpfig

real	0m0.160s
user	0m0.000s
sys	0m0.109s
parse error: Invalid numeric literal at line 1, column 10
03/13/21 00:01:41 288047500  1615564901 secretPin: 
[WARN] get secretPin error

03/13/21 00:01:41 316090700  1615564901 èµµç­¾åˆ°é‡‘å£«é¡¿æ——èˆ°åº—

real	0m0.176s
user	0m0.016s
sys	0m0.109s
parse error: Invalid numeric literal at line 1, column 10
parse error: Invalid numeric literal at line 1, column 10
parse error: Invalid numeric literal at line 1, column 10
parse error: Invalid numeric literal at line 1, column 10
03/13/21 00:01:41 894586400 1615564901

real	0m4.063s
user	0m0.000s
sys	0m0.047s
03/13/21 00:03:16 472404000  1615564996
parse error: Invalid numeric literal at line 1, column 10
ç­¾åˆ°æ˜¯å¦æˆåŠŸè§£æå¤±è´¥. ä¸å†å†™/home/myid/jd/jd_signup/vender/shop_1615211039_13

èµµç­¾åˆ°é‡‘å£«é¡¿æ——èˆ°åº—æŸ¥çœ‹ç»“æœ
<!DOCTYPE html>
<html>
 <head> 
  <title>äº¬ä¸œ</title> 
  <meta charset="utf-8" /> 
  <meta name="apple-mobile-web-app-capable" content="yes" /> 
  <meta name="viewport" content="width=device-width,initial-scale=1,user-scalable=no,maximum-scale=1,viewport-fit=cover" /> 
  <meta name="format-detection" content="telephone=no" /> 
  <meta name="x5-cache" content="enable" /> 
  <link rel="stylesheet" href="https://storage.360buyimg.com/babel/00162638/333378/production/dev/parser.1526555535098.css?t=20180517191236" /> 
  <style> img {
            opacity: 1 !important;
        } </style> 
  <link href="https://storage.360buyimg.com/babel/00170893/348321/production/dev/index.7320a380.css?t=20180802150952" rel="stylesheet" />
 </head> 
 <body style="background:#fff;" id="root"> 
  <div class="errorPage"> 
  </div> 
  <div class="placeholer"> 
  </div> 
  <script src="https://wl.jd.com/unify.min.js"></script> 
  <script type="text/javascript" src="https://storage.360buyimg.com/babel/00170893/348321/production/dev/index.0f8f4dba.js?t=20180802150952"></script> 
 </body>
</html>

parse error: Invalid numeric literal at line 1, column 10
[0;31;3mRUN  at {283:<--} ERROR CODE: 4[0m [0;31;3m[20210313 00:03:20] [ERROR] [0m

