02/28/21 00:02:10 997606700  1614441730
RANDOM_num: 15
removed '/tmp/tmp.B0vnG0w5Fy'
02/28/21 00:02:12 811617200  1614441732 检查肥鹅签到

real	0m2.515s
user	0m0.016s
sys	0m0.078s
[WARN] get LZ_TOKEN error
02/28/21 00:02:18 959706600  1614441738
use pt_key

real	0m1.790s
user	0m0.125s
sys	0m0.078s
02/28/21 00:02:21 178621600  1614441741 token: AAFgOm0MADDPMrwI7dxOA6gfvVuIMPRf8TiMu7NLg0qeuWr06WmGAbFajhfL02jd6k3_h6iyrEM
parse error: Invalid numeric literal at line 1, column 10

real	0m2.835s
user	0m0.141s
sys	0m0.031s
02/28/21 00:02:24 957652700  1614441744 secretPin: 
[WARN] get secretPin error

02/28/21 00:02:25 298843500  1614441745 肥鹅签到爱德华医生润眼灯旗舰店

real	0m1.087s
user	0m0.031s
sys	0m0.094s
parse error: Invalid numeric literal at line 1, column 10
parse error: Invalid numeric literal at line 1, column 10
parse error: Invalid numeric literal at line 1, column 10
parse error: Invalid numeric literal at line 1, column 10
02/28/21 00:02:30 894124500 1614441750

real	0m2.036s
user	0m0.000s
sys	0m0.063s

real	0m2.864s
user	0m0.016s
sys	0m0.063s
[WARN] get LZ_TOKEN error
02/28/21 00:02:37 305342100  1614441757
use pt_key

real	0m2.306s
user	0m0.094s
sys	0m0.109s
02/28/21 00:02:40 677348500  1614441760 token: AAFgOm0fADAGIAxQD2WAVsnJBRiEkfPlmDBXF5Nbt5xkm9rnT8J-NbFyQda6Miwf9tdgktMBuFo
parse error: Invalid numeric literal at line 1, column 10

real	0m2.213s
user	0m0.094s
sys	0m0.094s
02/28/21 00:02:43 441619900  1614441763 secretPin: 
[WARN] get secretPin error

02/28/21 00:02:43 804011300  1614441763 肥鹅签到爱德华医生润眼灯旗舰店

real	0m1.810s
user	0m0.031s
sys	0m0.094s
parse error: Invalid numeric literal at line 1, column 10
parse error: Invalid numeric literal at line 1, column 10
parse error: Invalid numeric literal at line 1, column 10
parse error: Invalid numeric literal at line 1, column 10
02/28/21 00:02:51 101027400 1614441771

real	0m1.543s
user	0m0.000s
sys	0m0.000s

real	0m1.645s
user	0m0.047s
sys	0m0.094s
[WARN] get LZ_TOKEN error
02/28/21 00:02:55 440024400  1614441775
use pt_key

real	0m1.380s
user	0m0.109s
sys	0m0.109s
02/28/21 00:02:57 222350100  1614441777 token: AAFgOm0wADBiPyMz3ExJ4DOb6CJXtpU5Ix0I9V4z888jGQczpiWfZ1I-tAx5TLaUT6uRqwAl8kE
parse error: Invalid numeric literal at line 1, column 10

real	0m2.392s
user	0m0.125s
sys	0m0.125s
02/28/21 00:03:00 368785200  1614441780 secretPin: 
[WARN] get secretPin error

02/28/21 00:03:00 832975300  1614441780 肥鹅签到爱德华医生润眼灯旗舰店

real	0m1.174s
user	0m0.016s
sys	0m0.094s
parse error: Invalid numeric literal at line 1, column 10
parse error: Invalid numeric literal at line 1, column 10
parse error: Invalid numeric literal at line 1, column 10
parse error: Invalid numeric literal at line 1, column 10
02/28/21 00:03:07 101638400 1614441787

real	0m1.501s
user	0m0.000s
sys	0m0.031s

real	0m1.205s
user	0m0.031s
sys	0m0.078s
[WARN] get LZ_TOKEN error
02/28/21 00:03:11 088793700  1614441791
use pt_key

real	0m1.803s
user	0m0.109s
sys	0m0.063s
02/28/21 00:03:13 432708900  1614441793 token: AAFgOm1AADAGiabiGymYtxDs48bEPlOQ0qaFm5fMxYC4OLwLgC17fE7RHCKcT2HcVfnXMh8oDio
parse error: Invalid numeric literal at line 1, column 10

real	0m1.035s
user	0m0.094s
sys	0m0.078s
02/28/21 00:03:14 741288400  1614441794 secretPin: 
[WARN] get secretPin error

02/28/21 00:03:15 029081200  1614441795 肥鹅签到爱德华医生润眼灯旗舰店

real	0m1.261s
user	0m0.047s
sys	0m0.047s
parse error: Invalid numeric literal at line 1, column 10
parse error: Invalid numeric literal at line 1, column 10
parse error: Invalid numeric literal at line 1, column 10
parse error: Invalid numeric literal at line 1, column 10
02/28/21 00:03:21 926672800 1614441801

real	0m2.320s
user	0m0.000s
sys	0m0.031s

real	0m1.243s
user	0m0.047s
sys	0m0.109s
[WARN] get LZ_TOKEN error
02/28/21 00:03:28 712483100  1614441808
use pt_key

real	0m2.302s
user	0m0.141s
sys	0m0.063s
02/28/21 00:03:31 692847100  1614441811 token: AAFgOm1SADBJyYL7FryCwKHvEaEglucW3HzFQByCxWWbiFktEvVce4GAjIxD4xySXKbK9anLFAg
parse error: Invalid numeric literal at line 1, column 10

real	0m1.963s
user	0m0.094s
sys	0m0.078s
02/28/21 00:03:34 109417800  1614441814 secretPin: 
[WARN] get secretPin error

02/28/21 00:03:35 116617000  1614441815 肥鹅签到爱德华医生润眼灯旗舰店

real	0m1.651s
user	0m0.063s
sys	0m0.125s
parse error: Invalid numeric literal at line 1, column 10
parse error: Invalid numeric literal at line 1, column 10
parse error: Invalid numeric literal at line 1, column 10
parse error: Invalid numeric literal at line 1, column 10
02/28/21 00:03:42 135240800 1614441822

real	0m2.782s
user	0m0.000s
sys	0m0.047s

real	0m2.582s
user	0m0.000s
sys	0m0.078s
[WARN] get LZ_TOKEN error
02/28/21 00:03:49 085872800  1614441829
use pt_key

real	0m2.184s
user	0m0.094s
sys	0m0.094s
02/28/21 00:03:51 927430700  1614441831 token: AAFgOm1nADDfk3h9FFTjpCVm8zK1_u75DZLi0xLUDrTZndlYtMw68FD-kYIDe_XHD9IA_hTAfjQ
parse error: Invalid numeric literal at line 1, column 10

real	0m1.993s
user	0m0.141s
sys	0m0.078s
02/28/21 00:03:54 408166200  1614441834 secretPin: 
[WARN] get secretPin error

02/28/21 00:03:54 728743900  1614441834 肥鹅签到爱德华医生润眼灯旗舰店

real	0m0.996s
user	0m0.047s
sys	0m0.047s
parse error: Invalid numeric literal at line 1, column 10
parse error: Invalid numeric literal at line 1, column 10
parse error: Invalid numeric literal at line 1, column 10
parse error: Invalid numeric literal at line 1, column 10
02/28/21 00:04:02 058969800 1614441842

real	0m2.396s
user	0m0.000s
sys	0m0.031s

real	0m3.235s
user	0m0.031s
sys	0m0.094s
[WARN] get LZ_TOKEN error
02/28/21 00:04:09 975955000  1614441849
use pt_key

real	0m1.825s
user	0m0.094s
sys	0m0.156s
02/28/21 00:04:12 422149100  1614441852 token: AAFgOm17ADBAAfmY_CfDSPjlEdhIwpmooxL3ajenoFFlJa792DAupfYlgJFOYtPb5cN6tTyJ_IM
parse error: Invalid numeric literal at line 1, column 10

real	0m1.501s
user	0m0.078s
sys	0m0.125s
02/28/21 00:04:14 476426800  1614441854 secretPin: 
[WARN] get secretPin error

02/28/21 00:04:14 843599200  1614441854 肥鹅签到爱德华医生润眼灯旗舰店

real	0m1.251s
user	0m0.031s
sys	0m0.063s
parse error: Invalid numeric literal at line 1, column 10
parse error: Invalid numeric literal at line 1, column 10
parse error: Invalid numeric literal at line 1, column 10
parse error: Invalid numeric literal at line 1, column 10
02/28/21 00:04:20 951098700 1614441860

real	0m2.440s
user	0m0.000s
sys	0m0.078s

real	0m1.466s
user	0m0.047s
sys	0m0.078s
[WARN] get LZ_TOKEN error
02/28/21 00:04:26 562448200  1614441866
use pt_key

real	0m2.254s
user	0m0.141s
sys	0m0.047s
02/28/21 00:04:29 594875800  1614441869 token: AAFgOm2MADCwdArlLdonmAAmyJArdlLGdtGlXdDv72Pv0UUF5h6L2QxTScJzNE7EJLSjhs9Gjw4
parse error: Invalid numeric literal at line 1, column 10

real	0m2.882s
user	0m0.109s
sys	0m0.109s
02/28/21 00:04:32 847933300  1614441872 secretPin: 
[WARN] get secretPin error

02/28/21 00:04:34 426560800  1614441874 肥鹅签到爱德华医生润眼灯旗舰店

real	0m1.943s
user	0m0.016s
sys	0m0.109s
parse error: Invalid numeric literal at line 1, column 10
parse error: Invalid numeric literal at line 1, column 10
parse error: Invalid numeric literal at line 1, column 10
parse error: Invalid numeric literal at line 1, column 10
02/28/21 00:04:41 094293300 1614441881

real	0m2.624s
user	0m0.000s
sys	0m0.078s

real	0m0.792s
user	0m0.031s
sys	0m0.078s
[WARN] get LZ_TOKEN error
02/28/21 00:04:45 159204300  1614441885
use pt_key

real	0m1.374s
user	0m0.094s
sys	0m0.094s
02/28/21 00:04:46 877738900  1614441886 token: AAFgOm2eADB0tSOSWF0E1SbjAViMBgwGLmnQgwHh37VKZyC0Rx0p09WOy9lTXYXrMB7LgTK7zW0
parse error: Invalid numeric literal at line 1, column 10

real	0m1.679s
user	0m0.094s
sys	0m0.109s
02/28/21 00:04:48 789847500  1614441888 secretPin: 
[WARN] get secretPin error

02/28/21 00:04:49 121955300  1614441889 肥鹅签到爱德华医生润眼灯旗舰店

real	0m0.925s
user	0m0.031s
sys	0m0.078s
parse error: Invalid numeric literal at line 1, column 10
parse error: Invalid numeric literal at line 1, column 10
parse error: Invalid numeric literal at line 1, column 10
parse error: Invalid numeric literal at line 1, column 10
02/28/21 00:04:53 429512600 1614441893

real	0m2.339s
user	0m0.016s
sys	0m0.047s

real	0m0.758s
user	0m0.031s
sys	0m0.063s
[WARN] get LZ_TOKEN error
02/28/21 00:04:57 024670000  1614441897
use pt_key

real	0m1.197s
user	0m0.094s
sys	0m0.141s
02/28/21 00:04:58 524901700  1614441898 token: AAFgOm2qADDUz3FasH8POVuWLfWGf-3ThxjGsJBO-wUm996UbNQFSSgcgFNkEWWkOw9ZwAGPyIU
parse error: Invalid numeric literal at line 1, column 10

real	0m1.543s
user	0m0.094s
sys	0m0.125s
02/28/21 00:05:00 533391000  1614441900 secretPin: 
[WARN] get secretPin error

02/28/21 00:05:00 870226200  1614441900 肥鹅签到爱德华医生润眼灯旗舰店

real	0m1.155s
user	0m0.000s
sys	0m0.125s
parse error: Invalid numeric literal at line 1, column 10
parse error: Invalid numeric literal at line 1, column 10
parse error: Invalid numeric literal at line 1, column 10
parse error: Invalid numeric literal at line 1, column 10
02/28/21 00:05:07 371812600 1614441907

real	0m2.791s
user	0m0.000s
sys	0m0.031s

real	0m0.697s
user	0m0.031s
sys	0m0.078s
[WARN] get LZ_TOKEN error
02/28/21 00:05:11 559940900  1614441911
use pt_key

real	0m1.240s
user	0m0.141s
sys	0m0.094s
02/28/21 00:05:13 294651200  1614441913 token: AAFgOm24ADDDxDpGqseR3qn0Uf7n4GrAPinTzzGYo2jsOCK32pI7VJvZxPnH4ZxY-aqw1SZtIzM
parse error: Invalid numeric literal at line 1, column 10

real	0m1.102s
user	0m0.094s
sys	0m0.094s
02/28/21 00:05:14 659947700  1614441914 secretPin: 
[WARN] get secretPin error

02/28/21 00:05:14 979424600  1614441914 肥鹅签到爱德华医生润眼灯旗舰店

real	0m1.067s
user	0m0.016s
sys	0m0.078s
parse error: Invalid numeric literal at line 1, column 10
parse error: Invalid numeric literal at line 1, column 10
parse error: Invalid numeric literal at line 1, column 10
parse error: Invalid numeric literal at line 1, column 10
02/28/21 00:05:19 361141500 1614441919

real	0m3.062s
user	0m0.000s
sys	0m0.063s

real	0m0.732s
user	0m0.047s
sys	0m0.047s
[WARN] get LZ_TOKEN error
02/28/21 00:05:23 535333100  1614441923
use pt_key

real	0m0.760s
user	0m0.078s
sys	0m0.125s
02/28/21 00:05:24 508606600  1614441924 token: AAFgOm3EADBAiwDkDhj3qOYhDyn4yL0r3rZKxuRniO6Pvb_z1sJ3xOiigJ8A0d5Pqf2Urp6FU7I
parse error: Invalid numeric literal at line 1, column 10

real	0m1.120s
user	0m0.109s
sys	0m0.125s
02/28/21 00:05:25 945144100  1614441925 secretPin: 
[WARN] get secretPin error

02/28/21 00:05:26 359226500  1614441926 肥鹅签到爱德华医生润眼灯旗舰店

real	0m1.124s
user	0m0.031s
sys	0m0.078s
parse error: Invalid numeric literal at line 1, column 10
parse error: Invalid numeric literal at line 1, column 10
parse error: Invalid numeric literal at line 1, column 10
parse error: Invalid numeric literal at line 1, column 10
02/28/21 00:05:31 353407000 1614441931

real	0m3.309s
user	0m0.000s
sys	0m0.031s

real	0m0.769s
user	0m0.016s
sys	0m0.188s
[WARN] get LZ_TOKEN error
02/28/21 00:05:36 199794800  1614441936
use pt_key

real	0m0.878s
user	0m0.125s
sys	0m0.141s
02/28/21 00:05:37 305818000  1614441937 token: AAFgOm3QADDoullYHIaRnvPXQ3Qz2SaC16dSnbbDTiXp7wBlrDgkYRylQdoC21DlmvxbpTNTTTg
parse error: Invalid numeric literal at line 1, column 10

real	0m0.907s
user	0m0.141s
sys	0m0.109s
02/28/21 00:05:38 373031300  1614441938 secretPin: 
[WARN] get secretPin error

02/28/21 00:05:38 567716000  1614441938 肥鹅签到爱德华医生润眼灯旗舰店

real	0m0.865s
user	0m0.047s
sys	0m0.094s
parse error: Invalid numeric literal at line 1, column 10
parse error: Invalid numeric literal at line 1, column 10
parse error: Invalid numeric literal at line 1, column 10
parse error: Invalid numeric literal at line 1, column 10
02/28/21 00:05:42 356306200 1614441942

real	0m3.465s
user	0m0.016s
sys	0m0.031s

real	0m0.848s
user	0m0.047s
sys	0m0.094s
[WARN] get LZ_TOKEN error
02/28/21 00:05:47 209556200  1614441947
use pt_key

real	0m1.076s
user	0m0.109s
sys	0m0.109s
02/28/21 00:05:48 467940500  1614441948 token: AAFgOm3cADAYBrKy2_OkY_n2RHzKwCtG8hHZeK250HBfRwWr2_-F4Li5JlFLU2ZL_Srduq_usB8
parse error: Invalid numeric literal at line 1, column 10

real	0m0.889s
user	0m0.078s
sys	0m0.141s
02/28/21 00:05:49 557428100  1614441949 secretPin: 
[WARN] get secretPin error

02/28/21 00:05:49 696544500  1614441949 肥鹅签到爱德华医生润眼灯旗舰店

real	0m0.755s
user	0m0.016s
sys	0m0.078s
parse error: Invalid numeric literal at line 1, column 10
parse error: Invalid numeric literal at line 1, column 10
parse error: Invalid numeric literal at line 1, column 10
parse error: Invalid numeric literal at line 1, column 10
02/28/21 00:05:53 335732800 1614441953

real	0m3.419s
user	0m0.000s
sys	0m0.047s

real	0m0.774s
user	0m0.016s
sys	0m0.109s
[WARN] get LZ_TOKEN error
02/28/21 00:05:58 424967000  1614441958
use pt_key

real	0m0.999s
user	0m0.125s
sys	0m0.109s
02/28/21 00:05:59 669859000  1614441959 token: AAFgOm3nADC2jzhW5n9DatElXNB8kWUD6IL6kJ3PX-mCXiDzTReXRO7AVudOWBwZ2ybY-gM4GFY
parse error: Invalid numeric literal at line 1, column 10

real	0m1.100s
user	0m0.109s
sys	0m0.141s
02/28/21 00:06:00 991225400  1614441960 secretPin: 
[WARN] get secretPin error

02/28/21 00:06:01 205653100  1614441961 肥鹅签到爱德华医生润眼灯旗舰店

real	0m0.976s
user	0m0.047s
sys	0m0.047s
parse error: Invalid numeric literal at line 1, column 10
parse error: Invalid numeric literal at line 1, column 10
parse error: Invalid numeric literal at line 1, column 10
parse error: Invalid numeric literal at line 1, column 10
02/28/21 00:06:06 838619600 1614441966

real	0m3.896s
user	0m0.000s
sys	0m0.031s

real	0m1.195s
user	0m0.047s
sys	0m0.063s
[WARN] get LZ_TOKEN error
02/28/21 00:06:12 733344200  1614441972
use pt_key

real	0m0.937s
user	0m0.125s
sys	0m0.094s
02/28/21 00:06:13 850467700  1614441973 token: AAFgOm31ADCE9gsoSqK9C_c_t3elEeTJMvt2Cw742LoZ3tbxuA2yx93rZUEqEHDncI016mpp8MI
parse error: Invalid numeric literal at line 1, column 10

real	0m1.068s
user	0m0.109s
sys	0m0.156s
02/28/21 00:06:15 110441200  1614441975 secretPin: 
[WARN] get secretPin error

02/28/21 00:06:15 370033700  1614441975 肥鹅签到爱德华医生润眼灯旗舰店

real	0m0.938s
user	0m0.031s
sys	0m0.109s
parse error: Invalid numeric literal at line 1, column 10
parse error: Invalid numeric literal at line 1, column 10
parse error: Invalid numeric literal at line 1, column 10
parse error: Invalid numeric literal at line 1, column 10
02/28/21 00:06:19 745182900 1614441979

real	0m3.904s
user	0m0.000s
sys	0m0.016s

real	0m0.837s
user	0m0.047s
sys	0m0.078s
[WARN] get LZ_TOKEN error
02/28/21 00:06:25 069483900  1614441985
use pt_key

real	0m0.685s
user	0m0.141s
sys	0m0.063s
02/28/21 00:06:25 886445200  1614441985 token: AAFgOm4BADBQeIE16VKJLV86iSUL-5aLIw3fKyS2Hv1mBwxL6kv9hymZ5vehwp5xjNj8Ge5qMBM
parse error: Invalid numeric literal at line 1, column 10

real	0m0.711s
user	0m0.094s
sys	0m0.094s
02/28/21 00:06:26 738067300  1614441986 secretPin: 
[WARN] get secretPin error

02/28/21 00:06:26 955087900  1614441986 肥鹅签到爱德华医生润眼灯旗舰店

real	0m0.887s
user	0m0.016s
sys	0m0.094s
parse error: Invalid numeric literal at line 1, column 10
parse error: Invalid numeric literal at line 1, column 10
parse error: Invalid numeric literal at line 1, column 10
parse error: Invalid numeric literal at line 1, column 10
02/28/21 00:06:30 871441800 1614441990

real	0m4.021s
user	0m0.000s
sys	0m0.063s

real	0m1.146s
user	0m0.031s
sys	0m0.094s
[WARN] get LZ_TOKEN error
02/28/21 00:06:36 675458600  1614441996
use pt_key

real	0m1.079s
user	0m0.063s
sys	0m0.141s
02/28/21 00:06:38 053879700  1614441998 token: AAFgOm4NADC9goWUq7EO-5zxAwq3IXMPfRLfZb7I_BACt0enmEx1SnbMinKWntM8q6QT46CMI84
parse error: Invalid numeric literal at line 1, column 10

real	0m0.901s
user	0m0.063s
sys	0m0.109s
02/28/21 00:06:39 247887200  1614441999 secretPin: 
[WARN] get secretPin error

02/28/21 00:06:39 409522800  1614441999 肥鹅签到爱德华医生润眼灯旗舰店

real	0m0.555s
user	0m0.016s
sys	0m0.094s
parse error: Invalid numeric literal at line 1, column 10
parse error: Invalid numeric literal at line 1, column 10
parse error: Invalid numeric literal at line 1, column 10
parse error: Invalid numeric literal at line 1, column 10
02/28/21 00:06:42 707919100 1614442002

real	0m4.232s
user	0m0.000s
sys	0m0.031s

real	0m1.260s
user	0m0.047s
sys	0m0.063s
[WARN] get LZ_TOKEN error
02/28/21 00:06:49 000597100  1614442009
use pt_key

real	0m1.072s
user	0m0.109s
sys	0m0.125s
02/28/21 00:06:50 381293500  1614442010 token: AAFgOm4aADBssNagl11Zlx2BzeYU0qMYcdK6aGr7EzFIqDztb1PNTgFIEd0chjgUKJ3DG-Q2xuM
parse error: Invalid numeric literal at line 1, column 10

real	0m1.059s
user	0m0.109s
sys	0m0.078s
02/28/21 00:06:51 775255400  1614442011 secretPin: 
[WARN] get secretPin error

02/28/21 00:06:51 976569700  1614442011 肥鹅签到爱德华医生润眼灯旗舰店

real	0m0.744s
user	0m0.047s
sys	0m0.094s
parse error: Invalid numeric literal at line 1, column 10
parse error: Invalid numeric literal at line 1, column 10
parse error: Invalid numeric literal at line 1, column 10
parse error: Invalid numeric literal at line 1, column 10
02/28/21 00:06:54 927527200 1614442014

real	0m4.489s
user	0m0.000s
sys	0m0.047s

real	0m0.939s
user	0m0.016s
sys	0m0.109s
[WARN] get LZ_TOKEN error
02/28/21 00:07:00 966250800  1614442020
use pt_key

real	0m0.922s
user	0m0.078s
sys	0m0.125s
02/28/21 00:07:02 143721700  1614442022 token: AAFgOm4lADBtz-6VzMX3-YCEGfAdEc0zblJo3AfqR8M5uuPCQBeMi7-DOauJm5MfPgb7Uu2T-rY
parse error: Invalid numeric literal at line 1, column 10

real	0m0.688s
user	0m0.094s
sys	0m0.109s
02/28/21 00:07:03 845435900  1614442023 secretPin: 
[WARN] get secretPin error

02/28/21 00:07:04 239417300  1614442024 肥鹅签到爱德华医生润眼灯旗舰店

real	0m0.561s
user	0m0.031s
sys	0m0.078s
parse error: Invalid numeric literal at line 1, column 10
parse error: Invalid numeric literal at line 1, column 10
parse error: Invalid numeric literal at line 1, column 10
parse error: Invalid numeric literal at line 1, column 10
02/28/21 00:07:06 612416900 1614442026

real	0m4.187s
user	0m0.000s
sys	0m0.031s
02/28/21 00:07:55 918964300  1614442075
parse error: Invalid numeric literal at line 1, column 10
签到是否成功解析失败. 不再写/home/myid/jd/jd_signup/lzkj_sevenDay_vender/shop_1614116400_126

肥鹅签到爱德华医生润眼灯旗舰店查看结果, 活动规则


#店铺名称
vendername="爱德华医生润眼灯旗舰店"
#店铺激活码
actId="f03f9816975849849d42b89819b619ee"
#店铺id
venderId="70111"
#长链接
url="https://lzkj-isv.isvjcloud.com/sign/sevenDay/signActivity?activityId=f03f9816975849849d42b89819b619ee&venderId=70111&adsource=tg_xuanFuTuBiao"

startTime=1613872800
endTime=1614517140
# 活动时间：2021-02-21 10:00 - 2021-02-28 20:59；
# 奖励说明：
actRule="
7天签到
连续签到1天：1京豆
连续签到2天：2京豆
连续签到3天：1京豆
连续签到4天：2京豆
连续签到5天：1京豆
连续签到6天：2京豆
连续签到7天：2京豆
"
#赵 122294312-396444 sign_res
sign_num="3"
giftName=""1京豆""
giftRes="ok"
giftDate="20210227"
sign_res_info="7天签到 第 3 天
当天签到奖励 ["1京豆"]"
#赵 122294312-396444 sign_res_end
#王 1309893722-164885 sign_res
sign_num="3"
giftName=""1京豆""
giftRes="ok"
giftDate="20210227"
sign_res_info="7天签到 第 3 天
当天签到奖励 ["1京豆"]"
#王 1309893722-164885 sign_res_end
#肥鹅 jd_4d651d9e48204 sign_res
sign_num="3"
giftName=""1京豆""
giftRes="ok"
giftDate="20210227"
sign_res_info="7天签到 第 3 天
当天签到奖励 ["1京豆"]"
#肥鹅 jd_4d651d9e48204 sign_res_end
#移动 jd_OeTNobRVGiNZ sign_res
sign_num="4"
giftName="null"
giftRes="ok"
giftDate="20210227"
sign_res_info="7天签到 第 4 天
当天签到奖励 [null]"
#移动 jd_OeTNobRVGiNZ sign_res_end
