02/20/21 00:30:04 541215800  1613752204
RANDOM_num: 35
removed '/tmp/tmp.ns26sJxdEw'
02/20/21 00:30:05 812216400  1613752205 检查赵签到

real	0m0.863s
user	0m0.031s
sys	0m0.125s
lzkj-isv.isvjcloud.com	FALSE	/	FALSE	1613752807	LZ_TOKEN_VALUE	B0oH3vDY2bhHWuKbVaJ+XQ==
lzkj-isv.isvjcloud.com	FALSE	/	FALSE	1613752807	LZ_TOKEN_KEY	lztokenpage2c807541a6504ed488b9737547d0149b
02/20/21 00:30:08 382452500  1613752208
use pt_key

real	0m1.036s
user	0m0.094s
sys	0m0.094s
02/20/21 00:30:09 690319600  1613752209 token: AAFgL-eRADBcjJ_HYRAnXvpq7lDkkLaFgPxjw_pCMVShxyuoVw95YmCVHfxb5uhfN0qDuHE67Io

real	0m1.506s
user	0m0.125s
sys	0m0.078s
02/20/21 00:30:11 541611100  1613752211 secretPin: 51S2JqsypB/nfj45frYeoU7oeVP9kq2pYSH90mYt4m3fwcJlClpxrfmVYaGKuquQkdK3rLBQpEQH9V4tdrrh0w==

02/20/21 00:30:11 980536500  1613752211 赵签到LIFAair京东自营官方旗舰店

real	0m0.894s
user	0m0.063s
sys	0m0.016s
{
  "msg": "当天只允许签到一次",
  "isOk": false
}
"当天只允许签到一次"
02/20/21 00:30:15 720769200 1613752215
02/20/21 00:30:16 029326000 1613752216 签到LIFAair京东自营官方旗舰店完成
02/20/21 00:32:01 947836200  1613752321
parse error: Invalid numeric literal at line 1, column 10

***********************************************
7天签到 第  天
***********************************************

赵签到LIFAair京东自营官方旗舰店查看结果, 活动规则
<!DOCTYPE html>
<html>
 <head> 
  <title>京东</title> 
  <meta charset="utf-8" /> 
  <meta name="apple-mobile-web-app-capable" content="yes" /> 
  <meta name="viewport" content="width=device-width,initial-scale=1,user-scalable=no,maximum-scale=1,viewport-fit=cover" /> 
  <meta name="format-detection" content="telephone=no" /> 
  <meta name="x5-cache" content="enable" /> 
  <link rel="stylesheet" href="https://storage.360buyimg.com/babel/00162638/333378/production/dev/parser.1526555535098.css?t=20180517191236" /> 
  <style> img {
            opacity: 1 !important;
        } </style> 
  <link href="https://storage.360buyimg.com/babel/00170893/348321/production/dev/index.7320a380.css?t=20180802150952" rel="stylesheet" />
 </head> 
 <body style="background:#fff;" id="root"> 
  <div class="errorPage"> 
  </div> 
  <div class="placeholer"> 
  </div> 
  <script src="https://wl.jd.com/unify.min.js"></script> 
  <script type="text/javascript" src="https://storage.360buyimg.com/babel/00170893/348321/production/dev/index.0f8f4dba.js?t=20180802150952"></script> 
 </body>
</html>

#店铺名称
vendername="LIFAair京东自营官方旗舰店"
#店铺激活码
actId="b422cf6ec97e4d54a7001684c53ccad1"
#店铺id
venderId="10524448"
#长链接
url="https://lzkj-isv.isvjcloud.com/sign/sevenDay/signActivity?activityId=b422cf6ec97e4d54a7001684c53ccad1&venderId=10524448&adsource=tg_xuanFuTuBiao"

startTime=1611649920
endTime=1614241920
# 活动时间：2021-01-26 16:32 - 2021-02-25 16:32；
# 奖励说明：
actRule="
7天签到
连续签到1天：10店铺积分
连续签到2天：1京豆
连续签到3天：20店铺积分
连续签到4天：2京豆
连续签到5天：30店铺积分
连续签到6天：40店铺积分
连续签到7天：5京豆
"
#王 1309893722-164885 sign_res
sign_num=""
sign_res_info="7天签到 第  天"
giftRes=""
giftDate="20210220"
#王 1309893722-164885 sign_res_end
#移动 jd_OeTNobRVGiNZ sign_res
sign_num=""
sign_res_info="7天签到 第  天"
giftRes=""
giftDate="20210220"
#移动 jd_OeTNobRVGiNZ sign_res_end
#肥鹅 jd_4d651d9e48204 sign_res
sign_num=""
sign_res_info="7天签到 第  天"
giftRes=""
giftDate="20210220"
#肥鹅 jd_4d651d9e48204 sign_res_end
#赵 122294312-396444 sign_res
sign_num=""
sign_res_info="7天签到 第  天"
giftRes="ok"
giftDate="20210220"
#赵 122294312-396444 sign_res_end
