03/02/21 00:02:04 137195600  1614614524
RANDOM_num: 25
removed '/tmp/tmp.kxaLB9Me6Z'
03/02/21 00:02:04 597124800  1614614524 检查移动签到

real	0m1.300s
user	0m0.047s
sys	0m0.094s
lzkj-isv.isvjcloud.com	FALSE	/	FALSE	1614615125	LZ_TOKEN_VALUE	B0oH3vDY2bhHWuKbVaJ+XQ==
lzkj-isv.isvjcloud.com	FALSE	/	FALSE	1614615125	LZ_TOKEN_KEY	lztokenpageae2d268c186f4709805e6026f57cd4e2
03/02/21 00:02:06 535333800  1614614526
use wskey

real	0m0.584s
user	0m0.109s
sys	0m0.094s
03/02/21 00:02:07 177849800  1614614527 token: AAFgPQ__ADDx4BI7berovdGuDNIjpmRtVTSXEsLkTCCre9vUdfDWxDLV4TphdNRxJ-NQCIbEtUg

real	0m2.661s
user	0m0.047s
sys	0m0.078s
{"result":false,"data":"400001","count":0,"errorMessage":"活动太火爆，还是去买买买吧"}
03/02/21 00:03:25 242484900  1614614605
签到失败. 写入失败的giftName: 

***********************************************

当天签到奖励 []
连续签到 0 天
签到总天数 0
***********************************************

移动签到英氏YeeHoO旗舰店查看结果
{"msg":"","giftLog":{},"isOk":true,"signDetail":{},"followDays":3,"signRecord":{"nicknameShow":null,"id":"c520b3bb1ddb42d281cf1ab7de58c183","venderId":16732,"actId":"6798964e773a447bba56243fbff38c84","actName":"签到活动","nick":"{\"result\":false,\"data\":\"400001\",\"count\":0,\"errorMessage\":\"活动太火爆，还是去买买买吧\"}","phone":"","midUrl":"","pin":"{\"result\":false,\"data\":\"400001\",\"count\":0,\"errorMessage\":\"活动太火爆，还是去买买买吧\"}","lastSignDate":null,"contiSignNum":0,"totalSignNum":0,"createTime":null,"updateTime":null,"remark":null}}

{
  "signDetail": {},
  "contiSignNum": 0,
  "totalSignNum": 0
}

英氏YeeHoO旗舰店活动规则
{"msg":"","act":{"id":"6798964e773a447bba56243fbff38c84","jdActivityId":null,"venderId":16732,"actName":"签到活动","startTime":1614136740000,"endTime":1614700799000,"tplId":"0110","deleted":null,"actUrl":"https://lzkj-isv.isvjcloud.com/sign/signActivity2?activityId=6798964e773a447bba56243fbff38c84&venderId=16732","shortUrl":"3.cn/10152Q-jS","qrcodeUrl":"https://img10.360buyimg.com/imgzone/jfs/t1/151649/36/18837/3609/6035c598E53998d54/933d66cc23758223.png","actRule":"1、活动时间：2021-02-24 11:19 - 2021-03-02 23:59；
2、符合连续签到赠送条件，则有机会赠送连续签到奖品，同时每日签到奖品不赠送；
3、连续签到3天，有机会赠送[5京豆]；
4、连续签到5天，有机会赠送[10京豆]；
5、连续签到7天，有机会赠送[15京豆]；
6、达到连续签到天数并领取奖品后，签到记录清零，从第1天重新计算；
7、关注店铺后方可参与活动；
8、签到成功后有机会获得奖品，也有可能会与奖品擦肩而过（奖品数量有限，先到先得）；
9、若用户存在刷奖等恶意行为，一经发现将取消抽奖资格（如奖品已经发放，有权追回奖品）；
注：奖品发放形式：
实物奖：
（1）中奖客户信息收集：页面弹屏提示中奖客户提供收货地址、号码和奖项；(超过1小时未填写对应收货信息，视为放弃);
（2）实物奖采取寄送方式发放，获奖用户需在开奖后填写姓名、联系电话、详细地址信息。如因用户原因无法联系上，即奖品作废不再补发，或如用户未填写真实有效的信息或填写收货信息不详，均视为放弃奖品；
虚拟产品奖：
（1）京豆：中奖后系统预计24小时内自动发放至账户；
（2）优惠券：中奖后需手动领取，预计24小时到账；
【活动参与主体资格】
（1）每位自然人用户仅能使用一个京东账号参与活动，微信号、QQ、京东帐号、手机号码等任一信息一致或指向同一用户的，视为同一个用户，则第一个参与本活动的账号参与结果有效，其余账号参与结果均视为无效。
（2）若发现同一位用户使用不同账号重复参与活动，承办方有权取消其获奖资格。
【注意事项】
（1）活动过程中，凡以不正当手段（如作弊领取、恶意套取、刷信誉、虚假交易、扰乱系统、实施网络攻击等）参与本次活动的用户，商家有权终止其参与活动，并取消其获奖资格（如奖品已发放，商家有权追回），如给商家造成损失的，商家将保留向违规用户继续追索的权利。
（2）如遇不可抗力(包括但不限于重大灾害事件、活动受政府机关指令需要停止举办或调整的、活动中存在大面积作弊行为、活动遭受严重网络攻击或因系统故障导致活动中奖名单大批量出错，活动不能正常进行的)，商家有权取消、修改或暂停本活动。
（3）本活动所发放的实物奖不得提现、不得转赠他人、不得为他人付款。
（4）是否中奖以活动发布者后台统计结果为准。
","createTime":1614136728000,"updateTime":1614136728000,"activityType":null,"actTimeStr":"2021-02-24 11:19 至 2021-03-02 23:59","actRange":"all","isFocusShop":"y","giftJson":"{\"giftConditions\":[{\"dayNum\":\"3\",\"gift\":{\"giftInfoId\":\"9627c91e0f98452b8fbb6b9dd6e517de\",\"giftName\":\"5京豆\",\"giftNum\":\"5\",\"giftTotal\":\"5000\",\"giftType\":\"6\",\"id\":\"1156638\",\"priceInfo\":\"0.05\",\"shortLink\":\"\",\"type\":0}},{\"dayNum\":\"5\",\"gift\":{\"giftInfoId\":\"e65a4f470f16428dbb2b35691faa805a\",\"giftName\":\"10京豆\",\"giftNum\":\"10\",\"giftTotal\":\"3000\",\"giftType\":\"6\",\"id\":\"1156638\",\"priceInfo\":\"0.10\",\"shortLink\":\"\",\"type\":0}},{\"dayNum\":\"7\",\"gift\":{\"giftInfoId\":\"5f6611f78a4745f1ab53ed9c96a2137b\",\"giftName\":\"15京豆\",\"giftNum\":\"15\",\"giftTotal\":\"2000\",\"giftType\":\"6\",\"id\":\"1156638\",\"priceInfo\":\"0.15\",\"shortLink\":\"\",\"type\":0}}],\"hasGiftEveryDay\":\"n\",\"signType\":\"1\"}","wxSignActivityGiftBean":{"hasGiftEveryDay":"n","gift":null,"signType":"1","giftConditions":[{"dayNum":"3","gift":{"activityId":null,"activityType":null,"venderId":null,"type":0,"name":null,"itemHb":null,"id":"1156638","giftType":"6","giftName":"5京豆","giftNum":"5","giftTotal":"5000","giftResidue":null,"priceInfo":"0.05","shortLink":"","orginLink":null,"giftInfoId":"9627c91e0f98452b8fbb6b9dd6e517de","commonAddAwardVO":null}},{"dayNum":"5","gift":{"activityId":null,"activityType":null,"venderId":null,"type":0,"name":null,"itemHb":null,"id":"1156638","giftType":"6","giftName":"10京豆","giftNum":"10","giftTotal":"3000","giftResidue":null,"priceInfo":"0.10","shortLink":"","orginLink":null,"giftInfoId":"e65a4f470f16428dbb2b35691faa805a","commonAddAwardVO":null}},{"dayNum":"7","gift":{"activityId":null,"activityType":null,"venderId":null,"type":0,"name":null,"itemHb":null,"id":"1156638","giftType":"6","giftName":"15京豆","giftNum":"15","giftTotal":"2000","giftResidue":null,"priceInfo":"0.15","shortLink":"","orginLink":null,"giftInfoId":"5f6611f78a4745f1ab53ed9c96a2137b","commonAddAwardVO":null}}]},"isShowItems":"y","showItemIds":"10023584440650,10023584422959,10025714051344,10025878008595,10023584452650,10026372198289,10026529803471,68006929640,10026610866343,67822539846,72100281884,10025714088366,10026610850510,10026529799649,10026529809231,10026529777563,10026529777557,10025298654536,10026529812421,10026529799653","jmWareVOList":null,"status":"ING"},"isOk":true}

{
  "actUrl": "https://lzkj-isv.isvjcloud.com/sign/signActivity2?activityId=6798964e773a447bba56243fbff38c84&venderId=16732",
  "shortUrl": "3.cn/10152Q-jS",
  "actRule": "1、活动时间：2021-02-24 11:19 - 2021-03-02 23:59；\n2、符合连续签到赠送条件，则有机会赠送连续签到奖品，同时每日签到奖品不赠送；\n3、连续签到3天，有机会赠送[5京豆]；\n4、连续签到5天，有机会赠送[10京豆]；\n5、连续签到7天，有机会赠送[15京豆]；\n6、达到连续签到天数并领取奖品后，签到记录清零，从第1天重新计算；\n7、关注店铺后方可参与活动；\n8、签到成功后有机会获得奖品，也有可能会与奖品擦肩而过（奖品数量有限，先到先得）；\n9、若用户存在刷奖等恶意行为，一经发现将取消抽奖资格（如奖品已经发放，有权追回奖品）；\n注：奖品发放形式：\n实物奖：\n（1）中奖客户信息收集：页面弹屏提示中奖客户提供收货地址、号码和奖项；(超过1小时未填写对应收货信息，视为放弃);\n（2）实物奖采取寄送方式发放，获奖用户需在开奖后填写姓名、联系电话、详细地址信息。如因用户原因无法联系上，即奖品作废不再补发，或如用户未填写真实有效的信息或填写收货信息不详，均视为放弃奖品；\n虚拟产品奖：\n（1）京豆：中奖后系统预计24小时内自动发放至账户；\n（2）优惠券：中奖后需手动领取，预计24小时到账；\n【活动参与主体资格】\n（1）每位自然人用户仅能使用一个京东账号参与活动，微信号、QQ、京东帐号、手机号码等任一信息一致或指向同一用户的，视为同一个用户，则第一个参与本活动的账号参与结果有效，其余账号参与结果均视为无效。\n（2）若发现同一位用户使用不同账号重复参与活动，承办方有权取消其获奖资格。\n【注意事项】\n（1）活动过程中，凡以不正当手段（如作弊领取、恶意套取、刷信誉、虚假交易、扰乱系统、实施网络攻击等）参与本次活动的用户，商家有权终止其参与活动，并取消其获奖资格（如奖品已发放，商家有权追回），如给商家造成损失的，商家将保留向违规用户继续追索的权利。\n（2）如遇不可抗力(包括但不限于重大灾害事件、活动受政府机关指令需要停止举办或调整的、活动中存在大面积作弊行为、活动遭受严重网络攻击或因系统故障导致活动中奖名单大批量出错，活动不能正常进行的)，商家有权取消、修改或暂停本活动。\n（3）本活动所发放的实物奖不得提现、不得转赠他人、不得为他人付款。\n（4）是否中奖以活动发布者后台统计结果为准。\n"
}
actId=6798964e773a447bba56243fbff38c84
venderId=16732
startTime=1614136740000
endTime=1614700799000
# 短链接
suo_url="https://3.cn/10152Q-jS"
actTimeStr="2021-02-24 11:19 至 2021-03-02 23:59"
#店铺名称
vendername="英氏YeeHoO旗舰店"
# 长链接
url=https://lzkj-isv.isvjcloud.com/sign/signActivity2?activityId=6798964e773a447bba56243fbff38c84&venderId=16732&adsource=tg_xuanFuTuBiao
# 活动时间：2021.02.24 11:19:00 - 2021.03.02 23:59:59
# 奖励说明：
actRule="
连续签到3天：5京豆 5京豆
连续签到5天：10京豆 10京豆
连续签到7天：15京豆 15京豆
"
#赵 122294312-396444 sign_res
sign_res="
signTime=1614556800;signed=2
signTime=1614643200;signed=2"
sign_num="3"
sign_total_num="3"
giftName=""5京豆""
giftRes="ok"
giftDate="20210302"
sign_res_info="
2021/03/01_08:00:00  [已~签~到]      
2021/03/02_08:00:00  [已~签~到]      
当天签到奖励 ["5京豆"]
连续签到 3 天
签到总天数 3"
#赵 122294312-396444 sign_res_end
#肥鹅 jd_4d651d9e48204 sign_res
sign_res="
signTime=1614556800;signed=2
signTime=1614643200;signed=2"
sign_num="3"
sign_total_num="3"
giftName=""5京豆""
giftRes="ok"
giftDate="20210302"
sign_res_info="
2021/03/01_08:00:00  [已~签~到]      
2021/03/02_08:00:00  [已~签~到]      
当天签到奖励 ["5京豆"]
连续签到 3 天
签到总天数 3"
#肥鹅 jd_4d651d9e48204 sign_res_end
#王 1309893722-164885 sign_res
sign_res="
signTime=1614556800;signed=2
signTime=1614643200;signed=2"
sign_num="3"
sign_total_num="3"
giftName="null"
giftRes="ok"
giftDate="20210302"
sign_res_info="
2021/03/01_08:00:00  [已~签~到]      
2021/03/02_08:00:00  [已~签~到]      
当天签到奖励 [null]
连续签到 3 天
签到总天数 3"
#王 1309893722-164885 sign_res_end
#移动 jd_OeTNobRVGiNZ sign_res
sign_res="
"
sign_num="0"
sign_total_num="0"
giftName=""
giftRes=""
giftDate="20210302"
sign_res_info="

当天签到奖励 []
连续签到 0 天
签到总天数 0"
#移动 jd_OeTNobRVGiNZ sign_res_end
