02/20/21 00:02:18 160444700  1613750538
RANDOM_num: 15
removed '/tmp/tmp.EnYZ4K5uhR'
02/20/21 00:02:21 822496600  1613750541 æ£€æŸ¥è‚¥é¹…ç­¾åˆ°

real	0m1.869s
user	0m0.000s
sys	0m0.094s
[WARN] get LZ_TOKEN error
02/20/21 00:02:28 554635100  1613750548
use pt_key

real	0m3.576s
user	0m0.078s
sys	0m0.094s
02/20/21 00:02:33 023384000  1613750553 token: AAFgL-EYADD0GTF3xbZU7lvoRZjDFIxHUGyLW6HUWeZbPFZrYAxE8VJgrrZWqZ_FYK3UyXW9LvE
parse error: Invalid numeric literal at line 1, column 10

real	0m2.843s
user	0m0.109s
sys	0m0.078s
02/20/21 00:02:36 401993300  1613750556 secretPin: 
[WARN] get secretPin error

02/20/21 00:02:37 152477700  1613750557 è‚¥é¹…ç­¾åˆ°æ¯æ—¥é²œè¯­äº¬ä¸œè‡ªè¥æ——èˆ°åº—

real	0m1.954s
user	0m0.047s
sys	0m0.109s
parse error: Invalid numeric literal at line 1, column 10
parse error: Invalid numeric literal at line 1, column 10
parse error: Invalid numeric literal at line 1, column 10
parse error: Invalid numeric literal at line 1, column 10
02/20/21 00:02:46 197639300 1613750566

real	0m2.184s
user	0m0.000s
sys	0m0.000s

real	0m2.758s
user	0m0.016s
sys	0m0.047s
[WARN] get LZ_TOKEN error
02/20/21 00:02:53 935436400  1613750573
use pt_key

real	0m1.608s
user	0m0.141s
sys	0m0.109s
02/20/21 00:02:55 859218100  1613750575 token: AAFgL-EvADDwL5FjrLBug8Io_4lg5WteP11qd_Yh3dnrqFblV71vREVHYWf109eEAF10evJ5Q7E
parse error: Invalid numeric literal at line 1, column 10

real	0m2.014s
user	0m0.125s
sys	0m0.094s
02/20/21 00:02:58 246228300  1613750578 secretPin: 
[WARN] get secretPin error

02/20/21 00:02:58 762830800  1613750578 è‚¥é¹…ç­¾åˆ°æ¯æ—¥é²œè¯­äº¬ä¸œè‡ªè¥æ——èˆ°åº—

real	0m1.055s
user	0m0.031s
sys	0m0.109s
parse error: Invalid numeric literal at line 1, column 10
parse error: Invalid numeric literal at line 1, column 10
parse error: Invalid numeric literal at line 1, column 10
parse error: Invalid numeric literal at line 1, column 10
02/20/21 00:03:04 988463500 1613750584

real	0m4.223s
user	0m0.000s
sys	0m0.047s

real	0m2.673s
user	0m0.047s
sys	0m0.047s
[WARN] get LZ_TOKEN error
02/20/21 00:03:16 067940700  1613750596
use pt_key

real	0m2.658s
user	0m0.078s
sys	0m0.125s
02/20/21 00:03:19 455227300  1613750599 token: AAFgL-FGADCZxB4ae7_lARElQD6absw50zXZuEi1OdObbQ8fqRv2gkbYgsgbmpnkUSLlFIEVq7I
parse error: Invalid numeric literal at line 1, column 10

real	0m3.140s
user	0m0.094s
sys	0m0.094s
02/20/21 00:03:23 131809500  1613750603 secretPin: 
[WARN] get secretPin error

02/20/21 00:03:23 573015200  1613750603 è‚¥é¹…ç­¾åˆ°æ¯æ—¥é²œè¯­äº¬ä¸œè‡ªè¥æ——èˆ°åº—

real	0m1.438s
user	0m0.016s
sys	0m0.094s
parse error: Invalid numeric literal at line 1, column 10
parse error: Invalid numeric literal at line 1, column 10
parse error: Invalid numeric literal at line 1, column 10
parse error: Invalid numeric literal at line 1, column 10
02/20/21 00:03:37 645139900 1613750617

real	0m2.597s
user	0m0.000s
sys	0m0.016s

real	0m2.868s
user	0m0.031s
sys	0m0.063s
[WARN] get LZ_TOKEN error
02/20/21 00:03:45 763939000  1613750625
use pt_key

real	0m1.757s
user	0m0.156s
sys	0m0.109s
02/20/21 00:03:48 202943900  1613750628 token: AAFgL-FjADDcIVeRytFJ-Q_VjFpXO8DaJJ-AAhhjwuaGL1vOOWSleJybr0i1rorax19hr4tmm3o
parse error: Invalid numeric literal at line 1, column 10

real	0m2.248s
user	0m0.125s
sys	0m0.063s
02/20/21 00:03:50 961693000  1613750630 secretPin: 
[WARN] get secretPin error

02/20/21 00:03:51 495451200  1613750631 è‚¥é¹…ç­¾åˆ°æ¯æ—¥é²œè¯­äº¬ä¸œè‡ªè¥æ——èˆ°åº—

real	0m1.717s
user	0m0.031s
sys	0m0.047s
parse error: Invalid numeric literal at line 1, column 10
parse error: Invalid numeric literal at line 1, column 10
parse error: Invalid numeric literal at line 1, column 10
parse error: Invalid numeric literal at line 1, column 10
02/20/21 00:04:11 370509900 1613750651

real	0m2.213s
user	0m0.000s
sys	0m0.016s

real	0m1.477s
user	0m0.031s
sys	0m0.109s
[WARN] get LZ_TOKEN error
02/20/21 00:04:20 054957600  1613750660
use pt_key

real	0m1.439s
user	0m0.109s
sys	0m0.125s
02/20/21 00:04:21 844315700  1613750661 token: AAFgL-GFADBav7pWnci6ySvy6ZfJo4QRZY_o7PfEIn8cGfTEgP69gN_SpEkqdCCoO2YR4P6tBws
parse error: Invalid numeric literal at line 1, column 10

real	0m1.847s
user	0m0.125s
sys	0m0.078s
02/20/21 00:04:24 043661100  1613750664 secretPin: 
[WARN] get secretPin error

02/20/21 00:04:24 513324600  1613750664 è‚¥é¹…ç­¾åˆ°æ¯æ—¥é²œè¯­äº¬ä¸œè‡ªè¥æ——èˆ°åº—

real	0m1.365s
user	0m0.047s
sys	0m0.063s
parse error: Invalid numeric literal at line 1, column 10
parse error: Invalid numeric literal at line 1, column 10
parse error: Invalid numeric literal at line 1, column 10
parse error: Invalid numeric literal at line 1, column 10
02/20/21 00:04:37 867736300 1613750677

real	0m2.869s
user	0m0.000s
sys	0m0.031s

real	0m2.515s
user	0m0.047s
sys	0m0.078s
[WARN] get LZ_TOKEN error
02/20/21 00:04:46 020782200  1613750686
use pt_key

real	0m2.364s
user	0m0.094s
sys	0m0.109s
02/20/21 00:04:48 902056100  1613750688 token: AAFgL-GgADAV69DfbWEIdJt5YOcRD6kL-Lu6tcK0LBmh5n157PIVyr-nCKM0zHxzlnvEsP0jVl0
parse error: Invalid numeric literal at line 1, column 10

real	0m2.437s
user	0m0.109s
sys	0m0.094s
02/20/21 00:04:52 176623600  1613750692 secretPin: 
[WARN] get secretPin error

02/20/21 00:04:52 750334700  1613750692 è‚¥é¹…ç­¾åˆ°æ¯æ—¥é²œè¯­äº¬ä¸œè‡ªè¥æ——èˆ°åº—

real	0m2.546s
user	0m0.016s
sys	0m0.016s
parse error: Invalid numeric literal at line 1, column 10
parse error: Invalid numeric literal at line 1, column 10
parse error: Invalid numeric literal at line 1, column 10
parse error: Invalid numeric literal at line 1, column 10
02/20/21 00:05:12 304000200 1613750712

real	0m2.580s
user	0m0.000s
sys	0m0.000s

real	0m1.374s
user	0m0.047s
sys	0m0.047s
[WARN] get LZ_TOKEN error
02/20/21 00:05:17 355456000  1613750717
use pt_key

real	0m2.244s
user	0m0.156s
sys	0m0.125s
02/20/21 00:05:20 228220400  1613750720 token: AAFgL-G_ADDdBEuBesuwr9oMLRGehMbl4oXUCYRbCZs97f6UH-afrWAN7IOsGNzJ8TwS5pakyq8
parse error: Invalid numeric literal at line 1, column 10

real	0m2.577s
user	0m0.125s
sys	0m0.109s
02/20/21 00:05:23 435212300  1613750723 secretPin: 
[WARN] get secretPin error

02/20/21 00:05:24 483155900  1613750724 è‚¥é¹…ç­¾åˆ°æ¯æ—¥é²œè¯­äº¬ä¸œè‡ªè¥æ——èˆ°åº—

real	0m1.872s
user	0m0.031s
sys	0m0.078s
parse error: Invalid numeric literal at line 1, column 10
parse error: Invalid numeric literal at line 1, column 10
parse error: Invalid numeric literal at line 1, column 10
parse error: Invalid numeric literal at line 1, column 10
02/20/21 00:05:34 335117800 1613750734

real	0m2.860s
user	0m0.000s
sys	0m0.016s

real	0m2.014s
user	0m0.047s
sys	0m0.094s
[WARN] get LZ_TOKEN error
02/20/21 00:05:42 360982800  1613750742
use pt_key

real	0m2.131s
user	0m0.125s
sys	0m0.094s
02/20/21 00:05:45 106877100  1613750745 token: AAFgL-HYADC2wlm4GwcFQ61R7SCw9moFo5q0EOrbWQx5JeHJmJKHhuucM4ctButpGYq9LkomW1w
parse error: Invalid numeric literal at line 1, column 10

real	0m2.346s
user	0m0.063s
sys	0m0.141s
02/20/21 00:05:47 947089000  1613750747 secretPin: 
[WARN] get secretPin error

02/20/21 00:05:48 438538700  1613750748 è‚¥é¹…ç­¾åˆ°æ¯æ—¥é²œè¯­äº¬ä¸œè‡ªè¥æ——èˆ°åº—

real	0m1.662s
user	0m0.031s
sys	0m0.063s
parse error: Invalid numeric literal at line 1, column 10
parse error: Invalid numeric literal at line 1, column 10
parse error: Invalid numeric literal at line 1, column 10
parse error: Invalid numeric literal at line 1, column 10
02/20/21 00:06:01 579552700 1613750761

real	0m2.861s
user	0m0.016s
sys	0m0.031s

real	0m2.361s
user	0m0.047s
sys	0m0.063s
[WARN] get LZ_TOKEN error
02/20/21 00:06:07 753149200  1613750767
use pt_key

real	0m2.128s
user	0m0.125s
sys	0m0.063s
02/20/21 00:06:10 365291800  1613750770 token: AAFgL-HxADCmNEismWS8pL9PVl7_8F-9xtx7GcjKxe290rc3U9Vm45u1DSrQO6s-s0iBcN-sHdc
parse error: Invalid numeric literal at line 1, column 10

real	0m2.197s
user	0m0.125s
sys	0m0.125s
02/20/21 00:06:13 037635100  1613750773 secretPin: 
[WARN] get secretPin error

02/20/21 00:06:13 445952500  1613750773 è‚¥é¹…ç­¾åˆ°æ¯æ—¥é²œè¯­äº¬ä¸œè‡ªè¥æ——èˆ°åº—

real	0m1.274s
user	0m0.016s
sys	0m0.094s
parse error: Invalid numeric literal at line 1, column 10
parse error: Invalid numeric literal at line 1, column 10
parse error: Invalid numeric literal at line 1, column 10
parse error: Invalid numeric literal at line 1, column 10
02/20/21 00:06:24 272019500 1613750784

real	0m3.002s
user	0m0.000s
sys	0m0.031s

real	0m2.452s
user	0m0.047s
sys	0m0.063s
[WARN] get LZ_TOKEN error
02/20/21 00:06:32 922541100  1613750792
use pt_key

real	0m1.412s
user	0m0.109s
sys	0m0.125s
02/20/21 00:06:34 870213900  1613750794 token: AAFgL-IKADBXSBmTFbOH08bx6bDJhcuG1VylIFF_MRk7f1kRTNk8c_vv6UhIJ4g4jATqqDOj0Xw
parse error: Invalid numeric literal at line 1, column 10

real	0m2.072s
user	0m0.141s
sys	0m0.078s
02/20/21 00:06:37 337114900  1613750797 secretPin: 
[WARN] get secretPin error

02/20/21 00:06:37 681667000  1613750797 è‚¥é¹…ç­¾åˆ°æ¯æ—¥é²œè¯­äº¬ä¸œè‡ªè¥æ——èˆ°åº—

real	0m1.263s
user	0m0.031s
sys	0m0.078s
parse error: Invalid numeric literal at line 1, column 10
parse error: Invalid numeric literal at line 1, column 10
parse error: Invalid numeric literal at line 1, column 10
parse error: Invalid numeric literal at line 1, column 10
02/20/21 00:06:45 417776000 1613750805

real	0m3.413s
user	0m0.000s
sys	0m0.000s

real	0m3.128s
user	0m0.063s
sys	0m0.063s
[WARN] get LZ_TOKEN error
02/20/21 00:06:53 431835300  1613750813
use pt_key

real	0m3.095s
user	0m0.063s
sys	0m0.141s
02/20/21 00:06:57 193609300  1613750817 token: AAFgL-IfADDv_Tcwdwe9d3XzS9Ua5tu5N4x_wZzR5z_nGQ0m3g94nm3GJR8Mxtg7MCEBcl_x-DM
parse error: Invalid numeric literal at line 1, column 10

real	0m1.583s
user	0m0.125s
sys	0m0.125s
02/20/21 00:07:00 379055700  1613750820 secretPin: 
[WARN] get secretPin error

02/20/21 00:07:01 278638600  1613750821 è‚¥é¹…ç­¾åˆ°æ¯æ—¥é²œè¯­äº¬ä¸œè‡ªè¥æ——èˆ°åº—

real	0m1.523s
user	0m0.016s
sys	0m0.109s
parse error: Invalid numeric literal at line 1, column 10
parse error: Invalid numeric literal at line 1, column 10
parse error: Invalid numeric literal at line 1, column 10
parse error: Invalid numeric literal at line 1, column 10
02/20/21 00:07:11 610722300 1613750831

real	0m3.667s
user	0m0.000s
sys	0m0.063s

real	0m1.636s
user	0m0.047s
sys	0m0.094s
[WARN] get LZ_TOKEN error
02/20/21 00:07:19 087033500  1613750839
use pt_key

real	0m2.109s
user	0m0.141s
sys	0m0.078s
02/20/21 00:07:21 989986400  1613750841 token: AAFgL-I4ADAbl6kPIKun53o3Q97HDO1W94deZREnE1Zf3V8X3VcMYK2XPEGiacSoA7eGhKHZPHI
parse error: Invalid numeric literal at line 1, column 10

real	0m2.422s
user	0m0.109s
sys	0m0.047s
02/20/21 00:07:25 202264400  1613750845 secretPin: 
[WARN] get secretPin error

02/20/21 00:07:25 661394500  1613750845 è‚¥é¹…ç­¾åˆ°æ¯æ—¥é²œè¯­äº¬ä¸œè‡ªè¥æ——èˆ°åº—

real	0m1.652s
user	0m0.047s
sys	0m0.047s
parse error: Invalid numeric literal at line 1, column 10
parse error: Invalid numeric literal at line 1, column 10
parse error: Invalid numeric literal at line 1, column 10
parse error: Invalid numeric literal at line 1, column 10
02/20/21 00:07:39 402668700 1613750859

real	0m3.423s
user	0m0.000s
sys	0m0.031s

real	0m1.634s
user	0m0.016s
sys	0m0.094s
[WARN] get LZ_TOKEN error
02/20/21 00:07:45 612511800  1613750865
use pt_key

real	0m2.969s
user	0m0.109s
sys	0m0.141s
02/20/21 00:07:49 236831700  1613750869 token: AAFgL-JUADAG767CEWX6tCOZ-Umd4574pgT2U7fHglAitX1k_5wHD5IZkrz_RF_LwLnfWTwvknI
parse error: Invalid numeric literal at line 1, column 10

real	0m3.060s
user	0m0.125s
sys	0m0.063s
02/20/21 00:07:52 914810400  1613750872 secretPin: 
[WARN] get secretPin error

02/20/21 00:07:53 565583500  1613750873 è‚¥é¹…ç­¾åˆ°æ¯æ—¥é²œè¯­äº¬ä¸œè‡ªè¥æ——èˆ°åº—

real	0m2.021s
user	0m0.063s
sys	0m0.031s
parse error: Invalid numeric literal at line 1, column 10
parse error: Invalid numeric literal at line 1, column 10
parse error: Invalid numeric literal at line 1, column 10
parse error: Invalid numeric literal at line 1, column 10
02/20/21 00:08:03 792054400 1613750883

real	0m3.414s
user	0m0.000s
sys	0m0.031s

real	0m1.239s
user	0m0.063s
sys	0m0.078s
[WARN] get LZ_TOKEN error
02/20/21 00:08:09 958720200  1613750889
use pt_key

real	0m1.955s
user	0m0.078s
sys	0m0.109s
02/20/21 00:08:12 379452800  1613750892 token: AAFgL-JrADCfaMTVlaPnd-OXXzw6sTK7jq0hGZTp8yWwXVaRYBjG32sTeYsz5Erbn5zuaK__vEg
parse error: Invalid numeric literal at line 1, column 10

real	0m1.924s
user	0m0.094s
sys	0m0.094s
02/20/21 00:08:14 686234000  1613750894 secretPin: 
[WARN] get secretPin error

02/20/21 00:08:15 275519700  1613750895 è‚¥é¹…ç­¾åˆ°æ¯æ—¥é²œè¯­äº¬ä¸œè‡ªè¥æ——èˆ°åº—

real	0m2.019s
user	0m0.078s
sys	0m0.063s
parse error: Invalid numeric literal at line 1, column 10
parse error: Invalid numeric literal at line 1, column 10
parse error: Invalid numeric literal at line 1, column 10
parse error: Invalid numeric literal at line 1, column 10
02/20/21 00:08:28 098528300 1613750908

real	0m5.516s
user	0m0.000s
sys	0m0.016s

real	0m1.384s
user	0m0.016s
sys	0m0.094s
[WARN] get LZ_TOKEN error
02/20/21 00:08:37 627497100  1613750917
use pt_key

real	0m1.808s
user	0m0.156s
sys	0m0.063s
02/20/21 00:08:39 869851500  1613750919 token: AAFgL-KHADB6v2Q6hYGvDi06VwrFpyVHa_W1-q6bbHer39aGWeF0iLsqfJBqqvY8ecmUGmWYOC0
parse error: Invalid numeric literal at line 1, column 10

real	0m1.805s
user	0m0.141s
sys	0m0.094s
02/20/21 00:08:42 167421900  1613750922 secretPin: 
[WARN] get secretPin error

02/20/21 00:08:42 731207700  1613750922 è‚¥é¹…ç­¾åˆ°æ¯æ—¥é²œè¯­äº¬ä¸œè‡ªè¥æ——èˆ°åº—

real	0m1.635s
user	0m0.063s
sys	0m0.063s
parse error: Invalid numeric literal at line 1, column 10
parse error: Invalid numeric literal at line 1, column 10
parse error: Invalid numeric literal at line 1, column 10
parse error: Invalid numeric literal at line 1, column 10
02/20/21 00:08:51 765707800 1613750931

real	0m4.437s
user	0m0.000s
sys	0m0.016s

real	0m1.519s
user	0m0.031s
sys	0m0.109s
[WARN] get LZ_TOKEN error
02/20/21 00:08:59 835768500  1613750939
use pt_key

real	0m1.422s
user	0m0.109s
sys	0m0.078s
02/20/21 00:09:01 651625500  1613750941 token: AAFgL-KdADB7DIHqN3CGsA98otQ98LeMEupvJMz4xtBOs9O6_jPMYf_Jr_oGibB9aXcbC4bHyMA
parse error: Invalid numeric literal at line 1, column 10

real	0m1.542s
user	0m0.109s
sys	0m0.109s
02/20/21 00:09:03 511504600  1613750943 secretPin: 
[WARN] get secretPin error

02/20/21 00:09:03 804191100  1613750943 è‚¥é¹…ç­¾åˆ°æ¯æ—¥é²œè¯­äº¬ä¸œè‡ªè¥æ——èˆ°åº—

real	0m1.220s
user	0m0.031s
sys	0m0.094s
parse error: Invalid numeric literal at line 1, column 10
parse error: Invalid numeric literal at line 1, column 10
parse error: Invalid numeric literal at line 1, column 10
parse error: Invalid numeric literal at line 1, column 10
02/20/21 00:09:16 420104100 1613750956

real	0m4.282s
user	0m0.000s
sys	0m0.047s

real	0m1.427s
user	0m0.031s
sys	0m0.109s
[WARN] get LZ_TOKEN error
02/20/21 00:09:23 129967100  1613750963
use pt_key

real	0m1.773s
user	0m0.141s
sys	0m0.078s
02/20/21 00:09:25 594196000  1613750965 token: AAFgL-K0ADDPBVUO1UdFix3t8ojGLTkoMzlnAh3SiD6uj0OtmIQfDUMErpRECjbaLTOPs_7dFbg
parse error: Invalid numeric literal at line 1, column 10

real	0m2.081s
user	0m0.125s
sys	0m0.078s
02/20/21 00:09:28 215657300  1613750968 secretPin: 
[WARN] get secretPin error

02/20/21 00:09:28 868635700  1613750968 è‚¥é¹…ç­¾åˆ°æ¯æ—¥é²œè¯­äº¬ä¸œè‡ªè¥æ——èˆ°åº—

real	0m2.071s
user	0m0.016s
sys	0m0.094s
parse error: Invalid numeric literal at line 1, column 10
parse error: Invalid numeric literal at line 1, column 10
parse error: Invalid numeric literal at line 1, column 10
parse error: Invalid numeric literal at line 1, column 10
02/20/21 00:09:39 178162300 1613750979

real	0m4.776s
user	0m0.000s
sys	0m0.000s

real	0m1.535s
user	0m0.016s
sys	0m0.094s
[WARN] get LZ_TOKEN error
02/20/21 00:09:48 280160700  1613750988
use pt_key

real	0m2.419s
user	0m0.141s
sys	0m0.109s
02/20/21 00:09:51 183570000  1613750991 token: AAFgL-LOADCHt8JmfBHsh6yqplhiAj4OjwsWmiZqWFS-afcP8H50MnmUR2_gFPt9w4IQueWZOUU
parse error: Invalid numeric literal at line 1, column 10

real	0m2.930s
user	0m0.156s
sys	0m0.047s
02/20/21 00:09:55 073197200  1613750995 secretPin: 
[WARN] get secretPin error

02/20/21 00:09:55 705440600  1613750995 è‚¥é¹…ç­¾åˆ°æ¯æ—¥é²œè¯­äº¬ä¸œè‡ªè¥æ——èˆ°åº—

real	0m2.030s
user	0m0.031s
sys	0m0.063s
parse error: Invalid numeric literal at line 1, column 10
parse error: Invalid numeric literal at line 1, column 10
parse error: Invalid numeric literal at line 1, column 10
parse error: Invalid numeric literal at line 1, column 10
02/20/21 00:10:06 452755100 1613751006

real	0m4.935s
user	0m0.000s
sys	0m0.078s

real	0m1.577s
user	0m0.000s
sys	0m0.094s
[WARN] get LZ_TOKEN error
02/20/21 00:10:15 765372500  1613751015
use pt_key

real	0m1.273s
user	0m0.078s
sys	0m0.078s
02/20/21 00:10:17 438147500  1613751017 token: AAFgL-LoADDj0ia3jBbFzAL-Z47Fu-fVgXo2QYIVgtkJj0N1MykYdnO5YMFBJerBJJcbM2DC4H4
parse error: Invalid numeric literal at line 1, column 10

real	0m2.336s
user	0m0.109s
sys	0m0.031s
02/20/21 00:10:20 183572900  1613751020 secretPin: 
[WARN] get secretPin error

02/20/21 00:10:20 718190300  1613751020 è‚¥é¹…ç­¾åˆ°æ¯æ—¥é²œè¯­äº¬ä¸œè‡ªè¥æ——èˆ°åº—

real	0m1.640s
user	0m0.047s
sys	0m0.031s
parse error: Invalid numeric literal at line 1, column 10
parse error: Invalid numeric literal at line 1, column 10
parse error: Invalid numeric literal at line 1, column 10
parse error: Invalid numeric literal at line 1, column 10
02/20/21 00:10:38 375982900 1613751038

real	0m5.036s
user	0m0.000s
sys	0m0.047s

real	0m1.464s
user	0m0.016s
sys	0m0.063s
[WARN] get LZ_TOKEN error
02/20/21 00:10:46 172751500  1613751046
use pt_key

real	0m1.550s
user	0m0.125s
sys	0m0.063s
02/20/21 00:10:48 082807700  1613751048 token: AAFgL-MHADDIMJyIjqzrtiOcvWxkS1GX6U6YFnlyvAl1gFjncxls-0McuI6BYfZfkKuinBpCi1M
parse error: Invalid numeric literal at line 1, column 10

real	0m1.736s
user	0m0.141s
sys	0m0.063s
02/20/21 00:10:50 199692200  1613751050 secretPin: 
[WARN] get secretPin error

02/20/21 00:10:50 525453000  1613751050 è‚¥é¹…ç­¾åˆ°æ¯æ—¥é²œè¯­äº¬ä¸œè‡ªè¥æ——èˆ°åº—

real	0m1.354s
user	0m0.031s
sys	0m0.063s
parse error: Invalid numeric literal at line 1, column 10
parse error: Invalid numeric literal at line 1, column 10
parse error: Invalid numeric literal at line 1, column 10
parse error: Invalid numeric literal at line 1, column 10
02/20/21 00:10:57 499811000 1613751057

real	0m5.023s
user	0m0.000s
sys	0m0.031s
02/20/21 00:11:49 683099500  1613751109
parse error: Invalid numeric literal at line 1, column 10
parse error: Invalid numeric literal at line 1, column 10
parse error: Invalid numeric literal at line 1, column 10
parse error: Invalid numeric literal at line 1, column 10

***********************************************

å½“å¤©ç­¾åˆ°å¥–åŠ± 
è¿ç»­ç­¾åˆ°  å¤©
ç­¾åˆ°æ€»å¤©æ•° 
***********************************************

è‚¥é¹…ç­¾åˆ°æ¯æ—¥é²œè¯­äº¬ä¸œè‡ªè¥æ——èˆ°åº—æŸ¥çœ‹ç»“æœ
<!DOCTYPE html>
<html>
 <head> 
  <title>äº¬ä¸œ</title> 
  <meta charset="utf-8" /> 
  <meta name="apple-mobile-web-app-capable" content="yes" /> 
  <meta name="viewport" content="width=device-width,initial-scale=1,user-scalable=no,maximum-scale=1,viewport-fit=cover" /> 
  <meta name="format-detection" content="telephone=no" /> 
  <meta name="x5-cache" content="enable" /> 
  <link rel="stylesheet" href="https://storage.360buyimg.com/babel/00162638/333378/production/dev/parser.1526555535098.css?t=20180517191236" /> 
  <style> img {
            opacity: 1 !important;
        } </style> 
  <link href="https://storage.360buyimg.com/babel/00170893/348321/production/dev/index.7320a380.css?t=20180802150952" rel="stylesheet" />
 </head> 
 <body style="background:#fff;" id="root"> 
  <div class="errorPage"> 
  </div> 
  <div class="placeholer"> 
  </div> 
  <script src="https://wl.jd.com/unify.min.js"></script> 
  <script type="text/javascript" src="https://storage.360buyimg.com/babel/00170893/348321/production/dev/index.0f8f4dba.js?t=20180802150952"></script> 
 </body>
</html>

parse error: Invalid numeric literal at line 1, column 10
[0;31;3mRUN  at {283:<--} ERROR CODE: 4[0m [0;31;3m[20210220 00:11:50] [ERROR] [0m

