02/20/21 00:02:17 375963400  1613750537
RANDOM_num: 10
removed '/tmp/tmp.sWDZIIeJtC'
02/20/21 00:02:20 127016700  1613750540 æ£€æŸ¥ç‹ç­¾åˆ°

real	0m2.148s
user	0m0.016s
sys	0m0.078s
[WARN] get LZ_TOKEN error
02/20/21 00:02:27 433049700  1613750547
use pt_key

real	0m1.430s
user	0m0.125s
sys	0m0.047s
02/20/21 00:02:30 403239300  1613750550 token: AAFgL-EUADBxs6BpKrY-Wpa6NBV5pzVrtMqtJZ7KYkBOm9SfQbseWj0fIAnNU_BPkVnyYg5W7l0
parse error: Invalid numeric literal at line 1, column 10

real	0m1.837s
user	0m0.109s
sys	0m0.094s
02/20/21 00:02:32 904098300  1613750552 secretPin: 
[WARN] get secretPin error

02/20/21 00:02:33 506403500  1613750553 ç‹ç­¾åˆ°æ¯æ—¥é²œè¯­äº¬ä¸œè‡ªè¥æ——èˆ°åº—

real	0m2.290s
user	0m0.063s
sys	0m0.109s
parse error: Invalid numeric literal at line 1, column 10
parse error: Invalid numeric literal at line 1, column 10
parse error: Invalid numeric literal at line 1, column 10
parse error: Invalid numeric literal at line 1, column 10
02/20/21 00:02:42 288743800 1613750562

real	0m2.517s
user	0m0.000s
sys	0m0.047s

real	0m2.285s
user	0m0.063s
sys	0m0.078s
[WARN] get LZ_TOKEN error
02/20/21 00:02:50 863150100  1613750570
use pt_key

real	0m1.694s
user	0m0.109s
sys	0m0.125s
02/20/21 00:02:52 960430000  1613750572 token: AAFgL-EsADBthExW2jUGhGDc9vWaJjbErnPVMgfE78RFtUdP1naYBuZaDexG37tsaw_0-Xi7ICI
parse error: Invalid numeric literal at line 1, column 10

real	0m1.771s
user	0m0.125s
sys	0m0.109s
02/20/21 00:02:55 049519200  1613750575 secretPin: 
[WARN] get secretPin error

02/20/21 00:02:55 411257600  1613750575 ç‹ç­¾åˆ°æ¯æ—¥é²œè¯­äº¬ä¸œè‡ªè¥æ——èˆ°åº—

real	0m2.088s
user	0m0.047s
sys	0m0.047s
parse error: Invalid numeric literal at line 1, column 10
parse error: Invalid numeric literal at line 1, column 10
parse error: Invalid numeric literal at line 1, column 10
parse error: Invalid numeric literal at line 1, column 10
02/20/21 00:03:04 022579700 1613750584

real	0m1.858s
user	0m0.000s
sys	0m0.031s

real	0m3.932s
user	0m0.016s
sys	0m0.031s
[WARN] get LZ_TOKEN error
02/20/21 00:03:15 566398300  1613750595
use pt_key

real	0m2.135s
user	0m0.094s
sys	0m0.063s
02/20/21 00:03:18 126849900  1613750598 token: AAFgL-FFADDHYsacTO__xrVKOc1oY7Q4PtZBQ9CbKMLwTjOb-uwuZududlOIn-p1FOwHV3AtNF4
parse error: Invalid numeric literal at line 1, column 10

real	0m3.342s
user	0m0.078s
sys	0m0.156s
02/20/21 00:03:22 241504400  1613750602 secretPin: 
[WARN] get secretPin error

02/20/21 00:03:22 902107500  1613750602 ç‹ç­¾åˆ°æ¯æ—¥é²œè¯­äº¬ä¸œè‡ªè¥æ——èˆ°åº—

real	0m1.712s
user	0m0.047s
sys	0m0.063s
parse error: Invalid numeric literal at line 1, column 10
parse error: Invalid numeric literal at line 1, column 10
parse error: Invalid numeric literal at line 1, column 10
parse error: Invalid numeric literal at line 1, column 10
02/20/21 00:03:38 935180500 1613750618

real	0m2.936s
user	0m0.000s
sys	0m0.016s

real	0m3.064s
user	0m0.016s
sys	0m0.063s
[WARN] get LZ_TOKEN error
02/20/21 00:03:49 377785700  1613750629
use pt_key

real	0m2.051s
user	0m0.109s
sys	0m0.047s
02/20/21 00:03:52 124605600  1613750632 token: AAFgL-FnADCUmTF0TOsx2Pr-WvFm011EdN6Bnq3IVUPmgQJSaH656mzzbEEY-M25oTrHpyd4JGo
parse error: Invalid numeric literal at line 1, column 10

real	0m2.082s
user	0m0.125s
sys	0m0.078s
02/20/21 00:03:54 739707900  1613750634 secretPin: 
[WARN] get secretPin error

02/20/21 00:03:55 254379100  1613750635 ç‹ç­¾åˆ°æ¯æ—¥é²œè¯­äº¬ä¸œè‡ªè¥æ——èˆ°åº—

real	0m1.218s
user	0m0.016s
sys	0m0.094s
parse error: Invalid numeric literal at line 1, column 10
parse error: Invalid numeric literal at line 1, column 10
parse error: Invalid numeric literal at line 1, column 10
parse error: Invalid numeric literal at line 1, column 10
02/20/21 00:04:20 519854800 1613750660

real	0m2.078s
user	0m0.000s
sys	0m0.031s

real	0m1.488s
user	0m0.031s
sys	0m0.063s
[WARN] get LZ_TOKEN error
02/20/21 00:04:28 223451600  1613750668
use pt_key

real	0m1.252s
user	0m0.125s
sys	0m0.063s
02/20/21 00:04:30 121664900  1613750670 token: AAFgL-GNADDXTyJHzR7e45eIYs332YZFsF0UYjnfKGMPnGTTDsnjS2GZyvUEC3KTf2eK1Vpb35U
parse error: Invalid numeric literal at line 1, column 10

real	0m1.988s
user	0m0.125s
sys	0m0.078s
02/20/21 00:04:32 673251800  1613750672 secretPin: 
[WARN] get secretPin error

02/20/21 00:04:33 207232000  1613750673 ç‹ç­¾åˆ°æ¯æ—¥é²œè¯­äº¬ä¸œè‡ªè¥æ——èˆ°åº—

real	0m2.592s
user	0m0.031s
sys	0m0.125s
parse error: Invalid numeric literal at line 1, column 10
parse error: Invalid numeric literal at line 1, column 10
parse error: Invalid numeric literal at line 1, column 10
parse error: Invalid numeric literal at line 1, column 10
02/20/21 00:04:50 652250600 1613750690

real	0m2.769s
user	0m0.000s
sys	0m0.000s

real	0m1.809s
user	0m0.031s
sys	0m0.047s
[WARN] get LZ_TOKEN error
02/20/21 00:05:01 731035200  1613750701
use pt_key

real	0m1.725s
user	0m0.063s
sys	0m0.125s
02/20/21 00:05:04 219144700  1613750704 token: AAFgL-GvADB3nIcZX_cblxXtKjHSXPQPUwJ449MgFtksUxUx5L1LwLQP5zLywTFccOhCNocWC2k
parse error: Invalid numeric literal at line 1, column 10

real	0m2.570s
user	0m0.172s
sys	0m0.141s
02/20/21 00:05:07 591358900  1613750707 secretPin: 
[WARN] get secretPin error

02/20/21 00:05:08 357071700  1613750708 ç‹ç­¾åˆ°æ¯æ—¥é²œè¯­äº¬ä¸œè‡ªè¥æ——èˆ°åº—

real	0m1.863s
user	0m0.047s
sys	0m0.047s
parse error: Invalid numeric literal at line 1, column 10
parse error: Invalid numeric literal at line 1, column 10
parse error: Invalid numeric literal at line 1, column 10
parse error: Invalid numeric literal at line 1, column 10
02/20/21 00:05:18 176202500 1613750718

real	0m3.116s
user	0m0.000s
sys	0m0.063s

real	0m2.031s
user	0m0.047s
sys	0m0.094s
[WARN] get LZ_TOKEN error
02/20/21 00:05:25 160838800  1613750725
use pt_key

real	0m1.929s
user	0m0.125s
sys	0m0.047s
02/20/21 00:05:27 793426200  1613750727 token: AAFgL-HGADCFCy2pm7kXTXvDhE6nZLgQwU-qeGfnzXZIkegalfEFMKN4plHKEjogtk5JjJnEues
parse error: Invalid numeric literal at line 1, column 10

real	0m3.416s
user	0m0.125s
sys	0m0.094s
02/20/21 00:05:31 819521500  1613750731 secretPin: 
[WARN] get secretPin error

02/20/21 00:05:32 431000600  1613750732 ç‹ç­¾åˆ°æ¯æ—¥é²œè¯­äº¬ä¸œè‡ªè¥æ——èˆ°åº—

real	0m1.240s
user	0m0.031s
sys	0m0.031s
parse error: Invalid numeric literal at line 1, column 10
parse error: Invalid numeric literal at line 1, column 10
parse error: Invalid numeric literal at line 1, column 10
parse error: Invalid numeric literal at line 1, column 10
02/20/21 00:05:42 171883000 1613750742

real	0m2.912s
user	0m0.000s
sys	0m0.047s

real	0m1.894s
user	0m0.016s
sys	0m0.078s
[WARN] get LZ_TOKEN error
02/20/21 00:05:49 919694300  1613750749
use pt_key

real	0m1.694s
user	0m0.094s
sys	0m0.109s
02/20/21 00:05:52 403213800  1613750752 token: AAFgL-HfADC6Q0FTeGxx3Y6oZhCw3ydirxaMWWR-BkUx_R1lOWDqaXFB8Tnx5XMqgQasC873pjE
parse error: Invalid numeric literal at line 1, column 10

real	0m2.522s
user	0m0.141s
sys	0m0.141s
02/20/21 00:05:55 481103500  1613750755 secretPin: 
[WARN] get secretPin error

02/20/21 00:05:55 832616600  1613750755 ç‹ç­¾åˆ°æ¯æ—¥é²œè¯­äº¬ä¸œè‡ªè¥æ——èˆ°åº—

real	0m2.010s
user	0m0.047s
sys	0m0.094s
parse error: Invalid numeric literal at line 1, column 10
parse error: Invalid numeric literal at line 1, column 10
parse error: Invalid numeric literal at line 1, column 10
parse error: Invalid numeric literal at line 1, column 10
02/20/21 00:06:10 038203100 1613750770

real	0m2.998s
user	0m0.000s
sys	0m0.047s

real	0m2.014s
user	0m0.016s
sys	0m0.109s
[WARN] get LZ_TOKEN error
02/20/21 00:06:16 623662400  1613750776
use pt_key

real	0m1.601s
user	0m0.063s
sys	0m0.078s
02/20/21 00:06:18 764048200  1613750778 token: AAFgL-H6ADBVjAkI8RhTC7ly2nj8I4MGrdWO2Bu0StgvA6GI-w4gizr0VlvCtus3SMfMaeZ3I9s
parse error: Invalid numeric literal at line 1, column 10

real	0m2.386s
user	0m0.141s
sys	0m0.063s
02/20/21 00:06:21 528195700  1613750781 secretPin: 
[WARN] get secretPin error

02/20/21 00:06:22 017588200  1613750782 ç‹ç­¾åˆ°æ¯æ—¥é²œè¯­äº¬ä¸œè‡ªè¥æ——èˆ°åº—

real	0m1.752s
user	0m0.016s
sys	0m0.063s
parse error: Invalid numeric literal at line 1, column 10
parse error: Invalid numeric literal at line 1, column 10
parse error: Invalid numeric literal at line 1, column 10
parse error: Invalid numeric literal at line 1, column 10
02/20/21 00:06:34 978677000 1613750794

real	0m3.307s
user	0m0.000s
sys	0m0.031s

real	0m1.336s
user	0m0.016s
sys	0m0.078s
[WARN] get LZ_TOKEN error
02/20/21 00:06:41 088641700  1613750801
use pt_key

real	0m1.297s
user	0m0.078s
sys	0m0.156s
02/20/21 00:06:42 666657200  1613750802 token: AAFgL-ISADBqkHToy1OkrerEGWQNdR73hsGcwy88Yolei0VYo2rLd6FPVZpffI8YgTDSOLbZdgk
parse error: Invalid numeric literal at line 1, column 10

real	0m1.662s
user	0m0.125s
sys	0m0.063s
02/20/21 00:06:44 702349800  1613750804 secretPin: 
[WARN] get secretPin error

02/20/21 00:06:45 108141900  1613750805 ç‹ç­¾åˆ°æ¯æ—¥é²œè¯­äº¬ä¸œè‡ªè¥æ——èˆ°åº—

real	0m2.033s
user	0m0.047s
sys	0m0.047s
parse error: Invalid numeric literal at line 1, column 10
parse error: Invalid numeric literal at line 1, column 10
parse error: Invalid numeric literal at line 1, column 10
parse error: Invalid numeric literal at line 1, column 10
02/20/21 00:06:52 994091100 1613750812

real	0m3.363s
user	0m0.000s
sys	0m0.047s

real	0m3.875s
user	0m0.016s
sys	0m0.125s
[WARN] get LZ_TOKEN error
02/20/21 00:07:03 203430000  1613750823
use pt_key

real	0m1.978s
user	0m0.141s
sys	0m0.078s
02/20/21 00:07:05 666009500  1613750825 token: AAFgL-IoADCcD37c_puVptLXWRdIQ4X4pJY9U5JCY-GuZSsxynEhC2WVU-9W_kQDeTKrJdbAKwI
parse error: Invalid numeric literal at line 1, column 10

real	0m1.698s
user	0m0.078s
sys	0m0.063s
02/20/21 00:07:07 991217000  1613750827 secretPin: 
[WARN] get secretPin error

02/20/21 00:07:08 445034200  1613750828 ç‹ç­¾åˆ°æ¯æ—¥é²œè¯­äº¬ä¸œè‡ªè¥æ——èˆ°åº—

real	0m1.561s
user	0m0.000s
sys	0m0.078s
parse error: Invalid numeric literal at line 1, column 10
parse error: Invalid numeric literal at line 1, column 10
parse error: Invalid numeric literal at line 1, column 10
parse error: Invalid numeric literal at line 1, column 10
02/20/21 00:07:17 251796200 1613750837

real	0m3.562s
user	0m0.016s
sys	0m0.016s

real	0m2.903s
user	0m0.047s
sys	0m0.063s
[WARN] get LZ_TOKEN error
02/20/21 00:07:25 820297600  1613750845
use pt_key

real	0m2.205s
user	0m0.094s
sys	0m0.063s
02/20/21 00:07:28 681400700  1613750848 token: AAFgL-I_ADAn-7kxeL_xa-UPrgiHeJSQE7WxyFn4615zGWRSVYo-V4Db8X1-tCOYOVRbNBQxucs
parse error: Invalid numeric literal at line 1, column 10

real	0m2.673s
user	0m0.094s
sys	0m0.203s
02/20/21 00:07:31 703579600  1613750851 secretPin: 
[WARN] get secretPin error

02/20/21 00:07:32 000106700  1613750852 ç‹ç­¾åˆ°æ¯æ—¥é²œè¯­äº¬ä¸œè‡ªè¥æ——èˆ°åº—

real	0m1.414s
user	0m0.078s
sys	0m0.063s
parse error: Invalid numeric literal at line 1, column 10
parse error: Invalid numeric literal at line 1, column 10
parse error: Invalid numeric literal at line 1, column 10
parse error: Invalid numeric literal at line 1, column 10
02/20/21 00:07:40 277300500 1613750860

real	0m3.399s
user	0m0.016s
sys	0m0.047s

real	0m2.469s
user	0m0.031s
sys	0m0.063s
[WARN] get LZ_TOKEN error
02/20/21 00:07:48 859527100  1613750868
use pt_key

real	0m2.282s
user	0m0.125s
sys	0m0.047s
02/20/21 00:07:51 772473800  1613750871 token: AAFgL-JWADCMsfHu81_YtW-_4IL-SvYNe7FU5QXq2ygkX3ienVUI9NHEYF5X89mKVsYAMnT_g_0
parse error: Invalid numeric literal at line 1, column 10

real	0m2.457s
user	0m0.078s
sys	0m0.078s
02/20/21 00:07:54 821534100  1613750874 secretPin: 
[WARN] get secretPin error

02/20/21 00:07:55 457147500  1613750875 ç‹ç­¾åˆ°æ¯æ—¥é²œè¯­äº¬ä¸œè‡ªè¥æ——èˆ°åº—

real	0m1.596s
user	0m0.016s
sys	0m0.078s
parse error: Invalid numeric literal at line 1, column 10
parse error: Invalid numeric literal at line 1, column 10
parse error: Invalid numeric literal at line 1, column 10
parse error: Invalid numeric literal at line 1, column 10
02/20/21 00:08:04 091346400 1613750884

real	0m3.552s
user	0m0.000s
sys	0m0.047s

real	0m1.365s
user	0m0.063s
sys	0m0.063s
[WARN] get LZ_TOKEN error
02/20/21 00:08:10 114402100  1613750890
use pt_key

real	0m1.617s
user	0m0.141s
sys	0m0.047s
02/20/21 00:08:12 015509900  1613750892 token: AAFgL-JrADA6g4DzL9irduSv9v45EMcRQM2IYDphyqDtzHW6N35dcsN2iXABZTZyc257poD0aF0
parse error: Invalid numeric literal at line 1, column 10

real	0m1.781s
user	0m0.109s
sys	0m0.125s
02/20/21 00:08:14 302951400  1613750894 secretPin: 
[WARN] get secretPin error

02/20/21 00:08:14 777135300  1613750894 ç‹ç­¾åˆ°æ¯æ—¥é²œè¯­äº¬ä¸œè‡ªè¥æ——èˆ°åº—

real	0m1.986s
user	0m0.000s
sys	0m0.094s
parse error: Invalid numeric literal at line 1, column 10
parse error: Invalid numeric literal at line 1, column 10
parse error: Invalid numeric literal at line 1, column 10
parse error: Invalid numeric literal at line 1, column 10
02/20/21 00:08:27 097853700 1613750907

real	0m5.469s
user	0m0.000s
sys	0m0.047s

real	0m1.294s
user	0m0.078s
sys	0m0.047s
[WARN] get LZ_TOKEN error
02/20/21 00:08:35 711182400  1613750915
use pt_key

real	0m1.192s
user	0m0.141s
sys	0m0.094s
02/20/21 00:08:37 303388900  1613750917 token: AAFgL-KEADClF8VGagAhkmyNdxJh3QODOBRTrIdtV41bUd8pHe_IMv_Y4Q9JCnwcHbLNYpYYa9c
parse error: Invalid numeric literal at line 1, column 10

real	0m1.751s
user	0m0.094s
sys	0m0.063s
02/20/21 00:08:39 697897700  1613750919 secretPin: 
[WARN] get secretPin error

02/20/21 00:08:39 981824100  1613750919 ç‹ç­¾åˆ°æ¯æ—¥é²œè¯­äº¬ä¸œè‡ªè¥æ——èˆ°åº—

real	0m1.595s
user	0m0.063s
sys	0m0.063s
parse error: Invalid numeric literal at line 1, column 10
parse error: Invalid numeric literal at line 1, column 10
parse error: Invalid numeric literal at line 1, column 10
parse error: Invalid numeric literal at line 1, column 10
02/20/21 00:08:50 232790700 1613750930

real	0m4.412s
user	0m0.000s
sys	0m0.031s

real	0m2.093s
user	0m0.031s
sys	0m0.031s
[WARN] get LZ_TOKEN error
02/20/21 00:08:57 923384600  1613750937
use pt_key

real	0m1.224s
user	0m0.094s
sys	0m0.109s
02/20/21 00:08:59 417982000  1613750939 token: AAFgL-KbADCC_Eswo346OPpH2hFBJRUH56DMf_MTwMamg1BxdIZOuM0IwWGCHEjhcNCb6YiSL8Q
parse error: Invalid numeric literal at line 1, column 10

real	0m1.160s
user	0m0.125s
sys	0m0.047s
02/20/21 00:09:00 845045600  1613750940 secretPin: 
[WARN] get secretPin error

02/20/21 00:09:01 446467900  1613750941 ç‹ç­¾åˆ°æ¯æ—¥é²œè¯­äº¬ä¸œè‡ªè¥æ——èˆ°åº—

real	0m1.416s
user	0m0.031s
sys	0m0.078s
parse error: Invalid numeric literal at line 1, column 10
parse error: Invalid numeric literal at line 1, column 10
parse error: Invalid numeric literal at line 1, column 10
parse error: Invalid numeric literal at line 1, column 10
02/20/21 00:09:07 884190800 1613750947

real	0m4.746s
user	0m0.000s
sys	0m0.031s

real	0m1.471s
user	0m0.047s
sys	0m0.063s
[WARN] get LZ_TOKEN error
02/20/21 00:09:15 471406000  1613750955
use pt_key

real	0m1.553s
user	0m0.141s
sys	0m0.094s
02/20/21 00:09:17 387632700  1613750957 token: AAFgL-KsADD0d2fOBDnkoEyHwyFXl47kkRSewVbgw3fE0OXOedX58vwSn3p3QkQSsNDrE8giyd8
parse error: Invalid numeric literal at line 1, column 10

real	0m3.894s
user	0m0.125s
sys	0m0.109s
02/20/21 00:09:21 700976700  1613750961 secretPin: 
[WARN] get secretPin error

02/20/21 00:09:22 214129900  1613750962 ç‹ç­¾åˆ°æ¯æ—¥é²œè¯­äº¬ä¸œè‡ªè¥æ——èˆ°åº—

real	0m1.285s
user	0m0.016s
sys	0m0.063s
parse error: Invalid numeric literal at line 1, column 10
parse error: Invalid numeric literal at line 1, column 10
parse error: Invalid numeric literal at line 1, column 10
parse error: Invalid numeric literal at line 1, column 10
02/20/21 00:09:32 195442000 1613750972

real	0m5.028s
user	0m0.000s
sys	0m0.031s

real	0m1.616s
user	0m0.031s
sys	0m0.078s
[WARN] get LZ_TOKEN error
02/20/21 00:09:40 867228600  1613750980
use pt_key

real	0m2.213s
user	0m0.109s
sys	0m0.078s
02/20/21 00:09:43 449600300  1613750983 token: AAFgL-LGADBjCthVjJvd_UOx5mPwI389CPppyTnxkB-eP2lBNobdnrUirM3DFmZh0iboFiiQyrk
parse error: Invalid numeric literal at line 1, column 10

real	0m1.961s
user	0m0.094s
sys	0m0.125s
02/20/21 00:09:45 959937000  1613750985 secretPin: 
[WARN] get secretPin error

02/20/21 00:09:46 592743800  1613750986 ç‹ç­¾åˆ°æ¯æ—¥é²œè¯­äº¬ä¸œè‡ªè¥æ——èˆ°åº—

real	0m1.980s
user	0m0.016s
sys	0m0.109s
parse error: Invalid numeric literal at line 1, column 10
parse error: Invalid numeric literal at line 1, column 10
parse error: Invalid numeric literal at line 1, column 10
parse error: Invalid numeric literal at line 1, column 10
02/20/21 00:10:03 890456500 1613751003

real	0m4.963s
user	0m0.000s
sys	0m0.000s

real	0m2.220s
user	0m0.031s
sys	0m0.078s
[WARN] get LZ_TOKEN error
02/20/21 00:10:12 842880300  1613751012
use pt_key

real	0m2.177s
user	0m0.125s
sys	0m0.063s
02/20/21 00:10:15 759859400  1613751015 token: AAFgL-LmADDNvYrV4d7iA696jGwTrreK_UnJKdBOysxgQdgpANNMcvbxK1ukP4IiCLrJI0KyFvs
parse error: Invalid numeric literal at line 1, column 10

real	0m1.595s
user	0m0.125s
sys	0m0.063s
02/20/21 00:10:17 739180300  1613751017 secretPin: 
[WARN] get secretPin error

02/20/21 00:10:18 034775400  1613751018 ç‹ç­¾åˆ°æ¯æ—¥é²œè¯­äº¬ä¸œè‡ªè¥æ——èˆ°åº—

real	0m1.814s
user	0m0.047s
sys	0m0.047s
parse error: Invalid numeric literal at line 1, column 10
parse error: Invalid numeric literal at line 1, column 10
parse error: Invalid numeric literal at line 1, column 10
parse error: Invalid numeric literal at line 1, column 10
02/20/21 00:10:32 082658700 1613751032

real	0m5.598s
user	0m0.000s
sys	0m0.000s

real	0m1.498s
user	0m0.031s
sys	0m0.078s
[WARN] get LZ_TOKEN error
02/20/21 00:10:40 543387400  1613751040
use pt_key

real	0m1.416s
user	0m0.141s
sys	0m0.094s
02/20/21 00:10:42 329755300  1613751042 token: AAFgL-MBADBQy-2_r50BZa1VRzG-kbcDxCAT80ss_RFw7wqGuViEMmrAIJ83mrEawifsz0c2mAE
parse error: Invalid numeric literal at line 1, column 10

real	0m1.840s
user	0m0.109s
sys	0m0.063s
02/20/21 00:10:44 571134700  1613751044 secretPin: 
[WARN] get secretPin error

02/20/21 00:10:45 023322600  1613751045 ç‹ç­¾åˆ°æ¯æ—¥é²œè¯­äº¬ä¸œè‡ªè¥æ——èˆ°åº—

real	0m1.573s
user	0m0.016s
sys	0m0.047s
parse error: Invalid numeric literal at line 1, column 10
parse error: Invalid numeric literal at line 1, column 10
parse error: Invalid numeric literal at line 1, column 10
parse error: Invalid numeric literal at line 1, column 10
02/20/21 00:10:50 860369100 1613751050

real	0m5.106s
user	0m0.000s
sys	0m0.047s
02/20/21 00:11:27 864282500  1613751087
parse error: Invalid numeric literal at line 1, column 10
parse error: Invalid numeric literal at line 1, column 10
parse error: Invalid numeric literal at line 1, column 10
parse error: Invalid numeric literal at line 1, column 10

***********************************************

å½“å¤©ç­¾åˆ°å¥–åŠ± 
è¿ç»­ç­¾åˆ°  å¤©
ç­¾åˆ°æ€»å¤©æ•° 
***********************************************

ç‹ç­¾åˆ°æ¯æ—¥é²œè¯­äº¬ä¸œè‡ªè¥æ——èˆ°åº—æŸ¥çœ‹ç»“æœ
<!DOCTYPE html>
<html>
 <head> 
  <title>äº¬ä¸œ</title> 
  <meta charset="utf-8" /> 
  <meta name="apple-mobile-web-app-capable" content="yes" /> 
  <meta name="viewport" content="width=device-width,initial-scale=1,user-scalable=no,maximum-scale=1,viewport-fit=cover" /> 
  <meta name="format-detection" content="telephone=no" /> 
  <meta name="x5-cache" content="enable" /> 
  <link rel="stylesheet" href="https://storage.360buyimg.com/babel/00162638/333378/production/dev/parser.1526555535098.css?t=20180517191236" /> 
  <style> img {
            opacity: 1 !important;
        } </style> 
  <link href="https://storage.360buyimg.com/babel/00170893/348321/production/dev/index.7320a380.css?t=20180802150952" rel="stylesheet" />
 </head> 
 <body style="background:#fff;" id="root"> 
  <div class="errorPage"> 
  </div> 
  <div class="placeholer"> 
  </div> 
  <script src="https://wl.jd.com/unify.min.js"></script> 
  <script type="text/javascript" src="https://storage.360buyimg.com/babel/00170893/348321/production/dev/index.0f8f4dba.js?t=20180802150952"></script> 
 </body>
</html>

parse error: Invalid numeric literal at line 1, column 10
[0;31;3mRUN  at {283:<--} ERROR CODE: 4[0m [0;31;3m[20210220 00:11:29] [ERROR] [0m

