04/03/21 00:30:01 446632400  1617381001
RANDOM_num: 15
removed '/tmp/tmp.uXuzn42380'
04/03/21 00:30:01 899067700  1617381001
肥鹅 今天已经签到过. 签到结果: ok  giftDate: 20210403
***********************************************

2021/04/01_07:10:38  2    [已~签~到]
2021/04/02_05:36:02  2    [已~签~到]
2021/04/03_00:00:01  1    [已~签~到]
2021/04/04_00:00:00  3    未签到
2021/04/05_00:00:00  3    未签到
2021/04/06_00:00:00  3    未签到
2021/04/07_00:00:00  3    未签到
2021/04/08_00:00:00  3    未签到
2021/04/09_00:00:00  3    未签到
2021/04/10_00:00:00  3    未签到
2021/04/11_00:00:00  3    未签到
2021/04/12_00:00:00  3    未签到
2021/04/13_00:00:00  3    未签到
2021/04/14_00:00:00  3    未签到
2021/04/15_00:00:00  3    未签到
2021/04/16_00:00:00  3    未签到
2021/04/17_00:00:00  3    未签到
2021/04/18_00:00:00  3    未签到
2021/04/19_00:00:00  3    未签到
2021/04/20_00:00:00  3    未签到
2021/04/21_00:00:00  3    未签到
2021/04/22_00:00:00  3    未签到
2021/04/23_00:00:00  3    未签到
2021/04/24_00:00:00  3    未签到
2021/04/25_00:00:00  3    未签到
2021/04/26_00:00:00  3    未签到
2021/04/27_00:00:00  3    未签到
2021/04/28_00:00:00  3    未签到
2021/04/29_00:00:00  3    未签到
2021/04/30_00:00:00  3    未签到
当天签到奖励 [奖励10,type=4;]
已签到 3 天
***********************************************

04/03/21 00:30:01 987655800  1617381001 检查jd_4d651d9e48204签到
removed '/tmp/tmp.UShj8vWy1h'
移动 今天已经签到过. 签到结果: ok  giftDate: 20210403
***********************************************

2021/04/01_21:31:12  2    [已~签~到]
2021/04/02_05:36:02  2    [已~签~到]
2021/04/03_00:00:02  1    [已~签~到]
2021/04/04_00:00:00  3    未签到
2021/04/05_00:00:00  3    未签到
2021/04/06_00:00:00  3    未签到
2021/04/07_00:00:00  3    未签到
2021/04/08_00:00:00  3    未签到
2021/04/09_00:00:00  3    未签到
2021/04/10_00:00:00  3    未签到
2021/04/11_00:00:00  3    未签到
2021/04/12_00:00:00  3    未签到
2021/04/13_00:00:00  3    未签到
2021/04/14_00:00:00  3    未签到
2021/04/15_00:00:00  3    未签到
2021/04/16_00:00:00  3    未签到
2021/04/17_00:00:00  3    未签到
2021/04/18_00:00:00  3    未签到
2021/04/19_00:00:00  3    未签到
2021/04/20_00:00:00  3    未签到
2021/04/21_00:00:00  3    未签到
2021/04/22_00:00:00  3    未签到
2021/04/23_00:00:00  3    未签到
2021/04/24_00:00:00  3    未签到
2021/04/25_00:00:00  3    未签到
2021/04/26_00:00:00  3    未签到
2021/04/27_00:00:00  3    未签到
2021/04/28_00:00:00  3    未签到
2021/04/29_00:00:00  3    未签到
2021/04/30_00:00:00  3    未签到
当天签到奖励 []
已签到 3 天
***********************************************

04/03/21 00:30:02 564807900  1617381002 检查jd_OeTNobRVGiNZ签到
今天已全部签到过
# 短链接
suo_url=""
venderId=677558
startTime=1617206400000
endTime=1619798399000
activityId=10316718
token=D5747FC65C0AA8ECA11CC243A08774D4
#店铺名称
vendername="晟昊图书专营店"
# 长链接
url=https://h5.m.jd.com/babelDiy/Zeus/2PAAf74aG3D61qvfKUM5dxUssJQ9/index.html?token=D5747FC65C0AA8ECA11CC243A08774D4&cu=true&utm_source=kong&utm_medium=jingfen&utm_campaign=t_1002024414_&utm_term=f575d76fab354ec0b2ca6829cd4c3f34
# 活动时间：2021.04.01 00:00:00 - 2021.04.30 23:59:59
# 奖励说明：
actRule="
每日签到：3京豆
连续签到3天：10京豆
"
#肥鹅 jd_4d651d9e48204 sign_res
sign_res="
signTime=1617232238;signed=2;currentDay=2
signTime=1617312962;signed=2;currentDay=2
signTime=1617379201;signed=2;currentDay=1
signTime=1617465600;signed=1;currentDay=3
signTime=1617552000;signed=1;currentDay=3
signTime=1617638400;signed=1;currentDay=3
signTime=1617724800;signed=1;currentDay=3
signTime=1617811200;signed=1;currentDay=3
signTime=1617897600;signed=1;currentDay=3
signTime=1617984000;signed=1;currentDay=3
signTime=1618070400;signed=1;currentDay=3
signTime=1618156800;signed=1;currentDay=3
signTime=1618243200;signed=1;currentDay=3
signTime=1618329600;signed=1;currentDay=3
signTime=1618416000;signed=1;currentDay=3
signTime=1618502400;signed=1;currentDay=3
signTime=1618588800;signed=1;currentDay=3
signTime=1618675200;signed=1;currentDay=3
signTime=1618761600;signed=1;currentDay=3
signTime=1618848000;signed=1;currentDay=3
signTime=1618934400;signed=1;currentDay=3
signTime=1619020800;signed=1;currentDay=3
signTime=1619107200;signed=1;currentDay=3
signTime=1619193600;signed=1;currentDay=3
signTime=1619280000;signed=1;currentDay=3
signTime=1619366400;signed=1;currentDay=3
signTime=1619452800;signed=1;currentDay=3
signTime=1619539200;signed=1;currentDay=3
signTime=1619625600;signed=1;currentDay=3
signTime=1619712000;signed=1;currentDay=3"
sign_num="3"
giftName="奖励10,type=4;"
giftRes="ok"
giftDate="20210403"
sign_res_info="
2021/04/01_07:10:38  2    [已~签~到]
2021/04/02_05:36:02  2    [已~签~到]
2021/04/03_00:00:01  1    [已~签~到]
2021/04/04_00:00:00  3    未签到
2021/04/05_00:00:00  3    未签到
2021/04/06_00:00:00  3    未签到
2021/04/07_00:00:00  3    未签到
2021/04/08_00:00:00  3    未签到
2021/04/09_00:00:00  3    未签到
2021/04/10_00:00:00  3    未签到
2021/04/11_00:00:00  3    未签到
2021/04/12_00:00:00  3    未签到
2021/04/13_00:00:00  3    未签到
2021/04/14_00:00:00  3    未签到
2021/04/15_00:00:00  3    未签到
2021/04/16_00:00:00  3    未签到
2021/04/17_00:00:00  3    未签到
2021/04/18_00:00:00  3    未签到
2021/04/19_00:00:00  3    未签到
2021/04/20_00:00:00  3    未签到
2021/04/21_00:00:00  3    未签到
2021/04/22_00:00:00  3    未签到
2021/04/23_00:00:00  3    未签到
2021/04/24_00:00:00  3    未签到
2021/04/25_00:00:00  3    未签到
2021/04/26_00:00:00  3    未签到
2021/04/27_00:00:00  3    未签到
2021/04/28_00:00:00  3    未签到
2021/04/29_00:00:00  3    未签到
2021/04/30_00:00:00  3    未签到
当天签到奖励 [奖励10,type=4;]
已签到 3 天"
#肥鹅 jd_4d651d9e48204 sign_res_end
#移动 jd_OeTNobRVGiNZ sign_res
sign_res="
signTime=1617283872;signed=2;currentDay=2
signTime=1617312962;signed=2;currentDay=2
signTime=1617379202;signed=2;currentDay=1
signTime=1617465600;signed=1;currentDay=3
signTime=1617552000;signed=1;currentDay=3
signTime=1617638400;signed=1;currentDay=3
signTime=1617724800;signed=1;currentDay=3
signTime=1617811200;signed=1;currentDay=3
signTime=1617897600;signed=1;currentDay=3
signTime=1617984000;signed=1;currentDay=3
signTime=1618070400;signed=1;currentDay=3
signTime=1618156800;signed=1;currentDay=3
signTime=1618243200;signed=1;currentDay=3
signTime=1618329600;signed=1;currentDay=3
signTime=1618416000;signed=1;currentDay=3
signTime=1618502400;signed=1;currentDay=3
signTime=1618588800;signed=1;currentDay=3
signTime=1618675200;signed=1;currentDay=3
signTime=1618761600;signed=1;currentDay=3
signTime=1618848000;signed=1;currentDay=3
signTime=1618934400;signed=1;currentDay=3
signTime=1619020800;signed=1;currentDay=3
signTime=1619107200;signed=1;currentDay=3
signTime=1619193600;signed=1;currentDay=3
signTime=1619280000;signed=1;currentDay=3
signTime=1619366400;signed=1;currentDay=3
signTime=1619452800;signed=1;currentDay=3
signTime=1619539200;signed=1;currentDay=3
signTime=1619625600;signed=1;currentDay=3
signTime=1619712000;signed=1;currentDay=3"
sign_num="3"
giftName=""
giftRes="ok"
giftDate="20210403"
sign_res_info="
2021/04/01_21:31:12  2    [已~签~到]
2021/04/02_05:36:02  2    [已~签~到]
2021/04/03_00:00:02  1    [已~签~到]
2021/04/04_00:00:00  3    未签到
2021/04/05_00:00:00  3    未签到
2021/04/06_00:00:00  3    未签到
2021/04/07_00:00:00  3    未签到
2021/04/08_00:00:00  3    未签到
2021/04/09_00:00:00  3    未签到
2021/04/10_00:00:00  3    未签到
2021/04/11_00:00:00  3    未签到
2021/04/12_00:00:00  3    未签到
2021/04/13_00:00:00  3    未签到
2021/04/14_00:00:00  3    未签到
2021/04/15_00:00:00  3    未签到
2021/04/16_00:00:00  3    未签到
2021/04/17_00:00:00  3    未签到
2021/04/18_00:00:00  3    未签到
2021/04/19_00:00:00  3    未签到
2021/04/20_00:00:00  3    未签到
2021/04/21_00:00:00  3    未签到
2021/04/22_00:00:00  3    未签到
2021/04/23_00:00:00  3    未签到
2021/04/24_00:00:00  3    未签到
2021/04/25_00:00:00  3    未签到
2021/04/26_00:00:00  3    未签到
2021/04/27_00:00:00  3    未签到
2021/04/28_00:00:00  3    未签到
2021/04/29_00:00:00  3    未签到
2021/04/30_00:00:00  3    未签到
当天签到奖励 []
已签到 3 天"
#移动 jd_OeTNobRVGiNZ sign_res_end
#赵 122294312-396444 sign_res
sign_res="
signTime=1617232209;signed=2;currentDay=2
signTime=1617313174;signed=2;currentDay=2
signTime=1617379201;signed=2;currentDay=1
signTime=1617465600;signed=1;currentDay=3
signTime=1617552000;signed=1;currentDay=3
signTime=1617638400;signed=1;currentDay=3
signTime=1617724800;signed=1;currentDay=3
signTime=1617811200;signed=1;currentDay=3
signTime=1617897600;signed=1;currentDay=3
signTime=1617984000;signed=1;currentDay=3
signTime=1618070400;signed=1;currentDay=3
signTime=1618156800;signed=1;currentDay=3
signTime=1618243200;signed=1;currentDay=3
signTime=1618329600;signed=1;currentDay=3
signTime=1618416000;signed=1;currentDay=3
signTime=1618502400;signed=1;currentDay=3
signTime=1618588800;signed=1;currentDay=3
signTime=1618675200;signed=1;currentDay=3
signTime=1618761600;signed=1;currentDay=3
signTime=1618848000;signed=1;currentDay=3
signTime=1618934400;signed=1;currentDay=3
signTime=1619020800;signed=1;currentDay=3
signTime=1619107200;signed=1;currentDay=3
signTime=1619193600;signed=1;currentDay=3
signTime=1619280000;signed=1;currentDay=3
signTime=1619366400;signed=1;currentDay=3
signTime=1619452800;signed=1;currentDay=3
signTime=1619539200;signed=1;currentDay=3
signTime=1619625600;signed=1;currentDay=3
signTime=1619712000;signed=1;currentDay=3"
sign_num="3"
giftName="奖励10,type=4;"
giftRes="ok"
giftDate="20210403"
sign_res_info="
2021/04/01_07:10:09  2    [已~签~到]
2021/04/02_05:39:34  2    [已~签~到]
2021/04/03_00:00:01  1    [已~签~到]
2021/04/04_00:00:00  3    未签到
2021/04/05_00:00:00  3    未签到
2021/04/06_00:00:00  3    未签到
2021/04/07_00:00:00  3    未签到
2021/04/08_00:00:00  3    未签到
2021/04/09_00:00:00  3    未签到
2021/04/10_00:00:00  3    未签到
2021/04/11_00:00:00  3    未签到
2021/04/12_00:00:00  3    未签到
2021/04/13_00:00:00  3    未签到
2021/04/14_00:00:00  3    未签到
2021/04/15_00:00:00  3    未签到
2021/04/16_00:00:00  3    未签到
2021/04/17_00:00:00  3    未签到
2021/04/18_00:00:00  3    未签到
2021/04/19_00:00:00  3    未签到
2021/04/20_00:00:00  3    未签到
2021/04/21_00:00:00  3    未签到
2021/04/22_00:00:00  3    未签到
2021/04/23_00:00:00  3    未签到
2021/04/24_00:00:00  3    未签到
2021/04/25_00:00:00  3    未签到
2021/04/26_00:00:00  3    未签到
2021/04/27_00:00:00  3    未签到
2021/04/28_00:00:00  3    未签到
2021/04/29_00:00:00  3    未签到
2021/04/30_00:00:00  3    未签到
当天签到奖励 [奖励10,type=4;]
已签到 3 天"
#赵 122294312-396444 sign_res_end
#王 1309893722-164885 sign_res
sign_res="
signTime=1617231931;signed=2;currentDay=2
signTime=1617313174;signed=2;currentDay=2
signTime=1617379202;signed=2;currentDay=1
signTime=1617465600;signed=1;currentDay=3
signTime=1617552000;signed=1;currentDay=3
signTime=1617638400;signed=1;currentDay=3
signTime=1617724800;signed=1;currentDay=3
signTime=1617811200;signed=1;currentDay=3
signTime=1617897600;signed=1;currentDay=3
signTime=1617984000;signed=1;currentDay=3
signTime=1618070400;signed=1;currentDay=3
signTime=1618156800;signed=1;currentDay=3
signTime=1618243200;signed=1;currentDay=3
signTime=1618329600;signed=1;currentDay=3
signTime=1618416000;signed=1;currentDay=3
signTime=1618502400;signed=1;currentDay=3
signTime=1618588800;signed=1;currentDay=3
signTime=1618675200;signed=1;currentDay=3
signTime=1618761600;signed=1;currentDay=3
signTime=1618848000;signed=1;currentDay=3
signTime=1618934400;signed=1;currentDay=3
signTime=1619020800;signed=1;currentDay=3
signTime=1619107200;signed=1;currentDay=3
signTime=1619193600;signed=1;currentDay=3
signTime=1619280000;signed=1;currentDay=3
signTime=1619366400;signed=1;currentDay=3
signTime=1619452800;signed=1;currentDay=3
signTime=1619539200;signed=1;currentDay=3
signTime=1619625600;signed=1;currentDay=3
signTime=1619712000;signed=1;currentDay=3"
sign_num="3"
giftName="奖励10,type=4;"
giftRes="ok"
giftDate="20210403"
sign_res_info="
2021/04/01_07:05:31  2    [已~签~到]
2021/04/02_05:39:34  2    [已~签~到]
2021/04/03_00:00:02  1    [已~签~到]
2021/04/04_00:00:00  3    未签到
2021/04/05_00:00:00  3    未签到
2021/04/06_00:00:00  3    未签到
2021/04/07_00:00:00  3    未签到
2021/04/08_00:00:00  3    未签到
2021/04/09_00:00:00  3    未签到
2021/04/10_00:00:00  3    未签到
2021/04/11_00:00:00  3    未签到
2021/04/12_00:00:00  3    未签到
2021/04/13_00:00:00  3    未签到
2021/04/14_00:00:00  3    未签到
2021/04/15_00:00:00  3    未签到
2021/04/16_00:00:00  3    未签到
2021/04/17_00:00:00  3    未签到
2021/04/18_00:00:00  3    未签到
2021/04/19_00:00:00  3    未签到
2021/04/20_00:00:00  3    未签到
2021/04/21_00:00:00  3    未签到
2021/04/22_00:00:00  3    未签到
2021/04/23_00:00:00  3    未签到
2021/04/24_00:00:00  3    未签到
2021/04/25_00:00:00  3    未签到
2021/04/26_00:00:00  3    未签到
2021/04/27_00:00:00  3    未签到
2021/04/28_00:00:00  3    未签到
2021/04/29_00:00:00  3    未签到
2021/04/30_00:00:00  3    未签到
当天签到奖励 [奖励10,type=4;]
已签到 3 天"
#王 1309893722-164885 sign_res_end
