02/20/21 00:00:05 122446000  1613750405
RANDOM_num: 40
force to sign

real	0m1.135s
user	0m0.031s
sys	0m0.063s
lzkj-isv.isvjcloud.com	FALSE	/	FALSE	1613751007	LZ_TOKEN_VALUE	B0oH3vDY2bhHWuKbVaJ+XQ==
lzkj-isv.isvjcloud.com	FALSE	/	FALSE	1613751007	LZ_TOKEN_KEY	lztokenpagec996de9a1d874291b4821c7add0565d7
02/20/21 00:00:08 150352000  1613750408
use pt_key

real	0m1.724s
user	0m0.094s
sys	0m0.125s
02/20/21 00:00:10 214746800  1613750410 token: AAFgL-CJADCuSojRd0HmNLBCYSdNbpDRGmHiHiDC5LQEzn3yXS5Ey4O6vMGSUe0rVdab8TMvNfE

real	0m2.459s
user	0m0.094s
sys	0m0.047s
02/20/21 00:00:12 946308900  1613750412 secretPin: 8zfoIjWIu/DcpxQNzAV7/oVPSWy1B8D+G4s+fJIFDfWHSnwnXFQKK9yQco/OGmHebU48Dr07k+7+k1UaXRbZKg==

02/20/21 00:00:13 201671500  1613750413 王签到LIFAair京东自营官方旗舰店

real	0m1.344s
user	0m0.047s
sys	0m0.063s
{
  "msg": "",
  "signResult": {
    "key": "eqPOle",
    "giftLogId": "e17c28222ef8417d8bda126af8350234",
    "gift": {
      "activityId": null,
      "activityType": null,
      "venderId": null,
      "type": 0,
      "name": null,
      "itemHb": null,
      "id": "20",
      "giftType": "9",
      "giftName": "20店铺积分",
      "giftNum": "20",
      "giftTotal": "10000",
      "giftResidue": null,
      "priceInfo": "0",
      "shortLink": "",
      "orginLink": null,
      "giftInfoId": null,
      "commonAddAwardVO": null
    },
    "send": true
  },
  "isOk": true,
  "isSend": true
}
true
02/20/21 00:00:19 100085900 1613750419
02/20/21 00:00:19 585286000 1613750419 签到LIFAair京东自营官方旗舰店完成
02/20/21 00:02:22 061366500  1613750542
parse error: Invalid numeric literal at line 1, column 10

***********************************************
7天签到 第  天
***********************************************

王签到LIFAair京东自营官方旗舰店查看结果, 活动规则
<!DOCTYPE html>
<html>
 <head> 
  <title>京东</title> 
  <meta charset="utf-8" /> 
  <meta name="apple-mobile-web-app-capable" content="yes" /> 
  <meta name="viewport" content="width=device-width,initial-scale=1,user-scalable=no,maximum-scale=1,viewport-fit=cover" /> 
  <meta name="format-detection" content="telephone=no" /> 
  <meta name="x5-cache" content="enable" /> 
  <link rel="stylesheet" href="https://storage.360buyimg.com/babel/00162638/333378/production/dev/parser.1526555535098.css?t=20180517191236" /> 
  <style> img {
            opacity: 1 !important;
        } </style> 
  <link href="https://storage.360buyimg.com/babel/00170893/348321/production/dev/index.7320a380.css?t=20180802150952" rel="stylesheet" />
 </head> 
 <body style="background:#fff;" id="root"> 
  <div class="errorPage"> 
  </div> 
  <div class="placeholer"> 
  </div> 
  <script src="https://wl.jd.com/unify.min.js"></script> 
  <script type="text/javascript" src="https://storage.360buyimg.com/babel/00170893/348321/production/dev/index.0f8f4dba.js?t=20180802150952"></script> 
 </body>
</html>

#店铺名称
vendername="LIFAair京东自营官方旗舰店"
#店铺激活码
actId="b422cf6ec97e4d54a7001684c53ccad1"
#店铺id
venderId="10524448"
#长链接
url="https://lzkj-isv.isvjcloud.com/sign/sevenDay/signActivity?activityId=b422cf6ec97e4d54a7001684c53ccad1&venderId=10524448&adsource=tg_xuanFuTuBiao"

startTime=1611649920
endTime=1614241920
# 活动时间：2021-01-26 16:32 - 2021-02-25 16:32；
# 奖励说明：
actRule="
7天签到
连续签到1天：10店铺积分
连续签到2天：1京豆
连续签到3天：20店铺积分
连续签到4天：2京豆
连续签到5天：30店铺积分
连续签到6天：40店铺积分
连续签到7天：5京豆
"
#移动 jd_OeTNobRVGiNZ sign_res
sign_num="3"
sign_res_info="7天签到 第 3 天"
giftRes="ok"
giftDate="20210219"
#移动 jd_OeTNobRVGiNZ sign_res_end
#肥鹅 jd_4d651d9e48204 sign_res
sign_num="2"
sign_res_info="7天签到 第 2 天"
giftRes="ok"
giftDate="20210219"
#肥鹅 jd_4d651d9e48204 sign_res_end
#赵 122294312-396444 sign_res
sign_num=""
sign_res_info="7天签到 第  天"
giftRes="ok"
giftDate="20210220"
#赵 122294312-396444 sign_res_end
#王 1309893722-164885 sign_res
sign_num=""
sign_res_info="7天签到 第  天"
giftRes="ok"
giftDate="20210220"
#王 1309893722-164885 sign_res_end
