03/16/21 03:30:02 333471900  1615836602
RANDOM_num: 5
removed '/tmp/tmp.ExHkvbrLUI'
03/16/21 03:30:03 083702800  1615836603
赵 今天已经签到过. 签到结果: ok  giftDate: 20210316
***********************************************
7天签到 第  天
当天签到奖励 []
***********************************************

赵 签到结果获取失败.
03/16/21 03:30:03 212255300  1615836603 检查赵签到

real	0m0.620s
user	0m0.031s
sys	0m0.141s
lzkj-isv.isvjcloud.com	FALSE	/	FALSE	1615837204	LZ_TOKEN_VALUE	B0oH3vDY2bhHWuKbVaJ+XQ==
lzkj-isv.isvjcloud.com	FALSE	/	FALSE	1615837204	LZ_TOKEN_KEY	lztokenpageedcbbef167fb4d9bbe47b0048d616663
03/16/21 03:30:04 618796300  1615836604
use pt_key

real	0m0.693s
user	0m0.109s
sys	0m0.094s
03/16/21 03:30:05 520281300  1615836605 token: AAFgT7W8ADBgn1yqAJFT71xZpdFSrrMQ9WRgH_1xsA9y9ePrfYavAK1tq0-ZNvyUgvJZ789PMLg

real	0m0.753s
user	0m0.031s
sys	0m0.063s
03/16/21 03:30:06 960128800  1615836606 secretPin: 51S2JqsypB/nfj45frYeoU7oeVP9kq2pYSH90mYt4m3fwcJlClpxrfmVYaGKuquQkdK3rLBQpEQH9V4tdrrh0w==

03/16/21 03:30:07 184554400  1615836607 赵签到帮宝适京东自营官方旗舰店

real	0m0.932s
user	0m0.000s
sys	0m0.109s
{
  "msg": "当天只允许签到一次",
  "isOk": false
}
"当天只允许签到一次"
03/16/21 03:30:12 053195800 1615836612
03/16/21 03:30:12 219581300 1615836612 签到帮宝适京东自营官方旗舰店完成
03/16/21 03:30:27 712707000  1615836627
false
parse error: Invalid numeric literal at line 1, column 10
重复签到. 载入之前签到的giftName: 

***********************************************
7天签到 第  天
当天签到奖励 []
***********************************************

赵签到帮宝适京东自营官方旗舰店查看结果, 活动规则
<!DOCTYPE html>
<html>
 <head> 
  <title>京东</title> 
  <meta charset="utf-8" /> 
  <meta name="apple-mobile-web-app-capable" content="yes" /> 
  <meta name="viewport" content="width=device-width,initial-scale=1,user-scalable=no,maximum-scale=1,viewport-fit=cover" /> 
  <meta name="format-detection" content="telephone=no" /> 
  <meta name="x5-cache" content="enable" /> 
  <link rel="stylesheet" href="https://storage.360buyimg.com/babel/00162638/333378/production/dev/parser.1526555535098.css?t=20180517191236" /> 
  <style> img {
            opacity: 1 !important;
        } </style> 
  <link href="https://storage.360buyimg.com/babel/00170893/348321/production/dev/index.7320a380.css?t=20180802150952" rel="stylesheet" />
 </head> 
 <body style="background:#fff;" id="root"> 
  <div class="errorPage"> 
  </div> 
  <div class="placeholer"> 
  </div> 
  <script src="https://wl.jd.com/unify.min.js"></script> 
  <script type="text/javascript" src="https://storage.360buyimg.com/babel/00170893/348321/production/dev/index.0f8f4dba.js?t=20180802150952"></script> 
 </body>
</html>

#店铺名称
vendername="帮宝适京东自营官方旗舰店"
#店铺激活码
actId="9b8a4466ab984291908abd55c70d0646"
#店铺id
venderId="1000001933"
#长链接
url="https://lzkj-isv.isvjcloud.com/sign/sevenDay/signActivity?activityId=9b8a4466ab984291908abd55c70d0646&venderId=1000001933&cu=true&utm_source=kong&utm_medium=jingfen&utm_campaign=t_1002903107_&utm_term=4f8841bf33eb4dfb9ccd26e52abc0106"

startTime=1614566820
endTime=1617206340
# 活动时间：2021-03-01 10:47 - 2021-03-31 23:59；
# 奖励说明：
actRule="
7天签到
连续签到1天：1京豆
连续签到2天：1京豆
连续签到3天：1京豆
连续签到4天：1京豆
连续签到5天：1京豆
连续签到6天：1京豆
连续签到7天：7京豆
"
#王 1309893722-164885 sign_res
sign_num=""
giftName=""1京豆""
giftRes="ok"
giftDate="20210316"
sign_res_info="7天签到 第  天
当天签到奖励 ["1京豆"]"
#王 1309893722-164885 sign_res_end
#肥鹅 jd_4d651d9e48204 sign_res
sign_num=""
giftName=""
giftRes="ok"
giftDate="20210316"
sign_res_info="7天签到 第  天
当天签到奖励 []"
#肥鹅 jd_4d651d9e48204 sign_res_end
#移动 jd_OeTNobRVGiNZ sign_res
sign_num=""
giftName=""
giftRes=""
giftDate="20210316"
sign_res_info="7天签到 第  天
当天签到奖励 []"
#移动 jd_OeTNobRVGiNZ sign_res_end
#赵 122294312-396444 sign_res
sign_num=""
giftName=""
giftRes="ok"
giftDate="20210316"
sign_res_info="7天签到 第  天
当天签到奖励 []"
#赵 122294312-396444 sign_res_end
