03/09/21 00:02:03 685725500  1615219323
RANDOM_num: 20
removed '/tmp/tmp.eusTstZ1DM'
03/09/21 00:02:04 964550800  1615219324
肥鹅 今天已经签到过. 签到结果: ok  giftDate: 20210309
***********************************************
7天签到 第  天
当天签到奖励 [1京豆]
***********************************************

肥鹅 签到结果获取失败.
03/09/21 00:02:05 228063600  1615219325 检查肥鹅签到

real	0m0.985s
user	0m0.047s
sys	0m0.078s
[WARN] get LZ_TOKEN error
03/09/21 00:02:08 373152400  1615219328
use pt_key

real	0m1.335s
user	0m0.125s
sys	0m0.078s
03/09/21 00:02:10 119157100  1615219330 token: AAFgRkqBADADDuzlfQNXGZYO_auO-Mpl_ZFoE8S9KV8yCOl4onR0O__LWj1Xq7tx4ph6yUkfTZY

real	0m1.775s
user	0m0.031s
sys	0m0.078s
parse error: Invalid numeric literal at line 1, column 10
03/09/21 00:02:13 923630000  1615219333 secretPin: 
[WARN] get secretPin error

03/09/21 00:02:14 335470500  1615219334 肥鹅签到帮宝适京东自营官方旗舰店

real	0m1.453s
user	0m0.016s
sys	0m0.078s
parse error: Invalid numeric literal at line 1, column 10
parse error: Invalid numeric literal at line 1, column 10
parse error: Invalid numeric literal at line 1, column 10
parse error: Invalid numeric literal at line 1, column 10
parse error: Invalid numeric literal at line 1, column 10
03/09/21 00:02:27 382665100 1615219347

real	0m2.355s
user	0m0.000s
sys	0m0.047s

real	0m1.910s
user	0m0.000s
sys	0m0.078s
[WARN] get LZ_TOKEN error
03/09/21 00:02:33 801851600  1615219353
use pt_key

real	0m1.997s
user	0m0.078s
sys	0m0.172s
03/09/21 00:02:36 127319400  1615219356 token: AAFgRkqbADDTrMfK-izTNOw3I3PfsuQV-4yvL0l2E752semOTxMjbPKNzn2BiQP0V3MyQ4LdoOA

real	0m1.494s
user	0m0.031s
sys	0m0.094s
parse error: Invalid numeric literal at line 1, column 10
03/09/21 00:02:40 414256100  1615219360 secretPin: 
[WARN] get secretPin error

03/09/21 00:02:41 012756200  1615219361 肥鹅签到帮宝适京东自营官方旗舰店

real	0m1.042s
user	0m0.047s
sys	0m0.047s
parse error: Invalid numeric literal at line 1, column 10
parse error: Invalid numeric literal at line 1, column 10
parse error: Invalid numeric literal at line 1, column 10
parse error: Invalid numeric literal at line 1, column 10
parse error: Invalid numeric literal at line 1, column 10
03/09/21 00:02:55 752521500 1615219375

real	0m1.505s
user	0m0.000s
sys	0m0.031s

real	0m1.000s
user	0m0.000s
sys	0m0.109s
[WARN] get LZ_TOKEN error
03/09/21 00:03:00 265589800  1615219380
use pt_key

real	0m1.238s
user	0m0.094s
sys	0m0.125s
03/09/21 00:03:02 288107000  1615219382 token: AAFgRkq1ADC_uNwHMqhBz2ph-RCs2W1U-cYBEa14Uen72kY4xdc04KmrMd8mEfxBS0Rz5Kn7XTI

real	0m1.075s
user	0m0.063s
sys	0m0.094s
parse error: Invalid numeric literal at line 1, column 10
03/09/21 00:03:06 389282400  1615219386 secretPin: 
[WARN] get secretPin error

03/09/21 00:03:06 766204500  1615219386 肥鹅签到帮宝适京东自营官方旗舰店

real	0m1.320s
user	0m0.031s
sys	0m0.063s
parse error: Invalid numeric literal at line 1, column 10
parse error: Invalid numeric literal at line 1, column 10
parse error: Invalid numeric literal at line 1, column 10
parse error: Invalid numeric literal at line 1, column 10
parse error: Invalid numeric literal at line 1, column 10
03/09/21 00:03:14 786483900 1615219394

real	0m1.833s
user	0m0.000s
sys	0m0.063s

real	0m1.925s
user	0m0.047s
sys	0m0.078s
[WARN] get LZ_TOKEN error
03/09/21 00:03:22 046327900  1615219402
use pt_key

real	0m1.710s
user	0m0.094s
sys	0m0.141s
03/09/21 00:03:24 149063600  1615219404 token: AAFgRkrLADBENpCz_fK5AH5ZNnGmNGf1Unt2rvl_9YzknT89NN_E82yDr7C8gctSXQwkuCw1KxA

real	0m1.507s
user	0m0.000s
sys	0m0.125s
parse error: Invalid numeric literal at line 1, column 10
03/09/21 00:03:28 221658600  1615219408 secretPin: 
[WARN] get secretPin error

03/09/21 00:03:28 796042100  1615219408 肥鹅签到帮宝适京东自营官方旗舰店

real	0m1.802s
user	0m0.047s
sys	0m0.094s
parse error: Invalid numeric literal at line 1, column 10
parse error: Invalid numeric literal at line 1, column 10
parse error: Invalid numeric literal at line 1, column 10
parse error: Invalid numeric literal at line 1, column 10
parse error: Invalid numeric literal at line 1, column 10
03/09/21 00:03:37 477051000 1615219417

real	0m2.164s
user	0m0.000s
sys	0m0.031s

real	0m1.475s
user	0m0.047s
sys	0m0.047s
[WARN] get LZ_TOKEN error
03/09/21 00:03:42 534478900  1615219422
use pt_key

real	0m1.376s
user	0m0.125s
sys	0m0.109s
03/09/21 00:03:44 391581700  1615219424 token: AAFgRkrfADDjxuo_SEh8mAhWERQjcQsBZvJIDmdEKmI7vLs5oBPTfpG051acQU7qphr4vtTzqUY

real	0m1.304s
user	0m0.016s
sys	0m0.109s
parse error: Invalid numeric literal at line 1, column 10
03/09/21 00:03:48 268258800  1615219428 secretPin: 
[WARN] get secretPin error

03/09/21 00:03:49 715032600  1615219429 肥鹅签到帮宝适京东自营官方旗舰店

real	0m1.323s
user	0m0.047s
sys	0m0.094s
parse error: Invalid numeric literal at line 1, column 10
parse error: Invalid numeric literal at line 1, column 10
parse error: Invalid numeric literal at line 1, column 10
parse error: Invalid numeric literal at line 1, column 10
parse error: Invalid numeric literal at line 1, column 10
03/09/21 00:03:58 812476000 1615219438

real	0m1.898s
user	0m0.000s
sys	0m0.031s

real	0m1.835s
user	0m0.047s
sys	0m0.109s
[WARN] get LZ_TOKEN error
03/09/21 00:04:03 420009900  1615219443
use pt_key

real	0m1.317s
user	0m0.094s
sys	0m0.094s
03/09/21 00:04:05 085291000  1615219445 token: AAFgRkr0ADAJuqwY9kcZ9flBfFVveBJDrhHeYX7HHJqjWTN1vm_d25Zu_tKoFOv-Hi6HpPAzWOM

real	0m1.420s
user	0m0.047s
sys	0m0.063s
parse error: Invalid numeric literal at line 1, column 10
03/09/21 00:04:08 257669200  1615219448 secretPin: 
[WARN] get secretPin error

03/09/21 00:04:09 052980100  1615219449 肥鹅签到帮宝适京东自营官方旗舰店

real	0m1.419s
user	0m0.063s
sys	0m0.094s
parse error: Invalid numeric literal at line 1, column 10
parse error: Invalid numeric literal at line 1, column 10
parse error: Invalid numeric literal at line 1, column 10
parse error: Invalid numeric literal at line 1, column 10
parse error: Invalid numeric literal at line 1, column 10
03/09/21 00:04:15 244402100 1615219455

real	0m2.733s
user	0m0.000s
sys	0m0.047s

real	0m2.075s
user	0m0.031s
sys	0m0.063s
[WARN] get LZ_TOKEN error
03/09/21 00:04:21 282576900  1615219461
use pt_key

real	0m1.918s
user	0m0.078s
sys	0m0.141s
03/09/21 00:04:24 123173000  1615219464 token: AAFgRksHADDp4uGVScgKTcite3GeRyD5kRVj-16vDNsFQSrIIXO_OI3GI4uDjzxA9IxoSoKojQo

real	0m1.943s
user	0m0.016s
sys	0m0.094s
parse error: Invalid numeric literal at line 1, column 10
03/09/21 00:04:27 847861000  1615219467 secretPin: 
[WARN] get secretPin error

03/09/21 00:04:28 244492200  1615219468 肥鹅签到帮宝适京东自营官方旗舰店

real	0m1.527s
user	0m0.063s
sys	0m0.078s
parse error: Invalid numeric literal at line 1, column 10
parse error: Invalid numeric literal at line 1, column 10
parse error: Invalid numeric literal at line 1, column 10
parse error: Invalid numeric literal at line 1, column 10
parse error: Invalid numeric literal at line 1, column 10
03/09/21 00:04:36 983161300 1615219476

real	0m2.474s
user	0m0.000s
sys	0m0.078s

real	0m1.112s
user	0m0.000s
sys	0m0.078s
[WARN] get LZ_TOKEN error
03/09/21 00:04:41 443187500  1615219481
use pt_key

real	0m1.695s
user	0m0.063s
sys	0m0.125s
03/09/21 00:04:43 630905600  1615219483 token: AAFgRksaADD-E5huJSPAwRZoiZN8Hv4NvJ7hoLHf7y5JgVZfufh1N9vPkHaBa56xYlIzTCuwRgw

real	0m1.344s
user	0m0.063s
sys	0m0.078s
parse error: Invalid numeric literal at line 1, column 10
03/09/21 00:04:47 535284200  1615219487 secretPin: 
[WARN] get secretPin error

03/09/21 00:04:48 013836800  1615219488 肥鹅签到帮宝适京东自营官方旗舰店

real	0m2.886s
user	0m0.047s
sys	0m0.078s
parse error: Invalid numeric literal at line 1, column 10
parse error: Invalid numeric literal at line 1, column 10
parse error: Invalid numeric literal at line 1, column 10
parse error: Invalid numeric literal at line 1, column 10
parse error: Invalid numeric literal at line 1, column 10
03/09/21 00:05:00 883726500 1615219500

real	0m2.468s
user	0m0.000s
sys	0m0.047s

real	0m1.453s
user	0m0.047s
sys	0m0.047s
[WARN] get LZ_TOKEN error
03/09/21 00:05:06 522223100  1615219506
use pt_key

real	0m1.743s
user	0m0.078s
sys	0m0.078s
03/09/21 00:05:08 643866700  1615219508 token: AAFgRks0ADDgLkIOsVRhk1smhyPiuz9KgehVWAgFphl9gLMfW1YwrcmjslZtdpXLzm4LtZ_d85Y

real	0m1.534s
user	0m0.047s
sys	0m0.063s
parse error: Invalid numeric literal at line 1, column 10
03/09/21 00:05:13 185343700  1615219513 secretPin: 
[WARN] get secretPin error

03/09/21 00:05:13 737837000  1615219513 肥鹅签到帮宝适京东自营官方旗舰店

real	0m1.337s
user	0m0.016s
sys	0m0.109s
parse error: Invalid numeric literal at line 1, column 10
parse error: Invalid numeric literal at line 1, column 10
parse error: Invalid numeric literal at line 1, column 10
parse error: Invalid numeric literal at line 1, column 10
parse error: Invalid numeric literal at line 1, column 10
03/09/21 00:05:20 924478800 1615219520

real	0m2.961s
user	0m0.000s
sys	0m0.047s

real	0m1.706s
user	0m0.031s
sys	0m0.047s
[WARN] get LZ_TOKEN error
03/09/21 00:05:26 347578000  1615219526
use pt_key

real	0m0.914s
user	0m0.125s
sys	0m0.094s
03/09/21 00:05:27 507564900  1615219527 token: AAFgRktHADDwP2U3yC7FfKgnsxC2xT0XKn4VZBDztn5ZV1zKI-4vNz8YOyjPLOkl5ND-jrBTFe0

real	0m1.565s
user	0m0.047s
sys	0m0.109s
parse error: Invalid numeric literal at line 1, column 10
03/09/21 00:05:30 870428800  1615219530 secretPin: 
[WARN] get secretPin error

03/09/21 00:05:31 162380200  1615219531 肥鹅签到帮宝适京东自营官方旗舰店

real	0m1.704s
user	0m0.031s
sys	0m0.063s
parse error: Invalid numeric literal at line 1, column 10
parse error: Invalid numeric literal at line 1, column 10
parse error: Invalid numeric literal at line 1, column 10
parse error: Invalid numeric literal at line 1, column 10
parse error: Invalid numeric literal at line 1, column 10
03/09/21 00:05:39 625784900 1615219539

real	0m3.021s
user	0m0.000s
sys	0m0.047s

real	0m1.298s
user	0m0.031s
sys	0m0.094s
[WARN] get LZ_TOKEN error
03/09/21 00:05:45 871197200  1615219545
use pt_key

real	0m1.857s
user	0m0.156s
sys	0m0.109s
03/09/21 00:05:48 103236400  1615219548 token: AAFgRktbADD_54k2R-YRF664Mram-GuuU1gWVoz9npYWYCkpDyitiugWmRRvvb8rH1P3ICgPWCI

real	0m2.648s
user	0m0.031s
sys	0m0.078s
parse error: Invalid numeric literal at line 1, column 10
03/09/21 00:05:51 734233100  1615219551 secretPin: 
[WARN] get secretPin error

03/09/21 00:05:52 098723100  1615219552 肥鹅签到帮宝适京东自营官方旗舰店

real	0m1.295s
user	0m0.047s
sys	0m0.063s
parse error: Invalid numeric literal at line 1, column 10
parse error: Invalid numeric literal at line 1, column 10
parse error: Invalid numeric literal at line 1, column 10
parse error: Invalid numeric literal at line 1, column 10
parse error: Invalid numeric literal at line 1, column 10
03/09/21 00:06:00 358700300 1615219560

real	0m3.347s
user	0m0.000s
sys	0m0.047s

real	0m1.368s
user	0m0.047s
sys	0m0.078s
[WARN] get LZ_TOKEN error
03/09/21 00:06:06 691766400  1615219566
use pt_key

real	0m1.787s
user	0m0.141s
sys	0m0.094s
03/09/21 00:06:08 795461200  1615219568 token: AAFgRktwADBAN4DJzvSjYOP4paLOMAiIG3y0AY_7_p5AjfDQ8V8bPtI1DX7BeLUv_wFG9NxdSAI

real	0m1.280s
user	0m0.047s
sys	0m0.078s
parse error: Invalid numeric literal at line 1, column 10
03/09/21 00:06:12 429784100  1615219572 secretPin: 
[WARN] get secretPin error

03/09/21 00:06:13 019987200  1615219573 肥鹅签到帮宝适京东自营官方旗舰店

real	0m0.975s
user	0m0.031s
sys	0m0.078s
parse error: Invalid numeric literal at line 1, column 10
parse error: Invalid numeric literal at line 1, column 10
parse error: Invalid numeric literal at line 1, column 10
parse error: Invalid numeric literal at line 1, column 10
parse error: Invalid numeric literal at line 1, column 10
03/09/21 00:06:20 924682500 1615219580

real	0m3.374s
user	0m0.000s
sys	0m0.047s

real	0m1.455s
user	0m0.031s
sys	0m0.109s
[WARN] get LZ_TOKEN error
03/09/21 00:06:27 538006100  1615219587
use pt_key

real	0m1.623s
user	0m0.109s
sys	0m0.109s
03/09/21 00:06:29 592184800  1615219589 token: AAFgRkuFADDdG6aimI9a_aP81CsHKvcn59xVol2Ea5bGewnG8EHk-y2dbq5A50aPflr8NJx9Qtg

real	0m1.219s
user	0m0.016s
sys	0m0.109s
parse error: Invalid numeric literal at line 1, column 10
03/09/21 00:06:32 121888900  1615219592 secretPin: 
[WARN] get secretPin error

03/09/21 00:06:32 321381900  1615219592 肥鹅签到帮宝适京东自营官方旗舰店

real	0m1.309s
user	0m0.016s
sys	0m0.141s
parse error: Invalid numeric literal at line 1, column 10
parse error: Invalid numeric literal at line 1, column 10
parse error: Invalid numeric literal at line 1, column 10
parse error: Invalid numeric literal at line 1, column 10
parse error: Invalid numeric literal at line 1, column 10
03/09/21 00:06:38 980333700 1615219598

real	0m3.715s
user	0m0.000s
sys	0m0.047s

real	0m0.910s
user	0m0.031s
sys	0m0.078s
[WARN] get LZ_TOKEN error
03/09/21 00:06:46 249657800  1615219606
use pt_key

real	0m1.414s
user	0m0.141s
sys	0m0.109s
03/09/21 00:06:47 881378800  1615219607 token: AAFgRkuXADBDBuNWoK3dlfVSgkcB5SEUKc1MrfbYhMrKIgI5isk6oRylHLQ-J4GruWqaSZmr5fk

real	0m1.925s
user	0m0.016s
sys	0m0.109s
parse error: Invalid numeric literal at line 1, column 10
03/09/21 00:06:52 482327100  1615219612 secretPin: 
[WARN] get secretPin error

03/09/21 00:06:52 750003000  1615219612 肥鹅签到帮宝适京东自营官方旗舰店

real	0m1.668s
user	0m0.047s
sys	0m0.078s
parse error: Invalid numeric literal at line 1, column 10
parse error: Invalid numeric literal at line 1, column 10
parse error: Invalid numeric literal at line 1, column 10
parse error: Invalid numeric literal at line 1, column 10
parse error: Invalid numeric literal at line 1, column 10
03/09/21 00:06:59 458926400 1615219619

real	0m3.742s
user	0m0.016s
sys	0m0.031s

real	0m1.032s
user	0m0.031s
sys	0m0.031s
[WARN] get LZ_TOKEN error
03/09/21 00:07:06 243949100  1615219626
use pt_key

real	0m0.942s
user	0m0.125s
sys	0m0.094s
03/09/21 00:07:07 458685600  1615219627 token: AAFgRkurADDrAKW1I86eN84nkNkET5gzz0F9t5CL9OYebGPKGLQpeBGp2SCCUuI-eBeXcEAg0q4

real	0m1.292s
user	0m0.047s
sys	0m0.094s
parse error: Invalid numeric literal at line 1, column 10
03/09/21 00:07:10 917077400  1615219630 secretPin: 
[WARN] get secretPin error

03/09/21 00:07:11 462845300  1615219631 肥鹅签到帮宝适京东自营官方旗舰店

real	0m1.373s
user	0m0.016s
sys	0m0.109s
parse error: Invalid numeric literal at line 1, column 10
parse error: Invalid numeric literal at line 1, column 10
parse error: Invalid numeric literal at line 1, column 10
parse error: Invalid numeric literal at line 1, column 10
parse error: Invalid numeric literal at line 1, column 10
03/09/21 00:07:17 971579600 1615219637

real	0m5.095s
user	0m0.000s
sys	0m0.047s

real	0m0.986s
user	0m0.031s
sys	0m0.063s
[WARN] get LZ_TOKEN error
03/09/21 00:07:24 461046300  1615219644
use pt_key

real	0m1.161s
user	0m0.078s
sys	0m0.094s
03/09/21 00:07:25 847784500  1615219645 token: AAFgRku9ADDBksU5WCrZJcgp-u1c8KPZMegJIxcD7-V292pfkSGFrBl2H8wnagX69TJEayZQOJE

real	0m1.197s
user	0m0.031s
sys	0m0.109s
parse error: Invalid numeric literal at line 1, column 10
03/09/21 00:07:29 298265600  1615219649 secretPin: 
[WARN] get secretPin error

03/09/21 00:07:29 748249500  1615219649 肥鹅签到帮宝适京东自营官方旗舰店

real	0m1.220s
user	0m0.031s
sys	0m0.063s
parse error: Invalid numeric literal at line 1, column 10
parse error: Invalid numeric literal at line 1, column 10
parse error: Invalid numeric literal at line 1, column 10
parse error: Invalid numeric literal at line 1, column 10
parse error: Invalid numeric literal at line 1, column 10
03/09/21 00:07:38 584489000 1615219658

real	0m4.408s
user	0m0.016s
sys	0m0.031s

real	0m1.253s
user	0m0.047s
sys	0m0.078s
[WARN] get LZ_TOKEN error
03/09/21 00:07:44 974832000  1615219664
use pt_key

real	0m0.705s
user	0m0.109s
sys	0m0.109s
03/09/21 00:07:45 922910800  1615219665 token: AAFgRkvRADBoADQOyAwVFJd0BxfFN4DiTL5hYKPxixNGEzTVTGvmS5nbFwL3mreuIrK2OYGDfCw

real	0m0.945s
user	0m0.063s
sys	0m0.094s
parse error: Invalid numeric literal at line 1, column 10
03/09/21 00:07:49 332442800  1615219669 secretPin: 
[WARN] get secretPin error

03/09/21 00:07:49 771570100  1615219669 肥鹅签到帮宝适京东自营官方旗舰店

real	0m1.328s
user	0m0.031s
sys	0m0.063s
parse error: Invalid numeric literal at line 1, column 10
parse error: Invalid numeric literal at line 1, column 10
parse error: Invalid numeric literal at line 1, column 10
parse error: Invalid numeric literal at line 1, column 10
parse error: Invalid numeric literal at line 1, column 10
03/09/21 00:07:56 958776600 1615219676

real	0m4.515s
user	0m0.000s
sys	0m0.063s

real	0m1.430s
user	0m0.016s
sys	0m0.141s
[WARN] get LZ_TOKEN error
03/09/21 00:08:04 292505700  1615219684
use pt_key

real	0m0.980s
user	0m0.109s
sys	0m0.094s
03/09/21 00:08:05 662732000  1615219685 token: AAFgRkvlADAJYlgwpn2iuJjjQSeJmFXjeCG_-xJ0rWuMcP2gjVxNjw0ShYokuaFk1l0CxFjdlLw

real	0m0.850s
user	0m0.047s
sys	0m0.094s
parse error: Invalid numeric literal at line 1, column 10
03/09/21 00:08:07 874621500  1615219687 secretPin: 
[WARN] get secretPin error

03/09/21 00:08:08 157507000  1615219688 肥鹅签到帮宝适京东自营官方旗舰店

real	0m1.090s
user	0m0.063s
sys	0m0.078s
parse error: Invalid numeric literal at line 1, column 10
parse error: Invalid numeric literal at line 1, column 10
parse error: Invalid numeric literal at line 1, column 10
parse error: Invalid numeric literal at line 1, column 10
parse error: Invalid numeric literal at line 1, column 10
03/09/21 00:08:14 570343000 1615219694

real	0m4.430s
user	0m0.000s
sys	0m0.031s

real	0m2.235s
user	0m0.000s
sys	0m0.109s
[WARN] get LZ_TOKEN error
03/09/21 00:08:22 516061600  1615219702
use pt_key

real	0m1.412s
user	0m0.156s
sys	0m0.125s
03/09/21 00:08:24 198254900  1615219704 token: AAFgRkv3ADCQyCOLsQaSUXk4v4aAPu62nqINBEedt6VJayXtrSg4nU5p3C00qHfQOES597-_N0s

real	0m0.901s
user	0m0.031s
sys	0m0.125s
parse error: Invalid numeric literal at line 1, column 10
03/09/21 00:08:26 807118800  1615219706 secretPin: 
[WARN] get secretPin error

03/09/21 00:08:27 090128900  1615219707 肥鹅签到帮宝适京东自营官方旗舰店

real	0m0.803s
user	0m0.031s
sys	0m0.109s
parse error: Invalid numeric literal at line 1, column 10
parse error: Invalid numeric literal at line 1, column 10
parse error: Invalid numeric literal at line 1, column 10
parse error: Invalid numeric literal at line 1, column 10
parse error: Invalid numeric literal at line 1, column 10
03/09/21 00:08:31 980786200 1615219711

real	0m4.877s
user	0m0.016s
sys	0m0.031s

real	0m1.700s
user	0m0.031s
sys	0m0.047s
[WARN] get LZ_TOKEN error
03/09/21 00:08:39 359725800  1615219719
use pt_key

real	0m1.105s
user	0m0.094s
sys	0m0.141s
03/09/21 00:08:40 815792500  1615219720 token: AAFgRkwIADAtg85JWyGCbiu3-dmRs51wdZ9SSyc5RmgDuTaJMqs0e1nxdbI29sfi6sBD68rKtL0

real	0m1.045s
user	0m0.016s
sys	0m0.094s
parse error: Invalid numeric literal at line 1, column 10
03/09/21 00:08:42 920934000  1615219722 secretPin: 
[WARN] get secretPin error

03/09/21 00:08:43 015853500  1615219723 肥鹅签到帮宝适京东自营官方旗舰店

real	0m0.699s
user	0m0.063s
sys	0m0.078s
parse error: Invalid numeric literal at line 1, column 10
parse error: Invalid numeric literal at line 1, column 10
parse error: Invalid numeric literal at line 1, column 10
parse error: Invalid numeric literal at line 1, column 10
parse error: Invalid numeric literal at line 1, column 10
03/09/21 00:08:45 123809400 1615219725

real	0m4.143s
user	0m0.000s
sys	0m0.063s
03/09/21 00:09:49 670673400  1615219789
parse error: Invalid numeric literal at line 1, column 10
签到是否成功解析失败. 不再写/home/myid/jd/jd_signup/lzkj_sevenDay_vender/shop_1614698669_0

肥鹅签到帮宝适京东自营官方旗舰店查看结果, 活动规则


#店铺名称
vendername="帮宝适京东自营官方旗舰店"
#店铺激活码
actId="9b8a4466ab984291908abd55c70d0646"
#店铺id
venderId="1000001933"
#长链接
url="https://lzkj-isv.isvjcloud.com/sign/sevenDay/signActivity?activityId=9b8a4466ab984291908abd55c70d0646&venderId=1000001933&cu=true&utm_source=kong&utm_medium=jingfen&utm_campaign=t_1002903107_&utm_term=4f8841bf33eb4dfb9ccd26e52abc0106"

startTime=1614566820
endTime=1617206340
# 活动时间：2021-03-01 10:47 - 2021-03-31 23:59；
# 奖励说明：
actRule="
7天签到
连续签到1天：1京豆
连续签到2天：1京豆
连续签到3天：1京豆
连续签到4天：1京豆
连续签到5天：1京豆
连续签到6天：1京豆
连续签到7天：7京豆
"
#赵 122294312-396444 sign_res
sign_num=""
giftName=""1京豆""
giftRes="ok"
giftDate="20210309"
sign_res_info="7天签到 第  天
当天签到奖励 ["1京豆"]"
#赵 122294312-396444 sign_res_end
#王 1309893722-164885 sign_res
sign_num=""
giftName=""1京豆""
giftRes="ok"
giftDate="20210309"
sign_res_info="7天签到 第  天
当天签到奖励 ["1京豆"]"
#王 1309893722-164885 sign_res_end
#肥鹅 jd_4d651d9e48204 sign_res
sign_num=""
giftName=""1京豆""
giftRes="ok"
giftDate="20210309"
sign_res_info="7天签到 第  天
当天签到奖励 ["1京豆"]"
#肥鹅 jd_4d651d9e48204 sign_res_end
#移动 jd_OeTNobRVGiNZ sign_res
sign_num=""
giftName=""
giftRes=""
giftDate="20210309"
sign_res_info="7天签到 第  天
当天签到奖励 []"
#移动 jd_OeTNobRVGiNZ sign_res_end
