02/20/21 00:00:17 618697900  1613750417
RANDOM_num: 45
force to sign

real	0m1.457s
user	0m0.031s
sys	0m0.078s
02/20/21 00:00:20 531162400  1613750420 cjhy å¿½ç•¥ LZ_TOKEN
use wskey

real	0m1.444s
user	0m0.094s
sys	0m0.031s
02/20/21 00:00:22 255356200  1613750422 token: AAFgL-CVADATVQFBwa_nqFvABuKtQzaUgKqw-Sdz5xzXJS54aRC9p9eqTDkFz3l5Io7HC9ANLsc

real	0m2.090s
user	0m0.109s
sys	0m0.047s
02/20/21 00:00:24 825935100  1613750424 secretPin: 0tOjzTA+gUy2lYGXG3la3fL7ldxmgdCpzmNX2HGi4eBuw30v/PoVBgxrRDHHbTlt

02/20/21 00:00:25 364379000  1613750425 ç§»åŠ¨ç­¾åˆ°å«ä»•äº¬ä¸œè‡ªè¥å®˜æ–¹æ——èˆ°åº—
curl: (6) Could not resolve host: cjhy-isv.isvjcloud.com

real	0m1.107s
user	0m0.016s
sys	0m0.063s
02/20/21 00:00:28 982284900 1613750428

real	0m0.598s
user	0m0.000s
sys	0m0.000s

real	0m0.524s
user	0m0.031s
sys	0m0.063s
02/20/21 00:00:30 284386100  1613750430 cjhy å¿½ç•¥ LZ_TOKEN
use wskey

real	0m0.880s
user	0m0.094s
sys	0m0.094s
02/20/21 00:00:31 464534700  1613750431 token: AAFgL-CfADCKu08Qx5UFkc_NtqMM0AwARQqmUDRBqqijLakZFFbKKLiqb5Uhs4-hPt1E61_HiIs

real	0m1.542s
user	0m0.109s
sys	0m0.094s
02/20/21 00:00:33 182070800  1613750433 secretPin: 0tOjzTA+gUy2lYGXG3la3fL7ldxmgdCpzmNX2HGi4eBuw30v/PoVBgxrRDHHbTlt

02/20/21 00:00:33 456650300  1613750433 ç§»åŠ¨ç­¾åˆ°å«ä»•äº¬ä¸œè‡ªè¥å®˜æ–¹æ——èˆ°åº—

real	0m0.672s
user	0m0.016s
sys	0m0.125s
{
  "msg": "æœåŠ¡å™¨æ•°æ®å¿™ï¼Œç¨åå†è¯•",
  "isOk": false
}
02/20/21 00:00:36 970768300 1613750436

real	0m0.898s
user	0m0.000s
sys	0m0.000s

real	0m1.247s
user	0m0.016s
sys	0m0.063s
02/20/21 00:00:39 232565000  1613750439 cjhy å¿½ç•¥ LZ_TOKEN
use wskey

real	0m0.602s
user	0m0.125s
sys	0m0.094s
02/20/21 00:00:40 003587900  1613750440 token: AAFgL-CnADAK_EWbIOUbJqQYFdN3NTJanJ2NIeQiwpLwZ-Go5RueedDvtoGQDgN5kQ1c-g6eyi0

real	0m0.808s
user	0m0.109s
sys	0m0.047s
02/20/21 00:00:40 905948700  1613750440 secretPin: 0tOjzTA+gUy2lYGXG3la3fL7ldxmgdCpzmNX2HGi4eBuw30v/PoVBgxrRDHHbTlt

02/20/21 00:00:41 065311200  1613750441 ç§»åŠ¨ç­¾åˆ°å«ä»•äº¬ä¸œè‡ªè¥å®˜æ–¹æ——èˆ°åº—

real	0m0.486s
user	0m0.031s
sys	0m0.094s
{
  "msg": "å½“å¤©åªèƒ½ç­¾åˆ°ä¸€æ¬¡",
  "isOk": false
}
"å½“å¤©åªèƒ½ç­¾åˆ°ä¸€æ¬¡"
02/20/21 00:00:43 489431800 1613750443
02/20/21 00:00:43 669082700 1613750443 ç­¾åˆ°å«ä»•äº¬ä¸œè‡ªè¥å®˜æ–¹æ——èˆ°åº—å®Œæˆ
02/20/21 00:03:00 122470400  1613750580
curl: (6) Could not resolve host: cjhy-isv.isvjcloud.com
[0;31;3mRUN  at {298:<--} ERROR CODE: 6[0m [0;31;3m[20210220 00:03:02] [ERROR] [0m

