02/20/21 00:02:09 172689000  1613750529
RANDOM_num: 20
removed '/tmp/tmp.KI1sFPBzMD'
02/20/21 00:02:11 154180500  1613750531
赵 今天已经签到过. 签到结果: ok  giftDate: 20210220
***********************************************
7天签到 第  天
***********************************************

赵 签到结果获取失败.
02/20/21 00:02:11 439413500  1613750531 检查赵签到

real	0m1.919s
user	0m0.031s
sys	0m0.078s
[WARN] get LZ_TOKEN error
02/20/21 00:02:16 277912200  1613750536
use pt_key

real	0m1.751s
user	0m0.125s
sys	0m0.094s
02/20/21 00:02:18 659346100  1613750538 token: AAFgL-EJADCfPIxDe0eyMTtw_so3Us98I5PYg0_Jhlv6JpSG2FcuirsNv3S8rPZSeL3qb_WSmHo
parse error: Invalid numeric literal at line 1, column 10

real	0m2.159s
user	0m0.094s
sys	0m0.188s
02/20/21 00:02:21 334382300  1613750541 secretPin: 
[WARN] get secretPin error

02/20/21 00:02:21 878744300  1613750541 赵签到英氏YeeHoO奥特莱斯店

real	0m1.503s
user	0m0.016s
sys	0m0.109s
parse error: Invalid numeric literal at line 1, column 10
parse error: Invalid numeric literal at line 1, column 10
parse error: Invalid numeric literal at line 1, column 10
parse error: Invalid numeric literal at line 1, column 10
02/20/21 00:02:33 044255100 1613750553

real	0m2.404s
user	0m0.000s
sys	0m0.031s

real	0m2.524s
user	0m0.031s
sys	0m0.094s
[WARN] get LZ_TOKEN error
02/20/21 00:02:39 215503600  1613750559
use pt_key

real	0m2.922s
user	0m0.156s
sys	0m0.047s
02/20/21 00:02:43 051222800  1613750563 token: AAFgL-EhADAWSCA33Jvjimvs4ITciAgJM4DvkIdgQnGf77nS0yeFBC-PXlYnzNxHCowzUrjv6Tw
parse error: Invalid numeric literal at line 1, column 10

real	0m2.580s
user	0m0.125s
sys	0m0.078s
02/20/21 00:02:46 250987900  1613750566 secretPin: 
[WARN] get secretPin error

02/20/21 00:02:47 023604500  1613750567 赵签到英氏YeeHoO奥特莱斯店

real	0m2.098s
user	0m0.094s
sys	0m0.031s
parse error: Invalid numeric literal at line 1, column 10
parse error: Invalid numeric literal at line 1, column 10
parse error: Invalid numeric literal at line 1, column 10
parse error: Invalid numeric literal at line 1, column 10
02/20/21 00:02:57 785690100 1613750577

real	0m1.696s
user	0m0.000s
sys	0m0.047s

real	0m1.331s
user	0m0.016s
sys	0m0.063s
[WARN] get LZ_TOKEN error
02/20/21 00:03:02 783942800  1613750582
use pt_key

real	0m2.415s
user	0m0.094s
sys	0m0.109s
02/20/21 00:03:07 764567300  1613750587 token: AAFgL-E4ADAN0rzwsaJNzuylxZF7IlYI5hL64FgdKF9ogpwWe7G12bX8D8XxF_w-N9MD_ARZL_M
parse error: Invalid numeric literal at line 1, column 10

real	0m3.240s
user	0m0.109s
sys	0m0.047s
02/20/21 00:03:11 703136200  1613750591 secretPin: 
[WARN] get secretPin error

02/20/21 00:03:12 291739700  1613750592 赵签到英氏YeeHoO奥特莱斯店

real	0m2.851s
user	0m0.016s
sys	0m0.078s
parse error: Invalid numeric literal at line 1, column 10
parse error: Invalid numeric literal at line 1, column 10
parse error: Invalid numeric literal at line 1, column 10
parse error: Invalid numeric literal at line 1, column 10
02/20/21 00:03:22 286296000 1613750602

real	0m1.724s
user	0m0.000s
sys	0m0.016s

real	0m1.428s
user	0m0.078s
sys	0m0.047s
[WARN] get LZ_TOKEN error
02/20/21 00:03:26 573670200  1613750606
use pt_key

real	0m1.720s
user	0m0.141s
sys	0m0.078s
02/20/21 00:03:28 604994000  1613750608 token: AAFgL-FQADCEOsMN_kH2j3HtPsqdJFl0JQf__yIcqnh4-9djmo_NJMz5LzhhYg2aG3dbAObeDv0
parse error: Invalid numeric literal at line 1, column 10

real	0m3.514s
user	0m0.078s
sys	0m0.109s
02/20/21 00:03:32 663483900  1613750612 secretPin: 
[WARN] get secretPin error

02/20/21 00:03:33 301568200  1613750613 赵签到英氏YeeHoO奥特莱斯店

real	0m1.932s
user	0m0.047s
sys	0m0.047s
parse error: Invalid numeric literal at line 1, column 10
parse error: Invalid numeric literal at line 1, column 10
parse error: Invalid numeric literal at line 1, column 10
parse error: Invalid numeric literal at line 1, column 10
02/20/21 00:03:43 951663100 1613750623

real	0m2.749s
user	0m0.000s
sys	0m0.031s

real	0m2.400s
user	0m0.063s
sys	0m0.063s
[WARN] get LZ_TOKEN error
02/20/21 00:03:52 859595700  1613750632
use pt_key

real	0m1.732s
user	0m0.109s
sys	0m0.078s
02/20/21 00:03:54 997275000  1613750634 token: AAFgL-FqADBp5EAN9_9IO26fJhnPt1rhZ2qs4nGHRybVrzInJ48eGTYrxD59oL0ZFg1Jew_Opic
parse error: Invalid numeric literal at line 1, column 10

real	0m1.881s
user	0m0.063s
sys	0m0.109s
02/20/21 00:03:57 387692100  1613750637 secretPin: 
[WARN] get secretPin error

02/20/21 00:03:57 932107500  1613750637 赵签到英氏YeeHoO奥特莱斯店

real	0m2.669s
user	0m0.000s
sys	0m0.078s
parse error: Invalid numeric literal at line 1, column 10
parse error: Invalid numeric literal at line 1, column 10
parse error: Invalid numeric literal at line 1, column 10
parse error: Invalid numeric literal at line 1, column 10
02/20/21 00:04:24 280767400 1613750664

real	0m2.051s
user	0m0.000s
sys	0m0.047s

real	0m2.553s
user	0m0.047s
sys	0m0.078s
[WARN] get LZ_TOKEN error
02/20/21 00:04:32 587693500  1613750672
use pt_key

real	0m2.351s
user	0m0.125s
sys	0m0.078s
02/20/21 00:04:35 499051700  1613750675 token: AAFgL-GSADBCC3UAaE3p9zzqtrq58J7r8M5vJKGjqtmel6vWcPk2-iwmzUJxgS18NN1fEg_1ICc
parse error: Invalid numeric literal at line 1, column 10

real	0m4.065s
user	0m0.094s
sys	0m0.109s
02/20/21 00:04:40 023514300  1613750680 secretPin: 
[WARN] get secretPin error

02/20/21 00:04:40 394936400  1613750680 赵签到英氏YeeHoO奥特莱斯店

real	0m2.101s
user	0m0.047s
sys	0m0.094s
parse error: Invalid numeric literal at line 1, column 10
parse error: Invalid numeric literal at line 1, column 10
parse error: Invalid numeric literal at line 1, column 10
parse error: Invalid numeric literal at line 1, column 10
02/20/21 00:04:50 593149200 1613750690

real	0m3.681s
user	0m0.016s
sys	0m0.016s

real	0m2.057s
user	0m0.031s
sys	0m0.094s
[WARN] get LZ_TOKEN error
02/20/21 00:05:03 295221400  1613750703
use pt_key

real	0m3.113s
user	0m0.125s
sys	0m0.125s
02/20/21 00:05:06 865653500  1613750706 token: AAFgL-GyADB1NN9_MItJTYSJ0mLA0vwNkWyqjpdQ-OYh1fr5oDGEx2rcVuDKqoDmywfqcZMMpwg
parse error: Invalid numeric literal at line 1, column 10

real	0m3.000s
user	0m0.172s
sys	0m0.031s
02/20/21 00:05:10 911181500  1613750710 secretPin: 
[WARN] get secretPin error

02/20/21 00:05:11 334574200  1613750711 赵签到英氏YeeHoO奥特莱斯店

real	0m1.234s
user	0m0.031s
sys	0m0.078s
parse error: Invalid numeric literal at line 1, column 10
parse error: Invalid numeric literal at line 1, column 10
parse error: Invalid numeric literal at line 1, column 10
parse error: Invalid numeric literal at line 1, column 10
02/20/21 00:05:26 889476300 1613750726

real	0m3.503s
user	0m0.000s
sys	0m0.047s

real	0m1.595s
user	0m0.031s
sys	0m0.078s
[WARN] get LZ_TOKEN error
02/20/21 00:05:35 610224400  1613750735
use pt_key

real	0m2.321s
user	0m0.094s
sys	0m0.141s
02/20/21 00:05:38 874050200  1613750738 token: AAFgL-HRADBB2TIslVDz1ry1zKMFblpmWy4TAF-ogUR8WW-kPswx85Vu_3Zzy8tIyllQXvfqdjs
parse error: Invalid numeric literal at line 1, column 10

real	0m2.443s
user	0m0.109s
sys	0m0.078s
02/20/21 00:05:41 822153100  1613750741 secretPin: 
[WARN] get secretPin error

02/20/21 00:05:42 246399500  1613750742 赵签到英氏YeeHoO奥特莱斯店

real	0m2.021s
user	0m0.047s
sys	0m0.078s
parse error: Invalid numeric literal at line 1, column 10
parse error: Invalid numeric literal at line 1, column 10
parse error: Invalid numeric literal at line 1, column 10
parse error: Invalid numeric literal at line 1, column 10
02/20/21 00:05:55 492943100 1613750755

real	0m2.833s
user	0m0.000s
sys	0m0.031s

real	0m3.444s
user	0m0.031s
sys	0m0.047s
[WARN] get LZ_TOKEN error
02/20/21 00:06:04 379957100  1613750764
use pt_key

real	0m1.608s
user	0m0.094s
sys	0m0.109s
02/20/21 00:06:06 662993400  1613750766 token: AAFgL-HtADCzDeZEQ_5IB9Axgb6Ta60S5sow47MfSnvk-gP3vYcE-TMxQsBKf8upvoOQHYl0gS8
parse error: Invalid numeric literal at line 1, column 10

real	0m2.418s
user	0m0.109s
sys	0m0.125s
02/20/21 00:06:09 578748800  1613750769 secretPin: 
[WARN] get secretPin error

02/20/21 00:06:10 216014500  1613750770 赵签到英氏YeeHoO奥特莱斯店

real	0m2.020s
user	0m0.016s
sys	0m0.078s
parse error: Invalid numeric literal at line 1, column 10
parse error: Invalid numeric literal at line 1, column 10
parse error: Invalid numeric literal at line 1, column 10
parse error: Invalid numeric literal at line 1, column 10
02/20/21 00:06:19 095764800 1613750779

real	0m3.702s
user	0m0.000s
sys	0m0.000s

real	0m2.882s
user	0m0.000s
sys	0m0.094s
[WARN] get LZ_TOKEN error
02/20/21 00:06:28 377960700  1613750788
use pt_key

real	0m3.129s
user	0m0.125s
sys	0m0.094s
02/20/21 00:06:31 719253600  1613750791 token: AAFgL-IHADA6bDqycTiD2hHB8_aqzDBnprH1_OSC41W7v9g5VQXD_vTssScdnAPOpbFG-1pmeN0
parse error: Invalid numeric literal at line 1, column 10

real	0m1.286s
user	0m0.094s
sys	0m0.063s
02/20/21 00:06:33 334232300  1613750793 secretPin: 
[WARN] get secretPin error

02/20/21 00:06:33 698668900  1613750793 赵签到英氏YeeHoO奥特莱斯店

real	0m2.090s
user	0m0.047s
sys	0m0.063s
parse error: Invalid numeric literal at line 1, column 10
parse error: Invalid numeric literal at line 1, column 10
parse error: Invalid numeric literal at line 1, column 10
parse error: Invalid numeric literal at line 1, column 10
02/20/21 00:06:43 418425900 1613750803

real	0m3.332s
user	0m0.000s
sys	0m0.016s

real	0m2.396s
user	0m0.031s
sys	0m0.031s
[WARN] get LZ_TOKEN error
02/20/21 00:06:51 544909400  1613750811
use pt_key

real	0m2.622s
user	0m0.141s
sys	0m0.063s
02/20/21 00:06:54 912498000  1613750814 token: AAFgL-IdADAHNMi2D5JFzytFDB4oArwJ_5ADiCnhtG0oeB5XMnCZN9jUyFf9EC9wKfWuVDe21Fo
parse error: Invalid numeric literal at line 1, column 10

real	0m2.941s
user	0m0.125s
sys	0m0.109s
02/20/21 00:06:58 668593400  1613750818 secretPin: 
[WARN] get secretPin error

02/20/21 00:07:00 489516900  1613750820 赵签到英氏YeeHoO奥特莱斯店

real	0m1.411s
user	0m0.031s
sys	0m0.078s
parse error: Invalid numeric literal at line 1, column 10
parse error: Invalid numeric literal at line 1, column 10
parse error: Invalid numeric literal at line 1, column 10
parse error: Invalid numeric literal at line 1, column 10
02/20/21 00:07:09 313309800 1613750829

real	0m3.710s
user	0m0.016s
sys	0m0.047s

real	0m2.264s
user	0m0.047s
sys	0m0.016s
[WARN] get LZ_TOKEN error
02/20/21 00:07:17 484541500  1613750837
use pt_key

real	0m2.246s
user	0m0.141s
sys	0m0.094s
02/20/21 00:07:20 304068700  1613750840 token: AAFgL-I3ADCcYe_qc_an8cACce8bocBs30Z0lMhPOSNAdLl8VkqGb9mx-MIA4EY0_mNecw_JVjg
parse error: Invalid numeric literal at line 1, column 10

real	0m3.359s
user	0m0.125s
sys	0m0.063s
02/20/21 00:07:24 009253700  1613750844 secretPin: 
[WARN] get secretPin error

02/20/21 00:07:24 572928800  1613750844 赵签到英氏YeeHoO奥特莱斯店

real	0m1.598s
user	0m0.000s
sys	0m0.078s
parse error: Invalid numeric literal at line 1, column 10
parse error: Invalid numeric literal at line 1, column 10
parse error: Invalid numeric literal at line 1, column 10
parse error: Invalid numeric literal at line 1, column 10
02/20/21 00:07:36 764932000 1613750856

real	0m3.334s
user	0m0.000s
sys	0m0.047s

real	0m2.043s
user	0m0.031s
sys	0m0.047s
[WARN] get LZ_TOKEN error
02/20/21 00:07:43 452918000  1613750863
use pt_key

real	0m2.215s
user	0m0.109s
sys	0m0.109s
02/20/21 00:07:46 312453800  1613750866 token: AAFgL-JRADBYCnVAAKYW47ZiMD6EJo5c1z2lBUS_vlcwzgAQTx7v7iBYtWAH1kKf5z4ePz38gJg
parse error: Invalid numeric literal at line 1, column 10

real	0m2.245s
user	0m0.109s
sys	0m0.047s
02/20/21 00:07:49 098065100  1613750869 secretPin: 
[WARN] get secretPin error

02/20/21 00:07:49 629407800  1613750869 赵签到英氏YeeHoO奥特莱斯店

real	0m2.599s
user	0m0.031s
sys	0m0.047s
parse error: Invalid numeric literal at line 1, column 10
parse error: Invalid numeric literal at line 1, column 10
parse error: Invalid numeric literal at line 1, column 10
parse error: Invalid numeric literal at line 1, column 10
02/20/21 00:08:00 479304000 1613750880

real	0m3.747s
user	0m0.000s
sys	0m0.078s

real	0m0.645s
user	0m0.047s
sys	0m0.063s
[WARN] get LZ_TOKEN error
02/20/21 00:08:07 303268400  1613750887
use pt_key

real	0m1.208s
user	0m0.109s
sys	0m0.094s
02/20/21 00:08:09 099044500  1613750889 token: AAFgL-JoADDxRsruHBBrznZUbwMMQTVd1D63ICtjrJMz_zBC2EF5kLk7gMfzHKKAei0ozKdkyCQ
parse error: Invalid numeric literal at line 1, column 10

real	0m2.039s
user	0m0.125s
sys	0m0.094s
02/20/21 00:08:11 801277700  1613750891 secretPin: 
[WARN] get secretPin error

02/20/21 00:08:12 109642800  1613750892 赵签到英氏YeeHoO奥特莱斯店

real	0m1.647s
user	0m0.016s
sys	0m0.125s
parse error: Invalid numeric literal at line 1, column 10
parse error: Invalid numeric literal at line 1, column 10
parse error: Invalid numeric literal at line 1, column 10
parse error: Invalid numeric literal at line 1, column 10
02/20/21 00:08:19 773352400 1613750899

real	0m5.438s
user	0m0.000s
sys	0m0.000s

real	0m2.108s
user	0m0.016s
sys	0m0.094s
[WARN] get LZ_TOKEN error
02/20/21 00:08:31 883000400  1613750911
use pt_key

real	0m1.784s
user	0m0.109s
sys	0m0.125s
02/20/21 00:08:34 008290100  1613750914 token: AAFgL-KBADASp9VoW4UNpZyl4_nzFeOzWSEuP5Vv9uXqFvi4zmyDb5Sqd_e85JuXvb7ugzikSVw
parse error: Invalid numeric literal at line 1, column 10

real	0m1.696s
user	0m0.156s
sys	0m0.078s
02/20/21 00:08:36 047827400  1613750916 secretPin: 
[WARN] get secretPin error

02/20/21 00:08:36 404771900  1613750916 赵签到英氏YeeHoO奥特莱斯店

real	0m1.436s
user	0m0.016s
sys	0m0.094s
parse error: Invalid numeric literal at line 1, column 10
parse error: Invalid numeric literal at line 1, column 10
parse error: Invalid numeric literal at line 1, column 10
parse error: Invalid numeric literal at line 1, column 10
02/20/21 00:08:46 019097500 1613750926

real	0m4.621s
user	0m0.000s
sys	0m0.031s

real	0m2.096s
user	0m0.063s
sys	0m0.047s
[WARN] get LZ_TOKEN error
02/20/21 00:08:53 718348900  1613750933
use pt_key

real	0m1.747s
user	0m0.125s
sys	0m0.078s
02/20/21 00:08:55 789985900  1613750935 token: AAFgL-KXADAl1AlYlW9TWvaSDY0vOxMW1evH1lAhl5hWTkC-vGnT4ePrJFk1aDYATqynSDIJkJw
parse error: Invalid numeric literal at line 1, column 10

real	0m1.942s
user	0m0.078s
sys	0m0.125s
02/20/21 00:08:58 042376600  1613750938 secretPin: 
[WARN] get secretPin error

02/20/21 00:08:58 373389500  1613750938 赵签到英氏YeeHoO奥特莱斯店

real	0m0.989s
user	0m0.016s
sys	0m0.109s
parse error: Invalid numeric literal at line 1, column 10
parse error: Invalid numeric literal at line 1, column 10
parse error: Invalid numeric literal at line 1, column 10
parse error: Invalid numeric literal at line 1, column 10
02/20/21 00:09:04 524911600 1613750944

real	0m4.337s
user	0m0.000s
sys	0m0.016s

real	0m1.505s
user	0m0.016s
sys	0m0.078s
[WARN] get LZ_TOKEN error
02/20/21 00:09:11 321292000  1613750951
use pt_key

real	0m1.615s
user	0m0.125s
sys	0m0.109s
02/20/21 00:09:13 308276800  1613750953 token: AAFgL-KoADAW4q2J8GKN2M-nxZ0x_4X-SWIB4z3eHKo8pj0o8H9pNC44av8TBiw5VZPsFoxoKTE
parse error: Invalid numeric literal at line 1, column 10

real	0m2.019s
user	0m0.125s
sys	0m0.109s
02/20/21 00:09:15 666639400  1613750955 secretPin: 
[WARN] get secretPin error

02/20/21 00:09:15 944825900  1613750955 赵签到英氏YeeHoO奥特莱斯店

real	0m1.267s
user	0m0.000s
sys	0m0.078s
parse error: Invalid numeric literal at line 1, column 10
parse error: Invalid numeric literal at line 1, column 10
parse error: Invalid numeric literal at line 1, column 10
parse error: Invalid numeric literal at line 1, column 10
02/20/21 00:09:24 609699100 1613750964

real	0m4.935s
user	0m0.000s
sys	0m0.016s

real	0m2.015s
user	0m0.016s
sys	0m0.063s
[WARN] get LZ_TOKEN error
02/20/21 00:09:34 268974200  1613750974
use pt_key

real	0m2.373s
user	0m0.156s
sys	0m0.063s
02/20/21 00:09:37 212011600  1613750977 token: AAFgL-LAADBm3Q2vPpY6tHLVe5Sd6I07YqMD1c2yoP7DcCqpKEeteUCnTa1MlU4-asXLshoaios
parse error: Invalid numeric literal at line 1, column 10

real	0m1.995s
user	0m0.078s
sys	0m0.141s
02/20/21 00:09:39 593331500  1613750979 secretPin: 
[WARN] get secretPin error

02/20/21 00:09:40 081486400  1613750980 赵签到英氏YeeHoO奥特莱斯店

real	0m1.915s
user	0m0.016s
sys	0m0.125s
parse error: Invalid numeric literal at line 1, column 10
parse error: Invalid numeric literal at line 1, column 10
parse error: Invalid numeric literal at line 1, column 10
parse error: Invalid numeric literal at line 1, column 10
02/20/21 00:09:48 388924900 1613750988

real	0m5.432s
user	0m0.000s
sys	0m0.016s

real	0m2.694s
user	0m0.047s
sys	0m0.078s
[WARN] get LZ_TOKEN error
02/20/21 00:10:04 128810000  1613751004
use pt_key

real	0m1.808s
user	0m0.125s
sys	0m0.063s
02/20/21 00:10:06 528694900  1613751006 token: AAFgL-LdADCB5d4E2_aw9rS7YL94QTWgCcHn6wchd44LoUyygWyTWVTmZR76vHfpQN0oUjw-fJ4
parse error: Invalid numeric literal at line 1, column 10

real	0m2.298s
user	0m0.156s
sys	0m0.047s
02/20/21 00:10:09 528503300  1613751009 secretPin: 
[WARN] get secretPin error

02/20/21 00:10:10 166832000  1613751010 赵签到英氏YeeHoO奥特莱斯店

real	0m1.298s
user	0m0.047s
sys	0m0.047s
parse error: Invalid numeric literal at line 1, column 10
parse error: Invalid numeric literal at line 1, column 10
parse error: Invalid numeric literal at line 1, column 10
parse error: Invalid numeric literal at line 1, column 10
02/20/21 00:10:18 145110000 1613751018

real	0m5.343s
user	0m0.000s
sys	0m0.031s

real	0m2.320s
user	0m0.031s
sys	0m0.047s
[WARN] get LZ_TOKEN error
02/20/21 00:10:29 647680600  1613751029
use pt_key

real	0m2.484s
user	0m0.156s
sys	0m0.094s
02/20/21 00:10:32 797304500  1613751032 token: AAFgL-L3ADC3qyhsrb3QyTQ_o8ebrFH4_p3xQwdCUsajuMW0o1UbLP1BjnxbpaU3x2ZkFeK_50U
parse error: Invalid numeric literal at line 1, column 10

real	0m2.528s
user	0m0.156s
sys	0m0.094s
02/20/21 00:10:35 996311400  1613751035 secretPin: 
[WARN] get secretPin error

02/20/21 00:10:37 127384000  1613751037 赵签到英氏YeeHoO奥特莱斯店

real	0m1.127s
user	0m0.000s
sys	0m0.063s
parse error: Invalid numeric literal at line 1, column 10
parse error: Invalid numeric literal at line 1, column 10
parse error: Invalid numeric literal at line 1, column 10
parse error: Invalid numeric literal at line 1, column 10
02/20/21 00:10:41 999663900 1613751041

real	0m5.174s
user	0m0.000s
sys	0m0.063s
02/20/21 00:11:48 713803400  1613751108
parse error: Invalid numeric literal at line 1, column 10
parse error: Invalid numeric literal at line 1, column 10

***********************************************
7天签到 第  天
***********************************************

赵签到英氏YeeHoO奥特莱斯店查看结果, 活动规则
<!DOCTYPE html>
<html>
 <head> 
  <title>京东</title> 
  <meta charset="utf-8" /> 
  <meta name="apple-mobile-web-app-capable" content="yes" /> 
  <meta name="viewport" content="width=device-width,initial-scale=1,user-scalable=no,maximum-scale=1,viewport-fit=cover" /> 
  <meta name="format-detection" content="telephone=no" /> 
  <meta name="x5-cache" content="enable" /> 
  <link rel="stylesheet" href="https://storage.360buyimg.com/babel/00162638/333378/production/dev/parser.1526555535098.css?t=20180517191236" /> 
  <style> img {
            opacity: 1 !important;
        } </style> 
  <link href="https://storage.360buyimg.com/babel/00170893/348321/production/dev/index.7320a380.css?t=20180802150952" rel="stylesheet" />
 </head> 
 <body style="background:#fff;" id="root"> 
  <div class="errorPage"> 
  </div> 
  <div class="placeholer"> 
  </div> 
  <script src="https://wl.jd.com/unify.min.js"></script> 
  <script type="text/javascript" src="https://storage.360buyimg.com/babel/00170893/348321/production/dev/index.0f8f4dba.js?t=20180802150952"></script> 
 </body>
</html>

#店铺名称
vendername="英氏YeeHoO奥特莱斯店"
#店铺激活码
actId="5ff5ff7000d444a0893a41c1f678e4bf"
#店铺id
venderId="10409042"
#长链接
url="https://lzkj-isv.isvjcloud.com/sign/sevenDay/signActivity?activityId=5ff5ff7000d444a0893a41c1f678e4bf&venderId=10409042&adsource=tg_xuanFuTuBiao"

startTime=1612157940
endTime=1614749940
# 活动时间：2021-02-01 13:39 - 2021-03-03 13:39；
# 奖励说明：
actRule="
7天签到
连续签到1天：5京豆
连续签到2天：6京豆
连续签到3天：7京豆
连续签到4天：8京豆
连续签到5天：9京豆
连续签到6天：10京豆
连续签到7天：15京豆
"
#王 1309893722-164885 sign_res
sign_num=""
sign_res_info="7天签到 第  天"
giftRes="ok"
giftDate="20210220"
#王 1309893722-164885 sign_res_end
#肥鹅 jd_4d651d9e48204 sign_res
sign_num=""
sign_res_info="7天签到 第  天"
giftRes="ok"
giftDate="20210220"
#肥鹅 jd_4d651d9e48204 sign_res_end
#移动 jd_OeTNobRVGiNZ sign_res
sign_num=""
sign_res_info="7天签到 第  天"
giftRes=""
giftDate="20210220"
#移动 jd_OeTNobRVGiNZ sign_res_end
#赵 122294312-396444 sign_res
sign_num=""
sign_res_info="7天签到 第  天"
giftRes=""
giftDate="20210220"
#赵 122294312-396444 sign_res_end
