03/13/21 00:02:06 734080800  1615564926
RANDOM_num: 20
removed '/tmp/tmp.l1FbMA4T6L'
03/13/21 00:02:08 435950500  1615564928 检查王签到

real	0m1.502s
user	0m0.031s
sys	0m0.141s
[WARN] get LZ_TOKEN error
03/13/21 00:02:12 277400900  1615564932
use pt_key

real	0m1.714s
user	0m0.109s
sys	0m0.125s
03/13/21 00:02:14 327228200  1615564934 token: AAFgS5CEADDmimvfeNDQrB1thcCJUuqONDwVnxQ6baRfMz_uEbeOD3AxCylqZBa-3Xgtipr1q2A

real	0m1.524s
user	0m0.031s
sys	0m0.063s
parse error: Invalid numeric literal at line 1, column 10
03/13/21 00:02:19 711816200  1615564939 secretPin: 
[WARN] get secretPin error

03/13/21 00:02:20 106127800  1615564940 王签到TCL.XESS个护京东自营旗舰店

real	0m1.394s
user	0m0.047s
sys	0m0.109s
parse error: Invalid numeric literal at line 1, column 10
parse error: Invalid numeric literal at line 1, column 10
parse error: Invalid numeric literal at line 1, column 10
parse error: Invalid numeric literal at line 1, column 10
03/13/21 00:02:25 985769500 1615564945

real	0m1.995s
user	0m0.000s
sys	0m0.063s

real	0m1.101s
user	0m0.016s
sys	0m0.109s
[WARN] get LZ_TOKEN error
03/13/21 00:02:30 229119800  1615564950
use pt_key

real	0m1.817s
user	0m0.125s
sys	0m0.094s
03/13/21 00:02:32 397025800  1615564952 token: AAFgS5CWADCuvi-v1Ja3tyCVwNue_6zWyAaMk3n26_hnXxUHhBybDmi0ALAuDY-Q0wzschYFYtA

real	0m1.093s
user	0m0.047s
sys	0m0.109s
parse error: Invalid numeric literal at line 1, column 10
03/13/21 00:02:36 144697000  1615564956 secretPin: 
[WARN] get secretPin error

03/13/21 00:02:36 467751600  1615564956 王签到TCL.XESS个护京东自营旗舰店

real	0m1.507s
user	0m0.031s
sys	0m0.109s
parse error: Invalid numeric literal at line 1, column 10
parse error: Invalid numeric literal at line 1, column 10
parse error: Invalid numeric literal at line 1, column 10
parse error: Invalid numeric literal at line 1, column 10
03/13/21 00:02:42 752369900 1615564962

real	0m1.235s
user	0m0.000s
sys	0m0.063s

real	0m1.169s
user	0m0.016s
sys	0m0.094s
[WARN] get LZ_TOKEN error
03/13/21 00:02:45 882176100  1615564965
use pt_key

real	0m1.267s
user	0m0.094s
sys	0m0.125s
03/13/21 00:02:47 527311400  1615564967 token: AAFgS5CmADBJh-J-fpOHq829J0VQVE6JTWoT0m7wPnnwhGnCFhNddpc9GURMi1d8vaXSe63gSiw

real	0m0.879s
user	0m0.031s
sys	0m0.125s
parse error: Invalid numeric literal at line 1, column 10
03/13/21 00:02:49 817956300  1615564969 secretPin: 
[WARN] get secretPin error

03/13/21 00:02:50 447744300  1615564970 王签到TCL.XESS个护京东自营旗舰店

real	0m5.620s
user	0m0.063s
sys	0m0.063s
parse error: Invalid numeric literal at line 1, column 10
parse error: Invalid numeric literal at line 1, column 10
parse error: Invalid numeric literal at line 1, column 10
parse error: Invalid numeric literal at line 1, column 10
03/13/21 00:03:00 659715200 1615564980

real	0m1.442s
user	0m0.016s
sys	0m0.016s

real	0m1.144s
user	0m0.016s
sys	0m0.125s
[WARN] get LZ_TOKEN error
03/13/21 00:03:04 034627600  1615564984
use pt_key

real	0m0.852s
user	0m0.094s
sys	0m0.047s
03/13/21 00:03:05 190463900  1615564985 token: AAFgS5C3ADAG7ZhJxN0ECHup9qxYkX_mtA5535brsnRewhrqHxddHGbBRB1N1xF3TK2vP2lATO4

real	0m1.209s
user	0m0.031s
sys	0m0.141s
parse error: Invalid numeric literal at line 1, column 10
03/13/21 00:03:09 185051900  1615564989 secretPin: 
[WARN] get secretPin error

03/13/21 00:03:09 674567500  1615564989 王签到TCL.XESS个护京东自营旗舰店

real	0m0.968s
user	0m0.016s
sys	0m0.078s
parse error: Invalid numeric literal at line 1, column 10
parse error: Invalid numeric literal at line 1, column 10
parse error: Invalid numeric literal at line 1, column 10
parse error: Invalid numeric literal at line 1, column 10
03/13/21 00:03:13 792370700 1615564993

real	0m1.917s
user	0m0.000s
sys	0m0.016s

real	0m1.284s
user	0m0.063s
sys	0m0.125s
[WARN] get LZ_TOKEN error
03/13/21 00:03:17 505283800  1615564997
use pt_key

real	0m1.384s
user	0m0.125s
sys	0m0.125s
03/13/21 00:03:19 226866100  1615564999 token: AAFgS5DFADBF9leJLW6zUST4f0sojWqvv9mzMxzV0aFbeNHNFmUFytCPeWngK-ekvLkNzRvFypw

real	0m1.073s
user	0m0.047s
sys	0m0.094s
parse error: Invalid numeric literal at line 1, column 10
03/13/21 00:03:22 120737200  1615565002 secretPin: 
[WARN] get secretPin error

03/13/21 00:03:22 387067800  1615565002 王签到TCL.XESS个护京东自营旗舰店

real	0m0.597s
user	0m0.031s
sys	0m0.078s
parse error: Invalid numeric literal at line 1, column 10
parse error: Invalid numeric literal at line 1, column 10
parse error: Invalid numeric literal at line 1, column 10
parse error: Invalid numeric literal at line 1, column 10
03/13/21 00:03:26 116788100 1615565006

real	0m2.030s
user	0m0.000s
sys	0m0.047s

real	0m2.325s
user	0m0.016s
sys	0m0.063s
[WARN] get LZ_TOKEN error
03/13/21 00:03:31 166627500  1615565011
use pt_key

real	0m1.182s
user	0m0.125s
sys	0m0.078s
03/13/21 00:03:32 720084300  1615565012 token: AAFgS5DTADCJY-d7KiGAvs0eVl1-HGYEc593XLOE8kFsMdZ1SPIIcC9yEkXRFc5BFfTrP-KsMPE

real	0m1.135s
user	0m0.000s
sys	0m0.125s
parse error: Invalid numeric literal at line 1, column 10
03/13/21 00:03:36 529370800  1615565016 secretPin: 
[WARN] get secretPin error

03/13/21 00:03:36 837389700  1615565016 王签到TCL.XESS个护京东自营旗舰店

real	0m0.748s
user	0m0.031s
sys	0m0.094s
parse error: Invalid numeric literal at line 1, column 10
parse error: Invalid numeric literal at line 1, column 10
parse error: Invalid numeric literal at line 1, column 10
parse error: Invalid numeric literal at line 1, column 10
03/13/21 00:03:39 989209000 1615565019

real	0m2.539s
user	0m0.000s
sys	0m0.031s

real	0m1.471s
user	0m0.031s
sys	0m0.078s
[WARN] get LZ_TOKEN error
03/13/21 00:03:44 999328400  1615565024
use pt_key

real	0m1.091s
user	0m0.125s
sys	0m0.063s
03/13/21 00:03:46 362208400  1615565026 token: AAFgS5DhADAkukznpnZZhJkMz5PBs4-EtcQZkFrhIiWkpj8hTpzQILJ67NmkdVRiMNo-WntDoYY

real	0m1.346s
user	0m0.000s
sys	0m0.141s
parse error: Invalid numeric literal at line 1, column 10
03/13/21 00:03:49 297290700  1615565029 secretPin: 
[WARN] get secretPin error

03/13/21 00:03:49 976512300  1615565029 王签到TCL.XESS个护京东自营旗舰店

real	0m0.691s
user	0m0.016s
sys	0m0.125s
parse error: Invalid numeric literal at line 1, column 10
parse error: Invalid numeric literal at line 1, column 10
parse error: Invalid numeric literal at line 1, column 10
parse error: Invalid numeric literal at line 1, column 10
03/13/21 00:03:53 203602900 1615565033

real	0m2.215s
user	0m0.000s
sys	0m0.016s

real	0m1.492s
user	0m0.047s
sys	0m0.125s
[WARN] get LZ_TOKEN error
03/13/21 00:03:57 742197500  1615565037
use pt_key

real	0m1.155s
user	0m0.125s
sys	0m0.156s
03/13/21 00:03:59 379366100  1615565039 token: AAFgS5DtADA-DVQo3hpx3iSk0EnM3bPJhrJn4tVTkrSct5jj6LsVn3qqtzpNiRiO--raSnabVls

real	0m1.306s
user	0m0.000s
sys	0m0.094s
parse error: Invalid numeric literal at line 1, column 10
03/13/21 00:04:03 056492100  1615565043 secretPin: 
[WARN] get secretPin error

03/13/21 00:04:03 483367400  1615565043 王签到TCL.XESS个护京东自营旗舰店

real	0m1.403s
user	0m0.016s
sys	0m0.094s
parse error: Invalid numeric literal at line 1, column 10
parse error: Invalid numeric literal at line 1, column 10
parse error: Invalid numeric literal at line 1, column 10
parse error: Invalid numeric literal at line 1, column 10
03/13/21 00:04:07 548669200 1615565047

real	0m2.336s
user	0m0.000s
sys	0m0.063s

real	0m1.482s
user	0m0.031s
sys	0m0.094s
[WARN] get LZ_TOKEN error
03/13/21 00:04:12 523785000  1615565052
use pt_key

real	0m1.154s
user	0m0.078s
sys	0m0.125s
03/13/21 00:04:14 152551700  1615565054 token: AAFgS5D8ADC0HE3lohnDvI-P9I_xosBhAcKrBOJVz0SPwfmCIEbHEbaJJN1vJSQXXu0O1R0rOLY

real	0m1.211s
user	0m0.000s
sys	0m0.141s
parse error: Invalid numeric literal at line 1, column 10
03/13/21 00:04:17 124982500  1615565057 secretPin: 
[WARN] get secretPin error

03/13/21 00:04:17 467423000  1615565057 王签到TCL.XESS个护京东自营旗舰店

real	0m2.892s
user	0m0.031s
sys	0m0.109s
parse error: Invalid numeric literal at line 1, column 10
parse error: Invalid numeric literal at line 1, column 10
parse error: Invalid numeric literal at line 1, column 10
parse error: Invalid numeric literal at line 1, column 10
03/13/21 00:04:24 087861400 1615565064

real	0m2.869s
user	0m0.000s
sys	0m0.031s

real	0m1.472s
user	0m0.016s
sys	0m0.125s
[WARN] get LZ_TOKEN error
03/13/21 00:04:29 959703500  1615565069
use pt_key

real	0m1.624s
user	0m0.109s
sys	0m0.156s
03/13/21 00:04:31 929418100  1615565071 token: AAFgS5EOADCXPFZAED-eLB6Vmq6_7NDj7QTxMugXn2piFoSusC6UhZZMHl7vk-iyi72TQzmWIbM

real	0m1.524s
user	0m0.016s
sys	0m0.156s
parse error: Invalid numeric literal at line 1, column 10
03/13/21 00:04:35 321465100  1615565075 secretPin: 
[WARN] get secretPin error

03/13/21 00:04:35 489352700  1615565075 王签到TCL.XESS个护京东自营旗舰店

real	0m0.728s
user	0m0.047s
sys	0m0.063s
parse error: Invalid numeric literal at line 1, column 10
parse error: Invalid numeric literal at line 1, column 10
parse error: Invalid numeric literal at line 1, column 10
parse error: Invalid numeric literal at line 1, column 10
03/13/21 00:04:41 036432600 1615565081

real	0m2.857s
user	0m0.000s
sys	0m0.031s

real	0m1.382s
user	0m0.031s
sys	0m0.141s
[WARN] get LZ_TOKEN error
03/13/21 00:04:46 261461600  1615565086
use pt_key

real	0m1.264s
user	0m0.094s
sys	0m0.063s
03/13/21 00:04:48 005070500  1615565088 token: AAFgS5EeADC5mjHsukE06_5QW5H-gCbpshnFlsnBeD7da9DrMmn3RV_H9VNZHInaw3V2kewlyLw

real	0m1.035s
user	0m0.063s
sys	0m0.125s
parse error: Invalid numeric literal at line 1, column 10
03/13/21 00:04:50 422833300  1615565090 secretPin: 
[WARN] get secretPin error

03/13/21 00:04:50 715093900  1615565090 王签到TCL.XESS个护京东自营旗舰店

real	0m1.071s
user	0m0.031s
sys	0m0.109s
parse error: Invalid numeric literal at line 1, column 10
parse error: Invalid numeric literal at line 1, column 10
parse error: Invalid numeric literal at line 1, column 10
parse error: Invalid numeric literal at line 1, column 10
03/13/21 00:04:55 725466700 1615565095

real	0m2.877s
user	0m0.000s
sys	0m0.047s

real	0m1.431s
user	0m0.016s
sys	0m0.125s
[WARN] get LZ_TOKEN error
03/13/21 00:05:00 776914000  1615565100
use pt_key

real	0m1.334s
user	0m0.141s
sys	0m0.125s
03/13/21 00:05:02 433291800  1615565102 token: AAFgS5EtADDEwOnrv7HD5tFpjJYrc3RJpd-o0HjE63GIPBEnwYGYT-9s6dDo0DmbNHwRgxhBvZA

real	0m0.832s
user	0m0.000s
sys	0m0.078s
parse error: Invalid numeric literal at line 1, column 10
03/13/21 00:05:04 629070000  1615565104 secretPin: 
[WARN] get secretPin error

03/13/21 00:05:05 048085000  1615565105 王签到TCL.XESS个护京东自营旗舰店

real	0m1.160s
user	0m0.031s
sys	0m0.094s
parse error: Invalid numeric literal at line 1, column 10
parse error: Invalid numeric literal at line 1, column 10
parse error: Invalid numeric literal at line 1, column 10
parse error: Invalid numeric literal at line 1, column 10
03/13/21 00:05:09 390621900 1615565109

real	0m3.645s
user	0m0.000s
sys	0m0.016s

real	0m1.264s
user	0m0.000s
sys	0m0.125s
[WARN] get LZ_TOKEN error
03/13/21 00:05:15 074675500  1615565115
use pt_key

real	0m1.093s
user	0m0.078s
sys	0m0.141s
03/13/21 00:05:16 388034000  1615565116 token: AAFgS5E7ADDF7ShYC40hz_XGifxUbW65OB5S_cSx8xXMTzsS0cUhqXdMBw1edzq_z60qfNjKrwc

real	0m1.280s
user	0m0.016s
sys	0m0.125s
parse error: Invalid numeric literal at line 1, column 10
03/13/21 00:05:18 937143400  1615565118 secretPin: 
[WARN] get secretPin error

03/13/21 00:05:19 045403100  1615565119 王签到TCL.XESS个护京东自营旗舰店

real	0m0.738s
user	0m0.016s
sys	0m0.094s
parse error: Invalid numeric literal at line 1, column 10
parse error: Invalid numeric literal at line 1, column 10
parse error: Invalid numeric literal at line 1, column 10
parse error: Invalid numeric literal at line 1, column 10
03/13/21 00:05:23 068252100 1615565123

real	0m3.363s
user	0m0.000s
sys	0m0.078s

real	0m0.901s
user	0m0.031s
sys	0m0.094s
[WARN] get LZ_TOKEN error
03/13/21 00:05:28 013746500  1615565128
use pt_key

real	0m1.789s
user	0m0.125s
sys	0m0.125s
03/13/21 00:05:30 419038200  1615565130 token: AAFgS5FIADAY4VIS-OttRZ7CxzejbMEjkCOyxIH_NBg_9WUoxfcq70Qh04tGKQNBY_JDfXWE7jA

real	0m1.086s
user	0m0.063s
sys	0m0.109s
parse error: Invalid numeric literal at line 1, column 10
03/13/21 00:05:32 911796900  1615565132 secretPin: 
[WARN] get secretPin error

03/13/21 00:05:33 144713400  1615565133 王签到TCL.XESS个护京东自营旗舰店

real	0m0.844s
user	0m0.031s
sys	0m0.094s
parse error: Invalid numeric literal at line 1, column 10
parse error: Invalid numeric literal at line 1, column 10
parse error: Invalid numeric literal at line 1, column 10
parse error: Invalid numeric literal at line 1, column 10
03/13/21 00:05:37 405025100 1615565137

real	0m3.666s
user	0m0.000s
sys	0m0.031s

real	0m1.669s
user	0m0.031s
sys	0m0.141s
[WARN] get LZ_TOKEN error
03/13/21 00:05:44 289261600  1615565144
use pt_key

real	0m1.431s
user	0m0.078s
sys	0m0.125s
03/13/21 00:05:46 118038200  1615565146 token: AAFgS5FYADBJ-QxIsuQho3Zp_FKYU-b3sHZRnttnCRfZdvPYBGQQq5up7tk2HGzK3jPqJ0yCYPA

real	0m0.722s
user	0m0.031s
sys	0m0.141s
parse error: Invalid numeric literal at line 1, column 10
03/13/21 00:05:48 233017300  1615565148 secretPin: 
[WARN] get secretPin error

03/13/21 00:05:48 488140100  1615565148 王签到TCL.XESS个护京东自营旗舰店

real	0m0.700s
user	0m0.047s
sys	0m0.109s
parse error: Invalid numeric literal at line 1, column 10
parse error: Invalid numeric literal at line 1, column 10
parse error: Invalid numeric literal at line 1, column 10
parse error: Invalid numeric literal at line 1, column 10
03/13/21 00:05:51 103583200 1615565151

real	0m3.952s
user	0m0.000s
sys	0m0.063s

real	0m1.865s
user	0m0.047s
sys	0m0.109s
[WARN] get LZ_TOKEN error
03/13/21 00:05:57 795795800  1615565157
use pt_key

real	0m0.566s
user	0m0.094s
sys	0m0.156s
03/13/21 00:05:58 933330400  1615565158 token: AAFgS5FlADDIxt8vd4M3ovrP2Xg4WQXfv4AEYWaDWBox8h8VO7QDfNuDn8k_zzJn-tqReFdvnKk

real	0m1.428s
user	0m0.000s
sys	0m0.109s
parse error: Invalid numeric literal at line 1, column 10
03/13/21 00:06:01 507308100  1615565161 secretPin: 
[WARN] get secretPin error

03/13/21 00:06:01 995521300  1615565161 王签到TCL.XESS个护京东自营旗舰店

real	0m1.069s
user	0m0.031s
sys	0m0.125s
parse error: Invalid numeric literal at line 1, column 10
parse error: Invalid numeric literal at line 1, column 10
parse error: Invalid numeric literal at line 1, column 10
parse error: Invalid numeric literal at line 1, column 10
03/13/21 00:06:06 196338300 1615565166

real	0m4.039s
user	0m0.000s
sys	0m0.031s

real	0m0.915s
user	0m0.016s
sys	0m0.109s
[WARN] get LZ_TOKEN error
03/13/21 00:06:12 487645500  1615565172
use pt_key

real	0m1.182s
user	0m0.078s
sys	0m0.125s
03/13/21 00:06:14 108308700  1615565174 token: AAFgS5F0ADDa9h1tMmK7BrIFgAZs67sVRoshmnZio93EL95FB8vgqQ4Jtoa3r_WdQGPTR1xZl64

real	0m1.264s
user	0m0.047s
sys	0m0.078s
parse error: Invalid numeric literal at line 1, column 10
03/13/21 00:06:16 878469800  1615565176 secretPin: 
[WARN] get secretPin error

03/13/21 00:06:17 320424400  1615565177 王签到TCL.XESS个护京东自营旗舰店

real	0m0.826s
user	0m0.047s
sys	0m0.094s
parse error: Invalid numeric literal at line 1, column 10
parse error: Invalid numeric literal at line 1, column 10
parse error: Invalid numeric literal at line 1, column 10
parse error: Invalid numeric literal at line 1, column 10
03/13/21 00:06:20 891048500 1615565180

real	0m4.053s
user	0m0.000s
sys	0m0.047s

real	0m1.285s
user	0m0.047s
sys	0m0.141s
[WARN] get LZ_TOKEN error
03/13/21 00:06:27 317396000  1615565187
use pt_key

real	0m1.006s
user	0m0.094s
sys	0m0.078s
03/13/21 00:06:28 602669900  1615565188 token: AAFgS5GDADCcskMy9Zv3pDtF8VLgEK3isb_om2EVWRHohX1k2wNycflIQMo59tKxKUIZaMEB6So

real	0m1.447s
user	0m0.031s
sys	0m0.125s
parse error: Invalid numeric literal at line 1, column 10
03/13/21 00:06:31 265327100  1615565191 secretPin: 
[WARN] get secretPin error

03/13/21 00:06:31 740478200  1615565191 王签到TCL.XESS个护京东自营旗舰店

real	0m1.146s
user	0m0.016s
sys	0m0.125s
parse error: Invalid numeric literal at line 1, column 10
parse error: Invalid numeric literal at line 1, column 10
parse error: Invalid numeric literal at line 1, column 10
parse error: Invalid numeric literal at line 1, column 10
03/13/21 00:06:35 852650000 1615565195

real	0m4.420s
user	0m0.000s
sys	0m0.047s

real	0m0.661s
user	0m0.031s
sys	0m0.094s
[WARN] get LZ_TOKEN error
03/13/21 00:06:41 754360300  1615565201
use pt_key

real	0m1.165s
user	0m0.078s
sys	0m0.125s
03/13/21 00:06:43 329030800  1615565203 token: AAFgS5GRADCaXevplL2UaeaHXDyLkULVAPLVoVqMYUBFC7Qaxntc51mIPNwcyr65V8zQsW0fUoY

real	0m1.195s
user	0m0.016s
sys	0m0.125s
parse error: Invalid numeric literal at line 1, column 10
03/13/21 00:06:45 900043200  1615565205 secretPin: 
[WARN] get secretPin error

03/13/21 00:06:46 134997200  1615565206 王签到TCL.XESS个护京东自营旗舰店

real	0m0.998s
user	0m0.016s
sys	0m0.125s
parse error: Invalid numeric literal at line 1, column 10
parse error: Invalid numeric literal at line 1, column 10
parse error: Invalid numeric literal at line 1, column 10
parse error: Invalid numeric literal at line 1, column 10
03/13/21 00:06:50 438325600 1615565210

real	0m4.499s
user	0m0.000s
sys	0m0.016s

real	0m1.229s
user	0m0.000s
sys	0m0.125s
[WARN] get LZ_TOKEN error
03/13/21 00:06:57 046789700  1615565217
use pt_key

real	0m1.023s
user	0m0.094s
sys	0m0.109s
03/13/21 00:06:58 828854500  1615565218 token: AAFgS5GgADCDbvBqoGd2E7O3X_Ar_1OxGKD7bvkKVjoO8Qfx7xDrvpRk4XVws-AId-2v_LYuZkg

real	0m0.954s
user	0m0.031s
sys	0m0.125s
parse error: Invalid numeric literal at line 1, column 10
03/13/21 00:07:01 542292200  1615565221 secretPin: 
[WARN] get secretPin error

03/13/21 00:07:01 851112100  1615565221 王签到TCL.XESS个护京东自营旗舰店

real	0m0.889s
user	0m0.047s
sys	0m0.094s
parse error: Invalid numeric literal at line 1, column 10
parse error: Invalid numeric literal at line 1, column 10
parse error: Invalid numeric literal at line 1, column 10
parse error: Invalid numeric literal at line 1, column 10
03/13/21 00:07:05 487971900 1615565225

real	0m4.392s
user	0m0.000s
sys	0m0.031s
03/13/21 00:08:10 129014300  1615565290
parse error: Invalid numeric literal at line 1, column 10
签到是否成功解析失败. 不再写/home/myid/jd/jd_signup/vender/shop_1615126563_0

王签到TCL.XESS个护京东自营旗舰店查看结果



TCL.XESS个护京东自营旗舰店活动规则


actId=3f1c7a4084bc41778c79ed0bc9376b16
venderId=1000331904
startTime=1614563400000
endTime=1617206399000
# 短链接
suo_url="https://3.cn/1016T-GKX"
actTimeStr="2021-03-01 09:50 至 2021-03-31 23:59"
#店铺名称
vendername="TCL.XESS个护京东自营旗舰店"
# 长链接
url=https://lzkj-isv.isvjcloud.com/sign/signActivity2?activityId=3f1c7a4084bc41778c79ed0bc9376b16&venderId=1000331904
# 活动时间：2021.03.01 09:50:00 - 2021.03.31 23:59:59
# 奖励说明：
actRule="
连续签到7天：5京豆 5京豆
连续签到15天：10京豆 10京豆
"
#赵 122294312-396444 sign_res
sign_res="
signTime=1615075200;signed=2
signTime=1615161600;signed=2
signTime=1615248000;signed=2
signTime=1615334400;signed=2
signTime=1615420800;signed=2
signTime=1615507200;signed=2"
sign_num="6"
sign_total_num="6"
giftName="null"
giftRes="ok"
giftDate="20210312"
sign_res_info="
2021/03/07_08:00:00  [已~签~到]      
2021/03/08_08:00:00  [已~签~到]      
2021/03/09_08:00:00  [已~签~到]      
2021/03/10_08:00:00  [已~签~到]      
2021/03/11_08:00:00  [已~签~到]      
2021/03/12_08:00:00  [已~签~到]      
当天签到奖励 [null]
连续签到 6 天
签到总天数 6"
#赵 122294312-396444 sign_res_end
#王 1309893722-164885 sign_res
sign_res="
signTime=1615075200;signed=2
signTime=1615161600;signed=2
signTime=1615248000;signed=2
signTime=1615334400;signed=2
signTime=1615420800;signed=2
signTime=1615507200;signed=2"
sign_num="6"
sign_total_num="6"
giftName="null"
giftRes="ok"
giftDate="20210312"
sign_res_info="
2021/03/07_08:00:00  [已~签~到]      
2021/03/08_08:00:00  [已~签~到]      
2021/03/09_08:00:00  [已~签~到]      
2021/03/10_08:00:00  [已~签~到]      
2021/03/11_08:00:00  [已~签~到]      
2021/03/12_08:00:00  [已~签~到]      
当天签到奖励 [null]
连续签到 6 天
签到总天数 6"
#王 1309893722-164885 sign_res_end
#肥鹅 jd_4d651d9e48204 sign_res
sign_res="
signTime=1615075200;signed=2
signTime=1615161600;signed=2
signTime=1615248000;signed=2
signTime=1615334400;signed=2
signTime=1615420800;signed=2
signTime=1615507200;signed=2"
sign_num="6"
sign_total_num="6"
giftName="null"
giftRes="ok"
giftDate="20210312"
sign_res_info="
2021/03/07_08:00:00  [已~签~到]      
2021/03/08_08:00:00  [已~签~到]      
2021/03/09_08:00:00  [已~签~到]      
2021/03/10_08:00:00  [已~签~到]      
2021/03/11_08:00:00  [已~签~到]      
2021/03/12_08:00:00  [已~签~到]      
当天签到奖励 [null]
连续签到 6 天
签到总天数 6"
#肥鹅 jd_4d651d9e48204 sign_res_end
#移动 jd_OeTNobRVGiNZ sign_res
sign_res="
"
sign_num="0"
sign_total_num="0"
giftName=""
giftRes=""
giftDate="20210312"
sign_res_info="

当天签到奖励 []
连续签到 0 天
签到总天数 0"
#移动 jd_OeTNobRVGiNZ sign_res_end
