02/19/21 00:00:02 577099300  1613664002
RANDOM_num: 10
removed '/tmp/tmp.Er1HeCTyhe'

02/19/21 00:00:05 588255300  1613664005
肥鹅签到ZJUZ珠宝旗舰店
{"code":200,"data":[],"class":"com.jd.interact.center.client.api.common.param.Results","success":true}
签到ZJUZ珠宝旗舰店完成

02/19/21 00:00:35 575193900  1613664035
肥鹅签到ZJUZ珠宝旗舰店查看结果

***********************************************
2021/02/10_00:00:00  2    未签到
2021/02/11_00:00:00  2    未签到
2021/02/12_00:00:00  2    未签到
2021/02/13_00:00:00  2    未签到
2021/02/14_11:09:09  2    [已~签~到]
2021/02/15_00:00:06  2    [已~签~到]
2021/02/16_00:00:06  2    [已~签~到]
2021/02/17_01:03:14  2    [已~签~到]
2021/02/18_00:00:05  2    [已~签~到]
2021/02/19_00:00:06  1    [已~签~到]
2021/02/20_00:00:00  3    未签到
2021/02/21_00:00:00  3    未签到
2021/02/22_00:00:00  3    未签到
2021/02/23_00:00:00  3    未签到
2021/02/24_00:00:00  3    未签到
2021/02/25_00:00:00  3    未签到
2021/02/26_00:00:00  3    未签到
2021/02/27_00:00:00  3    未签到
2021/02/28_00:00:00  3    未签到
已签到 6 天
***********************************************


活动时间：2021.02.10 00:00:00 - 2021.02.28 23:59:59
奖励说明：
连续签到3天：20京豆
连续签到5天：40京豆
连续签到10天：50京豆
连续签到18天：100京豆
肥鹅签到ZJUZ珠宝旗舰店日志
{"code":200,"data":{"signRecords":[{"signTime":1612886400000,"currentDay":2,"signed":1,"class":"com.jd.interact.center.client.api.color.domain.sign.InteractActivityUserActionRecord"},{"signTime":1612972800000,"currentDay":2,"signed":1,"class":"com.jd.interact.center.client.api.color.domain.sign.InteractActivityUserActionRecord"},{"signTime":1613059200000,"currentDay":2,"signed":1,"class":"com.jd.interact.center.client.api.color.domain.sign.InteractActivityUserActionRecord"},{"signTime":1613145600000,"currentDay":2,"signed":1,"class":"com.jd.interact.center.client.api.color.domain.sign.InteractActivityUserActionRecord"},{"signTime":1613272149133,"currentDay":2,"signed":2,"class":"com.jd.interact.center.client.api.color.domain.sign.InteractActivityUserActionRecord"},{"signTime":1613318406247,"currentDay":2,"signed":2,"class":"com.jd.interact.center.client.api.color.domain.sign.InteractActivityUserActionRecord"},{"signTime":1613404806827,"currentDay":2,"signed":2,"class":"com.jd.interact.center.client.api.color.domain.sign.InteractActivityUserActionRecord"},{"signTime":1613494994462,"currentDay":2,"signed":2,"class":"com.jd.interact.center.client.api.color.domain.sign.InteractActivityUserActionRecord"},{"signTime":1613577605992,"currentDay":2,"signed":2,"class":"com.jd.interact.center.client.api.color.domain.sign.InteractActivityUserActionRecord"},{"signTime":1613664006941,"currentDay":1,"signed":2,"class":"com.jd.interact.center.client.api.color.domain.sign.InteractActivityUserActionRecord"},{"signTime":1613750400000,"currentDay":3,"signed":1,"class":"com.jd.interact.center.client.api.color.domain.sign.InteractActivityUserActionRecord"},{"signTime":1613836800000,"currentDay":3,"signed":1,"class":"com.jd.interact.center.client.api.color.domain.sign.InteractActivityUserActionRecord"},{"signTime":1613923200000,"currentDay":3,"signed":1,"class":"com.jd.interact.center.client.api.color.domain.sign.InteractActivityUserActionRecord"},{"signTime":1614009600000,"currentDay":3,"signed":1,"class":"com.jd.interact.center.client.api.color.domain.sign.InteractActivityUserActionRecord"},{"signTime":1614096000000,"currentDay":3,"signed":1,"class":"com.jd.interact.center.client.api.color.domain.sign.InteractActivityUserActionRecord"},{"signTime":1614182400000,"currentDay":3,"signed":1,"class":"com.jd.interact.center.client.api.color.domain.sign.InteractActivityUserActionRecord"},{"signTime":1614268800000,"currentDay":3,"signed":1,"class":"com.jd.interact.center.client.api.color.domain.sign.InteractActivityUserActionRecord"},{"signTime":1614355200000,"currentDay":3,"signed":1,"class":"com.jd.interact.center.client.api.color.domain.sign.InteractActivityUserActionRecord"},{"signTime":1614441600000,"currentDay":3,"signed":1,"class":"com.jd.interact.center.client.api.color.domain.sign.InteractActivityUserActionRecord"}],"days":6,"class":"com.jd.interact.center.client.api.color.domain.sign.ShopSignUserRecord"},"class":"com.jd.interact.center.client.api.common.param.Results","success":true}
{
  "contiSignNum": 6
}
签到ZJUZ珠宝旗舰店日志

# vender_info
#活动规则
rule="活动时间：2021.02.10 00:00:00 - 2021.02.28 23:59:59
奖励说明：
连续签到3天：20京豆
连续签到5天：40京豆
连续签到10天：50京豆
连续签到18天：100京豆"

#店铺名称
vendername="ZJUZ珠宝旗舰店"
#店铺激活码
activityId="10270130"
##店铺id
venderId="187290"
#店铺令牌
token="938178698B30D33A73C3A059ECC5A838"


# https://h5.m.jd.com/babelDiy/Zeus/2PAAf74aG3D61qvfKUM5dxUssJQ9/index.html?token=938178698B30D33A73C3A059ECC5A838
# vender_info_end

#赵 122294312-396444 sign_res
sign_res="
signTime=1612954589;signed=2;currentDay=2
signTime=1612976406;signed=2;currentDay=2
signTime=1613059203;signed=2;currentDay=2
signTime=1613145603;signed=2;currentDay=2
signTime=1613232006;signed=2;currentDay=2
signTime=1613318407;signed=2;currentDay=2
signTime=1613404808;signed=2;currentDay=2
signTime=1613494946;signed=2;currentDay=2
signTime=1613577608;signed=2;currentDay=2
signTime=1613664010;signed=2;currentDay=1
signTime=1613750400;signed=1;currentDay=3
signTime=1613836800;signed=1;currentDay=3
signTime=1613923200;signed=1;currentDay=3
signTime=1614009600;signed=1;currentDay=3
signTime=1614096000;signed=1;currentDay=3
signTime=1614182400;signed=1;currentDay=3
signTime=1614268800;signed=1;currentDay=3
signTime=1614355200;signed=1;currentDay=3
signTime=1614441600;signed=1;currentDay=3"
sign_num="10"
giftRes="ok"
giftDate="20210219"
sign_res_info="
2021/02/10_18:56:29  2    [已~签~到]
2021/02/11_01:00:06  2    [已~签~到]
2021/02/12_00:00:03  2    [已~签~到]
2021/02/13_00:00:03  2    [已~签~到]
2021/02/14_00:00:06  2    [已~签~到]
2021/02/15_00:00:07  2    [已~签~到]
2021/02/16_00:00:08  2    [已~签~到]
2021/02/17_01:02:26  2    [已~签~到]
2021/02/18_00:00:08  2    [已~签~到]
2021/02/19_00:00:10  1    [已~签~到]
2021/02/20_00:00:00  3    未签到
2021/02/21_00:00:00  3    未签到
2021/02/22_00:00:00  3    未签到
2021/02/23_00:00:00  3    未签到
2021/02/24_00:00:00  3    未签到
2021/02/25_00:00:00  3    未签到
2021/02/26_00:00:00  3    未签到
2021/02/27_00:00:00  3    未签到
2021/02/28_00:00:00  3    未签到
已签到 10 天"
#赵 122294312-396444 sign_res_end
#肥鹅 jd_4d651d9e48204 sign_res
sign_res="
signTime=1612886400;signed=1;currentDay=2
signTime=1612972800;signed=1;currentDay=2
signTime=1613059200;signed=1;currentDay=2
signTime=1613145600;signed=1;currentDay=2
signTime=1613272149;signed=2;currentDay=2
signTime=1613318406;signed=2;currentDay=2
signTime=1613404806;signed=2;currentDay=2
signTime=1613494994;signed=2;currentDay=2
signTime=1613577605;signed=2;currentDay=2
signTime=1613664006;signed=2;currentDay=1
signTime=1613750400;signed=1;currentDay=3
signTime=1613836800;signed=1;currentDay=3
signTime=1613923200;signed=1;currentDay=3
signTime=1614009600;signed=1;currentDay=3
signTime=1614096000;signed=1;currentDay=3
signTime=1614182400;signed=1;currentDay=3
signTime=1614268800;signed=1;currentDay=3
signTime=1614355200;signed=1;currentDay=3
signTime=1614441600;signed=1;currentDay=3"
sign_num="6"
giftRes="ok"
giftDate="20210219"
sign_res_info="
2021/02/10_00:00:00  2    未签到
2021/02/11_00:00:00  2    未签到
2021/02/12_00:00:00  2    未签到
2021/02/13_00:00:00  2    未签到
2021/02/14_11:09:09  2    [已~签~到]
2021/02/15_00:00:06  2    [已~签~到]
2021/02/16_00:00:06  2    [已~签~到]
2021/02/17_01:03:14  2    [已~签~到]
2021/02/18_00:00:05  2    [已~签~到]
2021/02/19_00:00:06  1    [已~签~到]
2021/02/20_00:00:00  3    未签到
2021/02/21_00:00:00  3    未签到
2021/02/22_00:00:00  3    未签到
2021/02/23_00:00:00  3    未签到
2021/02/24_00:00:00  3    未签到
2021/02/25_00:00:00  3    未签到
2021/02/26_00:00:00  3    未签到
2021/02/27_00:00:00  3    未签到
2021/02/28_00:00:00  3    未签到
已签到 6 天"
#肥鹅 jd_4d651d9e48204 sign_res_end
