03/09/21 00:02:02 427032700  1615219322
RANDOM_num: 25
removed '/tmp/tmp.KspMGmX7Ps'
03/09/21 00:02:03 613614000  1615219323 检查移动签到

real	0m0.586s
user	0m0.000s
sys	0m0.109s
[WARN] get LZ_TOKEN error
03/09/21 00:02:05 275713400  1615219325
use wskey

real	0m1.225s
user	0m0.094s
sys	0m0.125s
03/09/21 00:02:06 697641100  1615219326 token: AAFgRkp-ADBVefvK6B7_KsM96KJwUc9IaNEPhj-EfN1gb6ScbqWUp2eohNcKLaJ4wgk3qrGsPtg

real	0m0.970s
user	0m0.063s
sys	0m0.094s
parse error: Invalid numeric literal at line 1, column 10
03/09/21 00:02:09 191831000  1615219329 secretPin: 
[WARN] get secretPin error

03/09/21 00:02:09 476164200  1615219329 移动签到泉林本色京东自营旗舰店

real	0m1.057s
user	0m0.047s
sys	0m0.078s
parse error: Invalid numeric literal at line 1, column 10
parse error: Invalid numeric literal at line 1, column 10
parse error: Invalid numeric literal at line 1, column 10
parse error: Invalid numeric literal at line 1, column 10
parse error: Invalid numeric literal at line 1, column 10
03/09/21 00:02:16 136470900 1615219336

real	0m1.738s
user	0m0.000s
sys	0m0.047s

real	0m1.946s
user	0m0.016s
sys	0m0.063s
[WARN] get LZ_TOKEN error
03/09/21 00:02:21 603787400  1615219341
use wskey

real	0m1.696s
user	0m0.109s
sys	0m0.078s
03/09/21 00:02:23 722494000  1615219343 token: AAFgRkqPADBZMvF1ND3GOT9ZEO7ec9dC_IVJ3N-j1ndsB9iw-QclMwjnYvn3OD6oJqQ5MQeneLY

real	0m1.942s
user	0m0.031s
sys	0m0.094s
parse error: Invalid numeric literal at line 1, column 10
03/09/21 00:02:28 483611100  1615219348 secretPin: 
[WARN] get secretPin error

03/09/21 00:02:28 925114300  1615219348 移动签到泉林本色京东自营旗舰店

real	0m1.400s
user	0m0.031s
sys	0m0.094s
parse error: Invalid numeric literal at line 1, column 10
parse error: Invalid numeric literal at line 1, column 10
parse error: Invalid numeric literal at line 1, column 10
parse error: Invalid numeric literal at line 1, column 10
parse error: Invalid numeric literal at line 1, column 10
03/09/21 00:02:38 485180400 1615219358

real	0m2.506s
user	0m0.000s
sys	0m0.047s

real	0m2.249s
user	0m0.016s
sys	0m0.125s
[WARN] get LZ_TOKEN error
03/09/21 00:02:45 265279000  1615219365
use wskey

real	0m2.238s
user	0m0.109s
sys	0m0.125s
03/09/21 00:02:47 810735300  1615219367 token: AAFgRkqnADDc-7MUe0lO1vtW4MQMcbE4XCGIwjT8q3jkCBKGugwfENEwLMHM3aM12iVSVT4Su0s

real	0m0.848s
user	0m0.016s
sys	0m0.078s
parse error: Invalid numeric literal at line 1, column 10
03/09/21 00:02:52 435450200  1615219372 secretPin: 
[WARN] get secretPin error

03/09/21 00:02:52 973118900  1615219372 移动签到泉林本色京东自营旗舰店

real	0m1.509s
user	0m0.031s
sys	0m0.047s
parse error: Invalid numeric literal at line 1, column 10
parse error: Invalid numeric literal at line 1, column 10
parse error: Invalid numeric literal at line 1, column 10
parse error: Invalid numeric literal at line 1, column 10
parse error: Invalid numeric literal at line 1, column 10
03/09/21 00:03:01 459892000 1615219381

real	0m2.032s
user	0m0.000s
sys	0m0.063s

real	0m3.917s
user	0m0.078s
sys	0m0.094s
lzkj-isv.isvjcloud.com	FALSE	/	FALSE	1615219986	LZ_TOKEN_VALUE	B0oH3vDY2bhHWuKbVaJ+XQ==
lzkj-isv.isvjcloud.com	FALSE	/	FALSE	1615219986	LZ_TOKEN_KEY	lztokenpage1f42efeadcff404ebcb3f8c9a90cc349
03/09/21 00:03:09 738318200  1615219389
use wskey

real	0m2.204s
user	0m0.063s
sys	0m0.141s
03/09/21 00:03:12 335021300  1615219392 token: AAFgRkq_ADDY_XR0jNwxUVHuafQF3eEqONZ-4gj4A2I28LcppNshAQeWOcAEj7DgzfXcJbJfdaY

real	0m1.647s
user	0m0.031s
sys	0m0.063s
parse error: Invalid numeric literal at line 1, column 10
03/09/21 00:03:15 999096400  1615219395 secretPin: 
[WARN] get secretPin error

03/09/21 00:03:16 371161300  1615219396 移动签到泉林本色京东自营旗舰店

real	0m1.414s
user	0m0.016s
sys	0m0.109s
parse error: Invalid numeric literal at line 1, column 10
parse error: Invalid numeric literal at line 1, column 10
parse error: Invalid numeric literal at line 1, column 10
parse error: Invalid numeric literal at line 1, column 10
parse error: Invalid numeric literal at line 1, column 10
03/09/21 00:03:27 169487600 1615219407

real	0m2.516s
user	0m0.000s
sys	0m0.047s

real	0m2.034s
user	0m0.016s
sys	0m0.078s
[WARN] get LZ_TOKEN error
03/09/21 00:03:33 539484400  1615219413
use wskey

real	0m1.355s
user	0m0.094s
sys	0m0.141s
03/09/21 00:03:35 655563000  1615219415 token: AAFgRkrWADCkAm_7sDnku0AaWSGRdL6E5tlHfqB6ZLD44mCwwMlEFiNu1E7oSf9Kw9drsFykC8s

real	0m1.020s
user	0m0.031s
sys	0m0.109s
parse error: Invalid numeric literal at line 1, column 10
03/09/21 00:03:39 813814000  1615219419 secretPin: 
[WARN] get secretPin error

03/09/21 00:03:40 094053900  1615219420 移动签到泉林本色京东自营旗舰店

real	0m1.233s
user	0m0.031s
sys	0m0.063s
parse error: Invalid numeric literal at line 1, column 10
parse error: Invalid numeric literal at line 1, column 10
parse error: Invalid numeric literal at line 1, column 10
parse error: Invalid numeric literal at line 1, column 10
parse error: Invalid numeric literal at line 1, column 10
03/09/21 00:03:46 592967900 1615219426

real	0m2.089s
user	0m0.000s
sys	0m0.047s

real	0m2.390s
user	0m0.016s
sys	0m0.094s
[WARN] get LZ_TOKEN error
03/09/21 00:03:51 875169900  1615219431
use wskey

real	0m1.229s
user	0m0.094s
sys	0m0.141s
03/09/21 00:03:53 511955600  1615219433 token: AAFgRkrpADD7hzg0TZz7P-FT35EWy_ie76G-fnH3zju8Lak4QDL6gU67n0CMdFOXcijPtwYQ4I4

real	0m1.157s
user	0m0.031s
sys	0m0.078s
parse error: Invalid numeric literal at line 1, column 10
03/09/21 00:03:56 749707800  1615219436 secretPin: 
[WARN] get secretPin error

03/09/21 00:03:56 939479700  1615219436 移动签到泉林本色京东自营旗舰店

real	0m1.410s
user	0m0.031s
sys	0m0.094s
parse error: Invalid numeric literal at line 1, column 10
parse error: Invalid numeric literal at line 1, column 10
parse error: Invalid numeric literal at line 1, column 10
parse error: Invalid numeric literal at line 1, column 10
parse error: Invalid numeric literal at line 1, column 10
03/09/21 00:04:04 740258300 1615219444

real	0m2.267s
user	0m0.000s
sys	0m0.047s

real	0m2.252s
user	0m0.047s
sys	0m0.078s
[WARN] get LZ_TOKEN error
03/09/21 00:04:10 576585600  1615219450
use wskey

real	0m1.051s
user	0m0.094s
sys	0m0.078s
03/09/21 00:04:12 054430800  1615219452 token: AAFgRkr7ADD-91Ia7ys2-vcIZCKv0vZeM36qJ3_fGPPgyxJfj8bS7PySAaagHlKA2gDOMIV9PHA

real	0m0.996s
user	0m0.031s
sys	0m0.094s
parse error: Invalid numeric literal at line 1, column 10
03/09/21 00:04:15 140020200  1615219455 secretPin: 
[WARN] get secretPin error

03/09/21 00:04:15 391199300  1615219455 移动签到泉林本色京东自营旗舰店

real	0m1.582s
user	0m0.031s
sys	0m0.094s
parse error: Invalid numeric literal at line 1, column 10
parse error: Invalid numeric literal at line 1, column 10
parse error: Invalid numeric literal at line 1, column 10
parse error: Invalid numeric literal at line 1, column 10
parse error: Invalid numeric literal at line 1, column 10
03/09/21 00:04:25 497236900 1615219465

real	0m2.739s
user	0m0.000s
sys	0m0.031s

real	0m1.226s
user	0m0.000s
sys	0m0.109s
[WARN] get LZ_TOKEN error
03/09/21 00:04:30 770959700  1615219470
use wskey

real	0m1.385s
user	0m0.125s
sys	0m0.094s
03/09/21 00:04:32 772079000  1615219472 token: AAFgRksQADCQ16it02iBWN_XIGvBuLsV8cH4zZc9mcd3iWhmii6Lp_V7pg6qYyqBASCv3CJ6S80

real	0m1.449s
user	0m0.000s
sys	0m0.078s
parse error: Invalid numeric literal at line 1, column 10
03/09/21 00:04:36 415236600  1615219476 secretPin: 
[WARN] get secretPin error

03/09/21 00:04:36 617161800  1615219476 移动签到泉林本色京东自营旗舰店

real	0m1.277s
user	0m0.031s
sys	0m0.078s
parse error: Invalid numeric literal at line 1, column 10
parse error: Invalid numeric literal at line 1, column 10
parse error: Invalid numeric literal at line 1, column 10
parse error: Invalid numeric literal at line 1, column 10
parse error: Invalid numeric literal at line 1, column 10
03/09/21 00:04:43 408456400 1615219483

real	0m3.091s
user	0m0.000s
sys	0m0.047s

real	0m2.669s
user	0m0.047s
sys	0m0.063s
[WARN] get LZ_TOKEN error
03/09/21 00:04:51 054401600  1615219491
use wskey

real	0m2.113s
user	0m0.172s
sys	0m0.063s
03/09/21 00:04:53 579806900  1615219493 token: AAFgRkslADDINMFdwI6Dii4pDVSSsSTKO96ZK0Wa_jfjbnF2wHvKhMqe704k8AlKap9qh2qgr4A

real	0m1.388s
user	0m0.016s
sys	0m0.141s
parse error: Invalid numeric literal at line 1, column 10
03/09/21 00:04:56 696127300  1615219496 secretPin: 
[WARN] get secretPin error

03/09/21 00:04:57 289910300  1615219497 移动签到泉林本色京东自营旗舰店

real	0m0.992s
user	0m0.016s
sys	0m0.094s
parse error: Invalid numeric literal at line 1, column 10
parse error: Invalid numeric literal at line 1, column 10
parse error: Invalid numeric literal at line 1, column 10
parse error: Invalid numeric literal at line 1, column 10
parse error: Invalid numeric literal at line 1, column 10
03/09/21 00:05:03 482802100 1615219503

real	0m3.062s
user	0m0.000s
sys	0m0.031s

real	0m1.954s
user	0m0.031s
sys	0m0.063s
[WARN] get LZ_TOKEN error
03/09/21 00:05:09 973874900  1615219509
use wskey

real	0m1.428s
user	0m0.094s
sys	0m0.141s
03/09/21 00:05:11 833392100  1615219511 token: AAFgRks3ADAk5HcHiOCXcX-1mIJBeNwza99__BU0yKCvlkl_TeApq8LJz-HTRoHj0BvBa67kKR4

real	0m2.012s
user	0m0.031s
sys	0m0.063s
parse error: Invalid numeric literal at line 1, column 10
03/09/21 00:05:17 388384600  1615219517 secretPin: 
[WARN] get secretPin error

03/09/21 00:05:17 778677100  1615219517 移动签到泉林本色京东自营旗舰店

real	0m0.576s
user	0m0.063s
sys	0m0.078s
parse error: Invalid numeric literal at line 1, column 10
parse error: Invalid numeric literal at line 1, column 10
parse error: Invalid numeric literal at line 1, column 10
parse error: Invalid numeric literal at line 1, column 10
parse error: Invalid numeric literal at line 1, column 10
03/09/21 00:05:23 608980700 1615219523

real	0m3.101s
user	0m0.000s
sys	0m0.047s

real	0m1.004s
user	0m0.016s
sys	0m0.094s
[WARN] get LZ_TOKEN error
03/09/21 00:05:28 680004700  1615219528
use wskey

real	0m2.120s
user	0m0.094s
sys	0m0.125s
03/09/21 00:05:31 290090900  1615219531 token: AAFgRktKADB-qyseXo0pr0vvrB7PS3eSYSn2HhI1V3u_QCkrCFEkIT1aJ-z5Jc_VDaDcPLBJsnQ

real	0m1.533s
user	0m0.031s
sys	0m0.063s
parse error: Invalid numeric literal at line 1, column 10
03/09/21 00:05:34 813165300  1615219534 secretPin: 
[WARN] get secretPin error

03/09/21 00:05:35 248205900  1615219535 移动签到泉林本色京东自营旗舰店

real	0m1.000s
user	0m0.031s
sys	0m0.094s
parse error: Invalid numeric literal at line 1, column 10
parse error: Invalid numeric literal at line 1, column 10
parse error: Invalid numeric literal at line 1, column 10
parse error: Invalid numeric literal at line 1, column 10
parse error: Invalid numeric literal at line 1, column 10
03/09/21 00:05:42 203252900 1615219542

real	0m3.237s
user	0m0.000s
sys	0m0.016s

real	0m1.951s
user	0m0.031s
sys	0m0.094s
[WARN] get LZ_TOKEN error
03/09/21 00:05:50 476665100  1615219550
use wskey

real	0m1.864s
user	0m0.094s
sys	0m0.078s
03/09/21 00:05:53 214449700  1615219553 token: AAFgRktgADCvoAgRuibQihrGlopnRvtX-OY5GNBK2IPiPQ5CclH2xfnOu8rMJv73tgcOlgsCio8

real	0m1.123s
user	0m0.016s
sys	0m0.125s
parse error: Invalid numeric literal at line 1, column 10
03/09/21 00:05:58 291372400  1615219558 secretPin: 
[WARN] get secretPin error

03/09/21 00:05:58 682696700  1615219558 移动签到泉林本色京东自营旗舰店

real	0m1.333s
user	0m0.031s
sys	0m0.078s
parse error: Invalid numeric literal at line 1, column 10
parse error: Invalid numeric literal at line 1, column 10
parse error: Invalid numeric literal at line 1, column 10
parse error: Invalid numeric literal at line 1, column 10
parse error: Invalid numeric literal at line 1, column 10
03/09/21 00:06:05 341427100 1615219565

real	0m3.787s
user	0m0.000s
sys	0m0.047s

real	0m1.579s
user	0m0.000s
sys	0m0.125s
[WARN] get LZ_TOKEN error
03/09/21 00:06:11 985395900  1615219571
use wskey

real	0m1.638s
user	0m0.109s
sys	0m0.125s
03/09/21 00:06:13 879284300  1615219573 token: AAFgRkt1ADDvkdFrjwnVl33z71t6V9qyIMPb7HUDHIRGDNIZgBkuRN1k8Tc4eSka-48UmDZKQWg

real	0m1.384s
user	0m0.047s
sys	0m0.094s
parse error: Invalid numeric literal at line 1, column 10
03/09/21 00:06:17 879289900  1615219577 secretPin: 
[WARN] get secretPin error

03/09/21 00:06:19 538715100  1615219579 移动签到泉林本色京东自营旗舰店

real	0m1.263s
user	0m0.031s
sys	0m0.094s
parse error: Invalid numeric literal at line 1, column 10
parse error: Invalid numeric literal at line 1, column 10
parse error: Invalid numeric literal at line 1, column 10
parse error: Invalid numeric literal at line 1, column 10
parse error: Invalid numeric literal at line 1, column 10
03/09/21 00:06:26 642559300 1615219586

real	0m3.372s
user	0m0.000s
sys	0m0.031s

real	0m1.221s
user	0m0.016s
sys	0m0.156s
[WARN] get LZ_TOKEN error
03/09/21 00:06:32 499700700  1615219592
use wskey

real	0m1.349s
user	0m0.063s
sys	0m0.125s
03/09/21 00:06:34 376947800  1615219594 token: AAFgRkuJADDrH9oOFMCoL-xfv71nUjwhjxgZ9s4IXmJ4GaG8MZssYZEUF_sNZZkfIQz1DvFys0A

real	0m1.949s
user	0m0.047s
sys	0m0.063s
parse error: Invalid numeric literal at line 1, column 10
03/09/21 00:06:38 108664100  1615219598 secretPin: 
[WARN] get secretPin error

03/09/21 00:06:38 640091800  1615219598 移动签到泉林本色京东自营旗舰店

real	0m1.236s
user	0m0.016s
sys	0m0.094s
parse error: Invalid numeric literal at line 1, column 10
parse error: Invalid numeric literal at line 1, column 10
parse error: Invalid numeric literal at line 1, column 10
parse error: Invalid numeric literal at line 1, column 10
parse error: Invalid numeric literal at line 1, column 10
03/09/21 00:06:43 355079000 1615219603

real	0m3.760s
user	0m0.016s
sys	0m0.031s

real	0m1.110s
user	0m0.047s
sys	0m0.047s
[WARN] get LZ_TOKEN error
03/09/21 00:06:50 914442200  1615219610
use wskey

real	0m1.992s
user	0m0.125s
sys	0m0.125s
03/09/21 00:06:53 194764400  1615219613 token: AAFgRkudADCjZQPbMkWgSYWFHdOBNMXEj5ZkrlqXaNBhujVvEtNlufSf1WzGbd690-W-cGMlxJM

real	0m1.665s
user	0m0.063s
sys	0m0.063s
parse error: Invalid numeric literal at line 1, column 10
03/09/21 00:06:57 069808500  1615219617 secretPin: 
[WARN] get secretPin error

03/09/21 00:06:57 364364400  1615219617 移动签到泉林本色京东自营旗舰店

real	0m1.281s
user	0m0.016s
sys	0m0.063s
parse error: Invalid numeric literal at line 1, column 10
parse error: Invalid numeric literal at line 1, column 10
parse error: Invalid numeric literal at line 1, column 10
parse error: Invalid numeric literal at line 1, column 10
parse error: Invalid numeric literal at line 1, column 10
03/09/21 00:07:03 762163000 1615219623

real	0m4.286s
user	0m0.000s
sys	0m0.063s

real	0m0.905s
user	0m0.016s
sys	0m0.109s
[WARN] get LZ_TOKEN error
03/09/21 00:07:09 815106600  1615219629
use wskey

real	0m1.895s
user	0m0.109s
sys	0m0.125s
03/09/21 00:07:12 221449700  1615219632 token: AAFgRkuvADAsKrTiXs9z3llSmYUXY5lwJX93_-FqKAHuq-333Ud3ADO0oS0Wl1YbwlOTmzyDMn4

real	0m1.289s
user	0m0.047s
sys	0m0.063s
parse error: Invalid numeric literal at line 1, column 10
03/09/21 00:07:16 092385400  1615219636 secretPin: 
[WARN] get secretPin error

03/09/21 00:07:16 450762800  1615219636 移动签到泉林本色京东自营旗舰店

real	0m1.472s
user	0m0.000s
sys	0m0.094s
parse error: Invalid numeric literal at line 1, column 10
parse error: Invalid numeric literal at line 1, column 10
parse error: Invalid numeric literal at line 1, column 10
parse error: Invalid numeric literal at line 1, column 10
parse error: Invalid numeric literal at line 1, column 10
03/09/21 00:07:23 387308500 1615219643

real	0m4.136s
user	0m0.000s
sys	0m0.016s

real	0m1.126s
user	0m0.016s
sys	0m0.094s
[WARN] get LZ_TOKEN error
03/09/21 00:07:29 827156100  1615219649
use wskey

real	0m1.339s
user	0m0.125s
sys	0m0.094s
03/09/21 00:07:31 594398500  1615219651 token: AAFgRkvDADAY0dTZNr5gmc80eSrau0Q_FrCI2rKeTpjcWPjbdqWSE94VjsJBAQfH5ZNSNbTncZA

real	0m1.238s
user	0m0.031s
sys	0m0.078s
parse error: Invalid numeric literal at line 1, column 10
03/09/21 00:07:35 084325900  1615219655 secretPin: 
[WARN] get secretPin error

03/09/21 00:07:35 643487600  1615219655 移动签到泉林本色京东自营旗舰店

real	0m1.635s
user	0m0.031s
sys	0m0.031s
parse error: Invalid numeric literal at line 1, column 10
parse error: Invalid numeric literal at line 1, column 10
parse error: Invalid numeric literal at line 1, column 10
parse error: Invalid numeric literal at line 1, column 10
parse error: Invalid numeric literal at line 1, column 10
03/09/21 00:07:42 667709000 1615219662

real	0m4.210s
user	0m0.000s
sys	0m0.047s

real	0m1.147s
user	0m0.031s
sys	0m0.109s
[WARN] get LZ_TOKEN error
03/09/21 00:07:50 300303900  1615219670
use wskey

real	0m1.683s
user	0m0.094s
sys	0m0.156s
03/09/21 00:07:52 517134400  1615219672 token: AAFgRkvXADCTyvn-NpMtDhqWCW8nqjbkhFu6YZ3GLcO01Ok4kDYS89mbwgu4CHOlj8_OLnRERWk

real	0m1.337s
user	0m0.000s
sys	0m0.094s
parse error: Invalid numeric literal at line 1, column 10
03/09/21 00:07:55 272213200  1615219675 secretPin: 
[WARN] get secretPin error

03/09/21 00:07:55 592978900  1615219675 移动签到泉林本色京东自营旗舰店

real	0m1.176s
user	0m0.031s
sys	0m0.078s
parse error: Invalid numeric literal at line 1, column 10
parse error: Invalid numeric literal at line 1, column 10
parse error: Invalid numeric literal at line 1, column 10
parse error: Invalid numeric literal at line 1, column 10
parse error: Invalid numeric literal at line 1, column 10
03/09/21 00:08:03 134442400 1615219683

real	0m4.392s
user	0m0.000s
sys	0m0.063s

real	0m1.145s
user	0m0.063s
sys	0m0.109s
[WARN] get LZ_TOKEN error
03/09/21 00:08:10 421005300  1615219690
use wskey

real	0m1.739s
user	0m0.094s
sys	0m0.109s
03/09/21 00:08:12 409462000  1615219692 token: AAFgRkvsADBV4bYxZVSeg5_HA0VGhDy9qKmh1PsxdEJuqR8GxdUrzMnSfsxJ5af8oxODlE20qtg

real	0m1.278s
user	0m0.063s
sys	0m0.063s
parse error: Invalid numeric literal at line 1, column 10
03/09/21 00:08:15 270578400  1615219695 secretPin: 
[WARN] get secretPin error

03/09/21 00:08:15 632882000  1615219695 移动签到泉林本色京东自营旗舰店

real	0m1.450s
user	0m0.016s
sys	0m0.141s
parse error: Invalid numeric literal at line 1, column 10
parse error: Invalid numeric literal at line 1, column 10
parse error: Invalid numeric literal at line 1, column 10
parse error: Invalid numeric literal at line 1, column 10
parse error: Invalid numeric literal at line 1, column 10
03/09/21 00:08:24 025412500 1615219704

real	0m4.556s
user	0m0.000s
sys	0m0.016s

real	0m0.713s
user	0m0.031s
sys	0m0.063s
[WARN] get LZ_TOKEN error
03/09/21 00:08:30 060935300  1615219710
use wskey

real	0m1.638s
user	0m0.063s
sys	0m0.094s
03/09/21 00:08:31 969014400  1615219711 token: AAFgRkv_ADChfqGJ6eGDJqLOibquNPnvD8XG9GQA3RpYjjCGdjf3Wc8dseXKHbOzqe_kbx_tb1g

real	0m1.231s
user	0m0.016s
sys	0m0.063s
parse error: Invalid numeric literal at line 1, column 10
03/09/21 00:08:34 973260500  1615219714 secretPin: 
[WARN] get secretPin error

03/09/21 00:08:35 452580600  1615219715 移动签到泉林本色京东自营旗舰店

real	0m1.081s
user	0m0.031s
sys	0m0.094s
parse error: Invalid numeric literal at line 1, column 10
parse error: Invalid numeric literal at line 1, column 10
parse error: Invalid numeric literal at line 1, column 10
parse error: Invalid numeric literal at line 1, column 10
parse error: Invalid numeric literal at line 1, column 10
03/09/21 00:08:42 329629700 1615219722

real	0m4.599s
user	0m0.000s
sys	0m0.016s
03/09/21 00:10:02 199709900  1615219802
parse error: Invalid numeric literal at line 1, column 10
签到是否成功解析失败. 不再写/home/myid/jd/jd_signup/lzkj_sevenDay_vender/shop_1613569740_34

移动签到泉林本色京东自营旗舰店查看结果, 活动规则


#店铺名称
vendername="泉林本色京东自营旗舰店"
#店铺激活码
actId="1e5cac4ad760485d931141412c9fab0c"
#店铺id
venderId="1000001906"
#长链接
url="https://lzkj-isv.isvjcloud.com/sign/sevenDay/signActivity?activityId=1e5cac4ad760485d931141412c9fab0c&venderId=1000001906&adsource=tg_xuanFuTuBiao"

startTime=1612496160
endTime=1614483360
# 活动时间：2021-02-05 11:36 - 2021-02-28 11:36；
# 奖励说明：
actRule="
7天签到
连续签到1天：5店铺积分
连续签到2天：10元优惠券
连续签到3天：20店铺积分
连续签到4天：1京豆
连续签到5天：2京豆
连续签到6天：3京豆
连续签到7天：5京豆
"
#赵 122294312-396444 sign_res
sign_num="5"
giftName=""2京豆""
giftRes="ok"
giftDate="20210308"
sign_res_info="7天签到 第 5 天
当天签到奖励 ["2京豆"]"
#赵 122294312-396444 sign_res_end
#王 1309893722-164885 sign_res
sign_num="5"
giftName=""2京豆""
giftRes="ok"
giftDate="20210308"
sign_res_info="7天签到 第 5 天
当天签到奖励 ["2京豆"]"
#王 1309893722-164885 sign_res_end
#肥鹅 jd_4d651d9e48204 sign_res
sign_num="5"
giftName=""2京豆""
giftRes="ok"
giftDate="20210308"
sign_res_info="7天签到 第 5 天
当天签到奖励 ["2京豆"]"
#肥鹅 jd_4d651d9e48204 sign_res_end
#移动 jd_OeTNobRVGiNZ sign_res
sign_num=""
giftName=""
giftRes=""
giftDate="20210309"
sign_res_info="7天签到 第  天
当天签到奖励 []"
#移动 jd_OeTNobRVGiNZ sign_res_end
