02/28/21 00:00:02 294695700  1614441602
RANDOM_num: 35
force to sign

real	0m1.025s
user	0m0.016s
sys	0m0.109s
lzkj-isv.isvjcloud.com	FALSE	/	FALSE	1614442204	LZ_TOKEN_VALUE	B0oH3vDY2bhHWuKbVaJ+XQ==
lzkj-isv.isvjcloud.com	FALSE	/	FALSE	1614442204	LZ_TOKEN_KEY	lztokenpage7fd240d4261e49bda45d3a990ff3cab2
02/28/21 00:00:05 668679500  1614441605
use pt_key

real	0m1.464s
user	0m0.094s
sys	0m0.125s
02/28/21 00:00:07 473701800  1614441607 token: AAFgOmyGADBHWKxtZnjmFTxWKfJJBES98g7cOAVxjJXY--Orf_hfJzPOz7uQc46EQzaRI8KLuQM

real	0m2.215s
user	0m0.094s
sys	0m0.109s
02/28/21 00:00:10 194835700  1614441610 secretPin: 8zfoIjWIu/DcpxQNzAV7/oVPSWy1B8D+G4s+fJIFDfWHSnwnXFQKK9yQco/OGmHebU48Dr07k+7+k1UaXRbZKg==

02/28/21 00:00:10 553820000  1614441610 王签到海豚传媒自营官方旗舰店

real	0m1.960s
user	0m0.047s
sys	0m0.063s
parse error: Invalid numeric literal at line 1, column 10
parse error: Invalid numeric literal at line 1, column 10
parse error: Invalid numeric literal at line 1, column 10
parse error: Invalid numeric literal at line 1, column 10
02/28/21 00:00:17 850678300 1614441617

real	0m1.529s
user	0m0.000s
sys	0m0.031s

real	0m1.651s
user	0m0.031s
sys	0m0.094s
[WARN] get LZ_TOKEN error
02/28/21 00:00:22 327117000  1614441622
use pt_key

real	0m1.260s
user	0m0.125s
sys	0m0.078s
02/28/21 00:00:24 132244300  1614441624 token: AAFgOmyXADBP2oRNWPo_7woJbdERe8Dz8F0tYiu-LWOnBu4MwojY9PmFFMogvw8taRmHJQ8fheE
parse error: Invalid numeric literal at line 1, column 10

real	0m3.260s
user	0m0.094s
sys	0m0.094s
02/28/21 00:00:27 858700800  1614441627 secretPin: 
[WARN] get secretPin error

02/28/21 00:00:28 798701000  1614441628 王签到海豚传媒自营官方旗舰店

real	0m1.855s
user	0m0.016s
sys	0m0.078s
parse error: Invalid numeric literal at line 1, column 10
parse error: Invalid numeric literal at line 1, column 10
parse error: Invalid numeric literal at line 1, column 10
parse error: Invalid numeric literal at line 1, column 10
02/28/21 00:00:33 324697800 1614441633

real	0m1.620s
user	0m0.000s
sys	0m0.094s

real	0m1.803s
user	0m0.031s
sys	0m0.047s
[WARN] get LZ_TOKEN error
02/28/21 00:00:38 002039800  1614441638
use pt_key

real	0m1.164s
user	0m0.125s
sys	0m0.109s
02/28/21 00:00:39 350697100  1614441639 token: AAFgOmymADDuDluhjMPq4RxDtlBQeD_gyowdSygYBpeTFsuXMJgnIUU-lT--tACWkTWgkw1oUD0
parse error: Invalid numeric literal at line 1, column 10

real	0m1.009s
user	0m0.094s
sys	0m0.141s
02/28/21 00:00:40 613273300  1614441640 secretPin: 
[WARN] get secretPin error

02/28/21 00:00:40 895873800  1614441640 王签到海豚传媒自营官方旗舰店

real	0m0.542s
user	0m0.000s
sys	0m0.094s
parse error: Invalid numeric literal at line 1, column 10
parse error: Invalid numeric literal at line 1, column 10
parse error: Invalid numeric literal at line 1, column 10
parse error: Invalid numeric literal at line 1, column 10
02/28/21 00:00:43 697627400 1614441643

real	0m1.326s
user	0m0.000s
sys	0m0.031s

real	0m1.171s
user	0m0.016s
sys	0m0.078s
[WARN] get LZ_TOKEN error
02/28/21 00:00:46 571067700  1614441646
use pt_key

real	0m1.079s
user	0m0.172s
sys	0m0.094s
02/28/21 00:00:47 795478000  1614441647 token: AAFgOmyvADAFxl4-lXbqGPuGtiH8dpLXN3KBKx5GQ74i0uiqidA80JtwmW-gGJsWG12GHKr5BZ0
parse error: Invalid numeric literal at line 1, column 10

real	0m0.999s
user	0m0.109s
sys	0m0.094s
02/28/21 00:00:49 000869700  1614441649 secretPin: 
[WARN] get secretPin error

02/28/21 00:00:49 214047200  1614441649 王签到海豚传媒自营官方旗舰店

real	0m0.860s
user	0m0.047s
sys	0m0.078s
parse error: Invalid numeric literal at line 1, column 10
parse error: Invalid numeric literal at line 1, column 10
parse error: Invalid numeric literal at line 1, column 10
parse error: Invalid numeric literal at line 1, column 10
02/28/21 00:00:52 234357000 1614441652

real	0m1.427s
user	0m0.016s
sys	0m0.031s

real	0m1.272s
user	0m0.031s
sys	0m0.078s
[WARN] get LZ_TOKEN error
02/28/21 00:00:55 557641900  1614441655
use pt_key

real	0m0.887s
user	0m0.109s
sys	0m0.094s
02/28/21 00:00:56 613450600  1614441656 token: AAFgOmy4ADBPyuu2gbq5F0Jx8441ZP2Yoi5zgap5SXhhYvxqUNNYn9bafSckSXVEPNpP2da4xbY
parse error: Invalid numeric literal at line 1, column 10

real	0m0.933s
user	0m0.109s
sys	0m0.125s
02/28/21 00:00:57 868956400  1614441657 secretPin: 
[WARN] get secretPin error

02/28/21 00:00:58 135283900  1614441658 王签到海豚传媒自营官方旗舰店

real	0m0.799s
user	0m0.031s
sys	0m0.109s
parse error: Invalid numeric literal at line 1, column 10
parse error: Invalid numeric literal at line 1, column 10
parse error: Invalid numeric literal at line 1, column 10
parse error: Invalid numeric literal at line 1, column 10
02/28/21 00:01:01 094849900 1614441661

real	0m1.589s
user	0m0.016s
sys	0m0.031s

real	0m0.879s
user	0m0.047s
sys	0m0.078s
[WARN] get LZ_TOKEN error
02/28/21 00:01:04 317486200  1614441664
use pt_key

real	0m2.518s
user	0m0.094s
sys	0m0.094s
02/28/21 00:01:07 025741700  1614441667 token: AAFgOmzCADAGAk_N3Z3GyCO92HGfEX_hq-tfaA2_sjsrZfpJjZrV3SBoEGHdpsOCD8p4-bg5IBg
parse error: Invalid numeric literal at line 1, column 10

real	0m0.887s
user	0m0.094s
sys	0m0.078s
02/28/21 00:01:08 113157100  1614441668 secretPin: 
[WARN] get secretPin error

02/28/21 00:01:08 344413400  1614441668 王签到海豚传媒自营官方旗舰店

real	0m0.368s
user	0m0.016s
sys	0m0.063s
parse error: Invalid numeric literal at line 1, column 10
parse error: Invalid numeric literal at line 1, column 10
parse error: Invalid numeric literal at line 1, column 10
parse error: Invalid numeric literal at line 1, column 10
02/28/21 00:01:10 836936400 1614441670

real	0m1.593s
user	0m0.000s
sys	0m0.063s

real	0m0.893s
user	0m0.031s
sys	0m0.094s
[WARN] get LZ_TOKEN error
02/28/21 00:01:13 732567900  1614441673
use pt_key

real	0m1.007s
user	0m0.125s
sys	0m0.109s
02/28/21 00:01:14 965723400  1614441674 token: AAFgOmzKADATbcCUpRyH0F2wq3eMIrHvFsEDHTOMk1Ek7mJd7DTZW_xMxOS8MXtTlgixsF9A6ag
parse error: Invalid numeric literal at line 1, column 10

real	0m1.010s
user	0m0.125s
sys	0m0.078s
02/28/21 00:01:16 107857800  1614441676 secretPin: 
[WARN] get secretPin error

02/28/21 00:01:16 345705800  1614441676 王签到海豚传媒自营官方旗舰店

real	0m0.684s
user	0m0.031s
sys	0m0.063s
parse error: Invalid numeric literal at line 1, column 10
parse error: Invalid numeric literal at line 1, column 10
parse error: Invalid numeric literal at line 1, column 10
parse error: Invalid numeric literal at line 1, column 10
02/28/21 00:01:19 332733700 1614441679

real	0m1.902s
user	0m0.000s
sys	0m0.016s

real	0m0.504s
user	0m0.047s
sys	0m0.094s
[WARN] get LZ_TOKEN error
02/28/21 00:01:22 245110400  1614441682
use pt_key

real	0m0.587s
user	0m0.141s
sys	0m0.094s
02/28/21 00:01:23 038511900  1614441683 token: AAFgOmzSADBXffXheajtCV0mIr1UzEY9QQDiD3aCUt-U-wi23Qwp6jYguIvUqKPmVuuuSEMKR9k
parse error: Invalid numeric literal at line 1, column 10

real	0m0.971s
user	0m0.109s
sys	0m0.063s
02/28/21 00:01:24 252986900  1614441684 secretPin: 
[WARN] get secretPin error

02/28/21 00:01:24 472914400  1614441684 王签到海豚传媒自营官方旗舰店

real	0m0.522s
user	0m0.047s
sys	0m0.047s
parse error: Invalid numeric literal at line 1, column 10
parse error: Invalid numeric literal at line 1, column 10
parse error: Invalid numeric literal at line 1, column 10
parse error: Invalid numeric literal at line 1, column 10
02/28/21 00:01:26 995502700 1614441686

real	0m2.060s
user	0m0.000s
sys	0m0.016s

real	0m0.465s
user	0m0.031s
sys	0m0.063s
[WARN] get LZ_TOKEN error
02/28/21 00:01:29 954900100  1614441689
use pt_key

real	0m0.821s
user	0m0.109s
sys	0m0.109s
02/28/21 00:01:31 032343300  1614441691 token: AAFgOmzaADAesEZ-7dDzh-Fl0twnnokgS_9-xTM39dl-oFKePFIlYhIzrOHSNjJ8QUW0wMyqKRc
parse error: Invalid numeric literal at line 1, column 10

real	0m1.119s
user	0m0.094s
sys	0m0.172s
02/28/21 00:01:32 330573600  1614441692 secretPin: 
[WARN] get secretPin error

02/28/21 00:01:32 712277700  1614441692 王签到海豚传媒自营官方旗舰店

real	0m0.586s
user	0m0.031s
sys	0m0.047s
parse error: Invalid numeric literal at line 1, column 10
parse error: Invalid numeric literal at line 1, column 10
parse error: Invalid numeric literal at line 1, column 10
parse error: Invalid numeric literal at line 1, column 10
02/28/21 00:01:36 015816400 1614441696

real	0m2.207s
user	0m0.000s
sys	0m0.031s

real	0m0.410s
user	0m0.016s
sys	0m0.063s
[WARN] get LZ_TOKEN error
02/28/21 00:01:38 810899700  1614441698
use pt_key

real	0m0.494s
user	0m0.109s
sys	0m0.109s
02/28/21 00:01:39 378351100  1614441699 token: AAFgOmzjADAVVpKWb7-t4KrjcPQyng1YZDN3SgZbJLuA_gdmtaiJNN7D7bCvgM6wwhNJxJty8H0
parse error: Invalid numeric literal at line 1, column 10

real	0m0.816s
user	0m0.125s
sys	0m0.063s
02/28/21 00:01:40 342948500  1614441700 secretPin: 
[WARN] get secretPin error

02/28/21 00:01:40 629539400  1614441700 王签到海豚传媒自营官方旗舰店

real	0m1.319s
user	0m0.016s
sys	0m0.078s
parse error: Invalid numeric literal at line 1, column 10
parse error: Invalid numeric literal at line 1, column 10
parse error: Invalid numeric literal at line 1, column 10
parse error: Invalid numeric literal at line 1, column 10
02/28/21 00:01:43 588978600 1614441703

real	0m2.518s
user	0m0.000s
sys	0m0.031s

real	0m0.309s
user	0m0.016s
sys	0m0.109s
[WARN] get LZ_TOKEN error
02/28/21 00:01:46 596783400  1614441706
use pt_key

real	0m0.290s
user	0m0.109s
sys	0m0.094s
02/28/21 00:01:46 920656700  1614441706 token: AAFgOmzrADABD-WECX9TgT4nUYOTOdffPzb2CsQ50fyCBencxwUDO42HXfI85Z-b4verzxmLp4M
parse error: Invalid numeric literal at line 1, column 10

real	0m0.283s
user	0m0.125s
sys	0m0.063s
02/28/21 00:01:47 275264100  1614441707 secretPin: 
[WARN] get secretPin error

02/28/21 00:01:47 328009800  1614441707 王签到海豚传媒自营官方旗舰店

real	0m0.344s
user	0m0.063s
sys	0m0.078s
parse error: Invalid numeric literal at line 1, column 10
parse error: Invalid numeric literal at line 1, column 10
parse error: Invalid numeric literal at line 1, column 10
parse error: Invalid numeric literal at line 1, column 10
02/28/21 00:01:48 876063100 1614441708

real	0m2.653s
user	0m0.016s
sys	0m0.031s

real	0m0.947s
user	0m0.016s
sys	0m0.141s
[WARN] get LZ_TOKEN error
02/28/21 00:01:52 938757100  1614441712
use pt_key

real	0m1.289s
user	0m0.109s
sys	0m0.078s
02/28/21 00:01:54 514246400  1614441714 token: AAFgOmzyADDeZRqZWLgD65wEaNiGoP-IGXd-7O3xzCJN68FKzzZw_eSpn50cmTxH0AIRF1W8hU0
parse error: Invalid numeric literal at line 1, column 10

real	0m0.969s
user	0m0.094s
sys	0m0.094s
02/28/21 00:01:55 642531300  1614441715 secretPin: 
[WARN] get secretPin error

02/28/21 00:01:55 785447200  1614441715 王签到海豚传媒自营官方旗舰店

real	0m0.446s
user	0m0.031s
sys	0m0.109s
parse error: Invalid numeric literal at line 1, column 10
parse error: Invalid numeric literal at line 1, column 10
parse error: Invalid numeric literal at line 1, column 10
parse error: Invalid numeric literal at line 1, column 10
02/28/21 00:01:57 952900000 1614441717

real	0m2.936s
user	0m0.000s
sys	0m0.016s

real	0m0.691s
user	0m0.047s
sys	0m0.078s
[WARN] get LZ_TOKEN error
02/28/21 00:02:01 958901100  1614441721
use pt_key

real	0m0.842s
user	0m0.078s
sys	0m0.094s
02/28/21 00:02:04 168915300  1614441724 token: AAFgOmz6ADC1NC8-fk7cJC9j9wpOxW7JS2xCiuI0TUXsA83yE3B0gdzvc5awF42GZ1F8jzm87dk
parse error: Invalid numeric literal at line 1, column 10

real	0m1.206s
user	0m0.063s
sys	0m0.141s
02/28/21 00:02:05 657150200  1614441725 secretPin: 
[WARN] get secretPin error

02/28/21 00:02:05 910754400  1614441725 王签到海豚传媒自营官方旗舰店

real	0m0.938s
user	0m0.016s
sys	0m0.094s
parse error: Invalid numeric literal at line 1, column 10
parse error: Invalid numeric literal at line 1, column 10
parse error: Invalid numeric literal at line 1, column 10
parse error: Invalid numeric literal at line 1, column 10
02/28/21 00:02:09 846414800 1614441729

real	0m3.535s
user	0m0.000s
sys	0m0.031s

real	0m1.535s
user	0m0.047s
sys	0m0.047s
[WARN] get LZ_TOKEN error
02/28/21 00:02:16 237159700  1614441736
use pt_key

real	0m2.623s
user	0m0.109s
sys	0m0.109s
02/28/21 00:02:19 305093600  1614441739 token: AAFgOm0KADDX4myRQRlRvQV61UQnT4yhAP28Ivm319JJkz5qu9Pya6avx-Xd70BZLkEG3dDv0qg
parse error: Invalid numeric literal at line 1, column 10

real	0m2.690s
user	0m0.125s
sys	0m0.078s
02/28/21 00:02:22 367352200  1614441742 secretPin: 
[WARN] get secretPin error

02/28/21 00:02:22 808745600  1614441742 王签到海豚传媒自营官方旗舰店

real	0m1.337s
user	0m0.016s
sys	0m0.125s
parse error: Invalid numeric literal at line 1, column 10
parse error: Invalid numeric literal at line 1, column 10
parse error: Invalid numeric literal at line 1, column 10
parse error: Invalid numeric literal at line 1, column 10
02/28/21 00:02:30 214885800 1614441750

real	0m5.175s
user	0m0.000s
sys	0m0.078s

real	0m1.164s
user	0m0.000s
sys	0m0.141s
[WARN] get LZ_TOKEN error
02/28/21 00:02:38 292981900  1614441758
use pt_key

real	0m2.111s
user	0m0.094s
sys	0m0.063s
02/28/21 00:02:40 939300400  1614441760 token: AAFgOm0gADB-VroUPnvWQZ2hkqvQcEVYNetqdfgm1RR18Yq1at_dx9vylCtuYbo-0Qp-IgcdqNI
parse error: Invalid numeric literal at line 1, column 10

real	0m1.575s
user	0m0.078s
sys	0m0.109s
02/28/21 00:02:42 968761300  1614441762 secretPin: 
[WARN] get secretPin error

02/28/21 00:02:43 507789200  1614441763 王签到海豚传媒自营官方旗舰店

real	0m1.792s
user	0m0.031s
sys	0m0.078s
parse error: Invalid numeric literal at line 1, column 10
parse error: Invalid numeric literal at line 1, column 10
parse error: Invalid numeric literal at line 1, column 10
parse error: Invalid numeric literal at line 1, column 10
02/28/21 00:02:50 313851600 1614441770

real	0m4.137s
user	0m0.000s
sys	0m0.016s

real	0m1.357s
user	0m0.000s
sys	0m0.094s
[WARN] get LZ_TOKEN error
02/28/21 00:02:56 610611500  1614441776
use pt_key

real	0m1.877s
user	0m0.109s
sys	0m0.094s
02/28/21 00:02:58 784589000  1614441778 token: AAFgOm0yADB1FrLsg3IPI_4YM_7KIdJfpJvjL-3UwluAJtFDw0Lv6cAtPmaYdJq4rpbq-xI6dCQ
parse error: Invalid numeric literal at line 1, column 10

real	0m2.055s
user	0m0.109s
sys	0m0.109s
02/28/21 00:03:01 245743000  1614441781 secretPin: 
[WARN] get secretPin error

02/28/21 00:03:01 579351000  1614441781 王签到海豚传媒自营官方旗舰店

real	0m1.282s
user	0m0.031s
sys	0m0.078s
parse error: Invalid numeric literal at line 1, column 10
parse error: Invalid numeric literal at line 1, column 10
parse error: Invalid numeric literal at line 1, column 10
parse error: Invalid numeric literal at line 1, column 10
02/28/21 00:03:07 371458400 1614441787

real	0m4.312s
user	0m0.000s
sys	0m0.047s

real	0m1.330s
user	0m0.078s
sys	0m0.016s
[WARN] get LZ_TOKEN error
02/28/21 00:03:13 638077800  1614441793
use pt_key

real	0m1.514s
user	0m0.109s
sys	0m0.078s
02/28/21 00:03:15 423714800  1614441795 token: AAFgOm1CADDd1dMe_z-rst0r9_43Ncp4weLNS-i4MvelogwugjQ2Y8sfs4wJlbnmXtLq4uWcCDo
parse error: Invalid numeric literal at line 1, column 10

real	0m1.285s
user	0m0.094s
sys	0m0.125s
02/28/21 00:03:17 045748800  1614441797 secretPin: 
[WARN] get secretPin error

02/28/21 00:03:17 510786500  1614441797 王签到海豚传媒自营官方旗舰店

real	0m0.929s
user	0m0.031s
sys	0m0.094s
parse error: Invalid numeric literal at line 1, column 10
parse error: Invalid numeric literal at line 1, column 10
parse error: Invalid numeric literal at line 1, column 10
parse error: Invalid numeric literal at line 1, column 10
02/28/21 00:03:23 455994700 1614441803

real	0m5.008s
user	0m0.000s
sys	0m0.047s

real	0m1.671s
user	0m0.063s
sys	0m0.047s
[WARN] get LZ_TOKEN error
02/28/21 00:03:31 699308900  1614441811
use pt_key

real	0m1.936s
user	0m0.109s
sys	0m0.063s
02/28/21 00:03:34 090290100  1614441814 token: AAFgOm1VADDNf6Oo8WqHRcu4ERMaJ7VB7KoCLeAXURSYwmnLGoXkliPHtVILSUaMUnwVTo5h5-c
parse error: Invalid numeric literal at line 1, column 10

real	0m2.378s
user	0m0.109s
sys	0m0.094s
02/28/21 00:03:37 046279900  1614441817 secretPin: 
[WARN] get secretPin error

02/28/21 00:03:37 807709600  1614441817 王签到海豚传媒自营官方旗舰店

real	0m1.935s
user	0m0.063s
sys	0m0.047s
parse error: Invalid numeric literal at line 1, column 10
parse error: Invalid numeric literal at line 1, column 10
parse error: Invalid numeric literal at line 1, column 10
parse error: Invalid numeric literal at line 1, column 10
02/28/21 00:03:45 279893400 1614441825

real	0m5.071s
user	0m0.016s
sys	0m0.063s

real	0m2.222s
user	0m0.047s
sys	0m0.078s
[WARN] get LZ_TOKEN error
02/28/21 00:03:54 743807100  1614441834
use pt_key

real	0m1.429s
user	0m0.063s
sys	0m0.094s
02/28/21 00:03:56 593283600  1614441836 token: AAFgOm1rADC1pcoBoZAtLxcPIIB3M0mxzWA5xij43KA65ANMO4R4L04UaJcvn8S72qXJSOSLFW8
parse error: Invalid numeric literal at line 1, column 10

real	0m1.499s
user	0m0.094s
sys	0m0.109s
02/28/21 00:03:58 689662400  1614441838 secretPin: 
[WARN] get secretPin error

02/28/21 00:03:59 125866400  1614441839 王签到海豚传媒自营官方旗舰店

real	0m2.001s
user	0m0.000s
sys	0m0.109s
parse error: Invalid numeric literal at line 1, column 10
parse error: Invalid numeric literal at line 1, column 10
parse error: Invalid numeric literal at line 1, column 10
parse error: Invalid numeric literal at line 1, column 10
02/28/21 00:04:08 667267900 1614441848

real	0m5.412s
user	0m0.000s
sys	0m0.047s

real	0m2.041s
user	0m0.063s
sys	0m0.094s
[WARN] get LZ_TOKEN error
02/28/21 00:04:17 427180600  1614441857
use pt_key

real	0m1.487s
user	0m0.078s
sys	0m0.109s
02/28/21 00:04:19 826572000  1614441859 token: AAFgOm2CADAhOkXXmGtSiVr6tKu96mjvePbEjIm-dj7U_8pOJWE3xvv22zinNdEiSVpp5UpfIOw
parse error: Invalid numeric literal at line 1, column 10

real	0m1.528s
user	0m0.094s
sys	0m0.109s
02/28/21 00:04:21 842055100  1614441861 secretPin: 
[WARN] get secretPin error

02/28/21 00:04:22 261569600  1614441862 王签到海豚传媒自营官方旗舰店

real	0m1.308s
user	0m0.047s
sys	0m0.094s
parse error: Invalid numeric literal at line 1, column 10
parse error: Invalid numeric literal at line 1, column 10
parse error: Invalid numeric literal at line 1, column 10
parse error: Invalid numeric literal at line 1, column 10
02/28/21 00:04:28 817656400 1614441868

real	0m5.555s
user	0m0.000s
sys	0m0.047s
02/28/21 00:06:21 486634200  1614441981
parse error: Invalid numeric literal at line 1, column 10
签到是否成功解析失败. 不再写/home/myid/jd/jd_signup/lzkj_sevenDay_vender/shop_1613703008_9

王签到海豚传媒自营官方旗舰店查看结果, 活动规则
<!DOCTYPE html>
<html>
 <head> 
  <title>京东</title> 
  <meta charset="utf-8" /> 
  <meta name="apple-mobile-web-app-capable" content="yes" /> 
  <meta name="viewport" content="width=device-width,initial-scale=1,user-scalable=no,maximum-scale=1,viewport-fit=cover" /> 
  <meta name="format-detection" content="telephone=no" /> 
  <meta name="x5-cache" content="enable" /> 
  <link rel="stylesheet" href="https://storage.360buyimg.com/babel/00162638/333378/production/dev/parser.1526555535098.css?t=20180517191236" /> 
  <style> img {
            opacity: 1 !important;
        } </style> 
  <link href="https://storage.360buyimg.com/babel/00170893/348321/production/dev/index.7320a380.css?t=20180802150952" rel="stylesheet" />
 </head> 
 <body style="background:#fff;" id="root"> 
  <div class="errorPage"> 
  </div> 
  <div class="placeholer"> 
  </div> 
  <script src="https://wl.jd.com/unify.min.js"></script> 
  <script type="text/javascript" src="https://storage.360buyimg.com/babel/00170893/348321/production/dev/index.0f8f4dba.js?t=20180802150952"></script> 
 </body>
</html>

#店铺名称
vendername="海豚传媒自营官方旗舰店"
#店铺激活码
actId="14f003bcc03e444299ad216d4166702d"
#店铺id
venderId="1000004641"
#长链接
url="https://lzkj-isv.isvjcloud.com/sign/sevenDay/signActivity?activityId=14f003bcc03e444299ad216d4166702d&venderId=1000004641&adsource=tg_xuanFuTuBiao"

startTime=1612146180
endTime=1614527940
# 活动时间：2021-02-01 10:23 - 2021-02-28 23:59；
# 奖励说明：
actRule="
7天签到
连续签到1天：6元优惠券
连续签到2天：10店铺积分
连续签到3天：1京豆
连续签到4天：20店铺积分
连续签到5天：2京豆
连续签到6天：30店铺积分
连续签到7天：5京豆
"
#王 1309893722-164885 sign_res
sign_num="2"
giftName=""10店铺积分""
giftRes="ok"
giftDate="20210227"
sign_res_info="7天签到 第 2 天
当天签到奖励 ["10店铺积分"]"
#王 1309893722-164885 sign_res_end
#肥鹅 jd_4d651d9e48204 sign_res
sign_num="2"
giftName=""10店铺积分""
giftRes="ok"
giftDate="20210227"
sign_res_info="7天签到 第 2 天
当天签到奖励 ["10店铺积分"]"
#肥鹅 jd_4d651d9e48204 sign_res_end
#移动 jd_OeTNobRVGiNZ sign_res
sign_num="2"
giftName=""10店铺积分""
giftRes="ok"
giftDate="20210227"
sign_res_info="7天签到 第 2 天
当天签到奖励 ["10店铺积分"]"
#移动 jd_OeTNobRVGiNZ sign_res_end
#赵 122294312-396444 sign_res
sign_num=""
giftName="null"
giftRes="ok"
giftDate="20210228"
sign_res_info="7天签到 第  天
当天签到奖励 [null]"
#赵 122294312-396444 sign_res_end
