02/28/21 00:02:09 648890300  1614441729
RANDOM_num: 40
removed '/tmp/tmp.FHHAqoCv0P'
02/28/21 00:02:11 731612500  1614441731 检查肥鹅签到

real	0m1.513s
user	0m0.016s
sys	0m0.109s
[WARN] get LZ_TOKEN error
02/28/21 00:02:16 859304100  1614441736
use pt_key

real	0m1.914s
user	0m0.094s
sys	0m0.172s
02/28/21 00:02:19 186297500  1614441739 token: AAFgOm0KADC5L75jPzQKZq4B8ht86S2g0cLryYQDAc16I36RMU02JlyyMeoZ6gIqXK_ND977dks
parse error: Invalid numeric literal at line 1, column 10

real	0m2.570s
user	0m0.094s
sys	0m0.063s
02/28/21 00:02:22 604415200  1614441742 secretPin: 
[WARN] get secretPin error

02/28/21 00:02:23 044658000  1614441743 肥鹅签到海豚传媒自营官方旗舰店

real	0m1.623s
user	0m0.047s
sys	0m0.094s
parse error: Invalid numeric literal at line 1, column 10
parse error: Invalid numeric literal at line 1, column 10
parse error: Invalid numeric literal at line 1, column 10
parse error: Invalid numeric literal at line 1, column 10
02/28/21 00:02:30 479210400 1614441750

real	0m2.119s
user	0m0.000s
sys	0m0.031s

real	0m1.959s
user	0m0.047s
sys	0m0.063s
[WARN] get LZ_TOKEN error
02/28/21 00:02:36 343598400  1614441756
use pt_key

real	0m2.025s
user	0m0.109s
sys	0m0.094s
02/28/21 00:02:39 022274100  1614441759 token: AAFgOm0dADBP4gT5HQXRVfMIZG7Ag_H16WxvChPjRXakfxm38PEnC8q817G9udAI1VrzTYU4ldo
parse error: Invalid numeric literal at line 1, column 10

real	0m2.237s
user	0m0.109s
sys	0m0.125s
02/28/21 00:02:41 875983600  1614441761 secretPin: 
[WARN] get secretPin error

02/28/21 00:02:42 670946100  1614441762 肥鹅签到海豚传媒自营官方旗舰店

real	0m2.022s
user	0m0.047s
sys	0m0.094s
parse error: Invalid numeric literal at line 1, column 10
parse error: Invalid numeric literal at line 1, column 10
parse error: Invalid numeric literal at line 1, column 10
parse error: Invalid numeric literal at line 1, column 10
02/28/21 00:02:49 195308500 1614441769

real	0m1.444s
user	0m0.016s
sys	0m0.016s

real	0m1.268s
user	0m0.047s
sys	0m0.063s
[WARN] get LZ_TOKEN error
02/28/21 00:02:53 633293000  1614441773
use pt_key

real	0m1.394s
user	0m0.125s
sys	0m0.063s
02/28/21 00:02:55 345181600  1614441775 token: AAFgOm0uADDkeVPc3yEqsHRMVYYR6RIAZbaFfHyJD6Eg5F9MYKiZOi7CFtpiT0P4XnJ_Z0L65-g
parse error: Invalid numeric literal at line 1, column 10

real	0m1.429s
user	0m0.125s
sys	0m0.063s
02/28/21 00:02:57 134793600  1614441777 secretPin: 
[WARN] get secretPin error

02/28/21 00:02:57 884942000  1614441777 肥鹅签到海豚传媒自营官方旗舰店

real	0m2.206s
user	0m0.063s
sys	0m0.047s
parse error: Invalid numeric literal at line 1, column 10
parse error: Invalid numeric literal at line 1, column 10
parse error: Invalid numeric literal at line 1, column 10
parse error: Invalid numeric literal at line 1, column 10
02/28/21 00:03:05 441266700 1614441785

real	0m1.691s
user	0m0.000s
sys	0m0.094s

real	0m1.524s
user	0m0.031s
sys	0m0.063s
[WARN] get LZ_TOKEN error
02/28/21 00:03:09 493827400  1614441789
use pt_key

real	0m1.632s
user	0m0.125s
sys	0m0.078s
02/28/21 00:03:11 600073600  1614441791 token: AAFgOm0_ADAhj7nadofM6lWqmFMlrHd9GcqkeYVSVnG3ipFYN_hy4Jqm_r1bWAZCYvetb4QSJZk
parse error: Invalid numeric literal at line 1, column 10

real	0m1.676s
user	0m0.141s
sys	0m0.063s
02/28/21 00:03:13 624922100  1614441793 secretPin: 
[WARN] get secretPin error

02/28/21 00:03:14 009882400  1614441794 肥鹅签到海豚传媒自营官方旗舰店

real	0m1.199s
user	0m0.047s
sys	0m0.063s
parse error: Invalid numeric literal at line 1, column 10
parse error: Invalid numeric literal at line 1, column 10
parse error: Invalid numeric literal at line 1, column 10
parse error: Invalid numeric literal at line 1, column 10
02/28/21 00:03:19 229350100 1614441799

real	0m2.054s
user	0m0.000s
sys	0m0.031s

real	0m1.205s
user	0m0.031s
sys	0m0.078s
[WARN] get LZ_TOKEN error
02/28/21 00:03:23 855340900  1614441803
use pt_key

real	0m1.379s
user	0m0.109s
sys	0m0.109s
02/28/21 00:03:25 655340200  1614441805 token: AAFgOm1MADC5zxhLiRMXUfLT896RVST8a-hf-OwAIbPbv6Zrbmnpoun5O5SENDn1OYDkel5j3GQ
parse error: Invalid numeric literal at line 1, column 10

real	0m3.141s
user	0m0.125s
sys	0m0.063s
02/28/21 00:03:29 398830600  1614441809 secretPin: 
[WARN] get secretPin error

02/28/21 00:03:29 872466800  1614441809 肥鹅签到海豚传媒自营官方旗舰店

real	0m1.738s
user	0m0.031s
sys	0m0.078s
parse error: Invalid numeric literal at line 1, column 10
parse error: Invalid numeric literal at line 1, column 10
parse error: Invalid numeric literal at line 1, column 10
parse error: Invalid numeric literal at line 1, column 10
02/28/21 00:03:37 786602600 1614441817

real	0m3.096s
user	0m0.000s
sys	0m0.016s

real	0m2.544s
user	0m0.047s
sys	0m0.078s
[WARN] get LZ_TOKEN error
02/28/21 00:03:44 946347400  1614441824
use pt_key

real	0m1.488s
user	0m0.094s
sys	0m0.125s
02/28/21 00:03:46 902958000  1614441826 token: AAFgOm1iADDMP3NLfj3s_HmjhmUZ3Y2d_ZlAIyU6ck7wFYSp4RDh9bzk4Z1w5vfhxfq1cE5ynUA
parse error: Invalid numeric literal at line 1, column 10

real	0m2.503s
user	0m0.078s
sys	0m0.094s
02/28/21 00:03:49 927372300  1614441829 secretPin: 
[WARN] get secretPin error

02/28/21 00:03:50 389127300  1614441830 肥鹅签到海豚传媒自营官方旗舰店

real	0m1.686s
user	0m0.031s
sys	0m0.078s
parse error: Invalid numeric literal at line 1, column 10
parse error: Invalid numeric literal at line 1, column 10
parse error: Invalid numeric literal at line 1, column 10
parse error: Invalid numeric literal at line 1, column 10
02/28/21 00:03:57 076611500 1614441837

real	0m2.469s
user	0m0.000s
sys	0m0.031s

real	0m3.030s
user	0m0.031s
sys	0m0.109s
[WARN] get LZ_TOKEN error
02/28/21 00:04:06 500174700  1614441846
use pt_key

real	0m2.241s
user	0m0.125s
sys	0m0.078s
02/28/21 00:04:09 287995400  1614441849 token: AAFgOm14ADBYxPDqvX2nOsNSpsSuLW3mDaYBad9G9f_f_plf3TYkD4jbo4GtQQQ6esT2S8wAtIc
parse error: Invalid numeric literal at line 1, column 10

real	0m2.416s
user	0m0.094s
sys	0m0.063s
02/28/21 00:04:12 424718900  1614441852 secretPin: 
[WARN] get secretPin error

02/28/21 00:04:12 927183200  1614441852 肥鹅签到海豚传媒自营官方旗舰店

real	0m1.225s
user	0m0.031s
sys	0m0.078s
parse error: Invalid numeric literal at line 1, column 10
parse error: Invalid numeric literal at line 1, column 10
parse error: Invalid numeric literal at line 1, column 10
parse error: Invalid numeric literal at line 1, column 10
02/28/21 00:04:21 210370400 1614441861

real	0m2.711s
user	0m0.000s
sys	0m0.047s

real	0m1.807s
user	0m0.016s
sys	0m0.094s
[WARN] get LZ_TOKEN error
02/28/21 00:04:26 690496300  1614441866
use pt_key

real	0m2.047s
user	0m0.109s
sys	0m0.094s
02/28/21 00:04:29 324828400  1614441869 token: AAFgOm2MADDxKmWCOllnjARGpQaWCQdNaoQ3o5PYkNpuJSbWQ79hy5XIcltjE8u4K3HDRxEV-BM
parse error: Invalid numeric literal at line 1, column 10

real	0m2.122s
user	0m0.125s
sys	0m0.094s
02/28/21 00:04:31 973193300  1614441871 secretPin: 
[WARN] get secretPin error

02/28/21 00:04:32 638808000  1614441872 肥鹅签到海豚传媒自营官方旗舰店

real	0m0.680s
user	0m0.016s
sys	0m0.063s
parse error: Invalid numeric literal at line 1, column 10
parse error: Invalid numeric literal at line 1, column 10
parse error: Invalid numeric literal at line 1, column 10
parse error: Invalid numeric literal at line 1, column 10
02/28/21 00:04:38 862879700 1614441878

real	0m2.666s
user	0m0.000s
sys	0m0.047s

real	0m1.169s
user	0m0.063s
sys	0m0.063s
[WARN] get LZ_TOKEN error
02/28/21 00:04:43 530425400  1614441883
use pt_key

real	0m1.042s
user	0m0.078s
sys	0m0.109s
02/28/21 00:04:44 942109700  1614441884 token: AAFgOm2cADCcJfsp-jXQ6VoMJD9pFsfmXiShlCrK60Ma1GozFmRwcMDHUbfqdfchn8S0vy3yzTc
parse error: Invalid numeric literal at line 1, column 10

real	0m1.149s
user	0m0.078s
sys	0m0.109s
02/28/21 00:04:46 335420000  1614441886 secretPin: 
[WARN] get secretPin error

02/28/21 00:04:46 567435000  1614441886 肥鹅签到海豚传媒自营官方旗舰店

real	0m1.312s
user	0m0.031s
sys	0m0.094s
parse error: Invalid numeric literal at line 1, column 10
parse error: Invalid numeric literal at line 1, column 10
parse error: Invalid numeric literal at line 1, column 10
parse error: Invalid numeric literal at line 1, column 10
02/28/21 00:04:51 008687200 1614441891

real	0m2.733s
user	0m0.000s
sys	0m0.031s

real	0m0.972s
user	0m0.031s
sys	0m0.063s
[WARN] get LZ_TOKEN error
02/28/21 00:04:55 197752000  1614441895
use pt_key

real	0m0.625s
user	0m0.141s
sys	0m0.078s
02/28/21 00:04:55 977063000  1614441895 token: AAFgOm2nADBsx_H1Vmt07-3BX0VVeBhntdmda-2CNiblUPziIaHT0ZhT9ZDe3VC9VCGVlnUzDlg
parse error: Invalid numeric literal at line 1, column 10

real	0m0.901s
user	0m0.094s
sys	0m0.094s
02/28/21 00:04:57 064472000  1614441897 secretPin: 
[WARN] get secretPin error

02/28/21 00:04:57 367309700  1614441897 肥鹅签到海豚传媒自营官方旗舰店

real	0m1.079s
user	0m0.047s
sys	0m0.094s
parse error: Invalid numeric literal at line 1, column 10
parse error: Invalid numeric literal at line 1, column 10
parse error: Invalid numeric literal at line 1, column 10
parse error: Invalid numeric literal at line 1, column 10
02/28/21 00:05:01 832674800 1614441901

real	0m2.900s
user	0m0.000s
sys	0m0.047s

real	0m1.409s
user	0m0.000s
sys	0m0.063s
[WARN] get LZ_TOKEN error
02/28/21 00:05:07 253691200  1614441907
use pt_key

real	0m0.854s
user	0m0.109s
sys	0m0.156s
02/28/21 00:05:08 492044400  1614441908 token: AAFgOm20ADBk5aQxeAjEHOMlrTEx8nWvohlZM1TjI6EPZTwmRvllbktb8KN-GvBYops_92JftiI
parse error: Invalid numeric literal at line 1, column 10

real	0m0.756s
user	0m0.188s
sys	0m0.109s
02/28/21 00:05:09 363718200  1614441909 secretPin: 
[WARN] get secretPin error

02/28/21 00:05:09 547495300  1614441909 肥鹅签到海豚传媒自营官方旗舰店

real	0m0.470s
user	0m0.031s
sys	0m0.094s
parse error: Invalid numeric literal at line 1, column 10
parse error: Invalid numeric literal at line 1, column 10
parse error: Invalid numeric literal at line 1, column 10
parse error: Invalid numeric literal at line 1, column 10
02/28/21 00:05:12 024578800 1614441912

real	0m3.531s
user	0m0.000s
sys	0m0.016s

real	0m1.125s
user	0m0.000s
sys	0m0.125s
[WARN] get LZ_TOKEN error
02/28/21 00:05:17 349098400  1614441917
use pt_key

real	0m1.410s
user	0m0.078s
sys	0m0.125s
02/28/21 00:05:19 004587700  1614441919 token: AAFgOm2-ADBylTz317kPukiv0eGJ3b_5k8HNYRzIvh4fh9r5b_BhGt0VL8DhiGZodlN19-nRxCk
parse error: Invalid numeric literal at line 1, column 10

real	0m1.330s
user	0m0.141s
sys	0m0.125s
02/28/21 00:05:20 644910200  1614441920 secretPin: 
[WARN] get secretPin error

02/28/21 00:05:20 787263400  1614441920 肥鹅签到海豚传媒自营官方旗舰店

real	0m0.812s
user	0m0.000s
sys	0m0.141s
parse error: Invalid numeric literal at line 1, column 10
parse error: Invalid numeric literal at line 1, column 10
parse error: Invalid numeric literal at line 1, column 10
parse error: Invalid numeric literal at line 1, column 10
02/28/21 00:05:23 138888200 1614441923

real	0m3.061s
user	0m0.000s
sys	0m0.078s

real	0m1.141s
user	0m0.047s
sys	0m0.078s
[WARN] get LZ_TOKEN error
02/28/21 00:05:27 991952900  1614441927
use pt_key

real	0m1.442s
user	0m0.109s
sys	0m0.109s
02/28/21 00:05:29 812486300  1614441929 token: AAFgOm3JADB8BEMCzEDp1WbUyxD-W3L62Xh5C_xKvr36j-0JtTdzf7jzoYGvXxbNkwu0OUBaXMQ
parse error: Invalid numeric literal at line 1, column 10

real	0m1.248s
user	0m0.141s
sys	0m0.125s
02/28/21 00:05:31 401837000  1614441931 secretPin: 
[WARN] get secretPin error

02/28/21 00:05:31 588964400  1614441931 肥鹅签到海豚传媒自营官方旗舰店

real	0m0.953s
user	0m0.016s
sys	0m0.078s
parse error: Invalid numeric literal at line 1, column 10
parse error: Invalid numeric literal at line 1, column 10
parse error: Invalid numeric literal at line 1, column 10
parse error: Invalid numeric literal at line 1, column 10
02/28/21 00:05:36 400322500 1614441936

real	0m3.404s
user	0m0.000s
sys	0m0.031s

real	0m0.909s
user	0m0.063s
sys	0m0.094s
[WARN] get LZ_TOKEN error
02/28/21 00:05:41 627443500  1614441941
use pt_key

real	0m1.180s
user	0m0.109s
sys	0m0.078s
02/28/21 00:05:43 070988700  1614441943 token: AAFgOm3WADAkAVNM_9dcS_0XPeKoJMqMGai4LGz-eE4ivOJ3SnPpscOc15sC1hCwQ2ICtUJ4SoQ
parse error: Invalid numeric literal at line 1, column 10

real	0m1.261s
user	0m0.125s
sys	0m0.109s
02/28/21 00:05:44 550086100  1614441944 secretPin: 
[WARN] get secretPin error

02/28/21 00:05:44 711090500  1614441944 肥鹅签到海豚传媒自营官方旗舰店

real	0m0.737s
user	0m0.016s
sys	0m0.094s
parse error: Invalid numeric literal at line 1, column 10
parse error: Invalid numeric literal at line 1, column 10
parse error: Invalid numeric literal at line 1, column 10
parse error: Invalid numeric literal at line 1, column 10
02/28/21 00:05:48 131297400 1614441948

real	0m3.207s
user	0m0.000s
sys	0m0.031s

real	0m1.299s
user	0m0.031s
sys	0m0.109s
[WARN] get LZ_TOKEN error
02/28/21 00:05:53 488457300  1614441953
use pt_key

real	0m1.138s
user	0m0.125s
sys	0m0.109s
02/28/21 00:05:54 777002700  1614441954 token: AAFgOm3iADDRHwlAuqFMnn5_c0wZLQ8HieeF9ssG6npbyEaYGIhY8_FIPZLXo9prf8CksNtjGY8
parse error: Invalid numeric literal at line 1, column 10

real	0m1.045s
user	0m0.109s
sys	0m0.063s
02/28/21 00:05:56 088132000  1614441956 secretPin: 
[WARN] get secretPin error

02/28/21 00:05:56 360391700  1614441956 肥鹅签到海豚传媒自营官方旗舰店

real	0m0.905s
user	0m0.016s
sys	0m0.125s
parse error: Invalid numeric literal at line 1, column 10
parse error: Invalid numeric literal at line 1, column 10
parse error: Invalid numeric literal at line 1, column 10
parse error: Invalid numeric literal at line 1, column 10
02/28/21 00:06:00 277857800 1614441960

real	0m3.409s
user	0m0.000s
sys	0m0.047s

real	0m1.316s
user	0m0.031s
sys	0m0.078s
[WARN] get LZ_TOKEN error
02/28/21 00:06:05 953848900  1614441965
use pt_key

real	0m1.386s
user	0m0.125s
sys	0m0.109s
02/28/21 00:06:07 653250300  1614441967 token: AAFgOm3vADBJox7eXg_z0rA2PvbJYmAufRslyCCHK-z6QG7BI59mKv2rlPdUKr2EPk2ThElUINQ
parse error: Invalid numeric literal at line 1, column 10

real	0m1.080s
user	0m0.063s
sys	0m0.125s
02/28/21 00:06:08 906378800  1614441968 secretPin: 
[WARN] get secretPin error

02/28/21 00:06:09 076353300  1614441969 肥鹅签到海豚传媒自营官方旗舰店

real	0m0.898s
user	0m0.000s
sys	0m0.125s
parse error: Invalid numeric literal at line 1, column 10
parse error: Invalid numeric literal at line 1, column 10
parse error: Invalid numeric literal at line 1, column 10
parse error: Invalid numeric literal at line 1, column 10
02/28/21 00:06:12 313216300 1614441972

real	0m3.966s
user	0m0.000s
sys	0m0.047s

real	0m0.953s
user	0m0.000s
sys	0m0.109s
[WARN] get LZ_TOKEN error
02/28/21 00:06:17 915834500  1614441977
use pt_key

real	0m1.470s
user	0m0.109s
sys	0m0.125s
02/28/21 00:06:19 845526800  1614441979 token: AAFgOm37ADCOTeItw7UItvDwU24A3_l2urKNO1jWzVKT9qWijGr4uivXQLfFEhKGJJ9HGlq1gbo
parse error: Invalid numeric literal at line 1, column 10

real	0m1.110s
user	0m0.109s
sys	0m0.109s
02/28/21 00:06:21 280024200  1614441981 secretPin: 
[WARN] get secretPin error

02/28/21 00:06:21 473445100  1614441981 肥鹅签到海豚传媒自营官方旗舰店

real	0m0.851s
user	0m0.047s
sys	0m0.125s
parse error: Invalid numeric literal at line 1, column 10
parse error: Invalid numeric literal at line 1, column 10
parse error: Invalid numeric literal at line 1, column 10
parse error: Invalid numeric literal at line 1, column 10
02/28/21 00:06:24 301800100 1614441984

real	0m3.986s
user	0m0.000s
sys	0m0.031s

real	0m1.419s
user	0m0.047s
sys	0m0.078s
[WARN] get LZ_TOKEN error
02/28/21 00:06:30 396283400  1614441990
use pt_key

real	0m1.005s
user	0m0.094s
sys	0m0.094s
02/28/21 00:06:31 653004400  1614441991 token: AAFgOm4HADAq3KjcJLbUrfc8cGcJY5w_cNLI7oe-3aZRutPB7hNRDUqx3V7f5RJ6dpUzOf2KgoE
parse error: Invalid numeric literal at line 1, column 10

real	0m1.078s
user	0m0.125s
sys	0m0.109s
02/28/21 00:06:34 029662100  1614441994 secretPin: 
[WARN] get secretPin error

02/28/21 00:06:34 333440900  1614441994 肥鹅签到海豚传媒自营官方旗舰店

real	0m0.810s
user	0m0.016s
sys	0m0.109s
parse error: Invalid numeric literal at line 1, column 10
parse error: Invalid numeric literal at line 1, column 10
parse error: Invalid numeric literal at line 1, column 10
parse error: Invalid numeric literal at line 1, column 10
02/28/21 00:06:37 964658200 1614441997

real	0m4.239s
user	0m0.000s
sys	0m0.031s

real	0m0.855s
user	0m0.031s
sys	0m0.094s
[WARN] get LZ_TOKEN error
02/28/21 00:06:43 625863500  1614442003
use pt_key

real	0m0.997s
user	0m0.094s
sys	0m0.156s
02/28/21 00:06:44 834574100  1614442004 token: AAFgOm4UADAvgrNO2fBiqMJmhu2dV1R6Fmj57dvE8cWk80SM19wCddoo8u8mRDU6GQq-uCYauyA
parse error: Invalid numeric literal at line 1, column 10

real	0m0.919s
user	0m0.078s
sys	0m0.078s
02/28/21 00:06:45 916603800  1614442005 secretPin: 
[WARN] get secretPin error

02/28/21 00:06:46 193167400  1614442006 肥鹅签到海豚传媒自营官方旗舰店

real	0m0.503s
user	0m0.016s
sys	0m0.109s
parse error: Invalid numeric literal at line 1, column 10
parse error: Invalid numeric literal at line 1, column 10
parse error: Invalid numeric literal at line 1, column 10
parse error: Invalid numeric literal at line 1, column 10
02/28/21 00:06:48 968531000 1614442008

real	0m4.610s
user	0m0.000s
sys	0m0.031s

real	0m0.808s
user	0m0.016s
sys	0m0.078s
[WARN] get LZ_TOKEN error
02/28/21 00:06:54 925733100  1614442014
use pt_key

real	0m0.838s
user	0m0.094s
sys	0m0.141s
02/28/21 00:06:56 110792300  1614442016 token: AAFgOm4fADBZVt9Lp4EsOOuAtsvKRgaHnQb_Ti15ne1Qi4FN3BdiJ9zv5FYYEK1griGV4vp75S0
parse error: Invalid numeric literal at line 1, column 10

real	0m1.092s
user	0m0.109s
sys	0m0.094s
02/28/21 00:06:57 404811500  1614442017 secretPin: 
[WARN] get secretPin error

02/28/21 00:06:57 559353800  1614442017 肥鹅签到海豚传媒自营官方旗舰店

real	0m0.827s
user	0m0.047s
sys	0m0.109s
parse error: Invalid numeric literal at line 1, column 10
parse error: Invalid numeric literal at line 1, column 10
parse error: Invalid numeric literal at line 1, column 10
parse error: Invalid numeric literal at line 1, column 10
02/28/21 00:07:00 887278500 1614442020

real	0m4.643s
user	0m0.000s
sys	0m0.016s
02/28/21 00:09:06 121286400  1614442146
parse error: Invalid numeric literal at line 1, column 10
签到是否成功解析失败. 不再写/home/myid/jd/jd_signup/lzkj_sevenDay_vender/shop_1613703008_9

肥鹅签到海豚传媒自营官方旗舰店查看结果, 活动规则


#店铺名称
vendername="海豚传媒自营官方旗舰店"
#店铺激活码
actId="14f003bcc03e444299ad216d4166702d"
#店铺id
venderId="1000004641"
#长链接
url="https://lzkj-isv.isvjcloud.com/sign/sevenDay/signActivity?activityId=14f003bcc03e444299ad216d4166702d&venderId=1000004641&adsource=tg_xuanFuTuBiao"

startTime=1612146180
endTime=1614527940
# 活动时间：2021-02-01 10:23 - 2021-02-28 23:59；
# 奖励说明：
actRule="
7天签到
连续签到1天：6元优惠券
连续签到2天：10店铺积分
连续签到3天：1京豆
连续签到4天：20店铺积分
连续签到5天：2京豆
连续签到6天：30店铺积分
连续签到7天：5京豆
"
#王 1309893722-164885 sign_res
sign_num="2"
giftName=""10店铺积分""
giftRes="ok"
giftDate="20210227"
sign_res_info="7天签到 第 2 天
当天签到奖励 ["10店铺积分"]"
#王 1309893722-164885 sign_res_end
#肥鹅 jd_4d651d9e48204 sign_res
sign_num="2"
giftName=""10店铺积分""
giftRes="ok"
giftDate="20210227"
sign_res_info="7天签到 第 2 天
当天签到奖励 ["10店铺积分"]"
#肥鹅 jd_4d651d9e48204 sign_res_end
#移动 jd_OeTNobRVGiNZ sign_res
sign_num="2"
giftName=""10店铺积分""
giftRes="ok"
giftDate="20210227"
sign_res_info="7天签到 第 2 天
当天签到奖励 ["10店铺积分"]"
#移动 jd_OeTNobRVGiNZ sign_res_end
#赵 122294312-396444 sign_res
sign_num=""
giftName="null"
giftRes="ok"
giftDate="20210228"
sign_res_info="7天签到 第  天
当天签到奖励 [null]"
#赵 122294312-396444 sign_res_end
