03/09/21 00:00:00 318173400  1615219200
RANDOM_num: 10
force to sign

03/09/21 00:00:00 615173600  1615219200 赵签到柴火大院京东自营旗舰店

real	0m0.585s
user	0m0.016s
sys	0m0.156s
{"code":200,"data":[],"class":"com.jd.interact.center.client.api.common.param.Results","success":true}

03/09/21 00:00:02 068231000  1615219202 王签到柴火大院京东自营旗舰店

real	0m0.888s
user	0m0.047s
sys	0m0.141s
{"code":200,"data":[],"class":"com.jd.interact.center.client.api.common.param.Results","success":true}
03/09/21 00:00:03 864539100 1615219203
03/09/21 00:00:04 184300100 1615219204 签到柴火大院京东自营旗舰店完成

03/09/21 00:00:35 273033600  1615219235
赵签到柴火大院京东自营旗舰店查看结果
200
首次签到成功. 写入giftName: 

***********************************************
2021/03/02_00:00:00  2    未签到
2021/03/03_01:13:10  2    [已~签~到]
2021/03/04_01:08:51  2    [已~签~到]
2021/03/05_01:12:52  2    [已~签~到]
2021/03/06_01:12:42  2    [已~签~到]
2021/03/07_01:14:09  2    [已~签~到]
2021/03/08_01:19:39  2    [已~签~到]
2021/03/09_00:00:01  1    [已~签~到]
2021/03/10_00:00:00  3    未签到
2021/03/11_00:00:00  3    未签到
2021/03/12_00:00:00  3    未签到
2021/03/13_00:00:00  3    未签到
2021/03/14_00:00:00  3    未签到
2021/03/15_00:00:00  3    未签到
2021/03/16_00:00:00  3    未签到
2021/03/17_00:00:00  3    未签到
2021/03/18_00:00:00  3    未签到
2021/03/19_00:00:00  3    未签到
2021/03/20_00:00:00  3    未签到
2021/03/21_00:00:00  3    未签到
2021/03/22_00:00:00  3    未签到
2021/03/23_00:00:00  3    未签到
2021/03/24_00:00:00  3    未签到
2021/03/25_00:00:00  3    未签到
2021/03/26_00:00:00  3    未签到
2021/03/27_00:00:00  3    未签到
2021/03/28_00:00:00  3    未签到
2021/03/29_00:00:00  3    未签到
2021/03/30_00:00:00  3    未签到
2021/03/31_00:00:00  3    未签到
当天签到奖励 []
已签到 7 天
***********************************************

王签到柴火大院京东自营旗舰店查看结果
200
首次签到成功. 写入giftName: 

***********************************************
2021/03/02_00:00:00  2    未签到
2021/03/03_01:13:11  2    [已~签~到]
2021/03/04_01:08:51  2    [已~签~到]
2021/03/05_01:12:52  2    [已~签~到]
2021/03/06_01:12:42  2    [已~签~到]
2021/03/07_01:14:09  2    [已~签~到]
2021/03/08_01:19:39  2    [已~签~到]
2021/03/09_00:00:02  1    [已~签~到]
2021/03/10_00:00:00  3    未签到
2021/03/11_00:00:00  3    未签到
2021/03/12_00:00:00  3    未签到
2021/03/13_00:00:00  3    未签到
2021/03/14_00:00:00  3    未签到
2021/03/15_00:00:00  3    未签到
2021/03/16_00:00:00  3    未签到
2021/03/17_00:00:00  3    未签到
2021/03/18_00:00:00  3    未签到
2021/03/19_00:00:00  3    未签到
2021/03/20_00:00:00  3    未签到
2021/03/21_00:00:00  3    未签到
2021/03/22_00:00:00  3    未签到
2021/03/23_00:00:00  3    未签到
2021/03/24_00:00:00  3    未签到
2021/03/25_00:00:00  3    未签到
2021/03/26_00:00:00  3    未签到
2021/03/27_00:00:00  3    未签到
2021/03/28_00:00:00  3    未签到
2021/03/29_00:00:00  3    未签到
2021/03/30_00:00:00  3    未签到
2021/03/31_00:00:00  3    未签到
当天签到奖励 []
已签到 7 天
***********************************************



赵签到柴火大院京东自营旗舰店日志
{"code":200,"data":{"signRecords":[{"currentDay":2,"signTime":1614614400000,"signed":1,"class":"com.jd.interact.center.client.api.color.domain.sign.InteractActivityUserActionRecord"},{"currentDay":2,"signTime":1614705190969,"signed":2,"class":"com.jd.interact.center.client.api.color.domain.sign.InteractActivityUserActionRecord"},{"currentDay":2,"signTime":1614791331351,"signed":2,"class":"com.jd.interact.center.client.api.color.domain.sign.InteractActivityUserActionRecord"},{"currentDay":2,"signTime":1614877972347,"signed":2,"class":"com.jd.interact.center.client.api.color.domain.sign.InteractActivityUserActionRecord"},{"currentDay":2,"signTime":1614964362012,"signed":2,"class":"com.jd.interact.center.client.api.color.domain.sign.InteractActivityUserActionRecord"},{"currentDay":2,"signTime":1615050849647,"signed":2,"class":"com.jd.interact.center.client.api.color.domain.sign.InteractActivityUserActionRecord"},{"currentDay":2,"signTime":1615137579570,"signed":2,"class":"com.jd.interact.center.client.api.color.domain.sign.InteractActivityUserActionRecord"},{"currentDay":1,"signTime":1615219201133,"signed":2,"class":"com.jd.interact.center.client.api.color.domain.sign.InteractActivityUserActionRecord"},{"currentDay":3,"signTime":1615305600000,"signed":1,"class":"com.jd.interact.center.client.api.color.domain.sign.InteractActivityUserActionRecord"},{"currentDay":3,"signTime":1615392000000,"signed":1,"class":"com.jd.interact.center.client.api.color.domain.sign.InteractActivityUserActionRecord"},{"currentDay":3,"signTime":1615478400000,"signed":1,"class":"com.jd.interact.center.client.api.color.domain.sign.InteractActivityUserActionRecord"},{"currentDay":3,"signTime":1615564800000,"signed":1,"class":"com.jd.interact.center.client.api.color.domain.sign.InteractActivityUserActionRecord"},{"currentDay":3,"signTime":1615651200000,"signed":1,"class":"com.jd.interact.center.client.api.color.domain.sign.InteractActivityUserActionRecord"},{"currentDay":3,"signTime":1615737600000,"signed":1,"class":"com.jd.interact.center.client.api.color.domain.sign.InteractActivityUserActionRecord"},{"currentDay":3,"signTime":1615824000000,"signed":1,"class":"com.jd.interact.center.client.api.color.domain.sign.InteractActivityUserActionRecord"},{"currentDay":3,"signTime":1615910400000,"signed":1,"class":"com.jd.interact.center.client.api.color.domain.sign.InteractActivityUserActionRecord"},{"currentDay":3,"signTime":1615996800000,"signed":1,"class":"com.jd.interact.center.client.api.color.domain.sign.InteractActivityUserActionRecord"},{"currentDay":3,"signTime":1616083200000,"signed":1,"class":"com.jd.interact.center.client.api.color.domain.sign.InteractActivityUserActionRecord"},{"currentDay":3,"signTime":1616169600000,"signed":1,"class":"com.jd.interact.center.client.api.color.domain.sign.InteractActivityUserActionRecord"},{"currentDay":3,"signTime":1616256000000,"signed":1,"class":"com.jd.interact.center.client.api.color.domain.sign.InteractActivityUserActionRecord"},{"currentDay":3,"signTime":1616342400000,"signed":1,"class":"com.jd.interact.center.client.api.color.domain.sign.InteractActivityUserActionRecord"},{"currentDay":3,"signTime":1616428800000,"signed":1,"class":"com.jd.interact.center.client.api.color.domain.sign.InteractActivityUserActionRecord"},{"currentDay":3,"signTime":1616515200000,"signed":1,"class":"com.jd.interact.center.client.api.color.domain.sign.InteractActivityUserActionRecord"},{"currentDay":3,"signTime":1616601600000,"signed":1,"class":"com.jd.interact.center.client.api.color.domain.sign.InteractActivityUserActionRecord"},{"currentDay":3,"signTime":1616688000000,"signed":1,"class":"com.jd.interact.center.client.api.color.domain.sign.InteractActivityUserActionRecord"},{"currentDay":3,"signTime":1616774400000,"signed":1,"class":"com.jd.interact.center.client.api.color.domain.sign.InteractActivityUserActionRecord"},{"currentDay":3,"signTime":1616860800000,"signed":1,"class":"com.jd.interact.center.client.api.color.domain.sign.InteractActivityUserActionRecord"},{"currentDay":3,"signTime":1616947200000,"signed":1,"class":"com.jd.interact.center.client.api.color.domain.sign.InteractActivityUserActionRecord"},{"currentDay":3,"signTime":1617033600000,"signed":1,"class":"com.jd.interact.center.client.api.color.domain.sign.InteractActivityUserActionRecord"},{"currentDay":3,"signTime":1617120000000,"signed":1,"class":"com.jd.interact.center.client.api.color.domain.sign.InteractActivityUserActionRecord"}],"days":7,"class":"com.jd.interact.center.client.api.color.domain.sign.ShopSignUserRecord"},"class":"com.jd.interact.center.client.api.common.param.Results","success":true}
{
  "contiSignNum": 7
}
王签到柴火大院京东自营旗舰店日志
{"code":200,"data":{"signRecords":[{"currentDay":2,"signTime":1614614400000,"signed":1,"class":"com.jd.interact.center.client.api.color.domain.sign.InteractActivityUserActionRecord"},{"currentDay":2,"signTime":1614705191188,"signed":2,"class":"com.jd.interact.center.client.api.color.domain.sign.InteractActivityUserActionRecord"},{"currentDay":2,"signTime":1614791331547,"signed":2,"class":"com.jd.interact.center.client.api.color.domain.sign.InteractActivityUserActionRecord"},{"currentDay":2,"signTime":1614877972618,"signed":2,"class":"com.jd.interact.center.client.api.color.domain.sign.InteractActivityUserActionRecord"},{"currentDay":2,"signTime":1614964362259,"signed":2,"class":"com.jd.interact.center.client.api.color.domain.sign.InteractActivityUserActionRecord"},{"currentDay":2,"signTime":1615050849925,"signed":2,"class":"com.jd.interact.center.client.api.color.domain.sign.InteractActivityUserActionRecord"},{"currentDay":2,"signTime":1615137579890,"signed":2,"class":"com.jd.interact.center.client.api.color.domain.sign.InteractActivityUserActionRecord"},{"currentDay":1,"signTime":1615219202683,"signed":2,"class":"com.jd.interact.center.client.api.color.domain.sign.InteractActivityUserActionRecord"},{"currentDay":3,"signTime":1615305600000,"signed":1,"class":"com.jd.interact.center.client.api.color.domain.sign.InteractActivityUserActionRecord"},{"currentDay":3,"signTime":1615392000000,"signed":1,"class":"com.jd.interact.center.client.api.color.domain.sign.InteractActivityUserActionRecord"},{"currentDay":3,"signTime":1615478400000,"signed":1,"class":"com.jd.interact.center.client.api.color.domain.sign.InteractActivityUserActionRecord"},{"currentDay":3,"signTime":1615564800000,"signed":1,"class":"com.jd.interact.center.client.api.color.domain.sign.InteractActivityUserActionRecord"},{"currentDay":3,"signTime":1615651200000,"signed":1,"class":"com.jd.interact.center.client.api.color.domain.sign.InteractActivityUserActionRecord"},{"currentDay":3,"signTime":1615737600000,"signed":1,"class":"com.jd.interact.center.client.api.color.domain.sign.InteractActivityUserActionRecord"},{"currentDay":3,"signTime":1615824000000,"signed":1,"class":"com.jd.interact.center.client.api.color.domain.sign.InteractActivityUserActionRecord"},{"currentDay":3,"signTime":1615910400000,"signed":1,"class":"com.jd.interact.center.client.api.color.domain.sign.InteractActivityUserActionRecord"},{"currentDay":3,"signTime":1615996800000,"signed":1,"class":"com.jd.interact.center.client.api.color.domain.sign.InteractActivityUserActionRecord"},{"currentDay":3,"signTime":1616083200000,"signed":1,"class":"com.jd.interact.center.client.api.color.domain.sign.InteractActivityUserActionRecord"},{"currentDay":3,"signTime":1616169600000,"signed":1,"class":"com.jd.interact.center.client.api.color.domain.sign.InteractActivityUserActionRecord"},{"currentDay":3,"signTime":1616256000000,"signed":1,"class":"com.jd.interact.center.client.api.color.domain.sign.InteractActivityUserActionRecord"},{"currentDay":3,"signTime":1616342400000,"signed":1,"class":"com.jd.interact.center.client.api.color.domain.sign.InteractActivityUserActionRecord"},{"currentDay":3,"signTime":1616428800000,"signed":1,"class":"com.jd.interact.center.client.api.color.domain.sign.InteractActivityUserActionRecord"},{"currentDay":3,"signTime":1616515200000,"signed":1,"class":"com.jd.interact.center.client.api.color.domain.sign.InteractActivityUserActionRecord"},{"currentDay":3,"signTime":1616601600000,"signed":1,"class":"com.jd.interact.center.client.api.color.domain.sign.InteractActivityUserActionRecord"},{"currentDay":3,"signTime":1616688000000,"signed":1,"class":"com.jd.interact.center.client.api.color.domain.sign.InteractActivityUserActionRecord"},{"currentDay":3,"signTime":1616774400000,"signed":1,"class":"com.jd.interact.center.client.api.color.domain.sign.InteractActivityUserActionRecord"},{"currentDay":3,"signTime":1616860800000,"signed":1,"class":"com.jd.interact.center.client.api.color.domain.sign.InteractActivityUserActionRecord"},{"currentDay":3,"signTime":1616947200000,"signed":1,"class":"com.jd.interact.center.client.api.color.domain.sign.InteractActivityUserActionRecord"},{"currentDay":3,"signTime":1617033600000,"signed":1,"class":"com.jd.interact.center.client.api.color.domain.sign.InteractActivityUserActionRecord"},{"currentDay":3,"signTime":1617120000000,"signed":1,"class":"com.jd.interact.center.client.api.color.domain.sign.InteractActivityUserActionRecord"}],"days":7,"class":"com.jd.interact.center.client.api.color.domain.sign.ShopSignUserRecord"},"class":"com.jd.interact.center.client.api.common.param.Results","success":true}
{
  "contiSignNum": 7
}
# 短链接
suo_url=""
venderId=1000014143
startTime=1614614400000
endTime=1617206399000
activityId=10283367
token=1AFDEE76E0663DE71177237A45E1E2A3
#店铺名称
vendername="柴火大院京东自营旗舰店"
# 长链接
url=https://h5.m.jd.com/babelDiy/Zeus/2PAAf74aG3D61qvfKUM5dxUssJQ9/index.html?token=1AFDEE76E0663DE71177237A45E1E2A3
# 活动时间：2021.03.02 00:00:00 - 2021.03.31 23:59:59
# 奖励说明：
actRule="
连续签到3天：100店铺积分
连续签到5天：满128-10店铺券
连续签到7天：100京豆
连续签到5天：200店铺积分
"
#肥鹅 jd_4d651d9e48204 sign_res
sign_res="
signTime=1614614400;signed=1;currentDay=2
signTime=1614705209;signed=2;currentDay=2
signTime=1614791345;signed=2;currentDay=2
signTime=1614878016;signed=2;currentDay=2
signTime=1614964386;signed=2;currentDay=2
signTime=1615050879;signed=2;currentDay=2
signTime=1615132801;signed=2;currentDay=2
signTime=1615219201;signed=2;currentDay=1
signTime=1615305600;signed=1;currentDay=3
signTime=1615392000;signed=1;currentDay=3
signTime=1615478400;signed=1;currentDay=3
signTime=1615564800;signed=1;currentDay=3
signTime=1615651200;signed=1;currentDay=3
signTime=1615737600;signed=1;currentDay=3
signTime=1615824000;signed=1;currentDay=3
signTime=1615910400;signed=1;currentDay=3
signTime=1615996800;signed=1;currentDay=3
signTime=1616083200;signed=1;currentDay=3
signTime=1616169600;signed=1;currentDay=3
signTime=1616256000;signed=1;currentDay=3
signTime=1616342400;signed=1;currentDay=3
signTime=1616428800;signed=1;currentDay=3
signTime=1616515200;signed=1;currentDay=3
signTime=1616601600;signed=1;currentDay=3
signTime=1616688000;signed=1;currentDay=3
signTime=1616774400;signed=1;currentDay=3
signTime=1616860800;signed=1;currentDay=3
signTime=1616947200;signed=1;currentDay=3
signTime=1617033600;signed=1;currentDay=3
signTime=1617120000;signed=1;currentDay=3"
sign_num="7"
giftName=""
giftRes="ok"
giftDate="20210309"
sign_res_info="
2021/03/02_00:00:00  2    未签到
2021/03/03_01:13:29  2    [已~签~到]
2021/03/04_01:09:05  2    [已~签~到]
2021/03/05_01:13:36  2    [已~签~到]
2021/03/06_01:13:06  2    [已~签~到]
2021/03/07_01:14:39  2    [已~签~到]
2021/03/08_00:00:01  2    [已~签~到]
2021/03/09_00:00:01  1    [已~签~到]
2021/03/10_00:00:00  3    未签到
2021/03/11_00:00:00  3    未签到
2021/03/12_00:00:00  3    未签到
2021/03/13_00:00:00  3    未签到
2021/03/14_00:00:00  3    未签到
2021/03/15_00:00:00  3    未签到
2021/03/16_00:00:00  3    未签到
2021/03/17_00:00:00  3    未签到
2021/03/18_00:00:00  3    未签到
2021/03/19_00:00:00  3    未签到
2021/03/20_00:00:00  3    未签到
2021/03/21_00:00:00  3    未签到
2021/03/22_00:00:00  3    未签到
2021/03/23_00:00:00  3    未签到
2021/03/24_00:00:00  3    未签到
2021/03/25_00:00:00  3    未签到
2021/03/26_00:00:00  3    未签到
2021/03/27_00:00:00  3    未签到
2021/03/28_00:00:00  3    未签到
2021/03/29_00:00:00  3    未签到
2021/03/30_00:00:00  3    未签到
2021/03/31_00:00:00  3    未签到
当天签到奖励 []
已签到 7 天"
#肥鹅 jd_4d651d9e48204 sign_res_end
#移动 jd_OeTNobRVGiNZ sign_res
sign_res="
signTime=1614700080;signed=2;currentDay=2
signTime=1614705210;signed=2;currentDay=2
signTime=1614791345;signed=2;currentDay=2
signTime=1614878016;signed=2;currentDay=2
signTime=1614964386;signed=2;currentDay=2
signTime=1615050879;signed=2;currentDay=2
signTime=1615132802;signed=2;currentDay=2
signTime=1615219203;signed=2;currentDay=1
signTime=1615305600;signed=1;currentDay=3
signTime=1615392000;signed=1;currentDay=3
signTime=1615478400;signed=1;currentDay=3
signTime=1615564800;signed=1;currentDay=3
signTime=1615651200;signed=1;currentDay=3
signTime=1615737600;signed=1;currentDay=3
signTime=1615824000;signed=1;currentDay=3
signTime=1615910400;signed=1;currentDay=3
signTime=1615996800;signed=1;currentDay=3
signTime=1616083200;signed=1;currentDay=3
signTime=1616169600;signed=1;currentDay=3
signTime=1616256000;signed=1;currentDay=3
signTime=1616342400;signed=1;currentDay=3
signTime=1616428800;signed=1;currentDay=3
signTime=1616515200;signed=1;currentDay=3
signTime=1616601600;signed=1;currentDay=3
signTime=1616688000;signed=1;currentDay=3
signTime=1616774400;signed=1;currentDay=3
signTime=1616860800;signed=1;currentDay=3
signTime=1616947200;signed=1;currentDay=3
signTime=1617033600;signed=1;currentDay=3
signTime=1617120000;signed=1;currentDay=3"
sign_num="8"
giftName=""
giftRes="ok"
giftDate="20210309"
sign_res_info="
2021/03/02_23:48:00  2    [已~签~到]
2021/03/03_01:13:30  2    [已~签~到]
2021/03/04_01:09:05  2    [已~签~到]
2021/03/05_01:13:36  2    [已~签~到]
2021/03/06_01:13:06  2    [已~签~到]
2021/03/07_01:14:39  2    [已~签~到]
2021/03/08_00:00:02  2    [已~签~到]
2021/03/09_00:00:03  1    [已~签~到]
2021/03/10_00:00:00  3    未签到
2021/03/11_00:00:00  3    未签到
2021/03/12_00:00:00  3    未签到
2021/03/13_00:00:00  3    未签到
2021/03/14_00:00:00  3    未签到
2021/03/15_00:00:00  3    未签到
2021/03/16_00:00:00  3    未签到
2021/03/17_00:00:00  3    未签到
2021/03/18_00:00:00  3    未签到
2021/03/19_00:00:00  3    未签到
2021/03/20_00:00:00  3    未签到
2021/03/21_00:00:00  3    未签到
2021/03/22_00:00:00  3    未签到
2021/03/23_00:00:00  3    未签到
2021/03/24_00:00:00  3    未签到
2021/03/25_00:00:00  3    未签到
2021/03/26_00:00:00  3    未签到
2021/03/27_00:00:00  3    未签到
2021/03/28_00:00:00  3    未签到
2021/03/29_00:00:00  3    未签到
2021/03/30_00:00:00  3    未签到
2021/03/31_00:00:00  3    未签到
当天签到奖励 []
已签到 8 天"
#移动 jd_OeTNobRVGiNZ sign_res_end
#赵 122294312-396444 sign_res
sign_res="
signTime=1614614400;signed=1;currentDay=2
signTime=1614705190;signed=2;currentDay=2
signTime=1614791331;signed=2;currentDay=2
signTime=1614877972;signed=2;currentDay=2
signTime=1614964362;signed=2;currentDay=2
signTime=1615050849;signed=2;currentDay=2
signTime=1615137579;signed=2;currentDay=2
signTime=1615219201;signed=2;currentDay=1
signTime=1615305600;signed=1;currentDay=3
signTime=1615392000;signed=1;currentDay=3
signTime=1615478400;signed=1;currentDay=3
signTime=1615564800;signed=1;currentDay=3
signTime=1615651200;signed=1;currentDay=3
signTime=1615737600;signed=1;currentDay=3
signTime=1615824000;signed=1;currentDay=3
signTime=1615910400;signed=1;currentDay=3
signTime=1615996800;signed=1;currentDay=3
signTime=1616083200;signed=1;currentDay=3
signTime=1616169600;signed=1;currentDay=3
signTime=1616256000;signed=1;currentDay=3
signTime=1616342400;signed=1;currentDay=3
signTime=1616428800;signed=1;currentDay=3
signTime=1616515200;signed=1;currentDay=3
signTime=1616601600;signed=1;currentDay=3
signTime=1616688000;signed=1;currentDay=3
signTime=1616774400;signed=1;currentDay=3
signTime=1616860800;signed=1;currentDay=3
signTime=1616947200;signed=1;currentDay=3
signTime=1617033600;signed=1;currentDay=3
signTime=1617120000;signed=1;currentDay=3"
sign_num="7"
giftName=""
giftRes="ok"
giftDate="20210309"
sign_res_info="
2021/03/02_00:00:00  2    未签到
2021/03/03_01:13:10  2    [已~签~到]
2021/03/04_01:08:51  2    [已~签~到]
2021/03/05_01:12:52  2    [已~签~到]
2021/03/06_01:12:42  2    [已~签~到]
2021/03/07_01:14:09  2    [已~签~到]
2021/03/08_01:19:39  2    [已~签~到]
2021/03/09_00:00:01  1    [已~签~到]
2021/03/10_00:00:00  3    未签到
2021/03/11_00:00:00  3    未签到
2021/03/12_00:00:00  3    未签到
2021/03/13_00:00:00  3    未签到
2021/03/14_00:00:00  3    未签到
2021/03/15_00:00:00  3    未签到
2021/03/16_00:00:00  3    未签到
2021/03/17_00:00:00  3    未签到
2021/03/18_00:00:00  3    未签到
2021/03/19_00:00:00  3    未签到
2021/03/20_00:00:00  3    未签到
2021/03/21_00:00:00  3    未签到
2021/03/22_00:00:00  3    未签到
2021/03/23_00:00:00  3    未签到
2021/03/24_00:00:00  3    未签到
2021/03/25_00:00:00  3    未签到
2021/03/26_00:00:00  3    未签到
2021/03/27_00:00:00  3    未签到
2021/03/28_00:00:00  3    未签到
2021/03/29_00:00:00  3    未签到
2021/03/30_00:00:00  3    未签到
2021/03/31_00:00:00  3    未签到
当天签到奖励 []
已签到 7 天"
#赵 122294312-396444 sign_res_end
#王 1309893722-164885 sign_res
sign_res="
signTime=1614614400;signed=1;currentDay=2
signTime=1614705191;signed=2;currentDay=2
signTime=1614791331;signed=2;currentDay=2
signTime=1614877972;signed=2;currentDay=2
signTime=1614964362;signed=2;currentDay=2
signTime=1615050849;signed=2;currentDay=2
signTime=1615137579;signed=2;currentDay=2
signTime=1615219202;signed=2;currentDay=1
signTime=1615305600;signed=1;currentDay=3
signTime=1615392000;signed=1;currentDay=3
signTime=1615478400;signed=1;currentDay=3
signTime=1615564800;signed=1;currentDay=3
signTime=1615651200;signed=1;currentDay=3
signTime=1615737600;signed=1;currentDay=3
signTime=1615824000;signed=1;currentDay=3
signTime=1615910400;signed=1;currentDay=3
signTime=1615996800;signed=1;currentDay=3
signTime=1616083200;signed=1;currentDay=3
signTime=1616169600;signed=1;currentDay=3
signTime=1616256000;signed=1;currentDay=3
signTime=1616342400;signed=1;currentDay=3
signTime=1616428800;signed=1;currentDay=3
signTime=1616515200;signed=1;currentDay=3
signTime=1616601600;signed=1;currentDay=3
signTime=1616688000;signed=1;currentDay=3
signTime=1616774400;signed=1;currentDay=3
signTime=1616860800;signed=1;currentDay=3
signTime=1616947200;signed=1;currentDay=3
signTime=1617033600;signed=1;currentDay=3
signTime=1617120000;signed=1;currentDay=3"
sign_num="7"
giftName=""
giftRes="ok"
giftDate="20210309"
sign_res_info="
2021/03/02_00:00:00  2    未签到
2021/03/03_01:13:11  2    [已~签~到]
2021/03/04_01:08:51  2    [已~签~到]
2021/03/05_01:12:52  2    [已~签~到]
2021/03/06_01:12:42  2    [已~签~到]
2021/03/07_01:14:09  2    [已~签~到]
2021/03/08_01:19:39  2    [已~签~到]
2021/03/09_00:00:02  1    [已~签~到]
2021/03/10_00:00:00  3    未签到
2021/03/11_00:00:00  3    未签到
2021/03/12_00:00:00  3    未签到
2021/03/13_00:00:00  3    未签到
2021/03/14_00:00:00  3    未签到
2021/03/15_00:00:00  3    未签到
2021/03/16_00:00:00  3    未签到
2021/03/17_00:00:00  3    未签到
2021/03/18_00:00:00  3    未签到
2021/03/19_00:00:00  3    未签到
2021/03/20_00:00:00  3    未签到
2021/03/21_00:00:00  3    未签到
2021/03/22_00:00:00  3    未签到
2021/03/23_00:00:00  3    未签到
2021/03/24_00:00:00  3    未签到
2021/03/25_00:00:00  3    未签到
2021/03/26_00:00:00  3    未签到
2021/03/27_00:00:00  3    未签到
2021/03/28_00:00:00  3    未签到
2021/03/29_00:00:00  3    未签到
2021/03/30_00:00:00  3    未签到
2021/03/31_00:00:00  3    未签到
当天签到奖励 []
已签到 7 天"
#王 1309893722-164885 sign_res_end
