03/17/21 00:00:10 346115600  1615910410
RANDOM_num: 45
force to sign

real	0m1.922s
user	0m0.016s
sys	0m0.172s
lzkj-isv.isvjcloud.com	FALSE	/	FALSE	1615911014	LZ_TOKEN_VALUE	B0oH3vDY2bhHWuKbVaJ+XQ==
lzkj-isv.isvjcloud.com	FALSE	/	FALSE	1615911014	LZ_TOKEN_KEY	lztokenpage5a34df1deb994d20a231f010e0ad90c0
03/17/21 00:00:16 442145100  1615910416
use pt_key

real	0m1.189s
user	0m0.109s
sys	0m0.094s
03/17/21 00:00:17 958576100  1615910417 token: AAFgUNYRADAUXyyMXZ2N8TEvcyZBLeQ6EYddwhgl8lhYTEqn3W5cRyQ7EXAWwXGr-n3trfcH0GM

real	0m1.374s
user	0m0.031s
sys	0m0.078s
03/17/21 00:00:23 419851700  1615910423 secretPin: 4YEv+ri88IbQX5lhoqHrzE7oeVP9kq2pYSH90mYt4m3fwcJlClpxrfmVYaGKuquQkdK3rLBQpEQH9V4tdrrh0w==

03/17/21 00:00:23 688452900  1615910423 è‚¥é¹…ç­¾åˆ°è´äº²è¾…é£Ÿå°¿è£¤äº¬ä¸œè‡ªè¥æ——èˆ°åº—

real	0m1.175s
user	0m0.031s
sys	0m0.094s
parse error: Invalid numeric literal at line 1, column 10
parse error: Invalid numeric literal at line 1, column 10
parse error: Invalid numeric literal at line 1, column 10
parse error: Invalid numeric literal at line 1, column 10
03/17/21 00:00:26 552800100 1615910426

real	0m0.444s
user	0m0.000s
sys	0m0.047s

real	0m0.606s
user	0m0.016s
sys	0m0.109s
[WARN] get LZ_TOKEN error
03/17/21 00:00:27 925402700  1615910427
use pt_key

real	0m0.445s
user	0m0.094s
sys	0m0.156s
03/17/21 00:00:28 485921000  1615910428 token: AAFgUNYcADB1a34_1Rmmb4PVqVqY1yKs3Hl1HQJ_wcPPpncymQYY80_b5e5Opq6jI7EdmW5hNdg

real	0m0.439s
user	0m0.031s
sys	0m0.125s
parse error: Invalid numeric literal at line 1, column 10
03/17/21 00:00:29 242805100  1615910429 secretPin: 
[WARN] get secretPin error

03/17/21 00:00:29 322751100  1615910429 è‚¥é¹…ç­¾åˆ°è´äº²è¾…é£Ÿå°¿è£¤äº¬ä¸œè‡ªè¥æ——èˆ°åº—

real	0m0.360s
user	0m0.031s
sys	0m0.109s
parse error: Invalid numeric literal at line 1, column 10
parse error: Invalid numeric literal at line 1, column 10
parse error: Invalid numeric literal at line 1, column 10
parse error: Invalid numeric literal at line 1, column 10
03/17/21 00:00:30 479647500 1615910430

real	0m0.801s
user	0m0.000s
sys	0m0.078s

real	0m0.531s
user	0m0.047s
sys	0m0.125s
[WARN] get LZ_TOKEN error
03/17/21 00:00:32 014214500  1615910432
use pt_key

real	0m0.488s
user	0m0.094s
sys	0m0.047s
03/17/21 00:00:32 587105700  1615910432 token: AAFgUNYgADCuApKqvNE_FluM7Ugcke1BCQwtcewSen7gX3XW1ryeAAbAO6ZZXWTj9kytpcfOFKo

real	0m0.417s
user	0m0.047s
sys	0m0.078s
parse error: Invalid numeric literal at line 1, column 10
03/17/21 00:00:33 434107600  1615910433 secretPin: 
[WARN] get secretPin error

03/17/21 00:00:33 526826800  1615910433 è‚¥é¹…ç­¾åˆ°è´äº²è¾…é£Ÿå°¿è£¤äº¬ä¸œè‡ªè¥æ——èˆ°åº—

real	0m0.508s
user	0m0.031s
sys	0m0.109s
parse error: Invalid numeric literal at line 1, column 10
parse error: Invalid numeric literal at line 1, column 10
parse error: Invalid numeric literal at line 1, column 10
parse error: Invalid numeric literal at line 1, column 10
03/17/21 00:00:35 131154000 1615910435

real	0m0.797s
user	0m0.000s
sys	0m0.031s

real	0m0.618s
user	0m0.047s
sys	0m0.109s
[WARN] get LZ_TOKEN error
03/17/21 00:00:36 769025300  1615910436
use pt_key

real	0m0.642s
user	0m0.109s
sys	0m0.125s
03/17/21 00:00:37 556330700  1615910437 token: AAFgUNYlADBjGd_N05ZAeg3PG4KNELvpFX5m7aCWSYSi39JUJFDfIHiBg_GCNZq7-NReA5Rk6NI

real	0m0.373s
user	0m0.047s
sys	0m0.094s
parse error: Invalid numeric literal at line 1, column 10
03/17/21 00:00:38 448738500  1615910438 secretPin: 
[WARN] get secretPin error

03/17/21 00:00:38 586975000  1615910438 è‚¥é¹…ç­¾åˆ°è´äº²è¾…é£Ÿå°¿è£¤äº¬ä¸œè‡ªè¥æ——èˆ°åº—

real	0m0.352s
user	0m0.047s
sys	0m0.109s
parse error: Invalid numeric literal at line 1, column 10
parse error: Invalid numeric literal at line 1, column 10
parse error: Invalid numeric literal at line 1, column 10
parse error: Invalid numeric literal at line 1, column 10
03/17/21 00:00:39 934970400 1615910439

real	0m1.002s
user	0m0.000s
sys	0m0.031s

real	0m0.438s
user	0m0.000s
sys	0m0.141s
[WARN] get LZ_TOKEN error
03/17/21 00:00:41 598572900  1615910441
use pt_key

real	0m0.450s
user	0m0.109s
sys	0m0.172s
03/17/21 00:00:42 102921000  1615910442 token: AAFgUNYqADA6mcdfq_H-sr8VCbwVKt-rxYc9StbIDpUppG1GwN4MYjN58u5z1G2gcke2sE2Q2U0

real	0m0.361s
user	0m0.031s
sys	0m0.109s
parse error: Invalid numeric literal at line 1, column 10
03/17/21 00:00:42 824124900  1615910442 secretPin: 
[WARN] get secretPin error

03/17/21 00:00:42 917203800  1615910442 è‚¥é¹…ç­¾åˆ°è´äº²è¾…é£Ÿå°¿è£¤äº¬ä¸œè‡ªè¥æ——èˆ°åº—

real	0m0.395s
user	0m0.047s
sys	0m0.125s
parse error: Invalid numeric literal at line 1, column 10
parse error: Invalid numeric literal at line 1, column 10
parse error: Invalid numeric literal at line 1, column 10
parse error: Invalid numeric literal at line 1, column 10
03/17/21 00:00:45 179026200 1615910445

real	0m1.156s
user	0m0.000s
sys	0m0.094s

real	0m0.464s
user	0m0.000s
sys	0m0.109s
[WARN] get LZ_TOKEN error
03/17/21 00:00:47 016873700  1615910447
use pt_key

real	0m0.499s
user	0m0.078s
sys	0m0.156s
03/17/21 00:00:47 599169800  1615910447 token: AAFgUNYvADBqmNJ0qjtdS_8c8hQsuxI620RMHSuLJmfg6gUw0PCVkT1x14G26qjPQhh_ZzF10os

real	0m0.257s
user	0m0.000s
sys	0m0.172s
parse error: Invalid numeric literal at line 1, column 10
03/17/21 00:00:48 120122100  1615910448 secretPin: 
[WARN] get secretPin error

03/17/21 00:00:48 186572800  1615910448 è‚¥é¹…ç­¾åˆ°è´äº²è¾…é£Ÿå°¿è£¤äº¬ä¸œè‡ªè¥æ——èˆ°åº—

real	0m0.298s
user	0m0.031s
sys	0m0.125s
parse error: Invalid numeric literal at line 1, column 10
parse error: Invalid numeric literal at line 1, column 10
parse error: Invalid numeric literal at line 1, column 10
parse error: Invalid numeric literal at line 1, column 10
03/17/21 00:00:49 147599900 1615910449

real	0m1.290s
user	0m0.000s
sys	0m0.000s

real	0m0.439s
user	0m0.031s
sys	0m0.141s
[WARN] get LZ_TOKEN error
03/17/21 00:00:51 105871100  1615910451
use pt_key

real	0m0.495s
user	0m0.078s
sys	0m0.172s
03/17/21 00:00:51 672375700  1615910451 token: AAFgUNYzADBm7F-TrqM0gD7iXky4oJl8kWGmELR60k89fS0Ufu_7XlMPOoX5xElbZ4pjLDyym3w

real	0m0.361s
user	0m0.016s
sys	0m0.141s
parse error: Invalid numeric literal at line 1, column 10
03/17/21 00:00:52 353523300  1615910452 secretPin: 
[WARN] get secretPin error

03/17/21 00:00:52 408548900  1615910452 è‚¥é¹…ç­¾åˆ°è´äº²è¾…é£Ÿå°¿è£¤äº¬ä¸œè‡ªè¥æ——èˆ°åº—

real	0m0.330s
user	0m0.047s
sys	0m0.094s
parse error: Invalid numeric literal at line 1, column 10
parse error: Invalid numeric literal at line 1, column 10
parse error: Invalid numeric literal at line 1, column 10
parse error: Invalid numeric literal at line 1, column 10
03/17/21 00:00:53 565562100 1615910453

real	0m1.517s
user	0m0.000s
sys	0m0.016s

real	0m0.493s
user	0m0.047s
sys	0m0.078s
[WARN] get LZ_TOKEN error
03/17/21 00:00:55 839047500  1615910455
use pt_key

real	0m0.633s
user	0m0.094s
sys	0m0.125s
03/17/21 00:00:56 644662600  1615910456 token: AAFgUNY4ADCMpXTikAV-jUNjmvVxs9rl4eWvD30wtRayaWWTkt2BK1uD2DQmFgIriaxVCcaHv20

real	0m0.462s
user	0m0.063s
sys	0m0.094s
parse error: Invalid numeric literal at line 1, column 10
03/17/21 00:00:57 677252400  1615910457 secretPin: 
[WARN] get secretPin error

03/17/21 00:00:57 765667600  1615910457 è‚¥é¹…ç­¾åˆ°è´äº²è¾…é£Ÿå°¿è£¤äº¬ä¸œè‡ªè¥æ——èˆ°åº—

real	0m0.377s
user	0m0.063s
sys	0m0.109s
parse error: Invalid numeric literal at line 1, column 10
parse error: Invalid numeric literal at line 1, column 10
parse error: Invalid numeric literal at line 1, column 10
parse error: Invalid numeric literal at line 1, column 10
03/17/21 00:00:59 062680900 1615910459

real	0m1.784s
user	0m0.000s
sys	0m0.031s

real	0m0.338s
user	0m0.047s
sys	0m0.094s
[WARN] get LZ_TOKEN error
03/17/21 00:01:01 338221100  1615910461
use pt_key

real	0m0.478s
user	0m0.094s
sys	0m0.156s
03/17/21 00:01:01 891183700  1615910461 token: AAFgUNY9ADAOv3PpKc_JURnHBFja_qJCvB_9di0s99QEPf6tKkZG3grRsrIr95ecB3oglV2c2NM

real	0m0.259s
user	0m0.016s
sys	0m0.141s
parse error: Invalid numeric literal at line 1, column 10
03/17/21 00:01:02 526446400  1615910462 secretPin: 
[WARN] get secretPin error

03/17/21 00:01:02 609989200  1615910462 è‚¥é¹…ç­¾åˆ°è´äº²è¾…é£Ÿå°¿è£¤äº¬ä¸œè‡ªè¥æ——èˆ°åº—

real	0m0.375s
user	0m0.000s
sys	0m0.125s
parse error: Invalid numeric literal at line 1, column 10
parse error: Invalid numeric literal at line 1, column 10
parse error: Invalid numeric literal at line 1, column 10
parse error: Invalid numeric literal at line 1, column 10
03/17/21 00:01:03 793305600 1615910463

real	0m1.959s
user	0m0.000s
sys	0m0.063s

real	0m0.486s
user	0m0.031s
sys	0m0.125s
[WARN] get LZ_TOKEN error
03/17/21 00:01:06 458369900  1615910466
use pt_key

real	0m0.520s
user	0m0.125s
sys	0m0.109s
03/17/21 00:01:07 059050700  1615910467 token: AAFgUNZCADD7Kgt0rJnN6ZSdtCV8BjKpg5J4HZrFZPWTzdTEaaPUbKOjh5SdfgbsB0bfEABaVmM

real	0m0.467s
user	0m0.031s
sys	0m0.156s
parse error: Invalid numeric literal at line 1, column 10
03/17/21 00:01:07 861632000  1615910467 secretPin: 
[WARN] get secretPin error

03/17/21 00:01:07 950818200  1615910467 è‚¥é¹…ç­¾åˆ°è´äº²è¾…é£Ÿå°¿è£¤äº¬ä¸œè‡ªè¥æ——èˆ°åº—

real	0m0.311s
user	0m0.000s
sys	0m0.141s
parse error: Invalid numeric literal at line 1, column 10
parse error: Invalid numeric literal at line 1, column 10
parse error: Invalid numeric literal at line 1, column 10
parse error: Invalid numeric literal at line 1, column 10
03/17/21 00:01:09 048111600 1615910469

real	0m2.092s
user	0m0.000s
sys	0m0.047s

real	0m0.518s
user	0m0.016s
sys	0m0.141s
[WARN] get LZ_TOKEN error
03/17/21 00:01:11 950376100  1615910471
use pt_key

real	0m0.473s
user	0m0.094s
sys	0m0.109s
03/17/21 00:01:12 535401600  1615910472 token: AAFgUNZIADABAKiLHTq32ruKeGiKDGviTl2Vp1gNsJNNMZro7wPufoD4errW0eOD3GODj1GKtFI

real	0m0.370s
user	0m0.016s
sys	0m0.094s
parse error: Invalid numeric literal at line 1, column 10
03/17/21 00:01:13 455791900  1615910473 secretPin: 
[WARN] get secretPin error

03/17/21 00:01:14 314116300  1615910474 è‚¥é¹…ç­¾åˆ°è´äº²è¾…é£Ÿå°¿è£¤äº¬ä¸œè‡ªè¥æ——èˆ°åº—

real	0m0.585s
user	0m0.016s
sys	0m0.109s
parse error: Invalid numeric literal at line 1, column 10
parse error: Invalid numeric literal at line 1, column 10
parse error: Invalid numeric literal at line 1, column 10
parse error: Invalid numeric literal at line 1, column 10
03/17/21 00:01:15 978830200 1615910475

real	0m2.331s
user	0m0.000s
sys	0m0.063s

real	0m0.480s
user	0m0.063s
sys	0m0.094s
[WARN] get LZ_TOKEN error
03/17/21 00:01:18 968609500  1615910478
use pt_key

real	0m0.391s
user	0m0.078s
sys	0m0.156s
03/17/21 00:01:19 462468200  1615910479 token: AAFgUNZPADCcJVa_gGMLDIY74G9pw4Oy0cie-vVnLbLFSh9NjEvlXiwYLfVvECBC9j4YRPyWvY4

real	0m0.493s
user	0m0.047s
sys	0m0.125s
parse error: Invalid numeric literal at line 1, column 10
03/17/21 00:01:20 280671000  1615910480 secretPin: 
[WARN] get secretPin error

03/17/21 00:01:20 341317600  1615910480 è‚¥é¹…ç­¾åˆ°è´äº²è¾…é£Ÿå°¿è£¤äº¬ä¸œè‡ªè¥æ——èˆ°åº—

real	0m0.335s
user	0m0.047s
sys	0m0.141s
parse error: Invalid numeric literal at line 1, column 10
parse error: Invalid numeric literal at line 1, column 10
parse error: Invalid numeric literal at line 1, column 10
parse error: Invalid numeric literal at line 1, column 10
03/17/21 00:01:21 355042200 1615910481

real	0m2.481s
user	0m0.000s
sys	0m0.047s

real	0m0.374s
user	0m0.063s
sys	0m0.078s
[WARN] get LZ_TOKEN error
03/17/21 00:01:24 401513800  1615910484
use pt_key

real	0m0.398s
user	0m0.094s
sys	0m0.156s
03/17/21 00:01:24 893290400  1615910484 token: AAFgUNZUADDPQP7km_AvFSdpyyU_Y-DUOQ048vb050-ydm-PaYZHjBo2KLJ1-Lls40Rii2A5Sv0

real	0m0.269s
user	0m0.031s
sys	0m0.094s
parse error: Invalid numeric literal at line 1, column 10
03/17/21 00:01:25 469479300  1615910485 secretPin: 
[WARN] get secretPin error

03/17/21 00:01:25 537392700  1615910485 è‚¥é¹…ç­¾åˆ°è´äº²è¾…é£Ÿå°¿è£¤äº¬ä¸œè‡ªè¥æ——èˆ°åº—

real	0m0.260s
user	0m0.031s
sys	0m0.125s
parse error: Invalid numeric literal at line 1, column 10
parse error: Invalid numeric literal at line 1, column 10
parse error: Invalid numeric literal at line 1, column 10
parse error: Invalid numeric literal at line 1, column 10
03/17/21 00:01:26 467998200 1615910486

real	0m2.676s
user	0m0.000s
sys	0m0.047s

real	0m0.352s
user	0m0.031s
sys	0m0.141s
[WARN] get LZ_TOKEN error
03/17/21 00:01:29 673346600  1615910489
use pt_key

real	0m0.423s
user	0m0.109s
sys	0m0.156s
03/17/21 00:01:30 154025300  1615910490 token: AAFgUNZaADCBa3G1PXHcj4hhxDZPMX2GGueoa_Z-4sDmVaSHPY8Rjf6Ef_mrCVJLgGo81Y2_zi8

real	0m0.281s
user	0m0.016s
sys	0m0.156s
parse error: Invalid numeric literal at line 1, column 10
03/17/21 00:01:30 730154100  1615910490 secretPin: 
[WARN] get secretPin error

03/17/21 00:01:30 783000100  1615910490 è‚¥é¹…ç­¾åˆ°è´äº²è¾…é£Ÿå°¿è£¤äº¬ä¸œè‡ªè¥æ——èˆ°åº—

real	0m0.294s
user	0m0.063s
sys	0m0.125s
parse error: Invalid numeric literal at line 1, column 10
parse error: Invalid numeric literal at line 1, column 10
parse error: Invalid numeric literal at line 1, column 10
parse error: Invalid numeric literal at line 1, column 10
03/17/21 00:01:31 729055500 1615910491

real	0m2.938s
user	0m0.000s
sys	0m0.078s

real	0m0.260s
user	0m0.016s
sys	0m0.125s
[WARN] get LZ_TOKEN error
03/17/21 00:01:35 047187900  1615910495
use pt_key

real	0m0.307s
user	0m0.078s
sys	0m0.156s
03/17/21 00:01:35 412944600  1615910495 token: AAFgUNZfADC3rpJocK7AQEeDDlMg6pbJx_RVQwy4yXJv470j2jBa2LNgt-GAkwAZsyKsJ92oUH8

real	0m0.306s
user	0m0.078s
sys	0m0.078s
parse error: Invalid numeric literal at line 1, column 10
03/17/21 00:01:36 026602600  1615910496 secretPin: 
[WARN] get secretPin error

03/17/21 00:01:36 072741700  1615910496 è‚¥é¹…ç­¾åˆ°è´äº²è¾…é£Ÿå°¿è£¤äº¬ä¸œè‡ªè¥æ——èˆ°åº—

real	0m0.277s
user	0m0.047s
sys	0m0.109s
parse error: Invalid numeric literal at line 1, column 10
parse error: Invalid numeric literal at line 1, column 10
parse error: Invalid numeric literal at line 1, column 10
parse error: Invalid numeric literal at line 1, column 10
03/17/21 00:01:37 023284500 1615910497

real	0m3.105s
user	0m0.016s
sys	0m0.031s

real	0m0.302s
user	0m0.016s
sys	0m0.156s
[WARN] get LZ_TOKEN error
03/17/21 00:01:40 622966600  1615910500
use pt_key

real	0m0.384s
user	0m0.125s
sys	0m0.156s
03/17/21 00:01:41 085518700  1615910501 token: AAFgUNZkADCgwcch-MEOAkIQtOGZyQWmyUEPOYLA28UkaYprHKuzBh_7DXR1N3WXN-2eHfZ0ws0

real	0m0.314s
user	0m0.016s
sys	0m0.156s
parse error: Invalid numeric literal at line 1, column 10
03/17/21 00:01:41 712273800  1615910501 secretPin: 
[WARN] get secretPin error

03/17/21 00:01:41 754947200  1615910501 è‚¥é¹…ç­¾åˆ°è´äº²è¾…é£Ÿå°¿è£¤äº¬ä¸œè‡ªè¥æ——èˆ°åº—

real	0m0.249s
user	0m0.031s
sys	0m0.109s
parse error: Invalid numeric literal at line 1, column 10
parse error: Invalid numeric literal at line 1, column 10
parse error: Invalid numeric literal at line 1, column 10
parse error: Invalid numeric literal at line 1, column 10
03/17/21 00:01:42 851405100 1615910502

real	0m3.318s
user	0m0.016s
sys	0m0.078s

real	0m0.240s
user	0m0.047s
sys	0m0.094s
[WARN] get LZ_TOKEN error
03/17/21 00:01:46 597782200  1615910506
use pt_key

real	0m0.331s
user	0m0.109s
sys	0m0.125s
03/17/21 00:01:46 978995700  1615910506 token: AAFgUNZqADCM7wqWzqQ2012z68Qo76a9MrwMBPLuK40cOw8KOMytrHmyuRKxmz_2DTWWJxa6y9o

real	0m0.205s
user	0m0.016s
sys	0m0.156s
parse error: Invalid numeric literal at line 1, column 10
03/17/21 00:01:47 482761500  1615910507 secretPin: 
[WARN] get secretPin error

03/17/21 00:01:47 545300000  1615910507 è‚¥é¹…ç­¾åˆ°è´äº²è¾…é£Ÿå°¿è£¤äº¬ä¸œè‡ªè¥æ——èˆ°åº—

real	0m0.226s
user	0m0.031s
sys	0m0.125s
parse error: Invalid numeric literal at line 1, column 10
parse error: Invalid numeric literal at line 1, column 10
parse error: Invalid numeric literal at line 1, column 10
parse error: Invalid numeric literal at line 1, column 10
03/17/21 00:01:48 444469500 1615910508

real	0m3.498s
user	0m0.016s
sys	0m0.047s

real	0m0.209s
user	0m0.031s
sys	0m0.109s
[WARN] get LZ_TOKEN error
03/17/21 00:01:52 246409100  1615910512
use pt_key

real	0m0.414s
user	0m0.109s
sys	0m0.125s
03/17/21 00:01:52 721692100  1615910512 token: AAFgUNZwADBQhJQ40TXXMRMuaVvpgS17Ax5xwAmIFFJQws83RyMP28ubZQWztahzxOZtrSJKqXg

real	0m0.257s
user	0m0.047s
sys	0m0.125s
parse error: Invalid numeric literal at line 1, column 10
03/17/21 00:01:53 224544000  1615910513 secretPin: 
[WARN] get secretPin error

03/17/21 00:01:53 260850000  1615910513 è‚¥é¹…ç­¾åˆ°è´äº²è¾…é£Ÿå°¿è£¤äº¬ä¸œè‡ªè¥æ——èˆ°åº—

real	0m0.232s
user	0m0.016s
sys	0m0.141s
parse error: Invalid numeric literal at line 1, column 10
parse error: Invalid numeric literal at line 1, column 10
parse error: Invalid numeric literal at line 1, column 10
parse error: Invalid numeric literal at line 1, column 10
03/17/21 00:01:54 164155400 1615910514

real	0m3.673s
user	0m0.000s
sys	0m0.047s

real	0m0.166s
user	0m0.063s
sys	0m0.094s
[WARN] get LZ_TOKEN error
03/17/21 00:01:58 067066500  1615910518
use pt_key

real	0m0.278s
user	0m0.094s
sys	0m0.141s
03/17/21 00:01:58 403042300  1615910518 token: AAFgUNZ2ADCU5Q0rRUoFlXoScps6hZCbesYg81vU5wRwOtXcr_i3EAWbWcHoliA3Uuh5dHmWE2g

real	0m0.276s
user	0m0.031s
sys	0m0.156s
parse error: Invalid numeric literal at line 1, column 10
03/17/21 00:01:58 907617100  1615910518 secretPin: 
[WARN] get secretPin error

03/17/21 00:01:58 945571900  1615910518 è‚¥é¹…ç­¾åˆ°è´äº²è¾…é£Ÿå°¿è£¤äº¬ä¸œè‡ªè¥æ——èˆ°åº—

real	0m0.230s
user	0m0.063s
sys	0m0.125s
parse error: Invalid numeric literal at line 1, column 10
parse error: Invalid numeric literal at line 1, column 10
parse error: Invalid numeric literal at line 1, column 10
parse error: Invalid numeric literal at line 1, column 10
03/17/21 00:01:59 826564400 1615910519

real	0m4.024s
user	0m0.000s
sys	0m0.047s

real	0m1.371s
user	0m0.031s
sys	0m0.094s
[WARN] get LZ_TOKEN error
03/17/21 00:02:05 878225900  1615910525
use pt_key

real	0m1.162s
user	0m0.156s
sys	0m0.109s
03/17/21 00:02:07 375687700  1615910527 token: AAFgUNZ-ADBtrrl8yvL2x2eObIzWVRRx6uicSSybha5Z6YadDdlM8tGQEptXRbfw64AD8WFn39M

real	0m2.214s
user	0m0.047s
sys	0m0.141s
parse error: Invalid numeric literal at line 1, column 10
03/17/21 00:02:11 872507900  1615910531 secretPin: 
[WARN] get secretPin error

03/17/21 00:02:12 409849000  1615910532 è‚¥é¹…ç­¾åˆ°è´äº²è¾…é£Ÿå°¿è£¤äº¬ä¸œè‡ªè¥æ——èˆ°åº—

real	0m2.050s
user	0m0.031s
sys	0m0.156s
parse error: Invalid numeric literal at line 1, column 10
parse error: Invalid numeric literal at line 1, column 10
parse error: Invalid numeric literal at line 1, column 10
parse error: Invalid numeric literal at line 1, column 10
03/17/21 00:02:19 940344600 1615910539

real	0m5.843s
user	0m0.000s
sys	0m0.094s
03/17/21 00:04:43 183744900  1615910683
parse error: Invalid numeric literal at line 1, column 10
ç­¾åˆ°æ˜¯å¦æˆåŠŸè§£æå¤±è´¥. ä¸å†å†™/home/myid/jd/jd_signup/vender/shop_1614776102_0

è‚¥é¹…ç­¾åˆ°è´äº²è¾…é£Ÿå°¿è£¤äº¬ä¸œè‡ªè¥æ——èˆ°åº—æŸ¥çœ‹ç»“æœ
<!DOCTYPE html>
<html>
 <head> 
  <title>äº¬ä¸œ</title> 
  <meta charset="utf-8" /> 
  <meta name="apple-mobile-web-app-capable" content="yes" /> 
  <meta name="viewport" content="width=device-width,initial-scale=1,user-scalable=no,maximum-scale=1,viewport-fit=cover" /> 
  <meta name="format-detection" content="telephone=no" /> 
  <meta name="x5-cache" content="enable" /> 
  <link rel="stylesheet" href="https://storage.360buyimg.com/babel/00162638/333378/production/dev/parser.1526555535098.css?t=20180517191236" /> 
  <style> img {
            opacity: 1 !important;
        } </style> 
  <link href="https://storage.360buyimg.com/babel/00170893/348321/production/dev/index.7320a380.css?t=20180802150952" rel="stylesheet" />
 </head> 
 <body style="background:#fff;" id="root"> 
  <div class="errorPage"> 
  </div> 
  <div class="placeholer"> 
  </div> 
  <script src="https://wl.jd.com/unify.min.js"></script> 
  <script type="text/javascript" src="https://storage.360buyimg.com/babel/00170893/348321/production/dev/index.0f8f4dba.js?t=20180802150952"></script> 
 </body>
</html>

parse error: Invalid numeric literal at line 1, column 10
[0;31;3mRUN  at {283:<--} ERROR CODE: 4[0m [0;31;3m[20210317 00:04:50] [ERROR] [0m

