02/28/21 00:02:16 656195900  1614441736
RANDOM_num: 20
removed '/tmp/tmp.Ajw6MaY7tm'
02/28/21 00:02:20 083768900  1614441740 检查移动签到

real	0m2.094s
user	0m0.047s
sys	0m0.063s
[WARN] get LZ_TOKEN error
02/28/21 00:02:26 111760200  1614441746
use wskey

real	0m2.098s
user	0m0.094s
sys	0m0.109s
02/28/21 00:02:29 003577300  1614441749 token: AAFgOm0TADCbxz4I_6UtgOFOtMm1cQk3cmBI5GJlw7VrnmwcOOdXHZkCprEblvbetTuGIbVhm5M
parse error: Invalid numeric literal at line 1, column 10

real	0m2.472s
user	0m0.125s
sys	0m0.063s
02/28/21 00:02:31 933809900  1614441751 secretPin: 
[WARN] get secretPin error

02/28/21 00:02:32 638611700  1614441752 移动签到JEEP SPIRIT眼镜旗舰店

real	0m2.831s
user	0m0.016s
sys	0m0.109s
parse error: Invalid numeric literal at line 1, column 10
parse error: Invalid numeric literal at line 1, column 10
parse error: Invalid numeric literal at line 1, column 10
parse error: Invalid numeric literal at line 1, column 10
02/28/21 00:02:41 248166300 1614441761

real	0m1.887s
user	0m0.000s
sys	0m0.047s

real	0m1.903s
user	0m0.031s
sys	0m0.109s
[WARN] get LZ_TOKEN error
02/28/21 00:02:46 645696100  1614441766
use wskey

real	0m1.842s
user	0m0.094s
sys	0m0.125s
02/28/21 00:02:48 893298000  1614441768 token: AAFgOm0oADC-8NZ1a2sbeJpTVT9pN67dDm_PVC4YD_NIc0fh7O2ArV4COT2Tw25FwmR-fyye4C0
parse error: Invalid numeric literal at line 1, column 10

real	0m1.281s
user	0m0.094s
sys	0m0.109s
02/28/21 00:02:50 786009600  1614441770 secretPin: 
[WARN] get secretPin error

02/28/21 00:02:51 209841300  1614441771 移动签到JEEP SPIRIT眼镜旗舰店

real	0m1.418s
user	0m0.000s
sys	0m0.078s
parse error: Invalid numeric literal at line 1, column 10
parse error: Invalid numeric literal at line 1, column 10
parse error: Invalid numeric literal at line 1, column 10
parse error: Invalid numeric literal at line 1, column 10
02/28/21 00:02:57 845510900 1614441777

real	0m1.855s
user	0m0.000s
sys	0m0.047s

real	0m1.929s
user	0m0.016s
sys	0m0.094s
[WARN] get LZ_TOKEN error
02/28/21 00:03:02 332624900  1614441782
use wskey

real	0m1.427s
user	0m0.109s
sys	0m0.125s
02/28/21 00:03:04 212848300  1614441784 token: AAFgOm03ADDXCvqaygVcQDnSzmxuhivkWUaUHtqVVPDGnZc2FMnmdCg_3LIOjJrYL1ddqfMVzNQ
parse error: Invalid numeric literal at line 1, column 10

real	0m1.823s
user	0m0.156s
sys	0m0.109s
02/28/21 00:03:06 303892000  1614441786 secretPin: 
[WARN] get secretPin error

02/28/21 00:03:06 607904400  1614441786 移动签到JEEP SPIRIT眼镜旗舰店

real	0m1.516s
user	0m0.000s
sys	0m0.094s
parse error: Invalid numeric literal at line 1, column 10
parse error: Invalid numeric literal at line 1, column 10
parse error: Invalid numeric literal at line 1, column 10
parse error: Invalid numeric literal at line 1, column 10
02/28/21 00:03:12 886457100 1614441792

real	0m1.592s
user	0m0.000s
sys	0m0.063s

real	0m1.313s
user	0m0.031s
sys	0m0.047s
[WARN] get LZ_TOKEN error
02/28/21 00:03:16 614283900  1614441796
use wskey

real	0m1.221s
user	0m0.109s
sys	0m0.109s
02/28/21 00:03:18 252687700  1614441798 token: AAFgOm1FADCyHI0R5LFtRJyj3ptYXGvzq4tk8ZMWmmJAEglOeJxiBWwv5_dfweBox2ElWvXTeu4
parse error: Invalid numeric literal at line 1, column 10

real	0m1.143s
user	0m0.125s
sys	0m0.047s
02/28/21 00:03:19 994139300  1614441799 secretPin: 
[WARN] get secretPin error

02/28/21 00:03:20 526545300  1614441800 移动签到JEEP SPIRIT眼镜旗舰店

real	0m1.553s
user	0m0.031s
sys	0m0.094s
parse error: Invalid numeric literal at line 1, column 10
parse error: Invalid numeric literal at line 1, column 10
parse error: Invalid numeric literal at line 1, column 10
parse error: Invalid numeric literal at line 1, column 10
02/28/21 00:03:27 882597800 1614441807

real	0m2.067s
user	0m0.000s
sys	0m0.000s

real	0m2.237s
user	0m0.000s
sys	0m0.078s
[WARN] get LZ_TOKEN error
02/28/21 00:03:33 668636500  1614441813
use wskey

real	0m2.212s
user	0m0.141s
sys	0m0.078s
02/28/21 00:03:36 443768100  1614441816 token: AAFgOm1XADDelWyFtYrFdEktpF8xuUeSuxrX6cqaqJnyWHtxSYDvBJlVKFISeX77dOmlgL_sO7c
parse error: Invalid numeric literal at line 1, column 10

real	0m1.923s
user	0m0.109s
sys	0m0.094s
02/28/21 00:03:38 885101100  1614441818 secretPin: 
[WARN] get secretPin error

02/28/21 00:03:39 605632800  1614441819 移动签到JEEP SPIRIT眼镜旗舰店

real	0m2.378s
user	0m0.031s
sys	0m0.125s
parse error: Invalid numeric literal at line 1, column 10
parse error: Invalid numeric literal at line 1, column 10
parse error: Invalid numeric literal at line 1, column 10
parse error: Invalid numeric literal at line 1, column 10
02/28/21 00:03:48 054625000 1614441828

real	0m2.507s
user	0m0.000s
sys	0m0.078s

real	0m1.848s
user	0m0.000s
sys	0m0.109s
[WARN] get LZ_TOKEN error
02/28/21 00:03:53 545218300  1614441833
use wskey

real	0m1.270s
user	0m0.125s
sys	0m0.063s
02/28/21 00:03:55 077550900  1614441835 token: AAFgOm1qADAMwMcWIAvFgnHMBYffOITVMj9HkDQe7rgmQIxaDQC_SNCfngjPDe8DJv903m5Tcg4
parse error: Invalid numeric literal at line 1, column 10

real	0m1.648s
user	0m0.094s
sys	0m0.078s
02/28/21 00:03:57 005472000  1614441837 secretPin: 
[WARN] get secretPin error

02/28/21 00:03:57 201066800  1614441837 移动签到JEEP SPIRIT眼镜旗舰店

real	0m1.379s
user	0m0.016s
sys	0m0.125s
parse error: Invalid numeric literal at line 1, column 10
parse error: Invalid numeric literal at line 1, column 10
parse error: Invalid numeric literal at line 1, column 10
parse error: Invalid numeric literal at line 1, column 10
02/28/21 00:04:06 965490800 1614441846

real	0m3.414s
user	0m0.000s
sys	0m0.047s

real	0m2.165s
user	0m0.031s
sys	0m0.109s
[WARN] get LZ_TOKEN error
02/28/21 00:04:13 770269200  1614441853
use wskey

real	0m1.372s
user	0m0.141s
sys	0m0.109s
02/28/21 00:04:15 557902500  1614441855 token: AAFgOm1-ADDR3tGiMbWWRyU8D5-Lc86-F9yApgiF59Bfutp_b2rE5vuu4H5yjomP2jbn4kzxgn8
parse error: Invalid numeric literal at line 1, column 10

real	0m1.465s
user	0m0.125s
sys	0m0.125s
02/28/21 00:04:17 637437100  1614441857 secretPin: 
[WARN] get secretPin error

02/28/21 00:04:17 956996700  1614441857 移动签到JEEP SPIRIT眼镜旗舰店

real	0m1.755s
user	0m0.016s
sys	0m0.125s
parse error: Invalid numeric literal at line 1, column 10
parse error: Invalid numeric literal at line 1, column 10
parse error: Invalid numeric literal at line 1, column 10
parse error: Invalid numeric literal at line 1, column 10
02/28/21 00:04:24 835177500 1614441864

real	0m2.586s
user	0m0.016s
sys	0m0.031s

real	0m1.701s
user	0m0.031s
sys	0m0.063s
[WARN] get LZ_TOKEN error
02/28/21 00:04:29 914099100  1614441869
use wskey

real	0m2.168s
user	0m0.125s
sys	0m0.094s
02/28/21 00:04:32 479984800  1614441872 token: AAFgOm2PADDuw6Zg3pV0Dk_FVxbB7p0bkV6PwecHCVtiZcH07_xb3DJRGHo_b5lHrA8aV2Y3wb4
parse error: Invalid numeric literal at line 1, column 10

real	0m3.078s
user	0m0.141s
sys	0m0.078s
02/28/21 00:04:36 146315200  1614441876 secretPin: 
[WARN] get secretPin error

02/28/21 00:04:36 512330200  1614441876 移动签到JEEP SPIRIT眼镜旗舰店

real	0m1.015s
user	0m0.000s
sys	0m0.109s
parse error: Invalid numeric literal at line 1, column 10
parse error: Invalid numeric literal at line 1, column 10
parse error: Invalid numeric literal at line 1, column 10
parse error: Invalid numeric literal at line 1, column 10
02/28/21 00:04:41 471884400 1614441881

real	0m2.509s
user	0m0.000s
sys	0m0.000s

real	0m1.034s
user	0m0.031s
sys	0m0.063s
[WARN] get LZ_TOKEN error
02/28/21 00:04:45 988266900  1614441885
use wskey

real	0m0.915s
user	0m0.078s
sys	0m0.125s
02/28/21 00:04:47 384197000  1614441887 token: AAFgOm2eADB-H1rHJtlwcBPH5qCnwgvyaBbCMcQRPEk0wMG1JmURBl3mpLVtlOls-iganYGQhfc
parse error: Invalid numeric literal at line 1, column 10

real	0m1.880s
user	0m0.109s
sys	0m0.156s
02/28/21 00:04:49 574673700  1614441889 secretPin: 
[WARN] get secretPin error

02/28/21 00:04:49 994156400  1614441889 移动签到JEEP SPIRIT眼镜旗舰店

real	0m1.228s
user	0m0.031s
sys	0m0.094s
parse error: Invalid numeric literal at line 1, column 10
parse error: Invalid numeric literal at line 1, column 10
parse error: Invalid numeric literal at line 1, column 10
parse error: Invalid numeric literal at line 1, column 10
02/28/21 00:04:54 565205100 1614441894

real	0m2.348s
user	0m0.000s
sys	0m0.016s

real	0m0.471s
user	0m0.031s
sys	0m0.094s
[WARN] get LZ_TOKEN error
02/28/21 00:04:57 937271900  1614441897
use wskey

real	0m1.310s
user	0m0.125s
sys	0m0.125s
02/28/21 00:04:59 737473500  1614441899 token: AAFgOm2rADCtcxWpe-htlklkt1AqzFkxco4GyQCYmPXFKlxpiYkdz8VmRPZ-bFCdzYg8yaBBOBQ
parse error: Invalid numeric literal at line 1, column 10

real	0m1.650s
user	0m0.109s
sys	0m0.094s
02/28/21 00:05:01 765336700  1614441901 secretPin: 
[WARN] get secretPin error

02/28/21 00:05:01 948500800  1614441901 移动签到JEEP SPIRIT眼镜旗舰店

real	0m0.956s
user	0m0.016s
sys	0m0.125s
parse error: Invalid numeric literal at line 1, column 10
parse error: Invalid numeric literal at line 1, column 10
parse error: Invalid numeric literal at line 1, column 10
parse error: Invalid numeric literal at line 1, column 10
02/28/21 00:05:07 907631000 1614441907

real	0m2.812s
user	0m0.000s
sys	0m0.031s

real	0m0.897s
user	0m0.031s
sys	0m0.094s
[WARN] get LZ_TOKEN error
02/28/21 00:05:12 383002900  1614441912
use wskey

real	0m1.540s
user	0m0.094s
sys	0m0.063s
02/28/21 00:05:14 275015300  1614441914 token: AAFgOm25ADCTpDx70gxH03i27I7zayANfU1wYd72bhmzUfU6-4xdHtMhJQpOh_-UVel-_Ftro3s
parse error: Invalid numeric literal at line 1, column 10

real	0m1.191s
user	0m0.125s
sys	0m0.109s
02/28/21 00:05:15 677110400  1614441915 secretPin: 
[WARN] get secretPin error

02/28/21 00:05:15 879143100  1614441915 移动签到JEEP SPIRIT眼镜旗舰店

real	0m1.161s
user	0m0.031s
sys	0m0.063s
parse error: Invalid numeric literal at line 1, column 10
parse error: Invalid numeric literal at line 1, column 10
parse error: Invalid numeric literal at line 1, column 10
parse error: Invalid numeric literal at line 1, column 10
02/28/21 00:05:20 403632100 1614441920

real	0m2.813s
user	0m0.016s
sys	0m0.031s

real	0m0.789s
user	0m0.047s
sys	0m0.063s
[WARN] get LZ_TOKEN error
02/28/21 00:05:24 625925800  1614441924
use wskey

real	0m0.740s
user	0m0.094s
sys	0m0.109s
02/28/21 00:05:25 596728300  1614441925 token: AAFgOm3FADDZnlX3zmrV23R6l9njKE-Y3ExkECjn6M2g4cs5wUh8zNJNSodJPJtPkrKbIjsB7uU
parse error: Invalid numeric literal at line 1, column 10

real	0m1.570s
user	0m0.063s
sys	0m0.125s
02/28/21 00:05:27 498341500  1614441927 secretPin: 
[WARN] get secretPin error

02/28/21 00:05:27 947417000  1614441927 移动签到JEEP SPIRIT眼镜旗舰店

real	0m1.351s
user	0m0.031s
sys	0m0.125s
parse error: Invalid numeric literal at line 1, column 10
parse error: Invalid numeric literal at line 1, column 10
parse error: Invalid numeric literal at line 1, column 10
parse error: Invalid numeric literal at line 1, column 10
02/28/21 00:05:32 203783400 1614441932

real	0m3.086s
user	0m0.000s
sys	0m0.047s

real	0m1.233s
user	0m0.031s
sys	0m0.094s
[WARN] get LZ_TOKEN error
02/28/21 00:05:37 246073600  1614441937
use wskey

real	0m0.687s
user	0m0.141s
sys	0m0.078s
02/28/21 00:05:38 241367200  1614441938 token: AAFgOm3RADDxexmZqiMQ73u1tD2TmUSaKH5pWWnmZsPiB0Fxt-kmt602QGe4Pk6mB2RCykjw74g
parse error: Invalid numeric literal at line 1, column 10

real	0m0.928s
user	0m0.141s
sys	0m0.094s
02/28/21 00:05:39 412670700  1614441939 secretPin: 
[WARN] get secretPin error

02/28/21 00:05:39 683441500  1614441939 移动签到JEEP SPIRIT眼镜旗舰店

real	0m1.334s
user	0m0.063s
sys	0m0.094s
parse error: Invalid numeric literal at line 1, column 10
parse error: Invalid numeric literal at line 1, column 10
parse error: Invalid numeric literal at line 1, column 10
parse error: Invalid numeric literal at line 1, column 10
02/28/21 00:05:43 853504500 1614441943

real	0m3.348s
user	0m0.016s
sys	0m0.047s

real	0m1.087s
user	0m0.031s
sys	0m0.094s
[WARN] get LZ_TOKEN error
02/28/21 00:05:48 692897900  1614441948
use wskey

real	0m0.762s
user	0m0.094s
sys	0m0.109s
02/28/21 00:05:49 606832200  1614441949 token: AAFgOm3dADCG4X7lGPmk7KxFTiAaVER9q6b1XM5TFfYW4CARCkRXE8Og-XlyHstRd_Bls-ySasI
parse error: Invalid numeric literal at line 1, column 10

real	0m0.923s
user	0m0.063s
sys	0m0.141s
02/28/21 00:05:50 722265500  1614441950 secretPin: 
[WARN] get secretPin error

02/28/21 00:05:50 878024800  1614441950 移动签到JEEP SPIRIT眼镜旗舰店

real	0m0.983s
user	0m0.047s
sys	0m0.063s
parse error: Invalid numeric literal at line 1, column 10
parse error: Invalid numeric literal at line 1, column 10
parse error: Invalid numeric literal at line 1, column 10
parse error: Invalid numeric literal at line 1, column 10
02/28/21 00:05:54 618431300 1614441954

real	0m3.598s
user	0m0.016s
sys	0m0.031s

real	0m1.053s
user	0m0.031s
sys	0m0.078s
[WARN] get LZ_TOKEN error
02/28/21 00:06:00 053996900  1614441960
use wskey

real	0m0.850s
user	0m0.094s
sys	0m0.094s
02/28/21 00:06:01 043121000  1614441961 token: AAFgOm3oADDBGNF_og5mOrLKNCjXxV3J8FHqRQX-Lf4WQPHmsyiJGxUMZTevUovUiCQV1jMqswQ
parse error: Invalid numeric literal at line 1, column 10

real	0m0.969s
user	0m0.125s
sys	0m0.125s
02/28/21 00:06:02 283824800  1614441962 secretPin: 
[WARN] get secretPin error

02/28/21 00:06:02 682381500  1614441962 移动签到JEEP SPIRIT眼镜旗舰店

real	0m2.040s
user	0m0.031s
sys	0m0.109s
parse error: Invalid numeric literal at line 1, column 10
parse error: Invalid numeric literal at line 1, column 10
parse error: Invalid numeric literal at line 1, column 10
parse error: Invalid numeric literal at line 1, column 10
02/28/21 00:06:07 730224600 1614441967

real	0m3.834s
user	0m0.000s
sys	0m0.016s

real	0m1.046s
user	0m0.031s
sys	0m0.063s
[WARN] get LZ_TOKEN error
02/28/21 00:06:13 081964500  1614441973
use wskey

real	0m0.702s
user	0m0.078s
sys	0m0.188s
02/28/21 00:06:14 035295800  1614441974 token: AAFgOm31ADBKJWIo_u1u0D3_7iMvab1Ch-X689zkgdBpur9uES6C-gw-CKLaA0VVhhSXkIeldpM
parse error: Invalid numeric literal at line 1, column 10

real	0m0.750s
user	0m0.109s
sys	0m0.094s
02/28/21 00:06:15 036537100  1614441975 secretPin: 
[WARN] get secretPin error

02/28/21 00:06:15 339839300  1614441975 移动签到JEEP SPIRIT眼镜旗舰店

real	0m0.912s
user	0m0.031s
sys	0m0.141s
parse error: Invalid numeric literal at line 1, column 10
parse error: Invalid numeric literal at line 1, column 10
parse error: Invalid numeric literal at line 1, column 10
parse error: Invalid numeric literal at line 1, column 10
02/28/21 00:06:19 474556200 1614441979

real	0m4.037s
user	0m0.000s
sys	0m0.031s

real	0m0.976s
user	0m0.031s
sys	0m0.109s
[WARN] get LZ_TOKEN error
02/28/21 00:06:24 919306200  1614441984
use wskey

real	0m0.793s
user	0m0.063s
sys	0m0.125s
02/28/21 00:06:25 885309500  1614441985 token: AAFgOm4BADBIwk-SA8R1kh28bLnKFqzauco9-XWq9VSu1Nimqk7q5SXo3PMnV47YPMpGHSY-TN0
parse error: Invalid numeric literal at line 1, column 10

real	0m0.898s
user	0m0.109s
sys	0m0.094s
02/28/21 00:06:26 943145100  1614441986 secretPin: 
[WARN] get secretPin error

02/28/21 00:06:27 139984900  1614441987 移动签到JEEP SPIRIT眼镜旗舰店

real	0m0.963s
user	0m0.016s
sys	0m0.109s
parse error: Invalid numeric literal at line 1, column 10
parse error: Invalid numeric literal at line 1, column 10
parse error: Invalid numeric literal at line 1, column 10
parse error: Invalid numeric literal at line 1, column 10
02/28/21 00:06:31 299058500 1614441991

real	0m4.021s
user	0m0.000s
sys	0m0.047s

real	0m0.941s
user	0m0.047s
sys	0m0.047s
[WARN] get LZ_TOKEN error
02/28/21 00:06:36 772979800  1614441996
use wskey

real	0m1.150s
user	0m0.125s
sys	0m0.109s
02/28/21 00:06:38 143044700  1614441998 token: AAFgOm4NADAe-E1Z_pB_TZdIbVa_StNwrQVDB_6DPP2vGqIIM1r1ioNg1sFUZibHOw7AalXiNA0
parse error: Invalid numeric literal at line 1, column 10

real	0m0.996s
user	0m0.109s
sys	0m0.141s
02/28/21 00:06:39 290915200  1614441999 secretPin: 
[WARN] get secretPin error

02/28/21 00:06:39 420942800  1614441999 移动签到JEEP SPIRIT眼镜旗舰店

real	0m0.499s
user	0m0.047s
sys	0m0.109s
parse error: Invalid numeric literal at line 1, column 10
parse error: Invalid numeric literal at line 1, column 10
parse error: Invalid numeric literal at line 1, column 10
parse error: Invalid numeric literal at line 1, column 10
02/28/21 00:06:42 562032000 1614442002

real	0m4.221s
user	0m0.000s
sys	0m0.031s

real	0m1.064s
user	0m0.016s
sys	0m0.109s
[WARN] get LZ_TOKEN error
02/28/21 00:06:48 622979200  1614442008
use wskey

real	0m1.043s
user	0m0.094s
sys	0m0.141s
02/28/21 00:06:49 833341300  1614442009 token: AAFgOm4ZADC0xDagi2U0qv--8QAdbo-yTuaESHvbU2VtnJBiuXwA792GsQ8gO5m33hdN5BA7_RM
parse error: Invalid numeric literal at line 1, column 10

real	0m1.057s
user	0m0.094s
sys	0m0.109s
02/28/21 00:06:51 043829100  1614442011 secretPin: 
[WARN] get secretPin error

02/28/21 00:06:51 229956600  1614442011 移动签到JEEP SPIRIT眼镜旗舰店

real	0m0.710s
user	0m0.063s
sys	0m0.078s
parse error: Invalid numeric literal at line 1, column 10
parse error: Invalid numeric literal at line 1, column 10
parse error: Invalid numeric literal at line 1, column 10
parse error: Invalid numeric literal at line 1, column 10
02/28/21 00:06:54 208756300 1614442014

real	0m4.562s
user	0m0.000s
sys	0m0.047s

real	0m0.933s
user	0m0.016s
sys	0m0.125s
[WARN] get LZ_TOKEN error
02/28/21 00:07:00 264875600  1614442020
use wskey

real	0m0.986s
user	0m0.141s
sys	0m0.047s
02/28/21 00:07:01 523830000  1614442021 token: AAFgOm4lADApr7M_iyWBV-fiecwrAQL3ylk8kCCwXZGJdQRth7uRzKX2iyYh1K__0yhtUsPOwjQ
parse error: Invalid numeric literal at line 1, column 10

real	0m0.972s
user	0m0.094s
sys	0m0.125s
02/28/21 00:07:02 732798900  1614442022 secretPin: 
[WARN] get secretPin error

02/28/21 00:07:03 586209100  1614442023 移动签到JEEP SPIRIT眼镜旗舰店

real	0m0.831s
user	0m0.031s
sys	0m0.109s
parse error: Invalid numeric literal at line 1, column 10
parse error: Invalid numeric literal at line 1, column 10
parse error: Invalid numeric literal at line 1, column 10
parse error: Invalid numeric literal at line 1, column 10
02/28/21 00:07:06 426782500 1614442026

real	0m4.249s
user	0m0.016s
sys	0m0.016s
02/28/21 00:08:10 805855600  1614442090
parse error: Invalid numeric literal at line 1, column 10
签到是否成功解析失败. 不再写/home/myid/jd/jd_signup/vender/shop_1614116236_75

移动签到JEEP SPIRIT眼镜旗舰店查看结果



JEEP SPIRIT眼镜旗舰店活动规则


actId=a3e7341936fb4fe786cb441977fad1df
venderId=10114665
startTime=1613664000000
endTime=1616169659000
# 短链接
suo_url="https://3.cn/1012Wo-ru"
actTimeStr="2021-02-19 00:00 至 2021-03-20 00:00"
#店铺名称
vendername="JEEP SPIRIT眼镜旗舰店"
# 长链接
url=https://lzkj-isv.isvjcloud.com/sign/signActivity2?activityId=a3e7341936fb4fe786cb441977fad1df&venderId=10114665&adsource=tg_xuanFuTuBiao
# 活动时间：2021.02.19 00:00:00 - 2021.03.20 00:00:59
# 奖励说明：
actRule="
连续签到3天：1京豆 1京豆
连续签到5天：3京豆 3京豆
"
#赵 122294312-396444 sign_res
sign_res="
signTime=1614211200;signed=2
signTime=1614297600;signed=2
signTime=1614384000;signed=2"
sign_num="3"
sign_total_num="3"
giftName="null"
giftRes="ok"
giftDate="20210227"
sign_res_info="
2021/02/25_08:00:00  [已~签~到]      
2021/02/26_08:00:00  [已~签~到]      
2021/02/27_08:00:00  [已~签~到]      
当天签到奖励 [null]
连续签到 3 天
签到总天数 3"
#赵 122294312-396444 sign_res_end
#王 1309893722-164885 sign_res
sign_res="
signTime=1614211200;signed=2
signTime=1614297600;signed=2
signTime=1614384000;signed=2"
sign_num="3"
sign_total_num="3"
giftName="null"
giftRes="ok"
giftDate="20210227"
sign_res_info="
2021/02/25_08:00:00  [已~签~到]      
2021/02/26_08:00:00  [已~签~到]      
2021/02/27_08:00:00  [已~签~到]      
当天签到奖励 [null]
连续签到 3 天
签到总天数 3"
#王 1309893722-164885 sign_res_end
#肥鹅 jd_4d651d9e48204 sign_res
sign_res="
signTime=1614211200;signed=2
signTime=1614297600;signed=2
signTime=1614384000;signed=2"
sign_num="3"
sign_total_num="3"
giftName="null"
giftRes="ok"
giftDate="20210227"
sign_res_info="
2021/02/25_08:00:00  [已~签~到]      
2021/02/26_08:00:00  [已~签~到]      
2021/02/27_08:00:00  [已~签~到]      
当天签到奖励 [null]
连续签到 3 天
签到总天数 3"
#肥鹅 jd_4d651d9e48204 sign_res_end
#移动 jd_OeTNobRVGiNZ sign_res
sign_res="
signTime=1614124800;signed=2
signTime=1614211200;signed=2
signTime=1614297600;signed=2
signTime=1614384000;signed=2"
sign_num="4"
sign_total_num="4"
giftName="null"
giftRes="ok"
giftDate="20210227"
sign_res_info="
2021/02/24_08:00:00  [已~签~到]      
2021/02/25_08:00:00  [已~签~到]      
2021/02/26_08:00:00  [已~签~到]      
2021/02/27_08:00:00  [已~签~到]      
当天签到奖励 [null]
连续签到 4 天
签到总天数 4"
#移动 jd_OeTNobRVGiNZ sign_res_end
