removed '/tmp/tmp.HsgHw7ome6'
removed '/tmp/tmp.ehor2OASDX'

02/14/21 00:00:06 705220100  1613232006
赵签到
{"code":200,"data":[{"level":3,"prizeList":[{"discount":2.00,"type":4,"number":1000,"budgetNum":2000,"userPirzeStatus":2,"class":"com.jd.interact.center.client.api.user.domain.InteractUserPrize","status":2}],"signType":1,"days":3,"class":"com.jd.interact.center.client.api.color.domain.sign.ShopSignInteractUserPrizeRule","userPrizeRuleStatus":2}],"class":"com.jd.interact.center.client.api.common.param.Results","success":true}

02/14/21 00:00:09 436071400  1613232009
王签到
{"code":200,"data":[{"level":3,"prizeList":[{"discount":2.00,"type":4,"number":1000,"budgetNum":2000,"userPirzeStatus":2,"class":"com.jd.interact.center.client.api.user.domain.InteractUserPrize","status":2}],"signType":1,"days":3,"class":"com.jd.interact.center.client.api.color.domain.sign.ShopSignInteractUserPrizeRule","userPrizeRuleStatus":2}],"class":"com.jd.interact.center.client.api.common.param.Results","success":true}
签到完成

赵签到查看结果

***********************************************
2021/02/08_00:00:00  2    未签到
2021/02/09_00:00:00  2    未签到
2021/02/10_00:00:00  2    未签到
2021/02/11_00:00:00  2    未签到
2021/02/12_01:00:47  2    [已~签~到]
2021/02/13_01:01:13  2    [已~签~到]
2021/02/14_00:00:08  1    [已~签~到]
2021/02/15_00:00:00  3    未签到
2021/02/16_00:00:00  3    未签到
2021/02/17_00:00:00  3    未签到
2021/02/18_00:00:00  3    未签到
已签到 3 天
***********************************************

王签到查看结果

***********************************************
2021/02/08_00:00:00  2    未签到
2021/02/09_00:00:00  2    未签到
2021/02/10_00:00:00  2    未签到
2021/02/11_00:00:00  2    未签到
2021/02/12_01:00:47  2    [已~签~到]
2021/02/13_01:01:13  2    [已~签~到]
2021/02/14_00:00:10  1    [已~签~到]
2021/02/15_00:00:00  3    未签到
2021/02/16_00:00:00  3    未签到
2021/02/17_00:00:00  3    未签到
2021/02/18_00:00:00  3    未签到
已签到 3 天
***********************************************



赵签到日志
{"code":200,"data":{"signRecords":[{"signTime":1612713600000,"currentDay":2,"signed":1,"class":"com.jd.interact.center.client.api.color.domain.sign.InteractActivityUserActionRecord"},{"signTime":1612800000000,"currentDay":2,"signed":1,"class":"com.jd.interact.center.client.api.color.domain.sign.InteractActivityUserActionRecord"},{"signTime":1612886400000,"currentDay":2,"signed":1,"class":"com.jd.interact.center.client.api.color.domain.sign.InteractActivityUserActionRecord"},{"signTime":1612972800000,"currentDay":2,"signed":1,"class":"com.jd.interact.center.client.api.color.domain.sign.InteractActivityUserActionRecord"},{"signTime":1613062847269,"currentDay":2,"signed":2,"class":"com.jd.interact.center.client.api.color.domain.sign.InteractActivityUserActionRecord"},{"signTime":1613149273396,"currentDay":2,"signed":2,"class":"com.jd.interact.center.client.api.color.domain.sign.InteractActivityUserActionRecord"},{"signTime":1613232008005,"currentDay":1,"signed":2,"class":"com.jd.interact.center.client.api.color.domain.sign.InteractActivityUserActionRecord"},{"signTime":1613318400000,"currentDay":3,"signed":1,"class":"com.jd.interact.center.client.api.color.domain.sign.InteractActivityUserActionRecord"},{"signTime":1613404800000,"currentDay":3,"signed":1,"class":"com.jd.interact.center.client.api.color.domain.sign.InteractActivityUserActionRecord"},{"signTime":1613491200000,"currentDay":3,"signed":1,"class":"com.jd.interact.center.client.api.color.domain.sign.InteractActivityUserActionRecord"},{"signTime":1613577600000,"currentDay":3,"signed":1,"class":"com.jd.interact.center.client.api.color.domain.sign.InteractActivityUserActionRecord"}],"days":3,"class":"com.jd.interact.center.client.api.color.domain.sign.ShopSignUserRecord"},"class":"com.jd.interact.center.client.api.common.param.Results","success":true}
{
  "contiSignNum": 3
}
王签到日志
{"code":200,"data":{"signRecords":[{"currentDay":2,"signTime":1612713600000,"signed":1,"class":"com.jd.interact.center.client.api.color.domain.sign.InteractActivityUserActionRecord"},{"currentDay":2,"signTime":1612800000000,"signed":1,"class":"com.jd.interact.center.client.api.color.domain.sign.InteractActivityUserActionRecord"},{"currentDay":2,"signTime":1612886400000,"signed":1,"class":"com.jd.interact.center.client.api.color.domain.sign.InteractActivityUserActionRecord"},{"currentDay":2,"signTime":1612972800000,"signed":1,"class":"com.jd.interact.center.client.api.color.domain.sign.InteractActivityUserActionRecord"},{"currentDay":2,"signTime":1613062847513,"signed":2,"class":"com.jd.interact.center.client.api.color.domain.sign.InteractActivityUserActionRecord"},{"currentDay":2,"signTime":1613149273642,"signed":2,"class":"com.jd.interact.center.client.api.color.domain.sign.InteractActivityUserActionRecord"},{"currentDay":1,"signTime":1613232010557,"signed":2,"class":"com.jd.interact.center.client.api.color.domain.sign.InteractActivityUserActionRecord"},{"currentDay":3,"signTime":1613318400000,"signed":1,"class":"com.jd.interact.center.client.api.color.domain.sign.InteractActivityUserActionRecord"},{"currentDay":3,"signTime":1613404800000,"signed":1,"class":"com.jd.interact.center.client.api.color.domain.sign.InteractActivityUserActionRecord"},{"currentDay":3,"signTime":1613491200000,"signed":1,"class":"com.jd.interact.center.client.api.color.domain.sign.InteractActivityUserActionRecord"},{"currentDay":3,"signTime":1613577600000,"signed":1,"class":"com.jd.interact.center.client.api.color.domain.sign.InteractActivityUserActionRecord"}],"days":3,"class":"com.jd.interact.center.client.api.color.domain.sign.ShopSignUserRecord"},"class":"com.jd.interact.center.client.api.common.param.Results","success":true}
{
  "contiSignNum": 3
}
# 短链接
suo_url=""
venderId=1000362721
startTime=1612713600000
endTime=1613663999000
activityId=10269485
token=3CC03F9C032D5BC42C24441D665C8FC2
#店铺名称
vendername=""
# 长链接
url=https://h5.m.jd.com/babelDiy/Zeus/2PAAf74aG3D61qvfKUM5dxUssJQ9/index.html?token=3CC03F9C032D5BC42C24441D665C8FC2
# 活动时间：2021.02.08 00:00:00 - 2021.02.18 23:59:59
# 奖励说明：
actRule="
连续签到3天：2京豆
连续签到5天：3京豆
连续签到7天：4京豆
"
#赵 122294312-396444 sign_res
sign_res="
signTime=1612713600;signed=1;currentDay=2
signTime=1612800000;signed=1;currentDay=2
signTime=1612886400;signed=1;currentDay=2
signTime=1612972800;signed=1;currentDay=2
signTime=1613062847;signed=2;currentDay=2
signTime=1613149273;signed=2;currentDay=2
signTime=1613232008;signed=2;currentDay=1
signTime=1613318400;signed=1;currentDay=3
signTime=1613404800;signed=1;currentDay=3
signTime=1613491200;signed=1;currentDay=3
signTime=1613577600;signed=1;currentDay=3"
sign_num="3"
giftDate="20210214"
sign_res_info="
2021/02/08_00:00:00  2    未签到
2021/02/09_00:00:00  2    未签到
2021/02/10_00:00:00  2    未签到
2021/02/11_00:00:00  2    未签到
2021/02/12_01:00:47  2    [已~签~到]
2021/02/13_01:01:13  2    [已~签~到]
2021/02/14_00:00:08  1    [已~签~到]
2021/02/15_00:00:00  3    未签到
2021/02/16_00:00:00  3    未签到
2021/02/17_00:00:00  3    未签到
2021/02/18_00:00:00  3    未签到
已签到 3 天"
#赵 122294312-396444 sign_res_end

#王 1309893722-164885 sign_res
sign_res="
signTime=1612713600;signed=1;currentDay=2
signTime=1612800000;signed=1;currentDay=2
signTime=1612886400;signed=1;currentDay=2
signTime=1612972800;signed=1;currentDay=2
signTime=1613062847;signed=2;currentDay=2
signTime=1613149273;signed=2;currentDay=2
signTime=1613232010;signed=2;currentDay=1
signTime=1613318400;signed=1;currentDay=3
signTime=1613404800;signed=1;currentDay=3
signTime=1613491200;signed=1;currentDay=3
signTime=1613577600;signed=1;currentDay=3"
sign_num="3"
giftDate="20210214"
sign_res_info="
2021/02/08_00:00:00  2    未签到
2021/02/09_00:00:00  2    未签到
2021/02/10_00:00:00  2    未签到
2021/02/11_00:00:00  2    未签到
2021/02/12_01:00:47  2    [已~签~到]
2021/02/13_01:01:13  2    [已~签~到]
2021/02/14_00:00:10  1    [已~签~到]
2021/02/15_00:00:00  3    未签到
2021/02/16_00:00:00  3    未签到
2021/02/17_00:00:00  3    未签到
2021/02/18_00:00:00  3    未签到
已签到 3 天"
#王 1309893722-164885 sign_res_end

