02/15/21 00:30:02 640310300  1613320202
RANDOM_num: 5
rremoved '/tmp/tmp.53fPVYLal2'002/15/21 00:30:04 521402900  1613320204
赵 今天已经签到过. 签到结果: ok  giftDate: 20210215
***********************************************

2021/02/08_00:00:00  2    未签到
2021/02/09_00:00:00  2    未签到
2021/02/10_00:00:00  2    未签到
2021/02/11_00:00:00  2    未签到
2021/02/12_01:00:47  2    [已~签~到]
2021/02/13_01:01:13  2    [已~签~到]
2021/02/14_00:00:08  2    [已~签~到]
2021/02/15_00:00:10  1    [已~签~到]
2021/02/16_00:00:00  3    未签到
2021/02/17_00:00:00  3    未签到
2021/02/18_00:00:00  3    未签到
已签到 4 天
***********************************************

removed '/tmp/tmp.PGpg1mf94B'
王 今天已经签到过. giftDate: 20210215
***********************************************

2021/02/08_00:00:00  2    未签到
2021/02/09_00:00:00  2    未签到
2021/02/10_00:00:00  2    未签到
2021/02/11_00:00:00  2    未签到
2021/02/12_01:00:47  2    [已~签~到]
2021/02/13_01:01:13  2    [已~签~到]
2021/02/14_00:00:10  2    [已~签~到]
2021/02/15_00:00:14  1    [已~签~到]
2021/02/16_00:00:00  3    未签到
2021/02/17_00:00:00  3    未签到
2021/02/18_00:00:00  3    未签到
已签到 4 天
***********************************************

今天已全部签到过
# 短链接
suo_url=""
venderId=1000362721
startTime=1612713600000
endTime=1613663999000
activityId=10269485
token=3CC03F9C032D5BC42C24441D665C8FC2
#店铺名称
vendername=""
# 长链接
url=https://h5.m.jd.com/babelDiy/Zeus/2PAAf74aG3D61qvfKUM5dxUssJQ9/index.html?token=3CC03F9C032D5BC42C24441D665C8FC2
# 活动时间：2021.02.08 00:00:00 - 2021.02.18 23:59:59
# 奖励说明：
actRule="
连续签到3天：2京豆
连续签到5天：3京豆
连续签到7天：4京豆
"




#肥鹅 jd_4d651d9e48204 sign_res
sign_res="
signTime=1612713600;signed=1;currentDay=2
signTime=1612800000;signed=1;currentDay=2
signTime=1612886400;signed=1;currentDay=2
signTime=1612972800;signed=1;currentDay=2
signTime=1613059200;signed=1;currentDay=2
signTime=1613145600;signed=1;currentDay=2
signTime=1613282637;signed=2;currentDay=2
signTime=1613318407;signed=2;currentDay=1
signTime=1613404800;signed=1;currentDay=3
signTime=1613491200;signed=1;currentDay=3
signTime=1613577600;signed=1;currentDay=3"
sign_num="2"
giftRes="ok"
giftDate="20210215"
sign_res_info="
2021/02/08_00:00:00  2    未签到
2021/02/09_00:00:00  2    未签到
2021/02/10_00:00:00  2    未签到
2021/02/11_00:00:00  2    未签到
2021/02/12_00:00:00  2    未签到
2021/02/13_00:00:00  2    未签到
2021/02/14_14:03:57  2    [已~签~到]
2021/02/15_00:00:07  1    [已~签~到]
2021/02/16_00:00:00  3    未签到
2021/02/17_00:00:00  3    未签到
2021/02/18_00:00:00  3    未签到
已签到 2 天"
#肥鹅 jd_4d651d9e48204 sign_res_end

#赵 122294312-396444 sign_res
sign_res="
signTime=1612713600;signed=1;currentDay=2
signTime=1612800000;signed=1;currentDay=2
signTime=1612886400;signed=1;currentDay=2
signTime=1612972800;signed=1;currentDay=2
signTime=1613062847;signed=2;currentDay=2
signTime=1613149273;signed=2;currentDay=2
signTime=1613232008;signed=2;currentDay=2
signTime=1613318410;signed=2;currentDay=1
signTime=1613404800;signed=1;currentDay=3
signTime=1613491200;signed=1;currentDay=3
signTime=1613577600;signed=1;currentDay=3"
sign_num="4"
giftRes="ok"
giftDate="20210215"
sign_res_info="
2021/02/08_00:00:00  2    未签到
2021/02/09_00:00:00  2    未签到
2021/02/10_00:00:00  2    未签到
2021/02/11_00:00:00  2    未签到
2021/02/12_01:00:47  2    [已~签~到]
2021/02/13_01:01:13  2    [已~签~到]
2021/02/14_00:00:08  2    [已~签~到]
2021/02/15_00:00:10  1    [已~签~到]
2021/02/16_00:00:00  3    未签到
2021/02/17_00:00:00  3    未签到
2021/02/18_00:00:00  3    未签到
已签到 4 天"
#赵 122294312-396444 sign_res_end

#王 1309893722-164885 sign_res
sign_res="
signTime=1612713600;signed=1;currentDay=2
signTime=1612800000;signed=1;currentDay=2
signTime=1612886400;signed=1;currentDay=2
signTime=1612972800;signed=1;currentDay=2
signTime=1613062847;signed=2;currentDay=2
signTime=1613149273;signed=2;currentDay=2
signTime=1613232010;signed=2;currentDay=2
signTime=1613318414;signed=2;currentDay=1
signTime=1613404800;signed=1;currentDay=3
signTime=1613491200;signed=1;currentDay=3
signTime=1613577600;signed=1;currentDay=3"
sign_num="4"
giftRes="ok"
giftDate="20210215"
sign_res_info="
2021/02/08_00:00:00  2    未签到
2021/02/09_00:00:00  2    未签到
2021/02/10_00:00:00  2    未签到
2021/02/11_00:00:00  2    未签到
2021/02/12_01:00:47  2    [已~签~到]
2021/02/13_01:01:13  2    [已~签~到]
2021/02/14_00:00:10  2    [已~签~到]
2021/02/15_00:00:14  1    [已~签~到]
2021/02/16_00:00:00  3    未签到
2021/02/17_00:00:00  3    未签到
2021/02/18_00:00:00  3    未签到
已签到 4 天"
#王 1309893722-164885 sign_res_end

