02/27/21 01:17:38 722053500  1614359858
RANDOM_num: 15
removed '/tmp/tmp.8t3Uod7koq'
02/27/21 01:17:40 088246800  1614359860 检查肥鹅签到

real	0m1.262s
user	0m0.016s
sys	0m0.109s
[WARN] get LZ_TOKEN error
02/27/21 01:17:42 706136600  1614359862
use pt_key

real	0m0.903s
user	0m0.125s
sys	0m0.063s
02/27/21 01:17:43 910544300  1614359863 token: AAFgOS03ADDKcZeIg9lsKcymF8nTp94h4LNc6uPJA1LqwaeqfY8bnZKvMYnck6BavPUwEGUX_o4
parse error: Invalid numeric literal at line 1, column 10

real	0m1.718s
user	0m0.125s
sys	0m0.125s
02/27/21 01:17:45 918431200  1614359865 secretPin: 
[WARN] get secretPin error

02/27/21 01:17:46 326533900  1614359866 肥鹅签到象印旗舰店

real	0m0.963s
user	0m0.031s
sys	0m0.063s
parse error: Invalid numeric literal at line 1, column 10
parse error: Invalid numeric literal at line 1, column 10
parse error: Invalid numeric literal at line 1, column 10
parse error: Invalid numeric literal at line 1, column 10
02/27/21 01:17:50 183039900 1614359870

real	0m1.044s
user	0m0.000s
sys	0m0.063s

real	0m1.379s
user	0m0.031s
sys	0m0.109s
[WARN] get LZ_TOKEN error
02/27/21 01:17:54 600368200  1614359874
use pt_key

real	0m1.368s
user	0m0.109s
sys	0m0.047s
02/27/21 01:17:56 425056600  1614359876 token: AAFgOS1DADBmkWDzATrkM9uTotlTMexv95mkFvNRuyOh6fVwE3t38g4TSIiy6dr3x8NtjMgEK3c
parse error: Invalid numeric literal at line 1, column 10

real	0m1.439s
user	0m0.078s
sys	0m0.109s
02/27/21 01:17:58 069649200  1614359878 secretPin: 
[WARN] get secretPin error

02/27/21 01:17:58 514698600  1614359878 肥鹅签到象印旗舰店

real	0m1.236s
user	0m0.031s
sys	0m0.109s
parse error: Invalid numeric literal at line 1, column 10
parse error: Invalid numeric literal at line 1, column 10
parse error: Invalid numeric literal at line 1, column 10
parse error: Invalid numeric literal at line 1, column 10
02/27/21 01:18:03 793456700 1614359883

real	0m1.478s
user	0m0.000s
sys	0m0.063s

real	0m1.351s
user	0m0.016s
sys	0m0.078s
[WARN] get LZ_TOKEN error
02/27/21 01:18:07 339039700  1614359887
use pt_key

real	0m1.393s
user	0m0.109s
sys	0m0.078s
02/27/21 01:18:08 972256900  1614359888 token: AAFgOS1QADD7QVdatTCEEGsTKRQuC2dtwRG-ICgsZeqOZR0VJkEUwV6UD388-QCC5Ozc8mSrefU
parse error: Invalid numeric literal at line 1, column 10

real	0m1.761s
user	0m0.125s
sys	0m0.094s
02/27/21 01:18:11 164626500  1614359891 secretPin: 
[WARN] get secretPin error

02/27/21 01:18:11 862889700  1614359891 肥鹅签到象印旗舰店

real	0m1.598s
user	0m0.047s
sys	0m0.063s
parse error: Invalid numeric literal at line 1, column 10
parse error: Invalid numeric literal at line 1, column 10
parse error: Invalid numeric literal at line 1, column 10
parse error: Invalid numeric literal at line 1, column 10
02/27/21 01:18:19 109141200 1614359899

real	0m1.933s
user	0m0.000s
sys	0m0.063s

real	0m1.452s
user	0m0.047s
sys	0m0.078s
[WARN] get LZ_TOKEN error
02/27/21 01:18:25 104737500  1614359905
use pt_key

real	0m2.446s
user	0m0.094s
sys	0m0.156s
02/27/21 01:18:27 964075800  1614359907 token: AAFgOS1jADCJ_SPDFKMtEj5aHrFvdSqarJTwnRjp6iBSFrKLoZaI_mNdeXPQewQETqeg1Bf98sU
parse error: Invalid numeric literal at line 1, column 10

real	0m2.086s
user	0m0.094s
sys	0m0.125s
02/27/21 01:18:30 560037800  1614359910 secretPin: 
[WARN] get secretPin error

02/27/21 01:18:31 419062000  1614359911 肥鹅签到象印旗舰店

real	0m1.650s
user	0m0.047s
sys	0m0.094s
parse error: Invalid numeric literal at line 1, column 10
parse error: Invalid numeric literal at line 1, column 10
parse error: Invalid numeric literal at line 1, column 10
parse error: Invalid numeric literal at line 1, column 10
02/27/21 01:18:38 640677500 1614359918

real	0m2.369s
user	0m0.000s
sys	0m0.031s

real	0m1.711s
user	0m0.047s
sys	0m0.063s
[WARN] get LZ_TOKEN error
02/27/21 01:18:44 114834100  1614359924
use pt_key

real	0m2.400s
user	0m0.109s
sys	0m0.172s
02/27/21 01:18:46 921138000  1614359926 token: AAFgOS12ADBTA8rbNg24H8YE4jFa_CVgn7VvopdRYa80UYnV3IqJwFTcinSty3hbXRaalixnlGw
parse error: Invalid numeric literal at line 1, column 10

real	0m2.006s
user	0m0.094s
sys	0m0.125s
02/27/21 01:18:49 355769900  1614359929 secretPin: 
[WARN] get secretPin error

02/27/21 01:18:49 824756700  1614359929 肥鹅签到象印旗舰店

real	0m1.280s
user	0m0.047s
sys	0m0.109s
parse error: Invalid numeric literal at line 1, column 10
parse error: Invalid numeric literal at line 1, column 10
parse error: Invalid numeric literal at line 1, column 10
parse error: Invalid numeric literal at line 1, column 10
02/27/21 01:18:59 611794900 1614359939

real	0m2.478s
user	0m0.000s
sys	0m0.031s

real	0m1.714s
user	0m0.016s
sys	0m0.125s
[WARN] get LZ_TOKEN error
02/27/21 01:19:05 479323100  1614359945
use pt_key

real	0m1.668s
user	0m0.078s
sys	0m0.109s
02/27/21 01:19:07 501926200  1614359947 token: AAFgOS2LADBUJ5bQMBOvn4BShYXdhcIFs284Cp0aaV1ejE1GYKp8UKhSmsYovVgM1ozMLtO-9cg
parse error: Invalid numeric literal at line 1, column 10

real	0m2.329s
user	0m0.109s
sys	0m0.094s
02/27/21 01:19:10 283765000  1614359950 secretPin: 
[WARN] get secretPin error

02/27/21 01:19:10 847410400  1614359950 肥鹅签到象印旗舰店

real	0m2.133s
user	0m0.031s
sys	0m0.078s
parse error: Invalid numeric literal at line 1, column 10
parse error: Invalid numeric literal at line 1, column 10
parse error: Invalid numeric literal at line 1, column 10
parse error: Invalid numeric literal at line 1, column 10
02/27/21 01:19:17 947087100 1614359957

real	0m2.449s
user	0m0.000s
sys	0m0.031s

real	0m2.070s
user	0m0.047s
sys	0m0.094s
[WARN] get LZ_TOKEN error
02/27/21 01:19:25 218421500  1614359965
use pt_key

real	0m1.719s
user	0m0.109s
sys	0m0.063s
02/27/21 01:19:27 654410500  1614359967 token: AAFgOS2eADCieWqSO_NNKYuCh6I8oqk5QMNthvg05hJ9iY7VhilHxJFFDVBUMAVt-x158UAX7lk
parse error: Invalid numeric literal at line 1, column 10

real	0m2.877s
user	0m0.109s
sys	0m0.078s
02/27/21 01:19:31 293572200  1614359971 secretPin: 
[WARN] get secretPin error

02/27/21 01:19:31 711284500  1614359971 肥鹅签到象印旗舰店

real	0m1.285s
user	0m0.016s
sys	0m0.078s
parse error: Invalid numeric literal at line 1, column 10
parse error: Invalid numeric literal at line 1, column 10
parse error: Invalid numeric literal at line 1, column 10
parse error: Invalid numeric literal at line 1, column 10
02/27/21 01:19:38 093968800 1614359978

real	0m3.138s
user	0m0.000s
sys	0m0.047s

real	0m1.914s
user	0m0.031s
sys	0m0.094s
[WARN] get LZ_TOKEN error
02/27/21 01:19:44 251845800  1614359984
use pt_key

real	0m1.783s
user	0m0.141s
sys	0m0.125s
02/27/21 01:19:46 503248800  1614359986 token: AAFgOS2xADCiHs8V6-Oq4hzVCYE51QRp_Q_PhbPH9utlomWG6Lz9YTafPDiWOR3VTFVNVmrRz08
parse error: Invalid numeric literal at line 1, column 10

real	0m2.075s
user	0m0.109s
sys	0m0.172s
02/27/21 01:19:48 951733100  1614359988 secretPin: 
[WARN] get secretPin error

02/27/21 01:19:49 245306700  1614359989 肥鹅签到象印旗舰店

real	0m2.148s
user	0m0.031s
sys	0m0.109s
parse error: Invalid numeric literal at line 1, column 10
parse error: Invalid numeric literal at line 1, column 10
parse error: Invalid numeric literal at line 1, column 10
parse error: Invalid numeric literal at line 1, column 10
02/27/21 01:19:56 881752500 1614359996

real	0m3.345s
user	0m0.000s
sys	0m0.047s

real	0m1.823s
user	0m0.000s
sys	0m0.109s
[WARN] get LZ_TOKEN error
02/27/21 01:20:02 882959200  1614360002
use pt_key

real	0m1.947s
user	0m0.172s
sys	0m0.047s
02/27/21 01:20:05 191234700  1614360005 token: AAFgOS3EADA11TD11UEelWT80HjJ72ULjpE-cI1o0Z6dvWabqwkdYc0ybOM3iVV6Fd5T31izyKU
parse error: Invalid numeric literal at line 1, column 10

real	0m1.937s
user	0m0.125s
sys	0m0.125s
02/27/21 01:20:07 601340300  1614360007 secretPin: 
[WARN] get secretPin error

02/27/21 01:20:08 090344700  1614360008 肥鹅签到象印旗舰店

real	0m1.790s
user	0m0.031s
sys	0m0.078s
parse error: Invalid numeric literal at line 1, column 10
parse error: Invalid numeric literal at line 1, column 10
parse error: Invalid numeric literal at line 1, column 10
parse error: Invalid numeric literal at line 1, column 10
02/27/21 01:20:14 977254400 1614360014

real	0m3.018s
user	0m0.000s
sys	0m0.063s

real	0m1.513s
user	0m0.047s
sys	0m0.047s
[WARN] get LZ_TOKEN error
02/27/21 01:20:20 966340900  1614360020
use pt_key

real	0m1.712s
user	0m0.078s
sys	0m0.172s
02/27/21 01:20:23 713672300  1614360023 token: AAFgOS3WADAJUYhxYve6J34wlmYUqCwU5V1W5bBIAXOb4q2wQ-dofwmzFCR3EnWfJzCkE496mlo
parse error: Invalid numeric literal at line 1, column 10

real	0m2.213s
user	0m0.109s
sys	0m0.156s
02/27/21 01:20:27 720315400  1614360027 secretPin: 
[WARN] get secretPin error

02/27/21 01:20:28 315051800  1614360028 肥鹅签到象印旗舰店

real	0m1.693s
user	0m0.031s
sys	0m0.063s
parse error: Invalid numeric literal at line 1, column 10
parse error: Invalid numeric literal at line 1, column 10
parse error: Invalid numeric literal at line 1, column 10
parse error: Invalid numeric literal at line 1, column 10
02/27/21 01:20:33 665212100 1614360033

real	0m3.066s
user	0m0.016s
sys	0m0.031s

real	0m1.212s
user	0m0.031s
sys	0m0.063s
[WARN] get LZ_TOKEN error
02/27/21 01:20:39 381906900  1614360039
use pt_key

real	0m1.520s
user	0m0.172s
sys	0m0.125s
02/27/21 01:20:41 350723300  1614360041 token: AAFgOS3oADDu2oqxVS72eHMyiUt_7PbZvl66TWtrO5NYCn3SdZypD-l6cODwm7Tp0hz0tIjf4mU
parse error: Invalid numeric literal at line 1, column 10

real	0m1.571s
user	0m0.078s
sys	0m0.141s
02/27/21 01:20:43 278277200  1614360043 secretPin: 
[WARN] get secretPin error

02/27/21 01:20:43 602969200  1614360043 肥鹅签到象印旗舰店

real	0m1.141s
user	0m0.031s
sys	0m0.078s
parse error: Invalid numeric literal at line 1, column 10
parse error: Invalid numeric literal at line 1, column 10
parse error: Invalid numeric literal at line 1, column 10
parse error: Invalid numeric literal at line 1, column 10
02/27/21 01:20:48 299547800 1614360048

real	0m3.564s
user	0m0.016s
sys	0m0.063s

real	0m1.015s
user	0m0.000s
sys	0m0.109s
[WARN] get LZ_TOKEN error
02/27/21 01:20:54 575381100  1614360054
use pt_key

real	0m1.758s
user	0m0.141s
sys	0m0.078s
02/27/21 01:20:56 982270300  1614360056 token: AAFgOS34ADD0mZSqL7dhY7H3pjVZUBSnOcnE4zGXsNkx4SatsH5In3slkmKGQudHY_tEW2mPOPQ
parse error: Invalid numeric literal at line 1, column 10

real	0m1.718s
user	0m0.156s
sys	0m0.109s
02/27/21 01:20:59 404985000  1614360059 secretPin: 
[WARN] get secretPin error

02/27/21 01:20:59 858602300  1614360059 肥鹅签到象印旗舰店

real	0m1.622s
user	0m0.016s
sys	0m0.094s
parse error: Invalid numeric literal at line 1, column 10
parse error: Invalid numeric literal at line 1, column 10
parse error: Invalid numeric literal at line 1, column 10
parse error: Invalid numeric literal at line 1, column 10
02/27/21 01:21:05 890628500 1614360065

real	0m3.454s
user	0m0.016s
sys	0m0.016s

real	0m1.291s
user	0m0.063s
sys	0m0.063s
[WARN] get LZ_TOKEN error
02/27/21 01:21:11 632278400  1614360071
use pt_key

real	0m2.219s
user	0m0.094s
sys	0m0.109s
02/27/21 01:21:14 210375000  1614360074 token: AAFgOS4JADD_0KI-XxjOixZVUD8Gf4ztTs48s-NgUJsvyav83EtZGg20TivbDjo8HF-3qz8lBGE
parse error: Invalid numeric literal at line 1, column 10

real	0m1.377s
user	0m0.094s
sys	0m0.125s
02/27/21 01:21:15 942124600  1614360075 secretPin: 
[WARN] get secretPin error

02/27/21 01:21:16 494833500  1614360076 肥鹅签到象印旗舰店

real	0m0.876s
user	0m0.047s
sys	0m0.094s
parse error: Invalid numeric literal at line 1, column 10
parse error: Invalid numeric literal at line 1, column 10
parse error: Invalid numeric literal at line 1, column 10
parse error: Invalid numeric literal at line 1, column 10
02/27/21 01:21:20 154488200 1614360080

real	0m3.465s
user	0m0.016s
sys	0m0.047s

real	0m1.936s
user	0m0.016s
sys	0m0.125s
[WARN] get LZ_TOKEN error
02/27/21 01:21:26 255979300  1614360086
use pt_key

real	0m0.841s
user	0m0.109s
sys	0m0.109s
02/27/21 01:21:27 389923000  1614360087 token: AAFgOS4XADBb-AFhAzstrUCCueNoQvXkFd-FP6-KK6DfYRRpBfVEVarHgSH0veWzNYVMh8carg4
parse error: Invalid numeric literal at line 1, column 10

real	0m1.381s
user	0m0.125s
sys	0m0.078s
02/27/21 01:21:29 031172700  1614360089 secretPin: 
[WARN] get secretPin error

02/27/21 01:21:29 312199200  1614360089 肥鹅签到象印旗舰店

real	0m0.557s
user	0m0.031s
sys	0m0.063s
parse error: Invalid numeric literal at line 1, column 10
parse error: Invalid numeric literal at line 1, column 10
parse error: Invalid numeric literal at line 1, column 10
parse error: Invalid numeric literal at line 1, column 10
02/27/21 01:21:33 196146000 1614360093

real	0m3.577s
user	0m0.000s
sys	0m0.016s

real	0m1.028s
user	0m0.047s
sys	0m0.141s
[WARN] get LZ_TOKEN error
02/27/21 01:21:38 803571000  1614360098
use pt_key

real	0m0.953s
user	0m0.109s
sys	0m0.109s
02/27/21 01:21:39 933101400  1614360099 token: AAFgOS4jADA7yQqEjcLYjJEhr-H45MC7yDBY4L5y9VyT-zfFPLal4JpRPNtmb5irJSPi-Z7m1dQ
parse error: Invalid numeric literal at line 1, column 10

real	0m1.231s
user	0m0.109s
sys	0m0.078s
02/27/21 01:21:41 332479100  1614360101 secretPin: 
[WARN] get secretPin error

02/27/21 01:21:41 927512500  1614360101 肥鹅签到象印旗舰店

real	0m1.013s
user	0m0.047s
sys	0m0.078s
parse error: Invalid numeric literal at line 1, column 10
parse error: Invalid numeric literal at line 1, column 10
parse error: Invalid numeric literal at line 1, column 10
parse error: Invalid numeric literal at line 1, column 10
02/27/21 01:21:45 969882600 1614360105

real	0m3.980s
user	0m0.016s
sys	0m0.031s

real	0m1.342s
user	0m0.016s
sys	0m0.078s
[WARN] get LZ_TOKEN error
02/27/21 01:21:52 029242500  1614360112
use pt_key

real	0m1.209s
user	0m0.125s
sys	0m0.047s
02/27/21 01:21:54 260801000  1614360114 token: AAFgOS4xADDrmE_oY0jUCSxpJ_8OPqnE5UtL53FHXf9TrXMGEN8QHoXqAhikdRIuqnqsxmS2Jhs
parse error: Invalid numeric literal at line 1, column 10

real	0m1.183s
user	0m0.078s
sys	0m0.125s
02/27/21 01:21:55 647267100  1614360115 secretPin: 
[WARN] get secretPin error

02/27/21 01:21:55 902847500  1614360115 肥鹅签到象印旗舰店

real	0m0.837s
user	0m0.031s
sys	0m0.063s
parse error: Invalid numeric literal at line 1, column 10
parse error: Invalid numeric literal at line 1, column 10
parse error: Invalid numeric literal at line 1, column 10
parse error: Invalid numeric literal at line 1, column 10
02/27/21 01:21:59 119457100 1614360119

real	0m3.955s
user	0m0.000s
sys	0m0.031s

real	0m0.988s
user	0m0.016s
sys	0m0.125s
[WARN] get LZ_TOKEN error
02/27/21 01:22:04 617506400  1614360124
use pt_key

real	0m0.821s
user	0m0.078s
sys	0m0.109s
02/27/21 01:22:05 726569300  1614360125 token: AAFgOS49ADBs3G7DVNxQb1RPLfaYnr74VgRxi2Tk_XkC3IK52RsB49YByF_45RTRoMbDNBwdIKU
parse error: Invalid numeric literal at line 1, column 10

real	0m1.132s
user	0m0.125s
sys	0m0.078s
02/27/21 01:22:07 033431400  1614360127 secretPin: 
[WARN] get secretPin error

02/27/21 01:22:07 207048100  1614360127 肥鹅签到象印旗舰店

real	0m0.671s
user	0m0.063s
sys	0m0.063s
parse error: Invalid numeric literal at line 1, column 10
parse error: Invalid numeric literal at line 1, column 10
parse error: Invalid numeric literal at line 1, column 10
parse error: Invalid numeric literal at line 1, column 10
02/27/21 01:22:09 778400000 1614360129

real	0m3.951s
user	0m0.000s
sys	0m0.047s

real	0m0.729s
user	0m0.016s
sys	0m0.109s
[WARN] get LZ_TOKEN error
02/27/21 01:22:14 994013400  1614360134
use pt_key

real	0m0.846s
user	0m0.109s
sys	0m0.109s
02/27/21 01:22:16 061276400  1614360136 token: AAFgOS5HADDy6PVeDFC1k1tzdOdwyw61w0DQcG0fpKGyMEGJbgYpxTNiBHaiSYlAC4Z1IokQoN8
parse error: Invalid numeric literal at line 1, column 10

real	0m0.962s
user	0m0.109s
sys	0m0.141s
02/27/21 01:22:17 215388900  1614360137 secretPin: 
[WARN] get secretPin error

02/27/21 01:22:17 513495900  1614360137 肥鹅签到象印旗舰店

real	0m0.784s
user	0m0.047s
sys	0m0.063s
parse error: Invalid numeric literal at line 1, column 10
parse error: Invalid numeric literal at line 1, column 10
parse error: Invalid numeric literal at line 1, column 10
parse error: Invalid numeric literal at line 1, column 10
02/27/21 01:22:20 108263200 1614360140

real	0m4.158s
user	0m0.000s
sys	0m0.047s

real	0m0.895s
user	0m0.016s
sys	0m0.094s
[WARN] get LZ_TOKEN error
02/27/21 01:22:25 747812500  1614360145
use pt_key

real	0m0.771s
user	0m0.094s
sys	0m0.156s
02/27/21 01:22:26 738062300  1614360146 token: AAFgOS5SADA8xierMhv7UuOS819nfXHUbumbyQC03-7nwfSW6YGLme3jMplmY_vcC46akZ8oxhs
parse error: Invalid numeric literal at line 1, column 10

real	0m0.690s
user	0m0.094s
sys	0m0.063s
02/27/21 01:22:27 673475300  1614360147 secretPin: 
[WARN] get secretPin error

02/27/21 01:22:27 883031000  1614360147 肥鹅签到象印旗舰店

real	0m0.561s
user	0m0.063s
sys	0m0.078s
parse error: Invalid numeric literal at line 1, column 10
parse error: Invalid numeric literal at line 1, column 10
parse error: Invalid numeric literal at line 1, column 10
parse error: Invalid numeric literal at line 1, column 10
02/27/21 01:22:30 162467300 1614360150

real	0m4.161s
user	0m0.000s
sys	0m0.016s

real	0m0.849s
user	0m0.031s
sys	0m0.125s
[WARN] get LZ_TOKEN error
02/27/21 01:22:35 428710900  1614360155
use pt_key

real	0m0.639s
user	0m0.141s
sys	0m0.109s
02/27/21 01:22:36 297271700  1614360156 token: AAFgOS5bADA7PJ5dPWv26ufOOtY-I8-yweKys3_gPKqYpAFypJrNFIUfA6fG8EckLEiMsbTJddI
parse error: Invalid numeric literal at line 1, column 10

real	0m0.708s
user	0m0.094s
sys	0m0.156s
02/27/21 01:22:37 187710200  1614360157 secretPin: 
[WARN] get secretPin error

02/27/21 01:22:37 336963500  1614360157 肥鹅签到象印旗舰店

real	0m0.492s
user	0m0.000s
sys	0m0.047s
parse error: Invalid numeric literal at line 1, column 10
parse error: Invalid numeric literal at line 1, column 10
parse error: Invalid numeric literal at line 1, column 10
parse error: Invalid numeric literal at line 1, column 10
02/27/21 01:22:39 527110700 1614360159

real	0m4.237s
user	0m0.000s
sys	0m0.078s
02/27/21 01:22:59 214074500  1614360179
parse error: Invalid numeric literal at line 1, column 10
签到是否成功解析失败. 不再写/home/myid/jd/jd_signup/lzkj_sevenDay_vender/shop_1613703218_97_delay

肥鹅签到象印旗舰店查看结果, 活动规则
<!DOCTYPE html>
<html>
 <head> 
  <title>京东</title> 
  <meta charset="utf-8" /> 
  <meta name="apple-mobile-web-app-capable" content="yes" /> 
  <meta name="viewport" content="width=device-width,initial-scale=1,user-scalable=no,maximum-scale=1,viewport-fit=cover" /> 
  <meta name="format-detection" content="telephone=no" /> 
  <meta name="x5-cache" content="enable" /> 
  <link rel="stylesheet" href="https://storage.360buyimg.com/babel/00162638/333378/production/dev/parser.1526555535098.css?t=20180517191236" /> 
  <style> img {
            opacity: 1 !important;
        } </style> 
  <link href="https://storage.360buyimg.com/babel/00170893/348321/production/dev/index.7320a380.css?t=20180802150952" rel="stylesheet" />
 </head> 
 <body style="background:#fff;" id="root"> 
  <div class="errorPage"> 
  </div> 
  <div class="placeholer"> 
  </div> 
  <script src="https://wl.jd.com/unify.min.js"></script> 
  <script type="text/javascript" src="https://storage.360buyimg.com/babel/00170893/348321/production/dev/index.0f8f4dba.js?t=20180802150952"></script> 
 </body>
</html>

#店铺名称
vendername="象印旗舰店"
#店铺激活码
actId="e78aa0728f904f849441aa277f269af3"
#店铺id
venderId="149630"
#长链接
url="https://lzkj-isv.isvjcloud.com/sign/sevenDay/signActivity?activityId=e78aa0728f904f849441aa277f269af3&venderId=149630&adsource=tg_xuanFuTuBiao"

startTime=1611907860
endTime=1614527940
# 活动时间：2021-01-29 16:11 - 2021-02-28 23:59；
# 奖励说明：
actRule="
7天签到
连续签到1天：
连续签到2天：
连续签到3天：50元优惠券
连续签到4天：
连续签到5天：
连续签到6天：
连续签到7天：100元优惠券
"
#赵 122294312-396444 sign_res
sign_num="1"
giftName="null"
giftRes="ok"
giftDate="20210226"
sign_res_info="7天签到 第 1 天
当天签到奖励 [null]"
#赵 122294312-396444 sign_res_end
#王 1309893722-164885 sign_res
sign_num="1"
giftName="null"
giftRes="ok"
giftDate="20210226"
sign_res_info="7天签到 第 1 天
当天签到奖励 [null]"
#王 1309893722-164885 sign_res_end
#肥鹅 jd_4d651d9e48204 sign_res
sign_num="1"
giftName="null"
giftRes="ok"
giftDate="20210226"
sign_res_info="7天签到 第 1 天
当天签到奖励 [null]"
#肥鹅 jd_4d651d9e48204 sign_res_end
#移动 jd_OeTNobRVGiNZ sign_res
sign_num="1"
giftName="null"
giftRes="ok"
giftDate="20210226"
sign_res_info="7天签到 第 1 天
当天签到奖励 [null]"
#移动 jd_OeTNobRVGiNZ sign_res_end
