02/27/21 01:10:10 059495300  1614359410
RANDOM_num: 35
removed '/tmp/tmp.7Lp2WeWq6h'
02/27/21 01:10:10 160208300  1614359410 检查122294312-396444签到
removed '/tmp/tmp.XhecMQEYnM'
王 签到结果获取失败.
02/27/21 01:10:10 238222000  1614359410 检查1309893722-164885签到

02/27/21 01:10:10 288130400  1614359410 赵签到妙馨思收纳京东自营旗舰店

real	0m0.144s
user	0m0.031s
sys	0m0.078s
{"code":200,"data":[],"class":"com.jd.interact.center.client.api.common.param.Results","success":true}

02/27/21 01:10:10 580949900  1614359410 王签到妙馨思收纳京东自营旗舰店

real	0m0.193s
user	0m0.016s
sys	0m0.109s
{"code":200,"data":[],"class":"com.jd.interact.center.client.api.common.param.Results","success":true}
02/27/21 01:10:10 851802100 1614359410
02/27/21 01:10:10 864764100 1614359410 签到妙馨思收纳京东自营旗舰店完成

02/27/21 01:10:45 941557000  1614359445
赵签到妙馨思收纳京东自营旗舰店查看结果
200
首次签到成功. 写入giftName: 

***********************************************
2021/02/22_00:00:00  2    未签到
2021/02/23_00:00:00  2    未签到
2021/02/24_00:00:00  2    未签到
2021/02/25_00:00:00  2    未签到
2021/02/26_00:00:00  2    未签到
2021/02/27_01:10:10  1    [已~签~到]
2021/02/28_00:00:00  3    未签到
2021/03/01_00:00:00  3    未签到
2021/03/02_00:00:00  3    未签到
2021/03/03_00:00:00  3    未签到
2021/03/04_00:00:00  3    未签到
2021/03/05_00:00:00  3    未签到
2021/03/06_00:00:00  3    未签到
2021/03/07_00:00:00  3    未签到
2021/03/08_00:00:00  3    未签到
2021/03/09_00:00:00  3    未签到
2021/03/10_00:00:00  3    未签到
2021/03/11_00:00:00  3    未签到
2021/03/12_00:00:00  3    未签到
2021/03/13_00:00:00  3    未签到
2021/03/14_00:00:00  3    未签到
2021/03/15_00:00:00  3    未签到
2021/03/16_00:00:00  3    未签到
2021/03/17_00:00:00  3    未签到
2021/03/18_00:00:00  3    未签到
2021/03/19_00:00:00  3    未签到
2021/03/20_00:00:00  3    未签到
2021/03/21_00:00:00  3    未签到
2021/03/22_00:00:00  3    未签到
2021/03/23_00:00:00  3    未签到
当天签到奖励 []
已签到 1 天
***********************************************

王签到妙馨思收纳京东自营旗舰店查看结果
200
首次签到成功. 写入giftName: 

***********************************************
2021/02/22_00:00:00  2    未签到
2021/02/23_00:00:00  2    未签到
2021/02/24_00:00:00  2    未签到
2021/02/25_00:00:00  2    未签到
2021/02/26_00:00:00  2    未签到
2021/02/27_01:10:10  1    [已~签~到]
2021/02/28_00:00:00  3    未签到
2021/03/01_00:00:00  3    未签到
2021/03/02_00:00:00  3    未签到
2021/03/03_00:00:00  3    未签到
2021/03/04_00:00:00  3    未签到
2021/03/05_00:00:00  3    未签到
2021/03/06_00:00:00  3    未签到
2021/03/07_00:00:00  3    未签到
2021/03/08_00:00:00  3    未签到
2021/03/09_00:00:00  3    未签到
2021/03/10_00:00:00  3    未签到
2021/03/11_00:00:00  3    未签到
2021/03/12_00:00:00  3    未签到
2021/03/13_00:00:00  3    未签到
2021/03/14_00:00:00  3    未签到
2021/03/15_00:00:00  3    未签到
2021/03/16_00:00:00  3    未签到
2021/03/17_00:00:00  3    未签到
2021/03/18_00:00:00  3    未签到
2021/03/19_00:00:00  3    未签到
2021/03/20_00:00:00  3    未签到
2021/03/21_00:00:00  3    未签到
2021/03/22_00:00:00  3    未签到
2021/03/23_00:00:00  3    未签到
当天签到奖励 []
已签到 1 天
***********************************************



赵签到妙馨思收纳京东自营旗舰店日志
{"code":200,"data":{"signRecords":[{"currentDay":2,"signTime":1613923200000,"signed":1,"class":"com.jd.interact.center.client.api.color.domain.sign.InteractActivityUserActionRecord"},{"currentDay":2,"signTime":1614009600000,"signed":1,"class":"com.jd.interact.center.client.api.color.domain.sign.InteractActivityUserActionRecord"},{"currentDay":2,"signTime":1614096000000,"signed":1,"class":"com.jd.interact.center.client.api.color.domain.sign.InteractActivityUserActionRecord"},{"currentDay":2,"signTime":1614182400000,"signed":1,"class":"com.jd.interact.center.client.api.color.domain.sign.InteractActivityUserActionRecord"},{"currentDay":2,"signTime":1614268800000,"signed":1,"class":"com.jd.interact.center.client.api.color.domain.sign.InteractActivityUserActionRecord"},{"currentDay":1,"signTime":1614359410426,"signed":2,"class":"com.jd.interact.center.client.api.color.domain.sign.InteractActivityUserActionRecord"},{"currentDay":3,"signTime":1614441600000,"signed":1,"class":"com.jd.interact.center.client.api.color.domain.sign.InteractActivityUserActionRecord"},{"currentDay":3,"signTime":1614528000000,"signed":1,"class":"com.jd.interact.center.client.api.color.domain.sign.InteractActivityUserActionRecord"},{"currentDay":3,"signTime":1614614400000,"signed":1,"class":"com.jd.interact.center.client.api.color.domain.sign.InteractActivityUserActionRecord"},{"currentDay":3,"signTime":1614700800000,"signed":1,"class":"com.jd.interact.center.client.api.color.domain.sign.InteractActivityUserActionRecord"},{"currentDay":3,"signTime":1614787200000,"signed":1,"class":"com.jd.interact.center.client.api.color.domain.sign.InteractActivityUserActionRecord"},{"currentDay":3,"signTime":1614873600000,"signed":1,"class":"com.jd.interact.center.client.api.color.domain.sign.InteractActivityUserActionRecord"},{"currentDay":3,"signTime":1614960000000,"signed":1,"class":"com.jd.interact.center.client.api.color.domain.sign.InteractActivityUserActionRecord"},{"currentDay":3,"signTime":1615046400000,"signed":1,"class":"com.jd.interact.center.client.api.color.domain.sign.InteractActivityUserActionRecord"},{"currentDay":3,"signTime":1615132800000,"signed":1,"class":"com.jd.interact.center.client.api.color.domain.sign.InteractActivityUserActionRecord"},{"currentDay":3,"signTime":1615219200000,"signed":1,"class":"com.jd.interact.center.client.api.color.domain.sign.InteractActivityUserActionRecord"},{"currentDay":3,"signTime":1615305600000,"signed":1,"class":"com.jd.interact.center.client.api.color.domain.sign.InteractActivityUserActionRecord"},{"currentDay":3,"signTime":1615392000000,"signed":1,"class":"com.jd.interact.center.client.api.color.domain.sign.InteractActivityUserActionRecord"},{"currentDay":3,"signTime":1615478400000,"signed":1,"class":"com.jd.interact.center.client.api.color.domain.sign.InteractActivityUserActionRecord"},{"currentDay":3,"signTime":1615564800000,"signed":1,"class":"com.jd.interact.center.client.api.color.domain.sign.InteractActivityUserActionRecord"},{"currentDay":3,"signTime":1615651200000,"signed":1,"class":"com.jd.interact.center.client.api.color.domain.sign.InteractActivityUserActionRecord"},{"currentDay":3,"signTime":1615737600000,"signed":1,"class":"com.jd.interact.center.client.api.color.domain.sign.InteractActivityUserActionRecord"},{"currentDay":3,"signTime":1615824000000,"signed":1,"class":"com.jd.interact.center.client.api.color.domain.sign.InteractActivityUserActionRecord"},{"currentDay":3,"signTime":1615910400000,"signed":1,"class":"com.jd.interact.center.client.api.color.domain.sign.InteractActivityUserActionRecord"},{"currentDay":3,"signTime":1615996800000,"signed":1,"class":"com.jd.interact.center.client.api.color.domain.sign.InteractActivityUserActionRecord"},{"currentDay":3,"signTime":1616083200000,"signed":1,"class":"com.jd.interact.center.client.api.color.domain.sign.InteractActivityUserActionRecord"},{"currentDay":3,"signTime":1616169600000,"signed":1,"class":"com.jd.interact.center.client.api.color.domain.sign.InteractActivityUserActionRecord"},{"currentDay":3,"signTime":1616256000000,"signed":1,"class":"com.jd.interact.center.client.api.color.domain.sign.InteractActivityUserActionRecord"},{"currentDay":3,"signTime":1616342400000,"signed":1,"class":"com.jd.interact.center.client.api.color.domain.sign.InteractActivityUserActionRecord"},{"currentDay":3,"signTime":1616428800000,"signed":1,"class":"com.jd.interact.center.client.api.color.domain.sign.InteractActivityUserActionRecord"}],"days":1,"class":"com.jd.interact.center.client.api.color.domain.sign.ShopSignUserRecord"},"class":"com.jd.interact.center.client.api.common.param.Results","success":true}
{
  "contiSignNum": 1
}
王签到妙馨思收纳京东自营旗舰店日志
{"code":200,"data":{"signRecords":[{"currentDay":2,"signTime":1613923200000,"signed":1,"class":"com.jd.interact.center.client.api.color.domain.sign.InteractActivityUserActionRecord"},{"currentDay":2,"signTime":1614009600000,"signed":1,"class":"com.jd.interact.center.client.api.color.domain.sign.InteractActivityUserActionRecord"},{"currentDay":2,"signTime":1614096000000,"signed":1,"class":"com.jd.interact.center.client.api.color.domain.sign.InteractActivityUserActionRecord"},{"currentDay":2,"signTime":1614182400000,"signed":1,"class":"com.jd.interact.center.client.api.color.domain.sign.InteractActivityUserActionRecord"},{"currentDay":2,"signTime":1614268800000,"signed":1,"class":"com.jd.interact.center.client.api.color.domain.sign.InteractActivityUserActionRecord"},{"currentDay":1,"signTime":1614359410766,"signed":2,"class":"com.jd.interact.center.client.api.color.domain.sign.InteractActivityUserActionRecord"},{"currentDay":3,"signTime":1614441600000,"signed":1,"class":"com.jd.interact.center.client.api.color.domain.sign.InteractActivityUserActionRecord"},{"currentDay":3,"signTime":1614528000000,"signed":1,"class":"com.jd.interact.center.client.api.color.domain.sign.InteractActivityUserActionRecord"},{"currentDay":3,"signTime":1614614400000,"signed":1,"class":"com.jd.interact.center.client.api.color.domain.sign.InteractActivityUserActionRecord"},{"currentDay":3,"signTime":1614700800000,"signed":1,"class":"com.jd.interact.center.client.api.color.domain.sign.InteractActivityUserActionRecord"},{"currentDay":3,"signTime":1614787200000,"signed":1,"class":"com.jd.interact.center.client.api.color.domain.sign.InteractActivityUserActionRecord"},{"currentDay":3,"signTime":1614873600000,"signed":1,"class":"com.jd.interact.center.client.api.color.domain.sign.InteractActivityUserActionRecord"},{"currentDay":3,"signTime":1614960000000,"signed":1,"class":"com.jd.interact.center.client.api.color.domain.sign.InteractActivityUserActionRecord"},{"currentDay":3,"signTime":1615046400000,"signed":1,"class":"com.jd.interact.center.client.api.color.domain.sign.InteractActivityUserActionRecord"},{"currentDay":3,"signTime":1615132800000,"signed":1,"class":"com.jd.interact.center.client.api.color.domain.sign.InteractActivityUserActionRecord"},{"currentDay":3,"signTime":1615219200000,"signed":1,"class":"com.jd.interact.center.client.api.color.domain.sign.InteractActivityUserActionRecord"},{"currentDay":3,"signTime":1615305600000,"signed":1,"class":"com.jd.interact.center.client.api.color.domain.sign.InteractActivityUserActionRecord"},{"currentDay":3,"signTime":1615392000000,"signed":1,"class":"com.jd.interact.center.client.api.color.domain.sign.InteractActivityUserActionRecord"},{"currentDay":3,"signTime":1615478400000,"signed":1,"class":"com.jd.interact.center.client.api.color.domain.sign.InteractActivityUserActionRecord"},{"currentDay":3,"signTime":1615564800000,"signed":1,"class":"com.jd.interact.center.client.api.color.domain.sign.InteractActivityUserActionRecord"},{"currentDay":3,"signTime":1615651200000,"signed":1,"class":"com.jd.interact.center.client.api.color.domain.sign.InteractActivityUserActionRecord"},{"currentDay":3,"signTime":1615737600000,"signed":1,"class":"com.jd.interact.center.client.api.color.domain.sign.InteractActivityUserActionRecord"},{"currentDay":3,"signTime":1615824000000,"signed":1,"class":"com.jd.interact.center.client.api.color.domain.sign.InteractActivityUserActionRecord"},{"currentDay":3,"signTime":1615910400000,"signed":1,"class":"com.jd.interact.center.client.api.color.domain.sign.InteractActivityUserActionRecord"},{"currentDay":3,"signTime":1615996800000,"signed":1,"class":"com.jd.interact.center.client.api.color.domain.sign.InteractActivityUserActionRecord"},{"currentDay":3,"signTime":1616083200000,"signed":1,"class":"com.jd.interact.center.client.api.color.domain.sign.InteractActivityUserActionRecord"},{"currentDay":3,"signTime":1616169600000,"signed":1,"class":"com.jd.interact.center.client.api.color.domain.sign.InteractActivityUserActionRecord"},{"currentDay":3,"signTime":1616256000000,"signed":1,"class":"com.jd.interact.center.client.api.color.domain.sign.InteractActivityUserActionRecord"},{"currentDay":3,"signTime":1616342400000,"signed":1,"class":"com.jd.interact.center.client.api.color.domain.sign.InteractActivityUserActionRecord"},{"currentDay":3,"signTime":1616428800000,"signed":1,"class":"com.jd.interact.center.client.api.color.domain.sign.InteractActivityUserActionRecord"}],"days":1,"class":"com.jd.interact.center.client.api.color.domain.sign.ShopSignUserRecord"},"class":"com.jd.interact.center.client.api.common.param.Results","success":true}
{
  "contiSignNum": 1
}
# 短链接
suo_url=""
venderId=1000301162
startTime=1613923200000
endTime=1616515199000
activityId=10273883
token=D41ECBFE12AB0B3C94EFE087AFB5CED0
#店铺名称
vendername="妙馨思收纳京东自营旗舰店"
# 长链接
url=https://h5.m.jd.com/babelDiy/Zeus/2PAAf74aG3D61qvfKUM5dxUssJQ9/index.html?token=D41ECBFE12AB0B3C94EFE087AFB5CED0
# 活动时间：2021.02.22 00:00:00 - 2021.03.23 23:59:59
# 奖励说明：
actRule="
连续签到7天：10店铺积分
连续签到14天：20京豆
连续签到21天：20店铺积分
连续签到30天：5.00元红包
"
#移动 jd_OeTNobRVGiNZ sign_res
sign_res="
signTime=1613923200;signed=1;currentDay=2
signTime=1614009600;signed=1;currentDay=2
signTime=1614096000;signed=1;currentDay=1
signTime=1614182400;signed=1;currentDay=3
signTime=1614268800;signed=1;currentDay=3
signTime=1614355200;signed=1;currentDay=3
signTime=1614441600;signed=1;currentDay=3
signTime=1614528000;signed=1;currentDay=3
signTime=1614614400;signed=1;currentDay=3
signTime=1614700800;signed=1;currentDay=3
signTime=1614787200;signed=1;currentDay=3
signTime=1614873600;signed=1;currentDay=3
signTime=1614960000;signed=1;currentDay=3
signTime=1615046400;signed=1;currentDay=3
signTime=1615132800;signed=1;currentDay=3
signTime=1615219200;signed=1;currentDay=3
signTime=1615305600;signed=1;currentDay=3
signTime=1615392000;signed=1;currentDay=3
signTime=1615478400;signed=1;currentDay=3
signTime=1615564800;signed=1;currentDay=3
signTime=1615651200;signed=1;currentDay=3
signTime=1615737600;signed=1;currentDay=3
signTime=1615824000;signed=1;currentDay=3
signTime=1615910400;signed=1;currentDay=3
signTime=1615996800;signed=1;currentDay=3
signTime=1616083200;signed=1;currentDay=3
signTime=1616169600;signed=1;currentDay=3
signTime=1616256000;signed=1;currentDay=3
signTime=1616342400;signed=1;currentDay=3
signTime=1616428800;signed=1;currentDay=3"
sign_num="0"
giftName=""
giftRes="用户达到签到上限"
giftDate="20210224"
sign_res_info="
2021/02/22_00:00:00  2    未签到
2021/02/23_00:00:00  2    未签到
2021/02/24_00:00:00  1    未签到
2021/02/25_00:00:00  3    未签到
2021/02/26_00:00:00  3    未签到
2021/02/27_00:00:00  3    未签到
2021/02/28_00:00:00  3    未签到
2021/03/01_00:00:00  3    未签到
2021/03/02_00:00:00  3    未签到
2021/03/03_00:00:00  3    未签到
2021/03/04_00:00:00  3    未签到
2021/03/05_00:00:00  3    未签到
2021/03/06_00:00:00  3    未签到
2021/03/07_00:00:00  3    未签到
2021/03/08_00:00:00  3    未签到
2021/03/09_00:00:00  3    未签到
2021/03/10_00:00:00  3    未签到
2021/03/11_00:00:00  3    未签到
2021/03/12_00:00:00  3    未签到
2021/03/13_00:00:00  3    未签到
2021/03/14_00:00:00  3    未签到
2021/03/15_00:00:00  3    未签到
2021/03/16_00:00:00  3    未签到
2021/03/17_00:00:00  3    未签到
2021/03/18_00:00:00  3    未签到
2021/03/19_00:00:00  3    未签到
2021/03/20_00:00:00  3    未签到
2021/03/21_00:00:00  3    未签到
2021/03/22_00:00:00  3    未签到
2021/03/23_00:00:00  3    未签到
当天签到奖励 []
已签到 0 天"
#移动 jd_OeTNobRVGiNZ sign_res_end
#赵 122294312-396444 sign_res
sign_res="
signTime=1613923200;signed=1;currentDay=2
signTime=1614009600;signed=1;currentDay=2
signTime=1614096000;signed=1;currentDay=2
signTime=1614182400;signed=1;currentDay=2
signTime=1614268800;signed=1;currentDay=2
signTime=1614359410;signed=2;currentDay=1
signTime=1614441600;signed=1;currentDay=3
signTime=1614528000;signed=1;currentDay=3
signTime=1614614400;signed=1;currentDay=3
signTime=1614700800;signed=1;currentDay=3
signTime=1614787200;signed=1;currentDay=3
signTime=1614873600;signed=1;currentDay=3
signTime=1614960000;signed=1;currentDay=3
signTime=1615046400;signed=1;currentDay=3
signTime=1615132800;signed=1;currentDay=3
signTime=1615219200;signed=1;currentDay=3
signTime=1615305600;signed=1;currentDay=3
signTime=1615392000;signed=1;currentDay=3
signTime=1615478400;signed=1;currentDay=3
signTime=1615564800;signed=1;currentDay=3
signTime=1615651200;signed=1;currentDay=3
signTime=1615737600;signed=1;currentDay=3
signTime=1615824000;signed=1;currentDay=3
signTime=1615910400;signed=1;currentDay=3
signTime=1615996800;signed=1;currentDay=3
signTime=1616083200;signed=1;currentDay=3
signTime=1616169600;signed=1;currentDay=3
signTime=1616256000;signed=1;currentDay=3
signTime=1616342400;signed=1;currentDay=3
signTime=1616428800;signed=1;currentDay=3"
sign_num="1"
giftName=""
giftRes="ok"
giftDate="20210227"
sign_res_info="
2021/02/22_00:00:00  2    未签到
2021/02/23_00:00:00  2    未签到
2021/02/24_00:00:00  2    未签到
2021/02/25_00:00:00  2    未签到
2021/02/26_00:00:00  2    未签到
2021/02/27_01:10:10  1    [已~签~到]
2021/02/28_00:00:00  3    未签到
2021/03/01_00:00:00  3    未签到
2021/03/02_00:00:00  3    未签到
2021/03/03_00:00:00  3    未签到
2021/03/04_00:00:00  3    未签到
2021/03/05_00:00:00  3    未签到
2021/03/06_00:00:00  3    未签到
2021/03/07_00:00:00  3    未签到
2021/03/08_00:00:00  3    未签到
2021/03/09_00:00:00  3    未签到
2021/03/10_00:00:00  3    未签到
2021/03/11_00:00:00  3    未签到
2021/03/12_00:00:00  3    未签到
2021/03/13_00:00:00  3    未签到
2021/03/14_00:00:00  3    未签到
2021/03/15_00:00:00  3    未签到
2021/03/16_00:00:00  3    未签到
2021/03/17_00:00:00  3    未签到
2021/03/18_00:00:00  3    未签到
2021/03/19_00:00:00  3    未签到
2021/03/20_00:00:00  3    未签到
2021/03/21_00:00:00  3    未签到
2021/03/22_00:00:00  3    未签到
2021/03/23_00:00:00  3    未签到
当天签到奖励 []
已签到 1 天"
#赵 122294312-396444 sign_res_end
#王 1309893722-164885 sign_res
sign_res="
signTime=1613923200;signed=1;currentDay=2
signTime=1614009600;signed=1;currentDay=2
signTime=1614096000;signed=1;currentDay=2
signTime=1614182400;signed=1;currentDay=2
signTime=1614268800;signed=1;currentDay=2
signTime=1614359410;signed=2;currentDay=1
signTime=1614441600;signed=1;currentDay=3
signTime=1614528000;signed=1;currentDay=3
signTime=1614614400;signed=1;currentDay=3
signTime=1614700800;signed=1;currentDay=3
signTime=1614787200;signed=1;currentDay=3
signTime=1614873600;signed=1;currentDay=3
signTime=1614960000;signed=1;currentDay=3
signTime=1615046400;signed=1;currentDay=3
signTime=1615132800;signed=1;currentDay=3
signTime=1615219200;signed=1;currentDay=3
signTime=1615305600;signed=1;currentDay=3
signTime=1615392000;signed=1;currentDay=3
signTime=1615478400;signed=1;currentDay=3
signTime=1615564800;signed=1;currentDay=3
signTime=1615651200;signed=1;currentDay=3
signTime=1615737600;signed=1;currentDay=3
signTime=1615824000;signed=1;currentDay=3
signTime=1615910400;signed=1;currentDay=3
signTime=1615996800;signed=1;currentDay=3
signTime=1616083200;signed=1;currentDay=3
signTime=1616169600;signed=1;currentDay=3
signTime=1616256000;signed=1;currentDay=3
signTime=1616342400;signed=1;currentDay=3
signTime=1616428800;signed=1;currentDay=3"
sign_num="1"
giftName=""
giftRes="ok"
giftDate="20210227"
sign_res_info="
2021/02/22_00:00:00  2    未签到
2021/02/23_00:00:00  2    未签到
2021/02/24_00:00:00  2    未签到
2021/02/25_00:00:00  2    未签到
2021/02/26_00:00:00  2    未签到
2021/02/27_01:10:10  1    [已~签~到]
2021/02/28_00:00:00  3    未签到
2021/03/01_00:00:00  3    未签到
2021/03/02_00:00:00  3    未签到
2021/03/03_00:00:00  3    未签到
2021/03/04_00:00:00  3    未签到
2021/03/05_00:00:00  3    未签到
2021/03/06_00:00:00  3    未签到
2021/03/07_00:00:00  3    未签到
2021/03/08_00:00:00  3    未签到
2021/03/09_00:00:00  3    未签到
2021/03/10_00:00:00  3    未签到
2021/03/11_00:00:00  3    未签到
2021/03/12_00:00:00  3    未签到
2021/03/13_00:00:00  3    未签到
2021/03/14_00:00:00  3    未签到
2021/03/15_00:00:00  3    未签到
2021/03/16_00:00:00  3    未签到
2021/03/17_00:00:00  3    未签到
2021/03/18_00:00:00  3    未签到
2021/03/19_00:00:00  3    未签到
2021/03/20_00:00:00  3    未签到
2021/03/21_00:00:00  3    未签到
2021/03/22_00:00:00  3    未签到
2021/03/23_00:00:00  3    未签到
当天签到奖励 []
已签到 1 天"
#王 1309893722-164885 sign_res_end
