03/21/21 01:20:07 692442700  1616260807
RANDOM_num: 20
removed '/tmp/tmp.mxOvZ6zd5N'
03/21/21 01:20:08 321345500  1616260808 检查王签到

real	0m0.353s
user	0m0.016s
sys	0m0.094s
lzkj-isv.isvjcloud.com	FALSE	/	FALSE	1616261408	LZ_TOKEN_VALUE	B0oH3vDY2bhHWuKbVaJ+XQ==
lzkj-isv.isvjcloud.com	FALSE	/	FALSE	1616261408	LZ_TOKEN_KEY	lztokenpagef65220f3c18f4e2fa4474bd88f99fd00
03/21/21 01:20:09 087642400  1616260809
use pt_key

real	0m0.390s
user	0m0.078s
sys	0m0.063s
03/21/21 01:20:09 590015600  1616260809 token: AAFgVi7JADAJcnaMbSRknMVVKTeA5GVsavRIYotkOO3bdJWRfepJuuyLQQAfsOAuIebq5ka2Wds

real	0m0.707s
user	0m0.031s
sys	0m0.109s
03/21/21 01:20:10 919745200  1616260810 secretPin: 8zfoIjWIu/DcpxQNzAV7/oVPSWy1B8D+G4s+fJIFDfWHSnwnXFQKK9yQco/OGmHebU48Dr07k+7+k1UaXRbZKg==

03/21/21 01:20:10 997208500  1616260810 王签到冰峰京东自营旗舰店

real	0m0.407s
user	0m0.000s
sys	0m0.094s
parse error: Invalid numeric literal at line 1, column 10
parse error: Invalid numeric literal at line 1, column 10
parse error: Invalid numeric literal at line 1, column 10
parse error: Invalid numeric literal at line 1, column 10
parse error: Invalid numeric literal at line 1, column 10
03/21/21 01:20:13 162302500 1616260813

real	0m0.674s
user	0m0.000s
sys	0m0.047s

real	0m0.940s
user	0m0.063s
sys	0m0.063s
lzkj-isv.isvjcloud.com	FALSE	/	FALSE	1616261414	LZ_TOKEN_VALUE	B0oH3vDY2bhHWuKbVaJ+XQ==
lzkj-isv.isvjcloud.com	FALSE	/	FALSE	1616261414	LZ_TOKEN_KEY	lztokenpage378776b3e0ca441995967d4ac753ba61
03/21/21 01:20:15 066159500  1616260815
use pt_key

real	0m0.640s
user	0m0.125s
sys	0m0.078s
03/21/21 01:20:15 896873000  1616260815 token: AAFgVi7PADDAxtvqD8EKzYZCWg-4Ad5L6czH3bCaYMxrIME58DsP5qar1beC5OgmFV42nvHiTtI

real	0m0.835s
user	0m0.047s
sys	0m0.063s
03/21/21 01:20:17 817949400  1616260817 secretPin: 8zfoIjWIu/DcpxQNzAV7/oVPSWy1B8D+G4s+fJIFDfWHSnwnXFQKK9yQco/OGmHebU48Dr07k+7+k1UaXRbZKg==

03/21/21 01:20:17 990699900  1616260817 王签到冰峰京东自营旗舰店

real	0m0.749s
user	0m0.016s
sys	0m0.078s
parse error: Invalid numeric literal at line 1, column 10
parse error: Invalid numeric literal at line 1, column 10
parse error: Invalid numeric literal at line 1, column 10
parse error: Invalid numeric literal at line 1, column 10
parse error: Invalid numeric literal at line 1, column 10
03/21/21 01:20:20 995776400 1616260820

real	0m0.883s
user	0m0.000s
sys	0m0.047s

real	0m0.676s
user	0m0.016s
sys	0m0.109s
lzkj-isv.isvjcloud.com	FALSE	/	FALSE	1616261422	LZ_TOKEN_VALUE	B0oH3vDY2bhHWuKbVaJ+XQ==
lzkj-isv.isvjcloud.com	FALSE	/	FALSE	1616261422	LZ_TOKEN_KEY	lztokenpagef80065b9a7dd4a7cb2b42a0f924cba6f
03/21/21 01:20:22 741670000  1616260822
use pt_key

real	0m0.434s
user	0m0.078s
sys	0m0.109s
03/21/21 01:20:23 270504400  1616260823 token: AAFgVi7XADA2Y5t_ZBRwLDzHPKxPtd26rbfak7N3Tm_JyPTwknKks7EJ3ybbip15GxO-VxKTjts

real	0m0.712s
user	0m0.047s
sys	0m0.078s
03/21/21 01:20:24 586684700  1616260824 secretPin: 8zfoIjWIu/DcpxQNzAV7/oVPSWy1B8D+G4s+fJIFDfWHSnwnXFQKK9yQco/OGmHebU48Dr07k+7+k1UaXRbZKg==

03/21/21 01:20:24 705869800  1616260824 王签到冰峰京东自营旗舰店

real	0m0.524s
user	0m0.016s
sys	0m0.109s
parse error: Invalid numeric literal at line 1, column 10
parse error: Invalid numeric literal at line 1, column 10
parse error: Invalid numeric literal at line 1, column 10
parse error: Invalid numeric literal at line 1, column 10
parse error: Invalid numeric literal at line 1, column 10
03/21/21 01:20:26 683904100 1616260826

real	0m0.785s
user	0m0.000s
sys	0m0.031s

real	0m0.667s
user	0m0.016s
sys	0m0.078s
lzkj-isv.isvjcloud.com	FALSE	/	FALSE	1616261428	LZ_TOKEN_VALUE	B0oH3vDY2bhHWuKbVaJ+XQ==
lzkj-isv.isvjcloud.com	FALSE	/	FALSE	1616261428	LZ_TOKEN_KEY	lztokenpage44d4a5e5d5f54dba95064b3275285f9d
03/21/21 01:20:28 482200600  1616260828
use pt_key

real	0m0.490s
user	0m0.078s
sys	0m0.109s
03/21/21 01:20:29 066681500  1616260829 token: AAFgVi7cADBVgkCgTJnUPiYqG8bzwnfeAHyYNTAxwAnObTUeY1dXLRhR4AHOh7iBge4vDaYp6x4

real	0m0.469s
user	0m0.031s
sys	0m0.094s
03/21/21 01:20:29 833208600  1616260829 secretPin: 8zfoIjWIu/DcpxQNzAV7/oVPSWy1B8D+G4s+fJIFDfWHSnwnXFQKK9yQco/OGmHebU48Dr07k+7+k1UaXRbZKg==

03/21/21 01:20:29 932834200  1616260829 王签到冰峰京东自营旗舰店

real	0m0.477s
user	0m0.031s
sys	0m0.063s
parse error: Invalid numeric literal at line 1, column 10
parse error: Invalid numeric literal at line 1, column 10
parse error: Invalid numeric literal at line 1, column 10
parse error: Invalid numeric literal at line 1, column 10
parse error: Invalid numeric literal at line 1, column 10
03/21/21 01:20:32 047681100 1616260832

real	0m0.926s
user	0m0.000s
sys	0m0.016s

real	0m1.299s
user	0m0.031s
sys	0m0.125s
lzkj-isv.isvjcloud.com	FALSE	/	FALSE	1616261434	LZ_TOKEN_VALUE	B0oH3vDY2bhHWuKbVaJ+XQ==
lzkj-isv.isvjcloud.com	FALSE	/	FALSE	1616261434	LZ_TOKEN_KEY	lztokenpage8c238942e0be45a7b1ffb27a6c340039
03/21/21 01:20:34 765525200  1616260834
use pt_key

real	0m0.584s
user	0m0.078s
sys	0m0.156s
03/21/21 01:20:35 487789300  1616260835 token: AAFgVi7jADAkVmthk9aK3KqX0lRapLTQ_d5KH_D06IE5rq3ORnpKVqjx0PO8H8vV9xH5CJ39zRo

real	0m0.575s
user	0m0.031s
sys	0m0.078s
03/21/21 01:20:36 502509000  1616260836 secretPin: 8zfoIjWIu/DcpxQNzAV7/oVPSWy1B8D+G4s+fJIFDfWHSnwnXFQKK9yQco/OGmHebU48Dr07k+7+k1UaXRbZKg==

03/21/21 01:20:36 565095300  1616260836 王签到冰峰京东自营旗舰店

real	0m0.328s
user	0m0.063s
sys	0m0.063s
parse error: Invalid numeric literal at line 1, column 10
parse error: Invalid numeric literal at line 1, column 10
parse error: Invalid numeric literal at line 1, column 10
parse error: Invalid numeric literal at line 1, column 10
parse error: Invalid numeric literal at line 1, column 10
03/21/21 01:20:38 431927500 1616260838

real	0m1.256s
user	0m0.000s
sys	0m0.016s

real	0m0.531s
user	0m0.016s
sys	0m0.109s
lzkj-isv.isvjcloud.com	FALSE	/	FALSE	1616261440	LZ_TOKEN_VALUE	B0oH3vDY2bhHWuKbVaJ+XQ==
lzkj-isv.isvjcloud.com	FALSE	/	FALSE	1616261440	LZ_TOKEN_KEY	lztokenpage70b055e609344cd89527bd954cec47e3
03/21/21 01:20:40 677162500  1616260840
use pt_key

real	0m0.466s
user	0m0.078s
sys	0m0.063s
03/21/21 01:20:41 231845300  1616260841 token: AAFgVi7pADAAQ-5U4mgMXhJV7uPMCqD-VMXDPfUmJ4Hl-BPs3gv4FSFYeCUiJuJzCrOg1x9DeAQ

real	0m0.472s
user	0m0.031s
sys	0m0.094s
03/21/21 01:20:41 929763500  1616260841 secretPin: 8zfoIjWIu/DcpxQNzAV7/oVPSWy1B8D+G4s+fJIFDfWHSnwnXFQKK9yQco/OGmHebU48Dr07k+7+k1UaXRbZKg==

03/21/21 01:20:41 973735100  1616260841 王签到冰峰京东自营旗舰店

real	0m0.298s
user	0m0.047s
sys	0m0.078s
parse error: Invalid numeric literal at line 1, column 10
parse error: Invalid numeric literal at line 1, column 10
parse error: Invalid numeric literal at line 1, column 10
parse error: Invalid numeric literal at line 1, column 10
parse error: Invalid numeric literal at line 1, column 10
03/21/21 01:20:43 543768500 1616260843

real	0m1.555s
user	0m0.000s
sys	0m0.016s

real	0m0.512s
user	0m0.016s
sys	0m0.109s
lzkj-isv.isvjcloud.com	FALSE	/	FALSE	1616261445	LZ_TOKEN_VALUE	B0oH3vDY2bhHWuKbVaJ+XQ==
lzkj-isv.isvjcloud.com	FALSE	/	FALSE	1616261445	LZ_TOKEN_KEY	lztokenpage5c539882062c4ff9800fd01f2d843e9c
03/21/21 01:20:45 864226300  1616260845
use pt_key

real	0m0.529s
user	0m0.078s
sys	0m0.109s
03/21/21 01:20:46 543690200  1616260846 token: AAFgVi7uADDZDfWvuP_Wo9I5o-uGW4Uc4c0FGwvNgU81cWnVTDL2h8bCfbKMTa91yvHMMz3SiBM

real	0m0.603s
user	0m0.031s
sys	0m0.109s
03/21/21 01:20:47 418661500  1616260847 secretPin: 8zfoIjWIu/DcpxQNzAV7/oVPSWy1B8D+G4s+fJIFDfWHSnwnXFQKK9yQco/OGmHebU48Dr07k+7+k1UaXRbZKg==

03/21/21 01:20:47 459229300  1616260847 王签到冰峰京东自营旗舰店

real	0m0.281s
user	0m0.031s
sys	0m0.078s
parse error: Invalid numeric literal at line 1, column 10
parse error: Invalid numeric literal at line 1, column 10
parse error: Invalid numeric literal at line 1, column 10
parse error: Invalid numeric literal at line 1, column 10
parse error: Invalid numeric literal at line 1, column 10
03/21/21 01:20:48 676347100 1616260848

real	0m1.562s
user	0m0.000s
sys	0m0.047s

real	0m0.511s
user	0m0.031s
sys	0m0.094s
lzkj-isv.isvjcloud.com	FALSE	/	FALSE	1616261450	LZ_TOKEN_VALUE	B0oH3vDY2bhHWuKbVaJ+XQ==
lzkj-isv.isvjcloud.com	FALSE	/	FALSE	1616261450	LZ_TOKEN_KEY	lztokenpage80dc3b4eb1884dc5b24bc4f21873dd7e
03/21/21 01:20:50 936015000  1616260850
use pt_key

real	0m0.509s
user	0m0.094s
sys	0m0.125s
03/21/21 01:20:51 654533700  1616260851 token: AAFgVi7zADA34CZNWaZ87uInO_dY9SBtOH6NuKR50TJAl2rwRVcd3F2fWIwIKycC0b47l-5CkjA

real	0m0.566s
user	0m0.063s
sys	0m0.047s
03/21/21 01:20:52 960026100  1616260852 secretPin: 8zfoIjWIu/DcpxQNzAV7/oVPSWy1B8D+G4s+fJIFDfWHSnwnXFQKK9yQco/OGmHebU48Dr07k+7+k1UaXRbZKg==

03/21/21 01:20:53 067412900  1616260853 王签到冰峰京东自营旗舰店

real	0m0.389s
user	0m0.047s
sys	0m0.047s
parse error: Invalid numeric literal at line 1, column 10
parse error: Invalid numeric literal at line 1, column 10
parse error: Invalid numeric literal at line 1, column 10
parse error: Invalid numeric literal at line 1, column 10
parse error: Invalid numeric literal at line 1, column 10
03/21/21 01:20:54 638497200 1616260854

real	0m1.886s
user	0m0.000s
sys	0m0.078s

real	0m0.381s
user	0m0.031s
sys	0m0.078s
lzkj-isv.isvjcloud.com	FALSE	/	FALSE	1616261456	LZ_TOKEN_VALUE	B0oH3vDY2bhHWuKbVaJ+XQ==
lzkj-isv.isvjcloud.com	FALSE	/	FALSE	1616261456	LZ_TOKEN_KEY	lztokenpage12eb0cf47e034fcbbb697f98193a1b61
03/21/21 01:20:57 049903800  1616260857
use pt_key

real	0m0.359s
user	0m0.094s
sys	0m0.078s
03/21/21 01:20:57 460352500  1616260857 token: AAFgVi75ADCTaWV0y0N8AVgjQsTUKL_QQTI_P-EgPQlPEdw653frvKO-IsVWDF17Z3uZD_YFN1I

real	0m0.912s
user	0m0.063s
sys	0m0.094s
03/21/21 01:20:59 042752300  1616260859 secretPin: 8zfoIjWIu/DcpxQNzAV7/oVPSWy1B8D+G4s+fJIFDfWHSnwnXFQKK9yQco/OGmHebU48Dr07k+7+k1UaXRbZKg==

03/21/21 01:20:59 194818800  1616260859 王签到冰峰京东自营旗舰店

real	0m0.345s
user	0m0.031s
sys	0m0.078s
parse error: Invalid numeric literal at line 1, column 10
parse error: Invalid numeric literal at line 1, column 10
parse error: Invalid numeric literal at line 1, column 10
parse error: Invalid numeric literal at line 1, column 10
parse error: Invalid numeric literal at line 1, column 10
03/21/21 01:21:00 394330200 1616260860

real	0m1.994s
user	0m0.000s
sys	0m0.047s

real	0m2.038s
user	0m0.016s
sys	0m0.094s
lzkj-isv.isvjcloud.com	FALSE	/	FALSE	1616261464	LZ_TOKEN_VALUE	B0oH3vDY2bhHWuKbVaJ+XQ==
lzkj-isv.isvjcloud.com	FALSE	/	FALSE	1616261464	LZ_TOKEN_KEY	lztokenpageaebd8113704b4e00a2537f9eb961a68c
03/21/21 01:21:04 679143200  1616260864
use pt_key

real	0m0.448s
user	0m0.109s
sys	0m0.078s
03/21/21 01:21:05 249094600  1616260865 token: AAFgVi8BADDJhiUVBjbuPc0QcH1TlgUGijERvxBekhxVaFutfrlnkuA92VOixi0w9NFZgMfWZGg

real	0m0.665s
user	0m0.016s
sys	0m0.078s
03/21/21 01:21:06 443636400  1616260866 secretPin: 8zfoIjWIu/DcpxQNzAV7/oVPSWy1B8D+G4s+fJIFDfWHSnwnXFQKK9yQco/OGmHebU48Dr07k+7+k1UaXRbZKg==

03/21/21 01:21:06 571268800  1616260866 王签到冰峰京东自营旗舰店

real	0m0.430s
user	0m0.031s
sys	0m0.047s
parse error: Invalid numeric literal at line 1, column 10
parse error: Invalid numeric literal at line 1, column 10
parse error: Invalid numeric literal at line 1, column 10
parse error: Invalid numeric literal at line 1, column 10
parse error: Invalid numeric literal at line 1, column 10
03/21/21 01:21:08 328790400 1616260868

real	0m2.221s
user	0m0.000s
sys	0m0.031s

real	0m0.364s
user	0m0.016s
sys	0m0.094s
lzkj-isv.isvjcloud.com	FALSE	/	FALSE	1616261470	LZ_TOKEN_VALUE	B0oH3vDY2bhHWuKbVaJ+XQ==
lzkj-isv.isvjcloud.com	FALSE	/	FALSE	1616261470	LZ_TOKEN_KEY	lztokenpage96976629bba440a59350885aa7d62d01
03/21/21 01:21:11 089916600  1616260871
use pt_key

real	0m0.313s
user	0m0.109s
sys	0m0.094s
03/21/21 01:21:11 504524500  1616260871 token: AAFgVi8HADAZesuOahCiwLlnE0TegNjGWm4L-KY7Xou49anIFd7hSKPmWkEEoUdGNGRKX8d0D2w

real	0m0.555s
user	0m0.016s
sys	0m0.078s
03/21/21 01:21:12 495920400  1616260872 secretPin: 8zfoIjWIu/DcpxQNzAV7/oVPSWy1B8D+G4s+fJIFDfWHSnwnXFQKK9yQco/OGmHebU48Dr07k+7+k1UaXRbZKg==

03/21/21 01:21:12 587580000  1616260872 王签到冰峰京东自营旗舰店

real	0m0.323s
user	0m0.063s
sys	0m0.063s
parse error: Invalid numeric literal at line 1, column 10
parse error: Invalid numeric literal at line 1, column 10
parse error: Invalid numeric literal at line 1, column 10
parse error: Invalid numeric literal at line 1, column 10
parse error: Invalid numeric literal at line 1, column 10
03/21/21 01:21:14 147233800 1616260874

real	0m2.553s
user	0m0.000s
sys	0m0.016s

real	0m0.250s
user	0m0.031s
sys	0m0.063s
lzkj-isv.isvjcloud.com	FALSE	/	FALSE	1616261476	LZ_TOKEN_VALUE	B0oH3vDY2bhHWuKbVaJ+XQ==
lzkj-isv.isvjcloud.com	FALSE	/	FALSE	1616261476	LZ_TOKEN_KEY	lztokenpagea425cdbaf5034d60811853d48e10dbf2
03/21/21 01:21:17 069363600  1616260877
use pt_key

real	0m0.255s
user	0m0.094s
sys	0m0.109s
03/21/21 01:21:17 391419400  1616260877 token: AAFgVi8NADBtIUnLdU4teDJdJLRmfaMXqFHzkpEDZlngFCiiqPNH2idr5W9DU0Cu5HMWWS8_a-A

real	0m0.514s
user	0m0.047s
sys	0m0.078s
03/21/21 01:21:18 205958000  1616260878 secretPin: 8zfoIjWIu/DcpxQNzAV7/oVPSWy1B8D+G4s+fJIFDfWHSnwnXFQKK9yQco/OGmHebU48Dr07k+7+k1UaXRbZKg==

03/21/21 01:21:18 236843700  1616260878 王签到冰峰京东自营旗舰店

real	0m0.222s
user	0m0.031s
sys	0m0.063s
parse error: Invalid numeric literal at line 1, column 10
parse error: Invalid numeric literal at line 1, column 10
parse error: Invalid numeric literal at line 1, column 10
parse error: Invalid numeric literal at line 1, column 10
parse error: Invalid numeric literal at line 1, column 10
03/21/21 01:21:19 500809300 1616260879

real	0m2.720s
user	0m0.016s
sys	0m0.016s

real	0m0.287s
user	0m0.047s
sys	0m0.078s
lzkj-isv.isvjcloud.com	FALSE	/	FALSE	1616261482	LZ_TOKEN_VALUE	B0oH3vDY2bhHWuKbVaJ+XQ==
lzkj-isv.isvjcloud.com	FALSE	/	FALSE	1616261482	LZ_TOKEN_KEY	lztokenpage0080ee811dc84c5990a3e056fea542eb
03/21/21 01:21:22 626770700  1616260882
use pt_key

real	0m0.267s
user	0m0.094s
sys	0m0.109s
03/21/21 01:21:22 926424900  1616260882 token: AAFgVi8SADAtwB4Fu1gs_ZmWj-IBeoOJxhXHLc1jNwFXeAXrTV8GCUwYKet0USoIlNx4HqUbHcU

real	0m0.386s
user	0m0.031s
sys	0m0.125s
03/21/21 01:21:23 544381200  1616260883 secretPin: 8zfoIjWIu/DcpxQNzAV7/oVPSWy1B8D+G4s+fJIFDfWHSnwnXFQKK9yQco/OGmHebU48Dr07k+7+k1UaXRbZKg==

03/21/21 01:21:23 602635800  1616260883 王签到冰峰京东自营旗舰店

real	0m0.200s
user	0m0.047s
sys	0m0.047s
parse error: Invalid numeric literal at line 1, column 10
parse error: Invalid numeric literal at line 1, column 10
parse error: Invalid numeric literal at line 1, column 10
parse error: Invalid numeric literal at line 1, column 10
parse error: Invalid numeric literal at line 1, column 10
03/21/21 01:21:24 537544400 1616260884

real	0m2.831s
user	0m0.000s
sys	0m0.016s

real	0m0.455s
user	0m0.047s
sys	0m0.047s
lzkj-isv.isvjcloud.com	FALSE	/	FALSE	1616261487	LZ_TOKEN_VALUE	B0oH3vDY2bhHWuKbVaJ+XQ==
lzkj-isv.isvjcloud.com	FALSE	/	FALSE	1616261487	LZ_TOKEN_KEY	lztokenpage9d95d663774b439ca7ee2be60b57852f
03/21/21 01:21:27 994976400  1616260887
use pt_key

real	0m0.333s
user	0m0.094s
sys	0m0.125s
03/21/21 01:21:28 416175500  1616260888 token: AAFgVi8YADBorLCab4rb029xiDWTX2jJ4EQJsO05UIyXEnXf8CJ7erm9Wa-20GFTY23EcL7EZmE

real	0m0.440s
user	0m0.016s
sys	0m0.063s
03/21/21 01:21:29 187857800  1616260889 secretPin: 8zfoIjWIu/DcpxQNzAV7/oVPSWy1B8D+G4s+fJIFDfWHSnwnXFQKK9yQco/OGmHebU48Dr07k+7+k1UaXRbZKg==

03/21/21 01:21:29 233230900  1616260889 王签到冰峰京东自营旗舰店

real	0m0.221s
user	0m0.031s
sys	0m0.063s
parse error: Invalid numeric literal at line 1, column 10
parse error: Invalid numeric literal at line 1, column 10
parse error: Invalid numeric literal at line 1, column 10
parse error: Invalid numeric literal at line 1, column 10
parse error: Invalid numeric literal at line 1, column 10
03/21/21 01:21:30 202369800 1616260890

real	0m2.887s
user	0m0.000s
sys	0m0.000s

real	0m0.570s
user	0m0.016s
sys	0m0.063s
lzkj-isv.isvjcloud.com	FALSE	/	FALSE	1616261493	LZ_TOKEN_VALUE	B0oH3vDY2bhHWuKbVaJ+XQ==
lzkj-isv.isvjcloud.com	FALSE	/	FALSE	1616261493	LZ_TOKEN_KEY	lztokenpageb68e73ef3ad94ce788dc8638ca622eef
03/21/21 01:21:33 913300000  1616260893
use pt_key

real	0m0.419s
user	0m0.078s
sys	0m0.125s
03/21/21 01:21:34 439118200  1616260894 token: AAFgVi8eADDUn0MMKX2Fkq5jYqeXfA48OYGbU0HJo1ni1hKNPhy_57J3h_GcaWPVD40-g-CfLK8

real	0m0.583s
user	0m0.031s
sys	0m0.078s
03/21/21 01:21:35 449792900  1616260895 secretPin: 8zfoIjWIu/DcpxQNzAV7/oVPSWy1B8D+G4s+fJIFDfWHSnwnXFQKK9yQco/OGmHebU48Dr07k+7+k1UaXRbZKg==

03/21/21 01:21:35 535555200  1616260895 王签到冰峰京东自营旗舰店

real	0m0.274s
user	0m0.016s
sys	0m0.094s
parse error: Invalid numeric literal at line 1, column 10
parse error: Invalid numeric literal at line 1, column 10
parse error: Invalid numeric literal at line 1, column 10
parse error: Invalid numeric literal at line 1, column 10
parse error: Invalid numeric literal at line 1, column 10
03/21/21 01:21:36 630297500 1616260896

real	0m3.100s
user	0m0.016s
sys	0m0.016s

real	0m0.399s
user	0m0.016s
sys	0m0.094s
lzkj-isv.isvjcloud.com	FALSE	/	FALSE	1616261500	LZ_TOKEN_VALUE	B0oH3vDY2bhHWuKbVaJ+XQ==
lzkj-isv.isvjcloud.com	FALSE	/	FALSE	1616261500	LZ_TOKEN_KEY	lztokenpage730abe5ae8a14eccb2d238c8e7bdb638
03/21/21 01:21:40 220402300  1616260900
use pt_key

real	0m0.311s
user	0m0.109s
sys	0m0.125s
03/21/21 01:21:40 607578800  1616260900 token: AAFgVi8kADDFoOF39ENlumN_ArKPmJKUwShOZ_V4muK0JCMGovtO17do-XiucMV1IKdxJ4SUGSc

real	0m0.550s
user	0m0.016s
sys	0m0.047s
03/21/21 01:21:41 616270000  1616260901 secretPin: 8zfoIjWIu/DcpxQNzAV7/oVPSWy1B8D+G4s+fJIFDfWHSnwnXFQKK9yQco/OGmHebU48Dr07k+7+k1UaXRbZKg==

03/21/21 01:21:41 670781500  1616260901 王签到冰峰京东自营旗舰店

real	0m0.394s
user	0m0.031s
sys	0m0.094s
parse error: Invalid numeric literal at line 1, column 10
parse error: Invalid numeric literal at line 1, column 10
parse error: Invalid numeric literal at line 1, column 10
parse error: Invalid numeric literal at line 1, column 10
parse error: Invalid numeric literal at line 1, column 10
03/21/21 01:21:42 898870800 1616260902

real	0m3.300s
user	0m0.000s
sys	0m0.031s

real	0m0.269s
user	0m0.016s
sys	0m0.094s
lzkj-isv.isvjcloud.com	FALSE	/	FALSE	1616261506	LZ_TOKEN_VALUE	B0oH3vDY2bhHWuKbVaJ+XQ==
lzkj-isv.isvjcloud.com	FALSE	/	FALSE	1616261506	LZ_TOKEN_KEY	lztokenpage1c417773fcb944c2bc3547a1c23250ef
03/21/21 01:21:46 674033600  1616260906
use pt_key

real	0m0.390s
user	0m0.078s
sys	0m0.078s
03/21/21 01:21:47 137745200  1616260907 token: AAFgVi8rADBpA-Xi5ASMUWEvMsQ32uXXFS91YvLZfI_9Ai30TbsQyunG8jRLRPUtREC7p6gIsK0

real	0m0.620s
user	0m0.047s
sys	0m0.094s
03/21/21 01:21:48 173918800  1616260908 secretPin: 8zfoIjWIu/DcpxQNzAV7/oVPSWy1B8D+G4s+fJIFDfWHSnwnXFQKK9yQco/OGmHebU48Dr07k+7+k1UaXRbZKg==

03/21/21 01:21:48 271809600  1616260908 王签到冰峰京东自营旗舰店

real	0m0.423s
user	0m0.016s
sys	0m0.063s
parse error: Invalid numeric literal at line 1, column 10
parse error: Invalid numeric literal at line 1, column 10
parse error: Invalid numeric literal at line 1, column 10
parse error: Invalid numeric literal at line 1, column 10
parse error: Invalid numeric literal at line 1, column 10
03/21/21 01:21:49 925787400 1616260909

real	0m3.577s
user	0m0.000s
sys	0m0.031s

real	0m0.279s
user	0m0.031s
sys	0m0.063s
lzkj-isv.isvjcloud.com	FALSE	/	FALSE	1616261513	LZ_TOKEN_VALUE	B0oH3vDY2bhHWuKbVaJ+XQ==
lzkj-isv.isvjcloud.com	FALSE	/	FALSE	1616261513	LZ_TOKEN_KEY	lztokenpage5495e100ed93458b834020ca80b8a5f6
03/21/21 01:21:53 885484600  1616260913
use pt_key

real	0m0.307s
user	0m0.094s
sys	0m0.109s
03/21/21 01:21:54 220037600  1616260914 token: AAFgVi8yADD4h4lbysTlVZeCvoii7bftXgdgY_8zWNn2fWi1pYKs0Lvb9l6IE7JRym9HbfUN_bg

real	0m0.447s
user	0m0.031s
sys	0m0.078s
03/21/21 01:21:54 900212200  1616260914 secretPin: 8zfoIjWIu/DcpxQNzAV7/oVPSWy1B8D+G4s+fJIFDfWHSnwnXFQKK9yQco/OGmHebU48Dr07k+7+k1UaXRbZKg==

03/21/21 01:21:54 947599800  1616260914 王签到冰峰京东自营旗舰店

real	0m0.295s
user	0m0.031s
sys	0m0.031s
parse error: Invalid numeric literal at line 1, column 10
parse error: Invalid numeric literal at line 1, column 10
parse error: Invalid numeric literal at line 1, column 10
parse error: Invalid numeric literal at line 1, column 10
parse error: Invalid numeric literal at line 1, column 10
03/21/21 01:21:56 488097700 1616260916

real	0m3.853s
user	0m0.000s
sys	0m0.031s

real	0m0.285s
user	0m0.016s
sys	0m0.078s
lzkj-isv.isvjcloud.com	FALSE	/	FALSE	1616261520	LZ_TOKEN_VALUE	B0oH3vDY2bhHWuKbVaJ+XQ==
lzkj-isv.isvjcloud.com	FALSE	/	FALSE	1616261520	LZ_TOKEN_KEY	lztokenpage57df106a2f3d43d481b23376f6f6ce86
03/21/21 01:22:00 712753300  1616260920
use pt_key

real	0m0.269s
user	0m0.125s
sys	0m0.078s
03/21/21 01:22:01 044035900  1616260921 token: AAFgVi84ADAJqXOu0hiugZCwfEzllXssIXUyD0Hht6EYZDbV98-7Tq1UxxXPNcetYbC-Wuq36ww

real	0m0.398s
user	0m0.031s
sys	0m0.094s
03/21/21 01:22:01 661404600  1616260921 secretPin: 8zfoIjWIu/DcpxQNzAV7/oVPSWy1B8D+G4s+fJIFDfWHSnwnXFQKK9yQco/OGmHebU48Dr07k+7+k1UaXRbZKg==

03/21/21 01:22:01 684891600  1616260921 王签到冰峰京东自营旗舰店

real	0m0.219s
user	0m0.031s
sys	0m0.063s
parse error: Invalid numeric literal at line 1, column 10
parse error: Invalid numeric literal at line 1, column 10
parse error: Invalid numeric literal at line 1, column 10
parse error: Invalid numeric literal at line 1, column 10
parse error: Invalid numeric literal at line 1, column 10
03/21/21 01:22:03 588811800 1616260923

real	0m4.065s
user	0m0.000s
sys	0m0.063s

real	0m0.205s
user	0m0.031s
sys	0m0.063s
lzkj-isv.isvjcloud.com	FALSE	/	FALSE	1616261527	LZ_TOKEN_VALUE	B0oH3vDY2bhHWuKbVaJ+XQ==
lzkj-isv.isvjcloud.com	FALSE	/	FALSE	1616261527	LZ_TOKEN_KEY	lztokenpage4b891dd6d6ac43a4b4be44cd36d8c771
03/21/21 01:22:07 918602800  1616260927
use pt_key

real	0m0.153s
user	0m0.109s
sys	0m0.078s
03/21/21 01:22:08 098154500  1616260928 token: AAFgVi9AADA65xYiN6hUXTv0z6Re3jt-9Occ6hcr4wkDKO9kKo3gv5xscasYlQZqiMKME1kahZo

real	0m0.363s
user	0m0.031s
sys	0m0.078s
03/21/21 01:22:08 651338100  1616260928 secretPin: 8zfoIjWIu/DcpxQNzAV7/oVPSWy1B8D+G4s+fJIFDfWHSnwnXFQKK9yQco/OGmHebU48Dr07k+7+k1UaXRbZKg==

03/21/21 01:22:08 675449500  1616260928 王签到冰峰京东自营旗舰店

real	0m0.151s
user	0m0.031s
sys	0m0.063s
parse error: Invalid numeric literal at line 1, column 10
parse error: Invalid numeric literal at line 1, column 10
parse error: Invalid numeric literal at line 1, column 10
parse error: Invalid numeric literal at line 1, column 10
parse error: Invalid numeric literal at line 1, column 10
03/21/21 01:22:09 338634000 1616260929

real	0m4.049s
user	0m0.000s
sys	0m0.031s
03/21/21 01:23:13 502270500  1616260993
parse error: Invalid numeric literal at line 1, column 10
签到是否成功解析失败. 不再写/home/myid/jd/jd_signup/lzkj_sevenDay_vender/shop_1615906565_14

王签到冰峰京东自营旗舰店查看结果, 活动规则
{"giftConditions":[{"gift":{"giftInfoId":null,"giftName":"1京豆","venderId":null,"giftType":"6","type":0,"shortLink":"","orginLink":null,"activityId":null,"giftResidue":null,"commonAddAwardVO":null,"name":null,"id":"1176360","activityType":null},"imgUrl":"","giftInfoId":"097db68b65c24c329470b8460b7a451a","dayNum":"1","showType":"0"},{"gift":{"giftInfoId":null,"giftName":"2京豆","venderId":null,"giftType":"6","type":0,"shortLink":"","orginLink":null,"activityId":null,"giftResidue":null,"commonAddAwardVO":null,"name":null,"id":"1176360","activityType":null},"imgUrl":"","giftInfoId":"be196b6248fc404aaa0f18bf95d97284","dayNum":"2","showType":"0"},{"gift":{"giftInfoId":null,"giftName":"3京豆","venderId":null,"giftType":"6","type":0,"shortLink":"","orginLink":null,"activityId":null,"giftResidue":null,"commonAddAwardVO":null,"name":null,"id":"1176360","activityType":null},"imgUrl":"","giftInfoId":"6c47eef123a44c18bcb01c9905430a85","dayNum":"3","showType":"0"},{"gift":{"giftInfoId":null,"giftName":"4京豆","venderId":null,"giftType":"6","type":0,"shortLink":"","orginLink":null,"activityId":null,"giftResidue":null,"commonAddAwardVO":null,"name":null,"id":"1176360","activityType":null},"imgUrl":"","giftInfoId":"e3dba7800dd24f1ebfca80b30f5bac64","dayNum":"4","showType":"0"},{"gift":{"giftInfoId":null,"giftName":"5京豆","venderId":null,"giftType":"6","type":0,"shortLink":"","orginLink":null,"activityId":null,"giftResidue":null,"commonAddAwardVO":null,"name":null,"id":"1176360","activityType":null},"imgUrl":"","giftInfoId":"0d557a33fd374839b8b0b32ccd057928","dayNum":"5","showType":"0"},{"gift":{"giftInfoId":null,"giftName":"6京豆","venderId":null,"giftType":"6","type":0,"shortLink":"","orginLink":null,"activityId":null,"giftResidue":null,"commonAddAwardVO":null,"name":null,"id":"1176360","activityType":null},"imgUrl":"","giftInfoId":"956999b2bedf42a487a2a5427eec0d84","dayNum":"6","showType":"0"},{"gift":{"giftInfoId":null,"giftName":"9京豆","venderId":null,"giftType":"6","type":0,"shortLink":"","orginLink":null,"activityId":null,"giftResidue":null,"commonAddAwardVO":null,"name":null,"id":"1176360","activityType":null},"imgUrl":"","giftInfoId":"4452b2b139c04325aab57ff548324dec","dayNum":"7","showType":"0"}],"msg":"","isOk":true,"isOver":"n","contiSignDays":5,"actRule":"1、活动时间：2021-03-11 14:30 - 2021-04-10 14:30；
2、关注店铺后方可参与活动；
3、符合连续签到赠送条件，则有机会赠送连续签到奖品；
4、连续签到7天后，清零可重新开始；
5、第1天签到，有机会赠送1京豆；
6、第2天签到，有机会赠送2京豆；
7、第3天签到，有机会赠送3京豆；
8、第4天签到，有机会赠送4京豆；
9、第5天签到，有机会赠送5京豆；
10、第6天签到，有机会赠送6京豆；
11、第7天签到，有机会赠送9京豆；
12、签到成功后有机会获得奖品，也有可能会与奖品擦肩而过（奖品数量有限，先到先得）；
13、若用户存在刷奖等恶意行为，一经发现将取消抽奖资格（如奖品已经发放，有权追回奖品）；
注：奖品发放形式：
实物奖：
（1）中奖客户信息收集：页面弹屏提示中奖客户提供收货地址、号码和奖项；(超过1小时未填写对应收货信息，视为放弃);
（2）实物奖采取寄送方式发放，获奖用户需在开奖后填写姓名、联系电话、详细地址信息。如因用户原因无法联系上，即奖品作废不再补发，或如用户未填写真实有效的信息或填写收货信息不详，均视为放弃奖品；
虚拟产品奖：
（1）京豆：中奖后系统预计24小时内自动发放至账户；
（2）优惠券：中奖后需手动领取，预计24小时到账；
【活动参与主体资格】
（1）每位自然人用户仅能使用一个京东账号参与活动，微信号、QQ、京东帐号、手机号码等任一信息一致或指向同一用户的，视为同一个用户，则第一个参与本活动的账号参与结果有效，其余账号参与结果均视为无效。
（2）若发现同一位用户使用不同账号重复参与活动，承办方有权取消其获奖资格。
【注意事项】
（1）活动过程中，凡以不正当手段（如作弊领取、恶意套取、刷信誉、虚假交易、扰乱系统、实施网络攻击等）参与本次活动的用户，商家有权终止其参与活动，并取消其获奖资格（如奖品已发放，商家有权追回），如给商家造成损失的，商家将保留向违规用户继续追索的权利。
（2）如遇不可抗力(包括但不限于重大灾害事件、活动受政府机关指令需要停止举办或调整的、活动中存在大面积作弊行为、活动遭受严重网络攻击或因系统故障导致活动中奖名单大批量出错，活动不能正常进行的)，商家有权取消、修改或暂停本活动。
（3）本活动所发放的实物奖不得提现、不得转赠他人、不得为他人付款。
（4）是否中奖以活动发布者后台统计结果为准。
","followDays":0,"isSign":"n"}

#店铺名称
vendername="冰峰京东自营旗舰店"
#店铺激活码
actId="9b60237dfbc8487688e593fb15570a96"
#店铺id
venderId="1000101662"
#长链接
url="https://lzkj-isv.isvjcloud.com/sign/sevenDay/signActivity?activityId=9b60237dfbc8487688e593fb15570a96&venderId=1000101662&adsource=tg_storePage"

startTime=1615444200
endTime=1618036200
# 活动时间：2021-03-11 14:30 - 2021-04-10 14:30；
# 奖励说明：
actRule="
7天签到
连续签到1天：1京豆
连续签到2天：2京豆
连续签到3天：3京豆
连续签到4天：4京豆
连续签到5天：5京豆
连续签到6天：6京豆
连续签到7天：9京豆
"
#赵 122294312-396444 sign_res
sign_num="5"
giftName="null"
giftRes="ok"
giftDate="20210320"
sign_res_info="7天签到 第 5 天
当天签到奖励 [null]"
#赵 122294312-396444 sign_res_end
#王 1309893722-164885 sign_res
sign_num="5"
giftName="null"
giftRes="ok"
giftDate="20210320"
sign_res_info="7天签到 第 5 天
当天签到奖励 [null]"
#王 1309893722-164885 sign_res_end
#肥鹅 jd_4d651d9e48204 sign_res
sign_num="5"
giftName="null"
giftRes="ok"
giftDate="20210320"
sign_res_info="7天签到 第 5 天
当天签到奖励 [null]"
#肥鹅 jd_4d651d9e48204 sign_res_end
#移动 jd_OeTNobRVGiNZ sign_res
sign_num="0"
giftName=""
giftRes=""
giftDate="20210321"
sign_res_info="7天签到 第 0 天
当天签到奖励 []"
#移动 jd_OeTNobRVGiNZ sign_res_end
