02/15/21 02:02:12 998830100  1613325732
RANDOM_num: 35
removed '/tmp/tmp.0GGLlMPCBs'
02/15/21 02:02:13 227650500  1613325733
王 今天已经签到过. 签到结果: ok  giftDate: 20210215
***********************************************

7天签到 第 0 天
***********************************************

#店铺名称
vendername="佳贝艾特京东自营官方旗舰店"
#店铺激活码
actId="3f6c151718844239b7be3ecca403cd70"
#店铺id
venderId="1000002710"
#长链接
url="https://lzkj-isv.isvjcloud.com/sign/sevenDay/signActivity?activityId=3f6c151718844239b7be3ecca403cd70&venderId=1000002710"

# 奖励说明：
actRule="
7天签到
连续签到1天：20元优惠券
连续签到2天：80元优惠券
连续签到3天：30店铺积分
连续签到4天：50店铺积分
连续签到5天：80店铺积分
连续签到6天：2京豆
连续签到7天：5元京东E卡
"
#赵 122294312-396444 sign_res
sign_days_7="
0"
sign_res_info="
7天签到 第 0 天"
giftRes="ok"
giftDate="20210215"
#赵 122294312-396444 sign_res_end
#王 1309893722-164885 sign_res
sign_days_7="
0"
sign_res_info="
7天签到 第 0 天"
giftRes="ok"
giftDate="20210215"
#王 1309893722-164885 sign_res_end
#肥鹅 jd_4d651d9e48204 sign_res
sign_days_7="
4"
sign_res_info="
7天签到 第 4 天"
giftRes="ok"
giftDate="20210215"
#肥鹅 jd_4d651d9e48204 sign_res_end
#移动 jd_OeTNobRVGiNZ sign_res
sign_days_7="
5"
sign_res_info="
7天签到 第 5 天"
giftRes="ok"
giftDate="20210215"
#移动 jd_OeTNobRVGiNZ sign_res_end
