03/04/21 02:02:29 947849600  1614794549
/home/myid/jd/jd_signup/vender/shop_1614697710_0_delay: line 63: 专享价: command not found
/home/myid/jd/jd_signup/vender/shop_1614697710_0_delay: line 71: $'专享价]\n连续签到 0 天\n签到总天数 9': command not found
RANDOM_num: 45
removed '/tmp/tmp.D9PVkJBdDu'
03/04/21 02:02:30 040146800  1614794550
王 今天已经签到过. 签到结果: ok  giftDate: 20210304
***********************************************

2021/03/01_08:00:00  [已~签~到]      
2021/03/02_08:00:00  [已~签~到]      
2021/03/03_08:00:00  [已~签~到]      
2021/03/04_08:00:00  [已~签~到]      
当天签到奖励 [null]
连续签到 8 天
签到总天数 8
***********************************************

actId=6311b018ecfa4319b37d0003638468af
venderId=143153
startTime=1613973540000
endTime=1616255999000
# 短链接
suo_url="https://3.cn/10-14mlhU"
actTimeStr="2021-02-22 13:59 至 2021-03-20 23:59"
#店铺名称
vendername="歌德老酒行精品旗舰店"
# 长链接
url=https://lzkj-isv.isvjcloud.com/sign/signActivity2?activityId=6311b018ecfa4319b37d0003638468af&venderId=143153&adsource=tg_xuanFuTuBiao
# 活动时间：2021.02.22 13:59:00 - 2021.03.20 23:59:59
# 奖励说明：
actRule="
连续签到1天：1积分 1积分
连续签到3天：10积分 10积分
连续签到5天：10元优惠券
连续签到7天：5京豆 5京豆
连续签到9天：董酒 专享价
"
#肥鹅 jd_4d651d9e48204 sign_res
sign_res="
signTime=1614556800;signed=2
signTime=1614643200;signed=2
signTime=1614729600;signed=2
signTime=1614816000;signed=2"
sign_num="8"
sign_total_num="8"
giftName="null"
giftRes="ok"
giftDate="20210304"
sign_res_info="
2021/03/01_08:00:00  [已~签~到]      
2021/03/02_08:00:00  [已~签~到]      
2021/03/03_08:00:00  [已~签~到]      
2021/03/04_08:00:00  [已~签~到]      
当天签到奖励 [null]
连续签到 8 天
签到总天数 8"
#肥鹅 jd_4d651d9e48204 sign_res_end
#移动 jd_OeTNobRVGiNZ sign_res
sign_res="
"
sign_num="0"
sign_total_num="0"
giftName=""
giftRes=""
giftDate="20210304"
sign_res_info="

当天签到奖励 []
连续签到 0 天
签到总天数 0"
#移动 jd_OeTNobRVGiNZ sign_res_end
#赵 122294312-396444 sign_res
sign_res="
signTime=1614556800;signed=2
signTime=1614643200;signed=2
signTime=1614729600;signed=2
signTime=1614816000;signed=2"
sign_num="0"
sign_total_num="9"
giftName=""董酒 专享价""
giftRes="ok"
giftDate="20210304"
sign_res_info="
2021/03/01_08:00:00  [已~签~到]      
2021/03/02_08:00:00  [已~签~到]      
2021/03/03_08:00:00  [已~签~到]      
2021/03/04_08:00:00  [已~签~到]      
当天签到奖励 ["董酒 专享价"]
连续签到 0 天
签到总天数 9"
#赵 122294312-396444 sign_res_end
#王 1309893722-164885 sign_res
sign_res="
signTime=1614556800;signed=2
signTime=1614643200;signed=2
signTime=1614729600;signed=2
signTime=1614816000;signed=2"
sign_num="8"
sign_total_num="8"
giftName="null"
giftRes="ok"
giftDate="20210304"
sign_res_info="
2021/03/01_08:00:00  [已~签~到]      
2021/03/02_08:00:00  [已~签~到]      
2021/03/03_08:00:00  [已~签~到]      
2021/03/04_08:00:00  [已~签~到]      
当天签到奖励 [null]
连续签到 8 天
签到总天数 8"
#王 1309893722-164885 sign_res_end
