03/21/21 04:00:20 628304900  1616270420
RANDOM_num: 40
removed '/tmp/tmp.RGUwQWnxcA'
03/21/21 04:00:20 726907100  1616270420
赵 今天已经签到过. 签到结果: ok  giftDate: 20210321
***********************************************

2021/03/01_00:00:00  2    未签到
2021/03/02_01:10:33  2    [已~签~到]
2021/03/03_01:07:42  2    [已~签~到]
2021/03/04_01:04:40  2    [已~签~到]
2021/03/05_01:08:48  2    [已~签~到]
2021/03/06_01:07:39  2    [已~签~到]
2021/03/07_01:09:21  2    [已~签~到]
2021/03/08_01:07:54  2    [已~签~到]
2021/03/09_01:08:48  2    [已~签~到]
2021/03/10_01:08:45  2    [已~签~到]
2021/03/11_01:07:33  2    [已~签~到]
2021/03/12_01:07:09  2    [已~签~到]
2021/03/13_01:07:16  2    [已~签~到]
2021/03/14_01:08:49  2    [已~签~到]
2021/03/15_01:07:46  2    [已~签~到]
2021/03/16_01:04:34  2    [已~签~到]
2021/03/17_01:07:03  2    [已~签~到]
2021/03/18_01:06:58  2    [已~签~到]
2021/03/19_01:05:23  2    [已~签~到]
2021/03/20_01:07:43  2    [已~签~到]
2021/03/21_01:06:32  1    [已~签~到]
2021/03/22_00:00:00  3    未签到
2021/03/23_00:00:00  3    未签到
2021/03/24_00:00:00  3    未签到
2021/03/25_00:00:00  3    未签到
2021/03/26_00:00:00  3    未签到
2021/03/27_00:00:00  3    未签到
2021/03/28_00:00:00  3    未签到
2021/03/29_00:00:00  3    未签到
2021/03/30_00:00:00  3    未签到
当天签到奖励 []
已签到 20 天
***********************************************

03/21/21 04:00:20 740059700  1616270420 检查122294312-396444签到
removed '/tmp/tmp.noAFk93lKE'
王 今天已经签到过. 签到结果: ok  giftDate: 20210321
***********************************************

2021/03/01_00:00:00  2    未签到
2021/03/02_01:10:33  2    [已~签~到]
2021/03/03_01:07:42  2    [已~签~到]
2021/03/04_01:04:40  2    [已~签~到]
2021/03/05_01:08:48  2    [已~签~到]
2021/03/06_01:07:40  2    [已~签~到]
2021/03/07_01:09:22  2    [已~签~到]
2021/03/08_01:07:54  2    [已~签~到]
2021/03/09_01:08:48  2    [已~签~到]
2021/03/10_01:08:45  2    [已~签~到]
2021/03/11_01:07:33  2    [已~签~到]
2021/03/12_01:07:09  2    [已~签~到]
2021/03/13_01:07:16  2    [已~签~到]
2021/03/14_01:08:50  2    [已~签~到]
2021/03/15_01:07:46  2    [已~签~到]
2021/03/16_01:04:35  2    [已~签~到]
2021/03/17_01:07:03  2    [已~签~到]
2021/03/18_01:06:59  2    [已~签~到]
2021/03/19_01:05:23  2    [已~签~到]
2021/03/20_01:07:43  2    [已~签~到]
2021/03/21_01:06:32  1    [已~签~到]
2021/03/22_00:00:00  3    未签到
2021/03/23_00:00:00  3    未签到
2021/03/24_00:00:00  3    未签到
2021/03/25_00:00:00  3    未签到
2021/03/26_00:00:00  3    未签到
2021/03/27_00:00:00  3    未签到
2021/03/28_00:00:00  3    未签到
2021/03/29_00:00:00  3    未签到
2021/03/30_00:00:00  3    未签到
当天签到奖励 []
已签到 20 天
***********************************************

03/21/21 04:00:20 819740100  1616270420 检查1309893722-164885签到
今天已全部签到过
# 短链接
suo_url=""
venderId=1000332147
startTime=1614528000000
endTime=1617119999000
activityId=10275083
token=1745AC83F45BCFC5E1E29EB08F012A81
#店铺名称
vendername="橙影（Morange）京东自营旗舰店"
# 长链接
url=https://h5.m.jd.com/babelDiy/Zeus/2PAAf74aG3D61qvfKUM5dxUssJQ9/index.html?token=1745AC83F45BCFC5E1E29EB08F012A81
# 活动时间：2021.03.01 00:00:00 - 2021.03.30 23:59:59
# 奖励说明：
actRule="
每日签到：2京豆
连续签到27天：100京豆
"
#赵 122294312-396444 sign_res
sign_res="
signTime=1614528000;signed=1;currentDay=2
signTime=1614618633;signed=2;currentDay=2
signTime=1614704862;signed=2;currentDay=2
signTime=1614791080;signed=2;currentDay=2
signTime=1614877728;signed=2;currentDay=2
signTime=1614964059;signed=2;currentDay=2
signTime=1615050561;signed=2;currentDay=2
signTime=1615136874;signed=2;currentDay=2
signTime=1615223328;signed=2;currentDay=2
signTime=1615309725;signed=2;currentDay=2
signTime=1615396053;signed=2;currentDay=2
signTime=1615482429;signed=2;currentDay=2
signTime=1615568836;signed=2;currentDay=2
signTime=1615655329;signed=2;currentDay=2
signTime=1615741666;signed=2;currentDay=2
signTime=1615827874;signed=2;currentDay=2
signTime=1615914423;signed=2;currentDay=2
signTime=1616000818;signed=2;currentDay=2
signTime=1616087123;signed=2;currentDay=2
signTime=1616173663;signed=2;currentDay=2
signTime=1616259992;signed=2;currentDay=1
signTime=1616342400;signed=1;currentDay=3
signTime=1616428800;signed=1;currentDay=3
signTime=1616515200;signed=1;currentDay=3
signTime=1616601600;signed=1;currentDay=3
signTime=1616688000;signed=1;currentDay=3
signTime=1616774400;signed=1;currentDay=3
signTime=1616860800;signed=1;currentDay=3
signTime=1616947200;signed=1;currentDay=3
signTime=1617033600;signed=1;currentDay=3"
sign_num="20"
giftName=""
giftRes="ok"
giftDate="20210321"
sign_res_info="
2021/03/01_00:00:00  2    未签到
2021/03/02_01:10:33  2    [已~签~到]
2021/03/03_01:07:42  2    [已~签~到]
2021/03/04_01:04:40  2    [已~签~到]
2021/03/05_01:08:48  2    [已~签~到]
2021/03/06_01:07:39  2    [已~签~到]
2021/03/07_01:09:21  2    [已~签~到]
2021/03/08_01:07:54  2    [已~签~到]
2021/03/09_01:08:48  2    [已~签~到]
2021/03/10_01:08:45  2    [已~签~到]
2021/03/11_01:07:33  2    [已~签~到]
2021/03/12_01:07:09  2    [已~签~到]
2021/03/13_01:07:16  2    [已~签~到]
2021/03/14_01:08:49  2    [已~签~到]
2021/03/15_01:07:46  2    [已~签~到]
2021/03/16_01:04:34  2    [已~签~到]
2021/03/17_01:07:03  2    [已~签~到]
2021/03/18_01:06:58  2    [已~签~到]
2021/03/19_01:05:23  2    [已~签~到]
2021/03/20_01:07:43  2    [已~签~到]
2021/03/21_01:06:32  1    [已~签~到]
2021/03/22_00:00:00  3    未签到
2021/03/23_00:00:00  3    未签到
2021/03/24_00:00:00  3    未签到
2021/03/25_00:00:00  3    未签到
2021/03/26_00:00:00  3    未签到
2021/03/27_00:00:00  3    未签到
2021/03/28_00:00:00  3    未签到
2021/03/29_00:00:00  3    未签到
2021/03/30_00:00:00  3    未签到
当天签到奖励 []
已签到 20 天"
#赵 122294312-396444 sign_res_end
#王 1309893722-164885 sign_res
sign_res="
signTime=1614528000;signed=1;currentDay=2
signTime=1614618633;signed=2;currentDay=2
signTime=1614704862;signed=2;currentDay=2
signTime=1614791080;signed=2;currentDay=2
signTime=1614877728;signed=2;currentDay=2
signTime=1614964060;signed=2;currentDay=2
signTime=1615050562;signed=2;currentDay=2
signTime=1615136874;signed=2;currentDay=2
signTime=1615223328;signed=2;currentDay=2
signTime=1615309725;signed=2;currentDay=2
signTime=1615396053;signed=2;currentDay=2
signTime=1615482429;signed=2;currentDay=2
signTime=1615568836;signed=2;currentDay=2
signTime=1615655330;signed=2;currentDay=2
signTime=1615741666;signed=2;currentDay=2
signTime=1615827875;signed=2;currentDay=2
signTime=1615914423;signed=2;currentDay=2
signTime=1616000819;signed=2;currentDay=2
signTime=1616087123;signed=2;currentDay=2
signTime=1616173663;signed=2;currentDay=2
signTime=1616259992;signed=2;currentDay=1
signTime=1616342400;signed=1;currentDay=3
signTime=1616428800;signed=1;currentDay=3
signTime=1616515200;signed=1;currentDay=3
signTime=1616601600;signed=1;currentDay=3
signTime=1616688000;signed=1;currentDay=3
signTime=1616774400;signed=1;currentDay=3
signTime=1616860800;signed=1;currentDay=3
signTime=1616947200;signed=1;currentDay=3
signTime=1617033600;signed=1;currentDay=3"
sign_num="20"
giftName=""
giftRes="ok"
giftDate="20210321"
sign_res_info="
2021/03/01_00:00:00  2    未签到
2021/03/02_01:10:33  2    [已~签~到]
2021/03/03_01:07:42  2    [已~签~到]
2021/03/04_01:04:40  2    [已~签~到]
2021/03/05_01:08:48  2    [已~签~到]
2021/03/06_01:07:40  2    [已~签~到]
2021/03/07_01:09:22  2    [已~签~到]
2021/03/08_01:07:54  2    [已~签~到]
2021/03/09_01:08:48  2    [已~签~到]
2021/03/10_01:08:45  2    [已~签~到]
2021/03/11_01:07:33  2    [已~签~到]
2021/03/12_01:07:09  2    [已~签~到]
2021/03/13_01:07:16  2    [已~签~到]
2021/03/14_01:08:50  2    [已~签~到]
2021/03/15_01:07:46  2    [已~签~到]
2021/03/16_01:04:35  2    [已~签~到]
2021/03/17_01:07:03  2    [已~签~到]
2021/03/18_01:06:59  2    [已~签~到]
2021/03/19_01:05:23  2    [已~签~到]
2021/03/20_01:07:43  2    [已~签~到]
2021/03/21_01:06:32  1    [已~签~到]
2021/03/22_00:00:00  3    未签到
2021/03/23_00:00:00  3    未签到
2021/03/24_00:00:00  3    未签到
2021/03/25_00:00:00  3    未签到
2021/03/26_00:00:00  3    未签到
2021/03/27_00:00:00  3    未签到
2021/03/28_00:00:00  3    未签到
2021/03/29_00:00:00  3    未签到
2021/03/30_00:00:00  3    未签到
当天签到奖励 []
已签到 20 天"
#王 1309893722-164885 sign_res_end
#肥鹅 jd_4d651d9e48204 sign_res
sign_res="
signTime=1614612194;signed=2;currentDay=2
signTime=1614618677;signed=2;currentDay=2
signTime=1614704911;signed=2;currentDay=2
signTime=1614791099;signed=2;currentDay=2
signTime=1614877768;signed=2;currentDay=2
signTime=1614964069;signed=2;currentDay=2
signTime=1615050586;signed=2;currentDay=2
signTime=1615136898;signed=2;currentDay=2
signTime=1615223377;signed=2;currentDay=2
signTime=1615309749;signed=2;currentDay=2
signTime=1615396087;signed=2;currentDay=2
signTime=1615482478;signed=2;currentDay=2
signTime=1615568881;signed=2;currentDay=2
signTime=1615655339;signed=2;currentDay=2
signTime=1615741675;signed=2;currentDay=2
signTime=1615827909;signed=2;currentDay=2
signTime=1615914467;signed=2;currentDay=2
signTime=1616000852;signed=2;currentDay=2
signTime=1616087152;signed=2;currentDay=2
signTime=1616173713;signed=2;currentDay=2
signTime=1616260036;signed=2;currentDay=1
signTime=1616342400;signed=1;currentDay=3
signTime=1616428800;signed=1;currentDay=3
signTime=1616515200;signed=1;currentDay=3
signTime=1616601600;signed=1;currentDay=3
signTime=1616688000;signed=1;currentDay=3
signTime=1616774400;signed=1;currentDay=3
signTime=1616860800;signed=1;currentDay=3
signTime=1616947200;signed=1;currentDay=3
signTime=1617033600;signed=1;currentDay=3"
sign_num="21"
giftName=""
giftRes="ok"
giftDate="20210321"
sign_res_info="
2021/03/01_23:23:14  2    [已~签~到]
2021/03/02_01:11:17  2    [已~签~到]
2021/03/03_01:08:31  2    [已~签~到]
2021/03/04_01:04:59  2    [已~签~到]
2021/03/05_01:09:28  2    [已~签~到]
2021/03/06_01:07:49  2    [已~签~到]
2021/03/07_01:09:46  2    [已~签~到]
2021/03/08_01:08:18  2    [已~签~到]
2021/03/09_01:09:37  2    [已~签~到]
2021/03/10_01:09:09  2    [已~签~到]
2021/03/11_01:08:07  2    [已~签~到]
2021/03/12_01:07:58  2    [已~签~到]
2021/03/13_01:08:01  2    [已~签~到]
2021/03/14_01:08:59  2    [已~签~到]
2021/03/15_01:07:55  2    [已~签~到]
2021/03/16_01:05:09  2    [已~签~到]
2021/03/17_01:07:47  2    [已~签~到]
2021/03/18_01:07:32  2    [已~签~到]
2021/03/19_01:05:52  2    [已~签~到]
2021/03/20_01:08:33  2    [已~签~到]
2021/03/21_01:07:16  1    [已~签~到]
2021/03/22_00:00:00  3    未签到
2021/03/23_00:00:00  3    未签到
2021/03/24_00:00:00  3    未签到
2021/03/25_00:00:00  3    未签到
2021/03/26_00:00:00  3    未签到
2021/03/27_00:00:00  3    未签到
2021/03/28_00:00:00  3    未签到
2021/03/29_00:00:00  3    未签到
2021/03/30_00:00:00  3    未签到
当天签到奖励 []
已签到 21 天"
#肥鹅 jd_4d651d9e48204 sign_res_end
#移动 jd_OeTNobRVGiNZ sign_res
sign_res="
signTime=1614599367;signed=2;currentDay=2
signTime=1614618677;signed=2;currentDay=2
signTime=1614704911;signed=2;currentDay=2
signTime=1614791099;signed=2;currentDay=2
signTime=1614877768;signed=2;currentDay=2
signTime=1614964069;signed=2;currentDay=2
signTime=1615050586;signed=2;currentDay=2
signTime=1615136898;signed=2;currentDay=2
signTime=1615223377;signed=2;currentDay=2
signTime=1615309749;signed=2;currentDay=2
signTime=1615396087;signed=2;currentDay=2
signTime=1615482478;signed=2;currentDay=2
signTime=1615568881;signed=2;currentDay=2
signTime=1615655339;signed=2;currentDay=2
signTime=1615741676;signed=2;currentDay=2
signTime=1615827909;signed=2;currentDay=2
signTime=1615914468;signed=2;currentDay=2
signTime=1616000853;signed=2;currentDay=2
signTime=1616087152;signed=2;currentDay=2
signTime=1616173713;signed=2;currentDay=2
signTime=1616260036;signed=2;currentDay=1
signTime=1616342400;signed=1;currentDay=3
signTime=1616428800;signed=1;currentDay=3
signTime=1616515200;signed=1;currentDay=3
signTime=1616601600;signed=1;currentDay=3
signTime=1616688000;signed=1;currentDay=3
signTime=1616774400;signed=1;currentDay=3
signTime=1616860800;signed=1;currentDay=3
signTime=1616947200;signed=1;currentDay=3
signTime=1617033600;signed=1;currentDay=3"
sign_num="21"
giftName=""
giftRes="ok"
giftDate="20210321"
sign_res_info="
2021/03/01_19:49:27  2    [已~签~到]
2021/03/02_01:11:17  2    [已~签~到]
2021/03/03_01:08:31  2    [已~签~到]
2021/03/04_01:04:59  2    [已~签~到]
2021/03/05_01:09:28  2    [已~签~到]
2021/03/06_01:07:49  2    [已~签~到]
2021/03/07_01:09:46  2    [已~签~到]
2021/03/08_01:08:18  2    [已~签~到]
2021/03/09_01:09:37  2    [已~签~到]
2021/03/10_01:09:09  2    [已~签~到]
2021/03/11_01:08:07  2    [已~签~到]
2021/03/12_01:07:58  2    [已~签~到]
2021/03/13_01:08:01  2    [已~签~到]
2021/03/14_01:08:59  2    [已~签~到]
2021/03/15_01:07:56  2    [已~签~到]
2021/03/16_01:05:09  2    [已~签~到]
2021/03/17_01:07:48  2    [已~签~到]
2021/03/18_01:07:33  2    [已~签~到]
2021/03/19_01:05:52  2    [已~签~到]
2021/03/20_01:08:33  2    [已~签~到]
2021/03/21_01:07:16  1    [已~签~到]
2021/03/22_00:00:00  3    未签到
2021/03/23_00:00:00  3    未签到
2021/03/24_00:00:00  3    未签到
2021/03/25_00:00:00  3    未签到
2021/03/26_00:00:00  3    未签到
2021/03/27_00:00:00  3    未签到
2021/03/28_00:00:00  3    未签到
2021/03/29_00:00:00  3    未签到
2021/03/30_00:00:00  3    未签到
当天签到奖励 []
已签到 21 天"
#移动 jd_OeTNobRVGiNZ sign_res_end
