lzkj-isv.isvjcloud.com	FALSE	/	FALSE	1612807900	LZ_TOKEN_VALUE	B0oH3vDY2bhHWuKbVaJ+XQ==
lzkj-isv.isvjcloud.com	FALSE	/	FALSE	1612807900	LZ_TOKEN_KEY	lztokenpage5371f1abe0f549aab6ecd3ab1563f5df
use pt_key
token: AAFgIXyEADAdDhjN4Fq_AR-0zJ-xoI9d88FkACEIu2k6oU-pvxdudgZYY03uPWidBe7vJJSENYs
secretPin: 51S2JqsypB/nfj45frYeoU7oeVP9kq2pYSH90mYt4m3fwcJlClpxrfmVYaGKuquQkdK3rLBQpEQH9V4tdrrh0w==

02/09/21 02:01:40 851067300  1612807300
赵签到伊利牛奶旗舰店
{
  "msg": "该活动已经结束",
  "code": "-1",
  "isOk": false
}
"该活动已经结束"
签到伊利牛奶旗舰店完成

赵签到伊利牛奶旗舰店查看结果
{
  "signDetail": null,
  "contiSignNum": null,
  "totalSignNum": null
}

伊利牛奶旗舰店活动规则
{"msg":"","code":"-1","isOk":false}

{
  "actUrl": null,
  "shortUrl": null,
  "actRule": null
}
