04/03/21 04:02:04 707470000  1617393724
RANDOM_num: 30
removed '/tmp/tmp.OEnysAbqCk'
04/03/21 04:02:04 787179900  1617393724
王 今天已经签到过. 签到结果: ok  giftDate: 20210403
***********************************************

2021/04/02_08:00:00  [已~签~到]      
2021/04/03_08:00:00  [已~签~到]      
当天签到奖励 [5积分]
连续签到 2 天
签到总天数 2
***********************************************

actId=01b0bc506a214d8680b53179174516c5
venderId=1000072509
startTime=1615384800000
endTime=1617898199000
# 短链接
suo_url="https://3.cn/101-chJXg"
actTimeStr="2021-03-10 22:00 至 2021-04-09 00:09"
#店铺名称
vendername="联想商用京东自营旗舰店"
# 长链接
url=https://lzkj-isv.isvjcloud.com/sign/signActivity2?activityId=01b0bc506a214d8680b53179174516c5&venderId=1000072509
# 活动时间：2021.03.10 22:00:00 - 2021.04.09 00:09:59
# 奖励说明：
actRule="
连续签到5天：20积分 20积分
连续签到10天：30积分 30积分
连续签到15天：40积分 40积分
连续签到20天：50积分 50积分
连续签到25天：60积分 60积分
连续签到30天：5京豆 5京豆
"
#赵 122294312-396444 sign_res
sign_res="
signTime=1617321600;signed=2
signTime=1617408000;signed=2"
sign_num="2"
sign_total_num="2"
giftName=""5积分""
giftRes="ok"
giftDate="20210403"
sign_res_info="
2021/04/02_08:00:00  [已~签~到]      
2021/04/03_08:00:00  [已~签~到]      
当天签到奖励 ["5积分"]
连续签到 2 天
签到总天数 2"
#赵 122294312-396444 sign_res_end
#王 1309893722-164885 sign_res
sign_res="
signTime=1617321600;signed=2
signTime=1617408000;signed=2"
sign_num="2"
sign_total_num="2"
giftName=""5积分""
giftRes="ok"
giftDate="20210403"
sign_res_info="
2021/04/02_08:00:00  [已~签~到]      
2021/04/03_08:00:00  [已~签~到]      
当天签到奖励 ["5积分"]
连续签到 2 天
签到总天数 2"
#王 1309893722-164885 sign_res_end
#肥鹅 jd_4d651d9e48204 sign_res
sign_res="
signTime=1617321600;signed=2
signTime=1617408000;signed=2"
sign_num="2"
sign_total_num="2"
giftName=""5积分""
giftRes="ok"
giftDate="20210403"
sign_res_info="
2021/04/02_08:00:00  [已~签~到]      
2021/04/03_08:00:00  [已~签~到]      
当天签到奖励 ["5积分"]
连续签到 2 天
签到总天数 2"
#肥鹅 jd_4d651d9e48204 sign_res_end
#移动 jd_OeTNobRVGiNZ sign_res
sign_res="
"
sign_num="0"
sign_total_num="0"
giftName=""
giftRes=""
giftDate="20210403"
sign_res_info="

当天签到奖励 []
连续签到 0 天
签到总天数 0"
#移动 jd_OeTNobRVGiNZ sign_res_end
