03/02/21 01:18:40 557369500  1614619120
RANDOM_num: 35
removed '/tmp/tmp.HfYCRx75D4'
03/02/21 01:18:41 116688900  1614619121 检查移动签到

real	0m0.187s
user	0m0.000s
sys	0m0.109s
[WARN] get LZ_TOKEN error
03/02/21 01:18:41 607397600  1614619121
use wskey

real	0m0.275s
user	0m0.047s
sys	0m0.141s
03/02/21 01:18:41 939423100  1614619121 token: AAFgPSHxADAYwjlIonOEdL2-ElH8CwbzryhD3ftvcGGT3nR7n5ZuaaBh7aecl6SGfUUBm_SCIxM
parse error: Invalid numeric literal at line 1, column 10

real	0m0.303s
user	0m0.125s
sys	0m0.031s
03/02/21 01:18:42 276839000  1614619122 secretPin: 
[WARN] get secretPin error

03/02/21 01:18:42 320562800  1614619122 移动签到安我（AND ALL）健康京东自营旗舰店

real	0m0.243s
user	0m0.031s
sys	0m0.063s
parse error: Invalid numeric literal at line 1, column 10
parse error: Invalid numeric literal at line 1, column 10
parse error: Invalid numeric literal at line 1, column 10
parse error: Invalid numeric literal at line 1, column 10
parse error: Invalid numeric literal at line 1, column 10
03/02/21 01:18:43 453187000 1614619123

real	0m0.412s
user	0m0.000s
sys	0m0.078s

real	0m0.321s
user	0m0.031s
sys	0m0.047s
[WARN] get LZ_TOKEN error
03/02/21 01:18:44 303772100  1614619124
use wskey

real	0m0.281s
user	0m0.078s
sys	0m0.094s
03/02/21 01:18:44 630091700  1614619124 token: AAFgPSH0ADBoJPX5B7aJ7Z5FNGk-Sv2d6EyG5rqQU9kEhe_uRRfI0SsFn_YPgqWIrnL54LOdirE
parse error: Invalid numeric literal at line 1, column 10

real	0m0.317s
user	0m0.125s
sys	0m0.109s
03/02/21 01:18:44 983632900  1614619124 secretPin: 
[WARN] get secretPin error

03/02/21 01:18:45 015574500  1614619125 移动签到安我（AND ALL）健康京东自营旗舰店

real	0m0.383s
user	0m0.000s
sys	0m0.125s
parse error: Invalid numeric literal at line 1, column 10
parse error: Invalid numeric literal at line 1, column 10
parse error: Invalid numeric literal at line 1, column 10
parse error: Invalid numeric literal at line 1, column 10
parse error: Invalid numeric literal at line 1, column 10
03/02/21 01:18:46 333770700 1614619126

real	0m0.515s
user	0m0.000s
sys	0m0.016s

real	0m0.805s
user	0m0.016s
sys	0m0.078s
[WARN] get LZ_TOKEN error
03/02/21 01:18:47 932433700  1614619127
use wskey

real	0m0.511s
user	0m0.109s
sys	0m0.078s
03/02/21 01:18:48 583952600  1614619128 token: AAFgPSH4ADBlxhEdAiNcTz0psvPMYHkME872ai5ZU1hnOCvlkDZuZo3b-QfnRjt1736lCT39UGI
parse error: Invalid numeric literal at line 1, column 10

real	0m0.372s
user	0m0.156s
sys	0m0.047s
03/02/21 01:18:49 021361700  1614619129 secretPin: 
[WARN] get secretPin error

03/02/21 01:18:49 056759300  1614619129 移动签到安我（AND ALL）健康京东自营旗舰店

real	0m0.226s
user	0m0.031s
sys	0m0.047s
parse error: Invalid numeric literal at line 1, column 10
parse error: Invalid numeric literal at line 1, column 10
parse error: Invalid numeric literal at line 1, column 10
parse error: Invalid numeric literal at line 1, column 10
parse error: Invalid numeric literal at line 1, column 10
03/02/21 01:18:49 974187000 1614619129

real	0m0.765s
user	0m0.000s
sys	0m0.047s

real	0m0.301s
user	0m0.000s
sys	0m0.094s
[WARN] get LZ_TOKEN error
03/02/21 01:18:51 176330700  1614619131
use wskey

real	0m0.308s
user	0m0.125s
sys	0m0.078s
03/02/21 01:18:51 609602300  1614619131 token: AAFgPSH7ADC7Xku_quf9QqbJYH_sdNJV9l2P8LyzAT2g3dlO7P7y3CIjZJor4VAK4cioiYOzD0Y
parse error: Invalid numeric literal at line 1, column 10

real	0m0.428s
user	0m0.109s
sys	0m0.078s
03/02/21 01:18:52 127683500  1614619132 secretPin: 
[WARN] get secretPin error

03/02/21 01:18:52 194987500  1614619132 移动签到安我（AND ALL）健康京东自营旗舰店

real	0m0.436s
user	0m0.031s
sys	0m0.063s
parse error: Invalid numeric literal at line 1, column 10
parse error: Invalid numeric literal at line 1, column 10
parse error: Invalid numeric literal at line 1, column 10
parse error: Invalid numeric literal at line 1, column 10
parse error: Invalid numeric literal at line 1, column 10
03/02/21 01:18:54 035429800 1614619134

real	0m1.027s
user	0m0.000s
sys	0m0.031s

real	0m0.552s
user	0m0.031s
sys	0m0.078s
[WARN] get LZ_TOKEN error
03/02/21 01:18:55 780364300  1614619135
use wskey

real	0m0.480s
user	0m0.094s
sys	0m0.125s
03/02/21 01:18:56 378104300  1614619136 token: AAFgPSIAADDwWJKbY0Rbme20N2U8rZN76mK-22WuA9Kl7bimU_paMuCM3pzi18SeM_LJPsUzpfk
parse error: Invalid numeric literal at line 1, column 10

real	0m0.535s
user	0m0.094s
sys	0m0.063s
03/02/21 01:18:56 976246200  1614619136 secretPin: 
[WARN] get secretPin error

03/02/21 01:18:57 124028800  1614619137 移动签到安我（AND ALL）健康京东自营旗舰店

real	0m0.428s
user	0m0.016s
sys	0m0.094s
parse error: Invalid numeric literal at line 1, column 10
parse error: Invalid numeric literal at line 1, column 10
parse error: Invalid numeric literal at line 1, column 10
parse error: Invalid numeric literal at line 1, column 10
parse error: Invalid numeric literal at line 1, column 10
03/02/21 01:18:58 820848200 1614619138

real	0m1.390s
user	0m0.000s
sys	0m0.031s

real	0m0.755s
user	0m0.031s
sys	0m0.047s
[WARN] get LZ_TOKEN error
03/02/21 01:19:01 553130100  1614619141
use wskey

real	0m0.716s
user	0m0.078s
sys	0m0.125s
03/02/21 01:19:02 474907000  1614619142 token: AAFgPSIGADBQWbao0IOmRU8z8m-tu3yw0a0tDT6Idnxuj6I5I14M3TfF6qv_TNmlfvRmsGIeDcI
parse error: Invalid numeric literal at line 1, column 10

real	0m0.728s
user	0m0.109s
sys	0m0.094s
03/02/21 01:19:03 432359000  1614619143 secretPin: 
[WARN] get secretPin error

03/02/21 01:19:03 593806900  1614619143 移动签到安我（AND ALL）健康京东自营旗舰店

real	0m0.600s
user	0m0.031s
sys	0m0.109s
parse error: Invalid numeric literal at line 1, column 10
parse error: Invalid numeric literal at line 1, column 10
parse error: Invalid numeric literal at line 1, column 10
parse error: Invalid numeric literal at line 1, column 10
parse error: Invalid numeric literal at line 1, column 10
03/02/21 01:19:06 270846200 1614619146

real	0m1.452s
user	0m0.000s
sys	0m0.016s

real	0m0.927s
user	0m0.016s
sys	0m0.094s
[WARN] get LZ_TOKEN error
03/02/21 01:19:09 126791600  1614619149
use wskey

real	0m0.747s
user	0m0.141s
sys	0m0.063s
03/02/21 01:19:10 025257400  1614619150 token: AAFgPSINADAlp7TxUEdudsAC_PQSVlbcEa_7IhHUifFq0h5lM69s-yEueZiYvN2-RKwwczbzGas
parse error: Invalid numeric literal at line 1, column 10

real	0m0.773s
user	0m0.125s
sys	0m0.063s
03/02/21 01:19:10 893683800  1614619150 secretPin: 
[WARN] get secretPin error

03/02/21 01:19:11 018586600  1614619151 移动签到安我（AND ALL）健康京东自营旗舰店

real	0m0.678s
user	0m0.016s
sys	0m0.109s
parse error: Invalid numeric literal at line 1, column 10
parse error: Invalid numeric literal at line 1, column 10
parse error: Invalid numeric literal at line 1, column 10
parse error: Invalid numeric literal at line 1, column 10
parse error: Invalid numeric literal at line 1, column 10
03/02/21 01:19:14 148988900 1614619154

real	0m1.761s
user	0m0.000s
sys	0m0.016s

real	0m1.416s
user	0m0.031s
sys	0m0.094s
[WARN] get LZ_TOKEN error
03/02/21 01:19:17 781395000  1614619157
use wskey

real	0m0.387s
user	0m0.094s
sys	0m0.109s
03/02/21 01:19:18 535224800  1614619158 token: AAFgPSIWADCBIgEkGUlGDKUtdI3HKc1BwP7pKB4CrBsiA9EzhyNHe4hbo33PLN28yGGW7nSYxIo
parse error: Invalid numeric literal at line 1, column 10

real	0m0.951s
user	0m0.109s
sys	0m0.094s
03/02/21 01:19:19 726085200  1614619159 secretPin: 
[WARN] get secretPin error

03/02/21 01:19:19 917987500  1614619159 移动签到安我（AND ALL）健康京东自营旗舰店

real	0m0.664s
user	0m0.047s
sys	0m0.031s
parse error: Invalid numeric literal at line 1, column 10
parse error: Invalid numeric literal at line 1, column 10
parse error: Invalid numeric literal at line 1, column 10
parse error: Invalid numeric literal at line 1, column 10
parse error: Invalid numeric literal at line 1, column 10
03/02/21 01:19:22 520642500 1614619162

real	0m2.014s
user	0m0.000s
sys	0m0.063s

real	0m0.545s
user	0m0.031s
sys	0m0.109s
[WARN] get LZ_TOKEN error
03/02/21 01:19:25 476223300  1614619165
use wskey

real	0m0.579s
user	0m0.094s
sys	0m0.078s
03/02/21 01:19:26 239769700  1614619166 token: AAFgPSIeADBkb570QDS94nHMs3cIeKkVoCGpTS-alo1H-60sGJM9qhQgQtERw9WJDCKHy2etBgI
parse error: Invalid numeric literal at line 1, column 10

real	0m0.764s
user	0m0.125s
sys	0m0.078s
03/02/21 01:19:27 173313700  1614619167 secretPin: 
[WARN] get secretPin error

03/02/21 01:19:27 325492000  1614619167 移动签到安我（AND ALL）健康京东自营旗舰店

real	0m0.620s
user	0m0.047s
sys	0m0.094s
parse error: Invalid numeric literal at line 1, column 10
parse error: Invalid numeric literal at line 1, column 10
parse error: Invalid numeric literal at line 1, column 10
parse error: Invalid numeric literal at line 1, column 10
parse error: Invalid numeric literal at line 1, column 10
03/02/21 01:19:30 356165800 1614619170

real	0m2.219s
user	0m0.000s
sys	0m0.047s

real	0m0.534s
user	0m0.031s
sys	0m0.109s
[WARN] get LZ_TOKEN error
03/02/21 01:19:33 423346500  1614619173
use wskey

real	0m0.567s
user	0m0.078s
sys	0m0.078s
03/02/21 01:19:34 203484800  1614619174 token: AAFgPSImADAK_at6bFKFayMEVetxNwsd587ginrvId_0Wq_k0L0V-JFYL5LlvCXNcbOMuyqNDfk
parse error: Invalid numeric literal at line 1, column 10

real	0m0.561s
user	0m0.094s
sys	0m0.141s
03/02/21 01:19:34 839020700  1614619174 secretPin: 
[WARN] get secretPin error

03/02/21 01:19:34 966414700  1614619174 移动签到安我（AND ALL）健康京东自营旗舰店

real	0m0.818s
user	0m0.016s
sys	0m0.094s
parse error: Invalid numeric literal at line 1, column 10
parse error: Invalid numeric literal at line 1, column 10
parse error: Invalid numeric literal at line 1, column 10
parse error: Invalid numeric literal at line 1, column 10
parse error: Invalid numeric literal at line 1, column 10
03/02/21 01:19:37 970080800 1614619177

real	0m2.386s
user	0m0.016s
sys	0m0.047s

real	0m0.773s
user	0m0.047s
sys	0m0.094s
[WARN] get LZ_TOKEN error
03/02/21 01:19:41 405814400  1614619181
use wskey

real	0m0.490s
user	0m0.109s
sys	0m0.109s
03/02/21 01:19:42 009070700  1614619182 token: AAFgPSItADDHlkud7IMP6qu1kxEUYAFeqNtvRPlPl-cAIuaukZjIDXgV-0c-DUgiMiOYjTUcsx0
parse error: Invalid numeric literal at line 1, column 10

real	0m0.863s
user	0m0.094s
sys	0m0.109s
03/02/21 01:19:43 002409300  1614619183 secretPin: 
[WARN] get secretPin error

03/02/21 01:19:43 140192800  1614619183 移动签到安我（AND ALL）健康京东自营旗舰店

real	0m0.613s
user	0m0.031s
sys	0m0.078s
parse error: Invalid numeric literal at line 1, column 10
parse error: Invalid numeric literal at line 1, column 10
parse error: Invalid numeric literal at line 1, column 10
parse error: Invalid numeric literal at line 1, column 10
parse error: Invalid numeric literal at line 1, column 10
03/02/21 01:19:45 627447300 1614619185

real	0m2.440s
user	0m0.000s
sys	0m0.078s

real	0m0.743s
user	0m0.016s
sys	0m0.141s
[WARN] get LZ_TOKEN error
03/02/21 01:19:49 125111900  1614619189
use wskey

real	0m0.648s
user	0m0.063s
sys	0m0.125s
03/02/21 01:19:49 885500000  1614619189 token: AAFgPSI1ADARTHxr1qKxta6pQfbN4CYTQ2w-_yElVGjw9Ksh6fg5t-O0BXH0FENJCk7QgJM8Pqw
parse error: Invalid numeric literal at line 1, column 10

real	0m0.532s
user	0m0.109s
sys	0m0.094s
03/02/21 01:19:50 513863800  1614619190 secretPin: 
[WARN] get secretPin error

03/02/21 01:19:50 622554900  1614619190 移动签到安我（AND ALL）健康京东自营旗舰店

real	0m0.693s
user	0m0.063s
sys	0m0.094s
parse error: Invalid numeric literal at line 1, column 10
parse error: Invalid numeric literal at line 1, column 10
parse error: Invalid numeric literal at line 1, column 10
parse error: Invalid numeric literal at line 1, column 10
parse error: Invalid numeric literal at line 1, column 10
03/02/21 01:19:53 110598400 1614619193

real	0m2.713s
user	0m0.000s
sys	0m0.063s

real	0m0.397s
user	0m0.047s
sys	0m0.063s
[WARN] get LZ_TOKEN error
03/02/21 01:19:56 468494000  1614619196
use wskey

real	0m0.818s
user	0m0.094s
sys	0m0.109s
03/02/21 01:19:57 561765000  1614619197 token: AAFgPSI9ADANXSjrftfweP_LLOTOA6VSL3ygrt5cZpuISLP0HhzLcwEcY-eJHf0kOvN39O7oyM8
parse error: Invalid numeric literal at line 1, column 10

real	0m0.799s
user	0m0.094s
sys	0m0.078s
03/02/21 01:19:58 605458500  1614619198 secretPin: 
[WARN] get secretPin error

03/02/21 01:19:58 759718300  1614619198 移动签到安我（AND ALL）健康京东自营旗舰店

real	0m1.074s
user	0m0.047s
sys	0m0.094s
parse error: Invalid numeric literal at line 1, column 10
parse error: Invalid numeric literal at line 1, column 10
parse error: Invalid numeric literal at line 1, column 10
parse error: Invalid numeric literal at line 1, column 10
parse error: Invalid numeric literal at line 1, column 10
03/02/21 01:20:02 049457700 1614619202

real	0m3.128s
user	0m0.000s
sys	0m0.047s

real	0m0.573s
user	0m0.031s
sys	0m0.078s
[WARN] get LZ_TOKEN error
03/02/21 01:20:06 102162500  1614619206
use wskey

real	0m0.634s
user	0m0.094s
sys	0m0.141s
03/02/21 01:20:06 875306900  1614619206 token: AAFgPSJGADA-WH9OGVK-yE1h6o6AILH17zPIejzUpiZPdbxqw4_o-oxtg1Tj9QjrOmmNxBwCcUo
parse error: Invalid numeric literal at line 1, column 10

real	0m0.702s
user	0m0.078s
sys	0m0.141s
03/02/21 01:20:07 726997800  1614619207 secretPin: 
[WARN] get secretPin error

03/02/21 01:20:07 924645300  1614619207 移动签到安我（AND ALL）健康京东自营旗舰店

real	0m0.512s
user	0m0.016s
sys	0m0.094s
parse error: Invalid numeric literal at line 1, column 10
parse error: Invalid numeric literal at line 1, column 10
parse error: Invalid numeric literal at line 1, column 10
parse error: Invalid numeric literal at line 1, column 10
parse error: Invalid numeric literal at line 1, column 10
03/02/21 01:20:10 638007100 1614619210

real	0m3.202s
user	0m0.000s
sys	0m0.031s

real	0m0.236s
user	0m0.047s
sys	0m0.063s
[WARN] get LZ_TOKEN error
03/02/21 01:20:14 272488200  1614619214
use wskey

real	0m0.425s
user	0m0.094s
sys	0m0.109s
03/02/21 01:20:14 763654400  1614619214 token: AAFgPSJOADA00pY5pnwNkMcH3yxmrEbELZQ1rhepafKcLCIhE9j_7gkZsKBZwzGDnMQiPLLGpsc
parse error: Invalid numeric literal at line 1, column 10

real	0m0.588s
user	0m0.109s
sys	0m0.078s
03/02/21 01:20:15 475639600  1614619215 secretPin: 
[WARN] get secretPin error

03/02/21 01:20:15 613637400  1614619215 移动签到安我（AND ALL）健康京东自营旗舰店

real	0m0.497s
user	0m0.016s
sys	0m0.078s
parse error: Invalid numeric literal at line 1, column 10
parse error: Invalid numeric literal at line 1, column 10
parse error: Invalid numeric literal at line 1, column 10
parse error: Invalid numeric literal at line 1, column 10
parse error: Invalid numeric literal at line 1, column 10
03/02/21 01:20:19 296906100 1614619219

real	0m3.301s
user	0m0.000s
sys	0m0.016s

real	0m0.262s
user	0m0.031s
sys	0m0.094s
[WARN] get LZ_TOKEN error
03/02/21 01:20:23 139735900  1614619223
use wskey

real	0m0.362s
user	0m0.109s
sys	0m0.109s
03/02/21 01:20:23 584535700  1614619223 token: AAFgPSJYADA8zcfjSUH58MQSb8lJ3jEaaVRLpkpR0WqyqoPwM4LKs3bFV_vNRrhtvbCu9W3Xczo
parse error: Invalid numeric literal at line 1, column 10

real	0m0.449s
user	0m0.109s
sys	0m0.125s
03/02/21 01:20:24 136067800  1614619224 secretPin: 
[WARN] get secretPin error

03/02/21 01:20:24 301600800  1614619224 移动签到安我（AND ALL）健康京东自营旗舰店

real	0m0.586s
user	0m0.016s
sys	0m0.078s
parse error: Invalid numeric literal at line 1, column 10
parse error: Invalid numeric literal at line 1, column 10
parse error: Invalid numeric literal at line 1, column 10
parse error: Invalid numeric literal at line 1, column 10
parse error: Invalid numeric literal at line 1, column 10
03/02/21 01:20:26 511039800 1614619226

real	0m3.599s
user	0m0.000s
sys	0m0.047s

real	0m0.335s
user	0m0.016s
sys	0m0.094s
[WARN] get LZ_TOKEN error
03/02/21 01:20:30 703233600  1614619230
use wskey

real	0m0.296s
user	0m0.094s
sys	0m0.094s
03/02/21 01:20:31 050057000  1614619231 token: AAFgPSJfADDEMf9p8xBb6W3vMLNJ-X8l5MnyPYQBLnkRcuJj-Qe-bhvkElU21Ibv_Vo9IIrVxt4
parse error: Invalid numeric literal at line 1, column 10

real	0m0.202s
user	0m0.109s
sys	0m0.063s
03/02/21 01:20:31 276588600  1614619231 secretPin: 
[WARN] get secretPin error

03/02/21 01:20:31 301860000  1614619231 移动签到安我（AND ALL）健康京东自营旗舰店

real	0m0.157s
user	0m0.016s
sys	0m0.078s
parse error: Invalid numeric literal at line 1, column 10
parse error: Invalid numeric literal at line 1, column 10
parse error: Invalid numeric literal at line 1, column 10
parse error: Invalid numeric literal at line 1, column 10
parse error: Invalid numeric literal at line 1, column 10
03/02/21 01:20:32 229713700 1614619232

real	0m3.575s
user	0m0.000s
sys	0m0.031s

real	0m0.771s
user	0m0.031s
sys	0m0.047s
[WARN] get LZ_TOKEN error
03/02/21 01:20:37 021275500  1614619237
use wskey

real	0m0.374s
user	0m0.078s
sys	0m0.094s
03/02/21 01:20:37 472617900  1614619237 token: AAFgPSJlADBt7TF38-Cc0w_RPWXCBfyF6ytJhdQMz8luC5Pdsdi4_G-1gUh4UROdl-TDKTCJ72E
parse error: Invalid numeric literal at line 1, column 10

real	0m0.297s
user	0m0.125s
sys	0m0.109s
03/02/21 01:20:37 844708300  1614619237 secretPin: 
[WARN] get secretPin error

03/02/21 01:20:37 941667300  1614619237 移动签到安我（AND ALL）健康京东自营旗舰店

real	0m0.356s
user	0m0.047s
sys	0m0.047s
parse error: Invalid numeric literal at line 1, column 10
parse error: Invalid numeric literal at line 1, column 10
parse error: Invalid numeric literal at line 1, column 10
parse error: Invalid numeric literal at line 1, column 10
parse error: Invalid numeric literal at line 1, column 10
03/02/21 01:20:39 150788100 1614619239

real	0m4.310s
user	0m0.000s
sys	0m0.063s

real	0m0.587s
user	0m0.016s
sys	0m0.094s
[WARN] get LZ_TOKEN error
03/02/21 01:20:44 331112900  1614619244
use wskey

real	0m0.635s
user	0m0.109s
sys	0m0.094s
03/02/21 01:20:45 123017100  1614619245 token: AAFgPSJsADABukNrgqoYJbkuxlhrD21_hN8fec3ipz09R_QIWJgpwl6ZTsW7e2Xee0Zv__J5v0A
parse error: Invalid numeric literal at line 1, column 10

real	0m0.574s
user	0m0.094s
sys	0m0.078s
03/02/21 01:20:45 788254300  1614619245 secretPin: 
[WARN] get secretPin error

03/02/21 01:20:45 936606800  1614619245 移动签到安我（AND ALL）健康京东自营旗舰店

real	0m0.362s
user	0m0.047s
sys	0m0.078s
parse error: Invalid numeric literal at line 1, column 10
parse error: Invalid numeric literal at line 1, column 10
parse error: Invalid numeric literal at line 1, column 10
parse error: Invalid numeric literal at line 1, column 10
parse error: Invalid numeric literal at line 1, column 10
03/02/21 01:20:48 470096800 1614619248

real	0m3.938s
user	0m0.000s
sys	0m0.063s

real	0m0.280s
user	0m0.031s
sys	0m0.094s
[WARN] get LZ_TOKEN error
03/02/21 01:20:52 788556400  1614619252
use wskey

real	0m0.268s
user	0m0.125s
sys	0m0.125s
03/02/21 01:20:53 096857100  1614619253 token: AAFgPSJ1ADDJNDfLqK3zlyyLbyeJ_zRAY9TFk-6y2nFlv429RSS04TdY4vrZlUf_q5uW5MCoZHo
parse error: Invalid numeric literal at line 1, column 10

real	0m0.257s
user	0m0.094s
sys	0m0.109s
03/02/21 01:20:53 383404300  1614619253 secretPin: 
[WARN] get secretPin error

03/02/21 01:20:53 414866600  1614619253 移动签到安我（AND ALL）健康京东自营旗舰店

real	0m0.249s
user	0m0.031s
sys	0m0.094s
parse error: Invalid numeric literal at line 1, column 10
parse error: Invalid numeric literal at line 1, column 10
parse error: Invalid numeric literal at line 1, column 10
parse error: Invalid numeric literal at line 1, column 10
parse error: Invalid numeric literal at line 1, column 10
03/02/21 01:20:54 489822700 1614619254

real	0m4.162s
user	0m0.000s
sys	0m0.031s
03/02/21 01:21:33 796423500  1614619293
parse error: Invalid numeric literal at line 1, column 10
签到是否成功解析失败. 不再写/home/myid/jd/jd_signup/lzkj_sevenDay_vender/shop_1614611219_151_delay

移动签到安我（AND ALL）健康京东自营旗舰店查看结果, 活动规则


#店铺名称
vendername="安我（AND ALL）健康京东自营旗舰店"
#店铺激活码
actId="f63f0cc98d32422b8b6ac5b8a0aaec0e"
#店铺id
venderId="1000351797"
#长链接
url="https://lzkj-isv.isvjcloud.com/sign/sevenDay/signActivity?activityId=f63f0cc98d32422b8b6ac5b8a0aaec0e&venderId=1000351797"

startTime=1613723220
endTime=1616342340
# 活动时间：2021-02-19 16:27 - 2021-03-21 23:59；
# 奖励说明：
actRule="
7天签到
连续签到1天：1京豆
连续签到2天：1京豆
连续签到3天：3京豆
连续签到4天：2京豆
连续签到5天：2京豆
连续签到6天：2京豆
连续签到7天：5京豆
"
#移动 jd_OeTNobRVGiNZ sign_res
sign_num="1"
giftName="null"
giftRes="ok"
giftDate="20210224"
sign_res_info="7天签到 第 1 天
当天签到奖励 [null]"
#移动 jd_OeTNobRVGiNZ sign_res_end
