RANDOM_num: 15
lzdz-isv.isvjcloud.com	FALSE	/	FALSE	1617221577	LZ_TOKEN_VALUE	B0oH3vDY2bhHWuKbVaJ+XQ==
lzdz-isv.isvjcloud.com	FALSE	/	FALSE	1617221577	LZ_TOKEN_KEY	lztokenpage1fd9a9e21f404d94979b86aa9b3511ac
use pt_key
token: AAFgZNVwADDm6Ec2KzI_Dl4Cj597UPOWik_Edo_iyjJ_kIdVq3MCpMDsv01B7k0BkvxqCn1R_js
secretPin: 4YEv+ri88IbQX5lhoqHrzE7oeVP9kq2pYSH90mYt4m3fwcJlClpxrfmVYaGKuquQkdK3rLBQpEQH9V4tdrrh0w==

04/01/21 04:02:58 254147500  1617220978
肥鹅签到蒙牛京东自营旗舰店
{
  "result": false,
  "data": "",
  "count": 0,
  "errorMessage": "活动已结束！"
}
"活动已结束！"
签到蒙牛京东自营旗舰店完成

肥鹅签到蒙牛京东自营旗舰店查看结果, 活动规则
{"result":false,"data":"","count":0,"errorMessage":"活动已结束！"}

{
  "result": false,
  "data": "",
  "count": 0,
  "errorMessage": "活动已结束！"
}
