02/15/21 02:01:44 452252100  1613325704
RANDOM_num: 15
removed '/tmp/tmp.9vCAlAcAXx'
02/15/21 02:01:44 652229100  1613325704
赵 今天已经签到过. 签到结果: ok  giftDate: 20210215
***********************************************

2021/02/12_08:00:00  [已~签~到]      
2021/02/13_08:00:00  [已~签~到]      
2021/02/14_08:00:00  [已~签~到]      
2021/02/15_08:00:00  [已~签~到]      
当天签到奖励 1积分
连续签到 4 天
签到总天数 4
***********************************************

actId=a29651e2037d44008a18c99c8d2241ac
venderId=1000106868
startTime=1609988040000
endTime=1614527999000
# 短链接
suo_url="https://3.cn/-100LeEUU"
actTimeStr="2021-01-07 10:54 至 2021-02-28 23:59"
#店铺名称
vendername="尤妮佳舒蔻京东自营官方旗舰店"
# 长链接
url=https://lzkj-isv.isvjcloud.com/sign/signActivity2?activityId=a29651e2037d44008a18c99c8d2241ac&venderId=1000106868&adsource=tg_xuanFuTuBiao
# 活动时间：2021.01.07 10:54:00 - 2021.02.28 23:59:59
# 奖励说明：
actRule="
连续签到10天：10积分 10积分
"
#赵 122294312-396444 sign_res
sign_res="
signTime=1613088000;signed=2
signTime=1613174400;signed=2
signTime=1613260800;signed=2
signTime=1613347200;signed=2"
sign_num="4"
sign_total_num="4"
giftName=""1积分""
giftRes="ok"
giftDate="20210215"
sign_res_info="
2021/02/12_08:00:00  [已~签~到]      
2021/02/13_08:00:00  [已~签~到]      
2021/02/14_08:00:00  [已~签~到]      
2021/02/15_08:00:00  [已~签~到]      
当天签到奖励 "1积分"
连续签到 4 天
签到总天数 4"
#赵 122294312-396444 sign_res_end
#王 1309893722-164885 sign_res
sign_res="
signTime=1613260800;signed=2
signTime=1613347200;signed=2"
sign_num="2"
sign_total_num="2"
giftName=""1积分""
giftRes="ok"
giftDate="20210215"
sign_res_info="
2021/02/14_08:00:00  [已~签~到]      
2021/02/15_08:00:00  [已~签~到]      
当天签到奖励 "1积分"
连续签到 2 天
签到总天数 2"
#王 1309893722-164885 sign_res_end
#肥鹅 jd_4d651d9e48204 sign_res
sign_res="
signTime=1613088000;signed=2
signTime=1613174400;signed=2
signTime=1613260800;signed=2
signTime=1613347200;signed=2"
sign_num="4"
sign_total_num="4"
giftName=""1积分""
giftRes="ok"
giftDate="20210215"
sign_res_info="
2021/02/12_08:00:00  [已~签~到]      
2021/02/13_08:00:00  [已~签~到]      
2021/02/14_08:00:00  [已~签~到]      
2021/02/15_08:00:00  [已~签~到]      
当天签到奖励 "1积分"
连续签到 4 天
签到总天数 4"
#肥鹅 jd_4d651d9e48204 sign_res_end
#移动 jd_OeTNobRVGiNZ sign_res
sign_res="
signTime=1613001600;signed=2
signTime=1613088000;signed=2
signTime=1613174400;signed=2
signTime=1613260800;signed=2
signTime=1613347200;signed=2"
sign_num="5"
sign_total_num="5"
giftName=""1积分""
giftRes="ok"
giftDate="20210215"
sign_res_info="
2021/02/11_08:00:00  [已~签~到]      
2021/02/12_08:00:00  [已~签~到]      
2021/02/13_08:00:00  [已~签~到]      
2021/02/14_08:00:00  [已~签~到]      
2021/02/15_08:00:00  [已~签~到]      
当天签到奖励 "1积分"
连续签到 5 天
签到总天数 5"
#移动 jd_OeTNobRVGiNZ sign_res_end
