03/29/21 04:00:40 313925300  1616961640
RANDOM_num: 40
removed '/tmp/tmp.tlYocjaAtS'
03/29/21 04:00:40 387182900  1616961640
肥鹅 今天已经签到过. 签到结果: ok  giftDate: 20210329
***********************************************

2021/03/01_08:00:00  [已~签~到]      
2021/03/02_08:00:00  [已~签~到]      
2021/03/03_08:00:00  [已~签~到]      
2021/03/04_08:00:00  [已~签~到]      
2021/03/05_08:00:00  [已~签~到]      
2021/03/06_08:00:00  [已~签~到]      
2021/03/07_08:00:00  [已~签~到]      
2021/03/08_08:00:00  [已~签~到]      
2021/03/09_08:00:00  [已~签~到]      
2021/03/10_08:00:00  [已~签~到]      
2021/03/11_08:00:00  [已~签~到]      
2021/03/12_08:00:00  [已~签~到]      
2021/03/13_08:00:00  [已~签~到]      
2021/03/14_08:00:00  [已~签~到]      
2021/03/15_08:00:00  [已~签~到]      
2021/03/16_08:00:00  [已~签~到]      
2021/03/17_08:00:00  [已~签~到]      
2021/03/18_08:00:00  [已~签~到]      
2021/03/19_08:00:00  [已~签~到]      
2021/03/20_08:00:00  [已~签~到]      
2021/03/21_08:00:00  [已~签~到]      
2021/03/22_08:00:00  [已~签~到]      
2021/03/23_08:00:00  [已~签~到]      
2021/03/24_08:00:00  [已~签~到]      
2021/03/25_08:00:00  [已~签~到]      
2021/03/26_08:00:00  [已~签~到]      
2021/03/27_08:00:00  [已~签~到]      
2021/03/28_08:00:00  [已~签~到]      
2021/03/29_08:00:00  [已~签~到]      
当天签到奖励 [null]
连续签到 5 天
签到总天数 54
***********************************************

# 活动时间：2021.01.30 00:00:00 - 2021.02.28 23:59:59
# 奖励说明：
actRule="
连续签到7天：10京豆 10京豆
"

#店铺名称
vendername="澳优乳业官方旗舰店"
#店铺激活码
actId="eb0ef5535d6e462096ab4e2135ba6c45"
##店铺id
venderId="37166"

#赵 122294312-396444 sign_res
sign_res="
signTime=1614556800;signed=2
signTime=1614643200;signed=2
signTime=1614729600;signed=2
signTime=1614816000;signed=2
signTime=1614902400;signed=2
signTime=1614988800;signed=2
signTime=1615075200;signed=2
signTime=1615161600;signed=2
signTime=1615248000;signed=2
signTime=1615334400;signed=2
signTime=1615420800;signed=2
signTime=1615507200;signed=2
signTime=1615593600;signed=2
signTime=1615680000;signed=2
signTime=1615766400;signed=2
signTime=1615852800;signed=2
signTime=1615939200;signed=2
signTime=1616025600;signed=2
signTime=1616112000;signed=2
signTime=1616198400;signed=2
signTime=1616284800;signed=2
signTime=1616371200;signed=2
signTime=1616457600;signed=2
signTime=1616544000;signed=2
signTime=1616630400;signed=2
signTime=1616716800;signed=2
signTime=1616803200;signed=2
signTime=1616889600;signed=2
signTime=1616976000;signed=2"
sign_num="5"
sign_total_num="54"
giftName="null"
giftRes="ok"
giftDate="20210329"
sign_res_info="
2021/03/01_08:00:00  [已~签~到]      
2021/03/02_08:00:00  [已~签~到]      
2021/03/03_08:00:00  [已~签~到]      
2021/03/04_08:00:00  [已~签~到]      
2021/03/05_08:00:00  [已~签~到]      
2021/03/06_08:00:00  [已~签~到]      
2021/03/07_08:00:00  [已~签~到]      
2021/03/08_08:00:00  [已~签~到]      
2021/03/09_08:00:00  [已~签~到]      
2021/03/10_08:00:00  [已~签~到]      
2021/03/11_08:00:00  [已~签~到]      
2021/03/12_08:00:00  [已~签~到]      
2021/03/13_08:00:00  [已~签~到]      
2021/03/14_08:00:00  [已~签~到]      
2021/03/15_08:00:00  [已~签~到]      
2021/03/16_08:00:00  [已~签~到]      
2021/03/17_08:00:00  [已~签~到]      
2021/03/18_08:00:00  [已~签~到]      
2021/03/19_08:00:00  [已~签~到]      
2021/03/20_08:00:00  [已~签~到]      
2021/03/21_08:00:00  [已~签~到]      
2021/03/22_08:00:00  [已~签~到]      
2021/03/23_08:00:00  [已~签~到]      
2021/03/24_08:00:00  [已~签~到]      
2021/03/25_08:00:00  [已~签~到]      
2021/03/26_08:00:00  [已~签~到]      
2021/03/27_08:00:00  [已~签~到]      
2021/03/28_08:00:00  [已~签~到]      
2021/03/29_08:00:00  [已~签~到]      
当天签到奖励 [null]
连续签到 5 天
签到总天数 54"
#赵 122294312-396444 sign_res_end
#王 1309893722-164885 sign_res
sign_res="
signTime=1614556800;signed=2
signTime=1614643200;signed=2
signTime=1614729600;signed=2
signTime=1614816000;signed=2
signTime=1614902400;signed=2
signTime=1614988800;signed=2
signTime=1615075200;signed=2
signTime=1615161600;signed=2
signTime=1615248000;signed=2
signTime=1615334400;signed=2
signTime=1615420800;signed=2
signTime=1615507200;signed=2
signTime=1615593600;signed=2
signTime=1615680000;signed=2
signTime=1615766400;signed=2
signTime=1615852800;signed=2
signTime=1615939200;signed=2
signTime=1616025600;signed=2
signTime=1616112000;signed=2
signTime=1616198400;signed=2
signTime=1616284800;signed=2
signTime=1616371200;signed=2
signTime=1616457600;signed=2
signTime=1616544000;signed=2
signTime=1616630400;signed=2
signTime=1616716800;signed=2
signTime=1616803200;signed=2
signTime=1616889600;signed=2
signTime=1616976000;signed=2"
sign_num="2"
sign_total_num="44"
giftName="null"
giftRes="ok"
giftDate="20210329"
sign_res_info="
2021/03/01_08:00:00  [已~签~到]      
2021/03/02_08:00:00  [已~签~到]      
2021/03/03_08:00:00  [已~签~到]      
2021/03/04_08:00:00  [已~签~到]      
2021/03/05_08:00:00  [已~签~到]      
2021/03/06_08:00:00  [已~签~到]      
2021/03/07_08:00:00  [已~签~到]      
2021/03/08_08:00:00  [已~签~到]      
2021/03/09_08:00:00  [已~签~到]      
2021/03/10_08:00:00  [已~签~到]      
2021/03/11_08:00:00  [已~签~到]      
2021/03/12_08:00:00  [已~签~到]      
2021/03/13_08:00:00  [已~签~到]      
2021/03/14_08:00:00  [已~签~到]      
2021/03/15_08:00:00  [已~签~到]      
2021/03/16_08:00:00  [已~签~到]      
2021/03/17_08:00:00  [已~签~到]      
2021/03/18_08:00:00  [已~签~到]      
2021/03/19_08:00:00  [已~签~到]      
2021/03/20_08:00:00  [已~签~到]      
2021/03/21_08:00:00  [已~签~到]      
2021/03/22_08:00:00  [已~签~到]      
2021/03/23_08:00:00  [已~签~到]      
2021/03/24_08:00:00  [已~签~到]      
2021/03/25_08:00:00  [已~签~到]      
2021/03/26_08:00:00  [已~签~到]      
2021/03/27_08:00:00  [已~签~到]      
2021/03/28_08:00:00  [已~签~到]      
2021/03/29_08:00:00  [已~签~到]      
当天签到奖励 [null]
连续签到 2 天
签到总天数 44"
#王 1309893722-164885 sign_res_end
#肥鹅 jd_4d651d9e48204 sign_res
sign_res="
signTime=1614556800;signed=2
signTime=1614643200;signed=2
signTime=1614729600;signed=2
signTime=1614816000;signed=2
signTime=1614902400;signed=2
signTime=1614988800;signed=2
signTime=1615075200;signed=2
signTime=1615161600;signed=2
signTime=1615248000;signed=2
signTime=1615334400;signed=2
signTime=1615420800;signed=2
signTime=1615507200;signed=2
signTime=1615593600;signed=2
signTime=1615680000;signed=2
signTime=1615766400;signed=2
signTime=1615852800;signed=2
signTime=1615939200;signed=2
signTime=1616025600;signed=2
signTime=1616112000;signed=2
signTime=1616198400;signed=2
signTime=1616284800;signed=2
signTime=1616371200;signed=2
signTime=1616457600;signed=2
signTime=1616544000;signed=2
signTime=1616630400;signed=2
signTime=1616716800;signed=2
signTime=1616803200;signed=2
signTime=1616889600;signed=2
signTime=1616976000;signed=2"
sign_num="5"
sign_total_num="54"
giftName="null"
giftRes="ok"
giftDate="20210329"
sign_res_info="
2021/03/01_08:00:00  [已~签~到]      
2021/03/02_08:00:00  [已~签~到]      
2021/03/03_08:00:00  [已~签~到]      
2021/03/04_08:00:00  [已~签~到]      
2021/03/05_08:00:00  [已~签~到]      
2021/03/06_08:00:00  [已~签~到]      
2021/03/07_08:00:00  [已~签~到]      
2021/03/08_08:00:00  [已~签~到]      
2021/03/09_08:00:00  [已~签~到]      
2021/03/10_08:00:00  [已~签~到]      
2021/03/11_08:00:00  [已~签~到]      
2021/03/12_08:00:00  [已~签~到]      
2021/03/13_08:00:00  [已~签~到]      
2021/03/14_08:00:00  [已~签~到]      
2021/03/15_08:00:00  [已~签~到]      
2021/03/16_08:00:00  [已~签~到]      
2021/03/17_08:00:00  [已~签~到]      
2021/03/18_08:00:00  [已~签~到]      
2021/03/19_08:00:00  [已~签~到]      
2021/03/20_08:00:00  [已~签~到]      
2021/03/21_08:00:00  [已~签~到]      
2021/03/22_08:00:00  [已~签~到]      
2021/03/23_08:00:00  [已~签~到]      
2021/03/24_08:00:00  [已~签~到]      
2021/03/25_08:00:00  [已~签~到]      
2021/03/26_08:00:00  [已~签~到]      
2021/03/27_08:00:00  [已~签~到]      
2021/03/28_08:00:00  [已~签~到]      
2021/03/29_08:00:00  [已~签~到]      
当天签到奖励 [null]
连续签到 5 天
签到总天数 54"
#肥鹅 jd_4d651d9e48204 sign_res_end
#移动 jd_OeTNobRVGiNZ sign_res
sign_res="
"
sign_num="0"
sign_total_num="0"
giftName=""
giftRes=""
giftDate="20210329"
sign_res_info="

当天签到奖励 []
连续签到 0 天
签到总天数 0"
#移动 jd_OeTNobRVGiNZ sign_res_end
