02/28/21 02:03:44 477542500  1614449024
RANDOM_num: 45
removed '/tmp/tmp.KOv7gM5Yw8'
02/28/21 02:03:47 180991400  1614449027 检查赵签到

real	0m1.882s
user	0m0.016s
sys	0m0.094s
[WARN] get LZ_TOKEN error
02/28/21 02:03:52 958458100  1614449032
use pt_key

real	0m2.272s
user	0m0.125s
sys	0m0.109s
02/28/21 02:03:55 675561300  1614449035 token: AAFgOomKADD7Lom0xN9bn8SzgSARItrxObzcciZrLBQTenzy1OKVbVUDQwcgz98GCGcdMn9NUuQ
parse error: Invalid numeric literal at line 1, column 10

real	0m2.091s
user	0m0.094s
sys	0m0.094s
02/28/21 02:03:58 312047900  1614449038 secretPin: 
[WARN] get secretPin error

02/28/21 02:03:58 915187000  1614449038 赵签到佳贝艾特京东自营官方旗舰店

real	0m2.149s
user	0m0.016s
sys	0m0.094s
parse error: Invalid numeric literal at line 1, column 10
parse error: Invalid numeric literal at line 1, column 10
parse error: Invalid numeric literal at line 1, column 10
parse error: Invalid numeric literal at line 1, column 10
02/28/21 02:04:07 892739400 1614449047

real	0m1.896s
user	0m0.000s
sys	0m0.031s

real	0m2.279s
user	0m0.031s
sys	0m0.078s
[WARN] get LZ_TOKEN error
02/28/21 02:04:14 113696600  1614449054
use pt_key

real	0m2.061s
user	0m0.141s
sys	0m0.125s
02/28/21 02:04:16 633141600  1614449056 token: AAFgOomfADBMkpvX0AbBYksxaQOG85HFMTwt1rI9HtzbRqWaBhhEL2gbll0xjxJJqD32ZGya4X4
parse error: Invalid numeric literal at line 1, column 10

real	0m2.482s
user	0m0.094s
sys	0m0.094s
02/28/21 02:04:20 375657700  1614449060 secretPin: 
[WARN] get secretPin error

02/28/21 02:04:20 965410800  1614449060 赵签到佳贝艾特京东自营官方旗舰店

real	0m2.356s
user	0m0.016s
sys	0m0.109s
parse error: Invalid numeric literal at line 1, column 10
parse error: Invalid numeric literal at line 1, column 10
parse error: Invalid numeric literal at line 1, column 10
parse error: Invalid numeric literal at line 1, column 10
02/28/21 02:04:30 444056800 1614449070

real	0m2.307s
user	0m0.031s
sys	0m0.031s

real	0m3.408s
user	0m0.016s
sys	0m0.078s
[WARN] get LZ_TOKEN error
02/28/21 02:04:38 802836400  1614449078
use pt_key

real	0m2.352s
user	0m0.109s
sys	0m0.078s
02/28/21 02:04:41 762157000  1614449081 token: AAFgOom4ADCWIbXTJkZhAnJ2Pd8QN7YHtoDuFJxELQE2yJx-ftJvQkyiO4edpIPDIMR14UvTwpw
parse error: Invalid numeric literal at line 1, column 10

real	0m3.389s
user	0m0.109s
sys	0m0.094s
02/28/21 02:04:45 944030900  1614449085 secretPin: 
[WARN] get secretPin error

02/28/21 02:04:46 314377500  1614449086 赵签到佳贝艾特京东自营官方旗舰店

real	0m1.623s
user	0m0.016s
sys	0m0.094s
parse error: Invalid numeric literal at line 1, column 10
parse error: Invalid numeric literal at line 1, column 10
parse error: Invalid numeric literal at line 1, column 10
parse error: Invalid numeric literal at line 1, column 10
02/28/21 02:04:55 194610800 1614449095

real	0m3.164s
user	0m0.000s
sys	0m0.016s

real	0m2.510s
user	0m0.016s
sys	0m0.125s
[WARN] get LZ_TOKEN error
02/28/21 02:05:03 022036800  1614449103
use pt_key

real	0m3.195s
user	0m0.109s
sys	0m0.063s
02/28/21 02:05:08 419086800  1614449108 token: AAFgOonRADAdOndUSnGXezDEnjtNg2cCF1JmVRbvtC5ZFNpl1JX9_8YsL2WWwhciOG9C02ulWgU
parse error: Invalid numeric literal at line 1, column 10

real	0m3.341s
user	0m0.125s
sys	0m0.078s
02/28/21 02:05:12 245904200  1614449112 secretPin: 
[WARN] get secretPin error

02/28/21 02:05:13 391056300  1614449113 赵签到佳贝艾特京东自营官方旗舰店

real	0m2.800s
user	0m0.016s
sys	0m0.125s
parse error: Invalid numeric literal at line 1, column 10
parse error: Invalid numeric literal at line 1, column 10
parse error: Invalid numeric literal at line 1, column 10
parse error: Invalid numeric literal at line 1, column 10
02/28/21 02:05:27 706466200 1614449127

real	0m2.076s
user	0m0.000s
sys	0m0.047s

real	0m2.790s
user	0m0.016s
sys	0m0.109s
[WARN] get LZ_TOKEN error
02/28/21 02:05:37 268369900  1614449137
use pt_key

real	0m2.767s
user	0m0.094s
sys	0m0.125s
02/28/21 02:05:40 555102000  1614449140 token: AAFgOonzADCG-wR2o2pnOfwjbAETSexEgmcJ3JLImnB8DUV1iipuaqC9VaItxkefIrPzxHXYZ-c
parse error: Invalid numeric literal at line 1, column 10

real	0m3.017s
user	0m0.063s
sys	0m0.172s
02/28/21 02:05:44 896053400  1614449144 secretPin: 
[WARN] get secretPin error

02/28/21 02:05:46 082639500  1614449146 赵签到佳贝艾特京东自营官方旗舰店

real	0m2.573s
user	0m0.016s
sys	0m0.125s
parse error: Invalid numeric literal at line 1, column 10
parse error: Invalid numeric literal at line 1, column 10
parse error: Invalid numeric literal at line 1, column 10
parse error: Invalid numeric literal at line 1, column 10
02/28/21 02:06:01 815907400 1614449161

real	0m4.411s
user	0m0.000s
sys	0m0.031s

real	0m3.242s
user	0m0.031s
sys	0m0.109s
[WARN] get LZ_TOKEN error
02/28/21 02:06:13 824458800  1614449173
use pt_key

real	0m3.975s
user	0m0.109s
sys	0m0.156s
02/28/21 02:06:18 696545400  1614449178 token: AAFgOooZADDR-rsPNai3Oji1k4jdY1AMFswfYeo3hxqANC68UGqr_GYkqJmQeesyY5tRn7ONNN0
parse error: Invalid numeric literal at line 1, column 10

real	0m3.221s
user	0m0.109s
sys	0m0.156s
02/28/21 02:06:23 255756500  1614449183 secretPin: 
[WARN] get secretPin error

02/28/21 02:06:24 679628300  1614449184 赵签到佳贝艾特京东自营官方旗舰店

real	0m3.528s
user	0m0.016s
sys	0m0.078s
parse error: Invalid numeric literal at line 1, column 10
parse error: Invalid numeric literal at line 1, column 10
parse error: Invalid numeric literal at line 1, column 10
parse error: Invalid numeric literal at line 1, column 10
02/28/21 02:06:38 997080300 1614449198

real	0m3.120s
user	0m0.000s
sys	0m0.000s

real	0m1.593s
user	0m0.016s
sys	0m0.109s
[WARN] get LZ_TOKEN error
02/28/21 02:06:50 122984200  1614449210
use pt_key

real	0m3.108s
user	0m0.078s
sys	0m0.172s
02/28/21 02:06:53 796756600  1614449213 token: AAFgOoo8ADBK9KjjKTLlei3KW4EkFfQSucRxdD_k23xs8xxDfNMQTIARk5rfjlQ7ZbzD5IsxLgc
parse error: Invalid numeric literal at line 1, column 10

real	0m4.414s
user	0m0.125s
sys	0m0.109s
02/28/21 02:06:59 869335900  1614449219 secretPin: 
[WARN] get secretPin error

02/28/21 02:07:00 425767000  1614449220 赵签到佳贝艾特京东自营官方旗舰店

real	0m3.040s
user	0m0.016s
sys	0m0.094s
parse error: Invalid numeric literal at line 1, column 10
parse error: Invalid numeric literal at line 1, column 10
parse error: Invalid numeric literal at line 1, column 10
parse error: Invalid numeric literal at line 1, column 10
02/28/21 02:07:19 222720700 1614449239

real	0m3.245s
user	0m0.000s
sys	0m0.031s

real	0m3.281s
user	0m0.016s
sys	0m0.094s
[WARN] get LZ_TOKEN error
02/28/21 02:07:30 147968000  1614449250
use pt_key

real	0m2.365s
user	0m0.109s
sys	0m0.094s
02/28/21 02:07:33 824668600  1614449253 token: AAFgOopkADCzvVJAbA8yo1fxqREuvHEMIntf-9IZdY8LdXyzKvFtfo0K9Qh8oqLqKDM_eb38k3k
parse error: Invalid numeric literal at line 1, column 10

real	0m2.617s
user	0m0.125s
sys	0m0.156s
02/28/21 02:07:36 913672700  1614449256 secretPin: 
[WARN] get secretPin error

02/28/21 02:07:37 283042900  1614449257 赵签到佳贝艾特京东自营官方旗舰店

real	0m2.388s
user	0m0.031s
sys	0m0.078s
parse error: Invalid numeric literal at line 1, column 10
parse error: Invalid numeric literal at line 1, column 10
parse error: Invalid numeric literal at line 1, column 10
parse error: Invalid numeric literal at line 1, column 10
02/28/21 02:07:48 567168600 1614449268

real	0m3.981s
user	0m0.000s
sys	0m0.031s

real	0m3.142s
user	0m0.047s
sys	0m0.094s
[WARN] get LZ_TOKEN error
02/28/21 02:07:57 565756500  1614449277
use pt_key

real	0m3.530s
user	0m0.141s
sys	0m0.109s
02/28/21 02:08:02 200862300  1614449282 token: AAFgOoqBADAwng_BNXCCANH5FIJg_Kizoin3nZbHrwqT8JjuUx-rmYNQ3yXnxKyuWTfGHVMVnMc
parse error: Invalid numeric literal at line 1, column 10

real	0m4.709s
user	0m0.109s
sys	0m0.063s
02/28/21 02:08:07 856606000  1614449287 secretPin: 
[WARN] get secretPin error

02/28/21 02:08:08 749829400  1614449288 赵签到佳贝艾特京东自营官方旗舰店

real	0m2.215s
user	0m0.000s
sys	0m0.156s
parse error: Invalid numeric literal at line 1, column 10
parse error: Invalid numeric literal at line 1, column 10
parse error: Invalid numeric literal at line 1, column 10
parse error: Invalid numeric literal at line 1, column 10
02/28/21 02:08:21 917496600 1614449301

real	0m3.599s
user	0m0.000s
sys	0m0.031s

real	0m3.378s
user	0m0.016s
sys	0m0.078s
[WARN] get LZ_TOKEN error
02/28/21 02:08:37 973940800  1614449317
use pt_key

real	0m3.772s
user	0m0.156s
sys	0m0.078s
02/28/21 02:08:43 230838500  1614449323 token: AAFgOoqpADChOUO1XEHlzUMI21XaC-0_LWA4m6Y9n3XL2QJHrFKb70Eu9-r5l-VIRDo_dX9dXpY
parse error: Invalid numeric literal at line 1, column 10

real	0m2.204s
user	0m0.125s
sys	0m0.109s
02/28/21 02:08:46 088846700  1614449326 secretPin: 
[WARN] get secretPin error

02/28/21 02:08:47 527762700  1614449327 赵签到佳贝艾特京东自营官方旗舰店

real	0m2.403s
user	0m0.047s
sys	0m0.063s
parse error: Invalid numeric literal at line 1, column 10
parse error: Invalid numeric literal at line 1, column 10
parse error: Invalid numeric literal at line 1, column 10
parse error: Invalid numeric literal at line 1, column 10
02/28/21 02:09:01 131698000 1614449341

real	0m4.488s
user	0m0.000s
sys	0m0.047s

real	0m2.991s
user	0m0.047s
sys	0m0.125s
[WARN] get LZ_TOKEN error
02/28/21 02:09:10 095536600  1614449350
use pt_key

real	0m3.410s
user	0m0.109s
sys	0m0.109s
02/28/21 02:09:14 364081300  1614449354 token: AAFgOorJADATxTAqBi5Gxq0z0_62nElCidyhjA-w4BMJywUarE0WFbzpPXhOBTpRniJw1mt97Ec
parse error: Invalid numeric literal at line 1, column 10

real	0m3.708s
user	0m0.078s
sys	0m0.172s
02/28/21 02:09:19 245509100  1614449359 secretPin: 
[WARN] get secretPin error

02/28/21 02:09:19 844854400  1614449359 赵签到佳贝艾特京东自营官方旗舰店

real	0m2.336s
user	0m0.016s
sys	0m0.094s
parse error: Invalid numeric literal at line 1, column 10
parse error: Invalid numeric literal at line 1, column 10
parse error: Invalid numeric literal at line 1, column 10
parse error: Invalid numeric literal at line 1, column 10
02/28/21 02:09:36 254793800 1614449376

real	0m4.167s
user	0m0.000s
sys	0m0.031s

real	0m3.140s
user	0m0.047s
sys	0m0.063s
[WARN] get LZ_TOKEN error
02/28/21 02:09:45 654550100  1614449385
use pt_key

real	0m3.148s
user	0m0.094s
sys	0m0.125s
02/28/21 02:09:49 514232200  1614449389 token: AAFgOorsADAHpWYd_3DxLAHa5cngz96EFH37e-mauOtYRoeHt1tW4m2W0B8taQv1o1r9rNwdLUE
parse error: Invalid numeric literal at line 1, column 10

real	0m4.298s
user	0m0.094s
sys	0m0.109s
02/28/21 02:09:55 131550800  1614449395 secretPin: 
[WARN] get secretPin error

02/28/21 02:09:55 744323000  1614449395 赵签到佳贝艾特京东自营官方旗舰店

real	0m2.410s
user	0m0.000s
sys	0m0.078s
parse error: Invalid numeric literal at line 1, column 10
parse error: Invalid numeric literal at line 1, column 10
parse error: Invalid numeric literal at line 1, column 10
parse error: Invalid numeric literal at line 1, column 10
02/28/21 02:10:15 655508900 1614449415

real	0m4.294s
user	0m0.000s
sys	0m0.047s

real	0m3.126s
user	0m0.031s
sys	0m0.125s
[WARN] get LZ_TOKEN error
02/28/21 02:10:26 607864800  1614449426
use pt_key

real	0m3.077s
user	0m0.141s
sys	0m0.109s
02/28/21 02:10:31 657681200  1614449431 token: AAFgOosVADC_mMQ5o8cKpEOt6zacaLqpqExRaBjjJV-7vY03JLtjA6IN5BISYvzAG_qy8tO6CW4
parse error: Invalid numeric literal at line 1, column 10

real	0m4.172s
user	0m0.125s
sys	0m0.094s
02/28/21 02:10:36 552635500  1614449436 secretPin: 
[WARN] get secretPin error

02/28/21 02:10:37 511645300  1614449437 赵签到佳贝艾特京东自营官方旗舰店

real	0m2.371s
user	0m0.031s
sys	0m0.063s
parse error: Invalid numeric literal at line 1, column 10
parse error: Invalid numeric literal at line 1, column 10
parse error: Invalid numeric literal at line 1, column 10
parse error: Invalid numeric literal at line 1, column 10
02/28/21 02:10:52 691067700 1614449452

real	0m3.928s
user	0m0.000s
sys	0m0.031s

real	0m2.877s
user	0m0.016s
sys	0m0.109s
[WARN] get LZ_TOKEN error
02/28/21 02:11:02 607563700  1614449462
use pt_key

real	0m1.434s
user	0m0.094s
sys	0m0.156s
02/28/21 02:11:05 602355300  1614449465 token: AAFgOos4ADCwf1glAUypwe3Bxzlfugz-tm-NjoFnYzuJb3nJVaPq3XtKL_vzkBCy7E2BYe7vjOw
parse error: Invalid numeric literal at line 1, column 10

real	0m3.543s
user	0m0.094s
sys	0m0.125s
02/28/21 02:11:10 096956200  1614449470 secretPin: 
[WARN] get secretPin error

02/28/21 02:11:11 561655900  1614449471 赵签到佳贝艾特京东自营官方旗舰店

real	0m3.713s
user	0m0.047s
sys	0m0.078s
parse error: Invalid numeric literal at line 1, column 10
parse error: Invalid numeric literal at line 1, column 10
parse error: Invalid numeric literal at line 1, column 10
parse error: Invalid numeric literal at line 1, column 10
02/28/21 02:11:28 873589700 1614449488

real	0m5.310s
user	0m0.000s
sys	0m0.047s

real	0m4.302s
user	0m0.000s
sys	0m0.109s
[WARN] get LZ_TOKEN error
02/28/21 02:11:39 720870900  1614449499
use pt_key

real	0m2.507s
user	0m0.172s
sys	0m0.156s
02/28/21 02:11:42 884096800  1614449502 token: AAFgOotdADBhobzW0Q5EkXaLAYL_iHOS7uiRe6O1yuI7Y2LYTDO_OtElsmeRfxJoEfgOMhrau_0
parse error: Invalid numeric literal at line 1, column 10

real	0m3.112s
user	0m0.109s
sys	0m0.094s
02/28/21 02:11:46 828965300  1614449506 secretPin: 
[WARN] get secretPin error

02/28/21 02:11:47 601480100  1614449507 赵签到佳贝艾特京东自营官方旗舰店

real	0m2.979s
user	0m0.063s
sys	0m0.047s
parse error: Invalid numeric literal at line 1, column 10
parse error: Invalid numeric literal at line 1, column 10
parse error: Invalid numeric literal at line 1, column 10
parse error: Invalid numeric literal at line 1, column 10
02/28/21 02:11:59 139144300 1614449519

real	0m4.976s
user	0m0.000s
sys	0m0.063s

real	0m1.743s
user	0m0.016s
sys	0m0.125s
[WARN] get LZ_TOKEN error
02/28/21 02:12:06 782089200  1614449526
use pt_key

real	0m2.303s
user	0m0.141s
sys	0m0.094s
02/28/21 02:12:09 475990400  1614449529 token: AAFgOot4ADAt8JyOo20Zv1abJndUd3b0Xueoo70xuofXU9K72LlUqDJRLvJxNpIqm6hdWkJH8CE
parse error: Invalid numeric literal at line 1, column 10

real	0m1.902s
user	0m0.078s
sys	0m0.109s
02/28/21 02:12:11 840027700  1614449531 secretPin: 
[WARN] get secretPin error

02/28/21 02:12:12 347460600  1614449532 赵签到佳贝艾特京东自营官方旗舰店

real	0m1.627s
user	0m0.078s
sys	0m0.031s
parse error: Invalid numeric literal at line 1, column 10
parse error: Invalid numeric literal at line 1, column 10
parse error: Invalid numeric literal at line 1, column 10
parse error: Invalid numeric literal at line 1, column 10
02/28/21 02:12:21 504531200 1614449541

real	0m4.685s
user	0m0.000s
sys	0m0.063s

real	0m2.022s
user	0m0.031s
sys	0m0.125s
[WARN] get LZ_TOKEN error
02/28/21 02:12:30 539967600  1614449550
use pt_key

real	0m2.310s
user	0m0.109s
sys	0m0.156s
02/28/21 02:12:34 310467000  1614449554 token: AAFgOouQADBLuxexKPaZxkwskQYQeqaned5IJwgJEboEZNNHGjaJ6VrRIKUWPdoXKSvSnLbcjvc
parse error: Invalid numeric literal at line 1, column 10

real	0m3.420s
user	0m0.172s
sys	0m0.094s
02/28/21 02:12:38 405461200  1614449558 secretPin: 
[WARN] get secretPin error

02/28/21 02:12:39 135881400  1614449559 赵签到佳贝艾特京东自营官方旗舰店

real	0m1.607s
user	0m0.031s
sys	0m0.047s
parse error: Invalid numeric literal at line 1, column 10
parse error: Invalid numeric literal at line 1, column 10
parse error: Invalid numeric literal at line 1, column 10
parse error: Invalid numeric literal at line 1, column 10
02/28/21 02:12:44 786745000 1614449564

real	0m4.973s
user	0m0.000s
sys	0m0.063s

real	0m2.347s
user	0m0.031s
sys	0m0.094s
[WARN] get LZ_TOKEN error
02/28/21 02:12:53 119309900  1614449573
use pt_key

real	0m2.091s
user	0m0.172s
sys	0m0.063s
02/28/21 02:12:55 883630600  1614449575 token: AAFgOounADCw4QZujBZFx1S-E2PVOu66jrwp-AR4cnUuM60LjxTZNqhIBw4_ad7wo1JT067zONE
parse error: Invalid numeric literal at line 1, column 10

real	0m2.618s
user	0m0.109s
sys	0m0.125s
02/28/21 02:12:59 371694400  1614449579 secretPin: 
[WARN] get secretPin error

02/28/21 02:13:00 563510000  1614449580 赵签到佳贝艾特京东自营官方旗舰店

real	0m2.130s
user	0m0.016s
sys	0m0.078s
parse error: Invalid numeric literal at line 1, column 10
parse error: Invalid numeric literal at line 1, column 10
parse error: Invalid numeric literal at line 1, column 10
parse error: Invalid numeric literal at line 1, column 10
02/28/21 02:13:10 371540100 1614449590

real	0m5.177s
user	0m0.000s
sys	0m0.078s

real	0m2.646s
user	0m0.047s
sys	0m0.031s
[WARN] get LZ_TOKEN error
02/28/21 02:13:19 339419000  1614449599
use pt_key

real	0m2.012s
user	0m0.125s
sys	0m0.094s
02/28/21 02:13:21 778055300  1614449601 token: AAFgOovBADCHfWjwM1kVjkAVuEZLhcgWebHmPVTr86iQEvKNU0bRB8hViIabIsotWVXY4bAEXXw
parse error: Invalid numeric literal at line 1, column 10

real	0m1.875s
user	0m0.125s
sys	0m0.109s
02/28/21 02:13:24 393325900  1614449604 secretPin: 
[WARN] get secretPin error

02/28/21 02:13:24 916847700  1614449604 赵签到佳贝艾特京东自营官方旗舰店

real	0m1.821s
user	0m0.016s
sys	0m0.141s
parse error: Invalid numeric literal at line 1, column 10
parse error: Invalid numeric literal at line 1, column 10
parse error: Invalid numeric literal at line 1, column 10
parse error: Invalid numeric literal at line 1, column 10
02/28/21 02:13:32 332395600 1614449612

real	0m5.831s
user	0m0.000s
sys	0m0.047s

real	0m1.616s
user	0m0.031s
sys	0m0.078s
[WARN] get LZ_TOKEN error
02/28/21 02:13:41 427553800  1614449621
use pt_key

real	0m1.972s
user	0m0.172s
sys	0m0.125s
02/28/21 02:13:43 714856400  1614449623 token: AAFgOovXADDvyzepAdfpcoGLRvlcad0hAzBwdgsaGGZRy0PKsfIHS1-s0u8n8KY7R0N3BBh8VHM
parse error: Invalid numeric literal at line 1, column 10

real	0m2.537s
user	0m0.109s
sys	0m0.141s
02/28/21 02:13:46 683442000  1614449626 secretPin: 
[WARN] get secretPin error

02/28/21 02:13:47 064608200  1614449627 赵签到佳贝艾特京东自营官方旗舰店

real	0m1.553s
user	0m0.063s
sys	0m0.094s
parse error: Invalid numeric literal at line 1, column 10
parse error: Invalid numeric literal at line 1, column 10
parse error: Invalid numeric literal at line 1, column 10
parse error: Invalid numeric literal at line 1, column 10
02/28/21 02:13:53 933059300 1614449633

real	0m5.090s
user	0m0.000s
sys	0m0.016s
02/28/21 02:14:45 259602700  1614449685
parse error: Invalid numeric literal at line 1, column 10
签到是否成功解析失败. 不再写/home/myid/jd/jd_signup/lzkj_sevenDay_vender/shop_1613046181_1_delay

赵签到佳贝艾特京东自营官方旗舰店查看结果, 活动规则
<!DOCTYPE html>
<html>
 <head> 
  <title>京东</title> 
  <meta charset="utf-8" /> 
  <meta name="apple-mobile-web-app-capable" content="yes" /> 
  <meta name="viewport" content="width=device-width,initial-scale=1,user-scalable=no,maximum-scale=1,viewport-fit=cover" /> 
  <meta name="format-detection" content="telephone=no" /> 
  <meta name="x5-cache" content="enable" /> 
  <link rel="stylesheet" href="https://storage.360buyimg.com/babel/00162638/333378/production/dev/parser.1526555535098.css?t=20180517191236" /> 
  <style> img {
            opacity: 1 !important;
        } </style> 
  <link href="https://storage.360buyimg.com/babel/00170893/348321/production/dev/index.7320a380.css?t=20180802150952" rel="stylesheet" />
 </head> 
 <body style="background:#fff;" id="root"> 
  <div class="errorPage"> 
  </div> 
  <div class="placeholer"> 
  </div> 
  <script src="https://wl.jd.com/unify.min.js"></script> 
  <script type="text/javascript" src="https://storage.360buyimg.com/babel/00170893/348321/production/dev/index.0f8f4dba.js?t=20180802150952"></script> 
 </body>
</html>

#店铺名称
vendername="佳贝艾特京东自营官方旗舰店"
#店铺激活码
actId="3f6c151718844239b7be3ecca403cd70"
#店铺id
venderId="1000002710"
#长链接
url="https://lzkj-isv.isvjcloud.com/sign/sevenDay/signActivity?activityId=3f6c151718844239b7be3ecca403cd70&venderId=1000002710"

# 奖励说明：
actRule="
7天签到
连续签到1天：20元优惠券
连续签到2天：80元优惠券
连续签到3天：30店铺积分
连续签到4天：50店铺积分
连续签到5天：80店铺积分
连续签到6天：2京豆
连续签到7天：5元京东E卡
"
#肥鹅 jd_4d651d9e48204 sign_res
sign_num="0"
giftName=""
giftRes="ok"
giftDate="20210227"
sign_res_info="7天签到 第 0 天
当天签到奖励 []"
#肥鹅 jd_4d651d9e48204 sign_res_end
#移动 jd_OeTNobRVGiNZ sign_res
sign_num="0"
giftName=""
giftRes="ok"
giftDate="20210227"
sign_res_info="7天签到 第 0 天
当天签到奖励 []"
#移动 jd_OeTNobRVGiNZ sign_res_end
#赵 122294312-396444 sign_res
sign_num="0"
giftName=""
giftRes="ok"
giftDate="20210227"
sign_res_info="7天签到 第 0 天
当天签到奖励 []"
#赵 122294312-396444 sign_res_end
#王 1309893722-164885 sign_res
sign_num="0"
giftName="50元优惠券"
giftRes="ok"
giftDate="20210227"
sign_res_info="7天签到 第 0 天
当天签到奖励 [50元优惠券]"
#王 1309893722-164885 sign_res_end
