02/18/21 02:01:47 198673100  1613584907
RANDOM_num: 30
removed '/tmp/tmp.UD3B0G9sLA'
02/18/21 02:01:47 306899500  1613584907
赵 今天已经签到过. 签到结果: ok  giftDate: 20210218
***********************************************

2021/02/18_08:00:00  [已~签~到]      
当天签到奖励 5积分
连续签到 1 天
签到总天数 1
***********************************************

actId=1611635c76a84d969234b8b7c6871c65
venderId=1000087322
startTime=1611656100000
endTime=1614243659000
# 短链接
suo_url="https://3.cn/100Tyy-4J"
actTimeStr="2021-01-26 18:15 至 2021-02-25 17:00"
#店铺名称
vendername="Domol京东自营专卖店"
# 长链接
url=https://lzkj-isv.isvjcloud.com/sign/signActivity2?activityId=1611635c76a84d969234b8b7c6871c65&venderId=1000087322
# 活动时间：2021.01.26 18:15:00 - 2021.02.25 17:00:59
# 奖励说明：
actRule="
连续签到7天：10积分 10积分
"
#赵 122294312-396444 sign_res
sign_res="
signTime=1613606400;signed=2"
sign_num="1"
sign_total_num="1"
giftName=""5积分""
giftRes="ok"
giftDate="20210218"
sign_res_info="
2021/02/18_08:00:00  [已~签~到]      
当天签到奖励 "5积分"
连续签到 1 天
签到总天数 1"
#赵 122294312-396444 sign_res_end
#王 1309893722-164885 sign_res
sign_res="
signTime=1613606400;signed=2"
sign_num="1"
sign_total_num="1"
giftName=""5积分""
giftRes="ok"
giftDate="20210218"
sign_res_info="
2021/02/18_08:00:00  [已~签~到]      
当天签到奖励 "5积分"
连续签到 1 天
签到总天数 1"
#王 1309893722-164885 sign_res_end
#肥鹅 jd_4d651d9e48204 sign_res
sign_res="
signTime=1613606400;signed=2"
sign_num="1"
sign_total_num="1"
giftName=""5积分""
giftRes="ok"
giftDate="20210218"
sign_res_info="
2021/02/18_08:00:00  [已~签~到]      
当天签到奖励 "5积分"
连续签到 1 天
签到总天数 1"
#肥鹅 jd_4d651d9e48204 sign_res_end
#移动 jd_OeTNobRVGiNZ sign_res
sign_res="
signTime=1613520000;signed=2
signTime=1613606400;signed=2"
sign_num="2"
sign_total_num="2"
giftName=""5积分""
giftRes="ok"
giftDate="20210218"
sign_res_info="
2021/02/17_08:00:00  [已~签~到]      
2021/02/18_08:00:00  [已~签~到]      
当天签到奖励 "5积分"
连续签到 2 天
签到总天数 2"
#移动 jd_OeTNobRVGiNZ sign_res_end
