03/01/21 01:14:50 348977500  1614532490
RANDOM_num: 30
removed '/tmp/tmp.BVLkshvLx4'
03/01/21 01:14:50 450351100  1614532490 检查赵签到

real	0m0.172s
user	0m0.000s
sys	0m0.047s
lzkj-isv.isvjcloud.com	FALSE	/	FALSE	1614533090	LZ_TOKEN_VALUE	B0oH3vDY2bhHWuKbVaJ+XQ==
lzkj-isv.isvjcloud.com	FALSE	/	FALSE	1614533090	LZ_TOKEN_KEY	lztokenpage539241af445147fdb846ceabe42e1086
03/01/21 01:14:50 740322200  1614532490
use pt_key

real	0m0.137s
user	0m0.063s
sys	0m0.094s
03/01/21 01:14:50 906667800  1614532490 token: AAFgO8-KADCFuwNzuNIT2gHvOEk5bGS55Lc4ZDzLflW6gAf8Vsvd_pW2K_HbJLiP5X_hCLqykXI

real	0m0.283s
user	0m0.047s
sys	0m0.078s
03/01/21 01:14:51 205443500  1614532491 secretPin: 51S2JqsypB/nfj45frYeoU7oeVP9kq2pYSH90mYt4m3fwcJlClpxrfmVYaGKuquQkdK3rLBQpEQH9V4tdrrh0w==

03/01/21 01:14:51 218105700  1614532491 赵签到膳魔师（THERMOS）京东自营旗舰店

real	0m0.153s
user	0m0.031s
sys	0m0.031s
{
  "msg": "该活动已经结束",
  "code": "-1",
  "isOk": false
}
活动已结束. /home/myid/jd/jd_signup/vender/shop_1613569843_224_delay --> /home/myid/jd/jd_signup/vender/shop_1613569843_224_del
renamed '/home/myid/jd/jd_signup/vender/shop_1613569843_224_delay' -> '/home/myid/jd/jd_signup/vender/shop_1613569843_224_del'
03/01/21 01:15:21 644621900  1614532521

赵签到膳魔师（THERMOS）京东自营旗舰店查看结果
{"msg":"","code":"-1","isOk":false}

{
  "signDetail": null,
  "contiSignNum": null,
  "totalSignNum": null
}

膳魔师（THERMOS）京东自营旗舰店活动规则
{"msg":"","code":"-1","isOk":false}

{
  "actUrl": null,
  "shortUrl": null,
  "actRule": null
}
actId=d31e2fdc64bc453cb458bd2818deb581
venderId=1000007127
startTime=1612144800000
endTime=1614527999000
# 短链接
suo_url="https://3.cn/1-00W9bVY"
actTimeStr="2021-02-01 10:00 至 2021-02-28 23:59"
#店铺名称
vendername="膳魔师（THERMOS）京东自营旗舰店"
# 长链接
url=https://lzkj-isv.isvjcloud.com/sign/signActivity2?activityId=d31e2fdc64bc453cb458bd2818deb581&venderId=1000007127&adsource=tg_xuanFuTuBiao
# 活动时间：2021.02.01 10:00:00 - 2021.02.28 23:59:59
# 奖励说明：
actRule="
连续签到28天：500积分 500积分
"
#赵 122294312-396444 sign_res
sign_res="
signTime=1613606400;signed=2
signTime=1613692800;signed=2
signTime=1613779200;signed=2
signTime=1613865600;signed=2
signTime=1613952000;signed=2
signTime=1614038400;signed=2
signTime=1614124800;signed=2
signTime=1614211200;signed=2
signTime=1614297600;signed=2
signTime=1614384000;signed=2
signTime=1614470400;signed=2"
sign_num="11"
sign_total_num="11"
giftName=""10积分""
giftRes="ok"
giftDate="20210228"
sign_res_info="
2021/02/18_08:00:00  [已~签~到]      
2021/02/19_08:00:00  [已~签~到]      
2021/02/20_08:00:00  [已~签~到]      
2021/02/21_08:00:00  [已~签~到]      
2021/02/22_08:00:00  [已~签~到]      
2021/02/23_08:00:00  [已~签~到]      
2021/02/24_08:00:00  [已~签~到]      
2021/02/25_08:00:00  [已~签~到]      
2021/02/26_08:00:00  [已~签~到]      
2021/02/27_08:00:00  [已~签~到]      
2021/02/28_08:00:00  [已~签~到]      
当天签到奖励 ["10积分"]
连续签到 11 天
签到总天数 11"
#赵 122294312-396444 sign_res_end
#王 1309893722-164885 sign_res
sign_res="
signTime=1613606400;signed=2
signTime=1613692800;signed=2
signTime=1613779200;signed=2
signTime=1613865600;signed=2
signTime=1613952000;signed=2
signTime=1614038400;signed=2
signTime=1614124800;signed=2
signTime=1614211200;signed=2
signTime=1614297600;signed=2
signTime=1614384000;signed=2
signTime=1614470400;signed=2"
sign_num="11"
sign_total_num="11"
giftName=""10积分""
giftRes="ok"
giftDate="20210228"
sign_res_info="
2021/02/18_08:00:00  [已~签~到]      
2021/02/19_08:00:00  [已~签~到]      
2021/02/20_08:00:00  [已~签~到]      
2021/02/21_08:00:00  [已~签~到]      
2021/02/22_08:00:00  [已~签~到]      
2021/02/23_08:00:00  [已~签~到]      
2021/02/24_08:00:00  [已~签~到]      
2021/02/25_08:00:00  [已~签~到]      
2021/02/26_08:00:00  [已~签~到]      
2021/02/27_08:00:00  [已~签~到]      
2021/02/28_08:00:00  [已~签~到]      
当天签到奖励 ["10积分"]
连续签到 11 天
签到总天数 11"
#王 1309893722-164885 sign_res_end
#肥鹅 jd_4d651d9e48204 sign_res
sign_res="
signTime=1613606400;signed=2
signTime=1613692800;signed=2
signTime=1613779200;signed=2
signTime=1613865600;signed=2
signTime=1613952000;signed=2
signTime=1614038400;signed=2
signTime=1614124800;signed=2
signTime=1614211200;signed=2
signTime=1614297600;signed=2
signTime=1614384000;signed=2
signTime=1614470400;signed=2"
sign_num="11"
sign_total_num="11"
giftName=""10积分""
giftRes="ok"
giftDate="20210228"
sign_res_info="
2021/02/18_08:00:00  [已~签~到]      
2021/02/19_08:00:00  [已~签~到]      
2021/02/20_08:00:00  [已~签~到]      
2021/02/21_08:00:00  [已~签~到]      
2021/02/22_08:00:00  [已~签~到]      
2021/02/23_08:00:00  [已~签~到]      
2021/02/24_08:00:00  [已~签~到]      
2021/02/25_08:00:00  [已~签~到]      
2021/02/26_08:00:00  [已~签~到]      
2021/02/27_08:00:00  [已~签~到]      
2021/02/28_08:00:00  [已~签~到]      
当天签到奖励 ["10积分"]
连续签到 11 天
签到总天数 11"
#肥鹅 jd_4d651d9e48204 sign_res_end
#移动 jd_OeTNobRVGiNZ sign_res
sign_res="
signTime=1613520000;signed=2
signTime=1613606400;signed=2
signTime=1613692800;signed=2
signTime=1613779200;signed=2
signTime=1613865600;signed=2
signTime=1613952000;signed=2
signTime=1614038400;signed=2
signTime=1614124800;signed=2
signTime=1614211200;signed=2
signTime=1614297600;signed=2
signTime=1614384000;signed=2
signTime=1614470400;signed=2"
sign_num="12"
sign_total_num="12"
giftName=""10积分""
giftRes="ok"
giftDate="20210228"
sign_res_info="
2021/02/17_08:00:00  [已~签~到]      
2021/02/18_08:00:00  [已~签~到]      
2021/02/19_08:00:00  [已~签~到]      
2021/02/20_08:00:00  [已~签~到]      
2021/02/21_08:00:00  [已~签~到]      
2021/02/22_08:00:00  [已~签~到]      
2021/02/23_08:00:00  [已~签~到]      
2021/02/24_08:00:00  [已~签~到]      
2021/02/25_08:00:00  [已~签~到]      
2021/02/26_08:00:00  [已~签~到]      
2021/02/27_08:00:00  [已~签~到]      
2021/02/28_08:00:00  [已~签~到]      
当天签到奖励 ["10积分"]
连续签到 12 天
签到总天数 12"
#移动 jd_OeTNobRVGiNZ sign_res_end
