02/20/21 02:03:56 207402700  1613757836
RANDOM_num: 40
removed '/tmp/tmp.FVesO9yocp'
02/20/21 02:03:56 296585100  1613757836
赵 今天已经签到过. 签到结果: ok  giftDate: 20210220
***********************************************

2021/02/19_00:00:00  2    未签到
2021/02/20_01:08:52  1    [已~签~到]
2021/02/21_00:00:00  3    未签到
2021/02/22_00:00:00  3    未签到
2021/02/23_00:00:00  3    未签到
2021/02/24_00:00:00  3    未签到
2021/02/25_00:00:00  3    未签到
2021/02/26_00:00:00  3    未签到
2021/02/27_00:00:00  3    未签到
2021/02/28_00:00:00  3    未签到
已签到 1 天
***********************************************

02/20/21 02:03:56 341200800  1613757836 检查122294312-396444签到
removed '/tmp/tmp.CCSngpHep0'
02/20/21 02:03:56 420948200  1613757836 检查1309893722-164885签到

02/20/21 02:03:56 472013800  1613757836 王签到迪锐克斯dxracer旗舰店

real	0m0.117s
user	0m0.000s
sys	0m0.094s
{"msg":"errCode:407000007, errMessage:签到用户未登录","code":407000007,"class":"com.jd.interact.center.client.api.common.param.Results","success":false}
02/20/21 02:03:56 902620000 1613757836
02/20/21 02:03:56 918167400 1613757836 签到迪锐克斯dxracer旗舰店完成

02/20/21 02:04:36 959272700  1613757876

王签到迪锐克斯dxracer旗舰店查看结果

***********************************************
2021/02/19_00:00:00  2    未签到
2021/02/20_00:00:00  1    未签到
2021/02/21_00:00:00  3    未签到
2021/02/22_00:00:00  3    未签到
2021/02/23_00:00:00  3    未签到
2021/02/24_00:00:00  3    未签到
2021/02/25_00:00:00  3    未签到
2021/02/26_00:00:00  3    未签到
2021/02/27_00:00:00  3    未签到
2021/02/28_00:00:00  3    未签到
已签到 0 天
***********************************************



赵签到迪锐克斯dxracer旗舰店日志

王签到迪锐克斯dxracer旗舰店日志
{"code":200,"data":{"signRecords":[{"signTime":1613664000000,"currentDay":2,"signed":1,"class":"com.jd.interact.center.client.api.color.domain.sign.InteractActivityUserActionRecord"},{"signTime":1613750400000,"currentDay":1,"signed":1,"class":"com.jd.interact.center.client.api.color.domain.sign.InteractActivityUserActionRecord"},{"signTime":1613836800000,"currentDay":3,"signed":1,"class":"com.jd.interact.center.client.api.color.domain.sign.InteractActivityUserActionRecord"},{"signTime":1613923200000,"currentDay":3,"signed":1,"class":"com.jd.interact.center.client.api.color.domain.sign.InteractActivityUserActionRecord"},{"signTime":1614009600000,"currentDay":3,"signed":1,"class":"com.jd.interact.center.client.api.color.domain.sign.InteractActivityUserActionRecord"},{"signTime":1614096000000,"currentDay":3,"signed":1,"class":"com.jd.interact.center.client.api.color.domain.sign.InteractActivityUserActionRecord"},{"signTime":1614182400000,"currentDay":3,"signed":1,"class":"com.jd.interact.center.client.api.color.domain.sign.InteractActivityUserActionRecord"},{"signTime":1614268800000,"currentDay":3,"signed":1,"class":"com.jd.interact.center.client.api.color.domain.sign.InteractActivityUserActionRecord"},{"signTime":1614355200000,"currentDay":3,"signed":1,"class":"com.jd.interact.center.client.api.color.domain.sign.InteractActivityUserActionRecord"},{"signTime":1614441600000,"currentDay":3,"signed":1,"class":"com.jd.interact.center.client.api.color.domain.sign.InteractActivityUserActionRecord"}],"days":0,"class":"com.jd.interact.center.client.api.color.domain.sign.ShopSignUserRecord"},"class":"com.jd.interact.center.client.api.common.param.Results","success":true}
{
  "contiSignNum": 0
}
# 短链接
suo_url=""
venderId=217436
startTime=1613664000000
endTime=1614527999000
activityId=10271381
token=3F96010F203DE14B657797EC4793D141
#店铺名称
vendername="迪锐克斯dxracer旗舰店"
# 长链接
url=https://h5.m.jd.com/babelDiy/Zeus/2PAAf74aG3D61qvfKUM5dxUssJQ9/index.html?token=3F96010F203DE14B657797EC4793D141
# 活动时间：2021.02.19 00:00:00 - 2021.02.28 23:59:59
# 奖励说明：
actRule="
连续签到1天：5京豆
连续签到3天：15京豆
连续签到5天：20京豆
"
#移动 jd_OeTNobRVGiNZ sign_res
sign_res="
signTime=1613664000;signed=1;currentDay=1
signTime=1613750400;signed=1;currentDay=3
signTime=1613836800;signed=1;currentDay=3
signTime=1613923200;signed=1;currentDay=3
signTime=1614009600;signed=1;currentDay=3
signTime=1614096000;signed=1;currentDay=3
signTime=1614182400;signed=1;currentDay=3
signTime=1614268800;signed=1;currentDay=3
signTime=1614355200;signed=1;currentDay=3
signTime=1614441600;signed=1;currentDay=3"
sign_num="0"
giftRes=""
giftDate="20210219"
sign_res_info="
2021/02/19_00:00:00  1    未签到
2021/02/20_00:00:00  3    未签到
2021/02/21_00:00:00  3    未签到
2021/02/22_00:00:00  3    未签到
2021/02/23_00:00:00  3    未签到
2021/02/24_00:00:00  3    未签到
2021/02/25_00:00:00  3    未签到
2021/02/26_00:00:00  3    未签到
2021/02/27_00:00:00  3    未签到
2021/02/28_00:00:00  3    未签到
已签到 0 天"
#移动 jd_OeTNobRVGiNZ sign_res_end
#赵 122294312-396444 sign_res
sign_res="
signTime=1613664000;signed=1;currentDay=2
signTime=1613754532;signed=2;currentDay=1
signTime=1613836800;signed=1;currentDay=3
signTime=1613923200;signed=1;currentDay=3
signTime=1614009600;signed=1;currentDay=3
signTime=1614096000;signed=1;currentDay=3
signTime=1614182400;signed=1;currentDay=3
signTime=1614268800;signed=1;currentDay=3
signTime=1614355200;signed=1;currentDay=3
signTime=1614441600;signed=1;currentDay=3"
sign_num="1"
giftRes="ok"
giftDate="20210220"
sign_res_info="
2021/02/19_00:00:00  2    未签到
2021/02/20_01:08:52  1    [已~签~到]
2021/02/21_00:00:00  3    未签到
2021/02/22_00:00:00  3    未签到
2021/02/23_00:00:00  3    未签到
2021/02/24_00:00:00  3    未签到
2021/02/25_00:00:00  3    未签到
2021/02/26_00:00:00  3    未签到
2021/02/27_00:00:00  3    未签到
2021/02/28_00:00:00  3    未签到
已签到 1 天"
#赵 122294312-396444 sign_res_end
#肥鹅 jd_4d651d9e48204 sign_res
sign_res="
signTime=1613664000;signed=1;currentDay=2
signTime=1613754575;signed=2;currentDay=1
signTime=1613836800;signed=1;currentDay=3
signTime=1613923200;signed=1;currentDay=3
signTime=1614009600;signed=1;currentDay=3
signTime=1614096000;signed=1;currentDay=3
signTime=1614182400;signed=1;currentDay=3
signTime=1614268800;signed=1;currentDay=3
signTime=1614355200;signed=1;currentDay=3
signTime=1614441600;signed=1;currentDay=3"
sign_num="1"
giftRes="ok"
giftDate="20210220"
sign_res_info="
2021/02/19_00:00:00  2    未签到
2021/02/20_01:09:35  1    [已~签~到]
2021/02/21_00:00:00  3    未签到
2021/02/22_00:00:00  3    未签到
2021/02/23_00:00:00  3    未签到
2021/02/24_00:00:00  3    未签到
2021/02/25_00:00:00  3    未签到
2021/02/26_00:00:00  3    未签到
2021/02/27_00:00:00  3    未签到
2021/02/28_00:00:00  3    未签到
已签到 1 天"
#肥鹅 jd_4d651d9e48204 sign_res_end
#王 1309893722-164885 sign_res
sign_res="
signTime=1613664000;signed=1;currentDay=2
signTime=1613750400;signed=1;currentDay=1
signTime=1613836800;signed=1;currentDay=3
signTime=1613923200;signed=1;currentDay=3
signTime=1614009600;signed=1;currentDay=3
signTime=1614096000;signed=1;currentDay=3
signTime=1614182400;signed=1;currentDay=3
signTime=1614268800;signed=1;currentDay=3
signTime=1614355200;signed=1;currentDay=3
signTime=1614441600;signed=1;currentDay=3"
sign_num="0"
giftRes=""
giftDate="20210220"
sign_res_info="
2021/02/19_00:00:00  2    未签到
2021/02/20_00:00:00  1    未签到
2021/02/21_00:00:00  3    未签到
2021/02/22_00:00:00  3    未签到
2021/02/23_00:00:00  3    未签到
2021/02/24_00:00:00  3    未签到
2021/02/25_00:00:00  3    未签到
2021/02/26_00:00:00  3    未签到
2021/02/27_00:00:00  3    未签到
2021/02/28_00:00:00  3    未签到
已签到 0 天"
#王 1309893722-164885 sign_res_end
