02/28/21 01:13:33 690899200  1614446013
RANDOM_num: 15
removed '/tmp/tmp.9c63o3bZqy'
02/28/21 01:13:36 634101600  1614446016 æ£€æŸ¥ç‹ç­¾åˆ°

real	0m1.959s
user	0m0.047s
sys	0m0.125s
[WARN] get LZ_TOKEN error
02/28/21 01:13:42 010831900  1614446022
use pt_key

real	0m2.028s
user	0m0.109s
sys	0m0.125s
02/28/21 01:13:44 573784100  1614446024 token: AAFgOn3HADCYg-rz2evN6jbtGE2wBPIqam76y8AjVjpMhJ9hP8CR9nUEvxnbphnEQEhogWhb46s
parse error: Invalid numeric literal at line 1, column 10

real	0m2.073s
user	0m0.125s
sys	0m0.094s
02/28/21 01:13:46 867761100  1614446026 secretPin: 
[WARN] get secretPin error

02/28/21 01:13:47 588752700  1614446027 ç‹ç­¾åˆ°æ¨å›½ç¦æ——èˆ°åº—

real	0m1.123s
user	0m0.047s
sys	0m0.031s
parse error: Invalid numeric literal at line 1, column 10
parse error: Invalid numeric literal at line 1, column 10
parse error: Invalid numeric literal at line 1, column 10
parse error: Invalid numeric literal at line 1, column 10
02/28/21 01:13:56 654433800 1614446036

real	0m1.812s
user	0m0.000s
sys	0m0.016s

real	0m2.553s
user	0m0.047s
sys	0m0.078s
[WARN] get LZ_TOKEN error
02/28/21 01:14:02 652708700  1614446042
use pt_key

real	0m1.436s
user	0m0.109s
sys	0m0.141s
02/28/21 01:14:05 341567400  1614446045 token: AAFgOn3cADAAaFv2ttAp0fUv6FwQQq8par0dLdBQz2l-vb6wTDoueL21tF4LXUbn_OoYOkE1J-M
parse error: Invalid numeric literal at line 1, column 10

real	0m2.426s
user	0m0.109s
sys	0m0.063s
02/28/21 01:14:08 350903800  1614446048 secretPin: 
[WARN] get secretPin error

02/28/21 01:14:08 995468500  1614446048 ç‹ç­¾åˆ°æ¨å›½ç¦æ——èˆ°åº—

real	0m1.644s
user	0m0.000s
sys	0m0.094s
parse error: Invalid numeric literal at line 1, column 10
parse error: Invalid numeric literal at line 1, column 10
parse error: Invalid numeric literal at line 1, column 10
parse error: Invalid numeric literal at line 1, column 10
02/28/21 01:14:18 745451900 1614446058

real	0m2.154s
user	0m0.000s
sys	0m0.031s

real	0m3.780s
user	0m0.031s
sys	0m0.063s
[WARN] get LZ_TOKEN error
02/28/21 01:14:27 106309700  1614446067
use pt_key

real	0m2.548s
user	0m0.094s
sys	0m0.094s
02/28/21 01:14:30 285038300  1614446070 token: AAFgOn31ADCLkTIouL5rxBBC3dF__4ekfA7nB4_9z4CIcPfW54KoEdn2wFhgboov7vYj60OjHdo
parse error: Invalid numeric literal at line 1, column 10

real	0m3.097s
user	0m0.156s
sys	0m0.078s
02/28/21 01:14:34 720366800  1614446074 secretPin: 
[WARN] get secretPin error

02/28/21 01:14:35 643259600  1614446075 ç‹ç­¾åˆ°æ¨å›½ç¦æ——èˆ°åº—

real	0m2.566s
user	0m0.031s
sys	0m0.078s
parse error: Invalid numeric literal at line 1, column 10
parse error: Invalid numeric literal at line 1, column 10
parse error: Invalid numeric literal at line 1, column 10
parse error: Invalid numeric literal at line 1, column 10
02/28/21 01:14:46 803073300 1614446086

real	0m3.008s
user	0m0.000s
sys	0m0.063s

real	0m2.341s
user	0m0.016s
sys	0m0.125s
[WARN] get LZ_TOKEN error
02/28/21 01:14:58 259302300  1614446098
use pt_key

real	0m2.999s
user	0m0.094s
sys	0m0.094s
02/28/21 01:15:01 778991200  1614446101 token: AAFgOn4UADATu_-sjU1OZHuQWANzHmZnjYyCAioHpR568lRv2_0YQE_pJulSPV9sCugElMg2A6g
parse error: Invalid numeric literal at line 1, column 10

real	0m3.631s
user	0m0.109s
sys	0m0.063s
02/28/21 01:15:06 555445600  1614446106 secretPin: 
[WARN] get secretPin error

02/28/21 01:15:07 414179600  1614446107 ç‹ç­¾åˆ°æ¨å›½ç¦æ——èˆ°åº—

real	0m2.301s
user	0m0.016s
sys	0m0.094s
parse error: Invalid numeric literal at line 1, column 10
parse error: Invalid numeric literal at line 1, column 10
parse error: Invalid numeric literal at line 1, column 10
parse error: Invalid numeric literal at line 1, column 10
02/28/21 01:15:24 559818200 1614446124

real	0m3.864s
user	0m0.000s
sys	0m0.016s

real	0m2.752s
user	0m0.031s
sys	0m0.094s
[WARN] get LZ_TOKEN error
02/28/21 01:15:37 524146500  1614446137
use pt_key

real	0m3.431s
user	0m0.109s
sys	0m0.094s
02/28/21 01:15:41 381106800  1614446141 token: AAFgOn48ADDQwMxbyWmi1Jjb5xpTIwOCZjcVRW_OMA1Oh9qffrs0vJJSw-e_qYUsA9-gmo7nAbk
parse error: Invalid numeric literal at line 1, column 10

real	0m2.902s
user	0m0.094s
sys	0m0.125s
02/28/21 01:15:45 062679300  1614446145 secretPin: 
[WARN] get secretPin error

02/28/21 01:15:45 865788500  1614446145 ç‹ç­¾åˆ°æ¨å›½ç¦æ——èˆ°åº—

real	0m3.431s
user	0m0.031s
sys	0m0.078s
parse error: Invalid numeric literal at line 1, column 10
parse error: Invalid numeric literal at line 1, column 10
parse error: Invalid numeric literal at line 1, column 10
parse error: Invalid numeric literal at line 1, column 10
02/28/21 01:16:14 586137600 1614446174

real	0m3.154s
user	0m0.000s
sys	0m0.047s

real	0m2.651s
user	0m0.031s
sys	0m0.078s
[WARN] get LZ_TOKEN error
02/28/21 01:16:26 447170200  1614446186
use pt_key

real	0m2.950s
user	0m0.125s
sys	0m0.141s
02/28/21 01:16:29 958851100  1614446189 token: AAFgOn5tADDEAQOk2Mli1SrCQj3Cp68Txi-U3ohP6BK1vrmKFthTgeX-IDDbN5wTB_RKWa6glFA
parse error: Invalid numeric literal at line 1, column 10

real	0m3.389s
user	0m0.125s
sys	0m0.109s
02/28/21 01:16:34 674829000  1614446194 secretPin: 
[WARN] get secretPin error

02/28/21 01:16:35 552959600  1614446195 ç‹ç­¾åˆ°æ¨å›½ç¦æ——èˆ°åº—

real	0m3.377s
user	0m0.063s
sys	0m0.078s
parse error: Invalid numeric literal at line 1, column 10
parse error: Invalid numeric literal at line 1, column 10
parse error: Invalid numeric literal at line 1, column 10
parse error: Invalid numeric literal at line 1, column 10
02/28/21 01:16:54 778159300 1614446214

real	0m4.631s
user	0m0.000s
sys	0m0.047s

real	0m2.775s
user	0m0.047s
sys	0m0.063s
[WARN] get LZ_TOKEN error
02/28/21 01:17:08 570651300  1614446228
use pt_key

real	0m2.814s
user	0m0.078s
sys	0m0.109s
02/28/21 01:17:11 820181100  1614446231 token: AAFgOn6XADD4gZisGLzD1gmJQZXN4mNTlL3N02L7HHNgO4NGad_a5kHxg0FBNWqsMwyz122Tels
parse error: Invalid numeric literal at line 1, column 10

real	0m2.452s
user	0m0.109s
sys	0m0.094s
02/28/21 01:17:15 127750000  1614446235 secretPin: 
[WARN] get secretPin error

02/28/21 01:17:15 920551600  1614446235 ç‹ç­¾åˆ°æ¨å›½ç¦æ——èˆ°åº—

real	0m2.345s
user	0m0.047s
sys	0m0.031s
parse error: Invalid numeric literal at line 1, column 10
parse error: Invalid numeric literal at line 1, column 10
parse error: Invalid numeric literal at line 1, column 10
parse error: Invalid numeric literal at line 1, column 10
02/28/21 01:17:32 324787300 1614446252

real	0m4.374s
user	0m0.000s
sys	0m0.047s

real	0m3.209s
user	0m0.016s
sys	0m0.078s
[WARN] get LZ_TOKEN error
02/28/21 01:17:41 770374800  1614446261
use pt_key

real	0m3.548s
user	0m0.078s
sys	0m0.156s
02/28/21 01:17:46 054162600  1614446266 token: AAFgOn64ADApA9tIiTHdzDeVcOat7qdWUfG_grXBpL1qx21Mjvv0KxyCO5ZrXoZUEqX6uOg2xtw
parse error: Invalid numeric literal at line 1, column 10

real	0m3.332s
user	0m0.125s
sys	0m0.109s
02/28/21 01:17:50 191588900  1614446270 secretPin: 
[WARN] get secretPin error

02/28/21 01:17:50 617926500  1614446270 ç‹ç­¾åˆ°æ¨å›½ç¦æ——èˆ°åº—

real	0m3.186s
user	0m0.031s
sys	0m0.109s
parse error: Invalid numeric literal at line 1, column 10
parse error: Invalid numeric literal at line 1, column 10
parse error: Invalid numeric literal at line 1, column 10
parse error: Invalid numeric literal at line 1, column 10
02/28/21 01:18:11 623161600 1614446291

real	0m4.046s
user	0m0.031s
sys	0m0.031s

real	0m3.950s
user	0m0.016s
sys	0m0.094s
[WARN] get LZ_TOKEN error
02/28/21 01:18:30 155322100  1614446310
use pt_key

real	0m3.388s
user	0m0.078s
sys	0m0.109s
02/28/21 01:18:35 319209600  1614446315 token: AAFgOn7pADCErYhGs68RYuIEy6ymEjhuKSRazLnFKl6bN7VPZ0l8_eVw2sng_QtjuFmacqh7_cs
parse error: Invalid numeric literal at line 1, column 10

real	0m3.076s
user	0m0.141s
sys	0m0.109s
02/28/21 01:18:39 152451700  1614446319 secretPin: 
[WARN] get secretPin error

02/28/21 01:18:39 789012100  1614446319 ç‹ç­¾åˆ°æ¨å›½ç¦æ——èˆ°åº—

real	0m2.249s
user	0m0.031s
sys	0m0.109s
parse error: Invalid numeric literal at line 1, column 10
parse error: Invalid numeric literal at line 1, column 10
parse error: Invalid numeric literal at line 1, column 10
parse error: Invalid numeric literal at line 1, column 10
02/28/21 01:18:55 439172500 1614446335

real	0m5.959s
user	0m0.000s
sys	0m0.047s

real	0m4.516s
user	0m0.016s
sys	0m0.125s
[WARN] get LZ_TOKEN error
02/28/21 01:19:10 175794100  1614446350
use pt_key

real	0m2.606s
user	0m0.109s
sys	0m0.078s
02/28/21 01:19:13 546412200  1614446353 token: AAFgOn8QADD5-uRVYW0s7rGjJJFq16J9UMegb9lXXAJtyhnFhLO65XkVLySYkVHRhEsBEJg-sws
parse error: Invalid numeric literal at line 1, column 10

real	0m4.033s
user	0m0.109s
sys	0m0.109s
02/28/21 01:19:18 434963000  1614446358 secretPin: 
[WARN] get secretPin error

02/28/21 01:19:19 093269800  1614446359 ç‹ç­¾åˆ°æ¨å›½ç¦æ——èˆ°åº—

real	0m2.382s
user	0m0.078s
sys	0m0.094s
parse error: Invalid numeric literal at line 1, column 10
parse error: Invalid numeric literal at line 1, column 10
parse error: Invalid numeric literal at line 1, column 10
parse error: Invalid numeric literal at line 1, column 10
02/28/21 01:19:41 829762000 1614446381

real	0m5.730s
user	0m0.000s
sys	0m0.078s

real	0m2.092s
user	0m0.016s
sys	0m0.141s
[WARN] get LZ_TOKEN error
02/28/21 01:19:52 700284300  1614446392
use pt_key

real	0m3.419s
user	0m0.125s
sys	0m0.109s
02/28/21 01:19:57 026597700  1614446397 token: AAFgOn87ADDVhj8-klV1Rdg0VVsxDf4VWiH6l0G9Qhyou82WXVTw1M3xRVo2h3UXM073qYNt07Q
parse error: Invalid numeric literal at line 1, column 10

real	0m3.689s
user	0m0.094s
sys	0m0.078s
02/28/21 01:20:01 835213000  1614446401 secretPin: 
[WARN] get secretPin error

02/28/21 01:20:02 963479300  1614446402 ç‹ç­¾åˆ°æ¨å›½ç¦æ——èˆ°åº—

real	0m4.557s
user	0m0.031s
sys	0m0.109s
parse error: Invalid numeric literal at line 1, column 10
parse error: Invalid numeric literal at line 1, column 10
parse error: Invalid numeric literal at line 1, column 10
parse error: Invalid numeric literal at line 1, column 10
02/28/21 01:20:22 982261300 1614446422

real	0m4.461s
user	0m0.000s
sys	0m0.016s

real	0m2.913s
user	0m0.047s
sys	0m0.031s
[WARN] get LZ_TOKEN error
02/28/21 01:20:35 407902800  1614446435
use pt_key

real	0m1.909s
user	0m0.109s
sys	0m0.078s
02/28/21 01:20:37 665125900  1614446437 token: AAFgOn9lADCGDHTsBIP2x44cEg3amyv4lJRKGUz2e-52ngrs0clxbb4ah4yR745GzP4viAYThX8
parse error: Invalid numeric literal at line 1, column 10

real	0m3.283s
user	0m0.078s
sys	0m0.109s
02/28/21 01:20:41 605136100  1614446441 secretPin: 
[WARN] get secretPin error

02/28/21 01:20:42 308533100  1614446442 ç‹ç­¾åˆ°æ¨å›½ç¦æ——èˆ°åº—

real	0m3.100s
user	0m0.016s
sys	0m0.141s
parse error: Invalid numeric literal at line 1, column 10
parse error: Invalid numeric literal at line 1, column 10
parse error: Invalid numeric literal at line 1, column 10
parse error: Invalid numeric literal at line 1, column 10
02/28/21 01:20:58 738507100 1614446458

real	0m6.256s
user	0m0.000s
sys	0m0.109s

real	0m4.063s
user	0m0.078s
sys	0m0.078s
[WARN] get LZ_TOKEN error
02/28/21 01:21:16 644262100  1614446476
use pt_key

real	0m3.979s
user	0m0.109s
sys	0m0.109s
02/28/21 01:21:21 294980200  1614446481 token: AAFgOn-QADBe1DOwAMnAPSCwWDzodmkjcfVVsWgDc6TShqfPfzIIeGwve9tyyCQOB7GCzqmv5Ks
parse error: Invalid numeric literal at line 1, column 10

real	0m2.513s
user	0m0.094s
sys	0m0.141s
02/28/21 01:21:24 370714900  1614446484 secretPin: 
[WARN] get secretPin error

02/28/21 01:21:24 996570400  1614446484 ç‹ç­¾åˆ°æ¨å›½ç¦æ——èˆ°åº—

real	0m1.630s
user	0m0.016s
sys	0m0.141s
parse error: Invalid numeric literal at line 1, column 10
parse error: Invalid numeric literal at line 1, column 10
parse error: Invalid numeric literal at line 1, column 10
parse error: Invalid numeric literal at line 1, column 10
02/28/21 01:21:42 650217100 1614446502

real	0m6.895s
user	0m0.016s
sys	0m0.031s

real	0m2.923s
user	0m0.031s
sys	0m0.078s
[WARN] get LZ_TOKEN error
02/28/21 01:21:54 977307800  1614446514
use pt_key

real	0m2.818s
user	0m0.109s
sys	0m0.094s
02/28/21 01:21:58 916062000  1614446518 token: AAFgOn-1ADBW_cpxE3zmIBZ4NKgdgE3c1cr_mN2zLGr2-ItZrcE3cD-c2UNqwZwirmEbPyUx1N0
parse error: Invalid numeric literal at line 1, column 10

real	0m4.183s
user	0m0.141s
sys	0m0.109s
02/28/21 01:22:04 867168200  1614446524 secretPin: 
[WARN] get secretPin error

02/28/21 01:22:05 531878100  1614446525 ç‹ç­¾åˆ°æ¨å›½ç¦æ——èˆ°åº—

real	0m2.367s
user	0m0.016s
sys	0m0.094s
parse error: Invalid numeric literal at line 1, column 10
parse error: Invalid numeric literal at line 1, column 10
parse error: Invalid numeric literal at line 1, column 10
parse error: Invalid numeric literal at line 1, column 10
02/28/21 01:22:22 107377900 1614446542

real	0m5.313s
user	0m0.000s
sys	0m0.063s

real	0m3.501s
user	0m0.031s
sys	0m0.125s
[WARN] get LZ_TOKEN error
02/28/21 01:22:35 641342000  1614446555
use pt_key

real	0m3.615s
user	0m0.063s
sys	0m0.125s
02/28/21 01:22:40 671359400  1614446560 token: AAFgOn_eADDNPviuqQAzC1XPUs70a1G9wS3Dojr65KnqiVlqDNGkTQJcl1OlFMeOrOsHqhfS8MM
parse error: Invalid numeric literal at line 1, column 10

real	0m3.261s
user	0m0.109s
sys	0m0.094s
02/28/21 01:22:44 724031600  1614446564 secretPin: 
[WARN] get secretPin error

02/28/21 01:22:45 701105100  1614446565 ç‹ç­¾åˆ°æ¨å›½ç¦æ——èˆ°åº—

real	0m2.953s
user	0m0.031s
sys	0m0.031s
parse error: Invalid numeric literal at line 1, column 10
parse error: Invalid numeric literal at line 1, column 10
parse error: Invalid numeric literal at line 1, column 10
parse error: Invalid numeric literal at line 1, column 10
02/28/21 01:22:56 960813800 1614446576

real	0m4.900s
user	0m0.000s
sys	0m0.047s

real	0m2.238s
user	0m0.031s
sys	0m0.109s
[WARN] get LZ_TOKEN error
02/28/21 01:23:09 878178200  1614446589
use pt_key

real	0m3.916s
user	0m0.141s
sys	0m0.125s
02/28/21 01:23:14 911223500  1614446594 token: AAFgOoABADDib6wRm3wEmz9-3wXG50iMvawrKnUjSzoKs7sKSM-Dx0V-2GJMX8yuLVcOPTnAymc
parse error: Invalid numeric literal at line 1, column 10

real	0m3.417s
user	0m0.078s
sys	0m0.156s
02/28/21 01:23:19 248505800  1614446599 secretPin: 
[WARN] get secretPin error

02/28/21 01:23:19 820371600  1614446599 ç‹ç­¾åˆ°æ¨å›½ç¦æ——èˆ°åº—

real	0m3.265s
user	0m0.047s
sys	0m0.063s
parse error: Invalid numeric literal at line 1, column 10
parse error: Invalid numeric literal at line 1, column 10
parse error: Invalid numeric literal at line 1, column 10
parse error: Invalid numeric literal at line 1, column 10
02/28/21 01:23:37 005318500 1614446617

real	0m5.744s
user	0m0.000s
sys	0m0.016s

real	0m3.460s
user	0m0.031s
sys	0m0.078s
[WARN] get LZ_TOKEN error
02/28/21 01:23:49 095947700  1614446629
use pt_key

real	0m3.053s
user	0m0.141s
sys	0m0.109s
02/28/21 01:23:53 139158300  1614446633 token: AAFgOoAoADASO_lSnWmU822VicoZ8q9abvgy6c9bsqbZBRLnE1uJf_1sl1_c_YK15iZuA4jaLUQ
parse error: Invalid numeric literal at line 1, column 10

real	0m2.117s
user	0m0.094s
sys	0m0.141s
02/28/21 01:23:56 052831400  1614446636 secretPin: 
[WARN] get secretPin error

02/28/21 01:23:56 960772800  1614446636 ç‹ç­¾åˆ°æ¨å›½ç¦æ——èˆ°åº—

real	0m2.756s
user	0m0.031s
sys	0m0.109s
parse error: Invalid numeric literal at line 1, column 10
parse error: Invalid numeric literal at line 1, column 10
parse error: Invalid numeric literal at line 1, column 10
parse error: Invalid numeric literal at line 1, column 10
02/28/21 01:24:10 904448200 1614446650

real	0m6.391s
user	0m0.000s
sys	0m0.047s

real	0m3.104s
user	0m0.031s
sys	0m0.078s
[WARN] get LZ_TOKEN error
02/28/21 01:24:24 562766700  1614446664
use pt_key

real	0m2.582s
user	0m0.094s
sys	0m0.109s
02/28/21 01:24:28 412067000  1614446668 token: AAFgOoBKADAMQFiSDic_TFzf0jm8j1Y6B2KSGGBut62XlhlZkiwUIBpzXxrA0mdNQu9Gn7g0Thg
parse error: Invalid numeric literal at line 1, column 10

real	0m3.517s
user	0m0.109s
sys	0m0.063s
02/28/21 01:24:32 626670100  1614446672 secretPin: 
[WARN] get secretPin error

02/28/21 01:24:35 103655000  1614446675 ç‹ç­¾åˆ°æ¨å›½ç¦æ——èˆ°åº—

real	0m1.966s
user	0m0.016s
sys	0m0.078s
parse error: Invalid numeric literal at line 1, column 10
parse error: Invalid numeric literal at line 1, column 10
parse error: Invalid numeric literal at line 1, column 10
parse error: Invalid numeric literal at line 1, column 10
02/28/21 01:24:48 023741300 1614446688

real	0m5.475s
user	0m0.000s
sys	0m0.031s

real	0m1.989s
user	0m0.031s
sys	0m0.109s
[WARN] get LZ_TOKEN error
02/28/21 01:24:58 505243400  1614446698
use pt_key

real	0m2.523s
user	0m0.109s
sys	0m0.172s
02/28/21 01:25:01 863427100  1614446701 token: AAFgOoBsADBVri9FbJwNjNDYHUHvW2YR-vXUt2wirHCFbsQeAbAhfMMzREUuiX4Ml9KE7GYJ3ck
parse error: Invalid numeric literal at line 1, column 10

real	0m4.364s
user	0m0.078s
sys	0m0.125s
02/28/21 01:25:06 995371000  1614446706 secretPin: 
[WARN] get secretPin error

02/28/21 01:25:07 576244900  1614446707 ç‹ç­¾åˆ°æ¨å›½ç¦æ——èˆ°åº—

real	0m2.885s
user	0m0.016s
sys	0m0.125s
parse error: Invalid numeric literal at line 1, column 10
parse error: Invalid numeric literal at line 1, column 10
parse error: Invalid numeric literal at line 1, column 10
parse error: Invalid numeric literal at line 1, column 10
02/28/21 01:25:17 722644100 1614446717

real	0m5.582s
user	0m0.000s
sys	0m0.063s

real	0m2.386s
user	0m0.031s
sys	0m0.109s
[WARN] get LZ_TOKEN error
02/28/21 01:25:26 999090400  1614446726
use pt_key

real	0m2.581s
user	0m0.125s
sys	0m0.094s
02/28/21 01:25:30 807029200  1614446730 token: AAFgOoCJADDnccC0sYBz62Wt6z8SSHuKnHaYTWgaE4YjSCbyp6kj2flVUNjFTAPyCtfOvyf8uJw
parse error: Invalid numeric literal at line 1, column 10

real	0m2.443s
user	0m0.109s
sys	0m0.078s
02/28/21 01:25:34 535448000  1614446734 secretPin: 
[WARN] get secretPin error

02/28/21 01:25:35 478590700  1614446735 ç‹ç­¾åˆ°æ¨å›½ç¦æ——èˆ°åº—

real	0m3.300s
user	0m0.047s
sys	0m0.078s
parse error: Invalid numeric literal at line 1, column 10
parse error: Invalid numeric literal at line 1, column 10
parse error: Invalid numeric literal at line 1, column 10
parse error: Invalid numeric literal at line 1, column 10
02/28/21 01:25:47 965816900 1614446747

real	0m4.871s
user	0m0.000s
sys	0m0.078s
02/28/21 01:26:09 923800400  1614446769
parse error: Invalid numeric literal at line 1, column 10
ç­¾åˆ°æ˜¯å¦æˆåŠŸè§£æå¤±è´¥. ä¸å†å†™/home/myid/jd/jd_signup/vender/shop_1614116294_94_delay

ç‹ç­¾åˆ°æ¨å›½ç¦æ——èˆ°åº—æŸ¥çœ‹ç»“æœ
<!DOCTYPE html>
<html>
 <head> 
  <title>äº¬ä¸œ</title> 
  <meta charset="utf-8" /> 
  <meta name="apple-mobile-web-app-capable" content="yes" /> 
  <meta name="viewport" content="width=device-width,initial-scale=1,user-scalable=no,maximum-scale=1,viewport-fit=cover" /> 
  <meta name="format-detection" content="telephone=no" /> 
  <meta name="x5-cache" content="enable" /> 
  <link rel="stylesheet" href="https://storage.360buyimg.com/babel/00162638/333378/production/dev/parser.1526555535098.css?t=20180517191236" /> 
  <style> img {
            opacity: 1 !important;
        } </style> 
  <link href="https://storage.360buyimg.com/babel/00170893/348321/production/dev/index.7320a380.css?t=20180802150952" rel="stylesheet" />
 </head> 
 <body style="background:#fff;" id="root"> 
  <div class="errorPage"> 
  </div> 
  <div class="placeholer"> 
  </div> 
  <script src="https://wl.jd.com/unify.min.js"></script> 
  <script type="text/javascript" src="https://storage.360buyimg.com/babel/00170893/348321/production/dev/index.0f8f4dba.js?t=20180802150952"></script> 
 </body>
</html>

parse error: Invalid numeric literal at line 1, column 10
[0;31;3mRUN  at {280:<--} ERROR CODE: 4[0m [0;31;3m[20210228 01:26:13] [ERROR] [0m

