RANDOM_num: 10
lzdz-isv.isvjcloud.com	FALSE	/	FALSE	1617387211	LZ_TOKEN_VALUE	B0oH3vDY2bhHWuKbVaJ+XQ==
lzdz-isv.isvjcloud.com	FALSE	/	FALSE	1617387211	LZ_TOKEN_KEY	lztokenpage6077a8cb859e43f8be9100dcc56ff7e1
use pt_key
token: AAFgZ1xzADABZ3Zz4OmxIWns0MNSX3zXV2AN1Kjmh6lJ2K6heHHrU3JuQfFj7YKOgVQZ5NwBIKM
secretPin: 8zfoIjWIu/DcpxQNzAV7/oVPSWy1B8D+G4s+fJIFDfWHSnwnXFQKK9yQco/OGmHebU48Dr07k+7+k1UaXRbZKg==

04/03/21 02:03:32 690610100  1617386612
王签到蒙牛京东自营旗舰店
{
  "result": false,
  "data": "",
  "count": 0,
  "errorMessage": "活动已结束！"
}
"活动已结束！"
签到蒙牛京东自营旗舰店完成

王签到蒙牛京东自营旗舰店查看结果, 活动规则
{"result":false,"data":"","count":0,"errorMessage":"活动已结束！"}

{
  "result": false,
  "data": "",
  "count": 0,
  "errorMessage": "活动已结束！"
}
