02/28/21 04:04:59 515750700  1614456299
RANDOM_num: 30
removed '/tmp/tmp.RAKhK65zXs'
02/28/21 04:05:04 104104600  1614456304 检查赵签到

real	0m1.649s
user	0m0.031s
sys	0m0.078s
[WARN] get LZ_TOKEN error
02/28/21 04:05:09 597744900  1614456309
use pt_key

real	0m2.393s
user	0m0.094s
sys	0m0.125s
02/28/21 04:05:13 065751300  1614456313 token: AAFgOqX3ADB95K7DxpY2KviysIAbE-8VnzNfCScB39eFjgPNyc4awxeafA8iChB91g3Pqg3K3qk
parse error: Invalid numeric literal at line 1, column 10

real	0m2.411s
user	0m0.156s
sys	0m0.094s
02/28/21 04:05:15 967755500  1614456315 secretPin: 
[WARN] get secretPin error

02/28/21 04:05:16 509326700  1614456316 赵签到JEEP SPIRIT眼镜旗舰店

real	0m3.001s
user	0m0.047s
sys	0m0.094s
parse error: Invalid numeric literal at line 1, column 10
parse error: Invalid numeric literal at line 1, column 10
parse error: Invalid numeric literal at line 1, column 10
parse error: Invalid numeric literal at line 1, column 10
02/28/21 04:05:27 300899200 1614456327

real	0m2.903s
user	0m0.000s
sys	0m0.016s

real	0m2.054s
user	0m0.047s
sys	0m0.063s
[WARN] get LZ_TOKEN error
02/28/21 04:05:35 897993900  1614456335
use pt_key

real	0m1.726s
user	0m0.188s
sys	0m0.094s
02/28/21 04:05:38 373731400  1614456338 token: AAFgOqYRADBEXgbUeDDxRVSc4Nyd5keHzELOIwa2PU-k8mTdi-_YvoDMnFwxSSG4jO6jkeXh9bY
parse error: Invalid numeric literal at line 1, column 10

real	0m2.994s
user	0m0.063s
sys	0m0.141s
02/28/21 04:05:42 015234400  1614456342 secretPin: 
[WARN] get secretPin error

02/28/21 04:05:42 735038500  1614456342 赵签到JEEP SPIRIT眼镜旗舰店

real	0m2.445s
user	0m0.047s
sys	0m0.063s
parse error: Invalid numeric literal at line 1, column 10
parse error: Invalid numeric literal at line 1, column 10
parse error: Invalid numeric literal at line 1, column 10
parse error: Invalid numeric literal at line 1, column 10
02/28/21 04:05:53 591297300 1614456353

real	0m2.793s
user	0m0.000s
sys	0m0.047s

real	0m2.439s
user	0m0.078s
sys	0m0.047s
[WARN] get LZ_TOKEN error
02/28/21 04:06:00 644643500  1614456360
use pt_key

real	0m2.244s
user	0m0.156s
sys	0m0.078s
02/28/21 04:06:04 750768200  1614456364 token: AAFgOqYqADBz8LM8kb2sAj2frwLluH0dRijNJ2AL1uULdY219Rmfqc-KTac9Mw0_ooUxmX-u8sA
parse error: Invalid numeric literal at line 1, column 10

real	0m2.724s
user	0m0.109s
sys	0m0.141s
02/28/21 04:06:08 171232800  1614456368 secretPin: 
[WARN] get secretPin error

02/28/21 04:06:09 801718800  1614456369 赵签到JEEP SPIRIT眼镜旗舰店

real	0m2.218s
user	0m0.031s
sys	0m0.094s
parse error: Invalid numeric literal at line 1, column 10
parse error: Invalid numeric literal at line 1, column 10
parse error: Invalid numeric literal at line 1, column 10
parse error: Invalid numeric literal at line 1, column 10
02/28/21 04:06:17 710829400 1614456377

real	0m2.202s
user	0m0.000s
sys	0m0.078s

real	0m1.645s
user	0m0.016s
sys	0m0.094s
[WARN] get LZ_TOKEN error
02/28/21 04:06:24 776115600  1614456384
use pt_key

real	0m2.048s
user	0m0.109s
sys	0m0.125s
02/28/21 04:06:27 373462700  1614456387 token: AAFgOqZCADB_8pdYhRqTjZjTpn9kupJZaBfNtQtxqEVTiouJbjW0ig9ilGmyk3sL8f9HLNyPQMc
parse error: Invalid numeric literal at line 1, column 10

real	0m3.045s
user	0m0.125s
sys	0m0.094s
02/28/21 04:06:31 035012200  1614456391 secretPin: 
[WARN] get secretPin error

02/28/21 04:06:31 677906200  1614456391 赵签到JEEP SPIRIT眼镜旗舰店

real	0m1.070s
user	0m0.016s
sys	0m0.094s
parse error: Invalid numeric literal at line 1, column 10
parse error: Invalid numeric literal at line 1, column 10
parse error: Invalid numeric literal at line 1, column 10
parse error: Invalid numeric literal at line 1, column 10
02/28/21 04:06:39 671278200 1614456399

real	0m2.800s
user	0m0.000s
sys	0m0.047s

real	0m2.948s
user	0m0.016s
sys	0m0.094s
[WARN] get LZ_TOKEN error
02/28/21 04:06:49 050624700  1614456409
use pt_key

real	0m2.157s
user	0m0.125s
sys	0m0.141s
02/28/21 04:06:52 353484700  1614456412 token: AAFgOqZaADAqJyZJhxugUyYnwqegQdgx3hjIBbE88y5NLNQuK5bvFmDJShK2pkgXa_92YLH2s-g
parse error: Invalid numeric literal at line 1, column 10

real	0m2.154s
user	0m0.094s
sys	0m0.125s
02/28/21 04:06:55 032391800  1614456415 secretPin: 
[WARN] get secretPin error

02/28/21 04:06:55 718608100  1614456415 赵签到JEEP SPIRIT眼镜旗舰店

real	0m1.894s
user	0m0.031s
sys	0m0.078s
parse error: Invalid numeric literal at line 1, column 10
parse error: Invalid numeric literal at line 1, column 10
parse error: Invalid numeric literal at line 1, column 10
parse error: Invalid numeric literal at line 1, column 10
02/28/21 04:07:05 880690700 1614456425

real	0m2.411s
user	0m0.000s
sys	0m0.031s

real	0m2.633s
user	0m0.063s
sys	0m0.016s
[WARN] get LZ_TOKEN error
02/28/21 04:07:11 833759400  1614456431
use pt_key

real	0m3.125s
user	0m0.156s
sys	0m0.078s
02/28/21 04:07:15 911741400  1614456435 token: AAFgOqZyADDzezguYcj6V5RU4D5ciqR6jkicDITC8qwwusC7w56_BFBvUWJ0zQuT99hFJufHhro
parse error: Invalid numeric literal at line 1, column 10

real	0m3.677s
user	0m0.094s
sys	0m0.078s
02/28/21 04:07:20 039903900  1614456440 secretPin: 
[WARN] get secretPin error

02/28/21 04:07:20 758467600  1614456440 赵签到JEEP SPIRIT眼镜旗舰店

real	0m2.594s
user	0m0.031s
sys	0m0.109s
parse error: Invalid numeric literal at line 1, column 10
parse error: Invalid numeric literal at line 1, column 10
parse error: Invalid numeric literal at line 1, column 10
parse error: Invalid numeric literal at line 1, column 10
02/28/21 04:07:31 629225500 1614456451

real	0m3.477s
user	0m0.000s
sys	0m0.047s

real	0m2.801s
user	0m0.031s
sys	0m0.109s
[WARN] get LZ_TOKEN error
02/28/21 04:07:39 483001900  1614456459
use pt_key

real	0m2.538s
user	0m0.109s
sys	0m0.172s
02/28/21 04:07:42 573957600  1614456462 token: AAFgOqaNADDun1xIzASMeUGGX9FcH3IgULWRfvgPQrYIZvPc0Q5GYMTzBa3pE6Qi2VGP6ixtx6c
parse error: Invalid numeric literal at line 1, column 10

real	0m3.535s
user	0m0.109s
sys	0m0.141s
02/28/21 04:07:46 858532700  1614456466 secretPin: 
[WARN] get secretPin error

02/28/21 04:07:47 568362000  1614456467 赵签到JEEP SPIRIT眼镜旗舰店

real	0m2.624s
user	0m0.031s
sys	0m0.063s
parse error: Invalid numeric literal at line 1, column 10
parse error: Invalid numeric literal at line 1, column 10
parse error: Invalid numeric literal at line 1, column 10
parse error: Invalid numeric literal at line 1, column 10
02/28/21 04:07:56 880145600 1614456476

real	0m3.419s
user	0m0.000s
sys	0m0.031s

real	0m4.179s
user	0m0.031s
sys	0m0.094s
[WARN] get LZ_TOKEN error
02/28/21 04:08:06 869800600  1614456486
use pt_key

real	0m1.972s
user	0m0.156s
sys	0m0.063s
02/28/21 04:08:09 427272000  1614456489 token: AAFgOqaoADCWhISeFEgeudkJ5dQen47_BKJ5hF8AIK6rNqNyfvEYJ7kbtalm55kbVkGFeoHE5Sc
parse error: Invalid numeric literal at line 1, column 10

real	0m2.774s
user	0m0.078s
sys	0m0.078s
02/28/21 04:08:13 047835800  1614456493 secretPin: 
[WARN] get secretPin error

02/28/21 04:08:13 465398300  1614456493 赵签到JEEP SPIRIT眼镜旗舰店

real	0m2.641s
user	0m0.031s
sys	0m0.078s
parse error: Invalid numeric literal at line 1, column 10
parse error: Invalid numeric literal at line 1, column 10
parse error: Invalid numeric literal at line 1, column 10
parse error: Invalid numeric literal at line 1, column 10
02/28/21 04:08:24 167611100 1614456504

real	0m3.581s
user	0m0.000s
sys	0m0.000s

real	0m2.366s
user	0m0.031s
sys	0m0.125s
[WARN] get LZ_TOKEN error
02/28/21 04:08:32 595532300  1614456512
use pt_key

real	0m2.950s
user	0m0.094s
sys	0m0.109s
02/28/21 04:08:35 986884800  1614456515 token: AAFgOqbDADCKlhTbRGFmBdEA36c7Az0Y2S6PJUvR0dMink0CoKnG-e_cfIDnLO9RWwXqD_ZSMrQ
parse error: Invalid numeric literal at line 1, column 10

real	0m1.950s
user	0m0.125s
sys	0m0.109s
02/28/21 04:08:38 611092200  1614456518 secretPin: 
[WARN] get secretPin error

02/28/21 04:08:38 913813900  1614456518 赵签到JEEP SPIRIT眼镜旗舰店

real	0m2.169s
user	0m0.016s
sys	0m0.078s
parse error: Invalid numeric literal at line 1, column 10
parse error: Invalid numeric literal at line 1, column 10
parse error: Invalid numeric literal at line 1, column 10
parse error: Invalid numeric literal at line 1, column 10
02/28/21 04:08:49 836323600 1614456529

real	0m3.040s
user	0m0.000s
sys	0m0.016s

real	0m2.468s
user	0m0.031s
sys	0m0.078s
[WARN] get LZ_TOKEN error
02/28/21 04:08:57 756973000  1614456537
use pt_key

real	0m2.727s
user	0m0.078s
sys	0m0.172s
02/28/21 04:09:01 033794400  1614456541 token: AAFgOqbcADC8qWxmaKejVK1xg5KwARqllZU6DQ0U48zrQQYbhdOFk9v5AGPvAzKT-OJH6-ISbXc
parse error: Invalid numeric literal at line 1, column 10

real	0m2.033s
user	0m0.109s
sys	0m0.141s
02/28/21 04:09:04 430159400  1614456544 secretPin: 
[WARN] get secretPin error

02/28/21 04:09:05 590743600  1614456545 赵签到JEEP SPIRIT眼镜旗舰店

real	0m1.575s
user	0m0.047s
sys	0m0.047s
parse error: Invalid numeric literal at line 1, column 10
parse error: Invalid numeric literal at line 1, column 10
parse error: Invalid numeric literal at line 1, column 10
parse error: Invalid numeric literal at line 1, column 10
02/28/21 04:09:15 412740500 1614456555

real	0m3.683s
user	0m0.000s
sys	0m0.031s

real	0m2.340s
user	0m0.031s
sys	0m0.078s
[WARN] get LZ_TOKEN error
02/28/21 04:09:23 223245800  1614456563
use pt_key

real	0m3.398s
user	0m0.125s
sys	0m0.109s
02/28/21 04:09:27 377090600  1614456567 token: AAFgOqb2ADCj3TD3Tun9qiawlj0QtGYss1wnPw8gRXwFLjgoQ4LyBefoxUFbEc9t_W3Ec-KZTb0
parse error: Invalid numeric literal at line 1, column 10

real	0m3.133s
user	0m0.109s
sys	0m0.141s
02/28/21 04:09:31 006799200  1614456571 secretPin: 
[WARN] get secretPin error

02/28/21 04:09:31 769931200  1614456571 赵签到JEEP SPIRIT眼镜旗舰店

real	0m1.154s
user	0m0.047s
sys	0m0.109s
parse error: Invalid numeric literal at line 1, column 10
parse error: Invalid numeric literal at line 1, column 10
parse error: Invalid numeric literal at line 1, column 10
parse error: Invalid numeric literal at line 1, column 10
02/28/21 04:09:39 758989900 1614456579

real	0m4.018s
user	0m0.016s
sys	0m0.063s

real	0m3.026s
user	0m0.031s
sys	0m0.063s
[WARN] get LZ_TOKEN error
02/28/21 04:09:48 135742000  1614456588
use pt_key

real	0m2.834s
user	0m0.125s
sys	0m0.063s
02/28/21 04:09:51 458994500  1614456591 token: AAFgOqcOADAPXjwRj54QAHuLah2dGCx9EsD3Fw-wCOUx2qekq84Yqjbu-_QQBPV34vn5h69SLiE
parse error: Invalid numeric literal at line 1, column 10

real	0m2.348s
user	0m0.109s
sys	0m0.109s
02/28/21 04:09:54 362774800  1614456594 secretPin: 
[WARN] get secretPin error

02/28/21 04:09:54 855821900  1614456594 赵签到JEEP SPIRIT眼镜旗舰店

real	0m2.781s
user	0m0.016s
sys	0m0.125s
parse error: Invalid numeric literal at line 1, column 10
parse error: Invalid numeric literal at line 1, column 10
parse error: Invalid numeric literal at line 1, column 10
parse error: Invalid numeric literal at line 1, column 10
02/28/21 04:10:04 678969900 1614456604

real	0m4.092s
user	0m0.000s
sys	0m0.031s

real	0m1.935s
user	0m0.047s
sys	0m0.109s
[WARN] get LZ_TOKEN error
02/28/21 04:10:12 329324000  1614456612
use pt_key

real	0m2.956s
user	0m0.141s
sys	0m0.047s
02/28/21 04:10:15 941248900  1614456615 token: AAFgOqcmADALLKMDtiylVtf1p7abO_XMtbfY9S8sgzYIwvY-oSs4We4AJu-u92pQghHo6uEZHYw
parse error: Invalid numeric literal at line 1, column 10

real	0m3.203s
user	0m0.109s
sys	0m0.078s
02/28/21 04:10:19 846697000  1614456619 secretPin: 
[WARN] get secretPin error

02/28/21 04:10:20 388032300  1614456620 赵签到JEEP SPIRIT眼镜旗舰店

real	0m1.825s
user	0m0.016s
sys	0m0.109s
parse error: Invalid numeric literal at line 1, column 10
parse error: Invalid numeric literal at line 1, column 10
parse error: Invalid numeric literal at line 1, column 10
parse error: Invalid numeric literal at line 1, column 10
02/28/21 04:10:28 304884700 1614456628

real	0m3.855s
user	0m0.000s
sys	0m0.031s

real	0m2.662s
user	0m0.016s
sys	0m0.109s
[WARN] get LZ_TOKEN error
02/28/21 04:10:37 199226900  1614456637
use pt_key

real	0m2.205s
user	0m0.109s
sys	0m0.156s
02/28/21 04:10:39 820009800  1614456639 token: AAFgOqc-ADCHxUAt-HhPVH812coVzqswiQkBRBy5gTqLAzHSxmGSvrvObvY9RTXeAy5dH_w9aso
parse error: Invalid numeric literal at line 1, column 10

real	0m2.220s
user	0m0.141s
sys	0m0.078s
02/28/21 04:10:42 576178900  1614456642 secretPin: 
[WARN] get secretPin error

02/28/21 04:10:43 050123300  1614456643 赵签到JEEP SPIRIT眼镜旗舰店

real	0m1.428s
user	0m0.063s
sys	0m0.094s
parse error: Invalid numeric literal at line 1, column 10
parse error: Invalid numeric literal at line 1, column 10
parse error: Invalid numeric literal at line 1, column 10
parse error: Invalid numeric literal at line 1, column 10
02/28/21 04:10:50 615601200 1614456650

real	0m3.967s
user	0m0.000s
sys	0m0.047s

real	0m1.542s
user	0m0.047s
sys	0m0.109s
[WARN] get LZ_TOKEN error
02/28/21 04:10:57 766380000  1614456657
use pt_key

real	0m1.969s
user	0m0.078s
sys	0m0.109s
02/28/21 04:11:00 432025400  1614456660 token: AAFgOqdTADAVjZd9Xbtgz0Wy3LftdoHCZBXxbGV5yi5xsRQNV6MnfRQJcz6dWkPl21t1NYTtJl4
parse error: Invalid numeric literal at line 1, column 10

real	0m2.206s
user	0m0.094s
sys	0m0.156s
02/28/21 04:11:04 335084800  1614456664 secretPin: 
[WARN] get secretPin error

02/28/21 04:11:04 627269400  1614456664 赵签到JEEP SPIRIT眼镜旗舰店

real	0m1.233s
user	0m0.047s
sys	0m0.094s
parse error: Invalid numeric literal at line 1, column 10
parse error: Invalid numeric literal at line 1, column 10
parse error: Invalid numeric literal at line 1, column 10
parse error: Invalid numeric literal at line 1, column 10
02/28/21 04:11:10 675273300 1614456670

real	0m4.552s
user	0m0.000s
sys	0m0.031s

real	0m2.032s
user	0m0.016s
sys	0m0.109s
[WARN] get LZ_TOKEN error
02/28/21 04:11:18 763886400  1614456678
use pt_key

real	0m1.604s
user	0m0.125s
sys	0m0.125s
02/28/21 04:11:20 628986500  1614456680 token: AAFgOqdoADApsoenvVa9-AVMkJ_cjwUap0UxYncPbXFQOMiHhYp-EqAJQtuQU8iXWgklsKSuWCk
parse error: Invalid numeric literal at line 1, column 10

real	0m1.672s
user	0m0.094s
sys	0m0.156s
02/28/21 04:11:22 783248800  1614456682 secretPin: 
[WARN] get secretPin error

02/28/21 04:11:23 154618100  1614456683 赵签到JEEP SPIRIT眼镜旗舰店

real	0m1.329s
user	0m0.047s
sys	0m0.047s
parse error: Invalid numeric literal at line 1, column 10
parse error: Invalid numeric literal at line 1, column 10
parse error: Invalid numeric literal at line 1, column 10
parse error: Invalid numeric literal at line 1, column 10
02/28/21 04:11:27 589615700 1614456687

real	0m4.081s
user	0m0.000s
sys	0m0.063s

real	0m3.658s
user	0m0.031s
sys	0m0.141s
[WARN] get LZ_TOKEN error
02/28/21 04:11:36 444927100  1614456696
use pt_key

real	0m1.378s
user	0m0.109s
sys	0m0.141s
02/28/21 04:11:38 248457600  1614456698 token: AAFgOqd6ADBjr4K5553YzoNUxbwQ3AkL2h3kwVG25fQQOUYb9cFsQKUewRReLWka8-MPlLE9qY4
parse error: Invalid numeric literal at line 1, column 10

real	0m1.713s
user	0m0.094s
sys	0m0.078s
02/28/21 04:11:40 429964300  1614456700 secretPin: 
[WARN] get secretPin error

02/28/21 04:11:40 677002200  1614456700 赵签到JEEP SPIRIT眼镜旗舰店

real	0m1.309s
user	0m0.016s
sys	0m0.109s
parse error: Invalid numeric literal at line 1, column 10
parse error: Invalid numeric literal at line 1, column 10
parse error: Invalid numeric literal at line 1, column 10
parse error: Invalid numeric literal at line 1, column 10
02/28/21 04:11:45 841238800 1614456705

real	0m4.247s
user	0m0.000s
sys	0m0.063s

real	0m0.947s
user	0m0.063s
sys	0m0.094s
[WARN] get LZ_TOKEN error
02/28/21 04:11:51 842604200  1614456711
use pt_key

real	0m1.018s
user	0m0.109s
sys	0m0.109s
02/28/21 04:11:53 058964800  1614456713 token: AAFgOqeJADAHy66BC5LJJr4QX05dWEu3i7GMWRbwWIjFi_nSPz-eUK2fVMxylm-cuG1YYq8pXN8
parse error: Invalid numeric literal at line 1, column 10

real	0m0.737s
user	0m0.109s
sys	0m0.125s
02/28/21 04:11:53 910778500  1614456713 secretPin: 
[WARN] get secretPin error

02/28/21 04:11:54 061404700  1614456714 赵签到JEEP SPIRIT眼镜旗舰店

real	0m0.419s
user	0m0.047s
sys	0m0.109s
parse error: Invalid numeric literal at line 1, column 10
parse error: Invalid numeric literal at line 1, column 10
parse error: Invalid numeric literal at line 1, column 10
parse error: Invalid numeric literal at line 1, column 10
02/28/21 04:11:55 973037700 1614456715

real	0m3.953s
user	0m0.000s
sys	0m0.063s

real	0m0.693s
user	0m0.031s
sys	0m0.109s
[WARN] get LZ_TOKEN error
02/28/21 04:12:01 031650400  1614456721
use pt_key

real	0m0.741s
user	0m0.109s
sys	0m0.141s
02/28/21 04:12:03 319666900  1614456723 token: AAFgOqeSADCRv5nMi1q6f2TFKCXOGyAb4JS3WKlAZ2GyE3IoeXCtLxL0LjNrswQg_AQ8YaXi-ew
parse error: Invalid numeric literal at line 1, column 10

real	0m0.929s
user	0m0.109s
sys	0m0.125s
02/28/21 04:12:04 351923400  1614456724 secretPin: 
[WARN] get secretPin error

02/28/21 04:12:04 537798800  1614456724 赵签到JEEP SPIRIT眼镜旗舰店

real	0m0.521s
user	0m0.047s
sys	0m0.094s
parse error: Invalid numeric literal at line 1, column 10
parse error: Invalid numeric literal at line 1, column 10
parse error: Invalid numeric literal at line 1, column 10
parse error: Invalid numeric literal at line 1, column 10
02/28/21 04:12:06 018436900 1614456726

real	0m3.967s
user	0m0.000s
sys	0m0.047s

real	0m0.518s
user	0m0.031s
sys	0m0.063s
[WARN] get LZ_TOKEN error
02/28/21 04:12:10 768492400  1614456730
use pt_key

real	0m0.482s
user	0m0.094s
sys	0m0.141s
02/28/21 04:12:11 385230600  1614456731 token: AAFgOqebADCidvfuYG91D0jbOD1jTpLD2UEMbLmSz9ZC00wrNu-l-5gqBfJ_CYsBSnc6ZiSijkg
parse error: Invalid numeric literal at line 1, column 10

real	0m0.411s
user	0m0.094s
sys	0m0.125s
02/28/21 04:12:11 979185600  1614456731 secretPin: 
[WARN] get secretPin error

02/28/21 04:12:12 044826000  1614456732 赵签到JEEP SPIRIT眼镜旗舰店

real	0m0.431s
user	0m0.016s
sys	0m0.063s
parse error: Invalid numeric literal at line 1, column 10
parse error: Invalid numeric literal at line 1, column 10
parse error: Invalid numeric literal at line 1, column 10
parse error: Invalid numeric literal at line 1, column 10
02/28/21 04:12:13 437654000 1614456733

real	0m4.121s
user	0m0.000s
sys	0m0.031s
02/28/21 04:13:47 687474600  1614456827
parse error: Invalid numeric literal at line 1, column 10
签到是否成功解析失败. 不再写/home/myid/jd/jd_signup/vender/shop_1614116236_75

赵签到JEEP SPIRIT眼镜旗舰店查看结果



JEEP SPIRIT眼镜旗舰店活动规则


actId=a3e7341936fb4fe786cb441977fad1df
venderId=10114665
startTime=1613664000000
endTime=1616169659000
# 短链接
suo_url="https://3.cn/1012Wo-ru"
actTimeStr="2021-02-19 00:00 至 2021-03-20 00:00"
#店铺名称
vendername="JEEP SPIRIT眼镜旗舰店"
# 长链接
url=https://lzkj-isv.isvjcloud.com/sign/signActivity2?activityId=a3e7341936fb4fe786cb441977fad1df&venderId=10114665&adsource=tg_xuanFuTuBiao
# 活动时间：2021.02.19 00:00:00 - 2021.03.20 00:00:59
# 奖励说明：
actRule="
连续签到3天：1京豆 1京豆
连续签到5天：3京豆 3京豆
"
#赵 122294312-396444 sign_res
sign_res="
signTime=1614211200;signed=2
signTime=1614297600;signed=2
signTime=1614384000;signed=2"
sign_num="3"
sign_total_num="3"
giftName="null"
giftRes="ok"
giftDate="20210227"
sign_res_info="
2021/02/25_08:00:00  [已~签~到]      
2021/02/26_08:00:00  [已~签~到]      
2021/02/27_08:00:00  [已~签~到]      
当天签到奖励 [null]
连续签到 3 天
签到总天数 3"
#赵 122294312-396444 sign_res_end
#王 1309893722-164885 sign_res
sign_res="
signTime=1614211200;signed=2
signTime=1614297600;signed=2
signTime=1614384000;signed=2"
sign_num="3"
sign_total_num="3"
giftName="null"
giftRes="ok"
giftDate="20210227"
sign_res_info="
2021/02/25_08:00:00  [已~签~到]      
2021/02/26_08:00:00  [已~签~到]      
2021/02/27_08:00:00  [已~签~到]      
当天签到奖励 [null]
连续签到 3 天
签到总天数 3"
#王 1309893722-164885 sign_res_end
#肥鹅 jd_4d651d9e48204 sign_res
sign_res="
signTime=1614211200;signed=2
signTime=1614297600;signed=2
signTime=1614384000;signed=2"
sign_num="3"
sign_total_num="3"
giftName="null"
giftRes="ok"
giftDate="20210227"
sign_res_info="
2021/02/25_08:00:00  [已~签~到]      
2021/02/26_08:00:00  [已~签~到]      
2021/02/27_08:00:00  [已~签~到]      
当天签到奖励 [null]
连续签到 3 天
签到总天数 3"
#肥鹅 jd_4d651d9e48204 sign_res_end
#移动 jd_OeTNobRVGiNZ sign_res
sign_res="
signTime=1614124800;signed=2
signTime=1614211200;signed=2
signTime=1614297600;signed=2
signTime=1614384000;signed=2
signTime=1614470400;signed=2"
sign_num="0"
sign_total_num="5"
giftName="null"
giftRes="ok"
giftDate="20210228"
sign_res_info="
2021/02/24_08:00:00  [已~签~到]      
2021/02/25_08:00:00  [已~签~到]      
2021/02/26_08:00:00  [已~签~到]      
2021/02/27_08:00:00  [已~签~到]      
2021/02/28_08:00:00  [已~签~到]      
当天签到奖励 [null]
连续签到 0 天
签到总天数 5"
#移动 jd_OeTNobRVGiNZ sign_res_end
