02/28/21 01:15:41 499170000  1614446141
RANDOM_num: 10
removed '/tmp/tmp.ihc7feJE6x'
02/28/21 01:15:45 651205600  1614446145 检查移动签到

real	0m2.096s
user	0m0.031s
sys	0m0.078s
[WARN] get LZ_TOKEN error
02/28/21 01:15:52 075230300  1614446152
use wskey

real	0m3.540s
user	0m0.109s
sys	0m0.078s
02/28/21 01:15:56 124446800  1614446156 token: AAFgOn5LADB8szeaCsc1bb_Mw6TDw25z_B4rTMMJILmEdc-n5_uKsRGL1_Xubpzbq535sPMZh1k
parse error: Invalid numeric literal at line 1, column 10

real	0m3.884s
user	0m0.125s
sys	0m0.125s
02/28/21 01:16:00 752490800  1614446160 secretPin: 
[WARN] get secretPin error

02/28/21 01:16:01 377875000  1614446161 移动签到爱德华医生润眼灯旗舰店

real	0m1.342s
user	0m0.031s
sys	0m0.094s
parse error: Invalid numeric literal at line 1, column 10
parse error: Invalid numeric literal at line 1, column 10
parse error: Invalid numeric literal at line 1, column 10
parse error: Invalid numeric literal at line 1, column 10
02/28/21 01:16:18 006680900 1614446178

real	0m2.039s
user	0m0.000s
sys	0m0.047s

real	0m3.008s
user	0m0.031s
sys	0m0.109s
[WARN] get LZ_TOKEN error
02/28/21 01:16:29 634281400  1614446189
use wskey

real	0m3.580s
user	0m0.125s
sys	0m0.109s
02/28/21 01:16:34 858923500  1614446194 token: AAFgOn5wADDR-5u-ueH8DT_9rpthcvt_vpc11mDlN1gEruHDK_6yw5rhnVJkuc6iF8HiUrTbrFY
parse error: Invalid numeric literal at line 1, column 10

real	0m2.841s
user	0m0.094s
sys	0m0.141s
02/28/21 01:16:38 931789100  1614446198 secretPin: 
[WARN] get secretPin error

02/28/21 01:16:39 645383000  1614446199 移动签到爱德华医生润眼灯旗舰店

real	0m3.513s
user	0m0.031s
sys	0m0.094s
parse error: Invalid numeric literal at line 1, column 10
parse error: Invalid numeric literal at line 1, column 10
parse error: Invalid numeric literal at line 1, column 10
parse error: Invalid numeric literal at line 1, column 10
02/28/21 01:17:07 442030800 1614446227

real	0m1.999s
user	0m0.000s
sys	0m0.031s

real	0m2.644s
user	0m0.047s
sys	0m0.063s
[WARN] get LZ_TOKEN error
02/28/21 01:17:15 868496700  1614446235
use wskey

real	0m3.321s
user	0m0.109s
sys	0m0.109s
02/28/21 01:17:20 742618400  1614446240 token: AAFgOn6eADADvnLpG73bu_cCKQj46IT-pZHjVbfKZ0Rcjly7gMC2oqH6gCjX2SVpSmLq7vU1fYM
parse error: Invalid numeric literal at line 1, column 10

real	0m3.694s
user	0m0.141s
sys	0m0.094s
02/28/21 01:17:25 454723100  1614446245 secretPin: 
[WARN] get secretPin error

02/28/21 01:17:26 325345400  1614446246 移动签到爱德华医生润眼灯旗舰店

real	0m2.543s
user	0m0.047s
sys	0m0.125s
parse error: Invalid numeric literal at line 1, column 10
parse error: Invalid numeric literal at line 1, column 10
parse error: Invalid numeric literal at line 1, column 10
parse error: Invalid numeric literal at line 1, column 10
02/28/21 01:17:50 168569100 1614446270

real	0m2.766s
user	0m0.000s
sys	0m0.016s

real	0m2.908s
user	0m0.047s
sys	0m0.063s
[WARN] get LZ_TOKEN error
02/28/21 01:17:59 167259500  1614446279
use wskey

real	0m2.437s
user	0m0.109s
sys	0m0.109s
02/28/21 01:18:02 549362300  1614446282 token: AAFgOn7JADAp9vHy4gmF6gqwWW72qHJpuESa5dxf0p02ku8QcMk99PprzKDEfvgmu71VaE2znrM
parse error: Invalid numeric literal at line 1, column 10

real	0m3.124s
user	0m0.094s
sys	0m0.156s
02/28/21 01:18:06 442806400  1614446286 secretPin: 
[WARN] get secretPin error

02/28/21 01:18:07 053917400  1614446287 移动签到爱德华医生润眼灯旗舰店

real	0m2.791s
user	0m0.031s
sys	0m0.094s
parse error: Invalid numeric literal at line 1, column 10
parse error: Invalid numeric literal at line 1, column 10
parse error: Invalid numeric literal at line 1, column 10
parse error: Invalid numeric literal at line 1, column 10
02/28/21 01:18:20 372187700 1614446300

real	0m3.411s
user	0m0.016s
sys	0m0.047s

real	0m3.681s
user	0m0.047s
sys	0m0.109s
[WARN] get LZ_TOKEN error
02/28/21 01:18:32 922379300  1614446312
use wskey

real	0m5.138s
user	0m0.109s
sys	0m0.141s
02/28/21 01:18:39 232820400  1614446319 token: AAFgOn7tADBkEeNB4u-I-ttVGI1HQXG3zWe0-eW24V0QL_nuTaS-ZMkvJwYWSEfjCG8cdjT2mL0
parse error: Invalid numeric literal at line 1, column 10

real	0m3.354s
user	0m0.125s
sys	0m0.078s
02/28/21 01:18:43 436625500  1614446323 secretPin: 
[WARN] get secretPin error

02/28/21 01:18:44 621721800  1614446324 移动签到爱德华医生润眼灯旗舰店

real	0m2.094s
user	0m0.016s
sys	0m0.094s
parse error: Invalid numeric literal at line 1, column 10
parse error: Invalid numeric literal at line 1, column 10
parse error: Invalid numeric literal at line 1, column 10
parse error: Invalid numeric literal at line 1, column 10
02/28/21 01:19:00 970851200 1614446340

real	0m3.852s
user	0m0.000s
sys	0m0.031s

real	0m5.288s
user	0m0.063s
sys	0m0.109s
[WARN] get LZ_TOKEN error
02/28/21 01:19:18 533483700  1614446358
use wskey

real	0m3.294s
user	0m0.125s
sys	0m0.109s
02/28/21 01:19:22 749359300  1614446362 token: AAFgOn8ZADBHRsOhPp4RoI-8SozqczxnPh97tDUDVvey99sasUV0k0cFOFwSAC6TlIRLvpAh1Q0
parse error: Invalid numeric literal at line 1, column 10

real	0m3.442s
user	0m0.125s
sys	0m0.094s
02/28/21 01:19:26 904041800  1614446366 secretPin: 
[WARN] get secretPin error

02/28/21 01:19:27 880762300  1614446367 移动签到爱德华医生润眼灯旗舰店

real	0m2.724s
user	0m0.047s
sys	0m0.063s
parse error: Invalid numeric literal at line 1, column 10
parse error: Invalid numeric literal at line 1, column 10
parse error: Invalid numeric literal at line 1, column 10
parse error: Invalid numeric literal at line 1, column 10
02/28/21 01:19:44 183777100 1614446384

real	0m4.367s
user	0m0.000s
sys	0m0.031s

real	0m3.770s
user	0m0.047s
sys	0m0.047s
[WARN] get LZ_TOKEN error
02/28/21 01:19:57 197213200  1614446397
use wskey

real	0m4.120s
user	0m0.125s
sys	0m0.109s
02/28/21 01:20:02 932650000  1614446402 token: AAFgOn9AADCgzsvhoInXYRDBpngsygURQqXhsVjupUrCDU08fL00HWcVc7xc1vubyBMU1AcTbvc
parse error: Invalid numeric literal at line 1, column 10

real	0m5.101s
user	0m0.109s
sys	0m0.156s
02/28/21 01:20:08 981122600  1614446408 secretPin: 
[WARN] get secretPin error

02/28/21 01:20:10 239990500  1614446410 移动签到爱德华医生润眼灯旗舰店

real	0m4.079s
user	0m0.047s
sys	0m0.078s
parse error: Invalid numeric literal at line 1, column 10
parse error: Invalid numeric literal at line 1, column 10
parse error: Invalid numeric literal at line 1, column 10
parse error: Invalid numeric literal at line 1, column 10
02/28/21 01:20:40 224869200 1614446440

real	0m3.907s
user	0m0.000s
sys	0m0.016s

real	0m3.294s
user	0m0.031s
sys	0m0.078s
[WARN] get LZ_TOKEN error
02/28/21 01:20:49 117417200  1614446449
use wskey

real	0m3.932s
user	0m0.125s
sys	0m0.109s
02/28/21 01:20:53 844756500  1614446453 token: AAFgOn91ADDr2s63Ib5nttA5B3oDUJEHZkPd0QGZbuCYdcxBiDc-eBX-xcDt6WxKPlY1L3erSxc
parse error: Invalid numeric literal at line 1, column 10

real	0m6.005s
user	0m0.125s
sys	0m0.078s
02/28/21 01:21:01 577078100  1614446461 secretPin: 
[WARN] get secretPin error

02/28/21 01:21:02 569259200  1614446462 移动签到爱德华医生润眼灯旗舰店

real	0m4.806s
user	0m0.016s
sys	0m0.063s
parse error: Invalid numeric literal at line 1, column 10
parse error: Invalid numeric literal at line 1, column 10
parse error: Invalid numeric literal at line 1, column 10
parse error: Invalid numeric literal at line 1, column 10
02/28/21 01:21:23 627500300 1614446483

real	0m3.488s
user	0m0.000s
sys	0m0.016s

real	0m2.519s
user	0m0.047s
sys	0m0.078s
[WARN] get LZ_TOKEN error
02/28/21 01:21:31 850674100  1614446491
use wskey

real	0m0.966s
user	0m0.141s
sys	0m0.109s
02/28/21 01:21:33 619144600  1614446493 token: AAFgOn-cADCa_kfUlFqGgYLRJYrUYTclgwpH8aynX7M80RUg-gtYARXn47H4tHcNzNJ__VAL4Yk
parse error: Invalid numeric literal at line 1, column 10

real	0m2.559s
user	0m0.063s
sys	0m0.109s
02/28/21 01:21:36 551030800  1614446496 secretPin: 
[WARN] get secretPin error

02/28/21 01:21:37 323327800  1614446497 移动签到爱德华医生润眼灯旗舰店

real	0m1.769s
user	0m0.031s
sys	0m0.109s
parse error: Invalid numeric literal at line 1, column 10
parse error: Invalid numeric literal at line 1, column 10
parse error: Invalid numeric literal at line 1, column 10
parse error: Invalid numeric literal at line 1, column 10
02/28/21 01:21:47 392277000 1614446507

real	0m3.864s
user	0m0.000s
sys	0m0.063s

real	0m2.584s
user	0m0.047s
sys	0m0.094s
[WARN] get LZ_TOKEN error
02/28/21 01:22:01 280236700  1614446521
use wskey

real	0m2.266s
user	0m0.109s
sys	0m0.078s
02/28/21 01:22:04 875998200  1614446524 token: AAFgOn-7ADDsaOnGv8kN7RnLUFpnUpxD4tGgDztJO4bYE_DqpZTKdjvbzz9iqOzvBUwFsVLQpwE
parse error: Invalid numeric literal at line 1, column 10

real	0m3.103s
user	0m0.109s
sys	0m0.125s
02/28/21 01:22:08 508219900  1614446528 secretPin: 
[WARN] get secretPin error

02/28/21 01:22:09 147845600  1614446529 移动签到爱德华医生润眼灯旗舰店

real	0m2.307s
user	0m0.000s
sys	0m0.125s
parse error: Invalid numeric literal at line 1, column 10
parse error: Invalid numeric literal at line 1, column 10
parse error: Invalid numeric literal at line 1, column 10
parse error: Invalid numeric literal at line 1, column 10
02/28/21 01:22:22 219612600 1614446542

real	0m4.327s
user	0m0.016s
sys	0m0.031s

real	0m3.413s
user	0m0.000s
sys	0m0.063s
[WARN] get LZ_TOKEN error
02/28/21 01:22:35 503817800  1614446555
use wskey

real	0m3.103s
user	0m0.109s
sys	0m0.109s
02/28/21 01:22:39 839836700  1614446559 token: AAFgOn_eADA9uslc2TuewaO2QgQI5BgOXhOvv9uV7FPZUrEaTvVEjXdP8IlLc0l3dCMxwLA56HE
parse error: Invalid numeric literal at line 1, column 10

real	0m3.794s
user	0m0.125s
sys	0m0.109s
02/28/21 01:22:44 153985000  1614446564 secretPin: 
[WARN] get secretPin error

02/28/21 01:22:44 954124300  1614446564 移动签到爱德华医生润眼灯旗舰店

real	0m3.753s
user	0m0.047s
sys	0m0.094s
parse error: Invalid numeric literal at line 1, column 10
parse error: Invalid numeric literal at line 1, column 10
parse error: Invalid numeric literal at line 1, column 10
parse error: Invalid numeric literal at line 1, column 10
02/28/21 01:23:04 022440300 1614446584

real	0m4.031s
user	0m0.000s
sys	0m0.047s

real	0m2.254s
user	0m0.031s
sys	0m0.094s
[WARN] get LZ_TOKEN error
02/28/21 01:23:13 247103600  1614446593
use wskey

real	0m2.738s
user	0m0.109s
sys	0m0.094s
02/28/21 01:23:17 005324900  1614446597 token: AAFgOoADADDfyNtijvAR0ZgaSZ-RbaTUF5gikIAVpAcE9jCkRi7ssnXOmNvQtdq_uJiUNpn8ZOo
parse error: Invalid numeric literal at line 1, column 10

real	0m4.116s
user	0m0.078s
sys	0m0.156s
02/28/21 01:23:22 525730800  1614446602 secretPin: 
[WARN] get secretPin error

02/28/21 01:23:23 889361700  1614446603 移动签到爱德华医生润眼灯旗舰店

real	0m1.964s
user	0m0.031s
sys	0m0.109s
parse error: Invalid numeric literal at line 1, column 10
parse error: Invalid numeric literal at line 1, column 10
parse error: Invalid numeric literal at line 1, column 10
parse error: Invalid numeric literal at line 1, column 10
02/28/21 01:23:33 190575200 1614446613

real	0m6.294s
user	0m0.000s
sys	0m0.047s

real	0m2.648s
user	0m0.047s
sys	0m0.063s
[WARN] get LZ_TOKEN error
02/28/21 01:23:44 835705800  1614446624
use wskey

real	0m1.923s
user	0m0.094s
sys	0m0.172s
02/28/21 01:23:47 907685700  1614446627 token: AAFgOoAjADCVUQETclx43GSLE160Tr0OhuPB68tg4-fpzcc0z2aMmyzQQoZ1ReFUL4nYvXcXG0k
parse error: Invalid numeric literal at line 1, column 10

real	0m3.453s
user	0m0.078s
sys	0m0.109s
02/28/21 01:23:51 973951300  1614446631 secretPin: 
[WARN] get secretPin error

02/28/21 01:23:52 763478400  1614446632 移动签到爱德华医生润眼灯旗舰店

real	0m2.623s
user	0m0.078s
sys	0m0.094s
parse error: Invalid numeric literal at line 1, column 10
parse error: Invalid numeric literal at line 1, column 10
parse error: Invalid numeric literal at line 1, column 10
parse error: Invalid numeric literal at line 1, column 10
02/28/21 01:24:06 627562800 1614446646

real	0m5.145s
user	0m0.000s
sys	0m0.000s

real	0m3.029s
user	0m0.031s
sys	0m0.063s
[WARN] get LZ_TOKEN error
02/28/21 01:24:16 854337000  1614446656
use wskey

real	0m2.517s
user	0m0.125s
sys	0m0.125s
02/28/21 01:24:20 177346000  1614446660 token: AAFgOoBDADBv58w-Bp6yaT8rYG1LR_PTfuDTtGSLnRjtAtuGE0N1Ljnn4sFt0uGMXMoiFpmt3Wg
parse error: Invalid numeric literal at line 1, column 10

real	0m3.991s
user	0m0.109s
sys	0m0.094s
02/28/21 01:24:25 571778100  1614446665 secretPin: 
[WARN] get secretPin error

02/28/21 01:24:26 185150400  1614446666 移动签到爱德华医生润眼灯旗舰店

real	0m3.049s
user	0m0.016s
sys	0m0.078s
parse error: Invalid numeric literal at line 1, column 10
parse error: Invalid numeric literal at line 1, column 10
parse error: Invalid numeric literal at line 1, column 10
parse error: Invalid numeric literal at line 1, column 10
02/28/21 01:24:40 549658300 1614446680

real	0m4.883s
user	0m0.000s
sys	0m0.047s

real	0m2.199s
user	0m0.031s
sys	0m0.125s
[WARN] get LZ_TOKEN error
02/28/21 01:24:49 141687100  1614446689
use wskey

real	0m1.470s
user	0m0.141s
sys	0m0.109s
02/28/21 01:24:51 081487900  1614446691 token: AAFgOoBiADAc2dF873M-9ySXu8ox2x7yz8Tg_kyfWzEqLb7ZYYxrJiWUd_SvtdYztrvxEFyAAqY
parse error: Invalid numeric literal at line 1, column 10

real	0m2.789s
user	0m0.141s
sys	0m0.094s
02/28/21 01:24:54 395863100  1614446694 secretPin: 
[WARN] get secretPin error

02/28/21 01:24:55 098292200  1614446695 移动签到爱德华医生润眼灯旗舰店

real	0m1.856s
user	0m0.016s
sys	0m0.125s
parse error: Invalid numeric literal at line 1, column 10
parse error: Invalid numeric literal at line 1, column 10
parse error: Invalid numeric literal at line 1, column 10
parse error: Invalid numeric literal at line 1, column 10
02/28/21 01:25:08 072738600 1614446708

real	0m4.797s
user	0m0.000s
sys	0m0.047s

real	0m2.403s
user	0m0.047s
sys	0m0.109s
[WARN] get LZ_TOKEN error
02/28/21 01:25:16 229575800  1614446716
use wskey

real	0m1.990s
user	0m0.063s
sys	0m0.125s
02/28/21 01:25:18 832510300  1614446718 token: AAFgOoB-ADAhG-aT9tPQxf5ebIQv8rmZFh-GP0CH5g2gpP816tePjzpV9OiQmiCgUtxUrQxtwqQ
parse error: Invalid numeric literal at line 1, column 10

real	0m2.048s
user	0m0.094s
sys	0m0.156s
02/28/21 01:25:21 138689400  1614446721 secretPin: 
[WARN] get secretPin error

02/28/21 01:25:21 429178500  1614446721 移动签到爱德华医生润眼灯旗舰店

real	0m1.695s
user	0m0.047s
sys	0m0.078s
parse error: Invalid numeric literal at line 1, column 10
parse error: Invalid numeric literal at line 1, column 10
parse error: Invalid numeric literal at line 1, column 10
parse error: Invalid numeric literal at line 1, column 10
02/28/21 01:25:28 575893800 1614446728

real	0m5.218s
user	0m0.000s
sys	0m0.047s

real	0m2.931s
user	0m0.031s
sys	0m0.109s
[WARN] get LZ_TOKEN error
02/28/21 01:25:40 045787100  1614446740
use wskey

real	0m1.758s
user	0m0.125s
sys	0m0.141s
02/28/21 01:25:42 447761400  1614446742 token: AAFgOoCVADAMRBaB4YxDak8wiZaS6qAzA27RbGJPDrWuo9nZvklYy3E-X4TXjcmIN-iG86aQ5Lo
parse error: Invalid numeric literal at line 1, column 10

real	0m1.689s
user	0m0.109s
sys	0m0.125s
02/28/21 01:25:44 413590500  1614446744 secretPin: 
[WARN] get secretPin error

02/28/21 01:25:44 893711400  1614446744 移动签到爱德华医生润眼灯旗舰店

real	0m1.448s
user	0m0.047s
sys	0m0.094s
parse error: Invalid numeric literal at line 1, column 10
parse error: Invalid numeric literal at line 1, column 10
parse error: Invalid numeric literal at line 1, column 10
parse error: Invalid numeric literal at line 1, column 10
02/28/21 01:25:49 918586400 1614446749

real	0m4.285s
user	0m0.000s
sys	0m0.016s

real	0m2.103s
user	0m0.031s
sys	0m0.078s
[WARN] get LZ_TOKEN error
02/28/21 01:25:57 713369400  1614446757
use wskey

real	0m1.964s
user	0m0.141s
sys	0m0.094s
02/28/21 01:26:00 143750700  1614446760 token: AAFgOoCnADADZNOOOhngYWnyQKukpEJ9qr5G-icd17xKjxdU03G-M2nOSpdf7JYEKZAUh4W7hlM
parse error: Invalid numeric literal at line 1, column 10

real	0m2.554s
user	0m0.141s
sys	0m0.109s
02/28/21 01:26:04 267593800  1614446764 secretPin: 
[WARN] get secretPin error

02/28/21 01:26:04 489341300  1614446764 移动签到爱德华医生润眼灯旗舰店

real	0m1.921s
user	0m0.031s
sys	0m0.063s
parse error: Invalid numeric literal at line 1, column 10
parse error: Invalid numeric literal at line 1, column 10
parse error: Invalid numeric literal at line 1, column 10
parse error: Invalid numeric literal at line 1, column 10
02/28/21 01:26:10 298529500 1614446770

real	0m4.581s
user	0m0.000s
sys	0m0.047s

real	0m1.117s
user	0m0.016s
sys	0m0.078s
[WARN] get LZ_TOKEN error
02/28/21 01:26:16 661228400  1614446776
use wskey

real	0m0.853s
user	0m0.141s
sys	0m0.094s
02/28/21 01:26:17 804979100  1614446777 token: AAFgOoC5ADC825i5TdNbxBca0mIkjMkH-DjyzCW5v2_IGdIPbvNxjK-N3cDPEll1lrJyPyvLvy8
parse error: Invalid numeric literal at line 1, column 10

real	0m1.431s
user	0m0.078s
sys	0m0.141s
02/28/21 01:26:19 496205200  1614446779 secretPin: 
[WARN] get secretPin error

02/28/21 01:26:19 894074200  1614446779 移动签到爱德华医生润眼灯旗舰店

real	0m1.085s
user	0m0.047s
sys	0m0.109s
parse error: Invalid numeric literal at line 1, column 10
parse error: Invalid numeric literal at line 1, column 10
parse error: Invalid numeric literal at line 1, column 10
parse error: Invalid numeric literal at line 1, column 10
02/28/21 01:26:24 885304700 1614446784

real	0m4.590s
user	0m0.000s
sys	0m0.047s

real	0m0.474s
user	0m0.016s
sys	0m0.078s
[WARN] get LZ_TOKEN error
02/28/21 01:26:30 455482500  1614446790
use wskey

real	0m0.653s
user	0m0.063s
sys	0m0.094s
02/28/21 01:26:31 214082700  1614446791 token: AAFgOoDHADBe--Dpe46YSl8R0Do1eVIuNmwQQSuE2oEnRqiF6pHuGdK1Tg3sqwLH2FS6LW9VXro
parse error: Invalid numeric literal at line 1, column 10

real	0m0.580s
user	0m0.078s
sys	0m0.141s
02/28/21 01:26:31 916443400  1614446791 secretPin: 
[WARN] get secretPin error

02/28/21 01:26:32 039597600  1614446792 移动签到爱德华医生润眼灯旗舰店

real	0m0.431s
user	0m0.063s
sys	0m0.094s
parse error: Invalid numeric literal at line 1, column 10
parse error: Invalid numeric literal at line 1, column 10
parse error: Invalid numeric literal at line 1, column 10
parse error: Invalid numeric literal at line 1, column 10
02/28/21 01:26:35 730944500 1614446795

real	0m4.345s
user	0m0.000s
sys	0m0.063s
02/28/21 01:27:10 307334700  1614446830
parse error: Invalid numeric literal at line 1, column 10
签到是否成功解析失败. 不再写/home/myid/jd/jd_signup/lzkj_sevenDay_vender/shop_1614116400_126

移动签到爱德华医生润眼灯旗舰店查看结果, 活动规则
<!DOCTYPE html>
<html>
 <head> 
  <title>京东</title> 
  <meta charset="utf-8" /> 
  <meta name="apple-mobile-web-app-capable" content="yes" /> 
  <meta name="viewport" content="width=device-width,initial-scale=1,user-scalable=no,maximum-scale=1,viewport-fit=cover" /> 
  <meta name="format-detection" content="telephone=no" /> 
  <meta name="x5-cache" content="enable" /> 
  <link rel="stylesheet" href="https://storage.360buyimg.com/babel/00162638/333378/production/dev/parser.1526555535098.css?t=20180517191236" /> 
  <style> img {
            opacity: 1 !important;
        } </style> 
  <link href="https://storage.360buyimg.com/babel/00170893/348321/production/dev/index.7320a380.css?t=20180802150952" rel="stylesheet" />
 </head> 
 <body style="background:#fff;" id="root"> 
  <div class="errorPage"> 
  </div> 
  <div class="placeholer"> 
  </div> 
  <script src="https://wl.jd.com/unify.min.js"></script> 
  <script type="text/javascript" src="https://storage.360buyimg.com/babel/00170893/348321/production/dev/index.0f8f4dba.js?t=20180802150952"></script> 
 </body>
</html>

#店铺名称
vendername="爱德华医生润眼灯旗舰店"
#店铺激活码
actId="f03f9816975849849d42b89819b619ee"
#店铺id
venderId="70111"
#长链接
url="https://lzkj-isv.isvjcloud.com/sign/sevenDay/signActivity?activityId=f03f9816975849849d42b89819b619ee&venderId=70111&adsource=tg_xuanFuTuBiao"

startTime=1613872800
endTime=1614517140
# 活动时间：2021-02-21 10:00 - 2021-02-28 20:59；
# 奖励说明：
actRule="
7天签到
连续签到1天：1京豆
连续签到2天：2京豆
连续签到3天：1京豆
连续签到4天：2京豆
连续签到5天：1京豆
连续签到6天：2京豆
连续签到7天：2京豆
"
#移动 jd_OeTNobRVGiNZ sign_res
sign_num="4"
giftName="null"
giftRes="ok"
giftDate="20210227"
sign_res_info="7天签到 第 4 天
当天签到奖励 [null]"
#移动 jd_OeTNobRVGiNZ sign_res_end
#赵 122294312-396444 sign_res
sign_num=""
giftName=""2京豆""
giftRes="ok"
giftDate="20210228"
sign_res_info="7天签到 第  天
当天签到奖励 ["2京豆"]"
#赵 122294312-396444 sign_res_end
#王 1309893722-164885 sign_res
sign_num=""
giftName=""2京豆""
giftRes="ok"
giftDate="20210228"
sign_res_info="7天签到 第  天
当天签到奖励 ["2京豆"]"
#王 1309893722-164885 sign_res_end
#肥鹅 jd_4d651d9e48204 sign_res
sign_num=""
giftName=""2京豆""
giftRes="ok"
giftDate="20210228"
sign_res_info="7天签到 第  天
当天签到奖励 ["2京豆"]"
#肥鹅 jd_4d651d9e48204 sign_res_end
