04/05/21 01:00:02 767652800  1617555602
RANDOM_num: 10
removed '/tmp/tmp.c1pywAUcGZ'
04/05/21 01:00:03 048695100  1617555603 检查122294312-396444签到
removed '/tmp/tmp.rPfSjWRPiJ'
04/05/21 01:00:03 163972800  1617555603 检查1309893722-164885签到

04/05/21 01:00:03 238688400  1617555603 赵签到醴铎RIEDEL酒杯酒具京东自营旗舰店

real	0m0.171s
user	0m0.016s
sys	0m0.063s
{"code":200,"data":[],"class":"com.jd.interact.center.client.api.common.param.Results","success":true}

04/05/21 01:00:03 508034000  1617555603 王签到醴铎RIEDEL酒杯酒具京东自营旗舰店

real	0m0.161s
user	0m0.000s
sys	0m0.109s
{"code":200,"data":[],"class":"com.jd.interact.center.client.api.common.param.Results","success":true}
04/05/21 01:00:03 770145000 1617555603
04/05/21 01:00:03 787915300 1617555603 签到醴铎RIEDEL酒杯酒具京东自营旗舰店完成

04/05/21 01:00:13 876164300  1617555613
赵签到醴铎RIEDEL酒杯酒具京东自营旗舰店查看结果
200
首次签到成功. 写入giftName: 

***********************************************
2021/04/01_09:30:59  2    [已~签~到]
2021/04/02_01:00:00  2    [已~签~到]
2021/04/03_00:00:01  2    [已~签~到]
2021/04/04_01:00:03  2    [已~签~到]
2021/04/05_01:00:03  1    [已~签~到]
2021/04/06_00:00:00  3    未签到
2021/04/07_00:00:00  3    未签到
2021/04/08_00:00:00  3    未签到
2021/04/09_00:00:00  3    未签到
2021/04/10_00:00:00  3    未签到
2021/04/11_00:00:00  3    未签到
2021/04/12_00:00:00  3    未签到
2021/04/13_00:00:00  3    未签到
2021/04/14_00:00:00  3    未签到
2021/04/15_00:00:00  3    未签到
2021/04/16_00:00:00  3    未签到
2021/04/17_00:00:00  3    未签到
2021/04/18_00:00:00  3    未签到
2021/04/19_00:00:00  3    未签到
2021/04/20_00:00:00  3    未签到
2021/04/21_00:00:00  3    未签到
2021/04/22_00:00:00  3    未签到
2021/04/23_00:00:00  3    未签到
2021/04/24_00:00:00  3    未签到
2021/04/25_00:00:00  3    未签到
2021/04/26_00:00:00  3    未签到
2021/04/27_00:00:00  3    未签到
2021/04/28_00:00:00  3    未签到
2021/04/29_00:00:00  3    未签到
2021/04/30_00:00:00  3    未签到
当天签到奖励 []
已签到 5 天
***********************************************

王签到醴铎RIEDEL酒杯酒具京东自营旗舰店查看结果
200
首次签到成功. 写入giftName: 

***********************************************
2021/04/01_08:51:03  2    [已~签~到]
2021/04/02_01:00:00  2    [已~签~到]
2021/04/03_00:00:03  2    [已~签~到]
2021/04/04_01:00:03  2    [已~签~到]
2021/04/05_01:00:03  1    [已~签~到]
2021/04/06_00:00:00  3    未签到
2021/04/07_00:00:00  3    未签到
2021/04/08_00:00:00  3    未签到
2021/04/09_00:00:00  3    未签到
2021/04/10_00:00:00  3    未签到
2021/04/11_00:00:00  3    未签到
2021/04/12_00:00:00  3    未签到
2021/04/13_00:00:00  3    未签到
2021/04/14_00:00:00  3    未签到
2021/04/15_00:00:00  3    未签到
2021/04/16_00:00:00  3    未签到
2021/04/17_00:00:00  3    未签到
2021/04/18_00:00:00  3    未签到
2021/04/19_00:00:00  3    未签到
2021/04/20_00:00:00  3    未签到
2021/04/21_00:00:00  3    未签到
2021/04/22_00:00:00  3    未签到
2021/04/23_00:00:00  3    未签到
2021/04/24_00:00:00  3    未签到
2021/04/25_00:00:00  3    未签到
2021/04/26_00:00:00  3    未签到
2021/04/27_00:00:00  3    未签到
2021/04/28_00:00:00  3    未签到
2021/04/29_00:00:00  3    未签到
2021/04/30_00:00:00  3    未签到
当天签到奖励 []
已签到 5 天
***********************************************



赵签到醴铎RIEDEL酒杯酒具京东自营旗舰店日志
{"code":200,"data":{"signRecords":[{"signTime":1617240659816,"currentDay":2,"signed":2,"class":"com.jd.interact.center.client.api.color.domain.sign.InteractActivityUserActionRecord"},{"signTime":1617296400514,"currentDay":2,"signed":2,"class":"com.jd.interact.center.client.api.color.domain.sign.InteractActivityUserActionRecord"},{"signTime":1617379201647,"currentDay":2,"signed":2,"class":"com.jd.interact.center.client.api.color.domain.sign.InteractActivityUserActionRecord"},{"signTime":1617469203170,"currentDay":2,"signed":2,"class":"com.jd.interact.center.client.api.color.domain.sign.InteractActivityUserActionRecord"},{"signTime":1617555603420,"currentDay":1,"signed":2,"class":"com.jd.interact.center.client.api.color.domain.sign.InteractActivityUserActionRecord"},{"signTime":1617638400000,"currentDay":3,"signed":1,"class":"com.jd.interact.center.client.api.color.domain.sign.InteractActivityUserActionRecord"},{"signTime":1617724800000,"currentDay":3,"signed":1,"class":"com.jd.interact.center.client.api.color.domain.sign.InteractActivityUserActionRecord"},{"signTime":1617811200000,"currentDay":3,"signed":1,"class":"com.jd.interact.center.client.api.color.domain.sign.InteractActivityUserActionRecord"},{"signTime":1617897600000,"currentDay":3,"signed":1,"class":"com.jd.interact.center.client.api.color.domain.sign.InteractActivityUserActionRecord"},{"signTime":1617984000000,"currentDay":3,"signed":1,"class":"com.jd.interact.center.client.api.color.domain.sign.InteractActivityUserActionRecord"},{"signTime":1618070400000,"currentDay":3,"signed":1,"class":"com.jd.interact.center.client.api.color.domain.sign.InteractActivityUserActionRecord"},{"signTime":1618156800000,"currentDay":3,"signed":1,"class":"com.jd.interact.center.client.api.color.domain.sign.InteractActivityUserActionRecord"},{"signTime":1618243200000,"currentDay":3,"signed":1,"class":"com.jd.interact.center.client.api.color.domain.sign.InteractActivityUserActionRecord"},{"signTime":1618329600000,"currentDay":3,"signed":1,"class":"com.jd.interact.center.client.api.color.domain.sign.InteractActivityUserActionRecord"},{"signTime":1618416000000,"currentDay":3,"signed":1,"class":"com.jd.interact.center.client.api.color.domain.sign.InteractActivityUserActionRecord"},{"signTime":1618502400000,"currentDay":3,"signed":1,"class":"com.jd.interact.center.client.api.color.domain.sign.InteractActivityUserActionRecord"},{"signTime":1618588800000,"currentDay":3,"signed":1,"class":"com.jd.interact.center.client.api.color.domain.sign.InteractActivityUserActionRecord"},{"signTime":1618675200000,"currentDay":3,"signed":1,"class":"com.jd.interact.center.client.api.color.domain.sign.InteractActivityUserActionRecord"},{"signTime":1618761600000,"currentDay":3,"signed":1,"class":"com.jd.interact.center.client.api.color.domain.sign.InteractActivityUserActionRecord"},{"signTime":1618848000000,"currentDay":3,"signed":1,"class":"com.jd.interact.center.client.api.color.domain.sign.InteractActivityUserActionRecord"},{"signTime":1618934400000,"currentDay":3,"signed":1,"class":"com.jd.interact.center.client.api.color.domain.sign.InteractActivityUserActionRecord"},{"signTime":1619020800000,"currentDay":3,"signed":1,"class":"com.jd.interact.center.client.api.color.domain.sign.InteractActivityUserActionRecord"},{"signTime":1619107200000,"currentDay":3,"signed":1,"class":"com.jd.interact.center.client.api.color.domain.sign.InteractActivityUserActionRecord"},{"signTime":1619193600000,"currentDay":3,"signed":1,"class":"com.jd.interact.center.client.api.color.domain.sign.InteractActivityUserActionRecord"},{"signTime":1619280000000,"currentDay":3,"signed":1,"class":"com.jd.interact.center.client.api.color.domain.sign.InteractActivityUserActionRecord"},{"signTime":1619366400000,"currentDay":3,"signed":1,"class":"com.jd.interact.center.client.api.color.domain.sign.InteractActivityUserActionRecord"},{"signTime":1619452800000,"currentDay":3,"signed":1,"class":"com.jd.interact.center.client.api.color.domain.sign.InteractActivityUserActionRecord"},{"signTime":1619539200000,"currentDay":3,"signed":1,"class":"com.jd.interact.center.client.api.color.domain.sign.InteractActivityUserActionRecord"},{"signTime":1619625600000,"currentDay":3,"signed":1,"class":"com.jd.interact.center.client.api.color.domain.sign.InteractActivityUserActionRecord"},{"signTime":1619712000000,"currentDay":3,"signed":1,"class":"com.jd.interact.center.client.api.color.domain.sign.InteractActivityUserActionRecord"}],"days":5,"class":"com.jd.interact.center.client.api.color.domain.sign.ShopSignUserRecord"},"class":"com.jd.interact.center.client.api.common.param.Results","success":true}
{
  "contiSignNum": 5
}
王签到醴铎RIEDEL酒杯酒具京东自营旗舰店日志
{"code":200,"data":{"signRecords":[{"currentDay":2,"signTime":1617238263324,"signed":2,"class":"com.jd.interact.center.client.api.color.domain.sign.InteractActivityUserActionRecord"},{"currentDay":2,"signTime":1617296400778,"signed":2,"class":"com.jd.interact.center.client.api.color.domain.sign.InteractActivityUserActionRecord"},{"currentDay":2,"signTime":1617379203330,"signed":2,"class":"com.jd.interact.center.client.api.color.domain.sign.InteractActivityUserActionRecord"},{"currentDay":2,"signTime":1617469203475,"signed":2,"class":"com.jd.interact.center.client.api.color.domain.sign.InteractActivityUserActionRecord"},{"currentDay":1,"signTime":1617555603668,"signed":2,"class":"com.jd.interact.center.client.api.color.domain.sign.InteractActivityUserActionRecord"},{"currentDay":3,"signTime":1617638400000,"signed":1,"class":"com.jd.interact.center.client.api.color.domain.sign.InteractActivityUserActionRecord"},{"currentDay":3,"signTime":1617724800000,"signed":1,"class":"com.jd.interact.center.client.api.color.domain.sign.InteractActivityUserActionRecord"},{"currentDay":3,"signTime":1617811200000,"signed":1,"class":"com.jd.interact.center.client.api.color.domain.sign.InteractActivityUserActionRecord"},{"currentDay":3,"signTime":1617897600000,"signed":1,"class":"com.jd.interact.center.client.api.color.domain.sign.InteractActivityUserActionRecord"},{"currentDay":3,"signTime":1617984000000,"signed":1,"class":"com.jd.interact.center.client.api.color.domain.sign.InteractActivityUserActionRecord"},{"currentDay":3,"signTime":1618070400000,"signed":1,"class":"com.jd.interact.center.client.api.color.domain.sign.InteractActivityUserActionRecord"},{"currentDay":3,"signTime":1618156800000,"signed":1,"class":"com.jd.interact.center.client.api.color.domain.sign.InteractActivityUserActionRecord"},{"currentDay":3,"signTime":1618243200000,"signed":1,"class":"com.jd.interact.center.client.api.color.domain.sign.InteractActivityUserActionRecord"},{"currentDay":3,"signTime":1618329600000,"signed":1,"class":"com.jd.interact.center.client.api.color.domain.sign.InteractActivityUserActionRecord"},{"currentDay":3,"signTime":1618416000000,"signed":1,"class":"com.jd.interact.center.client.api.color.domain.sign.InteractActivityUserActionRecord"},{"currentDay":3,"signTime":1618502400000,"signed":1,"class":"com.jd.interact.center.client.api.color.domain.sign.InteractActivityUserActionRecord"},{"currentDay":3,"signTime":1618588800000,"signed":1,"class":"com.jd.interact.center.client.api.color.domain.sign.InteractActivityUserActionRecord"},{"currentDay":3,"signTime":1618675200000,"signed":1,"class":"com.jd.interact.center.client.api.color.domain.sign.InteractActivityUserActionRecord"},{"currentDay":3,"signTime":1618761600000,"signed":1,"class":"com.jd.interact.center.client.api.color.domain.sign.InteractActivityUserActionRecord"},{"currentDay":3,"signTime":1618848000000,"signed":1,"class":"com.jd.interact.center.client.api.color.domain.sign.InteractActivityUserActionRecord"},{"currentDay":3,"signTime":1618934400000,"signed":1,"class":"com.jd.interact.center.client.api.color.domain.sign.InteractActivityUserActionRecord"},{"currentDay":3,"signTime":1619020800000,"signed":1,"class":"com.jd.interact.center.client.api.color.domain.sign.InteractActivityUserActionRecord"},{"currentDay":3,"signTime":1619107200000,"signed":1,"class":"com.jd.interact.center.client.api.color.domain.sign.InteractActivityUserActionRecord"},{"currentDay":3,"signTime":1619193600000,"signed":1,"class":"com.jd.interact.center.client.api.color.domain.sign.InteractActivityUserActionRecord"},{"currentDay":3,"signTime":1619280000000,"signed":1,"class":"com.jd.interact.center.client.api.color.domain.sign.InteractActivityUserActionRecord"},{"currentDay":3,"signTime":1619366400000,"signed":1,"class":"com.jd.interact.center.client.api.color.domain.sign.InteractActivityUserActionRecord"},{"currentDay":3,"signTime":1619452800000,"signed":1,"class":"com.jd.interact.center.client.api.color.domain.sign.InteractActivityUserActionRecord"},{"currentDay":3,"signTime":1619539200000,"signed":1,"class":"com.jd.interact.center.client.api.color.domain.sign.InteractActivityUserActionRecord"},{"currentDay":3,"signTime":1619625600000,"signed":1,"class":"com.jd.interact.center.client.api.color.domain.sign.InteractActivityUserActionRecord"},{"currentDay":3,"signTime":1619712000000,"signed":1,"class":"com.jd.interact.center.client.api.color.domain.sign.InteractActivityUserActionRecord"}],"days":5,"class":"com.jd.interact.center.client.api.color.domain.sign.ShopSignUserRecord"},"class":"com.jd.interact.center.client.api.common.param.Results","success":true}
{
  "contiSignNum": 5
}
# 短链接
suo_url="https://u.jd.com/bsw0YrQ"
venderId=1000117102
startTime=1617206400000
endTime=1619798399000
activityId=10315806
token=523DC3D69BA2DB1167F08A561EA37261
#店铺名称
vendername="醴铎RIEDEL酒杯酒具京东自营旗舰店"
# 长链接
url=https://h5.m.jd.com/babelDiy/Zeus/2PAAf74aG3D61qvfKUM5dxUssJQ9/index.html?token=523DC3D69BA2DB1167F08A561EA37261&cu=true&utm_source=kong&utm_medium=jingfen&utm_campaign=t_1002024414_&utm_term=991086a46fa84f14956d2177d8ee397e
# 活动时间：2021.04.01 00:00:00 - 2021.04.30 23:59:59
# 奖励说明：
actRule="
每日签到：2京豆
连续签到3天：5京豆
"
#肥鹅 jd_4d651d9e48204 sign_res
sign_res="
signTime=1617240684;signed=2;currentDay=2
signTime=1617296409;signed=2;currentDay=2
signTime=1617379201;signed=2;currentDay=2
signTime=1617469232;signed=2;currentDay=1
signTime=1617552000;signed=1;currentDay=3
signTime=1617638400;signed=1;currentDay=3
signTime=1617724800;signed=1;currentDay=3
signTime=1617811200;signed=1;currentDay=3
signTime=1617897600;signed=1;currentDay=3
signTime=1617984000;signed=1;currentDay=3
signTime=1618070400;signed=1;currentDay=3
signTime=1618156800;signed=1;currentDay=3
signTime=1618243200;signed=1;currentDay=3
signTime=1618329600;signed=1;currentDay=3
signTime=1618416000;signed=1;currentDay=3
signTime=1618502400;signed=1;currentDay=3
signTime=1618588800;signed=1;currentDay=3
signTime=1618675200;signed=1;currentDay=3
signTime=1618761600;signed=1;currentDay=3
signTime=1618848000;signed=1;currentDay=3
signTime=1618934400;signed=1;currentDay=3
signTime=1619020800;signed=1;currentDay=3
signTime=1619107200;signed=1;currentDay=3
signTime=1619193600;signed=1;currentDay=3
signTime=1619280000;signed=1;currentDay=3
signTime=1619366400;signed=1;currentDay=3
signTime=1619452800;signed=1;currentDay=3
signTime=1619539200;signed=1;currentDay=3
signTime=1619625600;signed=1;currentDay=3
signTime=1619712000;signed=1;currentDay=3"
sign_num="4"
giftName=""
giftRes="ok"
giftDate="20210404"
sign_res_info="
2021/04/01_09:31:24  2    [已~签~到]
2021/04/02_01:00:09  2    [已~签~到]
2021/04/03_00:00:01  2    [已~签~到]
2021/04/04_01:00:32  1    [已~签~到]
2021/04/05_00:00:00  3    未签到
2021/04/06_00:00:00  3    未签到
2021/04/07_00:00:00  3    未签到
2021/04/08_00:00:00  3    未签到
2021/04/09_00:00:00  3    未签到
2021/04/10_00:00:00  3    未签到
2021/04/11_00:00:00  3    未签到
2021/04/12_00:00:00  3    未签到
2021/04/13_00:00:00  3    未签到
2021/04/14_00:00:00  3    未签到
2021/04/15_00:00:00  3    未签到
2021/04/16_00:00:00  3    未签到
2021/04/17_00:00:00  3    未签到
2021/04/18_00:00:00  3    未签到
2021/04/19_00:00:00  3    未签到
2021/04/20_00:00:00  3    未签到
2021/04/21_00:00:00  3    未签到
2021/04/22_00:00:00  3    未签到
2021/04/23_00:00:00  3    未签到
2021/04/24_00:00:00  3    未签到
2021/04/25_00:00:00  3    未签到
2021/04/26_00:00:00  3    未签到
2021/04/27_00:00:00  3    未签到
2021/04/28_00:00:00  3    未签到
2021/04/29_00:00:00  3    未签到
2021/04/30_00:00:00  3    未签到
当天签到奖励 []
已签到 4 天"
#肥鹅 jd_4d651d9e48204 sign_res_end
#移动 jd_OeTNobRVGiNZ sign_res
sign_res="
signTime=1617283991;signed=2;currentDay=2
signTime=1617296409;signed=2;currentDay=2
signTime=1617379202;signed=2;currentDay=2
signTime=1617469232;signed=2;currentDay=1
signTime=1617552000;signed=1;currentDay=3
signTime=1617638400;signed=1;currentDay=3
signTime=1617724800;signed=1;currentDay=3
signTime=1617811200;signed=1;currentDay=3
signTime=1617897600;signed=1;currentDay=3
signTime=1617984000;signed=1;currentDay=3
signTime=1618070400;signed=1;currentDay=3
signTime=1618156800;signed=1;currentDay=3
signTime=1618243200;signed=1;currentDay=3
signTime=1618329600;signed=1;currentDay=3
signTime=1618416000;signed=1;currentDay=3
signTime=1618502400;signed=1;currentDay=3
signTime=1618588800;signed=1;currentDay=3
signTime=1618675200;signed=1;currentDay=3
signTime=1618761600;signed=1;currentDay=3
signTime=1618848000;signed=1;currentDay=3
signTime=1618934400;signed=1;currentDay=3
signTime=1619020800;signed=1;currentDay=3
signTime=1619107200;signed=1;currentDay=3
signTime=1619193600;signed=1;currentDay=3
signTime=1619280000;signed=1;currentDay=3
signTime=1619366400;signed=1;currentDay=3
signTime=1619452800;signed=1;currentDay=3
signTime=1619539200;signed=1;currentDay=3
signTime=1619625600;signed=1;currentDay=3
signTime=1619712000;signed=1;currentDay=3"
sign_num="4"
giftName=""
giftRes="ok"
giftDate="20210404"
sign_res_info="
2021/04/01_21:33:11  2    [已~签~到]
2021/04/02_01:00:09  2    [已~签~到]
2021/04/03_00:00:02  2    [已~签~到]
2021/04/04_01:00:32  1    [已~签~到]
2021/04/05_00:00:00  3    未签到
2021/04/06_00:00:00  3    未签到
2021/04/07_00:00:00  3    未签到
2021/04/08_00:00:00  3    未签到
2021/04/09_00:00:00  3    未签到
2021/04/10_00:00:00  3    未签到
2021/04/11_00:00:00  3    未签到
2021/04/12_00:00:00  3    未签到
2021/04/13_00:00:00  3    未签到
2021/04/14_00:00:00  3    未签到
2021/04/15_00:00:00  3    未签到
2021/04/16_00:00:00  3    未签到
2021/04/17_00:00:00  3    未签到
2021/04/18_00:00:00  3    未签到
2021/04/19_00:00:00  3    未签到
2021/04/20_00:00:00  3    未签到
2021/04/21_00:00:00  3    未签到
2021/04/22_00:00:00  3    未签到
2021/04/23_00:00:00  3    未签到
2021/04/24_00:00:00  3    未签到
2021/04/25_00:00:00  3    未签到
2021/04/26_00:00:00  3    未签到
2021/04/27_00:00:00  3    未签到
2021/04/28_00:00:00  3    未签到
2021/04/29_00:00:00  3    未签到
2021/04/30_00:00:00  3    未签到
当天签到奖励 []
已签到 4 天"
#移动 jd_OeTNobRVGiNZ sign_res_end
#赵 122294312-396444 sign_res
sign_res="
signTime=1617240659;signed=2;currentDay=2
signTime=1617296400;signed=2;currentDay=2
signTime=1617379201;signed=2;currentDay=2
signTime=1617469203;signed=2;currentDay=2
signTime=1617555603;signed=2;currentDay=1
signTime=1617638400;signed=1;currentDay=3
signTime=1617724800;signed=1;currentDay=3
signTime=1617811200;signed=1;currentDay=3
signTime=1617897600;signed=1;currentDay=3
signTime=1617984000;signed=1;currentDay=3
signTime=1618070400;signed=1;currentDay=3
signTime=1618156800;signed=1;currentDay=3
signTime=1618243200;signed=1;currentDay=3
signTime=1618329600;signed=1;currentDay=3
signTime=1618416000;signed=1;currentDay=3
signTime=1618502400;signed=1;currentDay=3
signTime=1618588800;signed=1;currentDay=3
signTime=1618675200;signed=1;currentDay=3
signTime=1618761600;signed=1;currentDay=3
signTime=1618848000;signed=1;currentDay=3
signTime=1618934400;signed=1;currentDay=3
signTime=1619020800;signed=1;currentDay=3
signTime=1619107200;signed=1;currentDay=3
signTime=1619193600;signed=1;currentDay=3
signTime=1619280000;signed=1;currentDay=3
signTime=1619366400;signed=1;currentDay=3
signTime=1619452800;signed=1;currentDay=3
signTime=1619539200;signed=1;currentDay=3
signTime=1619625600;signed=1;currentDay=3
signTime=1619712000;signed=1;currentDay=3"
sign_num="5"
giftName=""
giftRes="ok"
giftDate="20210405"
sign_res_info="
2021/04/01_09:30:59  2    [已~签~到]
2021/04/02_01:00:00  2    [已~签~到]
2021/04/03_00:00:01  2    [已~签~到]
2021/04/04_01:00:03  2    [已~签~到]
2021/04/05_01:00:03  1    [已~签~到]
2021/04/06_00:00:00  3    未签到
2021/04/07_00:00:00  3    未签到
2021/04/08_00:00:00  3    未签到
2021/04/09_00:00:00  3    未签到
2021/04/10_00:00:00  3    未签到
2021/04/11_00:00:00  3    未签到
2021/04/12_00:00:00  3    未签到
2021/04/13_00:00:00  3    未签到
2021/04/14_00:00:00  3    未签到
2021/04/15_00:00:00  3    未签到
2021/04/16_00:00:00  3    未签到
2021/04/17_00:00:00  3    未签到
2021/04/18_00:00:00  3    未签到
2021/04/19_00:00:00  3    未签到
2021/04/20_00:00:00  3    未签到
2021/04/21_00:00:00  3    未签到
2021/04/22_00:00:00  3    未签到
2021/04/23_00:00:00  3    未签到
2021/04/24_00:00:00  3    未签到
2021/04/25_00:00:00  3    未签到
2021/04/26_00:00:00  3    未签到
2021/04/27_00:00:00  3    未签到
2021/04/28_00:00:00  3    未签到
2021/04/29_00:00:00  3    未签到
2021/04/30_00:00:00  3    未签到
当天签到奖励 []
已签到 5 天"
#赵 122294312-396444 sign_res_end
#王 1309893722-164885 sign_res
sign_res="
signTime=1617238263;signed=2;currentDay=2
signTime=1617296400;signed=2;currentDay=2
signTime=1617379203;signed=2;currentDay=2
signTime=1617469203;signed=2;currentDay=2
signTime=1617555603;signed=2;currentDay=1
signTime=1617638400;signed=1;currentDay=3
signTime=1617724800;signed=1;currentDay=3
signTime=1617811200;signed=1;currentDay=3
signTime=1617897600;signed=1;currentDay=3
signTime=1617984000;signed=1;currentDay=3
signTime=1618070400;signed=1;currentDay=3
signTime=1618156800;signed=1;currentDay=3
signTime=1618243200;signed=1;currentDay=3
signTime=1618329600;signed=1;currentDay=3
signTime=1618416000;signed=1;currentDay=3
signTime=1618502400;signed=1;currentDay=3
signTime=1618588800;signed=1;currentDay=3
signTime=1618675200;signed=1;currentDay=3
signTime=1618761600;signed=1;currentDay=3
signTime=1618848000;signed=1;currentDay=3
signTime=1618934400;signed=1;currentDay=3
signTime=1619020800;signed=1;currentDay=3
signTime=1619107200;signed=1;currentDay=3
signTime=1619193600;signed=1;currentDay=3
signTime=1619280000;signed=1;currentDay=3
signTime=1619366400;signed=1;currentDay=3
signTime=1619452800;signed=1;currentDay=3
signTime=1619539200;signed=1;currentDay=3
signTime=1619625600;signed=1;currentDay=3
signTime=1619712000;signed=1;currentDay=3"
sign_num="5"
giftName=""
giftRes="ok"
giftDate="20210405"
sign_res_info="
2021/04/01_08:51:03  2    [已~签~到]
2021/04/02_01:00:00  2    [已~签~到]
2021/04/03_00:00:03  2    [已~签~到]
2021/04/04_01:00:03  2    [已~签~到]
2021/04/05_01:00:03  1    [已~签~到]
2021/04/06_00:00:00  3    未签到
2021/04/07_00:00:00  3    未签到
2021/04/08_00:00:00  3    未签到
2021/04/09_00:00:00  3    未签到
2021/04/10_00:00:00  3    未签到
2021/04/11_00:00:00  3    未签到
2021/04/12_00:00:00  3    未签到
2021/04/13_00:00:00  3    未签到
2021/04/14_00:00:00  3    未签到
2021/04/15_00:00:00  3    未签到
2021/04/16_00:00:00  3    未签到
2021/04/17_00:00:00  3    未签到
2021/04/18_00:00:00  3    未签到
2021/04/19_00:00:00  3    未签到
2021/04/20_00:00:00  3    未签到
2021/04/21_00:00:00  3    未签到
2021/04/22_00:00:00  3    未签到
2021/04/23_00:00:00  3    未签到
2021/04/24_00:00:00  3    未签到
2021/04/25_00:00:00  3    未签到
2021/04/26_00:00:00  3    未签到
2021/04/27_00:00:00  3    未签到
2021/04/28_00:00:00  3    未签到
2021/04/29_00:00:00  3    未签到
2021/04/30_00:00:00  3    未签到
当天签到奖励 []
已签到 5 天"
#王 1309893722-164885 sign_res_end
