02/28/21 04:03:06 605498000  1614456186
RANDOM_num: 30
removed '/tmp/tmp.nAZphifU1O'
02/28/21 04:03:07 464735700  1614456187 æ£€æŸ¥èµµç­¾åˆ°

real	0m0.804s
user	0m0.031s
sys	0m0.063s
[WARN] get LZ_TOKEN error
02/28/21 04:03:09 548887900  1614456189
use pt_key

real	0m0.618s
user	0m0.109s
sys	0m0.094s
02/28/21 04:03:10 360372300  1614456190 token: AAFgOqV-ADAs-s0nXKEuaKXUiXVhPGyyvzeYO5UQqYXDWy7XgHOJnyM-tyUbDenspHGUhp5gRu0
parse error: Invalid numeric literal at line 1, column 10

real	0m0.808s
user	0m0.141s
sys	0m0.063s
02/28/21 04:03:11 388198500  1614456191 secretPin: 
[WARN] get secretPin error

02/28/21 04:03:11 568164000  1614456191 èµµç­¾åˆ°Mideerå¼¥é¹¿äº¬ä¸œè‡ªè¥å®˜æ–¹æ——èˆ°åº—

real	0m0.733s
user	0m0.016s
sys	0m0.078s
parse error: Invalid numeric literal at line 1, column 10
parse error: Invalid numeric literal at line 1, column 10
parse error: Invalid numeric literal at line 1, column 10
parse error: Invalid numeric literal at line 1, column 10
02/28/21 04:03:14 021483300 1614456194

real	0m0.644s
user	0m0.000s
sys	0m0.063s

real	0m0.896s
user	0m0.047s
sys	0m0.078s
[WARN] get LZ_TOKEN error
02/28/21 04:03:16 216191000  1614456196
use pt_key

real	0m0.946s
user	0m0.125s
sys	0m0.141s
02/28/21 04:03:17 348087200  1614456197 token: AAFgOqWFADAATlYnu_r_3MKsCjQ4gOUJQcu5_VeXeciJyH-rDHQtVU1_meave85w1DDl1kF6gVs
parse error: Invalid numeric literal at line 1, column 10

real	0m0.791s
user	0m0.094s
sys	0m0.078s
02/28/21 04:03:18 347961300  1614456198 secretPin: 
[WARN] get secretPin error

02/28/21 04:03:18 684300400  1614456198 èµµç­¾åˆ°Mideerå¼¥é¹¿äº¬ä¸œè‡ªè¥å®˜æ–¹æ——èˆ°åº—

real	0m0.890s
user	0m0.016s
sys	0m0.094s
parse error: Invalid numeric literal at line 1, column 10
parse error: Invalid numeric literal at line 1, column 10
parse error: Invalid numeric literal at line 1, column 10
parse error: Invalid numeric literal at line 1, column 10
02/28/21 04:03:21 676915100 1614456201

real	0m1.017s
user	0m0.000s
sys	0m0.047s

real	0m0.878s
user	0m0.016s
sys	0m0.109s
[WARN] get LZ_TOKEN error
02/28/21 04:03:24 779795800  1614456204
use pt_key

real	0m1.265s
user	0m0.094s
sys	0m0.078s
02/28/21 04:03:26 275104000  1614456206 token: AAFgOqWNADCGbYrnbBGPUGrRll2aNXrD5EdxyMz4w4LjAGiKW-jYKzFxK2RNFrnJj0Vzyg6glaA
parse error: Invalid numeric literal at line 1, column 10

real	0m0.883s
user	0m0.078s
sys	0m0.094s
02/28/21 04:03:27 516694200  1614456207 secretPin: 
[WARN] get secretPin error

02/28/21 04:03:27 868652400  1614456207 èµµç­¾åˆ°Mideerå¼¥é¹¿äº¬ä¸œè‡ªè¥å®˜æ–¹æ——èˆ°åº—

real	0m0.860s
user	0m0.047s
sys	0m0.109s
parse error: Invalid numeric literal at line 1, column 10
parse error: Invalid numeric literal at line 1, column 10
parse error: Invalid numeric literal at line 1, column 10
parse error: Invalid numeric literal at line 1, column 10
02/28/21 04:03:31 413413100 1614456211

real	0m1.347s
user	0m0.000s
sys	0m0.063s

real	0m1.728s
user	0m0.031s
sys	0m0.078s
[WARN] get LZ_TOKEN error
02/28/21 04:03:35 211309100  1614456215
use pt_key

real	0m1.302s
user	0m0.125s
sys	0m0.047s
02/28/21 04:03:36 846596900  1614456216 token: AAFgOqWYADDKQCfMIYixxc_dqC-0Aw3Xg3SRt0ivBRFTuKMmAL-TZ2L3IWU7YwHeVFJEBS2nMOE
parse error: Invalid numeric literal at line 1, column 10

real	0m1.442s
user	0m0.094s
sys	0m0.156s
02/28/21 04:03:38 702599400  1614456218 secretPin: 
[WARN] get secretPin error

02/28/21 04:03:38 983460100  1614456218 èµµç­¾åˆ°Mideerå¼¥é¹¿äº¬ä¸œè‡ªè¥å®˜æ–¹æ——èˆ°åº—

real	0m0.802s
user	0m0.016s
sys	0m0.109s
parse error: Invalid numeric literal at line 1, column 10
parse error: Invalid numeric literal at line 1, column 10
parse error: Invalid numeric literal at line 1, column 10
parse error: Invalid numeric literal at line 1, column 10
02/28/21 04:03:43 857130300 1614456223

real	0m1.528s
user	0m0.000s
sys	0m0.031s

real	0m1.190s
user	0m0.000s
sys	0m0.125s
[WARN] get LZ_TOKEN error
02/28/21 04:03:47 255081200  1614456227
use pt_key

real	0m1.098s
user	0m0.141s
sys	0m0.094s
02/28/21 04:03:48 631691100  1614456228 token: AAFgOqWkADAQ2Chb8tdi_DGnvZ5RPBqqOfRcoWcl-I8mBYcr8Z24EfAzU9CwOBbhtbDh82oMiws
parse error: Invalid numeric literal at line 1, column 10

real	0m1.490s
user	0m0.109s
sys	0m0.125s
02/28/21 04:03:50 295408400  1614456230 secretPin: 
[WARN] get secretPin error

02/28/21 04:03:50 699981900  1614456230 èµµç­¾åˆ°Mideerå¼¥é¹¿äº¬ä¸œè‡ªè¥å®˜æ–¹æ——èˆ°åº—

real	0m1.586s
user	0m0.016s
sys	0m0.047s
parse error: Invalid numeric literal at line 1, column 10
parse error: Invalid numeric literal at line 1, column 10
parse error: Invalid numeric literal at line 1, column 10
parse error: Invalid numeric literal at line 1, column 10
02/28/21 04:03:56 248960300 1614456236

real	0m2.433s
user	0m0.000s
sys	0m0.016s

real	0m1.841s
user	0m0.047s
sys	0m0.094s
[WARN] get LZ_TOKEN error
02/28/21 04:04:01 489952200  1614456241
use pt_key

real	0m1.099s
user	0m0.125s
sys	0m0.109s
02/28/21 04:04:03 525557000  1614456243 token: AAFgOqWyADAcBgC6a3lSdSHdvwJoNUU6ZtgaZPU9Sff0AxkHoBaE8EvRx5zm0pbsrdXH9q4292Q
parse error: Invalid numeric literal at line 1, column 10

real	0m7.164s
user	0m0.125s
sys	0m0.047s
02/28/21 04:04:10 972030100  1614456250 secretPin: 
[WARN] get secretPin error

02/28/21 04:04:11 266853300  1614456251 èµµç­¾åˆ°Mideerå¼¥é¹¿äº¬ä¸œè‡ªè¥å®˜æ–¹æ——èˆ°åº—

real	0m1.510s
user	0m0.047s
sys	0m0.078s
parse error: Invalid numeric literal at line 1, column 10
parse error: Invalid numeric literal at line 1, column 10
parse error: Invalid numeric literal at line 1, column 10
parse error: Invalid numeric literal at line 1, column 10
02/28/21 04:04:18 570519200 1614456258

real	0m2.507s
user	0m0.000s
sys	0m0.078s

real	0m1.998s
user	0m0.031s
sys	0m0.109s
[WARN] get LZ_TOKEN error
02/28/21 04:04:25 757351100  1614456265
use pt_key

real	0m2.014s
user	0m0.125s
sys	0m0.063s
02/28/21 04:04:28 350941200  1614456268 token: AAFgOqXLADBOOUjmqNFy3eAwcAxyV6xdqQMzPd48COVxeU-CzbxIApy3i-OsyQ85ZQsbsX6gELA
parse error: Invalid numeric literal at line 1, column 10

real	0m2.871s
user	0m0.109s
sys	0m0.063s
02/28/21 04:04:31 732217000  1614456271 secretPin: 
[WARN] get secretPin error

02/28/21 04:04:32 112330500  1614456272 èµµç­¾åˆ°Mideerå¼¥é¹¿äº¬ä¸œè‡ªè¥å®˜æ–¹æ——èˆ°åº—

real	0m3.511s
user	0m0.047s
sys	0m0.094s
parse error: Invalid numeric literal at line 1, column 10
parse error: Invalid numeric literal at line 1, column 10
parse error: Invalid numeric literal at line 1, column 10
parse error: Invalid numeric literal at line 1, column 10
02/28/21 04:04:40 257618900 1614456280

real	0m3.065s
user	0m0.000s
sys	0m0.031s

real	0m1.937s
user	0m0.031s
sys	0m0.125s
[WARN] get LZ_TOKEN error
02/28/21 04:04:47 763786000  1614456287
use pt_key

real	0m2.282s
user	0m0.078s
sys	0m0.125s
02/28/21 04:04:50 575331400  1614456290 token: AAFgOqXhADDWtjCzC-fMMpPkerkyRy-coei3Lia93X8LZ7sBhPE74nQKkNLECkZyb6RmWrWEh9w
parse error: Invalid numeric literal at line 1, column 10

real	0m2.642s
user	0m0.109s
sys	0m0.094s
02/28/21 04:04:53 789128200  1614456293 secretPin: 
[WARN] get secretPin error

02/28/21 04:04:54 409794800  1614456294 èµµç­¾åˆ°Mideerå¼¥é¹¿äº¬ä¸œè‡ªè¥å®˜æ–¹æ——èˆ°åº—

real	0m2.101s
user	0m0.016s
sys	0m0.094s
parse error: Invalid numeric literal at line 1, column 10
parse error: Invalid numeric literal at line 1, column 10
parse error: Invalid numeric literal at line 1, column 10
parse error: Invalid numeric literal at line 1, column 10
02/28/21 04:05:07 162999500 1614456307

real	0m2.918s
user	0m0.000s
sys	0m0.031s

real	0m2.451s
user	0m0.031s
sys	0m0.078s
[WARN] get LZ_TOKEN error
02/28/21 04:05:13 723114300  1614456313
use pt_key

real	0m2.447s
user	0m0.094s
sys	0m0.156s
02/28/21 04:05:16 559651300  1614456316 token: AAFgOqX7ADBFMKGi_PLyqAcP5Jquu7HxINwV-v7hV3cKWe1PhTJ2akBRV1w7ArkcaaZxdsXau1E
parse error: Invalid numeric literal at line 1, column 10

real	0m3.113s
user	0m0.063s
sys	0m0.188s
02/28/21 04:05:20 542643100  1614456320 secretPin: 
[WARN] get secretPin error

02/28/21 04:05:21 523860200  1614456321 èµµç­¾åˆ°Mideerå¼¥é¹¿äº¬ä¸œè‡ªè¥å®˜æ–¹æ——èˆ°åº—

real	0m2.520s
user	0m0.047s
sys	0m0.094s
parse error: Invalid numeric literal at line 1, column 10
parse error: Invalid numeric literal at line 1, column 10
parse error: Invalid numeric literal at line 1, column 10
parse error: Invalid numeric literal at line 1, column 10
02/28/21 04:05:36 243474400 1614456336

real	0m3.709s
user	0m0.000s
sys	0m0.047s

real	0m2.553s
user	0m0.031s
sys	0m0.063s
[WARN] get LZ_TOKEN error
02/28/21 04:05:44 103042700  1614456344
use pt_key

real	0m3.086s
user	0m0.141s
sys	0m0.125s
02/28/21 04:05:47 610679400  1614456347 token: AAFgOqYaADDUfCPvGNAqYJRqnjLYXO-H7X47oEARzaZjg6CXyGU71yYd689_z9JStEyJ7LfBjrI
parse error: Invalid numeric literal at line 1, column 10

real	0m4.172s
user	0m0.094s
sys	0m0.125s
02/28/21 04:05:52 515317500  1614456352 secretPin: 
[WARN] get secretPin error

02/28/21 04:05:53 288196600  1614456353 èµµç­¾åˆ°Mideerå¼¥é¹¿äº¬ä¸œè‡ªè¥å®˜æ–¹æ——èˆ°åº—

real	0m2.453s
user	0m0.047s
sys	0m0.078s
parse error: Invalid numeric literal at line 1, column 10
parse error: Invalid numeric literal at line 1, column 10
parse error: Invalid numeric literal at line 1, column 10
parse error: Invalid numeric literal at line 1, column 10
02/28/21 04:06:05 482696600 1614456365

real	0m4.406s
user	0m0.000s
sys	0m0.031s

real	0m2.022s
user	0m0.000s
sys	0m0.078s
[WARN] get LZ_TOKEN error
02/28/21 04:06:13 412491200  1614456373
use pt_key

real	0m2.771s
user	0m0.063s
sys	0m0.125s
02/28/21 04:06:17 280525800  1614456377 token: AAFgOqY4ADC8jSEDrXNhAz2_IMlBguSbvThONMsvHcLb-TKhyquBGUhN9gJV9u85qqBTPjI8HtY
parse error: Invalid numeric literal at line 1, column 10

real	0m2.036s
user	0m0.109s
sys	0m0.125s
02/28/21 04:06:19 706768900  1614456379 secretPin: 
[WARN] get secretPin error

02/28/21 04:06:20 258345800  1614456380 èµµç­¾åˆ°Mideerå¼¥é¹¿äº¬ä¸œè‡ªè¥å®˜æ–¹æ——èˆ°åº—

real	0m1.476s
user	0m0.031s
sys	0m0.125s
parse error: Invalid numeric literal at line 1, column 10
parse error: Invalid numeric literal at line 1, column 10
parse error: Invalid numeric literal at line 1, column 10
parse error: Invalid numeric literal at line 1, column 10
02/28/21 04:06:29 073085700 1614456389

real	0m4.115s
user	0m0.000s
sys	0m0.031s

real	0m3.091s
user	0m0.031s
sys	0m0.078s
[WARN] get LZ_TOKEN error
02/28/21 04:06:39 505758500  1614456399
use pt_key

real	0m2.315s
user	0m0.094s
sys	0m0.109s
02/28/21 04:06:42 366835400  1614456402 token: AAFgOqZRADDAhKjI4FATcSJcjjSavJMb94Pq-eBs_6jaVK3grbw8NBgjq-asq5FrKQbZt9F6Ipw
parse error: Invalid numeric literal at line 1, column 10

real	0m2.880s
user	0m0.125s
sys	0m0.094s
02/28/21 04:06:46 013020900  1614456406 secretPin: 
[WARN] get secretPin error

02/28/21 04:06:46 789824300  1614456406 èµµç­¾åˆ°Mideerå¼¥é¹¿äº¬ä¸œè‡ªè¥å®˜æ–¹æ——èˆ°åº—

real	0m2.417s
user	0m0.047s
sys	0m0.094s
parse error: Invalid numeric literal at line 1, column 10
parse error: Invalid numeric literal at line 1, column 10
parse error: Invalid numeric literal at line 1, column 10
parse error: Invalid numeric literal at line 1, column 10
02/28/21 04:06:58 786391600 1614456418

real	0m4.228s
user	0m0.000s
sys	0m0.063s

real	0m3.086s
user	0m0.031s
sys	0m0.172s
[WARN] get LZ_TOKEN error
02/28/21 04:07:08 146602000  1614456428
use pt_key

real	0m2.976s
user	0m0.109s
sys	0m0.078s
02/28/21 04:07:11 678962600  1614456431 token: AAFgOqZuADA4HBANkpYOOxTt0UJFdtHykoJkenGhh4CCNWEFUo7xcKMF-rwTD_NNTIZzEBf-zqg
parse error: Invalid numeric literal at line 1, column 10

real	0m3.308s
user	0m0.094s
sys	0m0.125s
02/28/21 04:07:15 525680000  1614456435 secretPin: 
[WARN] get secretPin error

02/28/21 04:07:16 532533400  1614456436 èµµç­¾åˆ°Mideerå¼¥é¹¿äº¬ä¸œè‡ªè¥å®˜æ–¹æ——èˆ°åº—

real	0m3.036s
user	0m0.063s
sys	0m0.047s
parse error: Invalid numeric literal at line 1, column 10
parse error: Invalid numeric literal at line 1, column 10
parse error: Invalid numeric literal at line 1, column 10
parse error: Invalid numeric literal at line 1, column 10
02/28/21 04:07:25 247694100 1614456445

real	0m4.513s
user	0m0.000s
sys	0m0.063s

real	0m3.639s
user	0m0.000s
sys	0m0.125s
[WARN] get LZ_TOKEN error
02/28/21 04:07:34 617442000  1614456454
use pt_key

real	0m2.772s
user	0m0.156s
sys	0m0.047s
02/28/21 04:07:38 205967000  1614456458 token: AAFgOqaIADBoWg13PPM-z2M_Z8jk4-cZrkbZiuY8DvtG4RPEyvlXHrqihH86dVO-gyPCxMlC2kI
parse error: Invalid numeric literal at line 1, column 10

real	0m2.306s
user	0m0.094s
sys	0m0.109s
02/28/21 04:07:41 021242500  1614456461 secretPin: 
[WARN] get secretPin error

02/28/21 04:07:41 616792600  1614456461 èµµç­¾åˆ°Mideerå¼¥é¹¿äº¬ä¸œè‡ªè¥å®˜æ–¹æ——èˆ°åº—

real	0m2.761s
user	0m0.047s
sys	0m0.078s
parse error: Invalid numeric literal at line 1, column 10
parse error: Invalid numeric literal at line 1, column 10
parse error: Invalid numeric literal at line 1, column 10
parse error: Invalid numeric literal at line 1, column 10
02/28/21 04:07:51 628655000 1614456471

real	0m4.696s
user	0m0.000s
sys	0m0.031s

real	0m2.988s
user	0m0.047s
sys	0m0.063s
[WARN] get LZ_TOKEN error
02/28/21 04:08:06 176526800  1614456486
use pt_key

real	0m2.094s
user	0m0.141s
sys	0m0.125s
02/28/21 04:08:08 811784900  1614456488 token: AAFgOqaoADCqf9VDTpptN3tbz0y8k3Z1SQcXR9saA6eP3sy4ukTqUv7cq3I_XYookcpLZsMyAM4
parse error: Invalid numeric literal at line 1, column 10

real	0m2.418s
user	0m0.094s
sys	0m0.125s
02/28/21 04:08:11 817846700  1614456491 secretPin: 
[WARN] get secretPin error

02/28/21 04:08:12 116720800  1614456492 èµµç­¾åˆ°Mideerå¼¥é¹¿äº¬ä¸œè‡ªè¥å®˜æ–¹æ——èˆ°åº—

real	0m2.503s
user	0m0.031s
sys	0m0.078s
parse error: Invalid numeric literal at line 1, column 10
parse error: Invalid numeric literal at line 1, column 10
parse error: Invalid numeric literal at line 1, column 10
parse error: Invalid numeric literal at line 1, column 10
02/28/21 04:08:20 520302100 1614456500

real	0m4.143s
user	0m0.000s
sys	0m0.047s

real	0m1.936s
user	0m0.031s
sys	0m0.109s
[WARN] get LZ_TOKEN error
02/28/21 04:08:27 798685200  1614456507
use pt_key

real	0m3.449s
user	0m0.094s
sys	0m0.188s
02/28/21 04:08:31 493208000  1614456511 token: AAFgOqa_ADAgqAW2fc0BXM6rerWbqTfKU_y1SY4Mx2CXHF2RvBdU6OH9C8cdtTF4WvJPHwmlYqg
parse error: Invalid numeric literal at line 1, column 10

real	0m1.655s
user	0m0.078s
sys	0m0.109s
02/28/21 04:08:34 655876100  1614456514 secretPin: 
[WARN] get secretPin error

02/28/21 04:08:35 125037600  1614456515 èµµç­¾åˆ°Mideerå¼¥é¹¿äº¬ä¸œè‡ªè¥å®˜æ–¹æ——èˆ°åº—

real	0m2.058s
user	0m0.031s
sys	0m0.063s
parse error: Invalid numeric literal at line 1, column 10
parse error: Invalid numeric literal at line 1, column 10
parse error: Invalid numeric literal at line 1, column 10
parse error: Invalid numeric literal at line 1, column 10
02/28/21 04:08:45 735583900 1614456525

real	0m5.794s
user	0m0.000s
sys	0m0.016s

real	0m2.938s
user	0m0.031s
sys	0m0.125s
[WARN] get LZ_TOKEN error
02/28/21 04:08:56 614379400  1614456536
use pt_key

real	0m2.628s
user	0m0.109s
sys	0m0.109s
02/28/21 04:09:00 001621100  1614456540 token: AAFgOqbbADD5FnjCbD6iGtJewQqAnbRsk1o73XDHT_jatDdYlYmtPbSBz6ZxqaQW-ZTcgLK4mds
parse error: Invalid numeric literal at line 1, column 10

real	0m2.907s
user	0m0.094s
sys	0m0.156s
02/28/21 04:09:04 482559000  1614456544 secretPin: 
[WARN] get secretPin error

02/28/21 04:09:05 264509000  1614456545 èµµç­¾åˆ°Mideerå¼¥é¹¿äº¬ä¸œè‡ªè¥å®˜æ–¹æ——èˆ°åº—

real	0m1.993s
user	0m0.047s
sys	0m0.094s
parse error: Invalid numeric literal at line 1, column 10
parse error: Invalid numeric literal at line 1, column 10
parse error: Invalid numeric literal at line 1, column 10
parse error: Invalid numeric literal at line 1, column 10
02/28/21 04:09:14 204488600 1614456554

real	0m4.934s
user	0m0.000s
sys	0m0.031s

real	0m2.703s
user	0m0.016s
sys	0m0.156s
[WARN] get LZ_TOKEN error
02/28/21 04:09:22 723146000  1614456562
use pt_key

real	0m2.342s
user	0m0.109s
sys	0m0.094s
02/28/21 04:09:25 978955500  1614456565 token: AAFgOqb0ADDz7YkrT-gXxZFIXRW9f3ES6B2Bbzc_FVCEIFYniR7fM7r0NbKOnLRnc2i7k3kvMgY
parse error: Invalid numeric literal at line 1, column 10

real	0m1.899s
user	0m0.109s
sys	0m0.125s
02/28/21 04:09:28 631163400  1614456568 secretPin: 
[WARN] get secretPin error

02/28/21 04:09:29 012671800  1614456569 èµµç­¾åˆ°Mideerå¼¥é¹¿äº¬ä¸œè‡ªè¥å®˜æ–¹æ——èˆ°åº—

real	0m1.890s
user	0m0.031s
sys	0m0.109s
parse error: Invalid numeric literal at line 1, column 10
parse error: Invalid numeric literal at line 1, column 10
parse error: Invalid numeric literal at line 1, column 10
parse error: Invalid numeric literal at line 1, column 10
02/28/21 04:09:38 297308700 1614456578

real	0m4.786s
user	0m0.000s
sys	0m0.031s

real	0m2.713s
user	0m0.016s
sys	0m0.109s
[WARN] get LZ_TOKEN error
02/28/21 04:09:47 316758400  1614456587
use pt_key

real	0m2.515s
user	0m0.109s
sys	0m0.094s
02/28/21 04:09:50 261729600  1614456590 token: AAFgOqcNADBo9f9bvSGqV5rcwmZuUjqIZZLqKGu6N3LR0puUOM-4LLsCde7PmbTtInZFUwY3Rs4
parse error: Invalid numeric literal at line 1, column 10

real	0m3.224s
user	0m0.094s
sys	0m0.141s
02/28/21 04:09:54 161936000  1614456594 secretPin: 
[WARN] get secretPin error

02/28/21 04:09:54 607765100  1614456594 èµµç­¾åˆ°Mideerå¼¥é¹¿äº¬ä¸œè‡ªè¥å®˜æ–¹æ——èˆ°åº—

real	0m1.951s
user	0m0.031s
sys	0m0.109s
parse error: Invalid numeric literal at line 1, column 10
parse error: Invalid numeric literal at line 1, column 10
parse error: Invalid numeric literal at line 1, column 10
parse error: Invalid numeric literal at line 1, column 10
02/28/21 04:10:04 630077300 1614456604

real	0m5.462s
user	0m0.000s
sys	0m0.063s

real	0m2.455s
user	0m0.031s
sys	0m0.094s
[WARN] get LZ_TOKEN error
02/28/21 04:10:14 873286200  1614456614
use pt_key

real	0m2.579s
user	0m0.125s
sys	0m0.172s
02/28/21 04:10:18 194271100  1614456618 token: AAFgOqcpADDrfycXZm9ZLHzjrjAfnklObiCco_W8_3tZrb81R0SpqksZ-WeRtb1o_6vUr2eHGTA
parse error: Invalid numeric literal at line 1, column 10

real	0m1.871s
user	0m0.125s
sys	0m0.125s
02/28/21 04:10:20 544651300  1614456620 secretPin: 
[WARN] get secretPin error

02/28/21 04:10:21 000258100  1614456621 èµµç­¾åˆ°Mideerå¼¥é¹¿äº¬ä¸œè‡ªè¥å®˜æ–¹æ——èˆ°åº—

real	0m2.190s
user	0m0.031s
sys	0m0.094s
parse error: Invalid numeric literal at line 1, column 10
parse error: Invalid numeric literal at line 1, column 10
parse error: Invalid numeric literal at line 1, column 10
parse error: Invalid numeric literal at line 1, column 10
02/28/21 04:10:27 888716100 1614456627

real	0m5.674s
user	0m0.000s
sys	0m0.047s
02/28/21 04:11:05 696570800  1614456665
parse error: Invalid numeric literal at line 1, column 10
ç­¾åˆ°æ˜¯å¦æˆåŠŸè§£æå¤±è´¥. ä¸å†å†™/home/myid/jd/jd_signup/vender/shop_1614116376_120_delay

èµµç­¾åˆ°Mideerå¼¥é¹¿äº¬ä¸œè‡ªè¥å®˜æ–¹æ——èˆ°åº—æŸ¥çœ‹ç»“æœ
<!DOCTYPE html>
<html>
 <head> 
  <title>äº¬ä¸œ</title> 
  <meta charset="utf-8" /> 
  <meta name="apple-mobile-web-app-capable" content="yes" /> 
  <meta name="viewport" content="width=device-width,initial-scale=1,user-scalable=no,maximum-scale=1,viewport-fit=cover" /> 
  <meta name="format-detection" content="telephone=no" /> 
  <meta name="x5-cache" content="enable" /> 
  <link rel="stylesheet" href="https://storage.360buyimg.com/babel/00162638/333378/production/dev/parser.1526555535098.css?t=20180517191236" /> 
  <style> img {
            opacity: 1 !important;
        } </style> 
  <link href="https://storage.360buyimg.com/babel/00170893/348321/production/dev/index.7320a380.css?t=20180802150952" rel="stylesheet" />
 </head> 
 <body style="background:#fff;" id="root"> 
  <div class="errorPage"> 
  </div> 
  <div class="placeholer"> 
  </div> 
  <script src="https://wl.jd.com/unify.min.js"></script> 
  <script type="text/javascript" src="https://storage.360buyimg.com/babel/00170893/348321/production/dev/index.0f8f4dba.js?t=20180802150952"></script> 
 </body>
</html>

parse error: Invalid numeric literal at line 1, column 10
[0;31;3mRUN  at {280:<--} ERROR CODE: 4[0m [0;31;3m[20210228 04:11:12] [ERROR] [0m

