02/28/21 02:05:17 880147900  1614449117
RANDOM_num: 30
removed '/tmp/tmp.b7zx22EcK5'
02/28/21 02:05:20 808101100  1614449120 检查赵签到

real	0m2.896s
user	0m0.047s
sys	0m0.078s
[WARN] get LZ_TOKEN error
02/28/21 02:05:30 211128600  1614449130
use pt_key

real	0m2.963s
user	0m0.078s
sys	0m0.078s
02/28/21 02:05:34 216258800  1614449134 token: AAFgOontADCDIMcjq29THLNsJHjSAapboe6zJVNqsOQHQYkNqNimo5Wo4Qc3970p03GNNinvwz8
parse error: Invalid numeric literal at line 1, column 10

real	0m3.563s
user	0m0.141s
sys	0m0.078s
02/28/21 02:05:39 032170200  1614449139 secretPin: 
[WARN] get secretPin error

02/28/21 02:05:39 950482500  1614449139 赵签到JEEP SPIRIT眼镜旗舰店

real	0m2.715s
user	0m0.063s
sys	0m0.063s
parse error: Invalid numeric literal at line 1, column 10
parse error: Invalid numeric literal at line 1, column 10
parse error: Invalid numeric literal at line 1, column 10
parse error: Invalid numeric literal at line 1, column 10
02/28/21 02:05:58 261845000 1614449158

real	0m1.902s
user	0m0.000s
sys	0m0.031s

real	0m1.535s
user	0m0.016s
sys	0m0.094s
[WARN] get LZ_TOKEN error
02/28/21 02:06:06 988172200  1614449166
use pt_key

real	0m4.700s
user	0m0.094s
sys	0m0.109s
02/28/21 02:06:12 646249000  1614449172 token: AAFgOooTADBq-VE_nXcuG5XoIcFIfbXTCBWc-bZlzKmIqHATZ_DoLQnIfMtf29v7A0R5RLElDeM
parse error: Invalid numeric literal at line 1, column 10

real	0m3.525s
user	0m0.125s
sys	0m0.078s
02/28/21 02:06:17 566751600  1614449177 secretPin: 
[WARN] get secretPin error

02/28/21 02:06:18 284127600  1614449178 赵签到JEEP SPIRIT眼镜旗舰店

real	0m4.036s
user	0m0.016s
sys	0m0.156s
parse error: Invalid numeric literal at line 1, column 10
parse error: Invalid numeric literal at line 1, column 10
parse error: Invalid numeric literal at line 1, column 10
parse error: Invalid numeric literal at line 1, column 10
02/28/21 02:06:34 345362100 1614449194

real	0m4.259s
user	0m0.000s
sys	0m0.031s

real	0m2.887s
user	0m0.016s
sys	0m0.141s
[WARN] get LZ_TOKEN error
02/28/21 02:06:50 087506200  1614449210
use pt_key

real	0m3.253s
user	0m0.109s
sys	0m0.156s
02/28/21 02:06:54 099940200  1614449214 token: AAFgOoo9ADDUmH7MJ--c1o_fa7f82ZrJNZg5UhrG_lou5v2J-I3B6xw50jwDaWnAIKi1z_LMDqQ
parse error: Invalid numeric literal at line 1, column 10

real	0m4.258s
user	0m0.094s
sys	0m0.109s
02/28/21 02:06:59 405234000  1614449219 secretPin: 
[WARN] get secretPin error

02/28/21 02:07:00 414975500  1614449220 赵签到JEEP SPIRIT眼镜旗舰店

real	0m2.317s
user	0m0.047s
sys	0m0.063s
parse error: Invalid numeric literal at line 1, column 10
parse error: Invalid numeric literal at line 1, column 10
parse error: Invalid numeric literal at line 1, column 10
parse error: Invalid numeric literal at line 1, column 10
02/28/21 02:07:20 517201100 1614449240

real	0m2.314s
user	0m0.000s
sys	0m0.047s

real	0m2.413s
user	0m0.016s
sys	0m0.109s
[WARN] get LZ_TOKEN error
02/28/21 02:07:28 573767400  1614449248
use pt_key

real	0m2.189s
user	0m0.125s
sys	0m0.109s
02/28/21 02:07:31 270568600  1614449251 token: AAFgOopiADBXdNxBRAQMGQkN8nKhnYPxO8HnJoJUU_H7eIDF0OLrNi83bi56PPxMMbcbyqdAREo
parse error: Invalid numeric literal at line 1, column 10

real	0m1.791s
user	0m0.094s
sys	0m0.141s
02/28/21 02:07:34 403351000  1614449254 secretPin: 
[WARN] get secretPin error

02/28/21 02:07:35 218990700  1614449255 赵签到JEEP SPIRIT眼镜旗舰店

real	0m1.881s
user	0m0.047s
sys	0m0.031s
parse error: Invalid numeric literal at line 1, column 10
parse error: Invalid numeric literal at line 1, column 10
parse error: Invalid numeric literal at line 1, column 10
parse error: Invalid numeric literal at line 1, column 10
02/28/21 02:07:47 789436500 1614449267

real	0m3.025s
user	0m0.000s
sys	0m0.047s

real	0m2.383s
user	0m0.016s
sys	0m0.063s
[WARN] get LZ_TOKEN error
02/28/21 02:07:59 047717200  1614449279
use pt_key

real	0m2.944s
user	0m0.125s
sys	0m0.125s
02/28/21 02:08:02 866385900  1614449282 token: AAFgOoqCADBelM0hnUMad4WhlkWNTILgW73PvJ4Lw7H94Ql5t5V_OVEtli_iW7ngHfEg0iBPy3M
parse error: Invalid numeric literal at line 1, column 10

real	0m4.952s
user	0m0.141s
sys	0m0.094s
02/28/21 02:08:09 558965100  1614449289 secretPin: 
[WARN] get secretPin error

02/28/21 02:08:10 791971400  1614449290 赵签到JEEP SPIRIT眼镜旗舰店

real	0m3.150s
user	0m0.047s
sys	0m0.063s
parse error: Invalid numeric literal at line 1, column 10
parse error: Invalid numeric literal at line 1, column 10
parse error: Invalid numeric literal at line 1, column 10
parse error: Invalid numeric literal at line 1, column 10
02/28/21 02:08:29 745215000 1614449309

real	0m2.883s
user	0m0.000s
sys	0m0.047s

real	0m2.790s
user	0m0.063s
sys	0m0.094s
[WARN] get LZ_TOKEN error
02/28/21 02:08:36 890362400  1614449316
use pt_key

real	0m2.780s
user	0m0.109s
sys	0m0.109s
02/28/21 02:08:40 920716800  1614449320 token: AAFgOoqnADAMWk2EHtCM3QnEG_QnPC9sY6A96mHAd_CSQeY1-kNDY0ckho-nCWCMukwlz9nrVos
parse error: Invalid numeric literal at line 1, column 10

real	0m3.127s
user	0m0.109s
sys	0m0.125s
02/28/21 02:08:44 763408600  1614449324 secretPin: 
[WARN] get secretPin error

02/28/21 02:08:45 520118700  1614449325 赵签到JEEP SPIRIT眼镜旗舰店

real	0m3.320s
user	0m0.047s
sys	0m0.047s
parse error: Invalid numeric literal at line 1, column 10
parse error: Invalid numeric literal at line 1, column 10
parse error: Invalid numeric literal at line 1, column 10
parse error: Invalid numeric literal at line 1, column 10
02/28/21 02:08:59 544910900 1614449339

real	0m3.818s
user	0m0.000s
sys	0m0.063s

real	0m2.918s
user	0m0.016s
sys	0m0.063s
[WARN] get LZ_TOKEN error
02/28/21 02:09:08 228351900  1614449348
use pt_key

real	0m3.600s
user	0m0.094s
sys	0m0.141s
02/28/21 02:09:12 803996000  1614449352 token: AAFgOorHADAIXqCG_VBnsBrrywUkhaw19LQWZkmWdtMQdOqYqYsbqLGh4XkB36gMMTlgPOG_k9k
parse error: Invalid numeric literal at line 1, column 10

real	0m4.648s
user	0m0.125s
sys	0m0.094s
02/28/21 02:09:18 406265500  1614449358 secretPin: 
[WARN] get secretPin error

02/28/21 02:09:18 936104300  1614449358 赵签到JEEP SPIRIT眼镜旗舰店

real	0m2.070s
user	0m0.016s
sys	0m0.109s
parse error: Invalid numeric literal at line 1, column 10
parse error: Invalid numeric literal at line 1, column 10
parse error: Invalid numeric literal at line 1, column 10
parse error: Invalid numeric literal at line 1, column 10
02/28/21 02:09:31 192782900 1614449371

real	0m2.521s
user	0m0.000s
sys	0m0.063s

real	0m2.019s
user	0m0.031s
sys	0m0.109s
[WARN] get LZ_TOKEN error
02/28/21 02:09:38 390637900  1614449378
use pt_key

real	0m2.056s
user	0m0.078s
sys	0m0.094s
02/28/21 02:09:41 059092900  1614449381 token: AAFgOorkADClJu8XfPlrToKsAHmxy8L-vGc8STHB6o1mf_y2i9E6omWrYb3NrCQVC-xQ3up1AuQ
parse error: Invalid numeric literal at line 1, column 10

real	0m3.183s
user	0m0.078s
sys	0m0.125s
02/28/21 02:09:44 768060800  1614449384 secretPin: 
[WARN] get secretPin error

02/28/21 02:09:45 280501700  1614449385 赵签到JEEP SPIRIT眼镜旗舰店

real	0m2.878s
user	0m0.016s
sys	0m0.078s
parse error: Invalid numeric literal at line 1, column 10
parse error: Invalid numeric literal at line 1, column 10
parse error: Invalid numeric literal at line 1, column 10
parse error: Invalid numeric literal at line 1, column 10
02/28/21 02:09:59 878261200 1614449399

real	0m3.293s
user	0m0.000s
sys	0m0.063s

real	0m3.603s
user	0m0.031s
sys	0m0.125s
[WARN] get LZ_TOKEN error
02/28/21 02:10:12 934176700  1614449412
use pt_key

real	0m2.033s
user	0m0.141s
sys	0m0.063s
02/28/21 02:10:15 590637800  1614449415 token: AAFgOosGADAHHf4qc3UVrJpkjPox_cF39mdyYfq2q5UleFmr0k3dpVkbSjJztwFkYl3O0fKVR1A
parse error: Invalid numeric literal at line 1, column 10

real	0m4.060s
user	0m0.109s
sys	0m0.094s
02/28/21 02:10:20 112958700  1614449420 secretPin: 
[WARN] get secretPin error

02/28/21 02:10:20 674778900  1614449420 赵签到JEEP SPIRIT眼镜旗舰店

real	0m2.437s
user	0m0.016s
sys	0m0.109s
parse error: Invalid numeric literal at line 1, column 10
parse error: Invalid numeric literal at line 1, column 10
parse error: Invalid numeric literal at line 1, column 10
parse error: Invalid numeric literal at line 1, column 10
02/28/21 02:10:37 142740400 1614449437

real	0m3.687s
user	0m0.000s
sys	0m0.047s

real	0m3.152s
user	0m0.031s
sys	0m0.094s
[WARN] get LZ_TOKEN error
02/28/21 02:10:49 079801500  1614449449
use pt_key

real	0m2.143s
user	0m0.109s
sys	0m0.078s
02/28/21 02:10:51 672712900  1614449451 token: AAFgOosqADAr_Rf04LX9xerWDFR5cPsCcTDoDAeyk_sXirhbvNa4j0SoLBcEiT0fvgVQEfQxYDI
parse error: Invalid numeric literal at line 1, column 10

real	0m1.682s
user	0m0.109s
sys	0m0.172s
02/28/21 02:10:53 872194200  1614449453 secretPin: 
[WARN] get secretPin error

02/28/21 02:10:54 495976500  1614449454 赵签到JEEP SPIRIT眼镜旗舰店

real	0m2.234s
user	0m0.047s
sys	0m0.078s
parse error: Invalid numeric literal at line 1, column 10
parse error: Invalid numeric literal at line 1, column 10
parse error: Invalid numeric literal at line 1, column 10
parse error: Invalid numeric literal at line 1, column 10
02/28/21 02:11:02 411156300 1614449462

real	0m5.424s
user	0m0.016s
sys	0m0.016s

real	0m3.158s
user	0m0.031s
sys	0m0.094s
[WARN] get LZ_TOKEN error
02/28/21 02:11:13 864306000  1614449473
use pt_key

real	0m3.652s
user	0m0.094s
sys	0m0.094s
02/28/21 02:11:18 177896400  1614449478 token: AAFgOotFADAwPCoSHbzWP5UdFLtDjOEo3dmwBq1MaAWkSNgzNInUes2eeD8AsMi7goRJTNLU8FM
parse error: Invalid numeric literal at line 1, column 10

real	0m3.040s
user	0m0.094s
sys	0m0.125s
02/28/21 02:11:21 881730700  1614449481 secretPin: 
[WARN] get secretPin error

02/28/21 02:11:22 955688300  1614449482 赵签到JEEP SPIRIT眼镜旗舰店

real	0m2.292s
user	0m0.031s
sys	0m0.094s
parse error: Invalid numeric literal at line 1, column 10
parse error: Invalid numeric literal at line 1, column 10
parse error: Invalid numeric literal at line 1, column 10
parse error: Invalid numeric literal at line 1, column 10
02/28/21 02:11:32 215670800 1614449492

real	0m3.413s
user	0m0.000s
sys	0m0.063s

real	0m3.624s
user	0m0.000s
sys	0m0.063s
[WARN] get LZ_TOKEN error
02/28/21 02:11:42 474310000  1614449502
use pt_key

real	0m3.961s
user	0m0.109s
sys	0m0.109s
02/28/21 02:11:47 261137000  1614449507 token: AAFgOotiADBN37MiT9UBStOO8OOw0i2J3qx9Bdsy7r3zQSDPCgQRW7s9I550OmJPyLR1FOxwLvM
parse error: Invalid numeric literal at line 1, column 10

real	0m3.446s
user	0m0.109s
sys	0m0.094s
02/28/21 02:11:51 377990700  1614449511 secretPin: 
[WARN] get secretPin error

02/28/21 02:11:52 211299400  1614449512 赵签到JEEP SPIRIT眼镜旗舰店

real	0m1.943s
user	0m0.016s
sys	0m0.094s
parse error: Invalid numeric literal at line 1, column 10
parse error: Invalid numeric literal at line 1, column 10
parse error: Invalid numeric literal at line 1, column 10
parse error: Invalid numeric literal at line 1, column 10
02/28/21 02:12:06 071155600 1614449526

real	0m3.900s
user	0m0.000s
sys	0m0.031s

real	0m1.630s
user	0m0.047s
sys	0m0.063s
[WARN] get LZ_TOKEN error
02/28/21 02:12:13 614672400  1614449533
use pt_key

real	0m2.732s
user	0m0.109s
sys	0m0.094s
02/28/21 02:12:16 702442000  1614449536 token: AAFgOouAADDTwGk08tBYnlTKl7zDlkEOgkLALCrBqiBGhCO9gvcKXp7cP9rGoGNya8WkSWNOF4Y
parse error: Invalid numeric literal at line 1, column 10

real	0m3.319s
user	0m0.063s
sys	0m0.156s
02/28/21 02:12:20 913302900  1614449540 secretPin: 
[WARN] get secretPin error

02/28/21 02:12:21 400797200  1614449541 赵签到JEEP SPIRIT眼镜旗舰店

real	0m2.544s
user	0m0.078s
sys	0m0.078s
parse error: Invalid numeric literal at line 1, column 10
parse error: Invalid numeric literal at line 1, column 10
parse error: Invalid numeric literal at line 1, column 10
parse error: Invalid numeric literal at line 1, column 10
02/28/21 02:12:31 987444800 1614449551

real	0m5.204s
user	0m0.000s
sys	0m0.031s

real	0m2.266s
user	0m0.047s
sys	0m0.094s
[WARN] get LZ_TOKEN error
02/28/21 02:12:44 205298500  1614449564
use pt_key

real	0m2.329s
user	0m0.109s
sys	0m0.109s
02/28/21 02:12:47 015553700  1614449567 token: AAFgOoueADCkGd3UcW2HJRt28-51ItURbS5aZlfWGbcpSQQvtQoH0LKMyyB6Uco1umelymKZMcU
parse error: Invalid numeric literal at line 1, column 10

real	0m2.432s
user	0m0.141s
sys	0m0.125s
02/28/21 02:12:50 669673300  1614449570 secretPin: 
[WARN] get secretPin error

02/28/21 02:12:51 041015700  1614449571 赵签到JEEP SPIRIT眼镜旗舰店

real	0m2.095s
user	0m0.063s
sys	0m0.047s
parse error: Invalid numeric literal at line 1, column 10
parse error: Invalid numeric literal at line 1, column 10
parse error: Invalid numeric literal at line 1, column 10
parse error: Invalid numeric literal at line 1, column 10
02/28/21 02:13:00 449096500 1614449580

real	0m4.842s
user	0m0.016s
sys	0m0.047s

real	0m1.990s
user	0m0.063s
sys	0m0.063s
[WARN] get LZ_TOKEN error
02/28/21 02:13:08 496231100  1614449588
use pt_key

real	0m1.618s
user	0m0.078s
sys	0m0.156s
02/28/21 02:13:10 626434400  1614449590 token: AAFgOou1ADBlAGteg_KPHv2rxiXVwfMELz5nSYob4lcf8sGc_g7v_AO2EbTY_TQu_WHeOtB2RZc
parse error: Invalid numeric literal at line 1, column 10

real	0m2.086s
user	0m0.125s
sys	0m0.031s
02/28/21 02:13:13 214670100  1614449593 secretPin: 
[WARN] get secretPin error

02/28/21 02:13:13 739759900  1614449593 赵签到JEEP SPIRIT眼镜旗舰店

real	0m1.870s
user	0m0.047s
sys	0m0.078s
parse error: Invalid numeric literal at line 1, column 10
parse error: Invalid numeric literal at line 1, column 10
parse error: Invalid numeric literal at line 1, column 10
parse error: Invalid numeric literal at line 1, column 10
02/28/21 02:13:21 307194900 1614449601

real	0m5.632s
user	0m0.000s
sys	0m0.047s

real	0m1.501s
user	0m0.047s
sys	0m0.078s
[WARN] get LZ_TOKEN error
02/28/21 02:13:30 148093000  1614449610
use pt_key

real	0m1.854s
user	0m0.125s
sys	0m0.109s
02/28/21 02:13:32 280727900  1614449612 token: AAFgOovLADBkAf8Ct2w3g-ykaFJdzAE57ywPxN0s2vzP_7nniT8ynx_AN8-KYvEv3RKm7kyRMDc
parse error: Invalid numeric literal at line 1, column 10

real	0m2.859s
user	0m0.063s
sys	0m0.125s
02/28/21 02:13:35 536448900  1614449615 secretPin: 
[WARN] get secretPin error

02/28/21 02:13:36 055720900  1614449616 赵签到JEEP SPIRIT眼镜旗舰店

real	0m1.298s
user	0m0.031s
sys	0m0.109s
parse error: Invalid numeric literal at line 1, column 10
parse error: Invalid numeric literal at line 1, column 10
parse error: Invalid numeric literal at line 1, column 10
parse error: Invalid numeric literal at line 1, column 10
02/28/21 02:13:42 267799200 1614449622

real	0m4.413s
user	0m0.000s
sys	0m0.016s

real	0m1.662s
user	0m0.016s
sys	0m0.109s
[WARN] get LZ_TOKEN error
02/28/21 02:13:50 036095700  1614449630
use pt_key

real	0m1.692s
user	0m0.125s
sys	0m0.109s
02/28/21 02:13:52 360766700  1614449632 token: AAFgOovfADCrU17rx76nSCXlMQ_XFU0anLEJ71mzNhADPEed1cAzpSZhnnve1zPDQtrxJnKR-_Q
parse error: Invalid numeric literal at line 1, column 10

real	0m1.860s
user	0m0.125s
sys	0m0.109s
02/28/21 02:13:54 651801800  1614449634 secretPin: 
[WARN] get secretPin error

02/28/21 02:13:54 981620000  1614449634 赵签到JEEP SPIRIT眼镜旗舰店

real	0m1.079s
user	0m0.031s
sys	0m0.094s
parse error: Invalid numeric literal at line 1, column 10
parse error: Invalid numeric literal at line 1, column 10
parse error: Invalid numeric literal at line 1, column 10
parse error: Invalid numeric literal at line 1, column 10
02/28/21 02:13:59 829843000 1614449639

real	0m4.616s
user	0m0.000s
sys	0m0.016s

real	0m1.271s
user	0m0.000s
sys	0m0.172s
[WARN] get LZ_TOKEN error
02/28/21 02:14:06 720601600  1614449646
use pt_key

real	0m1.267s
user	0m0.125s
sys	0m0.156s
02/28/21 02:14:08 298859200  1614449648 token: AAFgOovvADCiByuIVtWb5_M7pj4gyOiVgW25kH6eDjvQjFgfOkH7cP6ABSp0xIUnKcRcD7YV5lQ
parse error: Invalid numeric literal at line 1, column 10

real	0m1.144s
user	0m0.141s
sys	0m0.125s
02/28/21 02:14:10 065166400  1614449650 secretPin: 
[WARN] get secretPin error

02/28/21 02:14:10 417993400  1614449650 赵签到JEEP SPIRIT眼镜旗舰店

real	0m1.170s
user	0m0.016s
sys	0m0.156s
parse error: Invalid numeric literal at line 1, column 10
parse error: Invalid numeric literal at line 1, column 10
parse error: Invalid numeric literal at line 1, column 10
parse error: Invalid numeric literal at line 1, column 10
02/28/21 02:14:13 703184900 1614449653

real	0m4.299s
user	0m0.000s
sys	0m0.031s

real	0m0.840s
user	0m0.031s
sys	0m0.094s
[WARN] get LZ_TOKEN error
02/28/21 02:14:19 214232300  1614449659
use pt_key

real	0m0.532s
user	0m0.125s
sys	0m0.109s
02/28/21 02:14:19 853470100  1614449659 token: AAFgOov7ADAR1dXSFYl3jWg6fuT6qc_BbgQb7RSDLBtRzxYIrwFAZe2IyuVYCCIXyGxMPYp2sdA
parse error: Invalid numeric literal at line 1, column 10

real	0m0.578s
user	0m0.141s
sys	0m0.109s
02/28/21 02:14:20 560105300  1614449660 secretPin: 
[WARN] get secretPin error

02/28/21 02:14:20 731719800  1614449660 赵签到JEEP SPIRIT眼镜旗舰店

real	0m0.651s
user	0m0.031s
sys	0m0.094s
parse error: Invalid numeric literal at line 1, column 10
parse error: Invalid numeric literal at line 1, column 10
parse error: Invalid numeric literal at line 1, column 10
parse error: Invalid numeric literal at line 1, column 10
02/28/21 02:14:22 537132600 1614449662

real	0m3.882s
user	0m0.016s
sys	0m0.047s

real	0m0.272s
user	0m0.031s
sys	0m0.094s
[WARN] get LZ_TOKEN error
02/28/21 02:14:26 929852700  1614449666
use pt_key

real	0m0.343s
user	0m0.125s
sys	0m0.141s
02/28/21 02:14:27 331248500  1614449667 token: AAFgOowDADD9OJAXG4nOQxHruxLL80ro4SIzaQDJpYZV6l15urFiO1ISl_DONSzm6h5tGCGf5gI
parse error: Invalid numeric literal at line 1, column 10

real	0m0.284s
user	0m0.172s
sys	0m0.109s
02/28/21 02:14:27 668431900  1614449667 secretPin: 
[WARN] get secretPin error

02/28/21 02:14:27 697000900  1614449667 赵签到JEEP SPIRIT眼镜旗舰店

real	0m0.287s
user	0m0.063s
sys	0m0.063s
parse error: Invalid numeric literal at line 1, column 10
parse error: Invalid numeric literal at line 1, column 10
parse error: Invalid numeric literal at line 1, column 10
parse error: Invalid numeric literal at line 1, column 10
02/28/21 02:14:28 715958300 1614449668

real	0m3.395s
user	0m0.000s
sys	0m0.063s
02/28/21 02:16:03 202611000  1614449763
parse error: Invalid numeric literal at line 1, column 10
签到是否成功解析失败. 不再写/home/myid/jd/jd_signup/vender/shop_1614116236_75

赵签到JEEP SPIRIT眼镜旗舰店查看结果



JEEP SPIRIT眼镜旗舰店活动规则


actId=a3e7341936fb4fe786cb441977fad1df
venderId=10114665
startTime=1613664000000
endTime=1616169659000
# 短链接
suo_url="https://3.cn/1012Wo-ru"
actTimeStr="2021-02-19 00:00 至 2021-03-20 00:00"
#店铺名称
vendername="JEEP SPIRIT眼镜旗舰店"
# 长链接
url=https://lzkj-isv.isvjcloud.com/sign/signActivity2?activityId=a3e7341936fb4fe786cb441977fad1df&venderId=10114665&adsource=tg_xuanFuTuBiao
# 活动时间：2021.02.19 00:00:00 - 2021.03.20 00:00:59
# 奖励说明：
actRule="
连续签到3天：1京豆 1京豆
连续签到5天：3京豆 3京豆
"
#赵 122294312-396444 sign_res
sign_res="
signTime=1614211200;signed=2
signTime=1614297600;signed=2
signTime=1614384000;signed=2"
sign_num="3"
sign_total_num="3"
giftName="null"
giftRes="ok"
giftDate="20210227"
sign_res_info="
2021/02/25_08:00:00  [已~签~到]      
2021/02/26_08:00:00  [已~签~到]      
2021/02/27_08:00:00  [已~签~到]      
当天签到奖励 [null]
连续签到 3 天
签到总天数 3"
#赵 122294312-396444 sign_res_end
#王 1309893722-164885 sign_res
sign_res="
signTime=1614211200;signed=2
signTime=1614297600;signed=2
signTime=1614384000;signed=2"
sign_num="3"
sign_total_num="3"
giftName="null"
giftRes="ok"
giftDate="20210227"
sign_res_info="
2021/02/25_08:00:00  [已~签~到]      
2021/02/26_08:00:00  [已~签~到]      
2021/02/27_08:00:00  [已~签~到]      
当天签到奖励 [null]
连续签到 3 天
签到总天数 3"
#王 1309893722-164885 sign_res_end
#肥鹅 jd_4d651d9e48204 sign_res
sign_res="
signTime=1614211200;signed=2
signTime=1614297600;signed=2
signTime=1614384000;signed=2"
sign_num="3"
sign_total_num="3"
giftName="null"
giftRes="ok"
giftDate="20210227"
sign_res_info="
2021/02/25_08:00:00  [已~签~到]      
2021/02/26_08:00:00  [已~签~到]      
2021/02/27_08:00:00  [已~签~到]      
当天签到奖励 [null]
连续签到 3 天
签到总天数 3"
#肥鹅 jd_4d651d9e48204 sign_res_end
#移动 jd_OeTNobRVGiNZ sign_res
sign_res="
signTime=1614124800;signed=2
signTime=1614211200;signed=2
signTime=1614297600;signed=2
signTime=1614384000;signed=2"
sign_num="4"
sign_total_num="4"
giftName="null"
giftRes="ok"
giftDate="20210227"
sign_res_info="
2021/02/24_08:00:00  [已~签~到]      
2021/02/25_08:00:00  [已~签~到]      
2021/02/26_08:00:00  [已~签~到]      
2021/02/27_08:00:00  [已~签~到]      
当天签到奖励 [null]
连续签到 4 天
签到总天数 4"
#移动 jd_OeTNobRVGiNZ sign_res_end
