03/05/21 02:05:20 702949200  1614881120
RANDOM_num: 45
removed '/tmp/tmp.uWKCZNNPWk'
03/05/21 02:05:22 222385200  1614881122 检查肥鹅签到

real	0m0.796s
user	0m0.047s
sys	0m0.109s
[WARN] get LZ_TOKEN error
03/05/21 02:05:24 138682900  1614881124
use pt_key

real	0m1.071s
user	0m0.125s
sys	0m0.109s
03/05/21 02:05:25 372384400  1614881125 token: AAFgQSFlADDDdCXwoB34H8K6y5NLzhD8pWDjpUDM_wPZzP2ZpSY_X-d0z5in9J5ortP7CfVXNX8

real	0m0.849s
user	0m0.047s
sys	0m0.063s
parse error: Invalid numeric literal at line 1, column 10
03/05/21 02:05:27 287317000  1614881127 secretPin: 
[WARN] get secretPin error

03/05/21 02:05:27 431822800  1614881127 肥鹅签到艾美特京东自营官方旗舰店

real	0m1.003s
user	0m0.031s
sys	0m0.094s
parse error: Invalid numeric literal at line 1, column 10
parse error: Invalid numeric literal at line 1, column 10
parse error: Invalid numeric literal at line 1, column 10
parse error: Invalid numeric literal at line 1, column 10
parse error: Invalid numeric literal at line 1, column 10
03/05/21 02:05:31 529934300 1614881131

real	0m0.956s
user	0m0.016s
sys	0m0.047s

real	0m0.907s
user	0m0.031s
sys	0m0.094s
[WARN] get LZ_TOKEN error
03/05/21 02:05:33 987154700  1614881133
use pt_key

real	0m1.150s
user	0m0.156s
sys	0m0.063s
03/05/21 02:05:35 340228600  1614881135 token: AAFgQSFuADA606v78EGYJ26GMzyBg1pmG9s_ZXRK9jUBRoJk_vdlMI2VDeO5HJcg1LpBmbGSH-o

real	0m0.893s
user	0m0.063s
sys	0m0.094s
parse error: Invalid numeric literal at line 1, column 10
03/05/21 02:05:37 715828400  1614881137 secretPin: 
[WARN] get secretPin error

03/05/21 02:05:38 061098300  1614881138 肥鹅签到艾美特京东自营官方旗舰店

real	0m1.019s
user	0m0.031s
sys	0m0.094s
parse error: Invalid numeric literal at line 1, column 10
parse error: Invalid numeric literal at line 1, column 10
parse error: Invalid numeric literal at line 1, column 10
parse error: Invalid numeric literal at line 1, column 10
parse error: Invalid numeric literal at line 1, column 10
03/05/21 02:05:43 552104800 1614881143

real	0m1.335s
user	0m0.000s
sys	0m0.000s

real	0m0.850s
user	0m0.047s
sys	0m0.109s
[WARN] get LZ_TOKEN error
03/05/21 02:05:46 180696600  1614881146
use pt_key

real	0m1.258s
user	0m0.094s
sys	0m0.125s
03/05/21 02:05:47 648073800  1614881147 token: AAFgQSF7ADAb-uUi46qv-VzVWZ-jB_8CoFIxRdHj41WdYhIOLdRayXgKCHOrP-UApfVFV7r0ENI

real	0m1.293s
user	0m0.031s
sys	0m0.125s
parse error: Invalid numeric literal at line 1, column 10
03/05/21 02:05:50 023678300  1614881150 secretPin: 
[WARN] get secretPin error

03/05/21 02:05:50 260291600  1614881150 肥鹅签到艾美特京东自营官方旗舰店

real	0m1.328s
user	0m0.047s
sys	0m0.063s
parse error: Invalid numeric literal at line 1, column 10
parse error: Invalid numeric literal at line 1, column 10
parse error: Invalid numeric literal at line 1, column 10
parse error: Invalid numeric literal at line 1, column 10
parse error: Invalid numeric literal at line 1, column 10
03/05/21 02:05:54 835982800 1614881154

real	0m1.549s
user	0m0.000s
sys	0m0.031s

real	0m0.860s
user	0m0.047s
sys	0m0.063s
[WARN] get LZ_TOKEN error
03/05/21 02:05:57 893462700  1614881157
use pt_key

real	0m1.220s
user	0m0.125s
sys	0m0.141s
03/05/21 02:05:59 393723300  1614881159 token: AAFgQSGHADAeLqBYGhZCTnf76ZtDhtv3msO3ZV-QMcZdtIh8JtcBOTZ88nUapnhGBJ_QmLHrOnY

real	0m0.879s
user	0m0.047s
sys	0m0.078s
parse error: Invalid numeric literal at line 1, column 10
03/05/21 02:06:01 456443800  1614881161 secretPin: 
[WARN] get secretPin error

03/05/21 02:06:01 693928900  1614881161 肥鹅签到艾美特京东自营官方旗舰店

real	0m1.000s
user	0m0.000s
sys	0m0.094s
parse error: Invalid numeric literal at line 1, column 10
parse error: Invalid numeric literal at line 1, column 10
parse error: Invalid numeric literal at line 1, column 10
parse error: Invalid numeric literal at line 1, column 10
parse error: Invalid numeric literal at line 1, column 10
03/05/21 02:06:05 705736600 1614881165

real	0m1.538s
user	0m0.000s
sys	0m0.016s

real	0m0.874s
user	0m0.016s
sys	0m0.078s
[WARN] get LZ_TOKEN error
03/05/21 02:06:08 743112800  1614881168
use pt_key
jq: error (at <stdin>:0) (not a string): {"code":"0","errcode":264,"message":"出错了，请退出重试"}

real	0m0.863s
user	0m0.078s
sys	0m0.156s
03/05/21 02:06:10 636003100  1614881170 token: 
[WARN] get token error

real	0m1.017s
user	0m0.016s
sys	0m0.094s
parse error: Invalid numeric literal at line 1, column 10
03/05/21 02:06:12 758959900  1614881172 secretPin: 
[WARN] get secretPin error

03/05/21 02:06:12 962450700  1614881172 肥鹅签到艾美特京东自营官方旗舰店

real	0m0.789s
user	0m0.031s
sys	0m0.094s
parse error: Invalid numeric literal at line 1, column 10
parse error: Invalid numeric literal at line 1, column 10
parse error: Invalid numeric literal at line 1, column 10
parse error: Invalid numeric literal at line 1, column 10
parse error: Invalid numeric literal at line 1, column 10
03/05/21 02:06:17 490558500 1614881177

real	0m1.762s
user	0m0.016s
sys	0m0.016s

real	0m0.925s
user	0m0.031s
sys	0m0.047s
[WARN] get LZ_TOKEN error
03/05/21 02:06:20 635576000  1614881180
use pt_key

real	0m1.305s
user	0m0.047s
sys	0m0.109s
03/05/21 02:06:22 237058800  1614881182 token: AAFgQSGdADBKRDdxBLrXHv-f2pte2vvYryM0NE8A08OdhPjpRx1xOnxxH1EKuZ_FNupmwxY_0Jc

real	0m1.011s
user	0m0.016s
sys	0m0.094s
parse error: Invalid numeric literal at line 1, column 10
03/05/21 02:06:24 944889400  1614881184 secretPin: 
[WARN] get secretPin error

03/05/21 02:06:25 314344100  1614881185 肥鹅签到艾美特京东自营官方旗舰店

real	0m1.234s
user	0m0.031s
sys	0m0.125s
parse error: Invalid numeric literal at line 1, column 10
parse error: Invalid numeric literal at line 1, column 10
parse error: Invalid numeric literal at line 1, column 10
parse error: Invalid numeric literal at line 1, column 10
parse error: Invalid numeric literal at line 1, column 10
03/05/21 02:06:30 328632200 1614881190

real	0m2.036s
user	0m0.000s
sys	0m0.063s

real	0m1.252s
user	0m0.031s
sys	0m0.063s
[WARN] get LZ_TOKEN error
03/05/21 02:06:34 283889900  1614881194
use pt_key

real	0m1.300s
user	0m0.125s
sys	0m0.047s
03/05/21 02:06:36 138315400  1614881196 token: AAFgQSGrADARfgB2lC6cdeuglO-tTWs8HSCFbI0Q7InOMf-HtqvesdZDoBYgLlK7HuVxvOCDOto

real	0m1.020s
user	0m0.047s
sys	0m0.078s
parse error: Invalid numeric literal at line 1, column 10
03/05/21 02:06:38 580294400  1614881198 secretPin: 
[WARN] get secretPin error

03/05/21 02:06:38 972578900  1614881198 肥鹅签到艾美特京东自营官方旗舰店

real	0m0.625s
user	0m0.016s
sys	0m0.078s
parse error: Invalid numeric literal at line 1, column 10
parse error: Invalid numeric literal at line 1, column 10
parse error: Invalid numeric literal at line 1, column 10
parse error: Invalid numeric literal at line 1, column 10
parse error: Invalid numeric literal at line 1, column 10
03/05/21 02:06:45 404700200 1614881205

real	0m2.188s
user	0m0.016s
sys	0m0.031s

real	0m1.032s
user	0m0.078s
sys	0m0.094s
[WARN] get LZ_TOKEN error
03/05/21 02:06:49 321565400  1614881209
use pt_key

real	0m1.093s
user	0m0.109s
sys	0m0.094s
03/05/21 02:06:50 952252600  1614881210 token: AAFgQSG6ADAxc8nZ1bMY58Re9CGAbbQm_OjsvQIIAT4PFZhZRhH0XfhlC1shfYdCzpbXCBnMFrc

real	0m1.081s
user	0m0.000s
sys	0m0.094s
parse error: Invalid numeric literal at line 1, column 10
03/05/21 02:06:53 491624600  1614881213 secretPin: 
[WARN] get secretPin error

03/05/21 02:06:54 160917700  1614881214 肥鹅签到艾美特京东自营官方旗舰店

real	0m1.394s
user	0m0.031s
sys	0m0.156s
parse error: Invalid numeric literal at line 1, column 10
parse error: Invalid numeric literal at line 1, column 10
parse error: Invalid numeric literal at line 1, column 10
parse error: Invalid numeric literal at line 1, column 10
parse error: Invalid numeric literal at line 1, column 10
03/05/21 02:07:00 374711500 1614881220

real	0m2.453s
user	0m0.000s
sys	0m0.016s

real	0m1.484s
user	0m0.016s
sys	0m0.125s
[WARN] get LZ_TOKEN error
03/05/21 02:07:04 885313700  1614881224
use pt_key

real	0m1.163s
user	0m0.109s
sys	0m0.125s
03/05/21 02:07:06 308703500  1614881226 token: AAFgQSHJADCSuRI4riDQe-6IZN2l1P6jRjSX6HyjWpimeFi5U2hdbJSiFYWUl5tsWjML6onZuSg

real	0m1.316s
user	0m0.016s
sys	0m0.063s
parse error: Invalid numeric literal at line 1, column 10
03/05/21 02:07:09 083303400  1614881229 secretPin: 
[WARN] get secretPin error

03/05/21 02:07:10 407054400  1614881230 肥鹅签到艾美特京东自营官方旗舰店

real	0m1.484s
user	0m0.031s
sys	0m0.047s
parse error: Invalid numeric literal at line 1, column 10
parse error: Invalid numeric literal at line 1, column 10
parse error: Invalid numeric literal at line 1, column 10
parse error: Invalid numeric literal at line 1, column 10
parse error: Invalid numeric literal at line 1, column 10
03/05/21 02:07:16 146914200 1614881236

real	0m2.941s
user	0m0.016s
sys	0m0.047s

real	0m1.035s
user	0m0.031s
sys	0m0.094s
[WARN] get LZ_TOKEN error
03/05/21 02:07:20 744888200  1614881240
use pt_key

real	0m1.044s
user	0m0.125s
sys	0m0.109s
03/05/21 02:07:22 010981500  1614881242 token: AAFgQSHZADArKwnKymcoh_6UUdB56uie260V41ikPJOsN7ju5V72cQzJwoXbKbz5ifwBxB6uTdM

real	0m0.933s
user	0m0.016s
sys	0m0.109s
parse error: Invalid numeric literal at line 1, column 10
03/05/21 02:07:24 281369200  1614881244 secretPin: 
[WARN] get secretPin error

03/05/21 02:07:24 521269800  1614881244 肥鹅签到艾美特京东自营官方旗舰店

real	0m0.750s
user	0m0.047s
sys	0m0.078s
parse error: Invalid numeric literal at line 1, column 10
parse error: Invalid numeric literal at line 1, column 10
parse error: Invalid numeric literal at line 1, column 10
parse error: Invalid numeric literal at line 1, column 10
parse error: Invalid numeric literal at line 1, column 10
03/05/21 02:07:28 592592700 1614881248

real	0m2.805s
user	0m0.000s
sys	0m0.031s

real	0m0.814s
user	0m0.031s
sys	0m0.047s
[WARN] get LZ_TOKEN error
03/05/21 02:07:33 086811300  1614881253
use pt_key

real	0m0.976s
user	0m0.109s
sys	0m0.094s
03/05/21 02:07:34 288126100  1614881254 token: AAFgQSHlADDQMEKxc2_PADmosKTqebr_TYCLQBCeRSlEnpwhqsGk0YOvYuhqQ2Z8_7LyG-gj5oo

real	0m0.982s
user	0m0.031s
sys	0m0.141s
parse error: Invalid numeric literal at line 1, column 10
03/05/21 02:07:36 191275400  1614881256 secretPin: 
[WARN] get secretPin error

03/05/21 02:07:36 488948100  1614881256 肥鹅签到艾美特京东自营官方旗舰店

real	0m0.771s
user	0m0.016s
sys	0m0.125s
parse error: Invalid numeric literal at line 1, column 10
parse error: Invalid numeric literal at line 1, column 10
parse error: Invalid numeric literal at line 1, column 10
parse error: Invalid numeric literal at line 1, column 10
parse error: Invalid numeric literal at line 1, column 10
03/05/21 02:07:41 513826400 1614881261

real	0m3.017s
user	0m0.000s
sys	0m0.047s

real	0m0.973s
user	0m0.016s
sys	0m0.109s
[WARN] get LZ_TOKEN error
03/05/21 02:07:46 215104900  1614881266
use pt_key

real	0m1.291s
user	0m0.125s
sys	0m0.125s
03/05/21 02:07:47 809092800  1614881267 token: AAFgQSHzADCx3KIKXG63eNcNN5M_wUqWaxEarhhnwPjkRhOmUPbLnEI306HKb9KL4qqLthmfCcI

real	0m0.855s
user	0m0.016s
sys	0m0.094s
parse error: Invalid numeric literal at line 1, column 10
03/05/21 02:07:49 880213200  1614881269 secretPin: 
[WARN] get secretPin error

03/05/21 02:07:50 249525700  1614881270 肥鹅签到艾美特京东自营官方旗舰店

real	0m0.868s
user	0m0.016s
sys	0m0.063s
parse error: Invalid numeric literal at line 1, column 10
parse error: Invalid numeric literal at line 1, column 10
parse error: Invalid numeric literal at line 1, column 10
parse error: Invalid numeric literal at line 1, column 10
parse error: Invalid numeric literal at line 1, column 10
03/05/21 02:07:54 274770100 1614881274

real	0m3.362s
user	0m0.000s
sys	0m0.078s

real	0m0.889s
user	0m0.031s
sys	0m0.094s
[WARN] get LZ_TOKEN error
03/05/21 02:07:59 165810600  1614881279
use pt_key

real	0m1.054s
user	0m0.078s
sys	0m0.094s
03/05/21 02:08:00 538360900  1614881280 token: AAFgQSIAADAigQU1mncbLXxm6n54uYLOFvTXvo_A0FOeuksFmL87h2wKoLoqnEvUVQesDxjuDfE

real	0m1.152s
user	0m0.031s
sys	0m0.047s
parse error: Invalid numeric literal at line 1, column 10
03/05/21 02:08:02 876383600  1614881282 secretPin: 
[WARN] get secretPin error

03/05/21 02:08:03 046073700  1614881283 肥鹅签到艾美特京东自营官方旗舰店

real	0m0.796s
user	0m0.016s
sys	0m0.094s
parse error: Invalid numeric literal at line 1, column 10
parse error: Invalid numeric literal at line 1, column 10
parse error: Invalid numeric literal at line 1, column 10
parse error: Invalid numeric literal at line 1, column 10
parse error: Invalid numeric literal at line 1, column 10
03/05/21 02:08:07 074375600 1614881287

real	0m3.400s
user	0m0.000s
sys	0m0.016s

real	0m0.974s
user	0m0.016s
sys	0m0.094s
[WARN] get LZ_TOKEN error
03/05/21 02:08:12 168345000  1614881292
use pt_key

real	0m1.145s
user	0m0.109s
sys	0m0.063s
03/05/21 02:08:13 618870600  1614881293 token: AAFgQSINADA6CHKDobuomlRT6vLdskWI2DHY3IHvbwBKR06j20TRL1ZBtz9AakQolIHNo074FAY

real	0m1.095s
user	0m0.016s
sys	0m0.078s
parse error: Invalid numeric literal at line 1, column 10
03/05/21 02:08:16 058559600  1614881296 secretPin: 
[WARN] get secretPin error

03/05/21 02:08:16 268249000  1614881296 肥鹅签到艾美特京东自营官方旗舰店

real	0m0.524s
user	0m0.031s
sys	0m0.078s
parse error: Invalid numeric literal at line 1, column 10
parse error: Invalid numeric literal at line 1, column 10
parse error: Invalid numeric literal at line 1, column 10
parse error: Invalid numeric literal at line 1, column 10
parse error: Invalid numeric literal at line 1, column 10
03/05/21 02:08:19 199292700 1614881299

real	0m3.352s
user	0m0.000s
sys	0m0.047s

real	0m0.871s
user	0m0.031s
sys	0m0.109s
[WARN] get LZ_TOKEN error
03/05/21 02:08:24 068409600  1614881304
use pt_key

real	0m1.020s
user	0m0.109s
sys	0m0.094s
03/05/21 02:08:25 348834900  1614881305 token: AAFgQSIYADBU_xN8zHV3PYSKZ7V4R6EmoqOMofLXCmOELAkyIMpWU6tDj74YIJ1hht6Pvp4M3L8

real	0m1.048s
user	0m0.031s
sys	0m0.063s
parse error: Invalid numeric literal at line 1, column 10
03/05/21 02:08:27 739421700  1614881307 secretPin: 
[WARN] get secretPin error

03/05/21 02:08:28 004797800  1614881308 肥鹅签到艾美特京东自营官方旗舰店

real	0m0.712s
user	0m0.047s
sys	0m0.094s
parse error: Invalid numeric literal at line 1, column 10
parse error: Invalid numeric literal at line 1, column 10
parse error: Invalid numeric literal at line 1, column 10
parse error: Invalid numeric literal at line 1, column 10
parse error: Invalid numeric literal at line 1, column 10
03/05/21 02:08:31 113290700 1614881311

real	0m3.785s
user	0m0.016s
sys	0m0.000s

real	0m0.994s
user	0m0.031s
sys	0m0.078s
[WARN] get LZ_TOKEN error
03/05/21 02:08:36 668038400  1614881316
use pt_key

real	0m0.938s
user	0m0.141s
sys	0m0.109s
03/05/21 02:08:37 801477100  1614881317 token: AAFgQSIlADCOw7iyBQOl3J-IGr7A8_f2R0Z3ipXcHPZGiyjik6jNeiNFKpIBIP26Uykw23anRi4

real	0m0.751s
user	0m0.016s
sys	0m0.094s
parse error: Invalid numeric literal at line 1, column 10
03/05/21 02:08:40 722343000  1614881320 secretPin: 
[WARN] get secretPin error

03/05/21 02:08:41 076208400  1614881321 肥鹅签到艾美特京东自营官方旗舰店

real	0m1.088s
user	0m0.016s
sys	0m0.109s
parse error: Invalid numeric literal at line 1, column 10
parse error: Invalid numeric literal at line 1, column 10
parse error: Invalid numeric literal at line 1, column 10
parse error: Invalid numeric literal at line 1, column 10
parse error: Invalid numeric literal at line 1, column 10
03/05/21 02:08:46 065250900 1614881326

real	0m3.949s
user	0m0.000s
sys	0m0.047s

real	0m1.186s
user	0m0.047s
sys	0m0.078s
[WARN] get LZ_TOKEN error
03/05/21 02:08:51 903494000  1614881331
use pt_key

real	0m1.003s
user	0m0.078s
sys	0m0.172s
03/05/21 02:08:53 292597900  1614881333 token: AAFgQSI0ADAs4Bij493-RdNfZX8WgwKl9denE02mrLYHhm4TI4GSkFtRndj-1GT8N10CN9vycaE

real	0m0.834s
user	0m0.047s
sys	0m0.078s
parse error: Invalid numeric literal at line 1, column 10
03/05/21 02:08:55 283827400  1614881335 secretPin: 
[WARN] get secretPin error

03/05/21 02:08:55 501556200  1614881335 肥鹅签到艾美特京东自营官方旗舰店

real	0m0.930s
user	0m0.047s
sys	0m0.094s
parse error: Invalid numeric literal at line 1, column 10
parse error: Invalid numeric literal at line 1, column 10
parse error: Invalid numeric literal at line 1, column 10
parse error: Invalid numeric literal at line 1, column 10
parse error: Invalid numeric literal at line 1, column 10
03/05/21 02:09:00 476610300 1614881340

real	0m4.150s
user	0m0.000s
sys	0m0.031s

real	0m0.925s
user	0m0.047s
sys	0m0.063s
[WARN] get LZ_TOKEN error
03/05/21 02:09:05 983266100  1614881345
use pt_key

real	0m0.840s
user	0m0.109s
sys	0m0.109s
03/05/21 02:09:07 096490300  1614881347 token: AAFgQSJCADAVe4L6un9Rpfnx4dJ_DUPD2vLq-GMeILKQPTAtic1xqHiQUi3TszqlteKsg-AzAls

real	0m0.613s
user	0m0.047s
sys	0m0.094s
parse error: Invalid numeric literal at line 1, column 10
03/05/21 02:09:08 344391600  1614881348 secretPin: 
[WARN] get secretPin error

03/05/21 02:09:08 478560200  1614881348 肥鹅签到艾美特京东自营官方旗舰店

real	0m0.512s
user	0m0.016s
sys	0m0.078s
parse error: Invalid numeric literal at line 1, column 10
parse error: Invalid numeric literal at line 1, column 10
parse error: Invalid numeric literal at line 1, column 10
parse error: Invalid numeric literal at line 1, column 10
parse error: Invalid numeric literal at line 1, column 10
03/05/21 02:09:12 283654200 1614881352

real	0m4.295s
user	0m0.000s
sys	0m0.031s

real	0m0.863s
user	0m0.031s
sys	0m0.094s
[WARN] get LZ_TOKEN error
03/05/21 02:09:18 087786900  1614881358
use pt_key

real	0m0.880s
user	0m0.047s
sys	0m0.141s
03/05/21 02:09:19 171897500  1614881359 token: AAFgQSJOADCeBpWH3xfNqtDVctJO-2Ba2IyHerqtESNBInC6H6Fn6daSSxQryxjpBolwcGGPg9A

real	0m0.900s
user	0m0.016s
sys	0m0.125s
parse error: Invalid numeric literal at line 1, column 10
03/05/21 02:09:20 937586300  1614881360 secretPin: 
[WARN] get secretPin error

03/05/21 02:09:21 191109000  1614881361 肥鹅签到艾美特京东自营官方旗舰店

real	0m0.636s
user	0m0.063s
sys	0m0.078s
parse error: Invalid numeric literal at line 1, column 10
parse error: Invalid numeric literal at line 1, column 10
parse error: Invalid numeric literal at line 1, column 10
parse error: Invalid numeric literal at line 1, column 10
parse error: Invalid numeric literal at line 1, column 10
03/05/21 02:09:24 123940300 1614881364

real	0m4.395s
user	0m0.000s
sys	0m0.047s

real	0m0.225s
user	0m0.047s
sys	0m0.109s
[WARN] get LZ_TOKEN error
03/05/21 02:09:28 791174000  1614881368
use pt_key

real	0m0.221s
user	0m0.141s
sys	0m0.063s
03/05/21 02:09:29 056087500  1614881369 token: AAFgQSJZADA6YRp_xSmfTUuDhhwi8gN1347vb_U_oTkinjDP_u1ACbcqaQNSgyiTuX2cIX2Dx6A

real	0m0.223s
user	0m0.078s
sys	0m0.078s
parse error: Invalid numeric literal at line 1, column 10
03/05/21 02:09:29 500893000  1614881369 secretPin: 
[WARN] get secretPin error

03/05/21 02:09:29 542234600  1614881369 肥鹅签到艾美特京东自营官方旗舰店

real	0m0.273s
user	0m0.031s
sys	0m0.031s
parse error: Invalid numeric literal at line 1, column 10
parse error: Invalid numeric literal at line 1, column 10
parse error: Invalid numeric literal at line 1, column 10
parse error: Invalid numeric literal at line 1, column 10
parse error: Invalid numeric literal at line 1, column 10
03/05/21 02:09:30 658635400 1614881370

real	0m4.099s
user	0m0.016s
sys	0m0.000s
03/05/21 02:11:49 910574200  1614881509
parse error: Invalid numeric literal at line 1, column 10
签到是否成功解析失败. 不再写/home/myid/jd/jd_signup/lzkj_sevenDay_vender/shop_1614776892_3

肥鹅签到艾美特京东自营官方旗舰店查看结果, 活动规则


#店铺名称
vendername="艾美特京东自营官方旗舰店"
#店铺激活码
actId="dc7d745e3f4d45e9ab7638d36fd43f32"
#店铺id
venderId="1000001414"
#长链接
url="https://lzkj-isv.isvjcloud.com/sign/sevenDay/signActivity?activityId=dc7d745e3f4d45e9ab7638d36fd43f32&venderId=1000001414&adsource=tg_storePage"

startTime=1614050220
endTime=1617206340
# 活动时间：2021-02-23 11:17 - 2021-03-31 23:59；
# 奖励说明：
actRule="
7天签到
连续签到1天：1京豆
连续签到2天：2京豆
连续签到3天：3京豆
连续签到4天：20元优惠券
连续签到5天：4京豆
连续签到6天：100店铺积分
连续签到7天：50元优惠券
"
#肥鹅 jd_4d651d9e48204 sign_res
sign_num="2"
giftName=""2京豆""
giftRes="ok"
giftDate="20210304"
sign_res_info="7天签到 第 2 天
当天签到奖励 ["2京豆"]"
#肥鹅 jd_4d651d9e48204 sign_res_end
#王 1309893722-164885 sign_res
sign_num="2"
giftName=""2京豆""
giftRes="ok"
giftDate="20210304"
sign_res_info="7天签到 第 2 天
当天签到奖励 ["2京豆"]"
#王 1309893722-164885 sign_res_end
#赵 122294312-396444 sign_res
sign_num="2"
giftName=""2京豆""
giftRes="ok"
giftDate="20210304"
sign_res_info="7天签到 第 2 天
当天签到奖励 ["2京豆"]"
#赵 122294312-396444 sign_res_end
#移动 jd_OeTNobRVGiNZ sign_res
sign_num="0"
giftName=""
giftRes=""
giftDate="20210305"
sign_res_info="7天签到 第 0 天
当天签到奖励 []"
#移动 jd_OeTNobRVGiNZ sign_res_end
