03/05/21 01:08:14 528795900  1614877694
RANDOM_num: 30
removed '/tmp/tmp.XMlpowOEki'
03/05/21 01:08:14 628293300  1614877694 检查jd_4d651d9e48204签到
removed '/tmp/tmp.GLqiOmvDyR'
03/05/21 01:08:14 708713400  1614877694 检查jd_OeTNobRVGiNZ签到

03/05/21 01:08:14 756651900  1614877694 肥鹅签到寅书母婴官方旗舰店

real	0m0.205s
user	0m0.016s
sys	0m0.078s
{"code":200,"data":[{"level":0,"prizeList":[{"discount":1.00,"type":4,"number":10000,"budgetNum":10000,"userPirzeStatus":2,"class":"com.jd.interact.center.client.api.user.domain.InteractUserPrize","status":2}],"signType":0,"class":"com.jd.interact.center.client.api.color.domain.sign.ShopSignInteractUserPrizeRule","userPrizeRuleStatus":2}],"class":"com.jd.interact.center.client.api.common.param.Results","success":true}

03/05/21 01:08:15 033171700  1614877695 移动签到寅书母婴官方旗舰店

real	0m0.137s
user	0m0.016s
sys	0m0.094s
{"code":200,"data":[],"class":"com.jd.interact.center.client.api.common.param.Results","success":true}
03/05/21 01:08:15 262645600 1614877695
03/05/21 01:08:15 275005600 1614877695 签到寅书母婴官方旗舰店完成

03/05/21 01:08:45 304655000  1614877725
肥鹅签到寅书母婴官方旗舰店查看结果
200
首次签到成功. 写入giftName: 奖励 1, type=4; 

***********************************************
2021/03/01_22:35:17  2    [已~签~到]
2021/03/02_01:08:38  2    [已~签~到]
2021/03/03_00:00:00  2    [已~签~到]
2021/03/04_00:00:01  2    [已~签~到]
2021/03/05_01:08:14  1    [已~签~到]
2021/03/06_00:00:00  3    未签到
2021/03/07_00:00:00  3    未签到
2021/03/08_00:00:00  3    未签到
2021/03/09_00:00:00  3    未签到
2021/03/10_00:00:00  3    未签到
2021/03/11_00:00:00  3    未签到
2021/03/12_00:00:00  3    未签到
2021/03/13_00:00:00  3    未签到
2021/03/14_00:00:00  3    未签到
2021/03/15_00:00:00  3    未签到
当天签到奖励 [奖励 1, type=4; ]
已签到 5 天
***********************************************

移动签到寅书母婴官方旗舰店查看结果
200
首次签到成功. 写入giftName: 

***********************************************
2021/03/01_00:00:00  2    未签到
2021/03/02_01:08:38  2    [已~签~到]
2021/03/03_00:00:01  2    [已~签~到]
2021/03/04_00:00:03  2    [已~签~到]
2021/03/05_01:08:15  1    [已~签~到]
2021/03/06_00:00:00  3    未签到
2021/03/07_00:00:00  3    未签到
2021/03/08_00:00:00  3    未签到
2021/03/09_00:00:00  3    未签到
2021/03/10_00:00:00  3    未签到
2021/03/11_00:00:00  3    未签到
2021/03/12_00:00:00  3    未签到
2021/03/13_00:00:00  3    未签到
2021/03/14_00:00:00  3    未签到
2021/03/15_00:00:00  3    未签到
当天签到奖励 []
已签到 4 天
***********************************************



肥鹅签到寅书母婴官方旗舰店日志
{"code":200,"data":{"signRecords":[{"currentDay":2,"signTime":1614609317605,"signed":2,"class":"com.jd.interact.center.client.api.color.domain.sign.InteractActivityUserActionRecord"},{"currentDay":2,"signTime":1614618518163,"signed":2,"class":"com.jd.interact.center.client.api.color.domain.sign.InteractActivityUserActionRecord"},{"currentDay":2,"signTime":1614700800107,"signed":2,"class":"com.jd.interact.center.client.api.color.domain.sign.InteractActivityUserActionRecord"},{"currentDay":2,"signTime":1614787201976,"signed":2,"class":"com.jd.interact.center.client.api.color.domain.sign.InteractActivityUserActionRecord"},{"currentDay":1,"signTime":1614877694860,"signed":2,"class":"com.jd.interact.center.client.api.color.domain.sign.InteractActivityUserActionRecord"},{"currentDay":3,"signTime":1614960000000,"signed":1,"class":"com.jd.interact.center.client.api.color.domain.sign.InteractActivityUserActionRecord"},{"currentDay":3,"signTime":1615046400000,"signed":1,"class":"com.jd.interact.center.client.api.color.domain.sign.InteractActivityUserActionRecord"},{"currentDay":3,"signTime":1615132800000,"signed":1,"class":"com.jd.interact.center.client.api.color.domain.sign.InteractActivityUserActionRecord"},{"currentDay":3,"signTime":1615219200000,"signed":1,"class":"com.jd.interact.center.client.api.color.domain.sign.InteractActivityUserActionRecord"},{"currentDay":3,"signTime":1615305600000,"signed":1,"class":"com.jd.interact.center.client.api.color.domain.sign.InteractActivityUserActionRecord"},{"currentDay":3,"signTime":1615392000000,"signed":1,"class":"com.jd.interact.center.client.api.color.domain.sign.InteractActivityUserActionRecord"},{"currentDay":3,"signTime":1615478400000,"signed":1,"class":"com.jd.interact.center.client.api.color.domain.sign.InteractActivityUserActionRecord"},{"currentDay":3,"signTime":1615564800000,"signed":1,"class":"com.jd.interact.center.client.api.color.domain.sign.InteractActivityUserActionRecord"},{"currentDay":3,"signTime":1615651200000,"signed":1,"class":"com.jd.interact.center.client.api.color.domain.sign.InteractActivityUserActionRecord"},{"currentDay":3,"signTime":1615737600000,"signed":1,"class":"com.jd.interact.center.client.api.color.domain.sign.InteractActivityUserActionRecord"}],"days":5,"class":"com.jd.interact.center.client.api.color.domain.sign.ShopSignUserRecord"},"class":"com.jd.interact.center.client.api.common.param.Results","success":true}
{
  "contiSignNum": 5
}
移动签到寅书母婴官方旗舰店日志
{"code":200,"data":{"signRecords":[{"currentDay":2,"signTime":1614528000000,"signed":1,"class":"com.jd.interact.center.client.api.color.domain.sign.InteractActivityUserActionRecord"},{"currentDay":2,"signTime":1614618518469,"signed":2,"class":"com.jd.interact.center.client.api.color.domain.sign.InteractActivityUserActionRecord"},{"currentDay":2,"signTime":1614700801771,"signed":2,"class":"com.jd.interact.center.client.api.color.domain.sign.InteractActivityUserActionRecord"},{"currentDay":2,"signTime":1614787203937,"signed":2,"class":"com.jd.interact.center.client.api.color.domain.sign.InteractActivityUserActionRecord"},{"currentDay":1,"signTime":1614877695144,"signed":2,"class":"com.jd.interact.center.client.api.color.domain.sign.InteractActivityUserActionRecord"},{"currentDay":3,"signTime":1614960000000,"signed":1,"class":"com.jd.interact.center.client.api.color.domain.sign.InteractActivityUserActionRecord"},{"currentDay":3,"signTime":1615046400000,"signed":1,"class":"com.jd.interact.center.client.api.color.domain.sign.InteractActivityUserActionRecord"},{"currentDay":3,"signTime":1615132800000,"signed":1,"class":"com.jd.interact.center.client.api.color.domain.sign.InteractActivityUserActionRecord"},{"currentDay":3,"signTime":1615219200000,"signed":1,"class":"com.jd.interact.center.client.api.color.domain.sign.InteractActivityUserActionRecord"},{"currentDay":3,"signTime":1615305600000,"signed":1,"class":"com.jd.interact.center.client.api.color.domain.sign.InteractActivityUserActionRecord"},{"currentDay":3,"signTime":1615392000000,"signed":1,"class":"com.jd.interact.center.client.api.color.domain.sign.InteractActivityUserActionRecord"},{"currentDay":3,"signTime":1615478400000,"signed":1,"class":"com.jd.interact.center.client.api.color.domain.sign.InteractActivityUserActionRecord"},{"currentDay":3,"signTime":1615564800000,"signed":1,"class":"com.jd.interact.center.client.api.color.domain.sign.InteractActivityUserActionRecord"},{"currentDay":3,"signTime":1615651200000,"signed":1,"class":"com.jd.interact.center.client.api.color.domain.sign.InteractActivityUserActionRecord"},{"currentDay":3,"signTime":1615737600000,"signed":1,"class":"com.jd.interact.center.client.api.color.domain.sign.InteractActivityUserActionRecord"}],"days":4,"class":"com.jd.interact.center.client.api.color.domain.sign.ShopSignUserRecord"},"class":"com.jd.interact.center.client.api.common.param.Results","success":true}
{
  "contiSignNum": 4
}
# 短链接
suo_url=""
venderId=10424407
startTime=1614528000000
endTime=1615823999000
activityId=10281456
token=9E16AF6539DB0BDFE6ED00656ECD0B08
#店铺名称
vendername="寅书母婴官方旗舰店"
# 长链接
url=https://h5.m.jd.com/babelDiy/Zeus/2PAAf74aG3D61qvfKUM5dxUssJQ9/index.html?token=9E16AF6539DB0BDFE6ED00656ECD0B08
# 活动时间：2021.03.01 00:00:00 - 2021.03.15 23:59:59
# 奖励说明：
actRule="
每日签到：1京豆
连续签到3天：2京豆
"
#赵 122294312-396444 sign_res
sign_res="
signTime=1614609308;signed=2;currentDay=2
signTime=1614618504;signed=2;currentDay=2
signTime=1614700800;signed=2;currentDay=2
signTime=1614791693;signed=2;currentDay=2
signTime=1614877666;signed=2;currentDay=1
signTime=1614960000;signed=1;currentDay=3
signTime=1615046400;signed=1;currentDay=3
signTime=1615132800;signed=1;currentDay=3
signTime=1615219200;signed=1;currentDay=3
signTime=1615305600;signed=1;currentDay=3
signTime=1615392000;signed=1;currentDay=3
signTime=1615478400;signed=1;currentDay=3
signTime=1615564800;signed=1;currentDay=3
signTime=1615651200;signed=1;currentDay=3
signTime=1615737600;signed=1;currentDay=3"
sign_num="5"
giftName="奖励 1, type=4; "
giftRes="ok"
giftDate="20210305"
sign_res_info="
2021/03/01_22:35:08  2    [已~签~到]
2021/03/02_01:08:24  2    [已~签~到]
2021/03/03_00:00:00  2    [已~签~到]
2021/03/04_01:14:53  2    [已~签~到]
2021/03/05_01:07:46  1    [已~签~到]
2021/03/06_00:00:00  3    未签到
2021/03/07_00:00:00  3    未签到
2021/03/08_00:00:00  3    未签到
2021/03/09_00:00:00  3    未签到
2021/03/10_00:00:00  3    未签到
2021/03/11_00:00:00  3    未签到
2021/03/12_00:00:00  3    未签到
2021/03/13_00:00:00  3    未签到
2021/03/14_00:00:00  3    未签到
2021/03/15_00:00:00  3    未签到
当天签到奖励 [奖励 1, type=4; ]
已签到 5 天"
#赵 122294312-396444 sign_res_end
#王 1309893722-164885 sign_res
sign_res="
signTime=1614609308;signed=2;currentDay=2
signTime=1614618504;signed=2;currentDay=2
signTime=1614700801;signed=2;currentDay=2
signTime=1614791694;signed=2;currentDay=2
signTime=1614877666;signed=2;currentDay=1
signTime=1614960000;signed=1;currentDay=3
signTime=1615046400;signed=1;currentDay=3
signTime=1615132800;signed=1;currentDay=3
signTime=1615219200;signed=1;currentDay=3
signTime=1615305600;signed=1;currentDay=3
signTime=1615392000;signed=1;currentDay=3
signTime=1615478400;signed=1;currentDay=3
signTime=1615564800;signed=1;currentDay=3
signTime=1615651200;signed=1;currentDay=3
signTime=1615737600;signed=1;currentDay=3"
sign_num="5"
giftName="奖励 1, type=4; "
giftRes="ok"
giftDate="20210305"
sign_res_info="
2021/03/01_22:35:08  2    [已~签~到]
2021/03/02_01:08:24  2    [已~签~到]
2021/03/03_00:00:01  2    [已~签~到]
2021/03/04_01:14:54  2    [已~签~到]
2021/03/05_01:07:46  1    [已~签~到]
2021/03/06_00:00:00  3    未签到
2021/03/07_00:00:00  3    未签到
2021/03/08_00:00:00  3    未签到
2021/03/09_00:00:00  3    未签到
2021/03/10_00:00:00  3    未签到
2021/03/11_00:00:00  3    未签到
2021/03/12_00:00:00  3    未签到
2021/03/13_00:00:00  3    未签到
2021/03/14_00:00:00  3    未签到
2021/03/15_00:00:00  3    未签到
当天签到奖励 [奖励 1, type=4; ]
已签到 5 天"
#王 1309893722-164885 sign_res_end
#肥鹅 jd_4d651d9e48204 sign_res
sign_res="
signTime=1614609317;signed=2;currentDay=2
signTime=1614618518;signed=2;currentDay=2
signTime=1614700800;signed=2;currentDay=2
signTime=1614787201;signed=2;currentDay=2
signTime=1614877694;signed=2;currentDay=1
signTime=1614960000;signed=1;currentDay=3
signTime=1615046400;signed=1;currentDay=3
signTime=1615132800;signed=1;currentDay=3
signTime=1615219200;signed=1;currentDay=3
signTime=1615305600;signed=1;currentDay=3
signTime=1615392000;signed=1;currentDay=3
signTime=1615478400;signed=1;currentDay=3
signTime=1615564800;signed=1;currentDay=3
signTime=1615651200;signed=1;currentDay=3
signTime=1615737600;signed=1;currentDay=3"
sign_num="5"
giftName="奖励 1, type=4; "
giftRes="ok"
giftDate="20210305"
sign_res_info="
2021/03/01_22:35:17  2    [已~签~到]
2021/03/02_01:08:38  2    [已~签~到]
2021/03/03_00:00:00  2    [已~签~到]
2021/03/04_00:00:01  2    [已~签~到]
2021/03/05_01:08:14  1    [已~签~到]
2021/03/06_00:00:00  3    未签到
2021/03/07_00:00:00  3    未签到
2021/03/08_00:00:00  3    未签到
2021/03/09_00:00:00  3    未签到
2021/03/10_00:00:00  3    未签到
2021/03/11_00:00:00  3    未签到
2021/03/12_00:00:00  3    未签到
2021/03/13_00:00:00  3    未签到
2021/03/14_00:00:00  3    未签到
2021/03/15_00:00:00  3    未签到
当天签到奖励 [奖励 1, type=4; ]
已签到 5 天"
#肥鹅 jd_4d651d9e48204 sign_res_end
#移动 jd_OeTNobRVGiNZ sign_res
sign_res="
signTime=1614528000;signed=1;currentDay=2
signTime=1614618518;signed=2;currentDay=2
signTime=1614700801;signed=2;currentDay=2
signTime=1614787203;signed=2;currentDay=2
signTime=1614877695;signed=2;currentDay=1
signTime=1614960000;signed=1;currentDay=3
signTime=1615046400;signed=1;currentDay=3
signTime=1615132800;signed=1;currentDay=3
signTime=1615219200;signed=1;currentDay=3
signTime=1615305600;signed=1;currentDay=3
signTime=1615392000;signed=1;currentDay=3
signTime=1615478400;signed=1;currentDay=3
signTime=1615564800;signed=1;currentDay=3
signTime=1615651200;signed=1;currentDay=3
signTime=1615737600;signed=1;currentDay=3"
sign_num="4"
giftName=""
giftRes="ok"
giftDate="20210305"
sign_res_info="
2021/03/01_00:00:00  2    未签到
2021/03/02_01:08:38  2    [已~签~到]
2021/03/03_00:00:01  2    [已~签~到]
2021/03/04_00:00:03  2    [已~签~到]
2021/03/05_01:08:15  1    [已~签~到]
2021/03/06_00:00:00  3    未签到
2021/03/07_00:00:00  3    未签到
2021/03/08_00:00:00  3    未签到
2021/03/09_00:00:00  3    未签到
2021/03/10_00:00:00  3    未签到
2021/03/11_00:00:00  3    未签到
2021/03/12_00:00:00  3    未签到
2021/03/13_00:00:00  3    未签到
2021/03/14_00:00:00  3    未签到
2021/03/15_00:00:00  3    未签到
当天签到奖励 []
已签到 4 天"
#移动 jd_OeTNobRVGiNZ sign_res_end
