04/03/21 04:03:49 747058100  1617393829
RANDOM_num: 10
removed '/tmp/tmp.kAHbh7ZLkD'
04/03/21 04:03:49 843193100  1617393829
肥鹅 今天已经签到过. 签到结果: ok  giftDate: 20210403
***********************************************
7天签到 第 2 天
当天签到奖励 [null]
***********************************************

#店铺名称
vendername="金士顿旗舰店"
#店铺激活码
actId="2cf713880b784064bf47427e7a1141f3"
#店铺id
venderId="798944"
#长链接
url="https://lzkj-isv.isvjcloud.com/sign/sevenDay/signActivity?activityId=2cf713880b784064bf47427e7a1141f3&venderId=798944&adsource=tg_storePage"

startTime=1616548320
endTime=1618070340
# 活动时间：2021-03-24 09:12 - 2021-04-10 23:59；
# 奖励说明：
actRule="
7天签到
连续签到1天：1京豆
连续签到2天：
连续签到3天：2京豆
连续签到4天：
连续签到5天：20元优惠券
连续签到6天：
连续签到7天：5京豆
"
#王 1309893722-164885 sign_res
sign_num="2"
giftName="null"
giftRes="ok"
giftDate="20210403"
sign_res_info="7天签到 第 2 天
当天签到奖励 [null]"
#王 1309893722-164885 sign_res_end
#肥鹅 jd_4d651d9e48204 sign_res
sign_num="2"
giftName="null"
giftRes="ok"
giftDate="20210403"
sign_res_info="7天签到 第 2 天
当天签到奖励 [null]"
#肥鹅 jd_4d651d9e48204 sign_res_end
#赵 122294312-396444 sign_res
sign_num="2"
giftName="null"
giftRes="ok"
giftDate="20210403"
sign_res_info="7天签到 第 2 天
当天签到奖励 [null]"
#赵 122294312-396444 sign_res_end
#移动 jd_OeTNobRVGiNZ sign_res
sign_num="0"
giftName=""
giftRes=""
giftDate="20210403"
sign_res_info="7天签到 第 0 天
当天签到奖励 []"
#移动 jd_OeTNobRVGiNZ sign_res_end
