02/28/21 02:01:51 643290300  1614448911
RANDOM_num: 35
removed '/tmp/tmp.SaNpNOD8Md'
02/28/21 02:01:51 752674500  1614448911 æ£€æŸ¥ç‹ç­¾åˆ°

real	0m0.263s
user	0m0.016s
sys	0m0.109s
lzkj-isv.isvjcloud.com	FALSE	/	FALSE	1614449512	LZ_TOKEN_VALUE	B0oH3vDY2bhHWuKbVaJ+XQ==
lzkj-isv.isvjcloud.com	FALSE	/	FALSE	1614449512	LZ_TOKEN_KEY	lztokenpagec50a2c82cd914b27bb445a40239a69b3
02/28/21 02:01:52 164266200  1614448912
use pt_key

real	0m0.156s
user	0m0.063s
sys	0m0.109s
02/28/21 02:01:52 340280700  1614448912 token: AAFgOokQADAoE-7iOZDQrsXcrrJVAm2yq4FtbLEfp82wROtgfe2gXtgTK-1DkbcRe2cI8Ef2wUE

real	0m0.296s
user	0m0.094s
sys	0m0.063s
02/28/21 02:01:52 655661300  1614448912 secretPin: 8zfoIjWIu/DcpxQNzAV7/oVPSWy1B8D+G4s+fJIFDfWHSnwnXFQKK9yQco/OGmHebU48Dr07k+7+k1UaXRbZKg==

02/28/21 02:01:52 672036500  1614448912 ç‹ç­¾åˆ°çº¢æ˜Ÿäº¬ä¸œè‡ªè¥å®˜æ–¹æ——èˆ°åº—

real	0m0.255s
user	0m0.047s
sys	0m0.047s
{
  "gift": null,
  "msg": "",
  "isOk": true,
  "isSend": null,
  "key": null
}
true
02/28/21 02:01:53 246336500 1614448913
02/28/21 02:01:53 261524200 1614448913 ç­¾åˆ°çº¢æ˜Ÿäº¬ä¸œè‡ªè¥å®˜æ–¹æ——èˆ°åº—å®Œæˆ
02/28/21 02:02:28 522158200  1614448948
true
é¦–æ¬¡ç­¾åˆ°æˆåŠŸ. å†™å…¥giftName: null
parse error: Invalid numeric literal at line 1, column 10
parse error: Invalid numeric literal at line 1, column 10

***********************************************

å½“å¤©ç­¾åˆ°å¥–åŠ± [null]
è¿ç»­ç­¾åˆ°  å¤©
ç­¾åˆ°æ€»å¤©æ•° 
***********************************************

ç‹ç­¾åˆ°çº¢æ˜Ÿäº¬ä¸œè‡ªè¥å®˜æ–¹æ——èˆ°åº—æŸ¥çœ‹ç»“æœ
<!DOCTYPE html>
<html>
 <head> 
  <title>äº¬ä¸œ</title> 
  <meta charset="utf-8" /> 
  <meta name="apple-mobile-web-app-capable" content="yes" /> 
  <meta name="viewport" content="width=device-width,initial-scale=1,user-scalable=no,maximum-scale=1,viewport-fit=cover" /> 
  <meta name="format-detection" content="telephone=no" /> 
  <meta name="x5-cache" content="enable" /> 
  <link rel="stylesheet" href="https://storage.360buyimg.com/babel/00162638/333378/production/dev/parser.1526555535098.css?t=20180517191236" /> 
  <style> img {
            opacity: 1 !important;
        } </style> 
  <link href="https://storage.360buyimg.com/babel/00170893/348321/production/dev/index.7320a380.css?t=20180802150952" rel="stylesheet" />
 </head> 
 <body style="background:#fff;" id="root"> 
  <div class="errorPage"> 
  </div> 
  <div class="placeholer"> 
  </div> 
  <script src="https://wl.jd.com/unify.min.js"></script> 
  <script type="text/javascript" src="https://storage.360buyimg.com/babel/00170893/348321/production/dev/index.0f8f4dba.js?t=20180802150952"></script> 
 </body>
</html>

parse error: Invalid numeric literal at line 1, column 10
[0;31;3mRUN  at {280:<--} ERROR CODE: 4[0m [0;31;3m[20210228 02:02:34] [ERROR] [0m

