04/01/21 01:07:05 547221500  1617210425
RANDOM_num: 30
removed '/tmp/tmp.wYD6g1TzvC'
04/01/21 01:07:05 657712900  1617210425 检查赵签到

real	0m0.167s
user	0m0.016s
sys	0m0.078s
lzkj-isv.isvjcloud.com	FALSE	/	FALSE	1617211025	LZ_TOKEN_VALUE	B0oH3vDY2bhHWuKbVaJ+XQ==
lzkj-isv.isvjcloud.com	FALSE	/	FALSE	1617211025	LZ_TOKEN_KEY	lztokenpage5888b75947304bccb399b55bea9ad97d
04/01/21 01:07:05 935785900  1617210425
use pt_key

real	0m0.133s
user	0m0.078s
sys	0m0.094s
04/01/21 01:07:06 084649400  1617210426 token: AAFgZKw5ADDJTMK8lbEU0lIWdj6cAR9xzLgcHpd6lbv3d22w5Wv14NfnllDLPq1K2fxbXmrJbN0

real	0m0.293s
user	0m0.016s
sys	0m0.063s
04/01/21 01:07:06 486193900  1617210426 secretPin: 51S2JqsypB/nfj45frYeoU7oeVP9kq2pYSH90mYt4m3fwcJlClpxrfmVYaGKuquQkdK3rLBQpEQH9V4tdrrh0w==

04/01/21 01:07:06 499291700  1617210426 赵签到大力智能京东自营旗舰店

real	0m0.192s
user	0m0.031s
sys	0m0.031s
{
  "msg": "该活动已经结束",
  "code": "-1",
  "isOk": false
}
活动已结束. /home/myid/jd/jd_signup/vender/shop_1615126518_0_delay --> /home/myid/jd/jd_signup/vender/shop_1615126518_0_del
renamed '/home/myid/jd/jd_signup/vender/shop_1615126518_0_delay' -> '/home/myid/jd/jd_signup/vender/shop_1615126518_0_del'
04/01/21 01:07:36 968423000  1617210456

赵签到大力智能京东自营旗舰店查看结果
{"msg":"","code":"-1","isOk":false}

{
  "signDetail": null,
  "contiSignNum": null,
  "totalSignNum": null
}

大力智能京东自营旗舰店活动规则
{"msg":"","code":"-1","isOk":false}

{
  "actUrl": null,
  "shortUrl": null,
  "actRule": null
}
actId=a38e039e71164a6eb6d2626d64a4d980
venderId=1000330405
startTime=1614528000000
endTime=1617206399000
# 短链接
suo_url="https://3.cn/1016MGn-R"
actTimeStr="2021-03-01 00:00 至 2021-03-31 23:59"
#店铺名称
vendername="大力智能京东自营旗舰店"
# 长链接
url=https://lzkj-isv.isvjcloud.com/sign/signActivity2?activityId=a38e039e71164a6eb6d2626d64a4d980&venderId=1000330405
# 活动时间：2021.03.01 00:00:00 - 2021.03.31 23:59:59
# 奖励说明：
actRule="
连续签到5天：30积分 30积分
连续签到10天：5京豆 5京豆
连续签到15天：80积分 80积分
连续签到20天：10京豆 10京豆
连续签到25天：20京豆 20京豆
连续签到31天：赠送大力智能电子手写板
"
#赵 122294312-396444 sign_res
sign_res="
signTime=1615075200;signed=2
signTime=1615161600;signed=2
signTime=1615248000;signed=2
signTime=1615334400;signed=2
signTime=1615420800;signed=2
signTime=1615507200;signed=2
signTime=1615593600;signed=2
signTime=1615680000;signed=2
signTime=1615766400;signed=2
signTime=1615852800;signed=2
signTime=1615939200;signed=2
signTime=1616025600;signed=2
signTime=1616112000;signed=2
signTime=1616198400;signed=2
signTime=1616284800;signed=2
signTime=1616371200;signed=2
signTime=1616457600;signed=2
signTime=1616544000;signed=2
signTime=1616630400;signed=2
signTime=1616716800;signed=2
signTime=1616803200;signed=2
signTime=1616889600;signed=2
signTime=1616976000;signed=2
signTime=1617062400;signed=2
signTime=1617148800;signed=2"
sign_num="25"
sign_total_num="25"
giftName=""20京豆""
giftRes="ok"
giftDate="20210331"
sign_res_info="
2021/03/07_08:00:00  [已~签~到]      
2021/03/08_08:00:00  [已~签~到]      
2021/03/09_08:00:00  [已~签~到]      
2021/03/10_08:00:00  [已~签~到]      
2021/03/11_08:00:00  [已~签~到]      
2021/03/12_08:00:00  [已~签~到]      
2021/03/13_08:00:00  [已~签~到]      
2021/03/14_08:00:00  [已~签~到]      
2021/03/15_08:00:00  [已~签~到]      
2021/03/16_08:00:00  [已~签~到]      
2021/03/17_08:00:00  [已~签~到]      
2021/03/18_08:00:00  [已~签~到]      
2021/03/19_08:00:00  [已~签~到]      
2021/03/20_08:00:00  [已~签~到]      
2021/03/21_08:00:00  [已~签~到]      
2021/03/22_08:00:00  [已~签~到]      
2021/03/23_08:00:00  [已~签~到]      
2021/03/24_08:00:00  [已~签~到]      
2021/03/25_08:00:00  [已~签~到]      
2021/03/26_08:00:00  [已~签~到]      
2021/03/27_08:00:00  [已~签~到]      
2021/03/28_08:00:00  [已~签~到]      
2021/03/29_08:00:00  [已~签~到]      
2021/03/30_08:00:00  [已~签~到]      
2021/03/31_08:00:00  [已~签~到]      
当天签到奖励 ["20京豆"]
连续签到 25 天
签到总天数 25"
#赵 122294312-396444 sign_res_end
#王 1309893722-164885 sign_res
sign_res="
signTime=1615075200;signed=2
signTime=1615161600;signed=2
signTime=1615248000;signed=2
signTime=1615334400;signed=2
signTime=1615420800;signed=2
signTime=1615507200;signed=2
signTime=1615593600;signed=2
signTime=1615680000;signed=2
signTime=1615766400;signed=2
signTime=1615852800;signed=2
signTime=1615939200;signed=2
signTime=1616025600;signed=2
signTime=1616112000;signed=2
signTime=1616198400;signed=2
signTime=1616284800;signed=2
signTime=1616371200;signed=2
signTime=1616457600;signed=2
signTime=1616544000;signed=2
signTime=1616630400;signed=2
signTime=1616716800;signed=2
signTime=1616803200;signed=2
signTime=1616889600;signed=2
signTime=1616976000;signed=2
signTime=1617062400;signed=2
signTime=1617148800;signed=2"
sign_num="25"
sign_total_num="25"
giftName=""20京豆""
giftRes="ok"
giftDate="20210331"
sign_res_info="
2021/03/07_08:00:00  [已~签~到]      
2021/03/08_08:00:00  [已~签~到]      
2021/03/09_08:00:00  [已~签~到]      
2021/03/10_08:00:00  [已~签~到]      
2021/03/11_08:00:00  [已~签~到]      
2021/03/12_08:00:00  [已~签~到]      
2021/03/13_08:00:00  [已~签~到]      
2021/03/14_08:00:00  [已~签~到]      
2021/03/15_08:00:00  [已~签~到]      
2021/03/16_08:00:00  [已~签~到]      
2021/03/17_08:00:00  [已~签~到]      
2021/03/18_08:00:00  [已~签~到]      
2021/03/19_08:00:00  [已~签~到]      
2021/03/20_08:00:00  [已~签~到]      
2021/03/21_08:00:00  [已~签~到]      
2021/03/22_08:00:00  [已~签~到]      
2021/03/23_08:00:00  [已~签~到]      
2021/03/24_08:00:00  [已~签~到]      
2021/03/25_08:00:00  [已~签~到]      
2021/03/26_08:00:00  [已~签~到]      
2021/03/27_08:00:00  [已~签~到]      
2021/03/28_08:00:00  [已~签~到]      
2021/03/29_08:00:00  [已~签~到]      
2021/03/30_08:00:00  [已~签~到]      
2021/03/31_08:00:00  [已~签~到]      
当天签到奖励 ["20京豆"]
连续签到 25 天
签到总天数 25"
#王 1309893722-164885 sign_res_end
#肥鹅 jd_4d651d9e48204 sign_res
sign_res="
signTime=1615075200;signed=2
signTime=1615161600;signed=2
signTime=1615248000;signed=2
signTime=1615334400;signed=2
signTime=1615420800;signed=2
signTime=1615507200;signed=2
signTime=1615593600;signed=2
signTime=1615680000;signed=2
signTime=1615766400;signed=2
signTime=1615852800;signed=2
signTime=1615939200;signed=2
signTime=1616025600;signed=2
signTime=1616112000;signed=2
signTime=1616198400;signed=2
signTime=1616284800;signed=2
signTime=1616371200;signed=2
signTime=1616457600;signed=2
signTime=1616544000;signed=2
signTime=1616630400;signed=2
signTime=1616716800;signed=2
signTime=1616803200;signed=2
signTime=1616889600;signed=2
signTime=1616976000;signed=2
signTime=1617062400;signed=2
signTime=1617148800;signed=2"
sign_num="25"
sign_total_num="25"
giftName=""20京豆""
giftRes="ok"
giftDate="20210331"
sign_res_info="
2021/03/07_08:00:00  [已~签~到]      
2021/03/08_08:00:00  [已~签~到]      
2021/03/09_08:00:00  [已~签~到]      
2021/03/10_08:00:00  [已~签~到]      
2021/03/11_08:00:00  [已~签~到]      
2021/03/12_08:00:00  [已~签~到]      
2021/03/13_08:00:00  [已~签~到]      
2021/03/14_08:00:00  [已~签~到]      
2021/03/15_08:00:00  [已~签~到]      
2021/03/16_08:00:00  [已~签~到]      
2021/03/17_08:00:00  [已~签~到]      
2021/03/18_08:00:00  [已~签~到]      
2021/03/19_08:00:00  [已~签~到]      
2021/03/20_08:00:00  [已~签~到]      
2021/03/21_08:00:00  [已~签~到]      
2021/03/22_08:00:00  [已~签~到]      
2021/03/23_08:00:00  [已~签~到]      
2021/03/24_08:00:00  [已~签~到]      
2021/03/25_08:00:00  [已~签~到]      
2021/03/26_08:00:00  [已~签~到]      
2021/03/27_08:00:00  [已~签~到]      
2021/03/28_08:00:00  [已~签~到]      
2021/03/29_08:00:00  [已~签~到]      
2021/03/30_08:00:00  [已~签~到]      
2021/03/31_08:00:00  [已~签~到]      
当天签到奖励 ["20京豆"]
连续签到 25 天
签到总天数 25"
#肥鹅 jd_4d651d9e48204 sign_res_end
#移动 jd_OeTNobRVGiNZ sign_res
sign_res="
"
sign_num="0"
sign_total_num="0"
giftName=""
giftRes=""
giftDate="20210331"
sign_res_info="

当天签到奖励 []
连续签到 0 天
签到总天数 0"
#移动 jd_OeTNobRVGiNZ sign_res_end
