02/28/21 01:12:16 279121900  1614445936
RANDOM_num: 40
removed '/tmp/tmp.EZ0JTPjlqq'
02/28/21 01:12:16 938101900  1614445936 æ£€æŸ¥è‚¥é¹…ç­¾åˆ°

real	0m0.252s
user	0m0.016s
sys	0m0.063s
[WARN] get LZ_TOKEN error
02/28/21 01:12:17 577830300  1614445937
use pt_key

real	0m0.324s
user	0m0.125s
sys	0m0.063s
02/28/21 01:12:18 057539300  1614445938 token: AAFgOn1xADBN_bpiwi6jVaA_M2g6iUx_q8J5fBYKQmOVC4Lld_kCYtGk4upqZHMOHNYglixeckg
parse error: Invalid numeric literal at line 1, column 10

real	0m0.432s
user	0m0.094s
sys	0m0.094s
02/28/21 01:12:18 559256900  1614445938 secretPin: 
[WARN] get secretPin error

02/28/21 01:12:18 704584100  1614445938 è‚¥é¹…ç­¾åˆ°çº¢æ˜Ÿäº¬ä¸œè‡ªè¥å®˜æ–¹æ——èˆ°åº—

real	0m0.483s
user	0m0.047s
sys	0m0.078s
parse error: Invalid numeric literal at line 1, column 10
parse error: Invalid numeric literal at line 1, column 10
parse error: Invalid numeric literal at line 1, column 10
parse error: Invalid numeric literal at line 1, column 10
02/28/21 01:12:20 390605200 1614445940

real	0m0.661s
user	0m0.016s
sys	0m0.078s

real	0m0.500s
user	0m0.031s
sys	0m0.078s
[WARN] get LZ_TOKEN error
02/28/21 01:12:21 807678200  1614445941
use pt_key

real	0m0.536s
user	0m0.094s
sys	0m0.109s
02/28/21 01:12:22 473680700  1614445942 token: AAFgOn12ADDjSCLORzzGcVJX22ilCXEG03Gc0K9mZMFx0q82l2hsRyLjZEl3jHPoE8LkRnoFvtU
parse error: Invalid numeric literal at line 1, column 10

real	0m0.654s
user	0m0.109s
sys	0m0.109s
02/28/21 01:12:23 282788700  1614445943 secretPin: 
[WARN] get secretPin error

02/28/21 01:12:23 419740100  1614445943 è‚¥é¹…ç­¾åˆ°çº¢æ˜Ÿäº¬ä¸œè‡ªè¥å®˜æ–¹æ——èˆ°åº—

real	0m0.475s
user	0m0.063s
sys	0m0.078s
parse error: Invalid numeric literal at line 1, column 10
parse error: Invalid numeric literal at line 1, column 10
parse error: Invalid numeric literal at line 1, column 10
parse error: Invalid numeric literal at line 1, column 10
02/28/21 01:12:25 522660900 1614445945

real	0m0.935s
user	0m0.000s
sys	0m0.063s

real	0m0.864s
user	0m0.016s
sys	0m0.094s
[WARN] get LZ_TOKEN error
02/28/21 01:12:27 648256700  1614445947
use pt_key

real	0m0.872s
user	0m0.063s
sys	0m0.094s
02/28/21 01:12:28 713161100  1614445948 token: AAFgOn18ADAOLmL30OseU67TlkMrE3Y5ECCP3hSQpHjohQZBAocrfYo64kBpZcgOQ8lkF1l7SvE
parse error: Invalid numeric literal at line 1, column 10

real	0m0.882s
user	0m0.125s
sys	0m0.078s
02/28/21 01:12:29 882812400  1614445949 secretPin: 
[WARN] get secretPin error

02/28/21 01:12:30 135169800  1614445950 è‚¥é¹…ç­¾åˆ°çº¢æ˜Ÿäº¬ä¸œè‡ªè¥å®˜æ–¹æ——èˆ°åº—

real	0m0.653s
user	0m0.031s
sys	0m0.078s
parse error: Invalid numeric literal at line 1, column 10
parse error: Invalid numeric literal at line 1, column 10
parse error: Invalid numeric literal at line 1, column 10
parse error: Invalid numeric literal at line 1, column 10
02/28/21 01:12:33 406750000 1614445953

real	0m1.385s
user	0m0.000s
sys	0m0.047s

real	0m1.840s
user	0m0.000s
sys	0m0.063s
[WARN] get LZ_TOKEN error
02/28/21 01:12:36 987760900  1614445956
use pt_key

real	0m0.723s
user	0m0.109s
sys	0m0.094s
02/28/21 01:12:38 159298200  1614445958 token: AAFgOn2FADDAPwnDXf0py22ZtjC0Qdr6MPCwOZewF80F2fP56FdGj0Yplr2Bjw41iiqXk3r18FA
parse error: Invalid numeric literal at line 1, column 10

real	0m1.029s
user	0m0.109s
sys	0m0.094s
02/28/21 01:12:39 501019600  1614445959 secretPin: 
[WARN] get secretPin error

02/28/21 01:12:39 649992400  1614445959 è‚¥é¹…ç­¾åˆ°çº¢æ˜Ÿäº¬ä¸œè‡ªè¥å®˜æ–¹æ——èˆ°åº—

real	0m0.592s
user	0m0.047s
sys	0m0.063s
parse error: Invalid numeric literal at line 1, column 10
parse error: Invalid numeric literal at line 1, column 10
parse error: Invalid numeric literal at line 1, column 10
parse error: Invalid numeric literal at line 1, column 10
02/28/21 01:12:42 438578100 1614445962

real	0m1.538s
user	0m0.000s
sys	0m0.047s

real	0m0.875s
user	0m0.031s
sys	0m0.063s
[WARN] get LZ_TOKEN error
02/28/21 01:12:45 414988800  1614445965
use pt_key

real	0m0.953s
user	0m0.094s
sys	0m0.094s
02/28/21 01:12:46 620422300  1614445966 token: AAFgOn2OADDUTSWQ-Jb5odRHKx_Hbtr9gQBvmyDZpii2T-MrkUI1yhGl49V5CvM33qYh7zV9a84
parse error: Invalid numeric literal at line 1, column 10

real	0m1.661s
user	0m0.109s
sys	0m0.109s
02/28/21 01:12:48 482097100  1614445968 secretPin: 
[WARN] get secretPin error

02/28/21 01:12:48 797456500  1614445968 è‚¥é¹…ç­¾åˆ°çº¢æ˜Ÿäº¬ä¸œè‡ªè¥å®˜æ–¹æ——èˆ°åº—

real	0m1.032s
user	0m0.016s
sys	0m0.094s
parse error: Invalid numeric literal at line 1, column 10
parse error: Invalid numeric literal at line 1, column 10
parse error: Invalid numeric literal at line 1, column 10
parse error: Invalid numeric literal at line 1, column 10
02/28/21 01:12:53 537249800 1614445973

real	0m1.808s
user	0m0.000s
sys	0m0.031s

real	0m1.280s
user	0m0.047s
sys	0m0.078s
[WARN] get LZ_TOKEN error
02/28/21 01:12:57 476950300  1614445977
use pt_key

real	0m1.472s
user	0m0.078s
sys	0m0.094s
02/28/21 01:12:59 353212900  1614445979 token: AAFgOn2aADD_ytCgb-svif8vI30vS_r9_qyfgrIlO6alMStkYEbGdDwn6xUZUO5jkR0OnPDirQU
parse error: Invalid numeric literal at line 1, column 10

real	0m1.165s
user	0m0.109s
sys	0m0.094s
02/28/21 01:13:00 813251700  1614445980 secretPin: 
[WARN] get secretPin error

02/28/21 01:13:01 216102700  1614445981 è‚¥é¹…ç­¾åˆ°çº¢æ˜Ÿäº¬ä¸œè‡ªè¥å®˜æ–¹æ——èˆ°åº—

real	0m0.924s
user	0m0.016s
sys	0m0.109s
parse error: Invalid numeric literal at line 1, column 10
parse error: Invalid numeric literal at line 1, column 10
parse error: Invalid numeric literal at line 1, column 10
parse error: Invalid numeric literal at line 1, column 10
02/28/21 01:13:06 803829900 1614445986

real	0m2.334s
user	0m0.000s
sys	0m0.000s

real	0m1.654s
user	0m0.031s
sys	0m0.094s
[WARN] get LZ_TOKEN error
02/28/21 01:13:12 214060800  1614445992
use pt_key

real	0m1.700s
user	0m0.094s
sys	0m0.125s
02/28/21 01:13:14 325972900  1614445994 token: AAFgOn2pADD-bMA-jIS70FV2FzF3bBMsr8NegKrNYwVQJ1FVBJ96FxWRV175BMMEmah4jxTLYkQ
parse error: Invalid numeric literal at line 1, column 10

real	0m1.602s
user	0m0.094s
sys	0m0.078s
02/28/21 01:13:16 288466300  1614445996 secretPin: 
[WARN] get secretPin error

02/28/21 01:13:16 514326800  1614445996 è‚¥é¹…ç­¾åˆ°çº¢æ˜Ÿäº¬ä¸œè‡ªè¥å®˜æ–¹æ——èˆ°åº—

real	0m1.659s
user	0m0.016s
sys	0m0.094s
parse error: Invalid numeric literal at line 1, column 10
parse error: Invalid numeric literal at line 1, column 10
parse error: Invalid numeric literal at line 1, column 10
parse error: Invalid numeric literal at line 1, column 10
02/28/21 01:13:24 477342800 1614446004

real	0m2.678s
user	0m0.000s
sys	0m0.031s

real	0m1.399s
user	0m0.016s
sys	0m0.078s
[WARN] get LZ_TOKEN error
02/28/21 01:13:29 861683100  1614446009
use pt_key

real	0m2.336s
user	0m0.078s
sys	0m0.125s
02/28/21 01:13:32 674495400  1614446012 token: AAFgOn27ADDKhEigVt6VBXMLYSVOINgt6lIFRFrufF3kWXXrTJmM4Y_-oD1ofW_ArtwUy4bA6BU
parse error: Invalid numeric literal at line 1, column 10

real	0m3.078s
user	0m0.078s
sys	0m0.109s
02/28/21 01:13:36 023615800  1614446016 secretPin: 
[WARN] get secretPin error

02/28/21 01:13:36 688832100  1614446016 è‚¥é¹…ç­¾åˆ°çº¢æ˜Ÿäº¬ä¸œè‡ªè¥å®˜æ–¹æ——èˆ°åº—

real	0m1.466s
user	0m0.031s
sys	0m0.078s
parse error: Invalid numeric literal at line 1, column 10
parse error: Invalid numeric literal at line 1, column 10
parse error: Invalid numeric literal at line 1, column 10
parse error: Invalid numeric literal at line 1, column 10
02/28/21 01:13:44 663754400 1614446024

real	0m3.110s
user	0m0.000s
sys	0m0.047s

real	0m2.360s
user	0m0.031s
sys	0m0.078s
[WARN] get LZ_TOKEN error
02/28/21 01:13:51 895167400  1614446031
use pt_key

real	0m2.540s
user	0m0.125s
sys	0m0.078s
02/28/21 01:13:54 974242300  1614446034 token: AAFgOn3RADD6I4EyyccRwLsy6_7P2q-xPaEl7bo6IPtWEa2pCYUqu-5fKx6H1KLbkWwkQ7CK-0Q
parse error: Invalid numeric literal at line 1, column 10

real	0m2.955s
user	0m0.094s
sys	0m0.078s
02/28/21 01:13:58 533161000  1614446038 secretPin: 
[WARN] get secretPin error

02/28/21 01:13:59 086513900  1614446039 è‚¥é¹…ç­¾åˆ°çº¢æ˜Ÿäº¬ä¸œè‡ªè¥å®˜æ–¹æ——èˆ°åº—

real	0m2.022s
user	0m0.047s
sys	0m0.078s
parse error: Invalid numeric literal at line 1, column 10
parse error: Invalid numeric literal at line 1, column 10
parse error: Invalid numeric literal at line 1, column 10
parse error: Invalid numeric literal at line 1, column 10
02/28/21 01:14:10 274650400 1614446050

real	0m3.351s
user	0m0.000s
sys	0m0.000s

real	0m2.690s
user	0m0.047s
sys	0m0.078s
[WARN] get LZ_TOKEN error
02/28/21 01:14:20 077084500  1614446060
use pt_key

real	0m3.257s
user	0m0.047s
sys	0m0.141s
02/28/21 01:14:23 898880900  1614446063 token: AAFgOn3vADB1BV5GQyqYrdaAQYS1unackDKES9PH6sRZhmmyoLZGv61ctSNAmPUM9DeBdIblbhs
parse error: Invalid numeric literal at line 1, column 10

real	0m3.071s
user	0m0.109s
sys	0m0.094s
02/28/21 01:14:28 168141200  1614446068 secretPin: 
[WARN] get secretPin error

02/28/21 01:14:28 841220500  1614446068 è‚¥é¹…ç­¾åˆ°çº¢æ˜Ÿäº¬ä¸œè‡ªè¥å®˜æ–¹æ——èˆ°åº—

real	0m2.143s
user	0m0.031s
sys	0m0.063s
parse error: Invalid numeric literal at line 1, column 10
parse error: Invalid numeric literal at line 1, column 10
parse error: Invalid numeric literal at line 1, column 10
parse error: Invalid numeric literal at line 1, column 10
02/28/21 01:14:42 271320800 1614446082

real	0m3.919s
user	0m0.000s
sys	0m0.031s

real	0m1.795s
user	0m0.031s
sys	0m0.094s
[WARN] get LZ_TOKEN error
02/28/21 01:14:56 161053000  1614446096
use pt_key

real	0m2.383s
user	0m0.109s
sys	0m0.094s
02/28/21 01:14:59 079018400  1614446099 token: AAFgOn4SADD-idrd1dRfBlfqjRTOZxcNSkoQ0ePzZ-o0HKUj06mGnM0iwdphKUPccN-6A1wBBRM
parse error: Invalid numeric literal at line 1, column 10

real	0m2.982s
user	0m0.078s
sys	0m0.141s
02/28/21 01:15:02 688723100  1614446102 secretPin: 
[WARN] get secretPin error

02/28/21 01:15:03 976137600  1614446103 è‚¥é¹…ç­¾åˆ°çº¢æ˜Ÿäº¬ä¸œè‡ªè¥å®˜æ–¹æ——èˆ°åº—

real	0m2.200s
user	0m0.016s
sys	0m0.109s
parse error: Invalid numeric literal at line 1, column 10
parse error: Invalid numeric literal at line 1, column 10
parse error: Invalid numeric literal at line 1, column 10
parse error: Invalid numeric literal at line 1, column 10
02/28/21 01:15:14 353901700 1614446114

real	0m4.979s
user	0m0.000s
sys	0m0.031s

real	0m2.949s
user	0m0.047s
sys	0m0.063s
[WARN] get LZ_TOKEN error
02/28/21 01:15:25 361574800  1614446125
use pt_key

real	0m3.456s
user	0m0.078s
sys	0m0.078s
02/28/21 01:15:29 557125600  1614446129 token: AAFgOn4wADCwqNSE_FQ8GF_KHrjbO2DWU1T7QcWrem9ohKHK-bSfYgTLimRw67DzX8zXSbbtuCI
parse error: Invalid numeric literal at line 1, column 10

real	0m4.103s
user	0m0.078s
sys	0m0.156s
02/28/21 01:15:35 298829600  1614446135 secretPin: 
[WARN] get secretPin error

02/28/21 01:15:36 242802100  1614446136 è‚¥é¹…ç­¾åˆ°çº¢æ˜Ÿäº¬ä¸œè‡ªè¥å®˜æ–¹æ——èˆ°åº—

real	0m2.975s
user	0m0.031s
sys	0m0.094s
parse error: Invalid numeric literal at line 1, column 10
parse error: Invalid numeric literal at line 1, column 10
parse error: Invalid numeric literal at line 1, column 10
parse error: Invalid numeric literal at line 1, column 10
02/28/21 01:15:50 710020300 1614446150

real	0m4.457s
user	0m0.016s
sys	0m0.047s

real	0m1.967s
user	0m0.031s
sys	0m0.078s
[WARN] get LZ_TOKEN error
02/28/21 01:16:09 429361400  1614446169
use pt_key

real	0m2.435s
user	0m0.109s
sys	0m0.109s
02/28/21 01:16:12 428317000  1614446172 token: AAFgOn5bADD1Y6U6hILD74C7uWkDlEH9OKj0XYLPyn4OfWc_HkP8ls5h5muDVa6HkIu3Gbs2O3w
parse error: Invalid numeric literal at line 1, column 10

real	0m2.747s
user	0m0.109s
sys	0m0.125s
02/28/21 01:16:15 547679700  1614446175 secretPin: 
[WARN] get secretPin error

02/28/21 01:16:15 984511000  1614446175 è‚¥é¹…ç­¾åˆ°çº¢æ˜Ÿäº¬ä¸œè‡ªè¥å®˜æ–¹æ——èˆ°åº—

real	0m1.945s
user	0m0.000s
sys	0m0.078s
parse error: Invalid numeric literal at line 1, column 10
parse error: Invalid numeric literal at line 1, column 10
parse error: Invalid numeric literal at line 1, column 10
parse error: Invalid numeric literal at line 1, column 10
02/28/21 01:16:30 883892400 1614446190

real	0m4.466s
user	0m0.016s
sys	0m0.047s

real	0m3.383s
user	0m0.000s
sys	0m0.109s
[WARN] get LZ_TOKEN error
02/28/21 01:16:43 793000700  1614446203
use pt_key

real	0m2.778s
user	0m0.125s
sys	0m0.078s
02/28/21 01:16:48 751176000  1614446208 token: AAFgOn5_ADC8OIYNvh1r-5iRG8SxOASi8HIQ07rlJbH_-Ci_mJ8KuhewYKbQ6xe8RGkucNyxQzA
parse error: Invalid numeric literal at line 1, column 10

real	0m3.676s
user	0m0.078s
sys	0m0.125s
02/28/21 01:16:53 329757800  1614446213 secretPin: 
[WARN] get secretPin error

02/28/21 01:16:53 916374700  1614446213 è‚¥é¹…ç­¾åˆ°çº¢æ˜Ÿäº¬ä¸œè‡ªè¥å®˜æ–¹æ——èˆ°åº—

real	0m4.693s
user	0m0.031s
sys	0m0.063s
parse error: Invalid numeric literal at line 1, column 10
parse error: Invalid numeric literal at line 1, column 10
parse error: Invalid numeric literal at line 1, column 10
parse error: Invalid numeric literal at line 1, column 10
02/28/21 01:17:14 490349900 1614446234

real	0m5.451s
user	0m0.000s
sys	0m0.047s

real	0m4.471s
user	0m0.016s
sys	0m0.063s
[WARN] get LZ_TOKEN error
02/28/21 01:17:35 822725700  1614446255
use pt_key

real	0m2.959s
user	0m0.109s
sys	0m0.109s
02/28/21 01:17:39 330327900  1614446259 token: AAFgOn6yADAdZEci1FQMY7QgOstF62ibtTx6B3rDaa363Y9nnp_crcRwijtAxYQJMCFKAVB_3vg
parse error: Invalid numeric literal at line 1, column 10

real	0m3.475s
user	0m0.109s
sys	0m0.109s
02/28/21 01:17:43 496853400  1614446263 secretPin: 
[WARN] get secretPin error

02/28/21 01:17:44 004959800  1614446264 è‚¥é¹…ç­¾åˆ°çº¢æ˜Ÿäº¬ä¸œè‡ªè¥å®˜æ–¹æ——èˆ°åº—

real	0m2.737s
user	0m0.016s
sys	0m0.109s
parse error: Invalid numeric literal at line 1, column 10
parse error: Invalid numeric literal at line 1, column 10
parse error: Invalid numeric literal at line 1, column 10
parse error: Invalid numeric literal at line 1, column 10
02/28/21 01:18:10 741412400 1614446290

real	0m5.674s
user	0m0.000s
sys	0m0.047s

real	0m2.357s
user	0m0.047s
sys	0m0.063s
[WARN] get LZ_TOKEN error
02/28/21 01:18:20 411874500  1614446300
use pt_key

real	0m3.285s
user	0m0.109s
sys	0m0.125s
02/28/21 01:18:24 117108400  1614446304 token: AAFgOn7fADDzLOWwwulj53yIjV5TJdDrgv460w3A2qKhM12S7_n0re5Ifr6uifbkEHCctXrBnTI
parse error: Invalid numeric literal at line 1, column 10

real	0m2.655s
user	0m0.109s
sys	0m0.078s
02/28/21 01:18:27 293683400  1614446307 secretPin: 
[WARN] get secretPin error

02/28/21 01:18:28 092587500  1614446308 è‚¥é¹…ç­¾åˆ°çº¢æ˜Ÿäº¬ä¸œè‡ªè¥å®˜æ–¹æ——èˆ°åº—

real	0m2.649s
user	0m0.047s
sys	0m0.109s
parse error: Invalid numeric literal at line 1, column 10
parse error: Invalid numeric literal at line 1, column 10
parse error: Invalid numeric literal at line 1, column 10
parse error: Invalid numeric literal at line 1, column 10
02/28/21 01:18:49 459213600 1614446329

real	0m5.614s
user	0m0.000s
sys	0m0.047s

real	0m3.590s
user	0m0.047s
sys	0m0.078s
[WARN] get LZ_TOKEN error
02/28/21 01:19:02 284027600  1614446342
use pt_key

real	0m2.281s
user	0m0.094s
sys	0m0.172s
02/28/21 01:19:06 625948900  1614446346 token: AAFgOn8IADAFHxCNLXS762uCcOt-4RxEH4O_a7BgPTN8JRhqo1SDhsiAU6Y-InCLRRj6lZ2Q33k
parse error: Invalid numeric literal at line 1, column 10

real	0m5.023s
user	0m0.094s
sys	0m0.141s
02/28/21 01:19:12 561306800  1614446352 secretPin: 
[WARN] get secretPin error

02/28/21 01:19:13 944953300  1614446353 è‚¥é¹…ç­¾åˆ°çº¢æ˜Ÿäº¬ä¸œè‡ªè¥å®˜æ–¹æ——èˆ°åº—

real	0m4.098s
user	0m0.031s
sys	0m0.094s
parse error: Invalid numeric literal at line 1, column 10
parse error: Invalid numeric literal at line 1, column 10
parse error: Invalid numeric literal at line 1, column 10
parse error: Invalid numeric literal at line 1, column 10
02/28/21 01:19:37 886086900 1614446377

real	0m5.055s
user	0m0.000s
sys	0m0.031s

real	0m3.133s
user	0m0.031s
sys	0m0.078s
[WARN] get LZ_TOKEN error
02/28/21 01:19:50 136878600  1614446390
use pt_key

real	0m3.257s
user	0m0.109s
sys	0m0.109s
02/28/21 01:19:54 130105600  1614446394 token: AAFgOn85ADDe8CCGMFsMKZZ68zXzGLfIzPILVpH9y2ppKwXNwoOdwfd74VH3ejnPUlbGcF6W9R8
parse error: Invalid numeric literal at line 1, column 10

real	0m4.350s
user	0m0.125s
sys	0m0.109s
02/28/21 01:19:59 422655600  1614446399 secretPin: 
[WARN] get secretPin error

02/28/21 01:20:00 328866900  1614446400 è‚¥é¹…ç­¾åˆ°çº¢æ˜Ÿäº¬ä¸œè‡ªè¥å®˜æ–¹æ——èˆ°åº—

real	0m2.577s
user	0m0.047s
sys	0m0.125s
parse error: Invalid numeric literal at line 1, column 10
parse error: Invalid numeric literal at line 1, column 10
parse error: Invalid numeric literal at line 1, column 10
parse error: Invalid numeric literal at line 1, column 10
02/28/21 01:20:29 364079200 1614446429

real	0m5.860s
user	0m0.000s
sys	0m0.016s

real	0m2.388s
user	0m0.063s
sys	0m0.063s
[WARN] get LZ_TOKEN error
02/28/21 01:20:40 608478800  1614446440
use pt_key

real	0m3.142s
user	0m0.109s
sys	0m0.094s
02/28/21 01:20:44 576434500  1614446444 token: AAFgOn9rADBMWSYgj1hKRLNjcwvjz_yaIu9EZuvFJLgQXX0C-rJZMOGmgoVLWfNO6bFrhN3ouVw
parse error: Invalid numeric literal at line 1, column 10

real	0m4.455s
user	0m0.141s
sys	0m0.109s
02/28/21 01:20:50 051599000  1614446450 secretPin: 
[WARN] get secretPin error

02/28/21 01:20:51 137544100  1614446451 è‚¥é¹…ç­¾åˆ°çº¢æ˜Ÿäº¬ä¸œè‡ªè¥å®˜æ–¹æ——èˆ°åº—

real	0m3.571s
user	0m0.031s
sys	0m0.141s
parse error: Invalid numeric literal at line 1, column 10
parse error: Invalid numeric literal at line 1, column 10
parse error: Invalid numeric literal at line 1, column 10
parse error: Invalid numeric literal at line 1, column 10
02/28/21 01:21:11 040728800 1614446471

real	0m7.244s
user	0m0.016s
sys	0m0.016s

real	0m3.065s
user	0m0.047s
sys	0m0.078s
[WARN] get LZ_TOKEN error
02/28/21 01:21:29 721872700  1614446489
use pt_key

real	0m2.498s
user	0m0.141s
sys	0m0.109s
02/28/21 01:21:32 679979600  1614446492 token: AAFgOn-cADD6S38BLqGy7tociYsxfU3hjmxDLSRbZN10IEpAMNohGCeT7VA4m_5WmGrz4CfX_NQ
parse error: Invalid numeric literal at line 1, column 10

real	0m2.934s
user	0m0.172s
sys	0m0.094s
02/28/21 01:21:35 979917000  1614446495 secretPin: 
[WARN] get secretPin error

02/28/21 01:21:36 412417700  1614446496 è‚¥é¹…ç­¾åˆ°çº¢æ˜Ÿäº¬ä¸œè‡ªè¥å®˜æ–¹æ——èˆ°åº—

real	0m1.599s
user	0m0.031s
sys	0m0.078s
parse error: Invalid numeric literal at line 1, column 10
parse error: Invalid numeric literal at line 1, column 10
parse error: Invalid numeric literal at line 1, column 10
parse error: Invalid numeric literal at line 1, column 10
02/28/21 01:21:46 564168400 1614446506

real	0m6.788s
user	0m0.000s
sys	0m0.063s
02/28/21 01:22:42 683306900  1614446562
parse error: Invalid numeric literal at line 1, column 10
ç­¾åˆ°æ˜¯å¦æˆåŠŸè§£æå¤±è´¥. ä¸å†å†™/home/myid/jd/jd_signup/vender/shop_1613569840_217_delay

è‚¥é¹…ç­¾åˆ°çº¢æ˜Ÿäº¬ä¸œè‡ªè¥å®˜æ–¹æ——èˆ°åº—æŸ¥çœ‹ç»“æœ
<!DOCTYPE html>
<html>
 <head> 
  <title>äº¬ä¸œ</title> 
  <meta charset="utf-8" /> 
  <meta name="apple-mobile-web-app-capable" content="yes" /> 
  <meta name="viewport" content="width=device-width,initial-scale=1,user-scalable=no,maximum-scale=1,viewport-fit=cover" /> 
  <meta name="format-detection" content="telephone=no" /> 
  <meta name="x5-cache" content="enable" /> 
  <link rel="stylesheet" href="https://storage.360buyimg.com/babel/00162638/333378/production/dev/parser.1526555535098.css?t=20180517191236" /> 
  <style> img {
            opacity: 1 !important;
        } </style> 
  <link href="https://storage.360buyimg.com/babel/00170893/348321/production/dev/index.7320a380.css?t=20180802150952" rel="stylesheet" />
 </head> 
 <body style="background:#fff;" id="root"> 
  <div class="errorPage"> 
  </div> 
  <div class="placeholer"> 
  </div> 
  <script src="https://wl.jd.com/unify.min.js"></script> 
  <script type="text/javascript" src="https://storage.360buyimg.com/babel/00170893/348321/production/dev/index.0f8f4dba.js?t=20180802150952"></script> 
 </body>
</html>

parse error: Invalid numeric literal at line 1, column 10
[0;31;3mRUN  at {280:<--} ERROR CODE: 4[0m [0;31;3m[20210228 01:22:50] [ERROR] [0m

