04/01/21 01:07:23 871222100  1617210443
RANDOM_num: 30
removed '/tmp/tmp.v4zXfsrrEA'
04/01/21 01:07:23 966428900  1617210443 检查王签到

real	0m0.168s
user	0m0.031s
sys	0m0.063s
lzkj-isv.isvjcloud.com	FALSE	/	FALSE	1617211044	LZ_TOKEN_VALUE	B0oH3vDY2bhHWuKbVaJ+XQ==
lzkj-isv.isvjcloud.com	FALSE	/	FALSE	1617211044	LZ_TOKEN_KEY	lztokenpagebf7d87c4f6124635a624d39e88a0e64a
04/01/21 01:07:24 224785400  1617210444
use pt_key

real	0m0.117s
user	0m0.063s
sys	0m0.063s
04/01/21 01:07:24 355485800  1617210444 token: AAFgZKxLADDZH9zswsgXOYcJCCwshECQqfHOmxi3s9pH1Prxeb7Uy70u4VjQLCrnvDp9bBjpwuk

real	0m0.500s
user	0m0.016s
sys	0m0.078s
04/01/21 01:07:24 966338000  1617210444 secretPin: 8zfoIjWIu/DcpxQNzAV7/oVPSWy1B8D+G4s+fJIFDfWHSnwnXFQKK9yQco/OGmHebU48Dr07k+7+k1UaXRbZKg==

04/01/21 01:07:24 978552400  1617210444 王签到荣耀亲选官方旗舰店

real	0m0.349s
user	0m0.016s
sys	0m0.078s
{
  "gift": null,
  "msg": "",
  "isOk": true,
  "isSend": null,
  "key": null
}
true
04/01/21 01:07:25 580934400 1617210445
04/01/21 01:07:25 593360700 1617210445 签到荣耀亲选官方旗舰店完成
04/01/21 01:07:55 647440700  1617210475
true
首次签到成功. 写入giftName: null

***********************************************
2021/04/01_08:00:00  [已~签~到]      
当天签到奖励 [null]
连续签到 25 天
签到总天数 25
***********************************************

王签到荣耀亲选官方旗舰店查看结果
{"msg":"","giftLog":{},"isOk":true,"signDetail":{"20210401":"y"},"followDays":5,"signRecord":{"nicknameShow":null,"id":"18cec9b6a9764674a8093a2d718dfe1e","venderId":10388537,"actId":"83e5dc8a99b84c6b84e5813dbd86bd2e","actName":"签到活动","nick":"8zfoIjWIu/DcpxQNzAV7/oVPSWy1B8D+G4s+fJIFDfWHSnwnXFQKK9yQco/OGmHebU48Dr07k+7+k1UaXRbZKg==","phone":"","midUrl":null,"pin":"8zfoIjWIu/DcpxQNzAV7/oVPSWy1B8D+G4s+fJIFDfWHSnwnXFQKK9yQco/OGmHebU48Dr07k+7+k1UaXRbZKg==","lastSignDate":20210401,"contiSignNum":25,"totalSignNum":25,"createTime":1615210951000,"updateTime":1617210444000,"remark":null}}

{
  "signDetail": {
    "20210401": "y"
  },
  "contiSignNum": 25,
  "totalSignNum": 25
}

荣耀亲选官方旗舰店活动规则
{"msg":"","act":{"id":"83e5dc8a99b84c6b84e5813dbd86bd2e","jdActivityId":null,"venderId":10388537,"actName":"签到活动","startTime":1614700800000,"endTime":1619798399000,"tplId":"0110","deleted":null,"actUrl":"https://lzkj-isv.isvjcloud.com/sign/signActivity2?activityId=83e5dc8a99b84c6b84e5813dbd86bd2e&venderId=10388537","shortUrl":"3.cn/1017-qBZe","qrcodeUrl":"https://img10.360buyimg.com/imgzone/jfs/t1/152144/13/20413/3624/603ddf89Ede3bec68/0645ba1b0b2782b3.png","actRule":"1、活动时间：2021-03-01 00:00 - 2021-04-30 23:59；
2、符合累计签到赠送条件，则有机会赠送累计签到奖品，同时每日签到奖品不赠送；
3、累计签到30天，有机会赠送[10京豆]；
4、关注店铺后方可参与活动；
5、签到成功后有机会获得奖品，也有可能会与奖品擦肩而过（奖品数量有限，先到先得）；
6、若用户存在刷奖等恶意行为，一经发现将取消抽奖资格（如奖品已经发放，有权追回奖品）；
注：奖品发放形式：
实物奖：
（1）中奖客户信息收集：页面弹屏提示中奖客户提供收货地址、号码和奖项；(超过1小时未填写对应收货信息，视为放弃);
（2）实物奖采取寄送方式发放，获奖用户需在开奖后填写姓名、联系电话、详细地址信息。如因用户原因无法联系上，即奖品作废不再补发，或如用户未填写真实有效的信息或填写收货信息不详，均视为放弃奖品；
虚拟产品奖：
（1）京豆：中奖后系统预计24小时内自动发放至账户；
（2）优惠券：中奖后需手动领取，预计24小时到账；
【活动参与主体资格】
（1）每位自然人用户仅能使用一个京东账号参与活动，微信号、QQ、京东帐号、手机号码等任一信息一致或指向同一用户的，视为同一个用户，则第一个参与本活动的账号参与结果有效，其余账号参与结果均视为无效。
（2）若发现同一位用户使用不同账号重复参与活动，承办方有权取消其获奖资格。
【注意事项】
（1）活动过程中，凡以不正当手段（如作弊领取、恶意套取、刷信誉、虚假交易、扰乱系统、实施网络攻击等）参与本次活动的用户，商家有权终止其参与活动，并取消其获奖资格（如奖品已发放，商家有权追回），如给商家造成损失的，商家将保留向违规用户继续追索的权利。
（2）如遇不可抗力(包括但不限于重大灾害事件、活动受政府机关指令需要停止举办或调整的、活动中存在大面积作弊行为、活动遭受严重网络攻击或因系统故障导致活动中奖名单大批量出错，活动不能正常进行的)，商家有权取消、修改或暂停本活动。
（3）本活动所发放的实物奖不得提现、不得转赠他人、不得为他人付款。
（4）是否中奖以活动发布者后台统计结果为准。
","createTime":1614667657000,"updateTime":1614668693000,"activityType":null,"actTimeStr":"2021-03-03 00:00 至 2021-04-30 23:59","actRange":"all","isFocusShop":"y","giftJson":"{\"giftConditions\":[{\"dayNum\":\"30\",\"gift\":{\"giftInfoId\":\"b069ba39fc3241778c801e36df32be38\",\"giftName\":\"10京豆\",\"giftNum\":\"10\",\"giftTotal\":\"20000\",\"giftType\":\"6\",\"id\":\"1166048\",\"priceInfo\":\"0.10\",\"shortLink\":\"\",\"type\":0}}],\"hasGiftEveryDay\":\"n\",\"signType\":\"2\"}","wxSignActivityGiftBean":{"hasGiftEveryDay":"n","gift":null,"signType":"2","giftConditions":[{"dayNum":"30","gift":{"activityId":null,"activityType":null,"venderId":null,"type":0,"name":null,"itemHb":null,"id":"1166048","giftType":"6","giftName":"10京豆","giftNum":"10","giftTotal":"20000","giftResidue":null,"priceInfo":"0.10","shortLink":"","orginLink":null,"giftInfoId":"b069ba39fc3241778c801e36df32be38","commonAddAwardVO":null}}]},"isShowItems":"y","showItemIds":"10022774522774,10022941635666,10023646242797,10023893114568,10023649799229,10022787074395","jmWareVOList":null,"status":"ING"},"isOk":true}

{
  "actUrl": "https://lzkj-isv.isvjcloud.com/sign/signActivity2?activityId=83e5dc8a99b84c6b84e5813dbd86bd2e&venderId=10388537",
  "shortUrl": "3.cn/1017-qBZe",
  "actRule": "1、活动时间：2021-03-01 00:00 - 2021-04-30 23:59；\n2、符合累计签到赠送条件，则有机会赠送累计签到奖品，同时每日签到奖品不赠送；\n3、累计签到30天，有机会赠送[10京豆]；\n4、关注店铺后方可参与活动；\n5、签到成功后有机会获得奖品，也有可能会与奖品擦肩而过（奖品数量有限，先到先得）；\n6、若用户存在刷奖等恶意行为，一经发现将取消抽奖资格（如奖品已经发放，有权追回奖品）；\n注：奖品发放形式：\n实物奖：\n（1）中奖客户信息收集：页面弹屏提示中奖客户提供收货地址、号码和奖项；(超过1小时未填写对应收货信息，视为放弃);\n（2）实物奖采取寄送方式发放，获奖用户需在开奖后填写姓名、联系电话、详细地址信息。如因用户原因无法联系上，即奖品作废不再补发，或如用户未填写真实有效的信息或填写收货信息不详，均视为放弃奖品；\n虚拟产品奖：\n（1）京豆：中奖后系统预计24小时内自动发放至账户；\n（2）优惠券：中奖后需手动领取，预计24小时到账；\n【活动参与主体资格】\n（1）每位自然人用户仅能使用一个京东账号参与活动，微信号、QQ、京东帐号、手机号码等任一信息一致或指向同一用户的，视为同一个用户，则第一个参与本活动的账号参与结果有效，其余账号参与结果均视为无效。\n（2）若发现同一位用户使用不同账号重复参与活动，承办方有权取消其获奖资格。\n【注意事项】\n（1）活动过程中，凡以不正当手段（如作弊领取、恶意套取、刷信誉、虚假交易、扰乱系统、实施网络攻击等）参与本次活动的用户，商家有权终止其参与活动，并取消其获奖资格（如奖品已发放，商家有权追回），如给商家造成损失的，商家将保留向违规用户继续追索的权利。\n（2）如遇不可抗力(包括但不限于重大灾害事件、活动受政府机关指令需要停止举办或调整的、活动中存在大面积作弊行为、活动遭受严重网络攻击或因系统故障导致活动中奖名单大批量出错，活动不能正常进行的)，商家有权取消、修改或暂停本活动。\n（3）本活动所发放的实物奖不得提现、不得转赠他人、不得为他人付款。\n（4）是否中奖以活动发布者后台统计结果为准。\n"
}
actId=83e5dc8a99b84c6b84e5813dbd86bd2e
venderId=10388537
startTime=1614700800000
endTime=1619798399000
# 短链接
suo_url="https://3.cn/1017-qBZe"
actTimeStr="2021-03-03 00:00 至 2021-04-30 23:59"
#店铺名称
vendername="荣耀亲选官方旗舰店"
# 长链接
url=https://lzkj-isv.isvjcloud.com/sign/signActivity2?activityId=83e5dc8a99b84c6b84e5813dbd86bd2e&venderId=10388537&adsource=tg_storePage
# 活动时间：2021.03.03 00:00:00 - 2021.04.30 23:59:59
# 奖励说明：
actRule="
连续签到30天：10京豆 10京豆
"
#肥鹅 jd_4d651d9e48204 sign_res
sign_res="
signTime=1615161600;signed=2
signTime=1615248000;signed=2
signTime=1615334400;signed=2
signTime=1615420800;signed=2
signTime=1615507200;signed=2
signTime=1615593600;signed=2
signTime=1615680000;signed=2
signTime=1615766400;signed=2
signTime=1615852800;signed=2
signTime=1615939200;signed=2
signTime=1616025600;signed=2
signTime=1616112000;signed=2
signTime=1616198400;signed=2
signTime=1616284800;signed=2
signTime=1616371200;signed=2
signTime=1616457600;signed=2
signTime=1616544000;signed=2
signTime=1616630400;signed=2
signTime=1616716800;signed=2
signTime=1616803200;signed=2
signTime=1616889600;signed=2
signTime=1616976000;signed=2
signTime=1617062400;signed=2
signTime=1617148800;signed=2"
sign_num="24"
sign_total_num="24"
giftName="null"
giftRes="ok"
giftDate="20210331"
sign_res_info="
2021/03/08_08:00:00  [已~签~到]      
2021/03/09_08:00:00  [已~签~到]      
2021/03/10_08:00:00  [已~签~到]      
2021/03/11_08:00:00  [已~签~到]      
2021/03/12_08:00:00  [已~签~到]      
2021/03/13_08:00:00  [已~签~到]      
2021/03/14_08:00:00  [已~签~到]      
2021/03/15_08:00:00  [已~签~到]      
2021/03/16_08:00:00  [已~签~到]      
2021/03/17_08:00:00  [已~签~到]      
2021/03/18_08:00:00  [已~签~到]      
2021/03/19_08:00:00  [已~签~到]      
2021/03/20_08:00:00  [已~签~到]      
2021/03/21_08:00:00  [已~签~到]      
2021/03/22_08:00:00  [已~签~到]      
2021/03/23_08:00:00  [已~签~到]      
2021/03/24_08:00:00  [已~签~到]      
2021/03/25_08:00:00  [已~签~到]      
2021/03/26_08:00:00  [已~签~到]      
2021/03/27_08:00:00  [已~签~到]      
2021/03/28_08:00:00  [已~签~到]      
2021/03/29_08:00:00  [已~签~到]      
2021/03/30_08:00:00  [已~签~到]      
2021/03/31_08:00:00  [已~签~到]      
当天签到奖励 [null]
连续签到 24 天
签到总天数 24"
#肥鹅 jd_4d651d9e48204 sign_res_end
#移动 jd_OeTNobRVGiNZ sign_res
sign_res="
"
sign_num="0"
sign_total_num="0"
giftName=""
giftRes=""
giftDate="20210331"
sign_res_info="

当天签到奖励 []
连续签到 0 天
签到总天数 0"
#移动 jd_OeTNobRVGiNZ sign_res_end
#赵 122294312-396444 sign_res
sign_res="
signTime=1617235200;signed=2"
sign_num="25"
sign_total_num="25"
giftName="null"
giftRes="ok"
giftDate="20210401"
sign_res_info="
2021/04/01_08:00:00  [已~签~到]      
当天签到奖励 [null]
连续签到 25 天
签到总天数 25"
#赵 122294312-396444 sign_res_end
#王 1309893722-164885 sign_res
sign_res="
signTime=1617235200;signed=2"
sign_num="25"
sign_total_num="25"
giftName="null"
giftRes="ok"
giftDate="20210401"
sign_res_info="
2021/04/01_08:00:00  [已~签~到]      
当天签到奖励 [null]
连续签到 25 天
签到总天数 25"
#王 1309893722-164885 sign_res_end
