03/08/21 01:02:49 367822600  1615136569
RANDOM_num: 5
removed '/tmp/tmp.GIbGSGMXoY'
03/08/21 01:02:49 461645900  1615136569 检查122294312-396444签到
removed '/tmp/tmp.cCg5BF1px3'
03/08/21 01:02:49 536767300  1615136569 检查1309893722-164885签到

03/08/21 01:02:49 585701700  1615136569 赵签到博世电动工具京东自营旗舰店

real	0m0.214s
user	0m0.000s
sys	0m0.094s
{"code":200,"data":[{"level":0,"prizeList":[{"discount":2.00,"type":4,"number":900000,"budgetNum":1800000,"userPirzeStatus":2,"class":"com.jd.interact.center.client.api.user.domain.InteractUserPrize","status":2}],"signType":0,"class":"com.jd.interact.center.client.api.color.domain.sign.ShopSignInteractUserPrizeRule","userPrizeRuleStatus":2}],"class":"com.jd.interact.center.client.api.common.param.Results","success":true}

03/08/21 01:02:49 901881300  1615136569 王签到博世电动工具京东自营旗舰店

real	0m0.235s
user	0m0.016s
sys	0m0.094s
{"code":200,"data":[{"level":0,"prizeList":[{"discount":2.00,"type":4,"number":900000,"budgetNum":1800000,"userPirzeStatus":2,"class":"com.jd.interact.center.client.api.user.domain.InteractUserPrize","status":2}],"signType":0,"class":"com.jd.interact.center.client.api.color.domain.sign.ShopSignInteractUserPrizeRule","userPrizeRuleStatus":2}],"class":"com.jd.interact.center.client.api.common.param.Results","success":true}
03/08/21 01:02:50 205182000 1615136570
03/08/21 01:02:50 218466300 1615136570 签到博世电动工具京东自营旗舰店完成

03/08/21 01:02:55 285651900  1615136575
赵签到博世电动工具京东自营旗舰店查看结果
200
首次签到成功. 写入giftName: 奖励2,type=4;

***********************************************
2021/02/21_00:00:00  2    未签到
2021/02/22_00:00:00  2    未签到
2021/02/23_00:00:00  2    未签到
2021/02/24_00:00:00  2    未签到
2021/02/25_00:00:00  2    未签到
2021/02/26_21:23:21  2    [已~签~到]
2021/02/27_01:06:01  2    [已~签~到]
2021/02/28_01:05:22  2    [已~签~到]
2021/03/01_01:03:01  2    [已~签~到]
2021/03/02_01:00:36  2    [已~签~到]
2021/03/03_01:01:27  2    [已~签~到]
2021/03/04_00:00:00  2    [已~签~到]
2021/03/05_01:01:26  2    [已~签~到]
2021/03/06_01:01:06  2    [已~签~到]
2021/03/07_01:00:36  2    [已~签~到]
2021/03/08_01:02:49  1    [已~签~到]
2021/03/09_00:00:00  3    未签到
2021/03/10_00:00:00  3    未签到
2021/03/11_00:00:00  3    未签到
2021/03/12_00:00:00  3    未签到
2021/03/13_00:00:00  3    未签到
2021/03/14_00:00:00  3    未签到
2021/03/15_00:00:00  3    未签到
当天签到奖励 [奖励2,type=4;]
已签到 11 天
***********************************************

王签到博世电动工具京东自营旗舰店查看结果
200
首次签到成功. 写入giftName: 奖励2,type=4;

***********************************************
2021/02/21_00:00:00  2    未签到
2021/02/22_00:05:55  2    [已~签~到]
2021/02/23_00:00:00  2    未签到
2021/02/24_00:00:00  2    未签到
2021/02/25_00:00:00  2    未签到
2021/02/26_21:23:21  2    [已~签~到]
2021/02/27_01:06:01  2    [已~签~到]
2021/02/28_01:05:23  2    [已~签~到]
2021/03/01_01:03:01  2    [已~签~到]
2021/03/02_01:00:36  2    [已~签~到]
2021/03/03_01:01:27  2    [已~签~到]
2021/03/04_00:00:02  2    [已~签~到]
2021/03/05_01:01:26  2    [已~签~到]
2021/03/06_01:01:06  2    [已~签~到]
2021/03/07_01:00:37  2    [已~签~到]
2021/03/08_01:02:50  1    [已~签~到]
2021/03/09_00:00:00  3    未签到
2021/03/10_00:00:00  3    未签到
2021/03/11_00:00:00  3    未签到
2021/03/12_00:00:00  3    未签到
2021/03/13_00:00:00  3    未签到
2021/03/14_00:00:00  3    未签到
2021/03/15_00:00:00  3    未签到
当天签到奖励 [奖励2,type=4;]
已签到 11 天
***********************************************



赵签到博世电动工具京东自营旗舰店日志
{"code":200,"data":{"signRecords":[{"signTime":1613836800000,"currentDay":2,"signed":1,"class":"com.jd.interact.center.client.api.color.domain.sign.InteractActivityUserActionRecord"},{"signTime":1613923200000,"currentDay":2,"signed":1,"class":"com.jd.interact.center.client.api.color.domain.sign.InteractActivityUserActionRecord"},{"signTime":1614009600000,"currentDay":2,"signed":1,"class":"com.jd.interact.center.client.api.color.domain.sign.InteractActivityUserActionRecord"},{"signTime":1614096000000,"currentDay":2,"signed":1,"class":"com.jd.interact.center.client.api.color.domain.sign.InteractActivityUserActionRecord"},{"signTime":1614182400000,"currentDay":2,"signed":1,"class":"com.jd.interact.center.client.api.color.domain.sign.InteractActivityUserActionRecord"},{"signTime":1614345801565,"currentDay":2,"signed":2,"class":"com.jd.interact.center.client.api.color.domain.sign.InteractActivityUserActionRecord"},{"signTime":1614359161017,"currentDay":2,"signed":2,"class":"com.jd.interact.center.client.api.color.domain.sign.InteractActivityUserActionRecord"},{"signTime":1614445522931,"currentDay":2,"signed":2,"class":"com.jd.interact.center.client.api.color.domain.sign.InteractActivityUserActionRecord"},{"signTime":1614531781257,"currentDay":2,"signed":2,"class":"com.jd.interact.center.client.api.color.domain.sign.InteractActivityUserActionRecord"},{"signTime":1614618036012,"currentDay":2,"signed":2,"class":"com.jd.interact.center.client.api.color.domain.sign.InteractActivityUserActionRecord"},{"signTime":1614704487062,"currentDay":2,"signed":2,"class":"com.jd.interact.center.client.api.color.domain.sign.InteractActivityUserActionRecord"},{"signTime":1614787200859,"currentDay":2,"signed":2,"class":"com.jd.interact.center.client.api.color.domain.sign.InteractActivityUserActionRecord"},{"signTime":1614877286600,"currentDay":2,"signed":2,"class":"com.jd.interact.center.client.api.color.domain.sign.InteractActivityUserActionRecord"},{"signTime":1614963666167,"currentDay":2,"signed":2,"class":"com.jd.interact.center.client.api.color.domain.sign.InteractActivityUserActionRecord"},{"signTime":1615050036938,"currentDay":2,"signed":2,"class":"com.jd.interact.center.client.api.color.domain.sign.InteractActivityUserActionRecord"},{"signTime":1615136569709,"currentDay":1,"signed":2,"class":"com.jd.interact.center.client.api.color.domain.sign.InteractActivityUserActionRecord"},{"signTime":1615219200000,"currentDay":3,"signed":1,"class":"com.jd.interact.center.client.api.color.domain.sign.InteractActivityUserActionRecord"},{"signTime":1615305600000,"currentDay":3,"signed":1,"class":"com.jd.interact.center.client.api.color.domain.sign.InteractActivityUserActionRecord"},{"signTime":1615392000000,"currentDay":3,"signed":1,"class":"com.jd.interact.center.client.api.color.domain.sign.InteractActivityUserActionRecord"},{"signTime":1615478400000,"currentDay":3,"signed":1,"class":"com.jd.interact.center.client.api.color.domain.sign.InteractActivityUserActionRecord"},{"signTime":1615564800000,"currentDay":3,"signed":1,"class":"com.jd.interact.center.client.api.color.domain.sign.InteractActivityUserActionRecord"},{"signTime":1615651200000,"currentDay":3,"signed":1,"class":"com.jd.interact.center.client.api.color.domain.sign.InteractActivityUserActionRecord"},{"signTime":1615737600000,"currentDay":3,"signed":1,"class":"com.jd.interact.center.client.api.color.domain.sign.InteractActivityUserActionRecord"}],"days":11,"class":"com.jd.interact.center.client.api.color.domain.sign.ShopSignUserRecord"},"class":"com.jd.interact.center.client.api.common.param.Results","success":true}
{
  "contiSignNum": 11
}
王签到博世电动工具京东自营旗舰店日志
{"code":200,"data":{"signRecords":[{"signTime":1613836800000,"currentDay":2,"signed":1,"class":"com.jd.interact.center.client.api.color.domain.sign.InteractActivityUserActionRecord"},{"signTime":1613923555412,"currentDay":2,"signed":2,"class":"com.jd.interact.center.client.api.color.domain.sign.InteractActivityUserActionRecord"},{"signTime":1614009600000,"currentDay":2,"signed":1,"class":"com.jd.interact.center.client.api.color.domain.sign.InteractActivityUserActionRecord"},{"signTime":1614096000000,"currentDay":2,"signed":1,"class":"com.jd.interact.center.client.api.color.domain.sign.InteractActivityUserActionRecord"},{"signTime":1614182400000,"currentDay":2,"signed":1,"class":"com.jd.interact.center.client.api.color.domain.sign.InteractActivityUserActionRecord"},{"signTime":1614345801883,"currentDay":2,"signed":2,"class":"com.jd.interact.center.client.api.color.domain.sign.InteractActivityUserActionRecord"},{"signTime":1614359161272,"currentDay":2,"signed":2,"class":"com.jd.interact.center.client.api.color.domain.sign.InteractActivityUserActionRecord"},{"signTime":1614445523237,"currentDay":2,"signed":2,"class":"com.jd.interact.center.client.api.color.domain.sign.InteractActivityUserActionRecord"},{"signTime":1614531781545,"currentDay":2,"signed":2,"class":"com.jd.interact.center.client.api.color.domain.sign.InteractActivityUserActionRecord"},{"signTime":1614618036303,"currentDay":2,"signed":2,"class":"com.jd.interact.center.client.api.color.domain.sign.InteractActivityUserActionRecord"},{"signTime":1614704487373,"currentDay":2,"signed":2,"class":"com.jd.interact.center.client.api.color.domain.sign.InteractActivityUserActionRecord"},{"signTime":1614787202248,"currentDay":2,"signed":2,"class":"com.jd.interact.center.client.api.color.domain.sign.InteractActivityUserActionRecord"},{"signTime":1614877286857,"currentDay":2,"signed":2,"class":"com.jd.interact.center.client.api.color.domain.sign.InteractActivityUserActionRecord"},{"signTime":1614963666412,"currentDay":2,"signed":2,"class":"com.jd.interact.center.client.api.color.domain.sign.InteractActivityUserActionRecord"},{"signTime":1615050037271,"currentDay":2,"signed":2,"class":"com.jd.interact.center.client.api.color.domain.sign.InteractActivityUserActionRecord"},{"signTime":1615136570054,"currentDay":1,"signed":2,"class":"com.jd.interact.center.client.api.color.domain.sign.InteractActivityUserActionRecord"},{"signTime":1615219200000,"currentDay":3,"signed":1,"class":"com.jd.interact.center.client.api.color.domain.sign.InteractActivityUserActionRecord"},{"signTime":1615305600000,"currentDay":3,"signed":1,"class":"com.jd.interact.center.client.api.color.domain.sign.InteractActivityUserActionRecord"},{"signTime":1615392000000,"currentDay":3,"signed":1,"class":"com.jd.interact.center.client.api.color.domain.sign.InteractActivityUserActionRecord"},{"signTime":1615478400000,"currentDay":3,"signed":1,"class":"com.jd.interact.center.client.api.color.domain.sign.InteractActivityUserActionRecord"},{"signTime":1615564800000,"currentDay":3,"signed":1,"class":"com.jd.interact.center.client.api.color.domain.sign.InteractActivityUserActionRecord"},{"signTime":1615651200000,"currentDay":3,"signed":1,"class":"com.jd.interact.center.client.api.color.domain.sign.InteractActivityUserActionRecord"},{"signTime":1615737600000,"currentDay":3,"signed":1,"class":"com.jd.interact.center.client.api.color.domain.sign.InteractActivityUserActionRecord"}],"days":11,"class":"com.jd.interact.center.client.api.color.domain.sign.ShopSignUserRecord"},"class":"com.jd.interact.center.client.api.common.param.Results","success":true}
{
  "contiSignNum": 11
}
# 短链接
suo_url=""
venderId=1000002423
startTime=1613836800000
endTime=1615823999000
activityId=10273424
token=556BA095CC32BAA17664C9EABD252085
#店铺名称
vendername="博世电动工具京东自营旗舰店"
# 长链接
url=https://h5.m.jd.com/babelDiy/Zeus/2PAAf74aG3D61qvfKUM5dxUssJQ9/index.html?token=556BA095CC32BAA17664C9EABD252085
# 活动时间：2021.02.21 00:00:00 - 2021.03.15 23:59:59
# 奖励说明：
actRule="
每日签到：2京豆
连续签到7天：66京豆
连续签到15天：88京豆
"
#肥鹅 jd_4d651d9e48204 sign_res
sign_res="
signTime=1613836800;signed=1;currentDay=2
signTime=1613923200;signed=1;currentDay=2
signTime=1614009600;signed=1;currentDay=2
signTime=1614096000;signed=1;currentDay=2
signTime=1614182400;signed=1;currentDay=2
signTime=1614345823;signed=2;currentDay=2
signTime=1614359184;signed=2;currentDay=2
signTime=1614445541;signed=2;currentDay=2
signTime=1614531809;signed=2;currentDay=2
signTime=1614618059;signed=2;currentDay=2
signTime=1614704520;signed=2;currentDay=2
signTime=1614787201;signed=2;currentDay=2
signTime=1614877335;signed=2;currentDay=2
signTime=1614963705;signed=2;currentDay=2
signTime=1615050061;signed=2;currentDay=1
signTime=1615132800;signed=1;currentDay=3
signTime=1615219200;signed=1;currentDay=3
signTime=1615305600;signed=1;currentDay=3
signTime=1615392000;signed=1;currentDay=3
signTime=1615478400;signed=1;currentDay=3
signTime=1615564800;signed=1;currentDay=3
signTime=1615651200;signed=1;currentDay=3
signTime=1615737600;signed=1;currentDay=3"
sign_num="10"
giftName="奖励2,type=4;"
giftRes="ok"
giftDate="20210307"
sign_res_info="
2021/02/21_00:00:00  2    未签到
2021/02/22_00:00:00  2    未签到
2021/02/23_00:00:00  2    未签到
2021/02/24_00:00:00  2    未签到
2021/02/25_00:00:00  2    未签到
2021/02/26_21:23:43  2    [已~签~到]
2021/02/27_01:06:24  2    [已~签~到]
2021/02/28_01:05:41  2    [已~签~到]
2021/03/01_01:03:29  2    [已~签~到]
2021/03/02_01:00:59  2    [已~签~到]
2021/03/03_01:02:00  2    [已~签~到]
2021/03/04_00:00:01  2    [已~签~到]
2021/03/05_01:02:15  2    [已~签~到]
2021/03/06_01:01:45  2    [已~签~到]
2021/03/07_01:01:01  1    [已~签~到]
2021/03/08_00:00:00  3    未签到
2021/03/09_00:00:00  3    未签到
2021/03/10_00:00:00  3    未签到
2021/03/11_00:00:00  3    未签到
2021/03/12_00:00:00  3    未签到
2021/03/13_00:00:00  3    未签到
2021/03/14_00:00:00  3    未签到
2021/03/15_00:00:00  3    未签到
当天签到奖励 [奖励2,type=4;]
已签到 10 天"
#肥鹅 jd_4d651d9e48204 sign_res_end
#移动 jd_OeTNobRVGiNZ sign_res
sign_res="
signTime=1613836800;signed=1;currentDay=2
signTime=1613923200;signed=1;currentDay=2
signTime=1614009600;signed=1;currentDay=2
signTime=1614096000;signed=1;currentDay=2
signTime=1614182400;signed=1;currentDay=2
signTime=1614345824;signed=2;currentDay=2
signTime=1614359185;signed=2;currentDay=2
signTime=1614445542;signed=2;currentDay=2
signTime=1614531810;signed=2;currentDay=2
signTime=1614618060;signed=2;currentDay=2
signTime=1614704521;signed=2;currentDay=2
signTime=1614787202;signed=2;currentDay=2
signTime=1614877335;signed=2;currentDay=2
signTime=1614963705;signed=2;currentDay=2
signTime=1615050061;signed=2;currentDay=1
signTime=1615132800;signed=1;currentDay=3
signTime=1615219200;signed=1;currentDay=3
signTime=1615305600;signed=1;currentDay=3
signTime=1615392000;signed=1;currentDay=3
signTime=1615478400;signed=1;currentDay=3
signTime=1615564800;signed=1;currentDay=3
signTime=1615651200;signed=1;currentDay=3
signTime=1615737600;signed=1;currentDay=3"
sign_num="10"
giftName=""
giftRes="ok"
giftDate="20210307"
sign_res_info="
2021/02/21_00:00:00  2    未签到
2021/02/22_00:00:00  2    未签到
2021/02/23_00:00:00  2    未签到
2021/02/24_00:00:00  2    未签到
2021/02/25_00:00:00  2    未签到
2021/02/26_21:23:44  2    [已~签~到]
2021/02/27_01:06:25  2    [已~签~到]
2021/02/28_01:05:42  2    [已~签~到]
2021/03/01_01:03:30  2    [已~签~到]
2021/03/02_01:01:00  2    [已~签~到]
2021/03/03_01:02:01  2    [已~签~到]
2021/03/04_00:00:02  2    [已~签~到]
2021/03/05_01:02:15  2    [已~签~到]
2021/03/06_01:01:45  2    [已~签~到]
2021/03/07_01:01:01  1    [已~签~到]
2021/03/08_00:00:00  3    未签到
2021/03/09_00:00:00  3    未签到
2021/03/10_00:00:00  3    未签到
2021/03/11_00:00:00  3    未签到
2021/03/12_00:00:00  3    未签到
2021/03/13_00:00:00  3    未签到
2021/03/14_00:00:00  3    未签到
2021/03/15_00:00:00  3    未签到
当天签到奖励 []
已签到 10 天"
#移动 jd_OeTNobRVGiNZ sign_res_end
#赵 122294312-396444 sign_res
sign_res="
signTime=1613836800;signed=1;currentDay=2
signTime=1613923200;signed=1;currentDay=2
signTime=1614009600;signed=1;currentDay=2
signTime=1614096000;signed=1;currentDay=2
signTime=1614182400;signed=1;currentDay=2
signTime=1614345801;signed=2;currentDay=2
signTime=1614359161;signed=2;currentDay=2
signTime=1614445522;signed=2;currentDay=2
signTime=1614531781;signed=2;currentDay=2
signTime=1614618036;signed=2;currentDay=2
signTime=1614704487;signed=2;currentDay=2
signTime=1614787200;signed=2;currentDay=2
signTime=1614877286;signed=2;currentDay=2
signTime=1614963666;signed=2;currentDay=2
signTime=1615050036;signed=2;currentDay=2
signTime=1615136569;signed=2;currentDay=1
signTime=1615219200;signed=1;currentDay=3
signTime=1615305600;signed=1;currentDay=3
signTime=1615392000;signed=1;currentDay=3
signTime=1615478400;signed=1;currentDay=3
signTime=1615564800;signed=1;currentDay=3
signTime=1615651200;signed=1;currentDay=3
signTime=1615737600;signed=1;currentDay=3"
sign_num="11"
giftName="奖励2,type=4;"
giftRes="ok"
giftDate="20210308"
sign_res_info="
2021/02/21_00:00:00  2    未签到
2021/02/22_00:00:00  2    未签到
2021/02/23_00:00:00  2    未签到
2021/02/24_00:00:00  2    未签到
2021/02/25_00:00:00  2    未签到
2021/02/26_21:23:21  2    [已~签~到]
2021/02/27_01:06:01  2    [已~签~到]
2021/02/28_01:05:22  2    [已~签~到]
2021/03/01_01:03:01  2    [已~签~到]
2021/03/02_01:00:36  2    [已~签~到]
2021/03/03_01:01:27  2    [已~签~到]
2021/03/04_00:00:00  2    [已~签~到]
2021/03/05_01:01:26  2    [已~签~到]
2021/03/06_01:01:06  2    [已~签~到]
2021/03/07_01:00:36  2    [已~签~到]
2021/03/08_01:02:49  1    [已~签~到]
2021/03/09_00:00:00  3    未签到
2021/03/10_00:00:00  3    未签到
2021/03/11_00:00:00  3    未签到
2021/03/12_00:00:00  3    未签到
2021/03/13_00:00:00  3    未签到
2021/03/14_00:00:00  3    未签到
2021/03/15_00:00:00  3    未签到
当天签到奖励 [奖励2,type=4;]
已签到 11 天"
#赵 122294312-396444 sign_res_end
#王 1309893722-164885 sign_res
sign_res="
signTime=1613836800;signed=1;currentDay=2
signTime=1613923555;signed=2;currentDay=2
signTime=1614009600;signed=1;currentDay=2
signTime=1614096000;signed=1;currentDay=2
signTime=1614182400;signed=1;currentDay=2
signTime=1614345801;signed=2;currentDay=2
signTime=1614359161;signed=2;currentDay=2
signTime=1614445523;signed=2;currentDay=2
signTime=1614531781;signed=2;currentDay=2
signTime=1614618036;signed=2;currentDay=2
signTime=1614704487;signed=2;currentDay=2
signTime=1614787202;signed=2;currentDay=2
signTime=1614877286;signed=2;currentDay=2
signTime=1614963666;signed=2;currentDay=2
signTime=1615050037;signed=2;currentDay=2
signTime=1615136570;signed=2;currentDay=1
signTime=1615219200;signed=1;currentDay=3
signTime=1615305600;signed=1;currentDay=3
signTime=1615392000;signed=1;currentDay=3
signTime=1615478400;signed=1;currentDay=3
signTime=1615564800;signed=1;currentDay=3
signTime=1615651200;signed=1;currentDay=3
signTime=1615737600;signed=1;currentDay=3"
sign_num="11"
giftName="奖励2,type=4;"
giftRes="ok"
giftDate="20210308"
sign_res_info="
2021/02/21_00:00:00  2    未签到
2021/02/22_00:05:55  2    [已~签~到]
2021/02/23_00:00:00  2    未签到
2021/02/24_00:00:00  2    未签到
2021/02/25_00:00:00  2    未签到
2021/02/26_21:23:21  2    [已~签~到]
2021/02/27_01:06:01  2    [已~签~到]
2021/02/28_01:05:23  2    [已~签~到]
2021/03/01_01:03:01  2    [已~签~到]
2021/03/02_01:00:36  2    [已~签~到]
2021/03/03_01:01:27  2    [已~签~到]
2021/03/04_00:00:02  2    [已~签~到]
2021/03/05_01:01:26  2    [已~签~到]
2021/03/06_01:01:06  2    [已~签~到]
2021/03/07_01:00:37  2    [已~签~到]
2021/03/08_01:02:50  1    [已~签~到]
2021/03/09_00:00:00  3    未签到
2021/03/10_00:00:00  3    未签到
2021/03/11_00:00:00  3    未签到
2021/03/12_00:00:00  3    未签到
2021/03/13_00:00:00  3    未签到
2021/03/14_00:00:00  3    未签到
2021/03/15_00:00:00  3    未签到
当天签到奖励 [奖励2,type=4;]
已签到 11 天"
#王 1309893722-164885 sign_res_end
