RANDOM_num: 20
lzdz-isv.isvjcloud.com	FALSE	/	FALSE	1617221579	LZ_TOKEN_VALUE	B0oH3vDY2bhHWuKbVaJ+XQ==
lzdz-isv.isvjcloud.com	FALSE	/	FALSE	1617221579	LZ_TOKEN_KEY	lztokenpaged4a02f5d1483469cb670aa6dd17616d5
use pt_key
token: AAFgZNVyADCNcCp-Gip6Mxuxtw9umet4VFT2AaREwDVVLQQeB_ELg6eqElHLkmBtQV6RC9SwRks
secretPin: 4YEv+ri88IbQX5lhoqHrzE7oeVP9kq2pYSH90mYt4m3fwcJlClpxrfmVYaGKuquQkdK3rLBQpEQH9V4tdrrh0w==

04/01/21 04:03:00 665837500  1617220980
肥鹅签到蒙牛京东自营旗舰店
{
  "result": false,
  "data": "",
  "count": 0,
  "errorMessage": "活动已结束！"
}
"活动已结束！"
签到蒙牛京东自营旗舰店完成

肥鹅签到蒙牛京东自营旗舰店查看结果, 活动规则
{"result":false,"data":"","count":0,"errorMessage":"活动已结束！"}

{
  "result": false,
  "data": "",
  "count": 0,
  "errorMessage": "活动已结束！"
}
