02/28/21 04:03:54 611163000  1614456234
RANDOM_num: 35
removed '/tmp/tmp.W5Q4DSkSzG'
02/28/21 04:03:56 990289000  1614456236 检查移动签到

real	0m1.757s
user	0m0.047s
sys	0m0.078s
[WARN] get LZ_TOKEN error
02/28/21 04:04:00 991761400  1614456240
use wskey

real	0m1.362s
user	0m0.078s
sys	0m0.141s
02/28/21 04:04:03 518848500  1614456243 token: AAFgOqWyADB-cSoDGmw7HgbjA5IQHMtSMz8eCD-08HM5kPtBBoKA4UtyezuemceI3XSFEXOboFk
parse error: Invalid numeric literal at line 1, column 10

real	0m3.370s
user	0m0.094s
sys	0m0.125s
02/28/21 04:04:07 304003900  1614456247 secretPin: 
[WARN] get secretPin error

02/28/21 04:04:07 617596700  1614456247 移动签到维他奶官方旗舰店

real	0m1.659s
user	0m0.047s
sys	0m0.063s
parse error: Invalid numeric literal at line 1, column 10
parse error: Invalid numeric literal at line 1, column 10
parse error: Invalid numeric literal at line 1, column 10
parse error: Invalid numeric literal at line 1, column 10
02/28/21 04:04:13 704986800 1614456253

real	0m2.048s
user	0m0.016s
sys	0m0.016s

real	0m2.162s
user	0m0.031s
sys	0m0.078s
[WARN] get LZ_TOKEN error
02/28/21 04:04:20 077025500  1614456260
use wskey

real	0m1.321s
user	0m0.109s
sys	0m0.125s
02/28/21 04:04:22 017637400  1614456262 token: AAFgOqXFADCr5UVTGrjNHgRDHLigFqhemzDiPfVFFdtEo5ndqBekFM-CHWz-caRuRdGIcQ6GfDc
parse error: Invalid numeric literal at line 1, column 10

real	0m2.177s
user	0m0.141s
sys	0m0.109s
02/28/21 04:04:24 822574000  1614456264 secretPin: 
[WARN] get secretPin error

02/28/21 04:04:25 350073100  1614456265 移动签到维他奶官方旗舰店

real	0m1.572s
user	0m0.047s
sys	0m0.078s
parse error: Invalid numeric literal at line 1, column 10
parse error: Invalid numeric literal at line 1, column 10
parse error: Invalid numeric literal at line 1, column 10
parse error: Invalid numeric literal at line 1, column 10
02/28/21 04:04:34 865884500 1614456274

real	0m3.083s
user	0m0.000s
sys	0m0.031s

real	0m2.160s
user	0m0.016s
sys	0m0.078s
[WARN] get LZ_TOKEN error
02/28/21 04:04:42 119044500  1614456282
use wskey

real	0m2.329s
user	0m0.141s
sys	0m0.078s
02/28/21 04:04:44 884857200  1614456284 token: AAFgOqXcADDPHLAHt1VxFlJVySpuY7f5d6gv6kWuYqnSrr21GCQ3QklMSvPQ8BeSM_au17GfPkk
parse error: Invalid numeric literal at line 1, column 10

real	0m2.453s
user	0m0.109s
sys	0m0.078s
02/28/21 04:04:48 123502700  1614456288 secretPin: 
[WARN] get secretPin error

02/28/21 04:04:48 639821400  1614456288 移动签到维他奶官方旗舰店

real	0m1.811s
user	0m0.016s
sys	0m0.078s
parse error: Invalid numeric literal at line 1, column 10
parse error: Invalid numeric literal at line 1, column 10
parse error: Invalid numeric literal at line 1, column 10
parse error: Invalid numeric literal at line 1, column 10
02/28/21 04:04:58 122081300 1614456298

real	0m2.941s
user	0m0.000s
sys	0m0.063s

real	0m3.204s
user	0m0.031s
sys	0m0.063s
[WARN] get LZ_TOKEN error
02/28/21 04:05:08 748478000  1614456308
use wskey

real	0m1.939s
user	0m0.125s
sys	0m0.078s
02/28/21 04:05:11 187153200  1614456311 token: AAFgOqX2ADB-YnuaW2XO3pJx4vjDeqNk3m_2LW-Av6mSjYo1UIPwPuGjjDufWSRM5G5hMmr7uzY
parse error: Invalid numeric literal at line 1, column 10

real	0m2.282s
user	0m0.063s
sys	0m0.078s
02/28/21 04:05:14 611922000  1614456314 secretPin: 
[WARN] get secretPin error

02/28/21 04:05:15 076112800  1614456315 移动签到维他奶官方旗舰店

real	0m2.804s
user	0m0.016s
sys	0m0.078s
parse error: Invalid numeric literal at line 1, column 10
parse error: Invalid numeric literal at line 1, column 10
parse error: Invalid numeric literal at line 1, column 10
parse error: Invalid numeric literal at line 1, column 10
02/28/21 04:05:26 088727200 1614456326

real	0m3.332s
user	0m0.016s
sys	0m0.063s

real	0m4.320s
user	0m0.016s
sys	0m0.109s
[WARN] get LZ_TOKEN error
02/28/21 04:05:36 446397800  1614456336
use wskey

real	0m1.659s
user	0m0.141s
sys	0m0.094s
02/28/21 04:05:38 501415000  1614456338 token: AAFgOqYRADBJJSGV25MmKvLxLPwjpL71vYaJKJdnfwF8GvAyMUCWQa8aKfv2YAwIjqsdScaYwVk
parse error: Invalid numeric literal at line 1, column 10

real	0m3.028s
user	0m0.125s
sys	0m0.078s
02/28/21 04:05:42 126056700  1614456342 secretPin: 
[WARN] get secretPin error

02/28/21 04:05:42 822734900  1614456342 移动签到维他奶官方旗舰店

real	0m2.372s
user	0m0.031s
sys	0m0.094s
parse error: Invalid numeric literal at line 1, column 10
parse error: Invalid numeric literal at line 1, column 10
parse error: Invalid numeric literal at line 1, column 10
parse error: Invalid numeric literal at line 1, column 10
02/28/21 04:05:54 044165000 1614456354

real	0m3.649s
user	0m0.016s
sys	0m0.016s

real	0m2.142s
user	0m0.016s
sys	0m0.094s
[WARN] get LZ_TOKEN error
02/28/21 04:06:06 874597600  1614456366
use wskey

real	0m2.678s
user	0m0.094s
sys	0m0.125s
02/28/21 04:06:10 648182700  1614456370 token: AAFgOqYxADBgtSpGNai5ydl3paHlg_L7QN_yxpY-Est-YlPncdMT5Ia3bxQfpIDJ76jil0Lb4BM
parse error: Invalid numeric literal at line 1, column 10

real	0m2.147s
user	0m0.141s
sys	0m0.094s
02/28/21 04:06:13 265979500  1614456373 secretPin: 
[WARN] get secretPin error

02/28/21 04:06:14 094951000  1614456374 移动签到维他奶官方旗舰店

real	0m2.429s
user	0m0.016s
sys	0m0.109s
parse error: Invalid numeric literal at line 1, column 10
parse error: Invalid numeric literal at line 1, column 10
parse error: Invalid numeric literal at line 1, column 10
parse error: Invalid numeric literal at line 1, column 10
02/28/21 04:06:26 362104200 1614456386

real	0m2.398s
user	0m0.000s
sys	0m0.031s

real	0m2.201s
user	0m0.047s
sys	0m0.094s
[WARN] get LZ_TOKEN error
02/28/21 04:06:33 848667100  1614456393
use wskey

real	0m2.766s
user	0m0.109s
sys	0m0.094s
02/28/21 04:06:37 037979900  1614456397 token: AAFgOqZMADBBER2vBJZEq2Q54GT38MZV9HV6-6fYEJf3k31q-yT7cGz8J2Oqvkipz4mwg7Tu2xs
parse error: Invalid numeric literal at line 1, column 10

real	0m3.498s
user	0m0.063s
sys	0m0.141s
02/28/21 04:06:41 111712200  1614456401 secretPin: 
[WARN] get secretPin error

02/28/21 04:06:41 450823600  1614456401 移动签到维他奶官方旗舰店

real	0m1.978s
user	0m0.031s
sys	0m0.078s
parse error: Invalid numeric literal at line 1, column 10
parse error: Invalid numeric literal at line 1, column 10
parse error: Invalid numeric literal at line 1, column 10
parse error: Invalid numeric literal at line 1, column 10
02/28/21 04:06:51 196593200 1614456411

real	0m3.164s
user	0m0.000s
sys	0m0.031s

real	0m2.187s
user	0m0.031s
sys	0m0.078s
[WARN] get LZ_TOKEN error
02/28/21 04:06:59 109346400  1614456419
use wskey

real	0m2.437s
user	0m0.109s
sys	0m0.125s
02/28/21 04:07:02 645818600  1614456422 token: AAFgOqZlADB32zZP9of1UD-BKLPc6zCFdDGdJGz4aPbLm_LvVi5mHRIkUxYhFfLT5m-unNr8jQU
parse error: Invalid numeric literal at line 1, column 10

real	0m3.257s
user	0m0.125s
sys	0m0.094s
02/28/21 04:07:07 078880100  1614456427 secretPin: 
[WARN] get secretPin error

02/28/21 04:07:07 611030100  1614456427 移动签到维他奶官方旗舰店

real	0m1.880s
user	0m0.078s
sys	0m0.063s
parse error: Invalid numeric literal at line 1, column 10
parse error: Invalid numeric literal at line 1, column 10
parse error: Invalid numeric literal at line 1, column 10
parse error: Invalid numeric literal at line 1, column 10
02/28/21 04:07:16 160075100 1614456436

real	0m3.720s
user	0m0.000s
sys	0m0.047s

real	0m1.967s
user	0m0.016s
sys	0m0.094s
[WARN] get LZ_TOKEN error
02/28/21 04:07:24 190965900  1614456444
use wskey

real	0m2.708s
user	0m0.094s
sys	0m0.094s
02/28/21 04:07:27 474493200  1614456447 token: AAFgOqZ-ADCB5po6acAZHngrhFSFZgd59y1Tp7K7451rbAbfzvPOrltxnvAWbr_rhhD2nMKppoc
parse error: Invalid numeric literal at line 1, column 10

real	0m2.636s
user	0m0.109s
sys	0m0.156s
02/28/21 04:07:30 985319100  1614456450 secretPin: 
[WARN] get secretPin error

02/28/21 04:07:31 490026000  1614456451 移动签到维他奶官方旗舰店

real	0m1.329s
user	0m0.047s
sys	0m0.094s
parse error: Invalid numeric literal at line 1, column 10
parse error: Invalid numeric literal at line 1, column 10
parse error: Invalid numeric literal at line 1, column 10
parse error: Invalid numeric literal at line 1, column 10
02/28/21 04:07:44 897165000 1614456464

real	0m3.871s
user	0m0.000s
sys	0m0.063s

real	0m2.310s
user	0m0.047s
sys	0m0.109s
[WARN] get LZ_TOKEN error
02/28/21 04:07:52 589095500  1614456472
use wskey

real	0m2.104s
user	0m0.109s
sys	0m0.078s
02/28/21 04:07:55 541997200  1614456475 token: AAFgOqaaADAy3AD--eSBy2VSb-wMh9B563tJYNMoUxYnliGNQiCTen91dPjxJ9WtPCuA0lIS6lY
parse error: Invalid numeric literal at line 1, column 10

real	0m2.740s
user	0m0.141s
sys	0m0.078s
02/28/21 04:07:59 582336100  1614456479 secretPin: 
[WARN] get secretPin error

02/28/21 04:08:00 617904300  1614456480 移动签到维他奶官方旗舰店

real	0m2.054s
user	0m0.031s
sys	0m0.078s
parse error: Invalid numeric literal at line 1, column 10
parse error: Invalid numeric literal at line 1, column 10
parse error: Invalid numeric literal at line 1, column 10
parse error: Invalid numeric literal at line 1, column 10
02/28/21 04:08:10 856392800 1614456490

real	0m3.540s
user	0m0.000s
sys	0m0.031s

real	0m3.150s
user	0m0.000s
sys	0m0.172s
[WARN] get LZ_TOKEN error
02/28/21 04:08:19 731629500  1614456499
use wskey

real	0m2.503s
user	0m0.125s
sys	0m0.109s
02/28/21 04:08:23 343300200  1614456503 token: AAFgOqa2ADCYJl8SRrWvMPTN4cNaAfiBu1gvZhqMLoLLfJSSa_lOkeipwALoAL3YEWRJWGjDO3g
parse error: Invalid numeric literal at line 1, column 10

real	0m3.196s
user	0m0.156s
sys	0m0.078s
02/28/21 04:08:27 595645100  1614456507 secretPin: 
[WARN] get secretPin error

02/28/21 04:08:28 491304200  1614456508 移动签到维他奶官方旗舰店

real	0m2.402s
user	0m0.031s
sys	0m0.078s
parse error: Invalid numeric literal at line 1, column 10
parse error: Invalid numeric literal at line 1, column 10
parse error: Invalid numeric literal at line 1, column 10
parse error: Invalid numeric literal at line 1, column 10
02/28/21 04:08:39 394843200 1614456519

real	0m3.766s
user	0m0.000s
sys	0m0.031s

real	0m1.885s
user	0m0.031s
sys	0m0.063s
[WARN] get LZ_TOKEN error
02/28/21 04:08:46 498133300  1614456526
use wskey

real	0m2.969s
user	0m0.109s
sys	0m0.109s
02/28/21 04:08:50 031029100  1614456530 token: AAFgOqbRADAvfPr6VrPQUlmQsIW_vJ9m-h_ewb3X8mbaeOIIGH08AzR56-qatXIhHhJjLusEW30
parse error: Invalid numeric literal at line 1, column 10

real	0m3.492s
user	0m0.125s
sys	0m0.078s
02/28/21 04:08:54 018338500  1614456534 secretPin: 
[WARN] get secretPin error

02/28/21 04:08:54 952776700  1614456534 移动签到维他奶官方旗舰店

real	0m3.239s
user	0m0.031s
sys	0m0.094s
parse error: Invalid numeric literal at line 1, column 10
parse error: Invalid numeric literal at line 1, column 10
parse error: Invalid numeric literal at line 1, column 10
parse error: Invalid numeric literal at line 1, column 10
02/28/21 04:09:09 189979000 1614456549

real	0m3.827s
user	0m0.000s
sys	0m0.031s

real	0m2.004s
user	0m0.031s
sys	0m0.125s
[WARN] get LZ_TOKEN error
02/28/21 04:09:16 229382700  1614456556
use wskey

real	0m2.814s
user	0m0.109s
sys	0m0.109s
02/28/21 04:09:19 787349900  1614456559 token: AAFgOqbuADBJBDaMFx0IrUiZXqK2jQbODDIcNqARamIhQINvn84Iy8fGvYOTyO2D9DZlgTTg2a4
parse error: Invalid numeric literal at line 1, column 10

real	0m2.452s
user	0m0.094s
sys	0m0.125s
02/28/21 04:09:22 992412300  1614456562 secretPin: 
[WARN] get secretPin error

02/28/21 04:09:23 430234000  1614456563 移动签到维他奶官方旗舰店

real	0m2.863s
user	0m0.031s
sys	0m0.125s
parse error: Invalid numeric literal at line 1, column 10
parse error: Invalid numeric literal at line 1, column 10
parse error: Invalid numeric literal at line 1, column 10
parse error: Invalid numeric literal at line 1, column 10
02/28/21 04:09:35 485311600 1614456575

real	0m4.331s
user	0m0.000s
sys	0m0.047s

real	0m1.703s
user	0m0.031s
sys	0m0.078s
[WARN] get LZ_TOKEN error
02/28/21 04:09:43 510869700  1614456583
use wskey

real	0m2.554s
user	0m0.125s
sys	0m0.078s
02/28/21 04:09:46 995838300  1614456586 token: AAFgOqcJADCRywup0CZg02yzmsDQhB-YibDgMydauZt31H9asCW5mXrhHIuFIAfmaoaBea3titY
parse error: Invalid numeric literal at line 1, column 10

real	0m3.078s
user	0m0.094s
sys	0m0.156s
02/28/21 04:09:50 523015100  1614456590 secretPin: 
[WARN] get secretPin error

02/28/21 04:09:51 164581500  1614456591 移动签到维他奶官方旗舰店

real	0m2.222s
user	0m0.000s
sys	0m0.094s
parse error: Invalid numeric literal at line 1, column 10
parse error: Invalid numeric literal at line 1, column 10
parse error: Invalid numeric literal at line 1, column 10
parse error: Invalid numeric literal at line 1, column 10
02/28/21 04:10:00 076238000 1614456600

real	0m4.803s
user	0m0.000s
sys	0m0.063s

real	0m1.780s
user	0m0.047s
sys	0m0.094s
[WARN] get LZ_TOKEN error
02/28/21 04:10:08 938413700  1614456608
use wskey

real	0m2.443s
user	0m0.156s
sys	0m0.109s
02/28/21 04:10:11 792763100  1614456611 token: AAFgOqcjADBKFdfOilxAGZVy0Jjsk8J8LmcT8rX-u2O12zqT66QHy48GCDiqtSXNhWIflMxk4hc
parse error: Invalid numeric literal at line 1, column 10

real	0m2.924s
user	0m0.109s
sys	0m0.078s
02/28/21 04:10:15 193150300  1614456615 secretPin: 
[WARN] get secretPin error

02/28/21 04:10:16 185149000  1614456616 移动签到维他奶官方旗舰店

real	0m2.261s
user	0m0.047s
sys	0m0.078s
parse error: Invalid numeric literal at line 1, column 10
parse error: Invalid numeric literal at line 1, column 10
parse error: Invalid numeric literal at line 1, column 10
parse error: Invalid numeric literal at line 1, column 10
02/28/21 04:10:23 484237000 1614456623

real	0m4.194s
user	0m0.000s
sys	0m0.000s

real	0m1.621s
user	0m0.016s
sys	0m0.063s
[WARN] get LZ_TOKEN error
02/28/21 04:10:30 516663700  1614456630
use wskey

real	0m1.826s
user	0m0.109s
sys	0m0.094s
02/28/21 04:10:33 441350800  1614456633 token: AAFgOqc4ADBXA9FeC-uiyfD1sfWTt8uM0rIgvXewA_c8WmT9GgwgSySk_htmNMBsz7e8Ggd9cm4
parse error: Invalid numeric literal at line 1, column 10

real	0m2.275s
user	0m0.094s
sys	0m0.078s
02/28/21 04:10:36 187915100  1614456636 secretPin: 
[WARN] get secretPin error

02/28/21 04:10:36 786466700  1614456636 移动签到维他奶官方旗舰店

real	0m2.462s
user	0m0.047s
sys	0m0.109s
parse error: Invalid numeric literal at line 1, column 10
parse error: Invalid numeric literal at line 1, column 10
parse error: Invalid numeric literal at line 1, column 10
parse error: Invalid numeric literal at line 1, column 10
02/28/21 04:10:43 455414600 1614456643

real	0m4.622s
user	0m0.000s
sys	0m0.031s

real	0m2.792s
user	0m0.063s
sys	0m0.078s
[WARN] get LZ_TOKEN error
02/28/21 04:10:52 147096300  1614456652
use wskey

real	0m1.667s
user	0m0.109s
sys	0m0.109s
02/28/21 04:10:54 280990100  1614456654 token: AAFgOqdNADDQoaRX3dBXIUrcT3eEc7801ExRtyDltJvnfCyMEctP1QhxW3u1AniFu2xi5NWlWIE
parse error: Invalid numeric literal at line 1, column 10

real	0m2.123s
user	0m0.141s
sys	0m0.125s
02/28/21 04:10:56 885253600  1614456656 secretPin: 
[WARN] get secretPin error

02/28/21 04:10:57 266469300  1614456657 移动签到维他奶官方旗舰店

real	0m1.725s
user	0m0.016s
sys	0m0.063s
parse error: Invalid numeric literal at line 1, column 10
parse error: Invalid numeric literal at line 1, column 10
parse error: Invalid numeric literal at line 1, column 10
parse error: Invalid numeric literal at line 1, column 10
02/28/21 04:11:05 129264200 1614456665

real	0m4.617s
user	0m0.016s
sys	0m0.047s

real	0m2.341s
user	0m0.047s
sys	0m0.078s
[WARN] get LZ_TOKEN error
02/28/21 04:11:14 031334900  1614456674
use wskey

real	0m1.981s
user	0m0.078s
sys	0m0.125s
02/28/21 04:11:16 471214100  1614456676 token: AAFgOqdjADCiYsmjU4-dRl_HyZzyTOohutvW3AUttzhS1nFI4dvlLpesgKMNHF0Hkp_t1idcACo
parse error: Invalid numeric literal at line 1, column 10

real	0m1.860s
user	0m0.125s
sys	0m0.063s
02/28/21 04:11:18 660388800  1614456678 secretPin: 
[WARN] get secretPin error

02/28/21 04:11:18 971028800  1614456678 移动签到维他奶官方旗舰店

real	0m1.714s
user	0m0.031s
sys	0m0.047s
parse error: Invalid numeric literal at line 1, column 10
parse error: Invalid numeric literal at line 1, column 10
parse error: Invalid numeric literal at line 1, column 10
parse error: Invalid numeric literal at line 1, column 10
02/28/21 04:11:23 835297600 1614456683

real	0m4.527s
user	0m0.000s
sys	0m0.031s

real	0m1.686s
user	0m0.016s
sys	0m0.078s
[WARN] get LZ_TOKEN error
02/28/21 04:11:31 331139100  1614456691
use wskey

real	0m0.872s
user	0m0.109s
sys	0m0.156s
02/28/21 04:11:33 446462800  1614456693 token: AAFgOqd0ADBmfWHKRF0d908SnNxA1powZvUP5OF90PFJleiqFxUGET3Qc3f-4mSM3Yp7WHUdxYg
parse error: Invalid numeric literal at line 1, column 10

real	0m1.863s
user	0m0.156s
sys	0m0.141s
02/28/21 04:11:35 622954200  1614456695 secretPin: 
[WARN] get secretPin error

02/28/21 04:11:36 036371200  1614456696 移动签到维他奶官方旗舰店

real	0m1.230s
user	0m0.047s
sys	0m0.094s
parse error: Invalid numeric literal at line 1, column 10
parse error: Invalid numeric literal at line 1, column 10
parse error: Invalid numeric literal at line 1, column 10
parse error: Invalid numeric literal at line 1, column 10
02/28/21 04:11:40 775908000 1614456700

real	0m4.519s
user	0m0.000s
sys	0m0.016s

real	0m1.076s
user	0m0.031s
sys	0m0.078s
[WARN] get LZ_TOKEN error
02/28/21 04:11:47 151404300  1614456707
use wskey

real	0m1.332s
user	0m0.109s
sys	0m0.094s
02/28/21 04:11:48 730185700  1614456708 token: AAFgOqeEADB_2_IIYS7IK06P3SqO9MAsSK0A7PNnvcl_HLtzXgKLSH3MmyCLdLidiwBRxl9Nvqc
parse error: Invalid numeric literal at line 1, column 10

real	0m0.898s
user	0m0.094s
sys	0m0.125s
02/28/21 04:11:49 826371200  1614456709 secretPin: 
[WARN] get secretPin error

02/28/21 04:11:50 082697400  1614456710 移动签到维他奶官方旗舰店

real	0m0.983s
user	0m0.078s
sys	0m0.078s
parse error: Invalid numeric literal at line 1, column 10
parse error: Invalid numeric literal at line 1, column 10
parse error: Invalid numeric literal at line 1, column 10
parse error: Invalid numeric literal at line 1, column 10
02/28/21 04:11:53 025269700 1614456713

real	0m4.546s
user	0m0.000s
sys	0m0.047s
02/28/21 04:12:33 560867200  1614456753
parse error: Invalid numeric literal at line 1, column 10
签到是否成功解析失败. 不再写/home/myid/jd/jd_signup/lzkj_sevenDay_vender/shop_1613569750_65_delay

移动签到维他奶官方旗舰店查看结果, 活动规则
<!DOCTYPE html>
<html>
 <head> 
  <title>京东</title> 
  <meta charset="utf-8" /> 
  <meta name="apple-mobile-web-app-capable" content="yes" /> 
  <meta name="viewport" content="width=device-width,initial-scale=1,user-scalable=no,maximum-scale=1,viewport-fit=cover" /> 
  <meta name="format-detection" content="telephone=no" /> 
  <meta name="x5-cache" content="enable" /> 
  <link rel="stylesheet" href="https://storage.360buyimg.com/babel/00162638/333378/production/dev/parser.1526555535098.css?t=20180517191236" /> 
  <style> img {
            opacity: 1 !important;
        } </style> 
  <link href="https://storage.360buyimg.com/babel/00170893/348321/production/dev/index.7320a380.css?t=20180802150952" rel="stylesheet" />
 </head> 
 <body style="background:#fff;" id="root"> 
  <div class="errorPage"> 
  </div> 
  <div class="placeholer"> 
  </div> 
  <script src="https://wl.jd.com/unify.min.js"></script> 
  <script type="text/javascript" src="https://storage.360buyimg.com/babel/00170893/348321/production/dev/index.0f8f4dba.js?t=20180802150952"></script> 
 </body>
</html>

#店铺名称
vendername="维他奶官方旗舰店"
#店铺激活码
actId="35d14c0f97194095934fbde1271ff651"
#店铺id
venderId="10353060"
#长链接
url="https://lzkj-isv.isvjcloud.com/sign/sevenDay/signActivity?activityId=35d14c0f97194095934fbde1271ff651&venderId=10353060&adsource=tg_xuanFuTuBiao"

startTime=1612251960
endTime=1614527940
# 活动时间：2021-02-02 15:46 - 2021-02-28 23:59；
# 奖励说明：
actRule="
7天签到
连续签到1天：10店铺积分
连续签到2天：
连续签到3天：20店铺积分
连续签到4天：
连续签到5天：
连续签到6天：
连续签到7天：100店铺积分
"
#移动 jd_OeTNobRVGiNZ sign_res
sign_num="4"
giftName="null"
giftRes="ok"
giftDate="20210227"
sign_res_info="7天签到 第 4 天
当天签到奖励 [null]"
#移动 jd_OeTNobRVGiNZ sign_res_end
#赵 122294312-396444 sign_res
sign_num="3"
giftName=""20店铺积分""
giftRes="ok"
giftDate="20210227"
sign_res_info="7天签到 第 3 天
当天签到奖励 ["20店铺积分"]"
#赵 122294312-396444 sign_res_end
#王 1309893722-164885 sign_res
sign_num="3"
giftName=""20店铺积分""
giftRes="ok"
giftDate="20210227"
sign_res_info="7天签到 第 3 天
当天签到奖励 ["20店铺积分"]"
#王 1309893722-164885 sign_res_end
#肥鹅 jd_4d651d9e48204 sign_res
sign_num="3"
giftName=""20店铺积分""
giftRes="ok"
giftDate="20210227"
sign_res_info="7天签到 第 3 天
当天签到奖励 ["20店铺积分"]"
#肥鹅 jd_4d651d9e48204 sign_res_end
