RANDOM_num: 15
lzdz-isv.isvjcloud.com	FALSE	/	FALSE	1617384193	LZ_TOKEN_VALUE	B0oH3vDY2bhHWuKbVaJ+XQ==
lzdz-isv.isvjcloud.com	FALSE	/	FALSE	1617384193	LZ_TOKEN_KEY	lztokenpageef203f15c89548d0968b7ebc04744806
use pt_key
token: AAFgZ1CpADCQhDsKUlVunSkxYJSqT5vx26JZ5SRUXijo8BojqxWeEbVG4EtKVZYCsK-JHWedD2w
secretPin: 4YEv+ri88IbQX5lhoqHrzE7oeVP9kq2pYSH90mYt4m3fwcJlClpxrfmVYaGKuquQkdK3rLBQpEQH9V4tdrrh0w==

04/03/21 01:13:14 306780100  1617383594
肥鹅签到蒙牛京东自营旗舰店
{
  "result": false,
  "data": "",
  "count": 0,
  "errorMessage": "活动已结束！"
}
"活动已结束！"
签到蒙牛京东自营旗舰店完成

肥鹅签到蒙牛京东自营旗舰店查看结果, 活动规则
{"result":false,"data":"","count":0,"errorMessage":"活动已结束！"}

{
  "result": false,
  "data": "",
  "count": 0,
  "errorMessage": "活动已结束！"
}
