02/24/21 01:14:39 970429800  1614100479
RANDOM_num: 5
removed '/tmp/tmp.BHEHNTkBqC'
02/24/21 01:14:40 092855800  1614100480 检查jd_4d651d9e48204签到
removed '/tmp/tmp.Wrtxg4OjD0'
02/24/21 01:14:40 187005100  1614100480 检查jd_OeTNobRVGiNZ签到

02/24/21 01:14:40 235360200  1614100480 肥鹅签到泰福高（TAFUCO）京东自营旗舰店

real	0m0.194s
user	0m0.000s
sys	0m0.078s
{"code":200,"data":[{"level":0,"prizeList":[{"discount":1.00,"type":4,"number":300000,"budgetNum":300000,"userPirzeStatus":2,"class":"com.jd.interact.center.client.api.user.domain.InteractUserPrize","status":2}],"signType":0,"class":"com.jd.interact.center.client.api.color.domain.sign.ShopSignInteractUserPrizeRule","userPrizeRuleStatus":2}],"class":"com.jd.interact.center.client.api.common.param.Results","success":true}

02/24/21 01:14:40 515826700  1614100480 移动签到泰福高（TAFUCO）京东自营旗舰店

real	0m0.235s
user	0m0.000s
sys	0m0.063s
{"code":200,"data":[{"level":0,"prizeList":[{"discount":1.00,"type":4,"number":300000,"budgetNum":300000,"userPirzeStatus":2,"class":"com.jd.interact.center.client.api.user.domain.InteractUserPrize","status":2}],"signType":0,"class":"com.jd.interact.center.client.api.color.domain.sign.ShopSignInteractUserPrizeRule","userPrizeRuleStatus":2}],"class":"com.jd.interact.center.client.api.common.param.Results","success":true}
02/24/21 01:14:40 834788400 1614100480
02/24/21 01:14:40 847370400 1614100480 签到泰福高（TAFUCO）京东自营旗舰店完成

02/24/21 01:14:45 916433900  1614100485
肥鹅签到泰福高（TAFUCO）京东自营旗舰店查看结果
200
首次签到成功. 写入giftName: 奖励 1, type=4; 

***********************************************
2021/02/20_00:00:00  2    未签到
2021/02/21_01:15:08  2    [已~签~到]
2021/02/22_01:09:19  2    [已~签~到]
2021/02/23_01:09:02  2    [已~签~到]
2021/02/24_01:14:40  1    [已~签~到]
2021/02/25_00:00:00  3    未签到
2021/02/26_00:00:00  3    未签到
2021/02/27_00:00:00  3    未签到
2021/02/28_00:00:00  3    未签到
当天签到奖励 [奖励 1, type=4; ]
已签到 4 天
***********************************************

移动签到泰福高（TAFUCO）京东自营旗舰店查看结果
200
首次签到成功. 写入giftName: 奖励 1, type=4; 

***********************************************
2021/02/20_21:57:25  2    [已~签~到]
2021/02/21_01:15:08  2    [已~签~到]
2021/02/22_01:09:19  2    [已~签~到]
2021/02/23_01:09:03  2    [已~签~到]
2021/02/24_01:14:40  1    [已~签~到]
2021/02/25_00:00:00  3    未签到
2021/02/26_00:00:00  3    未签到
2021/02/27_00:00:00  3    未签到
2021/02/28_00:00:00  3    未签到
当天签到奖励 [奖励 1, type=4; ]
已签到 5 天
***********************************************



肥鹅签到泰福高（TAFUCO）京东自营旗舰店日志
{"code":200,"data":{"signRecords":[{"signTime":1613750400000,"currentDay":2,"signed":1,"class":"com.jd.interact.center.client.api.color.domain.sign.InteractActivityUserActionRecord"},{"signTime":1613841308461,"currentDay":2,"signed":2,"class":"com.jd.interact.center.client.api.color.domain.sign.InteractActivityUserActionRecord"},{"signTime":1613927359310,"currentDay":2,"signed":2,"class":"com.jd.interact.center.client.api.color.domain.sign.InteractActivityUserActionRecord"},{"signTime":1614013742799,"currentDay":2,"signed":2,"class":"com.jd.interact.center.client.api.color.domain.sign.InteractActivityUserActionRecord"},{"signTime":1614100480344,"currentDay":1,"signed":2,"class":"com.jd.interact.center.client.api.color.domain.sign.InteractActivityUserActionRecord"},{"signTime":1614182400000,"currentDay":3,"signed":1,"class":"com.jd.interact.center.client.api.color.domain.sign.InteractActivityUserActionRecord"},{"signTime":1614268800000,"currentDay":3,"signed":1,"class":"com.jd.interact.center.client.api.color.domain.sign.InteractActivityUserActionRecord"},{"signTime":1614355200000,"currentDay":3,"signed":1,"class":"com.jd.interact.center.client.api.color.domain.sign.InteractActivityUserActionRecord"},{"signTime":1614441600000,"currentDay":3,"signed":1,"class":"com.jd.interact.center.client.api.color.domain.sign.InteractActivityUserActionRecord"}],"days":4,"class":"com.jd.interact.center.client.api.color.domain.sign.ShopSignUserRecord"},"class":"com.jd.interact.center.client.api.common.param.Results","success":true}
{
  "contiSignNum": 4
}
移动签到泰福高（TAFUCO）京东自营旗舰店日志
{"code":200,"data":{"signRecords":[{"signTime":1613829445382,"currentDay":2,"signed":2,"class":"com.jd.interact.center.client.api.color.domain.sign.InteractActivityUserActionRecord"},{"signTime":1613841308782,"currentDay":2,"signed":2,"class":"com.jd.interact.center.client.api.color.domain.sign.InteractActivityUserActionRecord"},{"signTime":1613927359876,"currentDay":2,"signed":2,"class":"com.jd.interact.center.client.api.color.domain.sign.InteractActivityUserActionRecord"},{"signTime":1614013743267,"currentDay":2,"signed":2,"class":"com.jd.interact.center.client.api.color.domain.sign.InteractActivityUserActionRecord"},{"signTime":1614100480631,"currentDay":1,"signed":2,"class":"com.jd.interact.center.client.api.color.domain.sign.InteractActivityUserActionRecord"},{"signTime":1614182400000,"currentDay":3,"signed":1,"class":"com.jd.interact.center.client.api.color.domain.sign.InteractActivityUserActionRecord"},{"signTime":1614268800000,"currentDay":3,"signed":1,"class":"com.jd.interact.center.client.api.color.domain.sign.InteractActivityUserActionRecord"},{"signTime":1614355200000,"currentDay":3,"signed":1,"class":"com.jd.interact.center.client.api.color.domain.sign.InteractActivityUserActionRecord"},{"signTime":1614441600000,"currentDay":3,"signed":1,"class":"com.jd.interact.center.client.api.color.domain.sign.InteractActivityUserActionRecord"}],"days":5,"class":"com.jd.interact.center.client.api.color.domain.sign.ShopSignUserRecord"},"class":"com.jd.interact.center.client.api.common.param.Results","success":true}
{
  "contiSignNum": 5
}
# 短链接
suo_url=""
venderId=1000001710
startTime=1613750400000
endTime=1614527999000
activityId=10272013
token=32DEC15741D404DBA4EB19ECCF1B2C6E
#店铺名称
vendername="泰福高（TAFUCO）京东自营旗舰店"
# 长链接
url=https://h5.m.jd.com/babelDiy/Zeus/2PAAf74aG3D61qvfKUM5dxUssJQ9/index.html?token=32DEC15741D404DBA4EB19ECCF1B2C6E
# 活动时间：2021.02.20 00:00:00 - 2021.02.28 23:59:59
# 奖励说明：
actRule="
每日签到：1京豆
连续签到7天：5京豆
"
#赵 122294312-396444 sign_res
sign_res="
signTime=1613750400;signed=1;currentDay=2
signTime=1613841274;signed=2;currentDay=2
signTime=1613927346;signed=2;currentDay=2
signTime=1614013702;signed=2;currentDay=2
signTime=1614100431;signed=2;currentDay=1
signTime=1614182400;signed=1;currentDay=3
signTime=1614268800;signed=1;currentDay=3
signTime=1614355200;signed=1;currentDay=3
signTime=1614441600;signed=1;currentDay=3"
sign_num="4"
giftName="奖励 1, type=4; "
giftRes="ok"
giftDate="20210224"
sign_res_info="
2021/02/20_00:00:00  2    未签到
2021/02/21_01:14:34  2    [已~签~到]
2021/02/22_01:09:06  2    [已~签~到]
2021/02/23_01:08:22  2    [已~签~到]
2021/02/24_01:13:51  1    [已~签~到]
2021/02/25_00:00:00  3    未签到
2021/02/26_00:00:00  3    未签到
2021/02/27_00:00:00  3    未签到
2021/02/28_00:00:00  3    未签到
当天签到奖励 [奖励 1, type=4; ]
已签到 4 天"
#赵 122294312-396444 sign_res_end
#王 1309893722-164885 sign_res
sign_res="
signTime=1613750400;signed=1;currentDay=2
signTime=1613841274;signed=2;currentDay=2
signTime=1613927347;signed=2;currentDay=2
signTime=1614013702;signed=2;currentDay=2
signTime=1614100432;signed=2;currentDay=1
signTime=1614182400;signed=1;currentDay=3
signTime=1614268800;signed=1;currentDay=3
signTime=1614355200;signed=1;currentDay=3
signTime=1614441600;signed=1;currentDay=3"
sign_num="4"
giftName="奖励 1, type=4; "
giftRes="ok"
giftDate="20210224"
sign_res_info="
2021/02/20_00:00:00  2    未签到
2021/02/21_01:14:34  2    [已~签~到]
2021/02/22_01:09:07  2    [已~签~到]
2021/02/23_01:08:22  2    [已~签~到]
2021/02/24_01:13:52  1    [已~签~到]
2021/02/25_00:00:00  3    未签到
2021/02/26_00:00:00  3    未签到
2021/02/27_00:00:00  3    未签到
2021/02/28_00:00:00  3    未签到
当天签到奖励 [奖励 1, type=4; ]
已签到 4 天"
#王 1309893722-164885 sign_res_end
#肥鹅 jd_4d651d9e48204 sign_res
sign_res="
signTime=1613750400;signed=1;currentDay=2
signTime=1613841308;signed=2;currentDay=2
signTime=1613927359;signed=2;currentDay=2
signTime=1614013742;signed=2;currentDay=2
signTime=1614100480;signed=2;currentDay=1
signTime=1614182400;signed=1;currentDay=3
signTime=1614268800;signed=1;currentDay=3
signTime=1614355200;signed=1;currentDay=3
signTime=1614441600;signed=1;currentDay=3"
sign_num="4"
giftName="奖励 1, type=4; "
giftRes="ok"
giftDate="20210224"
sign_res_info="
2021/02/20_00:00:00  2    未签到
2021/02/21_01:15:08  2    [已~签~到]
2021/02/22_01:09:19  2    [已~签~到]
2021/02/23_01:09:02  2    [已~签~到]
2021/02/24_01:14:40  1    [已~签~到]
2021/02/25_00:00:00  3    未签到
2021/02/26_00:00:00  3    未签到
2021/02/27_00:00:00  3    未签到
2021/02/28_00:00:00  3    未签到
当天签到奖励 [奖励 1, type=4; ]
已签到 4 天"
#肥鹅 jd_4d651d9e48204 sign_res_end
#移动 jd_OeTNobRVGiNZ sign_res
sign_res="
signTime=1613829445;signed=2;currentDay=2
signTime=1613841308;signed=2;currentDay=2
signTime=1613927359;signed=2;currentDay=2
signTime=1614013743;signed=2;currentDay=2
signTime=1614100480;signed=2;currentDay=1
signTime=1614182400;signed=1;currentDay=3
signTime=1614268800;signed=1;currentDay=3
signTime=1614355200;signed=1;currentDay=3
signTime=1614441600;signed=1;currentDay=3"
sign_num="5"
giftName="奖励 1, type=4; "
giftRes="ok"
giftDate="20210224"
sign_res_info="
2021/02/20_21:57:25  2    [已~签~到]
2021/02/21_01:15:08  2    [已~签~到]
2021/02/22_01:09:19  2    [已~签~到]
2021/02/23_01:09:03  2    [已~签~到]
2021/02/24_01:14:40  1    [已~签~到]
2021/02/25_00:00:00  3    未签到
2021/02/26_00:00:00  3    未签到
2021/02/27_00:00:00  3    未签到
2021/02/28_00:00:00  3    未签到
当天签到奖励 [奖励 1, type=4; ]
已签到 5 天"
#移动 jd_OeTNobRVGiNZ sign_res_end
