02/27/21 01:18:08 988148100  1614359888
RANDOM_num: 45
removed '/tmp/tmp.ZElwdUiRO5'
02/27/21 01:18:11 398930900  1614359891 检查移动签到

real	0m1.148s
user	0m0.031s
sys	0m0.063s
[WARN] get LZ_TOKEN error
02/27/21 01:18:15 682508700  1614359895
use wskey

real	0m1.615s
user	0m0.125s
sys	0m0.078s
02/27/21 01:18:17 760967000  1614359897 token: AAFgOS1ZADCHq9c4udYgQ0-vsvIGBiJn95tJSs5zEZ50R4myxaY5qd6PWhVjSMOdu8MM3X01bpw
parse error: Invalid numeric literal at line 1, column 10

real	0m1.246s
user	0m0.063s
sys	0m0.078s
02/27/21 01:18:19 196624100  1614359899 secretPin: 
[WARN] get secretPin error

02/27/21 01:18:19 636450800  1614359899 移动签到泉林本色京东自营旗舰店

real	0m1.364s
user	0m0.031s
sys	0m0.094s
parse error: Invalid numeric literal at line 1, column 10
parse error: Invalid numeric literal at line 1, column 10
parse error: Invalid numeric literal at line 1, column 10
parse error: Invalid numeric literal at line 1, column 10
02/27/21 01:18:26 727879800 1614359906

real	0m2.031s
user	0m0.000s
sys	0m0.031s

real	0m1.759s
user	0m0.031s
sys	0m0.063s
[WARN] get LZ_TOKEN error
02/27/21 01:18:31 600949000  1614359911
use wskey

real	0m2.193s
user	0m0.141s
sys	0m0.063s
02/27/21 01:18:34 362619200  1614359914 token: AAFgOS1pADD1wuuOW1DMTtn9qLmdjTXXouQRhN1a_X07wcMsr63SjjfCi7SXRiu4Ja26el-Xw2g
parse error: Invalid numeric literal at line 1, column 10

real	0m2.362s
user	0m0.125s
sys	0m0.078s
02/27/21 01:18:37 169969600  1614359917 secretPin: 
[WARN] get secretPin error

02/27/21 01:18:37 605979500  1614359917 移动签到泉林本色京东自营旗舰店

real	0m1.517s
user	0m0.063s
sys	0m0.078s
parse error: Invalid numeric literal at line 1, column 10
parse error: Invalid numeric literal at line 1, column 10
parse error: Invalid numeric literal at line 1, column 10
parse error: Invalid numeric literal at line 1, column 10
02/27/21 01:18:44 416147600 1614359924

real	0m1.658s
user	0m0.000s
sys	0m0.000s

real	0m1.786s
user	0m0.000s
sys	0m0.063s
[WARN] get LZ_TOKEN error
02/27/21 01:18:49 097522900  1614359929
use wskey

real	0m2.008s
user	0m0.125s
sys	0m0.094s
02/27/21 01:18:51 863659300  1614359931 token: AAFgOS17ADAgtS0RGbfhHRjKk8e8RtE9BqiXBd_sHb0oxNE3UuU-ORwNpXcdDf_OQcPr8P4Lmg4
parse error: Invalid numeric literal at line 1, column 10

real	0m1.734s
user	0m0.125s
sys	0m0.125s
02/27/21 01:18:55 210818000  1614359935 secretPin: 
[WARN] get secretPin error

02/27/21 01:18:55 577181800  1614359935 移动签到泉林本色京东自营旗舰店

real	0m1.527s
user	0m0.016s
sys	0m0.094s
parse error: Invalid numeric literal at line 1, column 10
parse error: Invalid numeric literal at line 1, column 10
parse error: Invalid numeric literal at line 1, column 10
parse error: Invalid numeric literal at line 1, column 10
02/27/21 01:19:02 564252400 1614359942

real	0m2.081s
user	0m0.000s
sys	0m0.000s

real	0m1.970s
user	0m0.031s
sys	0m0.047s
[WARN] get LZ_TOKEN error
02/27/21 01:19:07 835642400  1614359947
use wskey

real	0m1.901s
user	0m0.125s
sys	0m0.109s
02/27/21 01:19:10 198296600  1614359950 token: AAFgOS2NADAPh0veNewgGp_KHBIXxXOlRBFJX6BK4YATiODXx17WsS8HNyK3hNsfRnP0uidKYFo
parse error: Invalid numeric literal at line 1, column 10

real	0m1.579s
user	0m0.141s
sys	0m0.047s
02/27/21 01:19:12 235281000  1614359952 secretPin: 
[WARN] get secretPin error

02/27/21 01:19:12 926290000  1614359952 移动签到泉林本色京东自营旗舰店

real	0m1.489s
user	0m0.016s
sys	0m0.078s
parse error: Invalid numeric literal at line 1, column 10
parse error: Invalid numeric literal at line 1, column 10
parse error: Invalid numeric literal at line 1, column 10
parse error: Invalid numeric literal at line 1, column 10
02/27/21 01:19:19 100418400 1614359959

real	0m2.302s
user	0m0.000s
sys	0m0.047s

real	0m1.697s
user	0m0.016s
sys	0m0.078s
[WARN] get LZ_TOKEN error
02/27/21 01:19:25 126076400  1614359965
use wskey

real	0m1.669s
user	0m0.109s
sys	0m0.125s
02/27/21 01:19:27 273751800  1614359967 token: AAFgOS2eADAjEAQgBIwV3vyDfjpFNvVWNlZEIZ3sAUaX8vSrYHJoXHzvfcnUO9AnbGzrsPfT_Y4
parse error: Invalid numeric literal at line 1, column 10

real	0m1.839s
user	0m0.156s
sys	0m0.063s
02/27/21 01:19:29 990563300  1614359969 secretPin: 
[WARN] get secretPin error

02/27/21 01:19:30 535632100  1614359970 移动签到泉林本色京东自营旗舰店

real	0m1.603s
user	0m0.063s
sys	0m0.063s
parse error: Invalid numeric literal at line 1, column 10
parse error: Invalid numeric literal at line 1, column 10
parse error: Invalid numeric literal at line 1, column 10
parse error: Invalid numeric literal at line 1, column 10
02/27/21 01:19:38 843525200 1614359978

real	0m2.338s
user	0m0.016s
sys	0m0.063s

real	0m2.217s
user	0m0.031s
sys	0m0.078s
[WARN] get LZ_TOKEN error
02/27/21 01:19:44 726917400  1614359984
use wskey

real	0m1.814s
user	0m0.109s
sys	0m0.094s
02/27/21 01:19:46 909564000  1614359986 token: AAFgOS2yADCa-XW-6ZlBLpQFIGQ5wSqty-B_el-a2Qt_zBgngv-xZzVVWCzVGhe8ZPpWR1ZjLSo
parse error: Invalid numeric literal at line 1, column 10

real	0m2.003s
user	0m0.094s
sys	0m0.109s
02/27/21 01:19:49 209259000  1614359989 secretPin: 
[WARN] get secretPin error

02/27/21 01:19:49 752751900  1614359989 移动签到泉林本色京东自营旗舰店

real	0m1.795s
user	0m0.031s
sys	0m0.109s
parse error: Invalid numeric literal at line 1, column 10
parse error: Invalid numeric literal at line 1, column 10
parse error: Invalid numeric literal at line 1, column 10
parse error: Invalid numeric literal at line 1, column 10
02/27/21 01:19:57 801590100 1614359997

real	0m2.649s
user	0m0.000s
sys	0m0.047s

real	0m2.130s
user	0m0.031s
sys	0m0.094s
[WARN] get LZ_TOKEN error
02/27/21 01:20:03 379745200  1614360003
use wskey

real	0m1.811s
user	0m0.125s
sys	0m0.141s
02/27/21 01:20:05 548855700  1614360005 token: AAFgOS3FADDVkDdjuyuSjmpjjaEy4Yw7UlmyaLlTh_AtBzGhvU4fA6VXMOz8SDfuRs_bX_fVX5s
parse error: Invalid numeric literal at line 1, column 10

real	0m2.040s
user	0m0.109s
sys	0m0.109s
02/27/21 01:20:08 015038700  1614360008 secretPin: 
[WARN] get secretPin error

02/27/21 01:20:08 557895900  1614360008 移动签到泉林本色京东自营旗舰店

real	0m1.621s
user	0m0.047s
sys	0m0.094s
parse error: Invalid numeric literal at line 1, column 10
parse error: Invalid numeric literal at line 1, column 10
parse error: Invalid numeric literal at line 1, column 10
parse error: Invalid numeric literal at line 1, column 10
02/27/21 01:20:14 458813100 1614360014

real	0m2.493s
user	0m0.000s
sys	0m0.016s

real	0m2.038s
user	0m0.016s
sys	0m0.125s
[WARN] get LZ_TOKEN error
02/27/21 01:20:20 485248900  1614360020
use wskey

real	0m1.269s
user	0m0.109s
sys	0m0.078s
02/27/21 01:20:22 068813300  1614360022 token: AAFgOS3VADCbYIQz4142Ya0wRwGlzxiL7XGk3hCPP6sM2gsRUE5gtuOcreHIARDF4XPYl3iNxs8
parse error: Invalid numeric literal at line 1, column 10

real	0m2.574s
user	0m0.125s
sys	0m0.109s
02/27/21 01:20:25 371494100  1614360025 secretPin: 
[WARN] get secretPin error

02/27/21 01:20:25 896439000  1614360025 移动签到泉林本色京东自营旗舰店

real	0m2.589s
user	0m0.016s
sys	0m0.109s
parse error: Invalid numeric literal at line 1, column 10
parse error: Invalid numeric literal at line 1, column 10
parse error: Invalid numeric literal at line 1, column 10
parse error: Invalid numeric literal at line 1, column 10
02/27/21 01:20:33 642937100 1614360033

real	0m2.733s
user	0m0.000s
sys	0m0.016s

real	0m1.132s
user	0m0.031s
sys	0m0.078s
[WARN] get LZ_TOKEN error
02/27/21 01:20:39 130985200  1614360039
use wskey

real	0m1.984s
user	0m0.109s
sys	0m0.172s
02/27/21 01:20:41 465286400  1614360041 token: AAFgOS3oADDfGygHe3RwdvFNKZi_vuX5u7Kxkdfly2d8U9TrnC5WBBVvVyuKvT5VA2OSqXWKS1o
parse error: Invalid numeric literal at line 1, column 10

real	0m1.594s
user	0m0.094s
sys	0m0.109s
02/27/21 01:20:43 337228400  1614360043 secretPin: 
[WARN] get secretPin error

02/27/21 01:20:43 695637500  1614360043 移动签到泉林本色京东自营旗舰店

real	0m1.212s
user	0m0.047s
sys	0m0.047s
parse error: Invalid numeric literal at line 1, column 10
parse error: Invalid numeric literal at line 1, column 10
parse error: Invalid numeric literal at line 1, column 10
parse error: Invalid numeric literal at line 1, column 10
02/27/21 01:20:49 218070200 1614360049

real	0m3.328s
user	0m0.016s
sys	0m0.047s

real	0m1.740s
user	0m0.016s
sys	0m0.125s
[WARN] get LZ_TOKEN error
02/27/21 01:20:56 341478500  1614360056
use wskey

real	0m1.296s
user	0m0.094s
sys	0m0.109s
02/27/21 01:20:58 149700400  1614360058 token: AAFgOS35ADCQMebKslRpVHgGbGsdxuTH4bCe6olyvxb1cQKFvH5HspPxkUs0P_4aiCjydLXXpGs
parse error: Invalid numeric literal at line 1, column 10

real	0m2.120s
user	0m0.141s
sys	0m0.125s
02/27/21 01:21:00 510582000  1614360060 secretPin: 
[WARN] get secretPin error

02/27/21 01:21:00 779122000  1614360060 移动签到泉林本色京东自营旗舰店

real	0m1.210s
user	0m0.063s
sys	0m0.094s
parse error: Invalid numeric literal at line 1, column 10
parse error: Invalid numeric literal at line 1, column 10
parse error: Invalid numeric literal at line 1, column 10
parse error: Invalid numeric literal at line 1, column 10
02/27/21 01:21:05 766793800 1614360065

real	0m3.027s
user	0m0.000s
sys	0m0.031s

real	0m0.987s
user	0m0.047s
sys	0m0.078s
[WARN] get LZ_TOKEN error
02/27/21 01:21:10 574866800  1614360070
use wskey

real	0m0.927s
user	0m0.156s
sys	0m0.063s
02/27/21 01:21:11 732650300  1614360071 token: AAFgOS4HADCVlXsWApBKZ2uReGHIFay85h0Kp_05Chat329oYHAfWWd29FJQBb1kKsMR1X-onSU
parse error: Invalid numeric literal at line 1, column 10

real	0m1.810s
user	0m0.172s
sys	0m0.141s
02/27/21 01:21:14 451365300  1614360074 secretPin: 
[WARN] get secretPin error

02/27/21 01:21:14 770694800  1614360074 移动签到泉林本色京东自营旗舰店

real	0m0.884s
user	0m0.047s
sys	0m0.063s
parse error: Invalid numeric literal at line 1, column 10
parse error: Invalid numeric literal at line 1, column 10
parse error: Invalid numeric literal at line 1, column 10
parse error: Invalid numeric literal at line 1, column 10
02/27/21 01:21:18 695653300 1614360078

real	0m2.965s
user	0m0.000s
sys	0m0.078s

real	0m1.208s
user	0m0.031s
sys	0m0.094s
[WARN] get LZ_TOKEN error
02/27/21 01:21:24 894240300  1614360084
use wskey

real	0m1.196s
user	0m0.141s
sys	0m0.078s
02/27/21 01:21:26 339062600  1614360086 token: AAFgOS4WADBTGqlGCqJm8HrOsMu3UzCqBFJxlYm4YRWY4l_D-Pa5DZ7mhdGifKQVn1TW4SdKI2s
parse error: Invalid numeric literal at line 1, column 10

real	0m1.243s
user	0m0.125s
sys	0m0.109s
02/27/21 01:21:27 792292700  1614360087 secretPin: 
[WARN] get secretPin error

02/27/21 01:21:28 079036600  1614360088 移动签到泉林本色京东自营旗舰店

real	0m0.865s
user	0m0.016s
sys	0m0.078s
parse error: Invalid numeric literal at line 1, column 10
parse error: Invalid numeric literal at line 1, column 10
parse error: Invalid numeric literal at line 1, column 10
parse error: Invalid numeric literal at line 1, column 10
02/27/21 01:21:32 199724800 1614360092

real	0m3.148s
user	0m0.000s
sys	0m0.078s

real	0m1.133s
user	0m0.031s
sys	0m0.094s
[WARN] get LZ_TOKEN error
02/27/21 01:21:37 239702700  1614360097
use wskey

real	0m1.351s
user	0m0.094s
sys	0m0.078s
02/27/21 01:21:38 806107800  1614360098 token: AAFgOS4iADCOa1fIL2FgM_LBCq1enR2du122QJrbTtw9ja0qE4BRAZdBqLjauF36jn9-hbfNMFI
parse error: Invalid numeric literal at line 1, column 10

real	0m1.535s
user	0m0.141s
sys	0m0.063s
02/27/21 01:21:40 578005800  1614360100 secretPin: 
[WARN] get secretPin error

02/27/21 01:21:40 834162600  1614360100 移动签到泉林本色京东自营旗舰店

real	0m1.086s
user	0m0.031s
sys	0m0.078s
parse error: Invalid numeric literal at line 1, column 10
parse error: Invalid numeric literal at line 1, column 10
parse error: Invalid numeric literal at line 1, column 10
parse error: Invalid numeric literal at line 1, column 10
02/27/21 01:21:45 669755100 1614360105

real	0m3.301s
user	0m0.000s
sys	0m0.031s

real	0m1.045s
user	0m0.031s
sys	0m0.094s
[WARN] get LZ_TOKEN error
02/27/21 01:21:50 991515800  1614360110
use wskey

real	0m1.663s
user	0m0.078s
sys	0m0.078s
02/27/21 01:21:53 138507600  1614360113 token: AAFgOS4wADDaN4A-MCmqHN3sUUTEZ9WDcAinCkfI8ijsyqcDr_d1BEPOR8thK1MFw3eQwfdnuGw
parse error: Invalid numeric literal at line 1, column 10

real	0m2.155s
user	0m0.141s
sys	0m0.078s
02/27/21 01:21:55 473168500  1614360115 secretPin: 
[WARN] get secretPin error

02/27/21 01:21:55 754651600  1614360115 移动签到泉林本色京东自营旗舰店

real	0m0.850s
user	0m0.031s
sys	0m0.109s
parse error: Invalid numeric literal at line 1, column 10
parse error: Invalid numeric literal at line 1, column 10
parse error: Invalid numeric literal at line 1, column 10
parse error: Invalid numeric literal at line 1, column 10
02/27/21 01:21:59 155870500 1614360119

real	0m3.488s
user	0m0.000s
sys	0m0.063s

real	0m0.836s
user	0m0.063s
sys	0m0.063s
[WARN] get LZ_TOKEN error
02/27/21 01:22:04 468982100  1614360124
use wskey

real	0m1.006s
user	0m0.141s
sys	0m0.094s
02/27/21 01:22:05 710242100  1614360125 token: AAFgOS49ADAbdCAIWnTNF6JJrNjRQ-HF2l6wOeLphkWiHz-i6cv6Sw3uhSt0KAER6jnOs4NxBoU
parse error: Invalid numeric literal at line 1, column 10

real	0m1.017s
user	0m0.094s
sys	0m0.109s
02/27/21 01:22:06 905214600  1614360126 secretPin: 
[WARN] get secretPin error

02/27/21 01:22:07 008416300  1614360127 移动签到泉林本色京东自营旗舰店

real	0m0.776s
user	0m0.016s
sys	0m0.109s
parse error: Invalid numeric literal at line 1, column 10
parse error: Invalid numeric literal at line 1, column 10
parse error: Invalid numeric literal at line 1, column 10
parse error: Invalid numeric literal at line 1, column 10
02/27/21 01:22:09 867361100 1614360129

real	0m3.496s
user	0m0.000s
sys	0m0.031s

real	0m0.962s
user	0m0.047s
sys	0m0.078s
[WARN] get LZ_TOKEN error
02/27/21 01:22:14 873520100  1614360134
use wskey

real	0m0.936s
user	0m0.094s
sys	0m0.109s
02/27/21 01:22:15 955274500  1614360135 token: AAFgOS5HADCF0gUkYOilEPDDp_wV263rYAuf-q-16o0V0Poblq_uEDdY0eFBPaNdOQzMCPFtQ4I
parse error: Invalid numeric literal at line 1, column 10

real	0m1.007s
user	0m0.109s
sys	0m0.188s
02/27/21 01:22:17 139404900  1614360137 secretPin: 
[WARN] get secretPin error

02/27/21 01:22:17 370361800  1614360137 移动签到泉林本色京东自营旗舰店

real	0m0.651s
user	0m0.016s
sys	0m0.094s
parse error: Invalid numeric literal at line 1, column 10
parse error: Invalid numeric literal at line 1, column 10
parse error: Invalid numeric literal at line 1, column 10
parse error: Invalid numeric literal at line 1, column 10
02/27/21 01:22:19 825984600 1614360139

real	0m3.790s
user	0m0.000s
sys	0m0.063s

real	0m1.323s
user	0m0.000s
sys	0m0.094s
[WARN] get LZ_TOKEN error
02/27/21 01:22:25 607027800  1614360145
use wskey

real	0m0.874s
user	0m0.109s
sys	0m0.125s
02/27/21 01:22:26 722795200  1614360146 token: AAFgOS5SADBtTyGZkuVjSOykUC5-ct2KvtkTXcw87knY-27bN-KJVvzH1hJHBJjY6WAyiVmgBzk
parse error: Invalid numeric literal at line 1, column 10

real	0m0.861s
user	0m0.094s
sys	0m0.109s
02/27/21 01:22:27 808700500  1614360147 secretPin: 
[WARN] get secretPin error

02/27/21 01:22:28 031253700  1614360148 移动签到泉林本色京东自营旗舰店

real	0m0.506s
user	0m0.047s
sys	0m0.078s
parse error: Invalid numeric literal at line 1, column 10
parse error: Invalid numeric literal at line 1, column 10
parse error: Invalid numeric literal at line 1, column 10
parse error: Invalid numeric literal at line 1, column 10
02/27/21 01:22:30 257908200 1614360150

real	0m3.797s
user	0m0.000s
sys	0m0.031s

real	0m0.912s
user	0m0.063s
sys	0m0.109s
[WARN] get LZ_TOKEN error
02/27/21 01:22:35 219071100  1614360155
use wskey

real	0m0.640s
user	0m0.078s
sys	0m0.219s
02/27/21 01:22:35 947227800  1614360155 token: AAFgOS5bADDcfK3FdpVnK00S8s96w_2mn3sE5VZYEp-8COcLyM5ETHKAhS2eA32lNzs9FDZFBAc
parse error: Invalid numeric literal at line 1, column 10

real	0m0.677s
user	0m0.109s
sys	0m0.094s
02/27/21 01:22:36 735927200  1614360156 secretPin: 
[WARN] get secretPin error

02/27/21 01:22:36 902957000  1614360156 移动签到泉林本色京东自营旗舰店

real	0m0.623s
user	0m0.031s
sys	0m0.078s
parse error: Invalid numeric literal at line 1, column 10
parse error: Invalid numeric literal at line 1, column 10
parse error: Invalid numeric literal at line 1, column 10
parse error: Invalid numeric literal at line 1, column 10
02/27/21 01:22:39 059044900 1614360159

real	0m3.963s
user	0m0.000s
sys	0m0.063s

real	0m0.248s
user	0m0.047s
sys	0m0.078s
[WARN] get LZ_TOKEN error
02/27/21 01:22:43 463185000  1614360163
use wskey

real	0m0.517s
user	0m0.094s
sys	0m0.063s
02/27/21 01:22:44 074019400  1614360164 token: AAFgOS5jADBxwtf8HteEz7UqiIWjwschvJHq7mfxRuY5cxBBVrwPKEPM4QeYkFdvjbq9Bgvov10
parse error: Invalid numeric literal at line 1, column 10

real	0m0.520s
user	0m0.125s
sys	0m0.109s
02/27/21 01:22:44 663259000  1614360164 secretPin: 
[WARN] get secretPin error

02/27/21 01:22:44 761689200  1614360164 移动签到泉林本色京东自营旗舰店

real	0m0.605s
user	0m0.031s
sys	0m0.078s
parse error: Invalid numeric literal at line 1, column 10
parse error: Invalid numeric literal at line 1, column 10
parse error: Invalid numeric literal at line 1, column 10
parse error: Invalid numeric literal at line 1, column 10
02/27/21 01:22:46 692327300 1614360166

real	0m4.078s
user	0m0.031s
sys	0m0.047s

real	0m0.216s
user	0m0.047s
sys	0m0.109s
[WARN] get LZ_TOKEN error
02/27/21 01:22:51 070587300  1614360171
use wskey

real	0m0.188s
user	0m0.109s
sys	0m0.109s
02/27/21 01:22:51 281989600  1614360171 token: AAFgOS5rADDl7Mnd8smOF3J_VWpwGx0Hf3eflmoEtgdkzGVk3Ef6ByuL20QK2IzdstyuPieRbDw
parse error: Invalid numeric literal at line 1, column 10

real	0m0.269s
user	0m0.125s
sys	0m0.125s
02/27/21 01:22:51 601093200  1614360171 secretPin: 
[WARN] get secretPin error

02/27/21 01:22:51 650045500  1614360171 移动签到泉林本色京东自营旗舰店

real	0m0.482s
user	0m0.031s
sys	0m0.094s
parse error: Invalid numeric literal at line 1, column 10
parse error: Invalid numeric literal at line 1, column 10
parse error: Invalid numeric literal at line 1, column 10
parse error: Invalid numeric literal at line 1, column 10
02/27/21 01:22:53 888236600 1614360173

real	0m4.342s
user	0m0.000s
sys	0m0.078s
02/27/21 01:25:13 330872100  1614360313
parse error: Invalid numeric literal at line 1, column 10
签到是否成功解析失败. 不再写/home/myid/jd/jd_signup/lzkj_sevenDay_vender/shop_1613569740_34

移动签到泉林本色京东自营旗舰店查看结果, 活动规则


#店铺名称
vendername="泉林本色京东自营旗舰店"
#店铺激活码
actId="1e5cac4ad760485d931141412c9fab0c"
#店铺id
venderId="1000001906"
#长链接
url="https://lzkj-isv.isvjcloud.com/sign/sevenDay/signActivity?activityId=1e5cac4ad760485d931141412c9fab0c&venderId=1000001906&adsource=tg_xuanFuTuBiao"

startTime=1612496160
endTime=1614483360
# 活动时间：2021-02-05 11:36 - 2021-02-28 11:36；
# 奖励说明：
actRule="
7天签到
连续签到1天：5店铺积分
连续签到2天：10元优惠券
连续签到3天：20店铺积分
连续签到4天：1京豆
连续签到5天：2京豆
连续签到6天：3京豆
连续签到7天：5京豆
"
#移动 jd_OeTNobRVGiNZ sign_res
sign_num="4"
giftName=""1京豆""
giftRes="ok"
giftDate="20210226"
sign_res_info="7天签到 第 4 天
当天签到奖励 ["1京豆"]"
#移动 jd_OeTNobRVGiNZ sign_res_end
#肥鹅 jd_4d651d9e48204 sign_res
sign_num="3"
giftName=""20店铺积分""
giftRes="ok"
giftDate="20210227"
sign_res_info="7天签到 第 3 天
当天签到奖励 ["20店铺积分"]"
#肥鹅 jd_4d651d9e48204 sign_res_end
#赵 122294312-396444 sign_res
sign_num="3"
giftName=""20店铺积分""
giftRes="ok"
giftDate="20210227"
sign_res_info="7天签到 第 3 天
当天签到奖励 ["20店铺积分"]"
#赵 122294312-396444 sign_res_end
#王 1309893722-164885 sign_res
sign_num="3"
giftName=""20店铺积分""
giftRes="ok"
giftDate="20210227"
sign_res_info="7天签到 第 3 天
当天签到奖励 ["20店铺积分"]"
#王 1309893722-164885 sign_res_end
