03/02/21 04:04:20 345896200  1614629060
RANDOM_num: 5
removed '/tmp/tmp.ua7zuJbMcn'
03/02/21 04:04:20 916336700  1614629060 检查王签到

real	0m0.464s
user	0m0.047s
sys	0m0.063s
lzkj-isv.isvjcloud.com	FALSE	/	FALSE	1614629661	LZ_TOKEN_VALUE	B0oH3vDY2bhHWuKbVaJ+XQ==
lzkj-isv.isvjcloud.com	FALSE	/	FALSE	1614629661	LZ_TOKEN_KEY	lztokenpage6d5f87ece0754610beab3c9bd9bd0345
03/02/21 04:04:22 056816600  1614629062
use pt_key

real	0m0.427s
user	0m0.141s
sys	0m0.078s
03/02/21 04:04:22 570295700  1614629062 token: AAFgPUjGADBUrgBTOzeR2tjd435d5KRHNJ3y6IlSv1aaey1NTXeqKioKdz8iG-8HSpXQsyxsRs4

real	0m0.560s
user	0m0.094s
sys	0m0.094s
03/02/21 04:04:23 197458700  1614629063 secretPin: 8zfoIjWIu/DcpxQNzAV7/oVPSWy1B8D+G4s+fJIFDfWHSnwnXFQKK9yQco/OGmHebU48Dr07k+7+k1UaXRbZKg==

03/02/21 04:04:23 306321600  1614629063 王签到泉林本色京东自营旗舰店

real	0m0.803s
user	0m0.000s
sys	0m0.109s
{
  "msg": "",
  "signResult": {
    "key": "ipXQNB",
    "giftLogId": "0dbf772de211407cb0e64bd14229089c",
    "gift": {
      "activityId": null,
      "activityType": null,
      "venderId": null,
      "type": 0,
      "name": null,
      "itemHb": null,
      "id": "1158781",
      "giftType": "6",
      "giftName": "3京豆",
      "giftNum": "3",
      "giftTotal": "10000",
      "giftResidue": null,
      "priceInfo": "0.03",
      "shortLink": "",
      "orginLink": null,
      "giftInfoId": null,
      "commonAddAwardVO": null
    },
    "send": true
  },
  "isOk": true,
  "isSend": true
}
true
03/02/21 04:04:25 019619400 1614629065
03/02/21 04:04:25 048434800 1614629065 签到泉林本色京东自营旗舰店完成
03/02/21 04:04:40 225609000  1614629080
true
parse error: Invalid numeric literal at line 1, column 10
首次签到成功. 写入giftName: "3京豆"

***********************************************
7天签到 第  天
当天签到奖励 ["3京豆"]
***********************************************

王签到泉林本色京东自营旗舰店查看结果, 活动规则
<!DOCTYPE html>
<html>
 <head> 
  <title>京东</title> 
  <meta charset="utf-8" /> 
  <meta name="apple-mobile-web-app-capable" content="yes" /> 
  <meta name="viewport" content="width=device-width,initial-scale=1,user-scalable=no,maximum-scale=1,viewport-fit=cover" /> 
  <meta name="format-detection" content="telephone=no" /> 
  <meta name="x5-cache" content="enable" /> 
  <link rel="stylesheet" href="https://storage.360buyimg.com/babel/00162638/333378/production/dev/parser.1526555535098.css?t=20180517191236" /> 
  <style> img {
            opacity: 1 !important;
        } </style> 
  <link href="https://storage.360buyimg.com/babel/00170893/348321/production/dev/index.7320a380.css?t=20180802150952" rel="stylesheet" />
 </head> 
 <body style="background:#fff;" id="root"> 
  <div class="errorPage"> 
  </div> 
  <div class="placeholer"> 
  </div> 
  <script src="https://wl.jd.com/unify.min.js"></script> 
  <script type="text/javascript" src="https://storage.360buyimg.com/babel/00170893/348321/production/dev/index.0f8f4dba.js?t=20180802150952"></script> 
 </body>
</html>

#店铺名称
vendername="泉林本色京东自营旗舰店"
#店铺激活码
actId="1e5cac4ad760485d931141412c9fab0c"
#店铺id
venderId="1000001906"
#长链接
url="https://lzkj-isv.isvjcloud.com/sign/sevenDay/signActivity?activityId=1e5cac4ad760485d931141412c9fab0c&venderId=1000001906&adsource=tg_xuanFuTuBiao"

startTime=1612496160
endTime=1614483360
# 活动时间：2021-02-05 11:36 - 2021-02-28 11:36；
# 奖励说明：
actRule="
7天签到
连续签到1天：5店铺积分
连续签到2天：10元优惠券
连续签到3天：20店铺积分
连续签到4天：1京豆
连续签到5天：2京豆
连续签到6天：3京豆
连续签到7天：5京豆
"
#赵 122294312-396444 sign_res
sign_num="5"
giftName=""2京豆""
giftRes="ok"
giftDate="20210301"
sign_res_info="7天签到 第 5 天
当天签到奖励 ["2京豆"]"
#赵 122294312-396444 sign_res_end
#肥鹅 jd_4d651d9e48204 sign_res
sign_num="5"
giftName=""1京豆""
giftRes="ok"
giftDate="20210301"
sign_res_info="7天签到 第 5 天
当天签到奖励 ["1京豆"]"
#肥鹅 jd_4d651d9e48204 sign_res_end
#移动 jd_OeTNobRVGiNZ sign_res
sign_num="0"
giftName="null"
giftRes="很抱歉，奖品与您擦肩而过了哟，关注下其他活动吧~"
giftDate="20210302"
sign_res_info="7天签到 第 0 天
当天签到奖励 [null]"
#移动 jd_OeTNobRVGiNZ sign_res_end
#王 1309893722-164885 sign_res
sign_num=""
giftName=""3京豆""
giftRes="ok"
giftDate="20210302"
sign_res_info="7天签到 第  天
当天签到奖励 ["3京豆"]"
#王 1309893722-164885 sign_res_end
