02/28/21 01:14:01 173500400  1614446041
RANDOM_num: 20
removed '/tmp/tmp.ptA8wACy5o'
02/28/21 01:14:06 389789100  1614446046 æ£€æŸ¥ç§»åŠ¨ç­¾åˆ°

real	0m2.211s
user	0m0.016s
sys	0m0.094s
[WARN] get LZ_TOKEN error
02/28/21 01:14:12 532643800  1614446052
use wskey

real	0m2.525s
user	0m0.109s
sys	0m0.094s
02/28/21 01:14:15 773906200  1614446055 token: AAFgOn3mADASVytFU75JvS81rGafBAUyr2OMA-mFoJ3ovRINxLvAjMCmyw3XGTRk68VsDnSJSOg
parse error: Invalid numeric literal at line 1, column 10

real	0m2.098s
user	0m0.109s
sys	0m0.078s
02/28/21 01:14:18 458253400  1614446058 secretPin: 
[WARN] get secretPin error

02/28/21 01:14:19 330818900  1614446059 ç§»åŠ¨ç­¾åˆ°æ˜“å¼€å¾—å®˜æ–¹äº¬ä¸œè‡ªè¥æ——èˆ°åº—

real	0m1.743s
user	0m0.047s
sys	0m0.063s
parse error: Invalid numeric literal at line 1, column 10
parse error: Invalid numeric literal at line 1, column 10
parse error: Invalid numeric literal at line 1, column 10
parse error: Invalid numeric literal at line 1, column 10
02/28/21 01:14:30 954060000 1614446070

real	0m2.461s
user	0m0.000s
sys	0m0.031s

real	0m2.617s
user	0m0.031s
sys	0m0.047s
[WARN] get LZ_TOKEN error
02/28/21 01:14:37 650915700  1614446077
use wskey

real	0m2.259s
user	0m0.094s
sys	0m0.125s
02/28/21 01:14:40 557724400  1614446080 token: AAFgOn4AADB2x9FZbkAwCgiOh2ucnxwcFthuD1uJ7xzDD6KtXBi8dOctYUqA25l7zfK96p4cVNU
parse error: Invalid numeric literal at line 1, column 10

real	0m2.681s
user	0m0.094s
sys	0m0.094s
02/28/21 01:14:43 959887700  1614446083 secretPin: 
[WARN] get secretPin error

02/28/21 01:14:44 447322800  1614446084 ç§»åŠ¨ç­¾åˆ°æ˜“å¼€å¾—å®˜æ–¹äº¬ä¸œè‡ªè¥æ——èˆ°åº—

real	0m1.628s
user	0m0.016s
sys	0m0.078s
parse error: Invalid numeric literal at line 1, column 10
parse error: Invalid numeric literal at line 1, column 10
parse error: Invalid numeric literal at line 1, column 10
parse error: Invalid numeric literal at line 1, column 10
02/28/21 01:14:56 110266700 1614446096

real	0m3.124s
user	0m0.000s
sys	0m0.016s

real	0m2.917s
user	0m0.047s
sys	0m0.078s
[WARN] get LZ_TOKEN error
02/28/21 01:15:07 017387300  1614446107
use wskey

real	0m2.339s
user	0m0.094s
sys	0m0.109s
02/28/21 01:15:10 143843300  1614446110 token: AAFgOn4dADC-VNyHugjYrEblxp2Rz8gF8btPuuEwd5_I7L9pjPCYPL5A7Q23NuyIU-DaXSDNJqw
parse error: Invalid numeric literal at line 1, column 10

real	0m5.188s
user	0m0.141s
sys	0m0.094s
02/28/21 01:15:16 464567400  1614446116 secretPin: 
[WARN] get secretPin error

02/28/21 01:15:18 041594400  1614446118 ç§»åŠ¨ç­¾åˆ°æ˜“å¼€å¾—å®˜æ–¹äº¬ä¸œè‡ªè¥æ——èˆ°åº—

real	0m2.597s
user	0m0.047s
sys	0m0.109s
parse error: Invalid numeric literal at line 1, column 10
parse error: Invalid numeric literal at line 1, column 10
parse error: Invalid numeric literal at line 1, column 10
parse error: Invalid numeric literal at line 1, column 10
02/28/21 01:15:36 870669200 1614446136

real	0m2.463s
user	0m0.000s
sys	0m0.031s

real	0m1.779s
user	0m0.047s
sys	0m0.078s
[WARN] get LZ_TOKEN error
02/28/21 01:15:46 139412100  1614446146
use wskey

real	0m3.891s
user	0m0.094s
sys	0m0.063s
02/28/21 01:15:50 797143600  1614446150 token: AAFgOn5FADBxbc7juxkMq_4jGrlYTOJ2aHU4zhoXpmUxV0c8j3C5emRXU1geTQVCWBcGk7JmZOk
parse error: Invalid numeric literal at line 1, column 10

real	0m3.026s
user	0m0.094s
sys	0m0.125s
02/28/21 01:15:54 640365900  1614446154 secretPin: 
[WARN] get secretPin error

02/28/21 01:15:55 409487500  1614446155 ç§»åŠ¨ç­¾åˆ°æ˜“å¼€å¾—å®˜æ–¹äº¬ä¸œè‡ªè¥æ——èˆ°åº—

real	0m2.952s
user	0m0.016s
sys	0m0.125s
parse error: Invalid numeric literal at line 1, column 10
parse error: Invalid numeric literal at line 1, column 10
parse error: Invalid numeric literal at line 1, column 10
parse error: Invalid numeric literal at line 1, column 10
02/28/21 01:16:08 976508600 1614446168

real	0m2.681s
user	0m0.000s
sys	0m0.031s

real	0m2.639s
user	0m0.031s
sys	0m0.094s
[WARN] get LZ_TOKEN error
02/28/21 01:16:18 523117700  1614446178
use wskey

real	0m2.773s
user	0m0.109s
sys	0m0.109s
02/28/21 01:16:21 893346200  1614446181 token: AAFgOn5kADAFeknFoaS_ojF0zzJnqRPJ3fdT8f6Lcr1aMeYmo_rk2y_t61fZ9wJZZqGqejWgzEQ
parse error: Invalid numeric literal at line 1, column 10

real	0m2.517s
user	0m0.094s
sys	0m0.141s
02/28/21 01:16:25 391187000  1614446185 secretPin: 
[WARN] get secretPin error

02/28/21 01:16:26 674540000  1614446186 ç§»åŠ¨ç­¾åˆ°æ˜“å¼€å¾—å®˜æ–¹äº¬ä¸œè‡ªè¥æ——èˆ°åº—

real	0m2.144s
user	0m0.000s
sys	0m0.125s
parse error: Invalid numeric literal at line 1, column 10
parse error: Invalid numeric literal at line 1, column 10
parse error: Invalid numeric literal at line 1, column 10
parse error: Invalid numeric literal at line 1, column 10
02/28/21 01:16:49 871057900 1614446209

real	0m3.289s
user	0m0.000s
sys	0m0.047s

real	0m5.694s
user	0m0.016s
sys	0m0.094s
[WARN] get LZ_TOKEN error
02/28/21 01:17:08 750842000  1614446228
use wskey

real	0m2.099s
user	0m0.141s
sys	0m0.109s
02/28/21 01:17:11 551862400  1614446231 token: AAFgOn6WADBlBv4vbu_h6AwcwzxLIUwN_FocN0SzH5Li-Od3xuPMcRnMA-vs4pqK0hd49D6bUCk
parse error: Invalid numeric literal at line 1, column 10

real	0m3.588s
user	0m0.125s
sys	0m0.125s
02/28/21 01:17:15 871343400  1614446235 secretPin: 
[WARN] get secretPin error

02/28/21 01:17:16 979076100  1614446236 ç§»åŠ¨ç­¾åˆ°æ˜“å¼€å¾—å®˜æ–¹äº¬ä¸œè‡ªè¥æ——èˆ°åº—

real	0m2.484s
user	0m0.063s
sys	0m0.047s
parse error: Invalid numeric literal at line 1, column 10
parse error: Invalid numeric literal at line 1, column 10
parse error: Invalid numeric literal at line 1, column 10
parse error: Invalid numeric literal at line 1, column 10
02/28/21 01:17:32 263582800 1614446252

real	0m4.016s
user	0m0.000s
sys	0m0.078s

real	0m2.896s
user	0m0.047s
sys	0m0.063s
[WARN] get LZ_TOKEN error
02/28/21 01:17:43 063227500  1614446263
use wskey

real	0m3.291s
user	0m0.078s
sys	0m0.125s
02/28/21 01:17:47 794835000  1614446267 token: AAFgOn65ADDBGJFVA-lftRDm85u2NZRPj2rf8eHwHaqbpaJsoUsauMwlSkznF3ctBv-D4KR4k1c
parse error: Invalid numeric literal at line 1, column 10

real	0m2.551s
user	0m0.094s
sys	0m0.141s
02/28/21 01:17:50 936284200  1614446270 secretPin: 
[WARN] get secretPin error

02/28/21 01:17:52 042561500  1614446272 ç§»åŠ¨ç­¾åˆ°æ˜“å¼€å¾—å®˜æ–¹äº¬ä¸œè‡ªè¥æ——èˆ°åº—

real	0m2.632s
user	0m0.016s
sys	0m0.094s
parse error: Invalid numeric literal at line 1, column 10
parse error: Invalid numeric literal at line 1, column 10
parse error: Invalid numeric literal at line 1, column 10
parse error: Invalid numeric literal at line 1, column 10
02/28/21 01:18:11 851263500 1614446291

real	0m4.199s
user	0m0.000s
sys	0m0.063s

real	0m3.472s
user	0m0.047s
sys	0m0.094s
[WARN] get LZ_TOKEN error
02/28/21 01:18:21 359306200  1614446301
use wskey

real	0m3.781s
user	0m0.156s
sys	0m0.094s
02/28/21 01:18:25 877824200  1614446305 token: AAFgOn7gADAhJNvtfphDH1huU57a3vmauGEb2TMYd2XCmLBXSRvcGAwMVp5Sc6Awj29ZWq25Toc
parse error: Invalid numeric literal at line 1, column 10

real	0m3.122s
user	0m0.156s
sys	0m0.078s
02/28/21 01:18:29 802804800  1614446309 secretPin: 
[WARN] get secretPin error

02/28/21 01:18:30 446071700  1614446310 ç§»åŠ¨ç­¾åˆ°æ˜“å¼€å¾—å®˜æ–¹äº¬ä¸œè‡ªè¥æ——èˆ°åº—

real	0m3.289s
user	0m0.031s
sys	0m0.109s
parse error: Invalid numeric literal at line 1, column 10
parse error: Invalid numeric literal at line 1, column 10
parse error: Invalid numeric literal at line 1, column 10
parse error: Invalid numeric literal at line 1, column 10
02/28/21 01:18:48 776787100 1614446328

real	0m3.889s
user	0m0.000s
sys	0m0.047s

real	0m4.621s
user	0m0.000s
sys	0m0.156s
[WARN] get LZ_TOKEN error
02/28/21 01:18:59 933628800  1614446339
use wskey

real	0m2.899s
user	0m0.078s
sys	0m0.125s
02/28/21 01:19:03 924696000  1614446343 token: AAFgOn8GADAW-v4QhaY7mHhhgpL9WzvaToQDCUpAtd67g69aI9zP9briCOlgK2skYGfDpLzwPaM
parse error: Invalid numeric literal at line 1, column 10

real	0m5.299s
user	0m0.109s
sys	0m0.094s
02/28/21 01:19:11 334551700  1614446351 secretPin: 
[WARN] get secretPin error

02/28/21 01:19:11 966531300  1614446351 ç§»åŠ¨ç­¾åˆ°æ˜“å¼€å¾—å®˜æ–¹äº¬ä¸œè‡ªè¥æ——èˆ°åº—

real	0m4.404s
user	0m0.047s
sys	0m0.094s
parse error: Invalid numeric literal at line 1, column 10
parse error: Invalid numeric literal at line 1, column 10
parse error: Invalid numeric literal at line 1, column 10
parse error: Invalid numeric literal at line 1, column 10
02/28/21 01:19:32 491705900 1614446372

real	0m4.793s
user	0m0.000s
sys	0m0.031s

real	0m2.606s
user	0m0.031s
sys	0m0.109s
[WARN] get LZ_TOKEN error
02/28/21 01:19:41 509631300  1614446381
use wskey

real	0m3.373s
user	0m0.141s
sys	0m0.094s
02/28/21 01:19:45 905703200  1614446385 token: AAFgOn8wADC7zvl_AXoW5XjXeh8dtpo1gJGeC_ZLJ_OTc6kSHEPn0UiDr7gTv9AD5qFkUaNUuGU
parse error: Invalid numeric literal at line 1, column 10

real	0m3.123s
user	0m0.125s
sys	0m0.094s
02/28/21 01:19:50 413883100  1614446390 secretPin: 
[WARN] get secretPin error

02/28/21 01:19:50 867073000  1614446390 ç§»åŠ¨ç­¾åˆ°æ˜“å¼€å¾—å®˜æ–¹äº¬ä¸œè‡ªè¥æ——èˆ°åº—

real	0m3.573s
user	0m0.031s
sys	0m0.109s
parse error: Invalid numeric literal at line 1, column 10
parse error: Invalid numeric literal at line 1, column 10
parse error: Invalid numeric literal at line 1, column 10
parse error: Invalid numeric literal at line 1, column 10
02/28/21 01:20:10 075558300 1614446410

real	0m4.905s
user	0m0.000s
sys	0m0.047s

real	0m4.472s
user	0m0.000s
sys	0m0.109s
[WARN] get LZ_TOKEN error
02/28/21 01:20:21 413440300  1614446421
use wskey

real	0m2.198s
user	0m0.141s
sys	0m0.078s
02/28/21 01:20:24 159717200  1614446424 token: AAFgOn9XADB4_ss8pDJU0ZS7og8p0cZuC5KiAvUU_knBO84ZrgM3mO79R0PWDNcNeAcp6PgI9s4
parse error: Invalid numeric literal at line 1, column 10

real	0m3.222s
user	0m0.109s
sys	0m0.078s
02/28/21 01:20:27 953788400  1614446427 secretPin: 
[WARN] get secretPin error

02/28/21 01:20:28 682976400  1614446428 ç§»åŠ¨ç­¾åˆ°æ˜“å¼€å¾—å®˜æ–¹äº¬ä¸œè‡ªè¥æ——èˆ°åº—

real	0m2.432s
user	0m0.031s
sys	0m0.125s
parse error: Invalid numeric literal at line 1, column 10
parse error: Invalid numeric literal at line 1, column 10
parse error: Invalid numeric literal at line 1, column 10
parse error: Invalid numeric literal at line 1, column 10
02/28/21 01:20:45 727283200 1614446445

real	0m4.884s
user	0m0.000s
sys	0m0.031s

real	0m2.690s
user	0m0.047s
sys	0m0.063s
[WARN] get LZ_TOKEN error
02/28/21 01:20:55 915600000  1614446455
use wskey

real	0m3.919s
user	0m0.109s
sys	0m0.156s
02/28/21 01:21:00 776005300  1614446460 token: AAFgOn97ADDB2ODRDR0XuiB3Ji8Bp59zJxnmKmtAK4c2oDXKdJ1nt2BD3LZvD_J2aj6YkUfP2o0
parse error: Invalid numeric literal at line 1, column 10

real	0m4.988s
user	0m0.094s
sys	0m0.141s
02/28/21 01:21:06 662978800  1614446466 secretPin: 
[WARN] get secretPin error

02/28/21 01:21:07 707158300  1614446467 ç§»åŠ¨ç­¾åˆ°æ˜“å¼€å¾—å®˜æ–¹äº¬ä¸œè‡ªè¥æ——èˆ°åº—

real	0m2.853s
user	0m0.031s
sys	0m0.047s
parse error: Invalid numeric literal at line 1, column 10
parse error: Invalid numeric literal at line 1, column 10
parse error: Invalid numeric literal at line 1, column 10
parse error: Invalid numeric literal at line 1, column 10
02/28/21 01:21:17 799070400 1614446477

real	0m5.329s
user	0m0.000s
sys	0m0.063s

real	0m2.390s
user	0m0.047s
sys	0m0.078s
[WARN] get LZ_TOKEN error
02/28/21 01:21:29 078167100  1614446489
use wskey

real	0m2.969s
user	0m0.094s
sys	0m0.156s
02/28/21 01:21:32 833223700  1614446492 token: AAFgOn-bADARNCLHVpB7wJ6eI8QKg752WdQdjf1cje3j4czrhz2gsz2OIbzwanWyiptwgzjaqkM
parse error: Invalid numeric literal at line 1, column 10

real	0m2.912s
user	0m0.094s
sys	0m0.156s
02/28/21 01:21:36 047403000  1614446496 secretPin: 
[WARN] get secretPin error

02/28/21 01:21:36 568295500  1614446496 ç§»åŠ¨ç­¾åˆ°æ˜“å¼€å¾—å®˜æ–¹äº¬ä¸œè‡ªè¥æ——èˆ°åº—

real	0m1.505s
user	0m0.016s
sys	0m0.109s
parse error: Invalid numeric literal at line 1, column 10
parse error: Invalid numeric literal at line 1, column 10
parse error: Invalid numeric literal at line 1, column 10
parse error: Invalid numeric literal at line 1, column 10
02/28/21 01:21:47 354743300 1614446507

real	0m5.596s
user	0m0.000s
sys	0m0.047s

real	0m4.180s
user	0m0.047s
sys	0m0.063s
[WARN] get LZ_TOKEN error
02/28/21 01:21:59 005326500  1614446519
use wskey

real	0m3.143s
user	0m0.109s
sys	0m0.094s
02/28/21 01:22:02 798053000  1614446522 token: AAFgOn-6ADDe1a6nC95p6bIr_X3E14u9vMq2kyKmgki6WpbeprIKaRVgGrduZ8MjRn-PB1wyGL0
parse error: Invalid numeric literal at line 1, column 10

real	0m3.403s
user	0m0.125s
sys	0m0.125s
02/28/21 01:22:07 069696500  1614446527 secretPin: 
[WARN] get secretPin error

02/28/21 01:22:08 167490200  1614446528 ç§»åŠ¨ç­¾åˆ°æ˜“å¼€å¾—å®˜æ–¹äº¬ä¸œè‡ªè¥æ——èˆ°åº—

real	0m2.257s
user	0m0.031s
sys	0m0.094s
parse error: Invalid numeric literal at line 1, column 10
parse error: Invalid numeric literal at line 1, column 10
parse error: Invalid numeric literal at line 1, column 10
parse error: Invalid numeric literal at line 1, column 10
02/28/21 01:22:21 110118000 1614446541

real	0m5.219s
user	0m0.000s
sys	0m0.047s

real	0m3.035s
user	0m0.031s
sys	0m0.078s
[WARN] get LZ_TOKEN error
02/28/21 01:22:32 091803500  1614446552
use wskey

real	0m4.537s
user	0m0.141s
sys	0m0.125s
02/28/21 01:22:37 964178800  1614446557 token: AAFgOn_cADAnQzmrMPBz6hMZB_U3aTs5uvLevDGK5fzbop9Mj2-EgcXUkyjBkGimlxCXxQy9pw8
parse error: Invalid numeric literal at line 1, column 10

real	0m4.288s
user	0m0.078s
sys	0m0.078s
02/28/21 01:22:42 996640200  1614446562 secretPin: 
[WARN] get secretPin error

02/28/21 01:22:44 271107600  1614446564 ç§»åŠ¨ç­¾åˆ°æ˜“å¼€å¾—å®˜æ–¹äº¬ä¸œè‡ªè¥æ——èˆ°åº—

real	0m2.335s
user	0m0.047s
sys	0m0.078s
parse error: Invalid numeric literal at line 1, column 10
parse error: Invalid numeric literal at line 1, column 10
parse error: Invalid numeric literal at line 1, column 10
parse error: Invalid numeric literal at line 1, column 10
02/28/21 01:22:54 873541700 1614446574

real	0m4.573s
user	0m0.000s
sys	0m0.047s

real	0m1.689s
user	0m0.047s
sys	0m0.109s
[WARN] get LZ_TOKEN error
02/28/21 01:23:02 882419400  1614446582
use wskey

real	0m3.222s
user	0m0.109s
sys	0m0.109s
02/28/21 01:23:06 614410600  1614446586 token: AAFgOn_5ADDLdIQ0MOa5fKyBu3omHaQTcYHBtPMHgYKQqRFosgoj9j0A2e3fbbyqe8L6kUEbH_Q
parse error: Invalid numeric literal at line 1, column 10

real	0m2.344s
user	0m0.078s
sys	0m0.125s
02/28/21 01:23:09 854841600  1614446589 secretPin: 
[WARN] get secretPin error

02/28/21 01:23:10 892280200  1614446590 ç§»åŠ¨ç­¾åˆ°æ˜“å¼€å¾—å®˜æ–¹äº¬ä¸œè‡ªè¥æ——èˆ°åº—

real	0m2.486s
user	0m0.031s
sys	0m0.094s
parse error: Invalid numeric literal at line 1, column 10
parse error: Invalid numeric literal at line 1, column 10
parse error: Invalid numeric literal at line 1, column 10
parse error: Invalid numeric literal at line 1, column 10
02/28/21 01:23:22 940667200 1614446602

real	0m5.219s
user	0m0.000s
sys	0m0.031s

real	0m2.593s
user	0m0.016s
sys	0m0.078s
[WARN] get LZ_TOKEN error
02/28/21 01:23:34 527074100  1614446614
use wskey

real	0m3.489s
user	0m0.063s
sys	0m0.156s
02/28/21 01:23:38 916912000  1614446618 token: AAFgOoAZADAYA3BOYfmQ-uWrOe6mpc3n3BYq2PsM9D0TmhVkx_8h6Z4aOvM0B9KYDZH2C3jBp7A
parse error: Invalid numeric literal at line 1, column 10

real	0m3.774s
user	0m0.156s
sys	0m0.063s
02/28/21 01:23:43 224342400  1614446623 secretPin: 
[WARN] get secretPin error

02/28/21 01:23:44 294598100  1614446624 ç§»åŠ¨ç­¾åˆ°æ˜“å¼€å¾—å®˜æ–¹äº¬ä¸œè‡ªè¥æ——èˆ°åº—

real	0m2.654s
user	0m0.016s
sys	0m0.141s
parse error: Invalid numeric literal at line 1, column 10
parse error: Invalid numeric literal at line 1, column 10
parse error: Invalid numeric literal at line 1, column 10
parse error: Invalid numeric literal at line 1, column 10
02/28/21 01:23:56 829383400 1614446636

real	0m6.692s
user	0m0.016s
sys	0m0.047s

real	0m4.637s
user	0m0.000s
sys	0m0.109s
[WARN] get LZ_TOKEN error
02/28/21 01:24:12 116341600  1614446652
use wskey

real	0m3.729s
user	0m0.125s
sys	0m0.109s
02/28/21 01:24:16 712884000  1614446656 token: AAFgOoBAADAe-2F2ufgtTuPnEZpU77Zpo-tpskAEI5359jWX-kAoR-Jkbjl_sOTY0yynIz2P7sI
parse error: Invalid numeric literal at line 1, column 10

real	0m3.715s
user	0m0.156s
sys	0m0.109s
02/28/21 01:24:21 422550000  1614446661 secretPin: 
[WARN] get secretPin error

02/28/21 01:24:22 230217300  1614446662 ç§»åŠ¨ç­¾åˆ°æ˜“å¼€å¾—å®˜æ–¹äº¬ä¸œè‡ªè¥æ——èˆ°åº—

real	0m3.151s
user	0m0.063s
sys	0m0.078s
parse error: Invalid numeric literal at line 1, column 10
parse error: Invalid numeric literal at line 1, column 10
parse error: Invalid numeric literal at line 1, column 10
parse error: Invalid numeric literal at line 1, column 10
02/28/21 01:24:33 922037100 1614446673

real	0m5.557s
user	0m0.000s
sys	0m0.031s

real	0m2.397s
user	0m0.031s
sys	0m0.078s
[WARN] get LZ_TOKEN error
02/28/21 01:24:44 167618100  1614446684
use wskey

real	0m1.559s
user	0m0.109s
sys	0m0.109s
02/28/21 01:24:46 419023300  1614446686 token: AAFgOoBdADCXH6ODIdznUO8gRAM3Vsf7XtvOzMsUNGQKWCSlhOmoraI0Mw-rmAJAFTH_NCjpkMA
parse error: Invalid numeric literal at line 1, column 10

real	0m2.760s
user	0m0.094s
sys	0m0.094s
02/28/21 01:24:49 899082300  1614446689 secretPin: 
[WARN] get secretPin error

02/28/21 01:24:50 345059800  1614446690 ç§»åŠ¨ç­¾åˆ°æ˜“å¼€å¾—å®˜æ–¹äº¬ä¸œè‡ªè¥æ——èˆ°åº—

real	0m1.661s
user	0m0.031s
sys	0m0.078s
parse error: Invalid numeric literal at line 1, column 10
parse error: Invalid numeric literal at line 1, column 10
parse error: Invalid numeric literal at line 1, column 10
parse error: Invalid numeric literal at line 1, column 10
02/28/21 01:24:58 477133700 1614446698

real	0m6.119s
user	0m0.000s
sys	0m0.031s

real	0m2.651s
user	0m0.031s
sys	0m0.109s
[WARN] get LZ_TOKEN error
02/28/21 01:25:08 872115300  1614446708
use wskey

real	0m2.142s
user	0m0.125s
sys	0m0.094s
02/28/21 01:25:12 293872400  1614446712 token: AAFgOoB3ADDFefxYfHZrP3UxNHnINYoCyfp6UPHLZ2wpRJlNKJ3sucsW3km-AnzCE5EF3QxpPFs
parse error: Invalid numeric literal at line 1, column 10

real	0m3.421s
user	0m0.094s
sys	0m0.094s
02/28/21 01:25:16 292732900  1614446716 secretPin: 
[WARN] get secretPin error

02/28/21 01:25:16 978714400  1614446716 ç§»åŠ¨ç­¾åˆ°æ˜“å¼€å¾—å®˜æ–¹äº¬ä¸œè‡ªè¥æ——èˆ°åº—

real	0m1.878s
user	0m0.047s
sys	0m0.094s
parse error: Invalid numeric literal at line 1, column 10
parse error: Invalid numeric literal at line 1, column 10
parse error: Invalid numeric literal at line 1, column 10
parse error: Invalid numeric literal at line 1, column 10
02/28/21 01:25:23 202869900 1614446723

real	0m5.648s
user	0m0.000s
sys	0m0.047s
02/28/21 01:25:51 697925200  1614446751
parse error: Invalid numeric literal at line 1, column 10
ç­¾åˆ°æ˜¯å¦æˆåŠŸè§£æå¤±è´¥. ä¸å†å†™/home/myid/jd/jd_signup/vender/yikaide_delay

ç§»åŠ¨ç­¾åˆ°æ˜“å¼€å¾—å®˜æ–¹äº¬ä¸œè‡ªè¥æ——èˆ°åº—æŸ¥çœ‹ç»“æœ
<!DOCTYPE html>
<html>
 <head> 
  <title>äº¬ä¸œ</title> 
  <meta charset="utf-8" /> 
  <meta name="apple-mobile-web-app-capable" content="yes" /> 
  <meta name="viewport" content="width=device-width,initial-scale=1,user-scalable=no,maximum-scale=1,viewport-fit=cover" /> 
  <meta name="format-detection" content="telephone=no" /> 
  <meta name="x5-cache" content="enable" /> 
  <link rel="stylesheet" href="https://storage.360buyimg.com/babel/00162638/333378/production/dev/parser.1526555535098.css?t=20180517191236" /> 
  <style> img {
            opacity: 1 !important;
        } </style> 
  <link href="https://storage.360buyimg.com/babel/00170893/348321/production/dev/index.7320a380.css?t=20180802150952" rel="stylesheet" />
 </head> 
 <body style="background:#fff;" id="root"> 
  <div class="errorPage"> 
  </div> 
  <div class="placeholer"> 
  </div> 
  <script src="https://wl.jd.com/unify.min.js"></script> 
  <script type="text/javascript" src="https://storage.360buyimg.com/babel/00170893/348321/production/dev/index.0f8f4dba.js?t=20180802150952"></script> 
 </body>
</html>

parse error: Invalid numeric literal at line 1, column 10
[0;31;3mRUN  at {280:<--} ERROR CODE: 4[0m [0;31;3m[20210228 01:25:58] [ERROR] [0m

