02/28/21 01:12:13 991882200  1614445933
RANDOM_num: 35
removed '/tmp/tmp.COC0bdZ990'
02/28/21 01:12:14 599497900  1614445934 æ£€æŸ¥ç‹ç­¾åˆ°

real	0m0.507s
user	0m0.031s
sys	0m0.078s
[WARN] get LZ_TOKEN error
02/28/21 01:12:15 804708800  1614445935
use pt_key

real	0m0.555s
user	0m0.094s
sys	0m0.125s
02/28/21 01:12:16 465287100  1614445936 token: AAFgOn1wADCBFav-VsGKJ0JYKExc49mgITpXDyt36_6t9SsZ4miHR4tkfiYU7qH0gRJv2iDq-Kc
parse error: Invalid numeric literal at line 1, column 10

real	0m0.483s
user	0m0.094s
sys	0m0.125s
02/28/21 01:12:17 009169300  1614445937 secretPin: 
[WARN] get secretPin error

02/28/21 01:12:17 103544900  1614445937 ç‹ç­¾åˆ°çº¢æ˜Ÿäº¬ä¸œè‡ªè¥å®˜æ–¹æ——èˆ°åº—

real	0m0.219s
user	0m0.031s
sys	0m0.063s
parse error: Invalid numeric literal at line 1, column 10
parse error: Invalid numeric literal at line 1, column 10
parse error: Invalid numeric literal at line 1, column 10
parse error: Invalid numeric literal at line 1, column 10
02/28/21 01:12:18 238276100 1614445938

real	0m0.564s
user	0m0.000s
sys	0m0.031s

real	0m0.477s
user	0m0.047s
sys	0m0.063s
[WARN] get LZ_TOKEN error
02/28/21 01:12:19 591955100  1614445939
use pt_key

real	0m0.486s
user	0m0.094s
sys	0m0.172s
02/28/21 01:12:20 226704500  1614445940 token: AAFgOn1zADAaIFXhSTt2rvWUyF33ks3aolR8JdSHCav9x-ATC5REg0mtMjjzUbYAOa0kpZ_BOlE
parse error: Invalid numeric literal at line 1, column 10

real	0m0.669s
user	0m0.125s
sys	0m0.063s
02/28/21 01:12:21 062544200  1614445941 secretPin: 
[WARN] get secretPin error

02/28/21 01:12:21 210142600  1614445941 ç‹ç­¾åˆ°çº¢æ˜Ÿäº¬ä¸œè‡ªè¥å®˜æ–¹æ——èˆ°åº—

real	0m0.447s
user	0m0.031s
sys	0m0.047s
parse error: Invalid numeric literal at line 1, column 10
parse error: Invalid numeric literal at line 1, column 10
parse error: Invalid numeric literal at line 1, column 10
parse error: Invalid numeric literal at line 1, column 10
02/28/21 01:12:22 915506700 1614445942

real	0m0.893s
user	0m0.000s
sys	0m0.047s

real	0m0.502s
user	0m0.016s
sys	0m0.078s
[WARN] get LZ_TOKEN error
02/28/21 01:12:24 661534000  1614445944
use pt_key

real	0m0.658s
user	0m0.109s
sys	0m0.078s
02/28/21 01:12:25 452591000  1614445945 token: AAFgOn15ADB4tiu75DGtipmzXy_5-3EE_eUqZyvAh9xP26wDaoMXdyR6xmBitxa5z7bE_SP2ke4
parse error: Invalid numeric literal at line 1, column 10

real	0m0.753s
user	0m0.094s
sys	0m0.141s
02/28/21 01:12:26 426210200  1614445946 secretPin: 
[WARN] get secretPin error

02/28/21 01:12:26 664936900  1614445946 ç‹ç­¾åˆ°çº¢æ˜Ÿäº¬ä¸œè‡ªè¥å®˜æ–¹æ——èˆ°åº—

real	0m0.606s
user	0m0.031s
sys	0m0.094s
parse error: Invalid numeric literal at line 1, column 10
parse error: Invalid numeric literal at line 1, column 10
parse error: Invalid numeric literal at line 1, column 10
parse error: Invalid numeric literal at line 1, column 10
02/28/21 01:12:29 367505300 1614445949

real	0m1.350s
user	0m0.016s
sys	0m0.047s

real	0m1.113s
user	0m0.047s
sys	0m0.063s
[WARN] get LZ_TOKEN error
02/28/21 01:12:32 300834400  1614445952
use pt_key

real	0m0.526s
user	0m0.078s
sys	0m0.156s
02/28/21 01:12:33 535946500  1614445953 token: AAFgOn2AADDbNSOxMMz8MHeNBiybjnUxauHsVH37gc1GC20tlqBPRND8a5U3z1ILkoqb5ESJ9dY
parse error: Invalid numeric literal at line 1, column 10

real	0m1.175s
user	0m0.109s
sys	0m0.094s
02/28/21 01:12:34 991659500  1614445954 secretPin: 
[WARN] get secretPin error

02/28/21 01:12:35 357917800  1614445955 ç‹ç­¾åˆ°çº¢æ˜Ÿäº¬ä¸œè‡ªè¥å®˜æ–¹æ——èˆ°åº—

real	0m0.596s
user	0m0.000s
sys	0m0.109s
parse error: Invalid numeric literal at line 1, column 10
parse error: Invalid numeric literal at line 1, column 10
parse error: Invalid numeric literal at line 1, column 10
parse error: Invalid numeric literal at line 1, column 10
02/28/21 01:12:37 710126900 1614445957

real	0m1.438s
user	0m0.016s
sys	0m0.031s

real	0m0.690s
user	0m0.031s
sys	0m0.078s
[WARN] get LZ_TOKEN error
02/28/21 01:12:40 312559300  1614445960
use pt_key

real	0m1.098s
user	0m0.109s
sys	0m0.109s
02/28/21 01:12:41 655990500  1614445961 token: AAFgOn2JADBeLlu0p0752OLllww3OKTby7afjWnil7PZRQ03Sm2elLOp-m6JC9g_h-wm5DRV5Tc
parse error: Invalid numeric literal at line 1, column 10

real	0m1.061s
user	0m0.109s
sys	0m0.109s
02/28/21 01:12:43 073886700  1614445963 secretPin: 
[WARN] get secretPin error

02/28/21 01:12:43 338429700  1614445963 ç‹ç­¾åˆ°çº¢æ˜Ÿäº¬ä¸œè‡ªè¥å®˜æ–¹æ——èˆ°åº—

real	0m0.862s
user	0m0.047s
sys	0m0.047s
parse error: Invalid numeric literal at line 1, column 10
parse error: Invalid numeric literal at line 1, column 10
parse error: Invalid numeric literal at line 1, column 10
parse error: Invalid numeric literal at line 1, column 10
02/28/21 01:12:47 290682300 1614445967

real	0m1.937s
user	0m0.000s
sys	0m0.031s

real	0m1.162s
user	0m0.047s
sys	0m0.094s
[WARN] get LZ_TOKEN error
02/28/21 01:12:51 110059700  1614445971
use pt_key

real	0m1.162s
user	0m0.094s
sys	0m0.125s
02/28/21 01:12:52 501218300  1614445972 token: AAFgOn2UADCjEovJMSYF4SPLhBKfz5HmAvHqIRts4OSMOHhXsQWjJ68mpJbjyInSBCNg_hnUZxI
parse error: Invalid numeric literal at line 1, column 10

real	0m1.309s
user	0m0.109s
sys	0m0.125s
02/28/21 01:12:54 194590500  1614445974 secretPin: 
[WARN] get secretPin error

02/28/21 01:12:54 536858500  1614445974 ç‹ç­¾åˆ°çº¢æ˜Ÿäº¬ä¸œè‡ªè¥å®˜æ–¹æ——èˆ°åº—

real	0m1.177s
user	0m0.047s
sys	0m0.094s
parse error: Invalid numeric literal at line 1, column 10
parse error: Invalid numeric literal at line 1, column 10
parse error: Invalid numeric literal at line 1, column 10
parse error: Invalid numeric literal at line 1, column 10
02/28/21 01:12:59 372528000 1614445979

real	0m2.190s
user	0m0.000s
sys	0m0.063s

real	0m2.366s
user	0m0.031s
sys	0m0.063s
[WARN] get LZ_TOKEN error
02/28/21 01:13:05 131071400  1614445985
use pt_key

real	0m1.495s
user	0m0.141s
sys	0m0.078s
02/28/21 01:13:06 915066200  1614445986 token: AAFgOn2iADCEN5mp2a9Z_n6H4CxLdSRQRrtGGcj1Bntqj6f4NaI6UPeFyOZ-Y9VZv8bBPHu6aU8
parse error: Invalid numeric literal at line 1, column 10

real	0m1.089s
user	0m0.063s
sys	0m0.141s
02/28/21 01:13:08 372286800  1614445988 secretPin: 
[WARN] get secretPin error

02/28/21 01:13:08 665814700  1614445988 ç‹ç­¾åˆ°çº¢æ˜Ÿäº¬ä¸œè‡ªè¥å®˜æ–¹æ——èˆ°åº—

real	0m1.549s
user	0m0.047s
sys	0m0.109s
parse error: Invalid numeric literal at line 1, column 10
parse error: Invalid numeric literal at line 1, column 10
parse error: Invalid numeric literal at line 1, column 10
parse error: Invalid numeric literal at line 1, column 10
02/28/21 01:13:14 427865400 1614445994

real	0m2.696s
user	0m0.000s
sys	0m0.094s

real	0m1.033s
user	0m0.016s
sys	0m0.109s
[WARN] get LZ_TOKEN error
02/28/21 01:13:19 461946200  1614445999
use pt_key

real	0m2.009s
user	0m0.094s
sys	0m0.141s
02/28/21 01:13:21 730879000  1614446001 token: AAFgOn2xADBqdluqB_Hi1HgusykCtLzSnhxlbf0vp_tEZFqhigpIcqBjccXcHpSkFMwD97qyO8M
parse error: Invalid numeric literal at line 1, column 10

real	0m1.536s
user	0m0.063s
sys	0m0.094s
02/28/21 01:13:23 762160700  1614446003 secretPin: 
[WARN] get secretPin error

02/28/21 01:13:24 071902300  1614446004 ç‹ç­¾åˆ°çº¢æ˜Ÿäº¬ä¸œè‡ªè¥å®˜æ–¹æ——èˆ°åº—

real	0m2.021s
user	0m0.016s
sys	0m0.094s
parse error: Invalid numeric literal at line 1, column 10
parse error: Invalid numeric literal at line 1, column 10
parse error: Invalid numeric literal at line 1, column 10
parse error: Invalid numeric literal at line 1, column 10
02/28/21 01:13:31 461903500 1614446011

real	0m2.975s
user	0m0.000s
sys	0m0.047s

real	0m2.359s
user	0m0.031s
sys	0m0.063s
[WARN] get LZ_TOKEN error
02/28/21 01:13:38 190278500  1614446018
use pt_key

real	0m1.923s
user	0m0.109s
sys	0m0.109s
02/28/21 01:13:40 794280300  1614446020 token: AAFgOn3DADAHs37Wojo9OofmoTLMbyTnKhhbfE2AP6QYK8whM0lyDXQQnS5Zm3UFl8RIE67mkEM
parse error: Invalid numeric literal at line 1, column 10

real	0m2.339s
user	0m0.094s
sys	0m0.109s
02/28/21 01:13:43 847762200  1614446023 secretPin: 
[WARN] get secretPin error

02/28/21 01:13:44 349743900  1614446024 ç‹ç­¾åˆ°çº¢æ˜Ÿäº¬ä¸œè‡ªè¥å®˜æ–¹æ——èˆ°åº—

real	0m1.866s
user	0m0.047s
sys	0m0.063s
parse error: Invalid numeric literal at line 1, column 10
parse error: Invalid numeric literal at line 1, column 10
parse error: Invalid numeric literal at line 1, column 10
parse error: Invalid numeric literal at line 1, column 10
02/28/21 01:13:52 600202500 1614446032

real	0m3.073s
user	0m0.000s
sys	0m0.031s

real	0m1.982s
user	0m0.047s
sys	0m0.125s
[WARN] get LZ_TOKEN error
02/28/21 01:13:59 338065000  1614446039
use pt_key

real	0m2.685s
user	0m0.141s
sys	0m0.063s
02/28/21 01:14:02 664432000  1614446042 token: AAFgOn3ZADC-H0jChslJpxoTBjlUZ0dKxkPXEZiBGUYsWRbpi6ZKMGGe0m2tiYa9mlHzG8dgya8
parse error: Invalid numeric literal at line 1, column 10

real	0m1.365s
user	0m0.094s
sys	0m0.125s
02/28/21 01:14:05 428921800  1614446045 secretPin: 
[WARN] get secretPin error

02/28/21 01:14:06 388206200  1614446046 ç‹ç­¾åˆ°çº¢æ˜Ÿäº¬ä¸œè‡ªè¥å®˜æ–¹æ——èˆ°åº—

real	0m2.237s
user	0m0.047s
sys	0m0.078s
parse error: Invalid numeric literal at line 1, column 10
parse error: Invalid numeric literal at line 1, column 10
parse error: Invalid numeric literal at line 1, column 10
parse error: Invalid numeric literal at line 1, column 10
02/28/21 01:14:15 940346700 1614446055

real	0m3.525s
user	0m0.000s
sys	0m0.016s

real	0m2.334s
user	0m0.031s
sys	0m0.094s
[WARN] get LZ_TOKEN error
02/28/21 01:14:23 677711200  1614446063
use pt_key

real	0m2.536s
user	0m0.078s
sys	0m0.094s
02/28/21 01:14:26 807360200  1614446066 token: AAFgOn3xADA_bw-Ct8194cuYuNIbKtWQC_qd23iXkSJqi306TN8pzVmezxNtoQZX8O7JT2h3YRI
parse error: Invalid numeric literal at line 1, column 10

real	0m2.348s
user	0m0.078s
sys	0m0.109s
02/28/21 01:14:29 694539800  1614446069 secretPin: 
[WARN] get secretPin error

02/28/21 01:14:30 320312200  1614446070 ç‹ç­¾åˆ°çº¢æ˜Ÿäº¬ä¸œè‡ªè¥å®˜æ–¹æ——èˆ°åº—

real	0m2.967s
user	0m0.031s
sys	0m0.109s
parse error: Invalid numeric literal at line 1, column 10
parse error: Invalid numeric literal at line 1, column 10
parse error: Invalid numeric literal at line 1, column 10
parse error: Invalid numeric literal at line 1, column 10
02/28/21 01:14:45 438778500 1614446085

real	0m4.136s
user	0m0.000s
sys	0m0.000s

real	0m2.516s
user	0m0.031s
sys	0m0.094s
[WARN] get LZ_TOKEN error
02/28/21 01:14:56 414470000  1614446096
use pt_key

real	0m3.615s
user	0m0.125s
sys	0m0.078s
02/28/21 01:15:00 603571100  1614446100 token: AAFgOn4TADAwkAaWBXJYMgk5XqJY-v9tEHEVVH86zklYA-kZokOI8GP1ckwVnn01DCAHXkSOWKw
parse error: Invalid numeric literal at line 1, column 10

real	0m2.384s
user	0m0.141s
sys	0m0.078s
02/28/21 01:15:04 574356300  1614446104 secretPin: 
[WARN] get secretPin error

02/28/21 01:15:05 068305300  1614446105 ç‹ç­¾åˆ°çº¢æ˜Ÿäº¬ä¸œè‡ªè¥å®˜æ–¹æ——èˆ°åº—

real	0m1.460s
user	0m0.047s
sys	0m0.078s
parse error: Invalid numeric literal at line 1, column 10
parse error: Invalid numeric literal at line 1, column 10
parse error: Invalid numeric literal at line 1, column 10
parse error: Invalid numeric literal at line 1, column 10
02/28/21 01:15:23 728579700 1614446123

real	0m5.646s
user	0m0.000s
sys	0m0.047s

real	0m3.226s
user	0m0.031s
sys	0m0.094s
[WARN] get LZ_TOKEN error
02/28/21 01:15:35 085514200  1614446135
use pt_key

real	0m3.362s
user	0m0.094s
sys	0m0.078s
02/28/21 01:15:38 943005500  1614446138 token: AAFgOn46ADCUHUOgVm64oA-XlsHkzKy99KEaRUcPRiJj2RVf4TnM6qbNp0TryH68q2HrDzkVmO0
parse error: Invalid numeric literal at line 1, column 10

real	0m2.444s
user	0m0.078s
sys	0m0.125s
02/28/21 01:15:42 263665100  1614446142 secretPin: 
[WARN] get secretPin error

02/28/21 01:15:43 258661800  1614446143 ç‹ç­¾åˆ°çº¢æ˜Ÿäº¬ä¸œè‡ªè¥å®˜æ–¹æ——èˆ°åº—

real	0m2.804s
user	0m0.031s
sys	0m0.063s
parse error: Invalid numeric literal at line 1, column 10
parse error: Invalid numeric literal at line 1, column 10
parse error: Invalid numeric literal at line 1, column 10
parse error: Invalid numeric literal at line 1, column 10
02/28/21 01:16:04 247917100 1614446164

real	0m4.303s
user	0m0.000s
sys	0m0.031s

real	0m2.169s
user	0m0.000s
sys	0m0.094s
[WARN] get LZ_TOKEN error
02/28/21 01:16:17 741220600  1614446177
use pt_key

real	0m2.035s
user	0m0.109s
sys	0m0.094s
02/28/21 01:16:20 337769400  1614446180 token: AAFgOn5jADARVbAlOqLinZj88rUs0uL5IXWDgfy8ks2Lax0kAdoN3LjWEwvcmt4VYC-931iK9C8
parse error: Invalid numeric literal at line 1, column 10

real	0m2.967s
user	0m0.125s
sys	0m0.125s
02/28/21 01:16:24 377050400  1614446184 secretPin: 
[WARN] get secretPin error

02/28/21 01:16:25 088040900  1614446185 ç‹ç­¾åˆ°çº¢æ˜Ÿäº¬ä¸œè‡ªè¥å®˜æ–¹æ——èˆ°åº—

real	0m2.953s
user	0m0.047s
sys	0m0.094s
parse error: Invalid numeric literal at line 1, column 10
parse error: Invalid numeric literal at line 1, column 10
parse error: Invalid numeric literal at line 1, column 10
parse error: Invalid numeric literal at line 1, column 10
02/28/21 01:16:47 614675200 1614446207

real	0m6.058s
user	0m0.000s
sys	0m0.016s

real	0m5.291s
user	0m0.063s
sys	0m0.078s
[WARN] get LZ_TOKEN error
02/28/21 01:17:08 643103500  1614446228
use pt_key

real	0m3.238s
user	0m0.078s
sys	0m0.125s
02/28/21 01:17:12 380069700  1614446232 token: AAFgOn6XADAlJiVAAL0969XQi0HT_sayauPLPUaB5gl9qepG1uIx3aF5XZVVto-mj9iFDHSRMOc
parse error: Invalid numeric literal at line 1, column 10

real	0m3.672s
user	0m0.078s
sys	0m0.094s
02/28/21 01:17:17 066186100  1614446237 secretPin: 
[WARN] get secretPin error

02/28/21 01:17:18 414933900  1614446238 ç‹ç­¾åˆ°çº¢æ˜Ÿäº¬ä¸œè‡ªè¥å®˜æ–¹æ——èˆ°åº—

real	0m3.153s
user	0m0.031s
sys	0m0.063s
parse error: Invalid numeric literal at line 1, column 10
parse error: Invalid numeric literal at line 1, column 10
parse error: Invalid numeric literal at line 1, column 10
parse error: Invalid numeric literal at line 1, column 10
02/28/21 01:17:42 954384700 1614446262

real	0m5.506s
user	0m0.000s
sys	0m0.031s

real	0m2.702s
user	0m0.031s
sys	0m0.063s
[WARN] get LZ_TOKEN error
02/28/21 01:17:53 479756800  1614446273
use pt_key

real	0m3.073s
user	0m0.094s
sys	0m0.078s
02/28/21 01:17:57 365512600  1614446277 token: AAFgOn7EADDTlacUjQ6Egr5fJehGE9jrKn71Rf9RazS58z_i3FgcvIWJ2q-XcWsxJOi1lC4Lz8w
parse error: Invalid numeric literal at line 1, column 10

real	0m4.437s
user	0m0.094s
sys	0m0.078s
02/28/21 01:18:02 673941100  1614446282 secretPin: 
[WARN] get secretPin error

02/28/21 01:18:03 914627000  1614446283 ç‹ç­¾åˆ°çº¢æ˜Ÿäº¬ä¸œè‡ªè¥å®˜æ–¹æ——èˆ°åº—

real	0m1.973s
user	0m0.031s
sys	0m0.109s
parse error: Invalid numeric literal at line 1, column 10
parse error: Invalid numeric literal at line 1, column 10
parse error: Invalid numeric literal at line 1, column 10
parse error: Invalid numeric literal at line 1, column 10
02/28/21 01:18:24 611857700 1614446304

real	0m5.713s
user	0m0.016s
sys	0m0.047s

real	0m5.615s
user	0m0.031s
sys	0m0.094s
[WARN] get LZ_TOKEN error
02/28/21 01:18:38 591337200  1614446318
use pt_key

real	0m2.718s
user	0m0.109s
sys	0m0.125s
02/28/21 01:18:42 335243800  1614446322 token: AAFgOn7wADBERfP_Jos090xw5fHXC6uIDYNaDRZtghJHnJgRwlaBARiK2iOC7pRzfqXgCNqmYAg
parse error: Invalid numeric literal at line 1, column 10

real	0m3.021s
user	0m0.109s
sys	0m0.125s
02/28/21 01:18:45 695191600  1614446325 secretPin: 
[WARN] get secretPin error

02/28/21 01:18:46 715699900  1614446326 ç‹ç­¾åˆ°çº¢æ˜Ÿäº¬ä¸œè‡ªè¥å®˜æ–¹æ——èˆ°åº—

real	0m2.953s
user	0m0.016s
sys	0m0.078s
parse error: Invalid numeric literal at line 1, column 10
parse error: Invalid numeric literal at line 1, column 10
parse error: Invalid numeric literal at line 1, column 10
parse error: Invalid numeric literal at line 1, column 10
02/28/21 01:18:59 990597500 1614446339

real	0m7.662s
user	0m0.000s
sys	0m0.094s

real	0m3.841s
user	0m0.031s
sys	0m0.078s
[WARN] get LZ_TOKEN error
02/28/21 01:19:13 166888600  1614446353
use pt_key

real	0m3.831s
user	0m0.109s
sys	0m0.125s
02/28/21 01:19:17 986357500  1614446357 token: AAFgOn8UADBgVDfd7_AJoi8BxXeLRHlFFguUxveCPDHn6JQVizzvuBuISQLUKKJgAOhWmcd95wo
parse error: Invalid numeric literal at line 1, column 10

real	0m4.344s
user	0m0.125s
sys	0m0.094s
02/28/21 01:19:23 960820300  1614446363 secretPin: 
[WARN] get secretPin error

02/28/21 01:19:24 793031800  1614446364 ç‹ç­¾åˆ°çº¢æ˜Ÿäº¬ä¸œè‡ªè¥å®˜æ–¹æ——èˆ°åº—

real	0m2.731s
user	0m0.031s
sys	0m0.109s
parse error: Invalid numeric literal at line 1, column 10
parse error: Invalid numeric literal at line 1, column 10
parse error: Invalid numeric literal at line 1, column 10
parse error: Invalid numeric literal at line 1, column 10
02/28/21 01:19:46 779028700 1614446386

real	0m5.904s
user	0m0.000s
sys	0m0.016s

real	0m3.058s
user	0m0.047s
sys	0m0.094s
[WARN] get LZ_TOKEN error
02/28/21 01:20:04 471451300  1614446404
use pt_key

real	0m3.226s
user	0m0.109s
sys	0m0.078s
02/28/21 01:20:09 104649200  1614446409 token: AAFgOn9HADCZHcT1_EFnNbQEoPOmUP9sh9TS5vM1ixc4hWaKgG1mSrmiL6DDpn5zMKgzsqwvRyc
parse error: Invalid numeric literal at line 1, column 10

real	0m2.938s
user	0m0.125s
sys	0m0.125s
02/28/21 01:20:12 883675400  1614446412 secretPin: 
[WARN] get secretPin error

02/28/21 01:20:14 000616800  1614446414 ç‹ç­¾åˆ°çº¢æ˜Ÿäº¬ä¸œè‡ªè¥å®˜æ–¹æ——èˆ°åº—

real	0m2.413s
user	0m0.047s
sys	0m0.094s
parse error: Invalid numeric literal at line 1, column 10
parse error: Invalid numeric literal at line 1, column 10
parse error: Invalid numeric literal at line 1, column 10
parse error: Invalid numeric literal at line 1, column 10
02/28/21 01:20:38 284620200 1614446438

real	0m6.313s
user	0m0.000s
sys	0m0.063s

real	0m3.635s
user	0m0.016s
sys	0m0.078s
[WARN] get LZ_TOKEN error
02/28/21 01:20:52 758051800  1614446452
use pt_key

real	0m3.979s
user	0m0.094s
sys	0m0.141s
02/28/21 01:20:58 709463900  1614446458 token: AAFgOn94ADBPxBjJ6oeRN0mwjMFbMaIMgR5iJ_5RKBpY3gYHhK_RDkcrGc9DEekTQvp_HKRNG8I
parse error: Invalid numeric literal at line 1, column 10

real	0m3.810s
user	0m0.141s
sys	0m0.109s
02/28/21 01:21:05 456828100  1614446465 secretPin: 
[WARN] get secretPin error

02/28/21 01:21:06 328425700  1614446466 ç‹ç­¾åˆ°çº¢æ˜Ÿäº¬ä¸œè‡ªè¥å®˜æ–¹æ——èˆ°åº—

real	0m2.998s
user	0m0.031s
sys	0m0.094s
parse error: Invalid numeric literal at line 1, column 10
parse error: Invalid numeric literal at line 1, column 10
parse error: Invalid numeric literal at line 1, column 10
parse error: Invalid numeric literal at line 1, column 10
02/28/21 01:21:26 606983900 1614446486

real	0m6.096s
user	0m0.000s
sys	0m0.016s
02/28/21 01:22:09 735436800  1614446529
parse error: Invalid numeric literal at line 1, column 10
ç­¾åˆ°æ˜¯å¦æˆåŠŸè§£æå¤±è´¥. ä¸å†å†™/home/myid/jd/jd_signup/vender/shop_1613569840_217_delay

ç‹ç­¾åˆ°çº¢æ˜Ÿäº¬ä¸œè‡ªè¥å®˜æ–¹æ——èˆ°åº—æŸ¥çœ‹ç»“æœ
<!DOCTYPE html>
<html>
 <head> 
  <title>äº¬ä¸œ</title> 
  <meta charset="utf-8" /> 
  <meta name="apple-mobile-web-app-capable" content="yes" /> 
  <meta name="viewport" content="width=device-width,initial-scale=1,user-scalable=no,maximum-scale=1,viewport-fit=cover" /> 
  <meta name="format-detection" content="telephone=no" /> 
  <meta name="x5-cache" content="enable" /> 
  <link rel="stylesheet" href="https://storage.360buyimg.com/babel/00162638/333378/production/dev/parser.1526555535098.css?t=20180517191236" /> 
  <style> img {
            opacity: 1 !important;
        } </style> 
  <link href="https://storage.360buyimg.com/babel/00170893/348321/production/dev/index.7320a380.css?t=20180802150952" rel="stylesheet" />
 </head> 
 <body style="background:#fff;" id="root"> 
  <div class="errorPage"> 
  </div> 
  <div class="placeholer"> 
  </div> 
  <script src="https://wl.jd.com/unify.min.js"></script> 
  <script type="text/javascript" src="https://storage.360buyimg.com/babel/00170893/348321/production/dev/index.0f8f4dba.js?t=20180802150952"></script> 
 </body>
</html>

parse error: Invalid numeric literal at line 1, column 10
[0;31;3mRUN  at {280:<--} ERROR CODE: 4[0m [0;31;3m[20210228 01:22:15] [ERROR] [0m

