03/28/21 01:00:02 662153500  1616864402
RANDOM_num: 45
removed '/tmp/tmp.Nmzbfsie31'
03/28/21 01:00:02 821949600  1616864402 检查122294312-396444签到
removed '/tmp/tmp.rmt4dpQbhz'
03/28/21 01:00:02 928635200  1616864402 检查1309893722-164885签到

03/28/21 01:00:02 991167300  1616864402 赵签到352官方旗舰店

real	0m0.369s
user	0m0.031s
sys	0m0.063s
{"msg":"当前不存在有效的活动!","code":402,"class":"com.jd.interact.center.client.api.common.param.Results","success":false}
活动已结束. /home/myid/jd/jd_signup/api_vender/352_delay --> /home/myid/jd/jd_signup/api_vender/352_del
renamed '/home/myid/jd/jd_signup/api_vender/352_delay' -> '/home/myid/jd/jd_signup/api_vender/352_del'

03/28/21 01:00:48 763289100  1616864448
赵签到352官方旗舰店查看结果



赵签到352官方旗舰店日志
{"code":200,"data":{"signRecords":[{"signTime":1616072097521,"currentDay":2,"signed":2,"class":"com.jd.interact.center.client.api.color.domain.sign.InteractActivityUserActionRecord"},{"signTime":1616109118015,"currentDay":2,"signed":2,"class":"com.jd.interact.center.client.api.color.domain.sign.InteractActivityUserActionRecord"},{"signTime":1616173203950,"currentDay":2,"signed":2,"class":"com.jd.interact.center.client.api.color.domain.sign.InteractActivityUserActionRecord"},{"signTime":1616259604033,"currentDay":2,"signed":2,"class":"com.jd.interact.center.client.api.color.domain.sign.InteractActivityUserActionRecord"},{"signTime":1616346003192,"currentDay":2,"signed":2,"class":"com.jd.interact.center.client.api.color.domain.sign.InteractActivityUserActionRecord"},{"signTime":1616432402526,"currentDay":2,"signed":2,"class":"com.jd.interact.center.client.api.color.domain.sign.InteractActivityUserActionRecord"},{"signTime":1616518802723,"currentDay":2,"signed":2,"class":"com.jd.interact.center.client.api.color.domain.sign.InteractActivityUserActionRecord"},{"signTime":1616605203745,"currentDay":2,"signed":2,"class":"com.jd.interact.center.client.api.color.domain.sign.InteractActivityUserActionRecord"},{"signTime":1616691604072,"currentDay":2,"signed":2,"class":"com.jd.interact.center.client.api.color.domain.sign.InteractActivityUserActionRecord"},{"signTime":1616778002634,"currentDay":2,"signed":2,"class":"com.jd.interact.center.client.api.color.domain.sign.InteractActivityUserActionRecord"},{"signTime":1616860800000,"currentDay":1,"signed":1,"class":"com.jd.interact.center.client.api.color.domain.sign.InteractActivityUserActionRecord"},{"signTime":1616947200000,"currentDay":3,"signed":1,"class":"com.jd.interact.center.client.api.color.domain.sign.InteractActivityUserActionRecord"},{"signTime":1617033600000,"currentDay":3,"signed":1,"class":"com.jd.interact.center.client.api.color.domain.sign.InteractActivityUserActionRecord"},{"signTime":1617120000000,"currentDay":3,"signed":1,"class":"com.jd.interact.center.client.api.color.domain.sign.InteractActivityUserActionRecord"},{"signTime":1617206400000,"currentDay":3,"signed":1,"class":"com.jd.interact.center.client.api.color.domain.sign.InteractActivityUserActionRecord"},{"signTime":1617292800000,"currentDay":3,"signed":1,"class":"com.jd.interact.center.client.api.color.domain.sign.InteractActivityUserActionRecord"},{"signTime":1617379200000,"currentDay":3,"signed":1,"class":"com.jd.interact.center.client.api.color.domain.sign.InteractActivityUserActionRecord"},{"signTime":1617465600000,"currentDay":3,"signed":1,"class":"com.jd.interact.center.client.api.color.domain.sign.InteractActivityUserActionRecord"},{"signTime":1617552000000,"currentDay":3,"signed":1,"class":"com.jd.interact.center.client.api.color.domain.sign.InteractActivityUserActionRecord"},{"signTime":1617638400000,"currentDay":3,"signed":1,"class":"com.jd.interact.center.client.api.color.domain.sign.InteractActivityUserActionRecord"},{"signTime":1617724800000,"currentDay":3,"signed":1,"class":"com.jd.interact.center.client.api.color.domain.sign.InteractActivityUserActionRecord"},{"signTime":1617811200000,"currentDay":3,"signed":1,"class":"com.jd.interact.center.client.api.color.domain.sign.InteractActivityUserActionRecord"},{"signTime":1617897600000,"currentDay":3,"signed":1,"class":"com.jd.interact.center.client.api.color.domain.sign.InteractActivityUserActionRecord"},{"signTime":1617984000000,"currentDay":3,"signed":1,"class":"com.jd.interact.center.client.api.color.domain.sign.InteractActivityUserActionRecord"},{"signTime":1618070400000,"currentDay":3,"signed":1,"class":"com.jd.interact.center.client.api.color.domain.sign.InteractActivityUserActionRecord"},{"signTime":1618156800000,"currentDay":3,"signed":1,"class":"com.jd.interact.center.client.api.color.domain.sign.InteractActivityUserActionRecord"},{"signTime":1618243200000,"currentDay":3,"signed":1,"class":"com.jd.interact.center.client.api.color.domain.sign.InteractActivityUserActionRecord"},{"signTime":1618329600000,"currentDay":3,"signed":1,"class":"com.jd.interact.center.client.api.color.domain.sign.InteractActivityUserActionRecord"},{"signTime":1618416000000,"currentDay":3,"signed":1,"class":"com.jd.interact.center.client.api.color.domain.sign.InteractActivityUserActionRecord"}],"days":10,"class":"com.jd.interact.center.client.api.color.domain.sign.ShopSignUserRecord"},"class":"com.jd.interact.center.client.api.common.param.Results","success":true}
{
  "contiSignNum": 10
}
王签到352官方旗舰店日志

# 短链接
suo_url="https://u.jd.com/ssGJPuP"
venderId=697953
startTime=1615996800000
endTime=1618502399000
activityId=10300299
token=81C9A99C33BBC33E63D690A93B288319
#店铺名称
vendername="352官方旗舰店"
# 长链接
url=https://h5.m.jd.com/babelDiy/Zeus/2PAAf74aG3D61qvfKUM5dxUssJQ9/index.html?token=81C9A99C33BBC33E63D690A93B288319&cu=true&utm_source=kong&utm_medium=jingfen&utm_campaign=t_2011226788_&utm_term=4b26eeb45ef54a38a7821dc7aa41cebd
# 活动时间：2021.03.18 00:00:00 - 2021.04.15 23:59:59
# 奖励说明：
actRule="
每日签到：10京豆
连续签到10天：满1000-100店铺券
"
#赵 122294312-396444 sign_res
sign_res="
signTime=1616072097;signed=2;currentDay=2
signTime=1616109118;signed=2;currentDay=2
signTime=1616173203;signed=2;currentDay=2
signTime=1616259604;signed=2;currentDay=2
signTime=1616346003;signed=2;currentDay=2
signTime=1616432402;signed=2;currentDay=2
signTime=1616518802;signed=2;currentDay=2
signTime=1616605203;signed=2;currentDay=2
signTime=1616691604;signed=2;currentDay=2
signTime=1616778002;signed=2;currentDay=1
signTime=1616860800;signed=1;currentDay=3
signTime=1616947200;signed=1;currentDay=3
signTime=1617033600;signed=1;currentDay=3
signTime=1617120000;signed=1;currentDay=3
signTime=1617206400;signed=1;currentDay=3
signTime=1617292800;signed=1;currentDay=3
signTime=1617379200;signed=1;currentDay=3
signTime=1617465600;signed=1;currentDay=3
signTime=1617552000;signed=1;currentDay=3
signTime=1617638400;signed=1;currentDay=3
signTime=1617724800;signed=1;currentDay=3
signTime=1617811200;signed=1;currentDay=3
signTime=1617897600;signed=1;currentDay=3
signTime=1617984000;signed=1;currentDay=3
signTime=1618070400;signed=1;currentDay=3
signTime=1618156800;signed=1;currentDay=3
signTime=1618243200;signed=1;currentDay=3
signTime=1618329600;signed=1;currentDay=3
signTime=1618416000;signed=1;currentDay=3"
sign_num="10"
giftName="奖励100,type=1;"
giftRes="ok"
giftDate="20210327"
sign_res_info="
2021/03/18_20:54:57  2    [已~签~到]
2021/03/19_07:11:58  2    [已~签~到]
2021/03/20_01:00:03  2    [已~签~到]
2021/03/21_01:00:04  2    [已~签~到]
2021/03/22_01:00:03  2    [已~签~到]
2021/03/23_01:00:02  2    [已~签~到]
2021/03/24_01:00:02  2    [已~签~到]
2021/03/25_01:00:03  2    [已~签~到]
2021/03/26_01:00:04  2    [已~签~到]
2021/03/27_01:00:02  1    [已~签~到]
2021/03/28_00:00:00  3    未签到
2021/03/29_00:00:00  3    未签到
2021/03/30_00:00:00  3    未签到
2021/03/31_00:00:00  3    未签到
2021/04/01_00:00:00  3    未签到
2021/04/02_00:00:00  3    未签到
2021/04/03_00:00:00  3    未签到
2021/04/04_00:00:00  3    未签到
2021/04/05_00:00:00  3    未签到
2021/04/06_00:00:00  3    未签到
2021/04/07_00:00:00  3    未签到
2021/04/08_00:00:00  3    未签到
2021/04/09_00:00:00  3    未签到
2021/04/10_00:00:00  3    未签到
2021/04/11_00:00:00  3    未签到
2021/04/12_00:00:00  3    未签到
2021/04/13_00:00:00  3    未签到
2021/04/14_00:00:00  3    未签到
2021/04/15_00:00:00  3    未签到
当天签到奖励 [奖励100,type=1;]
已签到 10 天"
#赵 122294312-396444 sign_res_end
#王 1309893722-164885 sign_res
sign_res="
signTime=1616072057;signed=2;currentDay=2
signTime=1616109118;signed=2;currentDay=2
signTime=1616173204;signed=2;currentDay=2
signTime=1616259604;signed=2;currentDay=2
signTime=1616346003;signed=2;currentDay=2
signTime=1616432402;signed=2;currentDay=2
signTime=1616518802;signed=2;currentDay=2
signTime=1616605204;signed=2;currentDay=2
signTime=1616691604;signed=2;currentDay=2
signTime=1616778002;signed=2;currentDay=1
signTime=1616860800;signed=1;currentDay=3
signTime=1616947200;signed=1;currentDay=3
signTime=1617033600;signed=1;currentDay=3
signTime=1617120000;signed=1;currentDay=3
signTime=1617206400;signed=1;currentDay=3
signTime=1617292800;signed=1;currentDay=3
signTime=1617379200;signed=1;currentDay=3
signTime=1617465600;signed=1;currentDay=3
signTime=1617552000;signed=1;currentDay=3
signTime=1617638400;signed=1;currentDay=3
signTime=1617724800;signed=1;currentDay=3
signTime=1617811200;signed=1;currentDay=3
signTime=1617897600;signed=1;currentDay=3
signTime=1617984000;signed=1;currentDay=3
signTime=1618070400;signed=1;currentDay=3
signTime=1618156800;signed=1;currentDay=3
signTime=1618243200;signed=1;currentDay=3
signTime=1618329600;signed=1;currentDay=3
signTime=1618416000;signed=1;currentDay=3"
sign_num="10"
giftName="奖励100,type=1;"
giftRes="ok"
giftDate="20210327"
sign_res_info="
2021/03/18_20:54:17  2    [已~签~到]
2021/03/19_07:11:58  2    [已~签~到]
2021/03/20_01:00:04  2    [已~签~到]
2021/03/21_01:00:04  2    [已~签~到]
2021/03/22_01:00:03  2    [已~签~到]
2021/03/23_01:00:02  2    [已~签~到]
2021/03/24_01:00:02  2    [已~签~到]
2021/03/25_01:00:04  2    [已~签~到]
2021/03/26_01:00:04  2    [已~签~到]
2021/03/27_01:00:02  1    [已~签~到]
2021/03/28_00:00:00  3    未签到
2021/03/29_00:00:00  3    未签到
2021/03/30_00:00:00  3    未签到
2021/03/31_00:00:00  3    未签到
2021/04/01_00:00:00  3    未签到
2021/04/02_00:00:00  3    未签到
2021/04/03_00:00:00  3    未签到
2021/04/04_00:00:00  3    未签到
2021/04/05_00:00:00  3    未签到
2021/04/06_00:00:00  3    未签到
2021/04/07_00:00:00  3    未签到
2021/04/08_00:00:00  3    未签到
2021/04/09_00:00:00  3    未签到
2021/04/10_00:00:00  3    未签到
2021/04/11_00:00:00  3    未签到
2021/04/12_00:00:00  3    未签到
2021/04/13_00:00:00  3    未签到
2021/04/14_00:00:00  3    未签到
2021/04/15_00:00:00  3    未签到
当天签到奖励 [奖励100,type=1;]
已签到 10 天"
#王 1309893722-164885 sign_res_end
#肥鹅 jd_4d651d9e48204 sign_res
sign_res="
signTime=1616072216;signed=2;currentDay=2
signTime=1616109129;signed=2;currentDay=2
signTime=1616173219;signed=2;currentDay=2
signTime=1616259623;signed=2;currentDay=2
signTime=1616346052;signed=2;currentDay=2
signTime=1616432436;signed=2;currentDay=2
signTime=1616518826;signed=2;currentDay=2
signTime=1616605214;signed=2;currentDay=2
signTime=1616691649;signed=2;currentDay=2
signTime=1616778046;signed=2;currentDay=1
signTime=1616860800;signed=1;currentDay=3
signTime=1616947200;signed=1;currentDay=3
signTime=1617033600;signed=1;currentDay=3
signTime=1617120000;signed=1;currentDay=3
signTime=1617206400;signed=1;currentDay=3
signTime=1617292800;signed=1;currentDay=3
signTime=1617379200;signed=1;currentDay=3
signTime=1617465600;signed=1;currentDay=3
signTime=1617552000;signed=1;currentDay=3
signTime=1617638400;signed=1;currentDay=3
signTime=1617724800;signed=1;currentDay=3
signTime=1617811200;signed=1;currentDay=3
signTime=1617897600;signed=1;currentDay=3
signTime=1617984000;signed=1;currentDay=3
signTime=1618070400;signed=1;currentDay=3
signTime=1618156800;signed=1;currentDay=3
signTime=1618243200;signed=1;currentDay=3
signTime=1618329600;signed=1;currentDay=3
signTime=1618416000;signed=1;currentDay=3"
sign_num="10"
giftName="奖励100,type=1;"
giftRes="ok"
giftDate="20210327"
sign_res_info="
2021/03/18_20:56:56  2    [已~签~到]
2021/03/19_07:12:09  2    [已~签~到]
2021/03/20_01:00:19  2    [已~签~到]
2021/03/21_01:00:23  2    [已~签~到]
2021/03/22_01:00:52  2    [已~签~到]
2021/03/23_01:00:36  2    [已~签~到]
2021/03/24_01:00:26  2    [已~签~到]
2021/03/25_01:00:14  2    [已~签~到]
2021/03/26_01:00:49  2    [已~签~到]
2021/03/27_01:00:46  1    [已~签~到]
2021/03/28_00:00:00  3    未签到
2021/03/29_00:00:00  3    未签到
2021/03/30_00:00:00  3    未签到
2021/03/31_00:00:00  3    未签到
2021/04/01_00:00:00  3    未签到
2021/04/02_00:00:00  3    未签到
2021/04/03_00:00:00  3    未签到
2021/04/04_00:00:00  3    未签到
2021/04/05_00:00:00  3    未签到
2021/04/06_00:00:00  3    未签到
2021/04/07_00:00:00  3    未签到
2021/04/08_00:00:00  3    未签到
2021/04/09_00:00:00  3    未签到
2021/04/10_00:00:00  3    未签到
2021/04/11_00:00:00  3    未签到
2021/04/12_00:00:00  3    未签到
2021/04/13_00:00:00  3    未签到
2021/04/14_00:00:00  3    未签到
2021/04/15_00:00:00  3    未签到
当天签到奖励 [奖励100,type=1;]
已签到 10 天"
#肥鹅 jd_4d651d9e48204 sign_res_end
#移动 jd_OeTNobRVGiNZ sign_res
sign_res="
signTime=1615996800;signed=1;currentDay=2
signTime=1616109129;signed=2;currentDay=2
signTime=1616173219;signed=2;currentDay=2
signTime=1616259623;signed=2;currentDay=2
signTime=1616346052;signed=2;currentDay=2
signTime=1616432436;signed=2;currentDay=2
signTime=1616518826;signed=2;currentDay=2
signTime=1616605214;signed=2;currentDay=2
signTime=1616691649;signed=2;currentDay=2
signTime=1616778047;signed=2;currentDay=1
signTime=1616860800;signed=1;currentDay=3
signTime=1616947200;signed=1;currentDay=3
signTime=1617033600;signed=1;currentDay=3
signTime=1617120000;signed=1;currentDay=3
signTime=1617206400;signed=1;currentDay=3
signTime=1617292800;signed=1;currentDay=3
signTime=1617379200;signed=1;currentDay=3
signTime=1617465600;signed=1;currentDay=3
signTime=1617552000;signed=1;currentDay=3
signTime=1617638400;signed=1;currentDay=3
signTime=1617724800;signed=1;currentDay=3
signTime=1617811200;signed=1;currentDay=3
signTime=1617897600;signed=1;currentDay=3
signTime=1617984000;signed=1;currentDay=3
signTime=1618070400;signed=1;currentDay=3
signTime=1618156800;signed=1;currentDay=3
signTime=1618243200;signed=1;currentDay=3
signTime=1618329600;signed=1;currentDay=3
signTime=1618416000;signed=1;currentDay=3"
sign_num="9"
giftName=""
giftRes="ok"
giftDate="20210327"
sign_res_info="
2021/03/18_00:00:00  2    未签到
2021/03/19_07:12:09  2    [已~签~到]
2021/03/20_01:00:19  2    [已~签~到]
2021/03/21_01:00:23  2    [已~签~到]
2021/03/22_01:00:52  2    [已~签~到]
2021/03/23_01:00:36  2    [已~签~到]
2021/03/24_01:00:26  2    [已~签~到]
2021/03/25_01:00:14  2    [已~签~到]
2021/03/26_01:00:49  2    [已~签~到]
2021/03/27_01:00:47  1    [已~签~到]
2021/03/28_00:00:00  3    未签到
2021/03/29_00:00:00  3    未签到
2021/03/30_00:00:00  3    未签到
2021/03/31_00:00:00  3    未签到
2021/04/01_00:00:00  3    未签到
2021/04/02_00:00:00  3    未签到
2021/04/03_00:00:00  3    未签到
2021/04/04_00:00:00  3    未签到
2021/04/05_00:00:00  3    未签到
2021/04/06_00:00:00  3    未签到
2021/04/07_00:00:00  3    未签到
2021/04/08_00:00:00  3    未签到
2021/04/09_00:00:00  3    未签到
2021/04/10_00:00:00  3    未签到
2021/04/11_00:00:00  3    未签到
2021/04/12_00:00:00  3    未签到
2021/04/13_00:00:00  3    未签到
2021/04/14_00:00:00  3    未签到
2021/04/15_00:00:00  3    未签到
当天签到奖励 []
已签到 9 天"
#移动 jd_OeTNobRVGiNZ sign_res_end
