02/28/21 04:04:50 653965900  1614456290
RANDOM_num: 5
removed '/tmp/tmp.n5kWB7S5ah'
02/28/21 04:04:56 172340000  1614456296 检查移动签到

real	0m2.528s
user	0m0.031s
sys	0m0.078s
[WARN] get LZ_TOKEN error
02/28/21 04:05:02 811227500  1614456302
use wskey

real	0m3.319s
user	0m0.125s
sys	0m0.078s
02/28/21 04:05:06 786188400  1614456306 token: AAFgOqXxADBYa4KZrpj2Vu5kNgCan5T-NqKqKEfU3n85AbAJq_rS7VW5gml32WuRzTZUHmoF6IE
parse error: Invalid numeric literal at line 1, column 10

real	0m1.883s
user	0m0.109s
sys	0m0.063s
02/28/21 04:05:09 291549400  1614456309 secretPin: 
[WARN] get secretPin error

02/28/21 04:05:09 845948300  1614456309 移动签到英氏YeeHoO奥特莱斯店

real	0m2.133s
user	0m0.016s
sys	0m0.109s
parse error: Invalid numeric literal at line 1, column 10
parse error: Invalid numeric literal at line 1, column 10
parse error: Invalid numeric literal at line 1, column 10
parse error: Invalid numeric literal at line 1, column 10
02/28/21 04:05:17 646100100 1614456317

real	0m2.408s
user	0m0.000s
sys	0m0.031s

real	0m2.724s
user	0m0.031s
sys	0m0.063s
[WARN] get LZ_TOKEN error
02/28/21 04:05:24 750106700  1614456324
use wskey

real	0m2.233s
user	0m0.109s
sys	0m0.078s
02/28/21 04:05:27 495121500  1614456327 token: AAFgOqYGADCZ0S9gym0kEfswxvUhpkIe2YfTFL06yR0ltUn3HLfvLGZl-ohBMNjp9skGVJR0onU
parse error: Invalid numeric literal at line 1, column 10

real	0m2.949s
user	0m0.156s
sys	0m0.078s
02/28/21 04:05:31 417031800  1614456331 secretPin: 
[WARN] get secretPin error

02/28/21 04:05:32 260264800  1614456332 移动签到英氏YeeHoO奥特莱斯店

real	0m2.400s
user	0m0.031s
sys	0m0.109s
parse error: Invalid numeric literal at line 1, column 10
parse error: Invalid numeric literal at line 1, column 10
parse error: Invalid numeric literal at line 1, column 10
parse error: Invalid numeric literal at line 1, column 10
02/28/21 04:05:42 025586000 1614456342

real	0m1.999s
user	0m0.000s
sys	0m0.047s

real	0m1.440s
user	0m0.063s
sys	0m0.047s
[WARN] get LZ_TOKEN error
02/28/21 04:05:47 339513000  1614456347
use wskey

real	0m2.925s
user	0m0.125s
sys	0m0.109s
02/28/21 04:05:50 874293600  1614456350 token: AAFgOqYdADCviVj3Vg-Pe7m_PI_GGZDEOXuesBt9rg0bdO5-pgYnM2j5SMlZyhLObAvJsq6o2DM
parse error: Invalid numeric literal at line 1, column 10

real	0m2.932s
user	0m0.094s
sys	0m0.172s
02/28/21 04:05:54 679270300  1614456354 secretPin: 
[WARN] get secretPin error

02/28/21 04:05:55 450021600  1614456355 移动签到英氏YeeHoO奥特莱斯店

real	0m2.021s
user	0m0.047s
sys	0m0.047s
parse error: Invalid numeric literal at line 1, column 10
parse error: Invalid numeric literal at line 1, column 10
parse error: Invalid numeric literal at line 1, column 10
parse error: Invalid numeric literal at line 1, column 10
02/28/21 04:06:07 359795100 1614456367

real	0m2.545s
user	0m0.016s
sys	0m0.000s

real	0m2.210s
user	0m0.016s
sys	0m0.125s
[WARN] get LZ_TOKEN error
02/28/21 04:06:13 902423400  1614456373
use wskey

real	0m2.740s
user	0m0.172s
sys	0m0.094s
02/28/21 04:06:17 888157100  1614456377 token: AAFgOqY4ADCHFxyMGNydqR7-GN2Eh1JVScsgUUECPQTO-xEEBlyBMK1c4BdpYLQwL2DfLlx6oj0
parse error: Invalid numeric literal at line 1, column 10

real	0m2.220s
user	0m0.094s
sys	0m0.141s
02/28/21 04:06:20 502095500  1614456380 secretPin: 
[WARN] get secretPin error

02/28/21 04:06:21 160043300  1614456381 移动签到英氏YeeHoO奥特莱斯店

real	0m1.189s
user	0m0.047s
sys	0m0.063s
parse error: Invalid numeric literal at line 1, column 10
parse error: Invalid numeric literal at line 1, column 10
parse error: Invalid numeric literal at line 1, column 10
parse error: Invalid numeric literal at line 1, column 10
02/28/21 04:06:29 642472700 1614456389

real	0m2.244s
user	0m0.016s
sys	0m0.031s

real	0m2.453s
user	0m0.031s
sys	0m0.078s
[WARN] get LZ_TOKEN error
02/28/21 04:06:39 048104300  1614456399
use wskey

real	0m1.846s
user	0m0.141s
sys	0m0.156s
02/28/21 04:06:41 550248700  1614456401 token: AAFgOqZQADDnrA2KPlU5z4UjorhbzqX_mflB16p4rbj7T_7vBuyCTzA9D73aUJQCONR_pGv09IQ
parse error: Invalid numeric literal at line 1, column 10

real	0m2.740s
user	0m0.078s
sys	0m0.141s
02/28/21 04:06:45 327588000  1614456405 secretPin: 
[WARN] get secretPin error

02/28/21 04:06:46 199179800  1614456406 移动签到英氏YeeHoO奥特莱斯店

real	0m1.970s
user	0m0.047s
sys	0m0.047s
parse error: Invalid numeric literal at line 1, column 10
parse error: Invalid numeric literal at line 1, column 10
parse error: Invalid numeric literal at line 1, column 10
parse error: Invalid numeric literal at line 1, column 10
02/28/21 04:06:58 471906200 1614456418

real	0m2.670s
user	0m0.000s
sys	0m0.063s

real	0m3.045s
user	0m0.078s
sys	0m0.063s
[WARN] get LZ_TOKEN error
02/28/21 04:07:07 580084200  1614456427
use wskey

real	0m2.509s
user	0m0.109s
sys	0m0.156s
02/28/21 04:07:10 797908400  1614456430 token: AAFgOqZtADB24zEkMaklJF3YsoDN56g1Bp2DNipRu6cycPmmvcSiOqaZ88ovPEp9bJ48Hs-CXF8
parse error: Invalid numeric literal at line 1, column 10

real	0m3.306s
user	0m0.094s
sys	0m0.141s
02/28/21 04:07:14 698360600  1614456434 secretPin: 
[WARN] get secretPin error

02/28/21 04:07:15 557876200  1614456435 移动签到英氏YeeHoO奥特莱斯店

real	0m2.838s
user	0m0.031s
sys	0m0.109s
parse error: Invalid numeric literal at line 1, column 10
parse error: Invalid numeric literal at line 1, column 10
parse error: Invalid numeric literal at line 1, column 10
parse error: Invalid numeric literal at line 1, column 10
02/28/21 04:07:26 005953400 1614456446

real	0m3.013s
user	0m0.016s
sys	0m0.047s

real	0m2.659s
user	0m0.000s
sys	0m0.109s
[WARN] get LZ_TOKEN error
02/28/21 04:07:34 511637600  1614456454
use wskey

real	0m2.976s
user	0m0.094s
sys	0m0.109s
02/28/21 04:07:37 909377900  1614456457 token: AAFgOqaJADDsuraJrjuypkDu5yG4vhAfO1F3OBzkoqfu-vYcanZrtzknEw4F7nSLCmk5H_9FynQ
parse error: Invalid numeric literal at line 1, column 10

real	0m2.640s
user	0m0.125s
sys	0m0.078s
02/28/21 04:07:41 194776900  1614456461 secretPin: 
[WARN] get secretPin error

02/28/21 04:07:41 520832600  1614456461 移动签到英氏YeeHoO奥特莱斯店

real	0m2.800s
user	0m0.031s
sys	0m0.094s
parse error: Invalid numeric literal at line 1, column 10
parse error: Invalid numeric literal at line 1, column 10
parse error: Invalid numeric literal at line 1, column 10
parse error: Invalid numeric literal at line 1, column 10
02/28/21 04:07:52 016238400 1614456472

real	0m3.721s
user	0m0.000s
sys	0m0.031s

real	0m3.182s
user	0m0.016s
sys	0m0.109s
[WARN] get LZ_TOKEN error
02/28/21 04:08:00 403190000  1614456480
use wskey

real	0m2.322s
user	0m0.063s
sys	0m0.109s
02/28/21 04:08:04 688641900  1614456484 token: AAFgOqaiADACxP04ZZzhb0UQ0RX9HqPci40RqU2inQ_pRAgvgADz4DA9UVWJNSFzdJTdOXglZCY
parse error: Invalid numeric literal at line 1, column 10

real	0m2.388s
user	0m0.109s
sys	0m0.141s
02/28/21 04:08:07 664513100  1614456487 secretPin: 
[WARN] get secretPin error

02/28/21 04:08:08 685406600  1614456488 移动签到英氏YeeHoO奥特莱斯店

real	0m2.268s
user	0m0.031s
sys	0m0.109s
parse error: Invalid numeric literal at line 1, column 10
parse error: Invalid numeric literal at line 1, column 10
parse error: Invalid numeric literal at line 1, column 10
parse error: Invalid numeric literal at line 1, column 10
02/28/21 04:08:17 664224100 1614456497

real	0m3.515s
user	0m0.000s
sys	0m0.047s

real	0m2.749s
user	0m0.047s
sys	0m0.109s
[WARN] get LZ_TOKEN error
02/28/21 04:08:26 432793600  1614456506
use wskey

real	0m2.890s
user	0m0.125s
sys	0m0.047s
02/28/21 04:08:29 932742600  1614456509 token: AAFgOqa9ADAlGruWfogGpilGDaLnb2Ee7bkKTpyNeK_4RG2u9_wWW8Fl_FAdxZm37cII5ibRWBw
parse error: Invalid numeric literal at line 1, column 10

real	0m2.922s
user	0m0.109s
sys	0m0.094s
02/28/21 04:08:33 990922000  1614456513 secretPin: 
[WARN] get secretPin error

02/28/21 04:08:34 705508000  1614456514 移动签到英氏YeeHoO奥特莱斯店

real	0m1.666s
user	0m0.000s
sys	0m0.094s
parse error: Invalid numeric literal at line 1, column 10
parse error: Invalid numeric literal at line 1, column 10
parse error: Invalid numeric literal at line 1, column 10
parse error: Invalid numeric literal at line 1, column 10
02/28/21 04:08:43 929456800 1614456523

real	0m3.193s
user	0m0.000s
sys	0m0.063s

real	0m2.159s
user	0m0.016s
sys	0m0.094s
[WARN] get LZ_TOKEN error
02/28/21 04:08:51 197323600  1614456531
use wskey

real	0m2.883s
user	0m0.125s
sys	0m0.094s
02/28/21 04:08:54 661738300  1614456534 token: AAFgOqbWADBhWigyQc_-2aP4pxG9G3Pfyt0-D0sllO5CHPRwhEgvNeFx4erO8_iD3F__9dZjems
parse error: Invalid numeric literal at line 1, column 10

real	0m2.850s
user	0m0.094s
sys	0m0.109s
02/28/21 04:08:58 455048900  1614456538 secretPin: 
[WARN] get secretPin error

02/28/21 04:08:59 031733000  1614456539 移动签到英氏YeeHoO奥特莱斯店

real	0m1.801s
user	0m0.047s
sys	0m0.078s
parse error: Invalid numeric literal at line 1, column 10
parse error: Invalid numeric literal at line 1, column 10
parse error: Invalid numeric literal at line 1, column 10
parse error: Invalid numeric literal at line 1, column 10
02/28/21 04:09:08 955825300 1614456548

real	0m3.364s
user	0m0.000s
sys	0m0.031s

real	0m1.523s
user	0m0.031s
sys	0m0.094s
[WARN] get LZ_TOKEN error
02/28/21 04:09:15 476541800  1614456555
use wskey

real	0m2.669s
user	0m0.125s
sys	0m0.078s
02/28/21 04:09:18 588184200  1614456558 token: AAFgOqbtADBXVEXR1D3Psg880OB7hFBjKAjPiRVHNgUcbCMGZ1-IQV084F1wXyAAZOdejjF-mbM
parse error: Invalid numeric literal at line 1, column 10

real	0m3.894s
user	0m0.109s
sys	0m0.125s
02/28/21 04:09:23 103623300  1614456563 secretPin: 
[WARN] get secretPin error

02/28/21 04:09:23 832877300  1614456563 移动签到英氏YeeHoO奥特莱斯店

real	0m2.231s
user	0m0.047s
sys	0m0.109s
parse error: Invalid numeric literal at line 1, column 10
parse error: Invalid numeric literal at line 1, column 10
parse error: Invalid numeric literal at line 1, column 10
parse error: Invalid numeric literal at line 1, column 10
02/28/21 04:09:32 896067700 1614456572

real	0m5.476s
user	0m0.000s
sys	0m0.031s

real	0m2.850s
user	0m0.047s
sys	0m0.125s
[WARN] get LZ_TOKEN error
02/28/21 04:09:42 247803500  1614456582
use wskey

real	0m2.446s
user	0m0.063s
sys	0m0.109s
02/28/21 04:09:45 363367800  1614456585 token: AAFgOqcIADDYyUAKuNO9l1_OOOEwfGT87ziankZhFsZhck7E9tdxc0Rs_RZmd9oaQtnIVhv0lvA
parse error: Invalid numeric literal at line 1, column 10

real	0m2.491s
user	0m0.109s
sys	0m0.094s
02/28/21 04:09:49 006764200  1614456589 secretPin: 
[WARN] get secretPin error

02/28/21 04:09:49 654401400  1614456589 移动签到英氏YeeHoO奥特莱斯店

real	0m1.986s
user	0m0.047s
sys	0m0.063s
parse error: Invalid numeric literal at line 1, column 10
parse error: Invalid numeric literal at line 1, column 10
parse error: Invalid numeric literal at line 1, column 10
parse error: Invalid numeric literal at line 1, column 10
02/28/21 04:09:56 958647700 1614456596

real	0m4.037s
user	0m0.000s
sys	0m0.031s

real	0m2.583s
user	0m0.047s
sys	0m0.078s
[WARN] get LZ_TOKEN error
02/28/21 04:10:05 659542300  1614456605
use wskey

real	0m1.924s
user	0m0.141s
sys	0m0.094s
02/28/21 04:10:08 244228600  1614456608 token: AAFgOqcfADBIxU83lFL8ou7m1PNlnV4y9K6YjSaM85PR0J7EIioMUcymfi12S-wZmupU3AjwdAA
parse error: Invalid numeric literal at line 1, column 10

real	0m2.069s
user	0m0.156s
sys	0m0.109s
02/28/21 04:10:11 105925900  1614456611 secretPin: 
[WARN] get secretPin error

02/28/21 04:10:12 124789200  1614456612 移动签到英氏YeeHoO奥特莱斯店

real	0m1.826s
user	0m0.063s
sys	0m0.047s
parse error: Invalid numeric literal at line 1, column 10
parse error: Invalid numeric literal at line 1, column 10
parse error: Invalid numeric literal at line 1, column 10
parse error: Invalid numeric literal at line 1, column 10
02/28/21 04:10:20 628810700 1614456620

real	0m4.000s
user	0m0.000s
sys	0m0.047s

real	0m1.821s
user	0m0.000s
sys	0m0.156s
[WARN] get LZ_TOKEN error
02/28/21 04:10:28 218058000  1614456628
use wskey

real	0m2.408s
user	0m0.094s
sys	0m0.109s
02/28/21 04:10:31 074068500  1614456631 token: AAFgOqc2ADAT_RL4e5Hy34zeBuSKhu5n6i84SeISnu4hMCb7XKVBUP4CEebzUXLl6-RbtZhfmt4
parse error: Invalid numeric literal at line 1, column 10

real	0m1.344s
user	0m0.172s
sys	0m0.063s
02/28/21 04:10:33 589029300  1614456633 secretPin: 
[WARN] get secretPin error

02/28/21 04:10:34 046506700  1614456634 移动签到英氏YeeHoO奥特莱斯店

real	0m1.438s
user	0m0.016s
sys	0m0.109s
parse error: Invalid numeric literal at line 1, column 10
parse error: Invalid numeric literal at line 1, column 10
parse error: Invalid numeric literal at line 1, column 10
parse error: Invalid numeric literal at line 1, column 10
02/28/21 04:10:41 100879500 1614456641

real	0m4.197s
user	0m0.000s
sys	0m0.031s

real	0m1.528s
user	0m0.016s
sys	0m0.125s
[WARN] get LZ_TOKEN error
02/28/21 04:10:48 154118100  1614456648
use wskey

real	0m1.966s
user	0m0.078s
sys	0m0.094s
02/28/21 04:10:50 676758700  1614456650 token: AAFgOqdJADC_b_PhiYroP2Aif4UoGGwtITlItlS6agyyKW_UxxRONWL8Hca7Qd65QCbBfDWdnEo
parse error: Invalid numeric literal at line 1, column 10

real	0m1.894s
user	0m0.094s
sys	0m0.156s
02/28/21 04:10:53 109058700  1614456653 secretPin: 
[WARN] get secretPin error

02/28/21 04:10:53 633599400  1614456653 移动签到英氏YeeHoO奥特莱斯店

real	0m1.063s
user	0m0.031s
sys	0m0.109s
parse error: Invalid numeric literal at line 1, column 10
parse error: Invalid numeric literal at line 1, column 10
parse error: Invalid numeric literal at line 1, column 10
parse error: Invalid numeric literal at line 1, column 10
02/28/21 04:10:59 829411800 1614456659

real	0m4.932s
user	0m0.000s
sys	0m0.047s

real	0m1.916s
user	0m0.016s
sys	0m0.141s
[WARN] get LZ_TOKEN error
02/28/21 04:11:07 830899300  1614456667
use wskey

real	0m1.612s
user	0m0.156s
sys	0m0.063s
02/28/21 04:11:10 483189000  1614456670 token: AAFgOqddADBTuIF54B_1Ij28hqYWeS8-uHRMvINWZVQCa2UZ-KiMVIfCIlvyTvNeiu5MswthALE
parse error: Invalid numeric literal at line 1, column 10

real	0m2.833s
user	0m0.125s
sys	0m0.125s
02/28/21 04:11:13 772240200  1614456673 secretPin: 
[WARN] get secretPin error

02/28/21 04:11:14 153243700  1614456674 移动签到英氏YeeHoO奥特莱斯店

real	0m2.097s
user	0m0.000s
sys	0m0.078s
parse error: Invalid numeric literal at line 1, column 10
parse error: Invalid numeric literal at line 1, column 10
parse error: Invalid numeric literal at line 1, column 10
parse error: Invalid numeric literal at line 1, column 10
02/28/21 04:11:20 052625900 1614456680

real	0m4.298s
user	0m0.000s
sys	0m0.047s

real	0m1.639s
user	0m0.016s
sys	0m0.094s
[WARN] get LZ_TOKEN error
02/28/21 04:11:26 988951600  1614456686
use wskey

real	0m1.049s
user	0m0.094s
sys	0m0.109s
02/28/21 04:11:28 286791100  1614456688 token: AAFgOqdwADCWcku12QVbh9vmtATtLt7MOdvNFQQ6FJ-VsS9sjOFdKJf4DrprTJTNwPvqXChG6wg
parse error: Invalid numeric literal at line 1, column 10

real	0m1.750s
user	0m0.125s
sys	0m0.078s
02/28/21 04:11:30 416213600  1614456690 secretPin: 
[WARN] get secretPin error

02/28/21 04:11:30 802597300  1614456690 移动签到英氏YeeHoO奥特莱斯店

real	0m1.268s
user	0m0.063s
sys	0m0.063s
parse error: Invalid numeric literal at line 1, column 10
parse error: Invalid numeric literal at line 1, column 10
parse error: Invalid numeric literal at line 1, column 10
parse error: Invalid numeric literal at line 1, column 10
02/28/21 04:11:36 857330900 1614456696

real	0m4.480s
user	0m0.000s
sys	0m0.031s

real	0m1.210s
user	0m0.031s
sys	0m0.094s
[WARN] get LZ_TOKEN error
02/28/21 04:11:43 551863900  1614456703
use wskey

real	0m1.155s
user	0m0.094s
sys	0m0.125s
02/28/21 04:11:44 941174800  1614456704 token: AAFgOqeBADCw39pDR_VRFoXDbiuWNSQqxCzyP-MQ9_wWy8s3HdKU8963wWdCniG3xrLsk9u4Z9U
parse error: Invalid numeric literal at line 1, column 10

real	0m1.080s
user	0m0.078s
sys	0m0.094s
02/28/21 04:11:46 296698300  1614456706 secretPin: 
[WARN] get secretPin error

02/28/21 04:11:46 569215900  1614456706 移动签到英氏YeeHoO奥特莱斯店

real	0m1.118s
user	0m0.031s
sys	0m0.094s
parse error: Invalid numeric literal at line 1, column 10
parse error: Invalid numeric literal at line 1, column 10
parse error: Invalid numeric literal at line 1, column 10
parse error: Invalid numeric literal at line 1, column 10
02/28/21 04:11:50 403078300 1614456710

real	0m4.373s
user	0m0.000s
sys	0m0.031s

real	0m0.782s
user	0m0.047s
sys	0m0.078s
[WARN] get LZ_TOKEN error
02/28/21 04:11:55 905996600  1614456715
use wskey

real	0m0.621s
user	0m0.078s
sys	0m0.109s
02/28/21 04:11:56 653911700  1614456716 token: AAFgOqeMADC9hcoGU4yGTcnVMZC8MAsUqZm3Nw7f0CFZQGo-NtCSEFqAic-w03GixnoRBB_MLKw
parse error: Invalid numeric literal at line 1, column 10

real	0m0.905s
user	0m0.109s
sys	0m0.125s
02/28/21 04:11:57 690052800  1614456717 secretPin: 
[WARN] get secretPin error

02/28/21 04:11:57 853202000  1614456717 移动签到英氏YeeHoO奥特莱斯店

real	0m0.869s
user	0m0.047s
sys	0m0.078s
parse error: Invalid numeric literal at line 1, column 10
parse error: Invalid numeric literal at line 1, column 10
parse error: Invalid numeric literal at line 1, column 10
parse error: Invalid numeric literal at line 1, column 10
02/28/21 04:12:00 908662400 1614456720

real	0m4.711s
user	0m0.000s
sys	0m0.063s

real	0m0.365s
user	0m0.047s
sys	0m0.094s
[WARN] get LZ_TOKEN error
02/28/21 04:12:06 169725500  1614456726
use wskey

real	0m0.265s
user	0m0.125s
sys	0m0.078s
02/28/21 04:12:06 485488700  1614456726 token: AAFgOqeWADA9Ikmrk1nJgPfTzeq-zyXDugj8f6hDXvJvOGvMfghBmxZngdMZQgF8Hf_kT9R7AYc
parse error: Invalid numeric literal at line 1, column 10

real	0m0.319s
user	0m0.109s
sys	0m0.141s
02/28/21 04:12:06 840789700  1614456726 secretPin: 
[WARN] get secretPin error

02/28/21 04:12:06 889209300  1614456726 移动签到英氏YeeHoO奥特莱斯店

real	0m0.288s
user	0m0.031s
sys	0m0.094s
parse error: Invalid numeric literal at line 1, column 10
parse error: Invalid numeric literal at line 1, column 10
parse error: Invalid numeric literal at line 1, column 10
parse error: Invalid numeric literal at line 1, column 10
02/28/21 04:12:07 944876000 1614456727

real	0m4.188s
user	0m0.000s
sys	0m0.047s
02/28/21 04:12:27 518855900  1614456747
parse error: Invalid numeric literal at line 1, column 10
签到是否成功解析失败. 不再写/home/myid/jd/jd_signup/lzkj_sevenDay_vender/shop_1613569768_117

移动签到英氏YeeHoO奥特莱斯店查看结果, 活动规则
<!DOCTYPE html>
<html>
 <head> 
  <title>京东</title> 
  <meta charset="utf-8" /> 
  <meta name="apple-mobile-web-app-capable" content="yes" /> 
  <meta name="viewport" content="width=device-width,initial-scale=1,user-scalable=no,maximum-scale=1,viewport-fit=cover" /> 
  <meta name="format-detection" content="telephone=no" /> 
  <meta name="x5-cache" content="enable" /> 
  <link rel="stylesheet" href="https://storage.360buyimg.com/babel/00162638/333378/production/dev/parser.1526555535098.css?t=20180517191236" /> 
  <style> img {
            opacity: 1 !important;
        } </style> 
  <link href="https://storage.360buyimg.com/babel/00170893/348321/production/dev/index.7320a380.css?t=20180802150952" rel="stylesheet" />
 </head> 
 <body style="background:#fff;" id="root"> 
  <div class="errorPage"> 
  </div> 
  <div class="placeholer"> 
  </div> 
  <script src="https://wl.jd.com/unify.min.js"></script> 
  <script type="text/javascript" src="https://storage.360buyimg.com/babel/00170893/348321/production/dev/index.0f8f4dba.js?t=20180802150952"></script> 
 </body>
</html>

#店铺名称
vendername="英氏YeeHoO奥特莱斯店"
#店铺激活码
actId="5ff5ff7000d444a0893a41c1f678e4bf"
#店铺id
venderId="10409042"
#长链接
url="https://lzkj-isv.isvjcloud.com/sign/sevenDay/signActivity?activityId=5ff5ff7000d444a0893a41c1f678e4bf&venderId=10409042&adsource=tg_xuanFuTuBiao"

startTime=1612157940
endTime=1614749940
# 活动时间：2021-02-01 13:39 - 2021-03-03 13:39；
# 奖励说明：
actRule="
7天签到
连续签到1天：5京豆
连续签到2天：6京豆
连续签到3天：7京豆
连续签到4天：8京豆
连续签到5天：9京豆
连续签到6天：10京豆
连续签到7天：15京豆
"
#移动 jd_OeTNobRVGiNZ sign_res
sign_num="5"
giftName=""9京豆""
giftRes="ok"
giftDate="20210227"
sign_res_info="7天签到 第 5 天
当天签到奖励 ["9京豆"]"
#移动 jd_OeTNobRVGiNZ sign_res_end
#赵 122294312-396444 sign_res
sign_num="0"
giftName=""15京豆""
giftRes="ok"
giftDate="20210228"
sign_res_info="7天签到 第 0 天
当天签到奖励 ["15京豆"]"
#赵 122294312-396444 sign_res_end
#王 1309893722-164885 sign_res
sign_num="0"
giftName=""15京豆""
giftRes="ok"
giftDate="20210228"
sign_res_info="7天签到 第 0 天
当天签到奖励 ["15京豆"]"
#王 1309893722-164885 sign_res_end
#肥鹅 jd_4d651d9e48204 sign_res
sign_num="0"
giftName=""15京豆""
giftRes="ok"
giftDate="20210228"
sign_res_info="7天签到 第 0 天
当天签到奖励 ["15京豆"]"
#肥鹅 jd_4d651d9e48204 sign_res_end
