03/02/21 02:04:19 212988700  1614621859
RANDOM_num: 45
removed '/tmp/tmp.XRg1oeQ840'
03/02/21 02:04:19 641054900  1614621859 检查赵签到

real	0m0.284s
user	0m0.031s
sys	0m0.078s
[WARN] get LZ_TOKEN error
03/02/21 02:04:20 434377900  1614621860
use pt_key

real	0m0.495s
user	0m0.109s
sys	0m0.094s
03/02/21 02:04:21 037166500  1614621861 token: AAFgPSykADBNXFufpyurJh0xkIvfwZ-ztqeTXjkYf__l9NWmhsVQXMlKWpWx9I37yQML4q_ickQ
parse error: Invalid numeric literal at line 1, column 10

real	0m0.543s
user	0m0.141s
sys	0m0.109s
03/02/21 02:04:21 744320300  1614621861 secretPin: 
[WARN] get secretPin error

03/02/21 02:04:21 867418300  1614621861 赵签到泉林本色京东自营旗舰店

real	0m0.388s
user	0m0.031s
sys	0m0.109s
parse error: Invalid numeric literal at line 1, column 10
parse error: Invalid numeric literal at line 1, column 10
parse error: Invalid numeric literal at line 1, column 10
parse error: Invalid numeric literal at line 1, column 10
parse error: Invalid numeric literal at line 1, column 10
03/02/21 02:04:24 260617900 1614621864

real	0m0.626s
user	0m0.000s
sys	0m0.047s

real	0m0.584s
user	0m0.031s
sys	0m0.078s
[WARN] get LZ_TOKEN error
03/02/21 02:04:25 813129500  1614621865
use pt_key

real	0m0.721s
user	0m0.125s
sys	0m0.063s
03/02/21 02:04:26 662789400  1614621866 token: AAFgPSyqADBzGq616KF7-W2z2A30z75jKPj1ICQPEg1QC6Xd4qbSib5b4wBRlh4q35Jo0E9S6DQ
parse error: Invalid numeric literal at line 1, column 10

real	0m0.688s
user	0m0.078s
sys	0m0.078s
03/02/21 02:04:27 489231400  1614621867 secretPin: 
[WARN] get secretPin error

03/02/21 02:04:27 599158600  1614621867 赵签到泉林本色京东自营旗舰店

real	0m0.845s
user	0m0.031s
sys	0m0.078s
parse error: Invalid numeric literal at line 1, column 10
parse error: Invalid numeric literal at line 1, column 10
parse error: Invalid numeric literal at line 1, column 10
parse error: Invalid numeric literal at line 1, column 10
parse error: Invalid numeric literal at line 1, column 10
03/02/21 02:04:30 938525900 1614621870

real	0m0.887s
user	0m0.000s
sys	0m0.000s

real	0m0.424s
user	0m0.047s
sys	0m0.063s
[WARN] get LZ_TOKEN error
03/02/21 02:04:32 458510200  1614621872
use pt_key

real	0m0.486s
user	0m0.094s
sys	0m0.078s
03/02/21 02:04:33 044455300  1614621873 token: AAFgPSywADByTNXzt67RpYw-fgKkfpXLmmXeZMrEirBVhlEZjx1Du-9oHNofefkhJ71yViRRusk
parse error: Invalid numeric literal at line 1, column 10

real	0m0.557s
user	0m0.125s
sys	0m0.078s
03/02/21 02:04:33 692950300  1614621873 secretPin: 
[WARN] get secretPin error

03/02/21 02:04:33 838511900  1614621873 赵签到泉林本色京东自营旗舰店

real	0m0.471s
user	0m0.031s
sys	0m0.078s
parse error: Invalid numeric literal at line 1, column 10
parse error: Invalid numeric literal at line 1, column 10
parse error: Invalid numeric literal at line 1, column 10
parse error: Invalid numeric literal at line 1, column 10
parse error: Invalid numeric literal at line 1, column 10
03/02/21 02:04:36 008570200 1614621876

real	0m1.075s
user	0m0.000s
sys	0m0.031s

real	0m0.586s
user	0m0.031s
sys	0m0.078s
[WARN] get LZ_TOKEN error
03/02/21 02:04:38 123451700  1614621878
use pt_key

real	0m0.471s
user	0m0.094s
sys	0m0.094s
03/02/21 02:04:38 682701700  1614621878 token: AAFgPSy2ADAs6fHxjOrt86hcM9QVqSbtwgtdFggdSllAvqKvxe3QA7EGrJrsKXGLqUZ1kSb4ros
parse error: Invalid numeric literal at line 1, column 10

real	0m0.617s
user	0m0.109s
sys	0m0.078s
03/02/21 02:04:39 391964600  1614621879 secretPin: 
[WARN] get secretPin error

03/02/21 02:04:39 520095500  1614621879 赵签到泉林本色京东自营旗舰店

real	0m0.500s
user	0m0.031s
sys	0m0.047s
parse error: Invalid numeric literal at line 1, column 10
parse error: Invalid numeric literal at line 1, column 10
parse error: Invalid numeric literal at line 1, column 10
parse error: Invalid numeric literal at line 1, column 10
parse error: Invalid numeric literal at line 1, column 10
03/02/21 02:04:41 642089200 1614621881

real	0m1.180s
user	0m0.016s
sys	0m0.016s

real	0m0.469s
user	0m0.016s
sys	0m0.078s
[WARN] get LZ_TOKEN error
03/02/21 02:04:43 473287500  1614621883
use pt_key

real	0m0.394s
user	0m0.094s
sys	0m0.125s
03/02/21 02:04:43 973566200  1614621883 token: AAFgPSy7ADAWllhYgjSKHh-LnstQuvXjAvI-U44xYwQqThSTXNe81baZoAfZn4bqkvkNFwhUe4U
parse error: Invalid numeric literal at line 1, column 10

real	0m0.589s
user	0m0.094s
sys	0m0.078s
03/02/21 02:04:44 695087000  1614621884 secretPin: 
[WARN] get secretPin error

03/02/21 02:04:44 810558600  1614621884 赵签到泉林本色京东自营旗舰店

real	0m0.664s
user	0m0.016s
sys	0m0.078s
parse error: Invalid numeric literal at line 1, column 10
parse error: Invalid numeric literal at line 1, column 10
parse error: Invalid numeric literal at line 1, column 10
parse error: Invalid numeric literal at line 1, column 10
parse error: Invalid numeric literal at line 1, column 10
03/02/21 02:04:48 311241200 1614621888

real	0m1.410s
user	0m0.000s
sys	0m0.031s

real	0m0.654s
user	0m0.047s
sys	0m0.078s
[WARN] get LZ_TOKEN error
03/02/21 02:04:50 580383400  1614621890
use pt_key

real	0m0.312s
user	0m0.109s
sys	0m0.125s
03/02/21 02:04:50 961234400  1614621890 token: AAFgPSzCADDz72aJBZ7fKp-DmfPnqaw5mv-d0FZJpHolKWYdI9zKZRUylMj0skKWcHjmknda3cE
parse error: Invalid numeric literal at line 1, column 10

real	0m0.273s
user	0m0.078s
sys	0m0.109s
03/02/21 02:04:51 311005800  1614621891 secretPin: 
[WARN] get secretPin error

03/02/21 02:04:51 377381400  1614621891 赵签到泉林本色京东自营旗舰店

real	0m0.299s
user	0m0.031s
sys	0m0.078s
parse error: Invalid numeric literal at line 1, column 10
parse error: Invalid numeric literal at line 1, column 10
parse error: Invalid numeric literal at line 1, column 10
parse error: Invalid numeric literal at line 1, column 10
parse error: Invalid numeric literal at line 1, column 10
03/02/21 02:04:53 003324600 1614621893

real	0m1.499s
user	0m0.016s
sys	0m0.063s

real	0m0.598s
user	0m0.031s
sys	0m0.094s
[WARN] get LZ_TOKEN error
03/02/21 02:04:55 341464200  1614621895
use pt_key

real	0m0.501s
user	0m0.047s
sys	0m0.125s
03/02/21 02:04:55 915696300  1614621895 token: AAFgPSzHADC2i4zjHt_gVZKzvEdXkhFVirlH6SAn2Gq9izVzXMOrHkrQhQZkekY9nURnn6PdUD8
parse error: Invalid numeric literal at line 1, column 10

real	0m0.481s
user	0m0.125s
sys	0m0.094s
03/02/21 02:04:56 571811600  1614621896 secretPin: 
[WARN] get secretPin error

03/02/21 02:04:56 670470300  1614621896 赵签到泉林本色京东自营旗舰店

real	0m0.315s
user	0m0.047s
sys	0m0.094s
parse error: Invalid numeric literal at line 1, column 10
parse error: Invalid numeric literal at line 1, column 10
parse error: Invalid numeric literal at line 1, column 10
parse error: Invalid numeric literal at line 1, column 10
parse error: Invalid numeric literal at line 1, column 10
03/02/21 02:04:58 320527700 1614621898

real	0m1.577s
user	0m0.000s
sys	0m0.031s

real	0m0.498s
user	0m0.031s
sys	0m0.078s
[WARN] get LZ_TOKEN error
03/02/21 02:05:00 763702700  1614621900
use pt_key

real	0m0.489s
user	0m0.109s
sys	0m0.141s
03/02/21 02:05:01 334632900  1614621901 token: AAFgPSzNADAOfgYwmJau0V_j5gjDIZHkJ9XZ0EUTcWQtDvnJIDnOi-R67NICeC4jlsLjruqNGsg
parse error: Invalid numeric literal at line 1, column 10

real	0m0.356s
user	0m0.109s
sys	0m0.094s
03/02/21 02:05:01 805636600  1614621901 secretPin: 
[WARN] get secretPin error

03/02/21 02:05:01 922043900  1614621901 赵签到泉林本色京东自营旗舰店

real	0m0.323s
user	0m0.031s
sys	0m0.078s
parse error: Invalid numeric literal at line 1, column 10
parse error: Invalid numeric literal at line 1, column 10
parse error: Invalid numeric literal at line 1, column 10
parse error: Invalid numeric literal at line 1, column 10
parse error: Invalid numeric literal at line 1, column 10
03/02/21 02:05:03 818633000 1614621903

real	0m1.876s
user	0m0.000s
sys	0m0.016s

real	0m0.443s
user	0m0.063s
sys	0m0.109s
[WARN] get LZ_TOKEN error
03/02/21 02:05:06 477327900  1614621906
use pt_key

real	0m0.378s
user	0m0.063s
sys	0m0.188s
03/02/21 02:05:06 947371400  1614621906 token: AAFgPSzSADADX0elMIDZKJLifxk6ejf8ZUpRy2WeuUQ5-XHMX_p0EaO3yrrgAQBCyR7FWQCgVOM
parse error: Invalid numeric literal at line 1, column 10

real	0m0.442s
user	0m0.141s
sys	0m0.109s
03/02/21 02:05:07 507082700  1614621907 secretPin: 
[WARN] get secretPin error

03/02/21 02:05:07 623183200  1614621907 赵签到泉林本色京东自营旗舰店

real	0m0.348s
user	0m0.000s
sys	0m0.125s
parse error: Invalid numeric literal at line 1, column 10
parse error: Invalid numeric literal at line 1, column 10
parse error: Invalid numeric literal at line 1, column 10
parse error: Invalid numeric literal at line 1, column 10
parse error: Invalid numeric literal at line 1, column 10
03/02/21 02:05:09 455907200 1614621909

real	0m2.120s
user	0m0.000s
sys	0m0.016s

real	0m0.380s
user	0m0.031s
sys	0m0.063s
[WARN] get LZ_TOKEN error
03/02/21 02:05:12 067604500  1614621912
use pt_key

real	0m0.317s
user	0m0.094s
sys	0m0.094s
03/02/21 02:05:12 465294900  1614621912 token: AAFgPSzYADCCCL-dJyS1XtRFuHPiLLRUwF2F6fuIJNxQDrJFkBGCYwPd-pc90bTGlRF_SKTAtcY
parse error: Invalid numeric literal at line 1, column 10

real	0m0.401s
user	0m0.109s
sys	0m0.094s
03/02/21 02:05:12 945639100  1614621912 secretPin: 
[WARN] get secretPin error

03/02/21 02:05:13 025514200  1614621913 赵签到泉林本色京东自营旗舰店

real	0m0.373s
user	0m0.031s
sys	0m0.078s
parse error: Invalid numeric literal at line 1, column 10
parse error: Invalid numeric literal at line 1, column 10
parse error: Invalid numeric literal at line 1, column 10
parse error: Invalid numeric literal at line 1, column 10
parse error: Invalid numeric literal at line 1, column 10
03/02/21 02:05:14 709297000 1614621914

real	0m2.171s
user	0m0.000s
sys	0m0.047s

real	0m1.411s
user	0m0.031s
sys	0m0.078s
[WARN] get LZ_TOKEN error
03/02/21 02:05:18 551665700  1614621918
use pt_key

real	0m0.791s
user	0m0.063s
sys	0m0.109s
03/02/21 02:05:19 475097400  1614621919 token: AAFgPSzfADCfrioBjh_4YrElEqsNGLYLFqiv6Y5UKWIF1PUmsnoAyCAW5KDlNNkDBFK6L1fgfQk
parse error: Invalid numeric literal at line 1, column 10

real	0m0.592s
user	0m0.078s
sys	0m0.109s
03/02/21 02:05:20 169977400  1614621920 secretPin: 
[WARN] get secretPin error

03/02/21 02:05:20 259749800  1614621920 赵签到泉林本色京东自营旗舰店

real	0m0.479s
user	0m0.031s
sys	0m0.109s
parse error: Invalid numeric literal at line 1, column 10
parse error: Invalid numeric literal at line 1, column 10
parse error: Invalid numeric literal at line 1, column 10
parse error: Invalid numeric literal at line 1, column 10
parse error: Invalid numeric literal at line 1, column 10
03/02/21 02:05:21 591386200 1614621921

real	0m2.299s
user	0m0.000s
sys	0m0.047s

real	0m0.257s
user	0m0.047s
sys	0m0.094s
[WARN] get LZ_TOKEN error
03/02/21 02:05:24 315684800  1614621924
use pt_key

real	0m0.375s
user	0m0.094s
sys	0m0.109s
03/02/21 02:05:24 824995500  1614621924 token: AAFgPSzkADCotMH7fNwivHR-LxJnMWP8pHWwIoDcu2xjxIlYwcHvxMcwLPJC3cbd2oTToo6sibQ
parse error: Invalid numeric literal at line 1, column 10

real	0m0.426s
user	0m0.125s
sys	0m0.063s
03/02/21 02:05:25 381405300  1614621925 secretPin: 
[WARN] get secretPin error

03/02/21 02:05:25 431093800  1614621925 赵签到泉林本色京东自营旗舰店

real	0m0.313s
user	0m0.063s
sys	0m0.047s
parse error: Invalid numeric literal at line 1, column 10
parse error: Invalid numeric literal at line 1, column 10
parse error: Invalid numeric literal at line 1, column 10
parse error: Invalid numeric literal at line 1, column 10
parse error: Invalid numeric literal at line 1, column 10
03/02/21 02:05:27 207349300 1614621927

real	0m2.712s
user	0m0.000s
sys	0m0.047s

real	0m0.287s
user	0m0.047s
sys	0m0.063s
[WARN] get LZ_TOKEN error
03/02/21 02:05:30 352243200  1614621930
use pt_key

real	0m0.307s
user	0m0.109s
sys	0m0.094s
03/02/21 02:05:30 704141800  1614621930 token: AAFgPSzqADBniddTQuEQyAj9pv4Ar25zdQgOYXCJ0DhC7gUofeF65OKszSNbS2egfYZKpuf4Mkc
parse error: Invalid numeric literal at line 1, column 10

real	0m0.344s
user	0m0.109s
sys	0m0.094s
03/02/21 02:05:31 104083100  1614621931 secretPin: 
[WARN] get secretPin error

03/02/21 02:05:31 178427700  1614621931 赵签到泉林本色京东自营旗舰店

real	0m0.217s
user	0m0.016s
sys	0m0.125s
parse error: Invalid numeric literal at line 1, column 10
parse error: Invalid numeric literal at line 1, column 10
parse error: Invalid numeric literal at line 1, column 10
parse error: Invalid numeric literal at line 1, column 10
parse error: Invalid numeric literal at line 1, column 10
03/02/21 02:05:32 215974500 1614621932

real	0m2.828s
user	0m0.000s
sys	0m0.047s

real	0m0.390s
user	0m0.016s
sys	0m0.141s
[WARN] get LZ_TOKEN error
03/02/21 02:05:35 596732100  1614621935
use pt_key

real	0m0.369s
user	0m0.125s
sys	0m0.094s
03/02/21 02:05:36 023624500  1614621936 token: AAFgPSzvADDjV2yqWFC5CkqG-dsDEzf9WOhVu1L6D26pGQFWZyEXSoklbZtUNzHkOWyq0UrD8Ug
parse error: Invalid numeric literal at line 1, column 10

real	0m0.401s
user	0m0.125s
sys	0m0.063s
03/02/21 02:05:36 504136500  1614621936 secretPin: 
[WARN] get secretPin error

03/02/21 02:05:36 563827300  1614621936 赵签到泉林本色京东自营旗舰店

real	0m0.309s
user	0m0.031s
sys	0m0.078s
parse error: Invalid numeric literal at line 1, column 10
parse error: Invalid numeric literal at line 1, column 10
parse error: Invalid numeric literal at line 1, column 10
parse error: Invalid numeric literal at line 1, column 10
parse error: Invalid numeric literal at line 1, column 10
03/02/21 02:05:37 954194800 1614621937

real	0m2.950s
user	0m0.000s
sys	0m0.016s

real	0m0.488s
user	0m0.047s
sys	0m0.078s
[WARN] get LZ_TOKEN error
03/02/21 02:05:41 700668000  1614621941
use pt_key

real	0m0.549s
user	0m0.094s
sys	0m0.094s
03/02/21 02:05:42 334368500  1614621942 token: AAFgPSz2ADB-zKTkZTIahQYRzx2yzZLOJ4MSlKgbDqTUcMM6fKsTZsCvxdpcojKTXwCmBgsh8fo
parse error: Invalid numeric literal at line 1, column 10

real	0m0.476s
user	0m0.109s
sys	0m0.141s
03/02/21 02:05:42 889127100  1614621942 secretPin: 
[WARN] get secretPin error

03/02/21 02:05:42 993536900  1614621942 赵签到泉林本色京东自营旗舰店

real	0m0.302s
user	0m0.016s
sys	0m0.109s
parse error: Invalid numeric literal at line 1, column 10
parse error: Invalid numeric literal at line 1, column 10
parse error: Invalid numeric literal at line 1, column 10
parse error: Invalid numeric literal at line 1, column 10
parse error: Invalid numeric literal at line 1, column 10
03/02/21 02:05:44 614040500 1614621944

real	0m3.169s
user	0m0.000s
sys	0m0.047s

real	0m0.382s
user	0m0.063s
sys	0m0.063s
[WARN] get LZ_TOKEN error
03/02/21 02:05:48 406483400  1614621948
use pt_key

real	0m0.437s
user	0m0.109s
sys	0m0.078s
03/02/21 02:05:48 973689900  1614621948 token: AAFgPSz8ADAqFa24NfUzZxTpgf1beBQzOiKeU5_fMNZXk9Ppp7kx-kSKxeUoJoOgYHaHeafSlcQ
parse error: Invalid numeric literal at line 1, column 10

real	0m0.475s
user	0m0.094s
sys	0m0.109s
03/02/21 02:05:49 589604800  1614621949 secretPin: 
[WARN] get secretPin error

03/02/21 02:05:49 752036500  1614621949 赵签到泉林本色京东自营旗舰店

real	0m0.541s
user	0m0.063s
sys	0m0.078s
parse error: Invalid numeric literal at line 1, column 10
parse error: Invalid numeric literal at line 1, column 10
parse error: Invalid numeric literal at line 1, column 10
parse error: Invalid numeric literal at line 1, column 10
parse error: Invalid numeric literal at line 1, column 10
03/02/21 02:05:51 828801900 1614621951

real	0m3.409s
user	0m0.000s
sys	0m0.078s

real	0m0.227s
user	0m0.016s
sys	0m0.078s
[WARN] get LZ_TOKEN error
03/02/21 02:05:55 701988100  1614621955
use pt_key

real	0m0.399s
user	0m0.109s
sys	0m0.094s
03/02/21 02:05:56 181056300  1614621956 token: AAFgPS0EADAGf1C7Vd9d6u2uB2oCf-TZ0u3gbDYQyIejh-Wk0RjSVtXzDdS86Bdydmt1NQ5i2sY
parse error: Invalid numeric literal at line 1, column 10

real	0m0.441s
user	0m0.125s
sys	0m0.078s
03/02/21 02:05:56 709002000  1614621956 secretPin: 
[WARN] get secretPin error

03/02/21 02:05:56 786011000  1614621956 赵签到泉林本色京东自营旗舰店

real	0m0.418s
user	0m0.031s
sys	0m0.063s
parse error: Invalid numeric literal at line 1, column 10
parse error: Invalid numeric literal at line 1, column 10
parse error: Invalid numeric literal at line 1, column 10
parse error: Invalid numeric literal at line 1, column 10
parse error: Invalid numeric literal at line 1, column 10
03/02/21 02:05:58 620836100 1614621958

real	0m3.559s
user	0m0.000s
sys	0m0.031s

real	0m0.144s
user	0m0.031s
sys	0m0.078s
[WARN] get LZ_TOKEN error
03/02/21 02:06:02 438199500  1614621962
use pt_key

real	0m0.252s
user	0m0.109s
sys	0m0.078s
03/02/21 02:06:02 741607300  1614621962 token: AAFgPS0KADDjUumoObAH9IQBcHQmgaVvyYXd5EfbpBRur0tMqm6GLH7jAOQI4FI1-0FgN6Lk09U
parse error: Invalid numeric literal at line 1, column 10

real	0m0.320s
user	0m0.094s
sys	0m0.141s
03/02/21 02:06:03 117686000  1614621963 secretPin: 
[WARN] get secretPin error

03/02/21 02:06:03 155646300  1614621963 赵签到泉林本色京东自营旗舰店

real	0m0.217s
user	0m0.047s
sys	0m0.047s
parse error: Invalid numeric literal at line 1, column 10
parse error: Invalid numeric literal at line 1, column 10
parse error: Invalid numeric literal at line 1, column 10
parse error: Invalid numeric literal at line 1, column 10
parse error: Invalid numeric literal at line 1, column 10
03/02/21 02:06:04 348961200 1614621964

real	0m3.753s
user	0m0.000s
sys	0m0.063s

real	0m0.159s
user	0m0.047s
sys	0m0.063s
[WARN] get LZ_TOKEN error
03/02/21 02:06:08 326091500  1614621968
use pt_key

real	0m0.155s
user	0m0.078s
sys	0m0.109s
03/02/21 02:06:08 501258700  1614621968 token: AAFgPS0QADC6mUJz4SCBHZcPeYwep-VlF7P54fvTt94yGVr9kRz_rGVWJXhzKBYouFUKQ8mFR_8
parse error: Invalid numeric literal at line 1, column 10

real	0m0.164s
user	0m0.078s
sys	0m0.141s
03/02/21 02:06:08 690083400  1614621968 secretPin: 
[WARN] get secretPin error

03/02/21 02:06:08 713155300  1614621968 赵签到泉林本色京东自营旗舰店

real	0m0.220s
user	0m0.031s
sys	0m0.078s
parse error: Invalid numeric literal at line 1, column 10
parse error: Invalid numeric literal at line 1, column 10
parse error: Invalid numeric literal at line 1, column 10
parse error: Invalid numeric literal at line 1, column 10
parse error: Invalid numeric literal at line 1, column 10
03/02/21 02:06:09 641158100 1614621969

real	0m3.947s
user	0m0.000s
sys	0m0.094s

real	0m0.144s
user	0m0.016s
sys	0m0.078s
[WARN] get LZ_TOKEN error
03/02/21 02:06:13 785406700  1614621973
use pt_key

real	0m0.190s
user	0m0.094s
sys	0m0.094s
03/02/21 02:06:14 006218900  1614621974 token: AAFgPS0VADBeTXJOFNUvXTC0Xe4WtasZwnCaFG5fNsXi1Xr8oyYHgMXunex9e_-j0U_a6eyJne0
parse error: Invalid numeric literal at line 1, column 10

real	0m0.167s
user	0m0.094s
sys	0m0.078s
03/02/21 02:06:14 196213500  1614621974 secretPin: 
[WARN] get secretPin error

03/02/21 02:06:14 217770200  1614621974 赵签到泉林本色京东自营旗舰店

real	0m0.132s
user	0m0.016s
sys	0m0.078s
parse error: Invalid numeric literal at line 1, column 10
parse error: Invalid numeric literal at line 1, column 10
parse error: Invalid numeric literal at line 1, column 10
parse error: Invalid numeric literal at line 1, column 10
parse error: Invalid numeric literal at line 1, column 10
03/02/21 02:06:14 917276900 1614621974

real	0m4.089s
user	0m0.000s
sys	0m0.063s
03/02/21 02:08:34 098836600  1614622114
parse error: Invalid numeric literal at line 1, column 10
签到是否成功解析失败. 不再写/home/myid/jd/jd_signup/lzkj_sevenDay_vender/shop_1613569740_34

赵签到泉林本色京东自营旗舰店查看结果, 活动规则


#店铺名称
vendername="泉林本色京东自营旗舰店"
#店铺激活码
actId="1e5cac4ad760485d931141412c9fab0c"
#店铺id
venderId="1000001906"
#长链接
url="https://lzkj-isv.isvjcloud.com/sign/sevenDay/signActivity?activityId=1e5cac4ad760485d931141412c9fab0c&venderId=1000001906&adsource=tg_xuanFuTuBiao"

startTime=1612496160
endTime=1614483360
# 活动时间：2021-02-05 11:36 - 2021-02-28 11:36；
# 奖励说明：
actRule="
7天签到
连续签到1天：5店铺积分
连续签到2天：10元优惠券
连续签到3天：20店铺积分
连续签到4天：1京豆
连续签到5天：2京豆
连续签到6天：3京豆
连续签到7天：5京豆
"
#赵 122294312-396444 sign_res
sign_num="5"
giftName=""2京豆""
giftRes="ok"
giftDate="20210301"
sign_res_info="7天签到 第 5 天
当天签到奖励 ["2京豆"]"
#赵 122294312-396444 sign_res_end
#王 1309893722-164885 sign_res
sign_num="5"
giftName=""1京豆""
giftRes="ok"
giftDate="20210301"
sign_res_info="7天签到 第 5 天
当天签到奖励 ["1京豆"]"
#王 1309893722-164885 sign_res_end
#肥鹅 jd_4d651d9e48204 sign_res
sign_num="5"
giftName=""1京豆""
giftRes="ok"
giftDate="20210301"
sign_res_info="7天签到 第 5 天
当天签到奖励 ["1京豆"]"
#肥鹅 jd_4d651d9e48204 sign_res_end
#移动 jd_OeTNobRVGiNZ sign_res
sign_num=""
giftName=""
giftRes=""
giftDate="20210302"
sign_res_info="7天签到 第  天
当天签到奖励 []"
#移动 jd_OeTNobRVGiNZ sign_res_end
