02/28/21 01:12:03 498831700  1614445923
RANDOM_num: 10
removed '/tmp/tmp.aUOpjEH0E9'
02/28/21 01:12:03 665294600  1614445923 æ£€æŸ¥èµµç­¾åˆ°

real	0m0.136s
user	0m0.016s
sys	0m0.094s
[WARN] get LZ_TOKEN error
02/28/21 01:12:03 976505300  1614445923
use pt_key

real	0m0.243s
user	0m0.078s
sys	0m0.172s
02/28/21 01:12:04 249783900  1614445924 token: AAFgOn1kADDmILxrbh5m84i_Oqmf6SPP3uaiy4xd8ikgen-iE8k8ciS8K44KKuN9kulPCRZuBVU
parse error: Invalid numeric literal at line 1, column 10

real	0m0.268s
user	0m0.125s
sys	0m0.094s
02/28/21 01:12:04 543993300  1614445924 secretPin: 
[WARN] get secretPin error

02/28/21 01:12:04 569306700  1614445924 èµµç­¾åˆ°WOWOå®˜æ–¹æ——èˆ°åº—

real	0m0.156s
user	0m0.016s
sys	0m0.094s
parse error: Invalid numeric literal at line 1, column 10
parse error: Invalid numeric literal at line 1, column 10
parse error: Invalid numeric literal at line 1, column 10
parse error: Invalid numeric literal at line 1, column 10
02/28/21 01:12:05 097975000 1614445925

real	0m0.266s
user	0m0.000s
sys	0m0.047s

real	0m0.139s
user	0m0.047s
sys	0m0.063s
[WARN] get LZ_TOKEN error
02/28/21 01:12:05 580155600  1614445925
use pt_key

real	0m0.195s
user	0m0.094s
sys	0m0.109s
02/28/21 01:12:05 799683000  1614445925 token: AAFgOn1lADD1yAB3GF6khD17Tik2eabEy2yCPkafzhatRFd16nKQqrJFdvl2s-DsRRRZy45wMvU
parse error: Invalid numeric literal at line 1, column 10

real	0m0.161s
user	0m0.109s
sys	0m0.109s
02/28/21 01:12:05 988088800  1614445925 secretPin: 
[WARN] get secretPin error

02/28/21 01:12:06 014600600  1614445926 èµµç­¾åˆ°WOWOå®˜æ–¹æ——èˆ°åº—

real	0m0.207s
user	0m0.016s
sys	0m0.094s
parse error: Invalid numeric literal at line 1, column 10
parse error: Invalid numeric literal at line 1, column 10
parse error: Invalid numeric literal at line 1, column 10
parse error: Invalid numeric literal at line 1, column 10
02/28/21 01:12:06 744114200 1614445926

real	0m0.457s
user	0m0.000s
sys	0m0.031s

real	0m0.194s
user	0m0.031s
sys	0m0.125s
[WARN] get LZ_TOKEN error
02/28/21 01:12:07 489743600  1614445927
use pt_key

real	0m0.308s
user	0m0.109s
sys	0m0.125s
02/28/21 01:12:07 850493300  1614445927 token: AAFgOn1nADDhuWzO-zpTVQgfPG5YUWA94iirLlSEG1w9Yq_PHGBVzjPktriVgfb72tmGOLPvG1E
parse error: Invalid numeric literal at line 1, column 10

real	0m0.280s
user	0m0.109s
sys	0m0.109s
02/28/21 01:12:08 181087800  1614445928 secretPin: 
[WARN] get secretPin error

02/28/21 01:12:08 214481800  1614445928 èµµç­¾åˆ°WOWOå®˜æ–¹æ——èˆ°åº—

real	0m0.209s
user	0m0.016s
sys	0m0.078s
parse error: Invalid numeric literal at line 1, column 10
parse error: Invalid numeric literal at line 1, column 10
parse error: Invalid numeric literal at line 1, column 10
parse error: Invalid numeric literal at line 1, column 10
02/28/21 01:12:09 078092400 1614445929

real	0m0.671s
user	0m0.000s
sys	0m0.016s

real	0m0.229s
user	0m0.047s
sys	0m0.063s
[WARN] get LZ_TOKEN error
02/28/21 01:12:10 123770000  1614445930
use pt_key

real	0m0.271s
user	0m0.078s
sys	0m0.078s
02/28/21 01:12:10 464534400  1614445930 token: AAFgOn1qADCWpF-dZnpTKJ6xi4K-mxqYFCo18Xw4el1XlMz-xOtdEJCNTmIDpd9zWHGdXSyujIo
parse error: Invalid numeric literal at line 1, column 10

real	0m0.392s
user	0m0.125s
sys	0m0.063s
02/28/21 01:12:10 942282600  1614445930 secretPin: 
[WARN] get secretPin error

02/28/21 01:12:11 004647000  1614445931 èµµç­¾åˆ°WOWOå®˜æ–¹æ——èˆ°åº—

real	0m0.324s
user	0m0.031s
sys	0m0.063s
parse error: Invalid numeric literal at line 1, column 10
parse error: Invalid numeric literal at line 1, column 10
parse error: Invalid numeric literal at line 1, column 10
parse error: Invalid numeric literal at line 1, column 10
02/28/21 01:12:12 178507100 1614445932

real	0m0.968s
user	0m0.000s
sys	0m0.016s

real	0m0.356s
user	0m0.047s
sys	0m0.063s
[WARN] get LZ_TOKEN error
02/28/21 01:12:13 668024700  1614445933
use pt_key

real	0m0.454s
user	0m0.094s
sys	0m0.125s
02/28/21 01:12:14 196676700  1614445934 token: AAFgOn1uADA5O9rJZMMzH40_zqi2XNELO6-WiKihjmOtMIzXcvdNNPIlXFAiUJUtVNkVWrgoArA
parse error: Invalid numeric literal at line 1, column 10

real	0m0.545s
user	0m0.125s
sys	0m0.063s
02/28/21 01:12:14 866298800  1614445934 secretPin: 
[WARN] get secretPin error

02/28/21 01:12:15 009347600  1614445935 èµµç­¾åˆ°WOWOå®˜æ–¹æ——èˆ°åº—

real	0m0.519s
user	0m0.016s
sys	0m0.094s
parse error: Invalid numeric literal at line 1, column 10
parse error: Invalid numeric literal at line 1, column 10
parse error: Invalid numeric literal at line 1, column 10
parse error: Invalid numeric literal at line 1, column 10
02/28/21 01:12:16 724349700 1614445936

real	0m1.181s
user	0m0.016s
sys	0m0.016s

real	0m0.447s
user	0m0.047s
sys	0m0.078s
[WARN] get LZ_TOKEN error
02/28/21 01:12:18 590648600  1614445938
use pt_key

real	0m0.481s
user	0m0.078s
sys	0m0.156s
02/28/21 01:12:19 152581400  1614445939 token: AAFgOn1yADAJtpJow0bfpEhIuLb_E_OQ7WrRxjBWooDZZQexfyb84tqxBDBcd7gJDWxTPr2pgOo
parse error: Invalid numeric literal at line 1, column 10

real	0m0.530s
user	0m0.141s
sys	0m0.094s
02/28/21 01:12:19 820514300  1614445939 secretPin: 
[WARN] get secretPin error

02/28/21 01:12:19 932907100  1614445939 èµµç­¾åˆ°WOWOå®˜æ–¹æ——èˆ°åº—

real	0m0.402s
user	0m0.047s
sys	0m0.078s
parse error: Invalid numeric literal at line 1, column 10
parse error: Invalid numeric literal at line 1, column 10
parse error: Invalid numeric literal at line 1, column 10
parse error: Invalid numeric literal at line 1, column 10
02/28/21 01:12:21 477130800 1614445941

real	0m1.619s
user	0m0.016s
sys	0m0.047s

real	0m0.567s
user	0m0.031s
sys	0m0.063s
[WARN] get LZ_TOKEN error
02/28/21 01:12:24 009992800  1614445944
use pt_key

real	0m0.638s
user	0m0.141s
sys	0m0.078s
02/28/21 01:12:24 773873300  1614445944 token: AAFgOn14ADD7GuF4IB-hOSKZBvAhGqUv-4S8ZPhGDK47X4xFlgKxyMo4CxpP0e_mhi5vo15OpZc
parse error: Invalid numeric literal at line 1, column 10

real	0m0.792s
user	0m0.109s
sys	0m0.094s
02/28/21 01:12:25 756217900  1614445945 secretPin: 
[WARN] get secretPin error

02/28/21 01:12:26 007571000  1614445946 èµµç­¾åˆ°WOWOå®˜æ–¹æ——èˆ°åº—

real	0m1.135s
user	0m0.031s
sys	0m0.078s
parse error: Invalid numeric literal at line 1, column 10
parse error: Invalid numeric literal at line 1, column 10
parse error: Invalid numeric literal at line 1, column 10
parse error: Invalid numeric literal at line 1, column 10
02/28/21 01:12:29 334934000 1614445949

real	0m2.017s
user	0m0.000s
sys	0m0.047s

real	0m0.729s
user	0m0.047s
sys	0m0.094s
[WARN] get LZ_TOKEN error
02/28/21 01:12:32 648877400  1614445952
use pt_key

real	0m1.607s
user	0m0.109s
sys	0m0.078s
02/28/21 01:12:34 543573600  1614445954 token: AAFgOn2CADAeJBIDcsVkr2re6Ay96IF28ODqErPY_RVP4cfRF6c7UG6YPrMqFBA8_z_2gVXvf0E
parse error: Invalid numeric literal at line 1, column 10

real	0m1.122s
user	0m0.109s
sys	0m0.109s
02/28/21 01:12:35 782957500  1614445955 secretPin: 
[WARN] get secretPin error

02/28/21 01:12:35 924599300  1614445955 èµµç­¾åˆ°WOWOå®˜æ–¹æ——èˆ°åº—

real	0m0.733s
user	0m0.047s
sys	0m0.078s
parse error: Invalid numeric literal at line 1, column 10
parse error: Invalid numeric literal at line 1, column 10
parse error: Invalid numeric literal at line 1, column 10
parse error: Invalid numeric literal at line 1, column 10
02/28/21 01:12:38 794173900 1614445958

real	0m2.237s
user	0m0.000s
sys	0m0.031s

real	0m0.849s
user	0m0.016s
sys	0m0.125s
[WARN] get LZ_TOKEN error
02/28/21 01:12:42 481710600  1614445962
use pt_key

real	0m1.001s
user	0m0.094s
sys	0m0.109s
02/28/21 01:12:43 720858500  1614445963 token: AAFgOn2LADAcrndkSHWSyAHw07DEoIJ2NiBlMMtZF6y3Q95bbPogzQ6HP2CNznmrbEEFpDLL9tM
parse error: Invalid numeric literal at line 1, column 10

real	0m1.097s
user	0m0.125s
sys	0m0.078s
02/28/21 01:12:45 091302100  1614445965 secretPin: 
[WARN] get secretPin error

02/28/21 01:12:45 417965300  1614445965 èµµç­¾åˆ°WOWOå®˜æ–¹æ——èˆ°åº—

real	0m0.908s
user	0m0.016s
sys	0m0.078s
parse error: Invalid numeric literal at line 1, column 10
parse error: Invalid numeric literal at line 1, column 10
parse error: Invalid numeric literal at line 1, column 10
parse error: Invalid numeric literal at line 1, column 10
02/28/21 01:12:49 143681800 1614445969

real	0m2.896s
user	0m0.000s
sys	0m0.047s

real	0m1.215s
user	0m0.031s
sys	0m0.094s
[WARN] get LZ_TOKEN error
02/28/21 01:12:53 929257900  1614445973
use pt_key

real	0m1.302s
user	0m0.094s
sys	0m0.078s
02/28/21 01:12:55 631410400  1614445975 token: AAFgOn2XADBw_oaPUx_1ov7_r1WWnGCzN6WiS87vk95BHMPDHa3hDL4atq9B61FITZiW7TYyaLg
parse error: Invalid numeric literal at line 1, column 10

real	0m1.241s
user	0m0.094s
sys	0m0.109s
02/28/21 01:12:57 151274300  1614445977 secretPin: 
[WARN] get secretPin error

02/28/21 01:12:57 436682100  1614445977 èµµç­¾åˆ°WOWOå®˜æ–¹æ——èˆ°åº—

real	0m1.330s
user	0m0.031s
sys	0m0.063s
parse error: Invalid numeric literal at line 1, column 10
parse error: Invalid numeric literal at line 1, column 10
parse error: Invalid numeric literal at line 1, column 10
parse error: Invalid numeric literal at line 1, column 10
02/28/21 01:13:02 736573100 1614445982

real	0m3.844s
user	0m0.000s
sys	0m0.031s

real	0m1.266s
user	0m0.047s
sys	0m0.047s
[WARN] get LZ_TOKEN error
02/28/21 01:13:08 693892800  1614445988
use pt_key

real	0m1.404s
user	0m0.109s
sys	0m0.094s
02/28/21 01:13:10 303466700  1614445990 token: AAFgOn2lADAntVpbnhVnf396eEKOQxLjK9vUheQsJF5X0O7Tqs_4GOmdFDahaD7wxOOAkA28j2I
parse error: Invalid numeric literal at line 1, column 10

real	0m1.532s
user	0m0.063s
sys	0m0.094s
02/28/21 01:13:12 384539200  1614445992 secretPin: 
[WARN] get secretPin error

02/28/21 01:13:12 952832400  1614445992 èµµç­¾åˆ°WOWOå®˜æ–¹æ——èˆ°åº—

real	0m1.403s
user	0m0.016s
sys	0m0.094s
parse error: Invalid numeric literal at line 1, column 10
parse error: Invalid numeric literal at line 1, column 10
parse error: Invalid numeric literal at line 1, column 10
parse error: Invalid numeric literal at line 1, column 10
02/28/21 01:13:17 950302600 1614445997

real	0m3.365s
user	0m0.000s
sys	0m0.063s

real	0m0.929s
user	0m0.047s
sys	0m0.078s
[WARN] get LZ_TOKEN error
02/28/21 01:13:23 522136600  1614446003
use pt_key

real	0m1.589s
user	0m0.125s
sys	0m0.109s
02/28/21 01:13:25 481792600  1614446005 token: AAFgOn20ADANcbn6RGGzSTshNCKByc7lNUHpu2goIT4SkYVd9warBeH39yZ76s1boATvP8w7dDY
parse error: Invalid numeric literal at line 1, column 10

real	0m1.839s
user	0m0.094s
sys	0m0.125s
02/28/21 01:13:27 680578400  1614446007 secretPin: 
[WARN] get secretPin error

02/28/21 01:13:28 277595200  1614446008 èµµç­¾åˆ°WOWOå®˜æ–¹æ——èˆ°åº—

real	0m2.955s
user	0m0.031s
sys	0m0.078s
parse error: Invalid numeric literal at line 1, column 10
parse error: Invalid numeric literal at line 1, column 10
parse error: Invalid numeric literal at line 1, column 10
parse error: Invalid numeric literal at line 1, column 10
02/28/21 01:13:37 543706100 1614446017

real	0m4.217s
user	0m0.000s
sys	0m0.016s

real	0m2.238s
user	0m0.031s
sys	0m0.094s
[WARN] get LZ_TOKEN error
02/28/21 01:13:45 466787000  1614446025
use pt_key

real	0m2.515s
user	0m0.109s
sys	0m0.125s
02/28/21 01:13:48 527115700  1614446028 token: AAFgOn3LADD71mXiV3z6pZ0NHO9IAGgraJ7EbEDuHA_GzIaDKPKJuLP_LFeEmWfljAAzhxxnbIA
parse error: Invalid numeric literal at line 1, column 10

real	0m2.382s
user	0m0.109s
sys	0m0.094s
02/28/21 01:13:51 437773000  1614446031 secretPin: 
[WARN] get secretPin error

02/28/21 01:13:52 085686500  1614446032 èµµç­¾åˆ°WOWOå®˜æ–¹æ——èˆ°åº—

real	0m1.686s
user	0m0.031s
sys	0m0.078s
parse error: Invalid numeric literal at line 1, column 10
parse error: Invalid numeric literal at line 1, column 10
parse error: Invalid numeric literal at line 1, column 10
parse error: Invalid numeric literal at line 1, column 10
02/28/21 01:14:01 117582100 1614446041

real	0m4.536s
user	0m0.000s
sys	0m0.047s

real	0m2.718s
user	0m0.047s
sys	0m0.063s
[WARN] get LZ_TOKEN error
02/28/21 01:14:09 877940600  1614446049
use pt_key

real	0m1.998s
user	0m0.125s
sys	0m0.063s
02/28/21 01:14:13 163787400  1614446053 token: AAFgOn3jADB25gY5doYif4WXIuYswdGtVFqFGwcsP3_xDBXFXHwSyK5jpJDuZ6bTmmxIFRsOB58
parse error: Invalid numeric literal at line 1, column 10

real	0m2.058s
user	0m0.094s
sys	0m0.141s
02/28/21 01:14:15 987288300  1614446055 secretPin: 
[WARN] get secretPin error

02/28/21 01:14:17 129005000  1614446057 èµµç­¾åˆ°WOWOå®˜æ–¹æ——èˆ°åº—

real	0m2.135s
user	0m0.031s
sys	0m0.078s
parse error: Invalid numeric literal at line 1, column 10
parse error: Invalid numeric literal at line 1, column 10
parse error: Invalid numeric literal at line 1, column 10
parse error: Invalid numeric literal at line 1, column 10
02/28/21 01:14:25 093104600 1614446065

real	0m4.828s
user	0m0.000s
sys	0m0.031s

real	0m4.715s
user	0m0.078s
sys	0m0.031s
[WARN] get LZ_TOKEN error
02/28/21 01:14:37 046844000  1614446077
use pt_key

real	0m2.112s
user	0m0.078s
sys	0m0.141s
02/28/21 01:14:39 415734900  1614446079 token: AAFgOn3_ADBJeXtDReYSZ5uq0iKwk1xIDzGDvZTCVEOFc32Ego45AXfQizBN4noZpMToie8pqac
parse error: Invalid numeric literal at line 1, column 10

real	0m2.129s
user	0m0.109s
sys	0m0.109s
02/28/21 01:14:42 290991300  1614446082 secretPin: 
[WARN] get secretPin error

02/28/21 01:14:43 388674000  1614446083 èµµç­¾åˆ°WOWOå®˜æ–¹æ——èˆ°åº—

real	0m2.125s
user	0m0.047s
sys	0m0.063s
parse error: Invalid numeric literal at line 1, column 10
parse error: Invalid numeric literal at line 1, column 10
parse error: Invalid numeric literal at line 1, column 10
parse error: Invalid numeric literal at line 1, column 10
02/28/21 01:14:53 856332400 1614446093

real	0m4.515s
user	0m0.000s
sys	0m0.016s

real	0m2.711s
user	0m0.031s
sys	0m0.109s
[WARN] get LZ_TOKEN error
02/28/21 01:15:12 578044100  1614446112
use pt_key

real	0m3.521s
user	0m0.125s
sys	0m0.078s
02/28/21 01:15:16 849039200  1614446116 token: AAFgOn4jADDboGnHt-YB9wZeMeDZ7QW4w4-oMqVXfClF9K8CTg47Kr_oNdIXq1cw1h1DxJCaix8
parse error: Invalid numeric literal at line 1, column 10

real	0m3.812s
user	0m0.109s
sys	0m0.047s
02/28/21 01:15:21 349572000  1614446121 secretPin: 
[WARN] get secretPin error

02/28/21 01:15:22 371656000  1614446122 èµµç­¾åˆ°WOWOå®˜æ–¹æ——èˆ°åº—

real	0m4.043s
user	0m0.031s
sys	0m0.109s
parse error: Invalid numeric literal at line 1, column 10
parse error: Invalid numeric literal at line 1, column 10
parse error: Invalid numeric literal at line 1, column 10
parse error: Invalid numeric literal at line 1, column 10
02/28/21 01:15:35 704678600 1614446135

real	0m5.193s
user	0m0.000s
sys	0m0.031s

real	0m3.000s
user	0m0.063s
sys	0m0.063s
[WARN] get LZ_TOKEN error
02/28/21 01:15:46 953526600  1614446146
use pt_key

real	0m3.413s
user	0m0.109s
sys	0m0.156s
02/28/21 01:15:51 056226400  1614446151 token: AAFgOn5FADB2CxOftDt691DdVSDEpEEZdg3yA-Yu2PPcRUAbWedIKKH8TyVVDu26r8buaTl8CEA
parse error: Invalid numeric literal at line 1, column 10

real	0m3.114s
user	0m0.125s
sys	0m0.141s
02/28/21 01:15:54 956811700  1614446154 secretPin: 
[WARN] get secretPin error

02/28/21 01:15:56 078771400  1614446156 èµµç­¾åˆ°WOWOå®˜æ–¹æ——èˆ°åº—

real	0m2.711s
user	0m0.016s
sys	0m0.094s
parse error: Invalid numeric literal at line 1, column 10
parse error: Invalid numeric literal at line 1, column 10
parse error: Invalid numeric literal at line 1, column 10
parse error: Invalid numeric literal at line 1, column 10
02/28/21 01:16:19 676858900 1614446179

real	0m5.174s
user	0m0.016s
sys	0m0.047s

real	0m3.235s
user	0m0.000s
sys	0m0.125s
[WARN] get LZ_TOKEN error
02/28/21 01:16:31 984390400  1614446191
use pt_key

real	0m1.391s
user	0m0.094s
sys	0m0.125s
02/28/21 01:16:34 947351300  1614446194 token: AAFgOn5xADDltsWl99mnpXRMMUUggx2_qlQS556wbm6xHjz_iYfXbvgAmxKUaeyzZhDbqfnY3dU
parse error: Invalid numeric literal at line 1, column 10

real	0m3.069s
user	0m0.125s
sys	0m0.094s
02/28/21 01:16:38 731658100  1614446198 secretPin: 
[WARN] get secretPin error

02/28/21 01:16:39 502648200  1614446199 èµµç­¾åˆ°WOWOå®˜æ–¹æ——èˆ°åº—

real	0m3.061s
user	0m0.016s
sys	0m0.125s
parse error: Invalid numeric literal at line 1, column 10
parse error: Invalid numeric literal at line 1, column 10
parse error: Invalid numeric literal at line 1, column 10
parse error: Invalid numeric literal at line 1, column 10
02/28/21 01:16:58 470918600 1614446218

real	0m5.565s
user	0m0.000s
sys	0m0.063s

real	0m1.697s
user	0m0.047s
sys	0m0.109s
[WARN] get LZ_TOKEN error
02/28/21 01:17:10 871379900  1614446230
use pt_key

real	0m1.952s
user	0m0.141s
sys	0m0.125s
02/28/21 01:17:13 608514800  1614446233 token: AAFgOn6YADDiiZpW-KEyZMJKxmQVGT1VYelEH74dN-KCTspSzb2L3wXPVTVfskhcub3A3DzJ4l0
parse error: Invalid numeric literal at line 1, column 10

real	0m4.239s
user	0m0.094s
sys	0m0.094s
02/28/21 01:17:18 581430700  1614446238 secretPin: 
[WARN] get secretPin error

02/28/21 01:17:19 229689300  1614446239 èµµç­¾åˆ°WOWOå®˜æ–¹æ——èˆ°åº—

real	0m3.029s
user	0m0.016s
sys	0m0.109s
parse error: Invalid numeric literal at line 1, column 10
parse error: Invalid numeric literal at line 1, column 10
parse error: Invalid numeric literal at line 1, column 10
parse error: Invalid numeric literal at line 1, column 10
02/28/21 01:17:46 452007000 1614446266

real	0m6.183s
user	0m0.000s
sys	0m0.047s

real	0m3.121s
user	0m0.000s
sys	0m0.125s
[WARN] get LZ_TOKEN error
02/28/21 01:18:01 294106200  1614446281
use pt_key

real	0m1.607s
user	0m0.094s
sys	0m0.188s
02/28/21 01:18:03 984884800  1614446283 token: AAFgOn7LADB5DaFPeJNGuEBphXK0umhHbvYwNB9kE1MDtvPoquAqTOXOiMxqNuhrXyIDli8_9Is
parse error: Invalid numeric literal at line 1, column 10

real	0m3.168s
user	0m0.125s
sys	0m0.125s
02/28/21 01:18:07 853605100  1614446287 secretPin: 
[WARN] get secretPin error

02/28/21 01:18:08 678450000  1614446288 èµµç­¾åˆ°WOWOå®˜æ–¹æ——èˆ°åº—

real	0m2.588s
user	0m0.047s
sys	0m0.047s
parse error: Invalid numeric literal at line 1, column 10
parse error: Invalid numeric literal at line 1, column 10
parse error: Invalid numeric literal at line 1, column 10
parse error: Invalid numeric literal at line 1, column 10
02/28/21 01:18:37 468244600 1614446317

real	0m6.771s
user	0m0.000s
sys	0m0.047s
02/28/21 01:19:00 350189100  1614446340
parse error: Invalid numeric literal at line 1, column 10
ç­¾åˆ°æ˜¯å¦æˆåŠŸè§£æå¤±è´¥. ä¸å†å†™/home/myid/jd/jd_signup/vender/shop_1613569763_104_delay

èµµç­¾åˆ°WOWOå®˜æ–¹æ——èˆ°åº—æŸ¥çœ‹ç»“æœ
<!DOCTYPE html>
<html>
 <head> 
  <title>äº¬ä¸œ</title> 
  <meta charset="utf-8" /> 
  <meta name="apple-mobile-web-app-capable" content="yes" /> 
  <meta name="viewport" content="width=device-width,initial-scale=1,user-scalable=no,maximum-scale=1,viewport-fit=cover" /> 
  <meta name="format-detection" content="telephone=no" /> 
  <meta name="x5-cache" content="enable" /> 
  <link rel="stylesheet" href="https://storage.360buyimg.com/babel/00162638/333378/production/dev/parser.1526555535098.css?t=20180517191236" /> 
  <style> img {
            opacity: 1 !important;
        } </style> 
  <link href="https://storage.360buyimg.com/babel/00170893/348321/production/dev/index.7320a380.css?t=20180802150952" rel="stylesheet" />
 </head> 
 <body style="background:#fff;" id="root"> 
  <div class="errorPage"> 
  </div> 
  <div class="placeholer"> 
  </div> 
  <script src="https://wl.jd.com/unify.min.js"></script> 
  <script type="text/javascript" src="https://storage.360buyimg.com/babel/00170893/348321/production/dev/index.0f8f4dba.js?t=20180802150952"></script> 
 </body>
</html>

parse error: Invalid numeric literal at line 1, column 10
[0;31;3mRUN  at {280:<--} ERROR CODE: 4[0m [0;31;3m[20210228 01:19:13] [ERROR] [0m

