RANDOM_num: 10
lzdz-isv.isvjcloud.com	FALSE	/	FALSE	1617473580	LZ_TOKEN_VALUE	B0oH3vDY2bhHWuKbVaJ+XQ==
lzdz-isv.isvjcloud.com	FALSE	/	FALSE	1617473580	LZ_TOKEN_KEY	lztokenpage4fce5df1d5da4156b63c20988764b0f6
use pt_key
token: AAFgaK3UADDsPtsW_clEs5GPqRDfrk_f0U0ThxLHIvBNNwujnky_lBDOfFHQ1jomU2IqrY2v5wc
secretPin: 8zfoIjWIu/DcpxQNzAV7/oVPSWy1B8D+G4s+fJIFDfWHSnwnXFQKK9yQco/OGmHebU48Dr07k+7+k1UaXRbZKg==

04/04/21 02:03:01 033443900  1617472981
王签到蒙牛京东自营旗舰店
{
  "result": false,
  "data": "",
  "count": 0,
  "errorMessage": "活动已结束！"
}
"活动已结束！"
签到蒙牛京东自营旗舰店完成

王签到蒙牛京东自营旗舰店查看结果, 活动规则
{"result":false,"data":"","count":0,"errorMessage":"活动已结束！"}

{
  "result": false,
  "data": "",
  "count": 0,
  "errorMessage": "活动已结束！"
}
