02/28/21 02:04:15 742922700  1614449055
RANDOM_num: 10
removed '/tmp/tmp.A2JUxcxZkI'
02/28/21 02:04:19 110025000  1614449059 检查移动签到

real	0m2.674s
user	0m0.016s
sys	0m0.063s
[WARN] get LZ_TOKEN error
02/28/21 02:04:25 859343200  1614449065
use wskey

real	0m2.967s
user	0m0.094s
sys	0m0.156s
02/28/21 02:04:29 385815900  1614449069 token: AAFgOomsADCWwN1xf0WHw4hW09r9WUShmRLMFBoOwGuiTBzLjGJuCPVGlOykIcY6AUL74TLDE9E
parse error: Invalid numeric literal at line 1, column 10

real	0m1.945s
user	0m0.078s
sys	0m0.125s
02/28/21 02:04:31 912071400  1614449071 secretPin: 
[WARN] get secretPin error

02/28/21 02:04:33 056557300  1614449073 移动签到Kendall康度京东自营专区

real	0m3.219s
user	0m0.016s
sys	0m0.078s
parse error: Invalid numeric literal at line 1, column 10
parse error: Invalid numeric literal at line 1, column 10
parse error: Invalid numeric literal at line 1, column 10
parse error: Invalid numeric literal at line 1, column 10
02/28/21 02:04:47 345496700 1614449087

real	0m1.674s
user	0m0.000s
sys	0m0.078s

real	0m1.843s
user	0m0.031s
sys	0m0.094s
[WARN] get LZ_TOKEN error
02/28/21 02:04:52 936314700  1614449092
use wskey

real	0m2.083s
user	0m0.141s
sys	0m0.094s
02/28/21 02:04:55 478527800  1614449095 token: AAFgOonGADCYmcxgVBgIkDRzTgGNc1lUULOswqAel9bkN8X55VQTBE3iCty3AW8TK9NnLDPn17w
parse error: Invalid numeric literal at line 1, column 10

real	0m3.405s
user	0m0.063s
sys	0m0.203s
02/28/21 02:04:59 462661300  1614449099 secretPin: 
[WARN] get secretPin error

02/28/21 02:05:00 299154600  1614449100 移动签到Kendall康度京东自营专区

real	0m2.063s
user	0m0.063s
sys	0m0.078s
parse error: Invalid numeric literal at line 1, column 10
parse error: Invalid numeric literal at line 1, column 10
parse error: Invalid numeric literal at line 1, column 10
parse error: Invalid numeric literal at line 1, column 10
02/28/21 02:05:12 513511600 1614449112

real	0m2.646s
user	0m0.000s
sys	0m0.016s

real	0m3.962s
user	0m0.016s
sys	0m0.063s
[WARN] get LZ_TOKEN error
02/28/21 02:05:25 878401300  1614449125
use wskey

real	0m2.771s
user	0m0.109s
sys	0m0.109s
02/28/21 02:05:28 999708100  1614449128 token: AAFgOonoADDv5Bk-qb2Iq31CkA5jLyT-9WX-XzuW3Wsgh5ypTthCp1K4Ny8n41OBtPPdq2NmLTw
parse error: Invalid numeric literal at line 1, column 10

real	0m3.708s
user	0m0.125s
sys	0m0.109s
02/28/21 02:05:34 634976300  1614449134 secretPin: 
[WARN] get secretPin error

02/28/21 02:05:35 441752700  1614449135 移动签到Kendall康度京东自营专区

real	0m2.203s
user	0m0.031s
sys	0m0.078s
parse error: Invalid numeric literal at line 1, column 10
parse error: Invalid numeric literal at line 1, column 10
parse error: Invalid numeric literal at line 1, column 10
parse error: Invalid numeric literal at line 1, column 10
02/28/21 02:05:58 596948200 1614449158

real	0m2.615s
user	0m0.000s
sys	0m0.000s

real	0m1.924s
user	0m0.031s
sys	0m0.031s
[WARN] get LZ_TOKEN error
02/28/21 02:06:11 569699900  1614449171
use wskey

real	0m3.385s
user	0m0.094s
sys	0m0.141s
02/28/21 02:06:15 929199200  1614449175 token: AAFgOooWADAM5GP2_uRCct0xrp2xrmL6PwvGolFuJsEZE8DQXwJdGmyQgejEmqros6mMu4zo2X4
parse error: Invalid numeric literal at line 1, column 10

real	0m3.378s
user	0m0.109s
sys	0m0.094s
02/28/21 02:06:19 914592500  1614449179 secretPin: 
[WARN] get secretPin error

02/28/21 02:06:20 794172800  1614449180 移动签到Kendall康度京东自营专区

real	0m2.635s
user	0m0.000s
sys	0m0.063s
parse error: Invalid numeric literal at line 1, column 10
parse error: Invalid numeric literal at line 1, column 10
parse error: Invalid numeric literal at line 1, column 10
parse error: Invalid numeric literal at line 1, column 10
02/28/21 02:06:38 665144800 1614449198

real	0m3.622s
user	0m0.000s
sys	0m0.047s

real	0m2.661s
user	0m0.031s
sys	0m0.078s
[WARN] get LZ_TOKEN error
02/28/21 02:06:49 299844500  1614449209
use wskey

real	0m3.437s
user	0m0.125s
sys	0m0.078s
02/28/21 02:06:54 242590200  1614449214 token: AAFgOoo8ADDz3T54RWAvbs14ttOPkBbg06dYuogSA27agI4Xj-yf6nztYs91dH-VHBWpAq9jvd4
parse error: Invalid numeric literal at line 1, column 10

real	0m2.588s
user	0m0.078s
sys	0m0.156s
02/28/21 02:06:57 806247300  1614449217 secretPin: 
[WARN] get secretPin error

02/28/21 02:06:59 090597500  1614449219 移动签到Kendall康度京东自营专区

real	0m1.982s
user	0m0.031s
sys	0m0.078s
parse error: Invalid numeric literal at line 1, column 10
parse error: Invalid numeric literal at line 1, column 10
parse error: Invalid numeric literal at line 1, column 10
parse error: Invalid numeric literal at line 1, column 10
02/28/21 02:07:23 843547900 1614449243

real	0m2.513s
user	0m0.016s
sys	0m0.000s

real	0m2.597s
user	0m0.047s
sys	0m0.063s
[WARN] get LZ_TOKEN error
02/28/21 02:07:30 628470200  1614449250
use wskey

real	0m2.160s
user	0m0.125s
sys	0m0.125s
02/28/21 02:07:33 799264800  1614449253 token: AAFgOopkADDeqpvg7ATp5TOaYwkDneSTC2j4BvujUwzPEquXa-TAxBXiK8JvZSht0mMr_woCrwg
parse error: Invalid numeric literal at line 1, column 10

real	0m2.427s
user	0m0.141s
sys	0m0.063s
02/28/21 02:07:36 901631600  1614449256 secretPin: 
[WARN] get secretPin error

02/28/21 02:07:37 463140600  1614449257 移动签到Kendall康度京东自营专区

real	0m2.407s
user	0m0.031s
sys	0m0.094s
parse error: Invalid numeric literal at line 1, column 10
parse error: Invalid numeric literal at line 1, column 10
parse error: Invalid numeric literal at line 1, column 10
parse error: Invalid numeric literal at line 1, column 10
02/28/21 02:07:48 660693300 1614449268

real	0m3.143s
user	0m0.000s
sys	0m0.078s

real	0m2.638s
user	0m0.016s
sys	0m0.109s
[WARN] get LZ_TOKEN error
02/28/21 02:07:59 163718100  1614449279
use wskey

real	0m4.118s
user	0m0.125s
sys	0m0.125s
02/28/21 02:08:04 161185600  1614449284 token: AAFgOoqDADB8Sw-guaPJolGaqR-_DHNbkZuDNslz0wiRdI9bSoIghkxTfYqIziVmMLn608LrJaY
parse error: Invalid numeric literal at line 1, column 10

real	0m4.328s
user	0m0.125s
sys	0m0.125s
02/28/21 02:08:09 656829600  1614449289 secretPin: 
[WARN] get secretPin error

02/28/21 02:08:10 485063900  1614449290 移动签到Kendall康度京东自营专区

real	0m3.919s
user	0m0.047s
sys	0m0.094s
parse error: Invalid numeric literal at line 1, column 10
parse error: Invalid numeric literal at line 1, column 10
parse error: Invalid numeric literal at line 1, column 10
parse error: Invalid numeric literal at line 1, column 10
02/28/21 02:08:25 281810500 1614449305

real	0m3.167s
user	0m0.000s
sys	0m0.047s

real	0m2.925s
user	0m0.031s
sys	0m0.047s
[WARN] get LZ_TOKEN error
02/28/21 02:08:36 845383700  1614449316
use wskey

real	0m3.756s
user	0m0.094s
sys	0m0.078s
02/28/21 02:08:41 463221600  1614449321 token: AAFgOoqnADDAwpg93IO6giHMiOQw0gIK8JeD379wv7BgixpMsvrqJu70AX-XF-sS0ghWtshBtiE
parse error: Invalid numeric literal at line 1, column 10

real	0m3.274s
user	0m0.109s
sys	0m0.141s
02/28/21 02:08:46 344520500  1614449326 secretPin: 
[WARN] get secretPin error

02/28/21 02:08:48 392914800  1614449328 移动签到Kendall康度京东自营专区

real	0m2.600s
user	0m0.063s
sys	0m0.078s
parse error: Invalid numeric literal at line 1, column 10
parse error: Invalid numeric literal at line 1, column 10
parse error: Invalid numeric literal at line 1, column 10
parse error: Invalid numeric literal at line 1, column 10
02/28/21 02:09:01 848567800 1614449341

real	0m4.379s
user	0m0.000s
sys	0m0.078s

real	0m3.226s
user	0m0.016s
sys	0m0.094s
[WARN] get LZ_TOKEN error
02/28/21 02:09:13 076501300  1614449353
use wskey

real	0m2.634s
user	0m0.109s
sys	0m0.094s
02/28/21 02:09:16 677493600  1614449356 token: AAFgOorLADBBYdStAEo7dKMcYgtS5s56znMEXXGPwwYwfBIkf9XqAvV5-5b4I8RQD5P15PyvpQE
parse error: Invalid numeric literal at line 1, column 10

real	0m2.501s
user	0m0.125s
sys	0m0.063s
02/28/21 02:09:19 913313300  1614449359 secretPin: 
[WARN] get secretPin error

02/28/21 02:09:20 816329900  1614449360 移动签到Kendall康度京东自营专区

real	0m2.027s
user	0m0.031s
sys	0m0.078s
parse error: Invalid numeric literal at line 1, column 10
parse error: Invalid numeric literal at line 1, column 10
parse error: Invalid numeric literal at line 1, column 10
parse error: Invalid numeric literal at line 1, column 10
02/28/21 02:09:36 267579300 1614449376

real	0m4.013s
user	0m0.000s
sys	0m0.031s

real	0m3.924s
user	0m0.016s
sys	0m0.141s
[WARN] get LZ_TOKEN error
02/28/21 02:09:46 610304400  1614449386
use wskey

real	0m2.650s
user	0m0.078s
sys	0m0.125s
02/28/21 02:09:50 094170800  1614449390 token: AAFgOorsADA9vVTFGESdveUfTDHdU7HzFFgEStD3q-EL8kc8VpLc5VByqrv2M5YHrHC5A4lNQnQ
parse error: Invalid numeric literal at line 1, column 10

real	0m3.471s
user	0m0.141s
sys	0m0.125s
02/28/21 02:09:54 343820200  1614449394 secretPin: 
[WARN] get secretPin error

02/28/21 02:09:55 129515400  1614449395 移动签到Kendall康度京东自营专区

real	0m2.306s
user	0m0.031s
sys	0m0.078s
parse error: Invalid numeric literal at line 1, column 10
parse error: Invalid numeric literal at line 1, column 10
parse error: Invalid numeric literal at line 1, column 10
parse error: Invalid numeric literal at line 1, column 10
02/28/21 02:10:07 884488500 1614449407

real	0m3.820s
user	0m0.000s
sys	0m0.047s

real	0m2.729s
user	0m0.031s
sys	0m0.078s
[WARN] get LZ_TOKEN error
02/28/21 02:10:19 843505800  1614449419
use wskey

real	0m3.218s
user	0m0.141s
sys	0m0.109s
02/28/21 02:10:23 867459200  1614449423 token: AAFgOosOADB-XR-0UGv9jLOJ1RQbuDvnqIcCQVAH7QxjDT3YDUD3eRSAcKPzrpVoKwPfZZ0v9tY
parse error: Invalid numeric literal at line 1, column 10

real	0m3.025s
user	0m0.141s
sys	0m0.078s
02/28/21 02:10:27 631855500  1614449427 secretPin: 
[WARN] get secretPin error

02/28/21 02:10:28 373133300  1614449428 移动签到Kendall康度京东自营专区

real	0m2.861s
user	0m0.031s
sys	0m0.109s
parse error: Invalid numeric literal at line 1, column 10
parse error: Invalid numeric literal at line 1, column 10
parse error: Invalid numeric literal at line 1, column 10
parse error: Invalid numeric literal at line 1, column 10
02/28/21 02:10:42 515273400 1614449442

real	0m4.987s
user	0m0.000s
sys	0m0.047s

real	0m2.745s
user	0m0.000s
sys	0m0.109s
[WARN] get LZ_TOKEN error
02/28/21 02:10:55 192703700  1614449455
use wskey

real	0m1.384s
user	0m0.156s
sys	0m0.078s
02/28/21 02:10:57 140209600  1614449457 token: AAFgOoswADAVm9X2N5dWblpqzkSnnyJdZ3uC2Z2W9ieRGujMq5jBQUphMyzPzyysP0E9LdOZtfU
parse error: Invalid numeric literal at line 1, column 10

real	0m3.377s
user	0m0.109s
sys	0m0.109s
02/28/21 02:11:01 748173000  1614449461 secretPin: 
[WARN] get secretPin error

02/28/21 02:11:02 296263400  1614449462 移动签到Kendall康度京东自营专区

real	0m1.571s
user	0m0.047s
sys	0m0.078s
parse error: Invalid numeric literal at line 1, column 10
parse error: Invalid numeric literal at line 1, column 10
parse error: Invalid numeric literal at line 1, column 10
parse error: Invalid numeric literal at line 1, column 10
02/28/21 02:11:13 948380800 1614449473

real	0m4.396s
user	0m0.000s
sys	0m0.047s

real	0m4.313s
user	0m0.031s
sys	0m0.078s
[WARN] get LZ_TOKEN error
02/28/21 02:11:26 750562400  1614449486
use wskey

real	0m3.683s
user	0m0.109s
sys	0m0.156s
02/28/21 02:11:31 313883400  1614449491 token: AAFgOotSADC12aW1H_BXMhu707QowCoGS-qiL2EmYCVLg5xDWfvzIjcRaD12r9p6C54OCSR6gDU
parse error: Invalid numeric literal at line 1, column 10

real	0m2.762s
user	0m0.125s
sys	0m0.063s
02/28/21 02:11:34 647262000  1614449494 secretPin: 
[WARN] get secretPin error

02/28/21 02:11:36 510071800  1614449496 移动签到Kendall康度京东自营专区

real	0m2.461s
user	0m0.016s
sys	0m0.109s
parse error: Invalid numeric literal at line 1, column 10
parse error: Invalid numeric literal at line 1, column 10
parse error: Invalid numeric literal at line 1, column 10
parse error: Invalid numeric literal at line 1, column 10
02/28/21 02:11:46 588281000 1614449506

real	0m5.124s
user	0m0.000s
sys	0m0.016s

real	0m2.447s
user	0m0.016s
sys	0m0.078s
[WARN] get LZ_TOKEN error
02/28/21 02:11:55 855727600  1614449515
use wskey

real	0m2.515s
user	0m0.094s
sys	0m0.141s
02/28/21 02:11:59 150173400  1614449519 token: AAFgOotuADAPVM5w2Qj8B_TN3ENSK3PalJMc1CeHTIP5zLG1rLQd-ZOuC-GYfUzxbceNPF6ezBc
parse error: Invalid numeric literal at line 1, column 10

real	0m2.737s
user	0m0.094s
sys	0m0.109s
02/28/21 02:12:02 587956200  1614449522 secretPin: 
[WARN] get secretPin error

02/28/21 02:12:04 357169800  1614449524 移动签到Kendall康度京东自营专区

real	0m1.267s
user	0m0.031s
sys	0m0.094s
parse error: Invalid numeric literal at line 1, column 10
parse error: Invalid numeric literal at line 1, column 10
parse error: Invalid numeric literal at line 1, column 10
parse error: Invalid numeric literal at line 1, column 10
02/28/21 02:12:11 836198800 1614449531

real	0m4.423s
user	0m0.000s
sys	0m0.047s

real	0m3.013s
user	0m0.047s
sys	0m0.094s
[WARN] get LZ_TOKEN error
02/28/21 02:12:20 598115000  1614449540
use wskey

real	0m2.639s
user	0m0.109s
sys	0m0.109s
02/28/21 02:12:24 068850000  1614449544 token: AAFgOouHADAMDwAfc-OEGaSb9feBggy56Gbv5K3PeMRw0n5fu46cYy9Tm5iMcMtvP3KnjvjfyGs
parse error: Invalid numeric literal at line 1, column 10

real	0m3.123s
user	0m0.078s
sys	0m0.125s
02/28/21 02:12:28 178105200  1614449548 secretPin: 
[WARN] get secretPin error

02/28/21 02:12:28 997599600  1614449548 移动签到Kendall康度京东自营专区

real	0m2.015s
user	0m0.047s
sys	0m0.109s
parse error: Invalid numeric literal at line 1, column 10
parse error: Invalid numeric literal at line 1, column 10
parse error: Invalid numeric literal at line 1, column 10
parse error: Invalid numeric literal at line 1, column 10
02/28/21 02:12:43 251485600 1614449563

real	0m4.569s
user	0m0.000s
sys	0m0.016s

real	0m2.041s
user	0m0.063s
sys	0m0.094s
[WARN] get LZ_TOKEN error
02/28/21 02:12:51 522218100  1614449571
use wskey

real	0m2.036s
user	0m0.141s
sys	0m0.125s
02/28/21 02:12:54 214119500  1614449574 token: AAFgOoulADC0fW_NK9-1_p5czIK49WF3gg4wsecjW2Ekv__krrvHt1jJLqCaA-IAZaXJgXCIgw8
parse error: Invalid numeric literal at line 1, column 10

real	0m2.361s
user	0m0.078s
sys	0m0.125s
02/28/21 02:12:57 460311300  1614449577 secretPin: 
[WARN] get secretPin error

02/28/21 02:12:58 003285800  1614449578 移动签到Kendall康度京东自营专区

real	0m2.421s
user	0m0.047s
sys	0m0.063s
parse error: Invalid numeric literal at line 1, column 10
parse error: Invalid numeric literal at line 1, column 10
parse error: Invalid numeric literal at line 1, column 10
parse error: Invalid numeric literal at line 1, column 10
02/28/21 02:13:07 864446000 1614449587

real	0m4.729s
user	0m0.000s
sys	0m0.031s

real	0m1.995s
user	0m0.031s
sys	0m0.094s
[WARN] get LZ_TOKEN error
02/28/21 02:13:16 644379800  1614449596
use wskey

real	0m2.199s
user	0m0.125s
sys	0m0.141s
02/28/21 02:13:19 401548600  1614449599 token: AAFgOou-ADCGm9og1TIcPJjeBXM6MG3i3UqS67bo-P1s_cK3pHKFWBXNZt31sOq7FTPc-YDmj98
parse error: Invalid numeric literal at line 1, column 10

real	0m2.306s
user	0m0.109s
sys	0m0.125s
02/28/21 02:13:22 098098000  1614449602 secretPin: 
[WARN] get secretPin error

02/28/21 02:13:22 440740500  1614449602 移动签到Kendall康度京东自营专区

real	0m1.829s
user	0m0.016s
sys	0m0.078s
parse error: Invalid numeric literal at line 1, column 10
parse error: Invalid numeric literal at line 1, column 10
parse error: Invalid numeric literal at line 1, column 10
parse error: Invalid numeric literal at line 1, column 10
02/28/21 02:13:31 045378300 1614449611

real	0m4.476s
user	0m0.000s
sys	0m0.016s

real	0m1.959s
user	0m0.031s
sys	0m0.078s
[WARN] get LZ_TOKEN error
02/28/21 02:13:38 417131400  1614449618
use wskey

real	0m1.612s
user	0m0.094s
sys	0m0.156s
02/28/21 02:13:40 388062300  1614449620 token: AAFgOovTADC-MqD7NgTZDEmDlfK5VDmioMjiDz84Ikz_MrCJCngj7X0qdKav6ZTUqIVGA3r_l1M
parse error: Invalid numeric literal at line 1, column 10

real	0m1.805s
user	0m0.094s
sys	0m0.109s
02/28/21 02:13:42 743217300  1614449622 secretPin: 
[WARN] get secretPin error

02/28/21 02:13:43 311041500  1614449623 移动签到Kendall康度京东自营专区

real	0m2.275s
user	0m0.047s
sys	0m0.063s
parse error: Invalid numeric literal at line 1, column 10
parse error: Invalid numeric literal at line 1, column 10
parse error: Invalid numeric literal at line 1, column 10
parse error: Invalid numeric literal at line 1, column 10
02/28/21 02:13:51 057733200 1614449631

real	0m4.837s
user	0m0.000s
sys	0m0.047s

real	0m1.224s
user	0m0.031s
sys	0m0.094s
[WARN] get LZ_TOKEN error
02/28/21 02:13:58 002090600  1614449638
use wskey

real	0m1.610s
user	0m0.109s
sys	0m0.125s
02/28/21 02:13:59 863475400  1614449639 token: AAFgOovnADBCrLOiwy7HLFCP-izL4ppYTMhVeWMlgFBB60dBrySZxcS30PlyoeVe0ZsS251gFG0
parse error: Invalid numeric literal at line 1, column 10

real	0m2.107s
user	0m0.125s
sys	0m0.125s
02/28/21 02:14:02 254271500  1614449642 secretPin: 
[WARN] get secretPin error

02/28/21 02:14:02 631509700  1614449642 移动签到Kendall康度京东自营专区

real	0m2.221s
user	0m0.016s
sys	0m0.141s
parse error: Invalid numeric literal at line 1, column 10
parse error: Invalid numeric literal at line 1, column 10
parse error: Invalid numeric literal at line 1, column 10
parse error: Invalid numeric literal at line 1, column 10
02/28/21 02:14:07 895918200 1614449647

real	0m4.631s
user	0m0.000s
sys	0m0.047s

real	0m0.890s
user	0m0.078s
sys	0m0.063s
[WARN] get LZ_TOKEN error
02/28/21 02:14:14 021795900  1614449654
use wskey

real	0m0.817s
user	0m0.125s
sys	0m0.125s
02/28/21 02:14:15 044751300  1614449655 token: AAFgOov2ADAPndH-nuUspWIjx_r1hqnh6ny6lrfN1ibfDrT2nZnrq5l7tV2lFGALHVJ_5awDZ6o
parse error: Invalid numeric literal at line 1, column 10

real	0m0.998s
user	0m0.109s
sys	0m0.109s
02/28/21 02:14:16 287795900  1614449656 secretPin: 
[WARN] get secretPin error

02/28/21 02:14:16 456802200  1614449656 移动签到Kendall康度京东自营专区

real	0m0.606s
user	0m0.031s
sys	0m0.078s
parse error: Invalid numeric literal at line 1, column 10
parse error: Invalid numeric literal at line 1, column 10
parse error: Invalid numeric literal at line 1, column 10
parse error: Invalid numeric literal at line 1, column 10
02/28/21 02:14:19 125983800 1614449659

real	0m4.358s
user	0m0.000s
sys	0m0.016s
02/28/21 02:14:33 135794100  1614449673
parse error: Invalid numeric literal at line 1, column 10
签到是否成功解析失败. 不再写/home/myid/jd/jd_signup/lzkj_sevenDay_vender/shop_1613703186_83_delay

移动签到Kendall康度京东自营专区查看结果, 活动规则
<!DOCTYPE html>
<html>
 <head> 
  <title>京东</title> 
  <meta charset="utf-8" /> 
  <meta name="apple-mobile-web-app-capable" content="yes" /> 
  <meta name="viewport" content="width=device-width,initial-scale=1,user-scalable=no,maximum-scale=1,viewport-fit=cover" /> 
  <meta name="format-detection" content="telephone=no" /> 
  <meta name="x5-cache" content="enable" /> 
  <link rel="stylesheet" href="https://storage.360buyimg.com/babel/00162638/333378/production/dev/parser.1526555535098.css?t=20180517191236" /> 
  <style> img {
            opacity: 1 !important;
        } </style> 
  <link href="https://storage.360buyimg.com/babel/00170893/348321/production/dev/index.7320a380.css?t=20180802150952" rel="stylesheet" />
 </head> 
 <body style="background:#fff;" id="root"> 
  <div class="errorPage"> 
  </div> 
  <div class="placeholer"> 
  </div> 
  <script src="https://wl.jd.com/unify.min.js"></script> 
  <script type="text/javascript" src="https://storage.360buyimg.com/babel/00170893/348321/production/dev/index.0f8f4dba.js?t=20180802150952"></script> 
 </body>
</html>

#店铺名称
vendername="Kendall康度京东自营专区"
#店铺激活码
actId="cd7a717f17914fda93377be959493730"
#店铺id
venderId="1000103167"
#长链接
url="https://lzkj-isv.isvjcloud.com/sign/sevenDay/signActivity?activityId=cd7a717f17914fda93377be959493730&venderId=1000103167&adsource=tg_xuanFuTuBiao"

startTime=1612341120
endTime=1614933120
# 活动时间：2021-02-03 16:32 - 2021-03-05 16:32；
# 奖励说明：
actRule="
7天签到
连续签到1天：20店铺积分
连续签到2天：50店铺积分
连续签到3天：50店铺积分
连续签到4天：50店铺积分
连续签到5天：50店铺积分
连续签到6天：2京豆
连续签到7天：5京豆
"
#赵 122294312-396444 sign_res
sign_num="0"
giftName="null"
giftRes="ok"
giftDate="20210227"
sign_res_info="7天签到 第 0 天
当天签到奖励 [null]"
#赵 122294312-396444 sign_res_end
#王 1309893722-164885 sign_res
sign_num="0"
giftName="null"
giftRes="ok"
giftDate="20210227"
sign_res_info="7天签到 第 0 天
当天签到奖励 [null]"
#王 1309893722-164885 sign_res_end
#肥鹅 jd_4d651d9e48204 sign_res
sign_num="0"
giftName="null"
giftRes="ok"
giftDate="20210227"
sign_res_info="7天签到 第 0 天
当天签到奖励 [null]"
#肥鹅 jd_4d651d9e48204 sign_res_end
#移动 jd_OeTNobRVGiNZ sign_res
sign_num="0"
giftName="null"
giftRes="ok"
giftDate="20210227"
sign_res_info="7天签到 第 0 天
当天签到奖励 [null]"
#移动 jd_OeTNobRVGiNZ sign_res_end
