03/05/21 02:05:04 966389800  1614881104
RANDOM_num: 20
removed '/tmp/tmp.btPB7TCG15'
03/05/21 02:05:05 120389500  1614881105 检查赵签到

real	0m0.286s
user	0m0.000s
sys	0m0.109s
lzkj-isv.isvjcloud.com	FALSE	/	FALSE	1614881705	LZ_TOKEN_VALUE	B0oH3vDY2bhHWuKbVaJ+XQ==
lzkj-isv.isvjcloud.com	FALSE	/	FALSE	1614881705	LZ_TOKEN_KEY	lztokenpage1df206c5497b442cbcbd046ccac7a151
03/05/21 02:05:05 592032600  1614881105
use pt_key

real	0m0.128s
user	0m0.109s
sys	0m0.078s
03/05/21 02:05:05 736545500  1614881105 token: AAFgQSFRADBv1sGxqHtH6fuL0rpBbuj9_sPUXdK74m5-ROjxhBg1Dt0tptbjb46Btk6CyCDrspY

real	0m0.328s
user	0m0.016s
sys	0m0.047s
03/05/21 02:05:06 253472300  1614881106 secretPin: 51S2JqsypB/nfj45frYeoU7oeVP9kq2pYSH90mYt4m3fwcJlClpxrfmVYaGKuquQkdK3rLBQpEQH9V4tdrrh0w==

03/05/21 02:05:06 280377600  1614881106 赵签到帮宝适京东自营官方旗舰店

real	0m0.199s
user	0m0.047s
sys	0m0.047s
parse error: Invalid numeric literal at line 1, column 10
parse error: Invalid numeric literal at line 1, column 10
parse error: Invalid numeric literal at line 1, column 10
parse error: Invalid numeric literal at line 1, column 10
parse error: Invalid numeric literal at line 1, column 10
03/05/21 02:05:07 178276200 1614881107

real	0m0.258s
user	0m0.000s
sys	0m0.047s

real	0m0.200s
user	0m0.016s
sys	0m0.094s
[WARN] get LZ_TOKEN error
03/05/21 02:05:07 722208000  1614881107
use pt_key

real	0m0.258s
user	0m0.094s
sys	0m0.141s
03/05/21 02:05:08 027213400  1614881108 token: AAFgQSFTADD74-olOQN1NqMbYBkzElWo25O3DL3mymr5IUJ7ni7a0zsRjdRmZX0x1uxp9GaSRpE

real	0m0.217s
user	0m0.031s
sys	0m0.078s
parse error: Invalid numeric literal at line 1, column 10
03/05/21 02:05:08 457967900  1614881108 secretPin: 
[WARN] get secretPin error

03/05/21 02:05:08 506281700  1614881108 赵签到帮宝适京东自营官方旗舰店

real	0m0.224s
user	0m0.031s
sys	0m0.063s
parse error: Invalid numeric literal at line 1, column 10
parse error: Invalid numeric literal at line 1, column 10
parse error: Invalid numeric literal at line 1, column 10
parse error: Invalid numeric literal at line 1, column 10
parse error: Invalid numeric literal at line 1, column 10
03/05/21 02:05:10 186222300 1614881110

real	0m0.621s
user	0m0.000s
sys	0m0.016s

real	0m0.605s
user	0m0.016s
sys	0m0.094s
[WARN] get LZ_TOKEN error
03/05/21 02:05:11 617396100  1614881111
use pt_key

real	0m0.479s
user	0m0.125s
sys	0m0.125s
03/05/21 02:05:12 193740500  1614881112 token: AAFgQSFYADCpd9EGQMaC-eWoWeBzD4osteYwM16X4nczl4MVqeEQu_NRCA8v4zq_j0vvdjG7Az4

real	0m0.213s
user	0m0.031s
sys	0m0.094s
parse error: Invalid numeric literal at line 1, column 10
03/05/21 02:05:12 794725300  1614881112 secretPin: 
[WARN] get secretPin error

03/05/21 02:05:12 882654500  1614881112 赵签到帮宝适京东自营官方旗舰店

real	0m0.502s
user	0m0.031s
sys	0m0.078s
parse error: Invalid numeric literal at line 1, column 10
parse error: Invalid numeric literal at line 1, column 10
parse error: Invalid numeric literal at line 1, column 10
parse error: Invalid numeric literal at line 1, column 10
parse error: Invalid numeric literal at line 1, column 10
03/05/21 02:05:14 155574100 1614881114

real	0m0.657s
user	0m0.000s
sys	0m0.047s

real	0m0.296s
user	0m0.016s
sys	0m0.188s
[WARN] get LZ_TOKEN error
03/05/21 02:05:15 198147200  1614881115
use pt_key

real	0m0.691s
user	0m0.125s
sys	0m0.094s
03/05/21 02:05:15 923083000  1614881115 token: AAFgQSFbADC69ihgABRzQ8qv_XE_pbDlo-46mZll5ZHV3KHTIvj5I2a6pn8k8QAj718s7g-pzLI

real	0m0.201s
user	0m0.016s
sys	0m0.094s
parse error: Invalid numeric literal at line 1, column 10
03/05/21 02:05:16 432819400  1614881116 secretPin: 
[WARN] get secretPin error

03/05/21 02:05:16 542228700  1614881116 赵签到帮宝适京东自营官方旗舰店

real	0m0.795s
user	0m0.031s
sys	0m0.063s
parse error: Invalid numeric literal at line 1, column 10
parse error: Invalid numeric literal at line 1, column 10
parse error: Invalid numeric literal at line 1, column 10
parse error: Invalid numeric literal at line 1, column 10
parse error: Invalid numeric literal at line 1, column 10
03/05/21 02:05:19 338677200 1614881119

real	0m1.430s
user	0m0.000s
sys	0m0.016s

real	0m0.875s
user	0m0.016s
sys	0m0.078s
[WARN] get LZ_TOKEN error
03/05/21 02:05:22 191392300  1614881122
use pt_key

real	0m0.771s
user	0m0.094s
sys	0m0.094s
03/05/21 02:05:23 265640800  1614881123 token: AAFgQSFiADA986BTwx2kHZH8bOilGyIdMy3stuOY5cf0KOhcvfPL61LD7JV_mbzYnmyQg3_-NsU

real	0m0.610s
user	0m0.063s
sys	0m0.109s
parse error: Invalid numeric literal at line 1, column 10
03/05/21 02:05:25 219335100  1614881125 secretPin: 
[WARN] get secretPin error

03/05/21 02:05:25 442221300  1614881125 赵签到帮宝适京东自营官方旗舰店

real	0m0.942s
user	0m0.016s
sys	0m0.078s
parse error: Invalid numeric literal at line 1, column 10
parse error: Invalid numeric literal at line 1, column 10
parse error: Invalid numeric literal at line 1, column 10
parse error: Invalid numeric literal at line 1, column 10
parse error: Invalid numeric literal at line 1, column 10
03/05/21 02:05:29 190945500 1614881129

real	0m1.843s
user	0m0.000s
sys	0m0.031s

real	0m0.941s
user	0m0.063s
sys	0m0.094s
[WARN] get LZ_TOKEN error
03/05/21 02:05:32 525322400  1614881132
use pt_key

real	0m0.837s
user	0m0.109s
sys	0m0.141s
03/05/21 02:05:33 614640600  1614881133 token: AAFgQSFtADCnaTBwqO7J2wGhhCyR9p_ylY4JZwx6e7Rz4oiWBP2lO5Za09puzMq6nvV_g1ruYy8

real	0m1.000s
user	0m0.000s
sys	0m0.094s
parse error: Invalid numeric literal at line 1, column 10
03/05/21 02:05:36 070207600  1614881136 secretPin: 
[WARN] get secretPin error

03/05/21 02:05:36 304632400  1614881136 赵签到帮宝适京东自营官方旗舰店

real	0m0.994s
user	0m0.016s
sys	0m0.094s
parse error: Invalid numeric literal at line 1, column 10
parse error: Invalid numeric literal at line 1, column 10
parse error: Invalid numeric literal at line 1, column 10
parse error: Invalid numeric literal at line 1, column 10
parse error: Invalid numeric literal at line 1, column 10
03/05/21 02:05:41 510502100 1614881141

real	0m2.242s
user	0m0.000s
sys	0m0.031s

real	0m1.242s
user	0m0.031s
sys	0m0.063s
[WARN] get LZ_TOKEN error
03/05/21 02:05:45 549124800  1614881145
use pt_key

real	0m1.076s
user	0m0.109s
sys	0m0.063s
03/05/21 02:05:46 991629600  1614881146 token: AAFgQSF6ADAAHJZuVXWiwN-E63G-rCIIMho6DCM7QUkIFRdDM6Z88sU_Mr5dDMkBxSkISGZ6J0Q

real	0m1.151s
user	0m0.000s
sys	0m0.125s
parse error: Invalid numeric literal at line 1, column 10
03/05/21 02:05:49 528692100  1614881149 secretPin: 
[WARN] get secretPin error

03/05/21 02:05:49 794776600  1614881149 赵签到帮宝适京东自营官方旗舰店

real	0m0.834s
user	0m0.031s
sys	0m0.141s
parse error: Invalid numeric literal at line 1, column 10
parse error: Invalid numeric literal at line 1, column 10
parse error: Invalid numeric literal at line 1, column 10
parse error: Invalid numeric literal at line 1, column 10
parse error: Invalid numeric literal at line 1, column 10
03/05/21 02:05:53 796086900 1614881153

real	0m2.312s
user	0m0.000s
sys	0m0.031s

real	0m1.017s
user	0m0.047s
sys	0m0.078s
[WARN] get LZ_TOKEN error
03/05/21 02:05:57 720580700  1614881157
use pt_key

real	0m1.401s
user	0m0.078s
sys	0m0.125s
03/05/21 02:05:59 451377000  1614881159 token: AAFgQSGHADCwDutLBY65KfICNDXvLqxznunGKqMTq_TOuJByRY7mxHDiLiX7c3-1AxGGbR5niKk

real	0m0.750s
user	0m0.016s
sys	0m0.109s
parse error: Invalid numeric literal at line 1, column 10
03/05/21 02:06:01 409719600  1614881161 secretPin: 
[WARN] get secretPin error

03/05/21 02:06:01 569994700  1614881161 赵签到帮宝适京东自营官方旗舰店

real	0m0.678s
user	0m0.016s
sys	0m0.078s
parse error: Invalid numeric literal at line 1, column 10
parse error: Invalid numeric literal at line 1, column 10
parse error: Invalid numeric literal at line 1, column 10
parse error: Invalid numeric literal at line 1, column 10
parse error: Invalid numeric literal at line 1, column 10
03/05/21 02:06:05 517991100 1614881165

real	0m2.391s
user	0m0.000s
sys	0m0.000s

real	0m1.478s
user	0m0.031s
sys	0m0.063s
[WARN] get LZ_TOKEN error
03/05/21 02:06:10 976117800  1614881170
use pt_key

real	0m0.897s
user	0m0.125s
sys	0m0.078s
03/05/21 02:06:12 113219100  1614881172 token: AAFgQSGTADDoApCd-ktcEv51OsfFKw0E6l3toKsDm09NeCi9oPrYvm40eIWRTd8JPZ2njWzPPi0

real	0m0.974s
user	0m0.016s
sys	0m0.094s
parse error: Invalid numeric literal at line 1, column 10
03/05/21 02:06:13 984155200  1614881173 secretPin: 
[WARN] get secretPin error

03/05/21 02:06:14 310844200  1614881174 赵签到帮宝适京东自营官方旗舰店

real	0m0.787s
user	0m0.031s
sys	0m0.031s
parse error: Invalid numeric literal at line 1, column 10
parse error: Invalid numeric literal at line 1, column 10
parse error: Invalid numeric literal at line 1, column 10
parse error: Invalid numeric literal at line 1, column 10
parse error: Invalid numeric literal at line 1, column 10
03/05/21 02:06:18 118038200 1614881178

real	0m2.439s
user	0m0.016s
sys	0m0.047s

real	0m1.190s
user	0m0.000s
sys	0m0.063s
[WARN] get LZ_TOKEN error
03/05/21 02:06:22 575242000  1614881182
use pt_key

real	0m1.535s
user	0m0.125s
sys	0m0.078s
03/05/21 02:06:24 351709000  1614881184 token: AAFgQSGfADDuYSozaxYnTwyLN7DLlEqopgrFPhaYLEsDx_2lk74WfMVZHWbP2Mx_7dKX3ImOC50

real	0m0.848s
user	0m0.047s
sys	0m0.078s
parse error: Invalid numeric literal at line 1, column 10
03/05/21 02:06:26 734838300  1614881186 secretPin: 
[WARN] get secretPin error

03/05/21 02:06:27 042838300  1614881187 赵签到帮宝适京东自营官方旗舰店

real	0m1.116s
user	0m0.047s
sys	0m0.094s
parse error: Invalid numeric literal at line 1, column 10
parse error: Invalid numeric literal at line 1, column 10
parse error: Invalid numeric literal at line 1, column 10
parse error: Invalid numeric literal at line 1, column 10
parse error: Invalid numeric literal at line 1, column 10
03/05/21 02:06:32 198046600 1614881192

real	0m3.061s
user	0m0.031s
sys	0m0.016s

real	0m0.899s
user	0m0.000s
sys	0m0.109s
[WARN] get LZ_TOKEN error
03/05/21 02:06:36 746854100  1614881196
use pt_key

real	0m1.224s
user	0m0.141s
sys	0m0.125s
03/05/21 02:06:38 370459100  1614881198 token: AAFgQSGtADBpUGuAFS9_S8vTTBA9iPXDzXtJQJSvPQ_50H_Gz3-GUVGQoYaktelutTayM64x3GM

real	0m1.179s
user	0m0.047s
sys	0m0.063s
parse error: Invalid numeric literal at line 1, column 10
03/05/21 02:06:42 742615500  1614881202 secretPin: 
[WARN] get secretPin error

03/05/21 02:06:43 192741200  1614881203 赵签到帮宝适京东自营官方旗舰店

real	0m1.004s
user	0m0.031s
sys	0m0.063s
parse error: Invalid numeric literal at line 1, column 10
parse error: Invalid numeric literal at line 1, column 10
parse error: Invalid numeric literal at line 1, column 10
parse error: Invalid numeric literal at line 1, column 10
parse error: Invalid numeric literal at line 1, column 10
03/05/21 02:06:47 280629000 1614881207

real	0m3.236s
user	0m0.000s
sys	0m0.000s

real	0m0.956s
user	0m0.063s
sys	0m0.031s
[WARN] get LZ_TOKEN error
03/05/21 02:06:52 252116300  1614881212
use pt_key

real	0m1.293s
user	0m0.094s
sys	0m0.094s
03/05/21 02:06:53 761030500  1614881213 token: AAFgQSG9ADBcKbZc08dV2RsbePyxISlaXNEVv-YLZhMSsde3gWg32VVoNcTMfTMzbn4mZiadkm8

real	0m1.506s
user	0m0.047s
sys	0m0.078s
parse error: Invalid numeric literal at line 1, column 10
03/05/21 02:06:56 889560400  1614881216 secretPin: 
[WARN] get secretPin error

03/05/21 02:06:57 387407200  1614881217 赵签到帮宝适京东自营官方旗舰店

real	0m1.209s
user	0m0.016s
sys	0m0.109s
parse error: Invalid numeric literal at line 1, column 10
parse error: Invalid numeric literal at line 1, column 10
parse error: Invalid numeric literal at line 1, column 10
parse error: Invalid numeric literal at line 1, column 10
parse error: Invalid numeric literal at line 1, column 10
03/05/21 02:07:02 847608200 1614881222

real	0m3.350s
user	0m0.016s
sys	0m0.016s

real	0m0.883s
user	0m0.047s
sys	0m0.078s
[WARN] get LZ_TOKEN error
03/05/21 02:07:07 708410200  1614881227
use pt_key

real	0m1.371s
user	0m0.063s
sys	0m0.125s
03/05/21 02:07:09 317753200  1614881229 token: AAFgQSHNADDnB6A1E1Xwvu1Z5R7IXPFtaJIbt2xZm1Os_2zLGp43sWp_ULNbRRxyEWQmywdRTLU

real	0m2.971s
user	0m0.016s
sys	0m0.078s
parse error: Invalid numeric literal at line 1, column 10
03/05/21 02:07:14 240934800  1614881234 secretPin: 
[WARN] get secretPin error

03/05/21 02:07:14 605671800  1614881234 赵签到帮宝适京东自营官方旗舰店

real	0m1.304s
user	0m0.016s
sys	0m0.109s
parse error: Invalid numeric literal at line 1, column 10
parse error: Invalid numeric literal at line 1, column 10
parse error: Invalid numeric literal at line 1, column 10
parse error: Invalid numeric literal at line 1, column 10
parse error: Invalid numeric literal at line 1, column 10
03/05/21 02:07:19 425284000 1614881239

real	0m3.427s
user	0m0.016s
sys	0m0.016s

real	0m0.819s
user	0m0.031s
sys	0m0.063s
[WARN] get LZ_TOKEN error
03/05/21 02:07:24 597664800  1614881244
use pt_key

real	0m1.002s
user	0m0.125s
sys	0m0.078s
03/05/21 02:07:25 853612300  1614881245 token: AAFgQSHdADAM_5Qil7YZvqw79kd2291up1ZWElYv26CRWHwleVxpjqeeuzy6qSjDMHbN6qKsI6Y

real	0m1.229s
user	0m0.016s
sys	0m0.109s
parse error: Invalid numeric literal at line 1, column 10
03/05/21 02:07:28 338335500  1614881248 secretPin: 
[WARN] get secretPin error

03/05/21 02:07:28 590121500  1614881248 赵签到帮宝适京东自营官方旗舰店

real	0m1.142s
user	0m0.016s
sys	0m0.078s
parse error: Invalid numeric literal at line 1, column 10
parse error: Invalid numeric literal at line 1, column 10
parse error: Invalid numeric literal at line 1, column 10
parse error: Invalid numeric literal at line 1, column 10
parse error: Invalid numeric literal at line 1, column 10
03/05/21 02:07:33 139077900 1614881253

real	0m3.902s
user	0m0.000s
sys	0m0.031s

real	0m0.754s
user	0m0.016s
sys	0m0.109s
[WARN] get LZ_TOKEN error
03/05/21 02:07:38 272921800  1614881258
use pt_key

real	0m1.143s
user	0m0.094s
sys	0m0.094s
03/05/21 02:07:40 312762300  1614881260 token: AAFgQSHrADATuRJegAyi45yEfPbUhWzjPDATwvQKnjzb_qqQGh3r3NH80DWi_vqRO63KQZigXpU

real	0m1.191s
user	0m0.016s
sys	0m0.078s
parse error: Invalid numeric literal at line 1, column 10
03/05/21 02:07:42 682394000  1614881262 secretPin: 
[WARN] get secretPin error

03/05/21 02:07:42 883824200  1614881262 赵签到帮宝适京东自营官方旗舰店

real	0m0.887s
user	0m0.047s
sys	0m0.063s
parse error: Invalid numeric literal at line 1, column 10
parse error: Invalid numeric literal at line 1, column 10
parse error: Invalid numeric literal at line 1, column 10
parse error: Invalid numeric literal at line 1, column 10
parse error: Invalid numeric literal at line 1, column 10
03/05/21 02:07:46 936382800 1614881266

real	0m4.111s
user	0m0.016s
sys	0m0.109s

real	0m1.006s
user	0m0.047s
sys	0m0.063s
[WARN] get LZ_TOKEN error
03/05/21 02:07:52 736274600  1614881272
use pt_key

real	0m0.917s
user	0m0.078s
sys	0m0.125s
03/05/21 02:07:53 815629200  1614881273 token: AAFgQSH5ADDw4mHfaUYEXRaXg_KhbobLWU3J1Xv2BVjFoH5KTHwbcLUjgPvNq3vgP-oO5nMA1jw

real	0m0.970s
user	0m0.016s
sys	0m0.125s
parse error: Invalid numeric literal at line 1, column 10
03/05/21 02:07:56 151836700  1614881276 secretPin: 
[WARN] get secretPin error

03/05/21 02:07:56 566665500  1614881276 赵签到帮宝适京东自营官方旗舰店

real	0m0.887s
user	0m0.016s
sys	0m0.125s
parse error: Invalid numeric literal at line 1, column 10
parse error: Invalid numeric literal at line 1, column 10
parse error: Invalid numeric literal at line 1, column 10
parse error: Invalid numeric literal at line 1, column 10
parse error: Invalid numeric literal at line 1, column 10
03/05/21 02:08:01 298611000 1614881281

real	0m3.781s
user	0m0.000s
sys	0m0.016s

real	0m1.080s
user	0m0.016s
sys	0m0.109s
[WARN] get LZ_TOKEN error
03/05/21 02:08:06 999295900  1614881286
use pt_key

real	0m0.952s
user	0m0.141s
sys	0m0.109s
03/05/21 02:08:08 275639100  1614881288 token: AAFgQSIHADDjgmzlGf26vY-wk3sIp0vemwp3nG22vFGaq0kNyoztHFo9Snh0d4s-JZI8P-lUPXU

real	0m0.835s
user	0m0.031s
sys	0m0.094s
parse error: Invalid numeric literal at line 1, column 10
03/05/21 02:08:11 342540700  1614881291 secretPin: 
[WARN] get secretPin error

03/05/21 02:08:11 524239700  1614881291 赵签到帮宝适京东自营官方旗舰店

real	0m0.917s
user	0m0.047s
sys	0m0.078s
parse error: Invalid numeric literal at line 1, column 10
parse error: Invalid numeric literal at line 1, column 10
parse error: Invalid numeric literal at line 1, column 10
parse error: Invalid numeric literal at line 1, column 10
parse error: Invalid numeric literal at line 1, column 10
03/05/21 02:08:15 602883800 1614881295

real	0m3.988s
user	0m0.000s
sys	0m0.063s

real	0m0.801s
user	0m0.063s
sys	0m0.047s
[WARN] get LZ_TOKEN error
03/05/21 02:08:21 235023900  1614881301
use pt_key

real	0m1.134s
user	0m0.156s
sys	0m0.078s
03/05/21 02:08:22 598211600  1614881302 token: AAFgQSIWADBOHM_4joZP3UKPTQBK5nfNu3mZbUQtSnGV3K1KXGXee8fq_iG1zBVOGWJq1A_uV5A

real	0m0.841s
user	0m0.016s
sys	0m0.063s
parse error: Invalid numeric literal at line 1, column 10
03/05/21 02:08:24 534645300  1614881304 secretPin: 
[WARN] get secretPin error

03/05/21 02:08:24 693663600  1614881304 赵签到帮宝适京东自营官方旗舰店

real	0m0.786s
user	0m0.047s
sys	0m0.063s
parse error: Invalid numeric literal at line 1, column 10
parse error: Invalid numeric literal at line 1, column 10
parse error: Invalid numeric literal at line 1, column 10
parse error: Invalid numeric literal at line 1, column 10
parse error: Invalid numeric literal at line 1, column 10
03/05/21 02:08:28 927802300 1614881308

real	0m4.261s
user	0m0.000s
sys	0m0.063s

real	0m0.836s
user	0m0.016s
sys	0m0.109s
[WARN] get LZ_TOKEN error
03/05/21 02:08:34 707810200  1614881314
use pt_key

real	0m1.130s
user	0m0.109s
sys	0m0.078s
03/05/21 02:08:36 170841400  1614881316 token: AAFgQSIjADDG41TatyrYbL81uiP--s71JuBtPyn64_EolFW3l0piyQ2dnJcu-NfUP5Sq2zBRsUw

real	0m0.694s
user	0m0.016s
sys	0m0.063s
parse error: Invalid numeric literal at line 1, column 10
03/05/21 02:08:37 871916800  1614881317 secretPin: 
[WARN] get secretPin error

03/05/21 02:08:38 190687600  1614881318 赵签到帮宝适京东自营官方旗舰店

real	0m0.711s
user	0m0.047s
sys	0m0.125s
parse error: Invalid numeric literal at line 1, column 10
parse error: Invalid numeric literal at line 1, column 10
parse error: Invalid numeric literal at line 1, column 10
parse error: Invalid numeric literal at line 1, column 10
parse error: Invalid numeric literal at line 1, column 10
03/05/21 02:08:43 821188600 1614881323

real	0m4.714s
user	0m0.000s
sys	0m0.031s

real	0m1.075s
user	0m0.063s
sys	0m0.031s
[WARN] get LZ_TOKEN error
03/05/21 02:08:50 345321300  1614881330
use pt_key

real	0m1.311s
user	0m0.172s
sys	0m0.094s
03/05/21 02:08:51 952355600  1614881331 token: AAFgQSIzADCtjYG-yJLmtt3uDLLeoOIox1yw2uTRGyhknRdd7tGR2Kk87_FDeQh1tkasHvQc_gU

real	0m1.112s
user	0m0.047s
sys	0m0.094s
parse error: Invalid numeric literal at line 1, column 10
03/05/21 02:08:54 163058600  1614881334 secretPin: 
[WARN] get secretPin error

03/05/21 02:08:54 360352900  1614881334 赵签到帮宝适京东自营官方旗舰店

real	0m1.028s
user	0m0.031s
sys	0m0.063s
parse error: Invalid numeric literal at line 1, column 10
parse error: Invalid numeric literal at line 1, column 10
parse error: Invalid numeric literal at line 1, column 10
parse error: Invalid numeric literal at line 1, column 10
parse error: Invalid numeric literal at line 1, column 10
03/05/21 02:08:58 979768900 1614881338

real	0m5.057s
user	0m0.000s
sys	0m0.031s
03/05/21 02:10:04 636460800  1614881404
parse error: Invalid numeric literal at line 1, column 10
签到是否成功解析失败. 不再写/home/myid/jd/jd_signup/lzkj_sevenDay_vender/shop_1614699061_0

赵签到帮宝适京东自营官方旗舰店查看结果, 活动规则


#店铺名称
vendername="帮宝适京东自营官方旗舰店"
#店铺激活码
actId="9b8a4466ab984291908abd55c70d0646"
#店铺id
venderId="1000001933"
#长链接
url="https://lzkj-isv.isvjcloud.com/sign/sevenDay/signActivity?activityId=9b8a4466ab984291908abd55c70d0646&venderId=1000001933&cu=true&utm_source=kong&utm_medium=jingfen&utm_campaign=t_1002903107_&utm_term=4f8841bf33eb4dfb9ccd26e52abc0106"

startTime=1614566820
endTime=1617206340
# 活动时间：2021-03-01 10:47 - 2021-03-31 23:59；
# 奖励说明：
actRule="
7天签到
连续签到1天：1京豆
连续签到2天：1京豆
连续签到3天：1京豆
连续签到4天：1京豆
连续签到5天：1京豆
连续签到6天：1京豆
连续签到7天：7京豆
"
#赵 122294312-396444 sign_res
sign_num="3"
giftName=""
giftRes="ok"
giftDate="20210304"
sign_res_info="7天签到 第 3 天
当天签到奖励 []"
#赵 122294312-396444 sign_res_end
#王 1309893722-164885 sign_res
sign_num="3"
giftName=""
giftRes="ok"
giftDate="20210304"
sign_res_info="7天签到 第 3 天
当天签到奖励 []"
#王 1309893722-164885 sign_res_end
#肥鹅 jd_4d651d9e48204 sign_res
sign_num="3"
giftName=""
giftRes="ok"
giftDate="20210304"
sign_res_info="7天签到 第 3 天
当天签到奖励 []"
#肥鹅 jd_4d651d9e48204 sign_res_end
#移动 jd_OeTNobRVGiNZ sign_res
sign_num="0"
giftName=""
giftRes=""
giftDate="20210305"
sign_res_info="7天签到 第 0 天
当天签到奖励 []"
#移动 jd_OeTNobRVGiNZ sign_res_end
