02/28/21 02:02:31 621791700  1614448951
RANDOM_num: 40
removed '/tmp/tmp.1qCBYEZDOG'
02/28/21 02:02:32 471404300  1614448952 æ£€æŸ¥èµµç­¾åˆ°

real	0m0.683s
user	0m0.031s
sys	0m0.109s
[WARN] get LZ_TOKEN error
02/28/21 02:02:35 298626200  1614448955
use pt_key

real	0m0.652s
user	0m0.047s
sys	0m0.109s
02/28/21 02:02:36 033931700  1614448956 token: AAFgOok7ADDEWEPo1rd8ya_RES2Ok7XwRYseU4SGCOlN8MlWeDrqJ52hb0Y1n4cKvOmmDLMUfbs
parse error: Invalid numeric literal at line 1, column 10

real	0m0.554s
user	0m0.094s
sys	0m0.063s
02/28/21 02:02:36 696843200  1614448956 secretPin: 
[WARN] get secretPin error

02/28/21 02:02:36 881058000  1614448956 èµµç­¾åˆ°æ­Œå¾·è€é…’è¡Œç²¾å“æ——èˆ°åº—

real	0m0.691s
user	0m0.000s
sys	0m0.125s
parse error: Invalid numeric literal at line 1, column 10
parse error: Invalid numeric literal at line 1, column 10
parse error: Invalid numeric literal at line 1, column 10
parse error: Invalid numeric literal at line 1, column 10
02/28/21 02:02:39 195860100 1614448959

real	0m0.861s
user	0m0.000s
sys	0m0.016s

real	0m0.747s
user	0m0.016s
sys	0m0.109s
[WARN] get LZ_TOKEN error
02/28/21 02:02:41 265942800  1614448961
use pt_key

real	0m1.018s
user	0m0.094s
sys	0m0.109s
02/28/21 02:02:42 584367700  1614448962 token: AAFgOolCADDlcu4Ud1ATXDac0aD5dB2xNMzjERPOvX8OwlGc8VXmZZnZbOuIYKr6jyX0bhTizBU
parse error: Invalid numeric literal at line 1, column 10

real	0m0.958s
user	0m0.109s
sys	0m0.078s
02/28/21 02:02:43 811847300  1614448963 secretPin: 
[WARN] get secretPin error

02/28/21 02:02:43 944515600  1614448963 èµµç­¾åˆ°æ­Œå¾·è€é…’è¡Œç²¾å“æ——èˆ°åº—

real	0m0.697s
user	0m0.031s
sys	0m0.094s
parse error: Invalid numeric literal at line 1, column 10
parse error: Invalid numeric literal at line 1, column 10
parse error: Invalid numeric literal at line 1, column 10
parse error: Invalid numeric literal at line 1, column 10
02/28/21 02:02:46 628659300 1614448966

real	0m0.980s
user	0m0.016s
sys	0m0.016s

real	0m0.535s
user	0m0.016s
sys	0m0.109s
[WARN] get LZ_TOKEN error
02/28/21 02:02:48 756747500  1614448968
use pt_key

real	0m0.854s
user	0m0.109s
sys	0m0.125s
02/28/21 02:02:49 984753000  1614448969 token: AAFgOolJADATxvDPkrc5YAst_p7lbsNrqOY2nowplfHs7UMqXb5gPnicsOiuOgWR33fJ-y6CLKo
parse error: Invalid numeric literal at line 1, column 10

real	0m1.054s
user	0m0.094s
sys	0m0.078s
02/28/21 02:02:51 452455300  1614448971 secretPin: 
[WARN] get secretPin error

02/28/21 02:02:51 710213800  1614448971 èµµç­¾åˆ°æ­Œå¾·è€é…’è¡Œç²¾å“æ——èˆ°åº—

real	0m1.087s
user	0m0.031s
sys	0m0.094s
parse error: Invalid numeric literal at line 1, column 10
parse error: Invalid numeric literal at line 1, column 10
parse error: Invalid numeric literal at line 1, column 10
parse error: Invalid numeric literal at line 1, column 10
02/28/21 02:02:55 947955000 1614448975

real	0m1.282s
user	0m0.016s
sys	0m0.047s

real	0m0.817s
user	0m0.016s
sys	0m0.141s
[WARN] get LZ_TOKEN error
02/28/21 02:02:58 857775100  1614448978
use pt_key

real	0m1.177s
user	0m0.094s
sys	0m0.078s
02/28/21 02:03:00 342155900  1614448980 token: AAFgOolTADC3g2fawKNbU9xN1oNKFjLRMQnuzBBFqnsJXOvjGXEGi9e_ZdqagPRij5dL7o2ki6c
parse error: Invalid numeric literal at line 1, column 10

real	0m1.262s
user	0m0.109s
sys	0m0.109s
02/28/21 02:03:01 898771700  1614448981 secretPin: 
[WARN] get secretPin error

02/28/21 02:03:02 152426600  1614448982 èµµç­¾åˆ°æ­Œå¾·è€é…’è¡Œç²¾å“æ——èˆ°åº—

real	0m0.594s
user	0m0.016s
sys	0m0.078s
parse error: Invalid numeric literal at line 1, column 10
parse error: Invalid numeric literal at line 1, column 10
parse error: Invalid numeric literal at line 1, column 10
parse error: Invalid numeric literal at line 1, column 10
02/28/21 02:03:08 146822900 1614448988

real	0m1.559s
user	0m0.000s
sys	0m0.047s

real	0m1.202s
user	0m0.063s
sys	0m0.047s
[WARN] get LZ_TOKEN error
02/28/21 02:03:12 355322500  1614448992
use pt_key

real	0m1.171s
user	0m0.078s
sys	0m0.125s
02/28/21 02:03:13 911901300  1614448993 token: AAFgOolhADBZbYo-Bj33mwI03vVSbOBhN8q6PTtC58pDsgED9T5l7xRooI28LOteCaz9MOQnsFk
parse error: Invalid numeric literal at line 1, column 10

real	0m1.305s
user	0m0.063s
sys	0m0.109s
02/28/21 02:03:15 666764300  1614448995 secretPin: 
[WARN] get secretPin error

02/28/21 02:03:15 938321800  1614448995 èµµç­¾åˆ°æ­Œå¾·è€é…’è¡Œç²¾å“æ——èˆ°åº—

real	0m1.233s
user	0m0.031s
sys	0m0.078s
parse error: Invalid numeric literal at line 1, column 10
parse error: Invalid numeric literal at line 1, column 10
parse error: Invalid numeric literal at line 1, column 10
parse error: Invalid numeric literal at line 1, column 10
02/28/21 02:03:20 488783900 1614449000

real	0m2.244s
user	0m0.000s
sys	0m0.047s

real	0m1.352s
user	0m0.031s
sys	0m0.109s
[WARN] get LZ_TOKEN error
02/28/21 02:03:25 125155800  1614449005
use pt_key

real	0m1.670s
user	0m0.094s
sys	0m0.094s
02/28/21 02:03:27 180233100  1614449007 token: AAFgOoluADBioF6lDb_ohHQoQsU3adqf5hqo63ZUy00P58WtnSNe03avID2m7k90oZoAiZiIjtQ
parse error: Invalid numeric literal at line 1, column 10

real	0m1.979s
user	0m0.141s
sys	0m0.141s
02/28/21 02:03:29 589082900  1614449009 secretPin: 
[WARN] get secretPin error

02/28/21 02:03:29 854922400  1614449009 èµµç­¾åˆ°æ­Œå¾·è€é…’è¡Œç²¾å“æ——èˆ°åº—

real	0m1.880s
user	0m0.031s
sys	0m0.078s
parse error: Invalid numeric literal at line 1, column 10
parse error: Invalid numeric literal at line 1, column 10
parse error: Invalid numeric literal at line 1, column 10
parse error: Invalid numeric literal at line 1, column 10
02/28/21 02:03:38 024437700 1614449018

real	0m2.661s
user	0m0.000s
sys	0m0.063s

real	0m1.394s
user	0m0.063s
sys	0m0.094s
[WARN] get LZ_TOKEN error
02/28/21 02:03:43 804801800  1614449023
use pt_key

real	0m1.443s
user	0m0.141s
sys	0m0.109s
02/28/21 02:03:45 985861900  1614449025 token: AAFgOomBADCgDRdjlhsdWB3A4-NPECWhxsB44vLTdT2_cwAy5rwHuFaee4JUZ1fabDggB1GhuWg
parse error: Invalid numeric literal at line 1, column 10

real	0m2.081s
user	0m0.109s
sys	0m0.109s
02/28/21 02:03:48 533479000  1614449028 secretPin: 
[WARN] get secretPin error

02/28/21 02:03:49 026530400  1614449029 èµµç­¾åˆ°æ­Œå¾·è€é…’è¡Œç²¾å“æ——èˆ°åº—

real	0m1.799s
user	0m0.031s
sys	0m0.078s
parse error: Invalid numeric literal at line 1, column 10
parse error: Invalid numeric literal at line 1, column 10
parse error: Invalid numeric literal at line 1, column 10
parse error: Invalid numeric literal at line 1, column 10
02/28/21 02:03:56 658459000 1614449036

real	0m3.050s
user	0m0.000s
sys	0m0.016s

real	0m2.162s
user	0m0.031s
sys	0m0.078s
[WARN] get LZ_TOKEN error
02/28/21 02:04:04 285024800  1614449044
use pt_key

real	0m2.355s
user	0m0.125s
sys	0m0.063s
02/28/21 02:04:07 715063100  1614449047 token: AAFgOomWADDC_Xum1UANIeC8GXjEEz1GP4OuL1YQ4Wdzln6QL1gQ7uM3lUPFuxlO1p8uOz7AyOQ
parse error: Invalid numeric literal at line 1, column 10

real	0m1.957s
user	0m0.109s
sys	0m0.078s
02/28/21 02:04:10 055118000  1614449050 secretPin: 
[WARN] get secretPin error

02/28/21 02:04:10 405045500  1614449050 èµµç­¾åˆ°æ­Œå¾·è€é…’è¡Œç²¾å“æ——èˆ°åº—

real	0m1.707s
user	0m0.031s
sys	0m0.063s
parse error: Invalid numeric literal at line 1, column 10
parse error: Invalid numeric literal at line 1, column 10
parse error: Invalid numeric literal at line 1, column 10
parse error: Invalid numeric literal at line 1, column 10
02/28/21 02:04:20 831109500 1614449060

real	0m3.556s
user	0m0.000s
sys	0m0.078s

real	0m2.582s
user	0m0.016s
sys	0m0.109s
[WARN] get LZ_TOKEN error
02/28/21 02:04:29 065469700  1614449069
use pt_key

real	0m1.884s
user	0m0.109s
sys	0m0.094s
02/28/21 02:04:31 620204000  1614449071 token: AAFgOomuADDiufiGwtvahZCPiRTD8-7-Vdw0MQa8V2-kQvuX_YpppBd0oQxhSpEiM3j_atPy8To
parse error: Invalid numeric literal at line 1, column 10

real	0m1.368s
user	0m0.078s
sys	0m0.109s
02/28/21 02:04:34 721528700  1614449074 secretPin: 
[WARN] get secretPin error

02/28/21 02:04:35 343835500  1614449075 èµµç­¾åˆ°æ­Œå¾·è€é…’è¡Œç²¾å“æ——èˆ°åº—

real	0m2.351s
user	0m0.047s
sys	0m0.078s
parse error: Invalid numeric literal at line 1, column 10
parse error: Invalid numeric literal at line 1, column 10
parse error: Invalid numeric literal at line 1, column 10
parse error: Invalid numeric literal at line 1, column 10
02/28/21 02:04:49 979605300 1614449089

real	0m4.104s
user	0m0.016s
sys	0m0.031s

real	0m2.834s
user	0m0.016s
sys	0m0.109s
[WARN] get LZ_TOKEN error
02/28/21 02:04:58 977131800  1614449098
use pt_key

real	0m2.559s
user	0m0.125s
sys	0m0.063s
02/28/21 02:05:02 298332700  1614449102 token: AAFgOonMADAD-5yXae8uMnKuu8VFq4T-fMQPymEV0J-H7tvmLS3P8rsl1pB5eU6N_oXImeSwfJ4
parse error: Invalid numeric literal at line 1, column 10

real	0m3.577s
user	0m0.094s
sys	0m0.156s
02/28/21 02:05:08 142637600  1614449108 secretPin: 
[WARN] get secretPin error

02/28/21 02:05:08 868968200  1614449108 èµµç­¾åˆ°æ­Œå¾·è€é…’è¡Œç²¾å“æ——èˆ°åº—

real	0m1.993s
user	0m0.047s
sys	0m0.078s
parse error: Invalid numeric literal at line 1, column 10
parse error: Invalid numeric literal at line 1, column 10
parse error: Invalid numeric literal at line 1, column 10
parse error: Invalid numeric literal at line 1, column 10
02/28/21 02:05:23 999356500 1614449123

real	0m3.802s
user	0m0.000s
sys	0m0.063s

real	0m1.497s
user	0m0.031s
sys	0m0.125s
[WARN] get LZ_TOKEN error
02/28/21 02:05:30 760023600  1614449130
use pt_key

real	0m2.282s
user	0m0.078s
sys	0m0.125s
02/28/21 02:05:34 981854900  1614449134 token: AAFgOonsADD7B2o80LoBK8O0DTWtouZx9TOnpHYhbzvmujzjQEyDcR6mp9nZdRRWwitPdTnrYNU
parse error: Invalid numeric literal at line 1, column 10

real	0m2.933s
user	0m0.094s
sys	0m0.094s
02/28/21 02:05:38 832618000  1614449138 secretPin: 
[WARN] get secretPin error

02/28/21 02:05:39 535050100  1614449139 èµµç­¾åˆ°æ­Œå¾·è€é…’è¡Œç²¾å“æ——èˆ°åº—

real	0m3.184s
user	0m0.031s
sys	0m0.109s
parse error: Invalid numeric literal at line 1, column 10
parse error: Invalid numeric literal at line 1, column 10
parse error: Invalid numeric literal at line 1, column 10
parse error: Invalid numeric literal at line 1, column 10
02/28/21 02:05:57 107730900 1614449157

real	0m4.343s
user	0m0.000s
sys	0m0.031s

real	0m3.484s
user	0m0.047s
sys	0m0.063s
[WARN] get LZ_TOKEN error
02/28/21 02:06:08 267066400  1614449168
use pt_key

real	0m3.007s
user	0m0.094s
sys	0m0.141s
02/28/21 02:06:11 884321100  1614449171 token: AAFgOooSADBPOmrYH5P9_IQtYQISUraOBoBWyUexEs5qzH9XDoVht3uZnqZnugYmvsxnzLevEnU
parse error: Invalid numeric literal at line 1, column 10

real	0m2.986s
user	0m0.109s
sys	0m0.094s
02/28/21 02:06:15 227955900  1614449175 secretPin: 
[WARN] get secretPin error

02/28/21 02:06:15 757216200  1614449175 èµµç­¾åˆ°æ­Œå¾·è€é…’è¡Œç²¾å“æ——èˆ°åº—

real	0m3.189s
user	0m0.031s
sys	0m0.094s
parse error: Invalid numeric literal at line 1, column 10
parse error: Invalid numeric literal at line 1, column 10
parse error: Invalid numeric literal at line 1, column 10
parse error: Invalid numeric literal at line 1, column 10
02/28/21 02:06:34 735918200 1614449194

real	0m6.217s
user	0m0.000s
sys	0m0.000s

real	0m1.894s
user	0m0.063s
sys	0m0.078s
[WARN] get LZ_TOKEN error
02/28/21 02:06:46 850006600  1614449206
use pt_key

real	0m2.330s
user	0m0.094s
sys	0m0.078s
02/28/21 02:06:49 988878600  1614449209 token: AAFgOoo4ADByBTAGUIOELGGXBlo-qqmKKufVuPbylB9aAGFprg0mZ1mINys0g-fIyogxZzca3nk
parse error: Invalid numeric literal at line 1, column 10

real	0m3.027s
user	0m0.109s
sys	0m0.094s
02/28/21 02:06:53 774152400  1614449213 secretPin: 
[WARN] get secretPin error

02/28/21 02:06:54 352765100  1614449214 èµµç­¾åˆ°æ­Œå¾·è€é…’è¡Œç²¾å“æ——èˆ°åº—

real	0m2.698s
user	0m0.047s
sys	0m0.063s
parse error: Invalid numeric literal at line 1, column 10
parse error: Invalid numeric literal at line 1, column 10
parse error: Invalid numeric literal at line 1, column 10
parse error: Invalid numeric literal at line 1, column 10
02/28/21 02:07:08 115311700 1614449228

real	0m4.581s
user	0m0.000s
sys	0m0.047s

real	0m1.648s
user	0m0.047s
sys	0m0.047s
[WARN] get LZ_TOKEN error
02/28/21 02:07:15 576812900  1614449235
use pt_key

real	0m2.182s
user	0m0.094s
sys	0m0.078s
02/28/21 02:07:18 150294100  1614449238 token: AAFgOopVADB4njEO_Ai_o4NxVQJLH3Xcd4ERZ9CiZx1KByOZ19CYrknF6NLdr8lviY57Fmfz8Qg
parse error: Invalid numeric literal at line 1, column 10

real	0m2.251s
user	0m0.109s
sys	0m0.094s
02/28/21 02:07:20 840576900  1614449240 secretPin: 
[WARN] get secretPin error

02/28/21 02:07:21 865899200  1614449241 èµµç­¾åˆ°æ­Œå¾·è€é…’è¡Œç²¾å“æ——èˆ°åº—

real	0m1.494s
user	0m0.031s
sys	0m0.047s
parse error: Invalid numeric literal at line 1, column 10
parse error: Invalid numeric literal at line 1, column 10
parse error: Invalid numeric literal at line 1, column 10
parse error: Invalid numeric literal at line 1, column 10
02/28/21 02:07:41 787487300 1614449261

real	0m4.630s
user	0m0.000s
sys	0m0.047s

real	0m1.937s
user	0m0.063s
sys	0m0.078s
[WARN] get LZ_TOKEN error
02/28/21 02:07:50 422461400  1614449270
use pt_key

real	0m2.977s
user	0m0.094s
sys	0m0.109s
02/28/21 02:07:54 289582800  1614449274 token: AAFgOop4ADAk4bSgro4dN5MEpsOpdS7w0kSoqHS0s32l-SnFaB3hzxyGVWDq7UNOqAi59ct6K94
parse error: Invalid numeric literal at line 1, column 10

real	0m3.097s
user	0m0.094s
sys	0m0.109s
02/28/21 02:07:57 332740500  1614449277 secretPin: 
[WARN] get secretPin error

02/28/21 02:07:58 317328000  1614449278 èµµç­¾åˆ°æ­Œå¾·è€é…’è¡Œç²¾å“æ——èˆ°åº—

real	0m2.466s
user	0m0.000s
sys	0m0.109s
parse error: Invalid numeric literal at line 1, column 10
parse error: Invalid numeric literal at line 1, column 10
parse error: Invalid numeric literal at line 1, column 10
parse error: Invalid numeric literal at line 1, column 10
02/28/21 02:08:15 542372400 1614449295

real	0m5.624s
user	0m0.016s
sys	0m0.031s

real	0m2.367s
user	0m0.031s
sys	0m0.078s
[WARN] get LZ_TOKEN error
02/28/21 02:08:26 454671900  1614449306
use pt_key

real	0m2.943s
user	0m0.094s
sys	0m0.094s
02/28/21 02:08:30 101726200  1614449310 token: AAFgOoqcADBd-NYHTf-psvD970WscyXMwG62_siO_X0QhgviePCNdc7arfbxPFNuc08DxVSXX6s
parse error: Invalid numeric literal at line 1, column 10

real	0m2.412s
user	0m0.109s
sys	0m0.109s
02/28/21 02:08:33 905377100  1614449313 secretPin: 
[WARN] get secretPin error

02/28/21 02:08:35 657345700  1614449315 èµµç­¾åˆ°æ­Œå¾·è€é…’è¡Œç²¾å“æ——èˆ°åº—

real	0m3.000s
user	0m0.031s
sys	0m0.078s
parse error: Invalid numeric literal at line 1, column 10
parse error: Invalid numeric literal at line 1, column 10
parse error: Invalid numeric literal at line 1, column 10
parse error: Invalid numeric literal at line 1, column 10
02/28/21 02:08:47 438224000 1614449327

real	0m5.796s
user	0m0.000s
sys	0m0.016s

real	0m2.426s
user	0m0.031s
sys	0m0.109s
[WARN] get LZ_TOKEN error
02/28/21 02:08:57 324642400  1614449337
use pt_key

real	0m2.632s
user	0m0.109s
sys	0m0.078s
02/28/21 02:09:01 070951100  1614449341 token: AAFgOoq7ADA4OuVOtHZ2qmGLUm1YTqrgyE6Q5ocCqAH1-JIWlt6kdW4AKtQyTnqIWG3JJGMH-yE
parse error: Invalid numeric literal at line 1, column 10

real	0m4.157s
user	0m0.094s
sys	0m0.125s
02/28/21 02:09:06 393805000  1614449346 secretPin: 
[WARN] get secretPin error

02/28/21 02:09:06 957543300  1614449346 èµµç­¾åˆ°æ­Œå¾·è€é…’è¡Œç²¾å“æ——èˆ°åº—

real	0m2.545s
user	0m0.031s
sys	0m0.094s
parse error: Invalid numeric literal at line 1, column 10
parse error: Invalid numeric literal at line 1, column 10
parse error: Invalid numeric literal at line 1, column 10
parse error: Invalid numeric literal at line 1, column 10
02/28/21 02:09:31 394923300 1614449371

real	0m4.898s
user	0m0.000s
sys	0m0.016s

real	0m1.898s
user	0m0.063s
sys	0m0.047s
[WARN] get LZ_TOKEN error
02/28/21 02:09:40 846860500  1614449380
use pt_key

real	0m3.671s
user	0m0.109s
sys	0m0.141s
02/28/21 02:09:45 331858100  1614449385 token: AAFgOoroADDaSBlHzegPHSEvI1t-KO5GPAvOKKgxLx1puk5GLaLiOSk4TeUKmT7tkKfYiAWCYtQ
parse error: Invalid numeric literal at line 1, column 10

real	0m4.264s
user	0m0.125s
sys	0m0.063s
02/28/21 02:09:50 930874400  1614449390 secretPin: 
[WARN] get secretPin error

02/28/21 02:09:52 483288400  1614449392 èµµç­¾åˆ°æ­Œå¾·è€é…’è¡Œç²¾å“æ——èˆ°åº—

real	0m4.322s
user	0m0.016s
sys	0m0.078s
parse error: Invalid numeric literal at line 1, column 10
parse error: Invalid numeric literal at line 1, column 10
parse error: Invalid numeric literal at line 1, column 10
parse error: Invalid numeric literal at line 1, column 10
02/28/21 02:10:14 654053700 1614449414

real	0m5.240s
user	0m0.000s
sys	0m0.063s

real	0m2.747s
user	0m0.063s
sys	0m0.094s
[WARN] get LZ_TOKEN error
02/28/21 02:10:25 095020500  1614449425
use pt_key

real	0m3.226s
user	0m0.109s
sys	0m0.109s
02/28/21 02:10:28 938330400  1614449428 token: AAFgOosUADBoAsrdByPT-jSNczxfxN8eZqJZk3wtuB9H3bYctmxcatx4P7NgfwWgJO0xz1P-zOg
parse error: Invalid numeric literal at line 1, column 10

real	0m2.493s
user	0m0.109s
sys	0m0.141s
02/28/21 02:10:32 334861300  1614449432 secretPin: 
[WARN] get secretPin error

02/28/21 02:10:34 185469400  1614449434 èµµç­¾åˆ°æ­Œå¾·è€é…’è¡Œç²¾å“æ——èˆ°åº—

real	0m1.844s
user	0m0.016s
sys	0m0.109s
parse error: Invalid numeric literal at line 1, column 10
parse error: Invalid numeric literal at line 1, column 10
parse error: Invalid numeric literal at line 1, column 10
parse error: Invalid numeric literal at line 1, column 10
02/28/21 02:10:49 455561200 1614449449

real	0m5.918s
user	0m0.000s
sys	0m0.031s

real	0m2.203s
user	0m0.047s
sys	0m0.063s
[WARN] get LZ_TOKEN error
02/28/21 02:11:00 795740900  1614449460
use pt_key

real	0m2.898s
user	0m0.141s
sys	0m0.078s
02/28/21 02:11:05 442910000  1614449465 token: AAFgOos3ADAjXY_vpyVUKbvrUeCNi8RWYJFdqfOhvkyWoddizqwUgLhrR3ZAMZbwxAjDcIbaWbU
parse error: Invalid numeric literal at line 1, column 10

real	0m3.821s
user	0m0.109s
sys	0m0.125s
02/28/21 02:11:10 024700500  1614449470 secretPin: 
[WARN] get secretPin error

02/28/21 02:11:11 399608100  1614449471 èµµç­¾åˆ°æ­Œå¾·è€é…’è¡Œç²¾å“æ——èˆ°åº—

real	0m3.892s
user	0m0.047s
sys	0m0.047s
parse error: Invalid numeric literal at line 1, column 10
parse error: Invalid numeric literal at line 1, column 10
parse error: Invalid numeric literal at line 1, column 10
parse error: Invalid numeric literal at line 1, column 10
02/28/21 02:11:24 764959400 1614449484

real	0m5.316s
user	0m0.000s
sys	0m0.031s
02/28/21 02:12:15 231056300  1614449535
parse error: Invalid numeric literal at line 1, column 10
ç­¾åˆ°æ˜¯å¦æˆåŠŸè§£æå¤±è´¥. ä¸å†å†™/home/myid/jd/jd_signup/vender/shop_1614116065_18_delay

èµµç­¾åˆ°æ­Œå¾·è€é…’è¡Œç²¾å“æ——èˆ°åº—æŸ¥çœ‹ç»“æœ
<!DOCTYPE html>
<html>
 <head> 
  <title>äº¬ä¸œ</title> 
  <meta charset="utf-8" /> 
  <meta name="apple-mobile-web-app-capable" content="yes" /> 
  <meta name="viewport" content="width=device-width,initial-scale=1,user-scalable=no,maximum-scale=1,viewport-fit=cover" /> 
  <meta name="format-detection" content="telephone=no" /> 
  <meta name="x5-cache" content="enable" /> 
  <link rel="stylesheet" href="https://storage.360buyimg.com/babel/00162638/333378/production/dev/parser.1526555535098.css?t=20180517191236" /> 
  <style> img {
            opacity: 1 !important;
        } </style> 
  <link href="https://storage.360buyimg.com/babel/00170893/348321/production/dev/index.7320a380.css?t=20180802150952" rel="stylesheet" />
 </head> 
 <body style="background:#fff;" id="root"> 
  <div class="errorPage"> 
  </div> 
  <div class="placeholer"> 
  </div> 
  <script src="https://wl.jd.com/unify.min.js"></script> 
  <script type="text/javascript" src="https://storage.360buyimg.com/babel/00170893/348321/production/dev/index.0f8f4dba.js?t=20180802150952"></script> 
 </body>
</html>

parse error: Invalid numeric literal at line 1, column 10
[0;31;3mRUN  at {280:<--} ERROR CODE: 4[0m [0;31;3m[20210228 02:12:23] [ERROR] [0m

