02/28/21 04:03:27 818251700  1614456207
RANDOM_num: 30
removed '/tmp/tmp.2Byb0lnh2F'
02/28/21 04:03:29 337055600  1614456209 æ£€æŸ¥ç‹ç­¾åˆ°

real	0m0.967s
user	0m0.016s
sys	0m0.094s
[WARN] get LZ_TOKEN error
02/28/21 04:03:32 120805500  1614456212
use pt_key

real	0m2.441s
user	0m0.078s
sys	0m0.109s
02/28/21 04:03:34 807182800  1614456214 token: AAFgOqWWADCW_F4m_BgpQWwaVhDL_s5JVswPpo12owD3UmbsY_gOelB0eB-E3XTP_3flwzm4lSI
parse error: Invalid numeric literal at line 1, column 10

real	0m1.303s
user	0m0.094s
sys	0m0.109s
02/28/21 04:03:36 406038400  1614456216 secretPin: 
[WARN] get secretPin error

02/28/21 04:03:36 718361300  1614456216 ç‹ç­¾åˆ°ä¼Šåˆ©ç‰›å¥¶å®˜æ–¹æ——èˆ°åº—

real	0m1.173s
user	0m0.047s
sys	0m0.094s
parse error: Invalid numeric literal at line 1, column 10
parse error: Invalid numeric literal at line 1, column 10
parse error: Invalid numeric literal at line 1, column 10
parse error: Invalid numeric literal at line 1, column 10
02/28/21 04:03:40 815975400 1614456220

real	0m1.351s
user	0m0.000s
sys	0m0.047s

real	0m1.775s
user	0m0.063s
sys	0m0.078s
[WARN] get LZ_TOKEN error
02/28/21 04:03:44 677309600  1614456224
use pt_key

real	0m1.458s
user	0m0.078s
sys	0m0.125s
02/28/21 04:03:46 434632900  1614456226 token: AAFgOqWiADCX2SlIB8lUUgx8Yc0FTOno4LuOK2kNw9jKazqK1IZVCR-iownI_A4UaoryhfKc9sY
parse error: Invalid numeric literal at line 1, column 10

real	0m1.845s
user	0m0.141s
sys	0m0.156s
02/28/21 04:03:48 612604500  1614456228 secretPin: 
[WARN] get secretPin error

02/28/21 04:03:48 914333100  1614456228 ç‹ç­¾åˆ°ä¼Šåˆ©ç‰›å¥¶å®˜æ–¹æ——èˆ°åº—

real	0m1.267s
user	0m0.016s
sys	0m0.109s
parse error: Invalid numeric literal at line 1, column 10
parse error: Invalid numeric literal at line 1, column 10
parse error: Invalid numeric literal at line 1, column 10
parse error: Invalid numeric literal at line 1, column 10
02/28/21 04:03:53 463012100 1614456233

real	0m1.577s
user	0m0.016s
sys	0m0.063s

real	0m1.699s
user	0m0.016s
sys	0m0.109s
[WARN] get LZ_TOKEN error
02/28/21 04:03:57 716657900  1614456237
use pt_key

real	0m1.588s
user	0m0.109s
sys	0m0.094s
02/28/21 04:03:59 994776400  1614456239 token: AAFgOqWvADAxEfitVW9kO5oQSPhAZVtfZOYQ59B_XS9jQazHxqpJ3K3Ai4SNGC9Xq2kFAFPJKfo
parse error: Invalid numeric literal at line 1, column 10

real	0m1.537s
user	0m0.094s
sys	0m0.141s
02/28/21 04:04:01 969627600  1614456241 secretPin: 
[WARN] get secretPin error

02/28/21 04:04:02 262910200  1614456242 ç‹ç­¾åˆ°ä¼Šåˆ©ç‰›å¥¶å®˜æ–¹æ——èˆ°åº—

real	0m3.690s
user	0m0.031s
sys	0m0.094s
parse error: Invalid numeric literal at line 1, column 10
parse error: Invalid numeric literal at line 1, column 10
parse error: Invalid numeric literal at line 1, column 10
parse error: Invalid numeric literal at line 1, column 10
02/28/21 04:04:08 532838100 1614456248

real	0m1.315s
user	0m0.000s
sys	0m0.063s

real	0m1.605s
user	0m0.047s
sys	0m0.078s
[WARN] get LZ_TOKEN error
02/28/21 04:04:12 567410500  1614456252
use pt_key

real	0m2.531s
user	0m0.172s
sys	0m0.047s
02/28/21 04:04:15 886205100  1614456255 token: AAFgOqW_ADBXaNYkSlg6u6tAugjwpUzZXikgn-isnMKglAaRT2LBqEX8X3w_fveLX3cltQ4E--w
parse error: Invalid numeric literal at line 1, column 10

real	0m2.635s
user	0m0.109s
sys	0m0.125s
02/28/21 04:04:18 983755100  1614456258 secretPin: 
[WARN] get secretPin error

02/28/21 04:04:19 411859800  1614456259 ç‹ç­¾åˆ°ä¼Šåˆ©ç‰›å¥¶å®˜æ–¹æ——èˆ°åº—

real	0m1.668s
user	0m0.016s
sys	0m0.063s
parse error: Invalid numeric literal at line 1, column 10
parse error: Invalid numeric literal at line 1, column 10
parse error: Invalid numeric literal at line 1, column 10
parse error: Invalid numeric literal at line 1, column 10
02/28/21 04:04:25 867021000 1614456265

real	0m2.347s
user	0m0.000s
sys	0m0.047s

real	0m2.369s
user	0m0.031s
sys	0m0.063s
[WARN] get LZ_TOKEN error
02/28/21 04:04:31 783589100  1614456271
use pt_key

real	0m0.775s
user	0m0.109s
sys	0m0.094s
02/28/21 04:04:34 325164700  1614456274 token: AAFgOqXQADCwbMclUqMJet0oTwcN2fFmRWLxyXR-s3sqFm6hZedZRFtWHHz72j3Cdr5o5p4YW9U
parse error: Invalid numeric literal at line 1, column 10

real	0m2.006s
user	0m0.141s
sys	0m0.078s
02/28/21 04:04:36 774560300  1614456276 secretPin: 
[WARN] get secretPin error

02/28/21 04:04:37 562516300  1614456277 ç‹ç­¾åˆ°ä¼Šåˆ©ç‰›å¥¶å®˜æ–¹æ——èˆ°åº—

real	0m2.684s
user	0m0.016s
sys	0m0.078s
parse error: Invalid numeric literal at line 1, column 10
parse error: Invalid numeric literal at line 1, column 10
parse error: Invalid numeric literal at line 1, column 10
parse error: Invalid numeric literal at line 1, column 10
02/28/21 04:04:49 125053600 1614456289

real	0m2.969s
user	0m0.000s
sys	0m0.016s

real	0m3.325s
user	0m0.047s
sys	0m0.125s
[WARN] get LZ_TOKEN error
02/28/21 04:04:58 549500300  1614456298
use pt_key

real	0m2.923s
user	0m0.078s
sys	0m0.141s
02/28/21 04:05:02 357017600  1614456302 token: AAFgOqXtADCt8VEY-GQjbyv2j0J1v1Zw-kPvLyRLGZ3_gmeOiqs38qebmrkydNKgZgYxqyh6Iko
parse error: Invalid numeric literal at line 1, column 10

real	0m3.544s
user	0m0.109s
sys	0m0.094s
02/28/21 04:05:06 643943100  1614456306 secretPin: 
[WARN] get secretPin error

02/28/21 04:05:07 348726300  1614456307 ç‹ç­¾åˆ°ä¼Šåˆ©ç‰›å¥¶å®˜æ–¹æ——èˆ°åº—

real	0m1.821s
user	0m0.016s
sys	0m0.094s
parse error: Invalid numeric literal at line 1, column 10
parse error: Invalid numeric literal at line 1, column 10
parse error: Invalid numeric literal at line 1, column 10
parse error: Invalid numeric literal at line 1, column 10
02/28/21 04:05:16 069426800 1614456316

real	0m2.430s
user	0m0.000s
sys	0m0.031s

real	0m3.893s
user	0m0.031s
sys	0m0.047s
[WARN] get LZ_TOKEN error
02/28/21 04:05:25 212620900  1614456325
use pt_key

real	0m2.328s
user	0m0.141s
sys	0m0.125s
02/28/21 04:05:28 351882700  1614456328 token: AAFgOqYHADD79reILKbyk9qyED8cMFgDEbWh4_y1Zzdm7JV3In4MYYO0xdXItmTltRu0xkfjYIU
parse error: Invalid numeric literal at line 1, column 10

real	0m3.304s
user	0m0.109s
sys	0m0.094s
02/28/21 04:05:32 210130100  1614456332 secretPin: 
[WARN] get secretPin error

02/28/21 04:05:34 197977500  1614456334 ç‹ç­¾åˆ°ä¼Šåˆ©ç‰›å¥¶å®˜æ–¹æ——èˆ°åº—

real	0m2.628s
user	0m0.016s
sys	0m0.109s
parse error: Invalid numeric literal at line 1, column 10
parse error: Invalid numeric literal at line 1, column 10
parse error: Invalid numeric literal at line 1, column 10
parse error: Invalid numeric literal at line 1, column 10
02/28/21 04:05:44 718383100 1614456344

real	0m3.835s
user	0m0.000s
sys	0m0.031s

real	0m1.802s
user	0m0.031s
sys	0m0.063s
[WARN] get LZ_TOKEN error
02/28/21 04:05:53 918671500  1614456353
use pt_key

real	0m2.350s
user	0m0.125s
sys	0m0.094s
02/28/21 04:05:56 880573800  1614456356 token: AAFgOqYkADCWFk9xcVP9MdHcMM28fV5SvZMwOuZ7156cOvuaN0egO97rGp8j9B12aJzjcC5ge7Y
parse error: Invalid numeric literal at line 1, column 10

real	0m2.867s
user	0m0.078s
sys	0m0.156s
02/28/21 04:06:00 444982600  1614456360 secretPin: 
[WARN] get secretPin error

02/28/21 04:06:00 838922100  1614456360 ç‹ç­¾åˆ°ä¼Šåˆ©ç‰›å¥¶å®˜æ–¹æ——èˆ°åº—

real	0m2.039s
user	0m0.031s
sys	0m0.125s
parse error: Invalid numeric literal at line 1, column 10
parse error: Invalid numeric literal at line 1, column 10
parse error: Invalid numeric literal at line 1, column 10
parse error: Invalid numeric literal at line 1, column 10
02/28/21 04:06:12 229936300 1614456372

real	0m3.568s
user	0m0.000s
sys	0m0.047s

real	0m1.634s
user	0m0.000s
sys	0m0.109s
[WARN] get LZ_TOKEN error
02/28/21 04:06:24 212453500  1614456384
use pt_key

real	0m2.254s
user	0m0.109s
sys	0m0.094s
02/28/21 04:06:27 004372200  1614456387 token: AAFgOqZCADA4eL2py-GGJUKEnhqILAOBgQochg7EKKllUyHmxZ3x-70ZIA8LWlj3QplS6y1Iumk
parse error: Invalid numeric literal at line 1, column 10

real	0m1.543s
user	0m0.141s
sys	0m0.109s
02/28/21 04:06:29 000808700  1614456389 secretPin: 
[WARN] get secretPin error

02/28/21 04:06:29 700852000  1614456389 ç‹ç­¾åˆ°ä¼Šåˆ©ç‰›å¥¶å®˜æ–¹æ——èˆ°åº—

real	0m2.061s
user	0m0.016s
sys	0m0.125s
parse error: Invalid numeric literal at line 1, column 10
parse error: Invalid numeric literal at line 1, column 10
parse error: Invalid numeric literal at line 1, column 10
parse error: Invalid numeric literal at line 1, column 10
02/28/21 04:06:38 603668300 1614456398

real	0m2.931s
user	0m0.000s
sys	0m0.063s

real	0m2.580s
user	0m0.031s
sys	0m0.078s
[WARN] get LZ_TOKEN error
02/28/21 04:06:46 292935000  1614456406
use pt_key

real	0m2.973s
user	0m0.141s
sys	0m0.109s
02/28/21 04:06:49 938014200  1614456409 token: AAFgOqZZADAtnQFz-diYt9Qr_Rgd93tLyDGTW-kW6i3dZS_YVhjv3fhxm1Ku8FtARMawSealz0Y
parse error: Invalid numeric literal at line 1, column 10

real	0m2.682s
user	0m0.094s
sys	0m0.125s
02/28/21 04:06:53 081292300  1614456413 secretPin: 
[WARN] get secretPin error

02/28/21 04:06:53 661504500  1614456413 ç‹ç­¾åˆ°ä¼Šåˆ©ç‰›å¥¶å®˜æ–¹æ——èˆ°åº—

real	0m1.889s
user	0m0.047s
sys	0m0.078s
parse error: Invalid numeric literal at line 1, column 10
parse error: Invalid numeric literal at line 1, column 10
parse error: Invalid numeric literal at line 1, column 10
parse error: Invalid numeric literal at line 1, column 10
02/28/21 04:07:01 415443600 1614456421

real	0m5.176s
user	0m0.000s
sys	0m0.047s

real	0m2.657s
user	0m0.031s
sys	0m0.063s
[WARN] get LZ_TOKEN error
02/28/21 04:07:10 822613700  1614456430
use pt_key

real	0m3.263s
user	0m0.109s
sys	0m0.141s
02/28/21 04:07:15 561439900  1614456435 token: AAFgOqZyADAlyfs2edUzPxuXOuKUxLcTIUor3jfNoXIn-E3GFItTwdjctcNXdGi8LWT-5Jh7eFE
parse error: Invalid numeric literal at line 1, column 10

real	0m4.215s
user	0m0.109s
sys	0m0.094s
02/28/21 04:07:20 438666800  1614456440 secretPin: 
[WARN] get secretPin error

02/28/21 04:07:21 193652600  1614456441 ç‹ç­¾åˆ°ä¼Šåˆ©ç‰›å¥¶å®˜æ–¹æ——èˆ°åº—

real	0m2.002s
user	0m0.047s
sys	0m0.078s
parse error: Invalid numeric literal at line 1, column 10
parse error: Invalid numeric literal at line 1, column 10
parse error: Invalid numeric literal at line 1, column 10
parse error: Invalid numeric literal at line 1, column 10
02/28/21 04:07:35 012620700 1614456455

real	0m4.120s
user	0m0.016s
sys	0m0.031s

real	0m2.221s
user	0m0.047s
sys	0m0.063s
[WARN] get LZ_TOKEN error
02/28/21 04:07:42 390407400  1614456462
use pt_key

real	0m2.832s
user	0m0.094s
sys	0m0.125s
02/28/21 04:07:45 621610500  1614456465 token: AAFgOqaQADBa84IpTCNCFa-eASkiLPeyBFF15MGgz-4Z3s1vYmT-SxvxGtSPQJ_79nOuGyuoJs0
parse error: Invalid numeric literal at line 1, column 10

real	0m2.588s
user	0m0.094s
sys	0m0.125s
02/28/21 04:07:49 541067700  1614456469 secretPin: 
[WARN] get secretPin error

02/28/21 04:07:50 105563600  1614456470 ç‹ç­¾åˆ°ä¼Šåˆ©ç‰›å¥¶å®˜æ–¹æ——èˆ°åº—

real	0m1.664s
user	0m0.000s
sys	0m0.141s
parse error: Invalid numeric literal at line 1, column 10
parse error: Invalid numeric literal at line 1, column 10
parse error: Invalid numeric literal at line 1, column 10
parse error: Invalid numeric literal at line 1, column 10
02/28/21 04:08:00 503027800 1614456480

real	0m4.105s
user	0m0.000s
sys	0m0.016s

real	0m2.316s
user	0m0.031s
sys	0m0.078s
[WARN] get LZ_TOKEN error
02/28/21 04:08:11 176521500  1614456491
use pt_key

real	0m1.931s
user	0m0.094s
sys	0m0.125s
02/28/21 04:08:13 590290400  1614456493 token: AAFgOqatADA4aUzG8X9YlZqvJ3aZjonUtsxLJUmLJ5KikLOS3gvRpVlTdfoVBlECh0GJhBWBHYk
parse error: Invalid numeric literal at line 1, column 10

real	0m2.602s
user	0m0.125s
sys	0m0.094s
02/28/21 04:08:16 836213100  1614456496 secretPin: 
[WARN] get secretPin error

02/28/21 04:08:17 381870100  1614456497 ç‹ç­¾åˆ°ä¼Šåˆ©ç‰›å¥¶å®˜æ–¹æ——èˆ°åº—

real	0m3.205s
user	0m0.063s
sys	0m0.094s
parse error: Invalid numeric literal at line 1, column 10
parse error: Invalid numeric literal at line 1, column 10
parse error: Invalid numeric literal at line 1, column 10
parse error: Invalid numeric literal at line 1, column 10
02/28/21 04:08:29 496325000 1614456509

real	0m4.536s
user	0m0.000s
sys	0m0.063s

real	0m3.120s
user	0m0.031s
sys	0m0.063s
[WARN] get LZ_TOKEN error
02/28/21 04:08:39 332565000  1614456519
use pt_key

real	0m2.188s
user	0m0.109s
sys	0m0.078s
02/28/21 04:08:42 193018400  1614456522 token: AAFgOqbJADDgdhzE7E45OSX5uG-Dyzjn73l75PD7uw3pCurQJ6pGC6tr636U-UOO348e7tI1M8U
parse error: Invalid numeric literal at line 1, column 10

real	0m2.537s
user	0m0.078s
sys	0m0.141s
02/28/21 04:08:45 223069300  1614456525 secretPin: 
[WARN] get secretPin error

02/28/21 04:08:45 735583900  1614456525 ç‹ç­¾åˆ°ä¼Šåˆ©ç‰›å¥¶å®˜æ–¹æ——èˆ°åº—

real	0m2.817s
user	0m0.000s
sys	0m0.141s
parse error: Invalid numeric literal at line 1, column 10
parse error: Invalid numeric literal at line 1, column 10
parse error: Invalid numeric literal at line 1, column 10
parse error: Invalid numeric literal at line 1, column 10
02/28/21 04:08:57 225999700 1614456537

real	0m4.521s
user	0m0.000s
sys	0m0.047s

real	0m2.360s
user	0m0.016s
sys	0m0.125s
[WARN] get LZ_TOKEN error
02/28/21 04:09:06 634956900  1614456546
use pt_key

real	0m2.557s
user	0m0.141s
sys	0m0.063s
02/28/21 04:09:09 902285100  1614456549 token: AAFgOqblADBfZDeGZ5oUyGs6cVj75hFBdkH8ZYKBIqJsHKdlkaAUnF9VHXthP3R6h1huCyMSlvQ
parse error: Invalid numeric literal at line 1, column 10

real	0m2.147s
user	0m0.109s
sys	0m0.141s
02/28/21 04:09:12 897481000  1614456552 secretPin: 
[WARN] get secretPin error

02/28/21 04:09:13 476653100  1614456553 ç‹ç­¾åˆ°ä¼Šåˆ©ç‰›å¥¶å®˜æ–¹æ——èˆ°åº—

real	0m1.675s
user	0m0.047s
sys	0m0.125s
parse error: Invalid numeric literal at line 1, column 10
parse error: Invalid numeric literal at line 1, column 10
parse error: Invalid numeric literal at line 1, column 10
parse error: Invalid numeric literal at line 1, column 10
02/28/21 04:09:22 460502500 1614456562

real	0m4.304s
user	0m0.000s
sys	0m0.031s

real	0m3.061s
user	0m0.047s
sys	0m0.047s
[WARN] get LZ_TOKEN error
02/28/21 04:09:31 533810400  1614456571
use pt_key

real	0m1.458s
user	0m0.125s
sys	0m0.141s
02/28/21 04:09:34 596130900  1614456574 token: AAFgOqb9ADAl5_c3OOsS-x7w0zlV3jAFlTih7UkMpdb1AiE3N12TlJMVLfJd4SSkmBRleZGyxRQ
parse error: Invalid numeric literal at line 1, column 10

real	0m1.575s
user	0m0.125s
sys	0m0.063s
02/28/21 04:09:36 617025900  1614456576 secretPin: 
[WARN] get secretPin error

02/28/21 04:09:37 107525600  1614456577 ç‹ç­¾åˆ°ä¼Šåˆ©ç‰›å¥¶å®˜æ–¹æ——èˆ°åº—

real	0m1.485s
user	0m0.063s
sys	0m0.094s
parse error: Invalid numeric literal at line 1, column 10
parse error: Invalid numeric literal at line 1, column 10
parse error: Invalid numeric literal at line 1, column 10
parse error: Invalid numeric literal at line 1, column 10
02/28/21 04:09:44 748663000 1614456584

real	0m5.396s
user	0m0.000s
sys	0m0.031s

real	0m2.192s
user	0m0.031s
sys	0m0.109s
[WARN] get LZ_TOKEN error
02/28/21 04:09:53 470473900  1614456593
use pt_key

real	0m2.445s
user	0m0.094s
sys	0m0.172s
02/28/21 04:09:56 529418400  1614456596 token: AAFgOqcTADCidpAVSfXK2YLr1UmhT-yYO-Ws_qwcSBxJVgFocqWewkk0ksMA8yfmUB4xsK8mXMY
parse error: Invalid numeric literal at line 1, column 10

real	0m2.342s
user	0m0.094s
sys	0m0.125s
02/28/21 04:09:59 544745800  1614456599 secretPin: 
[WARN] get secretPin error

02/28/21 04:10:00 223336900  1614456600 ç‹ç­¾åˆ°ä¼Šåˆ©ç‰›å¥¶å®˜æ–¹æ——èˆ°åº—

real	0m1.849s
user	0m0.031s
sys	0m0.078s
parse error: Invalid numeric literal at line 1, column 10
parse error: Invalid numeric literal at line 1, column 10
parse error: Invalid numeric literal at line 1, column 10
parse error: Invalid numeric literal at line 1, column 10
02/28/21 04:10:09 481799500 1614456609

real	0m5.305s
user	0m0.000s
sys	0m0.031s

real	0m2.202s
user	0m0.016s
sys	0m0.078s
[WARN] get LZ_TOKEN error
02/28/21 04:10:18 208180300  1614456618
use pt_key

real	0m2.430s
user	0m0.141s
sys	0m0.094s
02/28/21 04:10:21 275644700  1614456621 token: AAFgOqcsADDMAJEP7g8C18dUgidf8Ad_7c8lR5A07kd3VsUDNEvgKCZO236e5qOANzz2fDLlz2s
parse error: Invalid numeric literal at line 1, column 10

real	0m2.229s
user	0m0.094s
sys	0m0.125s
02/28/21 04:10:24 116918700  1614456624 secretPin: 
[WARN] get secretPin error

02/28/21 04:10:24 498276300  1614456624 ç‹ç­¾åˆ°ä¼Šåˆ©ç‰›å¥¶å®˜æ–¹æ——èˆ°åº—

real	0m1.497s
user	0m0.047s
sys	0m0.047s
parse error: Invalid numeric literal at line 1, column 10
parse error: Invalid numeric literal at line 1, column 10
parse error: Invalid numeric literal at line 1, column 10
parse error: Invalid numeric literal at line 1, column 10
02/28/21 04:10:31 619028300 1614456631

real	0m6.711s
user	0m0.016s
sys	0m0.016s

real	0m2.102s
user	0m0.063s
sys	0m0.078s
[WARN] get LZ_TOKEN error
02/28/21 04:10:41 593354000  1614456641
use pt_key

real	0m1.888s
user	0m0.094s
sys	0m0.125s
02/28/21 04:10:44 075416900  1614456644 token: AAFgOqdDADB3dFm7yN8dpV65DARJeF85FOEy69I-boKqkFIZXaPr7iOOsyqL2iMusDF396cXCWI
parse error: Invalid numeric literal at line 1, column 10

real	0m1.810s
user	0m0.125s
sys	0m0.109s
02/28/21 04:10:46 315852800  1614456646 secretPin: 
[WARN] get secretPin error

02/28/21 04:10:46 927317100  1614456646 ç‹ç­¾åˆ°ä¼Šåˆ©ç‰›å¥¶å®˜æ–¹æ——èˆ°åº—

real	0m1.539s
user	0m0.031s
sys	0m0.125s
parse error: Invalid numeric literal at line 1, column 10
parse error: Invalid numeric literal at line 1, column 10
parse error: Invalid numeric literal at line 1, column 10
parse error: Invalid numeric literal at line 1, column 10
02/28/21 04:10:53 613090000 1614456653

real	0m5.064s
user	0m0.000s
sys	0m0.063s

real	0m2.188s
user	0m0.016s
sys	0m0.078s
[WARN] get LZ_TOKEN error
02/28/21 04:11:01 982015400  1614456661
use pt_key

real	0m0.795s
user	0m0.172s
sys	0m0.094s
02/28/21 04:11:04 202398400  1614456664 token: AAFgOqdWADBt9_370bVzHnvsFZEE0msz_NvOU3jBOOMqyfDGrykvFuGB3TN4BTEAEgzWWI4puV4
parse error: Invalid numeric literal at line 1, column 10

real	0m2.221s
user	0m0.109s
sys	0m0.063s
02/28/21 04:11:06 763375000  1614456666 secretPin: 
[WARN] get secretPin error

02/28/21 04:11:07 616839800  1614456667 ç‹ç­¾åˆ°ä¼Šåˆ©ç‰›å¥¶å®˜æ–¹æ——èˆ°åº—

real	0m1.928s
user	0m0.031s
sys	0m0.078s
parse error: Invalid numeric literal at line 1, column 10
parse error: Invalid numeric literal at line 1, column 10
parse error: Invalid numeric literal at line 1, column 10
parse error: Invalid numeric literal at line 1, column 10
02/28/21 04:11:15 320839100 1614456675

real	0m5.317s
user	0m0.000s
sys	0m0.047s
02/28/21 04:11:51 725471500  1614456711
parse error: Invalid numeric literal at line 1, column 10
ç­¾åˆ°æ˜¯å¦æˆåŠŸè§£æå¤±è´¥. ä¸å†å†™/home/myid/jd/jd_signup/vender/yili2_delay

ç‹ç­¾åˆ°ä¼Šåˆ©ç‰›å¥¶å®˜æ–¹æ——èˆ°åº—æŸ¥çœ‹ç»“æœ
<!DOCTYPE html>
<html>
 <head> 
  <title>äº¬ä¸œ</title> 
  <meta charset="utf-8" /> 
  <meta name="apple-mobile-web-app-capable" content="yes" /> 
  <meta name="viewport" content="width=device-width,initial-scale=1,user-scalable=no,maximum-scale=1,viewport-fit=cover" /> 
  <meta name="format-detection" content="telephone=no" /> 
  <meta name="x5-cache" content="enable" /> 
  <link rel="stylesheet" href="https://storage.360buyimg.com/babel/00162638/333378/production/dev/parser.1526555535098.css?t=20180517191236" /> 
  <style> img {
            opacity: 1 !important;
        } </style> 
  <link href="https://storage.360buyimg.com/babel/00170893/348321/production/dev/index.7320a380.css?t=20180802150952" rel="stylesheet" />
 </head> 
 <body style="background:#fff;" id="root"> 
  <div class="errorPage"> 
  </div> 
  <div class="placeholer"> 
  </div> 
  <script src="https://wl.jd.com/unify.min.js"></script> 
  <script type="text/javascript" src="https://storage.360buyimg.com/babel/00170893/348321/production/dev/index.0f8f4dba.js?t=20180802150952"></script> 
 </body>
</html>

parse error: Invalid numeric literal at line 1, column 10
[0;31;3mRUN  at {280:<--} ERROR CODE: 4[0m [0;31;3m[20210228 04:11:54] [ERROR] [0m

