04/04/21 01:13:02 359609800  1617469982
RANDOM_num: 15
removed '/tmp/tmp.LOyASANUpH'
04/04/21 01:13:02 460554400  1617469982 检查肥鹅签到

real	0m1.411s
user	0m0.016s
sys	0m0.078s
lzkj-isv.isvjcloud.com	FALSE	/	FALSE	1617470583	LZ_TOKEN_VALUE	B0oH3vDY2bhHWuKbVaJ+XQ==
lzkj-isv.isvjcloud.com	FALSE	/	FALSE	1617470583	LZ_TOKEN_KEY	lztokenpage5aa6137c31a14167827944f061c9b1d0
04/04/21 01:13:04 002609400  1617469984
use pt_key

real	0m0.236s
user	0m0.109s
sys	0m0.125s
04/04/21 01:13:04 270864000  1617469984 token: AAFgaKIgADA0ZD4mux-R69N2Y1w3EoPfkRQGwqffbSa9oZRRKooLqLieNMo0mog1E_nUFmz5eIM

real	0m0.608s
user	0m0.000s
sys	0m0.109s
04/04/21 01:13:05 013431300  1617469985 secretPin: 4YEv+ri88IbQX5lhoqHrzE7oeVP9kq2pYSH90mYt4m3fwcJlClpxrfmVYaGKuquQkdK3rLBQpEQH9V4tdrrh0w==

04/04/21 01:13:05 034083600  1617469985 肥鹅签到域发官方旗舰店

real	0m0.610s
user	0m0.047s
sys	0m0.078s
{
  "gift": null,
  "msg": "",
  "isOk": true,
  "isSend": null,
  "key": null
}
true
04/04/21 01:13:06 098578100 1617469986
04/04/21 01:13:06 133596400 1617469986 签到域发官方旗舰店完成
04/04/21 01:13:21 241572300  1617470001
true
首次签到成功. 写入giftName: null

***********************************************
2021/04/02_08:00:00  [已~签~到]      
2021/04/03_08:00:00  [已~签~到]      
2021/04/04_08:00:00  [已~签~到]      
当天签到奖励 [null]
连续签到 3 天
签到总天数 3
***********************************************

肥鹅签到域发官方旗舰店查看结果
{"msg":"","giftLog":{"20210403":"y"},"isOk":true,"signDetail":{"20210404":"y","20210402":"y","20210403":"y"},"followDays":2,"signRecord":{"nicknameShow":null,"id":"3d266568eb844a11adc804ff949c834e","venderId":10374948,"actId":"923745672a4a460090bd6d47d99a1409","actName":"签到活动","nick":"4YEv+ri88IbQX5lhoqHrzE7oeVP9kq2pYSH90mYt4m3fwcJlClpxrfmVYaGKuquQkdK3rLBQpEQH9V4tdrrh0w==","phone":"","midUrl":null,"pin":"4YEv+ri88IbQX5lhoqHrzE7oeVP9kq2pYSH90mYt4m3fwcJlClpxrfmVYaGKuquQkdK3rLBQpEQH9V4tdrrh0w==","lastSignDate":20210404,"contiSignNum":3,"totalSignNum":3,"createTime":1617365253000,"updateTime":1617469985000,"remark":null}}

{
  "signDetail": {
    "20210404": "y",
    "20210402": "y",
    "20210403": "y"
  },
  "contiSignNum": 3,
  "totalSignNum": 3
}

域发官方旗舰店活动规则
{"msg":"","act":{"id":"923745672a4a460090bd6d47d99a1409","jdActivityId":null,"venderId":10374948,"actName":"签到活动","startTime":1616033100000,"endTime":1618452359000,"tplId":"0130","deleted":null,"actUrl":"https://lzkj-isv.isvjcloud.com/sign/signActivity2?activityId=923745672a4a460090bd6d47d99a1409&venderId=10374948","shortUrl":"3.cn/10-1eY4rX","qrcodeUrl":"https://img10.360buyimg.com/imgzone/jfs/t1/155740/33/16329/3620/6051666aE606d5cd8/49550030b30245ee.png","actRule":"1、活动时间：2021-03-18 10:05 - 2021-04-15 10:05；
2、符合连续签到赠送条件，则有机会赠送连续签到奖品，同时每日签到奖品不赠送；
3、连续签到2天，有机会赠送[1京豆]；
4、连续签到5天，有机会赠送[2京豆]；
5、连续签到8天，有机会赠送[2京豆]；
6、连续签到12天，有机会赠送[3京豆]；
7、连续签到18天，有机会赠送[5京豆]；
8、连续签到28天，有机会赠送[10京豆]；
9、达到连续签到天数并领取奖品后，签到记录清零，从第1天重新计算；
10、关注店铺后方可参与活动；
11、签到成功后有机会获得奖品，也有可能会与奖品擦肩而过（奖品数量有限，先到先得）；
12、若用户存在刷奖等恶意行为，一经发现将取消抽奖资格（如奖品已经发放，有权追回奖品）；
注：奖品发放形式：
实物奖：
（1）中奖客户信息收集：页面弹屏提示中奖客户提供收货地址、号码和奖项；(超过1小时未填写对应收货信息，视为放弃);
（2）实物奖采取寄送方式发放，获奖用户需在开奖后填写姓名、联系电话、详细地址信息。如因用户原因无法联系上，即奖品作废不再补发，或如用户未填写真实有效的信息或填写收货信息不详，均视为放弃奖品；
虚拟产品奖：
（1）京豆：中奖后系统预计24小时内自动发放至账户；
（2）优惠券：中奖后需手动领取，预计24小时到账；
【活动参与主体资格】
（1）每位自然人用户仅能使用一个京东账号参与活动，微信号、QQ、京东帐号、手机号码等任一信息一致或指向同一用户的，视为同一个用户，则第一个参与本活动的账号参与结果有效，其余账号参与结果均视为无效。
（2）若发现同一位用户使用不同账号重复参与活动，承办方有权取消其获奖资格。
【注意事项】
（1）活动过程中，凡以不正当手段（如作弊领取、恶意套取、刷信誉、虚假交易、扰乱系统、实施网络攻击等）参与本次活动的用户，商家有权终止其参与活动，并取消其获奖资格（如奖品已发放，商家有权追回），如给商家造成损失的，商家将保留向违规用户继续追索的权利。
（2）如遇不可抗力(包括但不限于重大灾害事件、活动受政府机关指令需要停止举办或调整的、活动中存在大面积作弊行为、活动遭受严重网络攻击或因系统故障导致活动中奖名单大批量出错，活动不能正常进行的)，商家有权取消、修改或暂停本活动。
（3）本活动所发放的实物奖不得提现、不得转赠他人、不得为他人付款。
（4）是否中奖以活动发布者后台统计结果为准。
","createTime":1615947370000,"updateTime":1616033885000,"activityType":null,"actTimeStr":"2021-03-18 10:05 至 2021-04-15 10:05","actRange":"all","isFocusShop":"y","giftJson":"{\"giftConditions\":[{\"dayNum\":\"2\",\"gift\":{\"giftInfoId\":\"c885d0d306014726bb705efb75e02038\",\"giftName\":\"1京豆\",\"giftNum\":\"1\",\"giftTotal\":\"5000\",\"giftType\":\"6\",\"id\":\"1195082\",\"priceInfo\":\"0.01\",\"shortLink\":\"\",\"type\":0}},{\"dayNum\":\"5\",\"gift\":{\"giftInfoId\":\"9d60b03978da47dda52016326a6768f6\",\"giftName\":\"2京豆\",\"giftNum\":\"2\",\"giftTotal\":\"1000\",\"giftType\":\"6\",\"id\":\"1195082\",\"priceInfo\":\"0.02\",\"shortLink\":\"\",\"type\":0}},{\"dayNum\":\"8\",\"gift\":{\"giftInfoId\":\"dd6432f53e4c4ca4bc87d8c9bba7d753\",\"giftName\":\"2京豆\",\"giftNum\":\"2\",\"giftTotal\":\"1000\",\"giftType\":\"6\",\"id\":\"1195466\",\"priceInfo\":\"0.02\",\"shortLink\":\"\",\"type\":0}},{\"dayNum\":\"12\",\"gift\":{\"giftInfoId\":\"5535a82b7e374e77b0c43a4318d37b96\",\"giftName\":\"3京豆\",\"giftNum\":\"3\",\"giftTotal\":\"500\",\"giftType\":\"6\",\"id\":\"1195082\",\"priceInfo\":\"0.03\",\"shortLink\":\"\",\"type\":0}},{\"dayNum\":\"18\",\"gift\":{\"giftInfoId\":\"ae69342e81da40a5b8eca78b9bba1476\",\"giftName\":\"5京豆\",\"giftNum\":\"5\",\"giftTotal\":\"500\",\"giftType\":\"6\",\"id\":\"1195466\",\"priceInfo\":\"0.05\",\"shortLink\":\"\",\"type\":0}},{\"dayNum\":\"28\",\"gift\":{\"giftInfoId\":\"f35c396cd5e841579d3a150756fdce7f\",\"giftName\":\"10京豆\",\"giftNum\":\"10\",\"giftTotal\":\"300\",\"giftType\":\"6\",\"id\":\"1195466\",\"priceInfo\":\"0.10\",\"shortLink\":\"\",\"type\":0}}],\"hasGiftEveryDay\":\"n\",\"signType\":\"1\"}","wxSignActivityGiftBean":{"hasGiftEveryDay":"n","gift":null,"signType":"1","giftConditions":[{"dayNum":"2","gift":{"activityId":null,"activityType":null,"venderId":null,"type":0,"name":null,"itemHb":null,"id":"1195082","giftType":"6","giftName":"1京豆","giftNum":"1","giftTotal":"5000","giftResidue":null,"priceInfo":"0.01","shortLink":"","orginLink":null,"giftInfoId":"c885d0d306014726bb705efb75e02038","commonAddAwardVO":null}},{"dayNum":"5","gift":{"activityId":null,"activityType":null,"venderId":null,"type":0,"name":null,"itemHb":null,"id":"1195082","giftType":"6","giftName":"2京豆","giftNum":"2","giftTotal":"1000","giftResidue":null,"priceInfo":"0.02","shortLink":"","orginLink":null,"giftInfoId":"9d60b03978da47dda52016326a6768f6","commonAddAwardVO":null}},{"dayNum":"8","gift":{"activityId":null,"activityType":null,"venderId":null,"type":0,"name":null,"itemHb":null,"id":"1195466","giftType":"6","giftName":"2京豆","giftNum":"2","giftTotal":"1000","giftResidue":null,"priceInfo":"0.02","shortLink":"","orginLink":null,"giftInfoId":"dd6432f53e4c4ca4bc87d8c9bba7d753","commonAddAwardVO":null}},{"dayNum":"12","gift":{"activityId":null,"activityType":null,"venderId":null,"type":0,"name":null,"itemHb":null,"id":"1195082","giftType":"6","giftName":"3京豆","giftNum":"3","giftTotal":"500","giftResidue":null,"priceInfo":"0.03","shortLink":"","orginLink":null,"giftInfoId":"5535a82b7e374e77b0c43a4318d37b96","commonAddAwardVO":null}},{"dayNum":"18","gift":{"activityId":null,"activityType":null,"venderId":null,"type":0,"name":null,"itemHb":null,"id":"1195466","giftType":"6","giftName":"5京豆","giftNum":"5","giftTotal":"500","giftResidue":null,"priceInfo":"0.05","shortLink":"","orginLink":null,"giftInfoId":"ae69342e81da40a5b8eca78b9bba1476","commonAddAwardVO":null}},{"dayNum":"28","gift":{"activityId":null,"activityType":null,"venderId":null,"type":0,"name":null,"itemHb":null,"id":"1195466","giftType":"6","giftName":"10京豆","giftNum":"10","giftTotal":"300","giftResidue":null,"priceInfo":"0.10","shortLink":"","orginLink":null,"giftInfoId":"f35c396cd5e841579d3a150756fdce7f","commonAddAwardVO":null}}]},"isShowItems":"n","showItemIds":"","jmWareVOList":null,"status":"ING"},"isOk":true}

{
  "actUrl": "https://lzkj-isv.isvjcloud.com/sign/signActivity2?activityId=923745672a4a460090bd6d47d99a1409&venderId=10374948",
  "shortUrl": "3.cn/10-1eY4rX",
  "actRule": "1、活动时间：2021-03-18 10:05 - 2021-04-15 10:05；\n2、符合连续签到赠送条件，则有机会赠送连续签到奖品，同时每日签到奖品不赠送；\n3、连续签到2天，有机会赠送[1京豆]；\n4、连续签到5天，有机会赠送[2京豆]；\n5、连续签到8天，有机会赠送[2京豆]；\n6、连续签到12天，有机会赠送[3京豆]；\n7、连续签到18天，有机会赠送[5京豆]；\n8、连续签到28天，有机会赠送[10京豆]；\n9、达到连续签到天数并领取奖品后，签到记录清零，从第1天重新计算；\n10、关注店铺后方可参与活动；\n11、签到成功后有机会获得奖品，也有可能会与奖品擦肩而过（奖品数量有限，先到先得）；\n12、若用户存在刷奖等恶意行为，一经发现将取消抽奖资格（如奖品已经发放，有权追回奖品）；\n注：奖品发放形式：\n实物奖：\n（1）中奖客户信息收集：页面弹屏提示中奖客户提供收货地址、号码和奖项；(超过1小时未填写对应收货信息，视为放弃);\n（2）实物奖采取寄送方式发放，获奖用户需在开奖后填写姓名、联系电话、详细地址信息。如因用户原因无法联系上，即奖品作废不再补发，或如用户未填写真实有效的信息或填写收货信息不详，均视为放弃奖品；\n虚拟产品奖：\n（1）京豆：中奖后系统预计24小时内自动发放至账户；\n（2）优惠券：中奖后需手动领取，预计24小时到账；\n【活动参与主体资格】\n（1）每位自然人用户仅能使用一个京东账号参与活动，微信号、QQ、京东帐号、手机号码等任一信息一致或指向同一用户的，视为同一个用户，则第一个参与本活动的账号参与结果有效，其余账号参与结果均视为无效。\n（2）若发现同一位用户使用不同账号重复参与活动，承办方有权取消其获奖资格。\n【注意事项】\n（1）活动过程中，凡以不正当手段（如作弊领取、恶意套取、刷信誉、虚假交易、扰乱系统、实施网络攻击等）参与本次活动的用户，商家有权终止其参与活动，并取消其获奖资格（如奖品已发放，商家有权追回），如给商家造成损失的，商家将保留向违规用户继续追索的权利。\n（2）如遇不可抗力(包括但不限于重大灾害事件、活动受政府机关指令需要停止举办或调整的、活动中存在大面积作弊行为、活动遭受严重网络攻击或因系统故障导致活动中奖名单大批量出错，活动不能正常进行的)，商家有权取消、修改或暂停本活动。\n（3）本活动所发放的实物奖不得提现、不得转赠他人、不得为他人付款。\n（4）是否中奖以活动发布者后台统计结果为准。\n"
}
actId=923745672a4a460090bd6d47d99a1409
venderId=10374948
startTime=1616033100000
endTime=1618452359000
# 短链接
suo_url="https://3.cn/10-1eY4rX"
actTimeStr="2021-03-18 10:05 至 2021-04-15 10:05"
#店铺名称
vendername="域发官方旗舰店"
# 长链接
url=https://lzkj-isv.isvjcloud.com/sign/signActivity2?activityId=923745672a4a460090bd6d47d99a1409&venderId=10374948
# 活动时间：2021.03.18 10:05:00 - 2021.04.15 10:05:59
# 奖励说明：
actRule="
连续签到2天：1京豆 1京豆
连续签到5天：2京豆 2京豆
连续签到8天：2京豆 2京豆
连续签到12天：3京豆 3京豆
连续签到18天：5京豆 5京豆
连续签到28天：10京豆 10京豆
"
#移动 jd_OeTNobRVGiNZ sign_res
sign_res="
"
sign_num="0"
sign_total_num="0"
giftName=""
giftRes=""
giftDate="20210403"
sign_res_info="

当天签到奖励 []
连续签到 0 天
签到总天数 0"
#移动 jd_OeTNobRVGiNZ sign_res_end
#赵 122294312-396444 sign_res
sign_res="
signTime=1617321600;signed=2
signTime=1617408000;signed=2
signTime=1617494400;signed=2"
sign_num="3"
sign_total_num="3"
giftName="null"
giftRes="ok"
giftDate="20210404"
sign_res_info="
2021/04/02_08:00:00  [已~签~到]      
2021/04/03_08:00:00  [已~签~到]      
2021/04/04_08:00:00  [已~签~到]      
当天签到奖励 [null]
连续签到 3 天
签到总天数 3"
#赵 122294312-396444 sign_res_end
#王 1309893722-164885 sign_res
sign_res="
signTime=1617321600;signed=2
signTime=1617408000;signed=2
signTime=1617494400;signed=2"
sign_num="3"
sign_total_num="3"
giftName="null"
giftRes="ok"
giftDate="20210404"
sign_res_info="
2021/04/02_08:00:00  [已~签~到]      
2021/04/03_08:00:00  [已~签~到]      
2021/04/04_08:00:00  [已~签~到]      
当天签到奖励 [null]
连续签到 3 天
签到总天数 3"
#王 1309893722-164885 sign_res_end
#肥鹅 jd_4d651d9e48204 sign_res
sign_res="
signTime=1617321600;signed=2
signTime=1617408000;signed=2
signTime=1617494400;signed=2"
sign_num="3"
sign_total_num="3"
giftName="null"
giftRes="ok"
giftDate="20210404"
sign_res_info="
2021/04/02_08:00:00  [已~签~到]      
2021/04/03_08:00:00  [已~签~到]      
2021/04/04_08:00:00  [已~签~到]      
当天签到奖励 [null]
连续签到 3 天
签到总天数 3"
#肥鹅 jd_4d651d9e48204 sign_res_end
