02/24/21 01:11:01 252855500  1614100261
RANDOM_num: 20
removed '/tmp/tmp.DvGhS2dGYr'
02/24/21 01:11:01 404587500  1614100261 检查jd_4d651d9e48204签到
removed '/tmp/tmp.0zgUnLa7H6'
02/24/21 01:11:01 504057500  1614100261 检查jd_OeTNobRVGiNZ签到

02/24/21 01:11:01 563990700  1614100261 肥鹅签到gaston gerin盛星专卖店

real	0m0.175s
user	0m0.047s
sys	0m0.094s
{"code":200,"data":[],"class":"com.jd.interact.center.client.api.common.param.Results","success":true}

02/24/21 01:11:01 837747500  1614100261 移动签到gaston gerin盛星专卖店

real	0m0.153s
user	0m0.047s
sys	0m0.063s
{"code":200,"data":[],"class":"com.jd.interact.center.client.api.common.param.Results","success":true}
02/24/21 01:11:02 078036500 1614100262
02/24/21 01:11:02 090424400 1614100262 签到gaston gerin盛星专卖店完成

02/24/21 01:11:22 153529800  1614100282
肥鹅签到gaston gerin盛星专卖店查看结果
200
首次签到成功. 写入giftName: 

***********************************************
2021/02/17_00:00:00  2    未签到
2021/02/18_00:00:00  2    未签到
2021/02/19_00:00:00  2    未签到
2021/02/20_00:00:00  2    未签到
2021/02/21_01:11:23  2    [已~签~到]
2021/02/22_01:06:40  2    [已~签~到]
2021/02/23_00:00:03  2    [已~签~到]
2021/02/24_01:11:01  1    [已~签~到]
2021/02/25_00:00:00  3    未签到
2021/02/26_00:00:00  3    未签到
2021/02/27_00:00:00  3    未签到
当天签到奖励 []
已签到 4 天
***********************************************

移动签到gaston gerin盛星专卖店查看结果
200
首次签到成功. 写入giftName: 

***********************************************
2021/02/17_00:00:00  2    未签到
2021/02/18_00:00:00  2    未签到
2021/02/19_10:49:59  2    [已~签~到]
2021/02/20_22:23:49  2    [已~签~到]
2021/02/21_01:11:24  2    [已~签~到]
2021/02/22_01:06:41  2    [已~签~到]
2021/02/23_00:00:06  2    [已~签~到]
2021/02/24_01:11:01  1    [已~签~到]
2021/02/25_00:00:00  3    未签到
2021/02/26_00:00:00  3    未签到
2021/02/27_00:00:00  3    未签到
当天签到奖励 []
已签到 6 天
***********************************************



肥鹅签到gaston gerin盛星专卖店日志
{"code":200,"data":{"signRecords":[{"currentDay":2,"signTime":1613491200000,"signed":1,"class":"com.jd.interact.center.client.api.color.domain.sign.InteractActivityUserActionRecord"},{"currentDay":2,"signTime":1613577600000,"signed":1,"class":"com.jd.interact.center.client.api.color.domain.sign.InteractActivityUserActionRecord"},{"currentDay":2,"signTime":1613664000000,"signed":1,"class":"com.jd.interact.center.client.api.color.domain.sign.InteractActivityUserActionRecord"},{"currentDay":2,"signTime":1613750400000,"signed":1,"class":"com.jd.interact.center.client.api.color.domain.sign.InteractActivityUserActionRecord"},{"currentDay":2,"signTime":1613841083933,"signed":2,"class":"com.jd.interact.center.client.api.color.domain.sign.InteractActivityUserActionRecord"},{"currentDay":2,"signTime":1613927200696,"signed":2,"class":"com.jd.interact.center.client.api.color.domain.sign.InteractActivityUserActionRecord"},{"currentDay":2,"signTime":1614009603422,"signed":2,"class":"com.jd.interact.center.client.api.color.domain.sign.InteractActivityUserActionRecord"},{"currentDay":1,"signTime":1614100261718,"signed":2,"class":"com.jd.interact.center.client.api.color.domain.sign.InteractActivityUserActionRecord"},{"currentDay":3,"signTime":1614182400000,"signed":1,"class":"com.jd.interact.center.client.api.color.domain.sign.InteractActivityUserActionRecord"},{"currentDay":3,"signTime":1614268800000,"signed":1,"class":"com.jd.interact.center.client.api.color.domain.sign.InteractActivityUserActionRecord"},{"currentDay":3,"signTime":1614355200000,"signed":1,"class":"com.jd.interact.center.client.api.color.domain.sign.InteractActivityUserActionRecord"}],"days":4,"class":"com.jd.interact.center.client.api.color.domain.sign.ShopSignUserRecord"},"class":"com.jd.interact.center.client.api.common.param.Results","success":true}
{
  "contiSignNum": 4
}
移动签到gaston gerin盛星专卖店日志
{"code":200,"data":{"signRecords":[{"currentDay":2,"signTime":1613491200000,"signed":1,"class":"com.jd.interact.center.client.api.color.domain.sign.InteractActivityUserActionRecord"},{"currentDay":2,"signTime":1613577600000,"signed":1,"class":"com.jd.interact.center.client.api.color.domain.sign.InteractActivityUserActionRecord"},{"currentDay":2,"signTime":1613702999037,"signed":2,"class":"com.jd.interact.center.client.api.color.domain.sign.InteractActivityUserActionRecord"},{"currentDay":2,"signTime":1613831029235,"signed":2,"class":"com.jd.interact.center.client.api.color.domain.sign.InteractActivityUserActionRecord"},{"currentDay":2,"signTime":1613841084141,"signed":2,"class":"com.jd.interact.center.client.api.color.domain.sign.InteractActivityUserActionRecord"},{"currentDay":2,"signTime":1613927201311,"signed":2,"class":"com.jd.interact.center.client.api.color.domain.sign.InteractActivityUserActionRecord"},{"currentDay":2,"signTime":1614009606002,"signed":2,"class":"com.jd.interact.center.client.api.color.domain.sign.InteractActivityUserActionRecord"},{"currentDay":1,"signTime":1614100261969,"signed":2,"class":"com.jd.interact.center.client.api.color.domain.sign.InteractActivityUserActionRecord"},{"currentDay":3,"signTime":1614182400000,"signed":1,"class":"com.jd.interact.center.client.api.color.domain.sign.InteractActivityUserActionRecord"},{"currentDay":3,"signTime":1614268800000,"signed":1,"class":"com.jd.interact.center.client.api.color.domain.sign.InteractActivityUserActionRecord"},{"currentDay":3,"signTime":1614355200000,"signed":1,"class":"com.jd.interact.center.client.api.color.domain.sign.InteractActivityUserActionRecord"}],"days":6,"class":"com.jd.interact.center.client.api.color.domain.sign.ShopSignUserRecord"},"class":"com.jd.interact.center.client.api.common.param.Results","success":true}
{
  "contiSignNum": 6
}
# 短链接
suo_url=""
venderId=10294688
startTime=1613548800000
endTime=1614441599000
activityId=10270849
token=0EFFD39F2139300F099E1DB9F160D9B8
#店铺名称
vendername="gaston gerin盛星专卖店"
# 长链接
url=https://h5.m.jd.com/babelDiy/Zeus/2PAAf74aG3D61qvfKUM5dxUssJQ9/index.html?token=0EFFD39F2139300F099E1DB9F160D9B8
# 活动时间：2021.02.17 16:00:00 - 2021.02.27 23:59:59
# 奖励说明：
actRule="
连续签到3天：5京豆
连续签到7天：5京豆
"
#赵 122294312-396444 sign_res
sign_res="
signTime=1613491200;signed=1;currentDay=2
signTime=1613577600;signed=1;currentDay=2
signTime=1613664000;signed=1;currentDay=2
signTime=1613750400;signed=1;currentDay=2
signTime=1613841045;signed=2;currentDay=2
signTime=1613927163;signed=2;currentDay=2
signTime=1614009603;signed=2;currentDay=2
signTime=1614100243;signed=2;currentDay=1
signTime=1614182400;signed=1;currentDay=3
signTime=1614268800;signed=1;currentDay=3
signTime=1614355200;signed=1;currentDay=3"
sign_num="4"
giftName=""
giftRes="ok"
giftDate="20210224"
sign_res_info="
2021/02/17_00:00:00  2    未签到
2021/02/18_00:00:00  2    未签到
2021/02/19_00:00:00  2    未签到
2021/02/20_00:00:00  2    未签到
2021/02/21_01:10:45  2    [已~签~到]
2021/02/22_01:06:03  2    [已~签~到]
2021/02/23_00:00:03  2    [已~签~到]
2021/02/24_01:10:43  1    [已~签~到]
2021/02/25_00:00:00  3    未签到
2021/02/26_00:00:00  3    未签到
2021/02/27_00:00:00  3    未签到
当天签到奖励 []
已签到 4 天"
#赵 122294312-396444 sign_res_end
#王 1309893722-164885 sign_res
sign_res="
signTime=1613491200;signed=1;currentDay=2
signTime=1613577600;signed=1;currentDay=2
signTime=1613664000;signed=1;currentDay=2
signTime=1613750400;signed=1;currentDay=2
signTime=1613841045;signed=2;currentDay=2
signTime=1613927163;signed=2;currentDay=2
signTime=1614009606;signed=2;currentDay=2
signTime=1614100243;signed=2;currentDay=1
signTime=1614182400;signed=1;currentDay=3
signTime=1614268800;signed=1;currentDay=3
signTime=1614355200;signed=1;currentDay=3"
sign_num="4"
giftName=""
giftRes="ok"
giftDate="20210224"
sign_res_info="
2021/02/17_00:00:00  2    未签到
2021/02/18_00:00:00  2    未签到
2021/02/19_00:00:00  2    未签到
2021/02/20_00:00:00  2    未签到
2021/02/21_01:10:45  2    [已~签~到]
2021/02/22_01:06:03  2    [已~签~到]
2021/02/23_00:00:06  2    [已~签~到]
2021/02/24_01:10:43  1    [已~签~到]
2021/02/25_00:00:00  3    未签到
2021/02/26_00:00:00  3    未签到
2021/02/27_00:00:00  3    未签到
当天签到奖励 []
已签到 4 天"
#王 1309893722-164885 sign_res_end
#肥鹅 jd_4d651d9e48204 sign_res
sign_res="
signTime=1613491200;signed=1;currentDay=2
signTime=1613577600;signed=1;currentDay=2
signTime=1613664000;signed=1;currentDay=2
signTime=1613750400;signed=1;currentDay=2
signTime=1613841083;signed=2;currentDay=2
signTime=1613927200;signed=2;currentDay=2
signTime=1614009603;signed=2;currentDay=2
signTime=1614100261;signed=2;currentDay=1
signTime=1614182400;signed=1;currentDay=3
signTime=1614268800;signed=1;currentDay=3
signTime=1614355200;signed=1;currentDay=3"
sign_num="4"
giftName=""
giftRes="ok"
giftDate="20210224"
sign_res_info="
2021/02/17_00:00:00  2    未签到
2021/02/18_00:00:00  2    未签到
2021/02/19_00:00:00  2    未签到
2021/02/20_00:00:00  2    未签到
2021/02/21_01:11:23  2    [已~签~到]
2021/02/22_01:06:40  2    [已~签~到]
2021/02/23_00:00:03  2    [已~签~到]
2021/02/24_01:11:01  1    [已~签~到]
2021/02/25_00:00:00  3    未签到
2021/02/26_00:00:00  3    未签到
2021/02/27_00:00:00  3    未签到
当天签到奖励 []
已签到 4 天"
#肥鹅 jd_4d651d9e48204 sign_res_end
#移动 jd_OeTNobRVGiNZ sign_res
sign_res="
signTime=1613491200;signed=1;currentDay=2
signTime=1613577600;signed=1;currentDay=2
signTime=1613702999;signed=2;currentDay=2
signTime=1613831029;signed=2;currentDay=2
signTime=1613841084;signed=2;currentDay=2
signTime=1613927201;signed=2;currentDay=2
signTime=1614009606;signed=2;currentDay=2
signTime=1614100261;signed=2;currentDay=1
signTime=1614182400;signed=1;currentDay=3
signTime=1614268800;signed=1;currentDay=3
signTime=1614355200;signed=1;currentDay=3"
sign_num="6"
giftName=""
giftRes="ok"
giftDate="20210224"
sign_res_info="
2021/02/17_00:00:00  2    未签到
2021/02/18_00:00:00  2    未签到
2021/02/19_10:49:59  2    [已~签~到]
2021/02/20_22:23:49  2    [已~签~到]
2021/02/21_01:11:24  2    [已~签~到]
2021/02/22_01:06:41  2    [已~签~到]
2021/02/23_00:00:06  2    [已~签~到]
2021/02/24_01:11:01  1    [已~签~到]
2021/02/25_00:00:00  3    未签到
2021/02/26_00:00:00  3    未签到
2021/02/27_00:00:00  3    未签到
当天签到奖励 []
已签到 6 天"
#移动 jd_OeTNobRVGiNZ sign_res_end
