02/28/21 01:12:43 614879800  1614445963
RANDOM_num: 10
removed '/tmp/tmp.UQQjCKvnwQ'
02/28/21 01:12:45 456583500  1614445965 æ£€æŸ¥è‚¥é¹…ç­¾åˆ°

real	0m1.051s
user	0m0.031s
sys	0m0.047s
[WARN] get LZ_TOKEN error
02/28/21 01:12:48 565957900  1614445968
use pt_key

real	0m0.997s
user	0m0.078s
sys	0m0.094s
02/28/21 01:12:49 747176900  1614445969 token: AAFgOn2RADBlpJIpJTma1o9Dq9OH-5JIiwzGtowzdz6ciTyN1kf8ka8S1sq878YubFnGbJpTJn0
parse error: Invalid numeric literal at line 1, column 10

real	0m1.923s
user	0m0.109s
sys	0m0.094s
02/28/21 01:12:51 978104600  1614445971 secretPin: 
[WARN] get secretPin error

02/28/21 01:12:52 231341800  1614445972 è‚¥é¹…ç­¾åˆ°æˆ´å°”å®˜æ–¹æ——èˆ°åº—

real	0m0.979s
user	0m0.047s
sys	0m0.078s
parse error: Invalid numeric literal at line 1, column 10
parse error: Invalid numeric literal at line 1, column 10
parse error: Invalid numeric literal at line 1, column 10
parse error: Invalid numeric literal at line 1, column 10
02/28/21 01:12:56 359661300 1614445976

real	0m1.032s
user	0m0.000s
sys	0m0.078s

real	0m1.557s
user	0m0.031s
sys	0m0.063s
[WARN] get LZ_TOKEN error
02/28/21 01:13:00 082770500  1614445980
use pt_key

real	0m1.096s
user	0m0.109s
sys	0m0.094s
02/28/21 01:13:01 555538400  1614445981 token: AAFgOn2cADCzp51Jnlhxq5-CK9FjlCViDG8QXMlT92XaqsGAhLjseYvZs09E3_6GjuAJW10TwxU
parse error: Invalid numeric literal at line 1, column 10

real	0m1.236s
user	0m0.078s
sys	0m0.078s
02/28/21 01:13:03 753560700  1614445983 secretPin: 
[WARN] get secretPin error

02/28/21 01:13:04 358393700  1614445984 è‚¥é¹…ç­¾åˆ°æˆ´å°”å®˜æ–¹æ——èˆ°åº—

real	0m1.279s
user	0m0.000s
sys	0m0.094s
parse error: Invalid numeric literal at line 1, column 10
parse error: Invalid numeric literal at line 1, column 10
parse error: Invalid numeric literal at line 1, column 10
parse error: Invalid numeric literal at line 1, column 10
02/28/21 01:13:09 483710200 1614445989

real	0m1.535s
user	0m0.000s
sys	0m0.047s

real	0m1.808s
user	0m0.016s
sys	0m0.078s
[WARN] get LZ_TOKEN error
02/28/21 01:13:14 379029900  1614445994
use pt_key

real	0m1.939s
user	0m0.109s
sys	0m0.078s
02/28/21 01:13:16 829762000  1614445996 token: AAFgOn2sADDqzTnQyRRl1AXsn4zoQMkY1bWy56mluszm8IAO1ZLctL0Wy41NM0GL77_3ujzi2z8
parse error: Invalid numeric literal at line 1, column 10

real	0m1.855s
user	0m0.078s
sys	0m0.094s
02/28/21 01:13:19 155719300  1614445999 secretPin: 
[WARN] get secretPin error

02/28/21 01:13:19 551569200  1614445999 è‚¥é¹…ç­¾åˆ°æˆ´å°”å®˜æ–¹æ——èˆ°åº—

real	0m1.172s
user	0m0.016s
sys	0m0.063s
parse error: Invalid numeric literal at line 1, column 10
parse error: Invalid numeric literal at line 1, column 10
parse error: Invalid numeric literal at line 1, column 10
parse error: Invalid numeric literal at line 1, column 10
02/28/21 01:13:24 534668400 1614446004

real	0m1.622s
user	0m0.000s
sys	0m0.031s

real	0m1.838s
user	0m0.000s
sys	0m0.094s
[WARN] get LZ_TOKEN error
02/28/21 01:13:29 862763600  1614446009
use pt_key

real	0m1.832s
user	0m0.094s
sys	0m0.109s
02/28/21 01:13:32 070307000  1614446012 token: AAFgOn27ADBBZwYgGcIuj9c4bOLfmP8pQ2GsXFHP-irS4iMWpRcCISCsyGwgHwCPv-2Wz6pBr8o
parse error: Invalid numeric literal at line 1, column 10

real	0m2.882s
user	0m0.109s
sys	0m0.109s
02/28/21 01:13:35 773671000  1614446015 secretPin: 
[WARN] get secretPin error

02/28/21 01:13:36 112755600  1614446016 è‚¥é¹…ç­¾åˆ°æˆ´å°”å®˜æ–¹æ——èˆ°åº—

real	0m2.427s
user	0m0.016s
sys	0m0.063s
parse error: Invalid numeric literal at line 1, column 10
parse error: Invalid numeric literal at line 1, column 10
parse error: Invalid numeric literal at line 1, column 10
parse error: Invalid numeric literal at line 1, column 10
02/28/21 01:13:45 926820100 1614446025

real	0m2.461s
user	0m0.000s
sys	0m0.031s

real	0m2.058s
user	0m0.016s
sys	0m0.125s
[WARN] get LZ_TOKEN error
02/28/21 01:13:52 883221100  1614446032
use pt_key

real	0m2.010s
user	0m0.109s
sys	0m0.078s
02/28/21 01:13:55 637608500  1614446035 token: AAFgOn3SADAfIl9u1cIgmOPwyZCz21ygIJHY0P3Dg9RbaLWDI0eTYlA9YEhyTCm439nkLWvUF80
parse error: Invalid numeric literal at line 1, column 10

real	0m1.936s
user	0m0.094s
sys	0m0.078s
02/28/21 01:13:58 181834900  1614446038 secretPin: 
[WARN] get secretPin error

02/28/21 01:13:58 637831400  1614446038 è‚¥é¹…ç­¾åˆ°æˆ´å°”å®˜æ–¹æ——èˆ°åº—

real	0m1.615s
user	0m0.016s
sys	0m0.063s
parse error: Invalid numeric literal at line 1, column 10
parse error: Invalid numeric literal at line 1, column 10
parse error: Invalid numeric literal at line 1, column 10
parse error: Invalid numeric literal at line 1, column 10
02/28/21 01:14:10 610402100 1614446050

real	0m2.537s
user	0m0.000s
sys	0m0.031s

real	0m1.966s
user	0m0.031s
sys	0m0.078s
[WARN] get LZ_TOKEN error
02/28/21 01:14:18 221656600  1614446058
use pt_key

real	0m2.680s
user	0m0.125s
sys	0m0.078s
02/28/21 01:14:21 538410000  1614446061 token: AAFgOn3sADDcK5F9TK5yqJTNuLVtjzA2A6m7DFrl384Z5HkeuUmKqKFopNWHOo-e1NbUBXo58e4
parse error: Invalid numeric literal at line 1, column 10

real	0m2.317s
user	0m0.078s
sys	0m0.109s
02/28/21 01:14:24 518781700  1614446064 secretPin: 
[WARN] get secretPin error

02/28/21 01:14:25 121802300  1614446065 è‚¥é¹…ç­¾åˆ°æˆ´å°”å®˜æ–¹æ——èˆ°åº—

real	0m2.146s
user	0m0.016s
sys	0m0.109s
parse error: Invalid numeric literal at line 1, column 10
parse error: Invalid numeric literal at line 1, column 10
parse error: Invalid numeric literal at line 1, column 10
parse error: Invalid numeric literal at line 1, column 10
02/28/21 01:14:36 893969500 1614446076

real	0m3.004s
user	0m0.000s
sys	0m0.031s

real	0m2.329s
user	0m0.031s
sys	0m0.063s
[WARN] get LZ_TOKEN error
02/28/21 01:14:47 598194900  1614446087
use pt_key

real	0m2.720s
user	0m0.109s
sys	0m0.109s
02/28/21 01:14:51 089823500  1614446091 token: AAFgOn4JADCnsIV_ajcxybNU-yVSlbIzQsZhypVcto4T8FOeLrI3MxTYrouEx51gOYUgGaN64to
parse error: Invalid numeric literal at line 1, column 10

real	0m2.345s
user	0m0.063s
sys	0m0.156s
02/28/21 01:14:54 471848500  1614446094 secretPin: 
[WARN] get secretPin error

02/28/21 01:14:55 044909900  1614446095 è‚¥é¹…ç­¾åˆ°æˆ´å°”å®˜æ–¹æ——èˆ°åº—

real	0m1.522s
user	0m0.031s
sys	0m0.078s
parse error: Invalid numeric literal at line 1, column 10
parse error: Invalid numeric literal at line 1, column 10
parse error: Invalid numeric literal at line 1, column 10
parse error: Invalid numeric literal at line 1, column 10
02/28/21 01:15:09 529226600 1614446109

real	0m3.798s
user	0m0.000s
sys	0m0.078s

real	0m3.607s
user	0m0.016s
sys	0m0.109s
[WARN] get LZ_TOKEN error
02/28/21 01:15:23 402990900  1614446123
use pt_key

real	0m4.255s
user	0m0.125s
sys	0m0.156s
02/28/21 01:15:28 709626100  1614446128 token: AAFgOn4uADDDn47x-BXdqGyUqt5OQL-mXpxlWyjsGlvus4UGxCYq0dklCcT1f8AS3aqcpRb5KQw
parse error: Invalid numeric literal at line 1, column 10

real	0m3.054s
user	0m0.125s
sys	0m0.078s
02/28/21 01:15:32 315777200  1614446132 secretPin: 
[WARN] get secretPin error

02/28/21 01:15:32 774320400  1614446132 è‚¥é¹…ç­¾åˆ°æˆ´å°”å®˜æ–¹æ——èˆ°åº—

real	0m1.533s
user	0m0.031s
sys	0m0.078s
parse error: Invalid numeric literal at line 1, column 10
parse error: Invalid numeric literal at line 1, column 10
parse error: Invalid numeric literal at line 1, column 10
parse error: Invalid numeric literal at line 1, column 10
02/28/21 01:15:51 274179200 1614446151

real	0m3.717s
user	0m0.000s
sys	0m0.016s

real	0m1.478s
user	0m0.016s
sys	0m0.078s
[WARN] get LZ_TOKEN error
02/28/21 01:16:21 986867100  1614446181
use pt_key

real	0m3.751s
user	0m0.109s
sys	0m0.094s
02/28/21 01:16:27 368671400  1614446187 token: AAFgOn5pADBQtyrgghdxAul8WE1Xzjiu-zbzojLktzGvtasfiUGrjraTM_T4n35ODE6sb3viVbI
parse error: Invalid numeric literal at line 1, column 10

real	0m3.754s
user	0m0.078s
sys	0m0.094s
02/28/21 01:16:31 953869400  1614446191 secretPin: 
[WARN] get secretPin error

02/28/21 01:16:32 847763000  1614446192 è‚¥é¹…ç­¾åˆ°æˆ´å°”å®˜æ–¹æ——èˆ°åº—

real	0m3.925s
user	0m0.047s
sys	0m0.094s
parse error: Invalid numeric literal at line 1, column 10
parse error: Invalid numeric literal at line 1, column 10
parse error: Invalid numeric literal at line 1, column 10
parse error: Invalid numeric literal at line 1, column 10
02/28/21 01:16:48 361615500 1614446208

real	0m4.757s
user	0m0.016s
sys	0m0.031s

real	0m4.612s
user	0m0.047s
sys	0m0.078s
[WARN] get LZ_TOKEN error
02/28/21 01:17:10 067899900  1614446230
use pt_key

real	0m2.289s
user	0m0.141s
sys	0m0.141s
02/28/21 01:17:13 230463400  1614446233 token: AAFgOn6YADBlOhRQXE9WRRYVTHS4LXjI4EGu7SAi12E8NNyGkoGwO106DNGMdAB-dTew4wFq3vc
parse error: Invalid numeric literal at line 1, column 10

real	0m2.238s
user	0m0.078s
sys	0m0.109s
02/28/21 01:17:16 080205500  1614446236 secretPin: 
[WARN] get secretPin error

02/28/21 01:17:17 817007400  1614446237 è‚¥é¹…ç­¾åˆ°æˆ´å°”å®˜æ–¹æ——èˆ°åº—

real	0m2.646s
user	0m0.047s
sys	0m0.047s
parse error: Invalid numeric literal at line 1, column 10
parse error: Invalid numeric literal at line 1, column 10
parse error: Invalid numeric literal at line 1, column 10
parse error: Invalid numeric literal at line 1, column 10
02/28/21 01:17:37 747276900 1614446257

real	0m4.277s
user	0m0.000s
sys	0m0.047s

real	0m2.733s
user	0m0.031s
sys	0m0.094s
[WARN] get LZ_TOKEN error
02/28/21 01:17:48 303854000  1614446268
use pt_key

real	0m2.480s
user	0m0.125s
sys	0m0.094s
02/28/21 01:17:51 793579900  1614446271 token: AAFgOn6-ADB_YIi6MCeTPgbwqdgnoKCOlUfnyoTBqV0eV3x-SIY_EjJkQ16cyGdymB6Z4SbdFE0
parse error: Invalid numeric literal at line 1, column 10

real	0m2.702s
user	0m0.125s
sys	0m0.078s
02/28/21 01:17:55 403474500  1614446275 secretPin: 
[WARN] get secretPin error

02/28/21 01:17:55 988552900  1614446275 è‚¥é¹…ç­¾åˆ°æˆ´å°”å®˜æ–¹æ——èˆ°åº—

real	0m3.279s
user	0m0.047s
sys	0m0.094s
parse error: Invalid numeric literal at line 1, column 10
parse error: Invalid numeric literal at line 1, column 10
parse error: Invalid numeric literal at line 1, column 10
parse error: Invalid numeric literal at line 1, column 10
02/28/21 01:18:22 981060800 1614446302

real	0m4.306s
user	0m0.000s
sys	0m0.000s

real	0m3.172s
user	0m0.016s
sys	0m0.094s
[WARN] get LZ_TOKEN error
02/28/21 01:18:36 449210900  1614446316
use pt_key

real	0m3.339s
user	0m0.094s
sys	0m0.141s
02/28/21 01:18:40 628820800  1614446320 token: AAFgOn7vADDY-v99Wgy7Z90nBs6L3cOj4JGZpKlPdGsjq0kspjFkBM7w9uO6qF0CU_m9_65XGKs
parse error: Invalid numeric literal at line 1, column 10

real	0m3.151s
user	0m0.125s
sys	0m0.063s
02/28/21 01:18:44 759631400  1614446324 secretPin: 
[WARN] get secretPin error

02/28/21 01:18:45 352215200  1614446325 è‚¥é¹…ç­¾åˆ°æˆ´å°”å®˜æ–¹æ——èˆ°åº—

real	0m2.950s
user	0m0.031s
sys	0m0.109s
parse error: Invalid numeric literal at line 1, column 10
parse error: Invalid numeric literal at line 1, column 10
parse error: Invalid numeric literal at line 1, column 10
parse error: Invalid numeric literal at line 1, column 10
02/28/21 01:18:58 827844800 1614446338

real	0m5.463s
user	0m0.000s
sys	0m0.063s

real	0m6.387s
user	0m0.047s
sys	0m0.078s
[WARN] get LZ_TOKEN error
02/28/21 01:19:17 693171400  1614446357
use pt_key

real	0m4.227s
user	0m0.094s
sys	0m0.125s
02/28/21 01:19:22 578593400  1614446362 token: AAFgOn8ZADBILsafgFUAppuKP-IjxQhqRK_5rJrt34myOWK9hB6S7qXOl7kdBi7rVxwNVHjbIiU
parse error: Invalid numeric literal at line 1, column 10

real	0m3.438s
user	0m0.078s
sys	0m0.109s
02/28/21 01:19:26 590475400  1614446366 secretPin: 
[WARN] get secretPin error

02/28/21 01:19:27 375685600  1614446367 è‚¥é¹…ç­¾åˆ°æˆ´å°”å®˜æ–¹æ——èˆ°åº—

real	0m2.311s
user	0m0.031s
sys	0m0.078s
parse error: Invalid numeric literal at line 1, column 10
parse error: Invalid numeric literal at line 1, column 10
parse error: Invalid numeric literal at line 1, column 10
parse error: Invalid numeric literal at line 1, column 10
02/28/21 01:19:42 892421400 1614446382

real	0m5.101s
user	0m0.000s
sys	0m0.047s

real	0m2.431s
user	0m0.031s
sys	0m0.094s
[WARN] get LZ_TOKEN error
02/28/21 01:19:56 525468900  1614446396
use pt_key

real	0m4.579s
user	0m0.094s
sys	0m0.141s
02/28/21 01:20:02 556477100  1614446402 token: AAFgOn9AADCEoFO9jEiNrAyokHn2CGwaYvrJ22z71hOySmMax_ektsQ2OxI1I90T5RsmJEvUeuY
parse error: Invalid numeric literal at line 1, column 10

real	0m5.941s
user	0m0.094s
sys	0m0.141s
02/28/21 01:20:09 449430000  1614446409 secretPin: 
[WARN] get secretPin error

02/28/21 01:20:10 383951800  1614446410 è‚¥é¹…ç­¾åˆ°æˆ´å°”å®˜æ–¹æ——èˆ°åº—

real	0m3.162s
user	0m0.016s
sys	0m0.141s
parse error: Invalid numeric literal at line 1, column 10
parse error: Invalid numeric literal at line 1, column 10
parse error: Invalid numeric literal at line 1, column 10
parse error: Invalid numeric literal at line 1, column 10
02/28/21 01:20:36 567935200 1614446436

real	0m4.822s
user	0m0.016s
sys	0m0.016s

real	0m4.293s
user	0m0.031s
sys	0m0.109s
[WARN] get LZ_TOKEN error
02/28/21 01:20:47 966934200  1614446447
use pt_key

real	0m4.559s
user	0m0.094s
sys	0m0.094s
02/28/21 01:20:53 083446600  1614446453 token: AAFgOn90ADCVWu-gZtg_93KPY72-MTLftX4-8HTzUu9IqGIdv80OMqOhHRtRbsUcCLccFbyu4-U
parse error: Invalid numeric literal at line 1, column 10

real	0m4.027s
user	0m0.109s
sys	0m0.125s
02/28/21 01:20:58 237955500  1614446458 secretPin: 
[WARN] get secretPin error

02/28/21 01:20:59 120163800  1614446459 è‚¥é¹…ç­¾åˆ°æˆ´å°”å®˜æ–¹æ——èˆ°åº—

real	0m2.789s
user	0m0.047s
sys	0m0.078s
parse error: Invalid numeric literal at line 1, column 10
parse error: Invalid numeric literal at line 1, column 10
parse error: Invalid numeric literal at line 1, column 10
parse error: Invalid numeric literal at line 1, column 10
02/28/21 01:21:23 415201500 1614446483

real	0m4.965s
user	0m0.000s
sys	0m0.078s

real	0m2.365s
user	0m0.047s
sys	0m0.063s
[WARN] get LZ_TOKEN error
02/28/21 01:21:38 399685400  1614446498
use pt_key

real	0m2.057s
user	0m0.094s
sys	0m0.094s
02/28/21 01:21:41 048945100  1614446501 token: AAFgOn-kADAl6GDTx8QWuC4N2BEuJ45J1cIp56F_kL5E8PxJTOKmjO0kkaeuVVyqYhIJqEPXRBQ
parse error: Invalid numeric literal at line 1, column 10

real	0m3.629s
user	0m0.109s
sys	0m0.094s
02/28/21 01:21:46 039970400  1614446506 secretPin: 
[WARN] get secretPin error

02/28/21 01:21:47 190187500  1614446507 è‚¥é¹…ç­¾åˆ°æˆ´å°”å®˜æ–¹æ——èˆ°åº—

real	0m3.174s
user	0m0.031s
sys	0m0.125s
parse error: Invalid numeric literal at line 1, column 10
parse error: Invalid numeric literal at line 1, column 10
parse error: Invalid numeric literal at line 1, column 10
parse error: Invalid numeric literal at line 1, column 10
02/28/21 01:22:05 982915500 1614446525

real	0m5.008s
user	0m0.000s
sys	0m0.031s

real	0m1.801s
user	0m0.063s
sys	0m0.094s
[WARN] get LZ_TOKEN error
02/28/21 01:22:16 371098100  1614446536
use pt_key

real	0m1.789s
user	0m0.109s
sys	0m0.109s
02/28/21 01:22:18 843854400  1614446538 token: AAFgOn_KADDVGTjACjKahaNUfuPt6hGR54WMcPYfyn9YAZF4EEMxIVr5H1ucHclWvT0qO_sntTc
parse error: Invalid numeric literal at line 1, column 10

real	0m2.327s
user	0m0.094s
sys	0m0.125s
02/28/21 01:22:21 718107200  1614446541 secretPin: 
[WARN] get secretPin error

02/28/21 01:22:22 628712500  1614446542 è‚¥é¹…ç­¾åˆ°æˆ´å°”å®˜æ–¹æ——èˆ°åº—

real	0m2.934s
user	0m0.047s
sys	0m0.109s
parse error: Invalid numeric literal at line 1, column 10
parse error: Invalid numeric literal at line 1, column 10
parse error: Invalid numeric literal at line 1, column 10
parse error: Invalid numeric literal at line 1, column 10
02/28/21 01:22:36 419791800 1614446556

real	0m5.130s
user	0m0.000s
sys	0m0.031s

real	0m2.524s
user	0m0.063s
sys	0m0.078s
[WARN] get LZ_TOKEN error
02/28/21 01:22:46 017537800  1614446566
use pt_key

real	0m2.721s
user	0m0.141s
sys	0m0.109s
02/28/21 01:22:49 229866600  1614446569 token: AAFgOn_oADDTkJuKHOcclRICujJIbu9Ysg3VHkBNwnFUxpNPt1stnZcBGecBDdhoNN1EB9_0Dm4
parse error: Invalid numeric literal at line 1, column 10

real	0m2.844s
user	0m0.109s
sys	0m0.094s
02/28/21 01:22:52 735920600  1614446572 secretPin: 
[WARN] get secretPin error

02/28/21 01:22:53 298461300  1614446573 è‚¥é¹…ç­¾åˆ°æˆ´å°”å®˜æ–¹æ——èˆ°åº—

real	0m1.508s
user	0m0.016s
sys	0m0.109s
parse error: Invalid numeric literal at line 1, column 10
parse error: Invalid numeric literal at line 1, column 10
parse error: Invalid numeric literal at line 1, column 10
parse error: Invalid numeric literal at line 1, column 10
02/28/21 01:23:13 847341200 1614446593

real	0m5.237s
user	0m0.000s
sys	0m0.063s

real	0m1.404s
user	0m0.047s
sys	0m0.078s
[WARN] get LZ_TOKEN error
02/28/21 01:23:22 943385800  1614446602
use pt_key

real	0m2.833s
user	0m0.094s
sys	0m0.125s
02/28/21 01:23:26 333628700  1614446606 token: AAFgOoANADAwA86fZ23ppGckAMCqPk4J20Ixw7ALk5HzntVF35NxtvAtucu2TE_x9FPfNfxupg0
parse error: Invalid numeric literal at line 1, column 10

real	0m2.652s
user	0m0.109s
sys	0m0.078s
02/28/21 01:23:30 041388600  1614446610 secretPin: 
[WARN] get secretPin error

02/28/21 01:23:30 697075600  1614446610 è‚¥é¹…ç­¾åˆ°æˆ´å°”å®˜æ–¹æ——èˆ°åº—

real	0m2.776s
user	0m0.047s
sys	0m0.094s
parse error: Invalid numeric literal at line 1, column 10
parse error: Invalid numeric literal at line 1, column 10
parse error: Invalid numeric literal at line 1, column 10
parse error: Invalid numeric literal at line 1, column 10
02/28/21 01:23:44 105109900 1614446624

real	0m5.565s
user	0m0.000s
sys	0m0.047s

real	0m3.358s
user	0m0.031s
sys	0m0.109s
[WARN] get LZ_TOKEN error
02/28/21 01:23:56 815189900  1614446636
use pt_key

real	0m3.098s
user	0m0.125s
sys	0m0.094s
02/28/21 01:24:00 852353100  1614446640 token: AAFgOoAvADAU40zmI4b3YRJacyG10HJTYbSG63ZEBZ-Gmtt4TQ97O73gbh63-YAvvCKf4QwIyMg
parse error: Invalid numeric literal at line 1, column 10

real	0m4.902s
user	0m0.125s
sys	0m0.125s
02/28/21 01:24:06 488689500  1614446646 secretPin: 
[WARN] get secretPin error

02/28/21 01:24:07 146993200  1614446647 è‚¥é¹…ç­¾åˆ°æˆ´å°”å®˜æ–¹æ——èˆ°åº—

real	0m1.904s
user	0m0.016s
sys	0m0.109s
parse error: Invalid numeric literal at line 1, column 10
parse error: Invalid numeric literal at line 1, column 10
parse error: Invalid numeric literal at line 1, column 10
parse error: Invalid numeric literal at line 1, column 10
02/28/21 01:24:17 441965600 1614446657

real	0m5.999s
user	0m0.000s
sys	0m0.016s
02/28/21 01:24:36 822314500  1614446676
parse error: Invalid numeric literal at line 1, column 10
ç­¾åˆ°æ˜¯å¦æˆåŠŸè§£æå¤±è´¥. ä¸å†å†™/home/myid/jd/jd_signup/vender/shop_1613703054_29_delay

è‚¥é¹…ç­¾åˆ°æˆ´å°”å®˜æ–¹æ——èˆ°åº—æŸ¥çœ‹ç»“æœ
<!DOCTYPE html>
<html>
 <head> 
  <title>äº¬ä¸œ</title> 
  <meta charset="utf-8" /> 
  <meta name="apple-mobile-web-app-capable" content="yes" /> 
  <meta name="viewport" content="width=device-width,initial-scale=1,user-scalable=no,maximum-scale=1,viewport-fit=cover" /> 
  <meta name="format-detection" content="telephone=no" /> 
  <meta name="x5-cache" content="enable" /> 
  <link rel="stylesheet" href="https://storage.360buyimg.com/babel/00162638/333378/production/dev/parser.1526555535098.css?t=20180517191236" /> 
  <style> img {
            opacity: 1 !important;
        } </style> 
  <link href="https://storage.360buyimg.com/babel/00170893/348321/production/dev/index.7320a380.css?t=20180802150952" rel="stylesheet" />
 </head> 
 <body style="background:#fff;" id="root"> 
  <div class="errorPage"> 
  </div> 
  <div class="placeholer"> 
  </div> 
  <script src="https://wl.jd.com/unify.min.js"></script> 
  <script type="text/javascript" src="https://storage.360buyimg.com/babel/00170893/348321/production/dev/index.0f8f4dba.js?t=20180802150952"></script> 
 </body>
</html>

parse error: Invalid numeric literal at line 1, column 10
[0;31;3mRUN  at {280:<--} ERROR CODE: 4[0m [0;31;3m[20210228 01:24:44] [ERROR] [0m

