04/04/21 04:01:59 200479900  1617480119
RANDOM_num: 35
removed '/tmp/tmp.HRj3ZYVqzV'
04/04/21 04:01:59 291127700  1617480119
王 今天已经签到过. 签到结果: ok  giftDate: 20210404
***********************************************

2021/04/02_08:00:00  [已~签~到]      
2021/04/03_08:00:00  [已~签~到]      
2021/04/04_08:00:00  [已~签~到]      
当天签到奖励 [null]
连续签到 3 天
签到总天数 3
***********************************************

actId=72a46fe606d44f05b63c514c6f726da4
venderId=10093102
startTime=1616498580000
endTime=1619087039000
# 短链接
suo_url="https://3.cn/101-huIDZ"
actTimeStr="2021-03-23 19:23 至 2021-04-22 18:23"
#店铺名称
vendername="优赛电脑专营店"
# 长链接
url=https://lzkj-isv.isvjcloud.com/sign/signActivity2?activityId=72a46fe606d44f05b63c514c6f726da4&venderId=10093102&adsource=tg_storePage
# 活动时间：2021.03.23 19:23:00 - 2021.04.22 18:23:59
# 奖励说明：
actRule="
连续签到10天：50京豆 50京豆
"
#赵 122294312-396444 sign_res
sign_res="
signTime=1617321600;signed=2
signTime=1617408000;signed=2
signTime=1617494400;signed=2"
sign_num="3"
sign_total_num="3"
giftName="null"
giftRes="ok"
giftDate="20210404"
sign_res_info="
2021/04/02_08:00:00  [已~签~到]      
2021/04/03_08:00:00  [已~签~到]      
2021/04/04_08:00:00  [已~签~到]      
当天签到奖励 [null]
连续签到 3 天
签到总天数 3"
#赵 122294312-396444 sign_res_end
#王 1309893722-164885 sign_res
sign_res="
signTime=1617321600;signed=2
signTime=1617408000;signed=2
signTime=1617494400;signed=2"
sign_num="3"
sign_total_num="3"
giftName="null"
giftRes="ok"
giftDate="20210404"
sign_res_info="
2021/04/02_08:00:00  [已~签~到]      
2021/04/03_08:00:00  [已~签~到]      
2021/04/04_08:00:00  [已~签~到]      
当天签到奖励 [null]
连续签到 3 天
签到总天数 3"
#王 1309893722-164885 sign_res_end
#肥鹅 jd_4d651d9e48204 sign_res
sign_res="
signTime=1617321600;signed=2
signTime=1617408000;signed=2
signTime=1617494400;signed=2"
sign_num="3"
sign_total_num="3"
giftName="null"
giftRes="ok"
giftDate="20210404"
sign_res_info="
2021/04/02_08:00:00  [已~签~到]      
2021/04/03_08:00:00  [已~签~到]      
2021/04/04_08:00:00  [已~签~到]      
当天签到奖励 [null]
连续签到 3 天
签到总天数 3"
#肥鹅 jd_4d651d9e48204 sign_res_end
#移动 jd_OeTNobRVGiNZ sign_res
sign_res="
"
sign_num="0"
sign_total_num="0"
giftName=""
giftRes=""
giftDate="20210404"
sign_res_info="

当天签到奖励 []
连续签到 0 天
签到总天数 0"
#移动 jd_OeTNobRVGiNZ sign_res_end
