02/27/21 02:04:38 149912000  1614362678
RANDOM_num: 10
removed '/tmp/tmp.G7pNgprh4c'
02/27/21 02:04:38 315180600  1614362678 检查王签到

real	0m0.197s
user	0m0.016s
sys	0m0.094s
lzkj-isv.isvjcloud.com	FALSE	/	FALSE	1614363278	LZ_TOKEN_VALUE	B0oH3vDY2bhHWuKbVaJ+XQ==
lzkj-isv.isvjcloud.com	FALSE	/	FALSE	1614363278	LZ_TOKEN_KEY	lztokenpage5fd8aca6ad31458fbec1dc08746a734b
02/27/21 02:04:38 627444500  1614362678
use pt_key

real	0m0.147s
user	0m0.094s
sys	0m0.047s
02/27/21 02:04:38 812276800  1614362678 token: AAFgOTg2ADDo8Jzo2gBWkbTulnsG8OAIL9RMAB7oyqpGp9hFk0aB03cR01LCjpbqIk3hpxKRg4g

real	0m0.374s
user	0m0.125s
sys	0m0.094s
02/27/21 02:04:39 209976400  1614362679 secretPin: 8zfoIjWIu/DcpxQNzAV7/oVPSWy1B8D+G4s+fJIFDfWHSnwnXFQKK9yQco/OGmHebU48Dr07k+7+k1UaXRbZKg==

02/27/21 02:04:39 227307300  1614362679 王签到象印旗舰店

real	0m0.147s
user	0m0.031s
sys	0m0.047s
parse error: Invalid numeric literal at line 1, column 10
parse error: Invalid numeric literal at line 1, column 10
parse error: Invalid numeric literal at line 1, column 10
parse error: Invalid numeric literal at line 1, column 10
02/27/21 02:04:39 683282000 1614362679

real	0m0.236s
user	0m0.000s
sys	0m0.016s

real	0m0.196s
user	0m0.016s
sys	0m0.078s
lzkj-isv.isvjcloud.com	FALSE	/	FALSE	1614363280	LZ_TOKEN_VALUE	B0oH3vDY2bhHWuKbVaJ+XQ==
lzkj-isv.isvjcloud.com	FALSE	/	FALSE	1614363280	LZ_TOKEN_KEY	lztokenpagef9acf45f9cf04a8ca99a2a9d32031ab8
02/27/21 02:04:40 171570200  1614362680
use pt_key

real	0m0.166s
user	0m0.125s
sys	0m0.141s
02/27/21 02:04:40 358925200  1614362680 token: AAFgOTg4ADBBdElgaDascP9rYb2I6e5brPamQMxFcPwPf9AEgo84U9qmmgQoDKOv_VLOkX8N00Q

real	0m1.080s
user	0m0.078s
sys	0m0.094s
02/27/21 02:04:41 460485200  1614362681 secretPin: 8zfoIjWIu/DcpxQNzAV7/oVPSWy1B8D+G4s+fJIFDfWHSnwnXFQKK9yQco/OGmHebU48Dr07k+7+k1UaXRbZKg==

02/27/21 02:04:41 478207100  1614362681 王签到象印旗舰店

real	0m0.136s
user	0m0.016s
sys	0m0.078s
parse error: Invalid numeric literal at line 1, column 10
parse error: Invalid numeric literal at line 1, column 10
parse error: Invalid numeric literal at line 1, column 10
parse error: Invalid numeric literal at line 1, column 10
02/27/21 02:04:42 174039300 1614362682

real	0m0.478s
user	0m0.000s
sys	0m0.031s

real	0m0.190s
user	0m0.031s
sys	0m0.094s
[WARN] get LZ_TOKEN error
02/27/21 02:04:42 966675200  1614362682
use pt_key

real	0m0.245s
user	0m0.109s
sys	0m0.156s
02/27/21 02:04:43 257118600  1614362683 token: AAFgOTg7ADCIqmJ8GNR3oFIqiK0riMDPK-6uUqU9xAZk2yIeIeOpZlrf4nlmA9Xozqcjp-GwSPw
parse error: Invalid numeric literal at line 1, column 10

real	0m0.207s
user	0m0.094s
sys	0m0.156s
02/27/21 02:04:43 495783100  1614362683 secretPin: 
[WARN] get secretPin error

02/27/21 02:04:43 534898300  1614362683 王签到象印旗舰店

real	0m0.245s
user	0m0.047s
sys	0m0.109s
parse error: Invalid numeric literal at line 1, column 10
parse error: Invalid numeric literal at line 1, column 10
parse error: Invalid numeric literal at line 1, column 10
parse error: Invalid numeric literal at line 1, column 10
02/27/21 02:04:44 476548300 1614362684

real	0m0.693s
user	0m0.000s
sys	0m0.047s

real	0m0.236s
user	0m0.063s
sys	0m0.094s
[WARN] get LZ_TOKEN error
02/27/21 02:04:45 508545200  1614362685
use pt_key

real	0m0.280s
user	0m0.141s
sys	0m0.141s
02/27/21 02:04:45 838867300  1614362685 token: AAFgOTg9ADCszNnAcqYOtRkSjOGX4K9aztdJPB6qlASdYqRpMxfE-OsIiw_5YNErQauATBhuneE
parse error: Invalid numeric literal at line 1, column 10

real	0m0.256s
user	0m0.094s
sys	0m0.156s
02/27/21 02:04:46 126602100  1614362686 secretPin: 
[WARN] get secretPin error

02/27/21 02:04:46 159411400  1614362686 王签到象印旗舰店

real	0m0.228s
user	0m0.031s
sys	0m0.109s
parse error: Invalid numeric literal at line 1, column 10
parse error: Invalid numeric literal at line 1, column 10
parse error: Invalid numeric literal at line 1, column 10
parse error: Invalid numeric literal at line 1, column 10
02/27/21 02:04:46 949626700 1614362686

real	0m0.861s
user	0m0.000s
sys	0m0.031s

real	0m0.243s
user	0m0.031s
sys	0m0.094s
[WARN] get LZ_TOKEN error
02/27/21 02:04:48 187491900  1614362688
use pt_key

real	0m0.204s
user	0m0.094s
sys	0m0.125s
02/27/21 02:04:48 422377900  1614362688 token: AAFgOThAADBhf4EtMVMe8b8mG90-h0rc_MwIiIqezzfDP7sZmT1NtpdomfHPQ7_1N8kiHHd6zQg
parse error: Invalid numeric literal at line 1, column 10

real	0m0.248s
user	0m0.094s
sys	0m0.141s
02/27/21 02:04:48 702965400  1614362688 secretPin: 
[WARN] get secretPin error

02/27/21 02:04:48 734460100  1614362688 王签到象印旗舰店

real	0m0.218s
user	0m0.047s
sys	0m0.063s
parse error: Invalid numeric literal at line 1, column 10
parse error: Invalid numeric literal at line 1, column 10
parse error: Invalid numeric literal at line 1, column 10
parse error: Invalid numeric literal at line 1, column 10
02/27/21 02:04:49 459763000 1614362689

real	0m1.067s
user	0m0.000s
sys	0m0.047s

real	0m0.171s
user	0m0.063s
sys	0m0.063s
[WARN] get LZ_TOKEN error
02/27/21 02:04:50 775567500  1614362690
use pt_key

real	0m0.222s
user	0m0.094s
sys	0m0.125s
02/27/21 02:04:51 016401200  1614362691 token: AAFgOThCADBZ00-jZ6hL4Iahe9RbBT93UwNH3WWSP719EgfE8SUiHNhzyGjpIxIdskginmwW2yE
parse error: Invalid numeric literal at line 1, column 10

real	0m0.184s
user	0m0.094s
sys	0m0.094s
02/27/21 02:04:51 239840200  1614362691 secretPin: 
[WARN] get secretPin error

02/27/21 02:04:51 262493700  1614362691 王签到象印旗舰店

real	0m0.120s
user	0m0.031s
sys	0m0.078s
parse error: Invalid numeric literal at line 1, column 10
parse error: Invalid numeric literal at line 1, column 10
parse error: Invalid numeric literal at line 1, column 10
parse error: Invalid numeric literal at line 1, column 10
02/27/21 02:04:51 763683000 1614362691

real	0m1.247s
user	0m0.000s
sys	0m0.031s

real	0m0.307s
user	0m0.016s
sys	0m0.063s
[WARN] get LZ_TOKEN error
02/27/21 02:04:53 405868400  1614362693
use pt_key

real	0m0.243s
user	0m0.109s
sys	0m0.047s
02/27/21 02:04:53 687049200  1614362693 token: AAFgOThFADBHg03wiK1RlOt8DeQIqfBlpq8xtFLGTXT1k9awPt_J6f5BboT2h_4W4Q6All6YIYY
parse error: Invalid numeric literal at line 1, column 10

real	0m0.167s
user	0m0.109s
sys	0m0.063s
02/27/21 02:04:53 881782600  1614362693 secretPin: 
[WARN] get secretPin error

02/27/21 02:04:53 905552600  1614362693 王签到象印旗舰店

real	0m0.192s
user	0m0.016s
sys	0m0.109s
parse error: Invalid numeric literal at line 1, column 10
parse error: Invalid numeric literal at line 1, column 10
parse error: Invalid numeric literal at line 1, column 10
parse error: Invalid numeric literal at line 1, column 10
02/27/21 02:04:54 661135900 1614362694

real	0m1.460s
user	0m0.000s
sys	0m0.031s

real	0m0.132s
user	0m0.016s
sys	0m0.063s
[WARN] get LZ_TOKEN error
02/27/21 02:04:56 335232200  1614362696
use pt_key

real	0m0.209s
user	0m0.141s
sys	0m0.063s
02/27/21 02:04:56 595051700  1614362696 token: AAFgOThIADDVhzb57KXv0S75at8AB4b5dGnUwcLGivBQDzSWEl0vPB_8UeQqS17T-tjPggavW3k
parse error: Invalid numeric literal at line 1, column 10

real	0m0.286s
user	0m0.141s
sys	0m0.063s
02/27/21 02:04:56 924266800  1614362696 secretPin: 
[WARN] get secretPin error

02/27/21 02:04:57 003345700  1614362697 王签到象印旗舰店

real	0m0.174s
user	0m0.047s
sys	0m0.094s
parse error: Invalid numeric literal at line 1, column 10
parse error: Invalid numeric literal at line 1, column 10
parse error: Invalid numeric literal at line 1, column 10
parse error: Invalid numeric literal at line 1, column 10
02/27/21 02:04:57 647115800 1614362697

real	0m1.790s
user	0m0.000s
sys	0m0.016s

real	0m0.131s
user	0m0.047s
sys	0m0.031s
[WARN] get LZ_TOKEN error
02/27/21 02:04:59 629633300  1614362699
use pt_key

real	0m0.197s
user	0m0.109s
sys	0m0.078s
02/27/21 02:04:59 845703800  1614362699 token: AAFgOThLADASG6GUciz39hi5Fv6hoHnvi1EhHorH4z-Ez7UHmLjJjLwyR4nCJJqopknfdmOErBs
parse error: Invalid numeric literal at line 1, column 10

real	0m0.287s
user	0m0.063s
sys	0m0.094s
02/27/21 02:05:00 157963300  1614362700 secretPin: 
[WARN] get secretPin error

02/27/21 02:05:00 183738900  1614362700 王签到象印旗舰店

real	0m0.241s
user	0m0.031s
sys	0m0.094s
parse error: Invalid numeric literal at line 1, column 10
parse error: Invalid numeric literal at line 1, column 10
parse error: Invalid numeric literal at line 1, column 10
parse error: Invalid numeric literal at line 1, column 10
02/27/21 02:05:00 879027500 1614362700

real	0m1.890s
user	0m0.000s
sys	0m0.047s

real	0m0.221s
user	0m0.031s
sys	0m0.109s
[WARN] get LZ_TOKEN error
02/27/21 02:05:03 072319900  1614362703
use pt_key

real	0m0.207s
user	0m0.156s
sys	0m0.047s
02/27/21 02:05:03 309423800  1614362703 token: AAFgOThPADBzXsn4UnI2Ooqn7WPueR0zGw7g5zizfnaK1lTALT2msLOFicu7PNgn8k_0yZ71Wa8
parse error: Invalid numeric literal at line 1, column 10

real	0m0.250s
user	0m0.125s
sys	0m0.094s
02/27/21 02:05:03 593950300  1614362703 secretPin: 
[WARN] get secretPin error

02/27/21 02:05:03 653453000  1614362703 王签到象印旗舰店

real	0m0.249s
user	0m0.031s
sys	0m0.063s
parse error: Invalid numeric literal at line 1, column 10
parse error: Invalid numeric literal at line 1, column 10
parse error: Invalid numeric literal at line 1, column 10
parse error: Invalid numeric literal at line 1, column 10
02/27/21 02:05:04 555260900 1614362704

real	0m2.101s
user	0m0.000s
sys	0m0.031s

real	0m0.388s
user	0m0.063s
sys	0m0.063s
[WARN] get LZ_TOKEN error
02/27/21 02:05:07 277743500  1614362707
use pt_key

real	0m0.345s
user	0m0.109s
sys	0m0.094s
02/27/21 02:05:07 685418400  1614362707 token: AAFgOThTADC3UNoNLCYWaoBvXoRz53fAJ4vg3fU03AtGjPhurdi8EOZ5ImJg4XpkeDTuVlxZ6Iw
parse error: Invalid numeric literal at line 1, column 10

real	0m0.448s
user	0m0.141s
sys	0m0.078s
02/27/21 02:05:08 190553100  1614362708 secretPin: 
[WARN] get secretPin error

02/27/21 02:05:08 251821200  1614362708 王签到象印旗舰店

real	0m0.263s
user	0m0.047s
sys	0m0.078s
parse error: Invalid numeric literal at line 1, column 10
parse error: Invalid numeric literal at line 1, column 10
parse error: Invalid numeric literal at line 1, column 10
parse error: Invalid numeric literal at line 1, column 10
02/27/21 02:05:09 835897100 1614362709

real	0m2.573s
user	0m0.000s
sys	0m0.047s

real	0m0.542s
user	0m0.031s
sys	0m0.078s
[WARN] get LZ_TOKEN error
02/27/21 02:05:13 313901100  1614362713
use pt_key

real	0m0.417s
user	0m0.078s
sys	0m0.125s
02/27/21 02:05:13 846471300  1614362713 token: AAFgOThZADBVleHW9-c6a28A-ktnR73Rnj9b0WaNXEI_bN7WC1YN7lMY6U5yD2d1yyA2f4vf_Rk
parse error: Invalid numeric literal at line 1, column 10

real	0m2.283s
user	0m0.094s
sys	0m0.094s
02/27/21 02:05:16 247494000  1614362716 secretPin: 
[WARN] get secretPin error

02/27/21 02:05:16 362882000  1614362716 王签到象印旗舰店

real	0m0.813s
user	0m0.031s
sys	0m0.047s
parse error: Invalid numeric literal at line 1, column 10
parse error: Invalid numeric literal at line 1, column 10
parse error: Invalid numeric literal at line 1, column 10
parse error: Invalid numeric literal at line 1, column 10
02/27/21 02:05:18 644262900 1614362718

real	0m2.760s
user	0m0.000s
sys	0m0.047s

real	0m0.592s
user	0m0.047s
sys	0m0.078s
[WARN] get LZ_TOKEN error
02/27/21 02:05:22 378013700  1614362722
use pt_key

real	0m0.628s
user	0m0.109s
sys	0m0.203s
02/27/21 02:05:24 149782400  1614362724 token: AAFgOThjADCnpVJYldiXqLArCSiNuGKOsIbSZzg9QQhCkgtIaVql4sG8iJiFVpmw_Z8uidoZkE4
parse error: Invalid numeric literal at line 1, column 10

real	0m0.938s
user	0m0.078s
sys	0m0.188s
02/27/21 02:05:25 322513000  1614362725 secretPin: 
[WARN] get secretPin error

02/27/21 02:05:25 423342600  1614362725 王签到象印旗舰店

real	0m0.617s
user	0m0.016s
sys	0m0.125s
parse error: Invalid numeric literal at line 1, column 10
parse error: Invalid numeric literal at line 1, column 10
parse error: Invalid numeric literal at line 1, column 10
parse error: Invalid numeric literal at line 1, column 10
02/27/21 02:05:28 076414700 1614362728

real	0m3.110s
user	0m0.016s
sys	0m0.016s

real	0m0.490s
user	0m0.047s
sys	0m0.031s
[WARN] get LZ_TOKEN error
02/27/21 02:05:31 947593500  1614362731
use pt_key

real	0m0.710s
user	0m0.172s
sys	0m0.078s
02/27/21 02:05:32 844595900  1614362732 token: AAFgOThsADD3gPiPPOb2EKg8QKImsRwkiX2RPp6Rcu_4ZbVuNe1lkd6BXTelDgXfiQM8oklBAY0
parse error: Invalid numeric literal at line 1, column 10

real	0m0.712s
user	0m0.078s
sys	0m0.141s
02/27/21 02:05:33 657237600  1614362733 secretPin: 
[WARN] get secretPin error

02/27/21 02:05:33 760441600  1614362733 王签到象印旗舰店

real	0m0.519s
user	0m0.016s
sys	0m0.125s
parse error: Invalid numeric literal at line 1, column 10
parse error: Invalid numeric literal at line 1, column 10
parse error: Invalid numeric literal at line 1, column 10
parse error: Invalid numeric literal at line 1, column 10
02/27/21 02:05:35 503061600 1614362735

real	0m3.280s
user	0m0.016s
sys	0m0.000s

real	0m0.683s
user	0m0.047s
sys	0m0.109s
[WARN] get LZ_TOKEN error
02/27/21 02:05:39 717791300  1614362739
use pt_key

real	0m0.651s
user	0m0.094s
sys	0m0.047s
02/27/21 02:05:40 549067300  1614362740 token: AAFgOTh0ADAbf0b3Wr5IlXUFoVXif_EkpFwhIt5L5zxYNlC5FldTubPVgL3NVfnkHVAbSZEapYc
parse error: Invalid numeric literal at line 1, column 10

real	0m0.606s
user	0m0.094s
sys	0m0.094s
02/27/21 02:05:41 224426800  1614362741 secretPin: 
[WARN] get secretPin error

02/27/21 02:05:41 305564100  1614362741 王签到象印旗舰店

real	0m0.546s
user	0m0.016s
sys	0m0.063s
parse error: Invalid numeric literal at line 1, column 10
parse error: Invalid numeric literal at line 1, column 10
parse error: Invalid numeric literal at line 1, column 10
parse error: Invalid numeric literal at line 1, column 10
02/27/21 02:05:43 214612300 1614362743

real	0m3.428s
user	0m0.000s
sys	0m0.047s

real	0m0.591s
user	0m0.031s
sys	0m0.125s
[WARN] get LZ_TOKEN error
02/27/21 02:05:47 474123600  1614362747
use pt_key

real	0m0.622s
user	0m0.078s
sys	0m0.156s
02/27/21 02:05:48 258038800  1614362748 token: AAFgOTh8ADBlm6b_sIpjJhWhPBjcHym9oly-svFFxUOYS5zwWN62SxNb2wtspwcWmq13aVOHZ9A
parse error: Invalid numeric literal at line 1, column 10

real	0m0.736s
user	0m0.094s
sys	0m0.094s
02/27/21 02:05:49 162106000  1614362749 secretPin: 
[WARN] get secretPin error

02/27/21 02:05:49 252492100  1614362749 王签到象印旗舰店

real	0m0.509s
user	0m0.016s
sys	0m0.109s
parse error: Invalid numeric literal at line 1, column 10
parse error: Invalid numeric literal at line 1, column 10
parse error: Invalid numeric literal at line 1, column 10
parse error: Invalid numeric literal at line 1, column 10
02/27/21 02:05:51 130917000 1614362751

real	0m3.448s
user	0m0.031s
sys	0m0.031s

real	0m0.621s
user	0m0.078s
sys	0m0.078s
[WARN] get LZ_TOKEN error
02/27/21 02:05:55 594122300  1614362755
use pt_key

real	0m0.615s
user	0m0.078s
sys	0m0.109s
02/27/21 02:05:56 392778400  1614362756 token: AAFgOTiEADCTx_HJNkkWjdGu3cD16aZgZFPDIld2oITyeeVKwalslc0DIs1Ogt3myAuEXOleRg8
parse error: Invalid numeric literal at line 1, column 10

real	0m0.670s
user	0m0.109s
sys	0m0.125s
02/27/21 02:05:57 223426400  1614362757 secretPin: 
[WARN] get secretPin error

02/27/21 02:05:57 327117500  1614362757 王签到象印旗舰店

real	0m0.620s
user	0m0.000s
sys	0m0.078s
parse error: Invalid numeric literal at line 1, column 10
parse error: Invalid numeric literal at line 1, column 10
parse error: Invalid numeric literal at line 1, column 10
parse error: Invalid numeric literal at line 1, column 10
02/27/21 02:05:59 321693900 1614362759

real	0m3.691s
user	0m0.000s
sys	0m0.016s

real	0m0.448s
user	0m0.000s
sys	0m0.094s
[WARN] get LZ_TOKEN error
02/27/21 02:06:03 601198500  1614362763
use pt_key

real	0m0.474s
user	0m0.094s
sys	0m0.063s
02/27/21 02:06:04 125540100  1614362764 token: AAFgOTiMADCewjgFcONiUaiA2SK8nz87OyfLHjcFMOF_StNvbr7McfChMdRYtpImOrjhKr649hA
parse error: Invalid numeric literal at line 1, column 10

real	0m0.615s
user	0m0.109s
sys	0m0.047s
02/27/21 02:06:04 894453200  1614362764 secretPin: 
[WARN] get secretPin error

02/27/21 02:06:04 991988300  1614362764 王签到象印旗舰店

real	0m0.517s
user	0m0.016s
sys	0m0.109s
parse error: Invalid numeric literal at line 1, column 10
parse error: Invalid numeric literal at line 1, column 10
parse error: Invalid numeric literal at line 1, column 10
parse error: Invalid numeric literal at line 1, column 10
02/27/21 02:06:06 933173100 1614362766

real	0m3.966s
user	0m0.000s
sys	0m0.047s

real	0m0.380s
user	0m0.016s
sys	0m0.094s
[WARN] get LZ_TOKEN error
02/27/21 02:06:11 574474900  1614362771
use pt_key

real	0m0.552s
user	0m0.078s
sys	0m0.094s
02/27/21 02:06:12 298945200  1614362772 token: AAFgOTiUADBRd8V4AVJ4INc7xmuUXd_AUiItoQbHgXIEv-FtaeJIGtPtsLzVy5Ye-WNXvw9lPl0
parse error: Invalid numeric literal at line 1, column 10

real	0m0.787s
user	0m0.156s
sys	0m0.063s
02/27/21 02:06:13 301667800  1614362773 secretPin: 
[WARN] get secretPin error

02/27/21 02:06:13 400831000  1614362773 王签到象印旗舰店

real	0m0.495s
user	0m0.063s
sys	0m0.094s
parse error: Invalid numeric literal at line 1, column 10
parse error: Invalid numeric literal at line 1, column 10
parse error: Invalid numeric literal at line 1, column 10
parse error: Invalid numeric literal at line 1, column 10
02/27/21 02:06:15 235492700 1614362775

real	0m4.311s
user	0m0.000s
sys	0m0.031s

real	0m0.324s
user	0m0.031s
sys	0m0.094s
[WARN] get LZ_TOKEN error
02/27/21 02:06:20 108015400  1614362780
use pt_key

real	0m0.360s
user	0m0.109s
sys	0m0.109s
02/27/21 02:06:20 561662300  1614362780 token: AAFgOTicADCwgDEqTkPdOqMFIHWhVPxLZfF7mOLqT0gjWAP4jDwOwoJfr8gF4MzZqtkOgTb6EoQ
parse error: Invalid numeric literal at line 1, column 10

real	0m0.300s
user	0m0.094s
sys	0m0.094s
02/27/21 02:06:20 996267400  1614362780 secretPin: 
[WARN] get secretPin error

02/27/21 02:06:21 073415100  1614362781 王签到象印旗舰店

real	0m0.274s
user	0m0.016s
sys	0m0.078s
parse error: Invalid numeric literal at line 1, column 10
parse error: Invalid numeric literal at line 1, column 10
parse error: Invalid numeric literal at line 1, column 10
parse error: Invalid numeric literal at line 1, column 10
02/27/21 02:06:22 451674200 1614362782

real	0m4.342s
user	0m0.000s
sys	0m0.000s
02/27/21 02:06:37 213628000  1614362797
parse error: Invalid numeric literal at line 1, column 10
签到是否成功解析失败. 不再写/home/myid/jd/jd_signup/lzkj_sevenDay_vender/shop_1613703218_97_delay

王签到象印旗舰店查看结果, 活动规则
<!DOCTYPE html>
<html>
 <head> 
  <title>京东</title> 
  <meta charset="utf-8" /> 
  <meta name="apple-mobile-web-app-capable" content="yes" /> 
  <meta name="viewport" content="width=device-width,initial-scale=1,user-scalable=no,maximum-scale=1,viewport-fit=cover" /> 
  <meta name="format-detection" content="telephone=no" /> 
  <meta name="x5-cache" content="enable" /> 
  <link rel="stylesheet" href="https://storage.360buyimg.com/babel/00162638/333378/production/dev/parser.1526555535098.css?t=20180517191236" /> 
  <style> img {
            opacity: 1 !important;
        } </style> 
  <link href="https://storage.360buyimg.com/babel/00170893/348321/production/dev/index.7320a380.css?t=20180802150952" rel="stylesheet" />
 </head> 
 <body style="background:#fff;" id="root"> 
  <div class="errorPage"> 
  </div> 
  <div class="placeholer"> 
  </div> 
  <script src="https://wl.jd.com/unify.min.js"></script> 
  <script type="text/javascript" src="https://storage.360buyimg.com/babel/00170893/348321/production/dev/index.0f8f4dba.js?t=20180802150952"></script> 
 </body>
</html>

#店铺名称
vendername="象印旗舰店"
#店铺激活码
actId="e78aa0728f904f849441aa277f269af3"
#店铺id
venderId="149630"
#长链接
url="https://lzkj-isv.isvjcloud.com/sign/sevenDay/signActivity?activityId=e78aa0728f904f849441aa277f269af3&venderId=149630&adsource=tg_xuanFuTuBiao"

startTime=1611907860
endTime=1614527940
# 活动时间：2021-01-29 16:11 - 2021-02-28 23:59；
# 奖励说明：
actRule="
7天签到
连续签到1天：
连续签到2天：
连续签到3天：50元优惠券
连续签到4天：
连续签到5天：
连续签到6天：
连续签到7天：100元优惠券
"
#王 1309893722-164885 sign_res
sign_num="1"
giftName="null"
giftRes="ok"
giftDate="20210226"
sign_res_info="7天签到 第 1 天
当天签到奖励 [null]"
#王 1309893722-164885 sign_res_end
#肥鹅 jd_4d651d9e48204 sign_res
sign_num="1"
giftName="null"
giftRes="ok"
giftDate="20210226"
sign_res_info="7天签到 第 1 天
当天签到奖励 [null]"
#肥鹅 jd_4d651d9e48204 sign_res_end
#移动 jd_OeTNobRVGiNZ sign_res
sign_num="1"
giftName="null"
giftRes="ok"
giftDate="20210226"
sign_res_info="7天签到 第 1 天
当天签到奖励 [null]"
#移动 jd_OeTNobRVGiNZ sign_res_end
#赵 122294312-396444 sign_res
sign_num=""
giftName="null"
giftRes="ok"
giftDate="20210227"
sign_res_info="7天签到 第  天
当天签到奖励 [null]"
#赵 122294312-396444 sign_res_end
