02/27/21 01:16:26 251135600  1614359786
RANDOM_num: 30
removed '/tmp/tmp.JPict8Hfp7'
02/27/21 01:16:26 398592800  1614359786 æ£€æŸ¥ç‹ç­¾åˆ°

real	0m0.233s
user	0m0.000s
sys	0m0.063s
lzkj-isv.isvjcloud.com	FALSE	/	FALSE	1614360386	LZ_TOKEN_VALUE	B0oH3vDY2bhHWuKbVaJ+XQ==
lzkj-isv.isvjcloud.com	FALSE	/	FALSE	1614360386	LZ_TOKEN_KEY	lztokenpagea4b14e22e7ec427a94da0709b6ef54fc
02/27/21 01:16:26 792201900  1614359786
use pt_key

real	0m0.261s
user	0m0.125s
sys	0m0.109s
02/27/21 01:16:27 079975900  1614359787 token: AAFgOSzrADCWSZpj3247VeczNCgu51matoO_hr1I_RrzhP2vgk7goqy59R3daSdMtLA1uvF3MCo

real	0m1.000s
user	0m0.094s
sys	0m0.094s
02/27/21 01:16:28 096122900  1614359788 secretPin: 8zfoIjWIu/DcpxQNzAV7/oVPSWy1B8D+G4s+fJIFDfWHSnwnXFQKK9yQco/OGmHebU48Dr07k+7+k1UaXRbZKg==

02/27/21 01:16:28 114570300  1614359788 ç‹ç­¾åˆ°Mideerå¼¥é¹¿äº¬ä¸œè‡ªè¥å®˜æ–¹æ——èˆ°åº—

real	0m0.422s
user	0m0.031s
sys	0m0.063s
{
  "gift": {
    "activityId": null,
    "activityType": null,
    "venderId": null,
    "type": 0,
    "name": null,
    "itemHb": null,
    "id": "5",
    "giftType": "9",
    "giftName": "5ç§¯åˆ†",
    "giftNum": "5",
    "giftTotal": "50000",
    "giftResidue": null,
    "priceInfo": "0",
    "shortLink": "",
    "orginLink": null,
    "giftInfoId": "6fab0b47ddb84353a371d6a003cd8fe3",
    "commonAddAwardVO": null
  },
  "msg": "",
  "isOk": true,
  "isSend": true,
  "key": "wiZrji"
}
true
02/27/21 01:16:28 910598100 1614359788
02/27/21 01:16:28 939803400 1614359788 ç­¾åˆ°Mideerå¼¥é¹¿äº¬ä¸œè‡ªè¥å®˜æ–¹æ——èˆ°åº—å®Œæˆ
02/27/21 01:16:59 074925500  1614359819
true
é¦–æ¬¡ç­¾åˆ°æˆåŠŸ. å†™å…¥giftName: "5ç§¯åˆ†"
parse error: Invalid numeric literal at line 1, column 10
parse error: Invalid numeric literal at line 1, column 10

***********************************************

å½“å¤©ç­¾åˆ°å¥–åŠ± ["5ç§¯åˆ†"]
è¿ç»­ç­¾åˆ°  å¤©
ç­¾åˆ°æ€»å¤©æ•° 
***********************************************

ç‹ç­¾åˆ°Mideerå¼¥é¹¿äº¬ä¸œè‡ªè¥å®˜æ–¹æ——èˆ°åº—æŸ¥çœ‹ç»“æœ
<!DOCTYPE html>
<html>
 <head> 
  <title>äº¬ä¸œ</title> 
  <meta charset="utf-8" /> 
  <meta name="apple-mobile-web-app-capable" content="yes" /> 
  <meta name="viewport" content="width=device-width,initial-scale=1,user-scalable=no,maximum-scale=1,viewport-fit=cover" /> 
  <meta name="format-detection" content="telephone=no" /> 
  <meta name="x5-cache" content="enable" /> 
  <link rel="stylesheet" href="https://storage.360buyimg.com/babel/00162638/333378/production/dev/parser.1526555535098.css?t=20180517191236" /> 
  <style> img {
            opacity: 1 !important;
        } </style> 
  <link href="https://storage.360buyimg.com/babel/00170893/348321/production/dev/index.7320a380.css?t=20180802150952" rel="stylesheet" />
 </head> 
 <body style="background:#fff;" id="root"> 
  <div class="errorPage"> 
  </div> 
  <div class="placeholer"> 
  </div> 
  <script src="https://wl.jd.com/unify.min.js"></script> 
  <script type="text/javascript" src="https://storage.360buyimg.com/babel/00170893/348321/production/dev/index.0f8f4dba.js?t=20180802150952"></script> 
 </body>
</html>

parse error: Invalid numeric literal at line 1, column 10
[0;31;3mRUN  at {280:<--} ERROR CODE: 4[0m [0;31;3m[20210227 01:17:00] [ERROR] [0m

