02/27/21 01:18:11 664891000  1614359891
RANDOM_num: 10
removed '/tmp/tmp.USeGx3UkHd'
02/27/21 01:18:14 292818400  1614359894 检查移动签到

real	0m1.241s
user	0m0.047s
sys	0m0.094s
[WARN] get LZ_TOKEN error
02/27/21 01:18:18 979837100  1614359898
use wskey

real	0m1.780s
user	0m0.094s
sys	0m0.094s
02/27/21 01:18:21 038658000  1614359901 token: AAFgOS1cADBYy00ILf47jwTkASU491v-7QVwU1vr2ouQ4GOQvzdqZVPU54hDzff-rg6zUOntAPs
parse error: Invalid numeric literal at line 1, column 10

real	0m1.505s
user	0m0.109s
sys	0m0.078s
02/27/21 01:18:23 057912500  1614359903 secretPin: 
[WARN] get secretPin error

02/27/21 01:18:23 610834200  1614359903 移动签到爱德华医生润眼灯旗舰店

real	0m2.637s
user	0m0.031s
sys	0m0.094s
parse error: Invalid numeric literal at line 1, column 10
parse error: Invalid numeric literal at line 1, column 10
parse error: Invalid numeric literal at line 1, column 10
parse error: Invalid numeric literal at line 1, column 10
02/27/21 01:18:31 182013700 1614359911

real	0m2.219s
user	0m0.000s
sys	0m0.047s

real	0m1.966s
user	0m0.031s
sys	0m0.063s
[WARN] get LZ_TOKEN error
02/27/21 01:18:36 994359600  1614359916
use wskey

real	0m1.839s
user	0m0.094s
sys	0m0.109s
02/27/21 01:18:39 165038700  1614359919 token: AAFgOS1uADB4kr1OyVuceiOpFGv7Plu-8ThrYpp8kD-fWVoeYqmMiuVyKEPAPZ1zBF5nkgIzaIU
parse error: Invalid numeric literal at line 1, column 10

real	0m2.154s
user	0m0.109s
sys	0m0.109s
02/27/21 01:18:41 871220700  1614359921 secretPin: 
[WARN] get secretPin error

02/27/21 01:18:42 267435100  1614359922 移动签到爱德华医生润眼灯旗舰店

real	0m1.328s
user	0m0.000s
sys	0m0.125s
parse error: Invalid numeric literal at line 1, column 10
parse error: Invalid numeric literal at line 1, column 10
parse error: Invalid numeric literal at line 1, column 10
parse error: Invalid numeric literal at line 1, column 10
02/27/21 01:18:49 895451600 1614359929

real	0m2.301s
user	0m0.000s
sys	0m0.047s

real	0m2.942s
user	0m0.063s
sys	0m0.094s
[WARN] get LZ_TOKEN error
02/27/21 01:18:56 331167500  1614359936
use wskey

real	0m1.974s
user	0m0.141s
sys	0m0.141s
02/27/21 01:18:58 795064800  1614359938 token: AAFgOS2CADA46irANGgbuvlj9S6dTYSZi8ooIDxG1sjNEz1A5xfdllY7BzUQ1Z-Stlug-Q4Ddac
parse error: Invalid numeric literal at line 1, column 10

real	0m1.588s
user	0m0.156s
sys	0m0.109s
02/27/21 01:19:00 931295400  1614359940 secretPin: 
[WARN] get secretPin error

02/27/21 01:19:01 404122800  1614359941 移动签到爱德华医生润眼灯旗舰店

real	0m1.530s
user	0m0.031s
sys	0m0.094s
parse error: Invalid numeric literal at line 1, column 10
parse error: Invalid numeric literal at line 1, column 10
parse error: Invalid numeric literal at line 1, column 10
parse error: Invalid numeric literal at line 1, column 10
02/27/21 01:19:08 486435400 1614359948

real	0m1.991s
user	0m0.000s
sys	0m0.078s

real	0m2.221s
user	0m0.031s
sys	0m0.078s
[WARN] get LZ_TOKEN error
02/27/21 01:19:14 166635700  1614359954
use wskey

real	0m2.143s
user	0m0.125s
sys	0m0.141s
02/27/21 01:19:16 710600500  1614359956 token: AAFgOS2UADC3dtjlzAbyhsh7qPQFtxzfLSkxZsnpSmvazW7L4lINTX3jpkiNzveK7GK0i6AfI0w
parse error: Invalid numeric literal at line 1, column 10

real	0m1.515s
user	0m0.109s
sys	0m0.109s
02/27/21 01:19:18 758910800  1614359958 secretPin: 
[WARN] get secretPin error

02/27/21 01:19:19 102625700  1614359959 移动签到爱德华医生润眼灯旗舰店

real	0m1.566s
user	0m0.000s
sys	0m0.125s
parse error: Invalid numeric literal at line 1, column 10
parse error: Invalid numeric literal at line 1, column 10
parse error: Invalid numeric literal at line 1, column 10
parse error: Invalid numeric literal at line 1, column 10
02/27/21 01:19:27 175264800 1614359967

real	0m2.821s
user	0m0.000s
sys	0m0.031s

real	0m1.922s
user	0m0.016s
sys	0m0.094s
[WARN] get LZ_TOKEN error
02/27/21 01:19:33 271093000  1614359973
use wskey

real	0m2.143s
user	0m0.047s
sys	0m0.156s
02/27/21 01:19:35 868373500  1614359975 token: AAFgOS2nADAOxaTyVyT2Nt4qgkeWvK2FG-3EeX1-ujNkySwFTly1TltQ243PHyDPaFaPbOeQKb0
parse error: Invalid numeric literal at line 1, column 10

real	0m2.147s
user	0m0.094s
sys	0m0.063s
02/27/21 01:19:38 535929200  1614359978 secretPin: 
[WARN] get secretPin error

02/27/21 01:19:38 985096600  1614359978 移动签到爱德华医生润眼灯旗舰店

real	0m1.438s
user	0m0.016s
sys	0m0.094s
parse error: Invalid numeric literal at line 1, column 10
parse error: Invalid numeric literal at line 1, column 10
parse error: Invalid numeric literal at line 1, column 10
parse error: Invalid numeric literal at line 1, column 10
02/27/21 01:19:44 390339100 1614359984

real	0m2.651s
user	0m0.000s
sys	0m0.094s

real	0m1.813s
user	0m0.047s
sys	0m0.109s
[WARN] get LZ_TOKEN error
02/27/21 01:19:50 559331100  1614359990
use wskey

real	0m1.786s
user	0m0.156s
sys	0m0.094s
02/27/21 01:19:52 973454900  1614359992 token: AAFgOS24ADB0q7N6BsbAdmxszZLIq7Cy-izPJ9gONadNl3hdCtqvsgCUN7l_62-S6VNTv3X_yHo
parse error: Invalid numeric literal at line 1, column 10

real	0m3.680s
user	0m0.094s
sys	0m0.109s
02/27/21 01:19:57 004472200  1614359997 secretPin: 
[WARN] get secretPin error

02/27/21 01:19:57 750475900  1614359997 移动签到爱德华医生润眼灯旗舰店

real	0m1.436s
user	0m0.047s
sys	0m0.031s
parse error: Invalid numeric literal at line 1, column 10
parse error: Invalid numeric literal at line 1, column 10
parse error: Invalid numeric literal at line 1, column 10
parse error: Invalid numeric literal at line 1, column 10
02/27/21 01:20:04 214247400 1614360004

real	0m2.604s
user	0m0.016s
sys	0m0.016s

real	0m1.845s
user	0m0.031s
sys	0m0.109s
[WARN] get LZ_TOKEN error
02/27/21 01:20:10 462415000  1614360010
use wskey

real	0m2.527s
user	0m0.109s
sys	0m0.094s
02/27/21 01:20:13 457645400  1614360013 token: AAFgOS3MADCJlPJ7cVCM9uCPPLhJEiwkA8t0F4CxwU4BAXECOR-fmFeERtwfoFV8RXgXkMATGks
parse error: Invalid numeric literal at line 1, column 10

real	0m1.936s
user	0m0.094s
sys	0m0.141s
02/27/21 01:20:15 894876700  1614360015 secretPin: 
[WARN] get secretPin error

02/27/21 01:20:16 287915300  1614360016 移动签到爱德华医生润眼灯旗舰店

real	0m1.894s
user	0m0.047s
sys	0m0.109s
parse error: Invalid numeric literal at line 1, column 10
parse error: Invalid numeric literal at line 1, column 10
parse error: Invalid numeric literal at line 1, column 10
parse error: Invalid numeric literal at line 1, column 10
02/27/21 01:20:23 935732100 1614360023

real	0m2.629s
user	0m0.000s
sys	0m0.031s

real	0m2.405s
user	0m0.031s
sys	0m0.078s
[WARN] get LZ_TOKEN error
02/27/21 01:20:29 868468800  1614360029
use wskey

real	0m2.390s
user	0m0.109s
sys	0m0.094s
02/27/21 01:20:32 523686800  1614360032 token: AAFgOS3fADCJQ2NnQ-6aXx_TwaL8atrOMsCeaWDd2BjGFw9tni1iHwTObBYcxnLqWH1qTrMwnWI
parse error: Invalid numeric literal at line 1, column 10

real	0m1.360s
user	0m0.109s
sys	0m0.125s
02/27/21 01:20:34 117850000  1614360034 secretPin: 
[WARN] get secretPin error

02/27/21 01:20:34 338337100  1614360034 移动签到爱德华医生润眼灯旗舰店

real	0m1.150s
user	0m0.047s
sys	0m0.125s
parse error: Invalid numeric literal at line 1, column 10
parse error: Invalid numeric literal at line 1, column 10
parse error: Invalid numeric literal at line 1, column 10
parse error: Invalid numeric literal at line 1, column 10
02/27/21 01:20:39 365781100 1614360039

real	0m2.731s
user	0m0.031s
sys	0m0.016s

real	0m1.409s
user	0m0.047s
sys	0m0.078s
[WARN] get LZ_TOKEN error
02/27/21 01:20:44 392278200  1614360044
use wskey

real	0m1.745s
user	0m0.109s
sys	0m0.109s
02/27/21 01:20:46 545924100  1614360046 token: AAFgOS3tADDiU5NzpoiYyaIcq4kwZexVnMwWHIMeyfu0Oa99KMNTahTM40-0V2agbORv84UpBOM
parse error: Invalid numeric literal at line 1, column 10

real	0m1.823s
user	0m0.125s
sys	0m0.109s
02/27/21 01:20:49 146594900  1614360049 secretPin: 
[WARN] get secretPin error

02/27/21 01:20:49 579820000  1614360049 移动签到爱德华医生润眼灯旗舰店

real	0m1.644s
user	0m0.063s
sys	0m0.094s
parse error: Invalid numeric literal at line 1, column 10
parse error: Invalid numeric literal at line 1, column 10
parse error: Invalid numeric literal at line 1, column 10
parse error: Invalid numeric literal at line 1, column 10
02/27/21 01:20:56 959525300 1614360056

real	0m3.105s
user	0m0.000s
sys	0m0.063s

real	0m1.104s
user	0m0.031s
sys	0m0.094s
[WARN] get LZ_TOKEN error
02/27/21 01:21:01 963663400  1614360061
use wskey

real	0m1.729s
user	0m0.109s
sys	0m0.141s
02/27/21 01:21:04 288358600  1614360064 token: AAFgOS4AADCJQl_HX-DKxHvuvKA8BjMlZEMkw45ZFbxc3oKD-MYy4alq-fJd7dpCZmjHTRqcBvc
parse error: Invalid numeric literal at line 1, column 10

real	0m1.766s
user	0m0.125s
sys	0m0.109s
02/27/21 01:21:06 569040700  1614360066 secretPin: 
[WARN] get secretPin error

02/27/21 01:21:06 976473200  1614360066 移动签到爱德华医生润眼灯旗舰店

real	0m1.184s
user	0m0.063s
sys	0m0.063s
parse error: Invalid numeric literal at line 1, column 10
parse error: Invalid numeric literal at line 1, column 10
parse error: Invalid numeric literal at line 1, column 10
parse error: Invalid numeric literal at line 1, column 10
02/27/21 01:21:11 231852200 1614360071

real	0m3.483s
user	0m0.000s
sys	0m0.047s

real	0m1.183s
user	0m0.016s
sys	0m0.094s
[WARN] get LZ_TOKEN error
02/27/21 01:21:16 715027300  1614360076
use wskey

real	0m1.231s
user	0m0.125s
sys	0m0.047s
02/27/21 01:21:18 189318500  1614360078 token: AAFgOS4NADAHk3jvEPUcS29v89vGBwtfR5C0ofAQ_fD6pv2I9qS_IVrVbavXBjUmNbYhIT7YhCg
parse error: Invalid numeric literal at line 1, column 10

real	0m1.005s
user	0m0.078s
sys	0m0.109s
02/27/21 01:21:19 570219700  1614360079 secretPin: 
[WARN] get secretPin error

02/27/21 01:21:19 881054200  1614360079 移动签到爱德华医生润眼灯旗舰店

real	0m0.735s
user	0m0.016s
sys	0m0.094s
parse error: Invalid numeric literal at line 1, column 10
parse error: Invalid numeric literal at line 1, column 10
parse error: Invalid numeric literal at line 1, column 10
parse error: Invalid numeric literal at line 1, column 10
02/27/21 01:21:25 116512300 1614360085

real	0m2.997s
user	0m0.000s
sys	0m0.000s

real	0m1.036s
user	0m0.016s
sys	0m0.078s
[WARN] get LZ_TOKEN error
02/27/21 01:21:29 859036000  1614360089
use wskey

real	0m0.901s
user	0m0.094s
sys	0m0.094s
02/27/21 01:21:30 979051100  1614360090 token: AAFgOS4aADASvhjwbZ7vqizBr6z20RrRDduN6TOoErBzvsjbXlith8IGmgdYPdkJMlsbCxf_Yqk
parse error: Invalid numeric literal at line 1, column 10

real	0m1.547s
user	0m0.109s
sys	0m0.078s
02/27/21 01:21:32 995497400  1614360092 secretPin: 
[WARN] get secretPin error

02/27/21 01:21:33 199391900  1614360093 移动签到爱德华医生润眼灯旗舰店

real	0m0.799s
user	0m0.016s
sys	0m0.078s
parse error: Invalid numeric literal at line 1, column 10
parse error: Invalid numeric literal at line 1, column 10
parse error: Invalid numeric literal at line 1, column 10
parse error: Invalid numeric literal at line 1, column 10
02/27/21 01:21:37 175880200 1614360097

real	0m3.294s
user	0m0.000s
sys	0m0.031s

real	0m0.883s
user	0m0.031s
sys	0m0.094s
[WARN] get LZ_TOKEN error
02/27/21 01:21:42 155206300  1614360102
use wskey

real	0m1.614s
user	0m0.109s
sys	0m0.125s
02/27/21 01:21:44 018374000  1614360104 token: AAFgOS4nADD78gvcW3wi5J-Ua9OIldTq6gzm85CC_83HWVnCa0-8YO5z5Zx7OJsesqLjYTzZAsM
parse error: Invalid numeric literal at line 1, column 10

real	0m1.259s
user	0m0.156s
sys	0m0.094s
02/27/21 01:21:45 585164800  1614360105 secretPin: 
[WARN] get secretPin error

02/27/21 01:21:46 019591200  1614360106 移动签到爱德华医生润眼灯旗舰店

real	0m1.121s
user	0m0.047s
sys	0m0.109s
parse error: Invalid numeric literal at line 1, column 10
parse error: Invalid numeric literal at line 1, column 10
parse error: Invalid numeric literal at line 1, column 10
parse error: Invalid numeric literal at line 1, column 10
02/27/21 01:21:49 574608100 1614360109

real	0m3.316s
user	0m0.000s
sys	0m0.031s

real	0m2.356s
user	0m0.063s
sys	0m0.047s
[WARN] get LZ_TOKEN error
02/27/21 01:21:55 747674600  1614360115
use wskey

real	0m0.795s
user	0m0.125s
sys	0m0.109s
02/27/21 01:21:56 866507200  1614360116 token: AAFgOS40ADBOIMFQdZnMM7Gh_okmEUBn23JIklZ2IGboBsBvU-6NglsMdG27LzUOte_IkiBz-cc
parse error: Invalid numeric literal at line 1, column 10

real	0m1.106s
user	0m0.109s
sys	0m0.156s
02/27/21 01:21:58 183229000  1614360118 secretPin: 
[WARN] get secretPin error

02/27/21 01:21:58 417479600  1614360118 移动签到爱德华医生润眼灯旗舰店

real	0m1.313s
user	0m0.016s
sys	0m0.109s
parse error: Invalid numeric literal at line 1, column 10
parse error: Invalid numeric literal at line 1, column 10
parse error: Invalid numeric literal at line 1, column 10
parse error: Invalid numeric literal at line 1, column 10
02/27/21 01:22:01 808965400 1614360121

real	0m3.296s
user	0m0.000s
sys	0m0.031s

real	0m1.181s
user	0m0.063s
sys	0m0.063s
[WARN] get LZ_TOKEN error
02/27/21 01:22:06 965483200  1614360126
use wskey

real	0m0.860s
user	0m0.109s
sys	0m0.125s
02/27/21 01:22:07 952004300  1614360127 token: AAFgOS4_ADA-nFnevD0mJeteqKm-dBCClMRguw-lFxzkzW_S9iKGp1qDU1n_GmEGX_b1g673tzQ
parse error: Invalid numeric literal at line 1, column 10

real	0m0.831s
user	0m0.094s
sys	0m0.141s
02/27/21 01:22:09 031827900  1614360129 secretPin: 
[WARN] get secretPin error

02/27/21 01:22:09 125652900  1614360129 移动签到爱德华医生润眼灯旗舰店

real	0m0.842s
user	0m0.031s
sys	0m0.109s
parse error: Invalid numeric literal at line 1, column 10
parse error: Invalid numeric literal at line 1, column 10
parse error: Invalid numeric literal at line 1, column 10
parse error: Invalid numeric literal at line 1, column 10
02/27/21 01:22:12 266303000 1614360132

real	0m3.409s
user	0m0.000s
sys	0m0.047s

real	0m0.824s
user	0m0.031s
sys	0m0.094s
[WARN] get LZ_TOKEN error
02/27/21 01:22:16 985729900  1614360136
use wskey

real	0m0.637s
user	0m0.156s
sys	0m0.047s
02/27/21 01:22:17 754704000  1614360137 token: AAFgOS5JADDTfEt_IAsJiSHHCu8mxUrnQtwGxWRgYBRoY7Kd1Beo5tZ4KU-sDZN0Mp3XDLVqXs8
parse error: Invalid numeric literal at line 1, column 10

real	0m0.895s
user	0m0.078s
sys	0m0.141s
02/27/21 01:22:18 898922000  1614360138 secretPin: 
[WARN] get secretPin error

02/27/21 01:22:19 069504300  1614360139 移动签到爱德华医生润眼灯旗舰店

real	0m0.816s
user	0m0.063s
sys	0m0.125s
parse error: Invalid numeric literal at line 1, column 10
parse error: Invalid numeric literal at line 1, column 10
parse error: Invalid numeric literal at line 1, column 10
parse error: Invalid numeric literal at line 1, column 10
02/27/21 01:22:21 706730300 1614360141

real	0m3.651s
user	0m0.000s
sys	0m0.031s

real	0m0.902s
user	0m0.031s
sys	0m0.078s
[WARN] get LZ_TOKEN error
02/27/21 01:22:26 605120600  1614360146
use wskey

real	0m0.847s
user	0m0.109s
sys	0m0.078s
02/27/21 01:22:27 645976500  1614360147 token: AAFgOS5TADDYTeHezyrxPIJb-rm0VhMSkJqQcQSNmFiqc-0pLakSteI1ahHbJ_pIdte6Cx7ytK0
parse error: Invalid numeric literal at line 1, column 10

real	0m0.711s
user	0m0.078s
sys	0m0.094s
02/27/21 01:22:28 482362700  1614360148 secretPin: 
[WARN] get secretPin error

02/27/21 01:22:28 619708700  1614360148 移动签到爱德华医生润眼灯旗舰店

real	0m0.619s
user	0m0.016s
sys	0m0.141s
parse error: Invalid numeric literal at line 1, column 10
parse error: Invalid numeric literal at line 1, column 10
parse error: Invalid numeric literal at line 1, column 10
parse error: Invalid numeric literal at line 1, column 10
02/27/21 01:22:30 765324000 1614360150

real	0m3.744s
user	0m0.000s
sys	0m0.031s

real	0m0.549s
user	0m0.000s
sys	0m0.141s
[WARN] get LZ_TOKEN error
02/27/21 01:22:35 319878500  1614360155
use wskey

real	0m0.602s
user	0m0.125s
sys	0m0.109s
02/27/21 01:22:36 005717200  1614360156 token: AAFgOS5bADCb7ZGFQUZ9KqQgymxzGlXoYibiH3w9809lorBjnbkiL_LFKh55TvGQNsOsMs7oSEA
parse error: Invalid numeric literal at line 1, column 10

real	0m0.489s
user	0m0.078s
sys	0m0.141s
02/27/21 01:22:36 628607900  1614360156 secretPin: 
[WARN] get secretPin error

02/27/21 01:22:36 842359800  1614360156 移动签到爱德华医生润眼灯旗舰店

real	0m0.635s
user	0m0.031s
sys	0m0.031s
parse error: Invalid numeric literal at line 1, column 10
parse error: Invalid numeric literal at line 1, column 10
parse error: Invalid numeric literal at line 1, column 10
parse error: Invalid numeric literal at line 1, column 10
02/27/21 01:22:39 280904400 1614360159

real	0m3.882s
user	0m0.000s
sys	0m0.031s

real	0m0.281s
user	0m0.016s
sys	0m0.078s
[WARN] get LZ_TOKEN error
02/27/21 01:22:43 744546800  1614360163
use wskey

real	0m0.428s
user	0m0.094s
sys	0m0.078s
02/27/21 01:22:44 279984300  1614360164 token: AAFgOS5kADAvM9zfPCED8ll6grsrjhcbVcOQPfb8wVSUtulr7a6Rc8kQS1Qar8fM8PV6kx2pv14
parse error: Invalid numeric literal at line 1, column 10

real	0m0.600s
user	0m0.109s
sys	0m0.125s
02/27/21 01:22:45 031089800  1614360165 secretPin: 
[WARN] get secretPin error

02/27/21 01:22:45 226527800  1614360165 移动签到爱德华医生润眼灯旗舰店

real	0m0.479s
user	0m0.031s
sys	0m0.109s
parse error: Invalid numeric literal at line 1, column 10
parse error: Invalid numeric literal at line 1, column 10
parse error: Invalid numeric literal at line 1, column 10
parse error: Invalid numeric literal at line 1, column 10
02/27/21 01:22:47 012414700 1614360167

real	0m4.094s
user	0m0.000s
sys	0m0.016s

real	0m0.171s
user	0m0.031s
sys	0m0.094s
[WARN] get LZ_TOKEN error
02/27/21 01:22:51 380324700  1614360171
use wskey

real	0m0.377s
user	0m0.109s
sys	0m0.109s
02/27/21 01:22:51 823030700  1614360171 token: AAFgOS5rADDpeEMhmd7JrqaHSV8xQNyMglqe9pKJH4pVAFHH95WBdbX5OWTHvzZitTOP_X8uOTY
parse error: Invalid numeric literal at line 1, column 10

real	0m0.561s
user	0m0.109s
sys	0m0.172s
02/27/21 01:22:52 494763100  1614360172 secretPin: 
[WARN] get secretPin error

02/27/21 01:22:52 619254600  1614360172 移动签到爱德华医生润眼灯旗舰店

real	0m0.430s
user	0m0.031s
sys	0m0.047s
parse error: Invalid numeric literal at line 1, column 10
parse error: Invalid numeric literal at line 1, column 10
parse error: Invalid numeric literal at line 1, column 10
parse error: Invalid numeric literal at line 1, column 10
02/27/21 01:22:54 829339400 1614360174

real	0m4.236s
user	0m0.000s
sys	0m0.063s
02/27/21 01:23:29 154922700  1614360209
parse error: Invalid numeric literal at line 1, column 10
签到是否成功解析失败. 不再写/home/myid/jd/jd_signup/lzkj_sevenDay_vender/shop_1614116400_126

移动签到爱德华医生润眼灯旗舰店查看结果, 活动规则
<!DOCTYPE html>
<html>
 <head> 
  <title>京东</title> 
  <meta charset="utf-8" /> 
  <meta name="apple-mobile-web-app-capable" content="yes" /> 
  <meta name="viewport" content="width=device-width,initial-scale=1,user-scalable=no,maximum-scale=1,viewport-fit=cover" /> 
  <meta name="format-detection" content="telephone=no" /> 
  <meta name="x5-cache" content="enable" /> 
  <link rel="stylesheet" href="https://storage.360buyimg.com/babel/00162638/333378/production/dev/parser.1526555535098.css?t=20180517191236" /> 
  <style> img {
            opacity: 1 !important;
        } </style> 
  <link href="https://storage.360buyimg.com/babel/00170893/348321/production/dev/index.7320a380.css?t=20180802150952" rel="stylesheet" />
 </head> 
 <body style="background:#fff;" id="root"> 
  <div class="errorPage"> 
  </div> 
  <div class="placeholer"> 
  </div> 
  <script src="https://wl.jd.com/unify.min.js"></script> 
  <script type="text/javascript" src="https://storage.360buyimg.com/babel/00170893/348321/production/dev/index.0f8f4dba.js?t=20180802150952"></script> 
 </body>
</html>

#店铺名称
vendername="爱德华医生润眼灯旗舰店"
#店铺激活码
actId="f03f9816975849849d42b89819b619ee"
#店铺id
venderId="70111"
#长链接
url="https://lzkj-isv.isvjcloud.com/sign/sevenDay/signActivity?activityId=f03f9816975849849d42b89819b619ee&venderId=70111&adsource=tg_xuanFuTuBiao"

startTime=1613872800
endTime=1614517140
# 活动时间：2021-02-21 10:00 - 2021-02-28 20:59；
# 奖励说明：
actRule="
7天签到
连续签到1天：1京豆
连续签到2天：2京豆
连续签到3天：1京豆
连续签到4天：2京豆
连续签到5天：1京豆
连续签到6天：2京豆
连续签到7天：2京豆
"
#移动 jd_OeTNobRVGiNZ sign_res
sign_num="3"
giftName=""1京豆""
giftRes="ok"
giftDate="20210226"
sign_res_info="7天签到 第 3 天
当天签到奖励 ["1京豆"]"
#移动 jd_OeTNobRVGiNZ sign_res_end
#赵 122294312-396444 sign_res
sign_num="3"
giftName=""1京豆""
giftRes="ok"
giftDate="20210227"
sign_res_info="7天签到 第 3 天
当天签到奖励 ["1京豆"]"
#赵 122294312-396444 sign_res_end
#王 1309893722-164885 sign_res
sign_num="3"
giftName=""1京豆""
giftRes="ok"
giftDate="20210227"
sign_res_info="7天签到 第 3 天
当天签到奖励 ["1京豆"]"
#王 1309893722-164885 sign_res_end
#肥鹅 jd_4d651d9e48204 sign_res
sign_num="3"
giftName=""1京豆""
giftRes="ok"
giftDate="20210227"
sign_res_info="7天签到 第 3 天
当天签到奖励 ["1京豆"]"
#肥鹅 jd_4d651d9e48204 sign_res_end
