02/20/21 01:07:16 776447500  1613754436
RANDOM_num: 20
removed '/tmp/tmp.UKJVDGGzJF'
02/20/21 01:07:16 871104800  1613754436 检查122294312-396444签到
removed '/tmp/tmp.FHG0SdJK1k'
02/20/21 01:07:17 023899700  1613754437 检查1309893722-164885签到

02/20/21 01:07:17 103629500  1613754437 赵签到北面（The North Face）京东自营专区

real	0m0.132s
user	0m0.031s
sys	0m0.078s
{"msg":"当前不存在有效的活动!","code":402,"class":"com.jd.interact.center.client.api.common.param.Results","success":false}
活动已结束. /home/myid/jd/jd_signup/api_vender/shop_1613569790_157_delay --> /home/myid/jd/jd_signup/api_vender/shop_1613569790_157_del
renamed '/home/myid/jd/jd_signup/api_vender/shop_1613569790_157_delay' -> '/home/myid/jd/jd_signup/api_vender/shop_1613569790_157_del'

02/20/21 01:07:37 496725800  1613754457
赵签到北面（The North Face）京东自营专区查看结果



赵签到北面（The North Face）京东自营专区日志
{"code":200,"data":{"signRecords":[{"signTime":1612800000000,"currentDay":2,"signed":1,"class":"com.jd.interact.center.client.api.color.domain.sign.InteractActivityUserActionRecord"},{"signTime":1612886400000,"currentDay":2,"signed":1,"class":"com.jd.interact.center.client.api.color.domain.sign.InteractActivityUserActionRecord"},{"signTime":1612972800000,"currentDay":2,"signed":1,"class":"com.jd.interact.center.client.api.color.domain.sign.InteractActivityUserActionRecord"},{"signTime":1613059200000,"currentDay":2,"signed":1,"class":"com.jd.interact.center.client.api.color.domain.sign.InteractActivityUserActionRecord"},{"signTime":1613145600000,"currentDay":2,"signed":1,"class":"com.jd.interact.center.client.api.color.domain.sign.InteractActivityUserActionRecord"},{"signTime":1613232000000,"currentDay":2,"signed":1,"class":"com.jd.interact.center.client.api.color.domain.sign.InteractActivityUserActionRecord"},{"signTime":1613318400000,"currentDay":2,"signed":1,"class":"com.jd.interact.center.client.api.color.domain.sign.InteractActivityUserActionRecord"},{"signTime":1613404800000,"currentDay":2,"signed":1,"class":"com.jd.interact.center.client.api.color.domain.sign.InteractActivityUserActionRecord"},{"signTime":1613570968332,"currentDay":2,"signed":2,"class":"com.jd.interact.center.client.api.color.domain.sign.InteractActivityUserActionRecord"},{"signTime":1613581883863,"currentDay":2,"signed":2,"class":"com.jd.interact.center.client.api.color.domain.sign.InteractActivityUserActionRecord"},{"signTime":1613668231035,"currentDay":2,"signed":2,"class":"com.jd.interact.center.client.api.color.domain.sign.InteractActivityUserActionRecord"},{"signTime":1613750400000,"currentDay":1,"signed":1,"class":"com.jd.interact.center.client.api.color.domain.sign.InteractActivityUserActionRecord"},{"signTime":1613836800000,"currentDay":3,"signed":1,"class":"com.jd.interact.center.client.api.color.domain.sign.InteractActivityUserActionRecord"},{"signTime":1613923200000,"currentDay":3,"signed":1,"class":"com.jd.interact.center.client.api.color.domain.sign.InteractActivityUserActionRecord"},{"signTime":1614009600000,"currentDay":3,"signed":1,"class":"com.jd.interact.center.client.api.color.domain.sign.InteractActivityUserActionRecord"},{"signTime":1614096000000,"currentDay":3,"signed":1,"class":"com.jd.interact.center.client.api.color.domain.sign.InteractActivityUserActionRecord"},{"signTime":1614182400000,"currentDay":3,"signed":1,"class":"com.jd.interact.center.client.api.color.domain.sign.InteractActivityUserActionRecord"},{"signTime":1614268800000,"currentDay":3,"signed":1,"class":"com.jd.interact.center.client.api.color.domain.sign.InteractActivityUserActionRecord"},{"signTime":1614355200000,"currentDay":3,"signed":1,"class":"com.jd.interact.center.client.api.color.domain.sign.InteractActivityUserActionRecord"},{"signTime":1614441600000,"currentDay":3,"signed":1,"class":"com.jd.interact.center.client.api.color.domain.sign.InteractActivityUserActionRecord"},{"signTime":1614528000000,"currentDay":3,"signed":1,"class":"com.jd.interact.center.client.api.color.domain.sign.InteractActivityUserActionRecord"},{"signTime":1614614400000,"currentDay":3,"signed":1,"class":"com.jd.interact.center.client.api.color.domain.sign.InteractActivityUserActionRecord"},{"signTime":1614700800000,"currentDay":3,"signed":1,"class":"com.jd.interact.center.client.api.color.domain.sign.InteractActivityUserActionRecord"},{"signTime":1614787200000,"currentDay":3,"signed":1,"class":"com.jd.interact.center.client.api.color.domain.sign.InteractActivityUserActionRecord"},{"signTime":1614873600000,"currentDay":3,"signed":1,"class":"com.jd.interact.center.client.api.color.domain.sign.InteractActivityUserActionRecord"},{"signTime":1614960000000,"currentDay":3,"signed":1,"class":"com.jd.interact.center.client.api.color.domain.sign.InteractActivityUserActionRecord"},{"signTime":1615046400000,"currentDay":3,"signed":1,"class":"com.jd.interact.center.client.api.color.domain.sign.InteractActivityUserActionRecord"},{"signTime":1615132800000,"currentDay":3,"signed":1,"class":"com.jd.interact.center.client.api.color.domain.sign.InteractActivityUserActionRecord"}],"days":3,"class":"com.jd.interact.center.client.api.color.domain.sign.ShopSignUserRecord"},"class":"com.jd.interact.center.client.api.common.param.Results","success":true}
{
  "contiSignNum": 3
}
王签到北面（The North Face）京东自营专区日志

# 短链接
suo_url=""
venderId=1000300421
startTime=1612800000000
endTime=1615219199000
activityId=10269962
token=89335A545F9B50C93D7886A8977F251D
#店铺名称
vendername="北面（The North Face）京东自营专区"
# 长链接
url=https://h5.m.jd.com/babelDiy/Zeus/2PAAf74aG3D61qvfKUM5dxUssJQ9/index.html?token=89335A545F9B50C93D7886A8977F251D
# 活动时间：2021.02.09 00:00:00 - 2021.03.08 23:59:59
# 奖励说明：
actRule="
连续签到7天：10京豆
"
#移动 jd_OeTNobRVGiNZ sign_res
sign_res="
signTime=1612800000;signed=1;currentDay=2
signTime=1612886400;signed=1;currentDay=2
signTime=1612972800;signed=1;currentDay=2
signTime=1613059200;signed=1;currentDay=2
signTime=1613145600;signed=1;currentDay=2
signTime=1613232000;signed=1;currentDay=2
signTime=1613318400;signed=1;currentDay=2
signTime=1613404800;signed=1;currentDay=2
signTime=1613491200;signed=1;currentDay=1
signTime=1613577600;signed=1;currentDay=3
signTime=1613664000;signed=1;currentDay=3
signTime=1613750400;signed=1;currentDay=3
signTime=1613836800;signed=1;currentDay=3
signTime=1613923200;signed=1;currentDay=3
signTime=1614009600;signed=1;currentDay=3
signTime=1614096000;signed=1;currentDay=3
signTime=1614182400;signed=1;currentDay=3
signTime=1614268800;signed=1;currentDay=3
signTime=1614355200;signed=1;currentDay=3
signTime=1614441600;signed=1;currentDay=3
signTime=1614528000;signed=1;currentDay=3
signTime=1614614400;signed=1;currentDay=3
signTime=1614700800;signed=1;currentDay=3
signTime=1614787200;signed=1;currentDay=3
signTime=1614873600;signed=1;currentDay=3
signTime=1614960000;signed=1;currentDay=3
signTime=1615046400;signed=1;currentDay=3
signTime=1615132800;signed=1;currentDay=3"
sign_num="0"
giftRes=""
giftDate="20210217"
sign_res_info="
2021/02/09_00:00:00  2    未签到
2021/02/10_00:00:00  2    未签到
2021/02/11_00:00:00  2    未签到
2021/02/12_00:00:00  2    未签到
2021/02/13_00:00:00  2    未签到
2021/02/14_00:00:00  2    未签到
2021/02/15_00:00:00  2    未签到
2021/02/16_00:00:00  2    未签到
2021/02/17_00:00:00  1    未签到
2021/02/18_00:00:00  3    未签到
2021/02/19_00:00:00  3    未签到
2021/02/20_00:00:00  3    未签到
2021/02/21_00:00:00  3    未签到
2021/02/22_00:00:00  3    未签到
2021/02/23_00:00:00  3    未签到
2021/02/24_00:00:00  3    未签到
2021/02/25_00:00:00  3    未签到
2021/02/26_00:00:00  3    未签到
2021/02/27_00:00:00  3    未签到
2021/02/28_00:00:00  3    未签到
2021/03/01_00:00:00  3    未签到
2021/03/02_00:00:00  3    未签到
2021/03/03_00:00:00  3    未签到
2021/03/04_00:00:00  3    未签到
2021/03/05_00:00:00  3    未签到
2021/03/06_00:00:00  3    未签到
2021/03/07_00:00:00  3    未签到
2021/03/08_00:00:00  3    未签到
已签到 0 天"
#移动 jd_OeTNobRVGiNZ sign_res_end
#赵 122294312-396444 sign_res
sign_res="
signTime=1612800000;signed=1;currentDay=2
signTime=1612886400;signed=1;currentDay=2
signTime=1612972800;signed=1;currentDay=2
signTime=1613059200;signed=1;currentDay=2
signTime=1613145600;signed=1;currentDay=2
signTime=1613232000;signed=1;currentDay=2
signTime=1613318400;signed=1;currentDay=2
signTime=1613404800;signed=1;currentDay=2
signTime=1613570968;signed=2;currentDay=2
signTime=1613581883;signed=2;currentDay=2
signTime=1613668231;signed=2;currentDay=1
signTime=1613750400;signed=1;currentDay=3
signTime=1613836800;signed=1;currentDay=3
signTime=1613923200;signed=1;currentDay=3
signTime=1614009600;signed=1;currentDay=3
signTime=1614096000;signed=1;currentDay=3
signTime=1614182400;signed=1;currentDay=3
signTime=1614268800;signed=1;currentDay=3
signTime=1614355200;signed=1;currentDay=3
signTime=1614441600;signed=1;currentDay=3
signTime=1614528000;signed=1;currentDay=3
signTime=1614614400;signed=1;currentDay=3
signTime=1614700800;signed=1;currentDay=3
signTime=1614787200;signed=1;currentDay=3
signTime=1614873600;signed=1;currentDay=3
signTime=1614960000;signed=1;currentDay=3
signTime=1615046400;signed=1;currentDay=3
signTime=1615132800;signed=1;currentDay=3"
sign_num="3"
giftRes="ok"
giftDate="20210219"
sign_res_info="
2021/02/09_00:00:00  2    未签到
2021/02/10_00:00:00  2    未签到
2021/02/11_00:00:00  2    未签到
2021/02/12_00:00:00  2    未签到
2021/02/13_00:00:00  2    未签到
2021/02/14_00:00:00  2    未签到
2021/02/15_00:00:00  2    未签到
2021/02/16_00:00:00  2    未签到
2021/02/17_22:09:28  2    [已~签~到]
2021/02/18_01:11:23  2    [已~签~到]
2021/02/19_01:10:31  1    [已~签~到]
2021/02/20_00:00:00  3    未签到
2021/02/21_00:00:00  3    未签到
2021/02/22_00:00:00  3    未签到
2021/02/23_00:00:00  3    未签到
2021/02/24_00:00:00  3    未签到
2021/02/25_00:00:00  3    未签到
2021/02/26_00:00:00  3    未签到
2021/02/27_00:00:00  3    未签到
2021/02/28_00:00:00  3    未签到
2021/03/01_00:00:00  3    未签到
2021/03/02_00:00:00  3    未签到
2021/03/03_00:00:00  3    未签到
2021/03/04_00:00:00  3    未签到
2021/03/05_00:00:00  3    未签到
2021/03/06_00:00:00  3    未签到
2021/03/07_00:00:00  3    未签到
2021/03/08_00:00:00  3    未签到
已签到 3 天"
#赵 122294312-396444 sign_res_end
#王 1309893722-164885 sign_res
sign_res="
signTime=1612800000;signed=1;currentDay=2
signTime=1612886400;signed=1;currentDay=2
signTime=1612972800;signed=1;currentDay=2
signTime=1613059200;signed=1;currentDay=2
signTime=1613145600;signed=1;currentDay=2
signTime=1613232000;signed=1;currentDay=2
signTime=1613318400;signed=1;currentDay=2
signTime=1613404800;signed=1;currentDay=2
signTime=1613491200;signed=1;currentDay=2
signTime=1613581884;signed=2;currentDay=2
signTime=1613668231;signed=2;currentDay=1
signTime=1613750400;signed=1;currentDay=3
signTime=1613836800;signed=1;currentDay=3
signTime=1613923200;signed=1;currentDay=3
signTime=1614009600;signed=1;currentDay=3
signTime=1614096000;signed=1;currentDay=3
signTime=1614182400;signed=1;currentDay=3
signTime=1614268800;signed=1;currentDay=3
signTime=1614355200;signed=1;currentDay=3
signTime=1614441600;signed=1;currentDay=3
signTime=1614528000;signed=1;currentDay=3
signTime=1614614400;signed=1;currentDay=3
signTime=1614700800;signed=1;currentDay=3
signTime=1614787200;signed=1;currentDay=3
signTime=1614873600;signed=1;currentDay=3
signTime=1614960000;signed=1;currentDay=3
signTime=1615046400;signed=1;currentDay=3
signTime=1615132800;signed=1;currentDay=3"
sign_num="2"
giftRes="ok"
giftDate="20210219"
sign_res_info="
2021/02/09_00:00:00  2    未签到
2021/02/10_00:00:00  2    未签到
2021/02/11_00:00:00  2    未签到
2021/02/12_00:00:00  2    未签到
2021/02/13_00:00:00  2    未签到
2021/02/14_00:00:00  2    未签到
2021/02/15_00:00:00  2    未签到
2021/02/16_00:00:00  2    未签到
2021/02/17_00:00:00  2    未签到
2021/02/18_01:11:24  2    [已~签~到]
2021/02/19_01:10:31  1    [已~签~到]
2021/02/20_00:00:00  3    未签到
2021/02/21_00:00:00  3    未签到
2021/02/22_00:00:00  3    未签到
2021/02/23_00:00:00  3    未签到
2021/02/24_00:00:00  3    未签到
2021/02/25_00:00:00  3    未签到
2021/02/26_00:00:00  3    未签到
2021/02/27_00:00:00  3    未签到
2021/02/28_00:00:00  3    未签到
2021/03/01_00:00:00  3    未签到
2021/03/02_00:00:00  3    未签到
2021/03/03_00:00:00  3    未签到
2021/03/04_00:00:00  3    未签到
2021/03/05_00:00:00  3    未签到
2021/03/06_00:00:00  3    未签到
2021/03/07_00:00:00  3    未签到
2021/03/08_00:00:00  3    未签到
已签到 2 天"
#王 1309893722-164885 sign_res_end
#肥鹅 jd_4d651d9e48204 sign_res
sign_res="
signTime=1612800000;signed=1;currentDay=2
signTime=1612886400;signed=1;currentDay=2
signTime=1612972800;signed=1;currentDay=2
signTime=1613059200;signed=1;currentDay=2
signTime=1613145600;signed=1;currentDay=2
signTime=1613232000;signed=1;currentDay=2
signTime=1613318400;signed=1;currentDay=2
signTime=1613404800;signed=1;currentDay=2
signTime=1613570975;signed=2;currentDay=2
signTime=1613581906;signed=2;currentDay=2
signTime=1613668279;signed=2;currentDay=1
signTime=1613750400;signed=1;currentDay=3
signTime=1613836800;signed=1;currentDay=3
signTime=1613923200;signed=1;currentDay=3
signTime=1614009600;signed=1;currentDay=3
signTime=1614096000;signed=1;currentDay=3
signTime=1614182400;signed=1;currentDay=3
signTime=1614268800;signed=1;currentDay=3
signTime=1614355200;signed=1;currentDay=3
signTime=1614441600;signed=1;currentDay=3
signTime=1614528000;signed=1;currentDay=3
signTime=1614614400;signed=1;currentDay=3
signTime=1614700800;signed=1;currentDay=3
signTime=1614787200;signed=1;currentDay=3
signTime=1614873600;signed=1;currentDay=3
signTime=1614960000;signed=1;currentDay=3
signTime=1615046400;signed=1;currentDay=3
signTime=1615132800;signed=1;currentDay=3"
sign_num="3"
giftRes="ok"
giftDate="20210219"
sign_res_info="
2021/02/09_00:00:00  2    未签到
2021/02/10_00:00:00  2    未签到
2021/02/11_00:00:00  2    未签到
2021/02/12_00:00:00  2    未签到
2021/02/13_00:00:00  2    未签到
2021/02/14_00:00:00  2    未签到
2021/02/15_00:00:00  2    未签到
2021/02/16_00:00:00  2    未签到
2021/02/17_22:09:35  2    [已~签~到]
2021/02/18_01:11:46  2    [已~签~到]
2021/02/19_01:11:19  1    [已~签~到]
2021/02/20_00:00:00  3    未签到
2021/02/21_00:00:00  3    未签到
2021/02/22_00:00:00  3    未签到
2021/02/23_00:00:00  3    未签到
2021/02/24_00:00:00  3    未签到
2021/02/25_00:00:00  3    未签到
2021/02/26_00:00:00  3    未签到
2021/02/27_00:00:00  3    未签到
2021/02/28_00:00:00  3    未签到
2021/03/01_00:00:00  3    未签到
2021/03/02_00:00:00  3    未签到
2021/03/03_00:00:00  3    未签到
2021/03/04_00:00:00  3    未签到
2021/03/05_00:00:00  3    未签到
2021/03/06_00:00:00  3    未签到
2021/03/07_00:00:00  3    未签到
2021/03/08_00:00:00  3    未签到
已签到 3 天"
#肥鹅 jd_4d651d9e48204 sign_res_end
