02/19/21 01:14:45 950828500  1613668485
RANDOM_num: 25
removed '/tmp/tmp.LSXtPI9yRy'
lzkj-isv.isvjcloud.com	FALSE	/	FALSE	1613669086	LZ_TOKEN_VALUE	B0oH3vDY2bhHWuKbVaJ+XQ==
lzkj-isv.isvjcloud.com	FALSE	/	FALSE	1613669086	LZ_TOKEN_KEY	lztokenpage0c1565fc6bec45c3baa21abd333ad9e9
use pt_key
token: AAFgLqCGADBYCkR1Vuyl_iI5JVaqklkG7gC64m2vAptk8zV5RQzHJlQ17hopKtBay7ree60q_C4
secretPin: 4YEv+ri88IbQX5lhoqHrzE7oeVP9kq2pYSH90mYt4m3fwcJlClpxrfmVYaGKuquQkdK3rLBQpEQH9V4tdrrh0w==

02/19/21 01:14:46 731091600  1613668486
肥鹅签到易开得官方京东自营旗舰店
{
  "gift": null,
  "msg": "",
  "isOk": true,
  "isSend": null,
  "key": null
}
true
签到易开得官方京东自营旗舰店完成
02/19/21 01:15:12 501750600  1613668512

***********************************************
2021/02/01_08:00:00  [已~签~到]      
2021/02/02_08:00:00  [已~签~到]      
2021/02/03_08:00:00  [已~签~到]      
2021/02/04_08:00:00  [已~签~到]      
2021/02/05_08:00:00  [已~签~到]      
2021/02/06_08:00:00  [已~签~到]      
2021/02/07_08:00:00  [已~签~到]      
2021/02/08_08:00:00  [已~签~到]      
2021/02/09_08:00:00  [已~签~到]      
2021/02/10_08:00:00  [已~签~到]      
2021/02/11_08:00:00  [已~签~到]      
2021/02/12_08:00:00  [已~签~到]      
2021/02/13_08:00:00  [已~签~到]      
2021/02/14_08:00:00  [已~签~到]      
2021/02/15_08:00:00  [已~签~到]      
2021/02/16_08:00:00  [已~签~到]      
2021/02/17_08:00:00  [已~签~到]      
2021/02/18_08:00:00  [已~签~到]      
2021/02/19_08:00:00  [已~签~到]      
当天签到奖励 null
连续签到 19 天
签到总天数 19
***********************************************

肥鹅签到易开得官方京东自营旗舰店查看结果
{"msg":"","giftLog":{},"isOk":true,"signDetail":{"20210204":"y","20210205":"y","20210206":"y","20210207":"y","20210201":"y","20210202":"y","20210203":"y","20210212":"y","20210213":"y","20210214":"y","20210215":"y","20210208":"y","20210209":"y","20210210":"y","20210211":"y","20210216":"y","20210217":"y","20210218":"y","20210219":"y"},"followDays":2,"signRecord":{"nicknameShow":null,"id":"3eb88880b5fc42cbb1f121538a591cbe","venderId":1000348442,"actId":"6365de679b174d909e5474ce869c32fe","actName":"1-3月签到活动","nick":"4YEv+ri88IbQX5lhoqHrzE7oeVP9kq2pYSH90mYt4m3fwcJlClpxrfmVYaGKuquQkdK3rLBQpEQH9V4tdrrh0w==","phone":"","midUrl":null,"pin":"4YEv+ri88IbQX5lhoqHrzE7oeVP9kq2pYSH90mYt4m3fwcJlClpxrfmVYaGKuquQkdK3rLBQpEQH9V4tdrrh0w==","lastSignDate":20210219,"contiSignNum":19,"totalSignNum":19,"createTime":1612183637000,"updateTime":1613668486000,"remark":null}}

{
  "signDetail": {
    "20210204": "y",
    "20210205": "y",
    "20210206": "y",
    "20210207": "y",
    "20210201": "y",
    "20210202": "y",
    "20210203": "y",
    "20210212": "y",
    "20210213": "y",
    "20210214": "y",
    "20210215": "y",
    "20210208": "y",
    "20210209": "y",
    "20210210": "y",
    "20210211": "y",
    "20210216": "y",
    "20210217": "y",
    "20210218": "y",
    "20210219": "y"
  },
  "contiSignNum": 19,
  "totalSignNum": 19
}

易开得官方京东自营旗舰店活动规则
{"msg":"","act":{"id":"6365de679b174d909e5474ce869c32fe","jdActivityId":null,"venderId":1000348442,"actName":"1-3月签到活动","startTime":1610553600000,"endTime":1617206399000,"tplId":"0140","deleted":null,"actUrl":"https://lzkj-isv.isvjcloud.com/sign/signActivity2?activityId=6365de679b174d909e5474ce869c32fe&venderId=1000348442","shortUrl":"3.cn/100-NtQBz","qrcodeUrl":"https://img10.360buyimg.com/imgzone/jfs/t1/163223/5/2464/3596/5ffe9bb8E126c5fbd/aa390019be7093b8.png","actRule":"1、活动时间：2021-01-14 00:00 - 2021-03-31 23:59；
2、符合连续签到赠送条件，则有机会赠送连续签到奖品，同时每日签到奖品不赠送；
3、连续签到7天，有机会赠送[精品毛毯一条]；
4、连续签到16天，有机会赠送[保温杯一个]；
5、连续签到21天，有机会赠送[磨毛四件套]；
6、达到连续签到天数并领取奖品后，签到记录清零，从第1天重新计算；
7、关注店铺后方可参与活动；
8、签到成功后有机会获得奖品，也有可能会与奖品擦肩而过（奖品数量有限，先到先得）；
9、若用户存在刷奖等恶意行为，一经发现将取消抽奖资格（如奖品已经发放，有权追回奖品）；
注：奖品发放形式：
实物奖：
（1）中奖客户信息收集：页面弹屏提示中奖客户提供收货地址、号码和奖项；(超过1小时未填写对应收货信息，视为放弃);
（2）实物奖采取寄送方式发放，获奖用户需在开奖后填写姓名、联系电话、详细地址信息。如因用户原因无法联系上，即奖品作废不再补发，或如用户未填写真实有效的信息或填写收货信息不详，均视为放弃奖品；
虚拟产品奖：
（1）京豆：中奖后系统预计24小时内自动发放至账户；
（2）优惠券：中奖后需手动领取，预计24小时到账；
【活动参与主体资格】
（1）每位自然人用户仅能使用一个京东账号参与活动，微信号、QQ、京东帐号、手机号码等任一信息一致或指向同一用户的，视为同一个用户，则第一个参与本活动的账号参与结果有效，其余账号参与结果均视为无效。
（2）若发现同一位用户使用不同账号重复参与活动，承办方有权取消其获奖资格。
【注意事项】
（1）活动过程中，凡以不正当手段（如作弊领取、恶意套取、刷信誉、虚假交易、扰乱系统、实施网络攻击等）参与本次活动的用户，商家有权终止其参与活动，并取消其获奖资格（如奖品已发放，商家有权追回），如给商家造成损失的，商家将保留向违规用户继续追索的权利。
（2）如遇不可抗力(包括但不限于重大灾害事件、活动受政府机关指令需要停止举办或调整的、活动中存在大面积作弊行为、活动遭受严重网络攻击或因系统故障导致活动中奖名单大批量出错，活动不能正常进行的)，商家有权取消、修改或暂停本活动。
（3）本活动所发放的实物奖不得提现、不得转赠他人、不得为他人付款。
（4）是否中奖以活动发布者后台统计结果为准。
","createTime":1610521528000,"updateTime":1612320766000,"activityType":null,"actTimeStr":"2021-01-14 00:00 至 2021-03-31 23:59","actRange":"all","isFocusShop":"y","giftJson":"{\"giftConditions\":[{\"dayNum\":\"7\",\"gift\":{\"giftInfoId\":\"f5ebb7fdd7194fefb29bd71c7087ed7b\",\"giftName\":\"精品毛毯一条\",\"giftNum\":\"99\",\"giftTotal\":\"99\",\"giftType\":\"7\",\"id\":\"4919d576296e45079baa9cc4e4e3f4fb\",\"priceInfo\":\"99.00\",\"shortLink\":\"\",\"type\":0}},{\"dayNum\":\"16\",\"gift\":{\"giftInfoId\":\"a3ac193427e9469d90e6261835f6ada8\",\"giftName\":\"保温杯一个\",\"giftNum\":\"199\",\"giftTotal\":\"99\",\"giftType\":\"7\",\"id\":\"8beb9a1e52cc453f9dd60c6a6540e385\",\"priceInfo\":\"199.00\",\"shortLink\":\"\",\"type\":0}},{\"dayNum\":\"21\",\"gift\":{\"giftInfoId\":\"9a77eaea37244b9da384ed2df2be3895\",\"giftName\":\"磨毛四件套\",\"giftNum\":\"359\",\"giftTotal\":\"99\",\"giftType\":\"7\",\"id\":\"ffa53d1005824f8b98e44f3730a5af73\",\"priceInfo\":\"359.00\",\"shortLink\":\"\",\"type\":0}}],\"hasGiftEveryDay\":\"n\",\"signType\":\"1\"}","wxSignActivityGiftBean":{"hasGiftEveryDay":"n","gift":null,"signType":"1","giftConditions":[{"dayNum":"7","gift":{"activityId":null,"activityType":null,"venderId":null,"type":0,"name":null,"itemHb":null,"id":"4919d576296e45079baa9cc4e4e3f4fb","giftType":"7","giftName":"精品毛毯一条","giftNum":"99","giftTotal":"99","giftResidue":null,"priceInfo":"99.00","shortLink":"","orginLink":null,"giftInfoId":"f5ebb7fdd7194fefb29bd71c7087ed7b","commonAddAwardVO":null}},{"dayNum":"16","gift":{"activityId":null,"activityType":null,"venderId":null,"type":0,"name":null,"itemHb":null,"id":"8beb9a1e52cc453f9dd60c6a6540e385","giftType":"7","giftName":"保温杯一个","giftNum":"199","giftTotal":"99","giftResidue":null,"priceInfo":"199.00","shortLink":"","orginLink":null,"giftInfoId":"a3ac193427e9469d90e6261835f6ada8","commonAddAwardVO":null}},{"dayNum":"21","gift":{"activityId":null,"activityType":null,"venderId":null,"type":0,"name":null,"itemHb":null,"id":"ffa53d1005824f8b98e44f3730a5af73","giftType":"7","giftName":"磨毛四件套","giftNum":"359","giftTotal":"99","giftResidue":null,"priceInfo":"359.00","shortLink":"","orginLink":null,"giftInfoId":"9a77eaea37244b9da384ed2df2be3895","commonAddAwardVO":null}}]},"isShowItems":"y","showItemIds":"100008762837,100008762851,100015557768,100015557802,100015565794,100008873539,100008762835,100015565792,100015557782,100015557760,100016278742,100016278726","jmWareVOList":null,"status":"ING"},"isOk":true}

{
  "actUrl": "https://lzkj-isv.isvjcloud.com/sign/signActivity2?activityId=6365de679b174d909e5474ce869c32fe&venderId=1000348442",
  "shortUrl": "3.cn/100-NtQBz",
  "actRule": "1、活动时间：2021-01-14 00:00 - 2021-03-31 23:59；\n2、符合连续签到赠送条件，则有机会赠送连续签到奖品，同时每日签到奖品不赠送；\n3、连续签到7天，有机会赠送[精品毛毯一条]；\n4、连续签到16天，有机会赠送[保温杯一个]；\n5、连续签到21天，有机会赠送[磨毛四件套]；\n6、达到连续签到天数并领取奖品后，签到记录清零，从第1天重新计算；\n7、关注店铺后方可参与活动；\n8、签到成功后有机会获得奖品，也有可能会与奖品擦肩而过（奖品数量有限，先到先得）；\n9、若用户存在刷奖等恶意行为，一经发现将取消抽奖资格（如奖品已经发放，有权追回奖品）；\n注：奖品发放形式：\n实物奖：\n（1）中奖客户信息收集：页面弹屏提示中奖客户提供收货地址、号码和奖项；(超过1小时未填写对应收货信息，视为放弃);\n（2）实物奖采取寄送方式发放，获奖用户需在开奖后填写姓名、联系电话、详细地址信息。如因用户原因无法联系上，即奖品作废不再补发，或如用户未填写真实有效的信息或填写收货信息不详，均视为放弃奖品；\n虚拟产品奖：\n（1）京豆：中奖后系统预计24小时内自动发放至账户；\n（2）优惠券：中奖后需手动领取，预计24小时到账；\n【活动参与主体资格】\n（1）每位自然人用户仅能使用一个京东账号参与活动，微信号、QQ、京东帐号、手机号码等任一信息一致或指向同一用户的，视为同一个用户，则第一个参与本活动的账号参与结果有效，其余账号参与结果均视为无效。\n（2）若发现同一位用户使用不同账号重复参与活动，承办方有权取消其获奖资格。\n【注意事项】\n（1）活动过程中，凡以不正当手段（如作弊领取、恶意套取、刷信誉、虚假交易、扰乱系统、实施网络攻击等）参与本次活动的用户，商家有权终止其参与活动，并取消其获奖资格（如奖品已发放，商家有权追回），如给商家造成损失的，商家将保留向违规用户继续追索的权利。\n（2）如遇不可抗力(包括但不限于重大灾害事件、活动受政府机关指令需要停止举办或调整的、活动中存在大面积作弊行为、活动遭受严重网络攻击或因系统故障导致活动中奖名单大批量出错，活动不能正常进行的)，商家有权取消、修改或暂停本活动。\n（3）本活动所发放的实物奖不得提现、不得转赠他人、不得为他人付款。\n（4）是否中奖以活动发布者后台统计结果为准。\n"
}
# 活动时间：2021.01.14 00:00:00 - 2021.03.31 23:59:59
# 奖励说明：
actRule="
连续签到7天：赠送精品毛毯一条
连续签到16天：赠送保温杯一个
连续签到21天：赠送磨毛四件套
"

#店铺名称
vendername="易开得官方京东自营旗舰店"
#店铺激活码
actId="6365de679b174d909e5474ce869c32fe"
##店铺id
venderId="1000348442"
#移动 jd_OeTNobRVGiNZ sign_res
sign_res="
signTime=1612137600;signed=2
signTime=1612224000;signed=2
signTime=1612310400;signed=2
signTime=1612396800;signed=2
signTime=1612483200;signed=2
signTime=1612569600;signed=2
signTime=1612656000;signed=2
signTime=1612742400;signed=2
signTime=1612828800;signed=2
signTime=1612915200;signed=2
signTime=1613001600;signed=2
signTime=1613088000;signed=2
signTime=1613174400;signed=2
signTime=1613260800;signed=2
signTime=1613347200;signed=2
signTime=1613433600;signed=2
signTime=1613520000;signed=2
signTime=1613606400;signed=2"
sign_num="18"
sign_total_num="18"
giftName="null"
giftRes="ok"
giftDate="20210218"
sign_res_info="
2021/02/01_08:00:00  [已~签~到]      
2021/02/02_08:00:00  [已~签~到]      
2021/02/03_08:00:00  [已~签~到]      
2021/02/04_08:00:00  [已~签~到]      
2021/02/05_08:00:00  [已~签~到]      
2021/02/06_08:00:00  [已~签~到]      
2021/02/07_08:00:00  [已~签~到]      
2021/02/08_08:00:00  [已~签~到]      
2021/02/09_08:00:00  [已~签~到]      
2021/02/10_08:00:00  [已~签~到]      
2021/02/11_08:00:00  [已~签~到]      
2021/02/12_08:00:00  [已~签~到]      
2021/02/13_08:00:00  [已~签~到]      
2021/02/14_08:00:00  [已~签~到]      
2021/02/15_08:00:00  [已~签~到]      
2021/02/16_08:00:00  [已~签~到]      
2021/02/17_08:00:00  [已~签~到]      
2021/02/18_08:00:00  [已~签~到]      
当天签到奖励 null
连续签到 18 天
签到总天数 18"
#移动 jd_OeTNobRVGiNZ sign_res_end
#赵 122294312-396444 sign_res
sign_res="
signTime=1612137600;signed=2
signTime=1612224000;signed=2
signTime=1612310400;signed=2
signTime=1612396800;signed=2
signTime=1612483200;signed=2
signTime=1612569600;signed=2
signTime=1612656000;signed=2
signTime=1612742400;signed=2
signTime=1612828800;signed=2
signTime=1612915200;signed=2
signTime=1613001600;signed=2
signTime=1613088000;signed=2
signTime=1613174400;signed=2
signTime=1613260800;signed=2
signTime=1613347200;signed=2
signTime=1613433600;signed=2
signTime=1613520000;signed=2
signTime=1613606400;signed=2
signTime=1613692800;signed=2"
sign_num="19"
sign_total_num="19"
giftName="null"
giftRes="ok"
giftDate="20210219"
sign_res_info="
2021/02/01_08:00:00  [已~签~到]      
2021/02/02_08:00:00  [已~签~到]      
2021/02/03_08:00:00  [已~签~到]      
2021/02/04_08:00:00  [已~签~到]      
2021/02/05_08:00:00  [已~签~到]      
2021/02/06_08:00:00  [已~签~到]      
2021/02/07_08:00:00  [已~签~到]      
2021/02/08_08:00:00  [已~签~到]      
2021/02/09_08:00:00  [已~签~到]      
2021/02/10_08:00:00  [已~签~到]      
2021/02/11_08:00:00  [已~签~到]      
2021/02/12_08:00:00  [已~签~到]      
2021/02/13_08:00:00  [已~签~到]      
2021/02/14_08:00:00  [已~签~到]      
2021/02/15_08:00:00  [已~签~到]      
2021/02/16_08:00:00  [已~签~到]      
2021/02/17_08:00:00  [已~签~到]      
2021/02/18_08:00:00  [已~签~到]      
2021/02/19_08:00:00  [已~签~到]      
当天签到奖励 null
连续签到 19 天
签到总天数 19"
#赵 122294312-396444 sign_res_end
#王 1309893722-164885 sign_res
sign_res="
signTime=1612137600;signed=2
signTime=1613260800;signed=2
signTime=1613347200;signed=2
signTime=1613433600;signed=2
signTime=1613520000;signed=2
signTime=1613606400;signed=2
signTime=1613692800;signed=2"
sign_num="6"
sign_total_num="7"
giftName="null"
giftRes="ok"
giftDate="20210219"
sign_res_info="
2021/02/01_08:00:00  [已~签~到]      
2021/02/14_08:00:00  [已~签~到]      
2021/02/15_08:00:00  [已~签~到]      
2021/02/16_08:00:00  [已~签~到]      
2021/02/17_08:00:00  [已~签~到]      
2021/02/18_08:00:00  [已~签~到]      
2021/02/19_08:00:00  [已~签~到]      
当天签到奖励 null
连续签到 6 天
签到总天数 7"
#王 1309893722-164885 sign_res_end
#肥鹅 jd_4d651d9e48204 sign_res
sign_res="
signTime=1612137600;signed=2
signTime=1612224000;signed=2
signTime=1612310400;signed=2
signTime=1612396800;signed=2
signTime=1612483200;signed=2
signTime=1612569600;signed=2
signTime=1612656000;signed=2
signTime=1612742400;signed=2
signTime=1612828800;signed=2
signTime=1612915200;signed=2
signTime=1613001600;signed=2
signTime=1613088000;signed=2
signTime=1613174400;signed=2
signTime=1613260800;signed=2
signTime=1613347200;signed=2
signTime=1613433600;signed=2
signTime=1613520000;signed=2
signTime=1613606400;signed=2
signTime=1613692800;signed=2"
sign_num="19"
sign_total_num="19"
giftName="null"
giftRes="ok"
giftDate="20210219"
sign_res_info="
2021/02/01_08:00:00  [已~签~到]      
2021/02/02_08:00:00  [已~签~到]      
2021/02/03_08:00:00  [已~签~到]      
2021/02/04_08:00:00  [已~签~到]      
2021/02/05_08:00:00  [已~签~到]      
2021/02/06_08:00:00  [已~签~到]      
2021/02/07_08:00:00  [已~签~到]      
2021/02/08_08:00:00  [已~签~到]      
2021/02/09_08:00:00  [已~签~到]      
2021/02/10_08:00:00  [已~签~到]      
2021/02/11_08:00:00  [已~签~到]      
2021/02/12_08:00:00  [已~签~到]      
2021/02/13_08:00:00  [已~签~到]      
2021/02/14_08:00:00  [已~签~到]      
2021/02/15_08:00:00  [已~签~到]      
2021/02/16_08:00:00  [已~签~到]      
2021/02/17_08:00:00  [已~签~到]      
2021/02/18_08:00:00  [已~签~到]      
2021/02/19_08:00:00  [已~签~到]      
当天签到奖励 null
连续签到 19 天
签到总天数 19"
#肥鹅 jd_4d651d9e48204 sign_res_end
