RANDOM_num: 20
lzdz-isv.isvjcloud.com	FALSE	/	FALSE	1617559970	LZ_TOKEN_VALUE	B0oH3vDY2bhHWuKbVaJ+XQ==
lzdz-isv.isvjcloud.com	FALSE	/	FALSE	1617559970	LZ_TOKEN_KEY	lztokenpage2b5d82ff02ba4151b8e891b70e31e776
use pt_key
token: AAFgaf9KADDlmj0i6o0tC_UlGBIELdSKPCz3AqYKfi2ipjdggG_D8_YjDpnBC32_BXnIYtNRGjU
secretPin: 4YEv+ri88IbQX5lhoqHrzE7oeVP9kq2pYSH90mYt4m3fwcJlClpxrfmVYaGKuquQkdK3rLBQpEQH9V4tdrrh0w==

04/05/21 02:02:51 044470200  1617559371
肥鹅签到蒙牛京东自营旗舰店
{
  "result": false,
  "data": "",
  "count": 0,
  "errorMessage": "活动已结束！"
}
"活动已结束！"
签到蒙牛京东自营旗舰店完成

肥鹅签到蒙牛京东自营旗舰店查看结果, 活动规则
{"result":false,"data":"","count":0,"errorMessage":"活动已结束！"}

{
  "result": false,
  "data": "",
  "count": 0,
  "errorMessage": "活动已结束！"
}
