02/27/21 01:18:10 165601500  1614359890
RANDOM_num: 5
removed '/tmp/tmp.7cgkMvkqnf'
02/27/21 01:18:13 160940100  1614359893 检查移动签到

real	0m1.468s
user	0m0.000s
sys	0m0.078s
[WARN] get LZ_TOKEN error
02/27/21 01:18:18 428746800  1614359898
use wskey

real	0m1.134s
user	0m0.125s
sys	0m0.125s
02/27/21 01:18:19 992855200  1614359899 token: AAFgOS1bADAg0PZWNAdfgDE51kN8-HSSU8i_Je_1hs6oZI22eKC6dJT-wZ7ynozoEYwX82sSElM
parse error: Invalid numeric literal at line 1, column 10

real	0m2.038s
user	0m0.125s
sys	0m0.125s
02/27/21 01:18:22 602532000  1614359902 secretPin: 
[WARN] get secretPin error

02/27/21 01:18:23 121533700  1614359903 移动签到英氏YeeHoO奥特莱斯店

real	0m0.560s
user	0m0.016s
sys	0m0.094s
parse error: Invalid numeric literal at line 1, column 10
parse error: Invalid numeric literal at line 1, column 10
parse error: Invalid numeric literal at line 1, column 10
parse error: Invalid numeric literal at line 1, column 10
02/27/21 01:18:31 323300900 1614359911

real	0m1.943s
user	0m0.000s
sys	0m0.031s

real	0m2.430s
user	0m0.016s
sys	0m0.109s
[WARN] get LZ_TOKEN error
02/27/21 01:18:37 581199100  1614359917
use wskey

real	0m1.513s
user	0m0.109s
sys	0m0.109s
02/27/21 01:18:39 392945700  1614359919 token: AAFgOS1uADDOBeuFJIpyCqjnhgo6QKkbuQEHLw8U_BuAUwGrG2PL32S3OpqiUrr3eBiA8z9CYhQ
parse error: Invalid numeric literal at line 1, column 10

real	0m2.278s
user	0m0.125s
sys	0m0.094s
02/27/21 01:18:42 195592000  1614359922 secretPin: 
[WARN] get secretPin error

02/27/21 01:18:42 624167000  1614359922 移动签到英氏YeeHoO奥特莱斯店

real	0m1.507s
user	0m0.063s
sys	0m0.125s
parse error: Invalid numeric literal at line 1, column 10
parse error: Invalid numeric literal at line 1, column 10
parse error: Invalid numeric literal at line 1, column 10
parse error: Invalid numeric literal at line 1, column 10
02/27/21 01:18:49 819065300 1614359929

real	0m2.029s
user	0m0.000s
sys	0m0.031s

real	0m3.680s
user	0m0.031s
sys	0m0.047s
[WARN] get LZ_TOKEN error
02/27/21 01:18:58 062391500  1614359938
use wskey

real	0m2.168s
user	0m0.125s
sys	0m0.078s
02/27/21 01:19:00 806383700  1614359940 token: AAFgOS2EADAxHpUsuIKbYl6Aoin5NK_kbTYLs7MAMQJn8ZuZEkHI8FyV44c7ktYq2ysdC5NFAbk
parse error: Invalid numeric literal at line 1, column 10

real	0m2.200s
user	0m0.125s
sys	0m0.125s
02/27/21 01:19:03 570198500  1614359943 secretPin: 
[WARN] get secretPin error

02/27/21 01:19:04 171895900  1614359944 移动签到英氏YeeHoO奥特莱斯店

real	0m1.634s
user	0m0.031s
sys	0m0.078s
parse error: Invalid numeric literal at line 1, column 10
parse error: Invalid numeric literal at line 1, column 10
parse error: Invalid numeric literal at line 1, column 10
parse error: Invalid numeric literal at line 1, column 10
02/27/21 01:19:10 167067800 1614359950

real	0m1.903s
user	0m0.016s
sys	0m0.063s

real	0m2.103s
user	0m0.063s
sys	0m0.094s
[WARN] get LZ_TOKEN error
02/27/21 01:19:16 273118300  1614359956
use wskey

real	0m1.648s
user	0m0.109s
sys	0m0.125s
02/27/21 01:19:18 566263100  1614359958 token: AAFgOS2VADCr7bQxr3l9_mlX8zWZ8v_R8UuEirn09N8Cfk8i0wolo5RIG9Y6yDty6HiCJIrQYfk
parse error: Invalid numeric literal at line 1, column 10

real	0m1.719s
user	0m0.109s
sys	0m0.078s
02/27/21 01:19:20 733057400  1614359960 secretPin: 
[WARN] get secretPin error

02/27/21 01:19:21 301353800  1614359961 移动签到英氏YeeHoO奥特莱斯店

real	0m1.811s
user	0m0.031s
sys	0m0.094s
parse error: Invalid numeric literal at line 1, column 10
parse error: Invalid numeric literal at line 1, column 10
parse error: Invalid numeric literal at line 1, column 10
parse error: Invalid numeric literal at line 1, column 10
02/27/21 01:19:30 088534600 1614359970

real	0m2.488s
user	0m0.000s
sys	0m0.031s

real	0m2.280s
user	0m0.031s
sys	0m0.078s
[WARN] get LZ_TOKEN error
02/27/21 01:19:36 945521100  1614359976
use wskey

real	0m1.970s
user	0m0.109s
sys	0m0.109s
02/27/21 01:19:39 216885900  1614359979 token: AAFgOS2qADDCNK-IRbzNkfceMIf5n1LItcDpaBSJcFGD4B8oxT1aro4YUweCcixZs9heHsS3nuc
parse error: Invalid numeric literal at line 1, column 10

real	0m2.201s
user	0m0.094s
sys	0m0.172s
02/27/21 01:19:41 945925100  1614359981 secretPin: 
[WARN] get secretPin error

02/27/21 01:19:43 399002800  1614359983 移动签到英氏YeeHoO奥特莱斯店

real	0m1.173s
user	0m0.063s
sys	0m0.031s
parse error: Invalid numeric literal at line 1, column 10
parse error: Invalid numeric literal at line 1, column 10
parse error: Invalid numeric literal at line 1, column 10
parse error: Invalid numeric literal at line 1, column 10
02/27/21 01:19:50 528622700 1614359990

real	0m2.451s
user	0m0.000s
sys	0m0.016s

real	0m3.478s
user	0m0.031s
sys	0m0.109s
[WARN] get LZ_TOKEN error
02/27/21 01:19:57 724686300  1614359997
use wskey

real	0m1.780s
user	0m0.141s
sys	0m0.141s
02/27/21 01:20:00 025726600  1614360000 token: AAFgOS2_ADCAY2cU5CKmpe-Uc4NqK_2BNtkMq8MoB8_88Z05TNN5kBEFsMGSPTywpYFjVPS_zX0
parse error: Invalid numeric literal at line 1, column 10

real	0m1.956s
user	0m0.109s
sys	0m0.094s
02/27/21 01:20:02 311853300  1614360002 secretPin: 
[WARN] get secretPin error

02/27/21 01:20:02 899742500  1614360002 移动签到英氏YeeHoO奥特莱斯店

real	0m1.578s
user	0m0.016s
sys	0m0.094s
parse error: Invalid numeric literal at line 1, column 10
parse error: Invalid numeric literal at line 1, column 10
parse error: Invalid numeric literal at line 1, column 10
parse error: Invalid numeric literal at line 1, column 10
02/27/21 01:20:10 332439300 1614360010

real	0m3.100s
user	0m0.000s
sys	0m0.031s

real	0m1.811s
user	0m0.031s
sys	0m0.141s
[WARN] get LZ_TOKEN error
02/27/21 01:20:16 333517100  1614360016
use wskey

real	0m1.825s
user	0m0.141s
sys	0m0.094s
02/27/21 01:20:18 924584300  1614360018 token: AAFgOS3SADD1b7ZoBJIJToAKUsEnL6dH2oGoyCCmrThS5owNWLLtU8GqedkYTHCcsg-7Cgho8XU
parse error: Invalid numeric literal at line 1, column 10

real	0m1.449s
user	0m0.109s
sys	0m0.172s
02/27/21 01:20:20 811844500  1614360020 secretPin: 
[WARN] get secretPin error

02/27/21 01:20:21 341246400  1614360021 移动签到英氏YeeHoO奥特莱斯店

real	0m2.367s
user	0m0.031s
sys	0m0.047s
parse error: Invalid numeric literal at line 1, column 10
parse error: Invalid numeric literal at line 1, column 10
parse error: Invalid numeric literal at line 1, column 10
parse error: Invalid numeric literal at line 1, column 10
02/27/21 01:20:31 397611100 1614360031

real	0m2.531s
user	0m0.000s
sys	0m0.047s

real	0m1.258s
user	0m0.047s
sys	0m0.063s
[WARN] get LZ_TOKEN error
02/27/21 01:20:35 927891900  1614360035
use wskey

real	0m1.311s
user	0m0.109s
sys	0m0.125s
02/27/21 01:20:37 607800400  1614360037 token: AAFgOS3lADCtLLsFWnFuwrUvVO1ipIs3-z30Y8WuZMQkcQjIdR8Ylhr9La-JQxtWSXdJZbhRUo4
parse error: Invalid numeric literal at line 1, column 10

real	0m1.983s
user	0m0.141s
sys	0m0.094s
02/27/21 01:20:40 132056700  1614360040 secretPin: 
[WARN] get secretPin error

02/27/21 01:20:40 437279700  1614360040 移动签到英氏YeeHoO奥特莱斯店

real	0m1.970s
user	0m0.047s
sys	0m0.078s
parse error: Invalid numeric literal at line 1, column 10
parse error: Invalid numeric literal at line 1, column 10
parse error: Invalid numeric literal at line 1, column 10
parse error: Invalid numeric literal at line 1, column 10
02/27/21 01:20:46 489232600 1614360046

real	0m2.562s
user	0m0.000s
sys	0m0.031s

real	0m2.207s
user	0m0.031s
sys	0m0.094s
[WARN] get LZ_TOKEN error
02/27/21 01:20:51 916388200  1614360051
use wskey

real	0m1.466s
user	0m0.109s
sys	0m0.141s
02/27/21 01:20:54 390802800  1614360054 token: AAFgOS31ADBNwmqPIatbb8R6XWqKOZTIYn1qQUwnCvpzeDNRrj7XMyrR7k1fHs6nRwy7BSRmK6w
parse error: Invalid numeric literal at line 1, column 10

real	0m2.003s
user	0m0.125s
sys	0m0.109s
02/27/21 01:20:56 728969200  1614360056 secretPin: 
[WARN] get secretPin error

02/27/21 01:20:57 262363600  1614360057 移动签到英氏YeeHoO奥特莱斯店

real	0m1.348s
user	0m0.016s
sys	0m0.141s
parse error: Invalid numeric literal at line 1, column 10
parse error: Invalid numeric literal at line 1, column 10
parse error: Invalid numeric literal at line 1, column 10
parse error: Invalid numeric literal at line 1, column 10
02/27/21 01:21:02 081596500 1614360062

real	0m2.834s
user	0m0.000s
sys	0m0.031s

real	0m1.960s
user	0m0.016s
sys	0m0.063s
[WARN] get LZ_TOKEN error
02/27/21 01:21:08 461414500  1614360068
use wskey

real	0m1.174s
user	0m0.156s
sys	0m0.078s
02/27/21 01:21:09 883806400  1614360069 token: AAFgOS4GADAALZ6AWzi1s4wmwNecCXiyPgSQX0S5IwFfOu7jamABuxqyCUAVW_HKumEiPQL7HGM
parse error: Invalid numeric literal at line 1, column 10

real	0m1.580s
user	0m0.141s
sys	0m0.094s
02/27/21 01:21:11 628584000  1614360071 secretPin: 
[WARN] get secretPin error

02/27/21 01:21:12 559256300  1614360072 移动签到英氏YeeHoO奥特莱斯店

real	0m1.474s
user	0m0.031s
sys	0m0.063s
parse error: Invalid numeric literal at line 1, column 10
parse error: Invalid numeric literal at line 1, column 10
parse error: Invalid numeric literal at line 1, column 10
parse error: Invalid numeric literal at line 1, column 10
02/27/21 01:21:17 531589600 1614360077

real	0m2.873s
user	0m0.000s
sys	0m0.000s

real	0m1.063s
user	0m0.016s
sys	0m0.109s
[WARN] get LZ_TOKEN error
02/27/21 01:21:22 337590400  1614360082
use wskey

real	0m1.077s
user	0m0.109s
sys	0m0.125s
02/27/21 01:21:24 369720800  1614360084 token: AAFgOS4TADAU4ck_hw9fZGbLncxbdt8dmg5GCbFMplS6EBuLAVhAxOvdATHOcKP2QTqxNmq4m_8
parse error: Invalid numeric literal at line 1, column 10

real	0m1.357s
user	0m0.125s
sys	0m0.125s
02/27/21 01:21:26 001132300  1614360086 secretPin: 
[WARN] get secretPin error

02/27/21 01:21:26 315427800  1614360086 移动签到英氏YeeHoO奥特莱斯店

real	0m0.927s
user	0m0.031s
sys	0m0.094s
parse error: Invalid numeric literal at line 1, column 10
parse error: Invalid numeric literal at line 1, column 10
parse error: Invalid numeric literal at line 1, column 10
parse error: Invalid numeric literal at line 1, column 10
02/27/21 01:21:29 840892200 1614360089

real	0m3.057s
user	0m0.000s
sys	0m0.000s

real	0m1.050s
user	0m0.031s
sys	0m0.094s
[WARN] get LZ_TOKEN error
02/27/21 01:21:34 584647100  1614360094
use wskey

real	0m0.989s
user	0m0.094s
sys	0m0.125s
02/27/21 01:21:35 934286300  1614360095 token: AAFgOS4fADBaBCyXb1bqrBI52Znu1UjvZaWiXmwQ-Yy0AvoRAvKI0GhwL8jRJbM4ECtwnbFCCQI
parse error: Invalid numeric literal at line 1, column 10

real	0m1.260s
user	0m0.063s
sys	0m0.156s
02/27/21 01:21:37 709925300  1614360097 secretPin: 
[WARN] get secretPin error

02/27/21 01:21:38 068007400  1614360098 移动签到英氏YeeHoO奥特莱斯店

real	0m1.198s
user	0m0.063s
sys	0m0.109s
parse error: Invalid numeric literal at line 1, column 10
parse error: Invalid numeric literal at line 1, column 10
parse error: Invalid numeric literal at line 1, column 10
parse error: Invalid numeric literal at line 1, column 10
02/27/21 01:21:42 321143100 1614360102

real	0m3.317s
user	0m0.000s
sys	0m0.063s

real	0m1.315s
user	0m0.000s
sys	0m0.109s
[WARN] get LZ_TOKEN error
02/27/21 01:21:47 567830800  1614360107
use wskey

real	0m1.378s
user	0m0.109s
sys	0m0.141s
02/27/21 01:21:49 173198400  1614360109 token: AAFgOS4sADAj_3lSHqMEo7UyU-_Go6bP61hXBFyCwlAQf9YtPYhOZIVldneHBtQ9xJoXCsQr6Ok
parse error: Invalid numeric literal at line 1, column 10

real	0m0.769s
user	0m0.109s
sys	0m0.094s
02/27/21 01:21:50 248314000  1614360110 secretPin: 
[WARN] get secretPin error

02/27/21 01:21:50 518477600  1614360110 移动签到英氏YeeHoO奥特莱斯店

real	0m1.112s
user	0m0.047s
sys	0m0.109s
parse error: Invalid numeric literal at line 1, column 10
parse error: Invalid numeric literal at line 1, column 10
parse error: Invalid numeric literal at line 1, column 10
parse error: Invalid numeric literal at line 1, column 10
02/27/21 01:21:55 494418400 1614360115

real	0m3.247s
user	0m0.000s
sys	0m0.063s

real	0m0.701s
user	0m0.016s
sys	0m0.141s
[WARN] get LZ_TOKEN error
02/27/21 01:22:00 118695200  1614360120
use wskey

real	0m0.818s
user	0m0.094s
sys	0m0.109s
02/27/21 01:22:01 164942500  1614360121 token: AAFgOS44ADBJvXat9r0qwcv2mLUZqXctYBXvdkjXB89mX5pcAW0r-8Qgjabm6m9dck_AQ7qfu1w
parse error: Invalid numeric literal at line 1, column 10

real	0m0.958s
user	0m0.109s
sys	0m0.141s
02/27/21 01:22:02 274194100  1614360122 secretPin: 
[WARN] get secretPin error

02/27/21 01:22:02 474439300  1614360122 移动签到英氏YeeHoO奥特莱斯店

real	0m0.813s
user	0m0.031s
sys	0m0.094s
parse error: Invalid numeric literal at line 1, column 10
parse error: Invalid numeric literal at line 1, column 10
parse error: Invalid numeric literal at line 1, column 10
parse error: Invalid numeric literal at line 1, column 10
02/27/21 01:22:05 953975500 1614360125

real	0m3.286s
user	0m0.000s
sys	0m0.031s

real	0m0.950s
user	0m0.063s
sys	0m0.109s
[WARN] get LZ_TOKEN error
02/27/21 01:22:10 617099900  1614360130
use wskey

real	0m1.024s
user	0m0.094s
sys	0m0.141s
02/27/21 01:22:11 816307500  1614360131 token: AAFgOS5DADCByjtsZ9AJtAocVBdOys4TM-CDebgFxXW7P0eS8WUVQso1YJkX0xtNVg-Xqlxo1us
parse error: Invalid numeric literal at line 1, column 10

real	0m0.723s
user	0m0.094s
sys	0m0.125s
02/27/21 01:22:12 663556000  1614360132 secretPin: 
[WARN] get secretPin error

02/27/21 01:22:12 763115100  1614360132 移动签到英氏YeeHoO奥特莱斯店

real	0m0.903s
user	0m0.016s
sys	0m0.094s
parse error: Invalid numeric literal at line 1, column 10
parse error: Invalid numeric literal at line 1, column 10
parse error: Invalid numeric literal at line 1, column 10
parse error: Invalid numeric literal at line 1, column 10
02/27/21 01:22:15 952630600 1614360135

real	0m3.547s
user	0m0.016s
sys	0m0.047s

real	0m0.956s
user	0m0.031s
sys	0m0.078s
[WARN] get LZ_TOKEN error
02/27/21 01:22:20 849907900  1614360140
use wskey

real	0m0.737s
user	0m0.109s
sys	0m0.141s
02/27/21 01:22:21 708556400  1614360141 token: AAFgOS5NADDyf83Ca5KdQVWZk1QpRBj-1dBAstwZ-3umAR7a-7wbhLmvpZz_hbjj57aY2JkNrEQ
parse error: Invalid numeric literal at line 1, column 10

real	0m0.627s
user	0m0.125s
sys	0m0.125s
02/27/21 01:22:22 498797300  1614360142 secretPin: 
[WARN] get secretPin error

02/27/21 01:22:22 643011600  1614360142 移动签到英氏YeeHoO奥特莱斯店

real	0m0.409s
user	0m0.031s
sys	0m0.078s
parse error: Invalid numeric literal at line 1, column 10
parse error: Invalid numeric literal at line 1, column 10
parse error: Invalid numeric literal at line 1, column 10
parse error: Invalid numeric literal at line 1, column 10
02/27/21 01:22:25 548148000 1614360145

real	0m3.957s
user	0m0.000s
sys	0m0.078s

real	0m0.626s
user	0m0.031s
sys	0m0.063s
[WARN] get LZ_TOKEN error
02/27/21 01:22:30 495208300  1614360150
use wskey

real	0m0.451s
user	0m0.109s
sys	0m0.109s
02/27/21 01:22:31 019331800  1614360151 token: AAFgOS5WADA24BkENQlRXBoNJmgKgWqNlzlP3HFZ-sSD_tUz5O16mckDQe1mDED20kz-oCgjO9o
parse error: Invalid numeric literal at line 1, column 10

real	0m0.411s
user	0m0.109s
sys	0m0.094s
02/27/21 01:22:31 504239000  1614360151 secretPin: 
[WARN] get secretPin error

02/27/21 01:22:31 579512000  1614360151 移动签到英氏YeeHoO奥特莱斯店

real	0m0.188s
user	0m0.063s
sys	0m0.063s
parse error: Invalid numeric literal at line 1, column 10
parse error: Invalid numeric literal at line 1, column 10
parse error: Invalid numeric literal at line 1, column 10
parse error: Invalid numeric literal at line 1, column 10
02/27/21 01:22:32 451031200 1614360152

real	0m3.549s
user	0m0.000s
sys	0m0.016s

real	0m0.624s
user	0m0.078s
sys	0m0.047s
[WARN] get LZ_TOKEN error
02/27/21 01:22:37 059769900  1614360157
use wskey

real	0m0.668s
user	0m0.125s
sys	0m0.078s
02/27/21 01:22:37 899222200  1614360157 token: AAFgOS5dADDOGPkruZ3hGMRQtYwPtB665LL6B2DNsguaCW6NBFJBNm-HBK87Qe8vytaQ9mbIgV4
parse error: Invalid numeric literal at line 1, column 10

real	0m0.892s
user	0m0.109s
sys	0m0.109s
02/27/21 01:22:38 991845900  1614360158 secretPin: 
[WARN] get secretPin error

02/27/21 01:22:39 137390100  1614360159 移动签到英氏YeeHoO奥特莱斯店

real	0m0.423s
user	0m0.016s
sys	0m0.141s
parse error: Invalid numeric literal at line 1, column 10
parse error: Invalid numeric literal at line 1, column 10
parse error: Invalid numeric literal at line 1, column 10
parse error: Invalid numeric literal at line 1, column 10
02/27/21 01:22:40 272476000 1614360160

real	0m3.702s
user	0m0.000s
sys	0m0.031s

real	0m0.609s
user	0m0.047s
sys	0m0.078s
[WARN] get LZ_TOKEN error
02/27/21 01:22:44 859520000  1614360164
use wskey

real	0m0.508s
user	0m0.125s
sys	0m0.109s
02/27/21 01:22:45 493393400  1614360165 token: AAFgOS5lADA8FTFeaUCiQtlcUKJuxbtjkrtMHCCp18xOPBQ2XCIPvRujFqsZb1LWMtbXCusfsQw
parse error: Invalid numeric literal at line 1, column 10

real	0m0.697s
user	0m0.063s
sys	0m0.203s
02/27/21 01:22:46 342526400  1614360166 secretPin: 
[WARN] get secretPin error

02/27/21 01:22:46 442407200  1614360166 移动签到英氏YeeHoO奥特莱斯店

real	0m0.440s
user	0m0.031s
sys	0m0.094s
parse error: Invalid numeric literal at line 1, column 10
parse error: Invalid numeric literal at line 1, column 10
parse error: Invalid numeric literal at line 1, column 10
parse error: Invalid numeric literal at line 1, column 10
02/27/21 01:22:47 821020000 1614360167

real	0m3.956s
user	0m0.000s
sys	0m0.031s

real	0m0.517s
user	0m0.000s
sys	0m0.125s
[WARN] get LZ_TOKEN error
02/27/21 01:22:52 611021100  1614360172
use wskey

real	0m0.520s
user	0m0.156s
sys	0m0.141s
02/27/21 01:22:53 836006300  1614360173 token: AAFgOS5tADAb-F-VR9IVLzoMc4I2v4uEElUCGBZ9F-Tl6xoXoDox_TcpBF36DNfIWFcfsh_zlfs
parse error: Invalid numeric literal at line 1, column 10

real	0m0.594s
user	0m0.141s
sys	0m0.078s
02/27/21 01:22:54 547396900  1614360174 secretPin: 
[WARN] get secretPin error

02/27/21 01:22:54 601114200  1614360174 移动签到英氏YeeHoO奥特莱斯店

real	0m0.415s
user	0m0.016s
sys	0m0.094s
parse error: Invalid numeric literal at line 1, column 10
parse error: Invalid numeric literal at line 1, column 10
parse error: Invalid numeric literal at line 1, column 10
parse error: Invalid numeric literal at line 1, column 10
02/27/21 01:22:55 687989900 1614360175

real	0m4.053s
user	0m0.016s
sys	0m0.031s
02/27/21 01:23:14 797259000  1614360194
parse error: Invalid numeric literal at line 1, column 10
签到是否成功解析失败. 不再写/home/myid/jd/jd_signup/lzkj_sevenDay_vender/shop_1613569768_117

移动签到英氏YeeHoO奥特莱斯店查看结果, 活动规则
<!DOCTYPE html>
<html>
 <head> 
  <title>京东</title> 
  <meta charset="utf-8" /> 
  <meta name="apple-mobile-web-app-capable" content="yes" /> 
  <meta name="viewport" content="width=device-width,initial-scale=1,user-scalable=no,maximum-scale=1,viewport-fit=cover" /> 
  <meta name="format-detection" content="telephone=no" /> 
  <meta name="x5-cache" content="enable" /> 
  <link rel="stylesheet" href="https://storage.360buyimg.com/babel/00162638/333378/production/dev/parser.1526555535098.css?t=20180517191236" /> 
  <style> img {
            opacity: 1 !important;
        } </style> 
  <link href="https://storage.360buyimg.com/babel/00170893/348321/production/dev/index.7320a380.css?t=20180802150952" rel="stylesheet" />
 </head> 
 <body style="background:#fff;" id="root"> 
  <div class="errorPage"> 
  </div> 
  <div class="placeholer"> 
  </div> 
  <script src="https://wl.jd.com/unify.min.js"></script> 
  <script type="text/javascript" src="https://storage.360buyimg.com/babel/00170893/348321/production/dev/index.0f8f4dba.js?t=20180802150952"></script> 
 </body>
</html>

#店铺名称
vendername="英氏YeeHoO奥特莱斯店"
#店铺激活码
actId="5ff5ff7000d444a0893a41c1f678e4bf"
#店铺id
venderId="10409042"
#长链接
url="https://lzkj-isv.isvjcloud.com/sign/sevenDay/signActivity?activityId=5ff5ff7000d444a0893a41c1f678e4bf&venderId=10409042&adsource=tg_xuanFuTuBiao"

startTime=1612157940
endTime=1614749940
# 活动时间：2021-02-01 13:39 - 2021-03-03 13:39；
# 奖励说明：
actRule="
7天签到
连续签到1天：5京豆
连续签到2天：6京豆
连续签到3天：7京豆
连续签到4天：8京豆
连续签到5天：9京豆
连续签到6天：10京豆
连续签到7天：15京豆
"
#移动 jd_OeTNobRVGiNZ sign_res
sign_num="4"
giftName=""8京豆""
giftRes="ok"
giftDate="20210226"
sign_res_info="7天签到 第 4 天
当天签到奖励 ["8京豆"]"
#移动 jd_OeTNobRVGiNZ sign_res_end
#赵 122294312-396444 sign_res
sign_num="0"
giftName=""15京豆""
giftRes="ok"
giftDate="20210227"
sign_res_info="7天签到 第 0 天
当天签到奖励 ["15京豆"]"
#赵 122294312-396444 sign_res_end
#王 1309893722-164885 sign_res
sign_num="0"
giftName=""15京豆""
giftRes="ok"
giftDate="20210227"
sign_res_info="7天签到 第 0 天
当天签到奖励 ["15京豆"]"
#王 1309893722-164885 sign_res_end
#肥鹅 jd_4d651d9e48204 sign_res
sign_num="0"
giftName=""15京豆""
giftRes="ok"
giftDate="20210227"
sign_res_info="7天签到 第 0 天
当天签到奖励 ["15京豆"]"
#肥鹅 jd_4d651d9e48204 sign_res_end
