02/21/21 02:00:33 910521300  1613844033
RANDOM_num: 5
removed '/tmp/tmp.MGjEKiQTyj'
02/21/21 02:00:33 984540200  1613844033
肥鹅 今天已经签到过. 签到结果: ok  giftDate: 20210221
***********************************************

2021/02/19_00:00:00  2    未签到
2021/02/20_01:09:35  2    [已~签~到]
2021/02/21_01:12:56  1    [已~签~到]
2021/02/22_00:00:00  3    未签到
2021/02/23_00:00:00  3    未签到
2021/02/24_00:00:00  3    未签到
2021/02/25_00:00:00  3    未签到
2021/02/26_00:00:00  3    未签到
2021/02/27_00:00:00  3    未签到
2021/02/28_00:00:00  3    未签到
当天签到奖励 []
已签到 2 天
***********************************************

02/21/21 02:00:33 994189900  1613844033 检查jd_4d651d9e48204签到
removed '/tmp/tmp.N28i4OYtas'
移动 今天已经签到过. 签到结果: ok  giftDate: 20210221
***********************************************

2021/02/19_00:00:00  2    未签到
2021/02/20_21:04:28  2    [已~签~到]
2021/02/21_01:12:56  1    [已~签~到]
2021/02/22_00:00:00  3    未签到
2021/02/23_00:00:00  3    未签到
2021/02/24_00:00:00  3    未签到
2021/02/25_00:00:00  3    未签到
2021/02/26_00:00:00  3    未签到
2021/02/27_00:00:00  3    未签到
2021/02/28_00:00:00  3    未签到
当天签到奖励 []
已签到 2 天
***********************************************

02/21/21 02:00:34 064841500  1613844034 检查jd_OeTNobRVGiNZ签到
今天已全部签到过
# 短链接
suo_url=""
venderId=217436
startTime=1613664000000
endTime=1614527999000
activityId=10271381
token=3F96010F203DE14B657797EC4793D141
#店铺名称
vendername="迪锐克斯dxracer旗舰店"
# 长链接
url=https://h5.m.jd.com/babelDiy/Zeus/2PAAf74aG3D61qvfKUM5dxUssJQ9/index.html?token=3F96010F203DE14B657797EC4793D141
# 活动时间：2021.02.19 00:00:00 - 2021.02.28 23:59:59
# 奖励说明：
actRule="
连续签到1天：5京豆
连续签到3天：15京豆
连续签到5天：20京豆
"
#赵 122294312-396444 sign_res
sign_res="
signTime=1613664000;signed=1;currentDay=2
signTime=1613754532;signed=2;currentDay=2
signTime=1613841127;signed=2;currentDay=1
signTime=1613923200;signed=1;currentDay=3
signTime=1614009600;signed=1;currentDay=3
signTime=1614096000;signed=1;currentDay=3
signTime=1614182400;signed=1;currentDay=3
signTime=1614268800;signed=1;currentDay=3
signTime=1614355200;signed=1;currentDay=3
signTime=1614441600;signed=1;currentDay=3"
sign_num="2"
giftName=""
giftRes="ok"
giftDate="20210221"
sign_res_info="
2021/02/19_00:00:00  2    未签到
2021/02/20_01:08:52  2    [已~签~到]
2021/02/21_01:12:07  1    [已~签~到]
2021/02/22_00:00:00  3    未签到
2021/02/23_00:00:00  3    未签到
2021/02/24_00:00:00  3    未签到
2021/02/25_00:00:00  3    未签到
2021/02/26_00:00:00  3    未签到
2021/02/27_00:00:00  3    未签到
2021/02/28_00:00:00  3    未签到
当天签到奖励 []
已签到 2 天"
#赵 122294312-396444 sign_res_end
#王 1309893722-164885 sign_res
sign_res="
signTime=1613664000;signed=1;currentDay=2
signTime=1613786777;signed=2;currentDay=2
signTime=1613841127;signed=2;currentDay=1
signTime=1613923200;signed=1;currentDay=3
signTime=1614009600;signed=1;currentDay=3
signTime=1614096000;signed=1;currentDay=3
signTime=1614182400;signed=1;currentDay=3
signTime=1614268800;signed=1;currentDay=3
signTime=1614355200;signed=1;currentDay=3
signTime=1614441600;signed=1;currentDay=3"
sign_num="2"
giftName=""
giftRes="ok"
giftDate="20210221"
sign_res_info="
2021/02/19_00:00:00  2    未签到
2021/02/20_10:06:17  2    [已~签~到]
2021/02/21_01:12:07  1    [已~签~到]
2021/02/22_00:00:00  3    未签到
2021/02/23_00:00:00  3    未签到
2021/02/24_00:00:00  3    未签到
2021/02/25_00:00:00  3    未签到
2021/02/26_00:00:00  3    未签到
2021/02/27_00:00:00  3    未签到
2021/02/28_00:00:00  3    未签到
当天签到奖励 []
已签到 2 天"
#王 1309893722-164885 sign_res_end
#肥鹅 jd_4d651d9e48204 sign_res
sign_res="
signTime=1613664000;signed=1;currentDay=2
signTime=1613754575;signed=2;currentDay=2
signTime=1613841176;signed=2;currentDay=1
signTime=1613923200;signed=1;currentDay=3
signTime=1614009600;signed=1;currentDay=3
signTime=1614096000;signed=1;currentDay=3
signTime=1614182400;signed=1;currentDay=3
signTime=1614268800;signed=1;currentDay=3
signTime=1614355200;signed=1;currentDay=3
signTime=1614441600;signed=1;currentDay=3"
sign_num="2"
giftName=""
giftRes="ok"
giftDate="20210221"
sign_res_info="
2021/02/19_00:00:00  2    未签到
2021/02/20_01:09:35  2    [已~签~到]
2021/02/21_01:12:56  1    [已~签~到]
2021/02/22_00:00:00  3    未签到
2021/02/23_00:00:00  3    未签到
2021/02/24_00:00:00  3    未签到
2021/02/25_00:00:00  3    未签到
2021/02/26_00:00:00  3    未签到
2021/02/27_00:00:00  3    未签到
2021/02/28_00:00:00  3    未签到
当天签到奖励 []
已签到 2 天"
#肥鹅 jd_4d651d9e48204 sign_res_end
#移动 jd_OeTNobRVGiNZ sign_res
sign_res="
signTime=1613664000;signed=1;currentDay=2
signTime=1613826268;signed=2;currentDay=2
signTime=1613841176;signed=2;currentDay=1
signTime=1613923200;signed=1;currentDay=3
signTime=1614009600;signed=1;currentDay=3
signTime=1614096000;signed=1;currentDay=3
signTime=1614182400;signed=1;currentDay=3
signTime=1614268800;signed=1;currentDay=3
signTime=1614355200;signed=1;currentDay=3
signTime=1614441600;signed=1;currentDay=3"
sign_num="2"
giftName=""
giftRes="ok"
giftDate="20210221"
sign_res_info="
2021/02/19_00:00:00  2    未签到
2021/02/20_21:04:28  2    [已~签~到]
2021/02/21_01:12:56  1    [已~签~到]
2021/02/22_00:00:00  3    未签到
2021/02/23_00:00:00  3    未签到
2021/02/24_00:00:00  3    未签到
2021/02/25_00:00:00  3    未签到
2021/02/26_00:00:00  3    未签到
2021/02/27_00:00:00  3    未签到
2021/02/28_00:00:00  3    未签到
当天签到奖励 []
已签到 2 天"
#移动 jd_OeTNobRVGiNZ sign_res_end
