03/04/21 01:15:11 055354200  1614791711
RANDOM_num: 25
removed '/tmp/tmp.VemaRIYDzz'
03/04/21 01:15:11 182745100  1614791711 检查王签到

real	0m0.266s
user	0m0.047s
sys	0m0.078s
lzkj-isv.isvjcloud.com	FALSE	/	FALSE	1614792311	LZ_TOKEN_VALUE	B0oH3vDY2bhHWuKbVaJ+XQ==
lzkj-isv.isvjcloud.com	FALSE	/	FALSE	1614792311	LZ_TOKEN_KEY	lztokenpage691ac958f7dd4dfea199c90b7e0f218c
03/04/21 01:15:11 646656200  1614791711
use pt_key

real	0m0.209s
user	0m0.125s
sys	0m0.109s
03/04/21 01:15:11 881604400  1614791711 token: AAFgP8QfADBpxkEjTW6WwvZxE0Pmz77PUbqaVOQ0JGWU4KP4w27qL2LATG9zHfOQpgbeeKRh13w

real	0m0.317s
user	0m0.031s
sys	0m0.047s
03/04/21 01:15:12 635322700  1614791712 secretPin: 8zfoIjWIu/DcpxQNzAV7/oVPSWy1B8D+G4s+fJIFDfWHSnwnXFQKK9yQco/OGmHebU48Dr07k+7+k1UaXRbZKg==

03/04/21 01:15:12 668575200  1614791712 王签到帮宝适京东自营官方旗舰店

real	0m0.660s
user	0m0.047s
sys	0m0.063s
{
  "msg": "",
  "signResult": {
    "key": "qjAtDN",
    "giftLogId": "e4b7eb3538c94787b4b3391028b8699f",
    "gift": {
      "activityId": null,
      "activityType": null,
      "venderId": null,
      "type": 0,
      "name": null,
      "itemHb": null,
      "id": "1163823",
      "giftType": "6",
      "giftName": "1京豆",
      "giftNum": "1",
      "giftTotal": "20000",
      "giftResidue": null,
      "priceInfo": "0.01",
      "shortLink": "",
      "orginLink": null,
      "giftInfoId": null,
      "commonAddAwardVO": null
    },
    "send": true
  },
  "isOk": true,
  "isSend": true
}
true
03/04/21 01:15:13 897112200 1614791713
03/04/21 01:15:13 917448600 1614791713 签到帮宝适京东自营官方旗舰店完成
03/04/21 01:16:29 087689600  1614791789
true
parse error: Invalid numeric literal at line 1, column 10
首次签到成功. 写入giftName: "1京豆"

***********************************************
7天签到 第  天
当天签到奖励 ["1京豆"]
***********************************************

王签到帮宝适京东自营官方旗舰店查看结果, 活动规则
<!DOCTYPE html>
<html>
 <head> 
  <title>京东</title> 
  <meta charset="utf-8" /> 
  <meta name="apple-mobile-web-app-capable" content="yes" /> 
  <meta name="viewport" content="width=device-width,initial-scale=1,user-scalable=no,maximum-scale=1,viewport-fit=cover" /> 
  <meta name="format-detection" content="telephone=no" /> 
  <meta name="x5-cache" content="enable" /> 
  <link rel="stylesheet" href="https://storage.360buyimg.com/babel/00162638/333378/production/dev/parser.1526555535098.css?t=20180517191236" /> 
  <style> img {
            opacity: 1 !important;
        } </style> 
  <link href="https://storage.360buyimg.com/babel/00170893/348321/production/dev/index.7320a380.css?t=20180802150952" rel="stylesheet" />
 </head> 
 <body style="background:#fff;" id="root"> 
  <div class="errorPage"> 
  </div> 
  <div class="placeholer"> 
  </div> 
  <script src="https://wl.jd.com/unify.min.js"></script> 
  <script type="text/javascript" src="https://storage.360buyimg.com/babel/00170893/348321/production/dev/index.0f8f4dba.js?t=20180802150952"></script> 
 </body>
</html>

#店铺名称
vendername="帮宝适京东自营官方旗舰店"
#店铺激活码
actId="9b8a4466ab984291908abd55c70d0646"
#店铺id
venderId="1000001933"
#长链接
url="https://lzkj-isv.isvjcloud.com/sign/sevenDay/signActivity?activityId=9b8a4466ab984291908abd55c70d0646&venderId=1000001933&cu=true&utm_source=kong&utm_medium=jingfen&utm_campaign=t_1002903107_&utm_term=4f8841bf33eb4dfb9ccd26e52abc0106"

startTime=1614566820
endTime=1617206340
# 活动时间：2021-03-01 10:47 - 2021-03-31 23:59；
# 奖励说明：
actRule="
7天签到
连续签到1天：1京豆
连续签到2天：1京豆
连续签到3天：1京豆
连续签到4天：1京豆
连续签到5天：1京豆
连续签到6天：1京豆
连续签到7天：7京豆
"
#肥鹅 jd_4d651d9e48204 sign_res
sign_num="2"
giftName=""1京豆""
giftRes="ok"
giftDate="20210303"
sign_res_info="7天签到 第 2 天
当天签到奖励 ["1京豆"]"
#肥鹅 jd_4d651d9e48204 sign_res_end
#移动 jd_OeTNobRVGiNZ sign_res
sign_num="0"
giftName=""
giftRes=""
giftDate="20210304"
sign_res_info="7天签到 第 0 天
当天签到奖励 []"
#移动 jd_OeTNobRVGiNZ sign_res_end
#赵 122294312-396444 sign_res
sign_num=""
giftName=""1京豆""
giftRes="ok"
giftDate="20210304"
sign_res_info="7天签到 第  天
当天签到奖励 ["1京豆"]"
#赵 122294312-396444 sign_res_end
#王 1309893722-164885 sign_res
sign_num=""
giftName=""1京豆""
giftRes="ok"
giftDate="20210304"
sign_res_info="7天签到 第  天
当天签到奖励 ["1京豆"]"
#王 1309893722-164885 sign_res_end
