02/19/21 01:13:53 269793600  1613668433
RANDOM_num: 30
removed '/tmp/tmp.JanrQU54xX'
lzkj-isv.isvjcloud.com	FALSE	/	FALSE	1613669033	LZ_TOKEN_VALUE	B0oH3vDY2bhHWuKbVaJ+XQ==
lzkj-isv.isvjcloud.com	FALSE	/	FALSE	1613669033	LZ_TOKEN_KEY	lztokenpageffebb2dd59534f2f851e7d3acaec6616
use pt_key
token: AAFgLqBRADBXDAqhU05Zb-2Mm2R57bdsV0EwokycKR8mpaEhQatBoNP28xHJ007mR5QLSloSErU
secretPin: 51S2JqsypB/nfj45frYeoU7oeVP9kq2pYSH90mYt4m3fwcJlClpxrfmVYaGKuquQkdK3rLBQpEQH9V4tdrrh0w==

02/19/21 01:13:54 111833800  1613668434
赵签到ECCO爱步女鞋旗舰店
{
  "msg": "该活动已经结束",
  "code": "-1",
  "isOk": false
}
活动已结束. /home/myid/jd/jd_signup/vender/shop_1613569776_142_delay --> /home/myid/jd/jd_signup/vender/shop_1613569776_142_del
renamed '/home/myid/jd/jd_signup/vender/shop_1613569776_142_delay' -> '/home/myid/jd/jd_signup/vender/shop_1613569776_142_del'
02/19/21 01:14:24 768391200  1613668464

赵签到ECCO爱步女鞋旗舰店查看结果
{"msg":"","code":"-1","isOk":false}

{
  "signDetail": null,
  "contiSignNum": null,
  "totalSignNum": null
}

ECCO爱步女鞋旗舰店活动规则
{"msg":"","code":"-1","isOk":false}

{
  "actUrl": null,
  "shortUrl": null,
  "actRule": null
}
actId=7ad66b65b611428da4705537dfe56906
venderId=62656
startTime=1612540800000
endTime=1613663999000
# 短链接
suo_url="https://3.cn/100Yi7w-z"
actTimeStr="2021-02-06 00:00 至 2021-02-18 23:59"
#店铺名称
vendername="ECCO爱步女鞋旗舰店"
# 长链接
url=https://lzkj-isv.isvjcloud.com/sign/signActivity2?activityId=7ad66b65b611428da4705537dfe56906&venderId=62656&adsource=tg_xuanFuTuBiao
# 活动时间：2021.02.06 00:00:00 - 2021.02.18 23:59:59
# 奖励说明：
actRule="
连续签到5天：100元优惠券
连续签到10天：赠送ECCO定制口袋保温杯
"
#肥鹅 jd_4d651d9e48204 sign_res
sign_res="
signTime=1613606400;signed=2"
sign_num="1"
sign_total_num="1"
giftName="null"
giftRes="ok"
giftDate="20210218"
sign_res_info="
2021/02/18_08:00:00  [已~签~到]      
当天签到奖励 null
连续签到 1 天
签到总天数 1"
#肥鹅 jd_4d651d9e48204 sign_res_end
#移动 jd_OeTNobRVGiNZ sign_res
sign_res="
signTime=1613520000;signed=2
signTime=1613606400;signed=2"
sign_num="2"
sign_total_num="2"
giftName="null"
giftRes="ok"
giftDate="20210218"
sign_res_info="
2021/02/17_08:00:00  [已~签~到]      
2021/02/18_08:00:00  [已~签~到]      
当天签到奖励 null
连续签到 2 天
签到总天数 2"
#移动 jd_OeTNobRVGiNZ sign_res_end
#赵 122294312-396444 sign_res
sign_res="
signTime=1613606400;signed=2"
sign_num="1"
sign_total_num="1"
giftName="null"
giftRes="ok"
giftDate="20210218"
sign_res_info="
2021/02/18_08:00:00  [已~签~到]      
当天签到奖励 null
连续签到 1 天
签到总天数 1"
#赵 122294312-396444 sign_res_end
#王 1309893722-164885 sign_res
sign_res="
signTime=1613606400;signed=2"
sign_num="1"
sign_total_num="1"
giftName="null"
giftRes="ok"
giftDate="20210218"
sign_res_info="
2021/02/18_08:00:00  [已~签~到]      
当天签到奖励 null
连续签到 1 天
签到总天数 1"
#王 1309893722-164885 sign_res_end
