03/05/21 04:05:12 861596600  1614888312
RANDOM_num: 15
removed '/tmp/tmp.W6nKbrrj87'
03/05/21 04:05:12 997165700  1614888312 检查肥鹅签到

real	0m0.261s
user	0m0.047s
sys	0m0.047s
lzkj-isv.isvjcloud.com	FALSE	/	FALSE	1614888913	LZ_TOKEN_VALUE	B0oH3vDY2bhHWuKbVaJ+XQ==
lzkj-isv.isvjcloud.com	FALSE	/	FALSE	1614888913	LZ_TOKEN_KEY	lztokenpage4e714ed0309e404da36c1d8c9056241a
03/05/21 04:05:13 435366800  1614888313
use pt_key

real	0m0.184s
user	0m0.078s
sys	0m0.125s
03/05/21 04:05:13 639043400  1614888313 token: AAFgQT15ADBiXhuqKYZp_yecHVVMD2f-8vgPpb4k08ObfLkLfhz6PE2YaXsQG3WChhgZzYlW8zw

real	0m0.363s
user	0m0.016s
sys	0m0.078s
03/05/21 04:05:14 224167800  1614888314 secretPin: 4YEv+ri88IbQX5lhoqHrzE7oeVP9kq2pYSH90mYt4m3fwcJlClpxrfmVYaGKuquQkdK3rLBQpEQH9V4tdrrh0w==

03/05/21 04:05:14 256387400  1614888314 肥鹅签到英氏YeeHoO奥特莱斯店

real	0m0.689s
user	0m0.016s
sys	0m0.125s
{
  "msg": "",
  "signResult": {
    "key": "EoUHwK",
    "giftLogId": "294bd132b3fe4a27a4e7ce44fde90cea",
    "gift": {
      "activityId": null,
      "activityType": null,
      "venderId": null,
      "type": 0,
      "name": null,
      "itemHb": null,
      "id": "1161773",
      "giftType": "6",
      "giftName": "8京豆",
      "giftNum": "8",
      "giftTotal": "3000",
      "giftResidue": null,
      "priceInfo": "0.08",
      "shortLink": "",
      "orginLink": null,
      "giftInfoId": null,
      "commonAddAwardVO": null
    },
    "send": true
  },
  "isOk": true,
  "isSend": true
}
true
03/05/21 04:05:15 481412800 1614888315
03/05/21 04:05:15 544430200 1614888315 签到英氏YeeHoO奥特莱斯店完成
03/05/21 04:06:00 744532300  1614888360
true
parse error: Invalid numeric literal at line 1, column 10
首次签到成功. 写入giftName: "8京豆"

***********************************************
7天签到 第  天
当天签到奖励 ["8京豆"]
***********************************************

肥鹅签到英氏YeeHoO奥特莱斯店查看结果, 活动规则
<!DOCTYPE html>
<html>
 <head> 
  <title>京东</title> 
  <meta charset="utf-8" /> 
  <meta name="apple-mobile-web-app-capable" content="yes" /> 
  <meta name="viewport" content="width=device-width,initial-scale=1,user-scalable=no,maximum-scale=1,viewport-fit=cover" /> 
  <meta name="format-detection" content="telephone=no" /> 
  <meta name="x5-cache" content="enable" /> 
  <link rel="stylesheet" href="https://storage.360buyimg.com/babel/00162638/333378/production/dev/parser.1526555535098.css?t=20180517191236" /> 
  <style> img {
            opacity: 1 !important;
        } </style> 
  <link href="https://storage.360buyimg.com/babel/00170893/348321/production/dev/index.7320a380.css?t=20180802150952" rel="stylesheet" />
 </head> 
 <body style="background:#fff;" id="root"> 
  <div class="errorPage"> 
  </div> 
  <div class="placeholer"> 
  </div> 
  <script src="https://wl.jd.com/unify.min.js"></script> 
  <script type="text/javascript" src="https://storage.360buyimg.com/babel/00170893/348321/production/dev/index.0f8f4dba.js?t=20180802150952"></script> 
 </body>
</html>

#店铺名称
vendername="英氏YeeHoO奥特莱斯店"
#店铺激活码
actId="f1f81c4b1d5e47b2aba7c2531739fc74"
#店铺id
venderId="10409042"
#长链接
url="https://lzkj-isv.isvjcloud.com/sign/sevenDay/signActivity?activityId=f1f81c4b1d5e47b2aba7c2531739fc74&venderId=10409042&adsource=tg_xuanFuTuBiao"

startTime=1614680400
endTime=1617272400
# 活动时间：2021-03-02 18:20 - 2021-04-01 18:20；
# 奖励说明：
actRule="
7天签到
连续签到1天：5京豆
连续签到2天：6京豆
连续签到3天：7京豆
连续签到4天：8京豆
连续签到5天：9京豆
连续签到6天：10京豆
连续签到7天：15京豆
"
#移动 jd_OeTNobRVGiNZ sign_res
sign_num="0"
giftName=""
giftRes=""
giftDate="20210305"
sign_res_info="7天签到 第 0 天
当天签到奖励 []"
#移动 jd_OeTNobRVGiNZ sign_res_end
#赵 122294312-396444 sign_res
sign_num=""
giftName=""8京豆""
giftRes="ok"
giftDate="20210305"
sign_res_info="7天签到 第  天
当天签到奖励 ["8京豆"]"
#赵 122294312-396444 sign_res_end
#王 1309893722-164885 sign_res
sign_num=""
giftName=""8京豆""
giftRes="ok"
giftDate="20210305"
sign_res_info="7天签到 第  天
当天签到奖励 ["8京豆"]"
#王 1309893722-164885 sign_res_end
#肥鹅 jd_4d651d9e48204 sign_res
sign_num=""
giftName=""8京豆""
giftRes="ok"
giftDate="20210305"
sign_res_info="7天签到 第  天
当天签到奖励 ["8京豆"]"
#肥鹅 jd_4d651d9e48204 sign_res_end
