02/28/21 01:12:38 765182100  1614445958
RANDOM_num: 45
removed '/tmp/tmp.jE4BPg69kL'
02/28/21 01:12:39 956050200  1614445959 æ£€æŸ¥èµµç­¾åˆ°

real	0m0.984s
user	0m0.000s
sys	0m0.078s
[WARN] get LZ_TOKEN error
02/28/21 01:12:42 521495700  1614445962
use pt_key

real	0m1.187s
user	0m0.094s
sys	0m0.125s
02/28/21 01:12:43 987951700  1614445963 token: AAFgOn2LADD7GQUq7ziGV805mi7aE3sapnJaQVAA3i0WqoaC_VrQe6bgg503K46BRMjfuN0bnBI
parse error: Invalid numeric literal at line 1, column 10

real	0m1.059s
user	0m0.094s
sys	0m0.094s
02/28/21 01:12:45 343148700  1614445965 secretPin: 
[WARN] get secretPin error

02/28/21 01:12:45 610130900  1614445965 èµµç­¾åˆ°æˆ´å°”å®˜æ–¹æ——èˆ°åº—

real	0m0.759s
user	0m0.031s
sys	0m0.094s
parse error: Invalid numeric literal at line 1, column 10
parse error: Invalid numeric literal at line 1, column 10
parse error: Invalid numeric literal at line 1, column 10
parse error: Invalid numeric literal at line 1, column 10
02/28/21 01:12:49 626742600 1614445969

real	0m1.240s
user	0m0.016s
sys	0m0.016s

real	0m1.306s
user	0m0.031s
sys	0m0.078s
[WARN] get LZ_TOKEN error
02/28/21 01:12:52 798985600  1614445972
use pt_key

real	0m1.199s
user	0m0.078s
sys	0m0.078s
02/28/21 01:12:54 408956400  1614445974 token: AAFgOn2VADAqC0BladKbeOzsvB7GttmXwFdUVVsmtzB8w7O4u2537gR_NQ5UGweLrJ20JZBwNcE
parse error: Invalid numeric literal at line 1, column 10

real	0m1.512s
user	0m0.141s
sys	0m0.078s
02/28/21 01:12:56 418259500  1614445976 secretPin: 
[WARN] get secretPin error

02/28/21 01:12:56 843707700  1614445976 èµµç­¾åˆ°æˆ´å°”å®˜æ–¹æ——èˆ°åº—

real	0m1.193s
user	0m0.031s
sys	0m0.078s
parse error: Invalid numeric literal at line 1, column 10
parse error: Invalid numeric literal at line 1, column 10
parse error: Invalid numeric literal at line 1, column 10
parse error: Invalid numeric literal at line 1, column 10
02/28/21 01:13:03 952177100 1614445983

real	0m1.809s
user	0m0.000s
sys	0m0.047s

real	0m1.454s
user	0m0.063s
sys	0m0.063s
[WARN] get LZ_TOKEN error
02/28/21 01:13:08 312205200  1614445988
use pt_key

real	0m1.662s
user	0m0.109s
sys	0m0.109s
02/28/21 01:13:10 436837800  1614445990 token: AAFgOn2lADAhnG89QkNV12EZbYblJyHoZKuYX41UdXju9pz9bQfk0xsB0jK8FQ1ifWEZVWc-D9o
parse error: Invalid numeric literal at line 1, column 10

real	0m1.598s
user	0m0.109s
sys	0m0.078s
02/28/21 01:13:12 446524600  1614445992 secretPin: 
[WARN] get secretPin error

02/28/21 01:13:12 765236200  1614445992 èµµç­¾åˆ°æˆ´å°”å®˜æ–¹æ——èˆ°åº—

real	0m1.853s
user	0m0.047s
sys	0m0.078s
parse error: Invalid numeric literal at line 1, column 10
parse error: Invalid numeric literal at line 1, column 10
parse error: Invalid numeric literal at line 1, column 10
parse error: Invalid numeric literal at line 1, column 10
02/28/21 01:13:20 280551900 1614446000

real	0m1.782s
user	0m0.000s
sys	0m0.031s

real	0m1.557s
user	0m0.047s
sys	0m0.031s
[WARN] get LZ_TOKEN error
02/28/21 01:13:24 424608300  1614446004
use pt_key

real	0m1.494s
user	0m0.125s
sys	0m0.047s
02/28/21 01:13:26 350818500  1614446006 token: AAFgOn21ADBi-3v-kedtmrCGp9e5GybarDfzm6PX3Af-xHE4JHg8O5Gzt-CjHS9b9jvQj9IzRlA
parse error: Invalid numeric literal at line 1, column 10

real	0m1.462s
user	0m0.078s
sys	0m0.109s
02/28/21 01:13:28 057575400  1614446008 secretPin: 
[WARN] get secretPin error

02/28/21 01:13:28 587788400  1614446008 èµµç­¾åˆ°æˆ´å°”å®˜æ–¹æ——èˆ°åº—

real	0m0.915s
user	0m0.031s
sys	0m0.063s
parse error: Invalid numeric literal at line 1, column 10
parse error: Invalid numeric literal at line 1, column 10
parse error: Invalid numeric literal at line 1, column 10
parse error: Invalid numeric literal at line 1, column 10
02/28/21 01:13:35 757322700 1614446015

real	0m2.136s
user	0m0.000s
sys	0m0.047s

real	0m1.852s
user	0m0.047s
sys	0m0.078s
[WARN] get LZ_TOKEN error
02/28/21 01:13:41 500354100  1614446021
use pt_key

real	0m1.695s
user	0m0.094s
sys	0m0.078s
02/28/21 01:13:43 761062300  1614446023 token: AAFgOn3GADAaGL9Mctw7jRys-0s_Y0_OlppHymtBkXJ3AbqEV_sugVvYkBv-ESUttsCXVCeerNg
parse error: Invalid numeric literal at line 1, column 10

real	0m2.960s
user	0m0.109s
sys	0m0.156s
02/28/21 01:13:47 235206200  1614446027 secretPin: 
[WARN] get secretPin error

02/28/21 01:13:47 885622500  1614446027 èµµç­¾åˆ°æˆ´å°”å®˜æ–¹æ——èˆ°åº—

real	0m1.697s
user	0m0.063s
sys	0m0.063s
parse error: Invalid numeric literal at line 1, column 10
parse error: Invalid numeric literal at line 1, column 10
parse error: Invalid numeric literal at line 1, column 10
parse error: Invalid numeric literal at line 1, column 10
02/28/21 01:13:55 948897400 1614446035

real	0m3.342s
user	0m0.016s
sys	0m0.031s

real	0m2.083s
user	0m0.031s
sys	0m0.094s
[WARN] get LZ_TOKEN error
02/28/21 01:14:03 829920900  1614446043
use pt_key

real	0m3.723s
user	0m0.109s
sys	0m0.141s
02/28/21 01:14:08 181216600  1614446048 token: AAFgOn3fADCbAx4dkDS3VnyzhioFpI4g9jN_2AX2RufLz77nNcdBgKVVFic-vqiqebMAIFIk-2Y
parse error: Invalid numeric literal at line 1, column 10

real	0m2.096s
user	0m0.109s
sys	0m0.125s
02/28/21 01:14:10 908411800  1614446050 secretPin: 
[WARN] get secretPin error

02/28/21 01:14:11 566327600  1614446051 èµµç­¾åˆ°æˆ´å°”å®˜æ–¹æ——èˆ°åº—

real	0m2.198s
user	0m0.016s
sys	0m0.109s
parse error: Invalid numeric literal at line 1, column 10
parse error: Invalid numeric literal at line 1, column 10
parse error: Invalid numeric literal at line 1, column 10
parse error: Invalid numeric literal at line 1, column 10
02/28/21 01:14:20 502230200 1614446060

real	0m2.640s
user	0m0.000s
sys	0m0.031s
curl: (6) Could not resolve host: lzkj-isv.isvjcloud.com

real	0m2.797s
user	0m0.016s
sys	0m0.063s
[WARN] get LZ_TOKEN error
02/28/21 01:14:26 817085000  1614446066
use pt_key

real	0m2.748s
user	0m0.094s
sys	0m0.141s
02/28/21 01:14:30 036221200  1614446070 token: AAFgOn31ADD5gnOjsFNAWo4OOrmRIaUdd-nOYzwz4xDktf00KUuyUdNxfWGzuVAdCNFMP0rvWSE
parse error: Invalid numeric literal at line 1, column 10

real	0m3.404s
user	0m0.094s
sys	0m0.078s
02/28/21 01:14:35 221190800  1614446075 secretPin: 
[WARN] get secretPin error

02/28/21 01:14:36 199411900  1614446076 èµµç­¾åˆ°æˆ´å°”å®˜æ–¹æ——èˆ°åº—

real	0m2.285s
user	0m0.031s
sys	0m0.078s
parse error: Invalid numeric literal at line 1, column 10
parse error: Invalid numeric literal at line 1, column 10
parse error: Invalid numeric literal at line 1, column 10
parse error: Invalid numeric literal at line 1, column 10
02/28/21 01:14:53 688230400 1614446093

real	0m3.205s
user	0m0.000s
sys	0m0.063s

real	0m3.120s
user	0m0.063s
sys	0m0.047s
[WARN] get LZ_TOKEN error
02/28/21 01:15:05 722901000  1614446105
use pt_key

real	0m3.051s
user	0m0.094s
sys	0m0.094s
02/28/21 01:15:09 458914400  1614446109 token: AAFgOn4cADBAcSnE6sN6kAH9DII9Kyul41VtUB5L4dZM1CMy_Bi38aFd6Ph4gtmF8SSQb1aaQis
parse error: Invalid numeric literal at line 1, column 10

real	0m3.714s
user	0m0.094s
sys	0m0.125s
02/28/21 01:15:13 728401400  1614446113 secretPin: 
[WARN] get secretPin error

02/28/21 01:15:15 099247400  1614446115 èµµç­¾åˆ°æˆ´å°”å®˜æ–¹æ——èˆ°åº—

real	0m2.724s
user	0m0.063s
sys	0m0.063s
parse error: Invalid numeric literal at line 1, column 10
parse error: Invalid numeric literal at line 1, column 10
parse error: Invalid numeric literal at line 1, column 10
parse error: Invalid numeric literal at line 1, column 10
02/28/21 01:15:31 065358100 1614446131

real	0m3.254s
user	0m0.000s
sys	0m0.047s

real	0m2.887s
user	0m0.000s
sys	0m0.109s
[WARN] get LZ_TOKEN error
02/28/21 01:15:42 327133700  1614446142
use pt_key

real	0m3.297s
user	0m0.094s
sys	0m0.125s
02/28/21 01:15:46 586107600  1614446146 token: AAFgOn5BADClCobuZ1MchmjREvwbm2Ol4sUrZtqQd1K5OnhxFJAaiFtoAj5NVTbXy6Aank-vssE
parse error: Invalid numeric literal at line 1, column 10

real	0m3.099s
user	0m0.109s
sys	0m0.078s
02/28/21 01:15:50 711323900  1614446150 secretPin: 
[WARN] get secretPin error

02/28/21 01:15:51 917646800  1614446151 èµµç­¾åˆ°æˆ´å°”å®˜æ–¹æ——èˆ°åº—

real	0m2.218s
user	0m0.016s
sys	0m0.094s
parse error: Invalid numeric literal at line 1, column 10
parse error: Invalid numeric literal at line 1, column 10
parse error: Invalid numeric literal at line 1, column 10
parse error: Invalid numeric literal at line 1, column 10
02/28/21 01:16:16 538387200 1614446176

real	0m3.858s
user	0m0.000s
sys	0m0.031s

real	0m2.425s
user	0m0.000s
sys	0m0.094s
[WARN] get LZ_TOKEN error
02/28/21 01:16:28 137594300  1614446188
use pt_key

real	0m4.350s
user	0m0.109s
sys	0m0.125s
02/28/21 01:16:33 021597900  1614446193 token: AAFgOn5wADDnQ8Qqir8dUjI6sSKmuJ8KGDazlQYMztj1spUDqhPaPLTdgla9ehDVZMww8Eb0nk4
parse error: Invalid numeric literal at line 1, column 10

real	0m4.528s
user	0m0.109s
sys	0m0.063s
02/28/21 01:16:38 201755500  1614446198 secretPin: 
[WARN] get secretPin error

02/28/21 01:16:38 769085000  1614446198 èµµç­¾åˆ°æˆ´å°”å®˜æ–¹æ——èˆ°åº—

real	0m2.443s
user	0m0.016s
sys	0m0.094s
parse error: Invalid numeric literal at line 1, column 10
parse error: Invalid numeric literal at line 1, column 10
parse error: Invalid numeric literal at line 1, column 10
parse error: Invalid numeric literal at line 1, column 10
02/28/21 01:16:55 168684900 1614446215

real	0m5.898s
user	0m0.000s
sys	0m0.063s

real	0m3.010s
user	0m0.016s
sys	0m0.094s
[WARN] get LZ_TOKEN error
02/28/21 01:17:06 547796700  1614446226
use pt_key

real	0m1.806s
user	0m0.094s
sys	0m0.109s
02/28/21 01:17:09 006750900  1614446229 token: AAFgOn6UADA3KobREwboBMYS7setgjmod8rXz7BtVRvzpskW3j8pkY2o-79_zvfsK7KEAUDtSnk
parse error: Invalid numeric literal at line 1, column 10

real	0m3.016s
user	0m0.094s
sys	0m0.094s
02/28/21 01:17:12 630426700  1614446232 secretPin: 
[WARN] get secretPin error

02/28/21 01:17:13 650446400  1614446233 èµµç­¾åˆ°æˆ´å°”å®˜æ–¹æ——èˆ°åº—

real	0m2.766s
user	0m0.031s
sys	0m0.109s
parse error: Invalid numeric literal at line 1, column 10
parse error: Invalid numeric literal at line 1, column 10
parse error: Invalid numeric literal at line 1, column 10
parse error: Invalid numeric literal at line 1, column 10
02/28/21 01:17:40 137044200 1614446260

real	0m4.444s
user	0m0.000s
sys	0m0.016s

real	0m3.755s
user	0m0.031s
sys	0m0.078s
[WARN] get LZ_TOKEN error
02/28/21 01:17:52 723651100  1614446272
use pt_key

real	0m2.837s
user	0m0.109s
sys	0m0.078s
02/28/21 01:17:56 260703600  1614446276 token: AAFgOn7DADB-a4Rz8LFWoB-6oHJMPegpe2Dgokxbcu_5vrOlRXNzCYr0T9T4lGdeRa1-mwccx-0
parse error: Invalid numeric literal at line 1, column 10

real	0m3.276s
user	0m0.094s
sys	0m0.125s
02/28/21 01:18:00 678511100  1614446280 secretPin: 
[WARN] get secretPin error

02/28/21 01:18:01 370025400  1614446281 èµµç­¾åˆ°æˆ´å°”å®˜æ–¹æ——èˆ°åº—

real	0m1.521s
user	0m0.031s
sys	0m0.094s
parse error: Invalid numeric literal at line 1, column 10
parse error: Invalid numeric literal at line 1, column 10
parse error: Invalid numeric literal at line 1, column 10
parse error: Invalid numeric literal at line 1, column 10
02/28/21 01:18:09 813330300 1614446289

real	0m3.877s
user	0m0.000s
sys	0m0.031s

real	0m3.439s
user	0m0.047s
sys	0m0.094s
[WARN] get LZ_TOKEN error
02/28/21 01:18:19 439436900  1614446299
use pt_key

real	0m4.273s
user	0m0.156s
sys	0m0.125s
02/28/21 01:18:24 279838800  1614446304 token: AAFgOn7fADCsEREyTFI-fjDs08TAyEQUw23cRHQGKAitpIxG-jYT6v7ff8d-rDottBotesW4yzU
parse error: Invalid numeric literal at line 1, column 10

real	0m3.113s
user	0m0.125s
sys	0m0.109s
02/28/21 01:18:28 002714200  1614446308 secretPin: 
[WARN] get secretPin error

02/28/21 01:18:28 476993900  1614446308 èµµç­¾åˆ°æˆ´å°”å®˜æ–¹æ——èˆ°åº—

real	0m2.515s
user	0m0.047s
sys	0m0.078s
parse error: Invalid numeric literal at line 1, column 10
parse error: Invalid numeric literal at line 1, column 10
parse error: Invalid numeric literal at line 1, column 10
parse error: Invalid numeric literal at line 1, column 10
02/28/21 01:18:46 685901900 1614446326

real	0m5.842s
user	0m0.000s
sys	0m0.047s

real	0m3.404s
user	0m0.031s
sys	0m0.094s
[WARN] get LZ_TOKEN error
02/28/21 01:18:58 400450100  1614446338
use pt_key

real	0m3.029s
user	0m0.141s
sys	0m0.078s
02/28/21 01:19:02 522632600  1614446342 token: AAFgOn8EADDuVt4Y_ZKhTxd3fKa-Xj5sHKtV4Tl9a_FjT7KTOyUNw9M77P9gEWQ3B2TWqKfEn5Q
parse error: Invalid numeric literal at line 1, column 10

real	0m2.052s
user	0m0.094s
sys	0m0.109s
02/28/21 01:19:06 338772100  1614446346 secretPin: 
[WARN] get secretPin error

02/28/21 01:19:07 279736900  1614446347 èµµç­¾åˆ°æˆ´å°”å®˜æ–¹æ——èˆ°åº—

real	0m4.058s
user	0m0.063s
sys	0m0.063s
parse error: Invalid numeric literal at line 1, column 10
parse error: Invalid numeric literal at line 1, column 10
parse error: Invalid numeric literal at line 1, column 10
parse error: Invalid numeric literal at line 1, column 10
02/28/21 01:19:23 985927500 1614446363

real	0m4.850s
user	0m0.000s
sys	0m0.000s

real	0m2.705s
user	0m0.047s
sys	0m0.063s
[WARN] get LZ_TOKEN error
02/28/21 01:19:33 773814500  1614446373
use pt_key

real	0m2.591s
user	0m0.078s
sys	0m0.125s
02/28/21 01:19:36 977903200  1614446376 token: AAFgOn8oADCCBfgU67k1hqEsGY38KVBl5VP24Hfm7_T1rRKs-UKEACvdrw18i_f68adFdecLVkM
parse error: Invalid numeric literal at line 1, column 10

real	0m2.193s
user	0m0.109s
sys	0m0.063s
02/28/21 01:19:40 007734400  1614446380 secretPin: 
[WARN] get secretPin error

02/28/21 01:19:40 674873400  1614446380 èµµç­¾åˆ°æˆ´å°”å®˜æ–¹æ——èˆ°åº—

real	0m2.591s
user	0m0.047s
sys	0m0.109s
parse error: Invalid numeric literal at line 1, column 10
parse error: Invalid numeric literal at line 1, column 10
parse error: Invalid numeric literal at line 1, column 10
parse error: Invalid numeric literal at line 1, column 10
02/28/21 01:20:00 686169200 1614446400

real	0m7.809s
user	0m0.000s
sys	0m0.031s

real	0m2.999s
user	0m0.047s
sys	0m0.063s
[WARN] get LZ_TOKEN error
02/28/21 01:20:14 640732000  1614446414
use pt_key

real	0m3.837s
user	0m0.094s
sys	0m0.094s
02/28/21 01:20:19 030895400  1614446419 token: AAFgOn9SADBKgcDJpVJ9RKYHWWLDVJk9ztJtiSJp1vswQhmTmZqAQ8B38RBcCE7oppWczsakSBk
parse error: Invalid numeric literal at line 1, column 10

real	0m1.951s
user	0m0.141s
sys	0m0.141s
02/28/21 01:20:21 941141500  1614446421 secretPin: 
[WARN] get secretPin error

02/28/21 01:20:22 878507400  1614446422 èµµç­¾åˆ°æˆ´å°”å®˜æ–¹æ——èˆ°åº—

real	0m2.489s
user	0m0.047s
sys	0m0.094s
parse error: Invalid numeric literal at line 1, column 10
parse error: Invalid numeric literal at line 1, column 10
parse error: Invalid numeric literal at line 1, column 10
parse error: Invalid numeric literal at line 1, column 10
02/28/21 01:20:46 516648000 1614446446

real	0m5.991s
user	0m0.000s
sys	0m0.078s

real	0m3.873s
user	0m0.047s
sys	0m0.094s
[WARN] get LZ_TOKEN error
02/28/21 01:20:59 985822700  1614446459
use pt_key

real	0m2.730s
user	0m0.094s
sys	0m0.172s
02/28/21 01:21:05 415547900  1614446465 token: AAFgOn9_ADBMBXC_avts3tegrJ6iTemaZ1MiznsZHFanvkTqGHdJBJSzR5ukwi61M-6ZHxLomFo
parse error: Invalid numeric literal at line 1, column 10

real	0m3.973s
user	0m0.141s
sys	0m0.141s
02/28/21 01:21:10 393601500  1614446470 secretPin: 
[WARN] get secretPin error

02/28/21 01:21:11 116547400  1614446471 èµµç­¾åˆ°æˆ´å°”å®˜æ–¹æ——èˆ°åº—

real	0m3.627s
user	0m0.031s
sys	0m0.094s
parse error: Invalid numeric literal at line 1, column 10
parse error: Invalid numeric literal at line 1, column 10
parse error: Invalid numeric literal at line 1, column 10
parse error: Invalid numeric literal at line 1, column 10
02/28/21 01:21:32 867231000 1614446492

real	0m4.980s
user	0m0.000s
sys	0m0.016s

real	0m2.573s
user	0m0.016s
sys	0m0.109s
[WARN] get LZ_TOKEN error
02/28/21 01:21:42 766610400  1614446502
use pt_key

real	0m3.429s
user	0m0.125s
sys	0m0.094s
02/28/21 01:21:46 825262700  1614446506 token: AAFgOn-pADBQtUEMZ7Nqfo0bEj_k4eprO2PfViQcjPB2H2WlVsCP81yc3iIBlqb5xApsTKWyJWc
parse error: Invalid numeric literal at line 1, column 10

real	0m4.140s
user	0m0.094s
sys	0m0.188s
02/28/21 01:21:52 534977300  1614446512 secretPin: 
[WARN] get secretPin error

02/28/21 01:21:53 487867100  1614446513 èµµç­¾åˆ°æˆ´å°”å®˜æ–¹æ——èˆ°åº—

real	0m3.734s
user	0m0.031s
sys	0m0.078s
parse error: Invalid numeric literal at line 1, column 10
parse error: Invalid numeric literal at line 1, column 10
parse error: Invalid numeric literal at line 1, column 10
parse error: Invalid numeric literal at line 1, column 10
02/28/21 01:22:13 643510400 1614446533

real	0m5.244s
user	0m0.000s
sys	0m0.063s

real	0m2.491s
user	0m0.031s
sys	0m0.078s
[WARN] get LZ_TOKEN error
02/28/21 01:22:25 114930700  1614446545
use pt_key

real	0m3.354s
user	0m0.109s
sys	0m0.109s
02/28/21 01:22:29 539697800  1614446549 token: AAFgOn_UADAhLOMnOoOrlCNm7hY87L05XtGiNyWR5OS7Ht-7egQ-KW4v16g5Iv8JrkTfIQz8Byk
parse error: Invalid numeric literal at line 1, column 10

real	0m3.242s
user	0m0.125s
sys	0m0.078s
02/28/21 01:22:34 332232400  1614446554 secretPin: 
[WARN] get secretPin error

02/28/21 01:22:35 392164300  1614446555 èµµç­¾åˆ°æˆ´å°”å®˜æ–¹æ——èˆ°åº—

real	0m3.688s
user	0m0.031s
sys	0m0.141s
parse error: Invalid numeric literal at line 1, column 10
parse error: Invalid numeric literal at line 1, column 10
parse error: Invalid numeric literal at line 1, column 10
parse error: Invalid numeric literal at line 1, column 10
02/28/21 01:22:53 728413700 1614446573

real	0m5.069s
user	0m0.000s
sys	0m0.047s

real	0m1.813s
user	0m0.031s
sys	0m0.109s
[WARN] get LZ_TOKEN error
02/28/21 01:23:05 199002100  1614446585
use pt_key

real	0m1.962s
user	0m0.109s
sys	0m0.094s
02/28/21 01:23:07 908540600  1614446587 token: AAFgOn_6ADBeaAnZHeA6go2g6xuJmX3WECE3EL5nK_yUx6EC8XtgHe9FLtOoebfQQTp20vv-pZ0
parse error: Invalid numeric literal at line 1, column 10

real	0m2.284s
user	0m0.109s
sys	0m0.141s
02/28/21 01:23:11 080638200  1614446591 secretPin: 
[WARN] get secretPin error

02/28/21 01:23:12 245034700  1614446592 èµµç­¾åˆ°æˆ´å°”å®˜æ–¹æ——èˆ°åº—

real	0m2.200s
user	0m0.016s
sys	0m0.156s
parse error: Invalid numeric literal at line 1, column 10
parse error: Invalid numeric literal at line 1, column 10
parse error: Invalid numeric literal at line 1, column 10
parse error: Invalid numeric literal at line 1, column 10
02/28/21 01:23:23 922301600 1614446603

real	0m6.107s
user	0m0.000s
sys	0m0.031s
02/28/21 01:24:18 703256000  1614446658
parse error: Invalid numeric literal at line 1, column 10
ç­¾åˆ°æ˜¯å¦æˆåŠŸè§£æå¤±è´¥. ä¸å†å†™/home/myid/jd/jd_signup/vender/shop_1613703054_29_delay

èµµç­¾åˆ°æˆ´å°”å®˜æ–¹æ——èˆ°åº—æŸ¥çœ‹ç»“æœ
<!DOCTYPE html>
<html>
 <head> 
  <title>äº¬ä¸œ</title> 
  <meta charset="utf-8" /> 
  <meta name="apple-mobile-web-app-capable" content="yes" /> 
  <meta name="viewport" content="width=device-width,initial-scale=1,user-scalable=no,maximum-scale=1,viewport-fit=cover" /> 
  <meta name="format-detection" content="telephone=no" /> 
  <meta name="x5-cache" content="enable" /> 
  <link rel="stylesheet" href="https://storage.360buyimg.com/babel/00162638/333378/production/dev/parser.1526555535098.css?t=20180517191236" /> 
  <style> img {
            opacity: 1 !important;
        } </style> 
  <link href="https://storage.360buyimg.com/babel/00170893/348321/production/dev/index.7320a380.css?t=20180802150952" rel="stylesheet" />
 </head> 
 <body style="background:#fff;" id="root"> 
  <div class="errorPage"> 
  </div> 
  <div class="placeholer"> 
  </div> 
  <script src="https://wl.jd.com/unify.min.js"></script> 
  <script type="text/javascript" src="https://storage.360buyimg.com/babel/00170893/348321/production/dev/index.0f8f4dba.js?t=20180802150952"></script> 
 </body>
</html>

parse error: Invalid numeric literal at line 1, column 10
[0;31;3mRUN  at {280:<--} ERROR CODE: 4[0m [0;31;3m[20210228 01:24:28] [ERROR] [0m

