02/19/21 02:02:51 354275100  1613671371
RANDOM_num: 35
removed '/tmp/tmp.aAbOAqdeu6'
02/19/21 02:02:51 418993900  1613671371
肥鹅 今天已经签到过. 签到结果: ok  giftDate: 20210219
***********************************************

2021/02/18_08:00:00  [已~签~到]      
2021/02/19_08:00:00  [已~签~到]      
当天签到奖励 10积分
连续签到 2 天
签到总天数 2
***********************************************

actId=b270fef38a7846acb90f9f96437ebd1c
venderId=78257
startTime=1612108800000
endTime=1614527999000
# 短链接
suo_url="https://3.cn/100V-p6rL"
actTimeStr="2021-02-01 00:00 至 2021-02-28 23:59"
#店铺名称
vendername="金利来男装旗舰店"
# 长链接
url=https://lzkj-isv.isvjcloud.com/sign/signActivity2?activityId=b270fef38a7846acb90f9f96437ebd1c&venderId=78257&adsource=tg_xuanFuTuBiao
# 活动时间：2021.02.01 00:00:00 - 2021.02.28 23:59:59
# 奖励说明：
actRule="
连续签到3天：50积分 50积分
连续签到7天：100积分 100积分
"
#赵 122294312-396444 sign_res
sign_res="
signTime=1613606400;signed=2
signTime=1613692800;signed=2"
sign_num="2"
sign_total_num="2"
giftName=""10积分""
giftRes="ok"
giftDate="20210219"
sign_res_info="
2021/02/18_08:00:00  [已~签~到]      
2021/02/19_08:00:00  [已~签~到]      
当天签到奖励 "10积分"
连续签到 2 天
签到总天数 2"
#赵 122294312-396444 sign_res_end
#王 1309893722-164885 sign_res
sign_res="
signTime=1613606400;signed=2
signTime=1613692800;signed=2"
sign_num="2"
sign_total_num="2"
giftName=""10积分""
giftRes="ok"
giftDate="20210219"
sign_res_info="
2021/02/18_08:00:00  [已~签~到]      
2021/02/19_08:00:00  [已~签~到]      
当天签到奖励 "10积分"
连续签到 2 天
签到总天数 2"
#王 1309893722-164885 sign_res_end
#肥鹅 jd_4d651d9e48204 sign_res
sign_res="
signTime=1613606400;signed=2
signTime=1613692800;signed=2"
sign_num="2"
sign_total_num="2"
giftName=""10积分""
giftRes="ok"
giftDate="20210219"
sign_res_info="
2021/02/18_08:00:00  [已~签~到]      
2021/02/19_08:00:00  [已~签~到]      
当天签到奖励 "10积分"
连续签到 2 天
签到总天数 2"
#肥鹅 jd_4d651d9e48204 sign_res_end
#移动 jd_OeTNobRVGiNZ sign_res
sign_res="
signTime=1613520000;signed=2
signTime=1613606400;signed=2
signTime=1613692800;signed=2"
sign_num="3"
sign_total_num="3"
giftName=""50积分""
giftRes="ok"
giftDate="20210219"
sign_res_info="
2021/02/17_08:00:00  [已~签~到]      
2021/02/18_08:00:00  [已~签~到]      
2021/02/19_08:00:00  [已~签~到]      
当天签到奖励 "50积分"
连续签到 3 天
签到总天数 3"
#移动 jd_OeTNobRVGiNZ sign_res_end
