03/05/21 04:01:54 540916800  1614888114
RANDOM_num: 5
removed '/tmp/tmp.uZGiMLeS0s'
03/05/21 04:01:54 623216400  1614888114
肥鹅 今天已经签到过. 签到结果: ok  giftDate: 20210305
***********************************************

2021/03/01_08:00:00  [已~签~到]      
2021/03/02_08:00:00  [已~签~到]      
2021/03/03_08:00:00  [已~签~到]      
2021/03/04_08:00:00  [已~签~到]      
2021/03/05_08:00:00  [已~签~到]      
当天签到奖励 [20积分]
连续签到 2 天
签到总天数 9
***********************************************

actId=c01261ac2137423197cb11363c5f5d75
venderId=10552556
startTime=1612621020000
endTime=1615213079000
# 短链接
suo_url="https://3.cn/100Z-jOi0"
actTimeStr="2021-02-06 22:17 至 2021-03-08 22:17"
#店铺名称
vendername="杨国福旗舰店"
# 长链接
url=https://lzkj-isv.isvjcloud.com/sign/signActivity2?activityId=c01261ac2137423197cb11363c5f5d75&venderId=10552556&adsource=tg_xuanFuTuBiao
# 活动时间：2021.02.06 22:17:00 - 2021.03.08 22:17:59
# 奖励说明：
actRule="
连续签到7天：200积分 200积分
连续签到7天：5元优惠券
"
#肥鹅 jd_4d651d9e48204 sign_res
sign_res="
signTime=1614556800;signed=2
signTime=1614643200;signed=2
signTime=1614729600;signed=2
signTime=1614816000;signed=2
signTime=1614902400;signed=2"
sign_num="2"
sign_total_num="9"
giftName=""20积分""
giftRes="ok"
giftDate="20210305"
sign_res_info="
2021/03/01_08:00:00  [已~签~到]      
2021/03/02_08:00:00  [已~签~到]      
2021/03/03_08:00:00  [已~签~到]      
2021/03/04_08:00:00  [已~签~到]      
2021/03/05_08:00:00  [已~签~到]      
当天签到奖励 ["20积分"]
连续签到 2 天
签到总天数 9"
#肥鹅 jd_4d651d9e48204 sign_res_end
#赵 122294312-396444 sign_res
sign_res="
signTime=1614556800;signed=2
signTime=1614643200;signed=2
signTime=1614729600;signed=2
signTime=1614816000;signed=2
signTime=1614902400;signed=2"
sign_num="2"
sign_total_num="9"
giftName=""20积分""
giftRes="ok"
giftDate="20210305"
sign_res_info="
2021/03/01_08:00:00  [已~签~到]      
2021/03/02_08:00:00  [已~签~到]      
2021/03/03_08:00:00  [已~签~到]      
2021/03/04_08:00:00  [已~签~到]      
2021/03/05_08:00:00  [已~签~到]      
当天签到奖励 ["20积分"]
连续签到 2 天
签到总天数 9"
#赵 122294312-396444 sign_res_end
#王 1309893722-164885 sign_res
sign_res="
signTime=1614556800;signed=2
signTime=1614643200;signed=2
signTime=1614729600;signed=2
signTime=1614816000;signed=2
signTime=1614902400;signed=2"
sign_num="2"
sign_total_num="9"
giftName=""20积分""
giftRes="ok"
giftDate="20210305"
sign_res_info="
2021/03/01_08:00:00  [已~签~到]      
2021/03/02_08:00:00  [已~签~到]      
2021/03/03_08:00:00  [已~签~到]      
2021/03/04_08:00:00  [已~签~到]      
2021/03/05_08:00:00  [已~签~到]      
当天签到奖励 ["20积分"]
连续签到 2 天
签到总天数 9"
#王 1309893722-164885 sign_res_end
#移动 jd_OeTNobRVGiNZ sign_res
sign_res="
"
sign_num="0"
sign_total_num="0"
giftName=""
giftRes=""
giftDate="20210305"
sign_res_info="

当天签到奖励 []
连续签到 0 天
签到总天数 0"
#移动 jd_OeTNobRVGiNZ sign_res_end
