03/04/21 02:05:36 348232800  1614794736
RANDOM_num: 40
removed '/tmp/tmp.AKsrfdwikM'
03/04/21 02:05:36 503254800  1614794736 检查移动签到

real	0m0.135s
user	0m0.031s
sys	0m0.063s
[WARN] get LZ_TOKEN error
03/04/21 02:05:36 758299400  1614794736
use wskey

real	0m0.132s
user	0m0.063s
sys	0m0.109s
03/04/21 02:05:36 906476800  1614794736 token: AAFgP8_wADDw2WSXUTjotrvbxC4tlxxCYALbmR1l2zNlJyGbStnFKq8e6q47gfGPf3uZKEDPgMc

real	0m0.133s
user	0m0.047s
sys	0m0.063s
parse error: Invalid numeric literal at line 1, column 10
03/04/21 02:05:37 191830900  1614794737 secretPin: 
[WARN] get secretPin error

03/04/21 02:05:37 208282500  1614794737 移动签到JEEP SPIRIT眼镜旗舰店

real	0m0.138s
user	0m0.016s
sys	0m0.063s
parse error: Invalid numeric literal at line 1, column 10
parse error: Invalid numeric literal at line 1, column 10
parse error: Invalid numeric literal at line 1, column 10
parse error: Invalid numeric literal at line 1, column 10
03/04/21 02:05:37 770662400 1614794737

real	0m0.239s
user	0m0.000s
sys	0m0.031s

real	0m0.170s
user	0m0.047s
sys	0m0.047s
[WARN] get LZ_TOKEN error
03/04/21 02:05:38 255657900  1614794738
use wskey

real	0m0.181s
user	0m0.109s
sys	0m0.109s
03/04/21 02:05:38 458754200  1614794738 token: AAFgP8_yADBUcF5E_X7E-DVWwwOPsxnNgVhRSOXbwv-CjM5Y88QZJxDae_OQ8jGKzWVxXDV1XiA

real	0m0.148s
user	0m0.031s
sys	0m0.047s
parse error: Invalid numeric literal at line 1, column 10
03/04/21 02:05:38 759151700  1614794738 secretPin: 
[WARN] get secretPin error

03/04/21 02:05:38 777061700  1614794738 移动签到JEEP SPIRIT眼镜旗舰店

real	0m0.158s
user	0m0.031s
sys	0m0.063s
parse error: Invalid numeric literal at line 1, column 10
parse error: Invalid numeric literal at line 1, column 10
parse error: Invalid numeric literal at line 1, column 10
parse error: Invalid numeric literal at line 1, column 10
03/04/21 02:05:39 404800000 1614794739

real	0m0.481s
user	0m0.000s
sys	0m0.063s

real	0m0.228s
user	0m0.047s
sys	0m0.063s
[WARN] get LZ_TOKEN error
03/04/21 02:05:40 244192600  1614794740
use wskey

real	0m0.253s
user	0m0.094s
sys	0m0.109s
03/04/21 02:05:40 541445500  1614794740 token: AAFgP8_0ADCn6SxiVfgQiJnetL-_vBoFTAlBzfiPwEV4dh4-8mdrlvNUK4Cxp9RNO21pMABZR74

real	0m0.216s
user	0m0.016s
sys	0m0.109s
parse error: Invalid numeric literal at line 1, column 10
03/04/21 02:05:41 023009400  1614794741 secretPin: 
[WARN] get secretPin error

03/04/21 02:05:41 062857000  1614794741 移动签到JEEP SPIRIT眼镜旗舰店

real	0m0.174s
user	0m0.016s
sys	0m0.109s
parse error: Invalid numeric literal at line 1, column 10
parse error: Invalid numeric literal at line 1, column 10
parse error: Invalid numeric literal at line 1, column 10
parse error: Invalid numeric literal at line 1, column 10
03/04/21 02:05:41 740996300 1614794741

real	0m0.668s
user	0m0.000s
sys	0m0.031s

real	0m0.397s
user	0m0.063s
sys	0m0.078s
[WARN] get LZ_TOKEN error
03/04/21 02:05:42 876402000  1614794742
use wskey

real	0m0.186s
user	0m0.109s
sys	0m0.109s
03/04/21 02:05:43 090969600  1614794743 token: AAFgP8_3ADBwKjiYS9ku8xo_iRBzBkfXiUenr-V8mJ1TpTJkGzPaohN3AU19elzVeh1xZ0XAcoA

real	0m0.215s
user	0m0.031s
sys	0m0.063s
parse error: Invalid numeric literal at line 1, column 10
03/04/21 02:05:43 595889600  1614794743 secretPin: 
[WARN] get secretPin error

03/04/21 02:05:43 643505000  1614794743 移动签到JEEP SPIRIT眼镜旗舰店

real	0m0.199s
user	0m0.016s
sys	0m0.078s
parse error: Invalid numeric literal at line 1, column 10
parse error: Invalid numeric literal at line 1, column 10
parse error: Invalid numeric literal at line 1, column 10
parse error: Invalid numeric literal at line 1, column 10
03/04/21 02:05:44 396756800 1614794744

real	0m0.904s
user	0m0.000s
sys	0m0.016s

real	0m0.158s
user	0m0.016s
sys	0m0.063s
[WARN] get LZ_TOKEN error
03/04/21 02:05:45 538615900  1614794745
use wskey

real	0m0.262s
user	0m0.094s
sys	0m0.109s
03/04/21 02:05:45 837703700  1614794745 token: AAFgP8_5ADC5ceB8cbYCgABBEimJXyfLkZXvcoCQSX0SM3nB1axCywGz_NbTkjNcgg11Ie7PsLM

real	0m0.198s
user	0m0.047s
sys	0m0.109s
parse error: Invalid numeric literal at line 1, column 10
03/04/21 02:05:46 233206500  1614794746 secretPin: 
[WARN] get secretPin error

03/04/21 02:05:46 265389800  1614794746 移动签到JEEP SPIRIT眼镜旗舰店

real	0m0.166s
user	0m0.031s
sys	0m0.094s
parse error: Invalid numeric literal at line 1, column 10
parse error: Invalid numeric literal at line 1, column 10
parse error: Invalid numeric literal at line 1, column 10
parse error: Invalid numeric literal at line 1, column 10
03/04/21 02:05:46 902244900 1614794746

real	0m1.119s
user	0m0.000s
sys	0m0.031s

real	0m0.206s
user	0m0.016s
sys	0m0.094s
[WARN] get LZ_TOKEN error
03/04/21 02:05:48 323690900  1614794748
use wskey

real	0m0.216s
user	0m0.141s
sys	0m0.109s
03/04/21 02:05:48 564428400  1614794748 token: AAFgP8_8ADBX7zuQfiYSOk0MGDfjEoXGqZ5dAI1qOj8iUSVcfdnSXUQ68642ZwEs6Xk56Ujc1-I

real	0m0.146s
user	0m0.000s
sys	0m0.109s
parse error: Invalid numeric literal at line 1, column 10
03/04/21 02:05:48 834380200  1614794748 secretPin: 
[WARN] get secretPin error

03/04/21 02:05:48 853203900  1614794748 移动签到JEEP SPIRIT眼镜旗舰店

real	0m0.122s
user	0m0.031s
sys	0m0.063s
parse error: Invalid numeric literal at line 1, column 10
parse error: Invalid numeric literal at line 1, column 10
parse error: Invalid numeric literal at line 1, column 10
parse error: Invalid numeric literal at line 1, column 10
03/04/21 02:05:49 483406200 1614794749

real	0m1.268s
user	0m0.000s
sys	0m0.000s

real	0m0.136s
user	0m0.047s
sys	0m0.031s
[WARN] get LZ_TOKEN error
03/04/21 02:05:50 951405100  1614794750
use wskey

real	0m0.150s
user	0m0.078s
sys	0m0.078s
03/04/21 02:05:51 124380900  1614794751 token: AAFgP8__ADCqe-qe46AbsG8q-Rs_TiQMQEbrOr6FBR-GdlvYHcdyHumwiKRy3ivP23H7Qhzv9QE

real	0m0.148s
user	0m0.016s
sys	0m0.063s
parse error: Invalid numeric literal at line 1, column 10
03/04/21 02:05:51 434046300  1614794751 secretPin: 
[WARN] get secretPin error

03/04/21 02:05:51 454028200  1614794751 移动签到JEEP SPIRIT眼镜旗舰店

real	0m0.187s
user	0m0.047s
sys	0m0.078s
parse error: Invalid numeric literal at line 1, column 10
parse error: Invalid numeric literal at line 1, column 10
parse error: Invalid numeric literal at line 1, column 10
parse error: Invalid numeric literal at line 1, column 10
03/04/21 02:05:52 077970200 1614794752

real	0m1.467s
user	0m0.000s
sys	0m0.063s

real	0m0.133s
user	0m0.016s
sys	0m0.047s
[WARN] get LZ_TOKEN error
03/04/21 02:05:53 739897200  1614794753
use wskey

real	0m0.223s
user	0m0.141s
sys	0m0.125s
03/04/21 02:05:54 004003300  1614794754 token: AAFgP9ABADDnQfK4cTcxAg17gDw4KW9d5KZulpGB-d5SbmC-18gkN2lUjmFVZAP_pCaFd9CcKDo

real	0m0.128s
user	0m0.000s
sys	0m0.094s
parse error: Invalid numeric literal at line 1, column 10
03/04/21 02:05:54 261066000  1614794754 secretPin: 
[WARN] get secretPin error

03/04/21 02:05:54 285162400  1614794754 移动签到JEEP SPIRIT眼镜旗舰店

real	0m0.174s
user	0m0.031s
sys	0m0.047s
parse error: Invalid numeric literal at line 1, column 10
parse error: Invalid numeric literal at line 1, column 10
parse error: Invalid numeric literal at line 1, column 10
parse error: Invalid numeric literal at line 1, column 10
03/04/21 02:05:54 927162100 1614794754

real	0m1.707s
user	0m0.000s
sys	0m0.047s

real	0m0.127s
user	0m0.016s
sys	0m0.063s
[WARN] get LZ_TOKEN error
03/04/21 02:05:56 808865300  1614794756
use wskey

real	0m0.130s
user	0m0.109s
sys	0m0.047s
03/04/21 02:05:56 961665100  1614794756 token: AAFgP9AEADCB6Pabi8dD-Q2hjH7XcahAF1Tss1f-9aPvVe46i4x9DCDmNMKFVgb45_6wMLTZBus

real	0m0.188s
user	0m0.031s
sys	0m0.063s
parse error: Invalid numeric literal at line 1, column 10
03/04/21 02:05:57 324337200  1614794757 secretPin: 
[WARN] get secretPin error

03/04/21 02:05:57 348725300  1614794757 移动签到JEEP SPIRIT眼镜旗舰店

real	0m0.184s
user	0m0.000s
sys	0m0.094s
parse error: Invalid numeric literal at line 1, column 10
parse error: Invalid numeric literal at line 1, column 10
parse error: Invalid numeric literal at line 1, column 10
parse error: Invalid numeric literal at line 1, column 10
03/04/21 02:05:57 899957100 1614794757

real	0m1.851s
user	0m0.000s
sys	0m0.016s

real	0m0.153s
user	0m0.031s
sys	0m0.063s
[WARN] get LZ_TOKEN error
03/04/21 02:05:59 953235400  1614794759
use wskey

real	0m0.174s
user	0m0.125s
sys	0m0.094s
03/04/21 02:06:00 149988900  1614794760 token: AAFgP9AIADAncz2Ydy3ZkR-AXe_SJSeJ_EP1BLYEoQ9DstW-h-bn2rrj-n3l5ZBw-G_wun_CTj8

real	0m0.245s
user	0m0.031s
sys	0m0.109s
parse error: Invalid numeric literal at line 1, column 10
03/04/21 02:06:00 602260400  1614794760 secretPin: 
[WARN] get secretPin error

03/04/21 02:06:00 619505200  1614794760 移动签到JEEP SPIRIT眼镜旗舰店

real	0m0.127s
user	0m0.016s
sys	0m0.109s
parse error: Invalid numeric literal at line 1, column 10
parse error: Invalid numeric literal at line 1, column 10
parse error: Invalid numeric literal at line 1, column 10
parse error: Invalid numeric literal at line 1, column 10
03/04/21 02:06:01 165443500 1614794761

real	0m2.049s
user	0m0.000s
sys	0m0.047s

real	0m0.143s
user	0m0.016s
sys	0m0.109s
[WARN] get LZ_TOKEN error
03/04/21 02:06:03 430902900  1614794763
use wskey

real	0m0.179s
user	0m0.063s
sys	0m0.125s
03/04/21 02:06:03 635575700  1614794763 token: AAFgP9ALADBkQQ3Qv-kFfR-A3YZ-z-KizWbKR2L6K5Lc5ElhKYf1HYbFPn-BCICIBRoCAo6R8tM

real	0m0.219s
user	0m0.047s
sys	0m0.063s
parse error: Invalid numeric literal at line 1, column 10
03/04/21 02:06:03 992819000  1614794763 secretPin: 
[WARN] get secretPin error

03/04/21 02:06:04 015852100  1614794764 移动签到JEEP SPIRIT眼镜旗舰店

real	0m0.161s
user	0m0.047s
sys	0m0.047s
parse error: Invalid numeric literal at line 1, column 10
parse error: Invalid numeric literal at line 1, column 10
parse error: Invalid numeric literal at line 1, column 10
parse error: Invalid numeric literal at line 1, column 10
03/04/21 02:06:04 642727500 1614794764

real	0m2.264s
user	0m0.000s
sys	0m0.031s

real	0m0.136s
user	0m0.016s
sys	0m0.063s
[WARN] get LZ_TOKEN error
03/04/21 02:06:07 096890000  1614794767
use wskey

real	0m0.194s
user	0m0.094s
sys	0m0.109s
03/04/21 02:06:07 312734600  1614794767 token: AAFgP9APADDSodX2MTflxzM-o1n4SKKDwZKpG5UthZYvh0ROU138Eo_qlbFW-QZP-8gCLuSNEWU

real	0m0.173s
user	0m0.016s
sys	0m0.094s
parse error: Invalid numeric literal at line 1, column 10
03/04/21 02:06:07 615722800  1614794767 secretPin: 
[WARN] get secretPin error

03/04/21 02:06:07 632858500  1614794767 移动签到JEEP SPIRIT眼镜旗舰店

real	0m0.145s
user	0m0.000s
sys	0m0.094s
parse error: Invalid numeric literal at line 1, column 10
parse error: Invalid numeric literal at line 1, column 10
parse error: Invalid numeric literal at line 1, column 10
parse error: Invalid numeric literal at line 1, column 10
03/04/21 02:06:08 278839100 1614794768

real	0m2.465s
user	0m0.000s
sys	0m0.047s

real	0m0.133s
user	0m0.016s
sys	0m0.063s
[WARN] get LZ_TOKEN error
03/04/21 02:06:10 930138100  1614794770
use wskey

real	0m0.149s
user	0m0.047s
sys	0m0.141s
03/04/21 02:06:11 101674900  1614794771 token: AAFgP9ATADChoAUehsa5LlfJ-mR9R01jLWeVpXus2JuaMYZ8OXxzYMOyZ8qnF9NgmMOnzPN7Z6s

real	0m0.140s
user	0m0.047s
sys	0m0.047s
parse error: Invalid numeric literal at line 1, column 10
03/04/21 02:06:11 446422000  1614794771 secretPin: 
[WARN] get secretPin error

03/04/21 02:06:11 503898400  1614794771 移动签到JEEP SPIRIT眼镜旗舰店

real	0m0.161s
user	0m0.016s
sys	0m0.094s
parse error: Invalid numeric literal at line 1, column 10
parse error: Invalid numeric literal at line 1, column 10
parse error: Invalid numeric literal at line 1, column 10
parse error: Invalid numeric literal at line 1, column 10
03/04/21 02:06:12 028174700 1614794772

real	0m2.641s
user	0m0.000s
sys	0m0.016s

real	0m0.119s
user	0m0.000s
sys	0m0.094s
[WARN] get LZ_TOKEN error
03/04/21 02:06:14 828249400  1614794774
use wskey

real	0m0.148s
user	0m0.078s
sys	0m0.094s
03/04/21 02:06:14 996257400  1614794774 token: AAFgP9AWADA1bQqaVoTwIX5sInNTlFtyvhQqSHMIdbzNPjL8-835QrG45jNmXwuPjZSRWk6x0AI

real	0m0.127s
user	0m0.016s
sys	0m0.063s
parse error: Invalid numeric literal at line 1, column 10
03/04/21 02:06:15 240133600  1614794775 secretPin: 
[WARN] get secretPin error

03/04/21 02:06:15 252773300  1614794775 移动签到JEEP SPIRIT眼镜旗舰店

real	0m0.107s
user	0m0.016s
sys	0m0.063s
parse error: Invalid numeric literal at line 1, column 10
parse error: Invalid numeric literal at line 1, column 10
parse error: Invalid numeric literal at line 1, column 10
parse error: Invalid numeric literal at line 1, column 10
03/04/21 02:06:15 643359600 1614794775

real	0m2.862s
user	0m0.000s
sys	0m0.063s

real	0m0.193s
user	0m0.047s
sys	0m0.047s
[WARN] get LZ_TOKEN error
03/04/21 02:06:18 764143600  1614794778
use wskey

real	0m0.191s
user	0m0.078s
sys	0m0.109s
03/04/21 02:06:18 989006900  1614794778 token: AAFgP9AaADBVlsYg1g1g2d49TOf79qiemkfBctkuPlGSV-antbsBgfOrkMojzg9g4W4BE52qsH0

real	0m0.210s
user	0m0.031s
sys	0m0.094s
parse error: Invalid numeric literal at line 1, column 10
03/04/21 02:06:19 329418200  1614794779 secretPin: 
[WARN] get secretPin error

03/04/21 02:06:19 344148900  1614794779 移动签到JEEP SPIRIT眼镜旗舰店

real	0m0.124s
user	0m0.016s
sys	0m0.078s
parse error: Invalid numeric literal at line 1, column 10
parse error: Invalid numeric literal at line 1, column 10
parse error: Invalid numeric literal at line 1, column 10
parse error: Invalid numeric literal at line 1, column 10
03/04/21 02:06:19 802752000 1614794779

real	0m3.036s
user	0m0.000s
sys	0m0.031s

real	0m0.127s
user	0m0.031s
sys	0m0.031s
[WARN] get LZ_TOKEN error
03/04/21 02:06:23 011334500  1614794783
use wskey

real	0m0.144s
user	0m0.078s
sys	0m0.031s
03/04/21 02:06:23 169785700  1614794783 token: AAFgP9AfADDdMo3SU9pcJshKkb053DYArT-lDLiZXxlS8G2XzPN24lX2bpbAsjlX35vNIfTELvM

real	0m0.103s
user	0m0.000s
sys	0m0.078s
parse error: Invalid numeric literal at line 1, column 10
03/04/21 02:06:23 411286900  1614794783 secretPin: 
[WARN] get secretPin error

03/04/21 02:06:23 438771500  1614794783 移动签到JEEP SPIRIT眼镜旗舰店

real	0m0.101s
user	0m0.016s
sys	0m0.047s
parse error: Invalid numeric literal at line 1, column 10
parse error: Invalid numeric literal at line 1, column 10
parse error: Invalid numeric literal at line 1, column 10
parse error: Invalid numeric literal at line 1, column 10
03/04/21 02:06:23 770325300 1614794783

real	0m3.208s
user	0m0.000s
sys	0m0.000s

real	0m0.155s
user	0m0.016s
sys	0m0.094s
[WARN] get LZ_TOKEN error
03/04/21 02:06:27 201744900  1614794787
use wskey

real	0m0.161s
user	0m0.125s
sys	0m0.078s
03/04/21 02:06:27 398684700  1614794787 token: AAFgP9AjADDPE5TXHEcF6GCQ0VmcG2btNKUxEQNqMY6qI_8U9Z4vaXFluyxjjRbttR5At4xiQjQ

real	0m0.127s
user	0m0.031s
sys	0m0.063s
parse error: Invalid numeric literal at line 1, column 10
03/04/21 02:06:27 638209500  1614794787 secretPin: 
[WARN] get secretPin error

03/04/21 02:06:27 654672900  1614794787 移动签到JEEP SPIRIT眼镜旗舰店

real	0m0.174s
user	0m0.047s
sys	0m0.078s
parse error: Invalid numeric literal at line 1, column 10
parse error: Invalid numeric literal at line 1, column 10
parse error: Invalid numeric literal at line 1, column 10
parse error: Invalid numeric literal at line 1, column 10
03/04/21 02:06:28 149815900 1614794788

real	0m3.437s
user	0m0.000s
sys	0m0.031s

real	0m0.160s
user	0m0.016s
sys	0m0.063s
[WARN] get LZ_TOKEN error
03/04/21 02:06:31 803563500  1614794791
use wskey

real	0m0.161s
user	0m0.109s
sys	0m0.109s
03/04/21 02:06:31 989908600  1614794791 token: AAFgP9AnADADE2Xisp-ZzBfk_wieMMGLrJzE6Z3o1BiAaoYPdpn1ZvAO0CZWjPdQdRDwtL0tIOY

real	0m0.191s
user	0m0.016s
sys	0m0.094s
parse error: Invalid numeric literal at line 1, column 10
03/04/21 02:06:32 330190300  1614794792 secretPin: 
[WARN] get secretPin error

03/04/21 02:06:32 346756400  1614794792 移动签到JEEP SPIRIT眼镜旗舰店

real	0m0.131s
user	0m0.031s
sys	0m0.078s
parse error: Invalid numeric literal at line 1, column 10
parse error: Invalid numeric literal at line 1, column 10
parse error: Invalid numeric literal at line 1, column 10
parse error: Invalid numeric literal at line 1, column 10
03/04/21 02:06:32 781054200 1614794792

real	0m3.634s
user	0m0.000s
sys	0m0.031s

real	0m0.177s
user	0m0.047s
sys	0m0.047s
[WARN] get LZ_TOKEN error
03/04/21 02:06:36 648790100  1614794796
use wskey

real	0m0.141s
user	0m0.109s
sys	0m0.063s
03/04/21 02:06:36 809321300  1614794796 token: AAFgP9AsADB-1C_TowkvVBpbmKwPppi2A6-m6vsjNWR2mLzQhpygVQfI4E9HyzaTF-9k7P6M8eM

real	0m0.131s
user	0m0.031s
sys	0m0.031s
parse error: Invalid numeric literal at line 1, column 10
03/04/21 02:06:37 064897600  1614794797 secretPin: 
[WARN] get secretPin error

03/04/21 02:06:37 090369500  1614794797 移动签到JEEP SPIRIT眼镜旗舰店

real	0m0.121s
user	0m0.031s
sys	0m0.063s
parse error: Invalid numeric literal at line 1, column 10
parse error: Invalid numeric literal at line 1, column 10
parse error: Invalid numeric literal at line 1, column 10
parse error: Invalid numeric literal at line 1, column 10
03/04/21 02:06:37 541746200 1614794797

real	0m3.873s
user	0m0.000s
sys	0m0.063s

real	0m0.231s
user	0m0.016s
sys	0m0.078s
[WARN] get LZ_TOKEN error
03/04/21 02:06:41 702850700  1614794801
use wskey

real	0m0.159s
user	0m0.094s
sys	0m0.109s
03/04/21 02:06:41 880938900  1614794801 token: AAFgP9AxADDR54YL73Xkp6ONFaMVKgDi-U5OZ9jw43rD1G55lwpPfPNtCqeeOEC3mVWZgxaawfU

real	0m0.121s
user	0m0.016s
sys	0m0.078s
parse error: Invalid numeric literal at line 1, column 10
03/04/21 02:06:42 210812300  1614794802 secretPin: 
[WARN] get secretPin error

03/04/21 02:06:42 227448700  1614794802 移动签到JEEP SPIRIT眼镜旗舰店

real	0m0.155s
user	0m0.031s
sys	0m0.094s
parse error: Invalid numeric literal at line 1, column 10
parse error: Invalid numeric literal at line 1, column 10
parse error: Invalid numeric literal at line 1, column 10
parse error: Invalid numeric literal at line 1, column 10
03/04/21 02:06:42 886353400 1614794802

real	0m4.051s
user	0m0.000s
sys	0m0.031s
03/04/21 02:08:47 033099400  1614794927
parse error: Invalid numeric literal at line 1, column 10
签到是否成功解析失败. 不再写/home/myid/jd/jd_signup/vender/shop_1614611215_136

移动签到JEEP SPIRIT眼镜旗舰店查看结果



JEEP SPIRIT眼镜旗舰店活动规则


actId=a3e7341936fb4fe786cb441977fad1df
venderId=10114665
startTime=1613664000000
endTime=1616169659000
# 短链接
suo_url="https://3.cn/1012Wo-ru"
actTimeStr="2021-02-19 00:00 至 2021-03-20 00:00"
#店铺名称
vendername="JEEP SPIRIT眼镜旗舰店"
# 长链接
url=https://lzkj-isv.isvjcloud.com/sign/signActivity2?activityId=a3e7341936fb4fe786cb441977fad1df&venderId=10114665&adsource=tg_xuanFuTuBiao
# 活动时间：2021.02.19 00:00:00 - 2021.03.20 00:00:59
# 奖励说明：
actRule="
连续签到3天：1京豆 1京豆
连续签到5天：3京豆 3京豆
"
#移动 jd_OeTNobRVGiNZ sign_res
sign_res="
"
sign_num="0"
sign_total_num="0"
giftName=""
giftRes=""
giftDate="20210303"
sign_res_info="

当天签到奖励 []
连续签到 0 天
签到总天数 0"
#移动 jd_OeTNobRVGiNZ sign_res_end
#赵 122294312-396444 sign_res
sign_res="
signTime=1614556800;signed=2
signTime=1614643200;signed=2
signTime=1614729600;signed=2
signTime=1614816000;signed=2"
sign_num="3"
sign_total_num="8"
giftName=""
giftRes="ok"
giftDate="20210304"
sign_res_info="
2021/03/01_08:00:00  [已~签~到]      
2021/03/02_08:00:00  [已~签~到]      
2021/03/03_08:00:00  [已~签~到]      
2021/03/04_08:00:00  [已~签~到]      
当天签到奖励 []
连续签到 3 天
签到总天数 8"
#赵 122294312-396444 sign_res_end
#王 1309893722-164885 sign_res
sign_res="
signTime=1614556800;signed=2
signTime=1614643200;signed=2
signTime=1614729600;signed=2
signTime=1614816000;signed=2"
sign_num="3"
sign_total_num="8"
giftName=""
giftRes="ok"
giftDate="20210304"
sign_res_info="
2021/03/01_08:00:00  [已~签~到]      
2021/03/02_08:00:00  [已~签~到]      
2021/03/03_08:00:00  [已~签~到]      
2021/03/04_08:00:00  [已~签~到]      
当天签到奖励 []
连续签到 3 天
签到总天数 8"
#王 1309893722-164885 sign_res_end
#肥鹅 jd_4d651d9e48204 sign_res
sign_res="
signTime=1614556800;signed=2
signTime=1614643200;signed=2
signTime=1614729600;signed=2
signTime=1614816000;signed=2"
sign_num="3"
sign_total_num="8"
giftName=""
giftRes="ok"
giftDate="20210304"
sign_res_info="
2021/03/01_08:00:00  [已~签~到]      
2021/03/02_08:00:00  [已~签~到]      
2021/03/03_08:00:00  [已~签~到]      
2021/03/04_08:00:00  [已~签~到]      
当天签到奖励 []
连续签到 3 天
签到总天数 8"
#肥鹅 jd_4d651d9e48204 sign_res_end
