03/20/21 01:18:00 198991500  1616174280
RANDOM_num: 40
removed '/tmp/tmp.PQT7n1jtya'
03/20/21 01:18:01 234219300  1616174281 检查王签到

real	0m0.593s
user	0m0.031s
sys	0m0.094s
lzkj-isv.isvjcloud.com	FALSE	/	FALSE	1616174882	LZ_TOKEN_VALUE	B0oH3vDY2bhHWuKbVaJ+XQ==
lzkj-isv.isvjcloud.com	FALSE	/	FALSE	1616174882	LZ_TOKEN_KEY	lztokenpage2a051a4cd5af484a9bec6092dd7489ad
03/20/21 01:18:02 548247100  1616174282
use pt_key

real	0m0.766s
user	0m0.141s
sys	0m0.078s
03/20/21 01:18:03 507879600  1616174283 token: AAFgVNzLADC6urnBmLH_RqwgJNt42KiZmg8NaGgQxEIKuOm66ZW4S7ZZ4tVe8x1_w6WWrQr42xc

real	0m0.904s
user	0m0.016s
sys	0m0.109s
03/20/21 01:18:05 567704000  1616174285 secretPin: 8zfoIjWIu/DcpxQNzAV7/oVPSWy1B8D+G4s+fJIFDfWHSnwnXFQKK9yQco/OGmHebU48Dr07k+7+k1UaXRbZKg==

03/20/21 01:18:05 698322000  1616174285 王签到贝锐官方旗舰店

real	0m1.468s
user	0m0.031s
sys	0m0.125s
parse error: Invalid numeric literal at line 1, column 10
parse error: Invalid numeric literal at line 1, column 10
parse error: Invalid numeric literal at line 1, column 10
parse error: Invalid numeric literal at line 1, column 10
parse error: Invalid numeric literal at line 1, column 10
03/20/21 01:18:09 879134300 1616174289

real	0m1.085s
user	0m0.000s
sys	0m0.063s

real	0m1.498s
user	0m0.031s
sys	0m0.109s
lzkj-isv.isvjcloud.com	FALSE	/	FALSE	1616174892	LZ_TOKEN_VALUE	B0oH3vDY2bhHWuKbVaJ+XQ==
lzkj-isv.isvjcloud.com	FALSE	/	FALSE	1616174892	LZ_TOKEN_KEY	lztokenpage35a1362b751946ada5f05a673ad0c42e
03/20/21 01:18:13 016353900  1616174293
use pt_key

real	0m1.318s
user	0m0.125s
sys	0m0.125s
03/20/21 01:18:14 688702000  1616174294 token: AAFgVNzWADAM20-8UJ7UhI6g2MrAlcyEsoDbYhP9THfh3hjQEnYgNIHzu5g9Wr16rpjhxkjSNXM

real	0m1.556s
user	0m0.016s
sys	0m0.109s
03/20/21 01:18:19 383606000  1616174299 secretPin: 8zfoIjWIu/DcpxQNzAV7/oVPSWy1B8D+G4s+fJIFDfWHSnwnXFQKK9yQco/OGmHebU48Dr07k+7+k1UaXRbZKg==

03/20/21 01:18:19 718224800  1616174299 王签到贝锐官方旗舰店

real	0m0.799s
user	0m0.063s
sys	0m0.094s
parse error: Invalid numeric literal at line 1, column 10
parse error: Invalid numeric literal at line 1, column 10
parse error: Invalid numeric literal at line 1, column 10
parse error: Invalid numeric literal at line 1, column 10
parse error: Invalid numeric literal at line 1, column 10
03/20/21 01:18:23 816881700 1616174303

real	0m0.932s
user	0m0.000s
sys	0m0.031s

real	0m0.847s
user	0m0.000s
sys	0m0.094s
lzkj-isv.isvjcloud.com	FALSE	/	FALSE	1616174905	LZ_TOKEN_VALUE	B0oH3vDY2bhHWuKbVaJ+XQ==
lzkj-isv.isvjcloud.com	FALSE	/	FALSE	1616174905	LZ_TOKEN_KEY	lztokenpage38a0c7eb75834f62a52f625d76cc3fe4
03/20/21 01:18:26 056351300  1616174306
use pt_key

real	0m0.801s
user	0m0.125s
sys	0m0.156s
03/20/21 01:18:27 069059000  1616174307 token: AAFgVNziADCGIqSzWchNpy-UEyb3C9T2hXpVzbLPOngXFdGHKxcjgSXiFCRH5NUzVG9v88IwISc

real	0m0.858s
user	0m0.031s
sys	0m0.078s
03/20/21 01:18:28 647581100  1616174308 secretPin: 8zfoIjWIu/DcpxQNzAV7/oVPSWy1B8D+G4s+fJIFDfWHSnwnXFQKK9yQco/OGmHebU48Dr07k+7+k1UaXRbZKg==

03/20/21 01:18:28 827130600  1616174308 王签到贝锐官方旗舰店

real	0m0.680s
user	0m0.047s
sys	0m0.125s
parse error: Invalid numeric literal at line 1, column 10
parse error: Invalid numeric literal at line 1, column 10
parse error: Invalid numeric literal at line 1, column 10
parse error: Invalid numeric literal at line 1, column 10
parse error: Invalid numeric literal at line 1, column 10
03/20/21 01:18:31 603337200 1616174311

real	0m1.162s
user	0m0.000s
sys	0m0.047s

real	0m0.708s
user	0m0.031s
sys	0m0.109s
lzkj-isv.isvjcloud.com	FALSE	/	FALSE	1616174913	LZ_TOKEN_VALUE	B0oH3vDY2bhHWuKbVaJ+XQ==
lzkj-isv.isvjcloud.com	FALSE	/	FALSE	1616174913	LZ_TOKEN_KEY	lztokenpage9ddf1d7b8628485694a94843edd2ec12
03/20/21 01:18:33 783900500  1616174313
use pt_key

real	0m0.817s
user	0m0.094s
sys	0m0.141s
03/20/21 01:18:34 827876600  1616174314 token: AAFgVNzqADDrkywwZTxC_N9iBm-0o-a2GOlIotb6pQdSAPSSVDwUTY5pkyNqjUe6DDJYoiWXx_E

real	0m0.981s
user	0m0.031s
sys	0m0.078s
03/20/21 01:18:36 833025400  1616174316 secretPin: 8zfoIjWIu/DcpxQNzAV7/oVPSWy1B8D+G4s+fJIFDfWHSnwnXFQKK9yQco/OGmHebU48Dr07k+7+k1UaXRbZKg==

03/20/21 01:18:36 967988500  1616174316 王签到贝锐官方旗舰店

real	0m0.635s
user	0m0.031s
sys	0m0.078s
parse error: Invalid numeric literal at line 1, column 10
parse error: Invalid numeric literal at line 1, column 10
parse error: Invalid numeric literal at line 1, column 10
parse error: Invalid numeric literal at line 1, column 10
parse error: Invalid numeric literal at line 1, column 10
03/20/21 01:18:40 315219600 1616174320

real	0m1.249s
user	0m0.016s
sys	0m0.078s

real	0m0.760s
user	0m0.031s
sys	0m0.125s
lzkj-isv.isvjcloud.com	FALSE	/	FALSE	1616174922	LZ_TOKEN_VALUE	B0oH3vDY2bhHWuKbVaJ+XQ==
lzkj-isv.isvjcloud.com	FALSE	/	FALSE	1616174922	LZ_TOKEN_KEY	lztokenpageacbc267dd9e641ba8baef278d3a24882
03/20/21 01:18:42 641938800  1616174322
use pt_key

real	0m0.922s
user	0m0.141s
sys	0m0.188s
03/20/21 01:18:43 746304700  1616174323 token: AAFgVNzzADAT5hBoVU4rFdgMy9EOp2ay_xT5bAMH53hGqiat0KOlJwdQGGJJXW698HZyIwgj6OQ

real	0m0.668s
user	0m0.016s
sys	0m0.094s
03/20/21 01:18:45 069350000  1616174325 secretPin: 8zfoIjWIu/DcpxQNzAV7/oVPSWy1B8D+G4s+fJIFDfWHSnwnXFQKK9yQco/OGmHebU48Dr07k+7+k1UaXRbZKg==

03/20/21 01:18:45 277027800  1616174325 王签到贝锐官方旗舰店

real	0m0.732s
user	0m0.078s
sys	0m0.078s
parse error: Invalid numeric literal at line 1, column 10
parse error: Invalid numeric literal at line 1, column 10
parse error: Invalid numeric literal at line 1, column 10
parse error: Invalid numeric literal at line 1, column 10
parse error: Invalid numeric literal at line 1, column 10
03/20/21 01:18:50 035931900 1616174330

real	0m1.475s
user	0m0.000s
sys	0m0.031s

real	0m0.563s
user	0m0.031s
sys	0m0.063s
lzkj-isv.isvjcloud.com	FALSE	/	FALSE	1616174932	LZ_TOKEN_VALUE	B0oH3vDY2bhHWuKbVaJ+XQ==
lzkj-isv.isvjcloud.com	FALSE	/	FALSE	1616174932	LZ_TOKEN_KEY	lztokenpage7e83d3151a27495f8ce813c83a9a41e0
03/20/21 01:18:52 473276300  1616174332
use pt_key

real	0m0.524s
user	0m0.109s
sys	0m0.078s
03/20/21 01:18:53 245506600  1616174333 token: AAFgVNz8ADAR3XgSM6src8fPfWAGM75YE8tq98Rzvu8FaLY5Jux3EC9jXS-mS7Jpjq3a58CtrpQ

real	0m1.082s
user	0m0.016s
sys	0m0.094s
03/20/21 01:18:55 134440700  1616174335 secretPin: 8zfoIjWIu/DcpxQNzAV7/oVPSWy1B8D+G4s+fJIFDfWHSnwnXFQKK9yQco/OGmHebU48Dr07k+7+k1UaXRbZKg==

03/20/21 01:18:55 371024000  1616174335 王签到贝锐官方旗舰店

real	0m0.627s
user	0m0.031s
sys	0m0.109s
parse error: Invalid numeric literal at line 1, column 10
parse error: Invalid numeric literal at line 1, column 10
parse error: Invalid numeric literal at line 1, column 10
parse error: Invalid numeric literal at line 1, column 10
parse error: Invalid numeric literal at line 1, column 10
03/20/21 01:18:59 033091000 1616174339

real	0m1.684s
user	0m0.000s
sys	0m0.031s

real	0m0.407s
user	0m0.031s
sys	0m0.047s
lzkj-isv.isvjcloud.com	FALSE	/	FALSE	1616174941	LZ_TOKEN_VALUE	B0oH3vDY2bhHWuKbVaJ+XQ==
lzkj-isv.isvjcloud.com	FALSE	/	FALSE	1616174941	LZ_TOKEN_KEY	lztokenpage24a0c45c1c6449278f454b79415b4c0c
03/20/21 01:19:01 388304600  1616174341
use pt_key

real	0m0.532s
user	0m0.109s
sys	0m0.094s
03/20/21 01:19:02 047269600  1616174342 token: AAFgVN0FADBfuB1oWPuKfvOcssrJTVLsC0paJ34TRMuUQD6zgcdpzKufMZBT3jnT1xWETkapckU

real	0m0.956s
user	0m0.063s
sys	0m0.094s
03/20/21 01:19:03 729020700  1616174343 secretPin: 8zfoIjWIu/DcpxQNzAV7/oVPSWy1B8D+G4s+fJIFDfWHSnwnXFQKK9yQco/OGmHebU48Dr07k+7+k1UaXRbZKg==

03/20/21 01:19:03 817337800  1616174343 王签到贝锐官方旗舰店

real	0m0.427s
user	0m0.031s
sys	0m0.094s
parse error: Invalid numeric literal at line 1, column 10
parse error: Invalid numeric literal at line 1, column 10
parse error: Invalid numeric literal at line 1, column 10
parse error: Invalid numeric literal at line 1, column 10
parse error: Invalid numeric literal at line 1, column 10
03/20/21 01:19:06 104082700 1616174346

real	0m1.904s
user	0m0.000s
sys	0m0.016s

real	0m0.603s
user	0m0.000s
sys	0m0.078s
lzkj-isv.isvjcloud.com	FALSE	/	FALSE	1616174948	LZ_TOKEN_VALUE	B0oH3vDY2bhHWuKbVaJ+XQ==
lzkj-isv.isvjcloud.com	FALSE	/	FALSE	1616174948	LZ_TOKEN_KEY	lztokenpage58d656291626448e9cefedcd8177521d
03/20/21 01:19:08 884402500  1616174348
use pt_key

real	0m0.360s
user	0m0.141s
sys	0m0.078s
03/20/21 01:19:09 378071000  1616174349 token: AAFgVN0NADCOb4-hc1DidNU0G2K_KaATFJBm4CguXQUbZsEiJW5iGA44TXl8QWPuELKRhn61_8Q

real	0m0.756s
user	0m0.047s
sys	0m0.094s
03/20/21 01:19:10 767445700  1616174350 secretPin: 8zfoIjWIu/DcpxQNzAV7/oVPSWy1B8D+G4s+fJIFDfWHSnwnXFQKK9yQco/OGmHebU48Dr07k+7+k1UaXRbZKg==

03/20/21 01:19:10 873071200  1616174350 王签到贝锐官方旗舰店

real	0m0.591s
user	0m0.031s
sys	0m0.078s
parse error: Invalid numeric literal at line 1, column 10
parse error: Invalid numeric literal at line 1, column 10
parse error: Invalid numeric literal at line 1, column 10
parse error: Invalid numeric literal at line 1, column 10
parse error: Invalid numeric literal at line 1, column 10
03/20/21 01:19:12 431501700 1616174352

real	0m2.013s
user	0m0.000s
sys	0m0.016s

real	0m1.445s
user	0m0.031s
sys	0m0.094s
lzkj-isv.isvjcloud.com	FALSE	/	FALSE	1616174955	LZ_TOKEN_VALUE	B0oH3vDY2bhHWuKbVaJ+XQ==
lzkj-isv.isvjcloud.com	FALSE	/	FALSE	1616174955	LZ_TOKEN_KEY	lztokenpageadb31a757aff49f2aa226a9d5462a3bc
03/20/21 01:19:16 117366100  1616174356
use pt_key

real	0m1.454s
user	0m0.125s
sys	0m0.125s
03/20/21 01:19:17 632946700  1616174357 token: AAFgVN0VADCBE7D1f3qJgA5BXiDoSD52_wBmcQJZZFsx5EiuonHZCBum8F5pgsr-NWqWBbGIlJs

real	0m0.725s
user	0m0.047s
sys	0m0.094s
03/20/21 01:19:19 117298700  1616174359 secretPin: 8zfoIjWIu/DcpxQNzAV7/oVPSWy1B8D+G4s+fJIFDfWHSnwnXFQKK9yQco/OGmHebU48Dr07k+7+k1UaXRbZKg==

03/20/21 01:19:19 384083200  1616174359 王签到贝锐官方旗舰店

real	0m0.546s
user	0m0.000s
sys	0m0.125s
parse error: Invalid numeric literal at line 1, column 10
parse error: Invalid numeric literal at line 1, column 10
parse error: Invalid numeric literal at line 1, column 10
parse error: Invalid numeric literal at line 1, column 10
parse error: Invalid numeric literal at line 1, column 10
03/20/21 01:19:21 495853500 1616174361

real	0m1.989s
user	0m0.000s
sys	0m0.000s

real	0m0.702s
user	0m0.047s
sys	0m0.078s
lzkj-isv.isvjcloud.com	FALSE	/	FALSE	1616174964	LZ_TOKEN_VALUE	B0oH3vDY2bhHWuKbVaJ+XQ==
lzkj-isv.isvjcloud.com	FALSE	/	FALSE	1616174964	LZ_TOKEN_KEY	lztokenpage18b2503248874ab6b8862cdbe6de6b23
03/20/21 01:19:24 413780500  1616174364
use pt_key

real	0m0.267s
user	0m0.141s
sys	0m0.078s
03/20/21 01:19:24 729214200  1616174364 token: AAFgVN0cADBQlonSMUNxZ4HnW3u7-uyBNRpi3-NIqrQk0strFnZREIyG4ZPkwL4i-1Xf-DU9TRU

real	0m0.429s
user	0m0.047s
sys	0m0.063s
03/20/21 01:19:25 629922500  1616174365 secretPin: 8zfoIjWIu/DcpxQNzAV7/oVPSWy1B8D+G4s+fJIFDfWHSnwnXFQKK9yQco/OGmHebU48Dr07k+7+k1UaXRbZKg==

03/20/21 01:19:25 758318700  1616174365 王签到贝锐官方旗舰店

real	0m0.448s
user	0m0.031s
sys	0m0.094s
parse error: Invalid numeric literal at line 1, column 10
parse error: Invalid numeric literal at line 1, column 10
parse error: Invalid numeric literal at line 1, column 10
parse error: Invalid numeric literal at line 1, column 10
parse error: Invalid numeric literal at line 1, column 10
03/20/21 01:19:28 142230000 1616174368

real	0m2.337s
user	0m0.000s
sys	0m0.047s

real	0m1.386s
user	0m0.031s
sys	0m0.094s
lzkj-isv.isvjcloud.com	FALSE	/	FALSE	1616174971	LZ_TOKEN_VALUE	B0oH3vDY2bhHWuKbVaJ+XQ==
lzkj-isv.isvjcloud.com	FALSE	/	FALSE	1616174971	LZ_TOKEN_KEY	lztokenpage929afd21881d4fe287ecc7b58ab68428
03/20/21 01:19:32 205548500  1616174372
use pt_key

real	0m0.398s
user	0m0.063s
sys	0m0.109s
03/20/21 01:19:32 650965200  1616174372 token: AAFgVN0kADDgfKg_tKlV101GqGJbwQHJWaOlC2jZxnrKcu0y4yekjFbo_K0EJkGopYCGtNRKQT8

real	0m0.645s
user	0m0.016s
sys	0m0.094s
03/20/21 01:19:33 689418300  1616174373 secretPin: 8zfoIjWIu/DcpxQNzAV7/oVPSWy1B8D+G4s+fJIFDfWHSnwnXFQKK9yQco/OGmHebU48Dr07k+7+k1UaXRbZKg==

03/20/21 01:19:33 784856500  1616174373 王签到贝锐官方旗舰店

real	0m0.492s
user	0m0.016s
sys	0m0.094s
parse error: Invalid numeric literal at line 1, column 10
parse error: Invalid numeric literal at line 1, column 10
parse error: Invalid numeric literal at line 1, column 10
parse error: Invalid numeric literal at line 1, column 10
parse error: Invalid numeric literal at line 1, column 10
03/20/21 01:19:36 092072900 1616174376

real	0m2.717s
user	0m0.000s
sys	0m0.031s

real	0m0.752s
user	0m0.016s
sys	0m0.109s
lzkj-isv.isvjcloud.com	FALSE	/	FALSE	1616174979	LZ_TOKEN_VALUE	B0oH3vDY2bhHWuKbVaJ+XQ==
lzkj-isv.isvjcloud.com	FALSE	/	FALSE	1616174979	LZ_TOKEN_KEY	lztokenpage543891f292d24bb29e84b7203eb9572d
03/20/21 01:19:39 907591100  1616174379
use pt_key

real	0m0.568s
user	0m0.078s
sys	0m0.078s
03/20/21 01:19:40 564241000  1616174380 token: AAFgVN0sADA2xHuSVKWf3VS_RFOfCpD4YXjddTLO7YYnmkwjQZTsANoXdOBEZqeaUmg87rC4XlU

real	0m0.581s
user	0m0.047s
sys	0m0.125s
03/20/21 01:19:41 800234600  1616174381 secretPin: 8zfoIjWIu/DcpxQNzAV7/oVPSWy1B8D+G4s+fJIFDfWHSnwnXFQKK9yQco/OGmHebU48Dr07k+7+k1UaXRbZKg==

03/20/21 01:19:41 911007000  1616174381 王签到贝锐官方旗舰店

real	0m0.400s
user	0m0.016s
sys	0m0.078s
parse error: Invalid numeric literal at line 1, column 10
parse error: Invalid numeric literal at line 1, column 10
parse error: Invalid numeric literal at line 1, column 10
parse error: Invalid numeric literal at line 1, column 10
parse error: Invalid numeric literal at line 1, column 10
03/20/21 01:19:43 952646700 1616174383

real	0m2.766s
user	0m0.000s
sys	0m0.078s

real	0m1.152s
user	0m0.031s
sys	0m0.078s
lzkj-isv.isvjcloud.com	FALSE	/	FALSE	1616174987	LZ_TOKEN_VALUE	B0oH3vDY2bhHWuKbVaJ+XQ==
lzkj-isv.isvjcloud.com	FALSE	/	FALSE	1616174987	LZ_TOKEN_KEY	lztokenpage130c9a7cb08444c4bb44ff6184c15c4b
03/20/21 01:19:48 143233900  1616174388
use pt_key

real	0m0.674s
user	0m0.094s
sys	0m0.109s
03/20/21 01:19:48 973565400  1616174388 token: AAFgVN00ADC-TvvfI26OcY1ThRWl6qsRW5o5SslJwd7Stb0JmwhAD8Kpy-027HCJfY0aOKiBNBg

real	0m0.846s
user	0m0.016s
sys	0m0.109s
03/20/21 01:19:50 730713600  1616174390 secretPin: 8zfoIjWIu/DcpxQNzAV7/oVPSWy1B8D+G4s+fJIFDfWHSnwnXFQKK9yQco/OGmHebU48Dr07k+7+k1UaXRbZKg==

03/20/21 01:19:50 864607500  1616174390 王签到贝锐官方旗舰店

real	0m0.493s
user	0m0.063s
sys	0m0.078s
parse error: Invalid numeric literal at line 1, column 10
parse error: Invalid numeric literal at line 1, column 10
parse error: Invalid numeric literal at line 1, column 10
parse error: Invalid numeric literal at line 1, column 10
parse error: Invalid numeric literal at line 1, column 10
03/20/21 01:19:52 844542300 1616174392

real	0m2.780s
user	0m0.000s
sys	0m0.047s

real	0m0.494s
user	0m0.031s
sys	0m0.109s
lzkj-isv.isvjcloud.com	FALSE	/	FALSE	1616174996	LZ_TOKEN_VALUE	B0oH3vDY2bhHWuKbVaJ+XQ==
lzkj-isv.isvjcloud.com	FALSE	/	FALSE	1616174996	LZ_TOKEN_KEY	lztokenpagedf46965eb0dd4df4a7f229897a65056a
03/20/21 01:19:56 313895500  1616174396
use pt_key

real	0m0.475s
user	0m0.125s
sys	0m0.094s
03/20/21 01:19:56 924663100  1616174396 token: AAFgVN08ADCJUQkHwHS0M9_P48Wz4YBa3aTuhZlJQBtiMCbyJ-Ph9m1va8BU1YrfOEsDSVpshsg

real	0m0.781s
user	0m0.078s
sys	0m0.078s
03/20/21 01:19:58 566949000  1616174398 secretPin: 8zfoIjWIu/DcpxQNzAV7/oVPSWy1B8D+G4s+fJIFDfWHSnwnXFQKK9yQco/OGmHebU48Dr07k+7+k1UaXRbZKg==

03/20/21 01:19:58 634143600  1616174398 王签到贝锐官方旗舰店

real	0m0.506s
user	0m0.031s
sys	0m0.125s
parse error: Invalid numeric literal at line 1, column 10
parse error: Invalid numeric literal at line 1, column 10
parse error: Invalid numeric literal at line 1, column 10
parse error: Invalid numeric literal at line 1, column 10
parse error: Invalid numeric literal at line 1, column 10
03/20/21 01:20:01 002462200 1616174401

real	0m3.295s
user	0m0.000s
sys	0m0.016s

real	0m0.519s
user	0m0.063s
sys	0m0.094s
lzkj-isv.isvjcloud.com	FALSE	/	FALSE	1616175004	LZ_TOKEN_VALUE	B0oH3vDY2bhHWuKbVaJ+XQ==
lzkj-isv.isvjcloud.com	FALSE	/	FALSE	1616175004	LZ_TOKEN_KEY	lztokenpage9f809509d5c04e2fb05dd01f601a39b7
03/20/21 01:20:05 092474800  1616174405
use pt_key

real	0m0.398s
user	0m0.078s
sys	0m0.109s
03/20/21 01:20:05 670848000  1616174405 token: AAFgVN1FADCn8jdZZKY8UUA1rsWn3pZJ2QGcvccbLyWm21BuyFa7eaAtCyKz6A6IXYAXZ_-tW8s

real	0m0.826s
user	0m0.047s
sys	0m0.109s
03/20/21 01:20:07 120992000  1616174407 secretPin: 8zfoIjWIu/DcpxQNzAV7/oVPSWy1B8D+G4s+fJIFDfWHSnwnXFQKK9yQco/OGmHebU48Dr07k+7+k1UaXRbZKg==

03/20/21 01:20:07 252695600  1616174407 王签到贝锐官方旗舰店

real	0m0.411s
user	0m0.031s
sys	0m0.078s
parse error: Invalid numeric literal at line 1, column 10
parse error: Invalid numeric literal at line 1, column 10
parse error: Invalid numeric literal at line 1, column 10
parse error: Invalid numeric literal at line 1, column 10
parse error: Invalid numeric literal at line 1, column 10
03/20/21 01:20:09 289197900 1616174409

real	0m3.338s
user	0m0.000s
sys	0m0.016s

real	0m0.524s
user	0m0.016s
sys	0m0.109s
lzkj-isv.isvjcloud.com	FALSE	/	FALSE	1616175013	LZ_TOKEN_VALUE	B0oH3vDY2bhHWuKbVaJ+XQ==
lzkj-isv.isvjcloud.com	FALSE	/	FALSE	1616175013	LZ_TOKEN_KEY	lztokenpage8eb41f238611459786b00568da976da3
03/20/21 01:20:13 267977500  1616174413
use pt_key

real	0m0.425s
user	0m0.141s
sys	0m0.172s
03/20/21 01:20:13 758643700  1616174413 token: AAFgVN1NADC7Cks7pvuDyT0Wk43cqY995RChnBJKwn_oUm4OLwwMM-53euAhZ7bIWz759JC_yUo

real	0m0.773s
user	0m0.031s
sys	0m0.125s
03/20/21 01:20:15 301584800  1616174415 secretPin: 8zfoIjWIu/DcpxQNzAV7/oVPSWy1B8D+G4s+fJIFDfWHSnwnXFQKK9yQco/OGmHebU48Dr07k+7+k1UaXRbZKg==

03/20/21 01:20:15 597432700  1616174415 王签到贝锐官方旗舰店

real	0m0.497s
user	0m0.016s
sys	0m0.125s
parse error: Invalid numeric literal at line 1, column 10
parse error: Invalid numeric literal at line 1, column 10
parse error: Invalid numeric literal at line 1, column 10
parse error: Invalid numeric literal at line 1, column 10
parse error: Invalid numeric literal at line 1, column 10
03/20/21 01:20:19 434883100 1616174419

real	0m3.473s
user	0m0.000s
sys	0m0.078s

real	0m0.336s
user	0m0.047s
sys	0m0.063s
lzkj-isv.isvjcloud.com	FALSE	/	FALSE	1616175023	LZ_TOKEN_VALUE	B0oH3vDY2bhHWuKbVaJ+XQ==
lzkj-isv.isvjcloud.com	FALSE	/	FALSE	1616175023	LZ_TOKEN_KEY	lztokenpage91a033b4ce6c4dffaa5aa60d5dadc70b
03/20/21 01:20:23 345787900  1616174423
use pt_key

real	0m0.317s
user	0m0.094s
sys	0m0.141s
03/20/21 01:20:23 690956400  1616174423 token: AAFgVN1XADCzJi7Y9zElMVVZHq25rTvtpbhGvOfCE-A7yGabFUH0xcbiH8_qxGjpSmmATBBg5Jc

real	0m0.425s
user	0m0.047s
sys	0m0.047s
03/20/21 01:20:24 546749900  1616174424 secretPin: 8zfoIjWIu/DcpxQNzAV7/oVPSWy1B8D+G4s+fJIFDfWHSnwnXFQKK9yQco/OGmHebU48Dr07k+7+k1UaXRbZKg==

03/20/21 01:20:24 606053500  1616174424 王签到贝锐官方旗舰店

real	0m0.375s
user	0m0.031s
sys	0m0.109s
parse error: Invalid numeric literal at line 1, column 10
parse error: Invalid numeric literal at line 1, column 10
parse error: Invalid numeric literal at line 1, column 10
parse error: Invalid numeric literal at line 1, column 10
parse error: Invalid numeric literal at line 1, column 10
03/20/21 01:20:26 900678200 1616174426

real	0m3.550s
user	0m0.000s
sys	0m0.047s

real	0m0.386s
user	0m0.031s
sys	0m0.109s
lzkj-isv.isvjcloud.com	FALSE	/	FALSE	1616175030	LZ_TOKEN_VALUE	B0oH3vDY2bhHWuKbVaJ+XQ==
lzkj-isv.isvjcloud.com	FALSE	/	FALSE	1616175030	LZ_TOKEN_KEY	lztokenpage8110a0b0b8d04383b423aa3a642eab28
03/20/21 01:20:30 998263900  1616174430
use pt_key

real	0m0.329s
user	0m0.141s
sys	0m0.109s
03/20/21 01:20:31 373330200  1616174431 token: AAFgVN1fADCXLr44mIdKSoOWSSIsXHLAjnwSGQYzDCDHodSCONRrY6tSiQhqUcQGnl1d3OousDQ

real	0m0.533s
user	0m0.031s
sys	0m0.125s
03/20/21 01:20:32 227783400  1616174432 secretPin: 8zfoIjWIu/DcpxQNzAV7/oVPSWy1B8D+G4s+fJIFDfWHSnwnXFQKK9yQco/OGmHebU48Dr07k+7+k1UaXRbZKg==

03/20/21 01:20:32 261719900  1616174432 王签到贝锐官方旗舰店

real	0m0.251s
user	0m0.031s
sys	0m0.078s
parse error: Invalid numeric literal at line 1, column 10
parse error: Invalid numeric literal at line 1, column 10
parse error: Invalid numeric literal at line 1, column 10
parse error: Invalid numeric literal at line 1, column 10
parse error: Invalid numeric literal at line 1, column 10
03/20/21 01:20:33 515132800 1616174433

real	0m3.752s
user	0m0.000s
sys	0m0.047s

real	0m0.749s
user	0m0.016s
sys	0m0.063s
lzkj-isv.isvjcloud.com	FALSE	/	FALSE	1616175037	LZ_TOKEN_VALUE	B0oH3vDY2bhHWuKbVaJ+XQ==
lzkj-isv.isvjcloud.com	FALSE	/	FALSE	1616175037	LZ_TOKEN_KEY	lztokenpage17848d86d10e4fbb8028a7057476f990
03/20/21 01:20:38 222834300  1616174438
use pt_key

real	0m0.437s
user	0m0.109s
sys	0m0.125s
03/20/21 01:20:38 701737600  1616174438 token: AAFgVN1mADDsgref25yv3qRWOZBDahjoRmIww-ssXWVjDWC5QjAaAKICN29ugs52ne0ooK26sQg

real	0m0.552s
user	0m0.031s
sys	0m0.109s
03/20/21 01:20:39 551637700  1616174439 secretPin: 8zfoIjWIu/DcpxQNzAV7/oVPSWy1B8D+G4s+fJIFDfWHSnwnXFQKK9yQco/OGmHebU48Dr07k+7+k1UaXRbZKg==

03/20/21 01:20:39 584013600  1616174439 王签到贝锐官方旗舰店

real	0m0.258s
user	0m0.063s
sys	0m0.094s
parse error: Invalid numeric literal at line 1, column 10
parse error: Invalid numeric literal at line 1, column 10
parse error: Invalid numeric literal at line 1, column 10
parse error: Invalid numeric literal at line 1, column 10
parse error: Invalid numeric literal at line 1, column 10
03/20/21 01:20:40 757400800 1616174440

real	0m3.910s
user	0m0.000s
sys	0m0.016s

real	0m0.496s
user	0m0.063s
sys	0m0.078s
lzkj-isv.isvjcloud.com	FALSE	/	FALSE	1616175045	LZ_TOKEN_VALUE	B0oH3vDY2bhHWuKbVaJ+XQ==
lzkj-isv.isvjcloud.com	FALSE	/	FALSE	1616175045	LZ_TOKEN_KEY	lztokenpage31dd15fcf73b4f15a17a78a609299e31
03/20/21 01:20:45 264056400  1616174445
use pt_key

real	0m0.304s
user	0m0.125s
sys	0m0.156s
03/20/21 01:20:45 598258000  1616174445 token: AAFgVN1tADC73DpoVdU0PD9ulpBxt_MzT09cIbgkZOGZUfXCKnKnzXwoxJsgrY3SQfoo3Ps2YFU

real	0m0.380s
user	0m0.031s
sys	0m0.094s
03/20/21 01:20:46 794628600  1616174446 secretPin: 8zfoIjWIu/DcpxQNzAV7/oVPSWy1B8D+G4s+fJIFDfWHSnwnXFQKK9yQco/OGmHebU48Dr07k+7+k1UaXRbZKg==

03/20/21 01:20:46 824244800  1616174446 王签到贝锐官方旗舰店

real	0m0.365s
user	0m0.016s
sys	0m0.094s
parse error: Invalid numeric literal at line 1, column 10
parse error: Invalid numeric literal at line 1, column 10
parse error: Invalid numeric literal at line 1, column 10
parse error: Invalid numeric literal at line 1, column 10
parse error: Invalid numeric literal at line 1, column 10
03/20/21 01:20:47 779536800 1616174447

real	0m4.042s
user	0m0.016s
sys	0m0.031s
03/20/21 01:22:51 942058700  1616174571
parse error: Invalid numeric literal at line 1, column 10
签到是否成功解析失败. 不再写/home/myid/jd/jd_signup/lzkj_sevenDay_vender/shop_1615906601_16

王签到贝锐官方旗舰店查看结果, 活动规则
{"giftConditions":[{"gift":{"giftInfoId":null,"giftName":"5元优惠券","venderId":null,"giftType":"1","type":0,"shortLink":"3.cn/-1016UgLW","orginLink":null,"activityId":null,"giftResidue":null,"commonAddAwardVO":null,"name":null,"id":"349275461","activityType":null},"imgUrl":"","giftInfoId":"42549101096f4ea9bc6e5ab58c12c36d","dayNum":"1","showType":"0"},{"gift":{"giftInfoId":null,"giftName":"2京豆","venderId":null,"giftType":"6","type":0,"shortLink":"","orginLink":null,"activityId":null,"giftResidue":null,"commonAddAwardVO":null,"name":null,"id":"1186002","activityType":null},"imgUrl":"","giftInfoId":"8996c3db73634400837a0a04f0a7141f","dayNum":"2","showType":"0"},{"gift":{"giftInfoId":null,"giftName":"5京豆","venderId":null,"giftType":"6","type":0,"shortLink":"","orginLink":null,"activityId":null,"giftResidue":null,"commonAddAwardVO":null,"name":null,"id":"1186002","activityType":null},"imgUrl":"","giftInfoId":"a0e2513fc6b6403ebddfd796e0321364","dayNum":"3","showType":"0"},{"gift":{"giftInfoId":null,"giftName":"8京豆","venderId":null,"giftType":"6","type":0,"shortLink":"","orginLink":null,"activityId":null,"giftResidue":null,"commonAddAwardVO":null,"name":null,"id":"1186002","activityType":null},"imgUrl":"","giftInfoId":"dd255d3698c249fb87f766638157a9a9","dayNum":"4","showType":"0"},{"gift":{"giftInfoId":null,"giftName":"20京豆","venderId":null,"giftType":"6","type":0,"shortLink":"","orginLink":null,"activityId":null,"giftResidue":null,"commonAddAwardVO":null,"name":null,"id":"1186002","activityType":null},"imgUrl":"","giftInfoId":"8c1aae24e33446b8937ca6bba0928882","dayNum":"5","showType":"0"},{"gift":{"giftInfoId":null,"giftName":"10元优惠券","venderId":null,"giftType":"1","type":0,"shortLink":"3.cn/1016U-gwZ","orginLink":null,"activityId":null,"giftResidue":null,"commonAddAwardVO":null,"name":null,"id":"348318735","activityType":null},"imgUrl":"","giftInfoId":"ca319db03b694e1996792fde76ebd7cc","dayNum":"6","showType":"0"},{"gift":{"giftInfoId":null,"giftName":"20元优惠券","venderId":null,"giftType":"1","type":0,"shortLink":"3.cn/1016UgZ-V","orginLink":null,"activityId":null,"giftResidue":null,"commonAddAwardVO":null,"name":null,"id":"348727319","activityType":null},"imgUrl":"","giftInfoId":"0aa842a09967437eaca43598f159e0d7","dayNum":"7","showType":"0"}],"msg":"","isOk":true,"isOver":"n","contiSignDays":4,"actRule":"1、活动时间：2021-03-15 12:00 - 2021-03-31 23:59；
2、关注店铺后方可参与活动；
3、符合连续签到赠送条件，则有机会赠送连续签到奖品；
4、签到7天后不能再参加；
5、第1天签到，有机会赠送5元优惠券；
6、第2天签到，有机会赠送2京豆；
7、第3天签到，有机会赠送5京豆；
8、第4天签到，有机会赠送8京豆；
9、第5天签到，有机会赠送20京豆；
10、第6天签到，有机会赠送10元优惠券；
11、第7天签到，有机会赠送20元优惠券；
12、签到成功后有机会获得奖品，也有可能会与奖品擦肩而过（奖品数量有限，先到先得）；
13、若用户存在刷奖等恶意行为，一经发现将取消抽奖资格（如奖品已经发放，有权追回奖品）；
注：奖品发放形式：
实物奖：
（1）中奖客户信息收集：页面弹屏提示中奖客户提供收货地址、号码和奖项；(超过1小时未填写对应收货信息，视为放弃);
（2）实物奖采取寄送方式发放，获奖用户需在开奖后填写姓名、联系电话、详细地址信息。如因用户原因无法联系上，即奖品作废不再补发，或如用户未填写真实有效的信息或填写收货信息不详，均视为放弃奖品；
虚拟产品奖：
（1）京豆：中奖后系统预计24小时内自动发放至账户；
（2）优惠券：中奖后需手动领取，预计24小时到账；
【活动参与主体资格】
（1）每位自然人用户仅能使用一个京东账号参与活动，微信号、QQ、京东帐号、手机号码等任一信息一致或指向同一用户的，视为同一个用户，则第一个参与本活动的账号参与结果有效，其余账号参与结果均视为无效。
（2）若发现同一位用户使用不同账号重复参与活动，承办方有权取消其获奖资格。
【注意事项】
（1）活动过程中，凡以不正当手段（如作弊领取、恶意套取、刷信誉、虚假交易、扰乱系统、实施网络攻击等）参与本次活动的用户，商家有权终止其参与活动，并取消其获奖资格（如奖品已发放，商家有权追回），如给商家造成损失的，商家将保留向违规用户继续追索的权利。
（2）如遇不可抗力(包括但不限于重大灾害事件、活动受政府机关指令需要停止举办或调整的、活动中存在大面积作弊行为、活动遭受严重网络攻击或因系统故障导致活动中奖名单大批量出错，活动不能正常进行的)，商家有权取消、修改或暂停本活动。
（3）本活动所发放的实物奖不得提现、不得转赠他人、不得为他人付款。
（4）是否中奖以活动发布者后台统计结果为准。
","followDays":0,"isSign":"n"}

#店铺名称
vendername="贝锐官方旗舰店"
#店铺激活码
actId="d38c2feeeed74723ac3c5700b78bb2af"
#店铺id
venderId="736323"
#长链接
url="https://lzkj-isv.isvjcloud.com/sign/sevenDay/signActivity?activityId=d38c2feeeed74723ac3c5700b78bb2af&venderId=736323"

startTime=1615780800
endTime=1617206340
# 活动时间：2021-03-15 12:00 - 2021-03-31 23:59；
# 奖励说明：
actRule="
7天签到
连续签到1天：5元优惠券
连续签到2天：2京豆
连续签到3天：5京豆
连续签到4天：8京豆
连续签到5天：20京豆
连续签到6天：10元优惠券
连续签到7天：20元优惠券
"
#赵 122294312-396444 sign_res
sign_num="4"
giftName=""8京豆""
giftRes="ok"
giftDate="20210319"
sign_res_info="7天签到 第 4 天
当天签到奖励 ["8京豆"]"
#赵 122294312-396444 sign_res_end
#王 1309893722-164885 sign_res
sign_num="4"
giftName=""8京豆""
giftRes="ok"
giftDate="20210319"
sign_res_info="7天签到 第 4 天
当天签到奖励 ["8京豆"]"
#王 1309893722-164885 sign_res_end
#肥鹅 jd_4d651d9e48204 sign_res
sign_num="4"
giftName=""8京豆""
giftRes="ok"
giftDate="20210319"
sign_res_info="7天签到 第 4 天
当天签到奖励 ["8京豆"]"
#肥鹅 jd_4d651d9e48204 sign_res_end
#移动 jd_OeTNobRVGiNZ sign_res
sign_num="0"
giftName=""
giftRes=""
giftDate="20210320"
sign_res_info="7天签到 第 0 天
当天签到奖励 []"
#移动 jd_OeTNobRVGiNZ sign_res_end
