03/01/21 04:04:48 771405400  1614542688
RANDOM_num: 15
removed '/tmp/tmp.W0x5UWvvr4'
03/01/21 04:04:48 849490700  1614542688
移动 今天已经签到过. 签到结果: ok  giftDate: 20210301
***********************************************

2021/03/01_08:00:00  [已~签~到]      
当天签到奖励 [null]
连续签到 1 天
签到总天数 6
***********************************************

actId=a3e7341936fb4fe786cb441977fad1df
venderId=10114665
startTime=1613664000000
endTime=1616169659000
# 短链接
suo_url="https://3.cn/1012Wo-ru"
actTimeStr="2021-02-19 00:00 至 2021-03-20 00:00"
#店铺名称
vendername="JEEP SPIRIT眼镜旗舰店"
# 长链接
url=https://lzkj-isv.isvjcloud.com/sign/signActivity2?activityId=a3e7341936fb4fe786cb441977fad1df&venderId=10114665&adsource=tg_xuanFuTuBiao
# 活动时间：2021.02.19 00:00:00 - 2021.03.20 00:00:59
# 奖励说明：
actRule="
连续签到3天：1京豆 1京豆
连续签到5天：3京豆 3京豆
"
#赵 122294312-396444 sign_res
sign_res="
signTime=1614556800;signed=2"
sign_num="0"
sign_total_num="5"
giftName="null"
giftRes="ok"
giftDate="20210301"
sign_res_info="
2021/03/01_08:00:00  [已~签~到]      
当天签到奖励 [null]
连续签到 0 天
签到总天数 5"
#赵 122294312-396444 sign_res_end
#王 1309893722-164885 sign_res
sign_res="
signTime=1614556800;signed=2"
sign_num="0"
sign_total_num="5"
giftName="null"
giftRes="ok"
giftDate="20210301"
sign_res_info="
2021/03/01_08:00:00  [已~签~到]      
当天签到奖励 [null]
连续签到 0 天
签到总天数 5"
#王 1309893722-164885 sign_res_end
#肥鹅 jd_4d651d9e48204 sign_res
sign_res="
signTime=1614556800;signed=2"
sign_num="0"
sign_total_num="5"
giftName="null"
giftRes="ok"
giftDate="20210301"
sign_res_info="
2021/03/01_08:00:00  [已~签~到]      
当天签到奖励 [null]
连续签到 0 天
签到总天数 5"
#肥鹅 jd_4d651d9e48204 sign_res_end
#移动 jd_OeTNobRVGiNZ sign_res
sign_res="
signTime=1614556800;signed=2"
sign_num="1"
sign_total_num="6"
giftName="null"
giftRes="ok"
giftDate="20210301"
sign_res_info="
2021/03/01_08:00:00  [已~签~到]      
当天签到奖励 [null]
连续签到 1 天
签到总天数 6"
#移动 jd_OeTNobRVGiNZ sign_res_end
