03/27/21 01:05:09 685279500  1616778309
RANDOM_num: 10
removed '/tmp/tmp.x7cbdpAdVv'
03/27/21 01:05:09 810632400  1616778309 检查122294312-396444签到
removed '/tmp/tmp.qZz0ANFgsc'
03/27/21 01:05:09 884963200  1616778309 检查1309893722-164885签到

03/27/21 01:05:09 930528100  1616778309 赵签到名校堂京东自营旗舰店

real	0m0.199s
user	0m0.016s
sys	0m0.063s
{"code":200,"data":[{"level":0,"prizeList":[{"discount":1.00,"type":4,"number":10000,"budgetNum":10000,"userPirzeStatus":2,"class":"com.jd.interact.center.client.api.user.domain.InteractUserPrize","status":2}],"signType":0,"class":"com.jd.interact.center.client.api.color.domain.sign.ShopSignInteractUserPrizeRule","userPrizeRuleStatus":2}],"class":"com.jd.interact.center.client.api.common.param.Results","success":true}

03/27/21 01:05:10 216450800  1616778310 王签到名校堂京东自营旗舰店

real	0m0.202s
user	0m0.016s
sys	0m0.078s
{"code":200,"data":[{"level":0,"prizeList":[{"discount":1.00,"type":4,"number":10000,"budgetNum":10000,"userPirzeStatus":2,"class":"com.jd.interact.center.client.api.user.domain.InteractUserPrize","status":2}],"signType":0,"class":"com.jd.interact.center.client.api.color.domain.sign.ShopSignInteractUserPrizeRule","userPrizeRuleStatus":2}],"class":"com.jd.interact.center.client.api.common.param.Results","success":true}
03/27/21 01:05:10 509096500 1616778310
03/27/21 01:05:10 521406100 1616778310 签到名校堂京东自营旗舰店完成

03/27/21 01:05:20 590233800  1616778320
赵签到名校堂京东自营旗舰店查看结果
200
首次签到成功. 写入giftName: 奖励1,type=4;

***********************************************
2021/03/01_00:00:00  2    未签到
2021/03/02_00:00:00  2    未签到
2021/03/03_00:00:00  2    未签到
2021/03/04_00:00:00  2    未签到
2021/03/05_00:00:00  2    未签到
2021/03/06_01:11:10  2    [已~签~到]
2021/03/07_01:13:02  2    [已~签~到]
2021/03/08_01:10:01  2    [已~签~到]
2021/03/09_01:10:19  2    [已~签~到]
2021/03/10_01:10:51  2    [已~签~到]
2021/03/11_01:09:29  2    [已~签~到]
2021/03/12_01:08:07  2    [已~签~到]
2021/03/13_01:08:50  2    [已~签~到]
2021/03/14_01:09:13  2    [已~签~到]
2021/03/15_01:08:10  2    [已~签~到]
2021/03/16_01:05:48  2    [已~签~到]
2021/03/17_01:08:37  2    [已~签~到]
2021/03/18_01:08:11  2    [已~签~到]
2021/03/19_01:06:26  2    [已~签~到]
2021/03/20_01:08:43  2    [已~签~到]
2021/03/21_01:08:05  2    [已~签~到]
2021/03/22_01:06:20  2    [已~签~到]
2021/03/23_01:07:16  2    [已~签~到]
2021/03/24_01:06:47  2    [已~签~到]
2021/03/25_01:04:45  2    [已~签~到]
2021/03/26_01:06:12  2    [已~签~到]
2021/03/27_01:05:09  1    [已~签~到]
2021/03/28_00:00:00  3    未签到
2021/03/29_00:00:00  3    未签到
2021/03/30_00:00:00  3    未签到
当天签到奖励 [奖励1,type=4;]
已签到 22 天
***********************************************

王签到名校堂京东自营旗舰店查看结果
200
首次签到成功. 写入giftName: 奖励1,type=4;

***********************************************
2021/03/01_00:00:00  2    未签到
2021/03/02_00:00:00  2    未签到
2021/03/03_00:00:00  2    未签到
2021/03/04_00:00:00  2    未签到
2021/03/05_21:21:19  2    [已~签~到]
2021/03/06_01:11:10  2    [已~签~到]
2021/03/07_01:13:02  2    [已~签~到]
2021/03/08_01:10:01  2    [已~签~到]
2021/03/09_01:10:20  2    [已~签~到]
2021/03/10_01:10:51  2    [已~签~到]
2021/03/11_01:09:29  2    [已~签~到]
2021/03/12_01:08:08  2    [已~签~到]
2021/03/13_01:08:50  2    [已~签~到]
2021/03/14_01:09:13  2    [已~签~到]
2021/03/15_01:08:10  2    [已~签~到]
2021/03/16_01:05:49  2    [已~签~到]
2021/03/17_01:08:38  2    [已~签~到]
2021/03/18_01:08:12  2    [已~签~到]
2021/03/19_01:06:26  2    [已~签~到]
2021/03/20_01:08:43  2    [已~签~到]
2021/03/21_01:08:06  2    [已~签~到]
2021/03/22_01:06:20  2    [已~签~到]
2021/03/23_01:07:17  2    [已~签~到]
2021/03/24_01:06:48  2    [已~签~到]
2021/03/25_01:04:46  2    [已~签~到]
2021/03/26_01:06:13  2    [已~签~到]
2021/03/27_01:05:09  1    [已~签~到]
2021/03/28_00:00:00  3    未签到
2021/03/29_00:00:00  3    未签到
2021/03/30_00:00:00  3    未签到
当天签到奖励 [奖励1,type=4;]
已签到 23 天
***********************************************



赵签到名校堂京东自营旗舰店日志
{"code":200,"data":{"signRecords":[{"signTime":1614528000000,"currentDay":2,"signed":1,"class":"com.jd.interact.center.client.api.color.domain.sign.InteractActivityUserActionRecord"},{"signTime":1614614400000,"currentDay":2,"signed":1,"class":"com.jd.interact.center.client.api.color.domain.sign.InteractActivityUserActionRecord"},{"signTime":1614700800000,"currentDay":2,"signed":1,"class":"com.jd.interact.center.client.api.color.domain.sign.InteractActivityUserActionRecord"},{"signTime":1614787200000,"currentDay":2,"signed":1,"class":"com.jd.interact.center.client.api.color.domain.sign.InteractActivityUserActionRecord"},{"signTime":1614873600000,"currentDay":2,"signed":1,"class":"com.jd.interact.center.client.api.color.domain.sign.InteractActivityUserActionRecord"},{"signTime":1614964270281,"currentDay":2,"signed":2,"class":"com.jd.interact.center.client.api.color.domain.sign.InteractActivityUserActionRecord"},{"signTime":1615050782598,"currentDay":2,"signed":2,"class":"com.jd.interact.center.client.api.color.domain.sign.InteractActivityUserActionRecord"},{"signTime":1615137001329,"currentDay":2,"signed":2,"class":"com.jd.interact.center.client.api.color.domain.sign.InteractActivityUserActionRecord"},{"signTime":1615223419889,"currentDay":2,"signed":2,"class":"com.jd.interact.center.client.api.color.domain.sign.InteractActivityUserActionRecord"},{"signTime":1615309851165,"currentDay":2,"signed":2,"class":"com.jd.interact.center.client.api.color.domain.sign.InteractActivityUserActionRecord"},{"signTime":1615396169527,"currentDay":2,"signed":2,"class":"com.jd.interact.center.client.api.color.domain.sign.InteractActivityUserActionRecord"},{"signTime":1615482487767,"currentDay":2,"signed":2,"class":"com.jd.interact.center.client.api.color.domain.sign.InteractActivityUserActionRecord"},{"signTime":1615568930482,"currentDay":2,"signed":2,"class":"com.jd.interact.center.client.api.color.domain.sign.InteractActivityUserActionRecord"},{"signTime":1615655353669,"currentDay":2,"signed":2,"class":"com.jd.interact.center.client.api.color.domain.sign.InteractActivityUserActionRecord"},{"signTime":1615741690440,"currentDay":2,"signed":2,"class":"com.jd.interact.center.client.api.color.domain.sign.InteractActivityUserActionRecord"},{"signTime":1615827948883,"currentDay":2,"signed":2,"class":"com.jd.interact.center.client.api.color.domain.sign.InteractActivityUserActionRecord"},{"signTime":1615914517886,"currentDay":2,"signed":2,"class":"com.jd.interact.center.client.api.color.domain.sign.InteractActivityUserActionRecord"},{"signTime":1616000891956,"currentDay":2,"signed":2,"class":"com.jd.interact.center.client.api.color.domain.sign.InteractActivityUserActionRecord"},{"signTime":1616087186321,"currentDay":2,"signed":2,"class":"com.jd.interact.center.client.api.color.domain.sign.InteractActivityUserActionRecord"},{"signTime":1616173723220,"currentDay":2,"signed":2,"class":"com.jd.interact.center.client.api.color.domain.sign.InteractActivityUserActionRecord"},{"signTime":1616260085852,"currentDay":2,"signed":2,"class":"com.jd.interact.center.client.api.color.domain.sign.InteractActivityUserActionRecord"},{"signTime":1616346380531,"currentDay":2,"signed":2,"class":"com.jd.interact.center.client.api.color.domain.sign.InteractActivityUserActionRecord"},{"signTime":1616432836952,"currentDay":2,"signed":2,"class":"com.jd.interact.center.client.api.color.domain.sign.InteractActivityUserActionRecord"},{"signTime":1616519207953,"currentDay":2,"signed":2,"class":"com.jd.interact.center.client.api.color.domain.sign.InteractActivityUserActionRecord"},{"signTime":1616605485866,"currentDay":2,"signed":2,"class":"com.jd.interact.center.client.api.color.domain.sign.InteractActivityUserActionRecord"},{"signTime":1616691972782,"currentDay":2,"signed":2,"class":"com.jd.interact.center.client.api.color.domain.sign.InteractActivityUserActionRecord"},{"signTime":1616778309390,"currentDay":1,"signed":2,"class":"com.jd.interact.center.client.api.color.domain.sign.InteractActivityUserActionRecord"},{"signTime":1616860800000,"currentDay":3,"signed":1,"class":"com.jd.interact.center.client.api.color.domain.sign.InteractActivityUserActionRecord"},{"signTime":1616947200000,"currentDay":3,"signed":1,"class":"com.jd.interact.center.client.api.color.domain.sign.InteractActivityUserActionRecord"},{"signTime":1617033600000,"currentDay":3,"signed":1,"class":"com.jd.interact.center.client.api.color.domain.sign.InteractActivityUserActionRecord"}],"days":22,"class":"com.jd.interact.center.client.api.color.domain.sign.ShopSignUserRecord"},"class":"com.jd.interact.center.client.api.common.param.Results","success":true}
{
  "contiSignNum": 22
}
王签到名校堂京东自营旗舰店日志
{"code":200,"data":{"signRecords":[{"signTime":1614528000000,"currentDay":2,"signed":1,"class":"com.jd.interact.center.client.api.color.domain.sign.InteractActivityUserActionRecord"},{"signTime":1614614400000,"currentDay":2,"signed":1,"class":"com.jd.interact.center.client.api.color.domain.sign.InteractActivityUserActionRecord"},{"signTime":1614700800000,"currentDay":2,"signed":1,"class":"com.jd.interact.center.client.api.color.domain.sign.InteractActivityUserActionRecord"},{"signTime":1614787200000,"currentDay":2,"signed":1,"class":"com.jd.interact.center.client.api.color.domain.sign.InteractActivityUserActionRecord"},{"signTime":1614950479337,"currentDay":2,"signed":2,"class":"com.jd.interact.center.client.api.color.domain.sign.InteractActivityUserActionRecord"},{"signTime":1614964270585,"currentDay":2,"signed":2,"class":"com.jd.interact.center.client.api.color.domain.sign.InteractActivityUserActionRecord"},{"signTime":1615050782886,"currentDay":2,"signed":2,"class":"com.jd.interact.center.client.api.color.domain.sign.InteractActivityUserActionRecord"},{"signTime":1615137001627,"currentDay":2,"signed":2,"class":"com.jd.interact.center.client.api.color.domain.sign.InteractActivityUserActionRecord"},{"signTime":1615223420185,"currentDay":2,"signed":2,"class":"com.jd.interact.center.client.api.color.domain.sign.InteractActivityUserActionRecord"},{"signTime":1615309851472,"currentDay":2,"signed":2,"class":"com.jd.interact.center.client.api.color.domain.sign.InteractActivityUserActionRecord"},{"signTime":1615396169812,"currentDay":2,"signed":2,"class":"com.jd.interact.center.client.api.color.domain.sign.InteractActivityUserActionRecord"},{"signTime":1615482488079,"currentDay":2,"signed":2,"class":"com.jd.interact.center.client.api.color.domain.sign.InteractActivityUserActionRecord"},{"signTime":1615568930861,"currentDay":2,"signed":2,"class":"com.jd.interact.center.client.api.color.domain.sign.InteractActivityUserActionRecord"},{"signTime":1615655353971,"currentDay":2,"signed":2,"class":"com.jd.interact.center.client.api.color.domain.sign.InteractActivityUserActionRecord"},{"signTime":1615741690831,"currentDay":2,"signed":2,"class":"com.jd.interact.center.client.api.color.domain.sign.InteractActivityUserActionRecord"},{"signTime":1615827949184,"currentDay":2,"signed":2,"class":"com.jd.interact.center.client.api.color.domain.sign.InteractActivityUserActionRecord"},{"signTime":1615914518186,"currentDay":2,"signed":2,"class":"com.jd.interact.center.client.api.color.domain.sign.InteractActivityUserActionRecord"},{"signTime":1616000892245,"currentDay":2,"signed":2,"class":"com.jd.interact.center.client.api.color.domain.sign.InteractActivityUserActionRecord"},{"signTime":1616087186600,"currentDay":2,"signed":2,"class":"com.jd.interact.center.client.api.color.domain.sign.InteractActivityUserActionRecord"},{"signTime":1616173723692,"currentDay":2,"signed":2,"class":"com.jd.interact.center.client.api.color.domain.sign.InteractActivityUserActionRecord"},{"signTime":1616260086142,"currentDay":2,"signed":2,"class":"com.jd.interact.center.client.api.color.domain.sign.InteractActivityUserActionRecord"},{"signTime":1616346380818,"currentDay":2,"signed":2,"class":"com.jd.interact.center.client.api.color.domain.sign.InteractActivityUserActionRecord"},{"signTime":1616432837228,"currentDay":2,"signed":2,"class":"com.jd.interact.center.client.api.color.domain.sign.InteractActivityUserActionRecord"},{"signTime":1616519208249,"currentDay":2,"signed":2,"class":"com.jd.interact.center.client.api.color.domain.sign.InteractActivityUserActionRecord"},{"signTime":1616605486209,"currentDay":2,"signed":2,"class":"com.jd.interact.center.client.api.color.domain.sign.InteractActivityUserActionRecord"},{"signTime":1616691973082,"currentDay":2,"signed":2,"class":"com.jd.interact.center.client.api.color.domain.sign.InteractActivityUserActionRecord"},{"signTime":1616778309676,"currentDay":1,"signed":2,"class":"com.jd.interact.center.client.api.color.domain.sign.InteractActivityUserActionRecord"},{"signTime":1616860800000,"currentDay":3,"signed":1,"class":"com.jd.interact.center.client.api.color.domain.sign.InteractActivityUserActionRecord"},{"signTime":1616947200000,"currentDay":3,"signed":1,"class":"com.jd.interact.center.client.api.color.domain.sign.InteractActivityUserActionRecord"},{"signTime":1617033600000,"currentDay":3,"signed":1,"class":"com.jd.interact.center.client.api.color.domain.sign.InteractActivityUserActionRecord"}],"days":23,"class":"com.jd.interact.center.client.api.color.domain.sign.ShopSignUserRecord"},"class":"com.jd.interact.center.client.api.common.param.Results","success":true}
{
  "contiSignNum": 23
}
# 短链接
suo_url=""
venderId=1000081127
startTime=1614528000000
endTime=1617119999000
activityId=10280404
token=66FF21248A931AD7E248D32A9B4BF600
#店铺名称
vendername="名校堂京东自营旗舰店"
# 长链接
url=https://h5.m.jd.com/babelDiy/Zeus/2PAAf74aG3D61qvfKUM5dxUssJQ9/index.html?token=66FF21248A931AD7E248D32A9B4BF600
# 活动时间：2021.03.01 00:00:00 - 2021.03.30 23:59:59
# 奖励说明：
actRule="
每日签到：1京豆
连续签到10天：100店铺积分
"
#肥鹅 jd_4d651d9e48204 sign_res
sign_res="
signTime=1614528000;signed=1;currentDay=2
signTime=1614614400;signed=1;currentDay=2
signTime=1614700800;signed=1;currentDay=2
signTime=1614787200;signed=1;currentDay=2
signTime=1614873600;signed=1;currentDay=2
signTime=1614964319;signed=2;currentDay=2
signTime=1615050791;signed=2;currentDay=2
signTime=1615137045;signed=2;currentDay=2
signTime=1615223444;signed=2;currentDay=2
signTime=1615309896;signed=2;currentDay=2
signTime=1615396178;signed=2;currentDay=2
signTime=1615482502;signed=2;currentDay=2
signTime=1615568940;signed=2;currentDay=2
signTime=1615655373;signed=2;currentDay=2
signTime=1615741710;signed=2;currentDay=2
signTime=1615827993;signed=2;currentDay=2
signTime=1615914527;signed=2;currentDay=2
signTime=1616000936;signed=2;currentDay=2
signTime=1616087225;signed=2;currentDay=2
signTime=1616173738;signed=2;currentDay=2
signTime=1616260095;signed=2;currentDay=2
signTime=1616346409;signed=2;currentDay=2
signTime=1616432850;signed=2;currentDay=2
signTime=1616519256;signed=2;currentDay=2
signTime=1616605501;signed=2;currentDay=2
signTime=1616691987;signed=2;currentDay=1
signTime=1616774400;signed=1;currentDay=3
signTime=1616860800;signed=1;currentDay=3
signTime=1616947200;signed=1;currentDay=3
signTime=1617033600;signed=1;currentDay=3"
sign_num="21"
giftName="奖励1,type=4;"
giftRes="ok"
giftDate="20210326"
sign_res_info="
2021/03/01_00:00:00  2    未签到
2021/03/02_00:00:00  2    未签到
2021/03/03_00:00:00  2    未签到
2021/03/04_00:00:00  2    未签到
2021/03/05_00:00:00  2    未签到
2021/03/06_01:11:59  2    [已~签~到]
2021/03/07_01:13:11  2    [已~签~到]
2021/03/08_01:10:45  2    [已~签~到]
2021/03/09_01:10:44  2    [已~签~到]
2021/03/10_01:11:36  2    [已~签~到]
2021/03/11_01:09:38  2    [已~签~到]
2021/03/12_01:08:22  2    [已~签~到]
2021/03/13_01:09:00  2    [已~签~到]
2021/03/14_01:09:33  2    [已~签~到]
2021/03/15_01:08:30  2    [已~签~到]
2021/03/16_01:06:33  2    [已~签~到]
2021/03/17_01:08:47  2    [已~签~到]
2021/03/18_01:08:56  2    [已~签~到]
2021/03/19_01:07:05  2    [已~签~到]
2021/03/20_01:08:58  2    [已~签~到]
2021/03/21_01:08:15  2    [已~签~到]
2021/03/22_01:06:49  2    [已~签~到]
2021/03/23_01:07:30  2    [已~签~到]
2021/03/24_01:07:36  2    [已~签~到]
2021/03/25_01:05:01  2    [已~签~到]
2021/03/26_01:06:27  1    [已~签~到]
2021/03/27_00:00:00  3    未签到
2021/03/28_00:00:00  3    未签到
2021/03/29_00:00:00  3    未签到
2021/03/30_00:00:00  3    未签到
当天签到奖励 [奖励1,type=4;]
已签到 21 天"
#肥鹅 jd_4d651d9e48204 sign_res_end
#移动 jd_OeTNobRVGiNZ sign_res
sign_res="
signTime=1614528000;signed=1;currentDay=2
signTime=1614614400;signed=1;currentDay=2
signTime=1614700800;signed=1;currentDay=2
signTime=1614787200;signed=1;currentDay=2
signTime=1614950471;signed=2;currentDay=2
signTime=1614964319;signed=2;currentDay=2
signTime=1615050792;signed=2;currentDay=2
signTime=1615137046;signed=2;currentDay=2
signTime=1615223444;signed=2;currentDay=2
signTime=1615309896;signed=2;currentDay=2
signTime=1615396179;signed=2;currentDay=2
signTime=1615482503;signed=2;currentDay=2
signTime=1615568940;signed=2;currentDay=2
signTime=1615655373;signed=2;currentDay=2
signTime=1615741710;signed=2;currentDay=2
signTime=1615827993;signed=2;currentDay=2
signTime=1615914528;signed=2;currentDay=2
signTime=1616000936;signed=2;currentDay=2
signTime=1616087225;signed=2;currentDay=2
signTime=1616173738;signed=2;currentDay=2
signTime=1616260095;signed=2;currentDay=2
signTime=1616346409;signed=2;currentDay=2
signTime=1616432851;signed=2;currentDay=2
signTime=1616519257;signed=2;currentDay=2
signTime=1616605502;signed=2;currentDay=2
signTime=1616691987;signed=2;currentDay=1
signTime=1616774400;signed=1;currentDay=3
signTime=1616860800;signed=1;currentDay=3
signTime=1616947200;signed=1;currentDay=3
signTime=1617033600;signed=1;currentDay=3"
sign_num="22"
giftName=""
giftRes="ok"
giftDate="20210326"
sign_res_info="
2021/03/01_00:00:00  2    未签到
2021/03/02_00:00:00  2    未签到
2021/03/03_00:00:00  2    未签到
2021/03/04_00:00:00  2    未签到
2021/03/05_21:21:11  2    [已~签~到]
2021/03/06_01:11:59  2    [已~签~到]
2021/03/07_01:13:12  2    [已~签~到]
2021/03/08_01:10:46  2    [已~签~到]
2021/03/09_01:10:44  2    [已~签~到]
2021/03/10_01:11:36  2    [已~签~到]
2021/03/11_01:09:39  2    [已~签~到]
2021/03/12_01:08:23  2    [已~签~到]
2021/03/13_01:09:00  2    [已~签~到]
2021/03/14_01:09:33  2    [已~签~到]
2021/03/15_01:08:30  2    [已~签~到]
2021/03/16_01:06:33  2    [已~签~到]
2021/03/17_01:08:48  2    [已~签~到]
2021/03/18_01:08:56  2    [已~签~到]
2021/03/19_01:07:05  2    [已~签~到]
2021/03/20_01:08:58  2    [已~签~到]
2021/03/21_01:08:15  2    [已~签~到]
2021/03/22_01:06:49  2    [已~签~到]
2021/03/23_01:07:31  2    [已~签~到]
2021/03/24_01:07:37  2    [已~签~到]
2021/03/25_01:05:02  2    [已~签~到]
2021/03/26_01:06:27  1    [已~签~到]
2021/03/27_00:00:00  3    未签到
2021/03/28_00:00:00  3    未签到
2021/03/29_00:00:00  3    未签到
2021/03/30_00:00:00  3    未签到
当天签到奖励 []
已签到 22 天"
#移动 jd_OeTNobRVGiNZ sign_res_end
#赵 122294312-396444 sign_res
sign_res="
signTime=1614528000;signed=1;currentDay=2
signTime=1614614400;signed=1;currentDay=2
signTime=1614700800;signed=1;currentDay=2
signTime=1614787200;signed=1;currentDay=2
signTime=1614873600;signed=1;currentDay=2
signTime=1614964270;signed=2;currentDay=2
signTime=1615050782;signed=2;currentDay=2
signTime=1615137001;signed=2;currentDay=2
signTime=1615223419;signed=2;currentDay=2
signTime=1615309851;signed=2;currentDay=2
signTime=1615396169;signed=2;currentDay=2
signTime=1615482487;signed=2;currentDay=2
signTime=1615568930;signed=2;currentDay=2
signTime=1615655353;signed=2;currentDay=2
signTime=1615741690;signed=2;currentDay=2
signTime=1615827948;signed=2;currentDay=2
signTime=1615914517;signed=2;currentDay=2
signTime=1616000891;signed=2;currentDay=2
signTime=1616087186;signed=2;currentDay=2
signTime=1616173723;signed=2;currentDay=2
signTime=1616260085;signed=2;currentDay=2
signTime=1616346380;signed=2;currentDay=2
signTime=1616432836;signed=2;currentDay=2
signTime=1616519207;signed=2;currentDay=2
signTime=1616605485;signed=2;currentDay=2
signTime=1616691972;signed=2;currentDay=2
signTime=1616778309;signed=2;currentDay=1
signTime=1616860800;signed=1;currentDay=3
signTime=1616947200;signed=1;currentDay=3
signTime=1617033600;signed=1;currentDay=3"
sign_num="22"
giftName="奖励1,type=4;"
giftRes="ok"
giftDate="20210327"
sign_res_info="
2021/03/01_00:00:00  2    未签到
2021/03/02_00:00:00  2    未签到
2021/03/03_00:00:00  2    未签到
2021/03/04_00:00:00  2    未签到
2021/03/05_00:00:00  2    未签到
2021/03/06_01:11:10  2    [已~签~到]
2021/03/07_01:13:02  2    [已~签~到]
2021/03/08_01:10:01  2    [已~签~到]
2021/03/09_01:10:19  2    [已~签~到]
2021/03/10_01:10:51  2    [已~签~到]
2021/03/11_01:09:29  2    [已~签~到]
2021/03/12_01:08:07  2    [已~签~到]
2021/03/13_01:08:50  2    [已~签~到]
2021/03/14_01:09:13  2    [已~签~到]
2021/03/15_01:08:10  2    [已~签~到]
2021/03/16_01:05:48  2    [已~签~到]
2021/03/17_01:08:37  2    [已~签~到]
2021/03/18_01:08:11  2    [已~签~到]
2021/03/19_01:06:26  2    [已~签~到]
2021/03/20_01:08:43  2    [已~签~到]
2021/03/21_01:08:05  2    [已~签~到]
2021/03/22_01:06:20  2    [已~签~到]
2021/03/23_01:07:16  2    [已~签~到]
2021/03/24_01:06:47  2    [已~签~到]
2021/03/25_01:04:45  2    [已~签~到]
2021/03/26_01:06:12  2    [已~签~到]
2021/03/27_01:05:09  1    [已~签~到]
2021/03/28_00:00:00  3    未签到
2021/03/29_00:00:00  3    未签到
2021/03/30_00:00:00  3    未签到
当天签到奖励 [奖励1,type=4;]
已签到 22 天"
#赵 122294312-396444 sign_res_end
#王 1309893722-164885 sign_res
sign_res="
signTime=1614528000;signed=1;currentDay=2
signTime=1614614400;signed=1;currentDay=2
signTime=1614700800;signed=1;currentDay=2
signTime=1614787200;signed=1;currentDay=2
signTime=1614950479;signed=2;currentDay=2
signTime=1614964270;signed=2;currentDay=2
signTime=1615050782;signed=2;currentDay=2
signTime=1615137001;signed=2;currentDay=2
signTime=1615223420;signed=2;currentDay=2
signTime=1615309851;signed=2;currentDay=2
signTime=1615396169;signed=2;currentDay=2
signTime=1615482488;signed=2;currentDay=2
signTime=1615568930;signed=2;currentDay=2
signTime=1615655353;signed=2;currentDay=2
signTime=1615741690;signed=2;currentDay=2
signTime=1615827949;signed=2;currentDay=2
signTime=1615914518;signed=2;currentDay=2
signTime=1616000892;signed=2;currentDay=2
signTime=1616087186;signed=2;currentDay=2
signTime=1616173723;signed=2;currentDay=2
signTime=1616260086;signed=2;currentDay=2
signTime=1616346380;signed=2;currentDay=2
signTime=1616432837;signed=2;currentDay=2
signTime=1616519208;signed=2;currentDay=2
signTime=1616605486;signed=2;currentDay=2
signTime=1616691973;signed=2;currentDay=2
signTime=1616778309;signed=2;currentDay=1
signTime=1616860800;signed=1;currentDay=3
signTime=1616947200;signed=1;currentDay=3
signTime=1617033600;signed=1;currentDay=3"
sign_num="23"
giftName="奖励1,type=4;"
giftRes="ok"
giftDate="20210327"
sign_res_info="
2021/03/01_00:00:00  2    未签到
2021/03/02_00:00:00  2    未签到
2021/03/03_00:00:00  2    未签到
2021/03/04_00:00:00  2    未签到
2021/03/05_21:21:19  2    [已~签~到]
2021/03/06_01:11:10  2    [已~签~到]
2021/03/07_01:13:02  2    [已~签~到]
2021/03/08_01:10:01  2    [已~签~到]
2021/03/09_01:10:20  2    [已~签~到]
2021/03/10_01:10:51  2    [已~签~到]
2021/03/11_01:09:29  2    [已~签~到]
2021/03/12_01:08:08  2    [已~签~到]
2021/03/13_01:08:50  2    [已~签~到]
2021/03/14_01:09:13  2    [已~签~到]
2021/03/15_01:08:10  2    [已~签~到]
2021/03/16_01:05:49  2    [已~签~到]
2021/03/17_01:08:38  2    [已~签~到]
2021/03/18_01:08:12  2    [已~签~到]
2021/03/19_01:06:26  2    [已~签~到]
2021/03/20_01:08:43  2    [已~签~到]
2021/03/21_01:08:06  2    [已~签~到]
2021/03/22_01:06:20  2    [已~签~到]
2021/03/23_01:07:17  2    [已~签~到]
2021/03/24_01:06:48  2    [已~签~到]
2021/03/25_01:04:46  2    [已~签~到]
2021/03/26_01:06:13  2    [已~签~到]
2021/03/27_01:05:09  1    [已~签~到]
2021/03/28_00:00:00  3    未签到
2021/03/29_00:00:00  3    未签到
2021/03/30_00:00:00  3    未签到
当天签到奖励 [奖励1,type=4;]
已签到 23 天"
#王 1309893722-164885 sign_res_end
