03/04/21 02:05:35 293136500  1614794735
RANDOM_num: 35
removed '/tmp/tmp.LnU5rM22Yv'
03/04/21 02:05:35 468973700  1614794735 检查移动签到

real	0m0.202s
user	0m0.031s
sys	0m0.078s
lzkj-isv.isvjcloud.com	FALSE	/	FALSE	1614795335	LZ_TOKEN_VALUE	B0oH3vDY2bhHWuKbVaJ+XQ==
lzkj-isv.isvjcloud.com	FALSE	/	FALSE	1614795335	LZ_TOKEN_KEY	lztokenpage8abbe226cf8c4f1f8b4f3981ee824f15
03/04/21 02:05:35 804531800  1614794735
use wskey

real	0m0.176s
user	0m0.109s
sys	0m0.141s
03/04/21 02:05:36 009093100  1614794736 token: AAFgP8_vADCwIJS_EYhpP7pq8rdjPu8tBUvrHgSdDJyafjQTPXg4iBMNknWR0N52MJ8WZU9LcHg

real	0m0.293s
user	0m0.016s
sys	0m0.078s
{"result":false,"data":"400001","count":0,"errorMessage":"活动太火爆，还是去买买买吧"}
03/04/21 02:07:21 525670800  1614794841
签到失败. 写入失败的giftName: 

***********************************************

当天签到奖励 []
连续签到  天
签到总天数 
***********************************************

移动签到JEEP SPIRIT眼镜旗舰店查看结果



JEEP SPIRIT眼镜旗舰店活动规则


actId=a3e7341936fb4fe786cb441977fad1df
venderId=10114665
startTime=1613664000000
endTime=1616169659000
# 短链接
suo_url="https://3.cn/1012Wo-ru"
actTimeStr="2021-02-19 00:00 至 2021-03-20 00:00"
#店铺名称
vendername="JEEP SPIRIT眼镜旗舰店"
# 长链接
url=https://lzkj-isv.isvjcloud.com/sign/signActivity2?activityId=a3e7341936fb4fe786cb441977fad1df&venderId=10114665&adsource=tg_xuanFuTuBiao
# 活动时间：2021.02.19 00:00:00 - 2021.03.20 00:00:59
# 奖励说明：
actRule="
连续签到3天：1京豆 1京豆
连续签到5天：3京豆 3京豆
"
#赵 122294312-396444 sign_res
sign_res="
signTime=1614556800;signed=2
signTime=1614643200;signed=2
signTime=1614729600;signed=2
signTime=1614816000;signed=2"
sign_num="3"
sign_total_num="8"
giftName="null"
giftRes="ok"
giftDate="20210304"
sign_res_info="
2021/03/01_08:00:00  [已~签~到]      
2021/03/02_08:00:00  [已~签~到]      
2021/03/03_08:00:00  [已~签~到]      
2021/03/04_08:00:00  [已~签~到]      
当天签到奖励 [null]
连续签到 3 天
签到总天数 8"
#赵 122294312-396444 sign_res_end
#王 1309893722-164885 sign_res
sign_res="
signTime=1614556800;signed=2
signTime=1614643200;signed=2
signTime=1614729600;signed=2
signTime=1614816000;signed=2"
sign_num="3"
sign_total_num="8"
giftName="null"
giftRes="ok"
giftDate="20210304"
sign_res_info="
2021/03/01_08:00:00  [已~签~到]      
2021/03/02_08:00:00  [已~签~到]      
2021/03/03_08:00:00  [已~签~到]      
2021/03/04_08:00:00  [已~签~到]      
当天签到奖励 [null]
连续签到 3 天
签到总天数 8"
#王 1309893722-164885 sign_res_end
#肥鹅 jd_4d651d9e48204 sign_res
sign_res="
signTime=1614556800;signed=2
signTime=1614643200;signed=2
signTime=1614729600;signed=2
signTime=1614816000;signed=2"
sign_num="3"
sign_total_num="8"
giftName="null"
giftRes="ok"
giftDate="20210304"
sign_res_info="
2021/03/01_08:00:00  [已~签~到]      
2021/03/02_08:00:00  [已~签~到]      
2021/03/03_08:00:00  [已~签~到]      
2021/03/04_08:00:00  [已~签~到]      
当天签到奖励 [null]
连续签到 3 天
签到总天数 8"
#肥鹅 jd_4d651d9e48204 sign_res_end
#移动 jd_OeTNobRVGiNZ sign_res
sign_res="
"
sign_num=""
sign_total_num=""
giftName=""
giftRes=""
giftDate="20210304"
sign_res_info="

当天签到奖励 []
连续签到  天
签到总天数 "
#移动 jd_OeTNobRVGiNZ sign_res_end
