03/05/21 02:00:55 933349500  1614880855
RANDOM_num: 40
removed '/tmp/tmp.CIDSWvcX1x'
03/05/21 02:00:56 018444100  1614880856
王 今天已经签到过. 签到结果: ok  giftDate: 20210305
***********************************************

2021/03/01_08:00:00  [已~签~到]      
2021/03/02_08:00:00  [已~签~到]      
2021/03/03_08:00:00  [已~签~到]      
2021/03/04_08:00:00  [已~签~到]      
2021/03/05_08:00:00  [已~签~到]      
当天签到奖励 [10积分]
连续签到 2 天
签到总天数 20
***********************************************

actId=5c7786775c86478f87e13e067736560f
venderId=220174
startTime=1611547860000
endTime=1614485339000
# 短链接
suo_url="https://3.cn/100JY-Atr"
actTimeStr="2021-01-25 12:11 至 2021-02-28 12:08"
#店铺名称
vendername="ZEESEA旗舰店"
# 长链接
url=https://lzkj-isv.isvjcloud.com/sign/signActivity2?activityId=5c7786775c86478f87e13e067736560f&venderId=220174&adsource=tg_discovery
# 活动时间：2021.01.25 12:11:00 - 2021.02.28 12:08:59
# 奖励说明：
actRule="
连续签到3天：连签3天专享
"
giftDate="20210214"
sign_res_info="
2021/02/14_08:00:00  [已~签~到]      
当天签到奖励 "10积分"
连续签到 1 天
签到总天数 1"
#王 1309893722-164885 sign_res_end
#移动 jd_OeTNobRVGiNZ sign_res
sign_res="
"
sign_num="0"
sign_total_num="0"
giftName=""
giftRes=""
giftDate="20210305"
sign_res_info="

当天签到奖励 []
连续签到 0 天
签到总天数 0"
#移动 jd_OeTNobRVGiNZ sign_res_end
#赵 122294312-396444 sign_res
sign_res="
signTime=1614556800;signed=2
signTime=1614643200;signed=2
signTime=1614729600;signed=2
signTime=1614816000;signed=2
signTime=1614902400;signed=2"
sign_num="1"
sign_total_num="22"
giftName=""10积分""
giftRes="ok"
giftDate="20210305"
sign_res_info="
2021/03/01_08:00:00  [已~签~到]      
2021/03/02_08:00:00  [已~签~到]      
2021/03/03_08:00:00  [已~签~到]      
2021/03/04_08:00:00  [已~签~到]      
2021/03/05_08:00:00  [已~签~到]      
当天签到奖励 ["10积分"]
连续签到 1 天
签到总天数 22"
#赵 122294312-396444 sign_res_end
#王 1309893722-164885 sign_res
sign_res="
signTime=1614556800;signed=2
signTime=1614643200;signed=2
signTime=1614729600;signed=2
signTime=1614816000;signed=2
signTime=1614902400;signed=2"
sign_num="2"
sign_total_num="20"
giftName=""10积分""
giftRes="ok"
giftDate="20210305"
sign_res_info="
2021/03/01_08:00:00  [已~签~到]      
2021/03/02_08:00:00  [已~签~到]      
2021/03/03_08:00:00  [已~签~到]      
2021/03/04_08:00:00  [已~签~到]      
2021/03/05_08:00:00  [已~签~到]      
当天签到奖励 ["10积分"]
连续签到 2 天
签到总天数 20"
#王 1309893722-164885 sign_res_end
#肥鹅 jd_4d651d9e48204 sign_res
sign_res="
signTime=1614556800;signed=2
signTime=1614643200;signed=2
signTime=1614729600;signed=2
signTime=1614816000;signed=2
signTime=1614902400;signed=2"
sign_num="1"
sign_total_num="22"
giftName=""10积分""
giftRes="ok"
giftDate="20210305"
sign_res_info="
2021/03/01_08:00:00  [已~签~到]      
2021/03/02_08:00:00  [已~签~到]      
2021/03/03_08:00:00  [已~签~到]      
2021/03/04_08:00:00  [已~签~到]      
2021/03/05_08:00:00  [已~签~到]      
当天签到奖励 ["10积分"]
连续签到 1 天
签到总天数 22"
#肥鹅 jd_4d651d9e48204 sign_res_end
