03/29/21 01:11:35 896979100  1616951495
RANDOM_num: 45
removed '/tmp/tmp.tM9FBNldwU'
03/29/21 01:11:36 014365200  1616951496 检查赵签到

real	0m0.151s
user	0m0.016s
sys	0m0.078s
lzkj-isv.isvjcloud.com	FALSE	/	FALSE	1616952096	LZ_TOKEN_VALUE	B0oH3vDY2bhHWuKbVaJ+XQ==
lzkj-isv.isvjcloud.com	FALSE	/	FALSE	1616952096	LZ_TOKEN_KEY	lztokenpage5bd8a644f57547e5b932012323197e09
03/29/21 01:11:36 282969200  1616951496
use pt_key

real	0m0.124s
user	0m0.063s
sys	0m0.078s
03/29/21 01:11:36 420999300  1616951496 token: AAFgYLjIADAQME2Vo2JC8bESJEqUL5hxp3CE9ajBH-4hMwjY-1iosU7-rzcnXp2_STR5w83GVG8

real	0m0.283s
user	0m0.016s
sys	0m0.047s
03/29/21 01:11:36 841050000  1616951496 secretPin: 51S2JqsypB/nfj45frYeoU7oeVP9kq2pYSH90mYt4m3fwcJlClpxrfmVYaGKuquQkdK3rLBQpEQH9V4tdrrh0w==

03/29/21 01:11:36 853555000  1616951496 赵签到美赞臣京东自营官方旗舰店

real	0m0.199s
user	0m0.000s
sys	0m0.063s
{
  "msg": "该活动已经结束",
  "code": "-1",
  "isOk": false
}
活动已结束. /home/myid/jd/jd_signup/vender/shop_1614701195_0_delay --> /home/myid/jd/jd_signup/vender/shop_1614701195_0_del
renamed '/home/myid/jd/jd_signup/vender/shop_1614701195_0_delay' -> '/home/myid/jd/jd_signup/vender/shop_1614701195_0_del'
03/29/21 01:12:22 338779400  1616951542

赵签到美赞臣京东自营官方旗舰店查看结果
{"msg":"","code":"-1","isOk":false}

{
  "signDetail": null,
  "contiSignNum": null,
  "totalSignNum": null
}

美赞臣京东自营官方旗舰店活动规则
{"msg":"","code":"-1","isOk":false}

{
  "actUrl": null,
  "shortUrl": null,
  "actRule": null
}
actId=4a669aaf044540ae859b472c07e472e5
venderId=1000003179
startTime=1614567600000
endTime=1616947199000
# 短链接
suo_url="https://3.cn/K9gEAGzNc"
actTimeStr="2021-03-01 11:00 至 2021-03-28 23:59"
#店铺名称
vendername="美赞臣京东自营官方旗舰店"
# 长链接
url=https://lzkj-isv.isvjcloud.com/sign/signActivity2?activityId=4a669aaf044540ae859b472c07e472e5&venderId=1000003179&sid=e3e570ce05c2616b77c432ae0142423w&un_area=3_51038_3000_0
# 活动时间：2021.03.01 11:00:00 - 2021.03.28 23:59:59
# 奖励说明：
actRule="
连续签到3天：10积分 10积分
连续签到7天：30积分 30积分
连续签到25天：赠送三网10元话费
"
#肥鹅 jd_4d651d9e48204 sign_res
sign_res="
signTime=1614729600;signed=2
signTime=1614816000;signed=2
signTime=1614902400;signed=2
signTime=1614988800;signed=2
signTime=1615075200;signed=2
signTime=1615161600;signed=2
signTime=1615248000;signed=2
signTime=1615334400;signed=2
signTime=1615420800;signed=2
signTime=1615507200;signed=2
signTime=1615593600;signed=2
signTime=1615680000;signed=2
signTime=1615766400;signed=2
signTime=1615852800;signed=2
signTime=1615939200;signed=2
signTime=1616025600;signed=2
signTime=1616112000;signed=2
signTime=1616198400;signed=2
signTime=1616284800;signed=2
signTime=1616371200;signed=2
signTime=1616457600;signed=2
signTime=1616544000;signed=2
signTime=1616630400;signed=2
signTime=1616716800;signed=2
signTime=1616803200;signed=2
signTime=1616889600;signed=2"
sign_num="1"
sign_total_num="43"
giftName=""5积分""
giftRes="ok"
giftDate="20210328"
sign_res_info="
2021/03/03_08:00:00  [已~签~到]      
2021/03/04_08:00:00  [已~签~到]      
2021/03/05_08:00:00  [已~签~到]      
2021/03/06_08:00:00  [已~签~到]      
2021/03/07_08:00:00  [已~签~到]      
2021/03/08_08:00:00  [已~签~到]      
2021/03/09_08:00:00  [已~签~到]      
2021/03/10_08:00:00  [已~签~到]      
2021/03/11_08:00:00  [已~签~到]      
2021/03/12_08:00:00  [已~签~到]      
2021/03/13_08:00:00  [已~签~到]      
2021/03/14_08:00:00  [已~签~到]      
2021/03/15_08:00:00  [已~签~到]      
2021/03/16_08:00:00  [已~签~到]      
2021/03/17_08:00:00  [已~签~到]      
2021/03/18_08:00:00  [已~签~到]      
2021/03/19_08:00:00  [已~签~到]      
2021/03/20_08:00:00  [已~签~到]      
2021/03/21_08:00:00  [已~签~到]      
2021/03/22_08:00:00  [已~签~到]      
2021/03/23_08:00:00  [已~签~到]      
2021/03/24_08:00:00  [已~签~到]      
2021/03/25_08:00:00  [已~签~到]      
2021/03/26_08:00:00  [已~签~到]      
2021/03/27_08:00:00  [已~签~到]      
2021/03/28_08:00:00  [已~签~到]      
当天签到奖励 ["5积分"]
连续签到 1 天
签到总天数 43"
#肥鹅 jd_4d651d9e48204 sign_res_end
#赵 122294312-396444 sign_res
sign_res="
signTime=1614729600;signed=2
signTime=1614816000;signed=2
signTime=1614902400;signed=2
signTime=1614988800;signed=2
signTime=1615075200;signed=2
signTime=1615161600;signed=2
signTime=1615248000;signed=2
signTime=1615334400;signed=2
signTime=1615420800;signed=2
signTime=1615507200;signed=2
signTime=1615593600;signed=2
signTime=1615680000;signed=2
signTime=1615766400;signed=2
signTime=1615852800;signed=2
signTime=1615939200;signed=2
signTime=1616025600;signed=2
signTime=1616112000;signed=2
signTime=1616198400;signed=2
signTime=1616284800;signed=2
signTime=1616371200;signed=2
signTime=1616457600;signed=2
signTime=1616544000;signed=2
signTime=1616630400;signed=2
signTime=1616716800;signed=2
signTime=1616803200;signed=2
signTime=1616889600;signed=2"
sign_num="1"
sign_total_num="68"
giftName=""5积分""
giftRes="ok"
giftDate="20210328"
sign_res_info="
2021/03/03_08:00:00  [已~签~到]      
2021/03/04_08:00:00  [已~签~到]      
2021/03/05_08:00:00  [已~签~到]      
2021/03/06_08:00:00  [已~签~到]      
2021/03/07_08:00:00  [已~签~到]      
2021/03/08_08:00:00  [已~签~到]      
2021/03/09_08:00:00  [已~签~到]      
2021/03/10_08:00:00  [已~签~到]      
2021/03/11_08:00:00  [已~签~到]      
2021/03/12_08:00:00  [已~签~到]      
2021/03/13_08:00:00  [已~签~到]      
2021/03/14_08:00:00  [已~签~到]      
2021/03/15_08:00:00  [已~签~到]      
2021/03/16_08:00:00  [已~签~到]      
2021/03/17_08:00:00  [已~签~到]      
2021/03/18_08:00:00  [已~签~到]      
2021/03/19_08:00:00  [已~签~到]      
2021/03/20_08:00:00  [已~签~到]      
2021/03/21_08:00:00  [已~签~到]      
2021/03/22_08:00:00  [已~签~到]      
2021/03/23_08:00:00  [已~签~到]      
2021/03/24_08:00:00  [已~签~到]      
2021/03/25_08:00:00  [已~签~到]      
2021/03/26_08:00:00  [已~签~到]      
2021/03/27_08:00:00  [已~签~到]      
2021/03/28_08:00:00  [已~签~到]      
当天签到奖励 ["5积分"]
连续签到 1 天
签到总天数 68"
#赵 122294312-396444 sign_res_end
#王 1309893722-164885 sign_res
sign_res="
signTime=1614729600;signed=2
signTime=1614816000;signed=2
signTime=1614902400;signed=2
signTime=1614988800;signed=2
signTime=1615075200;signed=2
signTime=1615161600;signed=2
signTime=1615248000;signed=2
signTime=1615334400;signed=2
signTime=1615420800;signed=2
signTime=1615507200;signed=2
signTime=1615593600;signed=2
signTime=1615680000;signed=2
signTime=1615766400;signed=2
signTime=1615852800;signed=2
signTime=1615939200;signed=2
signTime=1616025600;signed=2
signTime=1616112000;signed=2
signTime=1616198400;signed=2
signTime=1616284800;signed=2
signTime=1616371200;signed=2
signTime=1616457600;signed=2
signTime=1616544000;signed=2
signTime=1616630400;signed=2
signTime=1616716800;signed=2
signTime=1616803200;signed=2
signTime=1616889600;signed=2"
sign_num="1"
sign_total_num="66"
giftName=""5积分""
giftRes="ok"
giftDate="20210328"
sign_res_info="
2021/03/03_08:00:00  [已~签~到]      
2021/03/04_08:00:00  [已~签~到]      
2021/03/05_08:00:00  [已~签~到]      
2021/03/06_08:00:00  [已~签~到]      
2021/03/07_08:00:00  [已~签~到]      
2021/03/08_08:00:00  [已~签~到]      
2021/03/09_08:00:00  [已~签~到]      
2021/03/10_08:00:00  [已~签~到]      
2021/03/11_08:00:00  [已~签~到]      
2021/03/12_08:00:00  [已~签~到]      
2021/03/13_08:00:00  [已~签~到]      
2021/03/14_08:00:00  [已~签~到]      
2021/03/15_08:00:00  [已~签~到]      
2021/03/16_08:00:00  [已~签~到]      
2021/03/17_08:00:00  [已~签~到]      
2021/03/18_08:00:00  [已~签~到]      
2021/03/19_08:00:00  [已~签~到]      
2021/03/20_08:00:00  [已~签~到]      
2021/03/21_08:00:00  [已~签~到]      
2021/03/22_08:00:00  [已~签~到]      
2021/03/23_08:00:00  [已~签~到]      
2021/03/24_08:00:00  [已~签~到]      
2021/03/25_08:00:00  [已~签~到]      
2021/03/26_08:00:00  [已~签~到]      
2021/03/27_08:00:00  [已~签~到]      
2021/03/28_08:00:00  [已~签~到]      
当天签到奖励 ["5积分"]
连续签到 1 天
签到总天数 66"
#王 1309893722-164885 sign_res_end
#移动 jd_OeTNobRVGiNZ sign_res
sign_res="
"
sign_num="0"
sign_total_num="0"
giftName=""
giftRes=""
giftDate="20210328"
sign_res_info="

当天签到奖励 []
连续签到 0 天
签到总天数 0"
#移动 jd_OeTNobRVGiNZ sign_res_end
