03/06/21 02:01:20 296758700  1614967280
RANDOM_num: 35
removed '/tmp/tmp.8NWzanJo3m'
03/06/21 02:01:20 376804100  1614967280 检查移动签到

real	0m0.168s
user	0m0.016s
sys	0m0.094s
lzkj-isv.isvjcloud.com	FALSE	/	FALSE	1614967880	LZ_TOKEN_VALUE	B0oH3vDY2bhHWuKbVaJ+XQ==
lzkj-isv.isvjcloud.com	FALSE	/	FALSE	1614967880	LZ_TOKEN_KEY	lztokenpage89ffccf5f174460f94ef5766c5fc1ba3
03/06/21 02:01:20 631396200  1614967280
use wskey

real	0m0.141s
user	0m0.078s
sys	0m0.063s
03/06/21 02:01:20 788371600  1614967280 token: AAFgQnHwADCA_Rg1IaedTpexCSAcsKR49aRbkMmTadBRR-gD4hW_4Rz9Q-NbtmnS7A_-dz2k4f8

real	0m0.288s
user	0m0.016s
sys	0m0.094s
{"result":false,"data":"400001","count":0,"errorMessage":"活动太火爆，还是去买买买吧"}
03/06/21 02:01:56 172497800  1614967316
签到失败. 写入失败的giftName: 

***********************************************

当天签到奖励 []
连续签到 0 天
签到总天数 0
***********************************************

移动签到拉比官方旗舰店查看结果
{"msg":"","giftLog":{},"isOk":true,"signDetail":{},"followDays":5,"signRecord":{"nicknameShow":null,"id":"192b1f2e7e9a4740845bc45d3bd8b795","venderId":36049,"actId":"93755d5bd24c4cb39ed67cec431e208f","actName":"签到活动","nick":"{\"result\":false,\"data\":\"400001\",\"count\":0,\"errorMessage\":\"活动太火爆，还是去买买买吧\"}","phone":"","midUrl":"","pin":"{\"result\":false,\"data\":\"400001\",\"count\":0,\"errorMessage\":\"活动太火爆，还是去买买买吧\"}","lastSignDate":null,"contiSignNum":0,"totalSignNum":0,"createTime":null,"updateTime":null,"remark":null}}

{
  "signDetail": {},
  "contiSignNum": 0,
  "totalSignNum": 0
}

拉比官方旗舰店活动规则
{"msg":"","act":{"id":"93755d5bd24c4cb39ed67cec431e208f","jdActivityId":null,"venderId":36049,"actName":"签到活动","startTime":1609084800000,"endTime":1640966399000,"tplId":"0140","deleted":null,"actUrl":"https://lzkj-isv.isvjcloud.com/sign/signActivity2?activityId=93755d5bd24c4cb39ed67cec431e208f&venderId=36049","shortUrl":"3.cn/1-00HZBUW","qrcodeUrl":"https://img10.360buyimg.com/imgzone/jfs/t1/152025/40/12152/3635/5fe979cfEbff221e1/0aed127d4f4a070c.png","actRule":"1、活动时间：2020-12-28 00:00 - 2021-12-31 23:59；
2、符合连续签到赠送条件，则有机会赠送连续签到奖品，同时每日签到奖品不赠送；
3、每日签到，有机会赠送[10积分]；
4、连续签到5天，有机会赠送[50积分]；
5、达到连续签到天数并领取奖品后，签到记录清零，从第1天重新计算；
6、关注店铺后方可参与活动；
7、签到成功后有机会获得奖品，也有可能会与奖品擦肩而过（奖品数量有限，先到先得）；
8、若用户存在刷奖等恶意行为，一经发现将取消抽奖资格（如奖品已经发放，有权追回奖品）；
9、积分可用于参与店铺不定期推出的兑换优惠券，实物奖品等活动；","createTime":1609136591000,"updateTime":1609917503000,"activityType":null,"actTimeStr":"2020-12-28 00:00 至 2021-12-31 23:59","actRange":"all","isFocusShop":"y","giftJson":"{\"gift\":{\"giftInfoId\":\"f481c2a9672a4cc4bf343d2c7369f395\",\"giftName\":\"10积分\",\"giftNum\":\"10\",\"giftTotal\":\"10000000\",\"giftType\":\"9\",\"id\":\"10\",\"priceInfo\":\"0\",\"shortLink\":\"\",\"type\":0},\"giftConditions\":[{\"dayNum\":\"5\",\"gift\":{\"giftInfoId\":\"cc3d046c69614222a0cbc5dc23b688b9\",\"giftName\":\"50积分\",\"giftNum\":\"50\",\"giftTotal\":\"1000000\",\"giftType\":\"9\",\"id\":\"50\",\"priceInfo\":\"0\",\"shortLink\":\"\",\"type\":0}}],\"hasGiftEveryDay\":\"y\",\"signType\":\"1\"}","wxSignActivityGiftBean":{"hasGiftEveryDay":"y","gift":{"activityId":null,"activityType":null,"venderId":null,"type":0,"name":null,"itemHb":null,"id":"10","giftType":"9","giftName":"10积分","giftNum":"10","giftTotal":"10000000","giftResidue":null,"priceInfo":"0","shortLink":"","orginLink":null,"giftInfoId":"f481c2a9672a4cc4bf343d2c7369f395","commonAddAwardVO":null},"signType":"1","giftConditions":[{"dayNum":"5","gift":{"activityId":null,"activityType":null,"venderId":null,"type":0,"name":null,"itemHb":null,"id":"50","giftType":"9","giftName":"50积分","giftNum":"50","giftTotal":"1000000","giftResidue":null,"priceInfo":"0","shortLink":"","orginLink":null,"giftInfoId":"cc3d046c69614222a0cbc5dc23b688b9","commonAddAwardVO":null}}]},"isShowItems":"n","showItemIds":"","jmWareVOList":null,"status":"ING"},"isOk":true}

{
  "actUrl": "https://lzkj-isv.isvjcloud.com/sign/signActivity2?activityId=93755d5bd24c4cb39ed67cec431e208f&venderId=36049",
  "shortUrl": "3.cn/1-00HZBUW",
  "actRule": "1、活动时间：2020-12-28 00:00 - 2021-12-31 23:59；\n2、符合连续签到赠送条件，则有机会赠送连续签到奖品，同时每日签到奖品不赠送；\n3、每日签到，有机会赠送[10积分]；\n4、连续签到5天，有机会赠送[50积分]；\n5、达到连续签到天数并领取奖品后，签到记录清零，从第1天重新计算；\n6、关注店铺后方可参与活动；\n7、签到成功后有机会获得奖品，也有可能会与奖品擦肩而过（奖品数量有限，先到先得）；\n8、若用户存在刷奖等恶意行为，一经发现将取消抽奖资格（如奖品已经发放，有权追回奖品）；\n9、积分可用于参与店铺不定期推出的兑换优惠券，实物奖品等活动；"
}
actId=93755d5bd24c4cb39ed67cec431e208f
venderId=36049
startTime=1609084800000
endTime=1640966399000
# 短链接
suo_url="https://3.cn/1-00HZBUW"
actTimeStr="2020-12-28 00:00 至 2021-12-31 23:59"
#店铺名称
vendername="拉比官方旗舰店"
# 长链接
url=https://lzkj-isv.isvjcloud.com/sign/signActivity2?activityId=93755d5bd24c4cb39ed67cec431e208f&venderId=36049&adsource=tg_xuanFuTuBiao
# 活动时间：2020.12.28 00:00:00 - 2021.12.31 23:59:59
# 奖励说明：
actRule="
连续签到5天：50积分 50积分
"
#赵 122294312-396444 sign_res
sign_res="
signTime=1614556800;signed=2
signTime=1614643200;signed=2
signTime=1614729600;signed=2
signTime=1614816000;signed=2
signTime=1614902400;signed=2
signTime=1614988800;signed=2"
sign_num="0"
sign_total_num="10"
giftName=""50积分""
giftRes="ok"
giftDate="20210306"
sign_res_info="
2021/03/01_08:00:00  [已~签~到]      
2021/03/02_08:00:00  [已~签~到]      
2021/03/03_08:00:00  [已~签~到]      
2021/03/04_08:00:00  [已~签~到]      
2021/03/05_08:00:00  [已~签~到]      
2021/03/06_08:00:00  [已~签~到]      
当天签到奖励 ["50积分"]
连续签到 0 天
签到总天数 10"
#赵 122294312-396444 sign_res_end
#王 1309893722-164885 sign_res
sign_res="
signTime=1614556800;signed=2
signTime=1614643200;signed=2
signTime=1614729600;signed=2
signTime=1614816000;signed=2
signTime=1614902400;signed=2
signTime=1614988800;signed=2"
sign_num="0"
sign_total_num="10"
giftName=""50积分""
giftRes="ok"
giftDate="20210306"
sign_res_info="
2021/03/01_08:00:00  [已~签~到]      
2021/03/02_08:00:00  [已~签~到]      
2021/03/03_08:00:00  [已~签~到]      
2021/03/04_08:00:00  [已~签~到]      
2021/03/05_08:00:00  [已~签~到]      
2021/03/06_08:00:00  [已~签~到]      
当天签到奖励 ["50积分"]
连续签到 0 天
签到总天数 10"
#王 1309893722-164885 sign_res_end
#肥鹅 jd_4d651d9e48204 sign_res
sign_res="
signTime=1614556800;signed=2
signTime=1614643200;signed=2
signTime=1614729600;signed=2
signTime=1614816000;signed=2
signTime=1614902400;signed=2
signTime=1614988800;signed=2"
sign_num="0"
sign_total_num="10"
giftName=""50积分""
giftRes="ok"
giftDate="20210306"
sign_res_info="
2021/03/01_08:00:00  [已~签~到]      
2021/03/02_08:00:00  [已~签~到]      
2021/03/03_08:00:00  [已~签~到]      
2021/03/04_08:00:00  [已~签~到]      
2021/03/05_08:00:00  [已~签~到]      
2021/03/06_08:00:00  [已~签~到]      
当天签到奖励 ["50积分"]
连续签到 0 天
签到总天数 10"
#肥鹅 jd_4d651d9e48204 sign_res_end
#移动 jd_OeTNobRVGiNZ sign_res
sign_res="
"
sign_num="0"
sign_total_num="0"
giftName=""
giftRes=""
giftDate="20210306"
sign_res_info="

当天签到奖励 []
连续签到 0 天
签到总天数 0"
#移动 jd_OeTNobRVGiNZ sign_res_end
