03/05/21 01:19:02 044516500  1614878342
RANDOM_num: 20
removed '/tmp/tmp.O2q86p99AL'
03/05/21 01:19:02 289869300  1614878342 检查赵签到

real	0m0.209s
user	0m0.047s
sys	0m0.078s
lzkj-isv.isvjcloud.com	FALSE	/	FALSE	1614878942	LZ_TOKEN_VALUE	B0oH3vDY2bhHWuKbVaJ+XQ==
lzkj-isv.isvjcloud.com	FALSE	/	FALSE	1614878942	LZ_TOKEN_KEY	lztokenpage1b859839936b44ceaa1ab49bda6a397b
03/05/21 01:19:02 692734900  1614878342
use pt_key

real	0m0.162s
user	0m0.109s
sys	0m0.094s
03/05/21 01:19:02 873729400  1614878342 token: AAFgQRaGADD5JQqgn4R7fT40rI12XEz_rRpHpOftOTxCbmmED83301No9CbPEPihFatZyqYfFK8

real	0m0.344s
user	0m0.016s
sys	0m0.078s
03/05/21 01:19:03 410639700  1614878343 secretPin: 51S2JqsypB/nfj45frYeoU7oeVP9kq2pYSH90mYt4m3fwcJlClpxrfmVYaGKuquQkdK3rLBQpEQH9V4tdrrh0w==

03/05/21 01:19:03 442882400  1614878343 赵签到欧迪芬旗舰店

real	0m0.421s
user	0m0.016s
sys	0m0.094s
{
  "msg": "",
  "signResult": {
    "key": null,
    "giftLogId": null,
    "gift": null,
    "send": null
  },
  "isOk": true,
  "isSend": null
}
true
03/05/21 01:19:04 387830400 1614878344
03/05/21 01:19:04 421938000 1614878344 签到欧迪芬旗舰店完成
03/05/21 01:20:05 142757800  1614878405
true
parse error: Invalid numeric literal at line 1, column 10
首次签到成功. 写入giftName: null

***********************************************
7天签到 第  天
当天签到奖励 [null]
***********************************************

赵签到欧迪芬旗舰店查看结果, 活动规则
<!DOCTYPE html>
<html>
 <head> 
  <title>京东</title> 
  <meta charset="utf-8" /> 
  <meta name="apple-mobile-web-app-capable" content="yes" /> 
  <meta name="viewport" content="width=device-width,initial-scale=1,user-scalable=no,maximum-scale=1,viewport-fit=cover" /> 
  <meta name="format-detection" content="telephone=no" /> 
  <meta name="x5-cache" content="enable" /> 
  <link rel="stylesheet" href="https://storage.360buyimg.com/babel/00162638/333378/production/dev/parser.1526555535098.css?t=20180517191236" /> 
  <style> img {
            opacity: 1 !important;
        } </style> 
  <link href="https://storage.360buyimg.com/babel/00170893/348321/production/dev/index.7320a380.css?t=20180802150952" rel="stylesheet" />
 </head> 
 <body style="background:#fff;" id="root"> 
  <div class="errorPage"> 
  </div> 
  <div class="placeholer"> 
  </div> 
  <script src="https://wl.jd.com/unify.min.js"></script> 
  <script type="text/javascript" src="https://storage.360buyimg.com/babel/00170893/348321/production/dev/index.0f8f4dba.js?t=20180802150952"></script> 
 </body>
</html>

#店铺名称
vendername="欧迪芬旗舰店"
#店铺激活码
actId="3a6f8c8f9ef04a8c82016b375d3aa442"
#店铺id
venderId="199355"
#长链接
url="https://lzkj-isv.isvjcloud.com/sign/sevenDay/signActivity?activityId=3a6f8c8f9ef04a8c82016b375d3aa442&venderId=199355&adsource=tg_xuanFuTuBiao"

startTime=1614528000
endTime=1615219140
# 活动时间：2021-03-01 00:00 - 2021-03-08 23:59；
# 奖励说明：
actRule="
7天签到
连续签到1天：1京豆
连续签到2天：2京豆
连续签到3天：10元优惠券
连续签到4天：
连续签到5天：20元优惠券
连续签到6天：
连续签到7天：10京豆
"
#王 1309893722-164885 sign_res
sign_num="3"
giftName=""10元优惠券""
giftRes="ok"
giftDate="20210304"
sign_res_info="7天签到 第 3 天
当天签到奖励 ["10元优惠券"]"
#王 1309893722-164885 sign_res_end
#肥鹅 jd_4d651d9e48204 sign_res
sign_num="3"
giftName=""10元优惠券""
giftRes="ok"
giftDate="20210304"
sign_res_info="7天签到 第 3 天
当天签到奖励 ["10元优惠券"]"
#肥鹅 jd_4d651d9e48204 sign_res_end
#移动 jd_OeTNobRVGiNZ sign_res
sign_num="0"
giftName=""
giftRes=""
giftDate="20210305"
sign_res_info="7天签到 第 0 天
当天签到奖励 []"
#移动 jd_OeTNobRVGiNZ sign_res_end
#赵 122294312-396444 sign_res
sign_num=""
giftName="null"
giftRes="ok"
giftDate="20210305"
sign_res_info="7天签到 第  天
当天签到奖励 [null]"
#赵 122294312-396444 sign_res_end
