02/28/21 01:13:01 352642400  1614445981
RANDOM_num: 45
removed '/tmp/tmp.XIX9H60nai'
02/28/21 01:13:03 792730200  1614445983 æ£€æŸ¥ç‹ç­¾åˆ°

real	0m1.414s
user	0m0.031s
sys	0m0.094s
[WARN] get LZ_TOKEN error
02/28/21 01:13:07 407317200  1614445987
use pt_key

real	0m1.343s
user	0m0.109s
sys	0m0.109s
02/28/21 01:13:09 006884800  1614445989 token: AAFgOn2kADBKy6ZxLWQKdB736GnVqARDRHzek-ioX5TURDvedlc4-wYGR0go5CYLcaQOCdZLMEM
parse error: Invalid numeric literal at line 1, column 10

real	0m1.397s
user	0m0.109s
sys	0m0.109s
02/28/21 01:13:10 901616100  1614445990 secretPin: 
[WARN] get secretPin error

02/28/21 01:13:11 554230800  1614445991 ç‹ç­¾åˆ°æ­Œå¾·è€é…’è¡Œç²¾å“æ——èˆ°åº—

real	0m1.609s
user	0m0.031s
sys	0m0.078s
parse error: Invalid numeric literal at line 1, column 10
parse error: Invalid numeric literal at line 1, column 10
parse error: Invalid numeric literal at line 1, column 10
parse error: Invalid numeric literal at line 1, column 10
02/28/21 01:13:17 367215400 1614445997

real	0m1.186s
user	0m0.000s
sys	0m0.031s

real	0m1.673s
user	0m0.047s
sys	0m0.078s
[WARN] get LZ_TOKEN error
02/28/21 01:13:21 843139000  1614446001
use pt_key

real	0m1.740s
user	0m0.078s
sys	0m0.078s
02/28/21 01:13:23 776280800  1614446003 token: AAFgOn2zADDfBjbKBXm6b47B3kAYvO1rikOK-i-U4YoeiA_a7il_ZoEMT_bvM3GDaxfgKzOHXqE
parse error: Invalid numeric literal at line 1, column 10

real	0m1.549s
user	0m0.094s
sys	0m0.078s
02/28/21 01:13:25 626515000  1614446005 secretPin: 
[WARN] get secretPin error

02/28/21 01:13:25 912465500  1614446005 ç‹ç­¾åˆ°æ­Œå¾·è€é…’è¡Œç²¾å“æ——èˆ°åº—

real	0m2.224s
user	0m0.047s
sys	0m0.078s
parse error: Invalid numeric literal at line 1, column 10
parse error: Invalid numeric literal at line 1, column 10
parse error: Invalid numeric literal at line 1, column 10
parse error: Invalid numeric literal at line 1, column 10
02/28/21 01:13:34 656921700 1614446014

real	0m1.735s
user	0m0.000s
sys	0m0.047s

real	0m2.232s
user	0m0.031s
sys	0m0.109s
[WARN] get LZ_TOKEN error
02/28/21 01:13:39 909998600  1614446019
use pt_key

real	0m1.447s
user	0m0.063s
sys	0m0.094s
02/28/21 01:13:41 671248200  1614446021 token: AAFgOn3EADDpWM7c6Q5sBwerev9STANmTaI5zkW4favnPGTOWnTwQ84RqWlih5ZsLDmpVPbUy1M
parse error: Invalid numeric literal at line 1, column 10

real	0m2.376s
user	0m0.078s
sys	0m0.172s
02/28/21 01:13:44 759963200  1614446024 secretPin: 
[WARN] get secretPin error

02/28/21 01:13:45 481706900  1614446025 ç‹ç­¾åˆ°æ­Œå¾·è€é…’è¡Œç²¾å“æ——èˆ°åº—

real	0m1.599s
user	0m0.063s
sys	0m0.078s
parse error: Invalid numeric literal at line 1, column 10
parse error: Invalid numeric literal at line 1, column 10
parse error: Invalid numeric literal at line 1, column 10
parse error: Invalid numeric literal at line 1, column 10
02/28/21 01:13:52 464078600 1614446032

real	0m2.421s
user	0m0.000s
sys	0m0.016s

real	0m1.629s
user	0m0.031s
sys	0m0.063s
[WARN] get LZ_TOKEN error
02/28/21 01:13:58 774763500  1614446038
use pt_key

real	0m2.547s
user	0m0.109s
sys	0m0.109s
02/28/21 01:14:01 877201000  1614446041 token: AAFgOn3ZADAPMT2jK4S0E2tJ4hzK5K-rwJi7xFCLbt24vke1PGfhzDuMvzqR0mb-OLWmJUNAlhA
parse error: Invalid numeric literal at line 1, column 10

real	0m2.096s
user	0m0.109s
sys	0m0.078s
02/28/21 01:14:05 210544800  1614446045 secretPin: 
[WARN] get secretPin error

02/28/21 01:14:05 489092500  1614446045 ç‹ç­¾åˆ°æ­Œå¾·è€é…’è¡Œç²¾å“æ——èˆ°åº—

real	0m1.763s
user	0m0.047s
sys	0m0.094s
parse error: Invalid numeric literal at line 1, column 10
parse error: Invalid numeric literal at line 1, column 10
parse error: Invalid numeric literal at line 1, column 10
parse error: Invalid numeric literal at line 1, column 10
02/28/21 01:14:14 354715900 1614446054

real	0m3.472s
user	0m0.000s
sys	0m0.047s

real	0m2.242s
user	0m0.031s
sys	0m0.109s
[WARN] get LZ_TOKEN error
02/28/21 01:14:21 582830400  1614446061
use pt_key

real	0m2.947s
user	0m0.125s
sys	0m0.063s
02/28/21 01:14:25 861931900  1614446065 token: AAFgOn3vADCL3_OhekpEG1sNCAJthlV5GuCvwj90s24DIK-G24NOcEwkdxQmrTcU2TE9KCuS1Mg
parse error: Invalid numeric literal at line 1, column 10

real	0m2.738s
user	0m0.063s
sys	0m0.094s
02/28/21 01:14:29 322428300  1614446069 secretPin: 
[WARN] get secretPin error

02/28/21 01:14:30 220995400  1614446070 ç‹ç­¾åˆ°æ­Œå¾·è€é…’è¡Œç²¾å“æ——èˆ°åº—

real	0m2.936s
user	0m0.047s
sys	0m0.078s
parse error: Invalid numeric literal at line 1, column 10
parse error: Invalid numeric literal at line 1, column 10
parse error: Invalid numeric literal at line 1, column 10
parse error: Invalid numeric literal at line 1, column 10
02/28/21 01:14:40 949026200 1614446080

real	0m3.962s
user	0m0.000s
sys	0m0.016s

real	0m1.214s
user	0m0.016s
sys	0m0.094s
[WARN] get LZ_TOKEN error
02/28/21 01:14:49 236334400  1614446089
use pt_key

real	0m2.245s
user	0m0.141s
sys	0m0.078s
02/28/21 01:14:51 836328900  1614446091 token: AAFgOn4LADCf71MsSra9qeFmQ223e_ninK5wb5dQlDP4Nudz73vXbUAsDWotB_m2i1cbzJ3F0Bs
parse error: Invalid numeric literal at line 1, column 10

real	0m2.255s
user	0m0.094s
sys	0m0.078s
02/28/21 01:14:54 403021800  1614446094 secretPin: 
[WARN] get secretPin error

02/28/21 01:14:54 793614100  1614446094 ç‹ç­¾åˆ°æ­Œå¾·è€é…’è¡Œç²¾å“æ——èˆ°åº—

real	0m1.441s
user	0m0.047s
sys	0m0.047s
parse error: Invalid numeric literal at line 1, column 10
parse error: Invalid numeric literal at line 1, column 10
parse error: Invalid numeric literal at line 1, column 10
parse error: Invalid numeric literal at line 1, column 10
02/28/21 01:15:04 264384500 1614446104

real	0m3.021s
user	0m0.000s
sys	0m0.031s

real	0m2.033s
user	0m0.016s
sys	0m0.078s
[WARN] get LZ_TOKEN error
02/28/21 01:15:12 697787400  1614446112
use pt_key

real	0m2.782s
user	0m0.109s
sys	0m0.125s
02/28/21 01:15:16 164347600  1614446116 token: AAFgOn4jADCj4vHJlYdao9KyBqUfqUXYs9y43aDIBzxPHF0KfdZuKWIQtJyHjyXbP4-LFaY0uyY
parse error: Invalid numeric literal at line 1, column 10

real	0m2.710s
user	0m0.109s
sys	0m0.078s
02/28/21 01:15:19 608773000  1614446119 secretPin: 
[WARN] get secretPin error

02/28/21 01:15:20 175890700  1614446120 ç‹ç­¾åˆ°æ­Œå¾·è€é…’è¡Œç²¾å“æ——èˆ°åº—

real	0m2.547s
user	0m0.047s
sys	0m0.063s
parse error: Invalid numeric literal at line 1, column 10
parse error: Invalid numeric literal at line 1, column 10
parse error: Invalid numeric literal at line 1, column 10
parse error: Invalid numeric literal at line 1, column 10
02/28/21 01:15:36 875760800 1614446136

real	0m3.659s
user	0m0.000s
sys	0m0.000s

real	0m2.512s
user	0m0.016s
sys	0m0.094s
[WARN] get LZ_TOKEN error
02/28/21 01:15:47 372042900  1614446147
use pt_key

real	0m3.200s
user	0m0.078s
sys	0m0.094s
02/28/21 01:15:51 508782600  1614446151 token: AAFgOn5GADAhGpD3qOLGZ-eFO9_UOUthK5J1yV-WQSwsCAWhq_YwawIGai3tuHlwNzb3Tiy23Yo
parse error: Invalid numeric literal at line 1, column 10

real	0m2.476s
user	0m0.125s
sys	0m0.078s
02/28/21 01:15:54 713155000  1614446154 secretPin: 
[WARN] get secretPin error

02/28/21 01:15:55 212296000  1614446155 ç‹ç­¾åˆ°æ­Œå¾·è€é…’è¡Œç²¾å“æ——èˆ°åº—

real	0m2.551s
user	0m0.031s
sys	0m0.063s
parse error: Invalid numeric literal at line 1, column 10
parse error: Invalid numeric literal at line 1, column 10
parse error: Invalid numeric literal at line 1, column 10
parse error: Invalid numeric literal at line 1, column 10
02/28/21 01:16:22 365583100 1614446182

real	0m4.564s
user	0m0.000s
sys	0m0.031s

real	0m2.806s
user	0m0.031s
sys	0m0.109s
[WARN] get LZ_TOKEN error
02/28/21 01:16:32 160646600  1614446192
use pt_key

real	0m4.556s
user	0m0.125s
sys	0m0.078s
02/28/21 01:16:37 267255700  1614446197 token: AAFgOn50ADDHKyMG1eZH_3qTk4-mbH9uqyabdJdJE1iCe6Oc3IvVNvhwZig3tG02EjYmVZvizwI
parse error: Invalid numeric literal at line 1, column 10

real	0m4.552s
user	0m0.109s
sys	0m0.094s
02/28/21 01:16:42 525071600  1614446202 secretPin: 
[WARN] get secretPin error

02/28/21 01:16:43 197280400  1614446203 ç‹ç­¾åˆ°æ­Œå¾·è€é…’è¡Œç²¾å“æ——èˆ°åº—

real	0m2.844s
user	0m0.047s
sys	0m0.078s
parse error: Invalid numeric literal at line 1, column 10
parse error: Invalid numeric literal at line 1, column 10
parse error: Invalid numeric literal at line 1, column 10
parse error: Invalid numeric literal at line 1, column 10
02/28/21 01:17:17 078123900 1614446237

real	0m3.777s
user	0m0.000s
sys	0m0.063s

real	0m3.865s
user	0m0.047s
sys	0m0.078s
[WARN] get LZ_TOKEN error
02/28/21 01:17:27 054660100  1614446247
use pt_key

real	0m2.649s
user	0m0.094s
sys	0m0.172s
02/28/21 01:17:30 287000400  1614446250 token: AAFgOn6pADALtyxgYOMjASmSL8cmFvyKqqM9Gkb9Wb6bwYHQ_FYVb_CwEmKw9ATBWc4Cw4eKnZ4
parse error: Invalid numeric literal at line 1, column 10

real	0m1.835s
user	0m0.094s
sys	0m0.141s
02/28/21 01:17:32 795196100  1614446252 secretPin: 
[WARN] get secretPin error

02/28/21 01:17:34 689252900  1614446254 ç‹ç­¾åˆ°æ­Œå¾·è€é…’è¡Œç²¾å“æ——èˆ°åº—

real	0m3.056s
user	0m0.047s
sys	0m0.063s
parse error: Invalid numeric literal at line 1, column 10
parse error: Invalid numeric literal at line 1, column 10
parse error: Invalid numeric literal at line 1, column 10
parse error: Invalid numeric literal at line 1, column 10
02/28/21 01:17:50 584229800 1614446270

real	0m5.251s
user	0m0.000s
sys	0m0.047s

real	0m1.785s
user	0m0.016s
sys	0m0.094s
[WARN] get LZ_TOKEN error
02/28/21 01:18:06 220684600  1614446286
use pt_key

real	0m3.394s
user	0m0.078s
sys	0m0.078s
02/28/21 01:18:10 745261800  1614446290 token: AAFgOn7RADChPj1DND4DiayoKFQw3EEDxEjxt1UjZEFjHFcHzxYDxj76e5y0DZBT7LdAAsFFJyM
parse error: Invalid numeric literal at line 1, column 10

real	0m2.520s
user	0m0.109s
sys	0m0.141s
02/28/21 01:18:14 561604400  1614446294 secretPin: 
[WARN] get secretPin error

02/28/21 01:18:15 409067400  1614446295 ç‹ç­¾åˆ°æ­Œå¾·è€é…’è¡Œç²¾å“æ——èˆ°åº—

real	0m3.933s
user	0m0.031s
sys	0m0.078s
parse error: Invalid numeric literal at line 1, column 10
parse error: Invalid numeric literal at line 1, column 10
parse error: Invalid numeric literal at line 1, column 10
parse error: Invalid numeric literal at line 1, column 10
02/28/21 01:18:38 641827700 1614446318

real	0m4.650s
user	0m0.000s
sys	0m0.016s

real	0m2.912s
user	0m0.063s
sys	0m0.063s
[WARN] get LZ_TOKEN error
02/28/21 01:18:55 715343400  1614446335
use pt_key

real	0m3.609s
user	0m0.141s
sys	0m0.094s
02/28/21 01:19:00 350181400  1614446340 token: AAFgOn8CADC3lUaYOqOBuU4Op-PFKvWoYJNUzPOY6LnDzsEBxGuSBIqpINSwwcTxjcuMfRiH8L8
parse error: Invalid numeric literal at line 1, column 10

real	0m3.825s
user	0m0.109s
sys	0m0.141s
02/28/21 01:19:06 095890900  1614446346 secretPin: 
[WARN] get secretPin error

02/28/21 01:19:07 926018600  1614446347 ç‹ç­¾åˆ°æ­Œå¾·è€é…’è¡Œç²¾å“æ——èˆ°åº—

real	0m4.359s
user	0m0.016s
sys	0m0.109s
parse error: Invalid numeric literal at line 1, column 10
parse error: Invalid numeric literal at line 1, column 10
parse error: Invalid numeric literal at line 1, column 10
parse error: Invalid numeric literal at line 1, column 10
02/28/21 01:19:32 209946600 1614446372

real	0m5.333s
user	0m0.000s
sys	0m0.063s

real	0m3.234s
user	0m0.000s
sys	0m0.109s
[WARN] get LZ_TOKEN error
02/28/21 01:19:42 404546200  1614446382
use pt_key

real	0m3.480s
user	0m0.094s
sys	0m0.125s
02/28/21 01:19:46 792650800  1614446386 token: AAFgOn8xADAARJDikXJtwtjASdQ0AIJUz0Vr_P7LKt7WLX7WuiCPTMAQm7t8hZr3p-sVIf2oQOU
parse error: Invalid numeric literal at line 1, column 10

real	0m2.324s
user	0m0.125s
sys	0m0.063s
02/28/21 01:19:49 678866000  1614446389 secretPin: 
[WARN] get secretPin error

02/28/21 01:19:51 706201500  1614446391 ç‹ç­¾åˆ°æ­Œå¾·è€é…’è¡Œç²¾å“æ——èˆ°åº—

real	0m2.867s
user	0m0.031s
sys	0m0.094s
parse error: Invalid numeric literal at line 1, column 10
parse error: Invalid numeric literal at line 1, column 10
parse error: Invalid numeric literal at line 1, column 10
parse error: Invalid numeric literal at line 1, column 10
02/28/21 01:20:15 799877900 1614446415

real	0m5.512s
user	0m0.000s
sys	0m0.063s

real	0m2.020s
user	0m0.016s
sys	0m0.125s
[WARN] get LZ_TOKEN error
02/28/21 01:20:35 164870200  1614446435
use pt_key

real	0m2.479s
user	0m0.094s
sys	0m0.156s
02/28/21 01:20:39 224142300  1614446439 token: AAFgOn9lADDJKPc7beD6GXQP4_q51yGahuWpQw6j-uWu8y5Wui3A1cij8daQZkvxc0OUcmU7HoU
parse error: Invalid numeric literal at line 1, column 10

real	0m4.005s
user	0m0.141s
sys	0m0.094s
02/28/21 01:20:43 844700400  1614446443 secretPin: 
[WARN] get secretPin error

02/28/21 01:20:44 314128400  1614446444 ç‹ç­¾åˆ°æ­Œå¾·è€é…’è¡Œç²¾å“æ——èˆ°åº—

real	0m3.330s
user	0m0.078s
sys	0m0.094s
parse error: Invalid numeric literal at line 1, column 10
parse error: Invalid numeric literal at line 1, column 10
parse error: Invalid numeric literal at line 1, column 10
parse error: Invalid numeric literal at line 1, column 10
02/28/21 01:21:01 269574100 1614446461

real	0m6.445s
user	0m0.016s
sys	0m0.047s

real	0m4.043s
user	0m0.031s
sys	0m0.047s
[WARN] get LZ_TOKEN error
02/28/21 01:21:16 950920700  1614446476
use pt_key

real	0m3.830s
user	0m0.094s
sys	0m0.125s
02/28/21 01:21:21 449210700  1614446481 token: AAFgOn-QADA3sVkVDqKhoO4NWlWuiSTV9fLX3WMATPNa8u5ioaS-PTuvbQK1538KFE9o6_z5TCY
parse error: Invalid numeric literal at line 1, column 10

real	0m1.808s
user	0m0.109s
sys	0m0.094s
02/28/21 01:21:24 163183300  1614446484 secretPin: 
[WARN] get secretPin error

02/28/21 01:21:24 734824500  1614446484 ç‹ç­¾åˆ°æ­Œå¾·è€é…’è¡Œç²¾å“æ——èˆ°åº—

real	0m1.391s
user	0m0.000s
sys	0m0.078s
parse error: Invalid numeric literal at line 1, column 10
parse error: Invalid numeric literal at line 1, column 10
parse error: Invalid numeric literal at line 1, column 10
parse error: Invalid numeric literal at line 1, column 10
02/28/21 01:21:44 095817000 1614446504

real	0m5.400s
user	0m0.000s
sys	0m0.047s

real	0m3.125s
user	0m0.016s
sys	0m0.125s
[WARN] get LZ_TOKEN error
02/28/21 01:21:55 786766600  1614446515
use pt_key

real	0m2.667s
user	0m0.094s
sys	0m0.156s
02/28/21 01:21:59 112255500  1614446519 token: AAFgOn-2ADD2qqjv6owtpvhTaQdrOq9EUAZNh7O_baFm2RVqU7vqbH-7JF-Et9T4pvNtluG83qg
parse error: Invalid numeric literal at line 1, column 10

real	0m3.556s
user	0m0.109s
sys	0m0.094s
02/28/21 01:22:03 325413700  1614446523 secretPin: 
[WARN] get secretPin error

02/28/21 01:22:05 163724900  1614446525 ç‹ç­¾åˆ°æ­Œå¾·è€é…’è¡Œç²¾å“æ——èˆ°åº—

real	0m1.884s
user	0m0.016s
sys	0m0.078s
parse error: Invalid numeric literal at line 1, column 10
parse error: Invalid numeric literal at line 1, column 10
parse error: Invalid numeric literal at line 1, column 10
parse error: Invalid numeric literal at line 1, column 10
02/28/21 01:22:23 817199200 1614446543

real	0m4.990s
user	0m0.000s
sys	0m0.031s

real	0m3.793s
user	0m0.000s
sys	0m0.125s
[WARN] get LZ_TOKEN error
02/28/21 01:22:36 535810000  1614446556
use pt_key

real	0m2.885s
user	0m0.109s
sys	0m0.141s
02/28/21 01:22:40 569817700  1614446560 token: AAFgOn_fADCYv5Z9GlhSXfTravL2ZAHFDXNG5utk0Z94PV5DFrR0iQmaPqkoUAt8lE211WdNzuQ
parse error: Invalid numeric literal at line 1, column 10

real	0m3.101s
user	0m0.094s
sys	0m0.172s
02/28/21 01:22:44 555173400  1614446564 secretPin: 
[WARN] get secretPin error

02/28/21 01:22:45 454877200  1614446565 ç‹ç­¾åˆ°æ­Œå¾·è€é…’è¡Œç²¾å“æ——èˆ°åº—

real	0m3.411s
user	0m0.016s
sys	0m0.109s
parse error: Invalid numeric literal at line 1, column 10
parse error: Invalid numeric literal at line 1, column 10
parse error: Invalid numeric literal at line 1, column 10
parse error: Invalid numeric literal at line 1, column 10
02/28/21 01:23:02 825785600 1614446582

real	0m5.470s
user	0m0.000s
sys	0m0.016s

real	0m2.103s
user	0m0.031s
sys	0m0.063s
[WARN] get LZ_TOKEN error
02/28/21 01:23:13 169618200  1614446593
use pt_key

real	0m2.967s
user	0m0.125s
sys	0m0.063s
02/28/21 01:23:16 895563300  1614446596 token: AAFgOoADADC0GzgH1Id7tTGbLFat0B4scEU9aKMwhOUBRIWXy8swXZRUXyDo01UgL_xjZvqO0Vo
parse error: Invalid numeric literal at line 1, column 10

real	0m3.569s
user	0m0.125s
sys	0m0.094s
02/28/21 01:23:21 367052300  1614446601 secretPin: 
[WARN] get secretPin error

02/28/21 01:23:22 671833900  1614446602 ç‹ç­¾åˆ°æ­Œå¾·è€é…’è¡Œç²¾å“æ——èˆ°åº—

real	0m3.312s
user	0m0.031s
sys	0m0.109s
parse error: Invalid numeric literal at line 1, column 10
parse error: Invalid numeric literal at line 1, column 10
parse error: Invalid numeric literal at line 1, column 10
parse error: Invalid numeric literal at line 1, column 10
02/28/21 01:23:34 790945600 1614446614

real	0m5.869s
user	0m0.000s
sys	0m0.063s

real	0m2.987s
user	0m0.031s
sys	0m0.063s
[WARN] get LZ_TOKEN error
02/28/21 01:23:47 701158500  1614446627
use pt_key

real	0m3.373s
user	0m0.094s
sys	0m0.094s
02/28/21 01:23:51 687539400  1614446631 token: AAFgOoAmADCJCSdu6f_Xu-uqZ-djTP39Ij5_xLjjXTyOLt7kOO7XuvtiHg7OLTVHN2C2mT8ioYU
parse error: Invalid numeric literal at line 1, column 10

real	0m2.371s
user	0m0.109s
sys	0m0.109s
02/28/21 01:23:55 539987700  1614446635 secretPin: 
[WARN] get secretPin error

02/28/21 01:23:56 238185300  1614446636 ç‹ç­¾åˆ°æ­Œå¾·è€é…’è¡Œç²¾å“æ——èˆ°åº—

real	0m3.290s
user	0m0.031s
sys	0m0.047s
parse error: Invalid numeric literal at line 1, column 10
parse error: Invalid numeric literal at line 1, column 10
parse error: Invalid numeric literal at line 1, column 10
parse error: Invalid numeric literal at line 1, column 10
02/28/21 01:24:11 911788800 1614446651

real	0m5.935s
user	0m0.000s
sys	0m0.094s

real	0m3.726s
user	0m0.031s
sys	0m0.094s
[WARN] get LZ_TOKEN error
02/28/21 01:24:24 397031800  1614446664
use pt_key

real	0m2.467s
user	0m0.109s
sys	0m0.094s
02/28/21 01:24:28 094961200  1614446668 token: AAFgOoBKADB-fXk7zTjI8ZijgLxOT1bQPauCcUelenflq7s5ilYheO8IxmRuLnzWq-cLHcS30YY
parse error: Invalid numeric literal at line 1, column 10

real	0m3.345s
user	0m0.172s
sys	0m0.047s
02/28/21 01:24:32 093064800  1614446672 secretPin: 
[WARN] get secretPin error

02/28/21 01:24:32 657083200  1614446672 ç‹ç­¾åˆ°æ­Œå¾·è€é…’è¡Œç²¾å“æ——èˆ°åº—

real	0m3.672s
user	0m0.031s
sys	0m0.078s
parse error: Invalid numeric literal at line 1, column 10
parse error: Invalid numeric literal at line 1, column 10
parse error: Invalid numeric literal at line 1, column 10
parse error: Invalid numeric literal at line 1, column 10
02/28/21 01:24:44 843324200 1614446684

real	0m5.592s
user	0m0.000s
sys	0m0.016s
02/28/21 01:25:37 400080800  1614446737
parse error: Invalid numeric literal at line 1, column 10
ç­¾åˆ°æ˜¯å¦æˆåŠŸè§£æå¤±è´¥. ä¸å†å†™/home/myid/jd/jd_signup/vender/shop_1614116065_18_delay

ç‹ç­¾åˆ°æ­Œå¾·è€é…’è¡Œç²¾å“æ——èˆ°åº—æŸ¥çœ‹ç»“æœ
<!DOCTYPE html>
<html>
 <head> 
  <title>äº¬ä¸œ</title> 
  <meta charset="utf-8" /> 
  <meta name="apple-mobile-web-app-capable" content="yes" /> 
  <meta name="viewport" content="width=device-width,initial-scale=1,user-scalable=no,maximum-scale=1,viewport-fit=cover" /> 
  <meta name="format-detection" content="telephone=no" /> 
  <meta name="x5-cache" content="enable" /> 
  <link rel="stylesheet" href="https://storage.360buyimg.com/babel/00162638/333378/production/dev/parser.1526555535098.css?t=20180517191236" /> 
  <style> img {
            opacity: 1 !important;
        } </style> 
  <link href="https://storage.360buyimg.com/babel/00170893/348321/production/dev/index.7320a380.css?t=20180802150952" rel="stylesheet" />
 </head> 
 <body style="background:#fff;" id="root"> 
  <div class="errorPage"> 
  </div> 
  <div class="placeholer"> 
  </div> 
  <script src="https://wl.jd.com/unify.min.js"></script> 
  <script type="text/javascript" src="https://storage.360buyimg.com/babel/00170893/348321/production/dev/index.0f8f4dba.js?t=20180802150952"></script> 
 </body>
</html>

parse error: Invalid numeric literal at line 1, column 10
[0;31;3mRUN  at {280:<--} ERROR CODE: 4[0m [0;31;3m[20210228 01:25:44] [ERROR] [0m

