02/27/21 01:18:13 496841300  1614359893
RANDOM_num: 15
removed '/tmp/tmp.od7woZGc4V'
02/27/21 01:18:16 187064700  1614359896 检查移动签到

real	0m1.073s
user	0m0.016s
sys	0m0.078s
[WARN] get LZ_TOKEN error
02/27/21 01:18:19 820813100  1614359899
use wskey

real	0m1.369s
user	0m0.125s
sys	0m0.078s
02/27/21 01:18:21 972398000  1614359901 token: AAFgOS1cADBqgK5uNRWrr0ltWCfz9fLbdH80Q6mKM7ODkAOdgn3FaZG9Lu-XDDViG2ouyKzjyGY
parse error: Invalid numeric literal at line 1, column 10

real	0m1.584s
user	0m0.094s
sys	0m0.156s
02/27/21 01:18:25 366213600  1614359905 secretPin: 
[WARN] get secretPin error

02/27/21 01:18:25 847237600  1614359905 移动签到安我（AND ALL）健康京东自营旗舰店

real	0m1.721s
user	0m0.031s
sys	0m0.109s
parse error: Invalid numeric literal at line 1, column 10
parse error: Invalid numeric literal at line 1, column 10
parse error: Invalid numeric literal at line 1, column 10
parse error: Invalid numeric literal at line 1, column 10
02/27/21 01:18:33 188360600 1614359913

real	0m1.423s
user	0m0.000s
sys	0m0.063s

real	0m2.201s
user	0m0.047s
sys	0m0.094s
[WARN] get LZ_TOKEN error
02/27/21 01:18:37 861959300  1614359917
use wskey

real	0m1.672s
user	0m0.109s
sys	0m0.172s
02/27/21 01:18:40 044200300  1614359920 token: AAFgOS1vADBmp_nTstLSJ75HRySIjvxINMWWq7y9RMCTEGJHZzOzD9gsteVEUgvx0zyHUcQcCKE
parse error: Invalid numeric literal at line 1, column 10

real	0m1.777s
user	0m0.094s
sys	0m0.109s
02/27/21 01:18:42 089523200  1614359922 secretPin: 
[WARN] get secretPin error

02/27/21 01:18:42 399053500  1614359922 移动签到安我（AND ALL）健康京东自营旗舰店

real	0m1.527s
user	0m0.031s
sys	0m0.094s
parse error: Invalid numeric literal at line 1, column 10
parse error: Invalid numeric literal at line 1, column 10
parse error: Invalid numeric literal at line 1, column 10
parse error: Invalid numeric literal at line 1, column 10
02/27/21 01:18:48 051516200 1614359928

real	0m1.882s
user	0m0.000s
sys	0m0.031s

real	0m2.008s
user	0m0.016s
sys	0m0.125s
[WARN] get LZ_TOKEN error
02/27/21 01:18:54 849414700  1614359934
use wskey

real	0m1.642s
user	0m0.125s
sys	0m0.141s
02/27/21 01:18:57 000573300  1614359937 token: AAFgOS2AADAC1erWJPq20a-QKRCuZhRd5Pb3a5ltML3TBrjCHKAUY9D0caIp8JMH88ycTo1vfos
parse error: Invalid numeric literal at line 1, column 10

real	0m1.991s
user	0m0.094s
sys	0m0.156s
02/27/21 01:18:59 898915000  1614359939 secretPin: 
[WARN] get secretPin error

02/27/21 01:19:00 389971900  1614359940 移动签到安我（AND ALL）健康京东自营旗舰店

real	0m1.975s
user	0m0.047s
sys	0m0.125s
parse error: Invalid numeric literal at line 1, column 10
parse error: Invalid numeric literal at line 1, column 10
parse error: Invalid numeric literal at line 1, column 10
parse error: Invalid numeric literal at line 1, column 10
02/27/21 01:19:08 062085100 1614359948

real	0m2.254s
user	0m0.000s
sys	0m0.031s

real	0m1.983s
user	0m0.031s
sys	0m0.047s
[WARN] get LZ_TOKEN error
02/27/21 01:19:14 157335200  1614359954
use wskey

real	0m2.067s
user	0m0.109s
sys	0m0.109s
02/27/21 01:19:16 578570700  1614359956 token: AAFgOS2UADASvRuY2rpMr4-kCuVtRNsD_XwUEomfQLkJDTZLsgh3J6vsNFPzyzg8O8Fg5abiWME
parse error: Invalid numeric literal at line 1, column 10

real	0m1.784s
user	0m0.094s
sys	0m0.141s
02/27/21 01:19:18 856727700  1614359958 secretPin: 
[WARN] get secretPin error

02/27/21 01:19:19 303280700  1614359959 移动签到安我（AND ALL）健康京东自营旗舰店

real	0m1.827s
user	0m0.031s
sys	0m0.078s
parse error: Invalid numeric literal at line 1, column 10
parse error: Invalid numeric literal at line 1, column 10
parse error: Invalid numeric literal at line 1, column 10
parse error: Invalid numeric literal at line 1, column 10
02/27/21 01:19:28 338605300 1614359968

real	0m2.628s
user	0m0.000s
sys	0m0.047s

real	0m1.444s
user	0m0.063s
sys	0m0.094s
[WARN] get LZ_TOKEN error
02/27/21 01:19:33 921586000  1614359973
use wskey

real	0m1.940s
user	0m0.109s
sys	0m0.141s
02/27/21 01:19:36 329616800  1614359976 token: AAFgOS2nADD5bMoMnpzObQq34WiGx9BCTJKjFvIOwM1v1uuLLNyAYO4u3wXi3J9iqPOC1bg0AqY
parse error: Invalid numeric literal at line 1, column 10

real	0m2.457s
user	0m0.125s
sys	0m0.109s
02/27/21 01:19:39 455433900  1614359979 secretPin: 
[WARN] get secretPin error

02/27/21 01:19:39 960353500  1614359979 移动签到安我（AND ALL）健康京东自营旗舰店

real	0m1.342s
user	0m0.016s
sys	0m0.109s
parse error: Invalid numeric literal at line 1, column 10
parse error: Invalid numeric literal at line 1, column 10
parse error: Invalid numeric literal at line 1, column 10
parse error: Invalid numeric literal at line 1, column 10
02/27/21 01:19:46 561315300 1614359986

real	0m2.803s
user	0m0.000s
sys	0m0.047s

real	0m1.135s
user	0m0.047s
sys	0m0.063s
[WARN] get LZ_TOKEN error
02/27/21 01:19:51 775402000  1614359991
use wskey

real	0m1.745s
user	0m0.141s
sys	0m0.078s
02/27/21 01:19:55 097672800  1614359995 token: AAFgOS25ADDGSgjiU3qnMhfjPl596PJ4dzlxsTfTId_iEgYsVuhRoaJXlSW0qHS8eSq0nH6-0fU
parse error: Invalid numeric literal at line 1, column 10

real	0m2.436s
user	0m0.094s
sys	0m0.125s
02/27/21 01:19:58 489551200  1614359998 secretPin: 
[WARN] get secretPin error

02/27/21 01:19:58 941131400  1614359998 移动签到安我（AND ALL）健康京东自营旗舰店

real	0m1.230s
user	0m0.047s
sys	0m0.125s
parse error: Invalid numeric literal at line 1, column 10
parse error: Invalid numeric literal at line 1, column 10
parse error: Invalid numeric literal at line 1, column 10
parse error: Invalid numeric literal at line 1, column 10
02/27/21 01:20:04 945066600 1614360004

real	0m2.259s
user	0m0.000s
sys	0m0.016s

real	0m1.479s
user	0m0.000s
sys	0m0.141s
[WARN] get LZ_TOKEN error
02/27/21 01:20:09 934023100  1614360009
use wskey

real	0m2.329s
user	0m0.109s
sys	0m0.063s
02/27/21 01:20:12 800944000  1614360012 token: AAFgOS3MADBgSPmiM9792PeKtqMFB7IZ-_Hd85G1EIXloUFMJ2kVc-aZHoBpK--eXUiFVtq9uII
parse error: Invalid numeric literal at line 1, column 10

real	0m2.115s
user	0m0.063s
sys	0m0.141s
02/27/21 01:20:15 591273100  1614360015 secretPin: 
[WARN] get secretPin error

02/27/21 01:20:15 884004000  1614360015 移动签到安我（AND ALL）健康京东自营旗舰店

real	0m1.125s
user	0m0.047s
sys	0m0.109s
parse error: Invalid numeric literal at line 1, column 10
parse error: Invalid numeric literal at line 1, column 10
parse error: Invalid numeric literal at line 1, column 10
parse error: Invalid numeric literal at line 1, column 10
02/27/21 01:20:22 872274800 1614360022

real	0m2.944s
user	0m0.000s
sys	0m0.047s

real	0m2.643s
user	0m0.016s
sys	0m0.063s
[WARN] get LZ_TOKEN error
02/27/21 01:20:29 954263600  1614360029
use wskey

real	0m1.850s
user	0m0.078s
sys	0m0.094s
02/27/21 01:20:32 261505800  1614360032 token: AAFgOS3fADCzjH3l3TOaXtpr2IBjfus5CVWyn-JMooIUv_YNFfBoJ9DXo_cHV0QO43Nl6P679JM
parse error: Invalid numeric literal at line 1, column 10

real	0m1.374s
user	0m0.078s
sys	0m0.141s
02/27/21 01:20:33 946777200  1614360033 secretPin: 
[WARN] get secretPin error

02/27/21 01:20:34 151463400  1614360034 移动签到安我（AND ALL）健康京东自营旗舰店

real	0m1.282s
user	0m0.047s
sys	0m0.125s
parse error: Invalid numeric literal at line 1, column 10
parse error: Invalid numeric literal at line 1, column 10
parse error: Invalid numeric literal at line 1, column 10
parse error: Invalid numeric literal at line 1, column 10
02/27/21 01:20:39 513132000 1614360039

real	0m2.665s
user	0m0.000s
sys	0m0.047s

real	0m0.956s
user	0m0.031s
sys	0m0.078s
[WARN] get LZ_TOKEN error
02/27/21 01:20:44 146322600  1614360044
use wskey

real	0m1.314s
user	0m0.094s
sys	0m0.094s
02/27/21 01:20:45 786527400  1614360045 token: AAFgOS3tADBh9IlK0xtb3_C3q81EeHBZ7NLmG9l18Q6KgCgxU8Peq3PlsEIJiDswFTVzU5JPHOA
parse error: Invalid numeric literal at line 1, column 10

real	0m1.943s
user	0m0.078s
sys	0m0.141s
02/27/21 01:20:48 263464300  1614360048 secretPin: 
[WARN] get secretPin error

02/27/21 01:20:48 982321200  1614360048 移动签到安我（AND ALL）健康京东自营旗舰店

real	0m1.199s
user	0m0.016s
sys	0m0.109s
parse error: Invalid numeric literal at line 1, column 10
parse error: Invalid numeric literal at line 1, column 10
parse error: Invalid numeric literal at line 1, column 10
parse error: Invalid numeric literal at line 1, column 10
02/27/21 01:20:53 085787400 1614360053

real	0m4.064s
user	0m0.000s
sys	0m0.031s

real	0m1.381s
user	0m0.063s
sys	0m0.047s
[WARN] get LZ_TOKEN error
02/27/21 01:20:59 579914400  1614360059
use wskey

real	0m1.404s
user	0m0.109s
sys	0m0.078s
02/27/21 01:21:01 177209000  1614360061 token: AAFgOS39ADCvy2f4QVheLDZlGlYHi_i8MmLRNGrvo6xP3eUYVaFclkPxGUHcujib8JQT5H1QPeU
parse error: Invalid numeric literal at line 1, column 10

real	0m0.969s
user	0m0.109s
sys	0m0.109s
02/27/21 01:21:02 492367000  1614360062 secretPin: 
[WARN] get secretPin error

02/27/21 01:21:02 916315600  1614360062 移动签到安我（AND ALL）健康京东自营旗舰店

real	0m1.485s
user	0m0.031s
sys	0m0.078s
parse error: Invalid numeric literal at line 1, column 10
parse error: Invalid numeric literal at line 1, column 10
parse error: Invalid numeric literal at line 1, column 10
parse error: Invalid numeric literal at line 1, column 10
02/27/21 01:21:09 214885000 1614360069

real	0m3.470s
user	0m0.000s
sys	0m0.016s

real	0m1.215s
user	0m0.031s
sys	0m0.078s
[WARN] get LZ_TOKEN error
02/27/21 01:21:14 740756900  1614360074
use wskey

real	0m1.181s
user	0m0.109s
sys	0m0.156s
02/27/21 01:21:16 574672600  1614360076 token: AAFgOS4LADBL4y7z_7wlyFMu6gGA4H1ZG5xmHn389XXo8Nw7i3tCiKXKAFWNrS3C383beV_fKXE
parse error: Invalid numeric literal at line 1, column 10

real	0m1.012s
user	0m0.141s
sys	0m0.109s
02/27/21 01:21:17 952023900  1614360077 secretPin: 
[WARN] get secretPin error

02/27/21 01:21:18 250580500  1614360078 移动签到安我（AND ALL）健康京东自营旗舰店

real	0m0.747s
user	0m0.016s
sys	0m0.125s
parse error: Invalid numeric literal at line 1, column 10
parse error: Invalid numeric literal at line 1, column 10
parse error: Invalid numeric literal at line 1, column 10
parse error: Invalid numeric literal at line 1, column 10
02/27/21 01:21:22 930590100 1614360082

real	0m4.041s
user	0m0.000s
sys	0m0.063s

real	0m0.943s
user	0m0.047s
sys	0m0.109s
[WARN] get LZ_TOKEN error
02/27/21 01:21:28 527404300  1614360088
use wskey

real	0m0.915s
user	0m0.078s
sys	0m0.141s
02/27/21 01:21:29 802978700  1614360089 token: AAFgOS4ZADDZOOXxoZcVgC6gZSgegNRLcx6WEHLiKqL-h73_8JU1PfH2F-AGM_e_hbYYz3e-_uA
parse error: Invalid numeric literal at line 1, column 10

real	0m1.059s
user	0m0.078s
sys	0m0.078s
02/27/21 01:21:31 237238900  1614360091 secretPin: 
[WARN] get secretPin error

02/27/21 01:21:31 600036200  1614360091 移动签到安我（AND ALL）健康京东自营旗舰店

real	0m1.100s
user	0m0.016s
sys	0m0.125s
parse error: Invalid numeric literal at line 1, column 10
parse error: Invalid numeric literal at line 1, column 10
parse error: Invalid numeric literal at line 1, column 10
parse error: Invalid numeric literal at line 1, column 10
02/27/21 01:21:35 314819100 1614360095

real	0m3.274s
user	0m0.000s
sys	0m0.016s

real	0m1.427s
user	0m0.016s
sys	0m0.125s
[WARN] get LZ_TOKEN error
02/27/21 01:21:41 019782600  1614360101
use wskey

real	0m1.346s
user	0m0.141s
sys	0m0.109s
02/27/21 01:21:43 108687300  1614360103 token: AAFgOS4mADDAhZRbSEe-9Ja6SoC6CH6Jg7lMCPgWgPSGWY5H0vwwBFwJJvgFHSMkAOl__SxX1Kc
parse error: Invalid numeric literal at line 1, column 10

real	0m0.925s
user	0m0.141s
sys	0m0.078s
02/27/21 01:21:44 600624100  1614360104 secretPin: 
[WARN] get secretPin error

02/27/21 01:21:45 059820100  1614360105 移动签到安我（AND ALL）健康京东自营旗舰店

real	0m1.030s
user	0m0.016s
sys	0m0.094s
parse error: Invalid numeric literal at line 1, column 10
parse error: Invalid numeric literal at line 1, column 10
parse error: Invalid numeric literal at line 1, column 10
parse error: Invalid numeric literal at line 1, column 10
02/27/21 01:21:48 865492200 1614360108

real	0m3.470s
user	0m0.000s
sys	0m0.000s

real	0m1.929s
user	0m0.000s
sys	0m0.141s
[WARN] get LZ_TOKEN error
02/27/21 01:21:54 943594700  1614360114
use wskey

real	0m1.011s
user	0m0.094s
sys	0m0.109s
02/27/21 01:21:56 126489300  1614360116 token: AAFgOS4zADAPtdsQhqHNqbRWB0B1ROCTsiVGLm2wlopS_xtfGRuszMnIMiYussG2WTzV48Jn8nk
parse error: Invalid numeric literal at line 1, column 10

real	0m0.866s
user	0m0.125s
sys	0m0.047s
02/27/21 01:21:57 214800000  1614360117 secretPin: 
[WARN] get secretPin error

02/27/21 01:21:57 465414400  1614360117 移动签到安我（AND ALL）健康京东自营旗舰店

real	0m0.761s
user	0m0.047s
sys	0m0.063s
parse error: Invalid numeric literal at line 1, column 10
parse error: Invalid numeric literal at line 1, column 10
parse error: Invalid numeric literal at line 1, column 10
parse error: Invalid numeric literal at line 1, column 10
02/27/21 01:22:00 647602100 1614360120

real	0m3.460s
user	0m0.000s
sys	0m0.047s

real	0m1.305s
user	0m0.016s
sys	0m0.141s
[WARN] get LZ_TOKEN error
02/27/21 01:22:06 006197600  1614360126
use wskey

real	0m0.854s
user	0m0.125s
sys	0m0.063s
02/27/21 01:22:07 056391300  1614360127 token: AAFgOS4-ADBizFO0xoG8EoTD48CNMtPmhvMGmCLTyYyofFnmvBLNX0YrgnD1RpW1VcOlBx9bqrs
parse error: Invalid numeric literal at line 1, column 10

real	0m0.878s
user	0m0.109s
sys	0m0.094s
02/27/21 01:22:08 075047700  1614360128 secretPin: 
[WARN] get secretPin error

02/27/21 01:22:08 291025100  1614360128 移动签到安我（AND ALL）健康京东自营旗舰店

real	0m0.697s
user	0m0.031s
sys	0m0.063s
parse error: Invalid numeric literal at line 1, column 10
parse error: Invalid numeric literal at line 1, column 10
parse error: Invalid numeric literal at line 1, column 10
parse error: Invalid numeric literal at line 1, column 10
02/27/21 01:22:11 240648900 1614360131

real	0m3.711s
user	0m0.000s
sys	0m0.016s

real	0m1.029s
user	0m0.031s
sys	0m0.078s
[WARN] get LZ_TOKEN error
02/27/21 01:22:16 453137800  1614360136
use wskey

real	0m0.707s
user	0m0.125s
sys	0m0.078s
02/27/21 01:22:17 334392000  1614360137 token: AAFgOS5JADAIswlpf4PARj_AIVo03J4sRD5VsC7-021nO8I_MPhMNgS9e87_IGiSxkU2X4z8TPw
parse error: Invalid numeric literal at line 1, column 10

real	0m0.751s
user	0m0.078s
sys	0m0.109s
02/27/21 01:22:18 383529900  1614360138 secretPin: 
[WARN] get secretPin error

02/27/21 01:22:18 538564400  1614360138 移动签到安我（AND ALL）健康京东自营旗舰店

real	0m0.573s
user	0m0.031s
sys	0m0.094s
parse error: Invalid numeric literal at line 1, column 10
parse error: Invalid numeric literal at line 1, column 10
parse error: Invalid numeric literal at line 1, column 10
parse error: Invalid numeric literal at line 1, column 10
02/27/21 01:22:20 740828500 1614360140

real	0m3.753s
user	0m0.000s
sys	0m0.031s

real	0m0.607s
user	0m0.000s
sys	0m0.125s
[WARN] get LZ_TOKEN error
02/27/21 01:22:25 623146900  1614360145
use wskey

real	0m0.830s
user	0m0.141s
sys	0m0.094s
02/27/21 01:22:26 624780000  1614360146 token: AAFgOS5SADBzXAO5u0d9H2uGwnYz-Reb60y10ThMrXmqDXCmQza6R4ZLeBBnj-udtBLpLkH3thY
parse error: Invalid numeric literal at line 1, column 10

real	0m0.850s
user	0m0.125s
sys	0m0.094s
02/27/21 01:22:27 704342000  1614360147 secretPin: 
[WARN] get secretPin error

02/27/21 01:22:27 911010700  1614360147 移动签到安我（AND ALL）健康京东自营旗舰店

real	0m0.420s
user	0m0.031s
sys	0m0.094s
parse error: Invalid numeric literal at line 1, column 10
parse error: Invalid numeric literal at line 1, column 10
parse error: Invalid numeric literal at line 1, column 10
parse error: Invalid numeric literal at line 1, column 10
02/27/21 01:22:29 990094500 1614360149

real	0m3.694s
user	0m0.000s
sys	0m0.047s

real	0m0.493s
user	0m0.016s
sys	0m0.172s
[WARN] get LZ_TOKEN error
02/27/21 01:22:34 752457100  1614360154
use wskey

real	0m0.647s
user	0m0.141s
sys	0m0.063s
02/27/21 01:22:35 542547600  1614360155 token: AAFgOS5bADCn5sKc5cU82yjP3XRD_h1bHkU-H0-zH0ypNDKSsGise00K65MtjtQnyNrzSqSgvIA
parse error: Invalid numeric literal at line 1, column 10

real	0m0.686s
user	0m0.141s
sys	0m0.078s
02/27/21 01:22:36 469884500  1614360156 secretPin: 
[WARN] get secretPin error

02/27/21 01:22:36 562241700  1614360156 移动签到安我（AND ALL）健康京东自营旗舰店

real	0m0.497s
user	0m0.016s
sys	0m0.078s
parse error: Invalid numeric literal at line 1, column 10
parse error: Invalid numeric literal at line 1, column 10
parse error: Invalid numeric literal at line 1, column 10
parse error: Invalid numeric literal at line 1, column 10
02/27/21 01:22:38 964035500 1614360158

real	0m3.932s
user	0m0.000s
sys	0m0.031s

real	0m0.223s
user	0m0.031s
sys	0m0.078s
[WARN] get LZ_TOKEN error
02/27/21 01:22:43 223038600  1614360163
use wskey

real	0m0.270s
user	0m0.094s
sys	0m0.141s
02/27/21 01:22:43 571798300  1614360163 token: AAFgOS5jADD60G3L2o8cfxevoERv1LQ4grWAvcAudyDMmcozoa4oGKeBfZLNxXqIqs8A5glwV_8
parse error: Invalid numeric literal at line 1, column 10

real	0m0.603s
user	0m0.109s
sys	0m0.156s
02/27/21 01:22:44 282401800  1614360164 secretPin: 
[WARN] get secretPin error

02/27/21 01:22:44 444504600  1614360164 移动签到安我（AND ALL）健康京东自营旗舰店

real	0m0.460s
user	0m0.031s
sys	0m0.094s
parse error: Invalid numeric literal at line 1, column 10
parse error: Invalid numeric literal at line 1, column 10
parse error: Invalid numeric literal at line 1, column 10
parse error: Invalid numeric literal at line 1, column 10
02/27/21 01:22:46 404655900 1614360166

real	0m4.048s
user	0m0.000s
sys	0m0.047s

real	0m0.175s
user	0m0.078s
sys	0m0.063s
[WARN] get LZ_TOKEN error
02/27/21 01:22:50 693741900  1614360170
use wskey

real	0m0.207s
user	0m0.125s
sys	0m0.094s
02/27/21 01:22:50 938525900  1614360170 token: AAFgOS5qADBmJ5lF4QeTQyFjx6crpWXLFVBB93_s9s6PVeTZ7ahziyV9nIEjBTMAVbvQBxc3qKo
parse error: Invalid numeric literal at line 1, column 10

real	0m0.170s
user	0m0.078s
sys	0m0.109s
02/27/21 01:22:51 138453700  1614360171 secretPin: 
[WARN] get secretPin error

02/27/21 01:22:51 172299500  1614360171 移动签到安我（AND ALL）健康京东自营旗舰店

real	0m0.170s
user	0m0.016s
sys	0m0.094s
parse error: Invalid numeric literal at line 1, column 10
parse error: Invalid numeric literal at line 1, column 10
parse error: Invalid numeric literal at line 1, column 10
parse error: Invalid numeric literal at line 1, column 10
02/27/21 01:22:52 242938600 1614360172

real	0m4.386s
user	0m0.000s
sys	0m0.047s
02/27/21 01:23:41 744113400  1614360221
parse error: Invalid numeric literal at line 1, column 10
签到是否成功解析失败. 不再写/home/myid/jd/jd_signup/lzkj_sevenDay_vender/shop_1614116411_129

移动签到安我（AND ALL）健康京东自营旗舰店查看结果, 活动规则


#店铺名称
vendername="安我（AND ALL）健康京东自营旗舰店"
#店铺激活码
actId="f63f0cc98d32422b8b6ac5b8a0aaec0e"
#店铺id
venderId="1000351797"
#长链接
url="https://lzkj-isv.isvjcloud.com/sign/sevenDay/signActivity?activityId=f63f0cc98d32422b8b6ac5b8a0aaec0e&venderId=1000351797"

startTime=1613723220
endTime=1616342340
# 活动时间：2021-02-19 16:27 - 2021-03-21 23:59；
# 奖励说明：
actRule="
7天签到
连续签到1天：1京豆
连续签到2天：1京豆
连续签到3天：3京豆
连续签到4天：2京豆
连续签到5天：2京豆
连续签到6天：2京豆
连续签到7天：5京豆
"
#移动 jd_OeTNobRVGiNZ sign_res
sign_num="3"
giftName="null"
giftRes="ok"
giftDate="20210226"
sign_res_info="7天签到 第 3 天
当天签到奖励 [null]"
#移动 jd_OeTNobRVGiNZ sign_res_end
#肥鹅 jd_4d651d9e48204 sign_res
sign_num="3"
giftName="null"
giftRes="ok"
giftDate="20210227"
sign_res_info="7天签到 第 3 天
当天签到奖励 [null]"
#肥鹅 jd_4d651d9e48204 sign_res_end
#赵 122294312-396444 sign_res
sign_num="3"
giftName="null"
giftRes="ok"
giftDate="20210227"
sign_res_info="7天签到 第 3 天
当天签到奖励 [null]"
#赵 122294312-396444 sign_res_end
#王 1309893722-164885 sign_res
sign_num="3"
giftName="null"
giftRes="ok"
giftDate="20210227"
sign_res_info="7天签到 第 3 天
当天签到奖励 [null]"
#王 1309893722-164885 sign_res_end
