02/28/21 01:15:38 329876500  1614446138
RANDOM_num: 45
removed '/tmp/tmp.PptfMhwXeT'
02/28/21 01:15:42 225409700  1614446142 检查移动签到

real	0m1.584s
user	0m0.031s
sys	0m0.078s
[WARN] get LZ_TOKEN error
02/28/21 01:15:51 890319100  1614446151
use wskey

real	0m3.014s
user	0m0.078s
sys	0m0.109s
02/28/21 01:15:55 384469800  1614446155 token: AAFgOn5KADBfYlFcSg5OAMRbrfveyS7KccPOYaHNd7b8P1-_9LiJfEe8wvFxl-tjB5aAEJ6A8h0
parse error: Invalid numeric literal at line 1, column 10

real	0m3.883s
user	0m0.109s
sys	0m0.094s
02/28/21 01:15:59 851340600  1614446159 secretPin: 
[WARN] get secretPin error

02/28/21 01:16:00 770362200  1614446160 移动签到泉林本色京东自营旗舰店

real	0m1.915s
user	0m0.016s
sys	0m0.109s
parse error: Invalid numeric literal at line 1, column 10
parse error: Invalid numeric literal at line 1, column 10
parse error: Invalid numeric literal at line 1, column 10
parse error: Invalid numeric literal at line 1, column 10
02/28/21 01:16:27 452967600 1614446187

real	0m2.864s
user	0m0.000s
sys	0m0.016s

real	0m2.476s
user	0m0.063s
sys	0m0.063s
[WARN] get LZ_TOKEN error
02/28/21 01:16:38 673550000  1614446198
use wskey

real	0m2.491s
user	0m0.094s
sys	0m0.078s
02/28/21 01:16:41 538959800  1614446201 token: AAFgOn55ADAfSawOhz1QzFKrTk7Xj9j5o15j85qg4lmRTe-vH2Rv7sd9ZcIUI-xEAAQdRfVOlFE
parse error: Invalid numeric literal at line 1, column 10

real	0m3.236s
user	0m0.094s
sys	0m0.078s
02/28/21 01:16:45 281490200  1614446205 secretPin: 
[WARN] get secretPin error

02/28/21 01:16:45 770954900  1614446205 移动签到泉林本色京东自营旗舰店

real	0m3.017s
user	0m0.063s
sys	0m0.078s
parse error: Invalid numeric literal at line 1, column 10
parse error: Invalid numeric literal at line 1, column 10
parse error: Invalid numeric literal at line 1, column 10
parse error: Invalid numeric literal at line 1, column 10
02/28/21 01:17:06 030363400 1614446226

real	0m1.788s
user	0m0.000s
sys	0m0.047s

real	0m2.264s
user	0m0.031s
sys	0m0.078s
[WARN] get LZ_TOKEN error
02/28/21 01:17:15 915256800  1614446235
use wskey

real	0m2.328s
user	0m0.109s
sys	0m0.078s
02/28/21 01:17:18 836313500  1614446238 token: AAFgOn6dADAc1tpjCoWi05lbf8TDAJL8UXc6oO7SmqnANK4N-cYgzmHGJUfYPM16q06W5XmBQAg
parse error: Invalid numeric literal at line 1, column 10

real	0m4.016s
user	0m0.078s
sys	0m0.156s
02/28/21 01:17:23 846981400  1614446243 secretPin: 
[WARN] get secretPin error

02/28/21 01:17:24 948228900  1614446244 移动签到泉林本色京东自营旗舰店

real	0m2.791s
user	0m0.047s
sys	0m0.031s
parse error: Invalid numeric literal at line 1, column 10
parse error: Invalid numeric literal at line 1, column 10
parse error: Invalid numeric literal at line 1, column 10
parse error: Invalid numeric literal at line 1, column 10
02/28/21 01:17:42 694573700 1614446262

real	0m2.221s
user	0m0.000s
sys	0m0.047s

real	0m4.161s
user	0m0.078s
sys	0m0.063s
[WARN] get LZ_TOKEN error
02/28/21 01:17:50 274500700  1614446270
use wskey

real	0m4.802s
user	0m0.125s
sys	0m0.141s
02/28/21 01:17:55 819026000  1614446275 token: AAFgOn7CADBiTCxtdUklXi7WWl9Y9O1Bb9kDr94BNBF5ziNk6T-OP_cGfVMxeI1cNgklVu8JfB0
parse error: Invalid numeric literal at line 1, column 10

real	0m2.870s
user	0m0.125s
sys	0m0.078s
02/28/21 01:18:01 202187800  1614446281 secretPin: 
[WARN] get secretPin error

02/28/21 01:18:01 829563200  1614446281 移动签到泉林本色京东自营旗舰店

real	0m1.209s
user	0m0.063s
sys	0m0.078s
parse error: Invalid numeric literal at line 1, column 10
parse error: Invalid numeric literal at line 1, column 10
parse error: Invalid numeric literal at line 1, column 10
parse error: Invalid numeric literal at line 1, column 10
02/28/21 01:18:21 515683300 1614446301

real	0m3.589s
user	0m0.016s
sys	0m0.031s

real	0m3.133s
user	0m0.031s
sys	0m0.109s
[WARN] get LZ_TOKEN error
02/28/21 01:18:37 326290600  1614446317
use wskey

real	0m2.754s
user	0m0.078s
sys	0m0.172s
02/28/21 01:18:40 805397100  1614446320 token: AAFgOn7vADAWV0skkmiiT3xT1izjp6ycw0kuE7L_AGUGnLPHRi5iZbcMkSX5khuPAflu3b_zmig
parse error: Invalid numeric literal at line 1, column 10

real	0m3.516s
user	0m0.125s
sys	0m0.094s
02/28/21 01:18:45 066434200  1614446325 secretPin: 
[WARN] get secretPin error

02/28/21 01:18:45 717118200  1614446325 移动签到泉林本色京东自营旗舰店

real	0m1.685s
user	0m0.031s
sys	0m0.109s
parse error: Invalid numeric literal at line 1, column 10
parse error: Invalid numeric literal at line 1, column 10
parse error: Invalid numeric literal at line 1, column 10
parse error: Invalid numeric literal at line 1, column 10
02/28/21 01:18:55 683026700 1614446335

real	0m3.743s
user	0m0.000s
sys	0m0.047s

real	0m3.802s
user	0m0.047s
sys	0m0.078s
[WARN] get LZ_TOKEN error
02/28/21 01:19:09 154680900  1614446349
use wskey

real	0m3.794s
user	0m0.125s
sys	0m0.094s
02/28/21 01:19:14 135932300  1614446354 token: AAFgOn8QADDCu8nSTeaqhFYdz9J_1JAPgbx87CEQPLzPAexnPBSy3PYe1ZHKslYMZSO9n8jwtm8
parse error: Invalid numeric literal at line 1, column 10

real	0m3.820s
user	0m0.172s
sys	0m0.125s
02/28/21 01:19:18 830880600  1614446358 secretPin: 
[WARN] get secretPin error

02/28/21 01:19:20 156551100  1614446360 移动签到泉林本色京东自营旗舰店

real	0m3.796s
user	0m0.016s
sys	0m0.125s
parse error: Invalid numeric literal at line 1, column 10
parse error: Invalid numeric literal at line 1, column 10
parse error: Invalid numeric literal at line 1, column 10
parse error: Invalid numeric literal at line 1, column 10
02/28/21 01:19:46 068396000 1614446386

real	0m4.188s
user	0m0.000s
sys	0m0.031s

real	0m2.769s
user	0m0.016s
sys	0m0.125s
[WARN] get LZ_TOKEN error
02/28/21 01:20:01 406440100  1614446401
use wskey

real	0m1.730s
user	0m0.094s
sys	0m0.141s
02/28/21 01:20:04 943518400  1614446404 token: AAFgOn9DADBvZdqCugzzGmK3WHUW4BCxNHbBxPIf87H2lEzT0ihjzYa4oHTKN0HYjrGRk8JMdYI
parse error: Invalid numeric literal at line 1, column 10

real	0m4.311s
user	0m0.109s
sys	0m0.078s
02/28/21 01:20:10 379897200  1614446410 secretPin: 
[WARN] get secretPin error

02/28/21 01:20:11 158094300  1614446411 移动签到泉林本色京东自营旗舰店

real	0m3.415s
user	0m0.031s
sys	0m0.094s
parse error: Invalid numeric literal at line 1, column 10
parse error: Invalid numeric literal at line 1, column 10
parse error: Invalid numeric literal at line 1, column 10
parse error: Invalid numeric literal at line 1, column 10
02/28/21 01:20:35 196777100 1614446435

real	0m3.265s
user	0m0.000s
sys	0m0.031s

real	0m4.510s
user	0m0.063s
sys	0m0.094s
[WARN] get LZ_TOKEN error
02/28/21 01:20:44 644600400  1614446444
use wskey

real	0m3.337s
user	0m0.078s
sys	0m0.141s
02/28/21 01:20:48 653556100  1614446448 token: AAFgOn9vADBMzi-aBXROqrGCDL1xKXLInqiXSv1lU4aM-61KAnAi2yzazCW6NYCWVi7AEVbKsNg
parse error: Invalid numeric literal at line 1, column 10

real	0m2.959s
user	0m0.141s
sys	0m0.094s
02/28/21 01:20:52 176571900  1614446452 secretPin: 
[WARN] get secretPin error

02/28/21 01:20:52 851256900  1614446452 移动签到泉林本色京东自营旗舰店

real	0m3.376s
user	0m0.047s
sys	0m0.047s
parse error: Invalid numeric literal at line 1, column 10
parse error: Invalid numeric literal at line 1, column 10
parse error: Invalid numeric literal at line 1, column 10
parse error: Invalid numeric literal at line 1, column 10
02/28/21 01:21:16 628643100 1614446476

real	0m5.608s
user	0m0.000s
sys	0m0.031s

real	0m2.607s
user	0m0.016s
sys	0m0.109s
[WARN] get LZ_TOKEN error
02/28/21 01:21:30 918363600  1614446490
use wskey

real	0m1.783s
user	0m0.094s
sys	0m0.141s
02/28/21 01:21:34 166809900  1614446494 token: AAFgOn-cADD4aVbh3CepLzrT9XyJFzLLXfVSqkdLxmC09gBxRgkDXMYXriFoj8YbvhqrpWSn_Sk
parse error: Invalid numeric literal at line 1, column 10

real	0m1.610s
user	0m0.094s
sys	0m0.109s
02/28/21 01:21:36 173319100  1614446496 secretPin: 
[WARN] get secretPin error

02/28/21 01:21:36 408743200  1614446496 移动签到泉林本色京东自营旗舰店

real	0m1.756s
user	0m0.031s
sys	0m0.094s
parse error: Invalid numeric literal at line 1, column 10
parse error: Invalid numeric literal at line 1, column 10
parse error: Invalid numeric literal at line 1, column 10
parse error: Invalid numeric literal at line 1, column 10
02/28/21 01:21:48 644614300 1614446508

real	0m4.487s
user	0m0.000s
sys	0m0.063s

real	0m3.347s
user	0m0.031s
sys	0m0.125s
[WARN] get LZ_TOKEN error
02/28/21 01:22:09 333514300  1614446529
use wskey

real	0m2.361s
user	0m0.109s
sys	0m0.141s
02/28/21 01:22:12 046978700  1614446532 token: AAFgOn_DADCxrkLWmraB1jkomqnrNHvdJ5QxQd3sTnjO7eSf88i3suvSCf4-ssU24JrUr7FADsA
parse error: Invalid numeric literal at line 1, column 10

real	0m2.559s
user	0m0.109s
sys	0m0.063s
02/28/21 01:22:15 165043200  1614446535 secretPin: 
[WARN] get secretPin error

02/28/21 01:22:15 550065800  1614446535 移动签到泉林本色京东自营旗舰店

real	0m1.765s
user	0m0.016s
sys	0m0.063s
parse error: Invalid numeric literal at line 1, column 10
parse error: Invalid numeric literal at line 1, column 10
parse error: Invalid numeric literal at line 1, column 10
parse error: Invalid numeric literal at line 1, column 10
02/28/21 01:22:22 424956500 1614446542

real	0m4.587s
user	0m0.000s
sys	0m0.016s

real	0m2.483s
user	0m0.016s
sys	0m0.094s
[WARN] get LZ_TOKEN error
02/28/21 01:22:32 052579500  1614446552
use wskey

real	0m4.795s
user	0m0.109s
sys	0m0.125s
02/28/21 01:22:37 718650900  1614446557 token: AAFgOn_cADDdg6lwr0uhYNaqBi9W21ohzPYrMDfHC81t7HnCOuCgs1RZQEH9NHGXF4B9nd0aEnc
parse error: Invalid numeric literal at line 1, column 10

real	0m3.330s
user	0m0.125s
sys	0m0.141s
02/28/21 01:22:42 097153700  1614446562 secretPin: 
[WARN] get secretPin error

02/28/21 01:22:42 659620900  1614446562 移动签到泉林本色京东自营旗舰店

real	0m2.688s
user	0m0.063s
sys	0m0.047s
parse error: Invalid numeric literal at line 1, column 10
parse error: Invalid numeric literal at line 1, column 10
parse error: Invalid numeric literal at line 1, column 10
parse error: Invalid numeric literal at line 1, column 10
02/28/21 01:23:02 092388400 1614446582

real	0m5.161s
user	0m0.000s
sys	0m0.031s

real	0m2.264s
user	0m0.016s
sys	0m0.094s
[WARN] get LZ_TOKEN error
02/28/21 01:23:12 497570800  1614446592
use wskey

real	0m3.539s
user	0m0.109s
sys	0m0.109s
02/28/21 01:23:17 006051500  1614446597 token: AAFgOoADADAE1RciymqhSO5dBtYKBnj_dxoSb5OSWKrCJSJpJ1OHMriCdNHDSFfFGNviKKIKA1c
parse error: Invalid numeric literal at line 1, column 10

real	0m3.408s
user	0m0.094s
sys	0m0.156s
02/28/21 01:23:21 305373400  1614446601 secretPin: 
[WARN] get secretPin error

02/28/21 01:23:22 067379000  1614446602 移动签到泉林本色京东自营旗舰店

real	0m3.770s
user	0m0.078s
sys	0m0.078s
parse error: Invalid numeric literal at line 1, column 10
parse error: Invalid numeric literal at line 1, column 10
parse error: Invalid numeric literal at line 1, column 10
parse error: Invalid numeric literal at line 1, column 10
02/28/21 01:23:38 206022300 1614446618

real	0m4.525s
user	0m0.000s
sys	0m0.078s

real	0m2.530s
user	0m0.016s
sys	0m0.109s
[WARN] get LZ_TOKEN error
02/28/21 01:23:49 560333600  1614446629
use wskey

real	0m3.372s
user	0m0.141s
sys	0m0.078s
02/28/21 01:23:53 723690600  1614446633 token: AAFgOoAoADChnseGecf83IDfCuJFebjkrguDTaqemxhsep6FFh_kr1bKPVHcpip6ggeJCIT5VPc
parse error: Invalid numeric literal at line 1, column 10

real	0m3.151s
user	0m0.094s
sys	0m0.094s
02/28/21 01:23:57 878523600  1614446637 secretPin: 
[WARN] get secretPin error

02/28/21 01:23:58 415394700  1614446638 移动签到泉林本色京东自营旗舰店

real	0m2.466s
user	0m0.047s
sys	0m0.094s
parse error: Invalid numeric literal at line 1, column 10
parse error: Invalid numeric literal at line 1, column 10
parse error: Invalid numeric literal at line 1, column 10
parse error: Invalid numeric literal at line 1, column 10
02/28/21 01:24:13 614285600 1614446653

real	0m4.885s
user	0m0.000s
sys	0m0.000s

real	0m1.892s
user	0m0.047s
sys	0m0.078s
[WARN] get LZ_TOKEN error
02/28/21 01:24:23 536711700  1614446663
use wskey

real	0m3.405s
user	0m0.109s
sys	0m0.094s
02/28/21 01:24:27 733293000  1614446667 token: AAFgOoBKADAe1WzubM3yYTOTwIORvLQHfF2sppvrzENlZCbO4eLTJyUGa8CPZtmb3p7l_Pa-EUA
parse error: Invalid numeric literal at line 1, column 10

real	0m4.112s
user	0m0.125s
sys	0m0.078s
02/28/21 01:24:32 572834600  1614446672 secretPin: 
[WARN] get secretPin error

02/28/21 01:24:34 365750200  1614446674 移动签到泉林本色京东自营旗舰店

real	0m2.611s
user	0m0.031s
sys	0m0.094s
parse error: Invalid numeric literal at line 1, column 10
parse error: Invalid numeric literal at line 1, column 10
parse error: Invalid numeric literal at line 1, column 10
parse error: Invalid numeric literal at line 1, column 10
02/28/21 01:24:47 784278400 1614446687

real	0m4.987s
user	0m0.000s
sys	0m0.031s

real	0m3.009s
user	0m0.047s
sys	0m0.063s
[WARN] get LZ_TOKEN error
02/28/21 01:24:57 278808800  1614446697
use wskey

real	0m2.723s
user	0m0.125s
sys	0m0.141s
02/28/21 01:25:00 716366800  1614446700 token: AAFgOoBrADD63W6sZc6A_OkOBMNWhG_C0GiXChIpCrMXalWb4Bi79f5Xdr2L4mx2GzaLDWDtPQ8
parse error: Invalid numeric literal at line 1, column 10

real	0m2.795s
user	0m0.094s
sys	0m0.094s
02/28/21 01:25:04 889739900  1614446704 secretPin: 
[WARN] get secretPin error

02/28/21 01:25:05 810000600  1614446705 移动签到泉林本色京东自营旗舰店

real	0m2.107s
user	0m0.016s
sys	0m0.109s
parse error: Invalid numeric literal at line 1, column 10
parse error: Invalid numeric literal at line 1, column 10
parse error: Invalid numeric literal at line 1, column 10
parse error: Invalid numeric literal at line 1, column 10
02/28/21 01:25:16 311839700 1614446716

real	0m4.600s
user	0m0.000s
sys	0m0.063s

real	0m1.760s
user	0m0.047s
sys	0m0.094s
[WARN] get LZ_TOKEN error
02/28/21 01:25:24 146507100  1614446724
use wskey

real	0m1.688s
user	0m0.125s
sys	0m0.078s
02/28/21 01:25:26 343772400  1614446726 token: AAFgOoCFADDgxUWLxHk91Y9e8XESB-MH74o0GGTxw6D5i0egogSNqcg9KGMi1DKluMi-FjGX67w
parse error: Invalid numeric literal at line 1, column 10

real	0m3.088s
user	0m0.078s
sys	0m0.109s
02/28/21 01:25:30 138160500  1614446730 secretPin: 
[WARN] get secretPin error

02/28/21 01:25:31 067234200  1614446731 移动签到泉林本色京东自营旗舰店

real	0m1.954s
user	0m0.031s
sys	0m0.078s
parse error: Invalid numeric literal at line 1, column 10
parse error: Invalid numeric literal at line 1, column 10
parse error: Invalid numeric literal at line 1, column 10
parse error: Invalid numeric literal at line 1, column 10
02/28/21 01:25:43 830216200 1614446743

real	0m4.213s
user	0m0.000s
sys	0m0.047s

real	0m1.524s
user	0m0.031s
sys	0m0.109s
[WARN] get LZ_TOKEN error
02/28/21 01:25:50 221653100  1614446750
use wskey

real	0m1.302s
user	0m0.078s
sys	0m0.203s
02/28/21 01:25:51 903239100  1614446751 token: AAFgOoCfADBDrQA8wj4ILIPtLQ89WBlRqQwBaByQf9FRVqExPDMzfQbTXSLwDIJwt3LkLDDPqg4
parse error: Invalid numeric literal at line 1, column 10

real	0m2.178s
user	0m0.125s
sys	0m0.109s
02/28/21 01:25:54 591697400  1614446754 secretPin: 
[WARN] get secretPin error

02/28/21 01:25:55 100517600  1614446755 移动签到泉林本色京东自营旗舰店

real	0m1.749s
user	0m0.016s
sys	0m0.125s
parse error: Invalid numeric literal at line 1, column 10
parse error: Invalid numeric literal at line 1, column 10
parse error: Invalid numeric literal at line 1, column 10
parse error: Invalid numeric literal at line 1, column 10
02/28/21 01:26:01 760356700 1614446761

real	0m4.581s
user	0m0.000s
sys	0m0.016s

real	0m1.398s
user	0m0.031s
sys	0m0.094s
[WARN] get LZ_TOKEN error
02/28/21 01:26:08 734612600  1614446768
use wskey

real	0m1.749s
user	0m0.141s
sys	0m0.125s
02/28/21 01:26:10 730015100  1614446770 token: AAFgOoCyADB8xZ7jqvSiRfoVGXIdwmQ8KOcA8tR-Wa9Q_QptOPdT_9eDVqkfTNNEHJXCf4sAoDk
parse error: Invalid numeric literal at line 1, column 10

real	0m0.780s
user	0m0.078s
sys	0m0.109s
02/28/21 01:26:11 671870300  1614446771 secretPin: 
[WARN] get secretPin error

02/28/21 01:26:11 913050000  1614446771 移动签到泉林本色京东自营旗舰店

real	0m1.203s
user	0m0.031s
sys	0m0.094s
parse error: Invalid numeric literal at line 1, column 10
parse error: Invalid numeric literal at line 1, column 10
parse error: Invalid numeric literal at line 1, column 10
parse error: Invalid numeric literal at line 1, column 10
02/28/21 01:26:16 066924300 1614446776

real	0m4.434s
user	0m0.000s
sys	0m0.047s

real	0m1.284s
user	0m0.031s
sys	0m0.094s
[WARN] get LZ_TOKEN error
02/28/21 01:26:22 742841500  1614446782
use wskey

real	0m1.797s
user	0m0.109s
sys	0m0.188s
02/28/21 01:26:24 911663500  1614446784 token: AAFgOoDAADAt6huughquV9hh-shTSz3Wam9DJAXH3LUPFz0wd0u2SM27394J8hqyJJz6c_Lr_uE
parse error: Invalid numeric literal at line 1, column 10

real	0m1.083s
user	0m0.141s
sys	0m0.125s
02/28/21 01:26:26 321240600  1614446786 secretPin: 
[WARN] get secretPin error

02/28/21 01:26:26 543403900  1614446786 移动签到泉林本色京东自营旗舰店

real	0m0.743s
user	0m0.016s
sys	0m0.078s
parse error: Invalid numeric literal at line 1, column 10
parse error: Invalid numeric literal at line 1, column 10
parse error: Invalid numeric literal at line 1, column 10
parse error: Invalid numeric literal at line 1, column 10
02/28/21 01:26:28 936744900 1614446788

real	0m4.090s
user	0m0.000s
sys	0m0.063s

real	0m2.250s
user	0m0.063s
sys	0m0.125s
[WARN] get LZ_TOKEN error
02/28/21 01:26:35 670325100  1614446795
use wskey

real	0m0.479s
user	0m0.094s
sys	0m0.125s
02/28/21 01:26:36 292222000  1614446796 token: AAFgOoDMADCf88yfAAAAAZSFRFmo_o9Pfs5-SCA1G8Kpd3T7WebyAlaY5C8XOJEHrZCDqF1r7HM
parse error: Invalid numeric literal at line 1, column 10

real	0m0.374s
user	0m0.109s
sys	0m0.063s
02/28/21 01:26:36 734154000  1614446796 secretPin: 
[WARN] get secretPin error

02/28/21 01:26:36 827096400  1614446796 移动签到泉林本色京东自营旗舰店

real	0m0.220s
user	0m0.031s
sys	0m0.109s
parse error: Invalid numeric literal at line 1, column 10
parse error: Invalid numeric literal at line 1, column 10
parse error: Invalid numeric literal at line 1, column 10
parse error: Invalid numeric literal at line 1, column 10
02/28/21 01:26:38 038719800 1614446798

real	0m4.067s
user	0m0.000s
sys	0m0.031s
02/28/21 01:28:57 255321200  1614446937
parse error: Invalid numeric literal at line 1, column 10
签到是否成功解析失败. 不再写/home/myid/jd/jd_signup/lzkj_sevenDay_vender/shop_1613569740_34

移动签到泉林本色京东自营旗舰店查看结果, 活动规则


#店铺名称
vendername="泉林本色京东自营旗舰店"
#店铺激活码
actId="1e5cac4ad760485d931141412c9fab0c"
#店铺id
venderId="1000001906"
#长链接
url="https://lzkj-isv.isvjcloud.com/sign/sevenDay/signActivity?activityId=1e5cac4ad760485d931141412c9fab0c&venderId=1000001906&adsource=tg_xuanFuTuBiao"

startTime=1612496160
endTime=1614483360
# 活动时间：2021-02-05 11:36 - 2021-02-28 11:36；
# 奖励说明：
actRule="
7天签到
连续签到1天：5店铺积分
连续签到2天：10元优惠券
连续签到3天：20店铺积分
连续签到4天：1京豆
连续签到5天：2京豆
连续签到6天：3京豆
连续签到7天：5京豆
"
#移动 jd_OeTNobRVGiNZ sign_res
sign_num="5"
giftName=""2京豆""
giftRes="ok"
giftDate="20210227"
sign_res_info="7天签到 第 5 天
当天签到奖励 ["2京豆"]"
#移动 jd_OeTNobRVGiNZ sign_res_end
#王 1309893722-164885 sign_res
sign_num=""
giftName=""1京豆""
giftRes="ok"
giftDate="20210228"
sign_res_info="7天签到 第  天
当天签到奖励 ["1京豆"]"
#王 1309893722-164885 sign_res_end
#肥鹅 jd_4d651d9e48204 sign_res
sign_num=""
giftName=""1京豆""
giftRes="ok"
giftDate="20210228"
sign_res_info="7天签到 第  天
当天签到奖励 ["1京豆"]"
#肥鹅 jd_4d651d9e48204 sign_res_end
#赵 122294312-396444 sign_res
sign_num="4"
giftName=""1京豆""
giftRes="ok"
giftDate="20210228"
sign_res_info="7天签到 第 4 天
当天签到奖励 ["1京豆"]"
#赵 122294312-396444 sign_res_end
