04/04/21 01:13:41 248548400  1617470021
RANDOM_num: 15
removed '/tmp/tmp.kUxJIfV2wF'
04/04/21 01:13:41 705540400  1617470021 检查赵签到

real	0m0.404s
user	0m0.031s
sys	0m0.063s
lzkj-isv.isvjcloud.com	FALSE	/	FALSE	1617470622	LZ_TOKEN_VALUE	B0oH3vDY2bhHWuKbVaJ+XQ==
lzkj-isv.isvjcloud.com	FALSE	/	FALSE	1617470622	LZ_TOKEN_KEY	lztokenpage3e2fcf48889d4afaae67705eccfd6d23
04/04/21 01:13:42 382352600  1617470022
use pt_key

real	0m0.199s
user	0m0.109s
sys	0m0.078s
04/04/21 01:13:42 606281200  1617470022 token: AAFgaKJGADAjmzr-D5xg-U0Rr5JZpp-XiLOgSc6v0FKoC3jV2i-68upHyQO5daaHb5UTdeGAdxg

real	0m0.522s
user	0m0.031s
sys	0m0.047s
04/04/21 01:13:43 348181100  1617470023 secretPin: 51S2JqsypB/nfj45frYeoU7oeVP9kq2pYSH90mYt4m3fwcJlClpxrfmVYaGKuquQkdK3rLBQpEQH9V4tdrrh0w==

04/04/21 01:13:43 392380400  1617470023 赵签到佳贝艾特京东自营官方旗舰店

real	0m1.407s
user	0m0.016s
sys	0m0.078s
{
  "msg": "签满7天后不能再参加了",
  "isOk": false
}
签满7天不能再参加了. /home/myid/jd/jd_signup/lzkj_sevenDay_vender/shop_1617365043_9_delay 写入 over

#店铺名称
vendername="佳贝艾特京东自营官方旗舰店"
#店铺激活码
actId="3f6c151718844239b7be3ecca403cd70"
#店铺id
venderId="1000002710"
#长链接
url="https://lzkj-isv.isvjcloud.com/sign/sevenDay/signActivity?activityId=3f6c151718844239b7be3ecca403cd70&venderId=1000002710&adsource=tg_storePage"

startTime=1617177600
endTime=1619795160
# 活动时间：2021-03-31 16:00 - 2021-04-30 23:06；
# 奖励说明：
actRule="
7天签到
连续签到1天：20元优惠券
连续签到2天：80元优惠券
连续签到3天：30店铺积分
连续签到4天：50店铺积分
连续签到5天：80店铺积分
连续签到6天：2京豆
连续签到7天：100元优惠券
"
#王 1309893722-164885 sign_res
sign_num="0"
giftName=""
giftRes="ok"
giftDate="20210402"
sign_res_info="7天签到 第 0 天
当天签到奖励 []"
giftOver="ok"
#王 1309893722-164885 sign_res_end
#赵 122294312-396444 sign_res
sign_num="0"
giftName=""
giftRes="ok"
giftDate="20210403"
sign_res_info="7天签到 第 0 天
当天签到奖励 []"
giftOver="ok"
#赵 122294312-396444 sign_res_end
#肥鹅 jd_4d651d9e48204 sign_res
sign_num="0"
giftName=""
giftRes="ok"
giftDate="20210403"
sign_res_info="7天签到 第 0 天
当天签到奖励 []"
#肥鹅 jd_4d651d9e48204 sign_res_end
#移动 jd_OeTNobRVGiNZ sign_res
sign_num="0"
giftName=""
giftRes=""
giftDate="20210403"
sign_res_info="7天签到 第 0 天
当天签到奖励 []"
#移动 jd_OeTNobRVGiNZ sign_res_end
