03/17/21 02:03:58 002024400  1615917838
RANDOM_num: 5
removed '/tmp/tmp.yKZDUQ9SBB'
03/17/21 02:03:58 120946400  1615917838
赵 今天已经签到过. 签到结果: ok  giftDate: 20210317
***********************************************

2021/03/07_08:00:00  [已~签~到]      
2021/03/16_08:00:00  [已~签~到]      
2021/03/17_08:00:00  [已~签~到]      
当天签到奖励 [null]
连续签到 2 天
签到总天数 3
***********************************************

actId=8cf760a20f7949cc87367b0ade7e5c68
venderId=1000108942
startTime=1614528000000
endTime=1617206399000
# 短链接
suo_url="https://3.cn/101-4rmHg"
actTimeStr="2021-03-01 00:00 至 2021-03-31 23:59"
#店铺名称
vendername="Tango京东自营官方旗舰店"
# 长链接
url=https://lzkj-isv.isvjcloud.com/sign/signActivity2?activityId=8cf760a20f7949cc87367b0ade7e5c68&venderId=1000108942&adsource=tg_storePage
# 活动时间：2021.03.01 00:00:00 - 2021.03.31 23:59:59
# 奖励说明：
actRule="
连续签到7天：100积分 100积分
连续签到15天：100京豆 100京豆
连续签到30天：赠送巧克力咔咔脆一盒
"
#赵 122294312-396444 sign_res
sign_res="
signTime=1615075200;signed=2
signTime=1615852800;signed=2
signTime=1615939200;signed=2"
sign_num="2"
sign_total_num="3"
giftName="null"
giftRes="ok"
giftDate="20210317"
sign_res_info="
2021/03/07_08:00:00  [已~签~到]      
2021/03/16_08:00:00  [已~签~到]      
2021/03/17_08:00:00  [已~签~到]      
当天签到奖励 [null]
连续签到 2 天
签到总天数 3"
#赵 122294312-396444 sign_res_end
#王 1309893722-164885 sign_res
sign_res="
signTime=1615075200;signed=2
signTime=1615852800;signed=2
signTime=1615939200;signed=2"
sign_num="2"
sign_total_num="3"
giftName="null"
giftRes="ok"
giftDate="20210317"
sign_res_info="
2021/03/07_08:00:00  [已~签~到]      
2021/03/16_08:00:00  [已~签~到]      
2021/03/17_08:00:00  [已~签~到]      
当天签到奖励 [null]
连续签到 2 天
签到总天数 3"
#王 1309893722-164885 sign_res_end
#肥鹅 jd_4d651d9e48204 sign_res
sign_res="
signTime=1615075200;signed=2
signTime=1615852800;signed=2
signTime=1615939200;signed=2"
sign_num="2"
sign_total_num="3"
giftName="null"
giftRes="ok"
giftDate="20210317"
sign_res_info="
2021/03/07_08:00:00  [已~签~到]      
2021/03/16_08:00:00  [已~签~到]      
2021/03/17_08:00:00  [已~签~到]      
当天签到奖励 [null]
连续签到 2 天
签到总天数 3"
#肥鹅 jd_4d651d9e48204 sign_res_end
#移动 jd_OeTNobRVGiNZ sign_res
sign_res="
"
sign_num="0"
sign_total_num="0"
giftName=""
giftRes=""
giftDate="20210317"
sign_res_info="

当天签到奖励 []
连续签到 0 天
签到总天数 0"
#移动 jd_OeTNobRVGiNZ sign_res_end
