02/28/21 01:15:39 882219700  1614446139
RANDOM_num: 5
removed '/tmp/tmp.8VD3wqPBbt'
02/28/21 01:15:44 874735500  1614446144 检查移动签到

real	0m2.660s
user	0m0.047s
sys	0m0.063s
[WARN] get LZ_TOKEN error
02/28/21 01:15:57 979925100  1614446157
use wskey

real	0m2.415s
user	0m0.109s
sys	0m0.125s
02/28/21 01:16:01 356742700  1614446161 token: AAFgOn5QADDWEDfmO5e1RLl5peqXxfHfxAcOIOIrxtozSZatw8z3NshBhcXhbjU9a2OAKjVwiiM
parse error: Invalid numeric literal at line 1, column 10

real	0m1.613s
user	0m0.109s
sys	0m0.141s
02/28/21 01:16:04 554505900  1614446164 secretPin: 
[WARN] get secretPin error

02/28/21 01:16:05 532886700  1614446165 移动签到英氏YeeHoO奥特莱斯店

real	0m1.042s
user	0m0.047s
sys	0m0.063s
parse error: Invalid numeric literal at line 1, column 10
parse error: Invalid numeric literal at line 1, column 10
parse error: Invalid numeric literal at line 1, column 10
parse error: Invalid numeric literal at line 1, column 10
02/28/21 01:16:24 333628400 1614446184

real	0m3.127s
user	0m0.000s
sys	0m0.016s

real	0m3.884s
user	0m0.047s
sys	0m0.094s
[WARN] get LZ_TOKEN error
02/28/21 01:16:32 810835600  1614446192
use wskey

real	0m4.554s
user	0m0.063s
sys	0m0.109s
02/28/21 01:16:38 924236900  1614446198 token: AAFgOn51ADBKsVUR9mviAARd9eWSasCwfADbp2i7TES2J8CQGpjjc5na2I-9Eel_jHmwXPnCA4w
parse error: Invalid numeric literal at line 1, column 10

real	0m3.412s
user	0m0.109s
sys	0m0.094s
02/28/21 01:16:43 199838100  1614446203 secretPin: 
[WARN] get secretPin error

02/28/21 01:16:44 505147300  1614446204 移动签到英氏YeeHoO奥特莱斯店

real	0m2.180s
user	0m0.031s
sys	0m0.063s
parse error: Invalid numeric literal at line 1, column 10
parse error: Invalid numeric literal at line 1, column 10
parse error: Invalid numeric literal at line 1, column 10
parse error: Invalid numeric literal at line 1, column 10
02/28/21 01:17:07 671178400 1614446227

real	0m2.607s
user	0m0.000s
sys	0m0.047s

real	0m2.812s
user	0m0.063s
sys	0m0.031s
[WARN] get LZ_TOKEN error
02/28/21 01:17:14 722287700  1614446234
use wskey

real	0m2.259s
user	0m0.125s
sys	0m0.078s
02/28/21 01:17:17 675888200  1614446237 token: AAFgOn6cADAkwe6mg2XKpQ9a6YtiHWHGESNtkvonEN1_YVTX8drTdPmMb0d_kVl-mdJNFUNvKgQ
parse error: Invalid numeric literal at line 1, column 10

real	0m3.732s
user	0m0.063s
sys	0m0.109s
02/28/21 01:17:22 660643600  1614446242 secretPin: 
[WARN] get secretPin error

02/28/21 01:17:23 786676500  1614446243 移动签到英氏YeeHoO奥特莱斯店

real	0m1.858s
user	0m0.031s
sys	0m0.109s
parse error: Invalid numeric literal at line 1, column 10
parse error: Invalid numeric literal at line 1, column 10
parse error: Invalid numeric literal at line 1, column 10
parse error: Invalid numeric literal at line 1, column 10
02/28/21 01:17:36 097276900 1614446256

real	0m3.471s
user	0m0.000s
sys	0m0.031s

real	0m1.928s
user	0m0.047s
sys	0m0.125s
[WARN] get LZ_TOKEN error
02/28/21 01:17:43 666628600  1614446263
use wskey

real	0m2.067s
user	0m0.094s
sys	0m0.141s
02/28/21 01:17:46 448885300  1614446266 token: AAFgOn65ADBeH8t4YiiK8SInMOp0T4MG04gM96rxGm-mR7N4JwTlFVVtTbUykb4OPlpcX1Z0JO0
parse error: Invalid numeric literal at line 1, column 10

real	0m3.005s
user	0m0.109s
sys	0m0.094s
02/28/21 01:17:50 202648100  1614446270 secretPin: 
[WARN] get secretPin error

02/28/21 01:17:50 606917300  1614446270 移动签到英氏YeeHoO奥特莱斯店

real	0m1.708s
user	0m0.031s
sys	0m0.078s
parse error: Invalid numeric literal at line 1, column 10
parse error: Invalid numeric literal at line 1, column 10
parse error: Invalid numeric literal at line 1, column 10
parse error: Invalid numeric literal at line 1, column 10
02/28/21 01:18:08 120176200 1614446288

real	0m2.951s
user	0m0.000s
sys	0m0.047s

real	0m3.235s
user	0m0.016s
sys	0m0.109s
[WARN] get LZ_TOKEN error
02/28/21 01:18:17 135639600  1614446297
use wskey

real	0m2.252s
user	0m0.109s
sys	0m0.125s
02/28/21 01:18:21 219729500  1614446301 token: AAFgOn7bADBJZeIqYyZJyFYxPYNfZ4Kn0jM-IJWcq5boiwgatyKtgaI_AztbaMH1_QLgIfBWocc
parse error: Invalid numeric literal at line 1, column 10

real	0m4.081s
user	0m0.125s
sys	0m0.078s
02/28/21 01:18:25 940209900  1614446305 secretPin: 
[WARN] get secretPin error

02/28/21 01:18:26 964006100  1614446306 移动签到英氏YeeHoO奥特莱斯店

real	0m2.564s
user	0m0.031s
sys	0m0.063s
parse error: Invalid numeric literal at line 1, column 10
parse error: Invalid numeric literal at line 1, column 10
parse error: Invalid numeric literal at line 1, column 10
parse error: Invalid numeric literal at line 1, column 10
02/28/21 01:18:52 999216300 1614446332

real	0m3.581s
user	0m0.000s
sys	0m0.063s

real	0m4.190s
user	0m0.031s
sys	0m0.109s
[WARN] get LZ_TOKEN error
02/28/21 01:19:03 931799000  1614446343
use wskey

real	0m5.351s
user	0m0.141s
sys	0m0.109s
02/28/21 01:19:10 198768600  1614446350 token: AAFgOn8MADDQrH61n13N4OhspO6vSBVwaP1ey1gEpdxXIL0V4cjHlQchAaApAG8R9beNkQ5wHws
parse error: Invalid numeric literal at line 1, column 10

real	0m3.104s
user	0m0.125s
sys	0m0.109s
02/28/21 01:19:14 224343400  1614446354 secretPin: 
[WARN] get secretPin error

02/28/21 01:19:16 033860700  1614446356 移动签到英氏YeeHoO奥特莱斯店

real	0m5.138s
user	0m0.047s
sys	0m0.094s
parse error: Invalid numeric literal at line 1, column 10
parse error: Invalid numeric literal at line 1, column 10
parse error: Invalid numeric literal at line 1, column 10
parse error: Invalid numeric literal at line 1, column 10
02/28/21 01:19:39 829841600 1614446379

real	0m3.833s
user	0m0.000s
sys	0m0.094s

real	0m2.871s
user	0m0.047s
sys	0m0.078s
[WARN] get LZ_TOKEN error
02/28/21 01:19:50 087310300  1614446390
use wskey

real	0m3.812s
user	0m0.141s
sys	0m0.109s
02/28/21 01:19:54 662458400  1614446394 token: AAFgOn85ADDrcng5wZP7K-lA3R2Fk5ml3Kf3DU3g2KyHIsJ5ISwDS_hmJ5a2FOGe-kq3ZVANwQY
parse error: Invalid numeric literal at line 1, column 10

real	0m3.673s
user	0m0.078s
sys	0m0.156s
02/28/21 01:19:59 213883400  1614446399 secretPin: 
[WARN] get secretPin error

02/28/21 01:19:59 937127500  1614446399 移动签到英氏YeeHoO奥特莱斯店

real	0m2.854s
user	0m0.078s
sys	0m0.047s
parse error: Invalid numeric literal at line 1, column 10
parse error: Invalid numeric literal at line 1, column 10
parse error: Invalid numeric literal at line 1, column 10
parse error: Invalid numeric literal at line 1, column 10
02/28/21 01:20:17 304105000 1614446417

real	0m3.944s
user	0m0.000s
sys	0m0.047s

real	0m2.293s
user	0m0.031s
sys	0m0.047s
[WARN] get LZ_TOKEN error
02/28/21 01:20:35 162615100  1614446435
use wskey

real	0m2.278s
user	0m0.109s
sys	0m0.094s
02/28/21 01:20:38 156553900  1614446438 token: AAFgOn9lADDK-1VhSqxpByQ3JlYS00eAST2jxClhVngy-6HRK5Z5LLUMpSTZeoBNIuSfIxoo2a8
parse error: Invalid numeric literal at line 1, column 10

real	0m3.356s
user	0m0.156s
sys	0m0.141s
02/28/21 01:20:42 143147200  1614446442 secretPin: 
[WARN] get secretPin error

02/28/21 01:20:42 912211000  1614446442 移动签到英氏YeeHoO奥特莱斯店

real	0m2.829s
user	0m0.031s
sys	0m0.156s
parse error: Invalid numeric literal at line 1, column 10
parse error: Invalid numeric literal at line 1, column 10
parse error: Invalid numeric literal at line 1, column 10
parse error: Invalid numeric literal at line 1, column 10
02/28/21 01:20:54 593942800 1614446454

real	0m4.109s
user	0m0.000s
sys	0m0.016s

real	0m5.772s
user	0m0.016s
sys	0m0.125s
[WARN] get LZ_TOKEN error
02/28/21 01:21:10 337036800  1614446470
use wskey

real	0m4.517s
user	0m0.125s
sys	0m0.141s
02/28/21 01:21:15 585978100  1614446475 token: AAFgOn-KADCz2T7YgVjc-dcXULPcyc6qkmVd0TpE_eDiYDerw2i8RfDHPQ5XvHn2uJrHzX6_uWM
parse error: Invalid numeric literal at line 1, column 10

real	0m3.150s
user	0m0.094s
sys	0m0.125s
02/28/21 01:21:19 833479900  1614446479 secretPin: 
[WARN] get secretPin error

02/28/21 01:21:20 655336400  1614446480 移动签到英氏YeeHoO奥特莱斯店

real	0m2.071s
user	0m0.031s
sys	0m0.078s
parse error: Invalid numeric literal at line 1, column 10
parse error: Invalid numeric literal at line 1, column 10
parse error: Invalid numeric literal at line 1, column 10
parse error: Invalid numeric literal at line 1, column 10
02/28/21 01:21:36 476849600 1614446496

real	0m3.480s
user	0m0.000s
sys	0m0.031s

real	0m4.080s
user	0m0.031s
sys	0m0.125s
[WARN] get LZ_TOKEN error
02/28/21 01:21:46 388796200  1614446506
use wskey

real	0m3.259s
user	0m0.078s
sys	0m0.141s
02/28/21 01:21:50 426670700  1614446510 token: AAFgOn-tADD4oeAOo4DvLOl6WQ9Lra6GdQuA4mC4hKuxqpKJ8pEl3WTG_SIwJwFKmxTfPZdFQTs
parse error: Invalid numeric literal at line 1, column 10

real	0m4.360s
user	0m0.141s
sys	0m0.078s
02/28/21 01:21:56 010650800  1614446516 secretPin: 
[WARN] get secretPin error

02/28/21 01:21:56 975913400  1614446516 移动签到英氏YeeHoO奥特莱斯店

real	0m2.107s
user	0m0.031s
sys	0m0.094s
parse error: Invalid numeric literal at line 1, column 10
parse error: Invalid numeric literal at line 1, column 10
parse error: Invalid numeric literal at line 1, column 10
parse error: Invalid numeric literal at line 1, column 10
02/28/21 01:22:16 147223100 1614446536

real	0m3.388s
user	0m0.000s
sys	0m0.063s

real	0m2.006s
user	0m0.063s
sys	0m0.078s
[WARN] get LZ_TOKEN error
02/28/21 01:22:24 705896300  1614446544
use wskey

real	0m2.790s
user	0m0.156s
sys	0m0.141s
02/28/21 01:22:28 387975300  1614446548 token: AAFgOn_TADCR_97bhyzuXW8XZmttuZVHRixxbCpxqvWdijkdQFCfy2qkjIlYA5qw5PRlaJB31RQ
parse error: Invalid numeric literal at line 1, column 10

real	0m3.100s
user	0m0.125s
sys	0m0.125s
02/28/21 01:22:32 381904100  1614446552 secretPin: 
[WARN] get secretPin error

02/28/21 01:22:34 140037700  1614446554 移动签到英氏YeeHoO奥特莱斯店

real	0m3.034s
user	0m0.063s
sys	0m0.109s
parse error: Invalid numeric literal at line 1, column 10
parse error: Invalid numeric literal at line 1, column 10
parse error: Invalid numeric literal at line 1, column 10
parse error: Invalid numeric literal at line 1, column 10
02/28/21 01:22:51 076156800 1614446571

real	0m4.461s
user	0m0.000s
sys	0m0.031s

real	0m1.899s
user	0m0.031s
sys	0m0.125s
[WARN] get LZ_TOKEN error
02/28/21 01:23:01 708426300  1614446581
use wskey

real	0m1.226s
user	0m0.094s
sys	0m0.141s
02/28/21 01:23:04 053242700  1614446584 token: AAFgOn_3ADAiETgZhrOsqea0r1coHCPua3P2DHhvq01MQ1bgQ2fY0Wbe3rrzoW2sRRKb59dIaIY
parse error: Invalid numeric literal at line 1, column 10

real	0m2.305s
user	0m0.094s
sys	0m0.094s
02/28/21 01:23:06 812239500  1614446586 secretPin: 
[WARN] get secretPin error

02/28/21 01:23:07 843728500  1614446587 移动签到英氏YeeHoO奥特莱斯店

real	0m1.626s
user	0m0.031s
sys	0m0.109s
parse error: Invalid numeric literal at line 1, column 10
parse error: Invalid numeric literal at line 1, column 10
parse error: Invalid numeric literal at line 1, column 10
parse error: Invalid numeric literal at line 1, column 10
02/28/21 01:23:20 584373800 1614446600

real	0m5.240s
user	0m0.000s
sys	0m0.047s

real	0m3.081s
user	0m0.031s
sys	0m0.047s
[WARN] get LZ_TOKEN error
02/28/21 01:23:30 724197700  1614446610
use wskey

real	0m2.773s
user	0m0.125s
sys	0m0.078s
02/28/21 01:23:34 631626000  1614446614 token: AAFgOoAVADDHZ7x7yrRPCJs2APbEmWJkGjmY1B58hr9pDvp96rH9NWK1AhCUx49D3HWFl8QVa9o
parse error: Invalid numeric literal at line 1, column 10

real	0m2.953s
user	0m0.109s
sys	0m0.063s
02/28/21 01:23:38 159187200  1614446618 secretPin: 
[WARN] get secretPin error

02/28/21 01:23:38 940258900  1614446618 移动签到英氏YeeHoO奥特莱斯店

real	0m2.379s
user	0m0.063s
sys	0m0.109s
parse error: Invalid numeric literal at line 1, column 10
parse error: Invalid numeric literal at line 1, column 10
parse error: Invalid numeric literal at line 1, column 10
parse error: Invalid numeric literal at line 1, column 10
02/28/21 01:23:48 833989100 1614446628

real	0m5.843s
user	0m0.000s
sys	0m0.000s

real	0m2.026s
user	0m0.047s
sys	0m0.094s
[WARN] get LZ_TOKEN error
02/28/21 01:23:59 605203700  1614446639
use wskey

real	0m2.522s
user	0m0.109s
sys	0m0.109s
02/28/21 01:24:02 783665800  1614446642 token: AAFgOoAxADC6LP5rOemtD4VRyQfvOgr2sElzeLfnA8ascfQvY8FG0-u0k_P7lF8m-38Hf4S7AR8
parse error: Invalid numeric literal at line 1, column 10

real	0m3.888s
user	0m0.109s
sys	0m0.109s
02/28/21 01:24:07 499395100  1614446647 secretPin: 
[WARN] get secretPin error

02/28/21 01:24:08 309060600  1614446648 移动签到英氏YeeHoO奥特莱斯店

real	0m2.982s
user	0m0.016s
sys	0m0.125s
parse error: Invalid numeric literal at line 1, column 10
parse error: Invalid numeric literal at line 1, column 10
parse error: Invalid numeric literal at line 1, column 10
parse error: Invalid numeric literal at line 1, column 10
02/28/21 01:24:19 183971000 1614446659

real	0m4.600s
user	0m0.000s
sys	0m0.063s

real	0m2.871s
user	0m0.031s
sys	0m0.094s
[WARN] get LZ_TOKEN error
02/28/21 01:24:29 401631100  1614446669
use wskey

real	0m3.363s
user	0m0.094s
sys	0m0.109s
02/28/21 01:24:35 717871600  1614446675 token: AAFgOoBQADCypWhlojAVs4pJYp3CIkORhrGVydp5orc5qSe-Uk9kRH80KUVQxvHwtfCqoMXhq-w
parse error: Invalid numeric literal at line 1, column 10

real	0m2.347s
user	0m0.063s
sys	0m0.172s
02/28/21 01:24:39 684348100  1614446679 secretPin: 
[WARN] get secretPin error

02/28/21 01:24:40 432843900  1614446680 移动签到英氏YeeHoO奥特莱斯店

real	0m2.470s
user	0m0.016s
sys	0m0.109s
parse error: Invalid numeric literal at line 1, column 10
parse error: Invalid numeric literal at line 1, column 10
parse error: Invalid numeric literal at line 1, column 10
parse error: Invalid numeric literal at line 1, column 10
02/28/21 01:24:48 750643800 1614446688

real	0m4.320s
user	0m0.000s
sys	0m0.063s

real	0m2.340s
user	0m0.031s
sys	0m0.141s
[WARN] get LZ_TOKEN error
02/28/21 01:24:58 105741300  1614446698
use wskey

real	0m2.575s
user	0m0.094s
sys	0m0.109s
02/28/21 01:25:01 191438600  1614446701 token: AAFgOoBsADDJytEqTlfVqzzpxZ_oS8JWeSvnxY8nrW0CQPiuQv9MVZdU52ykcO4jSemjd30e9Lg
parse error: Invalid numeric literal at line 1, column 10

real	0m2.415s
user	0m0.094s
sys	0m0.063s
02/28/21 01:25:05 253176700  1614446705 secretPin: 
[WARN] get secretPin error

02/28/21 01:25:05 818853200  1614446705 移动签到英氏YeeHoO奥特莱斯店

real	0m2.192s
user	0m0.031s
sys	0m0.078s
parse error: Invalid numeric literal at line 1, column 10
parse error: Invalid numeric literal at line 1, column 10
parse error: Invalid numeric literal at line 1, column 10
parse error: Invalid numeric literal at line 1, column 10
02/28/21 01:25:19 004690800 1614446719

real	0m4.749s
user	0m0.000s
sys	0m0.031s

real	0m1.915s
user	0m0.031s
sys	0m0.094s
[WARN] get LZ_TOKEN error
02/28/21 01:25:27 390653000  1614446727
use wskey

real	0m3.083s
user	0m0.094s
sys	0m0.109s
02/28/21 01:25:31 215902100  1614446731 token: AAFgOoCKADCbSKvTiEuL1KSaV-OKvzOcK7teCQ1yLbXslwRKKeHYcGM8XTlKIjjoQIwAwS2P6Pw
parse error: Invalid numeric literal at line 1, column 10

real	0m2.161s
user	0m0.094s
sys	0m0.125s
02/28/21 01:25:35 020902200  1614446735 secretPin: 
[WARN] get secretPin error

02/28/21 01:25:35 751531200  1614446735 移动签到英氏YeeHoO奥特莱斯店

real	0m2.484s
user	0m0.047s
sys	0m0.094s
parse error: Invalid numeric literal at line 1, column 10
parse error: Invalid numeric literal at line 1, column 10
parse error: Invalid numeric literal at line 1, column 10
parse error: Invalid numeric literal at line 1, column 10
02/28/21 01:25:46 049974900 1614446746

real	0m4.701s
user	0m0.000s
sys	0m0.063s

real	0m1.782s
user	0m0.031s
sys	0m0.109s
[WARN] get LZ_TOKEN error
02/28/21 01:25:54 461668200  1614446754
use wskey

real	0m2.054s
user	0m0.094s
sys	0m0.125s
02/28/21 01:25:56 964871500  1614446756 token: AAFgOoCkADDXgdIOgDIDRcAZVMT482I8VxlZDbLMjc3_NM4nmbafSQbprLqQDjRj7JAt9FeHd4U
parse error: Invalid numeric literal at line 1, column 10

real	0m2.405s
user	0m0.125s
sys	0m0.109s
02/28/21 01:25:59 916123500  1614446759 secretPin: 
[WARN] get secretPin error

02/28/21 01:26:00 935918000  1614446760 移动签到英氏YeeHoO奥特莱斯店

real	0m1.452s
user	0m0.000s
sys	0m0.141s
parse error: Invalid numeric literal at line 1, column 10
parse error: Invalid numeric literal at line 1, column 10
parse error: Invalid numeric literal at line 1, column 10
parse error: Invalid numeric literal at line 1, column 10
02/28/21 01:26:08 832615500 1614446768

real	0m4.831s
user	0m0.000s
sys	0m0.016s

real	0m2.059s
user	0m0.047s
sys	0m0.078s
[WARN] get LZ_TOKEN error
02/28/21 01:26:16 230492300  1614446776
use wskey

real	0m1.102s
user	0m0.125s
sys	0m0.109s
02/28/21 01:26:17 538587000  1614446777 token: AAFgOoC5ADBotDkZkY1AhZGhlj7L9k2xnfUM7Pnn7z-YhOMkQfhESgXSCbY_i4OO0ebF02-Gm6g
parse error: Invalid numeric literal at line 1, column 10

real	0m1.872s
user	0m0.125s
sys	0m0.156s
02/28/21 01:26:19 733443100  1614446779 secretPin: 
[WARN] get secretPin error

02/28/21 01:26:20 196041800  1614446780 移动签到英氏YeeHoO奥特莱斯店

real	0m1.107s
user	0m0.031s
sys	0m0.109s
parse error: Invalid numeric literal at line 1, column 10
parse error: Invalid numeric literal at line 1, column 10
parse error: Invalid numeric literal at line 1, column 10
parse error: Invalid numeric literal at line 1, column 10
02/28/21 01:26:24 714433200 1614446784

real	0m4.518s
user	0m0.000s
sys	0m0.063s

real	0m0.438s
user	0m0.016s
sys	0m0.109s
[WARN] get LZ_TOKEN error
02/28/21 01:26:29 972297400  1614446789
use wskey

real	0m0.676s
user	0m0.109s
sys	0m0.109s
02/28/21 01:26:30 761073200  1614446790 token: AAFgOoDGADCelzmpsM821ZbFazcFQKv-iGxNrCrd16huKhuDUpHuMu4MjcI7lXXYnwT6JjEW5b4
parse error: Invalid numeric literal at line 1, column 10

real	0m0.377s
user	0m0.094s
sys	0m0.156s
02/28/21 01:26:31 244407800  1614446791 secretPin: 
[WARN] get secretPin error

02/28/21 01:26:31 358881700  1614446791 移动签到英氏YeeHoO奥特莱斯店

real	0m0.471s
user	0m0.000s
sys	0m0.125s
parse error: Invalid numeric literal at line 1, column 10
parse error: Invalid numeric literal at line 1, column 10
parse error: Invalid numeric literal at line 1, column 10
parse error: Invalid numeric literal at line 1, column 10
02/28/21 01:26:33 522506200 1614446793

real	0m5.677s
user	0m0.000s
sys	0m0.078s
02/28/21 01:26:54 374923200  1614446814
parse error: Invalid numeric literal at line 1, column 10
签到是否成功解析失败. 不再写/home/myid/jd/jd_signup/lzkj_sevenDay_vender/shop_1613569768_117

移动签到英氏YeeHoO奥特莱斯店查看结果, 活动规则
<!DOCTYPE html>
<html>
 <head> 
  <title>京东</title> 
  <meta charset="utf-8" /> 
  <meta name="apple-mobile-web-app-capable" content="yes" /> 
  <meta name="viewport" content="width=device-width,initial-scale=1,user-scalable=no,maximum-scale=1,viewport-fit=cover" /> 
  <meta name="format-detection" content="telephone=no" /> 
  <meta name="x5-cache" content="enable" /> 
  <link rel="stylesheet" href="https://storage.360buyimg.com/babel/00162638/333378/production/dev/parser.1526555535098.css?t=20180517191236" /> 
  <style> img {
            opacity: 1 !important;
        } </style> 
  <link href="https://storage.360buyimg.com/babel/00170893/348321/production/dev/index.7320a380.css?t=20180802150952" rel="stylesheet" />
 </head> 
 <body style="background:#fff;" id="root"> 
  <div class="errorPage"> 
  </div> 
  <div class="placeholer"> 
  </div> 
  <script src="https://wl.jd.com/unify.min.js"></script> 
  <script type="text/javascript" src="https://storage.360buyimg.com/babel/00170893/348321/production/dev/index.0f8f4dba.js?t=20180802150952"></script> 
 </body>
</html>

#店铺名称
vendername="英氏YeeHoO奥特莱斯店"
#店铺激活码
actId="5ff5ff7000d444a0893a41c1f678e4bf"
#店铺id
venderId="10409042"
#长链接
url="https://lzkj-isv.isvjcloud.com/sign/sevenDay/signActivity?activityId=5ff5ff7000d444a0893a41c1f678e4bf&venderId=10409042&adsource=tg_xuanFuTuBiao"

startTime=1612157940
endTime=1614749940
# 活动时间：2021-02-01 13:39 - 2021-03-03 13:39；
# 奖励说明：
actRule="
7天签到
连续签到1天：5京豆
连续签到2天：6京豆
连续签到3天：7京豆
连续签到4天：8京豆
连续签到5天：9京豆
连续签到6天：10京豆
连续签到7天：15京豆
"
#赵 122294312-396444 sign_res
sign_num="0"
giftName=""15京豆""
giftRes="ok"
giftDate="20210227"
sign_res_info="7天签到 第 0 天
当天签到奖励 ["15京豆"]"
#赵 122294312-396444 sign_res_end
#移动 jd_OeTNobRVGiNZ sign_res
sign_num="5"
giftName=""9京豆""
giftRes="ok"
giftDate="20210227"
sign_res_info="7天签到 第 5 天
当天签到奖励 ["9京豆"]"
#移动 jd_OeTNobRVGiNZ sign_res_end
#王 1309893722-164885 sign_res
sign_num=""
giftName=""15京豆""
giftRes="ok"
giftDate="20210228"
sign_res_info="7天签到 第  天
当天签到奖励 ["15京豆"]"
#王 1309893722-164885 sign_res_end
#肥鹅 jd_4d651d9e48204 sign_res
sign_num=""
giftName=""15京豆""
giftRes="ok"
giftDate="20210228"
sign_res_info="7天签到 第  天
当天签到奖励 ["15京豆"]"
#肥鹅 jd_4d651d9e48204 sign_res_end
