03/08/21 01:03:55 749140400  1615136635
RANDOM_num: 25
removed '/tmp/tmp.pphvHDmcFw'
03/08/21 01:03:55 870435900  1615136635 检查122294312-396444签到
removed '/tmp/tmp.vL5tORVceO'
03/08/21 01:03:56 006519800  1615136636 检查1309893722-164885签到

03/08/21 01:03:56 060811200  1615136636 赵签到妙馨思收纳京东自营旗舰店

real	0m0.156s
user	0m0.000s
sys	0m0.078s
{"code":200,"data":[],"class":"com.jd.interact.center.client.api.common.param.Results","success":true}

03/08/21 01:03:56 292852800  1615136636 王签到妙馨思收纳京东自营旗舰店

real	0m0.123s
user	0m0.016s
sys	0m0.109s
{"code":200,"data":[],"class":"com.jd.interact.center.client.api.common.param.Results","success":true}
03/08/21 01:03:56 497449800 1615136636
03/08/21 01:03:56 511628300 1615136636 签到妙馨思收纳京东自营旗舰店完成

03/08/21 01:04:21 564430600  1615136661
赵签到妙馨思收纳京东自营旗舰店查看结果
200
首次签到成功. 写入giftName: 

***********************************************
2021/02/22_00:00:00  2    未签到
2021/02/23_00:00:00  2    未签到
2021/02/24_00:00:00  2    未签到
2021/02/25_00:00:00  2    未签到
2021/02/26_00:00:00  2    未签到
2021/02/27_01:10:10  2    [已~签~到]
2021/02/28_01:08:32  2    [已~签~到]
2021/03/01_01:08:11  2    [已~签~到]
2021/03/02_01:02:42  2    [已~签~到]
2021/03/03_01:04:12  2    [已~签~到]
2021/03/04_01:01:29  2    [已~签~到]
2021/03/05_01:02:58  2    [已~签~到]
2021/03/06_01:03:27  2    [已~签~到]
2021/03/07_01:04:16  2    [已~签~到]
2021/03/08_01:03:56  1    [已~签~到]
2021/03/09_00:00:00  3    未签到
2021/03/10_00:00:00  3    未签到
2021/03/11_00:00:00  3    未签到
2021/03/12_00:00:00  3    未签到
2021/03/13_00:00:00  3    未签到
2021/03/14_00:00:00  3    未签到
2021/03/15_00:00:00  3    未签到
2021/03/16_00:00:00  3    未签到
2021/03/17_00:00:00  3    未签到
2021/03/18_00:00:00  3    未签到
2021/03/19_00:00:00  3    未签到
2021/03/20_00:00:00  3    未签到
2021/03/21_00:00:00  3    未签到
2021/03/22_00:00:00  3    未签到
2021/03/23_00:00:00  3    未签到
当天签到奖励 []
已签到 10 天
***********************************************

王签到妙馨思收纳京东自营旗舰店查看结果
200
首次签到成功. 写入giftName: 

***********************************************
2021/02/22_00:00:00  2    未签到
2021/02/23_00:00:00  2    未签到
2021/02/24_00:00:00  2    未签到
2021/02/25_00:00:00  2    未签到
2021/02/26_00:00:00  2    未签到
2021/02/27_01:10:10  2    [已~签~到]
2021/02/28_01:08:32  2    [已~签~到]
2021/03/01_01:08:11  2    [已~签~到]
2021/03/02_01:02:43  2    [已~签~到]
2021/03/03_01:04:12  2    [已~签~到]
2021/03/04_01:01:30  2    [已~签~到]
2021/03/05_01:02:58  2    [已~签~到]
2021/03/06_01:03:27  2    [已~签~到]
2021/03/07_01:04:16  2    [已~签~到]
2021/03/08_01:03:56  1    [已~签~到]
2021/03/09_00:00:00  3    未签到
2021/03/10_00:00:00  3    未签到
2021/03/11_00:00:00  3    未签到
2021/03/12_00:00:00  3    未签到
2021/03/13_00:00:00  3    未签到
2021/03/14_00:00:00  3    未签到
2021/03/15_00:00:00  3    未签到
2021/03/16_00:00:00  3    未签到
2021/03/17_00:00:00  3    未签到
2021/03/18_00:00:00  3    未签到
2021/03/19_00:00:00  3    未签到
2021/03/20_00:00:00  3    未签到
2021/03/21_00:00:00  3    未签到
2021/03/22_00:00:00  3    未签到
2021/03/23_00:00:00  3    未签到
当天签到奖励 []
已签到 10 天
***********************************************



赵签到妙馨思收纳京东自营旗舰店日志
{"code":200,"data":{"signRecords":[{"currentDay":2,"signTime":1613923200000,"signed":1,"class":"com.jd.interact.center.client.api.color.domain.sign.InteractActivityUserActionRecord"},{"currentDay":2,"signTime":1614009600000,"signed":1,"class":"com.jd.interact.center.client.api.color.domain.sign.InteractActivityUserActionRecord"},{"currentDay":2,"signTime":1614096000000,"signed":1,"class":"com.jd.interact.center.client.api.color.domain.sign.InteractActivityUserActionRecord"},{"currentDay":2,"signTime":1614182400000,"signed":1,"class":"com.jd.interact.center.client.api.color.domain.sign.InteractActivityUserActionRecord"},{"currentDay":2,"signTime":1614268800000,"signed":1,"class":"com.jd.interact.center.client.api.color.domain.sign.InteractActivityUserActionRecord"},{"currentDay":2,"signTime":1614359410426,"signed":2,"class":"com.jd.interact.center.client.api.color.domain.sign.InteractActivityUserActionRecord"},{"currentDay":2,"signTime":1614445712710,"signed":2,"class":"com.jd.interact.center.client.api.color.domain.sign.InteractActivityUserActionRecord"},{"currentDay":2,"signTime":1614532091614,"signed":2,"class":"com.jd.interact.center.client.api.color.domain.sign.InteractActivityUserActionRecord"},{"currentDay":2,"signTime":1614618162805,"signed":2,"class":"com.jd.interact.center.client.api.color.domain.sign.InteractActivityUserActionRecord"},{"currentDay":2,"signTime":1614704652250,"signed":2,"class":"com.jd.interact.center.client.api.color.domain.sign.InteractActivityUserActionRecord"},{"currentDay":2,"signTime":1614790889973,"signed":2,"class":"com.jd.interact.center.client.api.color.domain.sign.InteractActivityUserActionRecord"},{"currentDay":2,"signTime":1614877378345,"signed":2,"class":"com.jd.interact.center.client.api.color.domain.sign.InteractActivityUserActionRecord"},{"currentDay":2,"signTime":1614963807336,"signed":2,"class":"com.jd.interact.center.client.api.color.domain.sign.InteractActivityUserActionRecord"},{"currentDay":2,"signTime":1615050256700,"signed":2,"class":"com.jd.interact.center.client.api.color.domain.sign.InteractActivityUserActionRecord"},{"currentDay":1,"signTime":1615136636200,"signed":2,"class":"com.jd.interact.center.client.api.color.domain.sign.InteractActivityUserActionRecord"},{"currentDay":3,"signTime":1615219200000,"signed":1,"class":"com.jd.interact.center.client.api.color.domain.sign.InteractActivityUserActionRecord"},{"currentDay":3,"signTime":1615305600000,"signed":1,"class":"com.jd.interact.center.client.api.color.domain.sign.InteractActivityUserActionRecord"},{"currentDay":3,"signTime":1615392000000,"signed":1,"class":"com.jd.interact.center.client.api.color.domain.sign.InteractActivityUserActionRecord"},{"currentDay":3,"signTime":1615478400000,"signed":1,"class":"com.jd.interact.center.client.api.color.domain.sign.InteractActivityUserActionRecord"},{"currentDay":3,"signTime":1615564800000,"signed":1,"class":"com.jd.interact.center.client.api.color.domain.sign.InteractActivityUserActionRecord"},{"currentDay":3,"signTime":1615651200000,"signed":1,"class":"com.jd.interact.center.client.api.color.domain.sign.InteractActivityUserActionRecord"},{"currentDay":3,"signTime":1615737600000,"signed":1,"class":"com.jd.interact.center.client.api.color.domain.sign.InteractActivityUserActionRecord"},{"currentDay":3,"signTime":1615824000000,"signed":1,"class":"com.jd.interact.center.client.api.color.domain.sign.InteractActivityUserActionRecord"},{"currentDay":3,"signTime":1615910400000,"signed":1,"class":"com.jd.interact.center.client.api.color.domain.sign.InteractActivityUserActionRecord"},{"currentDay":3,"signTime":1615996800000,"signed":1,"class":"com.jd.interact.center.client.api.color.domain.sign.InteractActivityUserActionRecord"},{"currentDay":3,"signTime":1616083200000,"signed":1,"class":"com.jd.interact.center.client.api.color.domain.sign.InteractActivityUserActionRecord"},{"currentDay":3,"signTime":1616169600000,"signed":1,"class":"com.jd.interact.center.client.api.color.domain.sign.InteractActivityUserActionRecord"},{"currentDay":3,"signTime":1616256000000,"signed":1,"class":"com.jd.interact.center.client.api.color.domain.sign.InteractActivityUserActionRecord"},{"currentDay":3,"signTime":1616342400000,"signed":1,"class":"com.jd.interact.center.client.api.color.domain.sign.InteractActivityUserActionRecord"},{"currentDay":3,"signTime":1616428800000,"signed":1,"class":"com.jd.interact.center.client.api.color.domain.sign.InteractActivityUserActionRecord"}],"days":10,"class":"com.jd.interact.center.client.api.color.domain.sign.ShopSignUserRecord"},"class":"com.jd.interact.center.client.api.common.param.Results","success":true}
{
  "contiSignNum": 10
}
王签到妙馨思收纳京东自营旗舰店日志
{"code":200,"data":{"signRecords":[{"currentDay":2,"signTime":1613923200000,"signed":1,"class":"com.jd.interact.center.client.api.color.domain.sign.InteractActivityUserActionRecord"},{"currentDay":2,"signTime":1614009600000,"signed":1,"class":"com.jd.interact.center.client.api.color.domain.sign.InteractActivityUserActionRecord"},{"currentDay":2,"signTime":1614096000000,"signed":1,"class":"com.jd.interact.center.client.api.color.domain.sign.InteractActivityUserActionRecord"},{"currentDay":2,"signTime":1614182400000,"signed":1,"class":"com.jd.interact.center.client.api.color.domain.sign.InteractActivityUserActionRecord"},{"currentDay":2,"signTime":1614268800000,"signed":1,"class":"com.jd.interact.center.client.api.color.domain.sign.InteractActivityUserActionRecord"},{"currentDay":2,"signTime":1614359410766,"signed":2,"class":"com.jd.interact.center.client.api.color.domain.sign.InteractActivityUserActionRecord"},{"currentDay":2,"signTime":1614445712921,"signed":2,"class":"com.jd.interact.center.client.api.color.domain.sign.InteractActivityUserActionRecord"},{"currentDay":2,"signTime":1614532091834,"signed":2,"class":"com.jd.interact.center.client.api.color.domain.sign.InteractActivityUserActionRecord"},{"currentDay":2,"signTime":1614618163019,"signed":2,"class":"com.jd.interact.center.client.api.color.domain.sign.InteractActivityUserActionRecord"},{"currentDay":2,"signTime":1614704652432,"signed":2,"class":"com.jd.interact.center.client.api.color.domain.sign.InteractActivityUserActionRecord"},{"currentDay":2,"signTime":1614790890180,"signed":2,"class":"com.jd.interact.center.client.api.color.domain.sign.InteractActivityUserActionRecord"},{"currentDay":2,"signTime":1614877378632,"signed":2,"class":"com.jd.interact.center.client.api.color.domain.sign.InteractActivityUserActionRecord"},{"currentDay":2,"signTime":1614963807528,"signed":2,"class":"com.jd.interact.center.client.api.color.domain.sign.InteractActivityUserActionRecord"},{"currentDay":2,"signTime":1615050256898,"signed":2,"class":"com.jd.interact.center.client.api.color.domain.sign.InteractActivityUserActionRecord"},{"currentDay":1,"signTime":1615136636416,"signed":2,"class":"com.jd.interact.center.client.api.color.domain.sign.InteractActivityUserActionRecord"},{"currentDay":3,"signTime":1615219200000,"signed":1,"class":"com.jd.interact.center.client.api.color.domain.sign.InteractActivityUserActionRecord"},{"currentDay":3,"signTime":1615305600000,"signed":1,"class":"com.jd.interact.center.client.api.color.domain.sign.InteractActivityUserActionRecord"},{"currentDay":3,"signTime":1615392000000,"signed":1,"class":"com.jd.interact.center.client.api.color.domain.sign.InteractActivityUserActionRecord"},{"currentDay":3,"signTime":1615478400000,"signed":1,"class":"com.jd.interact.center.client.api.color.domain.sign.InteractActivityUserActionRecord"},{"currentDay":3,"signTime":1615564800000,"signed":1,"class":"com.jd.interact.center.client.api.color.domain.sign.InteractActivityUserActionRecord"},{"currentDay":3,"signTime":1615651200000,"signed":1,"class":"com.jd.interact.center.client.api.color.domain.sign.InteractActivityUserActionRecord"},{"currentDay":3,"signTime":1615737600000,"signed":1,"class":"com.jd.interact.center.client.api.color.domain.sign.InteractActivityUserActionRecord"},{"currentDay":3,"signTime":1615824000000,"signed":1,"class":"com.jd.interact.center.client.api.color.domain.sign.InteractActivityUserActionRecord"},{"currentDay":3,"signTime":1615910400000,"signed":1,"class":"com.jd.interact.center.client.api.color.domain.sign.InteractActivityUserActionRecord"},{"currentDay":3,"signTime":1615996800000,"signed":1,"class":"com.jd.interact.center.client.api.color.domain.sign.InteractActivityUserActionRecord"},{"currentDay":3,"signTime":1616083200000,"signed":1,"class":"com.jd.interact.center.client.api.color.domain.sign.InteractActivityUserActionRecord"},{"currentDay":3,"signTime":1616169600000,"signed":1,"class":"com.jd.interact.center.client.api.color.domain.sign.InteractActivityUserActionRecord"},{"currentDay":3,"signTime":1616256000000,"signed":1,"class":"com.jd.interact.center.client.api.color.domain.sign.InteractActivityUserActionRecord"},{"currentDay":3,"signTime":1616342400000,"signed":1,"class":"com.jd.interact.center.client.api.color.domain.sign.InteractActivityUserActionRecord"},{"currentDay":3,"signTime":1616428800000,"signed":1,"class":"com.jd.interact.center.client.api.color.domain.sign.InteractActivityUserActionRecord"}],"days":10,"class":"com.jd.interact.center.client.api.color.domain.sign.ShopSignUserRecord"},"class":"com.jd.interact.center.client.api.common.param.Results","success":true}
{
  "contiSignNum": 10
}
# 短链接
suo_url=""
venderId=1000301162
startTime=1613923200000
endTime=1616515199000
activityId=10273883
token=D41ECBFE12AB0B3C94EFE087AFB5CED0
#店铺名称
vendername="妙馨思收纳京东自营旗舰店"
# 长链接
url=https://h5.m.jd.com/babelDiy/Zeus/2PAAf74aG3D61qvfKUM5dxUssJQ9/index.html?token=D41ECBFE12AB0B3C94EFE087AFB5CED0
# 活动时间：2021.02.22 00:00:00 - 2021.03.23 23:59:59
# 奖励说明：
actRule="
连续签到7天：10店铺积分
连续签到14天：20京豆
连续签到21天：20店铺积分
连续签到30天：5.00元红包
"
#肥鹅 jd_4d651d9e48204 sign_res
sign_res="
signTime=1613923200;signed=1;currentDay=2
signTime=1614009600;signed=1;currentDay=2
signTime=1614096000;signed=1;currentDay=2
signTime=1614182400;signed=1;currentDay=2
signTime=1614268800;signed=1;currentDay=2
signTime=1614359450;signed=2;currentDay=2
signTime=1614445762;signed=2;currentDay=2
signTime=1614532135;signed=2;currentDay=2
signTime=1614618207;signed=2;currentDay=2
signTime=1614704661;signed=2;currentDay=2
signTime=1614790924;signed=2;currentDay=2
signTime=1614877402;signed=2;currentDay=2
signTime=1614963821;signed=2;currentDay=2
signTime=1615050265;signed=2;currentDay=1
signTime=1615132800;signed=1;currentDay=3
signTime=1615219200;signed=1;currentDay=3
signTime=1615305600;signed=1;currentDay=3
signTime=1615392000;signed=1;currentDay=3
signTime=1615478400;signed=1;currentDay=3
signTime=1615564800;signed=1;currentDay=3
signTime=1615651200;signed=1;currentDay=3
signTime=1615737600;signed=1;currentDay=3
signTime=1615824000;signed=1;currentDay=3
signTime=1615910400;signed=1;currentDay=3
signTime=1615996800;signed=1;currentDay=3
signTime=1616083200;signed=1;currentDay=3
signTime=1616169600;signed=1;currentDay=3
signTime=1616256000;signed=1;currentDay=3
signTime=1616342400;signed=1;currentDay=3
signTime=1616428800;signed=1;currentDay=3"
sign_num="9"
giftName=""
giftRes="ok"
giftDate="20210307"
sign_res_info="
2021/02/22_00:00:00  2    未签到
2021/02/23_00:00:00  2    未签到
2021/02/24_00:00:00  2    未签到
2021/02/25_00:00:00  2    未签到
2021/02/26_00:00:00  2    未签到
2021/02/27_01:10:50  2    [已~签~到]
2021/02/28_01:09:22  2    [已~签~到]
2021/03/01_01:08:55  2    [已~签~到]
2021/03/02_01:03:27  2    [已~签~到]
2021/03/03_01:04:21  2    [已~签~到]
2021/03/04_01:02:04  2    [已~签~到]
2021/03/05_01:03:22  2    [已~签~到]
2021/03/06_01:03:41  2    [已~签~到]
2021/03/07_01:04:25  1    [已~签~到]
2021/03/08_00:00:00  3    未签到
2021/03/09_00:00:00  3    未签到
2021/03/10_00:00:00  3    未签到
2021/03/11_00:00:00  3    未签到
2021/03/12_00:00:00  3    未签到
2021/03/13_00:00:00  3    未签到
2021/03/14_00:00:00  3    未签到
2021/03/15_00:00:00  3    未签到
2021/03/16_00:00:00  3    未签到
2021/03/17_00:00:00  3    未签到
2021/03/18_00:00:00  3    未签到
2021/03/19_00:00:00  3    未签到
2021/03/20_00:00:00  3    未签到
2021/03/21_00:00:00  3    未签到
2021/03/22_00:00:00  3    未签到
2021/03/23_00:00:00  3    未签到
当天签到奖励 []
已签到 9 天"
#肥鹅 jd_4d651d9e48204 sign_res_end
#移动 jd_OeTNobRVGiNZ sign_res
sign_res="
signTime=1613923200;signed=1;currentDay=2
signTime=1614009600;signed=1;currentDay=2
signTime=1614096000;signed=1;currentDay=2
signTime=1614182400;signed=1;currentDay=2
signTime=1614268800;signed=1;currentDay=2
signTime=1614359450;signed=2;currentDay=2
signTime=1614445762;signed=2;currentDay=2
signTime=1614532135;signed=2;currentDay=2
signTime=1614618208;signed=2;currentDay=2
signTime=1614704661;signed=2;currentDay=2
signTime=1614790924;signed=2;currentDay=2
signTime=1614877402;signed=2;currentDay=2
signTime=1614963821;signed=2;currentDay=2
signTime=1615050266;signed=2;currentDay=1
signTime=1615132800;signed=1;currentDay=3
signTime=1615219200;signed=1;currentDay=3
signTime=1615305600;signed=1;currentDay=3
signTime=1615392000;signed=1;currentDay=3
signTime=1615478400;signed=1;currentDay=3
signTime=1615564800;signed=1;currentDay=3
signTime=1615651200;signed=1;currentDay=3
signTime=1615737600;signed=1;currentDay=3
signTime=1615824000;signed=1;currentDay=3
signTime=1615910400;signed=1;currentDay=3
signTime=1615996800;signed=1;currentDay=3
signTime=1616083200;signed=1;currentDay=3
signTime=1616169600;signed=1;currentDay=3
signTime=1616256000;signed=1;currentDay=3
signTime=1616342400;signed=1;currentDay=3
signTime=1616428800;signed=1;currentDay=3"
sign_num="9"
giftName=""
giftRes="ok"
giftDate="20210307"
sign_res_info="
2021/02/22_00:00:00  2    未签到
2021/02/23_00:00:00  2    未签到
2021/02/24_00:00:00  2    未签到
2021/02/25_00:00:00  2    未签到
2021/02/26_00:00:00  2    未签到
2021/02/27_01:10:50  2    [已~签~到]
2021/02/28_01:09:22  2    [已~签~到]
2021/03/01_01:08:55  2    [已~签~到]
2021/03/02_01:03:28  2    [已~签~到]
2021/03/03_01:04:21  2    [已~签~到]
2021/03/04_01:02:04  2    [已~签~到]
2021/03/05_01:03:22  2    [已~签~到]
2021/03/06_01:03:41  2    [已~签~到]
2021/03/07_01:04:26  1    [已~签~到]
2021/03/08_00:00:00  3    未签到
2021/03/09_00:00:00  3    未签到
2021/03/10_00:00:00  3    未签到
2021/03/11_00:00:00  3    未签到
2021/03/12_00:00:00  3    未签到
2021/03/13_00:00:00  3    未签到
2021/03/14_00:00:00  3    未签到
2021/03/15_00:00:00  3    未签到
2021/03/16_00:00:00  3    未签到
2021/03/17_00:00:00  3    未签到
2021/03/18_00:00:00  3    未签到
2021/03/19_00:00:00  3    未签到
2021/03/20_00:00:00  3    未签到
2021/03/21_00:00:00  3    未签到
2021/03/22_00:00:00  3    未签到
2021/03/23_00:00:00  3    未签到
当天签到奖励 []
已签到 9 天"
#移动 jd_OeTNobRVGiNZ sign_res_end
#赵 122294312-396444 sign_res
sign_res="
signTime=1613923200;signed=1;currentDay=2
signTime=1614009600;signed=1;currentDay=2
signTime=1614096000;signed=1;currentDay=2
signTime=1614182400;signed=1;currentDay=2
signTime=1614268800;signed=1;currentDay=2
signTime=1614359410;signed=2;currentDay=2
signTime=1614445712;signed=2;currentDay=2
signTime=1614532091;signed=2;currentDay=2
signTime=1614618162;signed=2;currentDay=2
signTime=1614704652;signed=2;currentDay=2
signTime=1614790889;signed=2;currentDay=2
signTime=1614877378;signed=2;currentDay=2
signTime=1614963807;signed=2;currentDay=2
signTime=1615050256;signed=2;currentDay=2
signTime=1615136636;signed=2;currentDay=1
signTime=1615219200;signed=1;currentDay=3
signTime=1615305600;signed=1;currentDay=3
signTime=1615392000;signed=1;currentDay=3
signTime=1615478400;signed=1;currentDay=3
signTime=1615564800;signed=1;currentDay=3
signTime=1615651200;signed=1;currentDay=3
signTime=1615737600;signed=1;currentDay=3
signTime=1615824000;signed=1;currentDay=3
signTime=1615910400;signed=1;currentDay=3
signTime=1615996800;signed=1;currentDay=3
signTime=1616083200;signed=1;currentDay=3
signTime=1616169600;signed=1;currentDay=3
signTime=1616256000;signed=1;currentDay=3
signTime=1616342400;signed=1;currentDay=3
signTime=1616428800;signed=1;currentDay=3"
sign_num="10"
giftName=""
giftRes="ok"
giftDate="20210308"
sign_res_info="
2021/02/22_00:00:00  2    未签到
2021/02/23_00:00:00  2    未签到
2021/02/24_00:00:00  2    未签到
2021/02/25_00:00:00  2    未签到
2021/02/26_00:00:00  2    未签到
2021/02/27_01:10:10  2    [已~签~到]
2021/02/28_01:08:32  2    [已~签~到]
2021/03/01_01:08:11  2    [已~签~到]
2021/03/02_01:02:42  2    [已~签~到]
2021/03/03_01:04:12  2    [已~签~到]
2021/03/04_01:01:29  2    [已~签~到]
2021/03/05_01:02:58  2    [已~签~到]
2021/03/06_01:03:27  2    [已~签~到]
2021/03/07_01:04:16  2    [已~签~到]
2021/03/08_01:03:56  1    [已~签~到]
2021/03/09_00:00:00  3    未签到
2021/03/10_00:00:00  3    未签到
2021/03/11_00:00:00  3    未签到
2021/03/12_00:00:00  3    未签到
2021/03/13_00:00:00  3    未签到
2021/03/14_00:00:00  3    未签到
2021/03/15_00:00:00  3    未签到
2021/03/16_00:00:00  3    未签到
2021/03/17_00:00:00  3    未签到
2021/03/18_00:00:00  3    未签到
2021/03/19_00:00:00  3    未签到
2021/03/20_00:00:00  3    未签到
2021/03/21_00:00:00  3    未签到
2021/03/22_00:00:00  3    未签到
2021/03/23_00:00:00  3    未签到
当天签到奖励 []
已签到 10 天"
#赵 122294312-396444 sign_res_end
#王 1309893722-164885 sign_res
sign_res="
signTime=1613923200;signed=1;currentDay=2
signTime=1614009600;signed=1;currentDay=2
signTime=1614096000;signed=1;currentDay=2
signTime=1614182400;signed=1;currentDay=2
signTime=1614268800;signed=1;currentDay=2
signTime=1614359410;signed=2;currentDay=2
signTime=1614445712;signed=2;currentDay=2
signTime=1614532091;signed=2;currentDay=2
signTime=1614618163;signed=2;currentDay=2
signTime=1614704652;signed=2;currentDay=2
signTime=1614790890;signed=2;currentDay=2
signTime=1614877378;signed=2;currentDay=2
signTime=1614963807;signed=2;currentDay=2
signTime=1615050256;signed=2;currentDay=2
signTime=1615136636;signed=2;currentDay=1
signTime=1615219200;signed=1;currentDay=3
signTime=1615305600;signed=1;currentDay=3
signTime=1615392000;signed=1;currentDay=3
signTime=1615478400;signed=1;currentDay=3
signTime=1615564800;signed=1;currentDay=3
signTime=1615651200;signed=1;currentDay=3
signTime=1615737600;signed=1;currentDay=3
signTime=1615824000;signed=1;currentDay=3
signTime=1615910400;signed=1;currentDay=3
signTime=1615996800;signed=1;currentDay=3
signTime=1616083200;signed=1;currentDay=3
signTime=1616169600;signed=1;currentDay=3
signTime=1616256000;signed=1;currentDay=3
signTime=1616342400;signed=1;currentDay=3
signTime=1616428800;signed=1;currentDay=3"
sign_num="10"
giftName=""
giftRes="ok"
giftDate="20210308"
sign_res_info="
2021/02/22_00:00:00  2    未签到
2021/02/23_00:00:00  2    未签到
2021/02/24_00:00:00  2    未签到
2021/02/25_00:00:00  2    未签到
2021/02/26_00:00:00  2    未签到
2021/02/27_01:10:10  2    [已~签~到]
2021/02/28_01:08:32  2    [已~签~到]
2021/03/01_01:08:11  2    [已~签~到]
2021/03/02_01:02:43  2    [已~签~到]
2021/03/03_01:04:12  2    [已~签~到]
2021/03/04_01:01:30  2    [已~签~到]
2021/03/05_01:02:58  2    [已~签~到]
2021/03/06_01:03:27  2    [已~签~到]
2021/03/07_01:04:16  2    [已~签~到]
2021/03/08_01:03:56  1    [已~签~到]
2021/03/09_00:00:00  3    未签到
2021/03/10_00:00:00  3    未签到
2021/03/11_00:00:00  3    未签到
2021/03/12_00:00:00  3    未签到
2021/03/13_00:00:00  3    未签到
2021/03/14_00:00:00  3    未签到
2021/03/15_00:00:00  3    未签到
2021/03/16_00:00:00  3    未签到
2021/03/17_00:00:00  3    未签到
2021/03/18_00:00:00  3    未签到
2021/03/19_00:00:00  3    未签到
2021/03/20_00:00:00  3    未签到
2021/03/21_00:00:00  3    未签到
2021/03/22_00:00:00  3    未签到
2021/03/23_00:00:00  3    未签到
当天签到奖励 []
已签到 10 天"
#王 1309893722-164885 sign_res_end
