03/02/21 01:18:54 862888600  1614619134
RANDOM_num: 40
removed '/tmp/tmp.hAoDpzBnSz'
03/02/21 01:18:55 663924000  1614619135 检查肥鹅签到

real	0m0.522s
user	0m0.031s
sys	0m0.078s
[WARN] get LZ_TOKEN error
03/02/21 01:18:56 871682900  1614619136
use pt_key

real	0m0.363s
user	0m0.109s
sys	0m0.094s
03/02/21 01:18:57 344712500  1614619137 token: AAFgPSIBADAlt-xVkseKpEX_iqFRVCbCzCV0r9FgcCTovsbUp7j74grqwJtRS30ze3gUVUswWHg
parse error: Invalid numeric literal at line 1, column 10

real	0m0.415s
user	0m0.109s
sys	0m0.094s
03/02/21 01:18:57 825677600  1614619137 secretPin: 
[WARN] get secretPin error

03/02/21 01:18:57 946659700  1614619137 肥鹅签到滴露旗舰店

real	0m0.447s
user	0m0.016s
sys	0m0.125s
parse error: Invalid numeric literal at line 1, column 10
parse error: Invalid numeric literal at line 1, column 10
parse error: Invalid numeric literal at line 1, column 10
parse error: Invalid numeric literal at line 1, column 10
parse error: Invalid numeric literal at line 1, column 10
03/02/21 01:18:59 848751100 1614619139

real	0m0.775s
user	0m0.000s
sys	0m0.016s

real	0m0.796s
user	0m0.016s
sys	0m0.109s
[WARN] get LZ_TOKEN error
03/02/21 01:19:01 744490400  1614619141
use pt_key

real	0m0.742s
user	0m0.125s
sys	0m0.094s
03/02/21 01:19:02 642176200  1614619142 token: AAFgPSIGADAr0T8IssGPA75Fk2HpwZ2tz6aYkBoFdlHEnWLmMEDUlQFB3lZlMFAB4jAWGOcKtfM
parse error: Invalid numeric literal at line 1, column 10

real	0m0.864s
user	0m0.109s
sys	0m0.109s
03/02/21 01:19:03 666669500  1614619143 secretPin: 
[WARN] get secretPin error

03/02/21 01:19:03 935348300  1614619143 肥鹅签到滴露旗舰店

real	0m0.573s
user	0m0.000s
sys	0m0.078s
parse error: Invalid numeric literal at line 1, column 10
parse error: Invalid numeric literal at line 1, column 10
parse error: Invalid numeric literal at line 1, column 10
parse error: Invalid numeric literal at line 1, column 10
parse error: Invalid numeric literal at line 1, column 10
03/02/21 01:19:06 382269400 1614619146

real	0m0.694s
user	0m0.000s
sys	0m0.047s

real	0m0.465s
user	0m0.016s
sys	0m0.078s
[WARN] get LZ_TOKEN error
03/02/21 01:19:08 096182000  1614619148
use pt_key

real	0m0.679s
user	0m0.094s
sys	0m0.125s
03/02/21 01:19:08 926733800  1614619148 token: AAFgPSIMADBF1dLNUv-xu0qkffwDXDa3YTR_H2AoTW8PD__DLKLENbJq3A_fU8EOi5oBCMZn70I
parse error: Invalid numeric literal at line 1, column 10

real	0m0.858s
user	0m0.094s
sys	0m0.094s
03/02/21 01:19:09 967505000  1614619149 secretPin: 
[WARN] get secretPin error

03/02/21 01:19:10 150127000  1614619150 肥鹅签到滴露旗舰店

real	0m0.538s
user	0m0.016s
sys	0m0.094s
parse error: Invalid numeric literal at line 1, column 10
parse error: Invalid numeric literal at line 1, column 10
parse error: Invalid numeric literal at line 1, column 10
parse error: Invalid numeric literal at line 1, column 10
parse error: Invalid numeric literal at line 1, column 10
03/02/21 01:19:13 245392900 1614619153

real	0m1.120s
user	0m0.000s
sys	0m0.016s

real	0m0.545s
user	0m0.016s
sys	0m0.078s
[WARN] get LZ_TOKEN error
03/02/21 01:19:15 280240000  1614619155
use pt_key

real	0m0.573s
user	0m0.094s
sys	0m0.078s
03/02/21 01:19:15 949129900  1614619155 token: AAFgPSITADDr2QnI4YW6ulnVJ4aMmib132ukTSjXeAPB5g0gNY3qD-ZCbM8huBGhf-RCGk8H5KA
parse error: Invalid numeric literal at line 1, column 10

real	0m0.576s
user	0m0.094s
sys	0m0.172s
03/02/21 01:19:17 418428200  1614619157 secretPin: 
[WARN] get secretPin error

03/02/21 01:19:17 688793700  1614619157 肥鹅签到滴露旗舰店

real	0m0.476s
user	0m0.016s
sys	0m0.078s
parse error: Invalid numeric literal at line 1, column 10
parse error: Invalid numeric literal at line 1, column 10
parse error: Invalid numeric literal at line 1, column 10
parse error: Invalid numeric literal at line 1, column 10
parse error: Invalid numeric literal at line 1, column 10
03/02/21 01:19:20 607880300 1614619160

real	0m1.197s
user	0m0.000s
sys	0m0.031s

real	0m0.601s
user	0m0.047s
sys	0m0.094s
[WARN] get LZ_TOKEN error
03/02/21 01:19:22 765112900  1614619162
use pt_key

real	0m0.659s
user	0m0.078s
sys	0m0.109s
03/02/21 01:19:23 550988300  1614619163 token: AAFgPSIbADBlOwLdamn2c8qoam-iVinOhS9Dp6ALnEN_MmPESjuCgEDj6OP9YMwdIbdkLidYtmA
parse error: Invalid numeric literal at line 1, column 10

real	0m0.511s
user	0m0.125s
sys	0m0.063s
03/02/21 01:19:24 150712400  1614619164 secretPin: 
[WARN] get secretPin error

03/02/21 01:19:24 207509400  1614619164 肥鹅签到滴露旗舰店

real	0m0.311s
user	0m0.031s
sys	0m0.047s
parse error: Invalid numeric literal at line 1, column 10
parse error: Invalid numeric literal at line 1, column 10
parse error: Invalid numeric literal at line 1, column 10
parse error: Invalid numeric literal at line 1, column 10
parse error: Invalid numeric literal at line 1, column 10
03/02/21 01:19:26 476480300 1614619166

real	0m1.472s
user	0m0.000s
sys	0m0.016s

real	0m0.971s
user	0m0.094s
sys	0m0.016s
[WARN] get LZ_TOKEN error
03/02/21 01:19:29 272834800  1614619169
use pt_key

real	0m0.721s
user	0m0.094s
sys	0m0.063s
03/02/21 01:19:30 263524100  1614619170 token: AAFgPSIhADCTGmy-u_G6CfDljSyGS2LATFD_a9zvUP1QN6XYqEmRfLfDBMVAyEZohXfFKYCXCt0
parse error: Invalid numeric literal at line 1, column 10

real	0m0.675s
user	0m0.156s
sys	0m0.078s
03/02/21 01:19:31 087570700  1614619171 secretPin: 
[WARN] get secretPin error

03/02/21 01:19:31 184065200  1614619171 肥鹅签到滴露旗舰店

real	0m0.465s
user	0m0.047s
sys	0m0.078s
parse error: Invalid numeric literal at line 1, column 10
parse error: Invalid numeric literal at line 1, column 10
parse error: Invalid numeric literal at line 1, column 10
parse error: Invalid numeric literal at line 1, column 10
parse error: Invalid numeric literal at line 1, column 10
03/02/21 01:19:33 242647400 1614619173

real	0m1.641s
user	0m0.000s
sys	0m0.000s

real	0m0.662s
user	0m0.047s
sys	0m0.078s
[WARN] get LZ_TOKEN error
03/02/21 01:19:35 922617500  1614619175
use pt_key

real	0m0.891s
user	0m0.078s
sys	0m0.078s
03/02/21 01:19:36 943527900  1614619176 token: AAFgPSIoADBqn3aaO0w2QYVs2gtUCYEm6MW8j0IlyvH8SKuAYqiBJASh9_YEHgNIhV6OEULxw6k
parse error: Invalid numeric literal at line 1, column 10

real	0m0.819s
user	0m0.078s
sys	0m0.094s
03/02/21 01:19:37 931495000  1614619177 secretPin: 
[WARN] get secretPin error

03/02/21 01:19:38 060932700  1614619178 肥鹅签到滴露旗舰店

real	0m0.640s
user	0m0.047s
sys	0m0.047s
parse error: Invalid numeric literal at line 1, column 10
parse error: Invalid numeric literal at line 1, column 10
parse error: Invalid numeric literal at line 1, column 10
parse error: Invalid numeric literal at line 1, column 10
parse error: Invalid numeric literal at line 1, column 10
03/02/21 01:19:40 383675400 1614619180

real	0m2.003s
user	0m0.000s
sys	0m0.063s

real	0m0.554s
user	0m0.047s
sys	0m0.109s
[WARN] get LZ_TOKEN error
03/02/21 01:19:43 333012100  1614619183
use pt_key

real	0m0.665s
user	0m0.063s
sys	0m0.078s
03/02/21 01:19:44 101151100  1614619184 token: AAFgPSIvADDQD352lXikl6UITcY11XuO9Yu1O0BxZ3GZt5vQ5XjvYqIrpWp2lGvq8LTdfehOoso
parse error: Invalid numeric literal at line 1, column 10

real	0m0.740s
user	0m0.078s
sys	0m0.063s
03/02/21 01:19:44 947721200  1614619184 secretPin: 
[WARN] get secretPin error

03/02/21 01:19:45 074875600  1614619185 肥鹅签到滴露旗舰店

real	0m0.648s
user	0m0.016s
sys	0m0.063s
parse error: Invalid numeric literal at line 1, column 10
parse error: Invalid numeric literal at line 1, column 10
parse error: Invalid numeric literal at line 1, column 10
parse error: Invalid numeric literal at line 1, column 10
parse error: Invalid numeric literal at line 1, column 10
03/02/21 01:19:48 928558500 1614619188

real	0m2.089s
user	0m0.016s
sys	0m0.047s

real	0m0.665s
user	0m0.031s
sys	0m0.094s
[WARN] get LZ_TOKEN error
03/02/21 01:19:51 989217000  1614619191
use pt_key

real	0m0.438s
user	0m0.094s
sys	0m0.094s
03/02/21 01:19:52 584640100  1614619192 token: AAFgPSI4ADC5cxwb0KdHXEa2NZLVb5L6UczQQRBmqGj3k5qflUAIDst-Arb9qRVLO0q98v_4a8Y
parse error: Invalid numeric literal at line 1, column 10

real	0m0.537s
user	0m0.078s
sys	0m0.109s
03/02/21 01:19:53 241191800  1614619193 secretPin: 
[WARN] get secretPin error

03/02/21 01:19:53 331409500  1614619193 肥鹅签到滴露旗舰店

real	0m0.295s
user	0m0.031s
sys	0m0.063s
parse error: Invalid numeric literal at line 1, column 10
parse error: Invalid numeric literal at line 1, column 10
parse error: Invalid numeric literal at line 1, column 10
parse error: Invalid numeric literal at line 1, column 10
parse error: Invalid numeric literal at line 1, column 10
03/02/21 01:19:54 801378400 1614619194

real	0m2.086s
user	0m0.000s
sys	0m0.031s

real	0m0.684s
user	0m0.031s
sys	0m0.109s
[WARN] get LZ_TOKEN error
03/02/21 01:19:57 990900900  1614619197
use pt_key

real	0m0.835s
user	0m0.125s
sys	0m0.141s
03/02/21 01:19:59 123871700  1614619199 token: AAFgPSI_ADC62zQVZ_uO8sZ5WucTlvB_oXJshz_CIsBhemuqueHyA9PWQ5I089iohZev65S9xhw
parse error: Invalid numeric literal at line 1, column 10

real	0m1.054s
user	0m0.109s
sys	0m0.047s
03/02/21 01:20:00 381621600  1614619200 secretPin: 
[WARN] get secretPin error

03/02/21 01:20:00 715518300  1614619200 肥鹅签到滴露旗舰店

real	0m0.604s
user	0m0.031s
sys	0m0.109s
parse error: Invalid numeric literal at line 1, column 10
parse error: Invalid numeric literal at line 1, column 10
parse error: Invalid numeric literal at line 1, column 10
parse error: Invalid numeric literal at line 1, column 10
parse error: Invalid numeric literal at line 1, column 10
03/02/21 01:20:03 361814100 1614619203

real	0m2.369s
user	0m0.000s
sys	0m0.016s

real	0m0.582s
user	0m0.016s
sys	0m0.094s
[WARN] get LZ_TOKEN error
03/02/21 01:20:06 723964900  1614619206
use pt_key

real	0m0.728s
user	0m0.125s
sys	0m0.063s
03/02/21 01:20:07 652459900  1614619207 token: AAFgPSJHADAc59An8Ao57rbJ0zyhizOSLAKXGyH5LBwQBHngzgA63gr3IKAKkVy3qxd7BaTDstM
parse error: Invalid numeric literal at line 1, column 10

real	0m0.623s
user	0m0.141s
sys	0m0.063s
03/02/21 01:20:08 418871800  1614619208 secretPin: 
[WARN] get secretPin error

03/02/21 01:20:08 642269000  1614619208 肥鹅签到滴露旗舰店

real	0m0.664s
user	0m0.047s
sys	0m0.078s
parse error: Invalid numeric literal at line 1, column 10
parse error: Invalid numeric literal at line 1, column 10
parse error: Invalid numeric literal at line 1, column 10
parse error: Invalid numeric literal at line 1, column 10
parse error: Invalid numeric literal at line 1, column 10
03/02/21 01:20:11 339085700 1614619211

real	0m2.583s
user	0m0.000s
sys	0m0.031s

real	0m0.285s
user	0m0.016s
sys	0m0.125s
[WARN] get LZ_TOKEN error
03/02/21 01:20:14 423777100  1614619214
use pt_key

real	0m0.353s
user	0m0.109s
sys	0m0.078s
03/02/21 01:20:14 863848600  1614619214 token: AAFgPSJOADD1yOgup0Mt37u8OHUz56uk4S8ytPrcYOIQdx0zQMzOM5qkeiYLVh2OeNAwf9scJ-0
parse error: Invalid numeric literal at line 1, column 10

real	0m0.608s
user	0m0.094s
sys	0m0.078s
03/02/21 01:20:15 599922500  1614619215 secretPin: 
[WARN] get secretPin error

03/02/21 01:20:15 766486600  1614619215 肥鹅签到滴露旗舰店

real	0m0.541s
user	0m0.031s
sys	0m0.063s
parse error: Invalid numeric literal at line 1, column 10
parse error: Invalid numeric literal at line 1, column 10
parse error: Invalid numeric literal at line 1, column 10
parse error: Invalid numeric literal at line 1, column 10
parse error: Invalid numeric literal at line 1, column 10
03/02/21 01:20:19 075322600 1614619219

real	0m2.769s
user	0m0.000s
sys	0m0.078s

real	0m0.232s
user	0m0.016s
sys	0m0.109s
[WARN] get LZ_TOKEN error
03/02/21 01:20:22 241742700  1614619222
use pt_key

real	0m0.237s
user	0m0.125s
sys	0m0.156s
03/02/21 01:20:22 513751600  1614619222 token: AAFgPSJXADAMLK4KAwZVqdSBaGUnu_d4qjoR2Rap1jUF-rSJfG9q0zkgLEighiE8OzjbXwk3Sic
parse error: Invalid numeric literal at line 1, column 10

real	0m0.279s
user	0m0.109s
sys	0m0.094s
03/02/21 01:20:22 847514200  1614619222 secretPin: 
[WARN] get secretPin error

03/02/21 01:20:22 882879300  1614619222 肥鹅签到滴露旗舰店

real	0m0.314s
user	0m0.047s
sys	0m0.078s
parse error: Invalid numeric literal at line 1, column 10
parse error: Invalid numeric literal at line 1, column 10
parse error: Invalid numeric literal at line 1, column 10
parse error: Invalid numeric literal at line 1, column 10
parse error: Invalid numeric literal at line 1, column 10
03/02/21 01:20:24 417677600 1614619224

real	0m3.027s
user	0m0.000s
sys	0m0.016s

real	0m0.614s
user	0m0.047s
sys	0m0.063s
[WARN] get LZ_TOKEN error
03/02/21 01:20:28 693117200  1614619228
use pt_key

real	0m0.532s
user	0m0.141s
sys	0m0.078s
03/02/21 01:20:29 325528900  1614619229 token: AAFgPSJdADCnMT3gDWMas7ATqxrSuKEgFPJCLVOtcREC7fHFQJoaFrYXMeovjRdGzaI2FTj5hPI
parse error: Invalid numeric literal at line 1, column 10

real	0m0.388s
user	0m0.109s
sys	0m0.094s
03/02/21 01:20:29 798792000  1614619229 secretPin: 
[WARN] get secretPin error

03/02/21 01:20:29 830383000  1614619229 肥鹅签到滴露旗舰店

real	0m0.189s
user	0m0.047s
sys	0m0.078s
parse error: Invalid numeric literal at line 1, column 10
parse error: Invalid numeric literal at line 1, column 10
parse error: Invalid numeric literal at line 1, column 10
parse error: Invalid numeric literal at line 1, column 10
parse error: Invalid numeric literal at line 1, column 10
03/02/21 01:20:31 057599000 1614619231

real	0m2.987s
user	0m0.000s
sys	0m0.031s

real	0m0.453s
user	0m0.047s
sys	0m0.094s
[WARN] get LZ_TOKEN error
03/02/21 01:20:34 682285100  1614619234
use pt_key

real	0m0.623s
user	0m0.125s
sys	0m0.063s
03/02/21 01:20:35 423596800  1614619235 token: AAFgPSJjADBm23ak0cTQbYqd_99faLlUg854-2ABrGFwjynSCdMesREkJU1AWkKoNQv2ji5Zxhw
parse error: Invalid numeric literal at line 1, column 10

real	0m0.902s
user	0m0.094s
sys	0m0.094s
03/02/21 01:20:36 488196000  1614619236 secretPin: 
[WARN] get secretPin error

03/02/21 01:20:36 694016400  1614619236 肥鹅签到滴露旗舰店

real	0m0.452s
user	0m0.047s
sys	0m0.047s
parse error: Invalid numeric literal at line 1, column 10
parse error: Invalid numeric literal at line 1, column 10
parse error: Invalid numeric literal at line 1, column 10
parse error: Invalid numeric literal at line 1, column 10
parse error: Invalid numeric literal at line 1, column 10
03/02/21 01:20:38 295819800 1614619238

real	0m3.788s
user	0m0.000s
sys	0m0.031s

real	0m0.406s
user	0m0.047s
sys	0m0.063s
[WARN] get LZ_TOKEN error
03/02/21 01:20:42 746349600  1614619242
use pt_key

real	0m0.538s
user	0m0.109s
sys	0m0.094s
03/02/21 01:20:43 414174700  1614619243 token: AAFgPSJrADBXqsC43YVnyCqkqTr43Lu4I8b0j1b0tW8hBsP9Yw6AMoJpkJPSCXwwvuZ2f4j2jKU
parse error: Invalid numeric literal at line 1, column 10

real	0m0.516s
user	0m0.078s
sys	0m0.109s
03/02/21 01:20:44 030717800  1614619244 secretPin: 
[WARN] get secretPin error

03/02/21 01:20:44 175557000  1614619244 肥鹅签到滴露旗舰店

real	0m0.546s
user	0m0.016s
sys	0m0.078s
parse error: Invalid numeric literal at line 1, column 10
parse error: Invalid numeric literal at line 1, column 10
parse error: Invalid numeric literal at line 1, column 10
parse error: Invalid numeric literal at line 1, column 10
parse error: Invalid numeric literal at line 1, column 10
03/02/21 01:20:46 230921600 1614619246

real	0m3.424s
user	0m0.000s
sys	0m0.047s

real	0m0.430s
user	0m0.016s
sys	0m0.078s
[WARN] get LZ_TOKEN error
03/02/21 01:20:50 327395700  1614619250
use pt_key

real	0m0.411s
user	0m0.109s
sys	0m0.094s
03/02/21 01:20:50 795401700  1614619250 token: AAFgPSJyADB-IYhlZcYwSbvWOkaZmM6nUgPRdFwjux8w9CMnCG9TSn642FCGF-XvDcWYyc-bnuU
parse error: Invalid numeric literal at line 1, column 10

real	0m0.275s
user	0m0.094s
sys	0m0.172s
03/02/21 01:20:51 106607600  1614619251 secretPin: 
[WARN] get secretPin error

03/02/21 01:20:51 157867500  1614619251 肥鹅签到滴露旗舰店

real	0m0.229s
user	0m0.016s
sys	0m0.094s
parse error: Invalid numeric literal at line 1, column 10
parse error: Invalid numeric literal at line 1, column 10
parse error: Invalid numeric literal at line 1, column 10
parse error: Invalid numeric literal at line 1, column 10
parse error: Invalid numeric literal at line 1, column 10
03/02/21 01:20:52 362121400 1614619252

real	0m3.504s
user	0m0.000s
sys	0m0.031s

real	0m0.237s
user	0m0.031s
sys	0m0.078s
[WARN] get LZ_TOKEN error
03/02/21 01:20:56 220779200  1614619256
use pt_key

real	0m0.270s
user	0m0.047s
sys	0m0.156s
03/02/21 01:20:56 537315000  1614619256 token: AAFgPSJ4ADCkdmrjn6DVN472giBdsL8Pt81nL57mqEJDFUtmIL4cqYLb01xUesB520La2Plo2NM
parse error: Invalid numeric literal at line 1, column 10

real	0m0.241s
user	0m0.094s
sys	0m0.141s
03/02/21 01:20:56 817285000  1614619256 secretPin: 
[WARN] get secretPin error

03/02/21 01:20:56 865062500  1614619256 肥鹅签到滴露旗舰店

real	0m0.213s
user	0m0.047s
sys	0m0.109s
parse error: Invalid numeric literal at line 1, column 10
parse error: Invalid numeric literal at line 1, column 10
parse error: Invalid numeric literal at line 1, column 10
parse error: Invalid numeric literal at line 1, column 10
parse error: Invalid numeric literal at line 1, column 10
03/02/21 01:20:57 793755800 1614619257

real	0m3.699s
user	0m0.000s
sys	0m0.063s

real	0m0.303s
user	0m0.016s
sys	0m0.109s
[WARN] get LZ_TOKEN error
03/02/21 01:21:01 938711800  1614619261
use pt_key

real	0m0.324s
user	0m0.141s
sys	0m0.109s
03/02/21 01:21:02 312211300  1614619262 token: AAFgPSJ-ADBg1GM2Jp8GEzHEPwXhV23xm4mZ24nPHebKbOyENmUj4bTVNxb6DH1Gfm4z6AwrhWI
parse error: Invalid numeric literal at line 1, column 10

real	0m0.246s
user	0m0.094s
sys	0m0.094s
03/02/21 01:21:02 588165200  1614619262 secretPin: 
[WARN] get secretPin error

03/02/21 01:21:02 627116700  1614619262 肥鹅签到滴露旗舰店

real	0m0.250s
user	0m0.063s
sys	0m0.078s
parse error: Invalid numeric literal at line 1, column 10
parse error: Invalid numeric literal at line 1, column 10
parse error: Invalid numeric literal at line 1, column 10
parse error: Invalid numeric literal at line 1, column 10
parse error: Invalid numeric literal at line 1, column 10
03/02/21 01:21:03 682408400 1614619263

real	0m3.894s
user	0m0.000s
sys	0m0.031s

real	0m0.283s
user	0m0.047s
sys	0m0.078s
[WARN] get LZ_TOKEN error
03/02/21 01:21:07 984329900  1614619267
use pt_key

real	0m0.259s
user	0m0.125s
sys	0m0.109s
03/02/21 01:21:08 280093300  1614619268 token: AAFgPSKEADBfB7yOp9c_nfDeiGpotDqaRLZXkE40GoGkvgwx2F69xrSNYURQSEOvnniPdqVZZJ8
parse error: Invalid numeric literal at line 1, column 10

real	0m0.186s
user	0m0.094s
sys	0m0.156s
03/02/21 01:21:08 491898800  1614619268 secretPin: 
[WARN] get secretPin error

03/02/21 01:21:08 521998200  1614619268 肥鹅签到滴露旗舰店

real	0m0.225s
user	0m0.047s
sys	0m0.063s
parse error: Invalid numeric literal at line 1, column 10
parse error: Invalid numeric literal at line 1, column 10
parse error: Invalid numeric literal at line 1, column 10
parse error: Invalid numeric literal at line 1, column 10
parse error: Invalid numeric literal at line 1, column 10
03/02/21 01:21:09 393300900 1614619269

real	0m4.088s
user	0m0.000s
sys	0m0.031s
03/02/21 01:23:13 552427300  1614619393
parse error: Invalid numeric literal at line 1, column 10
签到是否成功解析失败. 不再写/home/myid/jd/jd_signup/lzkj_sevenDay_vender/shop_1613569736_23

肥鹅签到滴露旗舰店查看结果, 活动规则


#店铺名称
vendername="滴露旗舰店"
#店铺激活码
actId="13126645fcb2477fa1090a94cb7f3ca2"
#店铺id
venderId="206265"
#长链接
url="https://lzkj-isv.isvjcloud.com/sign/sevenDay/signActivity?activityId=13126645fcb2477fa1090a94cb7f3ca2&venderId=206265&adsource=tg_xuanFuTuBiao"

startTime=1612407600
endTime=1614787140
# 活动时间：2021-02-04 11:00 - 2021-03-03 23:59；
# 奖励说明：
actRule="
7天签到
连续签到1天：5元优惠券
连续签到2天：1京豆
连续签到3天：10元优惠券
连续签到4天：1京豆
连续签到5天：20元优惠券
连续签到6天：1京豆
连续签到7天：50元优惠券
"
#王 1309893722-164885 sign_res
sign_num="5"
giftName=""20元优惠券""
giftRes="ok"
giftDate="20210301"
sign_res_info="7天签到 第 5 天
当天签到奖励 ["20元优惠券"]"
#王 1309893722-164885 sign_res_end
#肥鹅 jd_4d651d9e48204 sign_res
sign_num="5"
giftName=""20元优惠券""
giftRes="ok"
giftDate="20210301"
sign_res_info="7天签到 第 5 天
当天签到奖励 ["20元优惠券"]"
#肥鹅 jd_4d651d9e48204 sign_res_end
#赵 122294312-396444 sign_res
sign_num="5"
giftName=""20元优惠券""
giftRes="ok"
giftDate="20210301"
sign_res_info="7天签到 第 5 天
当天签到奖励 ["20元优惠券"]"
#赵 122294312-396444 sign_res_end
#移动 jd_OeTNobRVGiNZ sign_res
sign_num="0"
giftName="null"
giftRes="很抱歉，奖品与您擦肩而过了哟，关注下其他活动吧~"
giftDate="20210302"
sign_res_info="7天签到 第 0 天
当天签到奖励 [null]"
#移动 jd_OeTNobRVGiNZ sign_res_end
