RANDOM_num: 5
lzdz-isv.isvjcloud.com	FALSE	/	FALSE	1617557071	LZ_TOKEN_VALUE	B0oH3vDY2bhHWuKbVaJ+XQ==
lzdz-isv.isvjcloud.com	FALSE	/	FALSE	1617557071	LZ_TOKEN_KEY	lztokenpagebf18aa9f135642d6b65a4dbd63934e10
use pt_key
token: AAFgafP3ADCURMmY95Idc2mDk3SRugcI040RBsHIFvonvnnZaN4uZQcpmylh25Wf4hZ6pk5i3eU
secretPin: 51S2JqsypB/nfj45frYeoU7oeVP9kq2pYSH90mYt4m3fwcJlClpxrfmVYaGKuquQkdK3rLBQpEQH9V4tdrrh0w==

04/05/21 01:14:32 320991200  1617556472
赵签到蒙牛京东自营旗舰店
{
  "result": false,
  "data": "",
  "count": 0,
  "errorMessage": "活动已结束！"
}
"活动已结束！"
签到蒙牛京东自营旗舰店完成

赵签到蒙牛京东自营旗舰店查看结果, 活动规则
{"result":false,"data":"","count":0,"errorMessage":"活动已结束！"}

{
  "result": false,
  "data": "",
  "count": 0,
  "errorMessage": "活动已结束！"
}
