02/18/21 01:17:11 578098300  1613582231
RANDOM_num: 20
removed '/tmp/tmp.MmQdmgEoXM'
lzkj-isv.isvjcloud.com	FALSE	/	FALSE	1613582831	LZ_TOKEN_VALUE	B0oH3vDY2bhHWuKbVaJ+XQ==
lzkj-isv.isvjcloud.com	FALSE	/	FALSE	1613582831	LZ_TOKEN_KEY	lztokenpagebe1e6ee0ff84425b93542c2507d95229
use pt_key
token: AAFgLU-YADDY0KvXrN0uLhrygMuVsgOolJFpHAI_mWwYkWs2ZB-evZBMMTKCLkNn0-4WEV-iYDI
secretPin: 4YEv+ri88IbQX5lhoqHrzE7oeVP9kq2pYSH90mYt4m3fwcJlClpxrfmVYaGKuquQkdK3rLBQpEQH9V4tdrrh0w==

02/18/21 01:17:12 293346100  1613582232
肥鹅签到ECCO爱步男鞋旗舰店
{
  "gift": null,
  "msg": "",
  "isOk": true,
  "isSend": null,
  "key": null
}
true
签到ECCO爱步男鞋旗舰店完成
02/18/21 01:17:33 073652000  1613582253

***********************************************
2021/02/18_08:00:00  [已~签~到]      
当天签到奖励 null
连续签到 1 天
签到总天数 1
***********************************************

肥鹅签到ECCO爱步男鞋旗舰店查看结果
{"msg":"","giftLog":{},"isOk":true,"signDetail":{"20210218":"y"},"followDays":4,"signRecord":{"nicknameShow":null,"id":"a96d4b04a92d40fe95d86b464ee4d4af","venderId":62866,"actId":"c17c944ffc0e40f1b36b68422e5e73a4","actName":"春节不打烊签到有礼","nick":"4YEv+ri88IbQX5lhoqHrzE7oeVP9kq2pYSH90mYt4m3fwcJlClpxrfmVYaGKuquQkdK3rLBQpEQH9V4tdrrh0w==","phone":"","midUrl":null,"pin":"4YEv+ri88IbQX5lhoqHrzE7oeVP9kq2pYSH90mYt4m3fwcJlClpxrfmVYaGKuquQkdK3rLBQpEQH9V4tdrrh0w==","lastSignDate":20210218,"contiSignNum":1,"totalSignNum":1,"createTime":1613582232000,"updateTime":1613582232000,"remark":null}}

{
  "signDetail": {
    "20210218": "y"
  },
  "contiSignNum": 1,
  "totalSignNum": 1
}

ECCO爱步男鞋旗舰店活动规则
{"msg":"","act":{"id":"c17c944ffc0e40f1b36b68422e5e73a4","jdActivityId":null,"venderId":62866,"actName":"春节不打烊签到有礼","startTime":1612540800000,"endTime":1613663999000,"tplId":"0140","deleted":null,"actUrl":"https://lzkj-isv.isvjcloud.com/sign/signActivity2?activityId=c17c944ffc0e40f1b36b68422e5e73a4&venderId=62866","shortUrl":"3.cn/100-Y7cmv","qrcodeUrl":"https://img10.360buyimg.com/imgzone/jfs/t1/171127/8/5779/3647/601cbda9Ed78f20e7/21cec87451d5797a.png","actRule":"1、活动时间：2021-02-06 00:00 - 2021-02-18 23:59；
2、符合连续签到赠送条件，则有机会赠送连续签到奖品，同时每日签到奖品不赠送；
3、每日签到，有机会赠送[30元优惠券]，优惠券使用时间：2月8日-2月18日；
4、连续签到5天，有机会赠送[100元新品券]，新品券使用时间：2月8日-2月18日；
5、累计签到10天赠价值199元口袋保温杯，截图联系客服领取，限量10件，赠完即止；
6、达到连续签到天数并领取奖品后，签到记录清零，从第1天重新计算；
7、关注店铺后方可参与活动；
8、签到成功后有机会获得奖品，也有可能会与奖品擦肩而过（奖品数量有限，先到先得）；
9、若用户存在刷奖等恶意行为，一经发现将取消抽奖资格（如奖品已经发放，有权追回奖品）；
注：奖品发放形式：
实物奖：
（1）中奖客户信息收集：页面弹屏提示中奖客户提供收货地址、号码和奖项；(超过1小时未填写对应收货信息，视为放弃);
（2）实物奖采取寄送方式发放，获奖用户需在开奖后填写姓名、联系电话、详细地址信息。如因用户原因无法联系上，即奖品作废不再补发，或如用户未填写真实有效的信息或填写收货信息不详，均视为放弃奖品；
虚拟产品奖：
（1）京豆：中奖后系统预计24小时内自动发放至账户；
（2）优惠券：中奖后需手动领取，预计24小时到账；
【活动参与主体资格】
（1）每位自然人用户仅能使用一个京东账号参与活动，微信号、QQ、京东帐号、手机号码等任一信息一致或指向同一用户的，视为同一个用户，则第一个参与本活动的账号参与结果有效，其余账号参与结果均视为无效。
（2）若发现同一位用户使用不同账号重复参与活动，承办方有权取消其获奖资格。
【注意事项】
（1）活动过程中，凡以不正当手段（如作弊领取、恶意套取、刷信誉、虚假交易、扰乱系统、实施网络攻击等）参与本次活动的用户，商家有权终止其参与活动，并取消其获奖资格（如奖品已发放，商家有权追回），如给商家造成损失的，商家将保留向违规用户继续追索的权利。
（2）如遇不可抗力(包括但不限于重大灾害事件、活动受政府机关指令需要停止举办或调整的、活动中存在大面积作弊行为、活动遭受严重网络攻击或因系统故障导致活动中奖名单大批量出错，活动不能正常进行的)，商家有权取消、修改或暂停本活动。
（3）本活动所发放的实物奖不得提现、不得转赠他人、不得为他人付款。
（4）是否中奖以活动发布者后台统计结果为准。
","createTime":1612496297000,"updateTime":1612679644000,"activityType":null,"actTimeStr":"2021-02-06 00:00 至 2021-02-18 23:59","actRange":"all","isFocusShop":"y","giftJson":"{\"gift\":{\"giftInfoId\":\"6900604b524d4024bd72ab23b5ed403e\",\"giftName\":\"30元优惠券\",\"giftNum\":\"30\",\"giftTotal\":\"1000\",\"giftType\":\"1\",\"id\":\"343777555\",\"priceInfo\":\"30.00\",\"shortLink\":\"3.cn/1-00Ok2Ay\",\"type\":0},\"giftConditions\":[{\"dayNum\":\"5\",\"gift\":{\"giftInfoId\":\"f44c8a308a4d4be2ac84cc001d3bfabf\",\"giftName\":\"100元优惠券\",\"giftNum\":\"100\",\"giftTotal\":\"1000\",\"giftType\":\"1\",\"id\":\"346733439\",\"priceInfo\":\"100.00\",\"shortLink\":\"3.cn/100Y-4S4B\",\"type\":0}}],\"hasGiftEveryDay\":\"y\",\"signType\":\"1\"}","wxSignActivityGiftBean":{"hasGiftEveryDay":"y","gift":{"activityId":null,"activityType":null,"venderId":null,"type":0,"name":null,"itemHb":null,"id":"343777555","giftType":"1","giftName":"30元优惠券","giftNum":"30","giftTotal":"1000","giftResidue":null,"priceInfo":"30.00","shortLink":"3.cn/1-00Ok2Ay","orginLink":null,"giftInfoId":"6900604b524d4024bd72ab23b5ed403e","commonAddAwardVO":null},"signType":"1","giftConditions":[{"dayNum":"5","gift":{"activityId":null,"activityType":null,"venderId":null,"type":0,"name":null,"itemHb":null,"id":"346733439","giftType":"1","giftName":"100元优惠券","giftNum":"100","giftTotal":"1000","giftResidue":null,"priceInfo":"100.00","shortLink":"3.cn/100Y-4S4B","orginLink":null,"giftInfoId":"f44c8a308a4d4be2ac84cc001d3bfabf","commonAddAwardVO":null}}]},"isShowItems":"y","showItemIds":"10025449789522,10025710359547,71270349032,34610428950,10024821427764,10024961226177,21472651689,10025293768545,55120139874,10025330043013,10025652182701,10024590540477,72314178123,10025652195142,72314164450,37292042408,10025652206887,71436977365,10025652197733,39383950437","jmWareVOList":null,"status":"ING"},"isOk":true}

{
  "actUrl": "https://lzkj-isv.isvjcloud.com/sign/signActivity2?activityId=c17c944ffc0e40f1b36b68422e5e73a4&venderId=62866",
  "shortUrl": "3.cn/100-Y7cmv",
  "actRule": "1、活动时间：2021-02-06 00:00 - 2021-02-18 23:59；\n2、符合连续签到赠送条件，则有机会赠送连续签到奖品，同时每日签到奖品不赠送；\n3、每日签到，有机会赠送[30元优惠券]，优惠券使用时间：2月8日-2月18日；\n4、连续签到5天，有机会赠送[100元新品券]，新品券使用时间：2月8日-2月18日；\n5、累计签到10天赠价值199元口袋保温杯，截图联系客服领取，限量10件，赠完即止；\n6、达到连续签到天数并领取奖品后，签到记录清零，从第1天重新计算；\n7、关注店铺后方可参与活动；\n8、签到成功后有机会获得奖品，也有可能会与奖品擦肩而过（奖品数量有限，先到先得）；\n9、若用户存在刷奖等恶意行为，一经发现将取消抽奖资格（如奖品已经发放，有权追回奖品）；\n注：奖品发放形式：\n实物奖：\n（1）中奖客户信息收集：页面弹屏提示中奖客户提供收货地址、号码和奖项；(超过1小时未填写对应收货信息，视为放弃);\n（2）实物奖采取寄送方式发放，获奖用户需在开奖后填写姓名、联系电话、详细地址信息。如因用户原因无法联系上，即奖品作废不再补发，或如用户未填写真实有效的信息或填写收货信息不详，均视为放弃奖品；\n虚拟产品奖：\n（1）京豆：中奖后系统预计24小时内自动发放至账户；\n（2）优惠券：中奖后需手动领取，预计24小时到账；\n【活动参与主体资格】\n（1）每位自然人用户仅能使用一个京东账号参与活动，微信号、QQ、京东帐号、手机号码等任一信息一致或指向同一用户的，视为同一个用户，则第一个参与本活动的账号参与结果有效，其余账号参与结果均视为无效。\n（2）若发现同一位用户使用不同账号重复参与活动，承办方有权取消其获奖资格。\n【注意事项】\n（1）活动过程中，凡以不正当手段（如作弊领取、恶意套取、刷信誉、虚假交易、扰乱系统、实施网络攻击等）参与本次活动的用户，商家有权终止其参与活动，并取消其获奖资格（如奖品已发放，商家有权追回），如给商家造成损失的，商家将保留向违规用户继续追索的权利。\n（2）如遇不可抗力(包括但不限于重大灾害事件、活动受政府机关指令需要停止举办或调整的、活动中存在大面积作弊行为、活动遭受严重网络攻击或因系统故障导致活动中奖名单大批量出错，活动不能正常进行的)，商家有权取消、修改或暂停本活动。\n（3）本活动所发放的实物奖不得提现、不得转赠他人、不得为他人付款。\n（4）是否中奖以活动发布者后台统计结果为准。\n"
}
actId=c17c944ffc0e40f1b36b68422e5e73a4
venderId=62866
startTime=1612540800000
endTime=1613663999000
# 短链接
suo_url="https://3.cn/100-Y7cmv"
actTimeStr="2021-02-06 00:00 至 2021-02-18 23:59"
#店铺名称
vendername="ECCO爱步男鞋旗舰店"
# 长链接
url=https://lzkj-isv.isvjcloud.com/sign/signActivity2?activityId=c17c944ffc0e40f1b36b68422e5e73a4&venderId=62866&adsource=tg_xuanFuTuBiao
# 活动时间：2021.02.06 00:00:00 - 2021.02.18 23:59:59
# 奖励说明：
actRule="
连续签到5天：100元优惠券
"
#移动 jd_OeTNobRVGiNZ sign_res
sign_res="
signTime=1613520000;signed=2"
sign_num="1"
sign_total_num="1"
giftName="null"
giftRes="ok"
giftDate="20210217"
sign_res_info="
2021/02/17_08:00:00  [已~签~到]      
当天签到奖励 null
连续签到 1 天
签到总天数 1"
#移动 jd_OeTNobRVGiNZ sign_res_end
#赵 122294312-396444 sign_res
sign_res="
signTime=1613606400;signed=2"
sign_num="1"
sign_total_num="1"
giftName="null"
giftRes="ok"
giftDate="20210218"
sign_res_info="
2021/02/18_08:00:00  [已~签~到]      
当天签到奖励 null
连续签到 1 天
签到总天数 1"
#赵 122294312-396444 sign_res_end
#王 1309893722-164885 sign_res
sign_res="
signTime=1613606400;signed=2"
sign_num="1"
sign_total_num="1"
giftName="null"
giftRes="ok"
giftDate="20210218"
sign_res_info="
2021/02/18_08:00:00  [已~签~到]      
当天签到奖励 null
连续签到 1 天
签到总天数 1"
#王 1309893722-164885 sign_res_end
#肥鹅 jd_4d651d9e48204 sign_res
sign_res="
signTime=1613606400;signed=2"
sign_num="1"
sign_total_num="1"
giftName="null"
giftRes="ok"
giftDate="20210218"
sign_res_info="
2021/02/18_08:00:00  [已~签~到]      
当天签到奖励 null
连续签到 1 天
签到总天数 1"
#肥鹅 jd_4d651d9e48204 sign_res_end
