02/27/21 01:17:29 584219000  1614359849
RANDOM_num: 40
removed '/tmp/tmp.j7h60ZUffn'
02/27/21 01:17:30 513896600  1614359850 检查肥鹅签到

real	0m0.657s
user	0m0.000s
sys	0m0.109s
[WARN] get LZ_TOKEN error
02/27/21 01:17:32 511858900  1614359852
use pt_key

real	0m0.787s
user	0m0.109s
sys	0m0.094s
02/27/21 01:17:33 443158000  1614359853 token: AAFgOS0tADBRFkZZgmMq93QrwEu8VipZzFfkf5ix0J8PgVc0QoykHjt8aZxCegPhJ8tlHlzMMog
parse error: Invalid numeric literal at line 1, column 10

real	0m0.920s
user	0m0.094s
sys	0m0.109s
02/27/21 01:17:34 630006300  1614359854 secretPin: 
[WARN] get secretPin error

02/27/21 01:17:34 840648900  1614359854 肥鹅签到Kendall康度京东自营专区

real	0m0.556s
user	0m0.016s
sys	0m0.078s
parse error: Invalid numeric literal at line 1, column 10
parse error: Invalid numeric literal at line 1, column 10
parse error: Invalid numeric literal at line 1, column 10
parse error: Invalid numeric literal at line 1, column 10
02/27/21 01:17:37 400912000 1614359857

real	0m0.847s
user	0m0.000s
sys	0m0.031s

real	0m1.105s
user	0m0.000s
sys	0m0.094s
[WARN] get LZ_TOKEN error
02/27/21 01:17:39 801435300  1614359859
use pt_key

real	0m0.908s
user	0m0.109s
sys	0m0.063s
02/27/21 01:17:41 063594500  1614359861 token: AAFgOS00ADCWmDuclumXGoAvou0LXu4uZALQ56_jukwwcIl974GHds_tivgBcWANlWhDMdSS8fM
parse error: Invalid numeric literal at line 1, column 10

real	0m1.070s
user	0m0.109s
sys	0m0.172s
02/27/21 01:17:42 465820200  1614359862 secretPin: 
[WARN] get secretPin error

02/27/21 01:17:42 668633600  1614359862 肥鹅签到Kendall康度京东自营专区

real	0m1.101s
user	0m0.047s
sys	0m0.094s
parse error: Invalid numeric literal at line 1, column 10
parse error: Invalid numeric literal at line 1, column 10
parse error: Invalid numeric literal at line 1, column 10
parse error: Invalid numeric literal at line 1, column 10
02/27/21 01:17:47 038650300 1614359867

real	0m1.236s
user	0m0.000s
sys	0m0.031s

real	0m1.177s
user	0m0.031s
sys	0m0.094s
[WARN] get LZ_TOKEN error
02/27/21 01:17:50 191813400  1614359870
use pt_key

real	0m0.910s
user	0m0.109s
sys	0m0.125s
02/27/21 01:17:51 346574000  1614359871 token: AAFgOS0-ADDMtHe2hfFwsNm3fbhqfwwGB4w2QtMqS5Cl2LiIG2HVghYbWgTHTwltAa2FbNTR9Eg
parse error: Invalid numeric literal at line 1, column 10

real	0m0.974s
user	0m0.047s
sys	0m0.125s
02/27/21 01:17:52 464677900  1614359872 secretPin: 
[WARN] get secretPin error

02/27/21 01:17:52 750613000  1614359872 肥鹅签到Kendall康度京东自营专区

real	0m0.605s
user	0m0.047s
sys	0m0.078s
parse error: Invalid numeric literal at line 1, column 10
parse error: Invalid numeric literal at line 1, column 10
parse error: Invalid numeric literal at line 1, column 10
parse error: Invalid numeric literal at line 1, column 10
02/27/21 01:17:57 204613900 1614359877

real	0m1.734s
user	0m0.000s
sys	0m0.016s

real	0m1.162s
user	0m0.031s
sys	0m0.063s
[WARN] get LZ_TOKEN error
02/27/21 01:18:00 839751500  1614359880
use pt_key

real	0m1.603s
user	0m0.125s
sys	0m0.125s
02/27/21 01:18:02 891455700  1614359882 token: AAFgOS1KADCpIMsVc7LVF-Y9UcXh2gBhoyRZx9dk9m4eXKTHUQse68ZA3ohpnoylBTsUme086PU
parse error: Invalid numeric literal at line 1, column 10

real	0m1.308s
user	0m0.094s
sys	0m0.109s
02/27/21 01:18:04 413151700  1614359884 secretPin: 
[WARN] get secretPin error

02/27/21 01:18:04 785493600  1614359884 肥鹅签到Kendall康度京东自营专区

real	0m1.263s
user	0m0.063s
sys	0m0.094s
parse error: Invalid numeric literal at line 1, column 10
parse error: Invalid numeric literal at line 1, column 10
parse error: Invalid numeric literal at line 1, column 10
parse error: Invalid numeric literal at line 1, column 10
02/27/21 01:18:09 690348400 1614359889

real	0m2.051s
user	0m0.000s
sys	0m0.047s

real	0m1.469s
user	0m0.000s
sys	0m0.109s
[WARN] get LZ_TOKEN error
02/27/21 01:18:14 300156400  1614359894
use pt_key

real	0m1.697s
user	0m0.094s
sys	0m0.141s
02/27/21 01:18:16 273836900  1614359896 token: AAFgOS1XADBc_tFJLj9ErAslFE9pQXtJucx_f7Zq0nIsiiMjmCPsOnT2DTXzYogYwbp8gYNErjA
parse error: Invalid numeric literal at line 1, column 10

real	0m1.361s
user	0m0.078s
sys	0m0.109s
02/27/21 01:18:18 207276500  1614359898 secretPin: 
[WARN] get secretPin error

02/27/21 01:18:18 890115300  1614359898 肥鹅签到Kendall康度京东自营专区

real	0m1.572s
user	0m0.031s
sys	0m0.109s
parse error: Invalid numeric literal at line 1, column 10
parse error: Invalid numeric literal at line 1, column 10
parse error: Invalid numeric literal at line 1, column 10
parse error: Invalid numeric literal at line 1, column 10
02/27/21 01:18:26 068973000 1614359906

real	0m2.324s
user	0m0.000s
sys	0m0.047s

real	0m1.573s
user	0m0.078s
sys	0m0.031s
[WARN] get LZ_TOKEN error
02/27/21 01:18:31 187581500  1614359911
use pt_key

real	0m2.142s
user	0m0.109s
sys	0m0.125s
02/27/21 01:18:33 802332300  1614359913 token: AAFgOS1pADBlkKw55sMyyaWMOydtwpuulu1xzRUsf2I8Jm21GdSRVH6ChmUToau2As4SH73Rvrs
parse error: Invalid numeric literal at line 1, column 10

real	0m2.692s
user	0m0.109s
sys	0m0.109s
02/27/21 01:18:36 948689600  1614359916 secretPin: 
[WARN] get secretPin error

02/27/21 01:18:37 351857000  1614359917 肥鹅签到Kendall康度京东自营专区

real	0m1.818s
user	0m0.016s
sys	0m0.109s
parse error: Invalid numeric literal at line 1, column 10
parse error: Invalid numeric literal at line 1, column 10
parse error: Invalid numeric literal at line 1, column 10
parse error: Invalid numeric literal at line 1, column 10
02/27/21 01:18:43 178515100 1614359923

real	0m2.774s
user	0m0.000s
sys	0m0.031s

real	0m1.835s
user	0m0.031s
sys	0m0.063s
[WARN] get LZ_TOKEN error
02/27/21 01:18:48 994072300  1614359928
use pt_key

real	0m1.998s
user	0m0.094s
sys	0m0.094s
02/27/21 01:18:51 894173500  1614359931 token: AAFgOS16ADDTDVbEeJuUOjzGwwROpJtDylHApZvSkaJr-EkEgpxXBzLIT-3Q7QiIRoxNshePbks
parse error: Invalid numeric literal at line 1, column 10

real	0m1.719s
user	0m0.156s
sys	0m0.094s
02/27/21 01:18:55 306148300  1614359935 secretPin: 
[WARN] get secretPin error

02/27/21 01:18:55 982688800  1614359935 肥鹅签到Kendall康度京东自营专区

real	0m1.653s
user	0m0.094s
sys	0m0.078s
parse error: Invalid numeric literal at line 1, column 10
parse error: Invalid numeric literal at line 1, column 10
parse error: Invalid numeric literal at line 1, column 10
parse error: Invalid numeric literal at line 1, column 10
02/27/21 01:19:02 307208000 1614359942

real	0m3.174s
user	0m0.000s
sys	0m0.063s

real	0m1.821s
user	0m0.031s
sys	0m0.125s
[WARN] get LZ_TOKEN error
02/27/21 01:19:08 211583800  1614359948
use pt_key

real	0m1.940s
user	0m0.094s
sys	0m0.094s
02/27/21 01:19:10 510537200  1614359950 token: AAFgOS2NADD1kuKMrMRE9wUs-_wYi-oC52hTFnSwqQ0hM8xgT5sI4U_IE-1XNmpkp9f8zONgQQM
parse error: Invalid numeric literal at line 1, column 10

real	0m2.597s
user	0m0.125s
sys	0m0.141s
02/27/21 01:19:13 546156900  1614359953 secretPin: 
[WARN] get secretPin error

02/27/21 01:19:13 951348600  1614359953 肥鹅签到Kendall康度京东自营专区

real	0m2.060s
user	0m0.031s
sys	0m0.156s
parse error: Invalid numeric literal at line 1, column 10
parse error: Invalid numeric literal at line 1, column 10
parse error: Invalid numeric literal at line 1, column 10
parse error: Invalid numeric literal at line 1, column 10
02/27/21 01:19:20 928546200 1614359960

real	0m2.915s
user	0m0.000s
sys	0m0.063s

real	0m2.338s
user	0m0.031s
sys	0m0.109s
[WARN] get LZ_TOKEN error
02/27/21 01:19:27 707708500  1614359967
use pt_key

real	0m2.373s
user	0m0.109s
sys	0m0.172s
02/27/21 01:19:30 559036000  1614359970 token: AAFgOS2hADCO_9eKT2zfMQCvX-kqNAJRFqG9whOKJYtH1ZZAjq1duScwnggwXTgI1k9_mkO8m44
parse error: Invalid numeric literal at line 1, column 10

real	0m2.422s
user	0m0.078s
sys	0m0.125s
02/27/21 01:19:33 373465900  1614359973 secretPin: 
[WARN] get secretPin error

02/27/21 01:19:33 860001900  1614359973 肥鹅签到Kendall康度京东自营专区

real	0m1.567s
user	0m0.031s
sys	0m0.078s
parse error: Invalid numeric literal at line 1, column 10
parse error: Invalid numeric literal at line 1, column 10
parse error: Invalid numeric literal at line 1, column 10
parse error: Invalid numeric literal at line 1, column 10
02/27/21 01:19:41 394698600 1614359981

real	0m3.739s
user	0m0.000s
sys	0m0.047s

real	0m2.120s
user	0m0.031s
sys	0m0.109s
[WARN] get LZ_TOKEN error
02/27/21 01:19:49 403183300  1614359989
use pt_key

real	0m2.245s
user	0m0.141s
sys	0m0.109s
02/27/21 01:19:52 054904900  1614359992 token: AAFgOS23ADCPdqMxJmxesvXqv1nauVSssGSYB5Yb68xXOUckkdoFMC4yLwiaFehRg8Z-2t7aUFg
parse error: Invalid numeric literal at line 1, column 10

real	0m1.514s
user	0m0.125s
sys	0m0.109s
02/27/21 01:19:54 710626600  1614359994 secretPin: 
[WARN] get secretPin error

02/27/21 01:19:55 639079100  1614359995 肥鹅签到Kendall康度京东自营专区

real	0m2.674s
user	0m0.031s
sys	0m0.063s
parse error: Invalid numeric literal at line 1, column 10
parse error: Invalid numeric literal at line 1, column 10
parse error: Invalid numeric literal at line 1, column 10
parse error: Invalid numeric literal at line 1, column 10
02/27/21 01:20:03 181125900 1614360003

real	0m3.073s
user	0m0.000s
sys	0m0.063s

real	0m1.439s
user	0m0.031s
sys	0m0.078s
[WARN] get LZ_TOKEN error
02/27/21 01:20:10 054270200  1614360010
use pt_key

real	0m2.125s
user	0m0.172s
sys	0m0.125s
02/27/21 01:20:12 694704200  1614360012 token: AAFgOS3LADDOMd2eazSFPOnS3fZYBGfCy69KuH_nDgxTtf9__uNtdWnHDI7Pa01t0Jn80PLEqyk
parse error: Invalid numeric literal at line 1, column 10

real	0m2.710s
user	0m0.125s
sys	0m0.125s
02/27/21 01:20:15 763925900  1614360015 secretPin: 
[WARN] get secretPin error

02/27/21 01:20:16 260502100  1614360016 肥鹅签到Kendall康度京东自营专区

real	0m1.673s
user	0m0.063s
sys	0m0.094s
parse error: Invalid numeric literal at line 1, column 10
parse error: Invalid numeric literal at line 1, column 10
parse error: Invalid numeric literal at line 1, column 10
parse error: Invalid numeric literal at line 1, column 10
02/27/21 01:20:22 390268900 1614360022

real	0m3.830s
user	0m0.000s
sys	0m0.031s

real	0m2.992s
user	0m0.047s
sys	0m0.063s
[WARN] get LZ_TOKEN error
02/27/21 01:20:31 190311700  1614360031
use pt_key

real	0m1.752s
user	0m0.094s
sys	0m0.156s
02/27/21 01:20:33 173261100  1614360033 token: AAFgOS3gADDlYu1yJUkvQ_0XNXdyXqCRp6HL6WkZbkwzrODYFn6GjtfDVyn1zY49rocj-3i6X5g
parse error: Invalid numeric literal at line 1, column 10

real	0m0.974s
user	0m0.125s
sys	0m0.109s
02/27/21 01:20:34 632667600  1614360034 secretPin: 
[WARN] get secretPin error

02/27/21 01:20:34 761234800  1614360034 肥鹅签到Kendall康度京东自营专区

real	0m0.873s
user	0m0.047s
sys	0m0.094s
parse error: Invalid numeric literal at line 1, column 10
parse error: Invalid numeric literal at line 1, column 10
parse error: Invalid numeric literal at line 1, column 10
parse error: Invalid numeric literal at line 1, column 10
02/27/21 01:20:40 418795300 1614360040

real	0m3.525s
user	0m0.000s
sys	0m0.078s

real	0m1.565s
user	0m0.047s
sys	0m0.047s
[WARN] get LZ_TOKEN error
02/27/21 01:20:47 096078100  1614360047
use pt_key

real	0m2.030s
user	0m0.094s
sys	0m0.109s
02/27/21 01:20:49 504754300  1614360049 token: AAFgOS3wADDaCm4LsySnjgpZUmxXbMav7Nh8VPOheqboXVbL2dmecXzSPlEp4iGAV6vOa0uqocs
parse error: Invalid numeric literal at line 1, column 10

real	0m1.501s
user	0m0.063s
sys	0m0.141s
02/27/21 01:20:51 270407600  1614360051 secretPin: 
[WARN] get secretPin error

02/27/21 01:20:51 570568500  1614360051 肥鹅签到Kendall康度京东自营专区

real	0m1.316s
user	0m0.047s
sys	0m0.094s
parse error: Invalid numeric literal at line 1, column 10
parse error: Invalid numeric literal at line 1, column 10
parse error: Invalid numeric literal at line 1, column 10
parse error: Invalid numeric literal at line 1, column 10
02/27/21 01:20:57 253655800 1614360057

real	0m4.139s
user	0m0.000s
sys	0m0.031s

real	0m0.628s
user	0m0.000s
sys	0m0.063s
[WARN] get LZ_TOKEN error
02/27/21 01:21:02 959380100  1614360062
use pt_key

real	0m2.065s
user	0m0.094s
sys	0m0.156s
02/27/21 01:21:05 515437600  1614360065 token: AAFgOS4BADCT8mPl9csHSDvlmTW80l8DNyHUKaoB2H3AQKMl9GYhGuG0atJ8oTmrog5Y_RHgX5E
parse error: Invalid numeric literal at line 1, column 10

real	0m1.541s
user	0m0.156s
sys	0m0.094s
02/27/21 01:21:07 393548200  1614360067 secretPin: 
[WARN] get secretPin error

02/27/21 01:21:07 691892900  1614360067 肥鹅签到Kendall康度京东自营专区

real	0m1.602s
user	0m0.016s
sys	0m0.094s
parse error: Invalid numeric literal at line 1, column 10
parse error: Invalid numeric literal at line 1, column 10
parse error: Invalid numeric literal at line 1, column 10
parse error: Invalid numeric literal at line 1, column 10
02/27/21 01:21:13 452870900 1614360073

real	0m3.696s
user	0m0.000s
sys	0m0.063s

real	0m0.894s
user	0m0.063s
sys	0m0.063s
[WARN] get LZ_TOKEN error
02/27/21 01:21:18 651360200  1614360078
use pt_key

real	0m0.902s
user	0m0.078s
sys	0m0.109s
02/27/21 01:21:19 820105200  1614360079 token: AAFgOS4PADD5EhWLg-mQcC3IqOvklU58kNi1IDq9NsH0R1ikWA_Zch2LWaBRB3kKORT4_yGFotc
parse error: Invalid numeric literal at line 1, column 10

real	0m1.143s
user	0m0.063s
sys	0m0.094s
02/27/21 01:21:21 311050800  1614360081 secretPin: 
[WARN] get secretPin error

02/27/21 01:21:21 662329400  1614360081 肥鹅签到Kendall康度京东自营专区

real	0m1.207s
user	0m0.047s
sys	0m0.047s
parse error: Invalid numeric literal at line 1, column 10
parse error: Invalid numeric literal at line 1, column 10
parse error: Invalid numeric literal at line 1, column 10
parse error: Invalid numeric literal at line 1, column 10
02/27/21 01:21:26 800193500 1614360086

real	0m3.655s
user	0m0.000s
sys	0m0.047s

real	0m1.088s
user	0m0.016s
sys	0m0.125s
[WARN] get LZ_TOKEN error
02/27/21 01:21:32 312956700  1614360092
use pt_key

real	0m1.055s
user	0m0.141s
sys	0m0.141s
02/27/21 01:21:33 674054400  1614360093 token: AAFgOS4dADDab_eg8pU2X1M9k-si9BZUxP_g9XOuIbxvrfaq-Gia4JfRYVtOTYlB_RAAqBlFYLg
parse error: Invalid numeric literal at line 1, column 10

real	0m1.102s
user	0m0.094s
sys	0m0.078s
02/27/21 01:21:35 051420000  1614360095 secretPin: 
[WARN] get secretPin error

02/27/21 01:21:35 319856600  1614360095 肥鹅签到Kendall康度京东自营专区

real	0m1.350s
user	0m0.000s
sys	0m0.109s
parse error: Invalid numeric literal at line 1, column 10
parse error: Invalid numeric literal at line 1, column 10
parse error: Invalid numeric literal at line 1, column 10
parse error: Invalid numeric literal at line 1, column 10
02/27/21 01:21:39 713522600 1614360099

real	0m4.164s
user	0m0.016s
sys	0m0.016s

real	0m1.105s
user	0m0.000s
sys	0m0.109s
[WARN] get LZ_TOKEN error
02/27/21 01:21:45 953396600  1614360105
use pt_key

real	0m1.393s
user	0m0.141s
sys	0m0.078s
02/27/21 01:21:47 603329700  1614360107 token: AAFgOS4rADD8UjWOzQRaciV-PZC4TZzGtYsiv6Pnwg7-blnYW8PTk9M3WqC7IXKNqXo4MK2t7bk
parse error: Invalid numeric literal at line 1, column 10

real	0m1.022s
user	0m0.141s
sys	0m0.078s
02/27/21 01:21:48 842233900  1614360108 secretPin: 
[WARN] get secretPin error

02/27/21 01:21:49 150474600  1614360109 肥鹅签到Kendall康度京东自营专区

real	0m1.051s
user	0m0.031s
sys	0m0.094s
parse error: Invalid numeric literal at line 1, column 10
parse error: Invalid numeric literal at line 1, column 10
parse error: Invalid numeric literal at line 1, column 10
parse error: Invalid numeric literal at line 1, column 10
02/27/21 01:21:53 069609400 1614360113

real	0m5.093s
user	0m0.000s
sys	0m0.031s

real	0m1.109s
user	0m0.031s
sys	0m0.141s
[WARN] get LZ_TOKEN error
02/27/21 01:21:59 670996000  1614360119
use pt_key

real	0m0.986s
user	0m0.078s
sys	0m0.094s
02/27/21 01:22:00 956566000  1614360120 token: AAFgOS44ADC3D0beb1k7yddISg1BZdXSRwjI68AFc_mceDSy1G4ichsu1M-Y80CujqXme_JxkDk
parse error: Invalid numeric literal at line 1, column 10

real	0m1.045s
user	0m0.125s
sys	0m0.063s
02/27/21 01:22:02 169258000  1614360122 secretPin: 
[WARN] get secretPin error

02/27/21 01:22:02 260439300  1614360122 肥鹅签到Kendall康度京东自营专区

real	0m0.691s
user	0m0.047s
sys	0m0.078s
parse error: Invalid numeric literal at line 1, column 10
parse error: Invalid numeric literal at line 1, column 10
parse error: Invalid numeric literal at line 1, column 10
parse error: Invalid numeric literal at line 1, column 10
02/27/21 01:22:05 332965300 1614360125

real	0m4.470s
user	0m0.000s
sys	0m0.000s

real	0m1.080s
user	0m0.063s
sys	0m0.125s
[WARN] get LZ_TOKEN error
02/27/21 01:22:11 402000100  1614360131
use pt_key

real	0m0.650s
user	0m0.141s
sys	0m0.109s
02/27/21 01:22:12 251013200  1614360132 token: AAFgOS5EADA64X6IKSQlGQstvHiw4sNpWCAPWUN3bqCsQ4jYucQYCy270Ol21C_a_-mGc2Dmg24
parse error: Invalid numeric literal at line 1, column 10

real	0m0.611s
user	0m0.125s
sys	0m0.078s
02/27/21 01:22:13 165068400  1614360133 secretPin: 
[WARN] get secretPin error

02/27/21 01:22:13 405295500  1614360133 肥鹅签到Kendall康度京东自营专区

real	0m0.724s
user	0m0.016s
sys	0m0.172s
parse error: Invalid numeric literal at line 1, column 10
parse error: Invalid numeric literal at line 1, column 10
parse error: Invalid numeric literal at line 1, column 10
parse error: Invalid numeric literal at line 1, column 10
02/27/21 01:22:16 004759600 1614360136

real	0m4.535s
user	0m0.000s
sys	0m0.063s

real	0m0.551s
user	0m0.016s
sys	0m0.156s
[WARN] get LZ_TOKEN error
02/27/21 01:22:21 660603400  1614360141
use pt_key

real	0m0.627s
user	0m0.078s
sys	0m0.141s
02/27/21 01:22:22 461191100  1614360142 token: AAFgOS5OADCFnJOEocOLmuVenpfSoaJ-gshipIXTreFUVMw1EgrwLz51xlX5ayWsPQEkkBGBQIg
parse error: Invalid numeric literal at line 1, column 10

real	0m0.432s
user	0m0.125s
sys	0m0.109s
02/27/21 01:22:22 991606400  1614360142 secretPin: 
[WARN] get secretPin error

02/27/21 01:22:23 124863300  1614360143 肥鹅签到Kendall康度京东自营专区

real	0m1.845s
user	0m0.016s
sys	0m0.063s
parse error: Invalid numeric literal at line 1, column 10
parse error: Invalid numeric literal at line 1, column 10
parse error: Invalid numeric literal at line 1, column 10
parse error: Invalid numeric literal at line 1, column 10
02/27/21 01:22:26 542241100 1614360146

real	0m4.665s
user	0m0.016s
sys	0m0.031s
02/27/21 01:23:11 492717200  1614360191
parse error: Invalid numeric literal at line 1, column 10
签到是否成功解析失败. 不再写/home/myid/jd/jd_signup/lzkj_sevenDay_vender/shop_1613703186_83_delay

肥鹅签到Kendall康度京东自营专区查看结果, 活动规则
<!DOCTYPE html>
<html>
 <head> 
  <title>京东</title> 
  <meta charset="utf-8" /> 
  <meta name="apple-mobile-web-app-capable" content="yes" /> 
  <meta name="viewport" content="width=device-width,initial-scale=1,user-scalable=no,maximum-scale=1,viewport-fit=cover" /> 
  <meta name="format-detection" content="telephone=no" /> 
  <meta name="x5-cache" content="enable" /> 
  <link rel="stylesheet" href="https://storage.360buyimg.com/babel/00162638/333378/production/dev/parser.1526555535098.css?t=20180517191236" /> 
  <style> img {
            opacity: 1 !important;
        } </style> 
  <link href="https://storage.360buyimg.com/babel/00170893/348321/production/dev/index.7320a380.css?t=20180802150952" rel="stylesheet" />
 </head> 
 <body style="background:#fff;" id="root"> 
  <div class="errorPage"> 
  </div> 
  <div class="placeholer"> 
  </div> 
  <script src="https://wl.jd.com/unify.min.js"></script> 
  <script type="text/javascript" src="https://storage.360buyimg.com/babel/00170893/348321/production/dev/index.0f8f4dba.js?t=20180802150952"></script> 
 </body>
</html>

#店铺名称
vendername="Kendall康度京东自营专区"
#店铺激活码
actId="cd7a717f17914fda93377be959493730"
#店铺id
venderId="1000103167"
#长链接
url="https://lzkj-isv.isvjcloud.com/sign/sevenDay/signActivity?activityId=cd7a717f17914fda93377be959493730&venderId=1000103167&adsource=tg_xuanFuTuBiao"

startTime=1612341120
endTime=1614933120
# 活动时间：2021-02-03 16:32 - 2021-03-05 16:32；
# 奖励说明：
actRule="
7天签到
连续签到1天：20店铺积分
连续签到2天：50店铺积分
连续签到3天：50店铺积分
连续签到4天：50店铺积分
连续签到5天：50店铺积分
连续签到6天：2京豆
连续签到7天：5京豆
"
#赵 122294312-396444 sign_res
sign_num="0"
giftName="null"
giftRes="ok"
giftDate="20210226"
sign_res_info="7天签到 第 0 天
当天签到奖励 [null]"
#赵 122294312-396444 sign_res_end
#王 1309893722-164885 sign_res
sign_num="0"
giftName="null"
giftRes="ok"
giftDate="20210226"
sign_res_info="7天签到 第 0 天
当天签到奖励 [null]"
#王 1309893722-164885 sign_res_end
#肥鹅 jd_4d651d9e48204 sign_res
sign_num="0"
giftName="null"
giftRes="ok"
giftDate="20210226"
sign_res_info="7天签到 第 0 天
当天签到奖励 [null]"
#肥鹅 jd_4d651d9e48204 sign_res_end
#移动 jd_OeTNobRVGiNZ sign_res
sign_num="0"
giftName="null"
giftRes="ok"
giftDate="20210226"
sign_res_info="7天签到 第 0 天
当天签到奖励 [null]"
#移动 jd_OeTNobRVGiNZ sign_res_end
