02/27/21 01:13:09 863003500  1614359589
RANDOM_num: 25
removed '/tmp/tmp.vUMvXymuGA'
02/27/21 01:13:09 962517400  1614359589 检查jd_4d651d9e48204签到
removed '/tmp/tmp.RP9osk7zm1'
02/27/21 01:13:10 050402900  1614359590 检查jd_OeTNobRVGiNZ签到

02/27/21 01:13:10 102383000  1614359590 肥鹅签到新贵京东自营旗舰店

real	0m0.138s
user	0m0.016s
sys	0m0.063s
{"code":200,"data":[],"class":"com.jd.interact.center.client.api.common.param.Results","success":true}

02/27/21 01:13:10 321766900  1614359590 移动签到新贵京东自营旗舰店

real	0m0.137s
user	0m0.016s
sys	0m0.063s
{"code":200,"data":[],"class":"com.jd.interact.center.client.api.common.param.Results","success":true}
02/27/21 01:13:10 555830500 1614359590
02/27/21 01:13:10 570208600 1614359590 签到新贵京东自营旗舰店完成

02/27/21 01:13:35 619297500  1614359615
肥鹅签到新贵京东自营旗舰店查看结果
200
首次签到成功. 写入giftName: 

***********************************************
2021/02/20_00:00:00  2    未签到
2021/02/21_01:16:30  2    [已~签~到]
2021/02/22_01:09:59  2    [已~签~到]
2021/02/23_01:10:38  2    [已~签~到]
2021/02/24_00:00:00  2    [已~签~到]
2021/02/25_00:00:02  2    [已~签~到]
2021/02/26_01:12:13  2    [已~签~到]
2021/02/27_01:13:10  1    [已~签~到]
2021/02/28_00:00:00  3    未签到
2021/03/01_00:00:00  3    未签到
当天签到奖励 []
已签到 7 天
***********************************************

移动签到新贵京东自营旗舰店查看结果
200
首次签到成功. 写入giftName: 

***********************************************
2021/02/20_22:18:09  2    [已~签~到]
2021/02/21_01:16:30  2    [已~签~到]
2021/02/22_01:10:00  2    [已~签~到]
2021/02/23_01:10:38  2    [已~签~到]
2021/02/24_00:00:02  2    [已~签~到]
2021/02/25_00:00:04  2    [已~签~到]
2021/02/26_01:12:14  2    [已~签~到]
2021/02/27_01:13:10  1    [已~签~到]
2021/02/28_00:00:00  3    未签到
2021/03/01_00:00:00  3    未签到
当天签到奖励 []
已签到 8 天
***********************************************



肥鹅签到新贵京东自营旗舰店日志
{"code":200,"data":{"signRecords":[{"currentDay":2,"signTime":1613750400000,"signed":1,"class":"com.jd.interact.center.client.api.color.domain.sign.InteractActivityUserActionRecord"},{"currentDay":2,"signTime":1613841390596,"signed":2,"class":"com.jd.interact.center.client.api.color.domain.sign.InteractActivityUserActionRecord"},{"currentDay":2,"signTime":1613927399916,"signed":2,"class":"com.jd.interact.center.client.api.color.domain.sign.InteractActivityUserActionRecord"},{"currentDay":2,"signTime":1614013838398,"signed":2,"class":"com.jd.interact.center.client.api.color.domain.sign.InteractActivityUserActionRecord"},{"currentDay":2,"signTime":1614096000885,"signed":2,"class":"com.jd.interact.center.client.api.color.domain.sign.InteractActivityUserActionRecord"},{"currentDay":2,"signTime":1614182402367,"signed":2,"class":"com.jd.interact.center.client.api.color.domain.sign.InteractActivityUserActionRecord"},{"currentDay":2,"signTime":1614273133881,"signed":2,"class":"com.jd.interact.center.client.api.color.domain.sign.InteractActivityUserActionRecord"},{"currentDay":1,"signTime":1614359590230,"signed":2,"class":"com.jd.interact.center.client.api.color.domain.sign.InteractActivityUserActionRecord"},{"currentDay":3,"signTime":1614441600000,"signed":1,"class":"com.jd.interact.center.client.api.color.domain.sign.InteractActivityUserActionRecord"},{"currentDay":3,"signTime":1614528000000,"signed":1,"class":"com.jd.interact.center.client.api.color.domain.sign.InteractActivityUserActionRecord"}],"days":7,"class":"com.jd.interact.center.client.api.color.domain.sign.ShopSignUserRecord"},"class":"com.jd.interact.center.client.api.common.param.Results","success":true}
{
  "contiSignNum": 7
}
移动签到新贵京东自营旗舰店日志
{"code":200,"data":{"signRecords":[{"signTime":1613830689803,"currentDay":2,"signed":2,"class":"com.jd.interact.center.client.api.color.domain.sign.InteractActivityUserActionRecord"},{"signTime":1613841390802,"currentDay":2,"signed":2,"class":"com.jd.interact.center.client.api.color.domain.sign.InteractActivityUserActionRecord"},{"signTime":1613927400539,"currentDay":2,"signed":2,"class":"com.jd.interact.center.client.api.color.domain.sign.InteractActivityUserActionRecord"},{"signTime":1614013838781,"currentDay":2,"signed":2,"class":"com.jd.interact.center.client.api.color.domain.sign.InteractActivityUserActionRecord"},{"signTime":1614096002620,"currentDay":2,"signed":2,"class":"com.jd.interact.center.client.api.color.domain.sign.InteractActivityUserActionRecord"},{"signTime":1614182404808,"currentDay":2,"signed":2,"class":"com.jd.interact.center.client.api.color.domain.sign.InteractActivityUserActionRecord"},{"signTime":1614273134099,"currentDay":2,"signed":2,"class":"com.jd.interact.center.client.api.color.domain.sign.InteractActivityUserActionRecord"},{"signTime":1614359590435,"currentDay":1,"signed":2,"class":"com.jd.interact.center.client.api.color.domain.sign.InteractActivityUserActionRecord"},{"signTime":1614441600000,"currentDay":3,"signed":1,"class":"com.jd.interact.center.client.api.color.domain.sign.InteractActivityUserActionRecord"},{"signTime":1614528000000,"currentDay":3,"signed":1,"class":"com.jd.interact.center.client.api.color.domain.sign.InteractActivityUserActionRecord"}],"days":8,"class":"com.jd.interact.center.client.api.color.domain.sign.ShopSignUserRecord"},"class":"com.jd.interact.center.client.api.common.param.Results","success":true}
{
  "contiSignNum": 8
}
# 短链接
suo_url=""
venderId=1000000365
startTime=1613750400000
endTime=1614614399000
activityId=10271738
token=AFC577CD1825D16CB45679BFA2D2947A
#店铺名称
vendername="新贵京东自营旗舰店"
# 长链接
url=https://h5.m.jd.com/babelDiy/Zeus/2PAAf74aG3D61qvfKUM5dxUssJQ9/index.html?token=AFC577CD1825D16CB45679BFA2D2947A
# 活动时间：2021.02.20 00:00:00 - 2021.03.01 23:59:59
# 奖励说明：
actRule="
每日签到：2京豆
连续签到5天：3京豆
连续签到10天：5京豆
"
#赵 122294312-396444 sign_res
sign_res="
signTime=1613750400;signed=1;currentDay=2
signTime=1613841347;signed=2;currentDay=2
signTime=1613927376;signed=2;currentDay=2
signTime=1614013788;signed=2;currentDay=2
signTime=1614100806;signed=2;currentDay=2
signTime=1614182402;signed=2;currentDay=2
signTime=1614273085;signed=2;currentDay=2
signTime=1614359566;signed=2;currentDay=1
signTime=1614441600;signed=1;currentDay=3
signTime=1614528000;signed=1;currentDay=3"
sign_num="7"
giftName=""
giftRes="ok"
giftDate="20210227"
sign_res_info="
2021/02/20_00:00:00  2    未签到
2021/02/21_01:15:47  2    [已~签~到]
2021/02/22_01:09:36  2    [已~签~到]
2021/02/23_01:09:48  2    [已~签~到]
2021/02/24_01:20:06  2    [已~签~到]
2021/02/25_00:00:02  2    [已~签~到]
2021/02/26_01:11:25  2    [已~签~到]
2021/02/27_01:12:46  1    [已~签~到]
2021/02/28_00:00:00  3    未签到
2021/03/01_00:00:00  3    未签到
当天签到奖励 []
已签到 7 天"
#赵 122294312-396444 sign_res_end
#王 1309893722-164885 sign_res
sign_res="
signTime=1613750400;signed=1;currentDay=2
signTime=1613841347;signed=2;currentDay=2
signTime=1613927377;signed=2;currentDay=2
signTime=1614013788;signed=2;currentDay=2
signTime=1614100806;signed=2;currentDay=2
signTime=1614182405;signed=2;currentDay=2
signTime=1614273085;signed=2;currentDay=2
signTime=1614359566;signed=2;currentDay=1
signTime=1614441600;signed=1;currentDay=3
signTime=1614528000;signed=1;currentDay=3"
sign_num="7"
giftName=""
giftRes="ok"
giftDate="20210227"
sign_res_info="
2021/02/20_00:00:00  2    未签到
2021/02/21_01:15:47  2    [已~签~到]
2021/02/22_01:09:37  2    [已~签~到]
2021/02/23_01:09:48  2    [已~签~到]
2021/02/24_01:20:06  2    [已~签~到]
2021/02/25_00:00:05  2    [已~签~到]
2021/02/26_01:11:25  2    [已~签~到]
2021/02/27_01:12:46  1    [已~签~到]
2021/02/28_00:00:00  3    未签到
2021/03/01_00:00:00  3    未签到
当天签到奖励 []
已签到 7 天"
#王 1309893722-164885 sign_res_end
#肥鹅 jd_4d651d9e48204 sign_res
sign_res="
signTime=1613750400;signed=1;currentDay=2
signTime=1613841390;signed=2;currentDay=2
signTime=1613927399;signed=2;currentDay=2
signTime=1614013838;signed=2;currentDay=2
signTime=1614096000;signed=2;currentDay=2
signTime=1614182402;signed=2;currentDay=2
signTime=1614273133;signed=2;currentDay=2
signTime=1614359590;signed=2;currentDay=1
signTime=1614441600;signed=1;currentDay=3
signTime=1614528000;signed=1;currentDay=3"
sign_num="7"
giftName=""
giftRes="ok"
giftDate="20210227"
sign_res_info="
2021/02/20_00:00:00  2    未签到
2021/02/21_01:16:30  2    [已~签~到]
2021/02/22_01:09:59  2    [已~签~到]
2021/02/23_01:10:38  2    [已~签~到]
2021/02/24_00:00:00  2    [已~签~到]
2021/02/25_00:00:02  2    [已~签~到]
2021/02/26_01:12:13  2    [已~签~到]
2021/02/27_01:13:10  1    [已~签~到]
2021/02/28_00:00:00  3    未签到
2021/03/01_00:00:00  3    未签到
当天签到奖励 []
已签到 7 天"
#肥鹅 jd_4d651d9e48204 sign_res_end
#移动 jd_OeTNobRVGiNZ sign_res
sign_res="
signTime=1613830689;signed=2;currentDay=2
signTime=1613841390;signed=2;currentDay=2
signTime=1613927400;signed=2;currentDay=2
signTime=1614013838;signed=2;currentDay=2
signTime=1614096002;signed=2;currentDay=2
signTime=1614182404;signed=2;currentDay=2
signTime=1614273134;signed=2;currentDay=2
signTime=1614359590;signed=2;currentDay=1
signTime=1614441600;signed=1;currentDay=3
signTime=1614528000;signed=1;currentDay=3"
sign_num="8"
giftName=""
giftRes="ok"
giftDate="20210227"
sign_res_info="
2021/02/20_22:18:09  2    [已~签~到]
2021/02/21_01:16:30  2    [已~签~到]
2021/02/22_01:10:00  2    [已~签~到]
2021/02/23_01:10:38  2    [已~签~到]
2021/02/24_00:00:02  2    [已~签~到]
2021/02/25_00:00:04  2    [已~签~到]
2021/02/26_01:12:14  2    [已~签~到]
2021/02/27_01:13:10  1    [已~签~到]
2021/02/28_00:00:00  3    未签到
2021/03/01_00:00:00  3    未签到
当天签到奖励 []
已签到 8 天"
#移动 jd_OeTNobRVGiNZ sign_res_end
