03/02/21 02:04:04 567212700  1614621844
RANDOM_num: 35
removed '/tmp/tmp.HwLOjSJIYJ'
03/02/21 02:04:04 788076600  1614621844 检查移动签到

real	0m0.214s
user	0m0.016s
sys	0m0.125s
lzkj-isv.isvjcloud.com	FALSE	/	FALSE	1614622445	LZ_TOKEN_VALUE	B0oH3vDY2bhHWuKbVaJ+XQ==
lzkj-isv.isvjcloud.com	FALSE	/	FALSE	1614622445	LZ_TOKEN_KEY	lztokenpaged3fcaa0ca19e4b45b2106a67965f94d6
03/02/21 02:04:05 248710900  1614621845
use wskey

real	0m0.240s
user	0m0.094s
sys	0m0.141s
03/02/21 02:04:05 541023000  1614621845 token: AAFgPSyVADA6vOtDmEfju--b0fKNWbIsIhxNt18Ox8eRMnsCrF-BHhNjAahSuxK7CIgtuE4r_XI
jq: error (at <stdin>:0) (not a string): {"result":false,"data":"400001","count":0,"errorMessage":"活动太火爆，还是去买买买吧"}

real	0m0.404s
user	0m0.094s
sys	0m0.094s
03/02/21 02:04:05 983579300  1614621845 secretPin: 
[WARN] get secretPin error

03/02/21 02:04:06 014680100  1614621846 移动签到安我（AND ALL）健康京东自营旗舰店

real	0m0.230s
user	0m0.047s
sys	0m0.078s
{
  "msg": "很抱歉，奖品与您擦肩而过了哟，关注下其他活动吧~",
  "code": "AUTH.FAILED.VALID",
  "isOk": false
}
03/02/21 02:04:06 851892400 1614621846

real	0m0.283s
user	0m0.000s
sys	0m0.047s

real	0m0.242s
user	0m0.063s
sys	0m0.078s
lzkj-isv.isvjcloud.com	FALSE	/	FALSE	1614622447	LZ_TOKEN_VALUE	B0oH3vDY2bhHWuKbVaJ+XQ==
lzkj-isv.isvjcloud.com	FALSE	/	FALSE	1614622447	LZ_TOKEN_KEY	lztokenpagec309006432054cd9ade52744f5bda37c
03/02/21 02:04:07 468093800  1614621847
use wskey

real	0m0.155s
user	0m0.094s
sys	0m0.094s
03/02/21 02:04:07 642273400  1614621847 token: AAFgPSyXADD1aRvwmeR24_P1HOS_00CvmxDBzsO67Ivjwkq1UE8lzIRjB9eAQpbyE9jPd7eldMQ
jq: error (at <stdin>:0) (not a string): {"result":false,"data":"400001","count":0,"errorMessage":"活动太火爆，还是去买买买吧"}

real	0m0.333s
user	0m0.078s
sys	0m0.125s
03/02/21 02:04:08 008746300  1614621848 secretPin: 
[WARN] get secretPin error

03/02/21 02:04:08 034558700  1614621848 移动签到安我（AND ALL）健康京东自营旗舰店

real	0m0.167s
user	0m0.016s
sys	0m0.063s
{
  "msg": "很抱歉，奖品与您擦肩而过了哟，关注下其他活动吧~",
  "code": "AUTH.FAILED.VALID",
  "isOk": false
}
03/02/21 02:04:08 718752400 1614621848

real	0m0.466s
user	0m0.000s
sys	0m0.031s

real	0m0.302s
user	0m0.031s
sys	0m0.078s
lzkj-isv.isvjcloud.com	FALSE	/	FALSE	1614622449	LZ_TOKEN_VALUE	B0oH3vDY2bhHWuKbVaJ+XQ==
lzkj-isv.isvjcloud.com	FALSE	/	FALSE	1614622449	LZ_TOKEN_KEY	lztokenpagecb0d08fb13de4865a4a1e28303ab3588
03/02/21 02:04:09 595715100  1614621849
use wskey

real	0m0.255s
user	0m0.094s
sys	0m0.141s
03/02/21 02:04:09 884735600  1614621849 token: AAFgPSyZADCGOSRxmSarwzLw0JBvHSBfjluoY23f-rNbYUB-6wNF7G2KD6L-FjW5kam--ildPas
parse error: Invalid numeric literal at line 1, column 10

real	0m0.259s
user	0m0.109s
sys	0m0.063s
03/02/21 02:04:10 186854700  1614621850 secretPin: 
[WARN] get secretPin error

03/02/21 02:04:10 239402400  1614621850 移动签到安我（AND ALL）健康京东自营旗舰店

real	0m0.248s
user	0m0.031s
sys	0m0.094s
parse error: Invalid numeric literal at line 1, column 10
parse error: Invalid numeric literal at line 1, column 10
parse error: Invalid numeric literal at line 1, column 10
parse error: Invalid numeric literal at line 1, column 10
parse error: Invalid numeric literal at line 1, column 10
03/02/21 02:04:11 313180500 1614621851

real	0m0.729s
user	0m0.000s
sys	0m0.000s

real	0m0.223s
user	0m0.047s
sys	0m0.125s
[WARN] get LZ_TOKEN error
03/02/21 02:04:12 346891100  1614621852
use wskey

real	0m0.254s
user	0m0.109s
sys	0m0.141s
03/02/21 02:04:12 640014100  1614621852 token: AAFgPSycADDRCwCA7Aci0v_l99gsHs0vI2kjFnxSZ6p_a7rteV7lGOsML8aK6-x4A-ITiDLszTE
parse error: Invalid numeric literal at line 1, column 10

real	0m0.303s
user	0m0.078s
sys	0m0.125s
03/02/21 02:04:12 983836300  1614621852 secretPin: 
[WARN] get secretPin error

03/02/21 02:04:13 007840500  1614621853 移动签到安我（AND ALL）健康京东自营旗舰店

real	0m0.180s
user	0m0.016s
sys	0m0.109s
parse error: Invalid numeric literal at line 1, column 10
parse error: Invalid numeric literal at line 1, column 10
parse error: Invalid numeric literal at line 1, column 10
parse error: Invalid numeric literal at line 1, column 10
parse error: Invalid numeric literal at line 1, column 10
03/02/21 02:04:13 790938300 1614621853

real	0m0.879s
user	0m0.000s
sys	0m0.016s

real	0m0.170s
user	0m0.031s
sys	0m0.078s
[WARN] get LZ_TOKEN error
03/02/21 02:04:14 916640300  1614621854
use wskey

real	0m0.311s
user	0m0.125s
sys	0m0.094s
03/02/21 02:04:15 293726200  1614621855 token: AAFgPSyfADDYFUFkQoS-xoO8XSt8oRBlYJplQkYISM4Xq-xe8-bIZndWEXJ6cXIfeGYchSfnvKg
parse error: Invalid numeric literal at line 1, column 10

real	0m0.306s
user	0m0.109s
sys	0m0.094s
03/02/21 02:04:15 644936600  1614621855 secretPin: 
[WARN] get secretPin error

03/02/21 02:04:15 695896500  1614621855 移动签到安我（AND ALL）健康京东自营旗舰店

real	0m0.242s
user	0m0.000s
sys	0m0.141s
parse error: Invalid numeric literal at line 1, column 10
parse error: Invalid numeric literal at line 1, column 10
parse error: Invalid numeric literal at line 1, column 10
parse error: Invalid numeric literal at line 1, column 10
parse error: Invalid numeric literal at line 1, column 10
03/02/21 02:04:17 351657800 1614621857

real	0m1.269s
user	0m0.000s
sys	0m0.031s

real	0m0.305s
user	0m0.063s
sys	0m0.125s
[WARN] get LZ_TOKEN error
03/02/21 02:04:19 043660100  1614621859
use wskey

real	0m0.291s
user	0m0.078s
sys	0m0.141s
03/02/21 02:04:19 426750700  1614621859 token: AAFgPSyjADB3AhYqhy92GLyR8-yb2gO1sAvzmBDuSUEWM3KE9GdtnMpqJM81YNPBekg4s_Lbl74
parse error: Invalid numeric literal at line 1, column 10

real	0m0.341s
user	0m0.109s
sys	0m0.094s
03/02/21 02:04:19 891910600  1614621859 secretPin: 
[WARN] get secretPin error

03/02/21 02:04:20 011795100  1614621860 移动签到安我（AND ALL）健康京东自营旗舰店

real	0m0.275s
user	0m0.016s
sys	0m0.078s
parse error: Invalid numeric literal at line 1, column 10
parse error: Invalid numeric literal at line 1, column 10
parse error: Invalid numeric literal at line 1, column 10
parse error: Invalid numeric literal at line 1, column 10
parse error: Invalid numeric literal at line 1, column 10
03/02/21 02:04:21 684176000 1614621861

real	0m1.500s
user	0m0.000s
sys	0m0.016s

real	0m0.796s
user	0m0.031s
sys	0m0.063s
[WARN] get LZ_TOKEN error
03/02/21 02:04:24 334610300  1614621864
use wskey

real	0m0.749s
user	0m0.109s
sys	0m0.125s
03/02/21 02:04:25 195213800  1614621865 token: AAFgPSyoADBGPq1Cxa64lkuCqFcGk2-kgKZu_qrTa2zSWl_7ZED2sayPpMGbGuIQHL7F4C_SPZM
parse error: Invalid numeric literal at line 1, column 10

real	0m0.517s
user	0m0.063s
sys	0m0.141s
03/02/21 02:04:25 895598000  1614621865 secretPin: 
[WARN] get secretPin error

03/02/21 02:04:26 107332700  1614621866 移动签到安我（AND ALL）健康京东自营旗舰店

real	0m0.609s
user	0m0.047s
sys	0m0.047s
parse error: Invalid numeric literal at line 1, column 10
parse error: Invalid numeric literal at line 1, column 10
parse error: Invalid numeric literal at line 1, column 10
parse error: Invalid numeric literal at line 1, column 10
parse error: Invalid numeric literal at line 1, column 10
03/02/21 02:04:28 957670600 1614621868

real	0m2.111s
user	0m0.016s
sys	0m0.031s

real	0m0.523s
user	0m0.016s
sys	0m0.125s
[WARN] get LZ_TOKEN error
03/02/21 02:04:31 978333000  1614621871
use wskey

real	0m0.494s
user	0m0.078s
sys	0m0.063s
03/02/21 02:04:32 663960700  1614621872 token: AAFgPSywADB2EtGVvKunO-2OVwjWLdFMsOwtTJPEOLlO_SSbQZ4wbz6v3KVsa8JJG47nf4qxRH8
parse error: Invalid numeric literal at line 1, column 10

real	0m0.681s
user	0m0.094s
sys	0m0.063s
03/02/21 02:04:33 481649500  1614621873 secretPin: 
[WARN] get secretPin error

03/02/21 02:04:33 574429000  1614621873 移动签到安我（AND ALL）健康京东自营旗舰店

real	0m0.397s
user	0m0.016s
sys	0m0.125s
parse error: Invalid numeric literal at line 1, column 10
parse error: Invalid numeric literal at line 1, column 10
parse error: Invalid numeric literal at line 1, column 10
parse error: Invalid numeric literal at line 1, column 10
parse error: Invalid numeric literal at line 1, column 10
03/02/21 02:04:35 667717100 1614621875

real	0m2.195s
user	0m0.000s
sys	0m0.031s

real	0m0.562s
user	0m0.016s
sys	0m0.109s
[WARN] get LZ_TOKEN error
03/02/21 02:04:38 644336100  1614621878
use wskey

real	0m0.566s
user	0m0.125s
sys	0m0.063s
03/02/21 02:04:39 287206200  1614621879 token: AAFgPSy3ADAdgeqiUq4jDYtc8k60ds9lpAXTExCaEJ4LztYFyzzvFdxTgvGzcG-wp6XgpMT3oOk
parse error: Invalid numeric literal at line 1, column 10

real	0m0.571s
user	0m0.094s
sys	0m0.141s
03/02/21 02:04:39 978370700  1614621879 secretPin: 
[WARN] get secretPin error

03/02/21 02:04:40 143552700  1614621880 移动签到安我（AND ALL）健康京东自营旗舰店

real	0m0.411s
user	0m0.031s
sys	0m0.094s
parse error: Invalid numeric literal at line 1, column 10
parse error: Invalid numeric literal at line 1, column 10
parse error: Invalid numeric literal at line 1, column 10
parse error: Invalid numeric literal at line 1, column 10
parse error: Invalid numeric literal at line 1, column 10
03/02/21 02:04:42 136371800 1614621882

real	0m2.113s
user	0m0.000s
sys	0m0.031s

real	0m0.479s
user	0m0.016s
sys	0m0.094s
[WARN] get LZ_TOKEN error
03/02/21 02:04:45 024213600  1614621885
use wskey

real	0m0.618s
user	0m0.063s
sys	0m0.094s
03/02/21 02:04:45 791686800  1614621885 token: AAFgPSy9ADD4QdeqYbQIh7FLvlrePur74bELAE5UqAumvI44HijZbxd81e79AjDo4vEECU6p5FU
parse error: Invalid numeric literal at line 1, column 10

real	0m0.608s
user	0m0.094s
sys	0m0.109s
03/02/21 02:04:47 361317500  1614621887 secretPin: 
[WARN] get secretPin error

03/02/21 02:04:47 661310200  1614621887 移动签到安我（AND ALL）健康京东自营旗舰店

real	0m0.601s
user	0m0.016s
sys	0m0.109s
parse error: Invalid numeric literal at line 1, column 10
parse error: Invalid numeric literal at line 1, column 10
parse error: Invalid numeric literal at line 1, column 10
parse error: Invalid numeric literal at line 1, column 10
parse error: Invalid numeric literal at line 1, column 10
03/02/21 02:04:50 032938900 1614621890

real	0m2.348s
user	0m0.000s
sys	0m0.000s

real	0m0.548s
user	0m0.031s
sys	0m0.109s
[WARN] get LZ_TOKEN error
03/02/21 02:04:53 254196500  1614621893
use wskey

real	0m0.492s
user	0m0.125s
sys	0m0.047s
03/02/21 02:04:53 917197100  1614621893 token: AAFgPSzFADBJ3WoUd759yKOp9qeKg7OPwrEchPNDcn_h4vcCs04LIQoGPHxv_ZGTY-mzorXCOF4
parse error: Invalid numeric literal at line 1, column 10

real	0m0.636s
user	0m0.094s
sys	0m0.109s
03/02/21 02:04:54 697721700  1614621894 secretPin: 
[WARN] get secretPin error

03/02/21 02:04:54 834475700  1614621894 移动签到安我（AND ALL）健康京东自营旗舰店

real	0m0.488s
user	0m0.047s
sys	0m0.063s
parse error: Invalid numeric literal at line 1, column 10
parse error: Invalid numeric literal at line 1, column 10
parse error: Invalid numeric literal at line 1, column 10
parse error: Invalid numeric literal at line 1, column 10
parse error: Invalid numeric literal at line 1, column 10
03/02/21 02:04:56 756332400 1614621896

real	0m2.526s
user	0m0.000s
sys	0m0.016s

real	0m0.618s
user	0m0.031s
sys	0m0.078s
[WARN] get LZ_TOKEN error
03/02/21 02:05:00 200524500  1614621900
use wskey

real	0m0.457s
user	0m0.078s
sys	0m0.141s
03/02/21 02:05:00 749022000  1614621900 token: AAFgPSzMADBgWhRUJKd8iKztirDJVjlI6F2OmuOxG5B2ROi4njyCGdvqZ-0KYg89JdyY0rubeWk
parse error: Invalid numeric literal at line 1, column 10

real	0m0.648s
user	0m0.109s
sys	0m0.109s
03/02/21 02:05:01 459420000  1614621901 secretPin: 
[WARN] get secretPin error

03/02/21 02:05:01 550800200  1614621901 移动签到安我（AND ALL）健康京东自营旗舰店

real	0m0.381s
user	0m0.016s
sys	0m0.125s
parse error: Invalid numeric literal at line 1, column 10
parse error: Invalid numeric literal at line 1, column 10
parse error: Invalid numeric literal at line 1, column 10
parse error: Invalid numeric literal at line 1, column 10
parse error: Invalid numeric literal at line 1, column 10
03/02/21 02:05:03 300383200 1614621903

real	0m2.628s
user	0m0.000s
sys	0m0.031s

real	0m0.283s
user	0m0.047s
sys	0m0.063s
[WARN] get LZ_TOKEN error
03/02/21 02:05:06 495595300  1614621906
use wskey

real	0m0.450s
user	0m0.078s
sys	0m0.063s
03/02/21 02:05:07 029186500  1614621907 token: AAFgPSzSADC4KmJMclMdLzNYhXNQFZlkaZ6kqiWOi098xj4MeA-rmQsM40hEW_KWSvLA2QJw6ZM
parse error: Invalid numeric literal at line 1, column 10

real	0m0.425s
user	0m0.078s
sys	0m0.109s
03/02/21 02:05:07 573200200  1614621907 secretPin: 
[WARN] get secretPin error

03/02/21 02:05:07 670797700  1614621907 移动签到安我（AND ALL）健康京东自营旗舰店

real	0m0.382s
user	0m0.031s
sys	0m0.078s
parse error: Invalid numeric literal at line 1, column 10
parse error: Invalid numeric literal at line 1, column 10
parse error: Invalid numeric literal at line 1, column 10
parse error: Invalid numeric literal at line 1, column 10
parse error: Invalid numeric literal at line 1, column 10
03/02/21 02:05:09 612422400 1614621909

real	0m2.902s
user	0m0.000s
sys	0m0.047s

real	0m0.377s
user	0m0.047s
sys	0m0.094s
[WARN] get LZ_TOKEN error
03/02/21 02:05:13 108212500  1614621913
use wskey

real	0m0.397s
user	0m0.078s
sys	0m0.125s
03/02/21 02:05:13 565565000  1614621913 token: AAFgPSzZADACcB4zC8WWCQVDt22WFoWqLy3jczaehK2Pw8Vh8UKUm3gX2e9g1mXif_pXk3kywRM
parse error: Invalid numeric literal at line 1, column 10

real	0m0.337s
user	0m0.047s
sys	0m0.141s
03/02/21 02:05:13 968251500  1614621913 secretPin: 
[WARN] get secretPin error

03/02/21 02:05:14 035952500  1614621914 移动签到安我（AND ALL）健康京东自营旗舰店

real	0m0.350s
user	0m0.047s
sys	0m0.109s
parse error: Invalid numeric literal at line 1, column 10
parse error: Invalid numeric literal at line 1, column 10
parse error: Invalid numeric literal at line 1, column 10
parse error: Invalid numeric literal at line 1, column 10
parse error: Invalid numeric literal at line 1, column 10
03/02/21 02:05:15 708465600 1614621915

real	0m3.132s
user	0m0.000s
sys	0m0.016s

real	0m0.550s
user	0m0.031s
sys	0m0.047s
[WARN] get LZ_TOKEN error
03/02/21 02:05:19 697790500  1614621919
use wskey

real	0m0.667s
user	0m0.078s
sys	0m0.109s
03/02/21 02:05:20 447251800  1614621920 token: AAFgPSzgADDbfJwfQP4tbJkroL7xvrdtZmKQ6jGAplRbb5ZKYuBBTIWC9ThAO78T4DJJ9JBpmSg
parse error: Invalid numeric literal at line 1, column 10

real	0m0.473s
user	0m0.094s
sys	0m0.109s
03/02/21 02:05:20 995240800  1614621920 secretPin: 
[WARN] get secretPin error

03/02/21 02:05:21 056289300  1614621921 移动签到安我（AND ALL）健康京东自营旗舰店

real	0m1.006s
user	0m0.031s
sys	0m0.094s
parse error: Invalid numeric literal at line 1, column 10
parse error: Invalid numeric literal at line 1, column 10
parse error: Invalid numeric literal at line 1, column 10
parse error: Invalid numeric literal at line 1, column 10
parse error: Invalid numeric literal at line 1, column 10
03/02/21 02:05:22 891511200 1614621922

real	0m3.118s
user	0m0.000s
sys	0m0.016s

real	0m0.352s
user	0m0.047s
sys	0m0.063s
[WARN] get LZ_TOKEN error
03/02/21 02:05:26 563049300  1614621926
use wskey

real	0m0.564s
user	0m0.141s
sys	0m0.078s
03/02/21 02:05:27 245761800  1614621927 token: AAFgPSznADDOz1zrFtrn25SFShNFnkQPlOI4OzMxDrjEcE9WW3u-C_rPMvjJ_dMf2aavAH9Oudw
parse error: Invalid numeric literal at line 1, column 10

real	0m0.423s
user	0m0.094s
sys	0m0.125s
03/02/21 02:05:27 739099800  1614621927 secretPin: 
[WARN] get secretPin error

03/02/21 02:05:27 781095800  1614621927 移动签到安我（AND ALL）健康京东自营旗舰店

real	0m0.302s
user	0m0.016s
sys	0m0.063s
parse error: Invalid numeric literal at line 1, column 10
parse error: Invalid numeric literal at line 1, column 10
parse error: Invalid numeric literal at line 1, column 10
parse error: Invalid numeric literal at line 1, column 10
parse error: Invalid numeric literal at line 1, column 10
03/02/21 02:05:29 309452300 1614621929

real	0m3.484s
user	0m0.000s
sys	0m0.031s

real	0m0.271s
user	0m0.000s
sys	0m0.156s
[WARN] get LZ_TOKEN error
03/02/21 02:05:33 235455500  1614621933
use wskey

real	0m0.341s
user	0m0.109s
sys	0m0.094s
03/02/21 02:05:33 636054600  1614621933 token: AAFgPSztADCKy3fWpoodB-AFJH7CjoGXxbKfB3ieetsvuDdqdgIQYZWxLgoItB0wG8TA-AvmiLY
parse error: Invalid numeric literal at line 1, column 10

real	0m0.418s
user	0m0.109s
sys	0m0.109s
03/02/21 02:05:34 122295400  1614621934 secretPin: 
[WARN] get secretPin error

03/02/21 02:05:34 194651700  1614621934 移动签到安我（AND ALL）健康京东自营旗舰店

real	0m0.272s
user	0m0.047s
sys	0m0.094s
parse error: Invalid numeric literal at line 1, column 10
parse error: Invalid numeric literal at line 1, column 10
parse error: Invalid numeric literal at line 1, column 10
parse error: Invalid numeric literal at line 1, column 10
parse error: Invalid numeric literal at line 1, column 10
03/02/21 02:05:35 608340600 1614621935

real	0m3.666s
user	0m0.016s
sys	0m0.047s

real	0m0.274s
user	0m0.016s
sys	0m0.125s
[WARN] get LZ_TOKEN error
03/02/21 02:05:39 688655200  1614621939
use wskey

real	0m0.345s
user	0m0.094s
sys	0m0.141s
03/02/21 02:05:40 085076200  1614621940 token: AAFgPSzzADARrcpaw0qUOpOpA-Qm4n9UNdubhe_mZXwQf3cbx4pjOduCH13pEEb2PjAniNjcB_o
parse error: Invalid numeric literal at line 1, column 10

real	0m0.328s
user	0m0.125s
sys	0m0.109s
03/02/21 02:05:40 658115600  1614621940 secretPin: 
[WARN] get secretPin error

03/02/21 02:05:40 786932100  1614621940 移动签到安我（AND ALL）健康京东自营旗舰店

real	0m0.468s
user	0m0.031s
sys	0m0.125s
parse error: Invalid numeric literal at line 1, column 10
parse error: Invalid numeric literal at line 1, column 10
parse error: Invalid numeric literal at line 1, column 10
parse error: Invalid numeric literal at line 1, column 10
parse error: Invalid numeric literal at line 1, column 10
03/02/21 02:05:42 584016700 1614621942

real	0m3.943s
user	0m0.000s
sys	0m0.016s

real	0m0.954s
user	0m0.078s
sys	0m0.063s
[WARN] get LZ_TOKEN error
03/02/21 02:05:47 660255000  1614621947
use wskey

real	0m0.442s
user	0m0.078s
sys	0m0.156s
03/02/21 02:05:48 157119600  1614621948 token: AAFgPSz8ADD8O7LLR2CNPY-cgoBVP-LsDa2e-9hVAcrRJDdOse_tfMBgV9EOOCkzv_EJoThu3SY
parse error: Invalid numeric literal at line 1, column 10

real	0m0.362s
user	0m0.078s
sys	0m0.109s
03/02/21 02:05:48 697408700  1614621948 secretPin: 
[WARN] get secretPin error

03/02/21 02:05:48 802025300  1614621948 移动签到安我（AND ALL）健康京东自营旗舰店

real	0m0.506s
user	0m0.016s
sys	0m0.109s
parse error: Invalid numeric literal at line 1, column 10
parse error: Invalid numeric literal at line 1, column 10
parse error: Invalid numeric literal at line 1, column 10
parse error: Invalid numeric literal at line 1, column 10
parse error: Invalid numeric literal at line 1, column 10
03/02/21 02:05:50 871897100 1614621950

real	0m4.208s
user	0m0.000s
sys	0m0.031s

real	0m0.208s
user	0m0.016s
sys	0m0.063s
[WARN] get LZ_TOKEN error
03/02/21 02:05:55 470957300  1614621955
use wskey

real	0m0.387s
user	0m0.125s
sys	0m0.094s
03/02/21 02:05:55 948600600  1614621955 token: AAFgPS0DADDcezypVxhZW74sIBDyGx-k462GwCl7uiGNPW-ArT84Vx9uTPN5EQWSrvUCtxDmpu8
parse error: Invalid numeric literal at line 1, column 10

real	0m0.362s
user	0m0.094s
sys	0m0.063s
03/02/21 02:05:56 437056200  1614621956 secretPin: 
[WARN] get secretPin error

03/02/21 02:05:56 495409200  1614621956 移动签到安我（AND ALL）健康京东自营旗舰店

real	0m0.443s
user	0m0.047s
sys	0m0.063s
parse error: Invalid numeric literal at line 1, column 10
parse error: Invalid numeric literal at line 1, column 10
parse error: Invalid numeric literal at line 1, column 10
parse error: Invalid numeric literal at line 1, column 10
parse error: Invalid numeric literal at line 1, column 10
03/02/21 02:05:58 508309000 1614621958

real	0m4.237s
user	0m0.000s
sys	0m0.031s
03/02/21 02:06:37 987760300  1614621997
parse error: Invalid numeric literal at line 1, column 10
签到是否成功解析失败. 不再写/home/myid/jd/jd_signup/lzkj_sevenDay_vender/shop_1614611219_151_delay

移动签到安我（AND ALL）健康京东自营旗舰店查看结果, 活动规则
<!DOCTYPE html>
<html>
 <head> 
  <title>京东</title> 
  <meta charset="utf-8" /> 
  <meta name="apple-mobile-web-app-capable" content="yes" /> 
  <meta name="viewport" content="width=device-width,initial-scale=1,user-scalable=no,maximum-scale=1,viewport-fit=cover" /> 
  <meta name="format-detection" content="telephone=no" /> 
  <meta name="x5-cache" content="enable" /> 
  <link rel="stylesheet" href="https://storage.360buyimg.com/babel/00162638/333378/production/dev/parser.1526555535098.css?t=20180517191236" /> 
  <style> img {
            opacity: 1 !important;
        } </style> 
  <link href="https://storage.360buyimg.com/babel/00170893/348321/production/dev/index.7320a380.css?t=20180802150952" rel="stylesheet" />
 </head> 
 <body style="background:#fff;" id="root"> 
  <div class="errorPage"> 
  </div> 
  <div class="placeholer"> 
  </div> 
  <script src="https://wl.jd.com/unify.min.js"></script> 
  <script type="text/javascript" src="https://storage.360buyimg.com/babel/00170893/348321/production/dev/index.0f8f4dba.js?t=20180802150952"></script> 
 </body>
</html>

#店铺名称
vendername="安我（AND ALL）健康京东自营旗舰店"
#店铺激活码
actId="f63f0cc98d32422b8b6ac5b8a0aaec0e"
#店铺id
venderId="1000351797"
#长链接
url="https://lzkj-isv.isvjcloud.com/sign/sevenDay/signActivity?activityId=f63f0cc98d32422b8b6ac5b8a0aaec0e&venderId=1000351797"

startTime=1613723220
endTime=1616342340
# 活动时间：2021-02-19 16:27 - 2021-03-21 23:59；
# 奖励说明：
actRule="
7天签到
连续签到1天：1京豆
连续签到2天：1京豆
连续签到3天：3京豆
连续签到4天：2京豆
连续签到5天：2京豆
连续签到6天：2京豆
连续签到7天：5京豆
"
#移动 jd_OeTNobRVGiNZ sign_res
sign_num="1"
giftName="null"
giftRes="ok"
giftDate="20210224"
sign_res_info="7天签到 第 1 天
当天签到奖励 [null]"
#移动 jd_OeTNobRVGiNZ sign_res_end
#赵 122294312-396444 sign_res
sign_num=""
giftName=""
giftRes="ok"
giftDate="20210302"
sign_res_info="7天签到 第  天
当天签到奖励 []"
#赵 122294312-396444 sign_res_end
#王 1309893722-164885 sign_res
sign_num=""
giftName=""
giftRes="ok"
giftDate="20210302"
sign_res_info="7天签到 第  天
当天签到奖励 []"
#王 1309893722-164885 sign_res_end
#肥鹅 jd_4d651d9e48204 sign_res
sign_num=""
giftName=""
giftRes="ok"
giftDate="20210302"
sign_res_info="7天签到 第  天
当天签到奖励 []"
#肥鹅 jd_4d651d9e48204 sign_res_end
