02/27/21 02:04:15 777920900  1614362655
RANDOM_num: 45
removed '/tmp/tmp.mcxVixKjK6'
02/27/21 02:04:15 874788400  1614362655 检查肥鹅签到

real	0m0.171s
user	0m0.000s
sys	0m0.063s
lzkj-isv.isvjcloud.com	FALSE	/	FALSE	1614363256	LZ_TOKEN_VALUE	B0oH3vDY2bhHWuKbVaJ+XQ==
lzkj-isv.isvjcloud.com	FALSE	/	FALSE	1614363256	LZ_TOKEN_KEY	lztokenpage8aedb8bd450d4eddae5c57f09b1d87f9
02/27/21 02:04:16 187592100  1614362656
use pt_key

real	0m0.139s
user	0m0.078s
sys	0m0.094s
02/27/21 02:04:16 343484100  1614362656 token: AAFgOTggADC2ZH-z3whbQC93_NdNko3-i3KJ-PAQstpq_CCMh_3a_Od-qd3OcFB67Aa3rmtCLNM

real	0m0.349s
user	0m0.063s
sys	0m0.109s
02/27/21 02:04:16 716972500  1614362656 secretPin: 4YEv+ri88IbQX5lhoqHrzE7oeVP9kq2pYSH90mYt4m3fwcJlClpxrfmVYaGKuquQkdK3rLBQpEQH9V4tdrrh0w==

02/27/21 02:04:16 767779500  1614362656 肥鹅签到维他奶官方旗舰店

real	0m0.517s
user	0m0.047s
sys	0m0.125s
{
  "msg": "",
  "signResult": {
    "key": "dFhBBt",
    "giftLogId": "b7f40f0fed7843f5bf855db223768ddf",
    "gift": {
      "activityId": null,
      "activityType": null,
      "venderId": null,
      "type": 0,
      "name": null,
      "itemHb": null,
      "id": "20",
      "giftType": "9",
      "giftName": "20店铺积分",
      "giftNum": "20",
      "giftTotal": "1000",
      "giftResidue": null,
      "priceInfo": "0",
      "shortLink": "",
      "orginLink": null,
      "giftInfoId": null,
      "commonAddAwardVO": null
    },
    "send": true
  },
  "isOk": true,
  "isSend": true
}
true
02/27/21 02:04:17 647059600 1614362657
02/27/21 02:04:17 667050700 1614362657 签到维他奶官方旗舰店完成
02/27/21 02:05:02 752185000  1614362702
true
parse error: Invalid numeric literal at line 1, column 10
首次签到成功. 写入giftName: "20店铺积分"

***********************************************
7天签到 第  天
当天签到奖励 ["20店铺积分"]
***********************************************

肥鹅签到维他奶官方旗舰店查看结果, 活动规则
<!DOCTYPE html>
<html>
 <head> 
  <title>京东</title> 
  <meta charset="utf-8" /> 
  <meta name="apple-mobile-web-app-capable" content="yes" /> 
  <meta name="viewport" content="width=device-width,initial-scale=1,user-scalable=no,maximum-scale=1,viewport-fit=cover" /> 
  <meta name="format-detection" content="telephone=no" /> 
  <meta name="x5-cache" content="enable" /> 
  <link rel="stylesheet" href="https://storage.360buyimg.com/babel/00162638/333378/production/dev/parser.1526555535098.css?t=20180517191236" /> 
  <style> img {
            opacity: 1 !important;
        } </style> 
  <link href="https://storage.360buyimg.com/babel/00170893/348321/production/dev/index.7320a380.css?t=20180802150952" rel="stylesheet" />
 </head> 
 <body style="background:#fff;" id="root"> 
  <div class="errorPage"> 
  </div> 
  <div class="placeholer"> 
  </div> 
  <script src="https://wl.jd.com/unify.min.js"></script> 
  <script type="text/javascript" src="https://storage.360buyimg.com/babel/00170893/348321/production/dev/index.0f8f4dba.js?t=20180802150952"></script> 
 </body>
</html>

#店铺名称
vendername="维他奶官方旗舰店"
#店铺激活码
actId="35d14c0f97194095934fbde1271ff651"
#店铺id
venderId="10353060"
#长链接
url="https://lzkj-isv.isvjcloud.com/sign/sevenDay/signActivity?activityId=35d14c0f97194095934fbde1271ff651&venderId=10353060&adsource=tg_xuanFuTuBiao"

startTime=1612251960
endTime=1614527940
# 活动时间：2021-02-02 15:46 - 2021-02-28 23:59；
# 奖励说明：
actRule="
7天签到
连续签到1天：10店铺积分
连续签到2天：
连续签到3天：20店铺积分
连续签到4天：
连续签到5天：
连续签到6天：
连续签到7天：100店铺积分
"
#移动 jd_OeTNobRVGiNZ sign_res
sign_num="4"
giftName="null"
giftRes="ok"
giftDate="20210227"
sign_res_info="7天签到 第 4 天
当天签到奖励 [null]"
#移动 jd_OeTNobRVGiNZ sign_res_end
#赵 122294312-396444 sign_res
sign_num=""
giftName=""20店铺积分""
giftRes="ok"
giftDate="20210227"
sign_res_info="7天签到 第  天
当天签到奖励 ["20店铺积分"]"
#赵 122294312-396444 sign_res_end
#王 1309893722-164885 sign_res
sign_num=""
giftName=""20店铺积分""
giftRes="ok"
giftDate="20210227"
sign_res_info="7天签到 第  天
当天签到奖励 ["20店铺积分"]"
#王 1309893722-164885 sign_res_end
#肥鹅 jd_4d651d9e48204 sign_res
sign_num=""
giftName=""20店铺积分""
giftRes="ok"
giftDate="20210227"
sign_res_info="7天签到 第  天
当天签到奖励 ["20店铺积分"]"
#肥鹅 jd_4d651d9e48204 sign_res_end
