03/17/21 01:20:16 085685100  1615915216
RANDOM_num: 20
removed '/tmp/tmp.vJsqBEi3Ri'
03/17/21 01:20:16 516520900  1615915216 检查肥鹅签到

real	0m0.347s
user	0m0.000s
sys	0m0.156s
lzkj-isv.isvjcloud.com	FALSE	/	FALSE	1615915817	LZ_TOKEN_VALUE	B0oH3vDY2bhHWuKbVaJ+XQ==
lzkj-isv.isvjcloud.com	FALSE	/	FALSE	1615915817	LZ_TOKEN_KEY	lztokenpagebb558f330ddb4a8db8f8fcfaa3531e63
03/17/21 01:20:17 182857900  1615915217
use pt_key
jq: error (at <stdin>:0) (not a string): {"code":"-1","echo":"15,000 milliseconds timeout on connection http-outgoing-213598315 [ACTIVE]"}

real	0m15.657s
user	0m0.125s
sys	0m0.203s
03/17/21 01:20:32 876785500  1615915232 token: 
[WARN] get token error

real	0m0.263s
user	0m0.031s
sys	0m0.094s
jq: error (at <stdin>:1) (not a string): {"result":false,"data":"","count":0,"errorMessage":"没有有效的详细参数"}
03/17/21 01:20:33 383616900  1615915233 secretPin: 
[WARN] get secretPin error

03/17/21 01:20:33 424229200  1615915233 肥鹅签到佳贝艾特京东自营官方旗舰店

real	0m0.315s
user	0m0.031s
sys	0m0.109s
{
  "msg": "很抱歉，奖品与您擦肩而过了哟，关注下其他活动吧~",
  "code": "AUTH.FAILED.VALID",
  "isOk": false
}
03/17/21 01:20:34 531860700 1615915234

real	0m0.366s
user	0m0.000s
sys	0m0.031s

real	0m0.456s
user	0m0.031s
sys	0m0.125s
lzkj-isv.isvjcloud.com	FALSE	/	FALSE	1615915835	LZ_TOKEN_VALUE	B0oH3vDY2bhHWuKbVaJ+XQ==
lzkj-isv.isvjcloud.com	FALSE	/	FALSE	1615915835	LZ_TOKEN_KEY	lztokenpage1b2bcbf5c628448cbb732d59182644a9
03/17/21 01:20:35 445294200  1615915235
use pt_key

real	0m0.342s
user	0m0.094s
sys	0m0.141s
03/17/21 01:20:35 850669300  1615915235 token: AAFgUOjjADCuoN_QHh9himx-6rCNrj0ww4EVNpSog8LbVlOxCYJhGoyWMGvFgIvAuU3P66lMtxk

real	0m0.496s
user	0m0.047s
sys	0m0.094s
03/17/21 01:20:36 702815800  1615915236 secretPin: 4YEv+ri88IbQX5lhoqHrzE7oeVP9kq2pYSH90mYt4m3fwcJlClpxrfmVYaGKuquQkdK3rLBQpEQH9V4tdrrh0w==

03/17/21 01:20:36 751750600  1615915236 肥鹅签到佳贝艾特京东自营官方旗舰店

real	0m0.496s
user	0m0.016s
sys	0m0.172s
{
  "msg": "签满7天后不能再参加了",
  "isOk": false
}
签满7天不能再参加了. /home/myid/jd/jd_signup/lzkj_sevenDay_vender/shop_1615906532_11_delay 写入 over

#店铺名称
vendername="佳贝艾特京东自营官方旗舰店"
#店铺激活码
actId="3f6c151718844239b7be3ecca403cd70"
#店铺id
venderId="1000002710"
#长链接
url="https://lzkj-isv.isvjcloud.com/sign/sevenDay/signActivity?activityId=3f6c151718844239b7be3ecca403cd70&venderId=1000002710&adsource=tg_storePage"

startTime=1614568200
endTime=1617203160
# 活动时间：2021-03-01 11:10 - 2021-03-31 23:06；
# 奖励说明：
actRule="
7天签到
连续签到1天：20元优惠券
连续签到2天：80元优惠券
连续签到3天：30店铺积分
连续签到4天：50店铺积分
连续签到5天：80店铺积分
连续签到6天：2京豆
连续签到7天：100元优惠券
"
#移动 jd_OeTNobRVGiNZ sign_res
sign_num="0"
giftName=""
giftRes=""
giftDate="20210316"
sign_res_info="7天签到 第 0 天
当天签到奖励 []"
#移动 jd_OeTNobRVGiNZ sign_res_end
#赵 122294312-396444 sign_res
sign_num="0"
giftName=""
giftRes="ok"
giftDate="20210316"
sign_res_info="7天签到 第 0 天
当天签到奖励 []"
giftOver="ok"
#赵 122294312-396444 sign_res_end
#王 1309893722-164885 sign_res
sign_num="0"
giftName=""
giftRes="ok"
giftDate="20210316"
sign_res_info="7天签到 第 0 天
当天签到奖励 []"
giftOver="ok"
#王 1309893722-164885 sign_res_end
#肥鹅 jd_4d651d9e48204 sign_res
sign_num="0"
giftName=""
giftRes="ok"
giftDate="20210316"
sign_res_info="7天签到 第 0 天
当天签到奖励 []"
giftOver="ok"
#肥鹅 jd_4d651d9e48204 sign_res_end
