03/02/21 02:04:20 288425200  1614621860
RANDOM_num: 5
removed '/tmp/tmp.gA3iRqiceN'
03/02/21 02:04:21 099955500  1614621861 检查王签到

real	0m0.458s
user	0m0.047s
sys	0m0.063s
[WARN] get LZ_TOKEN error
03/02/21 02:04:22 181554000  1614621862
use pt_key

real	0m0.359s
user	0m0.094s
sys	0m0.109s
03/02/21 02:04:22 626027100  1614621862 token: AAFgPSymADCwRDNsFnIcVLtZD9G9xmku7llNhLaUP7MyrPMjnOgUcakMaWMwcLw-tmqU20NXDY0
parse error: Invalid numeric literal at line 1, column 10

real	0m0.745s
user	0m0.078s
sys	0m0.141s
03/02/21 02:04:23 536334000  1614621863 secretPin: 
[WARN] get secretPin error

03/02/21 02:04:23 709147300  1614621863 王签到泉林本色京东自营旗舰店

real	0m0.457s
user	0m0.047s
sys	0m0.078s
parse error: Invalid numeric literal at line 1, column 10
parse error: Invalid numeric literal at line 1, column 10
parse error: Invalid numeric literal at line 1, column 10
parse error: Invalid numeric literal at line 1, column 10
parse error: Invalid numeric literal at line 1, column 10
03/02/21 02:04:26 054706000 1614621866

real	0m0.546s
user	0m0.000s
sys	0m0.047s

real	0m0.677s
user	0m0.031s
sys	0m0.063s
[WARN] get LZ_TOKEN error
03/02/21 02:04:27 823272200  1614621867
use pt_key

real	0m0.951s
user	0m0.094s
sys	0m0.125s
03/02/21 02:04:28 984403600  1614621868 token: AAFgPSysADAi5q4SkJEnHrSs880gRcM-IOSuQ7U1214wqcSWi0SqJb8WQHOSOBAH0-EX_uYjJ_E
parse error: Invalid numeric literal at line 1, column 10

real	0m0.583s
user	0m0.078s
sys	0m0.156s
03/02/21 02:04:29 705500300  1614621869 secretPin: 
[WARN] get secretPin error

03/02/21 02:04:29 952299300  1614621869 王签到泉林本色京东自营旗舰店

real	0m0.586s
user	0m0.016s
sys	0m0.109s
parse error: Invalid numeric literal at line 1, column 10
parse error: Invalid numeric literal at line 1, column 10
parse error: Invalid numeric literal at line 1, column 10
parse error: Invalid numeric literal at line 1, column 10
parse error: Invalid numeric literal at line 1, column 10
03/02/21 02:04:32 385956400 1614621872

real	0m0.875s
user	0m0.000s
sys	0m0.078s

real	0m0.405s
user	0m0.031s
sys	0m0.047s
[WARN] get LZ_TOKEN error
03/02/21 02:04:34 053480400  1614621874
use pt_key

real	0m0.572s
user	0m0.109s
sys	0m0.109s
03/02/21 02:04:34 836376100  1614621874 token: AAFgPSyyADBrNz9lDAKoR5U5cc1wiGzLFAO0oNk0fMWd7YG8-DpHrpIO-8dtjwCD0lj1qRdJCF4
parse error: Invalid numeric literal at line 1, column 10

real	0m0.572s
user	0m0.109s
sys	0m0.063s
03/02/21 02:04:35 565973000  1614621875 secretPin: 
[WARN] get secretPin error

03/02/21 02:04:35 666731300  1614621875 王签到泉林本色京东自营旗舰店

real	0m0.599s
user	0m0.016s
sys	0m0.109s
parse error: Invalid numeric literal at line 1, column 10
parse error: Invalid numeric literal at line 1, column 10
parse error: Invalid numeric literal at line 1, column 10
parse error: Invalid numeric literal at line 1, column 10
parse error: Invalid numeric literal at line 1, column 10
03/02/21 02:04:38 436927300 1614621878

real	0m0.952s
user	0m0.000s
sys	0m0.031s

real	0m0.403s
user	0m0.031s
sys	0m0.078s
[WARN] get LZ_TOKEN error
03/02/21 02:04:40 037897500  1614621880
use pt_key

real	0m0.522s
user	0m0.094s
sys	0m0.063s
03/02/21 02:04:40 671773600  1614621880 token: AAFgPSy4ADALRcKKAj9L4MfAoXRVsnk_n04xszMFZb9Vi-st_JSyfksK25FUaJe3cIjie7pkGuk
parse error: Invalid numeric literal at line 1, column 10

real	0m0.633s
user	0m0.094s
sys	0m0.078s
03/02/21 02:04:41 434748600  1614621881 secretPin: 
[WARN] get secretPin error

03/02/21 02:04:41 558801800  1614621881 王签到泉林本色京东自营旗舰店

real	0m0.510s
user	0m0.047s
sys	0m0.094s
parse error: Invalid numeric literal at line 1, column 10
parse error: Invalid numeric literal at line 1, column 10
parse error: Invalid numeric literal at line 1, column 10
parse error: Invalid numeric literal at line 1, column 10
parse error: Invalid numeric literal at line 1, column 10
03/02/21 02:04:43 378708000 1614621883

real	0m0.988s
user	0m0.000s
sys	0m0.047s

real	0m0.478s
user	0m0.016s
sys	0m0.078s
[WARN] get LZ_TOKEN error
03/02/21 02:04:45 263594000  1614621885
use pt_key

real	0m0.619s
user	0m0.078s
sys	0m0.125s
03/02/21 02:04:46 054455900  1614621886 token: AAFgPSy9ADDDfsh0iBv2McaVlPAgi4zKPDOyiaJp7YlcOw7m4Syj97vTCguAEtWOk0vlZmHpOM4
parse error: Invalid numeric literal at line 1, column 10

real	0m0.382s
user	0m0.141s
sys	0m0.078s
03/02/21 02:04:47 452490900  1614621887 secretPin: 
[WARN] get secretPin error

03/02/21 02:04:47 735577600  1614621887 王签到泉林本色京东自营旗舰店

real	0m0.580s
user	0m0.000s
sys	0m0.078s
parse error: Invalid numeric literal at line 1, column 10
parse error: Invalid numeric literal at line 1, column 10
parse error: Invalid numeric literal at line 1, column 10
parse error: Invalid numeric literal at line 1, column 10
parse error: Invalid numeric literal at line 1, column 10
03/02/21 02:04:50 101809100 1614621890

real	0m1.246s
user	0m0.000s
sys	0m0.000s

real	0m0.497s
user	0m0.031s
sys	0m0.063s
[WARN] get LZ_TOKEN error
03/02/21 02:04:52 098824400  1614621892
use pt_key

real	0m0.484s
user	0m0.125s
sys	0m0.094s
03/02/21 02:04:52 688286200  1614621892 token: AAFgPSzEADCKUx_Vyc6kWEI4_AeOEJGwGB9LJ3LfMgGtDQYLBNR0x--CSupzm0a9bSxpQqp_aXg
parse error: Invalid numeric literal at line 1, column 10

real	0m0.586s
user	0m0.156s
sys	0m0.109s
03/02/21 02:04:53 341714800  1614621893 secretPin: 
[WARN] get secretPin error

03/02/21 02:04:53 460845400  1614621893 王签到泉林本色京东自营旗舰店

real	0m0.458s
user	0m0.016s
sys	0m0.078s
parse error: Invalid numeric literal at line 1, column 10
parse error: Invalid numeric literal at line 1, column 10
parse error: Invalid numeric literal at line 1, column 10
parse error: Invalid numeric literal at line 1, column 10
parse error: Invalid numeric literal at line 1, column 10
03/02/21 02:04:55 395609500 1614621895

real	0m1.507s
user	0m0.000s
sys	0m0.016s

real	0m0.336s
user	0m0.031s
sys	0m0.078s
[WARN] get LZ_TOKEN error
03/02/21 02:04:57 453900800  1614621897
use pt_key

real	0m0.389s
user	0m0.094s
sys	0m0.094s
03/02/21 02:04:57 909528400  1614621897 token: AAFgPSzJADD1n7EJVhaECKxRznnAxh7agICAqeOEDM3l_gOC9OTXqnpRPKuSYsm9ASP7W3JzxdE
parse error: Invalid numeric literal at line 1, column 10

real	0m0.473s
user	0m0.094s
sys	0m0.125s
03/02/21 02:04:58 451411000  1614621898 secretPin: 
[WARN] get secretPin error

03/02/21 02:04:58 489486600  1614621898 王签到泉林本色京东自营旗舰店

real	0m0.348s
user	0m0.000s
sys	0m0.109s
parse error: Invalid numeric literal at line 1, column 10
parse error: Invalid numeric literal at line 1, column 10
parse error: Invalid numeric literal at line 1, column 10
parse error: Invalid numeric literal at line 1, column 10
parse error: Invalid numeric literal at line 1, column 10
03/02/21 02:05:00 258880400 1614621900

real	0m1.838s
user	0m0.000s
sys	0m0.047s

real	0m0.415s
user	0m0.016s
sys	0m0.125s
[WARN] get LZ_TOKEN error
03/02/21 02:05:02 875769600  1614621902
use pt_key

real	0m0.462s
user	0m0.109s
sys	0m0.156s
03/02/21 02:05:03 409527200  1614621903 token: AAFgPSzPADAHEdox5NkO4ISLYMh7ec20KvC-uz4_6qGBPzsgIWfwdpsb5360jdeUIaS3T2wmaKc
parse error: Invalid numeric literal at line 1, column 10

real	0m0.506s
user	0m0.094s
sys	0m0.078s
03/02/21 02:05:04 005252500  1614621904 secretPin: 
[WARN] get secretPin error

03/02/21 02:05:04 101281400  1614621904 王签到泉林本色京东自营旗舰店

real	0m0.283s
user	0m0.016s
sys	0m0.078s
parse error: Invalid numeric literal at line 1, column 10
parse error: Invalid numeric literal at line 1, column 10
parse error: Invalid numeric literal at line 1, column 10
parse error: Invalid numeric literal at line 1, column 10
parse error: Invalid numeric literal at line 1, column 10
03/02/21 02:05:05 523337000 1614621905

real	0m1.798s
user	0m0.000s
sys	0m0.031s

real	0m0.357s
user	0m0.031s
sys	0m0.063s
[WARN] get LZ_TOKEN error
03/02/21 02:05:07 896274000  1614621907
use pt_key

real	0m0.475s
user	0m0.078s
sys	0m0.141s
03/02/21 02:05:08 470494900  1614621908 token: AAFgPSzUADAJFVaUNdLPDsyWJPCOt1wjfE6VAGiV3zG8rNHadLKEBoj8915QpW3t-T0AT-bGan4
parse error: Invalid numeric literal at line 1, column 10

real	0m0.589s
user	0m0.125s
sys	0m0.078s
03/02/21 02:05:09 187865100  1614621909 secretPin: 
[WARN] get secretPin error

03/02/21 02:05:09 264624500  1614621909 王签到泉林本色京东自营旗舰店

real	0m0.402s
user	0m0.031s
sys	0m0.078s
parse error: Invalid numeric literal at line 1, column 10
parse error: Invalid numeric literal at line 1, column 10
parse error: Invalid numeric literal at line 1, column 10
parse error: Invalid numeric literal at line 1, column 10
parse error: Invalid numeric literal at line 1, column 10
03/02/21 02:05:11 034639100 1614621911

real	0m2.057s
user	0m0.000s
sys	0m0.063s

real	0m0.402s
user	0m0.016s
sys	0m0.078s
[WARN] get LZ_TOKEN error
03/02/21 02:05:13 647799200  1614621913
use pt_key

real	0m0.419s
user	0m0.109s
sys	0m0.109s
03/02/21 02:05:14 153456800  1614621914 token: AAFgPSzaADATtpiKO44w8afPtYTeDTE898a-zeRUDaYEb03vrunchxqJWztJuJWnnjmJ8goyGUY
parse error: Invalid numeric literal at line 1, column 10

real	0m0.901s
user	0m0.078s
sys	0m0.109s
03/02/21 02:05:15 137898600  1614621915 secretPin: 
[WARN] get secretPin error

03/02/21 02:05:15 254512700  1614621915 王签到泉林本色京东自营旗舰店

real	0m0.836s
user	0m0.047s
sys	0m0.094s
parse error: Invalid numeric literal at line 1, column 10
parse error: Invalid numeric literal at line 1, column 10
parse error: Invalid numeric literal at line 1, column 10
parse error: Invalid numeric literal at line 1, column 10
parse error: Invalid numeric literal at line 1, column 10
03/02/21 02:05:18 650879400 1614621918

real	0m2.388s
user	0m0.000s
sys	0m0.031s

real	0m0.727s
user	0m0.031s
sys	0m0.063s
[WARN] get LZ_TOKEN error
03/02/21 02:05:21 897025200  1614621921
use pt_key

real	0m0.238s
user	0m0.109s
sys	0m0.094s
03/02/21 02:05:22 169094800  1614621922 token: AAFgPSziADA6DVyMAtwuDLoV7AWLmGWAcqWiEGFuoJaPzJmUkeXRrQVFI7JIGXY7BS7fQgIxSL0
parse error: Invalid numeric literal at line 1, column 10

real	0m0.241s
user	0m0.125s
sys	0m0.141s
03/02/21 02:05:22 458829100  1614621922 secretPin: 
[WARN] get secretPin error

03/02/21 02:05:22 496387200  1614621922 王签到泉林本色京东自营旗舰店

real	0m0.281s
user	0m0.031s
sys	0m0.094s
parse error: Invalid numeric literal at line 1, column 10
parse error: Invalid numeric literal at line 1, column 10
parse error: Invalid numeric literal at line 1, column 10
parse error: Invalid numeric literal at line 1, column 10
parse error: Invalid numeric literal at line 1, column 10
03/02/21 02:05:23 664043100 1614621923

real	0m2.345s
user	0m0.000s
sys	0m0.000s

real	0m0.331s
user	0m0.031s
sys	0m0.063s
[WARN] get LZ_TOKEN error
03/02/21 02:05:26 617558300  1614621926
use pt_key

real	0m0.566s
user	0m0.078s
sys	0m0.141s
03/02/21 02:05:27 289154300  1614621927 token: AAFgPSznADD35AXpPq41bH-vgwfPmvrk9Em03Pu5Zp02jInbOfGN-yyuGhR-NSp_mUSvP2uwWns
parse error: Invalid numeric literal at line 1, column 10

real	0m0.461s
user	0m0.078s
sys	0m0.141s
03/02/21 02:05:27 787540900  1614621927 secretPin: 
[WARN] get secretPin error

03/02/21 02:05:27 876933100  1614621927 王签到泉林本色京东自营旗舰店

real	0m0.279s
user	0m0.031s
sys	0m0.078s
parse error: Invalid numeric literal at line 1, column 10
parse error: Invalid numeric literal at line 1, column 10
parse error: Invalid numeric literal at line 1, column 10
parse error: Invalid numeric literal at line 1, column 10
parse error: Invalid numeric literal at line 1, column 10
03/02/21 02:05:29 594182600 1614621929

real	0m2.527s
user	0m0.000s
sys	0m0.031s

real	0m0.244s
user	0m0.016s
sys	0m0.094s
[WARN] get LZ_TOKEN error
03/02/21 02:05:32 465393500  1614621932
use pt_key

real	0m0.242s
user	0m0.063s
sys	0m0.172s
03/02/21 02:05:32 747269300  1614621932 token: AAFgPSzsADBPVecvSEqU_TTt7TjciERH-YkJ8mdyAuJfUA6iGOpl_UkgMnrm4IfyrhUrYFEdGqA
parse error: Invalid numeric literal at line 1, column 10

real	0m0.273s
user	0m0.109s
sys	0m0.094s
03/02/21 02:05:33 061387700  1614621933 secretPin: 
[WARN] get secretPin error

03/02/21 02:05:33 089863200  1614621933 王签到泉林本色京东自营旗舰店

real	0m0.289s
user	0m0.078s
sys	0m0.063s
parse error: Invalid numeric literal at line 1, column 10
parse error: Invalid numeric literal at line 1, column 10
parse error: Invalid numeric literal at line 1, column 10
parse error: Invalid numeric literal at line 1, column 10
parse error: Invalid numeric literal at line 1, column 10
03/02/21 02:05:34 316483500 1614621934

real	0m2.752s
user	0m0.000s
sys	0m0.047s

real	0m0.358s
user	0m0.031s
sys	0m0.094s
[WARN] get LZ_TOKEN error
03/02/21 02:05:37 599016900  1614621937
use pt_key

real	0m0.369s
user	0m0.078s
sys	0m0.109s
03/02/21 02:05:38 024708200  1614621938 token: AAFgPSzxADAzkcWWfPJlbWmw4lb5k4gDNiiTQBRKQU1EETNjMGST884YZi4KoBGz96QrNAVuUd0
parse error: Invalid numeric literal at line 1, column 10

real	0m0.214s
user	0m0.063s
sys	0m0.141s
03/02/21 02:05:38 278934400  1614621938 secretPin: 
[WARN] get secretPin error

03/02/21 02:05:38 324671700  1614621938 王签到泉林本色京东自营旗舰店

real	0m0.258s
user	0m0.016s
sys	0m0.078s
parse error: Invalid numeric literal at line 1, column 10
parse error: Invalid numeric literal at line 1, column 10
parse error: Invalid numeric literal at line 1, column 10
parse error: Invalid numeric literal at line 1, column 10
parse error: Invalid numeric literal at line 1, column 10
03/02/21 02:05:39 550991900 1614621939

real	0m2.980s
user	0m0.000s
sys	0m0.000s

real	0m0.481s
user	0m0.063s
sys	0m0.063s
[WARN] get LZ_TOKEN error
03/02/21 02:05:43 311947500  1614621943
use pt_key

real	0m0.253s
user	0m0.063s
sys	0m0.125s
03/02/21 02:05:43 647833900  1614621943 token: AAFgPSz3ADB0gL6oBj-ugy44_kzYXGkOp1vM3eqqyfd0G1ut-lLqP36nCAuW7XcllrfLJr5MPWY
parse error: Invalid numeric literal at line 1, column 10

real	0m0.462s
user	0m0.125s
sys	0m0.141s
03/02/21 02:05:44 177778000  1614621944 secretPin: 
[WARN] get secretPin error

03/02/21 02:05:44 270480700  1614621944 王签到泉林本色京东自营旗舰店

real	0m0.370s
user	0m0.031s
sys	0m0.078s
parse error: Invalid numeric literal at line 1, column 10
parse error: Invalid numeric literal at line 1, column 10
parse error: Invalid numeric literal at line 1, column 10
parse error: Invalid numeric literal at line 1, column 10
parse error: Invalid numeric literal at line 1, column 10
03/02/21 02:05:45 514050600 1614621945

real	0m3.180s
user	0m0.000s
sys	0m0.016s

real	0m0.547s
user	0m0.000s
sys	0m0.109s
[WARN] get LZ_TOKEN error
03/02/21 02:05:49 559912600  1614621949
use pt_key

real	0m0.578s
user	0m0.141s
sys	0m0.094s
03/02/21 02:05:50 242819200  1614621950 token: AAFgPSz-ADALntzII9IgiRzy-CcycCMgYHguvU5WI13vW3cAVkm8PSbTCmOW7mSyjMQzEw719rw
parse error: Invalid numeric literal at line 1, column 10

real	0m0.519s
user	0m0.125s
sys	0m0.125s
03/02/21 02:05:50 844763400  1614621950 secretPin: 
[WARN] get secretPin error

03/02/21 02:05:51 025062500  1614621951 王签到泉林本色京东自营旗舰店

real	0m0.398s
user	0m0.031s
sys	0m0.047s
parse error: Invalid numeric literal at line 1, column 10
parse error: Invalid numeric literal at line 1, column 10
parse error: Invalid numeric literal at line 1, column 10
parse error: Invalid numeric literal at line 1, column 10
parse error: Invalid numeric literal at line 1, column 10
03/02/21 02:05:52 479602100 1614621952

real	0m3.283s
user	0m0.000s
sys	0m0.063s

real	0m0.447s
user	0m0.031s
sys	0m0.094s
[WARN] get LZ_TOKEN error
03/02/21 02:05:56 424891100  1614621956
use pt_key

real	0m0.405s
user	0m0.078s
sys	0m0.141s
03/02/21 02:05:56 909072500  1614621956 token: AAFgPS0EADDPc5hSSXnQyoUp_enlLJuQmNtK50vEiGuby1UVCUdFA20dsK3X994kHO7o99ZAXSA
parse error: Invalid numeric literal at line 1, column 10

real	0m0.502s
user	0m0.109s
sys	0m0.094s
03/02/21 02:05:57 550242500  1614621957 secretPin: 
[WARN] get secretPin error

03/02/21 02:05:57 712501100  1614621957 王签到泉林本色京东自营旗舰店

real	0m0.498s
user	0m0.016s
sys	0m0.078s
parse error: Invalid numeric literal at line 1, column 10
parse error: Invalid numeric literal at line 1, column 10
parse error: Invalid numeric literal at line 1, column 10
parse error: Invalid numeric literal at line 1, column 10
parse error: Invalid numeric literal at line 1, column 10
03/02/21 02:05:59 297207600 1614621959

real	0m3.503s
user	0m0.000s
sys	0m0.031s

real	0m0.305s
user	0m0.031s
sys	0m0.078s
[WARN] get LZ_TOKEN error
03/02/21 02:06:03 188031300  1614621963
use pt_key

real	0m0.203s
user	0m0.109s
sys	0m0.078s
03/02/21 02:06:03 420779700  1614621963 token: AAFgPS0LADA5h_ZPZvv3yyXmMAifUD4THgX52LipYCybLZMM1PZ3ojbrVFyZEAvuAt9pJVxVWt0
parse error: Invalid numeric literal at line 1, column 10

real	0m0.298s
user	0m0.078s
sys	0m0.109s
03/02/21 02:06:03 795986400  1614621963 secretPin: 
[WARN] get secretPin error

03/02/21 02:06:03 879689700  1614621963 王签到泉林本色京东自营旗舰店

real	0m0.347s
user	0m0.031s
sys	0m0.078s
parse error: Invalid numeric literal at line 1, column 10
parse error: Invalid numeric literal at line 1, column 10
parse error: Invalid numeric literal at line 1, column 10
parse error: Invalid numeric literal at line 1, column 10
parse error: Invalid numeric literal at line 1, column 10
03/02/21 02:06:05 336243500 1614621965

real	0m3.672s
user	0m0.000s
sys	0m0.016s

real	0m0.204s
user	0m0.031s
sys	0m0.094s
[WARN] get LZ_TOKEN error
03/02/21 02:06:09 358413600  1614621969
use pt_key

real	0m0.279s
user	0m0.125s
sys	0m0.047s
03/02/21 02:06:09 672843500  1614621969 token: AAFgPS0RADC13R71OVzvzDDcuIHUOljhMJmxeTlGZupYBPWhpKjee6Bu2hyA8dNWQTfFwMCXdng
parse error: Invalid numeric literal at line 1, column 10

real	0m0.259s
user	0m0.125s
sys	0m0.078s
03/02/21 02:06:09 972692700  1614621969 secretPin: 
[WARN] get secretPin error

03/02/21 02:06:10 004897900  1614621970 王签到泉林本色京东自营旗舰店

real	0m0.198s
user	0m0.031s
sys	0m0.063s
parse error: Invalid numeric literal at line 1, column 10
parse error: Invalid numeric literal at line 1, column 10
parse error: Invalid numeric literal at line 1, column 10
parse error: Invalid numeric literal at line 1, column 10
parse error: Invalid numeric literal at line 1, column 10
03/02/21 02:06:11 028291200 1614621971

real	0m3.889s
user	0m0.000s
sys	0m0.047s

real	0m0.282s
user	0m0.031s
sys	0m0.078s
[WARN] get LZ_TOKEN error
03/02/21 02:06:15 303090800  1614621975
use pt_key

real	0m0.223s
user	0m0.094s
sys	0m0.141s
03/02/21 02:06:15 553736500  1614621975 token: AAFgPS0XADBFAz82muSs7-PRjWGU67Q-RZiwlDSEZ4g0Nto6C10lqXvhEteKRNEuyOicEWSRKGY
parse error: Invalid numeric literal at line 1, column 10

real	0m0.189s
user	0m0.141s
sys	0m0.063s
03/02/21 02:06:15 775519900  1614621975 secretPin: 
[WARN] get secretPin error

03/02/21 02:06:15 806098600  1614621975 王签到泉林本色京东自营旗舰店

real	0m0.206s
user	0m0.000s
sys	0m0.094s
parse error: Invalid numeric literal at line 1, column 10
parse error: Invalid numeric literal at line 1, column 10
parse error: Invalid numeric literal at line 1, column 10
parse error: Invalid numeric literal at line 1, column 10
parse error: Invalid numeric literal at line 1, column 10
03/02/21 02:06:17 250538500 1614621977

real	0m4.109s
user	0m0.000s
sys	0m0.047s
03/02/21 02:06:36 501193600  1614621996
parse error: Invalid numeric literal at line 1, column 10
签到是否成功解析失败. 不再写/home/myid/jd/jd_signup/lzkj_sevenDay_vender/shop_1613569740_34

王签到泉林本色京东自营旗舰店查看结果, 活动规则
<!DOCTYPE html>
<html>
 <head> 
  <title>京东</title> 
  <meta charset="utf-8" /> 
  <meta name="apple-mobile-web-app-capable" content="yes" /> 
  <meta name="viewport" content="width=device-width,initial-scale=1,user-scalable=no,maximum-scale=1,viewport-fit=cover" /> 
  <meta name="format-detection" content="telephone=no" /> 
  <meta name="x5-cache" content="enable" /> 
  <link rel="stylesheet" href="https://storage.360buyimg.com/babel/00162638/333378/production/dev/parser.1526555535098.css?t=20180517191236" /> 
  <style> img {
            opacity: 1 !important;
        } </style> 
  <link href="https://storage.360buyimg.com/babel/00170893/348321/production/dev/index.7320a380.css?t=20180802150952" rel="stylesheet" />
 </head> 
 <body style="background:#fff;" id="root"> 
  <div class="errorPage"> 
  </div> 
  <div class="placeholer"> 
  </div> 
  <script src="https://wl.jd.com/unify.min.js"></script> 
  <script type="text/javascript" src="https://storage.360buyimg.com/babel/00170893/348321/production/dev/index.0f8f4dba.js?t=20180802150952"></script> 
 </body>
</html>

#店铺名称
vendername="泉林本色京东自营旗舰店"
#店铺激活码
actId="1e5cac4ad760485d931141412c9fab0c"
#店铺id
venderId="1000001906"
#长链接
url="https://lzkj-isv.isvjcloud.com/sign/sevenDay/signActivity?activityId=1e5cac4ad760485d931141412c9fab0c&venderId=1000001906&adsource=tg_xuanFuTuBiao"

startTime=1612496160
endTime=1614483360
# 活动时间：2021-02-05 11:36 - 2021-02-28 11:36；
# 奖励说明：
actRule="
7天签到
连续签到1天：5店铺积分
连续签到2天：10元优惠券
连续签到3天：20店铺积分
连续签到4天：1京豆
连续签到5天：2京豆
连续签到6天：3京豆
连续签到7天：5京豆
"
#赵 122294312-396444 sign_res
sign_num="5"
giftName=""2京豆""
giftRes="ok"
giftDate="20210301"
sign_res_info="7天签到 第 5 天
当天签到奖励 ["2京豆"]"
#赵 122294312-396444 sign_res_end
#王 1309893722-164885 sign_res
sign_num="5"
giftName=""1京豆""
giftRes="ok"
giftDate="20210301"
sign_res_info="7天签到 第 5 天
当天签到奖励 ["1京豆"]"
#王 1309893722-164885 sign_res_end
#肥鹅 jd_4d651d9e48204 sign_res
sign_num="5"
giftName=""1京豆""
giftRes="ok"
giftDate="20210301"
sign_res_info="7天签到 第 5 天
当天签到奖励 ["1京豆"]"
#肥鹅 jd_4d651d9e48204 sign_res_end
#移动 jd_OeTNobRVGiNZ sign_res
sign_num=""
giftName=""
giftRes=""
giftDate="20210302"
sign_res_info="7天签到 第  天
当天签到奖励 []"
#移动 jd_OeTNobRVGiNZ sign_res_end
