03/21/21 02:03:52 644049300  1616263432
RANDOM_num: 10
removed '/tmp/tmp.bwc2TrVAA4'
03/21/21 02:03:52 746541700  1616263432
肥鹅 今天已经签到过. 签到结果: ok  giftDate: 20210321
***********************************************
7天签到 第 5 天
当天签到奖励 [null]
***********************************************

#店铺名称
vendername="蒙牛官方旗舰店"
#店铺激活码
actId="3f064b1a32ec4b2ab6e044aa1cacad06"
#店铺id
venderId="182542"
#长链接
url="https://lzkj-isv.isvjcloud.com/sign/sevenDay/signActivity?activityId=3f064b1a32ec4b2ab6e044aa1cacad06&venderId=182542&adsource=tg_storePage"

startTime=1614614400
endTime=1617206340
# 活动时间：2021-03-02 00:00 - 2021-03-31 23:59；
# 奖励说明：
actRule="
7天签到
连续签到1天：10京豆
连续签到2天：10元优惠券
连续签到3天：15京豆
连续签到4天：20元优惠券
连续签到5天：10京豆
连续签到6天：50元优惠券
连续签到7天：15京豆
"
#移动 jd_OeTNobRVGiNZ sign_res
sign_num="0"
giftName=""
giftRes=""
giftDate="20210321"
sign_res_info="7天签到 第 0 天
当天签到奖励 []"
#移动 jd_OeTNobRVGiNZ sign_res_end
#王 1309893722-164885 sign_res
sign_num="5"
giftName="null"
giftRes="ok"
giftDate="20210321"
sign_res_info="7天签到 第 5 天
当天签到奖励 [null]"
#王 1309893722-164885 sign_res_end
#肥鹅 jd_4d651d9e48204 sign_res
sign_num="5"
giftName="null"
giftRes="ok"
giftDate="20210321"
sign_res_info="7天签到 第 5 天
当天签到奖励 [null]"
#肥鹅 jd_4d651d9e48204 sign_res_end
#赵 122294312-396444 sign_res
sign_num="5"
giftName="null"
giftRes="ok"
giftDate="20210321"
sign_res_info="7天签到 第 5 天
当天签到奖励 [null]"
#赵 122294312-396444 sign_res_end
