02/28/21 04:02:30 293343300  1614456150
RANDOM_num: 35
removed '/tmp/tmp.Ga82AEWTQQ'
02/28/21 04:02:30 494471000  1614456150 æ£€æŸ¥ç§»åŠ¨ç­¾åˆ°

real	0m0.247s
user	0m0.031s
sys	0m0.078s
lzkj-isv.isvjcloud.com	FALSE	/	FALSE	1614456750	LZ_TOKEN_VALUE	B0oH3vDY2bhHWuKbVaJ+XQ==
lzkj-isv.isvjcloud.com	FALSE	/	FALSE	1614456750	LZ_TOKEN_KEY	lztokenpage1b5ca4c1add840e4b64f9fd1627218b5
02/28/21 04:02:30 956389400  1614456150
use wskey

real	0m0.208s
user	0m0.125s
sys	0m0.125s
02/28/21 04:02:31 199264000  1614456151 token: AAFgOqVXADDov15_qt1zTrhrtD78B0lvFhUOBN9o1HyohPdTl-NXSwiCgXZF2O3b856fnUmOg_w

real	0m0.365s
user	0m0.125s
sys	0m0.063s
02/28/21 04:02:31 603353900  1614456151 secretPin: 8tekGZ3q85Ims+F4/F7Z2vkaL5GGqMTUc8u/otw2E+a7Ak3lgFoFQlZmf45w8Jzw

02/28/21 04:02:31 645391600  1614456151 ç§»åŠ¨ç­¾åˆ°6IXTY8IGHTæ——èˆ°åº—

real	0m0.625s
user	0m0.031s
sys	0m0.078s
{
  "gift": {
    "activityId": null,
    "activityType": null,
    "venderId": null,
    "type": 0,
    "name": null,
    "itemHb": null,
    "id": "346820879",
    "giftType": "1",
    "giftName": "80å…ƒä¼˜æƒ åˆ¸",
    "giftNum": "80",
    "giftTotal": "1000",
    "giftResidue": null,
    "priceInfo": "80.00",
    "shortLink": "3.cn/1-00VNw32",
    "orginLink": "http://coupon.m.jd.com/coupons/show.action?key=b048b979613745bd9b5c17d2d9917a07&roleId=45982849&to=mall.jd.com/index-10145872.html",
    "giftInfoId": "6015aa77f61e430d8f882d8993aaa0c8",
    "commonAddAwardVO": null
  },
  "msg": "",
  "isOk": true,
  "isSend": true,
  "key": "3.cn/1-00VNw32"
}
true
02/28/21 04:02:33 115254600 1614456153
02/28/21 04:02:33 138325700 1614456153 ç­¾åˆ°6IXTY8IGHTæ——èˆ°åº—å®Œæˆ
02/28/21 04:03:08 474019000  1614456188
true
é¦–æ¬¡ç­¾åˆ°æˆåŠŸ. å†™å…¥giftName: "80å…ƒä¼˜æƒ åˆ¸"
parse error: Invalid numeric literal at line 1, column 10
parse error: Invalid numeric literal at line 1, column 10

***********************************************

å½“å¤©ç­¾åˆ°å¥–åŠ± ["80å…ƒä¼˜æƒ åˆ¸"]
è¿ç»­ç­¾åˆ°  å¤©
ç­¾åˆ°æ€»å¤©æ•° 
***********************************************

ç§»åŠ¨ç­¾åˆ°6IXTY8IGHTæ——èˆ°åº—æŸ¥çœ‹ç»“æœ
<!DOCTYPE html>
<html>
 <head> 
  <title>äº¬ä¸œ</title> 
  <meta charset="utf-8" /> 
  <meta name="apple-mobile-web-app-capable" content="yes" /> 
  <meta name="viewport" content="width=device-width,initial-scale=1,user-scalable=no,maximum-scale=1,viewport-fit=cover" /> 
  <meta name="format-detection" content="telephone=no" /> 
  <meta name="x5-cache" content="enable" /> 
  <link rel="stylesheet" href="https://storage.360buyimg.com/babel/00162638/333378/production/dev/parser.1526555535098.css?t=20180517191236" /> 
  <style> img {
            opacity: 1 !important;
        } </style> 
  <link href="https://storage.360buyimg.com/babel/00170893/348321/production/dev/index.7320a380.css?t=20180802150952" rel="stylesheet" />
 </head> 
 <body style="background:#fff;" id="root"> 
  <div class="errorPage"> 
  </div> 
  <div class="placeholer"> 
  </div> 
  <script src="https://wl.jd.com/unify.min.js"></script> 
  <script type="text/javascript" src="https://storage.360buyimg.com/babel/00170893/348321/production/dev/index.0f8f4dba.js?t=20180802150952"></script> 
 </body>
</html>

parse error: Invalid numeric literal at line 1, column 10
[0;31;3mRUN  at {280:<--} ERROR CODE: 4[0m [0;31;3m[20210228 04:03:14] [ERROR] [0m

