02/25/21 04:05:06 487665300  1614197106
RANDOM_num: 45
removed '/tmp/tmp.NDev0iOKFP'
02/25/21 04:05:06 604444700  1614197106
王 今天已经签到过. 签到结果: ok  giftDate: 20210225
***********************************************
7天签到 第 0 天
当天签到奖励 [5京豆]
***********************************************

#店铺名称
vendername="LIFAair京东自营官方旗舰店"
#店铺激活码
actId="b422cf6ec97e4d54a7001684c53ccad1"
#店铺id
venderId="10524448"
#长链接
url="https://lzkj-isv.isvjcloud.com/sign/sevenDay/signActivity?activityId=b422cf6ec97e4d54a7001684c53ccad1&venderId=10524448&adsource=tg_xuanFuTuBiao"

startTime=1611649920
endTime=1614241920
# 活动时间：2021-01-26 16:32 - 2021-02-25 16:32；
# 奖励说明：
actRule="
7天签到
连续签到1天：10店铺积分
连续签到2天：1京豆
连续签到3天：20店铺积分
连续签到4天：2京豆
连续签到5天：30店铺积分
连续签到6天：40店铺积分
连续签到7天：5京豆
"
#肥鹅 jd_4d651d9e48204 sign_res
sign_num="0"
giftName=""5京豆""
giftRes="ok"
giftDate="20210225"
sign_res_info="7天签到 第 0 天
当天签到奖励 ["5京豆"]"
#肥鹅 jd_4d651d9e48204 sign_res_end
#移动 jd_OeTNobRVGiNZ sign_res
sign_num="0"
giftName=""5京豆""
giftRes="ok"
giftDate="20210225"
sign_res_info="7天签到 第 0 天
当天签到奖励 ["5京豆"]"
#移动 jd_OeTNobRVGiNZ sign_res_end
#赵 122294312-396444 sign_res
sign_num="0"
giftName=""5京豆""
giftRes="ok"
giftDate="20210225"
sign_res_info="7天签到 第 0 天
当天签到奖励 ["5京豆"]"
#赵 122294312-396444 sign_res_end
#王 1309893722-164885 sign_res
sign_num="0"
giftName=""5京豆""
giftRes="ok"
giftDate="20210225"
sign_res_info="7天签到 第 0 天
当天签到奖励 ["5京豆"]"
#王 1309893722-164885 sign_res_end
