02/15/21 02:02:00 754656900  1613325720
RANDOM_num: 10
removed '/tmp/tmp.xKJehVzsdy'
02/15/21 02:02:00 949093300  1613325720
赵 今天已经签到过. 签到结果: ok  giftDate: 20210215
***********************************************

2021/02/04_08:00:00  [已~签~到]      
2021/02/05_08:00:00  [已~签~到]      
2021/02/06_08:00:00  [已~签~到]      
2021/02/07_08:00:00  [已~签~到]      
2021/02/08_08:00:00  [已~签~到]      
2021/02/09_08:00:00  [已~签~到]      
2021/02/10_08:00:00  [已~签~到]      
2021/02/11_08:00:00  [已~签~到]      
2021/02/12_08:00:00  [已~签~到]      
2021/02/13_08:00:00  [已~签~到]      
2021/02/14_08:00:00  [已~签~到]      
2021/02/15_08:00:00  [已~签~到]      
当天签到奖励 null
连续签到 12 天
签到总天数 12
***********************************************

#活动规则
rule=""

#店铺名称
vendername="伊利牛奶官方旗舰店"
#店铺激活码
actId="b1d87d7302234f1b937d56bce7b1ba42"
##店铺id
venderId="115090"

#赵 122294312-396444 sign_res
sign_res="
signTime=1612396800;signed=2
signTime=1612483200;signed=2
signTime=1612569600;signed=2
signTime=1612656000;signed=2
signTime=1612742400;signed=2
signTime=1612828800;signed=2
signTime=1612915200;signed=2
signTime=1613001600;signed=2
signTime=1613088000;signed=2
signTime=1613174400;signed=2
signTime=1613260800;signed=2
signTime=1613347200;signed=2"
sign_num="12"
sign_total_num="12"
giftName="null"
giftRes="ok"
giftDate="20210215"
sign_res_info="
2021/02/04_08:00:00  [已~签~到]      
2021/02/05_08:00:00  [已~签~到]      
2021/02/06_08:00:00  [已~签~到]      
2021/02/07_08:00:00  [已~签~到]      
2021/02/08_08:00:00  [已~签~到]      
2021/02/09_08:00:00  [已~签~到]      
2021/02/10_08:00:00  [已~签~到]      
2021/02/11_08:00:00  [已~签~到]      
2021/02/12_08:00:00  [已~签~到]      
2021/02/13_08:00:00  [已~签~到]      
2021/02/14_08:00:00  [已~签~到]      
2021/02/15_08:00:00  [已~签~到]      
当天签到奖励 null
连续签到 12 天
签到总天数 12"
#赵 122294312-396444 sign_res_end
#王 1309893722-164885 sign_res
sign_res="
signTime=1612396800;signed=2
signTime=1613260800;signed=2
signTime=1613347200;signed=2"
sign_num="2"
sign_total_num="3"
giftName="null"
giftRes="ok"
giftDate="20210215"
sign_res_info="
2021/02/04_08:00:00  [已~签~到]      
2021/02/14_08:00:00  [已~签~到]      
2021/02/15_08:00:00  [已~签~到]      
当天签到奖励 null
连续签到 2 天
签到总天数 3"
#王 1309893722-164885 sign_res_end
#肥鹅 jd_4d651d9e48204 sign_res
sign_res="
signTime=1612396800;signed=2
signTime=1612483200;signed=2
signTime=1612569600;signed=2
signTime=1612656000;signed=2
signTime=1612742400;signed=2
signTime=1612828800;signed=2
signTime=1612915200;signed=2
signTime=1613001600;signed=2
signTime=1613088000;signed=2
signTime=1613174400;signed=2
signTime=1613260800;signed=2
signTime=1613347200;signed=2"
sign_num="12"
sign_total_num="12"
giftName="null"
giftRes="ok"
giftDate="20210215"
sign_res_info="
2021/02/04_08:00:00  [已~签~到]      
2021/02/05_08:00:00  [已~签~到]      
2021/02/06_08:00:00  [已~签~到]      
2021/02/07_08:00:00  [已~签~到]      
2021/02/08_08:00:00  [已~签~到]      
2021/02/09_08:00:00  [已~签~到]      
2021/02/10_08:00:00  [已~签~到]      
2021/02/11_08:00:00  [已~签~到]      
2021/02/12_08:00:00  [已~签~到]      
2021/02/13_08:00:00  [已~签~到]      
2021/02/14_08:00:00  [已~签~到]      
2021/02/15_08:00:00  [已~签~到]      
当天签到奖励 null
连续签到 12 天
签到总天数 12"
#肥鹅 jd_4d651d9e48204 sign_res_end
#移动 jd_OeTNobRVGiNZ sign_res
sign_res="
signTime=1612396800;signed=2
signTime=1612483200;signed=2
signTime=1612569600;signed=2
signTime=1612656000;signed=2
signTime=1612742400;signed=2
signTime=1612828800;signed=2
signTime=1612915200;signed=2
signTime=1613001600;signed=2
signTime=1613088000;signed=2
signTime=1613174400;signed=2
signTime=1613260800;signed=2
signTime=1613347200;signed=2"
sign_num="12"
sign_total_num="12"
giftName="null"
giftRes="ok"
giftDate="20210215"
sign_res_info="
2021/02/04_08:00:00  [已~签~到]      
2021/02/05_08:00:00  [已~签~到]      
2021/02/06_08:00:00  [已~签~到]      
2021/02/07_08:00:00  [已~签~到]      
2021/02/08_08:00:00  [已~签~到]      
2021/02/09_08:00:00  [已~签~到]      
2021/02/10_08:00:00  [已~签~到]      
2021/02/11_08:00:00  [已~签~到]      
2021/02/12_08:00:00  [已~签~到]      
2021/02/13_08:00:00  [已~签~到]      
2021/02/14_08:00:00  [已~签~到]      
2021/02/15_08:00:00  [已~签~到]      
当天签到奖励 null
连续签到 12 天
签到总天数 12"
#移动 jd_OeTNobRVGiNZ sign_res_end
