03/04/21 01:14:39 155037200  1614791679
RANDOM_num: 30
removed '/tmp/tmp.5RS8fHtezu'
03/04/21 01:14:39 307791200  1614791679 检查肥鹅签到

real	0m0.186s
user	0m0.016s
sys	0m0.078s
lzkj-isv.isvjcloud.com	FALSE	/	FALSE	1614792279	LZ_TOKEN_VALUE	B0oH3vDY2bhHWuKbVaJ+XQ==
lzkj-isv.isvjcloud.com	FALSE	/	FALSE	1614792279	LZ_TOKEN_KEY	lztokenpagefaa73c59d46d40048b79cdd9311b87b3
03/04/21 01:14:39 628162200  1614791679
use pt_key

real	0m0.148s
user	0m0.063s
sys	0m0.078s
03/04/21 01:14:39 794993300  1614791679 token: AAFgP8P_ADD9Xb2T1NXzEwtLlriYAFQPfvH0QRDPi0fP0ahBpqUhhgggNqbYq7H57VcR8qKTC64

real	0m0.295s
user	0m0.047s
sys	0m0.078s
03/04/21 01:14:40 282012600  1614791680 secretPin: 4YEv+ri88IbQX5lhoqHrzE7oeVP9kq2pYSH90mYt4m3fwcJlClpxrfmVYaGKuquQkdK3rLBQpEQH9V4tdrrh0w==

03/04/21 01:14:40 306735000  1614791680 肥鹅签到佳贝艾特京东自营官方旗舰店

real	0m0.290s
user	0m0.031s
sys	0m0.047s
{
  "msg": "签满7天后不能再参加了",
  "isOk": false
}
签满7天不能再参加了. /home/myid/jd/jd_signup/lzkj_sevenDay_vender/shop_1614776884_2_delay 写入 over

#店铺名称
vendername="佳贝艾特京东自营官方旗舰店"
#店铺激活码
actId="3f6c151718844239b7be3ecca403cd70"
#店铺id
venderId="1000002710"
#长链接
url="https://lzkj-isv.isvjcloud.com/sign/sevenDay/signActivity?activityId=3f6c151718844239b7be3ecca403cd70&venderId=1000002710&adsource=tg_storePage"

startTime=1614568200
endTime=1617203160
# 活动时间：2021-03-01 11:10 - 2021-03-31 23:06；
# 奖励说明：
actRule="
7天签到
连续签到1天：20元优惠券
连续签到2天：80元优惠券
连续签到3天：30店铺积分
连续签到4天：50店铺积分
连续签到5天：80店铺积分
连续签到6天：2京豆
连续签到7天：100元优惠券
"
#移动 jd_OeTNobRVGiNZ sign_res
sign_num="0"
giftName=""
giftRes=""
giftDate="20210303"
sign_res_info="7天签到 第 0 天
当天签到奖励 []"
#移动 jd_OeTNobRVGiNZ sign_res_end
#赵 122294312-396444 sign_res
sign_num="0"
giftName=""
giftRes="ok"
giftDate="20210303"
sign_res_info="7天签到 第 0 天
当天签到奖励 []"
giftOver="ok"
#赵 122294312-396444 sign_res_end
#王 1309893722-164885 sign_res
sign_num="0"
giftName=""
giftRes="ok"
giftDate="20210303"
sign_res_info="7天签到 第 0 天
当天签到奖励 []"
giftOver="ok"
#王 1309893722-164885 sign_res_end
#肥鹅 jd_4d651d9e48204 sign_res
sign_num="0"
giftName=""
giftRes="ok"
giftDate="20210303"
sign_res_info="7天签到 第 0 天
当天签到奖励 []"
giftOver="ok"
#肥鹅 jd_4d651d9e48204 sign_res_end
