02/27/21 01:17:09 244931100  1614359829
RANDOM_num: 40
removed '/tmp/tmp.fYahGLYwRc'
02/27/21 01:17:09 551725500  1614359829 检查王签到

real	0m0.347s
user	0m0.031s
sys	0m0.109s
[WARN] get LZ_TOKEN error
02/27/21 01:17:10 249200700  1614359830
use pt_key

real	0m0.423s
user	0m0.109s
sys	0m0.109s
02/27/21 01:17:10 757629700  1614359830 token: AAFgOS0WADDtkCNQgxzt7EcnRcJWmd7gE-MyHUBLEzpb1GsxTeBmwNauacqLEEOjygpiReO1DCQ
parse error: Invalid numeric literal at line 1, column 10

real	0m0.438s
user	0m0.125s
sys	0m0.047s
02/27/21 01:17:11 279350600  1614359831 secretPin: 
[WARN] get secretPin error

02/27/21 01:17:11 364172100  1614359831 王签到维他奶官方旗舰店

real	0m0.447s
user	0m0.031s
sys	0m0.109s
parse error: Invalid numeric literal at line 1, column 10
parse error: Invalid numeric literal at line 1, column 10
parse error: Invalid numeric literal at line 1, column 10
parse error: Invalid numeric literal at line 1, column 10
02/27/21 01:17:12 846511000 1614359832

real	0m0.538s
user	0m0.000s
sys	0m0.047s

real	0m0.690s
user	0m0.000s
sys	0m0.094s
[WARN] get LZ_TOKEN error
02/27/21 01:17:14 345992500  1614359834
use pt_key

real	0m0.471s
user	0m0.078s
sys	0m0.188s
02/27/21 01:17:14 936149800  1614359834 token: AAFgOS0aADAHC9ZCJgQvWmoeijsM9Kpg-TzvwnSkRmRLR7BL1j2JcYnAmfB7UsARP2Rim_yVXB0
parse error: Invalid numeric literal at line 1, column 10

real	0m0.678s
user	0m0.109s
sys	0m0.078s
02/27/21 01:17:15 737155200  1614359835 secretPin: 
[WARN] get secretPin error

/home/myid/jd/jd_signup/lzkj_isv_signUp_7.sh: line 233: /usr/bin/date: Invalid argument
 王签到维他奶官方旗舰店

real	0m0.458s
user	0m0.031s
sys	0m0.063s
parse error: Invalid numeric literal at line 1, column 10
parse error: Invalid numeric literal at line 1, column 10
parse error: Invalid numeric literal at line 1, column 10
parse error: Invalid numeric literal at line 1, column 10
02/27/21 01:17:17 315739800 1614359837

real	0m0.705s
user	0m0.000s
sys	0m0.047s

real	0m0.464s
user	0m0.031s
sys	0m0.109s
[WARN] get LZ_TOKEN error
02/27/21 01:17:18 922656300  1614359838
use pt_key

real	0m0.616s
user	0m0.109s
sys	0m0.078s
02/27/21 01:17:19 682888400  1614359839 token: AAFgOS0fADAyZhNqRgNkshYMS9oJnP4_DECh6D6efAw0T78GOjwgUPqMHK49DLY_BZKs0bnSg8Y
parse error: Invalid numeric literal at line 1, column 10

real	0m0.794s
user	0m0.125s
sys	0m0.063s
02/27/21 01:17:20 767765600  1614359840 secretPin: 
[WARN] get secretPin error

02/27/21 01:17:20 900265500  1614359840 王签到维他奶官方旗舰店

real	0m0.524s
user	0m0.031s
sys	0m0.078s
parse error: Invalid numeric literal at line 1, column 10
parse error: Invalid numeric literal at line 1, column 10
parse error: Invalid numeric literal at line 1, column 10
parse error: Invalid numeric literal at line 1, column 10
02/27/21 01:17:23 216217200 1614359843

real	0m2.136s
user	0m0.000s
sys	0m0.063s

real	0m0.619s
user	0m0.047s
sys	0m0.047s
[WARN] get LZ_TOKEN error
02/27/21 01:17:26 395003200  1614359846
use pt_key

real	0m0.698s
user	0m0.125s
sys	0m0.094s
02/27/21 01:17:27 378789000  1614359847 token: AAFgOS0nADDXbAtLw2vOGABE9Yy62kk5e5e9jZhgwXusM6WZEAH9Y2chsB35bSsjpAlfSx1pU0Q
parse error: Invalid numeric literal at line 1, column 10

real	0m0.880s
user	0m0.109s
sys	0m0.094s
02/27/21 01:17:28 404931400  1614359848 secretPin: 
[WARN] get secretPin error

02/27/21 01:17:28 587174100  1614359848 王签到维他奶官方旗舰店

real	0m0.489s
user	0m0.016s
sys	0m0.109s
parse error: Invalid numeric literal at line 1, column 10
parse error: Invalid numeric literal at line 1, column 10
parse error: Invalid numeric literal at line 1, column 10
parse error: Invalid numeric literal at line 1, column 10
02/27/21 01:17:30 873301400 1614359850

real	0m1.596s
user	0m0.000s
sys	0m0.063s

real	0m0.665s
user	0m0.047s
sys	0m0.094s
[WARN] get LZ_TOKEN error
02/27/21 01:17:33 782011500  1614359853
use pt_key

real	0m0.669s
user	0m0.109s
sys	0m0.109s
02/27/21 01:17:34 587062800  1614359854 token: AAFgOS0uADAZCu2Ro6IEpDKOWj843W5nUjL8B_qgjjjftiLlU5ZWutJ-wRHI5559dhSEp5mf6L0
parse error: Invalid numeric literal at line 1, column 10

real	0m1.197s
user	0m0.109s
sys	0m0.063s
02/27/21 01:17:36 038952400  1614359856 secretPin: 
[WARN] get secretPin error

02/27/21 01:17:36 296172900  1614359856 王签到维他奶官方旗舰店

real	0m0.852s
user	0m0.047s
sys	0m0.047s
parse error: Invalid numeric literal at line 1, column 10
parse error: Invalid numeric literal at line 1, column 10
parse error: Invalid numeric literal at line 1, column 10
parse error: Invalid numeric literal at line 1, column 10
02/27/21 01:17:39 617222200 1614359859

real	0m1.725s
user	0m0.000s
sys	0m0.031s

real	0m0.783s
user	0m0.016s
sys	0m0.078s
[WARN] get LZ_TOKEN error
02/27/21 01:17:42 808628500  1614359862
use pt_key

real	0m0.994s
user	0m0.125s
sys	0m0.094s
02/27/21 01:17:44 039776100  1614359864 token: AAFgOS03ADCRyYy__3YG5rzCHwob_rhpLYarDQNnic_Fxs8bXIN3zebpDoIckS3UqFJkn3H-JKA
parse error: Invalid numeric literal at line 1, column 10

real	0m1.789s
user	0m0.125s
sys	0m0.094s
02/27/21 01:17:46 121576700  1614359866 secretPin: 
[WARN] get secretPin error

02/27/21 01:17:46 532792600  1614359866 王签到维他奶官方旗舰店

real	0m1.107s
user	0m0.031s
sys	0m0.078s
parse error: Invalid numeric literal at line 1, column 10
parse error: Invalid numeric literal at line 1, column 10
parse error: Invalid numeric literal at line 1, column 10
parse error: Invalid numeric literal at line 1, column 10
02/27/21 01:17:50 809353400 1614359870

real	0m2.220s
user	0m0.000s
sys	0m0.063s

real	0m2.690s
user	0m0.016s
sys	0m0.094s
[WARN] get LZ_TOKEN error
02/27/21 01:17:56 978493500  1614359876
use pt_key

real	0m1.115s
user	0m0.125s
sys	0m0.078s
02/27/21 01:17:58 601670900  1614359878 token: AAFgOS1FADDa_dQgFBjeMSqmiWPHQzNmACDzlLO8xqjlc-jUU1SpA-MfKeqe5w3kA4Ya9CS71fE
parse error: Invalid numeric literal at line 1, column 10

real	0m1.624s
user	0m0.078s
sys	0m0.156s
02/27/21 01:18:00 543988400  1614359880 secretPin: 
[WARN] get secretPin error

02/27/21 01:18:00 784404200  1614359880 王签到维他奶官方旗舰店

real	0m1.420s
user	0m0.016s
sys	0m0.125s
parse error: Invalid numeric literal at line 1, column 10
parse error: Invalid numeric literal at line 1, column 10
parse error: Invalid numeric literal at line 1, column 10
parse error: Invalid numeric literal at line 1, column 10
02/27/21 01:18:05 910126700 1614359885

real	0m2.567s
user	0m0.000s
sys	0m0.047s

real	0m2.271s
user	0m0.000s
sys	0m0.109s
[WARN] get LZ_TOKEN error
02/27/21 01:18:11 988636000  1614359891
use pt_key

real	0m2.007s
user	0m0.109s
sys	0m0.109s
02/27/21 01:18:14 377737000  1614359894 token: AAFgOS1VADBMLva0sC-pKcU9NI1W8HWjvrTltJvDNtL9PInVKr2_OnfVApDGKk7fWAMvYLO1SRw
parse error: Invalid numeric literal at line 1, column 10

real	0m1.633s
user	0m0.094s
sys	0m0.141s
02/27/21 01:18:16 461548900  1614359896 secretPin: 
[WARN] get secretPin error

02/27/21 01:18:16 865462800  1614359896 王签到维他奶官方旗舰店

real	0m1.110s
user	0m0.016s
sys	0m0.078s
parse error: Invalid numeric literal at line 1, column 10
parse error: Invalid numeric literal at line 1, column 10
parse error: Invalid numeric literal at line 1, column 10
parse error: Invalid numeric literal at line 1, column 10
02/27/21 01:18:22 392112900 1614359902

real	0m2.581s
user	0m0.000s
sys	0m0.047s

real	0m1.543s
user	0m0.031s
sys	0m0.078s
[WARN] get LZ_TOKEN error
02/27/21 01:18:28 065002900  1614359908
use pt_key

real	0m1.917s
user	0m0.109s
sys	0m0.094s
02/27/21 01:18:30 459110900  1614359910 token: AAFgOS1lADDcjPtRfwl05G734EsWL7wL44OVyAFWcbeXwhpEbHRxnS0n8ZiBAcoLO0ZTqDbbP3k
parse error: Invalid numeric literal at line 1, column 10

real	0m1.359s
user	0m0.078s
sys	0m0.078s
02/27/21 01:18:32 377640000  1614359912 secretPin: 
[WARN] get secretPin error

02/27/21 01:18:32 863837300  1614359912 王签到维他奶官方旗舰店

real	0m1.208s
user	0m0.031s
sys	0m0.125s
parse error: Invalid numeric literal at line 1, column 10
parse error: Invalid numeric literal at line 1, column 10
parse error: Invalid numeric literal at line 1, column 10
parse error: Invalid numeric literal at line 1, column 10
02/27/21 01:18:40 234289800 1614359920

real	0m2.905s
user	0m0.016s
sys	0m0.000s

real	0m1.821s
user	0m0.016s
sys	0m0.109s
[WARN] get LZ_TOKEN error
02/27/21 01:18:47 040889300  1614359927
use pt_key

real	0m1.726s
user	0m0.125s
sys	0m0.063s
02/27/21 01:18:49 253695400  1614359929 token: AAFgOS14ADB971GB8lj65MEPusF1yFJ3H22rYRfcDqueCp6M9OHPXUdzHFPveZSxvEFXtAqAMo8
parse error: Invalid numeric literal at line 1, column 10

real	0m1.740s
user	0m0.156s
sys	0m0.063s
02/27/21 01:18:51 871491200  1614359931 secretPin: 
[WARN] get secretPin error

02/27/21 01:18:52 165405700  1614359932 王签到维他奶官方旗舰店

real	0m1.509s
user	0m0.031s
sys	0m0.078s
parse error: Invalid numeric literal at line 1, column 10
parse error: Invalid numeric literal at line 1, column 10
parse error: Invalid numeric literal at line 1, column 10
parse error: Invalid numeric literal at line 1, column 10
02/27/21 01:19:00 924151800 1614359940

real	0m3.468s
user	0m0.000s
sys	0m0.047s

real	0m1.908s
user	0m0.016s
sys	0m0.094s
[WARN] get LZ_TOKEN error
02/27/21 01:19:07 697219100  1614359947
use pt_key

real	0m1.656s
user	0m0.125s
sys	0m0.109s
02/27/21 01:19:09 939669300  1614359949 token: AAFgOS2NADBRvjiQmkd-Y3bqqhcLctS-NdHigQlt_CLLjYUfFsroU_Rq_LyP9XUb0o5VfqDUjyI
parse error: Invalid numeric literal at line 1, column 10

real	0m2.099s
user	0m0.109s
sys	0m0.109s
02/27/21 01:19:12 862854500  1614359952 secretPin: 
[WARN] get secretPin error

02/27/21 01:19:13 217936300  1614359953 王签到维他奶官方旗舰店

real	0m1.790s
user	0m0.047s
sys	0m0.094s
parse error: Invalid numeric literal at line 1, column 10
parse error: Invalid numeric literal at line 1, column 10
parse error: Invalid numeric literal at line 1, column 10
parse error: Invalid numeric literal at line 1, column 10
02/27/21 01:19:19 333810800 1614359959

real	0m3.567s
user	0m0.016s
sys	0m0.031s

real	0m1.326s
user	0m0.000s
sys	0m0.156s
[WARN] get LZ_TOKEN error
02/27/21 01:19:26 709290700  1614359966
use pt_key

real	0m2.547s
user	0m0.125s
sys	0m0.141s
02/27/21 01:19:29 916655900  1614359969 token: AAFgOS2gADAm0No0s8TJZvSCc-EOWgLVkkk5BJCPfX71w75gXN1i6OeBH4TFZP1CQXTMHkEeqAA
parse error: Invalid numeric literal at line 1, column 10

real	0m1.945s
user	0m0.141s
sys	0m0.063s
02/27/21 01:19:32 202131700  1614359972 secretPin: 
[WARN] get secretPin error

02/27/21 01:19:32 655614500  1614359972 王签到维他奶官方旗舰店

real	0m1.999s
user	0m0.016s
sys	0m0.109s
parse error: Invalid numeric literal at line 1, column 10
parse error: Invalid numeric literal at line 1, column 10
parse error: Invalid numeric literal at line 1, column 10
parse error: Invalid numeric literal at line 1, column 10
02/27/21 01:19:39 956943200 1614359979

real	0m3.905s
user	0m0.000s
sys	0m0.047s

real	0m1.268s
user	0m0.016s
sys	0m0.141s
[WARN] get LZ_TOKEN error
02/27/21 01:19:46 348736600  1614359986
use pt_key

real	0m1.904s
user	0m0.078s
sys	0m0.125s
02/27/21 01:19:48 676499600  1614359988 token: AAFgOS2zADCXSHKy7ub2t16oFkEQgeWVbVnurHPdxiQS1WK1y8g2Y90Wscg7QwQGpobgP07t_4A
parse error: Invalid numeric literal at line 1, column 10

real	0m3.047s
user	0m0.094s
sys	0m0.109s
02/27/21 01:19:52 254748100  1614359992 secretPin: 
[WARN] get secretPin error

02/27/21 01:19:52 916106100  1614359992 王签到维他奶官方旗舰店

real	0m0.702s
user	0m0.016s
sys	0m0.094s
parse error: Invalid numeric literal at line 1, column 10
parse error: Invalid numeric literal at line 1, column 10
parse error: Invalid numeric literal at line 1, column 10
parse error: Invalid numeric literal at line 1, column 10
02/27/21 01:19:59 255238800 1614359999

real	0m4.199s
user	0m0.000s
sys	0m0.016s

real	0m1.672s
user	0m0.031s
sys	0m0.109s
[WARN] get LZ_TOKEN error
02/27/21 01:20:06 515198100  1614360006
use pt_key

real	0m1.749s
user	0m0.109s
sys	0m0.094s
02/27/21 01:20:08 860554500  1614360008 token: AAFgOS3IADCkSAJH8RzUbOZLS1rm5fAnC85yq0W4ZvPTzMoe0gxm3apoPpR0jtfGtx_6lwir8KI
parse error: Invalid numeric literal at line 1, column 10

real	0m2.100s
user	0m0.078s
sys	0m0.156s
02/27/21 01:20:11 699407700  1614360011 secretPin: 
[WARN] get secretPin error

02/27/21 01:20:12 416247800  1614360012 王签到维他奶官方旗舰店

real	0m1.276s
user	0m0.063s
sys	0m0.047s
parse error: Invalid numeric literal at line 1, column 10
parse error: Invalid numeric literal at line 1, column 10
parse error: Invalid numeric literal at line 1, column 10
parse error: Invalid numeric literal at line 1, column 10
02/27/21 01:20:17 692911600 1614360017

real	0m4.092s
user	0m0.016s
sys	0m0.063s

real	0m1.472s
user	0m0.016s
sys	0m0.078s
[WARN] get LZ_TOKEN error
02/27/21 01:20:24 874312000  1614360024
use pt_key

real	0m1.182s
user	0m0.188s
sys	0m0.109s
02/27/21 01:20:27 678999400  1614360027 token: AAFgOS3aADDSplrFiOt8UdZHMpnxNXEx5LxLUCLnXUmrH2WGU5pNBKBxHTij_rexVedy1OYyBeY
parse error: Invalid numeric literal at line 1, column 10

real	0m1.920s
user	0m0.063s
sys	0m0.125s
02/27/21 01:20:30 052550200  1614360030 secretPin: 
[WARN] get secretPin error

02/27/21 01:20:30 846259500  1614360030 王签到维他奶官方旗舰店

real	0m1.513s
user	0m0.047s
sys	0m0.078s
parse error: Invalid numeric literal at line 1, column 10
parse error: Invalid numeric literal at line 1, column 10
parse error: Invalid numeric literal at line 1, column 10
parse error: Invalid numeric literal at line 1, column 10
02/27/21 01:20:35 551975000 1614360035

real	0m3.828s
user	0m0.000s
sys	0m0.031s

real	0m1.838s
user	0m0.031s
sys	0m0.078s
[WARN] get LZ_TOKEN error
02/27/21 01:20:42 336243800  1614360042
use pt_key

real	0m1.415s
user	0m0.078s
sys	0m0.172s
02/27/21 01:20:44 266196800  1614360044 token: AAFgOS3rADCXT3STg9M0VrdQqX2ptOqcDv2irl29WRwH5njTVU9Qoc08_LWIV4SdrucHJKo2uso
parse error: Invalid numeric literal at line 1, column 10

real	0m1.743s
user	0m0.125s
sys	0m0.125s
02/27/21 01:20:46 469099100  1614360046 secretPin: 
[WARN] get secretPin error

02/27/21 01:20:46 784289300  1614360046 王签到维他奶官方旗舰店

real	0m1.623s
user	0m0.031s
sys	0m0.063s
parse error: Invalid numeric literal at line 1, column 10
parse error: Invalid numeric literal at line 1, column 10
parse error: Invalid numeric literal at line 1, column 10
parse error: Invalid numeric literal at line 1, column 10
02/27/21 01:20:52 025939700 1614360052

real	0m4.309s
user	0m0.000s
sys	0m0.016s

real	0m1.629s
user	0m0.109s
sys	0m0.063s
[WARN] get LZ_TOKEN error
02/27/21 01:20:59 349857600  1614360059
use pt_key

real	0m1.329s
user	0m0.141s
sys	0m0.094s
02/27/21 01:21:00 996480600  1614360060 token: AAFgOS38ADByLsKhoCIMwIwwvNF4FC2GdEjZpfmd5ifQpsnvT3KhlhdRJSne15qG5Zera--8ugI
parse error: Invalid numeric literal at line 1, column 10

real	0m1.031s
user	0m0.094s
sys	0m0.109s
02/27/21 01:21:02 478568900  1614360062 secretPin: 
[WARN] get secretPin error

02/27/21 01:21:02 797429700  1614360062 王签到维他奶官方旗舰店

real	0m1.128s
user	0m0.031s
sys	0m0.078s
parse error: Invalid numeric literal at line 1, column 10
parse error: Invalid numeric literal at line 1, column 10
parse error: Invalid numeric literal at line 1, column 10
parse error: Invalid numeric literal at line 1, column 10
02/27/21 01:21:09 343773900 1614360069

real	0m4.857s
user	0m0.000s
sys	0m0.078s

real	0m2.188s
user	0m0.031s
sys	0m0.156s
[WARN] get LZ_TOKEN error
02/27/21 01:21:17 083772000  1614360077
use pt_key

real	0m1.290s
user	0m0.125s
sys	0m0.109s
02/27/21 01:21:18 575700800  1614360078 token: AAFgOS4OADBIyFGcq0A_s9Ia2N-VGb3U0scJuQRXhkdaCbg3ZLBBPR12wyoEGI8MNsT89Uwo_xc
parse error: Invalid numeric literal at line 1, column 10

real	0m1.166s
user	0m0.094s
sys	0m0.141s
02/27/21 01:21:20 043045300  1614360080 secretPin: 
[WARN] get secretPin error

02/27/21 01:21:20 278690100  1614360080 王签到维他奶官方旗舰店

real	0m1.304s
user	0m0.063s
sys	0m0.078s
parse error: Invalid numeric literal at line 1, column 10
parse error: Invalid numeric literal at line 1, column 10
parse error: Invalid numeric literal at line 1, column 10
parse error: Invalid numeric literal at line 1, column 10
02/27/21 01:21:25 539902000 1614360085

real	0m4.330s
user	0m0.000s
sys	0m0.031s

real	0m1.074s
user	0m0.016s
sys	0m0.078s
[WARN] get LZ_TOKEN error
02/27/21 01:21:32 032504500  1614360092
use pt_key

real	0m1.062s
user	0m0.125s
sys	0m0.078s
02/27/21 01:21:33 283310800  1614360093 token: AAFgOS4dADAHkDvkPCfDMY2lKcVa6NSX4ccbPsis7IekE3fSqbcrg3wasCOIW1FskWq3aq01irY
parse error: Invalid numeric literal at line 1, column 10

real	0m1.155s
user	0m0.156s
sys	0m0.063s
02/27/21 01:21:34 749088100  1614360094 secretPin: 
[WARN] get secretPin error

02/27/21 01:21:35 099043800  1614360095 王签到维他奶官方旗舰店

real	0m0.934s
user	0m0.016s
sys	0m0.141s
parse error: Invalid numeric literal at line 1, column 10
parse error: Invalid numeric literal at line 1, column 10
parse error: Invalid numeric literal at line 1, column 10
parse error: Invalid numeric literal at line 1, column 10
02/27/21 01:21:39 328450900 1614360099

real	0m4.690s
user	0m0.000s
sys	0m0.031s

real	0m1.012s
user	0m0.047s
sys	0m0.094s
[WARN] get LZ_TOKEN error
02/27/21 01:21:46 227478800  1614360106
use pt_key

real	0m1.302s
user	0m0.125s
sys	0m0.156s
02/27/21 01:21:47 780788300  1614360107 token: AAFgOS4rADBZeXVKyKydxsJ2oCf9URwYvULK9YDoOgmpK7oLj5BoMyvUg6vys-sACPV_S4MZGEI
parse error: Invalid numeric literal at line 1, column 10

real	0m1.446s
user	0m0.125s
sys	0m0.109s
02/27/21 01:21:49 620752900  1614360109 secretPin: 
[WARN] get secretPin error

02/27/21 01:21:49 851957000  1614360109 王签到维他奶官方旗舰店

real	0m0.973s
user	0m0.047s
sys	0m0.078s
parse error: Invalid numeric literal at line 1, column 10
parse error: Invalid numeric literal at line 1, column 10
parse error: Invalid numeric literal at line 1, column 10
parse error: Invalid numeric literal at line 1, column 10
02/27/21 01:21:54 659146400 1614360114

real	0m4.865s
user	0m0.000s
sys	0m0.016s
02/27/21 01:22:40 203489700  1614360160
parse error: Invalid numeric literal at line 1, column 10
签到是否成功解析失败. 不再写/home/myid/jd/jd_signup/lzkj_sevenDay_vender/shop_1613569750_65_delay

王签到维他奶官方旗舰店查看结果, 活动规则
<!DOCTYPE html>
<html>
 <head> 
  <title>京东</title> 
  <meta charset="utf-8" /> 
  <meta name="apple-mobile-web-app-capable" content="yes" /> 
  <meta name="viewport" content="width=device-width,initial-scale=1,user-scalable=no,maximum-scale=1,viewport-fit=cover" /> 
  <meta name="format-detection" content="telephone=no" /> 
  <meta name="x5-cache" content="enable" /> 
  <link rel="stylesheet" href="https://storage.360buyimg.com/babel/00162638/333378/production/dev/parser.1526555535098.css?t=20180517191236" /> 
  <style> img {
            opacity: 1 !important;
        } </style> 
  <link href="https://storage.360buyimg.com/babel/00170893/348321/production/dev/index.7320a380.css?t=20180802150952" rel="stylesheet" />
 </head> 
 <body style="background:#fff;" id="root"> 
  <div class="errorPage"> 
  </div> 
  <div class="placeholer"> 
  </div> 
  <script src="https://wl.jd.com/unify.min.js"></script> 
  <script type="text/javascript" src="https://storage.360buyimg.com/babel/00170893/348321/production/dev/index.0f8f4dba.js?t=20180802150952"></script> 
 </body>
</html>

#店铺名称
vendername="维他奶官方旗舰店"
#店铺激活码
actId="35d14c0f97194095934fbde1271ff651"
#店铺id
venderId="10353060"
#长链接
url="https://lzkj-isv.isvjcloud.com/sign/sevenDay/signActivity?activityId=35d14c0f97194095934fbde1271ff651&venderId=10353060&adsource=tg_xuanFuTuBiao"

startTime=1612251960
endTime=1614527940
# 活动时间：2021-02-02 15:46 - 2021-02-28 23:59；
# 奖励说明：
actRule="
7天签到
连续签到1天：10店铺积分
连续签到2天：
连续签到3天：20店铺积分
连续签到4天：
连续签到5天：
连续签到6天：
连续签到7天：100店铺积分
"
#移动 jd_OeTNobRVGiNZ sign_res
sign_num="3"
giftName=""20店铺积分""
giftRes="ok"
giftDate="20210226"
sign_res_info="7天签到 第 3 天
当天签到奖励 ["20店铺积分"]"
#移动 jd_OeTNobRVGiNZ sign_res_end
#赵 122294312-396444 sign_res
sign_num="2"
giftName="null"
giftRes="ok"
giftDate="20210226"
sign_res_info="7天签到 第 2 天
当天签到奖励 [null]"
#赵 122294312-396444 sign_res_end
#王 1309893722-164885 sign_res
sign_num="2"
giftName="null"
giftRes="ok"
giftDate="20210226"
sign_res_info="7天签到 第 2 天
当天签到奖励 [null]"
#王 1309893722-164885 sign_res_end
#肥鹅 jd_4d651d9e48204 sign_res
sign_num="2"
giftName="null"
giftRes="ok"
giftDate="20210226"
sign_res_info="7天签到 第 2 天
当天签到奖励 [null]"
#肥鹅 jd_4d651d9e48204 sign_res_end
