03/21/21 01:10:54 745215400  1616260254
RANDOM_num: 40
removed '/tmp/tmp.QBetA7kwDB'
03/21/21 01:10:54 877018300  1616260254 检查jd_4d651d9e48204签到
removed '/tmp/tmp.8tHBCjgoYS'
03/21/21 01:10:54 955195400  1616260254 检查jd_OeTNobRVGiNZ签到

03/21/21 01:10:55 004965400  1616260255 肥鹅签到迪士尼书包京东自营专区

real	0m0.114s
user	0m0.016s
sys	0m0.047s
{"code":200,"data":[],"class":"com.jd.interact.center.client.api.common.param.Results","success":true}

03/21/21 01:10:55 190708900  1616260255 移动签到迪士尼书包京东自营专区

real	0m0.135s
user	0m0.016s
sys	0m0.109s
{"code":200,"data":[],"class":"com.jd.interact.center.client.api.common.param.Results","success":true}
03/21/21 01:10:55 399894100 1616260255
03/21/21 01:10:55 411438300 1616260255 签到迪士尼书包京东自营专区完成

03/21/21 01:11:35 454240400  1616260295
肥鹅签到迪士尼书包京东自营专区查看结果
200
首次签到成功. 写入giftName: 

***********************************************
2021/02/23_00:00:00  2    未签到
2021/02/24_00:00:00  2    未签到
2021/02/25_00:00:00  2    未签到
2021/02/26_00:00:00  2    未签到
2021/02/27_00:00:00  2    未签到
2021/02/28_00:00:00  2    未签到
2021/03/01_00:00:00  2    未签到
2021/03/02_00:00:00  2    未签到
2021/03/03_00:00:00  2    未签到
2021/03/04_00:00:00  2    未签到
2021/03/05_00:00:00  2    未签到
2021/03/06_00:00:00  2    未签到
2021/03/07_00:00:00  2    未签到
2021/03/08_00:00:00  2    未签到
2021/03/09_00:00:00  2    未签到
2021/03/10_00:00:00  2    未签到
2021/03/11_00:00:00  2    未签到
2021/03/12_00:00:00  2    未签到
2021/03/13_00:00:00  2    未签到
2021/03/14_12:32:29  2    [已~签~到]
2021/03/15_01:12:01  2    [已~签~到]
2021/03/16_00:00:00  2    [已~签~到]
2021/03/17_01:11:31  2    [已~签~到]
2021/03/18_01:11:21  2    [已~签~到]
2021/03/19_01:09:45  2    [已~签~到]
2021/03/20_00:00:01  2    [已~签~到]
2021/03/21_01:10:55  1    [已~签~到]
2021/03/22_00:00:00  3    未签到
2021/03/23_00:00:00  3    未签到
当天签到奖励 []
已签到 8 天
***********************************************

移动签到迪士尼书包京东自营专区查看结果
200
首次签到成功. 写入giftName: 

***********************************************
2021/02/23_00:00:00  2    未签到
2021/02/24_00:00:00  2    未签到
2021/02/25_00:00:00  2    未签到
2021/02/26_00:00:00  2    未签到
2021/02/27_00:00:00  2    未签到
2021/02/28_00:00:00  2    未签到
2021/03/01_00:00:00  2    未签到
2021/03/02_00:00:00  2    未签到
2021/03/03_00:00:00  2    未签到
2021/03/04_00:00:00  2    未签到
2021/03/05_00:00:00  2    未签到
2021/03/06_00:00:00  2    未签到
2021/03/07_00:00:00  2    未签到
2021/03/08_00:00:00  2    未签到
2021/03/09_00:00:00  2    未签到
2021/03/10_00:00:00  2    未签到
2021/03/11_00:00:00  2    未签到
2021/03/12_00:00:00  2    未签到
2021/03/13_00:00:00  2    未签到
2021/03/14_12:32:30  2    [已~签~到]
2021/03/15_01:12:01  2    [已~签~到]
2021/03/16_00:00:02  2    [已~签~到]
2021/03/17_01:11:32  2    [已~签~到]
2021/03/18_01:11:21  2    [已~签~到]
2021/03/19_01:09:46  2    [已~签~到]
2021/03/20_00:00:03  2    [已~签~到]
2021/03/21_01:10:55  1    [已~签~到]
2021/03/22_00:00:00  3    未签到
2021/03/23_00:00:00  3    未签到
当天签到奖励 []
已签到 8 天
***********************************************



肥鹅签到迪士尼书包京东自营专区日志
{"code":200,"data":{"signRecords":[{"signTime":1614009600000,"currentDay":2,"signed":1,"class":"com.jd.interact.center.client.api.color.domain.sign.InteractActivityUserActionRecord"},{"signTime":1614096000000,"currentDay":2,"signed":1,"class":"com.jd.interact.center.client.api.color.domain.sign.InteractActivityUserActionRecord"},{"signTime":1614182400000,"currentDay":2,"signed":1,"class":"com.jd.interact.center.client.api.color.domain.sign.InteractActivityUserActionRecord"},{"signTime":1614268800000,"currentDay":2,"signed":1,"class":"com.jd.interact.center.client.api.color.domain.sign.InteractActivityUserActionRecord"},{"signTime":1614355200000,"currentDay":2,"signed":1,"class":"com.jd.interact.center.client.api.color.domain.sign.InteractActivityUserActionRecord"},{"signTime":1614441600000,"currentDay":2,"signed":1,"class":"com.jd.interact.center.client.api.color.domain.sign.InteractActivityUserActionRecord"},{"signTime":1614528000000,"currentDay":2,"signed":1,"class":"com.jd.interact.center.client.api.color.domain.sign.InteractActivityUserActionRecord"},{"signTime":1614614400000,"currentDay":2,"signed":1,"class":"com.jd.interact.center.client.api.color.domain.sign.InteractActivityUserActionRecord"},{"signTime":1614700800000,"currentDay":2,"signed":1,"class":"com.jd.interact.center.client.api.color.domain.sign.InteractActivityUserActionRecord"},{"signTime":1614787200000,"currentDay":2,"signed":1,"class":"com.jd.interact.center.client.api.color.domain.sign.InteractActivityUserActionRecord"},{"signTime":1614873600000,"currentDay":2,"signed":1,"class":"com.jd.interact.center.client.api.color.domain.sign.InteractActivityUserActionRecord"},{"signTime":1614960000000,"currentDay":2,"signed":1,"class":"com.jd.interact.center.client.api.color.domain.sign.InteractActivityUserActionRecord"},{"signTime":1615046400000,"currentDay":2,"signed":1,"class":"com.jd.interact.center.client.api.color.domain.sign.InteractActivityUserActionRecord"},{"signTime":1615132800000,"currentDay":2,"signed":1,"class":"com.jd.interact.center.client.api.color.domain.sign.InteractActivityUserActionRecord"},{"signTime":1615219200000,"currentDay":2,"signed":1,"class":"com.jd.interact.center.client.api.color.domain.sign.InteractActivityUserActionRecord"},{"signTime":1615305600000,"currentDay":2,"signed":1,"class":"com.jd.interact.center.client.api.color.domain.sign.InteractActivityUserActionRecord"},{"signTime":1615392000000,"currentDay":2,"signed":1,"class":"com.jd.interact.center.client.api.color.domain.sign.InteractActivityUserActionRecord"},{"signTime":1615478400000,"currentDay":2,"signed":1,"class":"com.jd.interact.center.client.api.color.domain.sign.InteractActivityUserActionRecord"},{"signTime":1615564800000,"currentDay":2,"signed":1,"class":"com.jd.interact.center.client.api.color.domain.sign.InteractActivityUserActionRecord"},{"signTime":1615696349946,"currentDay":2,"signed":2,"class":"com.jd.interact.center.client.api.color.domain.sign.InteractActivityUserActionRecord"},{"signTime":1615741921182,"currentDay":2,"signed":2,"class":"com.jd.interact.center.client.api.color.domain.sign.InteractActivityUserActionRecord"},{"signTime":1615824000873,"currentDay":2,"signed":2,"class":"com.jd.interact.center.client.api.color.domain.sign.InteractActivityUserActionRecord"},{"signTime":1615914691993,"currentDay":2,"signed":2,"class":"com.jd.interact.center.client.api.color.domain.sign.InteractActivityUserActionRecord"},{"signTime":1616001081478,"currentDay":2,"signed":2,"class":"com.jd.interact.center.client.api.color.domain.sign.InteractActivityUserActionRecord"},{"signTime":1616087385917,"currentDay":2,"signed":2,"class":"com.jd.interact.center.client.api.color.domain.sign.InteractActivityUserActionRecord"},{"signTime":1616169601588,"currentDay":2,"signed":2,"class":"com.jd.interact.center.client.api.color.domain.sign.InteractActivityUserActionRecord"},{"signTime":1616260255114,"currentDay":1,"signed":2,"class":"com.jd.interact.center.client.api.color.domain.sign.InteractActivityUserActionRecord"},{"signTime":1616342400000,"currentDay":3,"signed":1,"class":"com.jd.interact.center.client.api.color.domain.sign.InteractActivityUserActionRecord"},{"signTime":1616428800000,"currentDay":3,"signed":1,"class":"com.jd.interact.center.client.api.color.domain.sign.InteractActivityUserActionRecord"}],"days":8,"class":"com.jd.interact.center.client.api.color.domain.sign.ShopSignUserRecord"},"class":"com.jd.interact.center.client.api.common.param.Results","success":true}
{
  "contiSignNum": 8
}
移动签到迪士尼书包京东自营专区日志
{"code":200,"data":{"signRecords":[{"currentDay":2,"signTime":1614009600000,"signed":1,"class":"com.jd.interact.center.client.api.color.domain.sign.InteractActivityUserActionRecord"},{"currentDay":2,"signTime":1614096000000,"signed":1,"class":"com.jd.interact.center.client.api.color.domain.sign.InteractActivityUserActionRecord"},{"currentDay":2,"signTime":1614182400000,"signed":1,"class":"com.jd.interact.center.client.api.color.domain.sign.InteractActivityUserActionRecord"},{"currentDay":2,"signTime":1614268800000,"signed":1,"class":"com.jd.interact.center.client.api.color.domain.sign.InteractActivityUserActionRecord"},{"currentDay":2,"signTime":1614355200000,"signed":1,"class":"com.jd.interact.center.client.api.color.domain.sign.InteractActivityUserActionRecord"},{"currentDay":2,"signTime":1614441600000,"signed":1,"class":"com.jd.interact.center.client.api.color.domain.sign.InteractActivityUserActionRecord"},{"currentDay":2,"signTime":1614528000000,"signed":1,"class":"com.jd.interact.center.client.api.color.domain.sign.InteractActivityUserActionRecord"},{"currentDay":2,"signTime":1614614400000,"signed":1,"class":"com.jd.interact.center.client.api.color.domain.sign.InteractActivityUserActionRecord"},{"currentDay":2,"signTime":1614700800000,"signed":1,"class":"com.jd.interact.center.client.api.color.domain.sign.InteractActivityUserActionRecord"},{"currentDay":2,"signTime":1614787200000,"signed":1,"class":"com.jd.interact.center.client.api.color.domain.sign.InteractActivityUserActionRecord"},{"currentDay":2,"signTime":1614873600000,"signed":1,"class":"com.jd.interact.center.client.api.color.domain.sign.InteractActivityUserActionRecord"},{"currentDay":2,"signTime":1614960000000,"signed":1,"class":"com.jd.interact.center.client.api.color.domain.sign.InteractActivityUserActionRecord"},{"currentDay":2,"signTime":1615046400000,"signed":1,"class":"com.jd.interact.center.client.api.color.domain.sign.InteractActivityUserActionRecord"},{"currentDay":2,"signTime":1615132800000,"signed":1,"class":"com.jd.interact.center.client.api.color.domain.sign.InteractActivityUserActionRecord"},{"currentDay":2,"signTime":1615219200000,"signed":1,"class":"com.jd.interact.center.client.api.color.domain.sign.InteractActivityUserActionRecord"},{"currentDay":2,"signTime":1615305600000,"signed":1,"class":"com.jd.interact.center.client.api.color.domain.sign.InteractActivityUserActionRecord"},{"currentDay":2,"signTime":1615392000000,"signed":1,"class":"com.jd.interact.center.client.api.color.domain.sign.InteractActivityUserActionRecord"},{"currentDay":2,"signTime":1615478400000,"signed":1,"class":"com.jd.interact.center.client.api.color.domain.sign.InteractActivityUserActionRecord"},{"currentDay":2,"signTime":1615564800000,"signed":1,"class":"com.jd.interact.center.client.api.color.domain.sign.InteractActivityUserActionRecord"},{"currentDay":2,"signTime":1615696350274,"signed":2,"class":"com.jd.interact.center.client.api.color.domain.sign.InteractActivityUserActionRecord"},{"currentDay":2,"signTime":1615741921413,"signed":2,"class":"com.jd.interact.center.client.api.color.domain.sign.InteractActivityUserActionRecord"},{"currentDay":2,"signTime":1615824002048,"signed":2,"class":"com.jd.interact.center.client.api.color.domain.sign.InteractActivityUserActionRecord"},{"currentDay":2,"signTime":1615914692220,"signed":2,"class":"com.jd.interact.center.client.api.color.domain.sign.InteractActivityUserActionRecord"},{"currentDay":2,"signTime":1616001081716,"signed":2,"class":"com.jd.interact.center.client.api.color.domain.sign.InteractActivityUserActionRecord"},{"currentDay":2,"signTime":1616087386128,"signed":2,"class":"com.jd.interact.center.client.api.color.domain.sign.InteractActivityUserActionRecord"},{"currentDay":2,"signTime":1616169603232,"signed":2,"class":"com.jd.interact.center.client.api.color.domain.sign.InteractActivityUserActionRecord"},{"currentDay":1,"signTime":1616260255304,"signed":2,"class":"com.jd.interact.center.client.api.color.domain.sign.InteractActivityUserActionRecord"},{"currentDay":3,"signTime":1616342400000,"signed":1,"class":"com.jd.interact.center.client.api.color.domain.sign.InteractActivityUserActionRecord"},{"currentDay":3,"signTime":1616428800000,"signed":1,"class":"com.jd.interact.center.client.api.color.domain.sign.InteractActivityUserActionRecord"}],"days":8,"class":"com.jd.interact.center.client.api.color.domain.sign.ShopSignUserRecord"},"class":"com.jd.interact.center.client.api.common.param.Results","success":true}
{
  "contiSignNum": 8
}
# 短链接
suo_url=""
venderId=1000085026
startTime=1614009600000
endTime=1616515199000
activityId=10275030
token=4046D5E386EBE4F5EAA3F22E391B7825
#店铺名称
vendername="迪士尼书包京东自营专区"
# 长链接
url=https://h5.m.jd.com/babelDiy/Zeus/2PAAf74aG3D61qvfKUM5dxUssJQ9/index.html?token=4046D5E386EBE4F5EAA3F22E391B7825
# 活动时间：2021.02.23 00:00:00 - 2021.03.23 23:59:59
# 奖励说明：
actRule="
连续签到1天：1京豆
连续签到3天：2京豆
连续签到7天：5京豆
"
#赵 122294312-396444 sign_res
sign_res="
signTime=1614009600;signed=1;currentDay=2
signTime=1614096000;signed=1;currentDay=2
signTime=1614182400;signed=1;currentDay=2
signTime=1614268800;signed=1;currentDay=2
signTime=1614355200;signed=1;currentDay=2
signTime=1614441600;signed=1;currentDay=2
signTime=1614528000;signed=1;currentDay=2
signTime=1614614400;signed=1;currentDay=2
signTime=1614700800;signed=1;currentDay=2
signTime=1614787200;signed=1;currentDay=2
signTime=1614873600;signed=1;currentDay=2
signTime=1614960000;signed=1;currentDay=2
signTime=1615046400;signed=1;currentDay=2
signTime=1615132800;signed=1;currentDay=2
signTime=1615219200;signed=1;currentDay=2
signTime=1615305600;signed=1;currentDay=2
signTime=1615392000;signed=1;currentDay=2
signTime=1615478400;signed=1;currentDay=2
signTime=1615564800;signed=1;currentDay=2
signTime=1615696359;signed=2;currentDay=2
signTime=1615741906;signed=2;currentDay=2
signTime=1615824000;signed=2;currentDay=2
signTime=1615914652;signed=2;currentDay=2
signTime=1616001052;signed=2;currentDay=2
signTime=1616087361;signed=2;currentDay=2
signTime=1616169601;signed=2;currentDay=2
signTime=1616260216;signed=2;currentDay=1
signTime=1616342400;signed=1;currentDay=3
signTime=1616428800;signed=1;currentDay=3"
sign_num="8"
giftName=""
giftRes="ok"
giftDate="20210321"
sign_res_info="
2021/02/23_00:00:00  2    未签到
2021/02/24_00:00:00  2    未签到
2021/02/25_00:00:00  2    未签到
2021/02/26_00:00:00  2    未签到
2021/02/27_00:00:00  2    未签到
2021/02/28_00:00:00  2    未签到
2021/03/01_00:00:00  2    未签到
2021/03/02_00:00:00  2    未签到
2021/03/03_00:00:00  2    未签到
2021/03/04_00:00:00  2    未签到
2021/03/05_00:00:00  2    未签到
2021/03/06_00:00:00  2    未签到
2021/03/07_00:00:00  2    未签到
2021/03/08_00:00:00  2    未签到
2021/03/09_00:00:00  2    未签到
2021/03/10_00:00:00  2    未签到
2021/03/11_00:00:00  2    未签到
2021/03/12_00:00:00  2    未签到
2021/03/13_00:00:00  2    未签到
2021/03/14_12:32:39  2    [已~签~到]
2021/03/15_01:11:46  2    [已~签~到]
2021/03/16_00:00:00  2    [已~签~到]
2021/03/17_01:10:52  2    [已~签~到]
2021/03/18_01:10:52  2    [已~签~到]
2021/03/19_01:09:21  2    [已~签~到]
2021/03/20_00:00:01  2    [已~签~到]
2021/03/21_01:10:16  1    [已~签~到]
2021/03/22_00:00:00  3    未签到
2021/03/23_00:00:00  3    未签到
当天签到奖励 []
已签到 8 天"
#赵 122294312-396444 sign_res_end
#王 1309893722-164885 sign_res
sign_res="
signTime=1614009600;signed=1;currentDay=2
signTime=1614096000;signed=1;currentDay=2
signTime=1614182400;signed=1;currentDay=2
signTime=1614268800;signed=1;currentDay=2
signTime=1614355200;signed=1;currentDay=2
signTime=1614441600;signed=1;currentDay=2
signTime=1614528000;signed=1;currentDay=2
signTime=1614614400;signed=1;currentDay=2
signTime=1614700800;signed=1;currentDay=2
signTime=1614787200;signed=1;currentDay=2
signTime=1614873600;signed=1;currentDay=2
signTime=1614960000;signed=1;currentDay=2
signTime=1615046400;signed=1;currentDay=2
signTime=1615132800;signed=1;currentDay=2
signTime=1615219200;signed=1;currentDay=2
signTime=1615305600;signed=1;currentDay=2
signTime=1615392000;signed=1;currentDay=2
signTime=1615478400;signed=1;currentDay=2
signTime=1615564800;signed=1;currentDay=2
signTime=1615696359;signed=2;currentDay=2
signTime=1615741906;signed=2;currentDay=2
signTime=1615824002;signed=2;currentDay=2
signTime=1615914652;signed=2;currentDay=2
signTime=1616001052;signed=2;currentDay=2
signTime=1616087361;signed=2;currentDay=2
signTime=1616169603;signed=2;currentDay=2
signTime=1616260216;signed=2;currentDay=1
signTime=1616342400;signed=1;currentDay=3
signTime=1616428800;signed=1;currentDay=3"
sign_num="8"
giftName=""
giftRes="ok"
giftDate="20210321"
sign_res_info="
2021/02/23_00:00:00  2    未签到
2021/02/24_00:00:00  2    未签到
2021/02/25_00:00:00  2    未签到
2021/02/26_00:00:00  2    未签到
2021/02/27_00:00:00  2    未签到
2021/02/28_00:00:00  2    未签到
2021/03/01_00:00:00  2    未签到
2021/03/02_00:00:00  2    未签到
2021/03/03_00:00:00  2    未签到
2021/03/04_00:00:00  2    未签到
2021/03/05_00:00:00  2    未签到
2021/03/06_00:00:00  2    未签到
2021/03/07_00:00:00  2    未签到
2021/03/08_00:00:00  2    未签到
2021/03/09_00:00:00  2    未签到
2021/03/10_00:00:00  2    未签到
2021/03/11_00:00:00  2    未签到
2021/03/12_00:00:00  2    未签到
2021/03/13_00:00:00  2    未签到
2021/03/14_12:32:39  2    [已~签~到]
2021/03/15_01:11:46  2    [已~签~到]
2021/03/16_00:00:02  2    [已~签~到]
2021/03/17_01:10:52  2    [已~签~到]
2021/03/18_01:10:52  2    [已~签~到]
2021/03/19_01:09:21  2    [已~签~到]
2021/03/20_00:00:03  2    [已~签~到]
2021/03/21_01:10:16  1    [已~签~到]
2021/03/22_00:00:00  3    未签到
2021/03/23_00:00:00  3    未签到
当天签到奖励 []
已签到 8 天"
#王 1309893722-164885 sign_res_end
#肥鹅 jd_4d651d9e48204 sign_res
sign_res="
signTime=1614009600;signed=1;currentDay=2
signTime=1614096000;signed=1;currentDay=2
signTime=1614182400;signed=1;currentDay=2
signTime=1614268800;signed=1;currentDay=2
signTime=1614355200;signed=1;currentDay=2
signTime=1614441600;signed=1;currentDay=2
signTime=1614528000;signed=1;currentDay=2
signTime=1614614400;signed=1;currentDay=2
signTime=1614700800;signed=1;currentDay=2
signTime=1614787200;signed=1;currentDay=2
signTime=1614873600;signed=1;currentDay=2
signTime=1614960000;signed=1;currentDay=2
signTime=1615046400;signed=1;currentDay=2
signTime=1615132800;signed=1;currentDay=2
signTime=1615219200;signed=1;currentDay=2
signTime=1615305600;signed=1;currentDay=2
signTime=1615392000;signed=1;currentDay=2
signTime=1615478400;signed=1;currentDay=2
signTime=1615564800;signed=1;currentDay=2
signTime=1615696349;signed=2;currentDay=2
signTime=1615741921;signed=2;currentDay=2
signTime=1615824000;signed=2;currentDay=2
signTime=1615914691;signed=2;currentDay=2
signTime=1616001081;signed=2;currentDay=2
signTime=1616087385;signed=2;currentDay=2
signTime=1616169601;signed=2;currentDay=2
signTime=1616260255;signed=2;currentDay=1
signTime=1616342400;signed=1;currentDay=3
signTime=1616428800;signed=1;currentDay=3"
sign_num="8"
giftName=""
giftRes="ok"
giftDate="20210321"
sign_res_info="
2021/02/23_00:00:00  2    未签到
2021/02/24_00:00:00  2    未签到
2021/02/25_00:00:00  2    未签到
2021/02/26_00:00:00  2    未签到
2021/02/27_00:00:00  2    未签到
2021/02/28_00:00:00  2    未签到
2021/03/01_00:00:00  2    未签到
2021/03/02_00:00:00  2    未签到
2021/03/03_00:00:00  2    未签到
2021/03/04_00:00:00  2    未签到
2021/03/05_00:00:00  2    未签到
2021/03/06_00:00:00  2    未签到
2021/03/07_00:00:00  2    未签到
2021/03/08_00:00:00  2    未签到
2021/03/09_00:00:00  2    未签到
2021/03/10_00:00:00  2    未签到
2021/03/11_00:00:00  2    未签到
2021/03/12_00:00:00  2    未签到
2021/03/13_00:00:00  2    未签到
2021/03/14_12:32:29  2    [已~签~到]
2021/03/15_01:12:01  2    [已~签~到]
2021/03/16_00:00:00  2    [已~签~到]
2021/03/17_01:11:31  2    [已~签~到]
2021/03/18_01:11:21  2    [已~签~到]
2021/03/19_01:09:45  2    [已~签~到]
2021/03/20_00:00:01  2    [已~签~到]
2021/03/21_01:10:55  1    [已~签~到]
2021/03/22_00:00:00  3    未签到
2021/03/23_00:00:00  3    未签到
当天签到奖励 []
已签到 8 天"
#肥鹅 jd_4d651d9e48204 sign_res_end
#移动 jd_OeTNobRVGiNZ sign_res
sign_res="
signTime=1614009600;signed=1;currentDay=2
signTime=1614096000;signed=1;currentDay=2
signTime=1614182400;signed=1;currentDay=2
signTime=1614268800;signed=1;currentDay=2
signTime=1614355200;signed=1;currentDay=2
signTime=1614441600;signed=1;currentDay=2
signTime=1614528000;signed=1;currentDay=2
signTime=1614614400;signed=1;currentDay=2
signTime=1614700800;signed=1;currentDay=2
signTime=1614787200;signed=1;currentDay=2
signTime=1614873600;signed=1;currentDay=2
signTime=1614960000;signed=1;currentDay=2
signTime=1615046400;signed=1;currentDay=2
signTime=1615132800;signed=1;currentDay=2
signTime=1615219200;signed=1;currentDay=2
signTime=1615305600;signed=1;currentDay=2
signTime=1615392000;signed=1;currentDay=2
signTime=1615478400;signed=1;currentDay=2
signTime=1615564800;signed=1;currentDay=2
signTime=1615696350;signed=2;currentDay=2
signTime=1615741921;signed=2;currentDay=2
signTime=1615824002;signed=2;currentDay=2
signTime=1615914692;signed=2;currentDay=2
signTime=1616001081;signed=2;currentDay=2
signTime=1616087386;signed=2;currentDay=2
signTime=1616169603;signed=2;currentDay=2
signTime=1616260255;signed=2;currentDay=1
signTime=1616342400;signed=1;currentDay=3
signTime=1616428800;signed=1;currentDay=3"
sign_num="8"
giftName=""
giftRes="ok"
giftDate="20210321"
sign_res_info="
2021/02/23_00:00:00  2    未签到
2021/02/24_00:00:00  2    未签到
2021/02/25_00:00:00  2    未签到
2021/02/26_00:00:00  2    未签到
2021/02/27_00:00:00  2    未签到
2021/02/28_00:00:00  2    未签到
2021/03/01_00:00:00  2    未签到
2021/03/02_00:00:00  2    未签到
2021/03/03_00:00:00  2    未签到
2021/03/04_00:00:00  2    未签到
2021/03/05_00:00:00  2    未签到
2021/03/06_00:00:00  2    未签到
2021/03/07_00:00:00  2    未签到
2021/03/08_00:00:00  2    未签到
2021/03/09_00:00:00  2    未签到
2021/03/10_00:00:00  2    未签到
2021/03/11_00:00:00  2    未签到
2021/03/12_00:00:00  2    未签到
2021/03/13_00:00:00  2    未签到
2021/03/14_12:32:30  2    [已~签~到]
2021/03/15_01:12:01  2    [已~签~到]
2021/03/16_00:00:02  2    [已~签~到]
2021/03/17_01:11:32  2    [已~签~到]
2021/03/18_01:11:21  2    [已~签~到]
2021/03/19_01:09:46  2    [已~签~到]
2021/03/20_00:00:03  2    [已~签~到]
2021/03/21_01:10:55  1    [已~签~到]
2021/03/22_00:00:00  3    未签到
2021/03/23_00:00:00  3    未签到
当天签到奖励 []
已签到 8 天"
#移动 jd_OeTNobRVGiNZ sign_res_end
