03/02/21 01:18:03 769551500  1614619083
RANDOM_num: 40
removed '/tmp/tmp.Ri7Pw7icjA'
03/02/21 01:18:03 902421500  1614619083 æ£€æŸ¥è‚¥é¹…ç­¾åˆ°

real	0m0.215s
user	0m0.016s
sys	0m0.109s
lzkj-isv.isvjcloud.com	FALSE	/	FALSE	1614619684	LZ_TOKEN_VALUE	B0oH3vDY2bhHWuKbVaJ+XQ==
lzkj-isv.isvjcloud.com	FALSE	/	FALSE	1614619684	LZ_TOKEN_KEY	lztokenpage8fb409e49323453e8db0fa029fe9d946
03/02/21 01:18:04 270646600  1614619084
use pt_key

real	0m0.244s
user	0m0.109s
sys	0m0.125s
03/02/21 01:18:04 536652800  1614619084 token: AAFgPSHMADAJ78SeiEdk_1cmr0eWfkf8bs4AcFO6CNOjc5A8afgGGC2tq9Lire0qxirF_tVCO1Q

real	0m0.769s
user	0m0.016s
sys	0m0.094s
03/02/21 01:18:05 433774500  1614619085 secretPin: 4YEv+ri88IbQX5lhoqHrzE7oeVP9kq2pYSH90mYt4m3fwcJlClpxrfmVYaGKuquQkdK3rLBQpEQH9V4tdrrh0w==

03/02/21 01:18:05 457242400  1614619085 è‚¥é¹…ç­¾åˆ°æ˜“å¼€å¾—å®˜æ–¹äº¬ä¸œè‡ªè¥æ——èˆ°åº—

real	0m0.387s
user	0m0.078s
sys	0m0.078s
{
  "gift": null,
  "msg": "",
  "isOk": true,
  "isSend": null,
  "key": null
}
true
03/02/21 01:18:06 206586300 1614619086
03/02/21 01:18:06 226848900 1614619086 ç­¾åˆ°æ˜“å¼€å¾—å®˜æ–¹äº¬ä¸œè‡ªè¥æ——èˆ°åº—å®Œæˆ
03/02/21 01:18:46 375909900  1614619126
true
é¦–æ¬¡ç­¾åˆ°æˆåŠŸ. å†™å…¥giftName: null
parse error: Invalid numeric literal at line 1, column 10
parse error: Invalid numeric literal at line 1, column 10

***********************************************

å½“å¤©ç­¾åˆ°å¥–åŠ± [null]
è¿ç»­ç­¾åˆ°  å¤©
ç­¾åˆ°æ€»å¤©æ•° 
***********************************************

è‚¥é¹…ç­¾åˆ°æ˜“å¼€å¾—å®˜æ–¹äº¬ä¸œè‡ªè¥æ——èˆ°åº—æŸ¥çœ‹ç»“æœ
<!DOCTYPE html>
<html>
 <head> 
  <title>äº¬ä¸œ</title> 
  <meta charset="utf-8" /> 
  <meta name="apple-mobile-web-app-capable" content="yes" /> 
  <meta name="viewport" content="width=device-width,initial-scale=1,user-scalable=no,maximum-scale=1,viewport-fit=cover" /> 
  <meta name="format-detection" content="telephone=no" /> 
  <meta name="x5-cache" content="enable" /> 
  <link rel="stylesheet" href="https://storage.360buyimg.com/babel/00162638/333378/production/dev/parser.1526555535098.css?t=20180517191236" /> 
  <style> img {
            opacity: 1 !important;
        } </style> 
  <link href="https://storage.360buyimg.com/babel/00170893/348321/production/dev/index.7320a380.css?t=20180802150952" rel="stylesheet" />
 </head> 
 <body style="background:#fff;" id="root"> 
  <div class="errorPage"> 
  </div> 
  <div class="placeholer"> 
  </div> 
  <script src="https://wl.jd.com/unify.min.js"></script> 
  <script type="text/javascript" src="https://storage.360buyimg.com/babel/00170893/348321/production/dev/index.0f8f4dba.js?t=20180802150952"></script> 
 </body>
</html>

parse error: Invalid numeric literal at line 1, column 10
[0;31;3mRUN  at {283:<--} ERROR CODE: 4[0m [0;31;3m[20210302 01:18:49] [ERROR] [0m

