03/21/21 01:19:00 497638600  1616260740
RANDOM_num: 45
removed '/tmp/tmp.oNwTmXImf7'
03/21/21 01:19:00 637366000  1616260740 检查肥鹅签到

real	0m0.234s
user	0m0.031s
sys	0m0.094s
lzkj-isv.isvjcloud.com	FALSE	/	FALSE	1616261340	LZ_TOKEN_VALUE	B0oH3vDY2bhHWuKbVaJ+XQ==
lzkj-isv.isvjcloud.com	FALSE	/	FALSE	1616261340	LZ_TOKEN_KEY	lztokenpaged8a4946c337f4795aa25aab6bc8d4846
03/21/21 01:19:00 985454900  1616260740
use pt_key

real	0m0.134s
user	0m0.078s
sys	0m0.063s
03/21/21 01:19:01 133574600  1616260741 token: AAFgVi6FADDNRrN89YMHFZ-kH5A6lGSzdLCEDpnz2cFOqQzTXyLyq1hdZbyf2QbfRGFxUlD94p0

real	0m0.313s
user	0m0.016s
sys	0m0.078s
03/21/21 01:19:01 631084100  1616260741 secretPin: 4YEv+ri88IbQX5lhoqHrzE7oeVP9kq2pYSH90mYt4m3fwcJlClpxrfmVYaGKuquQkdK3rLBQpEQH9V4tdrrh0w==

03/21/21 01:19:01 649132500  1616260741 肥鹅签到滴露旗舰店

real	0m0.386s
user	0m0.063s
sys	0m0.047s
{
  "msg": "",
  "signResult": {
    "key": null,
    "giftLogId": "4fa1550fb33748bdafb8ebc2c451e18c",
    "gift": null,
    "send": null
  },
  "isOk": true,
  "isSend": null
}
true
03/21/21 01:19:02 594535600 1616260742
03/21/21 01:19:02 621551100 1616260742 签到滴露旗舰店完成
03/21/21 01:19:47 761756500  1616260787
true
首次签到成功. 写入giftName: null

***********************************************
7天签到 第 0 天
当天签到奖励 [null]
***********************************************

肥鹅签到滴露旗舰店查看结果, 活动规则
{"giftConditions":[{"gift":{"giftInfoId":null,"giftName":"5元优惠券","venderId":null,"giftType":"1","type":0,"shortLink":"3.cn/10-0Xms0e","orginLink":null,"activityId":null,"giftResidue":null,"commonAddAwardVO":null,"name":null,"id":"346722959","activityType":null},"imgUrl":"","giftInfoId":"dd1745b9292b4947b5c570ae177c449a","dayNum":"1","showType":"1"},{"gift":{"giftInfoId":null,"giftName":"1京豆","venderId":null,"giftType":"6","type":0,"shortLink":"","orginLink":null,"activityId":null,"giftResidue":null,"commonAddAwardVO":null,"name":null,"id":"1164199","activityType":null},"imgUrl":"","giftInfoId":"eccab23b92554f40933c56637aed435a","dayNum":"2","showType":"1"},{"gift":{"giftInfoId":null,"giftName":"10元优惠券","venderId":null,"giftType":"1","type":0,"shortLink":"3.cn/10-0XmsUQ","orginLink":null,"activityId":null,"giftResidue":null,"commonAddAwardVO":null,"name":null,"id":"347239799","activityType":null},"imgUrl":"","giftInfoId":"8d4ea0cb64ce40b8a65a6aa71cf9d77f","dayNum":"3","showType":"1"},{"gift":{"giftInfoId":null,"giftName":"1京豆","venderId":null,"giftType":"6","type":0,"shortLink":"","orginLink":null,"activityId":null,"giftResidue":null,"commonAddAwardVO":null,"name":null,"id":"1164199","activityType":null},"imgUrl":"","giftInfoId":"6a8648f3f97240aab184a7407bc9b64c","dayNum":"4","showType":"1"},{"gift":{"giftInfoId":null,"giftName":"20元优惠券","venderId":null,"giftType":"1","type":0,"shortLink":"3.cn/100-Xmtle","orginLink":null,"activityId":null,"giftResidue":null,"commonAddAwardVO":null,"name":null,"id":"347720309","activityType":null},"imgUrl":"","giftInfoId":"66fadc9b261c449295a3e28f12a49905","dayNum":"5","showType":"1"},{"gift":{"giftInfoId":null,"giftName":"1京豆","venderId":null,"giftType":"6","type":0,"shortLink":"","orginLink":null,"activityId":null,"giftResidue":null,"commonAddAwardVO":null,"name":null,"id":"1164199","activityType":null},"imgUrl":"","giftInfoId":"0f161cfb3bb54d8c969d7fb692d10343","dayNum":"6","showType":"1"},{"gift":{"giftInfoId":null,"giftName":"50元优惠券","venderId":null,"giftType":"1","type":0,"shortLink":"3.cn/100Xm-sUL","orginLink":null,"activityId":null,"giftResidue":null,"commonAddAwardVO":null,"name":null,"id":"347730277","activityType":null},"imgUrl":"","giftInfoId":"eb92d855682e4764910445ab76037c87","dayNum":"7","showType":"1"}],"msg":"","isOk":true,"isOver":"n","contiSignDays":0,"actRule":"1、活动时间：2021-03-04 10:00 - 2021-03-31 23:59；
2、关注店铺后方可参与活动；
3、符合连续签到赠送条件，则有机会赠送连续签到奖品；
4、连续签到7天后，清零可重新开始；
5、第1天签到，有机会赠送5元优惠券；
6、第2天签到，有机会赠送1京豆；
7、第3天签到，有机会赠送10元优惠券；
8、第4天签到，有机会赠送1京豆；
9、第5天签到，有机会赠送20元优惠券；
10、第6天签到，有机会赠送1京豆；
11、第7天签到，有机会赠送50元优惠券；
12、签到成功后有机会获得奖品，也有可能会与奖品擦肩而过（奖品数量有限，先到先得）；
13、若用户存在刷奖等恶意行为，一经发现将取消抽奖资格（如奖品已经发放，有权追回奖品）；
注：奖品发放形式：
实物奖：
（1）中奖客户信息收集：页面弹屏提示中奖客户提供收货地址、号码和奖项；(超过1小时未填写对应收货信息，视为放弃);
（2）实物奖采取寄送方式发放，获奖用户需在开奖后填写姓名、联系电话、详细地址信息。如因用户原因无法联系上，即奖品作废不再补发，或如用户未填写真实有效的信息或填写收货信息不详，均视为放弃奖品；
虚拟产品奖：
（1）京豆：中奖后系统预计24小时内自动发放至账户；
（2）优惠券：中奖后需手动领取，预计24小时到账；
【活动参与主体资格】
（1）每位自然人用户仅能使用一个京东账号参与活动，微信号、QQ、京东帐号、手机号码等任一信息一致或指向同一用户的，视为同一个用户，则第一个参与本活动的账号参与结果有效，其余账号参与结果均视为无效。
（2）若发现同一位用户使用不同账号重复参与活动，承办方有权取消其获奖资格。
【注意事项】
（1）活动过程中，凡以不正当手段（如作弊领取、恶意套取、刷信誉、虚假交易、扰乱系统、实施网络攻击等）参与本次活动的用户，商家有权终止其参与活动，并取消其获奖资格（如奖品已发放，商家有权追回），如给商家造成损失的，商家将保留向违规用户继续追索的权利。
（2）如遇不可抗力(包括但不限于重大灾害事件、活动受政府机关指令需要停止举办或调整的、活动中存在大面积作弊行为、活动遭受严重网络攻击或因系统故障导致活动中奖名单大批量出错，活动不能正常进行的)，商家有权取消、修改或暂停本活动。
（3）本活动所发放的实物奖不得提现、不得转赠他人、不得为他人付款。
（4）是否中奖以活动发布者后台统计结果为准。
","followDays":1,"isSign":"y"}

#店铺名称
vendername="滴露旗舰店"
#店铺激活码
actId="13126645fcb2477fa1090a94cb7f3ca2"
#店铺id
venderId="206265"
#长链接
url="https://lzkj-isv.isvjcloud.com/sign/sevenDay/signActivity?activityId=13126645fcb2477fa1090a94cb7f3ca2&venderId=206265&adsource=tg_storePage"

startTime=1614823200
endTime=1617206340
# 活动时间：2021-03-04 10:00 - 2021-03-31 23:59；
# 奖励说明：
actRule="
7天签到
连续签到1天：5元优惠券
连续签到2天：1京豆
连续签到3天：10元优惠券
连续签到4天：1京豆
连续签到5天：20元优惠券
连续签到6天：1京豆
连续签到7天：50元优惠券
"
#移动 jd_OeTNobRVGiNZ sign_res
sign_num="0"
giftName=""
giftRes=""
giftDate="20210321"
sign_res_info="7天签到 第 0 天
当天签到奖励 []"
#移动 jd_OeTNobRVGiNZ sign_res_end
#赵 122294312-396444 sign_res
sign_num="0"
giftName="null"
giftRes="ok"
giftDate="20210321"
sign_res_info="7天签到 第 0 天
当天签到奖励 [null]"
#赵 122294312-396444 sign_res_end
#王 1309893722-164885 sign_res
sign_num="0"
giftName="null"
giftRes="ok"
giftDate="20210321"
sign_res_info="7天签到 第 0 天
当天签到奖励 [null]"
#王 1309893722-164885 sign_res_end
#肥鹅 jd_4d651d9e48204 sign_res
sign_num="0"
giftName="null"
giftRes="ok"
giftDate="20210321"
sign_res_info="7天签到 第 0 天
当天签到奖励 [null]"
#肥鹅 jd_4d651d9e48204 sign_res_end
