02/28/21 02:03:12 082777300  1614448992
RANDOM_num: 35
removed '/tmp/tmp.CcU38UonV6'
02/28/21 02:03:13 904576400  1614448993 æ£€æŸ¥ç‹ç­¾åˆ°

real	0m1.160s
user	0m0.016s
sys	0m0.078s
[WARN] get LZ_TOKEN error
02/28/21 02:03:18 859000800  1614448998
use pt_key

real	0m1.539s
user	0m0.141s
sys	0m0.141s
02/28/21 02:03:20 733682500  1614449000 token: AAFgOoloADA2oIQuwFEY1J1yV3mSJUtJV8VMSCwNYLVyt0v0dHDc-vXig9OvZ7xh10RTSWMjRUc
parse error: Invalid numeric literal at line 1, column 10

real	0m1.329s
user	0m0.094s
sys	0m0.078s
02/28/21 02:03:22 390554800  1614449002 secretPin: 
[WARN] get secretPin error

02/28/21 02:03:22 778590700  1614449002 ç‹ç­¾åˆ°Mideerå¼¥é¹¿äº¬ä¸œè‡ªè¥å®˜æ–¹æ——èˆ°åº—

real	0m1.385s
user	0m0.016s
sys	0m0.125s
parse error: Invalid numeric literal at line 1, column 10
parse error: Invalid numeric literal at line 1, column 10
parse error: Invalid numeric literal at line 1, column 10
parse error: Invalid numeric literal at line 1, column 10
02/28/21 02:03:28 782387800 1614449008

real	0m1.179s
user	0m0.000s
sys	0m0.047s

real	0m2.263s
user	0m0.016s
sys	0m0.047s
[WARN] get LZ_TOKEN error
02/28/21 02:03:34 922586800  1614449014
use pt_key

real	0m1.647s
user	0m0.094s
sys	0m0.125s
02/28/21 02:03:37 405455800  1614449017 token: AAFgOol4ADAEBrJCYFJeFYQEkLYl-a0C-xYEWaf9ROW_JUHJNoFtNLwTqeNw3VUIAE-6IvWG-dc
parse error: Invalid numeric literal at line 1, column 10

real	0m1.910s
user	0m0.109s
sys	0m0.078s
02/28/21 02:03:39 965589100  1614449019 secretPin: 
[WARN] get secretPin error

02/28/21 02:03:40 499338100  1614449020 ç‹ç­¾åˆ°Mideerå¼¥é¹¿äº¬ä¸œè‡ªè¥å®˜æ–¹æ——èˆ°åº—

real	0m1.517s
user	0m0.047s
sys	0m0.078s
parse error: Invalid numeric literal at line 1, column 10
parse error: Invalid numeric literal at line 1, column 10
parse error: Invalid numeric literal at line 1, column 10
parse error: Invalid numeric literal at line 1, column 10
02/28/21 02:03:47 376094400 1614449027

real	0m1.813s
user	0m0.000s
sys	0m0.047s

real	0m1.634s
user	0m0.063s
sys	0m0.063s
[WARN] get LZ_TOKEN error
02/28/21 02:03:52 363133300  1614449032
use pt_key

real	0m2.046s
user	0m0.094s
sys	0m0.109s
02/28/21 02:03:55 077407900  1614449035 token: AAFgOomKADCBzMrLJSyl8UmrZg-ZKGi1Zik-Xg8jaFOZu00IVEmbfyzu3bNm8qUo-c9t2Oo6qjs
parse error: Invalid numeric literal at line 1, column 10

real	0m2.849s
user	0m0.109s
sys	0m0.125s
02/28/21 02:03:58 496895700  1614449038 secretPin: 
[WARN] get secretPin error

02/28/21 02:03:58 846654500  1614449038 ç‹ç­¾åˆ°Mideerå¼¥é¹¿äº¬ä¸œè‡ªè¥å®˜æ–¹æ——èˆ°åº—

real	0m2.166s
user	0m0.016s
sys	0m0.078s
parse error: Invalid numeric literal at line 1, column 10
parse error: Invalid numeric literal at line 1, column 10
parse error: Invalid numeric literal at line 1, column 10
parse error: Invalid numeric literal at line 1, column 10
02/28/21 02:04:11 353586600 1614449051

real	0m2.550s
user	0m0.000s
sys	0m0.031s

real	0m2.307s
user	0m0.047s
sys	0m0.047s
[WARN] get LZ_TOKEN error
02/28/21 02:04:18 668533000  1614449058
use pt_key

real	0m2.825s
user	0m0.094s
sys	0m0.156s
02/28/21 02:04:21 934374000  1614449061 token: AAFgOomlADDS_fTHqlagLRrFcl2QDP37aIg15SR_VMcm8CS0TFWMwjPeF-bSWdR-a5tvM5zVkog
parse error: Invalid numeric literal at line 1, column 10

real	0m2.491s
user	0m0.109s
sys	0m0.094s
02/28/21 02:04:25 059487700  1614449065 secretPin: 
[WARN] get secretPin error

02/28/21 02:04:26 042503800  1614449066 ç‹ç­¾åˆ°Mideerå¼¥é¹¿äº¬ä¸œè‡ªè¥å®˜æ–¹æ——èˆ°åº—

real	0m2.800s
user	0m0.016s
sys	0m0.141s
parse error: Invalid numeric literal at line 1, column 10
parse error: Invalid numeric literal at line 1, column 10
parse error: Invalid numeric literal at line 1, column 10
parse error: Invalid numeric literal at line 1, column 10
02/28/21 02:04:38 842496200 1614449078

real	0m2.432s
user	0m0.000s
sys	0m0.031s

real	0m2.472s
user	0m0.047s
sys	0m0.047s
[WARN] get LZ_TOKEN error
02/28/21 02:04:49 198632200  1614449089
use pt_key

real	0m1.839s
user	0m0.094s
sys	0m0.109s
02/28/21 02:04:51 648524100  1614449091 token: AAFgOonCADBEh01RIpRt8Uo2JbFPai1ht-vwIIJgConkRG4zxUkm-0LmlMxu90KwYA810qCkEAc
parse error: Invalid numeric literal at line 1, column 10

real	0m3.085s
user	0m0.063s
sys	0m0.188s
02/28/21 02:04:56 289857500  1614449096 secretPin: 
[WARN] get secretPin error

02/28/21 02:04:57 383811500  1614449097 ç‹ç­¾åˆ°Mideerå¼¥é¹¿äº¬ä¸œè‡ªè¥å®˜æ–¹æ——èˆ°åº—

real	0m2.391s
user	0m0.016s
sys	0m0.109s
parse error: Invalid numeric literal at line 1, column 10
parse error: Invalid numeric literal at line 1, column 10
parse error: Invalid numeric literal at line 1, column 10
parse error: Invalid numeric literal at line 1, column 10
02/28/21 02:05:14 543768500 1614449114

real	0m3.443s
user	0m0.000s
sys	0m0.031s

real	0m1.765s
user	0m0.047s
sys	0m0.063s
[WARN] get LZ_TOKEN error
02/28/21 02:05:23 819385200  1614449123
use pt_key

real	0m2.012s
user	0m0.094s
sys	0m0.109s
02/28/21 02:05:26 208761100  1614449126 token: AAFgOonlADB1AWwMwkr_D1yOnp5fdPt05V5gd_KKF1lLoxaPBFzWt6qxL7mCbZW7gLR7r3yPziU
parse error: Invalid numeric literal at line 1, column 10

real	0m2.909s
user	0m0.109s
sys	0m0.109s
02/28/21 02:05:29 816902400  1614449129 secretPin: 
[WARN] get secretPin error

02/28/21 02:05:30 930922800  1614449130 ç‹ç­¾åˆ°Mideerå¼¥é¹¿äº¬ä¸œè‡ªè¥å®˜æ–¹æ——èˆ°åº—

real	0m2.215s
user	0m0.031s
sys	0m0.047s
parse error: Invalid numeric literal at line 1, column 10
parse error: Invalid numeric literal at line 1, column 10
parse error: Invalid numeric literal at line 1, column 10
parse error: Invalid numeric literal at line 1, column 10
02/28/21 02:05:44 208080500 1614449144

real	0m3.446s
user	0m0.000s
sys	0m0.047s

real	0m2.876s
user	0m0.063s
sys	0m0.109s
[WARN] get LZ_TOKEN error
02/28/21 02:05:57 963192600  1614449157
use pt_key

real	0m2.308s
user	0m0.109s
sys	0m0.063s
02/28/21 02:06:00 979233000  1614449160 token: AAFgOooIADCGrYo5MMNiiz9ew-NWVs3oylVZx4Tj_rPbOfrmRQVNrcokjEbuTRZFaB482sOTWlQ
parse error: Invalid numeric literal at line 1, column 10

real	0m2.312s
user	0m0.094s
sys	0m0.125s
02/28/21 02:06:05 365356500  1614449165 secretPin: 
[WARN] get secretPin error

02/28/21 02:06:05 789741800  1614449165 ç‹ç­¾åˆ°Mideerå¼¥é¹¿äº¬ä¸œè‡ªè¥å®˜æ–¹æ——èˆ°åº—

real	0m2.440s
user	0m0.016s
sys	0m0.078s
parse error: Invalid numeric literal at line 1, column 10
parse error: Invalid numeric literal at line 1, column 10
parse error: Invalid numeric literal at line 1, column 10
parse error: Invalid numeric literal at line 1, column 10
02/28/21 02:06:17 235663800 1614449177

real	0m3.680s
user	0m0.000s
sys	0m0.094s

real	0m4.491s
user	0m0.016s
sys	0m0.109s
[WARN] get LZ_TOKEN error
02/28/21 02:06:30 340622300  1614449190
use pt_key

real	0m3.536s
user	0m0.078s
sys	0m0.063s
02/28/21 02:06:34 678210200  1614449194 token: AAFgOooqADBIF8-SdyiJ4jhd6ag_FG4spiz5ZERjZreMmfHFLfUcYjGYi-PTMNc8n07fkq-btUY
parse error: Invalid numeric literal at line 1, column 10

real	0m3.973s
user	0m0.094s
sys	0m0.063s
02/28/21 02:06:39 854624800  1614449199 secretPin: 
[WARN] get secretPin error

02/28/21 02:06:40 511933700  1614449200 ç‹ç­¾åˆ°Mideerå¼¥é¹¿äº¬ä¸œè‡ªè¥å®˜æ–¹æ——èˆ°åº—

real	0m2.277s
user	0m0.031s
sys	0m0.141s
parse error: Invalid numeric literal at line 1, column 10
parse error: Invalid numeric literal at line 1, column 10
parse error: Invalid numeric literal at line 1, column 10
parse error: Invalid numeric literal at line 1, column 10
02/28/21 02:06:50 181181000 1614449210

real	0m6.015s
user	0m0.000s
sys	0m0.047s

real	0m3.704s
user	0m0.031s
sys	0m0.078s
[WARN] get LZ_TOKEN error
02/28/21 02:07:04 182347400  1614449224
use pt_key

real	0m2.797s
user	0m0.094s
sys	0m0.109s
02/28/21 02:07:08 353619100  1614449228 token: AAFgOopLADAzZgzyPVw5FkPlx1C0dkHbkI7_u-iFlxaLRgs4VbIuF7mU6AX7lwmZCF-59bo6Sg4
parse error: Invalid numeric literal at line 1, column 10

real	0m2.112s
user	0m0.109s
sys	0m0.094s
02/28/21 02:07:11 131283200  1614449231 secretPin: 
[WARN] get secretPin error

02/28/21 02:07:11 616104300  1614449231 ç‹ç­¾åˆ°Mideerå¼¥é¹¿äº¬ä¸œè‡ªè¥å®˜æ–¹æ——èˆ°åº—

real	0m1.503s
user	0m0.016s
sys	0m0.078s
parse error: Invalid numeric literal at line 1, column 10
parse error: Invalid numeric literal at line 1, column 10
parse error: Invalid numeric literal at line 1, column 10
parse error: Invalid numeric literal at line 1, column 10
02/28/21 02:07:21 601109600 1614449241

real	0m3.432s
user	0m0.000s
sys	0m0.016s

real	0m2.099s
user	0m0.047s
sys	0m0.063s
[WARN] get LZ_TOKEN error
02/28/21 02:07:32 516183000  1614449252
use pt_key

real	0m3.261s
user	0m0.063s
sys	0m0.109s
02/28/21 02:07:36 615681600  1614449256 token: AAFgOopnADA_p8SIOiwoWoVBVsns80aBMvMYLzdcuNnEReSNwZG5s9GSOIOkwWNwe-RgN8D7lAM
parse error: Invalid numeric literal at line 1, column 10

real	0m4.106s
user	0m0.094s
sys	0m0.156s
02/28/21 02:07:41 164183000  1614449261 secretPin: 
[WARN] get secretPin error

02/28/21 02:07:41 957466600  1614449261 ç‹ç­¾åˆ°Mideerå¼¥é¹¿äº¬ä¸œè‡ªè¥å®˜æ–¹æ——èˆ°åº—

real	0m2.198s
user	0m0.063s
sys	0m0.063s
parse error: Invalid numeric literal at line 1, column 10
parse error: Invalid numeric literal at line 1, column 10
parse error: Invalid numeric literal at line 1, column 10
parse error: Invalid numeric literal at line 1, column 10
02/28/21 02:07:53 042777500 1614449273

real	0m3.733s
user	0m0.000s
sys	0m0.000s

real	0m1.357s
user	0m0.063s
sys	0m0.063s
[WARN] get LZ_TOKEN error
02/28/21 02:08:00 026914100  1614449280
use pt_key

real	0m3.185s
user	0m0.094s
sys	0m0.125s
02/28/21 02:08:03 984768300  1614449283 token: AAFgOoqDADBEEUPZeNDyxF9H-JgqqZ9Kr60EvutcOLHRQN9bng5rffH95zylXqMpy2-ct73mbqM
parse error: Invalid numeric literal at line 1, column 10

real	0m5.453s
user	0m0.125s
sys	0m0.094s
02/28/21 02:08:10 409575500  1614449290 secretPin: 
[WARN] get secretPin error

02/28/21 02:08:11 289659600  1614449291 ç‹ç­¾åˆ°Mideerå¼¥é¹¿äº¬ä¸œè‡ªè¥å®˜æ–¹æ——èˆ°åº—

real	0m4.509s
user	0m0.031s
sys	0m0.141s
parse error: Invalid numeric literal at line 1, column 10
parse error: Invalid numeric literal at line 1, column 10
parse error: Invalid numeric literal at line 1, column 10
parse error: Invalid numeric literal at line 1, column 10
02/28/21 02:08:26 392381200 1614449306

real	0m5.110s
user	0m0.000s
sys	0m0.031s

real	0m3.559s
user	0m0.016s
sys	0m0.109s
[WARN] get LZ_TOKEN error
02/28/21 02:08:40 207754700  1614449320
use pt_key

real	0m3.144s
user	0m0.125s
sys	0m0.109s
02/28/21 02:08:44 655067400  1614449324 token: AAFgOoqrADDpFG-8fT_cP0LlPkr1wIW07AsPw5wAbaxRk5FRwzXaR50vcZ1RvMDracY_TOs-qTg
parse error: Invalid numeric literal at line 1, column 10

real	0m3.096s
user	0m0.109s
sys	0m0.156s
02/28/21 02:08:48 647986700  1614449328 secretPin: 
[WARN] get secretPin error

02/28/21 02:08:49 333518400  1614449329 ç‹ç­¾åˆ°Mideerå¼¥é¹¿äº¬ä¸œè‡ªè¥å®˜æ–¹æ——èˆ°åº—

real	0m3.035s
user	0m0.031s
sys	0m0.094s
parse error: Invalid numeric literal at line 1, column 10
parse error: Invalid numeric literal at line 1, column 10
parse error: Invalid numeric literal at line 1, column 10
parse error: Invalid numeric literal at line 1, column 10
02/28/21 02:09:05 366431400 1614449345

real	0m4.127s
user	0m0.016s
sys	0m0.031s

real	0m2.547s
user	0m0.016s
sys	0m0.094s
[WARN] get LZ_TOKEN error
02/28/21 02:09:18 080356900  1614449358
use pt_key

real	0m2.274s
user	0m0.094s
sys	0m0.125s
02/28/21 02:09:21 139110000  1614449361 token: AAFgOorQADDy2EpWimm4QAjj7tFW-SIEcMpuAdNUmJ7g0LyVGXUm8Wnh8T9JANf9hCl4HevyzUg
parse error: Invalid numeric literal at line 1, column 10

real	0m3.386s
user	0m0.109s
sys	0m0.125s
02/28/21 02:09:24 918946500  1614449364 secretPin: 
[WARN] get secretPin error

02/28/21 02:09:25 706753100  1614449365 ç‹ç­¾åˆ°Mideerå¼¥é¹¿äº¬ä¸œè‡ªè¥å®˜æ–¹æ——èˆ°åº—

real	0m2.558s
user	0m0.000s
sys	0m0.109s
parse error: Invalid numeric literal at line 1, column 10
parse error: Invalid numeric literal at line 1, column 10
parse error: Invalid numeric literal at line 1, column 10
parse error: Invalid numeric literal at line 1, column 10
02/28/21 02:09:38 256747600 1614449378

real	0m4.687s
user	0m0.000s
sys	0m0.047s

real	0m2.895s
user	0m0.063s
sys	0m0.063s
[WARN] get LZ_TOKEN error
02/28/21 02:09:49 208360800  1614449389
use pt_key

real	0m3.007s
user	0m0.109s
sys	0m0.109s
02/28/21 02:09:52 706456100  1614449392 token: AAFgOorvADBbRA2Y8hkD_9kN_J8XtCUErevO531nS4nZskDHix56fGcsOQsvybEiV_YzMn9rZ-s
parse error: Invalid numeric literal at line 1, column 10

real	0m4.217s
user	0m0.109s
sys	0m0.125s
02/28/21 02:09:57 475871000  1614449397 secretPin: 
[WARN] get secretPin error

02/28/21 02:09:58 339803900  1614449398 ç‹ç­¾åˆ°Mideerå¼¥é¹¿äº¬ä¸œè‡ªè¥å®˜æ–¹æ——èˆ°åº—

real	0m2.513s
user	0m0.031s
sys	0m0.078s
parse error: Invalid numeric literal at line 1, column 10
parse error: Invalid numeric literal at line 1, column 10
parse error: Invalid numeric literal at line 1, column 10
parse error: Invalid numeric literal at line 1, column 10
02/28/21 02:10:19 655212800 1614449419

real	0m4.676s
user	0m0.000s
sys	0m0.047s

real	0m3.243s
user	0m0.031s
sys	0m0.125s
[WARN] get LZ_TOKEN error
02/28/21 02:10:30 675514000  1614449430
use pt_key

real	0m2.484s
user	0m0.141s
sys	0m0.094s
02/28/21 02:10:34 740062300  1614449434 token: AAFgOosZADCqKwIKbHe91u8AEdPzVcDN9UO18ByrNBWjrhnIgVazI2Tt_LLN-FONdR2MdROeNA4
parse error: Invalid numeric literal at line 1, column 10

real	0m4.370s
user	0m0.094s
sys	0m0.172s
02/28/21 02:10:39 959921000  1614449439 secretPin: 
[WARN] get secretPin error

02/28/21 02:10:40 700097000  1614449440 ç‹ç­¾åˆ°Mideerå¼¥é¹¿äº¬ä¸œè‡ªè¥å®˜æ–¹æ——èˆ°åº—

real	0m3.552s
user	0m0.047s
sys	0m0.078s
parse error: Invalid numeric literal at line 1, column 10
parse error: Invalid numeric literal at line 1, column 10
parse error: Invalid numeric literal at line 1, column 10
parse error: Invalid numeric literal at line 1, column 10
02/28/21 02:10:55 297250400 1614449455

real	0m4.359s
user	0m0.000s
sys	0m0.016s

real	0m1.985s
user	0m0.047s
sys	0m0.063s
[WARN] get LZ_TOKEN error
02/28/21 02:11:03 459623000  1614449463
use pt_key

real	0m4.336s
user	0m0.156s
sys	0m0.141s
02/28/21 02:11:09 140700400  1614449469 token: AAFgOos7ADDfWEJ-G-JhvSYzAXrWInOXsOJZpL55YyYIfy3ZCSnvQIvTzB8X4j5i9Vd9FWt1HEA
parse error: Invalid numeric literal at line 1, column 10

real	0m2.827s
user	0m0.156s
sys	0m0.125s
02/28/21 02:11:12 738629000  1614449472 secretPin: 
[WARN] get secretPin error

02/28/21 02:11:14 269625700  1614449474 ç‹ç­¾åˆ°Mideerå¼¥é¹¿äº¬ä¸œè‡ªè¥å®˜æ–¹æ——èˆ°åº—

real	0m3.239s
user	0m0.031s
sys	0m0.078s
parse error: Invalid numeric literal at line 1, column 10
parse error: Invalid numeric literal at line 1, column 10
parse error: Invalid numeric literal at line 1, column 10
parse error: Invalid numeric literal at line 1, column 10
02/28/21 02:11:25 974917000 1614449485

real	0m5.020s
user	0m0.000s
sys	0m0.047s

real	0m2.252s
user	0m0.047s
sys	0m0.109s
[WARN] get LZ_TOKEN error
02/28/21 02:11:36 040118000  1614449496
use pt_key

real	0m2.670s
user	0m0.109s
sys	0m0.109s
02/28/21 02:11:39 278452300  1614449499 token: AAFgOotaADCBIweLJ_xmotgxZs2JfFCoyvO_Q8JIBtrrtgpuradPyeLYTIBK2Nv-7eRKFVw282c
parse error: Invalid numeric literal at line 1, column 10

real	0m2.570s
user	0m0.078s
sys	0m0.125s
02/28/21 02:11:42 454271500  1614449502 secretPin: 
[WARN] get secretPin error

02/28/21 02:11:43 257549400  1614449503 ç‹ç­¾åˆ°Mideerå¼¥é¹¿äº¬ä¸œè‡ªè¥å®˜æ–¹æ——èˆ°åº—

real	0m2.830s
user	0m0.016s
sys	0m0.125s
parse error: Invalid numeric literal at line 1, column 10
parse error: Invalid numeric literal at line 1, column 10
parse error: Invalid numeric literal at line 1, column 10
parse error: Invalid numeric literal at line 1, column 10
02/28/21 02:11:53 303859900 1614449513

real	0m5.413s
user	0m0.016s
sys	0m0.047s

real	0m2.030s
user	0m0.047s
sys	0m0.094s
[WARN] get LZ_TOKEN error
02/28/21 02:12:05 977153900  1614449525
use pt_key

real	0m1.794s
user	0m0.094s
sys	0m0.141s
02/28/21 02:12:08 356917800  1614449528 token: AAFgOot3ADCjjv0BO2CK5dZP8Teukju7PyrpinRKDR6qKa_dEaHB-U854b49wPTNoNA9beuJ4NE
parse error: Invalid numeric literal at line 1, column 10

real	0m2.279s
user	0m0.094s
sys	0m0.156s
02/28/21 02:12:11 308531800  1614449531 secretPin: 
[WARN] get secretPin error

02/28/21 02:12:11 752758700  1614449531 ç‹ç­¾åˆ°Mideerå¼¥é¹¿äº¬ä¸œè‡ªè¥å®˜æ–¹æ——èˆ°åº—

real	0m0.843s
user	0m0.031s
sys	0m0.094s
parse error: Invalid numeric literal at line 1, column 10
parse error: Invalid numeric literal at line 1, column 10
parse error: Invalid numeric literal at line 1, column 10
parse error: Invalid numeric literal at line 1, column 10
02/28/21 02:12:17 703088000 1614449537

real	0m5.241s
user	0m0.000s
sys	0m0.031s

real	0m3.091s
user	0m0.047s
sys	0m0.094s
[WARN] get LZ_TOKEN error
02/28/21 02:12:27 826933800  1614449547
use pt_key

real	0m2.273s
user	0m0.156s
sys	0m0.094s
02/28/21 02:12:31 174908800  1614449551 token: AAFgOouOADB9l16UM7Y3FYoLfbRf44Wy1ihRqB4FYU1TjHiFOethVF93RT4Wgh3-maqwPauVsOU
parse error: Invalid numeric literal at line 1, column 10

real	0m1.857s
user	0m0.109s
sys	0m0.109s
02/28/21 02:12:34 825986200  1614449554 secretPin: 
[WARN] get secretPin error

02/28/21 02:12:35 490895200  1614449555 ç‹ç­¾åˆ°Mideerå¼¥é¹¿äº¬ä¸œè‡ªè¥å®˜æ–¹æ——èˆ°åº—

real	0m2.318s
user	0m0.016s
sys	0m0.094s
parse error: Invalid numeric literal at line 1, column 10
parse error: Invalid numeric literal at line 1, column 10
parse error: Invalid numeric literal at line 1, column 10
parse error: Invalid numeric literal at line 1, column 10
02/28/21 02:12:43 678044500 1614449563

real	0m5.446s
user	0m0.000s
sys	0m0.047s

real	0m2.123s
user	0m0.031s
sys	0m0.109s
[WARN] get LZ_TOKEN error
02/28/21 02:12:52 978931300  1614449572
use pt_key

real	0m2.641s
user	0m0.125s
sys	0m0.109s
02/28/21 02:12:56 810209000  1614449576 token: AAFgOounADAygqYTN2FJYXsYpJ0GQ5Hd56v7YUHD8TIO1TUkGfYlAMR2Tj2UZU2I9kUAzKORvVU
parse error: Invalid numeric literal at line 1, column 10

real	0m2.868s
user	0m0.094s
sys	0m0.094s
02/28/21 02:13:00 726510500  1614449580 secretPin: 
[WARN] get secretPin error

02/28/21 02:13:01 276092600  1614449581 ç‹ç­¾åˆ°Mideerå¼¥é¹¿äº¬ä¸œè‡ªè¥å®˜æ–¹æ——èˆ°åº—

real	0m1.661s
user	0m0.031s
sys	0m0.063s
parse error: Invalid numeric literal at line 1, column 10
parse error: Invalid numeric literal at line 1, column 10
parse error: Invalid numeric literal at line 1, column 10
parse error: Invalid numeric literal at line 1, column 10
02/28/21 02:13:09 203346700 1614449589

real	0m5.279s
user	0m0.000s
sys	0m0.031s
02/28/21 02:13:51 029408300  1614449631
parse error: Invalid numeric literal at line 1, column 10
ç­¾åˆ°æ˜¯å¦æˆåŠŸè§£æå¤±è´¥. ä¸å†å†™/home/myid/jd/jd_signup/vender/shop_1614116376_120_delay

ç‹ç­¾åˆ°Mideerå¼¥é¹¿äº¬ä¸œè‡ªè¥å®˜æ–¹æ——èˆ°åº—æŸ¥çœ‹ç»“æœ
<!DOCTYPE html>
<html>
 <head> 
  <title>äº¬ä¸œ</title> 
  <meta charset="utf-8" /> 
  <meta name="apple-mobile-web-app-capable" content="yes" /> 
  <meta name="viewport" content="width=device-width,initial-scale=1,user-scalable=no,maximum-scale=1,viewport-fit=cover" /> 
  <meta name="format-detection" content="telephone=no" /> 
  <meta name="x5-cache" content="enable" /> 
  <link rel="stylesheet" href="https://storage.360buyimg.com/babel/00162638/333378/production/dev/parser.1526555535098.css?t=20180517191236" /> 
  <style> img {
            opacity: 1 !important;
        } </style> 
  <link href="https://storage.360buyimg.com/babel/00170893/348321/production/dev/index.7320a380.css?t=20180802150952" rel="stylesheet" />
 </head> 
 <body style="background:#fff;" id="root"> 
  <div class="errorPage"> 
  </div> 
  <div class="placeholer"> 
  </div> 
  <script src="https://wl.jd.com/unify.min.js"></script> 
  <script type="text/javascript" src="https://storage.360buyimg.com/babel/00170893/348321/production/dev/index.0f8f4dba.js?t=20180802150952"></script> 
 </body>
</html>

parse error: Invalid numeric literal at line 1, column 10
[0;31;3mRUN  at {280:<--} ERROR CODE: 4[0m [0;31;3m[20210228 02:13:56] [ERROR] [0m

