02/22/21 02:01:39 765433800  1613930499
RANDOM_num: 40
removed '/tmp/tmp.XAQ6QdpkDb'
02/22/21 02:01:40 012502800  1613930500
肥鹅 今天已经签到过. 签到结果: ok  giftDate: 20210222
***********************************************

2021/02/18_08:00:00  [已~签~到]      
2021/02/19_08:00:00  [已~签~到]      
2021/02/20_08:00:00  [已~签~到]      
2021/02/21_08:00:00  [已~签~到]      
2021/02/22_08:00:00  [已~签~到]      
当天签到奖励 [5积分]
连续签到 5 天
签到总天数 5
***********************************************

actId=1611635c76a84d969234b8b7c6871c65
venderId=1000087322
startTime=1611656100000
endTime=1614243659000
# 短链接
suo_url="https://3.cn/100Tyy-4J"
actTimeStr="2021-01-26 18:15 至 2021-02-25 17:00"
#店铺名称
vendername="Domol京东自营专卖店"
# 长链接
url=https://lzkj-isv.isvjcloud.com/sign/signActivity2?activityId=1611635c76a84d969234b8b7c6871c65&venderId=1000087322
# 活动时间：2021.01.26 18:15:00 - 2021.02.25 17:00:59
# 奖励说明：
actRule="
连续签到7天：10积分 10积分
"
#赵 122294312-396444 sign_res
sign_res="
signTime=1613606400;signed=2
signTime=1613692800;signed=2
signTime=1613779200;signed=2
signTime=1613865600;signed=2
signTime=1613952000;signed=2"
sign_num="5"
sign_total_num="5"
giftName=""5积分""
giftRes="ok"
giftDate="20210222"
sign_res_info="
2021/02/18_08:00:00  [已~签~到]      
2021/02/19_08:00:00  [已~签~到]      
2021/02/20_08:00:00  [已~签~到]      
2021/02/21_08:00:00  [已~签~到]      
2021/02/22_08:00:00  [已~签~到]      
当天签到奖励 ["5积分"]
连续签到 5 天
签到总天数 5"
#赵 122294312-396444 sign_res_end
#王 1309893722-164885 sign_res
sign_res="
signTime=1613606400;signed=2
signTime=1613692800;signed=2
signTime=1613779200;signed=2
signTime=1613865600;signed=2
signTime=1613952000;signed=2"
sign_num="5"
sign_total_num="5"
giftName=""5积分""
giftRes="ok"
giftDate="20210222"
sign_res_info="
2021/02/18_08:00:00  [已~签~到]      
2021/02/19_08:00:00  [已~签~到]      
2021/02/20_08:00:00  [已~签~到]      
2021/02/21_08:00:00  [已~签~到]      
2021/02/22_08:00:00  [已~签~到]      
当天签到奖励 ["5积分"]
连续签到 5 天
签到总天数 5"
#王 1309893722-164885 sign_res_end
#肥鹅 jd_4d651d9e48204 sign_res
sign_res="
signTime=1613606400;signed=2
signTime=1613692800;signed=2
signTime=1613779200;signed=2
signTime=1613865600;signed=2
signTime=1613952000;signed=2"
sign_num="5"
sign_total_num="5"
giftName=""5积分""
giftRes="ok"
giftDate="20210222"
sign_res_info="
2021/02/18_08:00:00  [已~签~到]      
2021/02/19_08:00:00  [已~签~到]      
2021/02/20_08:00:00  [已~签~到]      
2021/02/21_08:00:00  [已~签~到]      
2021/02/22_08:00:00  [已~签~到]      
当天签到奖励 ["5积分"]
连续签到 5 天
签到总天数 5"
#肥鹅 jd_4d651d9e48204 sign_res_end
#移动 jd_OeTNobRVGiNZ sign_res
sign_res="
signTime=1613520000;signed=2
signTime=1613606400;signed=2
signTime=1613692800;signed=2
signTime=1613779200;signed=2
signTime=1613865600;signed=2
signTime=1613952000;signed=2"
sign_num="6"
sign_total_num="6"
giftName=""5积分""
giftRes="ok"
giftDate="20210222"
sign_res_info="
2021/02/17_08:00:00  [已~签~到]      
2021/02/18_08:00:00  [已~签~到]      
2021/02/19_08:00:00  [已~签~到]      
2021/02/20_08:00:00  [已~签~到]      
2021/02/21_08:00:00  [已~签~到]      
2021/02/22_08:00:00  [已~签~到]      
当天签到奖励 ["5积分"]
连续签到 6 天
签到总天数 6"
#移动 jd_OeTNobRVGiNZ sign_res_end
