03/04/21 02:01:41 158072300  1614794501
RANDOM_num: 15
removed '/tmp/tmp.NciwGPWQ2Z'
03/04/21 02:01:41 259881900  1614794501
王 今天已经签到过. 签到结果: ok  giftDate: 20210304
***********************************************

2021/03/03_08:00:00  [已~签~到]      
2021/03/04_08:00:00  [已~签~到]      
当天签到奖励 [5积分]
连续签到 2 天
签到总天数 2
***********************************************

actId=23cee021ce2c46c3891d9724baaf145d
venderId=1000099544
startTime=1614589980000
endTime=1617182039000
# 短链接
suo_url="https://3.cn/10175-hFy"
actTimeStr="2021-03-01 17:13 至 2021-03-31 17:13"
#店铺名称
vendername="Mideer弥鹿京东自营官方旗舰店"
# 长链接
url=https://lzkj-isv.isvjcloud.com/sign/signActivity2?activityId=23cee021ce2c46c3891d9724baaf145d&venderId=1000099544&adsource=tg_xuanFuTuBiao
# 活动时间：2021.03.01 17:13:00 - 2021.03.31 17:13:59
# 奖励说明：
actRule="
连续签到7天：20积分 20积分
"
#赵 122294312-396444 sign_res
sign_res="
signTime=1614729600;signed=2
signTime=1614816000;signed=2"
sign_num="2"
sign_total_num="2"
giftName=""5积分""
giftRes="ok"
giftDate="20210304"
sign_res_info="
2021/03/03_08:00:00  [已~签~到]      
2021/03/04_08:00:00  [已~签~到]      
当天签到奖励 ["5积分"]
连续签到 2 天
签到总天数 2"
#赵 122294312-396444 sign_res_end
#王 1309893722-164885 sign_res
sign_res="
signTime=1614729600;signed=2
signTime=1614816000;signed=2"
sign_num="2"
sign_total_num="2"
giftName=""5积分""
giftRes="ok"
giftDate="20210304"
sign_res_info="
2021/03/03_08:00:00  [已~签~到]      
2021/03/04_08:00:00  [已~签~到]      
当天签到奖励 ["5积分"]
连续签到 2 天
签到总天数 2"
#王 1309893722-164885 sign_res_end
#肥鹅 jd_4d651d9e48204 sign_res
sign_res="
signTime=1614729600;signed=2
signTime=1614816000;signed=2"
sign_num="2"
sign_total_num="2"
giftName=""5积分""
giftRes="ok"
giftDate="20210304"
sign_res_info="
2021/03/03_08:00:00  [已~签~到]      
2021/03/04_08:00:00  [已~签~到]      
当天签到奖励 ["5积分"]
连续签到 2 天
签到总天数 2"
#肥鹅 jd_4d651d9e48204 sign_res_end
#移动 jd_OeTNobRVGiNZ sign_res
sign_res="
"
sign_num="0"
sign_total_num="0"
giftName=""
giftRes=""
giftDate="20210304"
sign_res_info="

当天签到奖励 []
连续签到 0 天
签到总天数 0"
#移动 jd_OeTNobRVGiNZ sign_res_end
