RANDOM_num: 5
lzdz-isv.isvjcloud.com	FALSE	/	FALSE	1617211086	LZ_TOKEN_VALUE	B0oH3vDY2bhHWuKbVaJ+XQ==
lzdz-isv.isvjcloud.com	FALSE	/	FALSE	1617211086	LZ_TOKEN_KEY	lztokenpage3dd64341a1c346f39dbe8ef32eb809a5
use pt_key
token: AAFgZKx2ADA5uHlWUVvRFI0vALi8bK7IP4tGzD4La2jMLeWElwypLPykAStMprnzIHq45pb9NNs
secretPin: 51S2JqsypB/nfj45frYeoU7oeVP9kq2pYSH90mYt4m3fwcJlClpxrfmVYaGKuquQkdK3rLBQpEQH9V4tdrrh0w==

04/01/21 01:08:07 292934600  1617210487
赵签到蒙牛京东自营旗舰店
{
  "result": false,
  "data": "",
  "count": 0,
  "errorMessage": "活动已结束！"
}
"活动已结束！"
签到蒙牛京东自营旗舰店完成

赵签到蒙牛京东自营旗舰店查看结果, 活动规则
{"result":false,"data":"","count":0,"errorMessage":"活动已结束！"}

{
  "result": false,
  "data": "",
  "count": 0,
  "errorMessage": "活动已结束！"
}
