02/27/21 02:04:30 042407200  1614362670
RANDOM_num: 35
removed '/tmp/tmp.WoxYbAuDEH'
02/27/21 02:04:30 193005600  1614362670 检查王签到

real	0m0.262s
user	0m0.047s
sys	0m0.078s
lzkj-isv.isvjcloud.com	FALSE	/	FALSE	1614363270	LZ_TOKEN_VALUE	B0oH3vDY2bhHWuKbVaJ+XQ==
lzkj-isv.isvjcloud.com	FALSE	/	FALSE	1614363270	LZ_TOKEN_KEY	lztokenpage81e7791c04504fb3956d310631c0780a
02/27/21 02:04:30 616536000  1614362670
use pt_key

real	0m0.190s
user	0m0.094s
sys	0m0.109s
02/27/21 02:04:30 828304900  1614362670 token: AAFgOTguADB3H7_fn8OJaQvBl906YyKsL_1N8ka08T2KOlVSoZnd3MbWoNEwKvjJQrua7qc1ZS8

real	0m0.296s
user	0m0.078s
sys	0m0.078s
02/27/21 02:04:31 151056600  1614362671 secretPin: 8zfoIjWIu/DcpxQNzAV7/oVPSWy1B8D+G4s+fJIFDfWHSnwnXFQKK9yQco/OGmHebU48Dr07k+7+k1UaXRbZKg==

02/27/21 02:04:31 171954400  1614362671 王签到Kendall康度京东自营专区

real	0m0.226s
user	0m0.016s
sys	0m0.063s
{
  "msg": "签满7天后不能再参加了",
  "isOk": false
}
02/27/21 02:04:31 709972000 1614362671

real	0m0.251s
user	0m0.000s
sys	0m0.031s

real	0m0.241s
user	0m0.016s
sys	0m0.094s
lzkj-isv.isvjcloud.com	FALSE	/	FALSE	1614363272	LZ_TOKEN_VALUE	B0oH3vDY2bhHWuKbVaJ+XQ==
lzkj-isv.isvjcloud.com	FALSE	/	FALSE	1614363272	LZ_TOKEN_KEY	lztokenpage8f98609e760d4b5390351dac806a60d7
02/27/21 02:04:32 267954900  1614362672
use pt_key

real	0m0.223s
user	0m0.109s
sys	0m0.078s
02/27/21 02:04:32 517251700  1614362672 token: AAFgOTgwADAYq7aHQ9ITTtvJ7wh-E8oCqDVA5Utxc_WBp3IZpUb1r34hZcd5n7qTk3uicBrmkJQ

real	0m0.328s
user	0m0.109s
sys	0m0.078s
02/27/21 02:04:32 865537100  1614362672 secretPin: 8zfoIjWIu/DcpxQNzAV7/oVPSWy1B8D+G4s+fJIFDfWHSnwnXFQKK9yQco/OGmHebU48Dr07k+7+k1UaXRbZKg==

02/27/21 02:04:32 883326100  1614362672 王签到Kendall康度京东自营专区

real	0m0.241s
user	0m0.016s
sys	0m0.078s
{
  "msg": "当天只允许签到一次",
  "isOk": false
}
"当天只允许签到一次"
02/27/21 02:04:33 527521400 1614362673
02/27/21 02:04:33 546893200 1614362673 签到Kendall康度京东自营专区完成
02/27/21 02:05:08 760531700  1614362708
false
parse error: Invalid numeric literal at line 1, column 10
重复签到. 载入之前签到的giftName: null

***********************************************
7天签到 第  天
当天签到奖励 [null]
***********************************************

王签到Kendall康度京东自营专区查看结果, 活动规则
<!DOCTYPE html>
<html>
 <head> 
  <title>京东</title> 
  <meta charset="utf-8" /> 
  <meta name="apple-mobile-web-app-capable" content="yes" /> 
  <meta name="viewport" content="width=device-width,initial-scale=1,user-scalable=no,maximum-scale=1,viewport-fit=cover" /> 
  <meta name="format-detection" content="telephone=no" /> 
  <meta name="x5-cache" content="enable" /> 
  <link rel="stylesheet" href="https://storage.360buyimg.com/babel/00162638/333378/production/dev/parser.1526555535098.css?t=20180517191236" /> 
  <style> img {
            opacity: 1 !important;
        } </style> 
  <link href="https://storage.360buyimg.com/babel/00170893/348321/production/dev/index.7320a380.css?t=20180802150952" rel="stylesheet" />
 </head> 
 <body style="background:#fff;" id="root"> 
  <div class="errorPage"> 
  </div> 
  <div class="placeholer"> 
  </div> 
  <script src="https://wl.jd.com/unify.min.js"></script> 
  <script type="text/javascript" src="https://storage.360buyimg.com/babel/00170893/348321/production/dev/index.0f8f4dba.js?t=20180802150952"></script> 
 </body>
</html>

#店铺名称
vendername="Kendall康度京东自营专区"
#店铺激活码
actId="cd7a717f17914fda93377be959493730"
#店铺id
venderId="1000103167"
#长链接
url="https://lzkj-isv.isvjcloud.com/sign/sevenDay/signActivity?activityId=cd7a717f17914fda93377be959493730&venderId=1000103167&adsource=tg_xuanFuTuBiao"

startTime=1612341120
endTime=1614933120
# 活动时间：2021-02-03 16:32 - 2021-03-05 16:32；
# 奖励说明：
actRule="
7天签到
连续签到1天：20店铺积分
连续签到2天：50店铺积分
连续签到3天：50店铺积分
连续签到4天：50店铺积分
连续签到5天：50店铺积分
连续签到6天：2京豆
连续签到7天：5京豆
"
#肥鹅 jd_4d651d9e48204 sign_res
sign_num="0"
giftName="null"
giftRes="ok"
giftDate="20210226"
sign_res_info="7天签到 第 0 天
当天签到奖励 [null]"
#肥鹅 jd_4d651d9e48204 sign_res_end
#移动 jd_OeTNobRVGiNZ sign_res
sign_num="0"
giftName="null"
giftRes="ok"
giftDate="20210226"
sign_res_info="7天签到 第 0 天
当天签到奖励 [null]"
#移动 jd_OeTNobRVGiNZ sign_res_end
#赵 122294312-396444 sign_res
sign_num=""
giftName="null"
giftRes="ok"
giftDate="20210227"
sign_res_info="7天签到 第  天
当天签到奖励 [null]"
#赵 122294312-396444 sign_res_end
#王 1309893722-164885 sign_res
sign_num=""
giftName="null"
giftRes="ok"
giftDate="20210227"
sign_res_info="7天签到 第  天
当天签到奖励 [null]"
#王 1309893722-164885 sign_res_end
