02/28/21 01:14:23 567100500  1614446063
RANDOM_num: 10
removed '/tmp/tmp.GmltTQXDsO'
02/28/21 01:14:27 173749600  1614446067 检查肥鹅签到

real	0m4.504s
user	0m0.047s
sys	0m0.078s
[WARN] get LZ_TOKEN error
02/28/21 01:14:36 945361800  1614446076
use pt_key

real	0m2.038s
user	0m0.063s
sys	0m0.078s
02/28/21 01:14:39 519870200  1614446079 token: AAFgOn3_ADC1PTFtXZFSQergpju9_TypGEEleAomzTiNrcme__0TzEVfiiCQdpVs57wWFXmzw-8
parse error: Invalid numeric literal at line 1, column 10

real	0m2.632s
user	0m0.109s
sys	0m0.203s
02/28/21 01:14:43 164855900  1614446083 secretPin: 
[WARN] get secretPin error

02/28/21 01:14:43 602161700  1614446083 肥鹅签到佳贝艾特京东自营官方旗舰店

real	0m1.541s
user	0m0.047s
sys	0m0.063s
parse error: Invalid numeric literal at line 1, column 10
parse error: Invalid numeric literal at line 1, column 10
parse error: Invalid numeric literal at line 1, column 10
parse error: Invalid numeric literal at line 1, column 10
02/28/21 01:14:54 592886300 1614446094

real	0m1.616s
user	0m0.000s
sys	0m0.047s

real	0m2.531s
user	0m0.031s
sys	0m0.063s
[WARN] get LZ_TOKEN error
02/28/21 01:15:10 442942100  1614446110
use pt_key

real	0m4.096s
user	0m0.141s
sys	0m0.031s
02/28/21 01:15:15 028191500  1614446115 token: AAFgOn4iADA2GH78VreCgCJRDbL3k9aJvbVur7km9zFxh3amW9doRdIcyE42mw6WORcRs0Rlpp4
parse error: Invalid numeric literal at line 1, column 10

real	0m2.225s
user	0m0.125s
sys	0m0.109s
02/28/21 01:15:18 224210500  1614446118 secretPin: 
[WARN] get secretPin error

02/28/21 01:15:18 719439200  1614446118 肥鹅签到佳贝艾特京东自营官方旗舰店

real	0m2.740s
user	0m0.016s
sys	0m0.078s
parse error: Invalid numeric literal at line 1, column 10
parse error: Invalid numeric literal at line 1, column 10
parse error: Invalid numeric literal at line 1, column 10
parse error: Invalid numeric literal at line 1, column 10
02/28/21 01:15:37 736709200 1614446137

real	0m2.250s
user	0m0.000s
sys	0m0.016s

real	0m2.417s
user	0m0.000s
sys	0m0.109s
[WARN] get LZ_TOKEN error
02/28/21 01:15:47 226195700  1614446147
use pt_key

real	0m2.422s
user	0m0.156s
sys	0m0.078s
02/28/21 01:15:51 002575600  1614446151 token: AAFgOn5FADBgob2--G2lH_kGmhsDDr19BzVMK0Iza6evzmhhPhws7KpSf5SYGsv2lMTnVCK0pl0
parse error: Invalid numeric literal at line 1, column 10

real	0m2.357s
user	0m0.078s
sys	0m0.141s
02/28/21 01:15:54 483107900  1614446154 secretPin: 
[WARN] get secretPin error

02/28/21 01:15:55 093777200  1614446155 肥鹅签到佳贝艾特京东自营官方旗舰店

real	0m1.976s
user	0m0.000s
sys	0m0.078s
parse error: Invalid numeric literal at line 1, column 10
parse error: Invalid numeric literal at line 1, column 10
parse error: Invalid numeric literal at line 1, column 10
parse error: Invalid numeric literal at line 1, column 10
02/28/21 01:16:29 655639400 1614446189

real	0m2.844s
user	0m0.000s
sys	0m0.031s

real	0m5.021s
user	0m0.000s
sys	0m0.078s
[WARN] get LZ_TOKEN error
02/28/21 01:16:39 526448600  1614446199
use pt_key

real	0m2.313s
user	0m0.078s
sys	0m0.125s
02/28/21 01:16:42 953101200  1614446202 token: AAFgOn55ADB_5Q84iWRSdPQ1mwINECzUTh2tcEJ8ELf0YXfpO3nnRBKSoVMNZByiGEnvWf6_rzI
parse error: Invalid numeric literal at line 1, column 10

real	0m3.299s
user	0m0.109s
sys	0m0.156s
02/28/21 01:16:47 572154500  1614446207 secretPin: 
[WARN] get secretPin error

02/28/21 01:16:48 842660300  1614446208 肥鹅签到佳贝艾特京东自营官方旗舰店

real	0m3.885s
user	0m0.016s
sys	0m0.078s
parse error: Invalid numeric literal at line 1, column 10
parse error: Invalid numeric literal at line 1, column 10
parse error: Invalid numeric literal at line 1, column 10
parse error: Invalid numeric literal at line 1, column 10
02/28/21 01:17:16 415274900 1614446236

real	0m3.320s
user	0m0.000s
sys	0m0.031s

real	0m2.838s
user	0m0.000s
sys	0m0.141s
[WARN] get LZ_TOKEN error
02/28/21 01:17:27 834447700  1614446247
use pt_key

real	0m2.441s
user	0m0.078s
sys	0m0.156s
02/28/21 01:17:30 967274400  1614446250 token: AAFgOn6qADDEK-5ezuBu8j9rcTqY7iFlqY6cxOiriuaLz1CVK5LZlerbXsi6B2wQf3tMGOjsSwg
parse error: Invalid numeric literal at line 1, column 10

real	0m1.782s
user	0m0.109s
sys	0m0.109s
02/28/21 01:17:34 553275800  1614446254 secretPin: 
[WARN] get secretPin error

02/28/21 01:17:35 190177100  1614446255 肥鹅签到佳贝艾特京东自营官方旗舰店

real	0m2.367s
user	0m0.063s
sys	0m0.109s
parse error: Invalid numeric literal at line 1, column 10
parse error: Invalid numeric literal at line 1, column 10
parse error: Invalid numeric literal at line 1, column 10
parse error: Invalid numeric literal at line 1, column 10
02/28/21 01:17:54 756712800 1614446274

real	0m2.928s
user	0m0.000s
sys	0m0.031s

real	0m4.022s
user	0m0.016s
sys	0m0.109s
[WARN] get LZ_TOKEN error
02/28/21 01:18:06 520595000  1614446286
use pt_key

real	0m3.096s
user	0m0.063s
sys	0m0.141s
02/28/21 01:18:10 298244900  1614446290 token: AAFgOn7RADDyvNmvOL0bGpvtpXVDyWicVjKUj5Xd1pQwGIYF6Xgak4VmQy1hFFTvRRKm07A26r4
parse error: Invalid numeric literal at line 1, column 10

real	0m3.212s
user	0m0.109s
sys	0m0.078s
02/28/21 01:18:14 249959600  1614446294 secretPin: 
[WARN] get secretPin error

02/28/21 01:18:15 214079200  1614446295 肥鹅签到佳贝艾特京东自营官方旗舰店

real	0m3.081s
user	0m0.047s
sys	0m0.078s
parse error: Invalid numeric literal at line 1, column 10
parse error: Invalid numeric literal at line 1, column 10
parse error: Invalid numeric literal at line 1, column 10
parse error: Invalid numeric literal at line 1, column 10
02/28/21 01:18:25 529418100 1614446305

real	0m3.534s
user	0m0.000s
sys	0m0.063s

real	0m2.739s
user	0m0.063s
sys	0m0.047s
[WARN] get LZ_TOKEN error
02/28/21 01:18:35 422170200  1614446315
use pt_key

real	0m3.182s
user	0m0.125s
sys	0m0.109s
02/28/21 01:18:39 258608400  1614446319 token: AAFgOn7uADBTgrfv7t6SHE5IzIH4ZzuP0KEvTKdPSytzXX90ylwle5Rx7J1iGu8G_qpywX8cOyw
parse error: Invalid numeric literal at line 1, column 10

real	0m3.717s
user	0m0.094s
sys	0m0.109s
02/28/21 01:18:43 781079300  1614446323 secretPin: 
[WARN] get secretPin error

02/28/21 01:18:45 057967200  1614446325 肥鹅签到佳贝艾特京东自营官方旗舰店

real	0m2.696s
user	0m0.031s
sys	0m0.063s
parse error: Invalid numeric literal at line 1, column 10
parse error: Invalid numeric literal at line 1, column 10
parse error: Invalid numeric literal at line 1, column 10
parse error: Invalid numeric literal at line 1, column 10
02/28/21 01:18:57 698633300 1614446337

real	0m3.550s
user	0m0.000s
sys	0m0.016s

real	0m4.365s
user	0m0.016s
sys	0m0.063s
[WARN] get LZ_TOKEN error
02/28/21 01:19:09 530981400  1614446349
use pt_key

real	0m3.504s
user	0m0.141s
sys	0m0.063s
02/28/21 01:19:14 308682300  1614446354 token: AAFgOn8QADDTmeXHPDmjJFZi0jbtXj4s-2oSUHRyUOGwrFxEpYsqnfw3O1uWdivWXGx6ZbCL-jQ
parse error: Invalid numeric literal at line 1, column 10

real	0m4.927s
user	0m0.141s
sys	0m0.109s
02/28/21 01:19:20 390034100  1614446360 secretPin: 
[WARN] get secretPin error

02/28/21 01:19:22 536676400  1614446362 肥鹅签到佳贝艾特京东自营官方旗舰店

real	0m2.729s
user	0m0.031s
sys	0m0.094s
parse error: Invalid numeric literal at line 1, column 10
parse error: Invalid numeric literal at line 1, column 10
parse error: Invalid numeric literal at line 1, column 10
parse error: Invalid numeric literal at line 1, column 10
02/28/21 01:19:41 603576200 1614446381

real	0m4.407s
user	0m0.000s
sys	0m0.063s

real	0m3.236s
user	0m0.047s
sys	0m0.094s
[WARN] get LZ_TOKEN error
02/28/21 01:19:51 867254200  1614446391
use pt_key

real	0m3.626s
user	0m0.141s
sys	0m0.109s
02/28/21 01:19:57 034494500  1614446397 token: AAFgOn86ADASnQtHuQjLazREXOQIgKrGiu6TqhJzHREt1Dw3BX_moqpoXrkyYKW9sodHbsLDgkQ
parse error: Invalid numeric literal at line 1, column 10

real	0m4.040s
user	0m0.094s
sys	0m0.172s
02/28/21 01:20:02 435872600  1614446402 secretPin: 
[WARN] get secretPin error

02/28/21 01:20:04 611922600  1614446404 肥鹅签到佳贝艾特京东自营官方旗舰店

real	0m4.327s
user	0m0.031s
sys	0m0.063s
parse error: Invalid numeric literal at line 1, column 10
parse error: Invalid numeric literal at line 1, column 10
parse error: Invalid numeric literal at line 1, column 10
parse error: Invalid numeric literal at line 1, column 10
02/28/21 01:20:24 683427800 1614446424

real	0m3.439s
user	0m0.000s
sys	0m0.031s

real	0m3.035s
user	0m0.078s
sys	0m0.047s
[WARN] get LZ_TOKEN error
02/28/21 01:20:38 356074700  1614446438
use pt_key

real	0m2.092s
user	0m0.125s
sys	0m0.078s
02/28/21 01:20:41 409204500  1614446441 token: AAFgOn9oADADgBtylKjMbGxJnRzTUCuBKaDP3L4PlimlCl977jUBZ676TOfEKzDL3j1To4DUr9k
parse error: Invalid numeric literal at line 1, column 10

real	0m3.877s
user	0m0.125s
sys	0m0.125s
02/28/21 01:20:46 267037700  1614446446 secretPin: 
[WARN] get secretPin error

02/28/21 01:20:48 328859700  1614446448 肥鹅签到佳贝艾特京东自营官方旗舰店

real	0m2.183s
user	0m0.063s
sys	0m0.063s
parse error: Invalid numeric literal at line 1, column 10
parse error: Invalid numeric literal at line 1, column 10
parse error: Invalid numeric literal at line 1, column 10
parse error: Invalid numeric literal at line 1, column 10
02/28/21 01:21:05 574358700 1614446465

real	0m4.631s
user	0m0.000s
sys	0m0.078s

real	0m3.257s
user	0m0.016s
sys	0m0.125s
[WARN] get LZ_TOKEN error
02/28/21 01:21:15 367349000  1614446475
use pt_key

real	0m3.080s
user	0m0.141s
sys	0m0.078s
02/28/21 01:21:19 188466800  1614446479 token: AAFgOn-OADDItW3-khUl_GEqvDK-raE6sz0JUWhr8-53b8ElJyu7mj5Teqep8q9T7re-mEyMZY4
parse error: Invalid numeric literal at line 1, column 10

real	0m2.649s
user	0m0.109s
sys	0m0.094s
02/28/21 01:21:22 791690300  1614446482 secretPin: 
[WARN] get secretPin error

02/28/21 01:21:23 796422800  1614446483 肥鹅签到佳贝艾特京东自营官方旗舰店

real	0m1.738s
user	0m0.031s
sys	0m0.078s
parse error: Invalid numeric literal at line 1, column 10
parse error: Invalid numeric literal at line 1, column 10
parse error: Invalid numeric literal at line 1, column 10
parse error: Invalid numeric literal at line 1, column 10
02/28/21 01:21:41 665473600 1614446501

real	0m6.449s
user	0m0.000s
sys	0m0.031s

real	0m3.114s
user	0m0.047s
sys	0m0.063s
[WARN] get LZ_TOKEN error
02/28/21 01:21:53 821724200  1614446513
use pt_key

real	0m3.512s
user	0m0.125s
sys	0m0.109s
02/28/21 01:21:58 300263700  1614446518 token: AAFgOn-1ADD11VXu9C0GJq9LyLJ40v7p-7KXmokxjDkSOLoofA99wBCqIEWf3KGB8L9oUgDwbr4
parse error: Invalid numeric literal at line 1, column 10

real	0m3.784s
user	0m0.094s
sys	0m0.125s
02/28/21 01:22:02 711021600  1614446522 secretPin: 
[WARN] get secretPin error

02/28/21 01:22:03 369990700  1614446523 肥鹅签到佳贝艾特京东自营官方旗舰店

real	0m2.698s
user	0m0.016s
sys	0m0.078s
parse error: Invalid numeric literal at line 1, column 10
parse error: Invalid numeric literal at line 1, column 10
parse error: Invalid numeric literal at line 1, column 10
parse error: Invalid numeric literal at line 1, column 10
02/28/21 01:22:20 953267200 1614446540

real	0m4.587s
user	0m0.000s
sys	0m0.031s

real	0m2.711s
user	0m0.047s
sys	0m0.078s
[WARN] get LZ_TOKEN error
02/28/21 01:22:31 570990400  1614446551
use pt_key

real	0m1.600s
user	0m0.078s
sys	0m0.125s
02/28/21 01:22:34 157262100  1614446554 token: AAFgOn_ZADArP5Z5Wp7fZUgigh2TYPuBSOFb8tK6G5KJUxCEkHjehehOrHo00KLfnoVdw4-qw5I
parse error: Invalid numeric literal at line 1, column 10

real	0m3.624s
user	0m0.094s
sys	0m0.172s
02/28/21 01:22:38 897618200  1614446558 secretPin: 
[WARN] get secretPin error

02/28/21 01:22:39 610960700  1614446559 肥鹅签到佳贝艾特京东自营官方旗舰店

real	0m3.361s
user	0m0.031s
sys	0m0.063s
parse error: Invalid numeric literal at line 1, column 10
parse error: Invalid numeric literal at line 1, column 10
parse error: Invalid numeric literal at line 1, column 10
parse error: Invalid numeric literal at line 1, column 10
02/28/21 01:23:01 062532700 1614446581

real	0m4.013s
user	0m0.016s
sys	0m0.047s

real	0m2.162s
user	0m0.000s
sys	0m0.094s
[WARN] get LZ_TOKEN error
02/28/21 01:23:12 014001100  1614446592
use pt_key

real	0m3.866s
user	0m0.109s
sys	0m0.109s
02/28/21 01:23:16 510821300  1614446596 token: AAFgOoADADCbdceepur2S-N6jMYvhcUgOhqquOZH-j1H0Rrvk5vHwj12TRobX-O_ydCI87mnhuw
parse error: Invalid numeric literal at line 1, column 10

real	0m3.321s
user	0m0.141s
sys	0m0.094s
02/28/21 01:23:20 675362000  1614446600 secretPin: 
[WARN] get secretPin error

02/28/21 01:23:21 711402900  1614446601 肥鹅签到佳贝艾特京东自营官方旗舰店

real	0m2.635s
user	0m0.031s
sys	0m0.078s
parse error: Invalid numeric literal at line 1, column 10
parse error: Invalid numeric literal at line 1, column 10
parse error: Invalid numeric literal at line 1, column 10
parse error: Invalid numeric literal at line 1, column 10
02/28/21 01:23:37 907268900 1614446617

real	0m4.946s
user	0m0.000s
sys	0m0.047s

real	0m3.279s
user	0m0.063s
sys	0m0.063s
[WARN] get LZ_TOKEN error
02/28/21 01:23:48 877700500  1614446628
use pt_key

real	0m3.546s
user	0m0.109s
sys	0m0.125s
02/28/21 01:23:53 215804700  1614446633 token: AAFgOoAoADBVi6JmTeHZhnlZKu0oH093WQ8KTL4Flm7qOEbjU3k1jLUXIcdlLgQ3gDN1-8iVGus
parse error: Invalid numeric literal at line 1, column 10

real	0m4.952s
user	0m0.109s
sys	0m0.109s
02/28/21 01:23:59 139461300  1614446639 secretPin: 
[WARN] get secretPin error

02/28/21 01:23:59 822568500  1614446639 肥鹅签到佳贝艾特京东自营官方旗舰店

real	0m2.157s
user	0m0.016s
sys	0m0.094s
parse error: Invalid numeric literal at line 1, column 10
parse error: Invalid numeric literal at line 1, column 10
parse error: Invalid numeric literal at line 1, column 10
parse error: Invalid numeric literal at line 1, column 10
02/28/21 01:24:12 046865800 1614446652

real	0m4.727s
user	0m0.000s
sys	0m0.031s

real	0m1.282s
user	0m0.016s
sys	0m0.141s
[WARN] get LZ_TOKEN error
02/28/21 01:24:19 993645300  1614446659
use pt_key

real	0m2.615s
user	0m0.125s
sys	0m0.125s
02/28/21 01:24:23 351833700  1614446663 token: AAFgOoBGADASLR0E9-JVAb5mvPXC0kVytwS9AGCGS9_w8Cgioi0hnRxjte1kK1_Y49pSIMytgqM
parse error: Invalid numeric literal at line 1, column 10

real	0m3.186s
user	0m0.094s
sys	0m0.125s
02/28/21 01:24:27 549763500  1614446667 secretPin: 
[WARN] get secretPin error

02/28/21 01:24:28 398971500  1614446668 肥鹅签到佳贝艾特京东自营官方旗舰店

real	0m1.723s
user	0m0.031s
sys	0m0.094s
parse error: Invalid numeric literal at line 1, column 10
parse error: Invalid numeric literal at line 1, column 10
parse error: Invalid numeric literal at line 1, column 10
parse error: Invalid numeric literal at line 1, column 10
02/28/21 01:24:42 196991600 1614446682

real	0m4.721s
user	0m0.000s
sys	0m0.063s

real	0m2.380s
user	0m0.031s
sys	0m0.094s
[WARN] get LZ_TOKEN error
02/28/21 01:24:51 845110800  1614446691
use pt_key

real	0m1.880s
user	0m0.141s
sys	0m0.125s
02/28/21 01:24:54 503105300  1614446694 token: AAFgOoBlADDnFVvudwEL8N6rcnNjoCsD9BEh2SlOxs1Z4zP3sc7rhjCl-erekLh-qKH-tww5kPA
parse error: Invalid numeric literal at line 1, column 10

real	0m1.613s
user	0m0.109s
sys	0m0.094s
02/28/21 01:24:56 919850900  1614446696 secretPin: 
[WARN] get secretPin error

02/28/21 01:24:57 720363800  1614446697 肥鹅签到佳贝艾特京东自营官方旗舰店

real	0m2.242s
user	0m0.016s
sys	0m0.094s
parse error: Invalid numeric literal at line 1, column 10
parse error: Invalid numeric literal at line 1, column 10
parse error: Invalid numeric literal at line 1, column 10
parse error: Invalid numeric literal at line 1, column 10
02/28/21 01:25:08 512901100 1614446708

real	0m5.433s
user	0m0.000s
sys	0m0.047s

real	0m3.144s
user	0m0.031s
sys	0m0.125s
[WARN] get LZ_TOKEN error
02/28/21 01:25:19 030077300  1614446719
use pt_key

real	0m1.754s
user	0m0.125s
sys	0m0.125s
02/28/21 01:25:21 193625800  1614446721 token: AAFgOoCAADDxaPCQPNf9uKx38GbSBawxOyBqEfVMdRFQyE_3fo2V5s8Uwc-m1DTdK_9o0oNAVuY
parse error: Invalid numeric literal at line 1, column 10

real	0m1.956s
user	0m0.109s
sys	0m0.094s
02/28/21 01:25:23 654253500  1614446723 secretPin: 
[WARN] get secretPin error

02/28/21 01:25:24 116560600  1614446724 肥鹅签到佳贝艾特京东自营官方旗舰店

real	0m1.808s
user	0m0.031s
sys	0m0.078s
parse error: Invalid numeric literal at line 1, column 10
parse error: Invalid numeric literal at line 1, column 10
parse error: Invalid numeric literal at line 1, column 10
parse error: Invalid numeric literal at line 1, column 10
02/28/21 01:25:34 336872000 1614446734

real	0m6.317s
user	0m0.000s
sys	0m0.031s

real	0m1.901s
user	0m0.031s
sys	0m0.078s
[WARN] get LZ_TOKEN error
02/28/21 01:25:45 156838600  1614446745
use pt_key

real	0m1.938s
user	0m0.109s
sys	0m0.094s
02/28/21 01:25:47 459935800  1614446747 token: AAFgOoCaADCqJX8pHspOM9avEOPNUWIDmV1psv86-6MbLUa54U1TBgRpH5rhJnd9HwiKdJkyV1E
parse error: Invalid numeric literal at line 1, column 10

real	0m1.289s
user	0m0.125s
sys	0m0.109s
02/28/21 01:25:49 165546500  1614446749 secretPin: 
[WARN] get secretPin error

02/28/21 01:25:49 707909300  1614446749 肥鹅签到佳贝艾特京东自营官方旗舰店

real	0m1.019s
user	0m0.047s
sys	0m0.047s
parse error: Invalid numeric literal at line 1, column 10
parse error: Invalid numeric literal at line 1, column 10
parse error: Invalid numeric literal at line 1, column 10
parse error: Invalid numeric literal at line 1, column 10
02/28/21 01:25:56 555924700 1614446756

real	0m5.332s
user	0m0.000s
sys	0m0.031s

real	0m2.382s
user	0m0.047s
sys	0m0.078s
[WARN] get LZ_TOKEN error
02/28/21 01:26:05 493111000  1614446765
use pt_key

real	0m1.932s
user	0m0.094s
sys	0m0.109s
02/28/21 01:26:08 045124600  1614446768 token: AAFgOoCvADCa3G3dAlPX3zR0hScKhSGZ5Qh9AZXP4-QzNMjI2Cj_5Fs_xNJ_eBtErMqeQ8xsmtU
parse error: Invalid numeric literal at line 1, column 10

real	0m1.709s
user	0m0.094s
sys	0m0.094s
02/28/21 01:26:10 032914500  1614446770 secretPin: 
[WARN] get secretPin error

02/28/21 01:26:10 249944100  1614446770 肥鹅签到佳贝艾特京东自营官方旗舰店

real	0m0.832s
user	0m0.031s
sys	0m0.109s
parse error: Invalid numeric literal at line 1, column 10
parse error: Invalid numeric literal at line 1, column 10
parse error: Invalid numeric literal at line 1, column 10
parse error: Invalid numeric literal at line 1, column 10
02/28/21 01:26:13 568515200 1614446773

real	0m5.004s
user	0m0.000s
sys	0m0.047s
02/28/21 01:26:29 503312600  1614446789
parse error: Invalid numeric literal at line 1, column 10
签到是否成功解析失败. 不再写/home/myid/jd/jd_signup/lzkj_sevenDay_vender/shop_1613046181_1_delay

肥鹅签到佳贝艾特京东自营官方旗舰店查看结果, 活动规则
<!DOCTYPE html>
<html>
 <head> 
  <title>京东</title> 
  <meta charset="utf-8" /> 
  <meta name="apple-mobile-web-app-capable" content="yes" /> 
  <meta name="viewport" content="width=device-width,initial-scale=1,user-scalable=no,maximum-scale=1,viewport-fit=cover" /> 
  <meta name="format-detection" content="telephone=no" /> 
  <meta name="x5-cache" content="enable" /> 
  <link rel="stylesheet" href="https://storage.360buyimg.com/babel/00162638/333378/production/dev/parser.1526555535098.css?t=20180517191236" /> 
  <style> img {
            opacity: 1 !important;
        } </style> 
  <link href="https://storage.360buyimg.com/babel/00170893/348321/production/dev/index.7320a380.css?t=20180802150952" rel="stylesheet" />
 </head> 
 <body style="background:#fff;" id="root"> 
  <div class="errorPage"> 
  </div> 
  <div class="placeholer"> 
  </div> 
  <script src="https://wl.jd.com/unify.min.js"></script> 
  <script type="text/javascript" src="https://storage.360buyimg.com/babel/00170893/348321/production/dev/index.0f8f4dba.js?t=20180802150952"></script> 
 </body>
</html>

#店铺名称
vendername="佳贝艾特京东自营官方旗舰店"
#店铺激活码
actId="3f6c151718844239b7be3ecca403cd70"
#店铺id
venderId="1000002710"
#长链接
url="https://lzkj-isv.isvjcloud.com/sign/sevenDay/signActivity?activityId=3f6c151718844239b7be3ecca403cd70&venderId=1000002710"

# 奖励说明：
actRule="
7天签到
连续签到1天：20元优惠券
连续签到2天：80元优惠券
连续签到3天：30店铺积分
连续签到4天：50店铺积分
连续签到5天：80店铺积分
连续签到6天：2京豆
连续签到7天：5元京东E卡
"
#肥鹅 jd_4d651d9e48204 sign_res
sign_num="0"
giftName=""
giftRes="ok"
giftDate="20210227"
sign_res_info="7天签到 第 0 天
当天签到奖励 []"
#肥鹅 jd_4d651d9e48204 sign_res_end
#移动 jd_OeTNobRVGiNZ sign_res
sign_num="0"
giftName=""
giftRes="ok"
giftDate="20210227"
sign_res_info="7天签到 第 0 天
当天签到奖励 []"
#移动 jd_OeTNobRVGiNZ sign_res_end
#赵 122294312-396444 sign_res
sign_num="0"
giftName=""
giftRes="ok"
giftDate="20210227"
sign_res_info="7天签到 第 0 天
当天签到奖励 []"
#赵 122294312-396444 sign_res_end
#王 1309893722-164885 sign_res
sign_num="0"
giftName="50元优惠券"
giftRes="ok"
giftDate="20210227"
sign_res_info="7天签到 第 0 天
当天签到奖励 [50元优惠券]"
#王 1309893722-164885 sign_res_end
