03/21/21 04:02:14 515839900  1616270534
RANDOM_num: 35
removed '/tmp/tmp.JXNdea3GnG'
03/21/21 04:02:14 596503600  1616270534
肥鹅 今天已经签到过. 签到结果: ok  giftDate: 20210321
***********************************************

2021/03/14_08:00:00  [已~签~到]      
2021/03/15_08:00:00  [已~签~到]      
2021/03/16_08:00:00  [已~签~到]      
2021/03/17_08:00:00  [已~签~到]      
2021/03/18_08:00:00  [已~签~到]      
2021/03/19_08:00:00  [已~签~到]      
2021/03/20_08:00:00  [已~签~到]      
2021/03/21_08:00:00  [已~签~到]      
当天签到奖励 [null]
连续签到 8 天
签到总天数 8
***********************************************

actId=403ee857c21d4c9f88e9e15dbdedd66b
venderId=1000015761
startTime=1615359720000
endTime=1617163259000
# 短链接
suo_url="https://3.cn/101-ceO03"
actTimeStr="2021-03-10 15:02 至 2021-03-31 12:00"
#店铺名称
vendername="红星京东自营官方旗舰店"
# 长链接
url=https://lzkj-isv.isvjcloud.com/sign/signActivity2?activityId=403ee857c21d4c9f88e9e15dbdedd66b&venderId=1000015761&adsource=tg_storePage
# 活动时间：2021.03.10 15:02:00 - 2021.03.31 12:00:59
# 奖励说明：
actRule="
连续签到1天：2积分 2积分
连续签到5天：20积分 20积分
连续签到10天：10京豆 10京豆
连续签到20天：20京豆 20京豆
"
#赵 122294312-396444 sign_res
sign_res="
signTime=1615680000;signed=2
signTime=1615766400;signed=2
signTime=1615852800;signed=2
signTime=1615939200;signed=2
signTime=1616025600;signed=2
signTime=1616112000;signed=2
signTime=1616198400;signed=2
signTime=1616284800;signed=2"
sign_num="8"
sign_total_num="8"
giftName="null"
giftRes="ok"
giftDate="20210321"
sign_res_info="
2021/03/14_08:00:00  [已~签~到]      
2021/03/15_08:00:00  [已~签~到]      
2021/03/16_08:00:00  [已~签~到]      
2021/03/17_08:00:00  [已~签~到]      
2021/03/18_08:00:00  [已~签~到]      
2021/03/19_08:00:00  [已~签~到]      
2021/03/20_08:00:00  [已~签~到]      
2021/03/21_08:00:00  [已~签~到]      
当天签到奖励 [null]
连续签到 8 天
签到总天数 8"
#赵 122294312-396444 sign_res_end
#王 1309893722-164885 sign_res
sign_res="
signTime=1615680000;signed=2
signTime=1615766400;signed=2
signTime=1615852800;signed=2
signTime=1615939200;signed=2
signTime=1616025600;signed=2
signTime=1616112000;signed=2
signTime=1616198400;signed=2
signTime=1616284800;signed=2"
sign_num="8"
sign_total_num="8"
giftName="null"
giftRes="ok"
giftDate="20210321"
sign_res_info="
2021/03/14_08:00:00  [已~签~到]      
2021/03/15_08:00:00  [已~签~到]      
2021/03/16_08:00:00  [已~签~到]      
2021/03/17_08:00:00  [已~签~到]      
2021/03/18_08:00:00  [已~签~到]      
2021/03/19_08:00:00  [已~签~到]      
2021/03/20_08:00:00  [已~签~到]      
2021/03/21_08:00:00  [已~签~到]      
当天签到奖励 [null]
连续签到 8 天
签到总天数 8"
#王 1309893722-164885 sign_res_end
#肥鹅 jd_4d651d9e48204 sign_res
sign_res="
signTime=1615680000;signed=2
signTime=1615766400;signed=2
signTime=1615852800;signed=2
signTime=1615939200;signed=2
signTime=1616025600;signed=2
signTime=1616112000;signed=2
signTime=1616198400;signed=2
signTime=1616284800;signed=2"
sign_num="8"
sign_total_num="8"
giftName="null"
giftRes="ok"
giftDate="20210321"
sign_res_info="
2021/03/14_08:00:00  [已~签~到]      
2021/03/15_08:00:00  [已~签~到]      
2021/03/16_08:00:00  [已~签~到]      
2021/03/17_08:00:00  [已~签~到]      
2021/03/18_08:00:00  [已~签~到]      
2021/03/19_08:00:00  [已~签~到]      
2021/03/20_08:00:00  [已~签~到]      
2021/03/21_08:00:00  [已~签~到]      
当天签到奖励 [null]
连续签到 8 天
签到总天数 8"
#肥鹅 jd_4d651d9e48204 sign_res_end
#移动 jd_OeTNobRVGiNZ sign_res
sign_res="
"
sign_num="0"
sign_total_num="0"
giftName=""
giftRes=""
giftDate="20210321"
sign_res_info="

当天签到奖励 []
连续签到 0 天
签到总天数 0"
#移动 jd_OeTNobRVGiNZ sign_res_end
