RANDOM_num: 5
lzdz-isv.isvjcloud.com	FALSE	/	FALSE	1617300709	LZ_TOKEN_VALUE	B0oH3vDY2bhHWuKbVaJ+XQ==
lzdz-isv.isvjcloud.com	FALSE	/	FALSE	1617300709	LZ_TOKEN_KEY	lztokenpage4d270c9dba1449769b1f280c7bac4202
use pt_key
token: AAFgZgqKADDWngbH4QKBYDT76zCjIH-DCsXY9z9476isdLQyNDUMeFwgxojbkcPHpqVm5QHyURw
secretPin: 51S2JqsypB/nfj45frYeoU7oeVP9kq2pYSH90mYt4m3fwcJlClpxrfmVYaGKuquQkdK3rLBQpEQH9V4tdrrh0w==

04/02/21 02:01:49 534405200  1617300109
赵签到蒙牛京东自营旗舰店
{
  "result": false,
  "data": "",
  "count": 0,
  "errorMessage": "活动已结束！"
}
"活动已结束！"
签到蒙牛京东自营旗舰店完成

赵签到蒙牛京东自营旗舰店查看结果, 活动规则
{"result":false,"data":"","count":0,"errorMessage":"活动已结束！"}

{
  "result": false,
  "data": "",
  "count": 0,
  "errorMessage": "活动已结束！"
}
