03/26/21 01:06:46 287204900  1616692006
RANDOM_num: 20
removed '/tmp/tmp.vugTPUAW6e'
03/26/21 01:06:46 403442600  1616692006 检查122294312-396444签到
removed '/tmp/tmp.6ZCcddHd3Z'
03/26/21 01:06:46 531318300  1616692006 检查1309893722-164885签到

03/26/21 01:06:46 592444200  1616692006 赵签到杜家京东自营旗舰店

real	0m0.254s
user	0m0.031s
sys	0m0.078s
{"code":200,"data":[{"level":0,"prizeList":[{"discount":30.00,"type":6,"number":10000,"budgetNum":300000,"userPirzeStatus":2,"class":"com.jd.interact.center.client.api.user.domain.InteractUserPrize","status":2}],"signType":0,"class":"com.jd.interact.center.client.api.color.domain.sign.ShopSignInteractUserPrizeRule","userPrizeRuleStatus":2}],"class":"com.jd.interact.center.client.api.common.param.Results","success":true}

03/26/21 01:06:46 926386400  1616692006 王签到杜家京东自营旗舰店

real	0m0.178s
user	0m0.016s
sys	0m0.094s
{"code":200,"data":[{"level":0,"prizeList":[{"discount":30.00,"type":6,"number":10000,"budgetNum":300000,"userPirzeStatus":2,"class":"com.jd.interact.center.client.api.user.domain.InteractUserPrize","status":2}],"signType":0,"class":"com.jd.interact.center.client.api.color.domain.sign.ShopSignInteractUserPrizeRule","userPrizeRuleStatus":2}],"class":"com.jd.interact.center.client.api.common.param.Results","success":true}
03/26/21 01:06:47 188882000 1616692007
03/26/21 01:06:47 201557700 1616692007 签到杜家京东自营旗舰店完成

03/26/21 01:07:07 254217200  1616692027
赵签到杜家京东自营旗舰店查看结果
200
首次签到成功. 写入giftName: 奖励30,type=6;

***********************************************
2021/03/06_00:00:00  2    未签到
2021/03/07_00:00:00  2    未签到
2021/03/08_01:13:45  2    [已~签~到]
2021/03/09_01:14:08  2    [已~签~到]
2021/03/10_01:14:09  2    [已~签~到]
2021/03/11_01:11:40  2    [已~签~到]
2021/03/12_01:10:48  2    [已~签~到]
2021/03/13_01:09:58  2    [已~签~到]
2021/03/14_01:11:01  2    [已~签~到]
2021/03/15_01:09:23  2    [已~签~到]
2021/03/16_01:07:22  2    [已~签~到]
2021/03/17_01:09:02  2    [已~签~到]
2021/03/18_01:09:45  2    [已~签~到]
2021/03/19_01:07:49  2    [已~签~到]
2021/03/20_01:09:18  2    [已~签~到]
2021/03/21_01:08:29  2    [已~签~到]
2021/03/22_01:07:23  2    [已~签~到]
2021/03/23_01:07:49  2    [已~签~到]
2021/03/24_01:07:45  2    [已~签~到]
2021/03/25_01:05:22  2    [已~签~到]
2021/03/26_01:06:46  1    [已~签~到]
2021/03/27_00:00:00  3    未签到
2021/03/28_00:00:00  3    未签到
2021/03/29_00:00:00  3    未签到
2021/03/30_00:00:00  3    未签到
2021/03/31_00:00:00  3    未签到
2021/04/01_00:00:00  3    未签到
2021/04/02_00:00:00  3    未签到
2021/04/03_00:00:00  3    未签到
2021/04/04_00:00:00  3    未签到
当天签到奖励 [奖励30,type=6;]
已签到 19 天
***********************************************

王签到杜家京东自营旗舰店查看结果
200
首次签到成功. 写入giftName: 奖励30,type=6;

***********************************************
2021/03/06_00:00:00  2    未签到
2021/03/07_00:00:00  2    未签到
2021/03/08_01:13:46  2    [已~签~到]
2021/03/09_01:14:08  2    [已~签~到]
2021/03/10_01:14:09  2    [已~签~到]
2021/03/11_01:11:40  2    [已~签~到]
2021/03/12_01:10:49  2    [已~签~到]
2021/03/13_01:09:58  2    [已~签~到]
2021/03/14_01:11:02  2    [已~签~到]
2021/03/15_01:09:23  2    [已~签~到]
2021/03/16_01:07:23  2    [已~签~到]
2021/03/17_01:09:03  2    [已~签~到]
2021/03/18_01:09:45  2    [已~签~到]
2021/03/19_01:07:49  2    [已~签~到]
2021/03/20_01:09:18  2    [已~签~到]
2021/03/21_01:08:29  2    [已~签~到]
2021/03/22_01:07:24  2    [已~签~到]
2021/03/23_01:07:50  2    [已~签~到]
2021/03/24_01:07:46  2    [已~签~到]
2021/03/25_01:05:22  2    [已~签~到]
2021/03/26_01:06:47  1    [已~签~到]
2021/03/27_00:00:00  3    未签到
2021/03/28_00:00:00  3    未签到
2021/03/29_00:00:00  3    未签到
2021/03/30_00:00:00  3    未签到
2021/03/31_00:00:00  3    未签到
2021/04/01_00:00:00  3    未签到
2021/04/02_00:00:00  3    未签到
2021/04/03_00:00:00  3    未签到
2021/04/04_00:00:00  3    未签到
当天签到奖励 [奖励30,type=6;]
已签到 19 天
***********************************************



赵签到杜家京东自营旗舰店日志
{"code":200,"data":{"signRecords":[{"signTime":1614960000000,"currentDay":2,"signed":1,"class":"com.jd.interact.center.client.api.color.domain.sign.InteractActivityUserActionRecord"},{"signTime":1615046400000,"currentDay":2,"signed":1,"class":"com.jd.interact.center.client.api.color.domain.sign.InteractActivityUserActionRecord"},{"signTime":1615137225946,"currentDay":2,"signed":2,"class":"com.jd.interact.center.client.api.color.domain.sign.InteractActivityUserActionRecord"},{"signTime":1615223648486,"currentDay":2,"signed":2,"class":"com.jd.interact.center.client.api.color.domain.sign.InteractActivityUserActionRecord"},{"signTime":1615310049476,"currentDay":2,"signed":2,"class":"com.jd.interact.center.client.api.color.domain.sign.InteractActivityUserActionRecord"},{"signTime":1615396300256,"currentDay":2,"signed":2,"class":"com.jd.interact.center.client.api.color.domain.sign.InteractActivityUserActionRecord"},{"signTime":1615482648836,"currentDay":2,"signed":2,"class":"com.jd.interact.center.client.api.color.domain.sign.InteractActivityUserActionRecord"},{"signTime":1615568998611,"currentDay":2,"signed":2,"class":"com.jd.interact.center.client.api.color.domain.sign.InteractActivityUserActionRecord"},{"signTime":1615655461994,"currentDay":2,"signed":2,"class":"com.jd.interact.center.client.api.color.domain.sign.InteractActivityUserActionRecord"},{"signTime":1615741763079,"currentDay":2,"signed":2,"class":"com.jd.interact.center.client.api.color.domain.sign.InteractActivityUserActionRecord"},{"signTime":1615828042843,"currentDay":2,"signed":2,"class":"com.jd.interact.center.client.api.color.domain.sign.InteractActivityUserActionRecord"},{"signTime":1615914542795,"currentDay":2,"signed":2,"class":"com.jd.interact.center.client.api.color.domain.sign.InteractActivityUserActionRecord"},{"signTime":1616000985270,"currentDay":2,"signed":2,"class":"com.jd.interact.center.client.api.color.domain.sign.InteractActivityUserActionRecord"},{"signTime":1616087269570,"currentDay":2,"signed":2,"class":"com.jd.interact.center.client.api.color.domain.sign.InteractActivityUserActionRecord"},{"signTime":1616173758007,"currentDay":2,"signed":2,"class":"com.jd.interact.center.client.api.color.domain.sign.InteractActivityUserActionRecord"},{"signTime":1616260109259,"currentDay":2,"signed":2,"class":"com.jd.interact.center.client.api.color.domain.sign.InteractActivityUserActionRecord"},{"signTime":1616346443829,"currentDay":2,"signed":2,"class":"com.jd.interact.center.client.api.color.domain.sign.InteractActivityUserActionRecord"},{"signTime":1616432869855,"currentDay":2,"signed":2,"class":"com.jd.interact.center.client.api.color.domain.sign.InteractActivityUserActionRecord"},{"signTime":1616519265997,"currentDay":2,"signed":2,"class":"com.jd.interact.center.client.api.color.domain.sign.InteractActivityUserActionRecord"},{"signTime":1616605522479,"currentDay":2,"signed":2,"class":"com.jd.interact.center.client.api.color.domain.sign.InteractActivityUserActionRecord"},{"signTime":1616692006744,"currentDay":1,"signed":2,"class":"com.jd.interact.center.client.api.color.domain.sign.InteractActivityUserActionRecord"},{"signTime":1616774400000,"currentDay":3,"signed":1,"class":"com.jd.interact.center.client.api.color.domain.sign.InteractActivityUserActionRecord"},{"signTime":1616860800000,"currentDay":3,"signed":1,"class":"com.jd.interact.center.client.api.color.domain.sign.InteractActivityUserActionRecord"},{"signTime":1616947200000,"currentDay":3,"signed":1,"class":"com.jd.interact.center.client.api.color.domain.sign.InteractActivityUserActionRecord"},{"signTime":1617033600000,"currentDay":3,"signed":1,"class":"com.jd.interact.center.client.api.color.domain.sign.InteractActivityUserActionRecord"},{"signTime":1617120000000,"currentDay":3,"signed":1,"class":"com.jd.interact.center.client.api.color.domain.sign.InteractActivityUserActionRecord"},{"signTime":1617206400000,"currentDay":3,"signed":1,"class":"com.jd.interact.center.client.api.color.domain.sign.InteractActivityUserActionRecord"},{"signTime":1617292800000,"currentDay":3,"signed":1,"class":"com.jd.interact.center.client.api.color.domain.sign.InteractActivityUserActionRecord"},{"signTime":1617379200000,"currentDay":3,"signed":1,"class":"com.jd.interact.center.client.api.color.domain.sign.InteractActivityUserActionRecord"},{"signTime":1617465600000,"currentDay":3,"signed":1,"class":"com.jd.interact.center.client.api.color.domain.sign.InteractActivityUserActionRecord"}],"days":19,"class":"com.jd.interact.center.client.api.color.domain.sign.ShopSignUserRecord"},"class":"com.jd.interact.center.client.api.common.param.Results","success":true}
{
  "contiSignNum": 19
}
王签到杜家京东自营旗舰店日志
{"code":200,"data":{"signRecords":[{"signTime":1614960000000,"currentDay":2,"signed":1,"class":"com.jd.interact.center.client.api.color.domain.sign.InteractActivityUserActionRecord"},{"signTime":1615046400000,"currentDay":2,"signed":1,"class":"com.jd.interact.center.client.api.color.domain.sign.InteractActivityUserActionRecord"},{"signTime":1615137226216,"currentDay":2,"signed":2,"class":"com.jd.interact.center.client.api.color.domain.sign.InteractActivityUserActionRecord"},{"signTime":1615223648728,"currentDay":2,"signed":2,"class":"com.jd.interact.center.client.api.color.domain.sign.InteractActivityUserActionRecord"},{"signTime":1615310049761,"currentDay":2,"signed":2,"class":"com.jd.interact.center.client.api.color.domain.sign.InteractActivityUserActionRecord"},{"signTime":1615396300549,"currentDay":2,"signed":2,"class":"com.jd.interact.center.client.api.color.domain.sign.InteractActivityUserActionRecord"},{"signTime":1615482649094,"currentDay":2,"signed":2,"class":"com.jd.interact.center.client.api.color.domain.sign.InteractActivityUserActionRecord"},{"signTime":1615568998902,"currentDay":2,"signed":2,"class":"com.jd.interact.center.client.api.color.domain.sign.InteractActivityUserActionRecord"},{"signTime":1615655462312,"currentDay":2,"signed":2,"class":"com.jd.interact.center.client.api.color.domain.sign.InteractActivityUserActionRecord"},{"signTime":1615741763342,"currentDay":2,"signed":2,"class":"com.jd.interact.center.client.api.color.domain.sign.InteractActivityUserActionRecord"},{"signTime":1615828043131,"currentDay":2,"signed":2,"class":"com.jd.interact.center.client.api.color.domain.sign.InteractActivityUserActionRecord"},{"signTime":1615914543059,"currentDay":2,"signed":2,"class":"com.jd.interact.center.client.api.color.domain.sign.InteractActivityUserActionRecord"},{"signTime":1616000985524,"currentDay":2,"signed":2,"class":"com.jd.interact.center.client.api.color.domain.sign.InteractActivityUserActionRecord"},{"signTime":1616087269824,"currentDay":2,"signed":2,"class":"com.jd.interact.center.client.api.color.domain.sign.InteractActivityUserActionRecord"},{"signTime":1616173758301,"currentDay":2,"signed":2,"class":"com.jd.interact.center.client.api.color.domain.sign.InteractActivityUserActionRecord"},{"signTime":1616260109511,"currentDay":2,"signed":2,"class":"com.jd.interact.center.client.api.color.domain.sign.InteractActivityUserActionRecord"},{"signTime":1616346444114,"currentDay":2,"signed":2,"class":"com.jd.interact.center.client.api.color.domain.sign.InteractActivityUserActionRecord"},{"signTime":1616432870140,"currentDay":2,"signed":2,"class":"com.jd.interact.center.client.api.color.domain.sign.InteractActivityUserActionRecord"},{"signTime":1616519266245,"currentDay":2,"signed":2,"class":"com.jd.interact.center.client.api.color.domain.sign.InteractActivityUserActionRecord"},{"signTime":1616605522779,"currentDay":2,"signed":2,"class":"com.jd.interact.center.client.api.color.domain.sign.InteractActivityUserActionRecord"},{"signTime":1616692007050,"currentDay":1,"signed":2,"class":"com.jd.interact.center.client.api.color.domain.sign.InteractActivityUserActionRecord"},{"signTime":1616774400000,"currentDay":3,"signed":1,"class":"com.jd.interact.center.client.api.color.domain.sign.InteractActivityUserActionRecord"},{"signTime":1616860800000,"currentDay":3,"signed":1,"class":"com.jd.interact.center.client.api.color.domain.sign.InteractActivityUserActionRecord"},{"signTime":1616947200000,"currentDay":3,"signed":1,"class":"com.jd.interact.center.client.api.color.domain.sign.InteractActivityUserActionRecord"},{"signTime":1617033600000,"currentDay":3,"signed":1,"class":"com.jd.interact.center.client.api.color.domain.sign.InteractActivityUserActionRecord"},{"signTime":1617120000000,"currentDay":3,"signed":1,"class":"com.jd.interact.center.client.api.color.domain.sign.InteractActivityUserActionRecord"},{"signTime":1617206400000,"currentDay":3,"signed":1,"class":"com.jd.interact.center.client.api.color.domain.sign.InteractActivityUserActionRecord"},{"signTime":1617292800000,"currentDay":3,"signed":1,"class":"com.jd.interact.center.client.api.color.domain.sign.InteractActivityUserActionRecord"},{"signTime":1617379200000,"currentDay":3,"signed":1,"class":"com.jd.interact.center.client.api.color.domain.sign.InteractActivityUserActionRecord"},{"signTime":1617465600000,"currentDay":3,"signed":1,"class":"com.jd.interact.center.client.api.color.domain.sign.InteractActivityUserActionRecord"}],"days":19,"class":"com.jd.interact.center.client.api.color.domain.sign.ShopSignUserRecord"},"class":"com.jd.interact.center.client.api.common.param.Results","success":true}
{
  "contiSignNum": 19
}
# 短链接
suo_url=""
venderId=1000341002
startTime=1614960000000
endTime=1617551999000
activityId=10290228
token=548A84266AA3A8967F7FA346B04D3722
#店铺名称
vendername="杜家京东自营旗舰店"
# 长链接
url=https://h5.m.jd.com/babelDiy/Zeus/2PAAf74aG3D61qvfKUM5dxUssJQ9/index.html?token=548A84266AA3A8967F7FA346B04D3722
# 活动时间：2021.03.06 00:00:00 - 2021.04.04 23:59:59
# 奖励说明：
actRule="
每日签到：30店铺积分
连续签到7天：100店铺积分
连续签到14天：200店铺积分
连续签到21天：50京豆
连续签到28天：100京豆
"
#肥鹅 jd_4d651d9e48204 sign_res
sign_res="
signTime=1614960000;signed=1;currentDay=2
signTime=1615046400;signed=1;currentDay=2
signTime=1615137265;signed=2;currentDay=2
signTime=1615223667;signed=2;currentDay=2
signTime=1615310088;signed=2;currentDay=2
signTime=1615396339;signed=2;currentDay=2
signTime=1615482693;signed=2;currentDay=2
signTime=1615569028;signed=2;currentDay=2
signTime=1615655501;signed=2;currentDay=2
signTime=1615741802;signed=2;currentDay=2
signTime=1615828052;signed=2;currentDay=2
signTime=1615914562;signed=2;currentDay=2
signTime=1616000994;signed=2;currentDay=2
signTime=1616087318;signed=2;currentDay=2
signTime=1616173782;signed=2;currentDay=2
signTime=1616260128;signed=2;currentDay=2
signTime=1616346482;signed=2;currentDay=2
signTime=1616432893;signed=2;currentDay=2
signTime=1616519279;signed=2;currentDay=2
signTime=1616605547;signed=2;currentDay=1
signTime=1616688000;signed=1;currentDay=3
signTime=1616774400;signed=1;currentDay=3
signTime=1616860800;signed=1;currentDay=3
signTime=1616947200;signed=1;currentDay=3
signTime=1617033600;signed=1;currentDay=3
signTime=1617120000;signed=1;currentDay=3
signTime=1617206400;signed=1;currentDay=3
signTime=1617292800;signed=1;currentDay=3
signTime=1617379200;signed=1;currentDay=3
signTime=1617465600;signed=1;currentDay=3"
sign_num="18"
giftName="奖励30,type=6;"
giftRes="ok"
giftDate="20210325"
sign_res_info="
2021/03/06_00:00:00  2    未签到
2021/03/07_00:00:00  2    未签到
2021/03/08_01:14:25  2    [已~签~到]
2021/03/09_01:14:27  2    [已~签~到]
2021/03/10_01:14:48  2    [已~签~到]
2021/03/11_01:12:19  2    [已~签~到]
2021/03/12_01:11:33  2    [已~签~到]
2021/03/13_01:10:28  2    [已~签~到]
2021/03/14_01:11:41  2    [已~签~到]
2021/03/15_01:10:02  2    [已~签~到]
2021/03/16_01:07:32  2    [已~签~到]
2021/03/17_01:09:22  2    [已~签~到]
2021/03/18_01:09:54  2    [已~签~到]
2021/03/19_01:08:38  2    [已~签~到]
2021/03/20_01:09:42  2    [已~签~到]
2021/03/21_01:08:48  2    [已~签~到]
2021/03/22_01:08:02  2    [已~签~到]
2021/03/23_01:08:13  2    [已~签~到]
2021/03/24_01:07:59  2    [已~签~到]
2021/03/25_01:05:47  1    [已~签~到]
2021/03/26_00:00:00  3    未签到
2021/03/27_00:00:00  3    未签到
2021/03/28_00:00:00  3    未签到
2021/03/29_00:00:00  3    未签到
2021/03/30_00:00:00  3    未签到
2021/03/31_00:00:00  3    未签到
2021/04/01_00:00:00  3    未签到
2021/04/02_00:00:00  3    未签到
2021/04/03_00:00:00  3    未签到
2021/04/04_00:00:00  3    未签到
当天签到奖励 [奖励30,type=6;]
已签到 18 天"
#肥鹅 jd_4d651d9e48204 sign_res_end
#移动 jd_OeTNobRVGiNZ sign_res
sign_res="
signTime=1614960000;signed=1;currentDay=2
signTime=1615046400;signed=1;currentDay=2
signTime=1615137265;signed=2;currentDay=2
signTime=1615223667;signed=2;currentDay=2
signTime=1615310088;signed=2;currentDay=2
signTime=1615396339;signed=2;currentDay=2
signTime=1615482693;signed=2;currentDay=2
signTime=1615569028;signed=2;currentDay=2
signTime=1615655501;signed=2;currentDay=2
signTime=1615741802;signed=2;currentDay=2
signTime=1615828052;signed=2;currentDay=2
signTime=1615914562;signed=2;currentDay=2
signTime=1616000994;signed=2;currentDay=2
signTime=1616087319;signed=2;currentDay=2
signTime=1616173782;signed=2;currentDay=2
signTime=1616260128;signed=2;currentDay=2
signTime=1616346483;signed=2;currentDay=2
signTime=1616432894;signed=2;currentDay=2
signTime=1616519280;signed=2;currentDay=2
signTime=1616605547;signed=2;currentDay=1
signTime=1616688000;signed=1;currentDay=3
signTime=1616774400;signed=1;currentDay=3
signTime=1616860800;signed=1;currentDay=3
signTime=1616947200;signed=1;currentDay=3
signTime=1617033600;signed=1;currentDay=3
signTime=1617120000;signed=1;currentDay=3
signTime=1617206400;signed=1;currentDay=3
signTime=1617292800;signed=1;currentDay=3
signTime=1617379200;signed=1;currentDay=3
signTime=1617465600;signed=1;currentDay=3"
sign_num="18"
giftName="奖励30,type=6;"
giftRes="ok"
giftDate="20210325"
sign_res_info="
2021/03/06_00:00:00  2    未签到
2021/03/07_00:00:00  2    未签到
2021/03/08_01:14:25  2    [已~签~到]
2021/03/09_01:14:27  2    [已~签~到]
2021/03/10_01:14:48  2    [已~签~到]
2021/03/11_01:12:19  2    [已~签~到]
2021/03/12_01:11:33  2    [已~签~到]
2021/03/13_01:10:28  2    [已~签~到]
2021/03/14_01:11:41  2    [已~签~到]
2021/03/15_01:10:02  2    [已~签~到]
2021/03/16_01:07:32  2    [已~签~到]
2021/03/17_01:09:22  2    [已~签~到]
2021/03/18_01:09:54  2    [已~签~到]
2021/03/19_01:08:39  2    [已~签~到]
2021/03/20_01:09:42  2    [已~签~到]
2021/03/21_01:08:48  2    [已~签~到]
2021/03/22_01:08:03  2    [已~签~到]
2021/03/23_01:08:14  2    [已~签~到]
2021/03/24_01:08:00  2    [已~签~到]
2021/03/25_01:05:47  1    [已~签~到]
2021/03/26_00:00:00  3    未签到
2021/03/27_00:00:00  3    未签到
2021/03/28_00:00:00  3    未签到
2021/03/29_00:00:00  3    未签到
2021/03/30_00:00:00  3    未签到
2021/03/31_00:00:00  3    未签到
2021/04/01_00:00:00  3    未签到
2021/04/02_00:00:00  3    未签到
2021/04/03_00:00:00  3    未签到
2021/04/04_00:00:00  3    未签到
当天签到奖励 [奖励30,type=6;]
已签到 18 天"
#移动 jd_OeTNobRVGiNZ sign_res_end
#赵 122294312-396444 sign_res
sign_res="
signTime=1614960000;signed=1;currentDay=2
signTime=1615046400;signed=1;currentDay=2
signTime=1615137225;signed=2;currentDay=2
signTime=1615223648;signed=2;currentDay=2
signTime=1615310049;signed=2;currentDay=2
signTime=1615396300;signed=2;currentDay=2
signTime=1615482648;signed=2;currentDay=2
signTime=1615568998;signed=2;currentDay=2
signTime=1615655461;signed=2;currentDay=2
signTime=1615741763;signed=2;currentDay=2
signTime=1615828042;signed=2;currentDay=2
signTime=1615914542;signed=2;currentDay=2
signTime=1616000985;signed=2;currentDay=2
signTime=1616087269;signed=2;currentDay=2
signTime=1616173758;signed=2;currentDay=2
signTime=1616260109;signed=2;currentDay=2
signTime=1616346443;signed=2;currentDay=2
signTime=1616432869;signed=2;currentDay=2
signTime=1616519265;signed=2;currentDay=2
signTime=1616605522;signed=2;currentDay=2
signTime=1616692006;signed=2;currentDay=1
signTime=1616774400;signed=1;currentDay=3
signTime=1616860800;signed=1;currentDay=3
signTime=1616947200;signed=1;currentDay=3
signTime=1617033600;signed=1;currentDay=3
signTime=1617120000;signed=1;currentDay=3
signTime=1617206400;signed=1;currentDay=3
signTime=1617292800;signed=1;currentDay=3
signTime=1617379200;signed=1;currentDay=3
signTime=1617465600;signed=1;currentDay=3"
sign_num="19"
giftName="奖励30,type=6;"
giftRes="ok"
giftDate="20210326"
sign_res_info="
2021/03/06_00:00:00  2    未签到
2021/03/07_00:00:00  2    未签到
2021/03/08_01:13:45  2    [已~签~到]
2021/03/09_01:14:08  2    [已~签~到]
2021/03/10_01:14:09  2    [已~签~到]
2021/03/11_01:11:40  2    [已~签~到]
2021/03/12_01:10:48  2    [已~签~到]
2021/03/13_01:09:58  2    [已~签~到]
2021/03/14_01:11:01  2    [已~签~到]
2021/03/15_01:09:23  2    [已~签~到]
2021/03/16_01:07:22  2    [已~签~到]
2021/03/17_01:09:02  2    [已~签~到]
2021/03/18_01:09:45  2    [已~签~到]
2021/03/19_01:07:49  2    [已~签~到]
2021/03/20_01:09:18  2    [已~签~到]
2021/03/21_01:08:29  2    [已~签~到]
2021/03/22_01:07:23  2    [已~签~到]
2021/03/23_01:07:49  2    [已~签~到]
2021/03/24_01:07:45  2    [已~签~到]
2021/03/25_01:05:22  2    [已~签~到]
2021/03/26_01:06:46  1    [已~签~到]
2021/03/27_00:00:00  3    未签到
2021/03/28_00:00:00  3    未签到
2021/03/29_00:00:00  3    未签到
2021/03/30_00:00:00  3    未签到
2021/03/31_00:00:00  3    未签到
2021/04/01_00:00:00  3    未签到
2021/04/02_00:00:00  3    未签到
2021/04/03_00:00:00  3    未签到
2021/04/04_00:00:00  3    未签到
当天签到奖励 [奖励30,type=6;]
已签到 19 天"
#赵 122294312-396444 sign_res_end
#王 1309893722-164885 sign_res
sign_res="
signTime=1614960000;signed=1;currentDay=2
signTime=1615046400;signed=1;currentDay=2
signTime=1615137226;signed=2;currentDay=2
signTime=1615223648;signed=2;currentDay=2
signTime=1615310049;signed=2;currentDay=2
signTime=1615396300;signed=2;currentDay=2
signTime=1615482649;signed=2;currentDay=2
signTime=1615568998;signed=2;currentDay=2
signTime=1615655462;signed=2;currentDay=2
signTime=1615741763;signed=2;currentDay=2
signTime=1615828043;signed=2;currentDay=2
signTime=1615914543;signed=2;currentDay=2
signTime=1616000985;signed=2;currentDay=2
signTime=1616087269;signed=2;currentDay=2
signTime=1616173758;signed=2;currentDay=2
signTime=1616260109;signed=2;currentDay=2
signTime=1616346444;signed=2;currentDay=2
signTime=1616432870;signed=2;currentDay=2
signTime=1616519266;signed=2;currentDay=2
signTime=1616605522;signed=2;currentDay=2
signTime=1616692007;signed=2;currentDay=1
signTime=1616774400;signed=1;currentDay=3
signTime=1616860800;signed=1;currentDay=3
signTime=1616947200;signed=1;currentDay=3
signTime=1617033600;signed=1;currentDay=3
signTime=1617120000;signed=1;currentDay=3
signTime=1617206400;signed=1;currentDay=3
signTime=1617292800;signed=1;currentDay=3
signTime=1617379200;signed=1;currentDay=3
signTime=1617465600;signed=1;currentDay=3"
sign_num="19"
giftName="奖励30,type=6;"
giftRes="ok"
giftDate="20210326"
sign_res_info="
2021/03/06_00:00:00  2    未签到
2021/03/07_00:00:00  2    未签到
2021/03/08_01:13:46  2    [已~签~到]
2021/03/09_01:14:08  2    [已~签~到]
2021/03/10_01:14:09  2    [已~签~到]
2021/03/11_01:11:40  2    [已~签~到]
2021/03/12_01:10:49  2    [已~签~到]
2021/03/13_01:09:58  2    [已~签~到]
2021/03/14_01:11:02  2    [已~签~到]
2021/03/15_01:09:23  2    [已~签~到]
2021/03/16_01:07:23  2    [已~签~到]
2021/03/17_01:09:03  2    [已~签~到]
2021/03/18_01:09:45  2    [已~签~到]
2021/03/19_01:07:49  2    [已~签~到]
2021/03/20_01:09:18  2    [已~签~到]
2021/03/21_01:08:29  2    [已~签~到]
2021/03/22_01:07:24  2    [已~签~到]
2021/03/23_01:07:50  2    [已~签~到]
2021/03/24_01:07:46  2    [已~签~到]
2021/03/25_01:05:22  2    [已~签~到]
2021/03/26_01:06:47  1    [已~签~到]
2021/03/27_00:00:00  3    未签到
2021/03/28_00:00:00  3    未签到
2021/03/29_00:00:00  3    未签到
2021/03/30_00:00:00  3    未签到
2021/03/31_00:00:00  3    未签到
2021/04/01_00:00:00  3    未签到
2021/04/02_00:00:00  3    未签到
2021/04/03_00:00:00  3    未签到
2021/04/04_00:00:00  3    未签到
当天签到奖励 [奖励30,type=6;]
已签到 19 天"
#王 1309893722-164885 sign_res_end
