03/28/21 01:13:29 393728600  1616865209
RANDOM_num: 30
removed '/tmp/tmp.1n12LbCMDW'
03/28/21 01:13:29 520161400  1616865209 检查赵签到

real	0m0.182s
user	0m0.016s
sys	0m0.047s
lzkj-isv.isvjcloud.com	FALSE	/	FALSE	1616865809	LZ_TOKEN_VALUE	B0oH3vDY2bhHWuKbVaJ+XQ==
lzkj-isv.isvjcloud.com	FALSE	/	FALSE	1616865809	LZ_TOKEN_KEY	lztokenpage28e7c9154035494ab202ce8449dc8a14
03/28/21 01:13:29 808695200  1616865209
use pt_key

real	0m0.139s
user	0m0.078s
sys	0m0.109s
03/28/21 01:13:29 978236500  1616865209 token: AAFgX2e5ADBuEjD79ePBWmkiZZgX4naY3jgH6zSa-ZOO7a4pWPoDM9QVFZNMpVIunPikKQzH3L0

real	0m0.427s
user	0m0.000s
sys	0m0.078s
03/28/21 01:13:30 525815800  1616865210 secretPin: 51S2JqsypB/nfj45frYeoU7oeVP9kq2pYSH90mYt4m3fwcJlClpxrfmVYaGKuquQkdK3rLBQpEQH9V4tdrrh0w==

03/28/21 01:13:30 544593000  1616865210 赵签到易开得官方京东自营旗舰店

real	0m0.334s
user	0m0.016s
sys	0m0.047s
{
  "gift": null,
  "msg": "",
  "isOk": true,
  "isSend": null,
  "key": null
}
true
03/28/21 01:13:31 268327300 1616865211
03/28/21 01:13:31 284647700 1616865211 签到易开得官方京东自营旗舰店完成
03/28/21 01:14:01 357474000  1616865241
true
首次签到成功. 写入giftName: null

***********************************************
2021/03/01_08:00:00  [已~签~到]      
2021/03/02_08:00:00  [已~签~到]      
2021/03/03_08:00:00  [已~签~到]      
2021/03/04_08:00:00  [已~签~到]      
2021/03/05_08:00:00  [已~签~到]      
2021/03/06_08:00:00  [已~签~到]      
2021/03/07_08:00:00  [已~签~到]      
2021/03/08_08:00:00  [已~签~到]      
2021/03/09_08:00:00  [已~签~到]      
2021/03/10_08:00:00  [已~签~到]      
2021/03/11_08:00:00  [已~签~到]      
2021/03/12_08:00:00  [已~签~到]      
2021/03/13_08:00:00  [已~签~到]      
2021/03/14_08:00:00  [已~签~到]      
2021/03/15_08:00:00  [已~签~到]      
2021/03/16_08:00:00  [已~签~到]      
2021/03/17_08:00:00  [已~签~到]      
2021/03/18_08:00:00  [已~签~到]      
2021/03/19_08:00:00  [已~签~到]      
2021/03/20_08:00:00  [已~签~到]      
2021/03/21_08:00:00  [已~签~到]      
2021/03/22_08:00:00  [已~签~到]      
2021/03/23_08:00:00  [已~签~到]      
2021/03/24_08:00:00  [已~签~到]      
2021/03/25_08:00:00  [已~签~到]      
2021/03/26_08:00:00  [已~签~到]      
2021/03/27_08:00:00  [已~签~到]      
2021/03/28_08:00:00  [已~签~到]      
当天签到奖励 [null]
连续签到 14 天
签到总天数 56
***********************************************

赵签到易开得官方京东自营旗舰店查看结果
{"msg":"","giftLog":{},"isOk":true,"signDetail":{"20210301":"y","20210302":"y","20210303":"y","20210324":"y","20210325":"y","20210326":"y","20210327":"y","20210320":"y","20210321":"y","20210322":"y","20210323":"y","20210328":"y","20210308":"y","20210309":"y","20210310":"y","20210311":"y","20210304":"y","20210305":"y","20210306":"y","20210307":"y","20210316":"y","20210317":"y","20210318":"y","20210319":"y","20210312":"y","20210313":"y","20210314":"y","20210315":"y"},"followDays":2,"signRecord":{"nicknameShow":null,"id":"2c1dd98a54d6479fb760655083ef8d8b","venderId":1000348442,"actId":"6365de679b174d909e5474ce869c32fe","actName":"1-3月签到活动","nick":"51S2JqsypB/nfj45frYeoU7oeVP9kq2pYSH90mYt4m3fwcJlClpxrfmVYaGKuquQkdK3rLBQpEQH9V4tdrrh0w==","phone":"","midUrl":null,"pin":"51S2JqsypB/nfj45frYeoU7oeVP9kq2pYSH90mYt4m3fwcJlClpxrfmVYaGKuquQkdK3rLBQpEQH9V4tdrrh0w==","lastSignDate":20210328,"contiSignNum":14,"totalSignNum":56,"createTime":1612183646000,"updateTime":1616865210000,"remark":null}}

{
  "signDetail": {
    "20210301": "y",
    "20210302": "y",
    "20210303": "y",
    "20210324": "y",
    "20210325": "y",
    "20210326": "y",
    "20210327": "y",
    "20210320": "y",
    "20210321": "y",
    "20210322": "y",
    "20210323": "y",
    "20210328": "y",
    "20210308": "y",
    "20210309": "y",
    "20210310": "y",
    "20210311": "y",
    "20210304": "y",
    "20210305": "y",
    "20210306": "y",
    "20210307": "y",
    "20210316": "y",
    "20210317": "y",
    "20210318": "y",
    "20210319": "y",
    "20210312": "y",
    "20210313": "y",
    "20210314": "y",
    "20210315": "y"
  },
  "contiSignNum": 14,
  "totalSignNum": 56
}

易开得官方京东自营旗舰店活动规则
{"msg":"","act":{"id":"6365de679b174d909e5474ce869c32fe","jdActivityId":null,"venderId":1000348442,"actName":"1-3月签到活动","startTime":1610553600000,"endTime":1617206399000,"tplId":"0140","deleted":null,"actUrl":"https://lzkj-isv.isvjcloud.com/sign/signActivity2?activityId=6365de679b174d909e5474ce869c32fe&venderId=1000348442","shortUrl":"3.cn/100-NtQBz","qrcodeUrl":"https://img10.360buyimg.com/imgzone/jfs/t1/163223/5/2464/3596/5ffe9bb8E126c5fbd/aa390019be7093b8.png","actRule":"1、活动时间：2021-01-14 00:00 - 2021-03-31 23:59；
2、符合连续签到赠送条件，则有机会赠送连续签到奖品，同时每日签到奖品不赠送；
3、连续签到7天，有机会赠送[精品毛毯一条]；
4、连续签到16天，有机会赠送[保温杯一个]；
5、连续签到21天，有机会赠送[滤水壶一个(一壶一芯）]；
6、达到连续签到天数并领取奖品后，签到记录清零，从第1天重新计算；
7、关注店铺后方可参与活动；
8、签到成功后有机会获得奖品，也有可能会与奖品擦肩而过（奖品数量有限，先到先得）；
9、若用户存在刷奖等恶意行为，一经发现将取消抽奖资格（如奖品已经发放，有权追回奖品）；
注：奖品发放形式：
实物奖：
（1）中奖客户信息收集：页面弹屏提示中奖客户提供收货地址、号码和奖项；(超过1小时未填写对应收货信息，视为放弃);
（2）实物奖采取寄送方式发放，获奖用户需在开奖后填写姓名、联系电话、详细地址信息。如因用户原因无法联系上，即奖品作废不再补发，或如用户未填写真实有效的信息或填写收货信息不详，均视为放弃奖品；
虚拟产品奖：
（1）京豆：中奖后系统预计24小时内自动发放至账户；
（2）优惠券：中奖后需手动领取，预计24小时到账；
【活动参与主体资格】
（1）每位自然人用户仅能使用一个京东账号参与活动，微信号、QQ、京东帐号、手机号码等任一信息一致或指向同一用户的，视为同一个用户，则第一个参与本活动的账号参与结果有效，其余账号参与结果均视为无效。
（2）若发现同一位用户使用不同账号重复参与活动，承办方有权取消其获奖资格。
【注意事项】
（1）活动过程中，凡以不正当手段（如作弊领取、恶意套取、刷信誉、虚假交易、扰乱系统、实施网络攻击等）参与本次活动的用户，商家有权终止其参与活动，并取消其获奖资格（如奖品已发放，商家有权追回），如给商家造成损失的，商家将保留向违规用户继续追索的权利。
（2）如遇不可抗力(包括但不限于重大灾害事件、活动受政府机关指令需要停止举办或调整的、活动中存在大面积作弊行为、活动遭受严重网络攻击或因系统故障导致活动中奖名单大批量出错，活动不能正常进行的)，商家有权取消、修改或暂停本活动。
（3）本活动所发放的实物奖不得提现、不得转赠他人、不得为他人付款。
（4）是否中奖以活动发布者后台统计结果为准。
","createTime":1610521528000,"updateTime":1613879757000,"activityType":null,"actTimeStr":"2021-01-14 00:00 至 2021-03-31 23:59","actRange":"all","isFocusShop":"y","giftJson":"{\"giftConditions\":[{\"dayNum\":\"7\",\"gift\":{\"giftInfoId\":\"f5ebb7fdd7194fefb29bd71c7087ed7b\",\"giftName\":\"精品毛毯一条\",\"giftNum\":\"99\",\"giftTotal\":\"198\",\"giftType\":\"7\",\"id\":\"4919d576296e45079baa9cc4e4e3f4fb\",\"priceInfo\":\"99.00\",\"shortLink\":\"\",\"type\":0}},{\"dayNum\":\"16\",\"gift\":{\"giftInfoId\":\"a3ac193427e9469d90e6261835f6ada8\",\"giftName\":\"保温杯一个\",\"giftNum\":\"199\",\"giftTotal\":\"198\",\"giftType\":\"7\",\"id\":\"8beb9a1e52cc453f9dd60c6a6540e385\",\"priceInfo\":\"199.00\",\"shortLink\":\"\",\"type\":0}},{\"dayNum\":\"21\",\"gift\":{\"giftInfoId\":\"de2d07e34fcb4b779af91f134ea552e5\",\"giftName\":\"滤水壶一个\",\"giftNum\":\"399.00\",\"giftTotal\":\"99\",\"giftType\":\"7\",\"id\":\"29a18a7823364acd88860d8ab8024911\",\"priceInfo\":\"399.00\",\"shortLink\":\"\",\"type\":0}}],\"hasGiftEveryDay\":\"n\",\"signType\":\"1\"}","wxSignActivityGiftBean":{"hasGiftEveryDay":"n","gift":null,"signType":"1","giftConditions":[{"dayNum":"7","gift":{"activityId":null,"activityType":null,"venderId":null,"type":0,"name":null,"itemHb":null,"id":"4919d576296e45079baa9cc4e4e3f4fb","giftType":"7","giftName":"精品毛毯一条","giftNum":"99","giftTotal":"198","giftResidue":null,"priceInfo":"99.00","shortLink":"","orginLink":null,"giftInfoId":"f5ebb7fdd7194fefb29bd71c7087ed7b","commonAddAwardVO":null}},{"dayNum":"16","gift":{"activityId":null,"activityType":null,"venderId":null,"type":0,"name":null,"itemHb":null,"id":"8beb9a1e52cc453f9dd60c6a6540e385","giftType":"7","giftName":"保温杯一个","giftNum":"199","giftTotal":"198","giftResidue":null,"priceInfo":"199.00","shortLink":"","orginLink":null,"giftInfoId":"a3ac193427e9469d90e6261835f6ada8","commonAddAwardVO":null}},{"dayNum":"21","gift":{"activityId":null,"activityType":null,"venderId":null,"type":0,"name":null,"itemHb":null,"id":"29a18a7823364acd88860d8ab8024911","giftType":"7","giftName":"滤水壶一个","giftNum":"399.00","giftTotal":"99","giftResidue":null,"priceInfo":"399.00","shortLink":"","orginLink":null,"giftInfoId":"de2d07e34fcb4b779af91f134ea552e5","commonAddAwardVO":null}}]},"isShowItems":"y","showItemIds":"100008762837,100008762851,100015557768,100015557802,100015565794,100008873539,100008762835,100015565792,100015557782,100015557760,100016278742,100016278726","jmWareVOList":null,"status":"ING"},"isOk":true}

{
  "actUrl": "https://lzkj-isv.isvjcloud.com/sign/signActivity2?activityId=6365de679b174d909e5474ce869c32fe&venderId=1000348442",
  "shortUrl": "3.cn/100-NtQBz",
  "actRule": "1、活动时间：2021-01-14 00:00 - 2021-03-31 23:59；\n2、符合连续签到赠送条件，则有机会赠送连续签到奖品，同时每日签到奖品不赠送；\n3、连续签到7天，有机会赠送[精品毛毯一条]；\n4、连续签到16天，有机会赠送[保温杯一个]；\n5、连续签到21天，有机会赠送[滤水壶一个(一壶一芯）]；\n6、达到连续签到天数并领取奖品后，签到记录清零，从第1天重新计算；\n7、关注店铺后方可参与活动；\n8、签到成功后有机会获得奖品，也有可能会与奖品擦肩而过（奖品数量有限，先到先得）；\n9、若用户存在刷奖等恶意行为，一经发现将取消抽奖资格（如奖品已经发放，有权追回奖品）；\n注：奖品发放形式：\n实物奖：\n（1）中奖客户信息收集：页面弹屏提示中奖客户提供收货地址、号码和奖项；(超过1小时未填写对应收货信息，视为放弃);\n（2）实物奖采取寄送方式发放，获奖用户需在开奖后填写姓名、联系电话、详细地址信息。如因用户原因无法联系上，即奖品作废不再补发，或如用户未填写真实有效的信息或填写收货信息不详，均视为放弃奖品；\n虚拟产品奖：\n（1）京豆：中奖后系统预计24小时内自动发放至账户；\n（2）优惠券：中奖后需手动领取，预计24小时到账；\n【活动参与主体资格】\n（1）每位自然人用户仅能使用一个京东账号参与活动，微信号、QQ、京东帐号、手机号码等任一信息一致或指向同一用户的，视为同一个用户，则第一个参与本活动的账号参与结果有效，其余账号参与结果均视为无效。\n（2）若发现同一位用户使用不同账号重复参与活动，承办方有权取消其获奖资格。\n【注意事项】\n（1）活动过程中，凡以不正当手段（如作弊领取、恶意套取、刷信誉、虚假交易、扰乱系统、实施网络攻击等）参与本次活动的用户，商家有权终止其参与活动，并取消其获奖资格（如奖品已发放，商家有权追回），如给商家造成损失的，商家将保留向违规用户继续追索的权利。\n（2）如遇不可抗力(包括但不限于重大灾害事件、活动受政府机关指令需要停止举办或调整的、活动中存在大面积作弊行为、活动遭受严重网络攻击或因系统故障导致活动中奖名单大批量出错，活动不能正常进行的)，商家有权取消、修改或暂停本活动。\n（3）本活动所发放的实物奖不得提现、不得转赠他人、不得为他人付款。\n（4）是否中奖以活动发布者后台统计结果为准。\n"
}
# 活动时间：2021.01.14 00:00:00 - 2021.03.31 23:59:59
# 奖励说明：
actRule="
连续签到7天：赠送精品毛毯一条
连续签到16天：赠送保温杯一个
连续签到21天：赠送磨毛四件套
"

url=https://lzkj-isv.isvjcloud.com/sign/signActivity2?activityId=6365de679b174d909e5474ce869c32fe&venderId=1000348442
#店铺名称
vendername="易开得官方京东自营旗舰店"
#店铺激活码
actId="6365de679b174d909e5474ce869c32fe"
##店铺id
venderId="1000348442"
#王 1309893722-164885 sign_res
sign_res="
signTime=1614556800;signed=2
signTime=1614643200;signed=2
signTime=1614729600;signed=2
signTime=1614816000;signed=2
signTime=1614902400;signed=2
signTime=1614988800;signed=2
signTime=1615075200;signed=2
signTime=1615161600;signed=2
signTime=1615248000;signed=2
signTime=1615334400;signed=2
signTime=1615420800;signed=2
signTime=1615507200;signed=2
signTime=1615593600;signed=2
signTime=1615680000;signed=2
signTime=1615766400;signed=2
signTime=1615852800;signed=2
signTime=1615939200;signed=2
signTime=1616025600;signed=2
signTime=1616112000;signed=2
signTime=1616198400;signed=2
signTime=1616284800;signed=2
signTime=1616371200;signed=2
signTime=1616457600;signed=2
signTime=1616544000;signed=2
signTime=1616630400;signed=2
signTime=1616716800;signed=2
signTime=1616803200;signed=2"
sign_num="0"
sign_total_num="43"
giftName="null"
giftRes="ok"
giftDate="20210327"
sign_res_info="
2021/03/01_08:00:00  [已~签~到]      
2021/03/02_08:00:00  [已~签~到]      
2021/03/03_08:00:00  [已~签~到]      
2021/03/04_08:00:00  [已~签~到]      
2021/03/05_08:00:00  [已~签~到]      
2021/03/06_08:00:00  [已~签~到]      
2021/03/07_08:00:00  [已~签~到]      
2021/03/08_08:00:00  [已~签~到]      
2021/03/09_08:00:00  [已~签~到]      
2021/03/10_08:00:00  [已~签~到]      
2021/03/11_08:00:00  [已~签~到]      
2021/03/12_08:00:00  [已~签~到]      
2021/03/13_08:00:00  [已~签~到]      
2021/03/14_08:00:00  [已~签~到]      
2021/03/15_08:00:00  [已~签~到]      
2021/03/16_08:00:00  [已~签~到]      
2021/03/17_08:00:00  [已~签~到]      
2021/03/18_08:00:00  [已~签~到]      
2021/03/19_08:00:00  [已~签~到]      
2021/03/20_08:00:00  [已~签~到]      
2021/03/21_08:00:00  [已~签~到]      
2021/03/22_08:00:00  [已~签~到]      
2021/03/23_08:00:00  [已~签~到]      
2021/03/24_08:00:00  [已~签~到]      
2021/03/25_08:00:00  [已~签~到]      
2021/03/26_08:00:00  [已~签~到]      
2021/03/27_08:00:00  [已~签~到]      
当天签到奖励 [null]
连续签到 0 天
签到总天数 43"
#王 1309893722-164885 sign_res_end
#肥鹅 jd_4d651d9e48204 sign_res
sign_res="
signTime=1614556800;signed=2
signTime=1614643200;signed=2
signTime=1614729600;signed=2
signTime=1614816000;signed=2
signTime=1614902400;signed=2
signTime=1614988800;signed=2
signTime=1615075200;signed=2
signTime=1615161600;signed=2
signTime=1615248000;signed=2
signTime=1615334400;signed=2
signTime=1615420800;signed=2
signTime=1615507200;signed=2
signTime=1615593600;signed=2
signTime=1615680000;signed=2
signTime=1615766400;signed=2
signTime=1615852800;signed=2
signTime=1615939200;signed=2
signTime=1616025600;signed=2
signTime=1616112000;signed=2
signTime=1616198400;signed=2
signTime=1616284800;signed=2
signTime=1616371200;signed=2
signTime=1616457600;signed=2
signTime=1616544000;signed=2
signTime=1616630400;signed=2
signTime=1616716800;signed=2
signTime=1616803200;signed=2"
sign_num="13"
sign_total_num="55"
giftName="null"
giftRes="ok"
giftDate="20210327"
sign_res_info="
2021/03/01_08:00:00  [已~签~到]      
2021/03/02_08:00:00  [已~签~到]      
2021/03/03_08:00:00  [已~签~到]      
2021/03/04_08:00:00  [已~签~到]      
2021/03/05_08:00:00  [已~签~到]      
2021/03/06_08:00:00  [已~签~到]      
2021/03/07_08:00:00  [已~签~到]      
2021/03/08_08:00:00  [已~签~到]      
2021/03/09_08:00:00  [已~签~到]      
2021/03/10_08:00:00  [已~签~到]      
2021/03/11_08:00:00  [已~签~到]      
2021/03/12_08:00:00  [已~签~到]      
2021/03/13_08:00:00  [已~签~到]      
2021/03/14_08:00:00  [已~签~到]      
2021/03/15_08:00:00  [已~签~到]      
2021/03/16_08:00:00  [已~签~到]      
2021/03/17_08:00:00  [已~签~到]      
2021/03/18_08:00:00  [已~签~到]      
2021/03/19_08:00:00  [已~签~到]      
2021/03/20_08:00:00  [已~签~到]      
2021/03/21_08:00:00  [已~签~到]      
2021/03/22_08:00:00  [已~签~到]      
2021/03/23_08:00:00  [已~签~到]      
2021/03/24_08:00:00  [已~签~到]      
2021/03/25_08:00:00  [已~签~到]      
2021/03/26_08:00:00  [已~签~到]      
2021/03/27_08:00:00  [已~签~到]      
当天签到奖励 [null]
连续签到 13 天
签到总天数 55"
#肥鹅 jd_4d651d9e48204 sign_res_end
#移动 jd_OeTNobRVGiNZ sign_res
sign_res="
"
sign_num="0"
sign_total_num="0"
giftName=""
giftRes=""
giftDate="20210327"
sign_res_info="

当天签到奖励 []
连续签到 0 天
签到总天数 0"
#移动 jd_OeTNobRVGiNZ sign_res_end
#赵 122294312-396444 sign_res
sign_res="
signTime=1614556800;signed=2
signTime=1614643200;signed=2
signTime=1614729600;signed=2
signTime=1614816000;signed=2
signTime=1614902400;signed=2
signTime=1614988800;signed=2
signTime=1615075200;signed=2
signTime=1615161600;signed=2
signTime=1615248000;signed=2
signTime=1615334400;signed=2
signTime=1615420800;signed=2
signTime=1615507200;signed=2
signTime=1615593600;signed=2
signTime=1615680000;signed=2
signTime=1615766400;signed=2
signTime=1615852800;signed=2
signTime=1615939200;signed=2
signTime=1616025600;signed=2
signTime=1616112000;signed=2
signTime=1616198400;signed=2
signTime=1616284800;signed=2
signTime=1616371200;signed=2
signTime=1616457600;signed=2
signTime=1616544000;signed=2
signTime=1616630400;signed=2
signTime=1616716800;signed=2
signTime=1616803200;signed=2
signTime=1616889600;signed=2"
sign_num="14"
sign_total_num="56"
giftName="null"
giftRes="ok"
giftDate="20210328"
sign_res_info="
2021/03/01_08:00:00  [已~签~到]      
2021/03/02_08:00:00  [已~签~到]      
2021/03/03_08:00:00  [已~签~到]      
2021/03/04_08:00:00  [已~签~到]      
2021/03/05_08:00:00  [已~签~到]      
2021/03/06_08:00:00  [已~签~到]      
2021/03/07_08:00:00  [已~签~到]      
2021/03/08_08:00:00  [已~签~到]      
2021/03/09_08:00:00  [已~签~到]      
2021/03/10_08:00:00  [已~签~到]      
2021/03/11_08:00:00  [已~签~到]      
2021/03/12_08:00:00  [已~签~到]      
2021/03/13_08:00:00  [已~签~到]      
2021/03/14_08:00:00  [已~签~到]      
2021/03/15_08:00:00  [已~签~到]      
2021/03/16_08:00:00  [已~签~到]      
2021/03/17_08:00:00  [已~签~到]      
2021/03/18_08:00:00  [已~签~到]      
2021/03/19_08:00:00  [已~签~到]      
2021/03/20_08:00:00  [已~签~到]      
2021/03/21_08:00:00  [已~签~到]      
2021/03/22_08:00:00  [已~签~到]      
2021/03/23_08:00:00  [已~签~到]      
2021/03/24_08:00:00  [已~签~到]      
2021/03/25_08:00:00  [已~签~到]      
2021/03/26_08:00:00  [已~签~到]      
2021/03/27_08:00:00  [已~签~到]      
2021/03/28_08:00:00  [已~签~到]      
当天签到奖励 [null]
连续签到 14 天
签到总天数 56"
#赵 122294312-396444 sign_res_end
