02/28/21 02:02:16 256617600  1614448936
RANDOM_num: 5
removed '/tmp/tmp.UAEP4FD6yh'
02/28/21 02:02:16 740934400  1614448936 æ£€æŸ¥ç‹ç­¾åˆ°

real	0m0.354s
user	0m0.047s
sys	0m0.047s
[WARN] get LZ_TOKEN error
02/28/21 02:02:17 691554500  1614448937
use pt_key

real	0m0.319s
user	0m0.109s
sys	0m0.109s
02/28/21 02:02:18 063547000  1614448938 token: AAFgOokpADDwcOuCo6tRiRZc1W3BvITHLIvqk-QGOZyPsMk5ddaevLnoNN8N22--4iax5ov8Svc
parse error: Invalid numeric literal at line 1, column 10

real	0m0.307s
user	0m0.109s
sys	0m0.109s
02/28/21 02:02:18 457041200  1614448938 secretPin: 
[WARN] get secretPin error

02/28/21 02:02:18 558039700  1614448938 ç‹ç­¾åˆ°æˆ´å°”å®˜æ–¹æ——èˆ°åº—

real	0m0.418s
user	0m0.031s
sys	0m0.125s
parse error: Invalid numeric literal at line 1, column 10
parse error: Invalid numeric literal at line 1, column 10
parse error: Invalid numeric literal at line 1, column 10
parse error: Invalid numeric literal at line 1, column 10
02/28/21 02:02:20 123763900 1614448940

real	0m0.470s
user	0m0.000s
sys	0m0.016s

real	0m0.397s
user	0m0.063s
sys	0m0.063s
[WARN] get LZ_TOKEN error
02/28/21 02:02:21 260597300  1614448941
use pt_key

real	0m0.514s
user	0m0.125s
sys	0m0.094s
02/28/21 02:02:21 900757500  1614448941 token: AAFgOoktADAnvvubtpET4FfjlX-raJyHhkRa1S75ymUG03uxmHdQgmY00y8P_zFMfcZwwvjCXm8
parse error: Invalid numeric literal at line 1, column 10

real	0m0.434s
user	0m0.094s
sys	0m0.141s
02/28/21 02:02:22 401100700  1614448942 secretPin: 
[WARN] get secretPin error

02/28/21 02:02:22 489512600  1614448942 ç‹ç­¾åˆ°æˆ´å°”å®˜æ–¹æ——èˆ°åº—

real	0m0.390s
user	0m0.047s
sys	0m0.047s
parse error: Invalid numeric literal at line 1, column 10
parse error: Invalid numeric literal at line 1, column 10
parse error: Invalid numeric literal at line 1, column 10
parse error: Invalid numeric literal at line 1, column 10
02/28/21 02:02:24 520799100 1614448944

real	0m0.794s
user	0m0.000s
sys	0m0.031s

real	0m0.622s
user	0m0.031s
sys	0m0.063s
[WARN] get LZ_TOKEN error
02/28/21 02:02:26 299448100  1614448946
use pt_key

real	0m0.695s
user	0m0.125s
sys	0m0.109s
02/28/21 02:02:27 131991700  1614448947 token: AAFgOokyADBrGUp-AWnJ8Oueyv1y_loFGBklfgGgWpZcwltw7WPRAPuxFXJdWidiq0x74JpvDKg
parse error: Invalid numeric literal at line 1, column 10

real	0m0.665s
user	0m0.078s
sys	0m0.109s
02/28/21 02:02:27 999887700  1614448947 secretPin: 
[WARN] get secretPin error

02/28/21 02:02:28 164015700  1614448948 ç‹ç­¾åˆ°æˆ´å°”å®˜æ–¹æ——èˆ°åº—

real	0m0.673s
user	0m0.047s
sys	0m0.063s
parse error: Invalid numeric literal at line 1, column 10
parse error: Invalid numeric literal at line 1, column 10
parse error: Invalid numeric literal at line 1, column 10
parse error: Invalid numeric literal at line 1, column 10
02/28/21 02:02:30 525337900 1614448950

real	0m1.165s
user	0m0.000s
sys	0m0.078s

real	0m0.482s
user	0m0.063s
sys	0m0.078s
[WARN] get LZ_TOKEN error
02/28/21 02:02:32 604571700  1614448952
use pt_key

real	0m1.692s
user	0m0.109s
sys	0m0.063s
02/28/21 02:02:34 405257700  1614448954 token: AAFgOok6ADBT1B4TEjyNyJcyDRF4tbj-KbroWoLgqnzYK6hOhP6Oi78otlBHFU7DbZd958Nhr6Y
parse error: Invalid numeric literal at line 1, column 10

real	0m0.728s
user	0m0.109s
sys	0m0.063s
02/28/21 02:02:35 303593200  1614448955 secretPin: 
[WARN] get secretPin error

02/28/21 02:02:35 508644100  1614448955 ç‹ç­¾åˆ°æˆ´å°”å®˜æ–¹æ——èˆ°åº—

real	0m0.446s
user	0m0.031s
sys	0m0.078s
parse error: Invalid numeric literal at line 1, column 10
parse error: Invalid numeric literal at line 1, column 10
parse error: Invalid numeric literal at line 1, column 10
parse error: Invalid numeric literal at line 1, column 10
02/28/21 02:02:37 738776800 1614448957

real	0m1.415s
user	0m0.000s
sys	0m0.031s

real	0m1.016s
user	0m0.047s
sys	0m0.078s
[WARN] get LZ_TOKEN error
02/28/21 02:02:40 567044200  1614448960
use pt_key

real	0m0.987s
user	0m0.109s
sys	0m0.078s
02/28/21 02:02:41 825208200  1614448961 token: AAFgOolBADAuxTOB6yE-cWnAg-_uxzbjEztEAdcX2MgIU0_73wPF7O9kXzW3yYpRRRHlZJDXXls
parse error: Invalid numeric literal at line 1, column 10

real	0m1.045s
user	0m0.078s
sys	0m0.078s
02/28/21 02:02:43 188809300  1614448963 secretPin: 
[WARN] get secretPin error

02/28/21 02:02:43 451199700  1614448963 ç‹ç­¾åˆ°æˆ´å°”å®˜æ–¹æ——èˆ°åº—

real	0m0.790s
user	0m0.031s
sys	0m0.078s
parse error: Invalid numeric literal at line 1, column 10
parse error: Invalid numeric literal at line 1, column 10
parse error: Invalid numeric literal at line 1, column 10
parse error: Invalid numeric literal at line 1, column 10
02/28/21 02:02:46 571512000 1614448966

real	0m1.481s
user	0m0.031s
sys	0m0.016s

real	0m0.708s
user	0m0.016s
sys	0m0.063s
[WARN] get LZ_TOKEN error
02/28/21 02:02:49 307357400  1614448969
use pt_key

real	0m1.221s
user	0m0.047s
sys	0m0.125s
02/28/21 02:02:50 804515700  1614448970 token: AAFgOolKADC65FasHJKIxiQYFCdjjbZHfaTm49gFBizapSxmb2_4BDo2kl76OInq-JwZmUQU6Gw
parse error: Invalid numeric literal at line 1, column 10

real	0m0.909s
user	0m0.109s
sys	0m0.094s
02/28/21 02:02:51 986251800  1614448971 secretPin: 
[WARN] get secretPin error

02/28/21 02:02:52 353388800  1614448972 ç‹ç­¾åˆ°æˆ´å°”å®˜æ–¹æ——èˆ°åº—

real	0m0.896s
user	0m0.016s
sys	0m0.063s
parse error: Invalid numeric literal at line 1, column 10
parse error: Invalid numeric literal at line 1, column 10
parse error: Invalid numeric literal at line 1, column 10
parse error: Invalid numeric literal at line 1, column 10
02/28/21 02:02:55 734745600 1614448975

real	0m1.797s
user	0m0.000s
sys	0m0.031s

real	0m1.106s
user	0m0.016s
sys	0m0.094s
[WARN] get LZ_TOKEN error
02/28/21 02:02:59 274553800  1614448979
use pt_key

real	0m1.336s
user	0m0.094s
sys	0m0.078s
02/28/21 02:03:00 918183900  1614448980 token: AAFgOolUADDeFa3tK8FCWciKyZcQ2A2pRZo9s0ugAaOApx-tCtQt70K9AcudPSXTttMv81PXQLg
parse error: Invalid numeric literal at line 1, column 10

real	0m1.721s
user	0m0.094s
sys	0m0.172s
02/28/21 02:03:04 187843700  1614448984 secretPin: 
[WARN] get secretPin error

02/28/21 02:03:04 491671100  1614448984 ç‹ç­¾åˆ°æˆ´å°”å®˜æ–¹æ——èˆ°åº—

real	0m1.156s
user	0m0.016s
sys	0m0.078s
parse error: Invalid numeric literal at line 1, column 10
parse error: Invalid numeric literal at line 1, column 10
parse error: Invalid numeric literal at line 1, column 10
parse error: Invalid numeric literal at line 1, column 10
02/28/21 02:03:09 592594300 1614448989

real	0m2.203s
user	0m0.000s
sys	0m0.031s

real	0m1.158s
user	0m0.047s
sys	0m0.141s
[WARN] get LZ_TOKEN error
02/28/21 02:03:13 730095200  1614448993
use pt_key

real	0m1.234s
user	0m0.125s
sys	0m0.063s
02/28/21 02:03:15 292927500  1614448995 token: AAFgOoliADD0Gg-N2zpSvnWFiZb2LC8dUGTrYAVcLukd1s9BTwwCwB9KOUVJEILLT4z0ZbhQnNo
parse error: Invalid numeric literal at line 1, column 10

real	0m1.611s
user	0m0.094s
sys	0m0.063s
02/28/21 02:03:17 305449200  1614448997 secretPin: 
[WARN] get secretPin error

02/28/21 02:03:17 853031400  1614448997 ç‹ç­¾åˆ°æˆ´å°”å®˜æ–¹æ——èˆ°åº—

real	0m1.006s
user	0m0.047s
sys	0m0.078s
parse error: Invalid numeric literal at line 1, column 10
parse error: Invalid numeric literal at line 1, column 10
parse error: Invalid numeric literal at line 1, column 10
parse error: Invalid numeric literal at line 1, column 10
02/28/21 02:03:23 167058600 1614449003

real	0m2.932s
user	0m0.000s
sys	0m0.031s

real	0m1.252s
user	0m0.031s
sys	0m0.063s
[WARN] get LZ_TOKEN error
02/28/21 02:03:28 762030000  1614449008
use pt_key

real	0m1.495s
user	0m0.078s
sys	0m0.125s
02/28/21 02:03:30 696699400  1614449010 token: AAFgOolyADBefNhKmlTYNAZo2FDZBku4zFPVEjBWfJpP5ZYnh1MjShzH7uZBia1BRpINrdsCOgI
parse error: Invalid numeric literal at line 1, column 10

real	0m1.962s
user	0m0.078s
sys	0m0.078s
02/28/21 02:03:34 422703100  1614449014 secretPin: 
[WARN] get secretPin error

02/28/21 02:03:34 810227600  1614449014 ç‹ç­¾åˆ°æˆ´å°”å®˜æ–¹æ——èˆ°åº—

real	0m1.490s
user	0m0.016s
sys	0m0.078s
parse error: Invalid numeric literal at line 1, column 10
parse error: Invalid numeric literal at line 1, column 10
parse error: Invalid numeric literal at line 1, column 10
parse error: Invalid numeric literal at line 1, column 10
02/28/21 02:03:42 261097500 1614449022

real	0m3.412s
user	0m0.016s
sys	0m0.031s

real	0m1.367s
user	0m0.016s
sys	0m0.094s
[WARN] get LZ_TOKEN error
02/28/21 02:03:48 410255900  1614449028
use pt_key

real	0m1.851s
user	0m0.078s
sys	0m0.094s
02/28/21 02:03:50 766963200  1614449030 token: AAFgOomFADCwUa05v2CICyExL2E3WrHJu9S9-_W-FOAusHfIUDGO0ZeWnpceZtLddjU-4wUkAa8
parse error: Invalid numeric literal at line 1, column 10

real	0m2.037s
user	0m0.109s
sys	0m0.063s
02/28/21 02:03:53 183229700  1614449033 secretPin: 
[WARN] get secretPin error

02/28/21 02:03:53 887370800  1614449033 ç‹ç­¾åˆ°æˆ´å°”å®˜æ–¹æ——èˆ°åº—

real	0m1.737s
user	0m0.031s
sys	0m0.063s
parse error: Invalid numeric literal at line 1, column 10
parse error: Invalid numeric literal at line 1, column 10
parse error: Invalid numeric literal at line 1, column 10
parse error: Invalid numeric literal at line 1, column 10
02/28/21 02:04:01 890825500 1614449041

real	0m4.247s
user	0m0.000s
sys	0m0.047s

real	0m1.625s
user	0m0.031s
sys	0m0.063s
[WARN] get LZ_TOKEN error
02/28/21 02:04:11 331176800  1614449051
use pt_key

real	0m2.233s
user	0m0.094s
sys	0m0.125s
02/28/21 02:04:14 505522900  1614449054 token: AAFgOomdADA424gjZxqhoRDUROHF3cbok4OY3seqO8U8FxRYCLUOPenzHQ4G-Xl7wJuayr72-20
parse error: Invalid numeric literal at line 1, column 10

real	0m2.995s
user	0m0.125s
sys	0m0.094s
02/28/21 02:04:18 076903800  1614449058 secretPin: 
[WARN] get secretPin error

02/28/21 02:04:18 821222200  1614449058 ç‹ç­¾åˆ°æˆ´å°”å®˜æ–¹æ——èˆ°åº—

real	0m2.140s
user	0m0.031s
sys	0m0.078s
parse error: Invalid numeric literal at line 1, column 10
parse error: Invalid numeric literal at line 1, column 10
parse error: Invalid numeric literal at line 1, column 10
parse error: Invalid numeric literal at line 1, column 10
02/28/21 02:04:29 070535500 1614449069

real	0m3.818s
user	0m0.000s
sys	0m0.016s

real	0m2.888s
user	0m0.047s
sys	0m0.063s
[WARN] get LZ_TOKEN error
02/28/21 02:04:38 613820400  1614449078
use pt_key

real	0m2.381s
user	0m0.125s
sys	0m0.125s
02/28/21 02:04:41 887219400  1614449081 token: AAFgOom4ADAM5dO-xrpbZ6KNBLXVX8vXKw-o9aOug85c8aO34rdoivZPZzFww7UTrQFqrWSO1NE
parse error: Invalid numeric literal at line 1, column 10

real	0m2.201s
user	0m0.094s
sys	0m0.109s
02/28/21 02:04:44 538436600  1614449084 secretPin: 
[WARN] get secretPin error

02/28/21 02:04:45 213146400  1614449085 ç‹ç­¾åˆ°æˆ´å°”å®˜æ–¹æ——èˆ°åº—

real	0m1.462s
user	0m0.016s
sys	0m0.094s
parse error: Invalid numeric literal at line 1, column 10
parse error: Invalid numeric literal at line 1, column 10
parse error: Invalid numeric literal at line 1, column 10
parse error: Invalid numeric literal at line 1, column 10
02/28/21 02:04:54 100141000 1614449094

real	0m4.134s
user	0m0.000s
sys	0m0.047s

real	0m2.834s
user	0m0.016s
sys	0m0.094s
[WARN] get LZ_TOKEN error
02/28/21 02:05:03 725024700  1614449103
use pt_key

real	0m2.755s
user	0m0.109s
sys	0m0.125s
02/28/21 02:05:08 663584600  1614449108 token: AAFgOonSADDqdmQCDLSQmxUH9YrrUEftPwxmk9Rjw1bcFN3GtugckB5P-5O85FMHhp6pFsxwrJg
parse error: Invalid numeric literal at line 1, column 10

real	0m2.626s
user	0m0.063s
sys	0m0.156s
02/28/21 02:05:12 101318800  1614449112 secretPin: 
[WARN] get secretPin error

02/28/21 02:05:12 913563800  1614449112 ç‹ç­¾åˆ°æˆ´å°”å®˜æ–¹æ——èˆ°åº—

real	0m2.306s
user	0m0.016s
sys	0m0.094s
parse error: Invalid numeric literal at line 1, column 10
parse error: Invalid numeric literal at line 1, column 10
parse error: Invalid numeric literal at line 1, column 10
parse error: Invalid numeric literal at line 1, column 10
02/28/21 02:05:31 795860100 1614449131

real	0m5.967s
user	0m0.000s
sys	0m0.063s

real	0m3.982s
user	0m0.031s
sys	0m0.063s
[WARN] get LZ_TOKEN error
02/28/21 02:05:49 078388800  1614449149
use pt_key

real	0m3.149s
user	0m0.094s
sys	0m0.109s
02/28/21 02:05:52 758344500  1614449152 token: AAFgOooAADCf2uL2BNe8qKFKbmD4WV_3gaqNqX-iJ9eeT-CpRejUbj-fWhhgFkt4DTbpW0FT10M
parse error: Invalid numeric literal at line 1, column 10

real	0m1.942s
user	0m0.094s
sys	0m0.109s
02/28/21 02:05:55 782121600  1614449155 secretPin: 
[WARN] get secretPin error

02/28/21 02:05:56 374653700  1614449156 ç‹ç­¾åˆ°æˆ´å°”å®˜æ–¹æ——èˆ°åº—

real	0m2.317s
user	0m0.000s
sys	0m0.109s
parse error: Invalid numeric literal at line 1, column 10
parse error: Invalid numeric literal at line 1, column 10
parse error: Invalid numeric literal at line 1, column 10
parse error: Invalid numeric literal at line 1, column 10
02/28/21 02:06:14 666386300 1614449174

real	0m4.973s
user	0m0.000s
sys	0m0.000s

real	0m4.641s
user	0m0.047s
sys	0m0.047s
[WARN] get LZ_TOKEN error
02/28/21 02:06:28 807592100  1614449188
use pt_key

real	0m5.108s
user	0m0.125s
sys	0m0.047s
02/28/21 02:06:34 517182000  1614449194 token: AAFgOoopADBaQZ_f9XMqOqsWJwK33VERbMNUbuNcEAKsLmuBNYin-KJ_3HGyp8S4PEn60JH-WXc
parse error: Invalid numeric literal at line 1, column 10

real	0m5.113s
user	0m0.156s
sys	0m0.063s
02/28/21 02:06:40 085247900  1614449200 secretPin: 
[WARN] get secretPin error

02/28/21 02:06:40 811864100  1614449200 ç‹ç­¾åˆ°æˆ´å°”å®˜æ–¹æ——èˆ°åº—

real	0m1.632s
user	0m0.031s
sys	0m0.125s
parse error: Invalid numeric literal at line 1, column 10
parse error: Invalid numeric literal at line 1, column 10
parse error: Invalid numeric literal at line 1, column 10
parse error: Invalid numeric literal at line 1, column 10
02/28/21 02:06:56 127677800 1614449216

real	0m5.770s
user	0m0.000s
sys	0m0.031s

real	0m4.082s
user	0m0.047s
sys	0m0.063s
[WARN] get LZ_TOKEN error
02/28/21 02:07:11 170462200  1614449231
use pt_key

real	0m2.181s
user	0m0.125s
sys	0m0.125s
02/28/21 02:07:13 834421400  1614449233 token: AAFgOopRADAMDjUB7CGwGjcuqcQKabVl-i5oG4qqUbVH2hRoDCPwKI8WJgw4EOgOQN6d0iNWq04
parse error: Invalid numeric literal at line 1, column 10

real	0m1.875s
user	0m0.109s
sys	0m0.141s
02/28/21 02:07:16 115623800  1614449236 secretPin: 
[WARN] get secretPin error

02/28/21 02:07:16 825306000  1614449236 ç‹ç­¾åˆ°æˆ´å°”å®˜æ–¹æ——èˆ°åº—

real	0m1.694s
user	0m0.031s
sys	0m0.063s
parse error: Invalid numeric literal at line 1, column 10
parse error: Invalid numeric literal at line 1, column 10
parse error: Invalid numeric literal at line 1, column 10
parse error: Invalid numeric literal at line 1, column 10
02/28/21 02:07:31 929110400 1614449251

real	0m5.212s
user	0m0.000s
sys	0m0.016s

real	0m2.525s
user	0m0.016s
sys	0m0.078s
[WARN] get LZ_TOKEN error
02/28/21 02:07:42 208847700  1614449262
use pt_key

real	0m3.198s
user	0m0.125s
sys	0m0.109s
02/28/21 02:07:46 290120000  1614449266 token: AAFgOopwADDppTTHfhFhRfmMb1k_1RH_x8KOrKgCLZh35JRVhllstiJbWAwzl1TpzXpVtqPdrEo
parse error: Invalid numeric literal at line 1, column 10

real	0m2.945s
user	0m0.109s
sys	0m0.109s
02/28/21 02:07:49 640924100  1614449269 secretPin: 
[WARN] get secretPin error

02/28/21 02:07:50 629149200  1614449270 ç‹ç­¾åˆ°æˆ´å°”å®˜æ–¹æ——èˆ°åº—

real	0m2.650s
user	0m0.047s
sys	0m0.141s
parse error: Invalid numeric literal at line 1, column 10
parse error: Invalid numeric literal at line 1, column 10
parse error: Invalid numeric literal at line 1, column 10
parse error: Invalid numeric literal at line 1, column 10
02/28/21 02:08:02 530772300 1614449282

real	0m6.982s
user	0m0.000s
sys	0m0.000s

real	0m2.905s
user	0m0.016s
sys	0m0.094s
[WARN] get LZ_TOKEN error
02/28/21 02:08:13 939140100  1614449293
use pt_key

real	0m3.495s
user	0m0.109s
sys	0m0.125s
02/28/21 02:08:18 483830600  1614449298 token: AAFgOoqRADAXk0BXbUSrV99W5FOLtWiphcbW66ksAWWOYAmglz4sDj1zRmJWOqosff4hmNRmvZU
parse error: Invalid numeric literal at line 1, column 10

real	0m2.708s
user	0m0.172s
sys	0m0.078s
02/28/21 02:08:22 239772100  1614449302 secretPin: 
[WARN] get secretPin error

02/28/21 02:08:23 665740800  1614449303 ç‹ç­¾åˆ°æˆ´å°”å®˜æ–¹æ——èˆ°åº—

real	0m2.087s
user	0m0.063s
sys	0m0.047s
parse error: Invalid numeric literal at line 1, column 10
parse error: Invalid numeric literal at line 1, column 10
parse error: Invalid numeric literal at line 1, column 10
parse error: Invalid numeric literal at line 1, column 10
02/28/21 02:08:38 837374300 1614449318

real	0m6.250s
user	0m0.000s
sys	0m0.047s

real	0m4.165s
user	0m0.063s
sys	0m0.094s
[WARN] get LZ_TOKEN error
02/28/21 02:08:56 668950700  1614449336
use pt_key

real	0m3.090s
user	0m0.109s
sys	0m0.125s
02/28/21 02:09:00 336194200  1614449340 token: AAFgOoq7ADANnzhFxPfCGdqIu12KNNqqPSSK33gTfHSvI-pfN4IB6ucFN-B1d5yBCGSMCBAuGBk
parse error: Invalid numeric literal at line 1, column 10

real	0m5.714s
user	0m0.109s
sys	0m0.109s
02/28/21 02:09:07 025154200  1614449347 secretPin: 
[WARN] get secretPin error

02/28/21 02:09:08 150933700  1614449348 ç‹ç­¾åˆ°æˆ´å°”å®˜æ–¹æ——èˆ°åº—

real	0m2.648s
user	0m0.000s
sys	0m0.125s
parse error: Invalid numeric literal at line 1, column 10
parse error: Invalid numeric literal at line 1, column 10
parse error: Invalid numeric literal at line 1, column 10
parse error: Invalid numeric literal at line 1, column 10
02/28/21 02:09:22 061517100 1614449362

real	0m6.076s
user	0m0.000s
sys	0m0.047s

real	0m2.571s
user	0m0.016s
sys	0m0.109s
[WARN] get LZ_TOKEN error
02/28/21 02:09:34 340644700  1614449374
use pt_key

real	0m2.671s
user	0m0.125s
sys	0m0.109s
02/28/21 02:09:37 394265300  1614449377 token: AAFgOorgADCLPyICr6iWQY28HHX-zgJEGEsHXMKBDUaQ8h4uqy8ggyjZlnvMNKsUgJ2gZhjqFYc
parse error: Invalid numeric literal at line 1, column 10

real	0m2.425s
user	0m0.094s
sys	0m0.109s
02/28/21 02:09:40 812311900  1614449380 secretPin: 
[WARN] get secretPin error

02/28/21 02:09:41 649209600  1614449381 ç‹ç­¾åˆ°æˆ´å°”å®˜æ–¹æ——èˆ°åº—

real	0m2.755s
user	0m0.016s
sys	0m0.109s
parse error: Invalid numeric literal at line 1, column 10
parse error: Invalid numeric literal at line 1, column 10
parse error: Invalid numeric literal at line 1, column 10
parse error: Invalid numeric literal at line 1, column 10
02/28/21 02:09:52 712937200 1614449392

real	0m6.569s
user	0m0.000s
sys	0m0.031s
02/28/21 02:10:10 042593000  1614449410
parse error: Invalid numeric literal at line 1, column 10
ç­¾åˆ°æ˜¯å¦æˆåŠŸè§£æå¤±è´¥. ä¸å†å†™/home/myid/jd/jd_signup/vender/shop_1613703054_29_delay

ç‹ç­¾åˆ°æˆ´å°”å®˜æ–¹æ——èˆ°åº—æŸ¥çœ‹ç»“æœ
<!DOCTYPE html>
<html>
 <head> 
  <title>äº¬ä¸œ</title> 
  <meta charset="utf-8" /> 
  <meta name="apple-mobile-web-app-capable" content="yes" /> 
  <meta name="viewport" content="width=device-width,initial-scale=1,user-scalable=no,maximum-scale=1,viewport-fit=cover" /> 
  <meta name="format-detection" content="telephone=no" /> 
  <meta name="x5-cache" content="enable" /> 
  <link rel="stylesheet" href="https://storage.360buyimg.com/babel/00162638/333378/production/dev/parser.1526555535098.css?t=20180517191236" /> 
  <style> img {
            opacity: 1 !important;
        } </style> 
  <link href="https://storage.360buyimg.com/babel/00170893/348321/production/dev/index.7320a380.css?t=20180802150952" rel="stylesheet" />
 </head> 
 <body style="background:#fff;" id="root"> 
  <div class="errorPage"> 
  </div> 
  <div class="placeholer"> 
  </div> 
  <script src="https://wl.jd.com/unify.min.js"></script> 
  <script type="text/javascript" src="https://storage.360buyimg.com/babel/00170893/348321/production/dev/index.0f8f4dba.js?t=20180802150952"></script> 
 </body>
</html>

parse error: Invalid numeric literal at line 1, column 10
[0;31;3mRUN  at {280:<--} ERROR CODE: 4[0m [0;31;3m[20210228 02:10:17] [ERROR] [0m

