02/28/21 01:12:09 653486700  1614445929
RANDOM_num: 25
removed '/tmp/tmp.40YmdW5dFb'
02/28/21 01:12:09 859349100  1614445929 æ£€æŸ¥ç§»åŠ¨ç­¾åˆ°

real	0m0.240s
user	0m0.031s
sys	0m0.078s
[WARN] get LZ_TOKEN error
02/28/21 01:12:10 542189500  1614445930
use wskey

real	0m0.406s
user	0m0.063s
sys	0m0.109s
02/28/21 01:12:11 006529300  1614445931 token: AAFgOn1qADAcImAHu6zkQcrxT6h2asUd0dzUa_207c_Paocj1IyCnkKXUldIg1ahKUpBHDXkmZI
parse error: Invalid numeric literal at line 1, column 10

real	0m0.319s
user	0m0.078s
sys	0m0.156s
02/28/21 01:12:11 398765400  1614445931 secretPin: 
[WARN] get secretPin error

02/28/21 01:12:11 446603400  1614445931 ç§»åŠ¨ç­¾åˆ°WOWOå®˜æ–¹æ——èˆ°åº—

real	0m0.247s
user	0m0.016s
sys	0m0.094s
parse error: Invalid numeric literal at line 1, column 10
parse error: Invalid numeric literal at line 1, column 10
parse error: Invalid numeric literal at line 1, column 10
parse error: Invalid numeric literal at line 1, column 10
02/28/21 01:12:12 569512900 1614445932

real	0m0.246s
user	0m0.000s
sys	0m0.016s

real	0m0.337s
user	0m0.063s
sys	0m0.047s
[WARN] get LZ_TOKEN error
02/28/21 01:12:13 289264100  1614445933
use wskey

real	0m0.320s
user	0m0.094s
sys	0m0.109s
02/28/21 01:12:13 671261800  1614445933 token: AAFgOn1tADBnUIUMA9iRt40x9ZpHt-STq2EaN-nRJzhvkurizyRC3_yOvBhyfeG6bENbOP9ddDQ
parse error: Invalid numeric literal at line 1, column 10

real	0m0.476s
user	0m0.125s
sys	0m0.063s
02/28/21 01:12:14 241538300  1614445934 secretPin: 
[WARN] get secretPin error

02/28/21 01:12:14 414036400  1614445934 ç§»åŠ¨ç­¾åˆ°WOWOå®˜æ–¹æ——èˆ°åº—

real	0m0.371s
user	0m0.063s
sys	0m0.094s
parse error: Invalid numeric literal at line 1, column 10
parse error: Invalid numeric literal at line 1, column 10
parse error: Invalid numeric literal at line 1, column 10
parse error: Invalid numeric literal at line 1, column 10
02/28/21 01:12:16 120447400 1614445936

real	0m0.791s
user	0m0.000s
sys	0m0.016s

real	0m0.341s
user	0m0.031s
sys	0m0.047s
[WARN] get LZ_TOKEN error
02/28/21 01:12:17 385543800  1614445937
use wskey

real	0m0.270s
user	0m0.109s
sys	0m0.078s
02/28/21 01:12:17 719455500  1614445937 token: AAFgOn1xADCT-NCTh2518WJWsVMGqGssdskk-rfTwW7bb2-3GHYBHa3Pa4U_qwYPl-npac4UxcA
parse error: Invalid numeric literal at line 1, column 10

real	0m0.402s
user	0m0.078s
sys	0m0.141s
02/28/21 01:12:18 217719100  1614445938 secretPin: 
[WARN] get secretPin error

02/28/21 01:12:18 320344900  1614445938 ç§»åŠ¨ç­¾åˆ°WOWOå®˜æ–¹æ——èˆ°åº—

real	0m0.509s
user	0m0.031s
sys	0m0.078s
parse error: Invalid numeric literal at line 1, column 10
parse error: Invalid numeric literal at line 1, column 10
parse error: Invalid numeric literal at line 1, column 10
parse error: Invalid numeric literal at line 1, column 10
02/28/21 01:12:19 918627500 1614445939

real	0m1.023s
user	0m0.000s
sys	0m0.031s

real	0m0.469s
user	0m0.031s
sys	0m0.078s
[WARN] get LZ_TOKEN error
02/28/21 01:12:21 617013900  1614445941
use wskey

real	0m0.516s
user	0m0.109s
sys	0m0.063s
02/28/21 01:12:22 276152500  1614445942 token: AAFgOn12ADDD4pKUQDlLA3WwOLwmG7lRZ4H8eKVGcm6rmodJjgITJNA6X078ORf4O036UwWlB70
parse error: Invalid numeric literal at line 1, column 10

real	0m0.498s
user	0m0.109s
sys	0m0.109s
02/28/21 01:12:22 920481800  1614445942 secretPin: 
[WARN] get secretPin error

02/28/21 01:12:23 124120000  1614445943 ç§»åŠ¨ç­¾åˆ°WOWOå®˜æ–¹æ——èˆ°åº—

real	0m0.395s
user	0m0.047s
sys	0m0.063s
parse error: Invalid numeric literal at line 1, column 10
parse error: Invalid numeric literal at line 1, column 10
parse error: Invalid numeric literal at line 1, column 10
parse error: Invalid numeric literal at line 1, column 10
02/28/21 01:12:24 813305800 1614445944

real	0m1.290s
user	0m0.000s
sys	0m0.047s

real	0m1.206s
user	0m0.016s
sys	0m0.063s
[WARN] get LZ_TOKEN error
02/28/21 01:12:27 627379500  1614445947
use wskey

real	0m1.003s
user	0m0.063s
sys	0m0.156s
02/28/21 01:12:28 751901800  1614445948 token: AAFgOn18ADDDxp4u0AfPYf523X0WzhH0xU95q6-GmcxBrtBp_3OT-JsYeShshXIej1Gk5BWHFo8
parse error: Invalid numeric literal at line 1, column 10

real	0m1.306s
user	0m0.094s
sys	0m0.141s
02/28/21 01:12:30 195210600  1614445950 secretPin: 
[WARN] get secretPin error

02/28/21 01:12:30 334887300  1614445950 ç§»åŠ¨ç­¾åˆ°WOWOå®˜æ–¹æ——èˆ°åº—

real	0m0.685s
user	0m0.016s
sys	0m0.094s
parse error: Invalid numeric literal at line 1, column 10
parse error: Invalid numeric literal at line 1, column 10
parse error: Invalid numeric literal at line 1, column 10
parse error: Invalid numeric literal at line 1, column 10
02/28/21 01:12:34 193601300 1614445954

real	0m1.664s
user	0m0.000s
sys	0m0.031s

real	0m0.595s
user	0m0.016s
sys	0m0.109s
[WARN] get LZ_TOKEN error
02/28/21 01:12:37 014491200  1614445957
use wskey

real	0m0.912s
user	0m0.125s
sys	0m0.125s
02/28/21 01:12:38 213690000  1614445958 token: AAFgOn2FADA6YT6vZq10rUxdg47043dDDtAU-zu41saKMXkI736fq_LkniCxKVHQaOjcLWz6B1k
parse error: Invalid numeric literal at line 1, column 10

real	0m0.988s
user	0m0.125s
sys	0m0.109s
02/28/21 01:12:39 356858800  1614445959 secretPin: 
[WARN] get secretPin error

02/28/21 01:12:39 612073500  1614445959 ç§»åŠ¨ç­¾åˆ°WOWOå®˜æ–¹æ——èˆ°åº—

real	0m0.763s
user	0m0.047s
sys	0m0.047s
parse error: Invalid numeric literal at line 1, column 10
parse error: Invalid numeric literal at line 1, column 10
parse error: Invalid numeric literal at line 1, column 10
parse error: Invalid numeric literal at line 1, column 10
02/28/21 01:12:42 397264800 1614445962

real	0m2.056s
user	0m0.000s
sys	0m0.016s

real	0m1.235s
user	0m0.031s
sys	0m0.063s
[WARN] get LZ_TOKEN error
02/28/21 01:12:46 468186700  1614445966
use wskey

real	0m1.392s
user	0m0.094s
sys	0m0.172s
02/28/21 01:12:48 174599500  1614445968 token: AAFgOn2PADAQddBzZH6KaFznu9qeULrBPMXusOQETbySKgPvPqrBHEEMpph0sIzp2Qd3YaEEXXs
parse error: Invalid numeric literal at line 1, column 10

real	0m1.277s
user	0m0.109s
sys	0m0.125s
02/28/21 01:12:49 698517500  1614445969 secretPin: 
[WARN] get secretPin error

02/28/21 01:12:50 181946700  1614445970 ç§»åŠ¨ç­¾åˆ°WOWOå®˜æ–¹æ——èˆ°åº—

real	0m1.296s
user	0m0.016s
sys	0m0.109s
parse error: Invalid numeric literal at line 1, column 10
parse error: Invalid numeric literal at line 1, column 10
parse error: Invalid numeric literal at line 1, column 10
parse error: Invalid numeric literal at line 1, column 10
02/28/21 01:12:54 990619200 1614445974

real	0m2.480s
user	0m0.000s
sys	0m0.031s

real	0m1.767s
user	0m0.047s
sys	0m0.047s
[WARN] get LZ_TOKEN error
02/28/21 01:12:59 777391400  1614445979
use wskey

real	0m1.262s
user	0m0.109s
sys	0m0.125s
02/28/21 01:13:01 334931900  1614445981 token: AAFgOn2cADA3EbULNPZ5y7KdRv3iPmR3PO92z-R1obUt2FTiFCvFlg2teQEAmZ6S8uTaJEoxvw8
parse error: Invalid numeric literal at line 1, column 10

real	0m1.263s
user	0m0.094s
sys	0m0.078s
02/28/21 01:13:03 723967600  1614445983 secretPin: 
[WARN] get secretPin error

02/28/21 01:13:04 293671200  1614445984 ç§»åŠ¨ç­¾åˆ°WOWOå®˜æ–¹æ——èˆ°åº—

real	0m1.421s
user	0m0.031s
sys	0m0.094s
parse error: Invalid numeric literal at line 1, column 10
parse error: Invalid numeric literal at line 1, column 10
parse error: Invalid numeric literal at line 1, column 10
parse error: Invalid numeric literal at line 1, column 10
02/28/21 01:13:08 934428400 1614445988

real	0m2.607s
user	0m0.000s
sys	0m0.047s

real	0m1.608s
user	0m0.016s
sys	0m0.109s
[WARN] get LZ_TOKEN error
02/28/21 01:13:14 317284000  1614445994
use wskey

real	0m1.992s
user	0m0.078s
sys	0m0.078s
02/28/21 01:13:16 860603500  1614445996 token: AAFgOn2sADDyfT1CqKBlWM11Iv2Dpc7tLrncrEwYHtZpzOcCwcSvWLCxLrzmKF6qXIL78wdNeSs
parse error: Invalid numeric literal at line 1, column 10

real	0m2.116s
user	0m0.125s
sys	0m0.031s
02/28/21 01:13:19 636278100  1614445999 secretPin: 
[WARN] get secretPin error

02/28/21 01:13:19 914208000  1614445999 ç§»åŠ¨ç­¾åˆ°WOWOå®˜æ–¹æ——èˆ°åº—

real	0m1.481s
user	0m0.031s
sys	0m0.047s
parse error: Invalid numeric literal at line 1, column 10
parse error: Invalid numeric literal at line 1, column 10
parse error: Invalid numeric literal at line 1, column 10
parse error: Invalid numeric literal at line 1, column 10
02/28/21 01:13:25 400022600 1614446005

real	0m2.964s
user	0m0.000s
sys	0m0.078s

real	0m1.502s
user	0m0.016s
sys	0m0.109s
[WARN] get LZ_TOKEN error
02/28/21 01:13:31 422551900  1614446011
use wskey

real	0m1.290s
user	0m0.109s
sys	0m0.094s
02/28/21 01:13:33 873730100  1614446013 token: AAFgOn28ADDU7pJeOoF1iKbuOiTek465Qqwbcm1QmybzZm41iJ0HkLR828jakbdvavxhLD4R-NM
parse error: Invalid numeric literal at line 1, column 10

real	0m2.306s
user	0m0.125s
sys	0m0.109s
02/28/21 01:13:36 585007400  1614446016 secretPin: 
[WARN] get secretPin error

02/28/21 01:13:36 992320800  1614446016 ç§»åŠ¨ç­¾åˆ°WOWOå®˜æ–¹æ——èˆ°åº—

real	0m1.738s
user	0m0.000s
sys	0m0.078s
parse error: Invalid numeric literal at line 1, column 10
parse error: Invalid numeric literal at line 1, column 10
parse error: Invalid numeric literal at line 1, column 10
parse error: Invalid numeric literal at line 1, column 10
02/28/21 01:13:44 814600500 1614446024

real	0m4.107s
user	0m0.000s
sys	0m0.016s

real	0m1.692s
user	0m0.031s
sys	0m0.094s
[WARN] get LZ_TOKEN error
02/28/21 01:13:53 347808100  1614446033
use wskey

real	0m2.130s
user	0m0.109s
sys	0m0.125s
02/28/21 01:13:56 159583700  1614446036 token: AAFgOn3TADA8lH6AXNt8_68J2jvH2DHVCwDV_T9Qa9vGOob_r4sObqDKshDZkVxoEV4JOTYfung
parse error: Invalid numeric literal at line 1, column 10

real	0m1.890s
user	0m0.109s
sys	0m0.063s
02/28/21 01:13:58 675514900  1614446038 secretPin: 
[WARN] get secretPin error

02/28/21 01:13:59 242837600  1614446039 ç§»åŠ¨ç­¾åˆ°WOWOå®˜æ–¹æ——èˆ°åº—

real	0m1.746s
user	0m0.016s
sys	0m0.109s
parse error: Invalid numeric literal at line 1, column 10
parse error: Invalid numeric literal at line 1, column 10
parse error: Invalid numeric literal at line 1, column 10
parse error: Invalid numeric literal at line 1, column 10
02/28/21 01:14:10 875701900 1614446050

real	0m3.859s
user	0m0.016s
sys	0m0.063s

real	0m2.000s
user	0m0.031s
sys	0m0.094s
[WARN] get LZ_TOKEN error
02/28/21 01:14:18 961396900  1614446058
use wskey

real	0m2.368s
user	0m0.063s
sys	0m0.094s
02/28/21 01:14:22 277790800  1614446062 token: AAFgOn3sADAl5-wSRisqo1wI4bA1jJZBwzk1eymqGpOWnnFHbjPBDGdKgjRcmIPmJiS384a5REw
parse error: Invalid numeric literal at line 1, column 10

real	0m2.852s
user	0m0.094s
sys	0m0.125s
02/28/21 01:14:25 743866400  1614446065 secretPin: 
[WARN] get secretPin error

02/28/21 01:14:26 493258900  1614446066 ç§»åŠ¨ç­¾åˆ°WOWOå®˜æ–¹æ——èˆ°åº—

real	0m3.048s
user	0m0.031s
sys	0m0.063s
parse error: Invalid numeric literal at line 1, column 10
parse error: Invalid numeric literal at line 1, column 10
parse error: Invalid numeric literal at line 1, column 10
parse error: Invalid numeric literal at line 1, column 10
02/28/21 01:14:46 636279900 1614446086

real	0m4.396s
user	0m0.000s
sys	0m0.000s

real	0m1.792s
user	0m0.063s
sys	0m0.047s
[WARN] get LZ_TOKEN error
02/28/21 01:14:54 913007500  1614446094
use wskey

real	0m1.137s
user	0m0.094s
sys	0m0.078s
02/28/21 01:14:56 709237400  1614446096 token: AAFgOn4PADADApDXDNVOgJxZHrZGL-bkR7I2kXyB99IRE7zUIbJdrET5ZO-6lpWfZfhVxzg185Y
parse error: Invalid numeric literal at line 1, column 10

real	0m3.337s
user	0m0.078s
sys	0m0.141s
02/28/21 01:15:00 835532900  1614446100 secretPin: 
[WARN] get secretPin error

02/28/21 01:15:01 706665800  1614446101 ç§»åŠ¨ç­¾åˆ°WOWOå®˜æ–¹æ——èˆ°åº—

real	0m1.416s
user	0m0.000s
sys	0m0.094s
parse error: Invalid numeric literal at line 1, column 10
parse error: Invalid numeric literal at line 1, column 10
parse error: Invalid numeric literal at line 1, column 10
parse error: Invalid numeric literal at line 1, column 10
02/28/21 01:15:10 945829200 1614446110

real	0m4.767s
user	0m0.000s
sys	0m0.031s

real	0m2.755s
user	0m0.031s
sys	0m0.063s
[WARN] get LZ_TOKEN error
02/28/21 01:15:25 048221800  1614446125
use wskey

real	0m2.882s
user	0m0.125s
sys	0m0.125s
02/28/21 01:15:28 857097800  1614446128 token: AAFgOn4vADCoT8fTYXrRWBhAsNgbNDH_-ZDLW13-OA9K9EezGqqWt9HMmKAD1R2LXub7EF8NMeM
parse error: Invalid numeric literal at line 1, column 10

real	0m3.890s
user	0m0.094s
sys	0m0.094s
02/28/21 01:15:33 660216600  1614446133 secretPin: 
[WARN] get secretPin error

02/28/21 01:15:35 496510100  1614446135 ç§»åŠ¨ç­¾åˆ°WOWOå®˜æ–¹æ——èˆ°åº—

real	0m2.906s
user	0m0.047s
sys	0m0.047s
parse error: Invalid numeric literal at line 1, column 10
parse error: Invalid numeric literal at line 1, column 10
parse error: Invalid numeric literal at line 1, column 10
parse error: Invalid numeric literal at line 1, column 10
02/28/21 01:15:59 283944300 1614446159

real	0m5.032s
user	0m0.016s
sys	0m0.016s

real	0m2.143s
user	0m0.031s
sys	0m0.094s
[WARN] get LZ_TOKEN error
02/28/21 01:16:17 171490800  1614446177
use wskey

real	0m2.826s
user	0m0.109s
sys	0m0.047s
02/28/21 01:16:20 539721800  1614446180 token: AAFgOn5jADCOxFu84Xc8_i1AGUUZGzoKSPg6yKalkqjdaQuUBhLb3rCMgX76QLmuTG3Cw4nps5A
parse error: Invalid numeric literal at line 1, column 10

real	0m4.045s
user	0m0.094s
sys	0m0.125s
02/28/21 01:16:25 878431000  1614446185 secretPin: 
[WARN] get secretPin error

02/28/21 01:16:26 791071800  1614446186 ç§»åŠ¨ç­¾åˆ°WOWOå®˜æ–¹æ——èˆ°åº—

real	0m2.436s
user	0m0.047s
sys	0m0.047s
parse error: Invalid numeric literal at line 1, column 10
parse error: Invalid numeric literal at line 1, column 10
parse error: Invalid numeric literal at line 1, column 10
parse error: Invalid numeric literal at line 1, column 10
02/28/21 01:16:46 702407700 1614446206

real	0m6.228s
user	0m0.000s
sys	0m0.016s

real	0m3.095s
user	0m0.063s
sys	0m0.016s
[WARN] get LZ_TOKEN error
02/28/21 01:16:58 684239100  1614446218
use wskey

real	0m1.849s
user	0m0.125s
sys	0m0.125s
02/28/21 01:17:01 522515900  1614446221 token: AAFgOn6MADAK-RRDXTnWOMi24k2B3owSEtvHXIVesC2fGlAG2qCZB0UIhtTLOWYDtbRZUu9zRs4
parse error: Invalid numeric literal at line 1, column 10

real	0m1.570s
user	0m0.078s
sys	0m0.125s
02/28/21 01:17:04 595393800  1614446224 secretPin: 
[WARN] get secretPin error

02/28/21 01:17:05 020733900  1614446225 ç§»åŠ¨ç­¾åˆ°WOWOå®˜æ–¹æ——èˆ°åº—

real	0m1.552s
user	0m0.016s
sys	0m0.109s
parse error: Invalid numeric literal at line 1, column 10
parse error: Invalid numeric literal at line 1, column 10
parse error: Invalid numeric literal at line 1, column 10
parse error: Invalid numeric literal at line 1, column 10
02/28/21 01:17:20 384865800 1614446240

real	0m5.452s
user	0m0.000s
sys	0m0.031s

real	0m3.736s
user	0m0.047s
sys	0m0.063s
[WARN] get LZ_TOKEN error
02/28/21 01:17:46 265357800  1614446266
use wskey

real	0m3.400s
user	0m0.078s
sys	0m0.078s
02/28/21 01:17:50 285510600  1614446270 token: AAFgOn69ADCv6JIzYJzM-zwoHNElyOnwqs9UyAKO3wJChN2uYSQQ84aK9kRfvurTf1mQZc3eaJw
parse error: Invalid numeric literal at line 1, column 10

real	0m3.991s
user	0m0.141s
sys	0m0.141s
02/28/21 01:17:55 030282900  1614446275 secretPin: 
[WARN] get secretPin error

02/28/21 01:17:55 473614800  1614446275 ç§»åŠ¨ç­¾åˆ°WOWOå®˜æ–¹æ——èˆ°åº—

real	0m1.959s
user	0m0.031s
sys	0m0.094s
parse error: Invalid numeric literal at line 1, column 10
parse error: Invalid numeric literal at line 1, column 10
parse error: Invalid numeric literal at line 1, column 10
parse error: Invalid numeric literal at line 1, column 10
02/28/21 01:18:15 046369800 1614446295

real	0m6.214s
user	0m0.000s
sys	0m0.063s

real	0m2.894s
user	0m0.031s
sys	0m0.078s
[WARN] get LZ_TOKEN error
02/28/21 01:18:32 081626100  1614446312
use wskey

real	0m1.971s
user	0m0.094s
sys	0m0.109s
02/28/21 01:18:35 339096300  1614446315 token: AAFgOn7qADBoWtsDkgBLo_IMrwSSS3gu3-yHTn3LK1S4o-CaG0F5YQ3uyzy6mfz3p6pOtLwcqkI
parse error: Invalid numeric literal at line 1, column 10

real	0m3.171s
user	0m0.141s
sys	0m0.094s
02/28/21 01:18:39 414302500  1614446319 secretPin: 
[WARN] get secretPin error

02/28/21 01:18:40 158307700  1614446320 ç§»åŠ¨ç­¾åˆ°WOWOå®˜æ–¹æ——èˆ°åº—

real	0m2.572s
user	0m0.063s
sys	0m0.078s
parse error: Invalid numeric literal at line 1, column 10
parse error: Invalid numeric literal at line 1, column 10
parse error: Invalid numeric literal at line 1, column 10
parse error: Invalid numeric literal at line 1, column 10
02/28/21 01:18:56 474061600 1614446336

real	0m6.676s
user	0m0.000s
sys	0m0.016s

real	0m6.024s
user	0m0.031s
sys	0m0.125s
[WARN] get LZ_TOKEN error
02/28/21 01:19:12 135354800  1614446352
use wskey

real	0m4.866s
user	0m0.172s
sys	0m0.094s
02/28/21 01:19:18 227457100  1614446358 token: AAFgOn8UADBLZHzRKTgGbgDyrFbrFwFpWRS4EPybGsMj4Rt8ZbTJ2uT6Aew14ogUTKna7ZZ1GUQ
parse error: Invalid numeric literal at line 1, column 10

real	0m3.774s
user	0m0.094s
sys	0m0.125s
02/28/21 01:19:22 566677300  1614446362 secretPin: 
[WARN] get secretPin error

02/28/21 01:19:23 974556900  1614446363 ç§»åŠ¨ç­¾åˆ°WOWOå®˜æ–¹æ——èˆ°åº—

real	0m3.479s
user	0m0.031s
sys	0m0.094s
parse error: Invalid numeric literal at line 1, column 10
parse error: Invalid numeric literal at line 1, column 10
parse error: Invalid numeric literal at line 1, column 10
parse error: Invalid numeric literal at line 1, column 10
02/28/21 01:19:42 666911600 1614446382

real	0m5.887s
user	0m0.000s
sys	0m0.063s

real	0m2.841s
user	0m0.016s
sys	0m0.125s
[WARN] get LZ_TOKEN error
02/28/21 01:19:57 817836400  1614446397
use wskey

real	0m4.146s
user	0m0.094s
sys	0m0.156s
02/28/21 01:20:02 734299300  1614446402 token: AAFgOn9BADDV8tbCpjPahW5qw035C85qN-ITYi0Jg-r50-RfSmX4BCLP-eoTl_g2TV64AGRzmmw
parse error: Invalid numeric literal at line 1, column 10

real	0m6.187s
user	0m0.125s
sys	0m0.094s
02/28/21 01:20:10 363188300  1614446410 secretPin: 
[WARN] get secretPin error

02/28/21 01:20:11 391575100  1614446411 ç§»åŠ¨ç­¾åˆ°WOWOå®˜æ–¹æ——èˆ°åº—

real	0m3.337s
user	0m0.016s
sys	0m0.078s
parse error: Invalid numeric literal at line 1, column 10
parse error: Invalid numeric literal at line 1, column 10
parse error: Invalid numeric literal at line 1, column 10
parse error: Invalid numeric literal at line 1, column 10
02/28/21 01:20:30 354439300 1614446430

real	0m5.664s
user	0m0.000s
sys	0m0.031s
02/28/21 01:21:04 667681100  1614446464
parse error: Invalid numeric literal at line 1, column 10
ç­¾åˆ°æ˜¯å¦æˆåŠŸè§£æå¤±è´¥. ä¸å†å†™/home/myid/jd/jd_signup/vender/shop_1613569763_104_delay

ç§»åŠ¨ç­¾åˆ°WOWOå®˜æ–¹æ——èˆ°åº—æŸ¥çœ‹ç»“æœ
<!DOCTYPE html>
<html>
 <head> 
  <title>äº¬ä¸œ</title> 
  <meta charset="utf-8" /> 
  <meta name="apple-mobile-web-app-capable" content="yes" /> 
  <meta name="viewport" content="width=device-width,initial-scale=1,user-scalable=no,maximum-scale=1,viewport-fit=cover" /> 
  <meta name="format-detection" content="telephone=no" /> 
  <meta name="x5-cache" content="enable" /> 
  <link rel="stylesheet" href="https://storage.360buyimg.com/babel/00162638/333378/production/dev/parser.1526555535098.css?t=20180517191236" /> 
  <style> img {
            opacity: 1 !important;
        } </style> 
  <link href="https://storage.360buyimg.com/babel/00170893/348321/production/dev/index.7320a380.css?t=20180802150952" rel="stylesheet" />
 </head> 
 <body style="background:#fff;" id="root"> 
  <div class="errorPage"> 
  </div> 
  <div class="placeholer"> 
  </div> 
  <script src="https://wl.jd.com/unify.min.js"></script> 
  <script type="text/javascript" src="https://storage.360buyimg.com/babel/00170893/348321/production/dev/index.0f8f4dba.js?t=20180802150952"></script> 
 </body>
</html>

parse error: Invalid numeric literal at line 1, column 10
[0;31;3mRUN  at {280:<--} ERROR CODE: 4[0m [0;31;3m[20210228 01:21:14] [ERROR] [0m

