02/20/21 02:06:47 763842500  1613758007
RANDOM_num: 40
removed '/tmp/tmp.zIHk4Pk3Ba'
02/20/21 02:06:47 853821800  1613758007
赵 今天已经签到过. 签到结果: ok  giftDate: 20210220
***********************************************

2021/02/18_08:00:00  [已~签~到]      
2021/02/19_08:00:00  [已~签~到]      
2021/02/20_08:00:00  [已~签~到]      
当天签到奖励 null
连续签到 3 天
签到总天数 3
***********************************************

actId=9e6c312a63dd467881e9f0ebc9715fbe
venderId=1000006151
startTime=1611891660000
endTime=1613965319000
# 短链接
suo_url="https://3.cn/100USn-WZ"
actTimeStr="2021-01-29 11:41 至 2021-02-22 11:41"
#店铺名称
vendername="后浪出版京东自营店"
# 长链接
url=https://lzkj-isv.isvjcloud.com/sign/signActivity2?activityId=9e6c312a63dd467881e9f0ebc9715fbe&venderId=1000006151&adsource=tg_xuanFuTuBiao
# 活动时间：2021.01.29 11:41:00 - 2021.02.22 11:41:59
# 奖励说明：
actRule="
连续签到20天：赠送精美书籍
"
#肥鹅 jd_4d651d9e48204 sign_res
sign_res="
signTime=1613606400;signed=2
signTime=1613692800;signed=2
signTime=1613779200;signed=2"
sign_num="3"
sign_total_num="3"
giftName="null"
giftRes="ok"
giftDate="20210220"
sign_res_info="
2021/02/18_08:00:00  [已~签~到]      
2021/02/19_08:00:00  [已~签~到]      
2021/02/20_08:00:00  [已~签~到]      
当天签到奖励 null
连续签到 3 天
签到总天数 3"
#肥鹅 jd_4d651d9e48204 sign_res_end
#移动 jd_OeTNobRVGiNZ sign_res
sign_res="
signTime=1613520000;signed=2
signTime=1613606400;signed=2
signTime=1613692800;signed=2
signTime=1613779200;signed=2"
sign_num="4"
sign_total_num="4"
giftName="null"
giftRes="ok"
giftDate="20210220"
sign_res_info="
2021/02/17_08:00:00  [已~签~到]      
2021/02/18_08:00:00  [已~签~到]      
2021/02/19_08:00:00  [已~签~到]      
2021/02/20_08:00:00  [已~签~到]      
当天签到奖励 null
连续签到 4 天
签到总天数 4"
#移动 jd_OeTNobRVGiNZ sign_res_end
#赵 122294312-396444 sign_res
sign_res="
signTime=1613606400;signed=2
signTime=1613692800;signed=2
signTime=1613779200;signed=2"
sign_num="3"
sign_total_num="3"
giftName="null"
giftRes="ok"
giftDate="20210220"
sign_res_info="
2021/02/18_08:00:00  [已~签~到]      
2021/02/19_08:00:00  [已~签~到]      
2021/02/20_08:00:00  [已~签~到]      
当天签到奖励 null
连续签到 3 天
签到总天数 3"
#赵 122294312-396444 sign_res_end
#王 1309893722-164885 sign_res
sign_res="
signTime=1613606400;signed=2
signTime=1613692800;signed=2
signTime=1613779200;signed=2"
sign_num="3"
sign_total_num="3"
giftName="null"
giftRes="ok"
giftDate="20210220"
sign_res_info="
2021/02/18_08:00:00  [已~签~到]      
2021/02/19_08:00:00  [已~签~到]      
2021/02/20_08:00:00  [已~签~到]      
当天签到奖励 null
连续签到 3 天
签到总天数 3"
#王 1309893722-164885 sign_res_end
