03/08/21 02:04:17 604333400  1615140257
RANDOM_num: 35
removed '/tmp/tmp.x6n5r2Y6lp'
03/08/21 02:04:17 731162100  1615140257
肥鹅 今天已经签到过. 签到结果: ok  giftDate: 20210308
***********************************************
7天签到 第 5 天
当天签到奖励 [2京豆]
***********************************************

#店铺名称
vendername="泉林本色京东自营旗舰店"
#店铺激活码
actId="1e5cac4ad760485d931141412c9fab0c"
#店铺id
venderId="1000001906"
#长链接
url="https://lzkj-isv.isvjcloud.com/sign/sevenDay/signActivity?activityId=1e5cac4ad760485d931141412c9fab0c&venderId=1000001906&adsource=tg_xuanFuTuBiao"

startTime=1612496160
endTime=1614483360
# 活动时间：2021-02-05 11:36 - 2021-02-28 11:36；
# 奖励说明：
actRule="
7天签到
连续签到1天：5店铺积分
连续签到2天：10元优惠券
连续签到3天：20店铺积分
连续签到4天：1京豆
连续签到5天：2京豆
连续签到6天：3京豆
连续签到7天：5京豆
"
#移动 jd_OeTNobRVGiNZ sign_res
sign_num="0"
giftName=""
giftRes=""
giftDate="20210308"
sign_res_info="7天签到 第 0 天
当天签到奖励 []"
#移动 jd_OeTNobRVGiNZ sign_res_end
#赵 122294312-396444 sign_res
sign_num="5"
giftName=""2京豆""
giftRes="ok"
giftDate="20210308"
sign_res_info="7天签到 第 5 天
当天签到奖励 ["2京豆"]"
#赵 122294312-396444 sign_res_end
#王 1309893722-164885 sign_res
sign_num="5"
giftName=""2京豆""
giftRes="ok"
giftDate="20210308"
sign_res_info="7天签到 第 5 天
当天签到奖励 ["2京豆"]"
#王 1309893722-164885 sign_res_end
#肥鹅 jd_4d651d9e48204 sign_res
sign_num="5"
giftName=""2京豆""
giftRes="ok"
giftDate="20210308"
sign_res_info="7天签到 第 5 天
当天签到奖励 ["2京豆"]"
#肥鹅 jd_4d651d9e48204 sign_res_end
