02/28/21 01:14:41 598065300  1614446081
RANDOM_num: 40
removed '/tmp/tmp.Mms9HoGQtR'
02/28/21 01:14:45 271567100  1614446085 检查赵签到

real	0m2.100s
user	0m0.016s
sys	0m0.125s
[WARN] get LZ_TOKEN error
02/28/21 01:14:51 197708600  1614446091
use pt_key

real	0m2.019s
user	0m0.109s
sys	0m0.063s
02/28/21 01:14:53 866856800  1614446093 token: AAFgOn4MADC_ceqy9bNsoPflHFCmLETCuMviHmXvVIfDK1zC1JlvlTR6i-QtPb229GugJi0ZI8o
parse error: Invalid numeric literal at line 1, column 10

real	0m1.674s
user	0m0.109s
sys	0m0.141s
02/28/21 01:14:55 982127400  1614446095 secretPin: 
[WARN] get secretPin error

02/28/21 01:14:56 446745200  1614446096 赵签到Kendall康度京东自营专区

real	0m2.372s
user	0m0.031s
sys	0m0.078s
parse error: Invalid numeric literal at line 1, column 10
parse error: Invalid numeric literal at line 1, column 10
parse error: Invalid numeric literal at line 1, column 10
parse error: Invalid numeric literal at line 1, column 10
02/28/21 01:15:14 405151000 1614446114

real	0m2.315s
user	0m0.000s
sys	0m0.031s

real	0m2.499s
user	0m0.031s
sys	0m0.078s
[WARN] get LZ_TOKEN error
02/28/21 01:15:21 245433700  1614446121
use pt_key

real	0m2.275s
user	0m0.109s
sys	0m0.078s
02/28/21 01:15:23 822223400  1614446123 token: AAFgOn4rADDbebdaJ9XcLnC9KkmIjaGuB_GcjuoJ__W6bBdEEQxN1KP1PmihW3DReSw0vWWNnpk
parse error: Invalid numeric literal at line 1, column 10

real	0m3.387s
user	0m0.094s
sys	0m0.109s
02/28/21 01:15:27 636717200  1614446127 secretPin: 
[WARN] get secretPin error

02/28/21 01:15:28 486254800  1614446128 赵签到Kendall康度京东自营专区

real	0m2.470s
user	0m0.047s
sys	0m0.125s
parse error: Invalid numeric literal at line 1, column 10
parse error: Invalid numeric literal at line 1, column 10
parse error: Invalid numeric literal at line 1, column 10
parse error: Invalid numeric literal at line 1, column 10
02/28/21 01:15:45 395638300 1614446145

real	0m2.211s
user	0m0.000s
sys	0m0.016s

real	0m3.057s
user	0m0.047s
sys	0m0.094s
[WARN] get LZ_TOKEN error
02/28/21 01:15:58 014708700  1614446158
use pt_key

real	0m3.104s
user	0m0.141s
sys	0m0.063s
02/28/21 01:16:01 671131000  1614446161 token: AAFgOn5QADCmF0KPM1OIHUcCwmFoEdkN1i9Wha7ObaXAJfkSHyY34yBDQXZXuXrsq80l8btRadw
parse error: Invalid numeric literal at line 1, column 10

real	0m4.549s
user	0m0.094s
sys	0m0.156s
02/28/21 01:16:06 752205500  1614446166 secretPin: 
[WARN] get secretPin error

02/28/21 01:16:07 426246500  1614446167 赵签到Kendall康度京东自营专区

real	0m1.552s
user	0m0.047s
sys	0m0.078s
parse error: Invalid numeric literal at line 1, column 10
parse error: Invalid numeric literal at line 1, column 10
parse error: Invalid numeric literal at line 1, column 10
parse error: Invalid numeric literal at line 1, column 10
02/28/21 01:16:38 520473600 1614446198

real	0m3.198s
user	0m0.000s
sys	0m0.031s

real	0m1.592s
user	0m0.031s
sys	0m0.109s
[WARN] get LZ_TOKEN error
02/28/21 01:16:50 332640600  1614446210
use pt_key

real	0m2.614s
user	0m0.109s
sys	0m0.063s
02/28/21 01:16:53 920174200  1614446213 token: AAFgOn6FADAL0fr5un9U7cQLIGOMX8_YDqwKbmPMf6sKtvgyKYPXFQsc7yIHDYw-UH4rYCvqIxw
parse error: Invalid numeric literal at line 1, column 10

real	0m4.657s
user	0m0.109s
sys	0m0.125s
02/28/21 01:16:59 253043100  1614446219 secretPin: 
[WARN] get secretPin error

02/28/21 01:16:59 618187000  1614446219 赵签到Kendall康度京东自营专区

real	0m1.775s
user	0m0.031s
sys	0m0.078s
parse error: Invalid numeric literal at line 1, column 10
parse error: Invalid numeric literal at line 1, column 10
parse error: Invalid numeric literal at line 1, column 10
parse error: Invalid numeric literal at line 1, column 10
02/28/21 01:17:23 744956500 1614446243

real	0m4.007s
user	0m0.000s
sys	0m0.031s

real	0m2.683s
user	0m0.047s
sys	0m0.063s
[WARN] get LZ_TOKEN error
02/28/21 01:17:40 581532400  1614446260
use pt_key

real	0m2.952s
user	0m0.094s
sys	0m0.125s
02/28/21 01:17:44 632224400  1614446264 token: AAFgOn63ADDkpBgf2KPyi14nHMKHcxk4yf7tyVcQfTYmpwvNNiyQFFtIopaSweMABgLZyv4unFQ
parse error: Invalid numeric literal at line 1, column 10

real	0m3.344s
user	0m0.078s
sys	0m0.109s
02/28/21 01:17:48 752576600  1614446268 secretPin: 
[WARN] get secretPin error

02/28/21 01:17:49 406407700  1614446269 赵签到Kendall康度京东自营专区

real	0m2.325s
user	0m0.031s
sys	0m0.109s
parse error: Invalid numeric literal at line 1, column 10
parse error: Invalid numeric literal at line 1, column 10
parse error: Invalid numeric literal at line 1, column 10
parse error: Invalid numeric literal at line 1, column 10
02/28/21 01:18:06 312446400 1614446286

real	0m4.639s
user	0m0.000s
sys	0m0.047s

real	0m3.290s
user	0m0.047s
sys	0m0.063s
[WARN] get LZ_TOKEN error
02/28/21 01:18:20 218477200  1614446300
use pt_key

real	0m3.275s
user	0m0.156s
sys	0m0.078s
02/28/21 01:18:24 031130200  1614446304 token: AAFgOn7fADAtfHU9hCHLt0_BiGDUq_HxwZmdPyIaGRoc02O6G1GoVzg0QqI6DPA6VtdHXw0iiAQ
parse error: Invalid numeric literal at line 1, column 10

real	0m2.920s
user	0m0.063s
sys	0m0.188s
02/28/21 01:18:27 660040200  1614446307 secretPin: 
[WARN] get secretPin error

02/28/21 01:18:28 463926800  1614446308 赵签到Kendall康度京东自营专区

real	0m2.626s
user	0m0.016s
sys	0m0.063s
parse error: Invalid numeric literal at line 1, column 10
parse error: Invalid numeric literal at line 1, column 10
parse error: Invalid numeric literal at line 1, column 10
parse error: Invalid numeric literal at line 1, column 10
02/28/21 01:18:46 807063800 1614446326

real	0m3.526s
user	0m0.000s
sys	0m0.078s

real	0m3.419s
user	0m0.031s
sys	0m0.063s
[WARN] get LZ_TOKEN error
02/28/21 01:18:56 056984100  1614446336
use pt_key

real	0m3.357s
user	0m0.094s
sys	0m0.109s
02/28/21 01:19:00 371919900  1614446340 token: AAFgOn8CADCv-UqQfa1DsEYlibjBB5-pr-ZA3R5TQclEBxhWNTB5aXkiipYDOpb47YoK83ibd0Y
parse error: Invalid numeric literal at line 1, column 10

real	0m3.912s
user	0m0.094s
sys	0m0.125s
02/28/21 01:19:06 734015400  1614446346 secretPin: 
[WARN] get secretPin error

02/28/21 01:19:08 173319800  1614446348 赵签到Kendall康度京东自营专区

real	0m3.934s
user	0m0.031s
sys	0m0.094s
parse error: Invalid numeric literal at line 1, column 10
parse error: Invalid numeric literal at line 1, column 10
parse error: Invalid numeric literal at line 1, column 10
parse error: Invalid numeric literal at line 1, column 10
02/28/21 01:19:29 294576600 1614446369

real	0m3.506s
user	0m0.000s
sys	0m0.031s

real	0m2.543s
user	0m0.016s
sys	0m0.125s
[WARN] get LZ_TOKEN error
02/28/21 01:19:42 519796100  1614446382
use pt_key

real	0m3.163s
user	0m0.078s
sys	0m0.172s
02/28/21 01:19:46 647330900  1614446386 token: AAFgOn8xADDikCmboCsJ24KMmUupPqYmwe-HA73lIY5epiBpkWAUKOTSJ3RcCkH_6nUA2zxMy7c
parse error: Invalid numeric literal at line 1, column 10

real	0m2.702s
user	0m0.094s
sys	0m0.125s
02/28/21 01:19:50 234892700  1614446390 secretPin: 
[WARN] get secretPin error

02/28/21 01:19:51 864665300  1614446391 赵签到Kendall康度京东自营专区

real	0m1.942s
user	0m0.063s
sys	0m0.047s
parse error: Invalid numeric literal at line 1, column 10
parse error: Invalid numeric literal at line 1, column 10
parse error: Invalid numeric literal at line 1, column 10
parse error: Invalid numeric literal at line 1, column 10
02/28/21 01:20:07 263237100 1614446407

real	0m4.452s
user	0m0.016s
sys	0m0.031s

real	0m3.075s
user	0m0.047s
sys	0m0.078s
[WARN] get LZ_TOKEN error
02/28/21 01:20:27 511994900  1614446427
use pt_key

real	0m3.583s
user	0m0.109s
sys	0m0.109s
02/28/21 01:20:31 790562700  1614446431 token: AAFgOn9eADA0ltzX8_AsAvSidmSmUIJxv066MZcMFbz2O34wL73LsJDFf6fStolI_xUZqbO5w9U
parse error: Invalid numeric literal at line 1, column 10

real	0m3.619s
user	0m0.109s
sys	0m0.078s
02/28/21 01:20:36 034210800  1614446436 secretPin: 
[WARN] get secretPin error

02/28/21 01:20:36 815826800  1614446436 赵签到Kendall康度京东自营专区

real	0m2.188s
user	0m0.047s
sys	0m0.063s
parse error: Invalid numeric literal at line 1, column 10
parse error: Invalid numeric literal at line 1, column 10
parse error: Invalid numeric literal at line 1, column 10
parse error: Invalid numeric literal at line 1, column 10
02/28/21 01:20:53 296805100 1614446453

real	0m4.207s
user	0m0.000s
sys	0m0.031s

real	0m4.680s
user	0m0.031s
sys	0m0.094s
[WARN] get LZ_TOKEN error
02/28/21 01:21:11 115139600  1614446471
use pt_key

real	0m3.867s
user	0m0.094s
sys	0m0.141s
02/28/21 01:21:15 637377700  1614446475 token: AAFgOn-LADDRi2TwjbZfkhyjg567DZIobgY1RuVemtoYCDzTJwC-XdEa3jRUcGZ1IJeVUg4GWXs
parse error: Invalid numeric literal at line 1, column 10

real	0m3.398s
user	0m0.109s
sys	0m0.078s
02/28/21 01:21:20 561376300  1614446480 secretPin: 
[WARN] get secretPin error

02/28/21 01:21:21 358038100  1614446481 赵签到Kendall康度京东自营专区

real	0m1.323s
user	0m0.016s
sys	0m0.063s
parse error: Invalid numeric literal at line 1, column 10
parse error: Invalid numeric literal at line 1, column 10
parse error: Invalid numeric literal at line 1, column 10
parse error: Invalid numeric literal at line 1, column 10
02/28/21 01:21:36 364335400 1614446496

real	0m3.494s
user	0m0.000s
sys	0m0.047s

real	0m2.182s
user	0m0.031s
sys	0m0.109s
[WARN] get LZ_TOKEN error
02/28/21 01:21:44 752161400  1614446504
use pt_key

real	0m3.183s
user	0m0.109s
sys	0m0.109s
02/28/21 01:21:48 656711500  1614446508 token: AAFgOn-rADDFrpzSMckOKYo4K1wBySqXl9x9ao46vAxPytVYhdUA2vvXsOPSE9entxohGoSl43Q
parse error: Invalid numeric literal at line 1, column 10

real	0m4.145s
user	0m0.109s
sys	0m0.125s
02/28/21 01:21:54 436443400  1614446514 secretPin: 
[WARN] get secretPin error

02/28/21 01:21:55 598434000  1614446515 赵签到Kendall康度京东自营专区

real	0m2.018s
user	0m0.016s
sys	0m0.125s
parse error: Invalid numeric literal at line 1, column 10
parse error: Invalid numeric literal at line 1, column 10
parse error: Invalid numeric literal at line 1, column 10
parse error: Invalid numeric literal at line 1, column 10
02/28/21 01:22:12 526786200 1614446532

real	0m3.960s
user	0m0.000s
sys	0m0.047s

real	0m1.745s
user	0m0.047s
sys	0m0.063s
[WARN] get LZ_TOKEN error
02/28/21 01:22:24 804634600  1614446544
use pt_key

real	0m2.943s
user	0m0.141s
sys	0m0.094s
02/28/21 01:22:28 794301500  1614446548 token: AAFgOn_TADBh1rCzPoGjuoQmOU8THZoTUBeMn5amfb3o_Ctirmf-r-Ofdcp4Dv6KPlCYDomiHmo
parse error: Invalid numeric literal at line 1, column 10

real	0m3.623s
user	0m0.094s
sys	0m0.141s
02/28/21 01:22:34 150531400  1614446554 secretPin: 
[WARN] get secretPin error

02/28/21 01:22:34 988950200  1614446554 赵签到Kendall康度京东自营专区

real	0m2.969s
user	0m0.031s
sys	0m0.109s
parse error: Invalid numeric literal at line 1, column 10
parse error: Invalid numeric literal at line 1, column 10
parse error: Invalid numeric literal at line 1, column 10
parse error: Invalid numeric literal at line 1, column 10
02/28/21 01:22:51 321748700 1614446571

real	0m4.190s
user	0m0.000s
sys	0m0.031s

real	0m1.676s
user	0m0.031s
sys	0m0.078s
[WARN] get LZ_TOKEN error
02/28/21 01:23:04 987595200  1614446584
use pt_key

real	0m2.317s
user	0m0.078s
sys	0m0.094s
02/28/21 01:23:07 845819600  1614446587 token: AAFgOn_6ADCjFRprs5-GCndum4YZUYMaCNIEO7gR7ixN4zAlX4FFnBVDeN0kDtjgM5r7IkX3vU8
parse error: Invalid numeric literal at line 1, column 10

real	0m2.241s
user	0m0.172s
sys	0m0.125s
02/28/21 01:23:10 826328500  1614446590 secretPin: 
[WARN] get secretPin error

02/28/21 01:23:11 518702000  1614446591 赵签到Kendall康度京东自营专区

real	0m2.621s
user	0m0.031s
sys	0m0.125s
parse error: Invalid numeric literal at line 1, column 10
parse error: Invalid numeric literal at line 1, column 10
parse error: Invalid numeric literal at line 1, column 10
parse error: Invalid numeric literal at line 1, column 10
02/28/21 01:23:23 443092400 1614446603

real	0m4.923s
user	0m0.000s
sys	0m0.047s

real	0m2.502s
user	0m0.031s
sys	0m0.063s
[WARN] get LZ_TOKEN error
02/28/21 01:23:34 393298400  1614446614
use pt_key

real	0m3.354s
user	0m0.156s
sys	0m0.047s
02/28/21 01:23:38 362868100  1614446618 token: AAFgOoAZADCYaxKbBWbISP4mL63_-xvBd1pPRkr_F91ngg5Ecwlb7FdNtyJkI7X7La5tCOZrp4U
parse error: Invalid numeric literal at line 1, column 10

real	0m3.443s
user	0m0.109s
sys	0m0.094s
02/28/21 01:23:42 327707500  1614446622 secretPin: 
[WARN] get secretPin error

02/28/21 01:23:42 768409900  1614446622 赵签到Kendall康度京东自营专区

real	0m2.076s
user	0m0.016s
sys	0m0.094s
parse error: Invalid numeric literal at line 1, column 10
parse error: Invalid numeric literal at line 1, column 10
parse error: Invalid numeric literal at line 1, column 10
parse error: Invalid numeric literal at line 1, column 10
02/28/21 01:23:55 355543200 1614446635

real	0m5.020s
user	0m0.000s
sys	0m0.016s

real	0m4.088s
user	0m0.031s
sys	0m0.078s
[WARN] get LZ_TOKEN error
02/28/21 01:24:07 943840500  1614446647
use pt_key

real	0m3.535s
user	0m0.141s
sys	0m0.109s
02/28/21 01:24:12 957228000  1614446652 token: AAFgOoA7ADDOlc6XdPDBKFM0ai2IVBMbvxN4lJ9f4oZllehR9N0Qug6YuQTSOTIWa8oS1ak_2u8
parse error: Invalid numeric literal at line 1, column 10

real	0m2.716s
user	0m0.125s
sys	0m0.109s
02/28/21 01:24:16 170164900  1614446656 secretPin: 
[WARN] get secretPin error

02/28/21 01:24:16 532961900  1614446656 赵签到Kendall康度京东自营专区

real	0m2.216s
user	0m0.047s
sys	0m0.063s
parse error: Invalid numeric literal at line 1, column 10
parse error: Invalid numeric literal at line 1, column 10
parse error: Invalid numeric literal at line 1, column 10
parse error: Invalid numeric literal at line 1, column 10
02/28/21 01:24:28 203691100 1614446668

real	0m5.310s
user	0m0.000s
sys	0m0.016s

real	0m3.223s
user	0m0.000s
sys	0m0.109s
[WARN] get LZ_TOKEN error
02/28/21 01:24:37 934379400  1614446677
use pt_key

real	0m2.223s
user	0m0.172s
sys	0m0.063s
02/28/21 01:24:40 653293600  1614446680 token: AAFgOoBXADDofYgiH-DwIRHms1_Br5lUKp5fgVmQdOEzomrP9ks2osc_MjaJ9SWX14ceUHZTqQg
parse error: Invalid numeric literal at line 1, column 10

real	0m2.179s
user	0m0.094s
sys	0m0.172s
02/28/21 01:24:43 735458800  1614446683 secretPin: 
[WARN] get secretPin error

02/28/21 01:24:44 378089300  1614446684 赵签到Kendall康度京东自营专区

real	0m1.726s
user	0m0.047s
sys	0m0.078s
parse error: Invalid numeric literal at line 1, column 10
parse error: Invalid numeric literal at line 1, column 10
parse error: Invalid numeric literal at line 1, column 10
parse error: Invalid numeric literal at line 1, column 10
02/28/21 01:24:52 810458300 1614446692

real	0m5.204s
user	0m0.000s
sys	0m0.031s

real	0m2.005s
user	0m0.047s
sys	0m0.063s
[WARN] get LZ_TOKEN error
02/28/21 01:25:02 829626000  1614446702
use pt_key

real	0m3.960s
user	0m0.078s
sys	0m0.125s
02/28/21 01:25:07 225628100  1614446707 token: AAFgOoByADCwUfT2MvR9i1OiEpe0GHyZvNJq2VE3mcgf4Vor2T4NNISsy65pM1ZiKqmdKupaa68
parse error: Invalid numeric literal at line 1, column 10

real	0m2.269s
user	0m0.109s
sys	0m0.109s
02/28/21 01:25:10 416396400  1614446710 secretPin: 
[WARN] get secretPin error

02/28/21 01:25:10 993365600  1614446710 赵签到Kendall康度京东自营专区

real	0m2.054s
user	0m0.031s
sys	0m0.094s
parse error: Invalid numeric literal at line 1, column 10
parse error: Invalid numeric literal at line 1, column 10
parse error: Invalid numeric literal at line 1, column 10
parse error: Invalid numeric literal at line 1, column 10
02/28/21 01:25:20 443101700 1614446720

real	0m4.973s
user	0m0.000s
sys	0m0.016s

real	0m2.127s
user	0m0.000s
sys	0m0.125s
[WARN] get LZ_TOKEN error
02/28/21 01:25:28 750483600  1614446728
use pt_key

real	0m2.366s
user	0m0.172s
sys	0m0.109s
02/28/21 01:25:31 586006400  1614446731 token: AAFgOoCKADAl60_jHKa9yOYnnylwPh47G6raoMOTFwZoHA3BPo18MEtZyVHocx1spUN0JWMwRcg
parse error: Invalid numeric literal at line 1, column 10

real	0m2.011s
user	0m0.125s
sys	0m0.094s
02/28/21 01:25:34 876154700  1614446734 secretPin: 
[WARN] get secretPin error

02/28/21 01:25:35 742366400  1614446735 赵签到Kendall康度京东自营专区

real	0m2.661s
user	0m0.000s
sys	0m0.156s
parse error: Invalid numeric literal at line 1, column 10
parse error: Invalid numeric literal at line 1, column 10
parse error: Invalid numeric literal at line 1, column 10
parse error: Invalid numeric literal at line 1, column 10
02/28/21 01:25:45 362049400 1614446745

real	0m4.764s
user	0m0.016s
sys	0m0.078s

real	0m1.455s
user	0m0.031s
sys	0m0.109s
[WARN] get LZ_TOKEN error
02/28/21 01:25:52 665938300  1614446752
use pt_key

real	0m1.600s
user	0m0.094s
sys	0m0.125s
02/28/21 01:25:55 111818500  1614446755 token: AAFgOoCiADCvTDkqu-hpyTgfVf1DXn_oteQUWqz0fm7j1MOVe8-VslEEDozLfBQYiPZ2zZ7fCSo
parse error: Invalid numeric literal at line 1, column 10

real	0m1.804s
user	0m0.109s
sys	0m0.094s
02/28/21 01:25:57 880981300  1614446757 secretPin: 
[WARN] get secretPin error

02/28/21 01:25:58 355547800  1614446758 赵签到Kendall康度京东自营专区

real	0m1.721s
user	0m0.016s
sys	0m0.109s
parse error: Invalid numeric literal at line 1, column 10
parse error: Invalid numeric literal at line 1, column 10
parse error: Invalid numeric literal at line 1, column 10
parse error: Invalid numeric literal at line 1, column 10
02/28/21 01:26:05 878018800 1614446765

real	0m4.869s
user	0m0.000s
sys	0m0.031s

real	0m1.183s
user	0m0.047s
sys	0m0.078s
[WARN] get LZ_TOKEN error
02/28/21 01:26:12 463987800  1614446772
use pt_key

real	0m1.336s
user	0m0.094s
sys	0m0.078s
02/28/21 01:26:13 993575200  1614446773 token: AAFgOoC1ADDtfIIpBfB7npcgd1PD5ewiCKQRI9qLTOx3mry6_kIV_oLyMBnMMtfsQhhMvoEjT0o
parse error: Invalid numeric literal at line 1, column 10

real	0m2.891s
user	0m0.125s
sys	0m0.156s
02/28/21 01:26:17 239155000  1614446777 secretPin: 
[WARN] get secretPin error

02/28/21 01:26:17 496624300  1614446777 赵签到Kendall康度京东自营专区

real	0m1.401s
user	0m0.047s
sys	0m0.078s
parse error: Invalid numeric literal at line 1, column 10
parse error: Invalid numeric literal at line 1, column 10
parse error: Invalid numeric literal at line 1, column 10
parse error: Invalid numeric literal at line 1, column 10
02/28/21 01:26:21 438748500 1614446781

real	0m4.931s
user	0m0.016s
sys	0m0.047s
02/28/21 01:27:07 089702100  1614446827
parse error: Invalid numeric literal at line 1, column 10
签到是否成功解析失败. 不再写/home/myid/jd/jd_signup/lzkj_sevenDay_vender/shop_1613703186_83_delay

赵签到Kendall康度京东自营专区查看结果, 活动规则
<!DOCTYPE html>
<html>
 <head> 
  <title>京东</title> 
  <meta charset="utf-8" /> 
  <meta name="apple-mobile-web-app-capable" content="yes" /> 
  <meta name="viewport" content="width=device-width,initial-scale=1,user-scalable=no,maximum-scale=1,viewport-fit=cover" /> 
  <meta name="format-detection" content="telephone=no" /> 
  <meta name="x5-cache" content="enable" /> 
  <link rel="stylesheet" href="https://storage.360buyimg.com/babel/00162638/333378/production/dev/parser.1526555535098.css?t=20180517191236" /> 
  <style> img {
            opacity: 1 !important;
        } </style> 
  <link href="https://storage.360buyimg.com/babel/00170893/348321/production/dev/index.7320a380.css?t=20180802150952" rel="stylesheet" />
 </head> 
 <body style="background:#fff;" id="root"> 
  <div class="errorPage"> 
  </div> 
  <div class="placeholer"> 
  </div> 
  <script src="https://wl.jd.com/unify.min.js"></script> 
  <script type="text/javascript" src="https://storage.360buyimg.com/babel/00170893/348321/production/dev/index.0f8f4dba.js?t=20180802150952"></script> 
 </body>
</html>

#店铺名称
vendername="Kendall康度京东自营专区"
#店铺激活码
actId="cd7a717f17914fda93377be959493730"
#店铺id
venderId="1000103167"
#长链接
url="https://lzkj-isv.isvjcloud.com/sign/sevenDay/signActivity?activityId=cd7a717f17914fda93377be959493730&venderId=1000103167&adsource=tg_xuanFuTuBiao"

startTime=1612341120
endTime=1614933120
# 活动时间：2021-02-03 16:32 - 2021-03-05 16:32；
# 奖励说明：
actRule="
7天签到
连续签到1天：20店铺积分
连续签到2天：50店铺积分
连续签到3天：50店铺积分
连续签到4天：50店铺积分
连续签到5天：50店铺积分
连续签到6天：2京豆
连续签到7天：5京豆
"
#赵 122294312-396444 sign_res
sign_num="0"
giftName="null"
giftRes="ok"
giftDate="20210227"
sign_res_info="7天签到 第 0 天
当天签到奖励 [null]"
#赵 122294312-396444 sign_res_end
#王 1309893722-164885 sign_res
sign_num="0"
giftName="null"
giftRes="ok"
giftDate="20210227"
sign_res_info="7天签到 第 0 天
当天签到奖励 [null]"
#王 1309893722-164885 sign_res_end
#肥鹅 jd_4d651d9e48204 sign_res
sign_num="0"
giftName="null"
giftRes="ok"
giftDate="20210227"
sign_res_info="7天签到 第 0 天
当天签到奖励 [null]"
#肥鹅 jd_4d651d9e48204 sign_res_end
#移动 jd_OeTNobRVGiNZ sign_res
sign_num="0"
giftName="null"
giftRes="ok"
giftDate="20210227"
sign_res_info="7天签到 第 0 天
当天签到奖励 [null]"
#移动 jd_OeTNobRVGiNZ sign_res_end
