03/05/21 04:02:51 581917600  1614888171
/home/myid/jd/jd_signup/vender/shop_1614697710_0_delay: line 30: 专享价: command not found
/home/myid/jd/jd_signup/vender/shop_1614697710_0_delay: line 39: $'专享价]\n连续签到 0 天\n签到总天数 9': command not found
/home/myid/jd/jd_signup/vender/shop_1614697710_0_delay: line 52: 专享价: command not found
/home/myid/jd/jd_signup/vender/shop_1614697710_0_delay: line 61: $'专享价]\n连续签到 0 天\n签到总天数 9': command not found
RANDOM_num: 10
/tmp/tmp.8BXYtJ0HHk: line 10: 专享价: command not found
/tmp/tmp.8BXYtJ0HHk: line 19: $'专享价]\n连续签到 0 天\n签到总天数 9': command not found
removed '/tmp/tmp.8BXYtJ0HHk'
03/05/21 04:02:51 720872000  1614888171
肥鹅 今天已经签到过. 签到结果: ok  giftDate: 20210305
***********************************************

***********************************************

actId=6311b018ecfa4319b37d0003638468af
venderId=143153
startTime=1613973540000
endTime=1616255999000
# 短链接
suo_url="https://3.cn/10-14mlhU"
actTimeStr="2021-02-22 13:59 至 2021-03-20 23:59"
#店铺名称
vendername="歌德老酒行精品旗舰店"
# 长链接
url="https://lzkj-isv.isvjcloud.com/sign/signActivity2?activityId=6311b018ecfa4319b37d0003638468af&venderId=143153&adsource=tg_xuanFuTuBiao"
# 活动时间：2021.02.22 13:59:00 - 2021.03.20 23:59:59
# 奖励说明：
actRule="
连续签到1天：1积分 1积分
连续签到3天：10积分 10积分
连续签到5天：10元优惠券
连续签到7天：5京豆 5京豆
连续签到9天：董酒 专享价
"
#王 1309893722-164885 sign_res
sign_res="
signTime=1614556800;signed=2
signTime=1614643200;signed=2
signTime=1614729600;signed=2
signTime=1614816000;signed=2
signTime=1614902400;signed=2"
sign_num="0"
sign_total_num="9"
giftName=""董酒 专享价""
giftRes="ok"
giftDate="20210305"
sign_res_info="
2021/03/01_08:00:00  [已~签~到]      
2021/03/02_08:00:00  [已~签~到]      
2021/03/03_08:00:00  [已~签~到]      
2021/03/04_08:00:00  [已~签~到]      
2021/03/05_08:00:00  [已~签~到]      
当天签到奖励 ["董酒 专享价"]
连续签到 0 天
签到总天数 9"
#王 1309893722-164885 sign_res_end
#肥鹅 jd_4d651d9e48204 sign_res
sign_res="
signTime=1614556800;signed=2
signTime=1614643200;signed=2
signTime=1614729600;signed=2
signTime=1614816000;signed=2
signTime=1614902400;signed=2"
sign_num="0"
sign_total_num="9"
giftName=""董酒 专享价""
giftRes="ok"
giftDate="20210305"
sign_res_info="
2021/03/01_08:00:00  [已~签~到]      
2021/03/02_08:00:00  [已~签~到]      
2021/03/03_08:00:00  [已~签~到]      
2021/03/04_08:00:00  [已~签~到]      
2021/03/05_08:00:00  [已~签~到]      
当天签到奖励 ["董酒 专享价"]
连续签到 0 天
签到总天数 9"
#肥鹅 jd_4d651d9e48204 sign_res_end
#赵 122294312-396444 sign_res
sign_res="
signTime=1614556800;signed=2
signTime=1614643200;signed=2
signTime=1614729600;signed=2
signTime=1614816000;signed=2
signTime=1614902400;signed=2"
sign_num="1"
sign_total_num="10"
giftName=""1积分""
giftRes="ok"
giftDate="20210305"
sign_res_info="
2021/03/01_08:00:00  [已~签~到]      
2021/03/02_08:00:00  [已~签~到]      
2021/03/03_08:00:00  [已~签~到]      
2021/03/04_08:00:00  [已~签~到]      
2021/03/05_08:00:00  [已~签~到]      
当天签到奖励 ["1积分"]
连续签到 1 天
签到总天数 10"
#赵 122294312-396444 sign_res_end
#移动 jd_OeTNobRVGiNZ sign_res
sign_res="
"
sign_num="0"
sign_total_num="0"
giftName=""
giftRes=""
giftDate="20210305"
sign_res_info="

当天签到奖励 []
连续签到 0 天
签到总天数 0"
#移动 jd_OeTNobRVGiNZ sign_res_end
