03/07/21 01:19:14 139031300  1615051154
RANDOM_num: 20
removed '/tmp/tmp.AiDagZaxK4'
03/07/21 01:19:14 299093100  1615051154 检查赵签到

real	0m0.225s
user	0m0.031s
sys	0m0.094s
lzkj-isv.isvjcloud.com	FALSE	/	FALSE	1615051754	LZ_TOKEN_VALUE	B0oH3vDY2bhHWuKbVaJ+XQ==
lzkj-isv.isvjcloud.com	FALSE	/	FALSE	1615051754	LZ_TOKEN_KEY	lztokenpage301397c12b264364a59428872e08cc54
03/07/21 01:19:14 686922500  1615051154
use pt_key

real	0m0.216s
user	0m0.094s
sys	0m0.125s
03/07/21 01:19:14 919959200  1615051154 token: AAFgQ7mSADAK6sndecnoSYJtFiRRwRKdpHzYMDsrf6VUNsktc60tSqT74kKsteoJ0zu4YoDSfwo

real	0m0.361s
user	0m0.000s
sys	0m0.078s
03/07/21 01:19:15 432829100  1615051155 secretPin: 51S2JqsypB/nfj45frYeoU7oeVP9kq2pYSH90mYt4m3fwcJlClpxrfmVYaGKuquQkdK3rLBQpEQH9V4tdrrh0w==

03/07/21 01:19:15 458077900  1615051155 赵签到天润乳品京东自营旗舰店

real	0m0.288s
user	0m0.031s
sys	0m0.078s
{
  "msg": "该活动已经结束",
  "code": "-1",
  "isOk": false
}
活动已结束. /home/myid/jd/jd_signup/vender/shop_1614700869_0_delay --> /home/myid/jd/jd_signup/vender/shop_1614700869_0_del
renamed '/home/myid/jd/jd_signup/vender/shop_1614700869_0_delay' -> '/home/myid/jd/jd_signup/vender/shop_1614700869_0_del'
03/07/21 01:19:36 288007200  1615051176

赵签到天润乳品京东自营旗舰店查看结果
{"msg":"","code":"-1","isOk":false}

{
  "signDetail": null,
  "contiSignNum": null,
  "totalSignNum": null
}

天润乳品京东自营旗舰店活动规则
{"msg":"","code":"-1","isOk":false}

{
  "actUrl": null,
  "shortUrl": null,
  "actRule": null
}
actId=020aa2446606484892a5dd15603cd939
venderId=1000094055
startTime=1614326340000
endTime=1616655899000
# 短链接
suo_url="https://3.cn/1015-T6u6"
actTimeStr="2021-02-26 15:59 至 2021-03-25 15:04"
#店铺名称
vendername="天润乳品京东自营旗舰店"
# 长链接
url=https://lzkj-isv.isvjcloud.com/sign/signActivity2?activityId=020aa2446606484892a5dd15603cd939&venderId=1000094055&adsource=tg_xuanFuTuBiao&sceneval=2&jxsid=16146428113866014329
# 活动时间：2021.02.26 15:59:00 - 2021.03.25 15:04:59
# 奖励说明：
actRule="
连续签到10天：100京豆 100京豆
连续签到20天：赠送高钙砖1提
连续签到25天：赠送天润奶啤12罐
"
#赵 122294312-396444 sign_res
sign_res="
signTime=1614729600;signed=2
signTime=1614816000;signed=2
signTime=1614902400;signed=2
signTime=1614988800;signed=2"
sign_num="4"
sign_total_num="4"
giftName="null"
giftRes="ok"
giftDate="20210306"
sign_res_info="
2021/03/03_08:00:00  [已~签~到]      
2021/03/04_08:00:00  [已~签~到]      
2021/03/05_08:00:00  [已~签~到]      
2021/03/06_08:00:00  [已~签~到]      
当天签到奖励 [null]
连续签到 4 天
签到总天数 4"
#赵 122294312-396444 sign_res_end
#王 1309893722-164885 sign_res
sign_res="
signTime=1614729600;signed=2
signTime=1614816000;signed=2
signTime=1614902400;signed=2
signTime=1614988800;signed=2"
sign_num="4"
sign_total_num="4"
giftName="null"
giftRes="ok"
giftDate="20210306"
sign_res_info="
2021/03/03_08:00:00  [已~签~到]      
2021/03/04_08:00:00  [已~签~到]      
2021/03/05_08:00:00  [已~签~到]      
2021/03/06_08:00:00  [已~签~到]      
当天签到奖励 [null]
连续签到 4 天
签到总天数 4"
#王 1309893722-164885 sign_res_end
#肥鹅 jd_4d651d9e48204 sign_res
sign_res="
signTime=1614729600;signed=2
signTime=1614816000;signed=2
signTime=1614902400;signed=2
signTime=1614988800;signed=2"
sign_num="4"
sign_total_num="4"
giftName="null"
giftRes="ok"
giftDate="20210306"
sign_res_info="
2021/03/03_08:00:00  [已~签~到]      
2021/03/04_08:00:00  [已~签~到]      
2021/03/05_08:00:00  [已~签~到]      
2021/03/06_08:00:00  [已~签~到]      
当天签到奖励 [null]
连续签到 4 天
签到总天数 4"
#肥鹅 jd_4d651d9e48204 sign_res_end
#移动 jd_OeTNobRVGiNZ sign_res
sign_res="
"
sign_num="0"
sign_total_num="0"
giftName=""
giftRes=""
giftDate="20210306"
sign_res_info="

当天签到奖励 []
连续签到 0 天
签到总天数 0"
#移动 jd_OeTNobRVGiNZ sign_res_end
