02/28/21 01:12:46 206711700  1614445966
RANDOM_num: 15
removed '/tmp/tmp.xw37wPIdhx'
02/28/21 01:12:48 122472800  1614445968 æ£€æŸ¥ç§»åŠ¨ç­¾åˆ°

real	0m1.096s
user	0m0.016s
sys	0m0.141s
[WARN] get LZ_TOKEN error
02/28/21 01:12:51 160815200  1614445971
use wskey

real	0m1.161s
user	0m0.094s
sys	0m0.109s
02/28/21 01:12:52 545902900  1614445972 token: AAFgOn2UADC100ZZo4Sucmuvx0Y7mUYO0g3k2BYAk4YIm28m3_2k_4cLS47jqpyfagXA9iht8Yw
parse error: Invalid numeric literal at line 1, column 10

real	0m1.158s
user	0m0.078s
sys	0m0.125s
02/28/21 01:12:54 081489100  1614445974 secretPin: 
[WARN] get secretPin error

02/28/21 01:12:54 413008100  1614445974 ç§»åŠ¨ç­¾åˆ°æˆ´å°”å®˜æ–¹æ——èˆ°åº—

real	0m1.260s
user	0m0.031s
sys	0m0.078s
parse error: Invalid numeric literal at line 1, column 10
parse error: Invalid numeric literal at line 1, column 10
parse error: Invalid numeric literal at line 1, column 10
parse error: Invalid numeric literal at line 1, column 10
02/28/21 01:12:58 845593300 1614445978

real	0m1.199s
user	0m0.000s
sys	0m0.031s

real	0m1.050s
user	0m0.047s
sys	0m0.031s
[WARN] get LZ_TOKEN error
02/28/21 01:13:01 994823100  1614445981
use wskey

real	0m0.792s
user	0m0.094s
sys	0m0.094s
02/28/21 01:13:03 788577600  1614445983 token: AAFgOn2eADCjVWJd9T68vu5PdwAbTnV9CNY4E3fBloTHRm82pao_y6tzKqqo-d8PB8Qsa0nLJ8Q
parse error: Invalid numeric literal at line 1, column 10

real	0m1.432s
user	0m0.094s
sys	0m0.078s
02/28/21 01:13:05 583697700  1614445985 secretPin: 
[WARN] get secretPin error

02/28/21 01:13:05 868477000  1614445985 ç§»åŠ¨ç­¾åˆ°æˆ´å°”å®˜æ–¹æ——èˆ°åº—

real	0m1.044s
user	0m0.016s
sys	0m0.078s
parse error: Invalid numeric literal at line 1, column 10
parse error: Invalid numeric literal at line 1, column 10
parse error: Invalid numeric literal at line 1, column 10
parse error: Invalid numeric literal at line 1, column 10
02/28/21 01:13:10 570878800 1614445990

real	0m1.717s
user	0m0.000s
sys	0m0.078s

real	0m1.477s
user	0m0.031s
sys	0m0.109s
[WARN] get LZ_TOKEN error
02/28/21 01:13:14 977656100  1614445994
use wskey

real	0m1.753s
user	0m0.078s
sys	0m0.109s
02/28/21 01:13:17 358593500  1614445997 token: AAFgOn2sADCSGrBComlzoxqwQ9TxjFqGiPQJV_HKzEPJkskqThEoDC66n11VrcFC5ImJ5G7YLd0
parse error: Invalid numeric literal at line 1, column 10

real	0m1.672s
user	0m0.109s
sys	0m0.125s
02/28/21 01:13:19 508270200  1614445999 secretPin: 
[WARN] get secretPin error

02/28/21 01:13:19 838505100  1614445999 ç§»åŠ¨ç­¾åˆ°æˆ´å°”å®˜æ–¹æ——èˆ°åº—

real	0m1.376s
user	0m0.031s
sys	0m0.094s
parse error: Invalid numeric literal at line 1, column 10
parse error: Invalid numeric literal at line 1, column 10
parse error: Invalid numeric literal at line 1, column 10
parse error: Invalid numeric literal at line 1, column 10
02/28/21 01:13:25 354274800 1614446005

real	0m2.071s
user	0m0.016s
sys	0m0.031s

real	0m1.437s
user	0m0.031s
sys	0m0.094s
[WARN] get LZ_TOKEN error
02/28/21 01:13:29 923058100  1614446009
use wskey

real	0m1.804s
user	0m0.094s
sys	0m0.094s
02/28/21 01:13:32 325226700  1614446012 token: AAFgOn27ADCYPpWdd-AzMQ-1WwLf5gyLt-6Q-Sl42OILH43mihOKpabzNXnmL_pW9oI2ETdSPBc
parse error: Invalid numeric literal at line 1, column 10

real	0m3.112s
user	0m0.094s
sys	0m0.109s
02/28/21 01:13:36 301612100  1614446016 secretPin: 
[WARN] get secretPin error

02/28/21 01:13:36 811803300  1614446016 ç§»åŠ¨ç­¾åˆ°æˆ´å°”å®˜æ–¹æ——èˆ°åº—

real	0m2.020s
user	0m0.047s
sys	0m0.047s
parse error: Invalid numeric literal at line 1, column 10
parse error: Invalid numeric literal at line 1, column 10
parse error: Invalid numeric literal at line 1, column 10
parse error: Invalid numeric literal at line 1, column 10
02/28/21 01:13:43 964057100 1614446023

real	0m2.463s
user	0m0.000s
sys	0m0.016s

real	0m1.626s
user	0m0.031s
sys	0m0.109s
[WARN] get LZ_TOKEN error
02/28/21 01:13:51 395986300  1614446031
use wskey

real	0m2.162s
user	0m0.109s
sys	0m0.078s
02/28/21 01:13:53 983084300  1614446033 token: AAFgOn3RADCYtHY594Exl0-cis91VSabYE3LjQZVOYx3DY8s_rAFMj1FusDe7N_f1kyLPnVMFOQ
parse error: Invalid numeric literal at line 1, column 10

real	0m3.140s
user	0m0.063s
sys	0m0.125s
02/28/21 01:13:57 586197500  1614446037 secretPin: 
[WARN] get secretPin error

02/28/21 01:13:58 050854100  1614446038 ç§»åŠ¨ç­¾åˆ°æˆ´å°”å®˜æ–¹æ——èˆ°åº—

real	0m1.746s
user	0m0.031s
sys	0m0.063s
parse error: Invalid numeric literal at line 1, column 10
parse error: Invalid numeric literal at line 1, column 10
parse error: Invalid numeric literal at line 1, column 10
parse error: Invalid numeric literal at line 1, column 10
02/28/21 01:14:08 238110700 1614446048

real	0m2.513s
user	0m0.016s
sys	0m0.016s

real	0m3.804s
user	0m0.031s
sys	0m0.063s
[WARN] get LZ_TOKEN error
02/28/21 01:14:17 353690900  1614446057
use wskey

real	0m2.683s
user	0m0.094s
sys	0m0.063s
02/28/21 01:14:20 613064600  1614446060 token: AAFgOn3rADD9iExER963lh-JM0RuzCb-7wS8nz5VSRYra_SgZh7IHR_lDRegafFLtOmzuqB0pRw
parse error: Invalid numeric literal at line 1, column 10

real	0m2.240s
user	0m0.078s
sys	0m0.094s
02/28/21 01:14:23 506042300  1614446063 secretPin: 
[WARN] get secretPin error

02/28/21 01:14:24 011570000  1614446064 ç§»åŠ¨ç­¾åˆ°æˆ´å°”å®˜æ–¹æ——èˆ°åº—

real	0m2.048s
user	0m0.047s
sys	0m0.156s
parse error: Invalid numeric literal at line 1, column 10
parse error: Invalid numeric literal at line 1, column 10
parse error: Invalid numeric literal at line 1, column 10
parse error: Invalid numeric literal at line 1, column 10
02/28/21 01:14:35 331665900 1614446075

real	0m2.971s
user	0m0.000s
sys	0m0.047s

real	0m2.914s
user	0m0.047s
sys	0m0.078s
[WARN] get LZ_TOKEN error
02/28/21 01:14:47 225434100  1614446087
use wskey

real	0m3.177s
user	0m0.094s
sys	0m0.094s
02/28/21 01:14:51 066269100  1614446091 token: AAFgOn4JADCwIDnoTmhn-xJEb6oXnhtOZVmqxS6ZSPEM1awJhA5GzDLWWlcI7ieiGqQAZ4KtonU
parse error: Invalid numeric literal at line 1, column 10

real	0m2.088s
user	0m0.078s
sys	0m0.141s
02/28/21 01:14:53 569920600  1614446093 secretPin: 
[WARN] get secretPin error

02/28/21 01:14:54 388402500  1614446094 ç§»åŠ¨ç­¾åˆ°æˆ´å°”å®˜æ–¹æ——èˆ°åº—

real	0m2.154s
user	0m0.016s
sys	0m0.094s
parse error: Invalid numeric literal at line 1, column 10
parse error: Invalid numeric literal at line 1, column 10
parse error: Invalid numeric literal at line 1, column 10
parse error: Invalid numeric literal at line 1, column 10
02/28/21 01:15:12 307290600 1614446112

real	0m4.052s
user	0m0.000s
sys	0m0.047s

real	0m3.208s
user	0m0.016s
sys	0m0.047s
[WARN] get LZ_TOKEN error
02/28/21 01:15:22 873921900  1614446122
use wskey

real	0m4.740s
user	0m0.094s
sys	0m0.109s
02/28/21 01:15:28 257995500  1614446128 token: AAFgOn4vADANuxzcsHUQjU3DRn47F2woazgfU-Vx1K-FuGNA5mLdpslZVCJ9BPq4L_n1aIgTu_g
parse error: Invalid numeric literal at line 1, column 10

real	0m3.459s
user	0m0.125s
sys	0m0.094s
02/28/21 01:15:32 426808000  1614446132 secretPin: 
[WARN] get secretPin error

02/28/21 01:15:32 951742800  1614446132 ç§»åŠ¨ç­¾åˆ°æˆ´å°”å®˜æ–¹æ——èˆ°åº—

real	0m1.232s
user	0m0.031s
sys	0m0.078s
parse error: Invalid numeric literal at line 1, column 10
parse error: Invalid numeric literal at line 1, column 10
parse error: Invalid numeric literal at line 1, column 10
parse error: Invalid numeric literal at line 1, column 10
02/28/21 01:15:51 923544600 1614446151

real	0m3.779s
user	0m0.000s
sys	0m0.078s

real	0m2.242s
user	0m0.063s
sys	0m0.094s
[WARN] get LZ_TOKEN error
02/28/21 01:15:59 926920100  1614446159
use wskey

real	0m2.782s
user	0m0.094s
sys	0m0.094s
02/28/21 01:16:04 681091700  1614446164 token: AAFgOn5SADD7Hz9NjzRuj4CWX6jSQKshVUFJIqVppd5QWT7fPxygfCZ7O83aRkHtLQm0GCK8AgI
parse error: Invalid numeric literal at line 1, column 10

real	0m2.519s
user	0m0.109s
sys	0m0.109s
02/28/21 01:16:07 753787600  1614446167 secretPin: 
[WARN] get secretPin error

02/28/21 01:16:08 377208100  1614446168 ç§»åŠ¨ç­¾åˆ°æˆ´å°”å®˜æ–¹æ——èˆ°åº—

real	0m2.179s
user	0m0.016s
sys	0m0.094s
parse error: Invalid numeric literal at line 1, column 10
parse error: Invalid numeric literal at line 1, column 10
parse error: Invalid numeric literal at line 1, column 10
parse error: Invalid numeric literal at line 1, column 10
02/28/21 01:16:26 758024300 1614446186

real	0m4.581s
user	0m0.000s
sys	0m0.125s

real	0m2.915s
user	0m0.016s
sys	0m0.078s
[WARN] get LZ_TOKEN error
02/28/21 01:16:43 916555400  1614446203
use wskey

real	0m2.751s
user	0m0.109s
sys	0m0.125s
02/28/21 01:16:47 508116600  1614446207 token: AAFgOn5_ADBDR_uyGJUX4vzDLaZ5wOT8RNoxJeyS5by0lgFwcguALYJr70wxFTTk1H9mXMEOq9k
parse error: Invalid numeric literal at line 1, column 10

real	0m2.502s
user	0m0.078s
sys	0m0.094s
02/28/21 01:16:51 473867600  1614446211 secretPin: 
[WARN] get secretPin error

02/28/21 01:16:52 068757200  1614446212 ç§»åŠ¨ç­¾åˆ°æˆ´å°”å®˜æ–¹æ——èˆ°åº—

real	0m2.796s
user	0m0.016s
sys	0m0.094s
parse error: Invalid numeric literal at line 1, column 10
parse error: Invalid numeric literal at line 1, column 10
parse error: Invalid numeric literal at line 1, column 10
parse error: Invalid numeric literal at line 1, column 10
02/28/21 01:17:19 877068000 1614446239

real	0m5.025s
user	0m0.031s
sys	0m0.047s

real	0m3.906s
user	0m0.016s
sys	0m0.063s
[WARN] get LZ_TOKEN error
02/28/21 01:17:32 815877300  1614446252
use wskey

real	0m4.749s
user	0m0.125s
sys	0m0.125s
02/28/21 01:17:38 911814900  1614446258 token: AAFgOn6wADAOVk3ARPrQ51oGFppsV90ykwq-T-7MMedJMAcxe0On7JjpM7Gplr4m4o9VdE90SLA
parse error: Invalid numeric literal at line 1, column 10

real	0m2.568s
user	0m0.063s
sys	0m0.156s
02/28/21 01:17:41 953177800  1614446261 secretPin: 
[WARN] get secretPin error

02/28/21 01:17:42 526068500  1614446262 ç§»åŠ¨ç­¾åˆ°æˆ´å°”å®˜æ–¹æ——èˆ°åº—

real	0m2.617s
user	0m0.031s
sys	0m0.078s
parse error: Invalid numeric literal at line 1, column 10
parse error: Invalid numeric literal at line 1, column 10
parse error: Invalid numeric literal at line 1, column 10
parse error: Invalid numeric literal at line 1, column 10
02/28/21 01:17:55 752822300 1614446275

real	0m4.178s
user	0m0.000s
sys	0m0.047s

real	0m2.300s
user	0m0.078s
sys	0m0.078s
[WARN] get LZ_TOKEN error
02/28/21 01:18:04 814254600  1614446284
use wskey

real	0m2.912s
user	0m0.109s
sys	0m0.094s
02/28/21 01:18:08 637911300  1614446288 token: AAFgOn7PADCRAO9bqwEjbVsR7e2M35cKjvY1NwSk2Cy4RvbZrD9eco3SYA-tOx28aQnP1TIJWgk
parse error: Invalid numeric literal at line 1, column 10

real	0m3.536s
user	0m0.125s
sys	0m0.141s
02/28/21 01:18:13 036323200  1614446293 secretPin: 
[WARN] get secretPin error

02/28/21 01:18:13 713236500  1614446293 ç§»åŠ¨ç­¾åˆ°æˆ´å°”å®˜æ–¹æ——èˆ°åº—

real	0m2.511s
user	0m0.016s
sys	0m0.078s
parse error: Invalid numeric literal at line 1, column 10
parse error: Invalid numeric literal at line 1, column 10
parse error: Invalid numeric literal at line 1, column 10
parse error: Invalid numeric literal at line 1, column 10
02/28/21 01:18:50 167452500 1614446330

real	0m4.632s
user	0m0.000s
sys	0m0.016s

real	0m3.532s
user	0m0.016s
sys	0m0.094s
[WARN] get LZ_TOKEN error
02/28/21 01:19:01 685390200  1614446341
use wskey

real	0m2.661s
user	0m0.109s
sys	0m0.141s
02/28/21 01:19:06 354337500  1614446346 token: AAFgOn8HADDhxrlor6ub6mFAh2vAI5QE-zoSza6P1tS6xHNwhUzLCZgSItMt77BovkCCe5uXsy0
parse error: Invalid numeric literal at line 1, column 10

real	0m5.226s
user	0m0.109s
sys	0m0.109s
02/28/21 01:19:12 329278100  1614446352 secretPin: 
[WARN] get secretPin error

02/28/21 01:19:13 695543200  1614446353 ç§»åŠ¨ç­¾åˆ°æˆ´å°”å®˜æ–¹æ——èˆ°åº—

real	0m3.965s
user	0m0.063s
sys	0m0.063s
parse error: Invalid numeric literal at line 1, column 10
parse error: Invalid numeric literal at line 1, column 10
parse error: Invalid numeric literal at line 1, column 10
parse error: Invalid numeric literal at line 1, column 10
02/28/21 01:19:39 603060700 1614446379

real	0m5.002s
user	0m0.000s
sys	0m0.063s

real	0m3.411s
user	0m0.047s
sys	0m0.063s
[WARN] get LZ_TOKEN error
02/28/21 01:19:51 940167800  1614446391
use wskey

real	0m3.351s
user	0m0.109s
sys	0m0.125s
02/28/21 01:19:56 449392500  1614446396 token: AAFgOn87ADDyxFTh_nfjjyYQaItQFPU4xrGCCKidpg_5u-bIk8gxvALXoVX_ophilZCxS7NV3ok
parse error: Invalid numeric literal at line 1, column 10

real	0m2.632s
user	0m0.125s
sys	0m0.094s
02/28/21 01:19:59 977796200  1614446399 secretPin: 
[WARN] get secretPin error

02/28/21 01:20:01 179045400  1614446401 ç§»åŠ¨ç­¾åˆ°æˆ´å°”å®˜æ–¹æ——èˆ°åº—

real	0m1.960s
user	0m0.031s
sys	0m0.109s
parse error: Invalid numeric literal at line 1, column 10
parse error: Invalid numeric literal at line 1, column 10
parse error: Invalid numeric literal at line 1, column 10
parse error: Invalid numeric literal at line 1, column 10
02/28/21 01:20:25 672735700 1614446425

real	0m4.826s
user	0m0.000s
sys	0m0.047s

real	0m2.046s
user	0m0.047s
sys	0m0.047s
[WARN] get LZ_TOKEN error
02/28/21 01:20:39 735184600  1614446439
use wskey

real	0m3.283s
user	0m0.156s
sys	0m0.078s
02/28/21 01:20:43 766624400  1614446443 token: AAFgOn9qADA-mBoUBht5vsYUiWucGo-pQO4cSNLqyo1tfV_4IYOVlRdKBquF7fDFPDrH2lat4kY
parse error: Invalid numeric literal at line 1, column 10

real	0m4.250s
user	0m0.125s
sys	0m0.109s
02/28/21 01:20:48 888523600  1614446448 secretPin: 
[WARN] get secretPin error

02/28/21 01:20:49 539441400  1614446449 ç§»åŠ¨ç­¾åˆ°æˆ´å°”å®˜æ–¹æ——èˆ°åº—

real	0m2.941s
user	0m0.047s
sys	0m0.094s
parse error: Invalid numeric literal at line 1, column 10
parse error: Invalid numeric literal at line 1, column 10
parse error: Invalid numeric literal at line 1, column 10
parse error: Invalid numeric literal at line 1, column 10
02/28/21 01:21:05 440864700 1614446465

real	0m6.139s
user	0m0.000s
sys	0m0.031s

real	0m3.608s
user	0m0.000s
sys	0m0.141s
[WARN] get LZ_TOKEN error
02/28/21 01:21:16 827702600  1614446476
use wskey

real	0m3.780s
user	0m0.094s
sys	0m0.125s
02/28/21 01:21:21 289406800  1614446481 token: AAFgOn-QADAEP9JO30Y796YnZhVtHcKm9aCMkGpzuk8pgCHgrX33NmjOLtH-S5Ea90PcysIuXEM
parse error: Invalid numeric literal at line 1, column 10

real	0m1.711s
user	0m0.094s
sys	0m0.156s
02/28/21 01:21:23 630993300  1614446483 secretPin: 
[WARN] get secretPin error

02/28/21 01:21:24 414541700  1614446484 ç§»åŠ¨ç­¾åˆ°æˆ´å°”å®˜æ–¹æ——èˆ°åº—

real	0m1.341s
user	0m0.000s
sys	0m0.125s
parse error: Invalid numeric literal at line 1, column 10
parse error: Invalid numeric literal at line 1, column 10
parse error: Invalid numeric literal at line 1, column 10
parse error: Invalid numeric literal at line 1, column 10
02/28/21 01:21:44 993408500 1614446504

real	0m5.131s
user	0m0.000s
sys	0m0.047s

real	0m2.840s
user	0m0.031s
sys	0m0.078s
[WARN] get LZ_TOKEN error
02/28/21 01:21:58 249805500  1614446518
use wskey

real	0m3.448s
user	0m0.141s
sys	0m0.109s
02/28/21 01:22:02 354045500  1614446522 token: AAFgOn-5ADAtTgc6ra2yYPl7LVeFFO56mMBvyPyq-49iAjSjHdZvqdl-FDmVl7Gh1DZRlfmdCso
parse error: Invalid numeric literal at line 1, column 10

real	0m3.345s
user	0m0.125s
sys	0m0.094s
02/28/21 01:22:06 330001300  1614446526 secretPin: 
[WARN] get secretPin error

02/28/21 01:22:07 170962900  1614446527 ç§»åŠ¨ç­¾åˆ°æˆ´å°”å®˜æ–¹æ——èˆ°åº—

real	0m1.640s
user	0m0.016s
sys	0m0.047s
parse error: Invalid numeric literal at line 1, column 10
parse error: Invalid numeric literal at line 1, column 10
parse error: Invalid numeric literal at line 1, column 10
parse error: Invalid numeric literal at line 1, column 10
02/28/21 01:22:22 837848300 1614446542

real	0m5.885s
user	0m0.000s
sys	0m0.031s

real	0m3.039s
user	0m0.031s
sys	0m0.125s
[WARN] get LZ_TOKEN error
02/28/21 01:22:36 675024600  1614446556
use wskey

real	0m3.922s
user	0m0.109s
sys	0m0.125s
02/28/21 01:22:41 537984100  1614446561 token: AAFgOn_gADDDdGhguhB2zm_D--2GFFleU5OyIl9V0sAiekJsxVOvOFvBDVNk9JPZ7vE6hAAHbd4
parse error: Invalid numeric literal at line 1, column 10

real	0m2.813s
user	0m0.094s
sys	0m0.109s
02/28/21 01:22:45 094586600  1614446565 secretPin: 
[WARN] get secretPin error

02/28/21 01:22:45 659175400  1614446565 ç§»åŠ¨ç­¾åˆ°æˆ´å°”å®˜æ–¹æ——èˆ°åº—

real	0m2.593s
user	0m0.031s
sys	0m0.094s
parse error: Invalid numeric literal at line 1, column 10
parse error: Invalid numeric literal at line 1, column 10
parse error: Invalid numeric literal at line 1, column 10
parse error: Invalid numeric literal at line 1, column 10
02/28/21 01:23:00 964991700 1614446580

real	0m5.604s
user	0m0.000s
sys	0m0.031s

real	0m2.093s
user	0m0.047s
sys	0m0.063s
[WARN] get LZ_TOKEN error
02/28/21 01:23:10 056014300  1614446590
use wskey

real	0m2.476s
user	0m0.109s
sys	0m0.156s
02/28/21 01:23:13 049388000  1614446593 token: AAFgOoAAADCQBxURtYJ3Wb2il4JjWL2W25w19BnEE6SbRgRfowiU7N-mSGu53nIa2KApaUszUOA
parse error: Invalid numeric literal at line 1, column 10

real	0m3.074s
user	0m0.141s
sys	0m0.078s
02/28/21 01:23:16 889733700  1614446596 secretPin: 
[WARN] get secretPin error

02/28/21 01:23:17 590300600  1614446597 ç§»åŠ¨ç­¾åˆ°æˆ´å°”å®˜æ–¹æ——èˆ°åº—

real	0m2.426s
user	0m0.031s
sys	0m0.125s
parse error: Invalid numeric literal at line 1, column 10
parse error: Invalid numeric literal at line 1, column 10
parse error: Invalid numeric literal at line 1, column 10
parse error: Invalid numeric literal at line 1, column 10
02/28/21 01:23:29 010453300 1614446609

real	0m7.340s
user	0m0.000s
sys	0m0.047s

real	0m2.791s
user	0m0.016s
sys	0m0.078s
[WARN] get LZ_TOKEN error
02/28/21 01:23:42 865784700  1614446622
use wskey

real	0m2.778s
user	0m0.094s
sys	0m0.078s
02/28/21 01:23:46 607590400  1614446626 token: AAFgOoAhADBg68UGnZfm1ElMisCqBOwoRnXu_1ZbHPv54qXMTb8gc0FhmpY0aaWKqJufD5JZfYg
parse error: Invalid numeric literal at line 1, column 10

real	0m4.569s
user	0m0.125s
sys	0m0.125s
02/28/21 01:23:51 773955800  1614446631 secretPin: 
[WARN] get secretPin error

02/28/21 01:23:52 622988000  1614446632 ç§»åŠ¨ç­¾åˆ°æˆ´å°”å®˜æ–¹æ——èˆ°åº—

real	0m2.380s
user	0m0.047s
sys	0m0.047s
parse error: Invalid numeric literal at line 1, column 10
parse error: Invalid numeric literal at line 1, column 10
parse error: Invalid numeric literal at line 1, column 10
parse error: Invalid numeric literal at line 1, column 10
02/28/21 01:24:05 132486500 1614446645

real	0m7.413s
user	0m0.000s
sys	0m0.031s
02/28/21 01:24:30 338637700  1614446670
parse error: Invalid numeric literal at line 1, column 10
ç­¾åˆ°æ˜¯å¦æˆåŠŸè§£æå¤±è´¥. ä¸å†å†™/home/myid/jd/jd_signup/vender/shop_1613703054_29_delay

ç§»åŠ¨ç­¾åˆ°æˆ´å°”å®˜æ–¹æ——èˆ°åº—æŸ¥çœ‹ç»“æœ
<!DOCTYPE html>
<html>
 <head> 
  <title>äº¬ä¸œ</title> 
  <meta charset="utf-8" /> 
  <meta name="apple-mobile-web-app-capable" content="yes" /> 
  <meta name="viewport" content="width=device-width,initial-scale=1,user-scalable=no,maximum-scale=1,viewport-fit=cover" /> 
  <meta name="format-detection" content="telephone=no" /> 
  <meta name="x5-cache" content="enable" /> 
  <link rel="stylesheet" href="https://storage.360buyimg.com/babel/00162638/333378/production/dev/parser.1526555535098.css?t=20180517191236" /> 
  <style> img {
            opacity: 1 !important;
        } </style> 
  <link href="https://storage.360buyimg.com/babel/00170893/348321/production/dev/index.7320a380.css?t=20180802150952" rel="stylesheet" />
 </head> 
 <body style="background:#fff;" id="root"> 
  <div class="errorPage"> 
  </div> 
  <div class="placeholer"> 
  </div> 
  <script src="https://wl.jd.com/unify.min.js"></script> 
  <script type="text/javascript" src="https://storage.360buyimg.com/babel/00170893/348321/production/dev/index.0f8f4dba.js?t=20180802150952"></script> 
 </body>
</html>

parse error: Invalid numeric literal at line 1, column 10
[0;31;3mRUN  at {280:<--} ERROR CODE: 4[0m [0;31;3m[20210228 01:24:39] [ERROR] [0m

