02/27/21 04:04:22 470462600  1614369862
RANDOM_num: 15
removed '/tmp/tmp.COi1pvnE4Z'
02/27/21 04:04:22 553012600  1614369862
王 今天已经签到过. 签到结果: ok  giftDate: 20210227
***********************************************
7天签到 第 2 天
当天签到奖励 [10店铺积分]
***********************************************

#店铺名称
vendername="海豚传媒自营官方旗舰店"
#店铺激活码
actId="14f003bcc03e444299ad216d4166702d"
#店铺id
venderId="1000004641"
#长链接
url="https://lzkj-isv.isvjcloud.com/sign/sevenDay/signActivity?activityId=14f003bcc03e444299ad216d4166702d&venderId=1000004641&adsource=tg_xuanFuTuBiao"

startTime=1612146180
endTime=1614527940
# 活动时间：2021-02-01 10:23 - 2021-02-28 23:59；
# 奖励说明：
actRule="
7天签到
连续签到1天：6元优惠券
连续签到2天：10店铺积分
连续签到3天：1京豆
连续签到4天：20店铺积分
连续签到5天：2京豆
连续签到6天：30店铺积分
连续签到7天：5京豆
"
#赵 122294312-396444 sign_res
sign_num="2"
giftName=""10店铺积分""
giftRes="ok"
giftDate="20210227"
sign_res_info="7天签到 第 2 天
当天签到奖励 ["10店铺积分"]"
#赵 122294312-396444 sign_res_end
#王 1309893722-164885 sign_res
sign_num="2"
giftName=""10店铺积分""
giftRes="ok"
giftDate="20210227"
sign_res_info="7天签到 第 2 天
当天签到奖励 ["10店铺积分"]"
#王 1309893722-164885 sign_res_end
#肥鹅 jd_4d651d9e48204 sign_res
sign_num=""
giftName=""10店铺积分""
giftRes="ok"
giftDate="20210227"
sign_res_info="7天签到 第  天
当天签到奖励 ["10店铺积分"]"
#肥鹅 jd_4d651d9e48204 sign_res_end
#移动 jd_OeTNobRVGiNZ sign_res
sign_num=""
giftName=""10店铺积分""
giftRes="ok"
giftDate="20210227"
sign_res_info="7天签到 第  天
当天签到奖励 ["10店铺积分"]"
#移动 jd_OeTNobRVGiNZ sign_res_end
