03/09/21 01:17:55 297692500  1615223875
RANDOM_num: 35
removed '/tmp/tmp.qI047tlSbf'
03/09/21 01:17:55 446255200  1615223875 检查赵签到

real	0m0.170s
user	0m0.000s
sys	0m0.063s
lzkj-isv.isvjcloud.com	FALSE	/	FALSE	1615224475	LZ_TOKEN_VALUE	B0oH3vDY2bhHWuKbVaJ+XQ==
lzkj-isv.isvjcloud.com	FALSE	/	FALSE	1615224475	LZ_TOKEN_KEY	lztokenpageb3fe43457c1346b79aeb047df87aa7b5
03/09/21 01:17:55 738395500  1615223875
use pt_key

real	0m0.161s
user	0m0.078s
sys	0m0.109s
03/09/21 01:17:55 930298100  1615223875 token: AAFgRlxDADCDCS-CtGP-40ZTiUX6GhHSV_g1wl_fraqFQYf7dpNM6z1QD_KjMWl447o8G04P_6A

real	0m0.324s
user	0m0.016s
sys	0m0.109s
03/09/21 01:17:56 382889100  1615223876 secretPin: 51S2JqsypB/nfj45frYeoU7oeVP9kq2pYSH90mYt4m3fwcJlClpxrfmVYaGKuquQkdK3rLBQpEQH9V4tdrrh0w==

03/09/21 01:17:56 397599600  1615223876 赵签到歌德老酒行京东自营旗舰店

real	0m0.502s
user	0m0.063s
sys	0m0.047s
{
  "gift": {
    "activityId": null,
    "activityType": null,
    "venderId": null,
    "type": 0,
    "name": null,
    "itemHb": null,
    "id": "20",
    "giftType": "9",
    "giftName": "20积分",
    "giftNum": "20",
    "giftTotal": "10000",
    "giftResidue": null,
    "priceInfo": "0",
    "shortLink": "",
    "orginLink": null,
    "giftInfoId": "20a9d4c7f68e428bbfe989d12868dc80",
    "commonAddAwardVO": null
  },
  "msg": "",
  "isOk": true,
  "isSend": true,
  "key": "klvJNa"
}
true
03/09/21 01:17:57 284889100 1615223877
03/09/21 01:17:57 314215100 1615223877 签到歌德老酒行京东自营旗舰店完成
03/09/21 01:18:32 418777700  1615223912
true
首次签到成功. 写入giftName: "20积分"

***********************************************
2021/03/02_08:00:00  [已~签~到]      
2021/03/03_08:00:00  [已~签~到]      
2021/03/04_08:00:00  [已~签~到]      
2021/03/05_08:00:00  [已~签~到]      
2021/03/06_08:00:00  [已~签~到]      
2021/03/07_08:00:00  [已~签~到]      
2021/03/08_08:00:00  [已~签~到]      
2021/03/09_08:00:00  [已~签~到]      
当天签到奖励 ["20积分"]
连续签到 2 天
签到总天数 8
***********************************************

赵签到歌德老酒行京东自营旗舰店查看结果
{"msg":"","giftLog":{"20210308":"y","20210309":"y","20210304":"y","20210305":"y","20210306":"y","20210307":"y","20210302":"y","20210303":"y"},"isOk":true,"signDetail":{"20210308":"y","20210309":"y","20210304":"y","20210305":"y","20210306":"y","20210307":"y","20210302":"y","20210303":"y"},"followDays":1,"signRecord":{"nicknameShow":null,"id":"47d4d33b85264944890cacbe1d593154","venderId":10133101,"actId":"0e34416861cc4cda8df003189c6a36f0","actName":"签到有礼3","nick":"51S2JqsypB/nfj45frYeoU7oeVP9kq2pYSH90mYt4m3fwcJlClpxrfmVYaGKuquQkdK3rLBQpEQH9V4tdrrh0w==","phone":"","midUrl":null,"pin":"51S2JqsypB/nfj45frYeoU7oeVP9kq2pYSH90mYt4m3fwcJlClpxrfmVYaGKuquQkdK3rLBQpEQH9V4tdrrh0w==","lastSignDate":20210309,"contiSignNum":2,"totalSignNum":8,"createTime":1614696855000,"updateTime":1615223876000,"remark":null}}

{
  "signDetail": {
    "20210308": "y",
    "20210309": "y",
    "20210304": "y",
    "20210305": "y",
    "20210306": "y",
    "20210307": "y",
    "20210302": "y",
    "20210303": "y"
  },
  "contiSignNum": 2,
  "totalSignNum": 8
}

歌德老酒行京东自营旗舰店活动规则
{"msg":"","act":{"id":"0e34416861cc4cda8df003189c6a36f0","jdActivityId":null,"venderId":10133101,"actName":"签到有礼3","startTime":1614332160000,"endTime":1619768219000,"tplId":"0001","deleted":null,"actUrl":"https://lzkj-isv.isvjcloud.com/sign/signActivity2?activityId=0e34416861cc4cda8df003189c6a36f0&venderId=10133101","shortUrl":"3.cn/101-5UuIg","qrcodeUrl":"https://img10.360buyimg.com/imgzone/jfs/t1/165726/9/8192/3618/6038abfeE95038a94/94aac7b131b97ff5.png","actRule":"1、活动时间：2021-02-26 17:36 - 2021-04-30 15:36；
2、符合连续签到赠送条件，则有机会赠送连续签到奖品，同时每日签到奖品不赠送；
3、每日签到，有机会赠送[10积分]；
4、连续签到2天，有机会赠送[20积分]；
5、连续签到3天，有机会赠送[50积分]；
6、连续签到4天，有机会赠送[5京豆]；
7、连续签到5天，有机会赠送[100积分]；
8、连续签到6天，有机会赠送[10京豆]；
9、达到连续签到天数并领取奖品后，签到记录清零，从第1天重新计算；
10、关注店铺后方可参与活动；
11、签到成功后有机会获得奖品，也有可能会与奖品擦肩而过（奖品数量有限，先到先得）；
12、若用户存在刷奖等恶意行为，一经发现将取消抽奖资格（如奖品已经发放，有权追回奖品）；
注：奖品发放形式：
实物奖：
（1）中奖客户信息收集：页面弹屏提示中奖客户提供收货地址、号码和奖项；(超过1小时未填写对应收货信息，视为放弃);
（2）实物奖采取寄送方式发放，获奖用户需在开奖后填写姓名、联系电话、详细地址信息。如因用户原因无法联系上，即奖品作废不再补发，或如用户未填写真实有效的信息或填写收货信息不详，均视为放弃奖品；
虚拟产品奖：
（1）京豆：中奖后系统预计24小时内自动发放至账户；
（2）优惠券：中奖后需手动领取，预计24小时到账；
【活动参与主体资格】
（1）每位自然人用户仅能使用一个京东账号参与活动，微信号、QQ、京东帐号、手机号码等任一信息一致或指向同一用户的，视为同一个用户，则第一个参与本活动的账号参与结果有效，其余账号参与结果均视为无效。
（2）若发现同一位用户使用不同账号重复参与活动，承办方有权取消其获奖资格。
【注意事项】
（1）活动过程中，凡以不正当手段（如作弊领取、恶意套取、刷信誉、虚假交易、扰乱系统、实施网络攻击等）参与本次活动的用户，商家有权终止其参与活动，并取消其获奖资格（如奖品已发放，商家有权追回），如给商家造成损失的，商家将保留向违规用户继续追索的权利。
（2）如遇不可抗力(包括但不限于重大灾害事件、活动受政府机关指令需要停止举办或调整的、活动中存在大面积作弊行为、活动遭受严重网络攻击或因系统故障导致活动中奖名单大批量出错，活动不能正常进行的)，商家有权取消、修改或暂停本活动。
（3）本活动所发放的实物奖不得提现、不得转赠他人、不得为他人付款。
（4）是否中奖以活动发布者后台统计结果为准。
","createTime":1614326782000,"updateTime":1614326782000,"activityType":null,"actTimeStr":"2021-02-26 17:36 至 2021-04-30 15:36","actRange":"all","isFocusShop":"y","giftJson":"{\"gift\":{\"giftInfoId\":\"a8331ddf90584a64baf40349ad6c8c11\",\"giftName\":\"10积分\",\"giftNum\":\"10\",\"giftTotal\":\"10000\",\"giftType\":\"9\",\"id\":\"10\",\"priceInfo\":\"0\",\"shortLink\":\"\",\"type\":0},\"giftConditions\":[{\"dayNum\":\"2\",\"gift\":{\"giftInfoId\":\"20a9d4c7f68e428bbfe989d12868dc80\",\"giftName\":\"20积分\",\"giftNum\":\"20\",\"giftTotal\":\"10000\",\"giftType\":\"9\",\"id\":\"20\",\"priceInfo\":\"0\",\"shortLink\":\"\",\"type\":0}},{\"dayNum\":\"3\",\"gift\":{\"giftInfoId\":\"5c6310b2ba4c425a83d74b31883658c4\",\"giftName\":\"50积分\",\"giftNum\":\"50\",\"giftTotal\":\"10000\",\"giftType\":\"9\",\"id\":\"50\",\"priceInfo\":\"0\",\"shortLink\":\"\",\"type\":0}},{\"dayNum\":\"4\",\"gift\":{\"giftInfoId\":\"7dd0ed95c85f4dc18f73eda566e3b852\",\"giftName\":\"5京豆\",\"giftNum\":\"5\",\"giftTotal\":\"5000\",\"giftType\":\"6\",\"id\":\"1159135\",\"priceInfo\":\"0.05\",\"shortLink\":\"\",\"type\":0}},{\"dayNum\":\"5\",\"gift\":{\"giftInfoId\":\"e90f056471314d8cb80b2a3b6611069f\",\"giftName\":\"100积分\",\"giftNum\":\"100\",\"giftTotal\":\"10000\",\"giftType\":\"9\",\"id\":\"100\",\"priceInfo\":\"0\",\"shortLink\":\"\",\"type\":0}},{\"dayNum\":\"6\",\"gift\":{\"giftInfoId\":\"0ae3da041a8d4be797531cc62814b67c\",\"giftName\":\"10京豆\",\"giftNum\":\"10\",\"giftTotal\":\"5000\",\"giftType\":\"6\",\"id\":\"1156941\",\"priceInfo\":\"0.10\",\"shortLink\":\"\",\"type\":0}}],\"hasGiftEveryDay\":\"y\",\"signType\":\"1\"}","wxSignActivityGiftBean":{"hasGiftEveryDay":"y","gift":{"activityId":null,"activityType":null,"venderId":null,"type":0,"name":null,"itemHb":null,"id":"10","giftType":"9","giftName":"10积分","giftNum":"10","giftTotal":"10000","giftResidue":null,"priceInfo":"0","shortLink":"","orginLink":null,"giftInfoId":"a8331ddf90584a64baf40349ad6c8c11","commonAddAwardVO":null},"signType":"1","giftConditions":[{"dayNum":"2","gift":{"activityId":null,"activityType":null,"venderId":null,"type":0,"name":null,"itemHb":null,"id":"20","giftType":"9","giftName":"20积分","giftNum":"20","giftTotal":"10000","giftResidue":null,"priceInfo":"0","shortLink":"","orginLink":null,"giftInfoId":"20a9d4c7f68e428bbfe989d12868dc80","commonAddAwardVO":null}},{"dayNum":"3","gift":{"activityId":null,"activityType":null,"venderId":null,"type":0,"name":null,"itemHb":null,"id":"50","giftType":"9","giftName":"50积分","giftNum":"50","giftTotal":"10000","giftResidue":null,"priceInfo":"0","shortLink":"","orginLink":null,"giftInfoId":"5c6310b2ba4c425a83d74b31883658c4","commonAddAwardVO":null}},{"dayNum":"4","gift":{"activityId":null,"activityType":null,"venderId":null,"type":0,"name":null,"itemHb":null,"id":"1159135","giftType":"6","giftName":"5京豆","giftNum":"5","giftTotal":"5000","giftResidue":null,"priceInfo":"0.05","shortLink":"","orginLink":null,"giftInfoId":"7dd0ed95c85f4dc18f73eda566e3b852","commonAddAwardVO":null}},{"dayNum":"5","gift":{"activityId":null,"activityType":null,"venderId":null,"type":0,"name":null,"itemHb":null,"id":"100","giftType":"9","giftName":"100积分","giftNum":"100","giftTotal":"10000","giftResidue":null,"priceInfo":"0","shortLink":"","orginLink":null,"giftInfoId":"e90f056471314d8cb80b2a3b6611069f","commonAddAwardVO":null}},{"dayNum":"6","gift":{"activityId":null,"activityType":null,"venderId":null,"type":0,"name":null,"itemHb":null,"id":"1156941","giftType":"6","giftName":"10京豆","giftNum":"10","giftTotal":"5000","giftResidue":null,"priceInfo":"0.10","shortLink":"","orginLink":null,"giftInfoId":"0ae3da041a8d4be797531cc62814b67c","commonAddAwardVO":null}}]},"isShowItems":"y","showItemIds":"10024919771306,47946153462,10024693586261,10024693621232,10021155590564,10021155590563,10021075983206,10021074970413,71793747647,57194906294,10026224129943,10023698679490,10023698555494,72369298177,72369298176,72215002755,72215002754","jmWareVOList":null,"status":"ING"},"isOk":true}

{
  "actUrl": "https://lzkj-isv.isvjcloud.com/sign/signActivity2?activityId=0e34416861cc4cda8df003189c6a36f0&venderId=10133101",
  "shortUrl": "3.cn/101-5UuIg",
  "actRule": "1、活动时间：2021-02-26 17:36 - 2021-04-30 15:36；\n2、符合连续签到赠送条件，则有机会赠送连续签到奖品，同时每日签到奖品不赠送；\n3、每日签到，有机会赠送[10积分]；\n4、连续签到2天，有机会赠送[20积分]；\n5、连续签到3天，有机会赠送[50积分]；\n6、连续签到4天，有机会赠送[5京豆]；\n7、连续签到5天，有机会赠送[100积分]；\n8、连续签到6天，有机会赠送[10京豆]；\n9、达到连续签到天数并领取奖品后，签到记录清零，从第1天重新计算；\n10、关注店铺后方可参与活动；\n11、签到成功后有机会获得奖品，也有可能会与奖品擦肩而过（奖品数量有限，先到先得）；\n12、若用户存在刷奖等恶意行为，一经发现将取消抽奖资格（如奖品已经发放，有权追回奖品）；\n注：奖品发放形式：\n实物奖：\n（1）中奖客户信息收集：页面弹屏提示中奖客户提供收货地址、号码和奖项；(超过1小时未填写对应收货信息，视为放弃);\n（2）实物奖采取寄送方式发放，获奖用户需在开奖后填写姓名、联系电话、详细地址信息。如因用户原因无法联系上，即奖品作废不再补发，或如用户未填写真实有效的信息或填写收货信息不详，均视为放弃奖品；\n虚拟产品奖：\n（1）京豆：中奖后系统预计24小时内自动发放至账户；\n（2）优惠券：中奖后需手动领取，预计24小时到账；\n【活动参与主体资格】\n（1）每位自然人用户仅能使用一个京东账号参与活动，微信号、QQ、京东帐号、手机号码等任一信息一致或指向同一用户的，视为同一个用户，则第一个参与本活动的账号参与结果有效，其余账号参与结果均视为无效。\n（2）若发现同一位用户使用不同账号重复参与活动，承办方有权取消其获奖资格。\n【注意事项】\n（1）活动过程中，凡以不正当手段（如作弊领取、恶意套取、刷信誉、虚假交易、扰乱系统、实施网络攻击等）参与本次活动的用户，商家有权终止其参与活动，并取消其获奖资格（如奖品已发放，商家有权追回），如给商家造成损失的，商家将保留向违规用户继续追索的权利。\n（2）如遇不可抗力(包括但不限于重大灾害事件、活动受政府机关指令需要停止举办或调整的、活动中存在大面积作弊行为、活动遭受严重网络攻击或因系统故障导致活动中奖名单大批量出错，活动不能正常进行的)，商家有权取消、修改或暂停本活动。\n（3）本活动所发放的实物奖不得提现、不得转赠他人、不得为他人付款。\n（4）是否中奖以活动发布者后台统计结果为准。\n"
}
actId=0e34416861cc4cda8df003189c6a36f0
venderId=10133101
startTime=1614332160000
endTime=1619768219000
# 短链接
suo_url="https://3.cn/101-5UuIg"
actTimeStr="2021-02-26 17:36 至 2021-04-30 15:36"
#店铺名称
vendername="歌德老酒行京东自营旗舰店"
# 长链接
url=https://lzkj-isv.isvjcloud.com/sign/signActivity2?activityId=0e34416861cc4cda8df003189c6a36f0&venderId=10133101&sceneval=2&jxsid=16146428113866014329
# 活动时间：2021.02.26 17:36:00 - 2021.04.30 15:36:59
# 奖励说明：
actRule="
连续签到2天：20积分 20积分
连续签到3天：50积分 50积分
连续签到4天：5京豆 5京豆
连续签到5天：100积分 100积分
连续签到6天：10京豆 10京豆
"
#王 1309893722-164885 sign_res
sign_res="
signTime=1614643200;signed=2
signTime=1614729600;signed=2
signTime=1614816000;signed=2
signTime=1614902400;signed=2
signTime=1614988800;signed=2
signTime=1615075200;signed=2
signTime=1615161600;signed=2"
sign_num="1"
sign_total_num="7"
giftName=""10积分""
giftRes="ok"
giftDate="20210308"
sign_res_info="
2021/03/02_08:00:00  [已~签~到]      
2021/03/03_08:00:00  [已~签~到]      
2021/03/04_08:00:00  [已~签~到]      
2021/03/05_08:00:00  [已~签~到]      
2021/03/06_08:00:00  [已~签~到]      
2021/03/07_08:00:00  [已~签~到]      
2021/03/08_08:00:00  [已~签~到]      
当天签到奖励 ["10积分"]
连续签到 1 天
签到总天数 7"
#王 1309893722-164885 sign_res_end
#肥鹅 jd_4d651d9e48204 sign_res
sign_res="
signTime=1614643200;signed=2
signTime=1614729600;signed=2
signTime=1614816000;signed=2
signTime=1614902400;signed=2
signTime=1614988800;signed=2
signTime=1615075200;signed=2
signTime=1615161600;signed=2"
sign_num="1"
sign_total_num="7"
giftName=""10积分""
giftRes="ok"
giftDate="20210308"
sign_res_info="
2021/03/02_08:00:00  [已~签~到]      
2021/03/03_08:00:00  [已~签~到]      
2021/03/04_08:00:00  [已~签~到]      
2021/03/05_08:00:00  [已~签~到]      
2021/03/06_08:00:00  [已~签~到]      
2021/03/07_08:00:00  [已~签~到]      
2021/03/08_08:00:00  [已~签~到]      
当天签到奖励 ["10积分"]
连续签到 1 天
签到总天数 7"
#肥鹅 jd_4d651d9e48204 sign_res_end
#移动 jd_OeTNobRVGiNZ sign_res
sign_res="
"
sign_num="0"
sign_total_num="0"
giftName=""
giftRes=""
giftDate="20210309"
sign_res_info="

当天签到奖励 []
连续签到 0 天
签到总天数 0"
#移动 jd_OeTNobRVGiNZ sign_res_end
#赵 122294312-396444 sign_res
sign_res="
signTime=1614643200;signed=2
signTime=1614729600;signed=2
signTime=1614816000;signed=2
signTime=1614902400;signed=2
signTime=1614988800;signed=2
signTime=1615075200;signed=2
signTime=1615161600;signed=2
signTime=1615248000;signed=2"
sign_num="2"
sign_total_num="8"
giftName=""20积分""
giftRes="ok"
giftDate="20210309"
sign_res_info="
2021/03/02_08:00:00  [已~签~到]      
2021/03/03_08:00:00  [已~签~到]      
2021/03/04_08:00:00  [已~签~到]      
2021/03/05_08:00:00  [已~签~到]      
2021/03/06_08:00:00  [已~签~到]      
2021/03/07_08:00:00  [已~签~到]      
2021/03/08_08:00:00  [已~签~到]      
2021/03/09_08:00:00  [已~签~到]      
当天签到奖励 ["20积分"]
连续签到 2 天
签到总天数 8"
#赵 122294312-396444 sign_res_end
