02/28/21 04:03:23 087493000  1614456203
RANDOM_num: 20
removed '/tmp/tmp.BULQrfbhIM'
02/28/21 04:03:24 354234600  1614456204 æ£€æŸ¥ç§»åŠ¨ç­¾åˆ°

real	0m0.910s
user	0m0.078s
sys	0m0.047s
[WARN] get LZ_TOKEN error
02/28/21 04:03:26 863887700  1614456206
use wskey

real	0m0.879s
user	0m0.063s
sys	0m0.125s
02/28/21 04:03:27 960002300  1614456207 token: AAFgOqWPADAEiZ71RjgwxOA0uAqNsg-ahBWAy2fpRNeb-pcWuA0cklwr2n43akyfoPDHTlY5Q84
parse error: Invalid numeric literal at line 1, column 10

real	0m1.601s
user	0m0.109s
sys	0m0.063s
02/28/21 04:03:29 828217500  1614456209 secretPin: 
[WARN] get secretPin error

02/28/21 04:03:30 024012800  1614456210 ç§»åŠ¨ç­¾åˆ°æ˜“å¼€å¾—å®˜æ–¹äº¬ä¸œè‡ªè¥æ——èˆ°åº—

real	0m1.155s
user	0m0.031s
sys	0m0.063s
parse error: Invalid numeric literal at line 1, column 10
parse error: Invalid numeric literal at line 1, column 10
parse error: Invalid numeric literal at line 1, column 10
parse error: Invalid numeric literal at line 1, column 10
02/28/21 04:03:36 001033200 1614456216

real	0m0.964s
user	0m0.016s
sys	0m0.047s

real	0m1.399s
user	0m0.016s
sys	0m0.078s
[WARN] get LZ_TOKEN error
02/28/21 04:03:39 378441700  1614456219
use wskey

real	0m1.190s
user	0m0.078s
sys	0m0.125s
02/28/21 04:03:40 982103200  1614456220 token: AAFgOqWcADDGcPuf4BwiyrQZysXBk5WY8WT5_KzFUgOUlaPVNAgPjCOhG3YJ3Y8wiiu2k9p8h7Q
parse error: Invalid numeric literal at line 1, column 10

real	0m1.333s
user	0m0.078s
sys	0m0.125s
02/28/21 04:03:42 866984500  1614456222 secretPin: 
[WARN] get secretPin error

02/28/21 04:03:43 351136700  1614456223 ç§»åŠ¨ç­¾åˆ°æ˜“å¼€å¾—å®˜æ–¹äº¬ä¸œè‡ªè¥æ——èˆ°åº—

real	0m1.371s
user	0m0.031s
sys	0m0.078s
parse error: Invalid numeric literal at line 1, column 10
parse error: Invalid numeric literal at line 1, column 10
parse error: Invalid numeric literal at line 1, column 10
parse error: Invalid numeric literal at line 1, column 10
02/28/21 04:03:48 316385800 1614456228

real	0m1.494s
user	0m0.000s
sys	0m0.016s

real	0m1.736s
user	0m0.031s
sys	0m0.063s
[WARN] get LZ_TOKEN error
02/28/21 04:03:52 693348700  1614456232
use wskey

real	0m1.458s
user	0m0.141s
sys	0m0.078s
02/28/21 04:03:54 590249200  1614456234 token: AAFgOqWpADAF8ZaU4EAPIoby9gf2Lj49IN6clXZ03jSuJzZJYjgEAaEHFaZbwee0T7qSESVgGgM
parse error: Invalid numeric literal at line 1, column 10

real	0m1.492s
user	0m0.078s
sys	0m0.125s
02/28/21 04:03:56 623688300  1614456236 secretPin: 
[WARN] get secretPin error

02/28/21 04:03:57 258332200  1614456237 ç§»åŠ¨ç­¾åˆ°æ˜“å¼€å¾—å®˜æ–¹äº¬ä¸œè‡ªè¥æ——èˆ°åº—

real	0m1.605s
user	0m0.047s
sys	0m0.078s
parse error: Invalid numeric literal at line 1, column 10
parse error: Invalid numeric literal at line 1, column 10
parse error: Invalid numeric literal at line 1, column 10
parse error: Invalid numeric literal at line 1, column 10
02/28/21 04:04:03 929189900 1614456243

real	0m1.428s
user	0m0.000s
sys	0m0.016s

real	0m5.674s
user	0m0.031s
sys	0m0.078s
[WARN] get LZ_TOKEN error
02/28/21 04:04:12 392818100  1614456252
use wskey

real	0m2.681s
user	0m0.109s
sys	0m0.078s
02/28/21 04:04:15 697768200  1614456255 token: AAFgOqW-ADD6f-6h8dgNQ7QrqQoZqEy8fa7VMxg8eGzhlpI6-BXPzzLMcUStAsfcB4TqR5n2Ip4
parse error: Invalid numeric literal at line 1, column 10

real	0m1.845s
user	0m0.109s
sys	0m0.094s
02/28/21 04:04:17 814159600  1614456257 secretPin: 
[WARN] get secretPin error

02/28/21 04:04:18 248308000  1614456258 ç§»åŠ¨ç­¾åˆ°æ˜“å¼€å¾—å®˜æ–¹äº¬ä¸œè‡ªè¥æ——èˆ°åº—

real	0m2.434s
user	0m0.031s
sys	0m0.094s
parse error: Invalid numeric literal at line 1, column 10
parse error: Invalid numeric literal at line 1, column 10
parse error: Invalid numeric literal at line 1, column 10
parse error: Invalid numeric literal at line 1, column 10
02/28/21 04:04:26 233349100 1614456266

real	0m2.791s
user	0m0.000s
sys	0m0.000s

real	0m2.632s
user	0m0.047s
sys	0m0.094s
[WARN] get LZ_TOKEN error
02/28/21 04:04:36 188277000  1614456276
use wskey

real	0m1.929s
user	0m0.125s
sys	0m0.109s
02/28/21 04:04:38 584439800  1614456278 token: AAFgOqXVADDSpEkvOJm9MOso-w9UPUfAhvMesw1LCpz_zCD0TfMDCNs7NwE9LObqHOn6yydQ37s
parse error: Invalid numeric literal at line 1, column 10

real	0m2.794s
user	0m0.125s
sys	0m0.094s
02/28/21 04:04:41 931459300  1614456281 secretPin: 
[WARN] get secretPin error

02/28/21 04:04:42 371493400  1614456282 ç§»åŠ¨ç­¾åˆ°æ˜“å¼€å¾—å®˜æ–¹äº¬ä¸œè‡ªè¥æ——èˆ°åº—

real	0m2.145s
user	0m0.063s
sys	0m0.078s
parse error: Invalid numeric literal at line 1, column 10
parse error: Invalid numeric literal at line 1, column 10
parse error: Invalid numeric literal at line 1, column 10
parse error: Invalid numeric literal at line 1, column 10
02/28/21 04:04:51 754821600 1614456291

real	0m2.959s
user	0m0.000s
sys	0m0.016s

real	0m1.765s
user	0m0.016s
sys	0m0.109s
[WARN] get LZ_TOKEN error
02/28/21 04:04:57 807765600  1614456297
use wskey

real	0m3.217s
user	0m0.094s
sys	0m0.156s
02/28/21 04:05:01 566909700  1614456301 token: AAFgOqXsADCh2UV-fAYTXwL9sUKLJY-xuGZjEQxmFsarF24jjMEMehhR2BUu8wGOcgrlz078ZkE
parse error: Invalid numeric literal at line 1, column 10

real	0m3.998s
user	0m0.109s
sys	0m0.063s
02/28/21 04:05:06 315011700  1614456306 secretPin: 
[WARN] get secretPin error

02/28/21 04:05:06 774733900  1614456306 ç§»åŠ¨ç­¾åˆ°æ˜“å¼€å¾—å®˜æ–¹äº¬ä¸œè‡ªè¥æ——èˆ°åº—

real	0m1.826s
user	0m0.031s
sys	0m0.094s
parse error: Invalid numeric literal at line 1, column 10
parse error: Invalid numeric literal at line 1, column 10
parse error: Invalid numeric literal at line 1, column 10
parse error: Invalid numeric literal at line 1, column 10
02/28/21 04:05:16 604764600 1614456316

real	0m2.948s
user	0m0.000s
sys	0m0.047s

real	0m2.527s
user	0m0.031s
sys	0m0.109s
[WARN] get LZ_TOKEN error
02/28/21 04:05:27 051991300  1614456327
use wskey

real	0m2.355s
user	0m0.125s
sys	0m0.156s
02/28/21 04:05:30 051670300  1614456330 token: AAFgOqYJADCyrp1OJfJHIBpi8pWGAY80kBXBenocoyEM6u3LjEZkA5mZ_4XetnR8FWOwjZmJl00
parse error: Invalid numeric literal at line 1, column 10

real	0m2.354s
user	0m0.078s
sys	0m0.156s
02/28/21 04:05:33 968896000  1614456333 secretPin: 
[WARN] get secretPin error

02/28/21 04:05:34 742821600  1614456334 ç§»åŠ¨ç­¾åˆ°æ˜“å¼€å¾—å®˜æ–¹äº¬ä¸œè‡ªè¥æ——èˆ°åº—

real	0m2.376s
user	0m0.031s
sys	0m0.047s
parse error: Invalid numeric literal at line 1, column 10
parse error: Invalid numeric literal at line 1, column 10
parse error: Invalid numeric literal at line 1, column 10
parse error: Invalid numeric literal at line 1, column 10
02/28/21 04:05:44 578230600 1614456344

real	0m3.045s
user	0m0.000s
sys	0m0.047s

real	0m2.606s
user	0m0.047s
sys	0m0.109s
[WARN] get LZ_TOKEN error
02/28/21 04:05:53 806335800  1614456353
use wskey

real	0m3.554s
user	0m0.109s
sys	0m0.109s
02/28/21 04:05:58 056695700  1614456358 token: AAFgOqYlADAxZg02go-LnHOVJVDP4BczhJKOfa7dwgS4L9wjO2-hfvlIOl7IjoVD4_7mPXvi9z4
parse error: Invalid numeric literal at line 1, column 10

real	0m2.836s
user	0m0.078s
sys	0m0.125s
02/28/21 04:06:01 463693100  1614456361 secretPin: 
[WARN] get secretPin error

02/28/21 04:06:02 096233100  1614456362 ç§»åŠ¨ç­¾åˆ°æ˜“å¼€å¾—å®˜æ–¹äº¬ä¸œè‡ªè¥æ——èˆ°åº—

real	0m0.927s
user	0m0.063s
sys	0m0.047s
parse error: Invalid numeric literal at line 1, column 10
parse error: Invalid numeric literal at line 1, column 10
parse error: Invalid numeric literal at line 1, column 10
parse error: Invalid numeric literal at line 1, column 10
02/28/21 04:06:11 482730000 1614456371

real	0m3.594s
user	0m0.000s
sys	0m0.031s

real	0m2.240s
user	0m0.000s
sys	0m0.125s
[WARN] get LZ_TOKEN error
02/28/21 04:06:20 329619000  1614456380
use wskey

real	0m2.030s
user	0m0.109s
sys	0m0.125s
02/28/21 04:06:22 806471700  1614456382 token: AAFgOqY9ADBXp0RjS9LMqQP2V6bBr8OP2A7UahgOINHp7_zeRLlObE27OM7rgbLH1WI9gNuy1g0
parse error: Invalid numeric literal at line 1, column 10

real	0m2.975s
user	0m0.141s
sys	0m0.078s
02/28/21 04:06:26 478603000  1614456386 secretPin: 
[WARN] get secretPin error

02/28/21 04:06:26 990502600  1614456386 ç§»åŠ¨ç­¾åˆ°æ˜“å¼€å¾—å®˜æ–¹äº¬ä¸œè‡ªè¥æ——èˆ°åº—

real	0m1.538s
user	0m0.031s
sys	0m0.094s
parse error: Invalid numeric literal at line 1, column 10
parse error: Invalid numeric literal at line 1, column 10
parse error: Invalid numeric literal at line 1, column 10
parse error: Invalid numeric literal at line 1, column 10
02/28/21 04:06:37 956386300 1614456397

real	0m3.440s
user	0m0.000s
sys	0m0.031s

real	0m2.311s
user	0m0.031s
sys	0m0.094s
[WARN] get LZ_TOKEN error
02/28/21 04:06:46 017807500  1614456406
use wskey

real	0m2.988s
user	0m0.078s
sys	0m0.094s
02/28/21 04:06:49 596695800  1614456409 token: AAFgOqZYADALf8saeZ97Uaf2RLaQWEW5u2blopKL4Su2rzrJuaCHpyG92xkR6MRXHfq5Y6DSB7U
parse error: Invalid numeric literal at line 1, column 10

real	0m3.433s
user	0m0.094s
sys	0m0.125s
02/28/21 04:06:53 784502100  1614456413 secretPin: 
[WARN] get secretPin error

02/28/21 04:06:54 437006700  1614456414 ç§»åŠ¨ç­¾åˆ°æ˜“å¼€å¾—å®˜æ–¹äº¬ä¸œè‡ªè¥æ——èˆ°åº—

real	0m1.813s
user	0m0.016s
sys	0m0.094s
parse error: Invalid numeric literal at line 1, column 10
parse error: Invalid numeric literal at line 1, column 10
parse error: Invalid numeric literal at line 1, column 10
parse error: Invalid numeric literal at line 1, column 10
02/28/21 04:07:05 444660500 1614456425

real	0m3.149s
user	0m0.000s
sys	0m0.031s

real	0m2.520s
user	0m0.047s
sys	0m0.094s
[WARN] get LZ_TOKEN error
02/28/21 04:07:12 541437800  1614456432
use wskey

real	0m2.700s
user	0m0.109s
sys	0m0.078s
02/28/21 04:07:16 149899900  1614456436 token: AAFgOqZyADCKd5ZnuIls-DNyLUAul6aa0Ln5EQXp1Jd6YAT6E5MVf8CfIeDGDvFVKzM6xPGQDYg
parse error: Invalid numeric literal at line 1, column 10

real	0m3.193s
user	0m0.141s
sys	0m0.109s
02/28/21 04:07:20 302703500  1614456440 secretPin: 
[WARN] get secretPin error

02/28/21 04:07:21 063338300  1614456441 ç§»åŠ¨ç­¾åˆ°æ˜“å¼€å¾—å®˜æ–¹äº¬ä¸œè‡ªè¥æ——èˆ°åº—

real	0m1.672s
user	0m0.047s
sys	0m0.047s
parse error: Invalid numeric literal at line 1, column 10
parse error: Invalid numeric literal at line 1, column 10
parse error: Invalid numeric literal at line 1, column 10
parse error: Invalid numeric literal at line 1, column 10
02/28/21 04:07:30 434074400 1614456450

real	0m3.600s
user	0m0.000s
sys	0m0.047s

real	0m2.622s
user	0m0.078s
sys	0m0.063s
[WARN] get LZ_TOKEN error
02/28/21 04:07:40 176889200  1614456460
use wskey

real	0m1.971s
user	0m0.109s
sys	0m0.141s
02/28/21 04:07:43 228476900  1614456463 token: AAFgOqaOADDE0r4Y-a8xL5FXSSbYx6DITWFRPWhBpFvStRyydSH9p3hbJl3rOtSFYq4ApBznrRI
parse error: Invalid numeric literal at line 1, column 10

real	0m4.279s
user	0m0.141s
sys	0m0.063s
02/28/21 04:07:48 345078400  1614456468 secretPin: 
[WARN] get secretPin error

02/28/21 04:07:49 284605200  1614456469 ç§»åŠ¨ç­¾åˆ°æ˜“å¼€å¾—å®˜æ–¹äº¬ä¸œè‡ªè¥æ——èˆ°åº—

real	0m2.120s
user	0m0.016s
sys	0m0.141s
parse error: Invalid numeric literal at line 1, column 10
parse error: Invalid numeric literal at line 1, column 10
parse error: Invalid numeric literal at line 1, column 10
parse error: Invalid numeric literal at line 1, column 10
02/28/21 04:07:58 653788200 1614456478

real	0m3.893s
user	0m0.000s
sys	0m0.031s

real	0m2.967s
user	0m0.047s
sys	0m0.125s
[WARN] get LZ_TOKEN error
02/28/21 04:08:07 248021100  1614456487
use wskey

real	0m2.394s
user	0m0.125s
sys	0m0.156s
02/28/21 04:08:09 957704200  1614456489 token: AAFgOqapADBs5feGA_sDkIff0oil82j0_zaNxjJe2iU7jAi5xxvLLy-iCWNy9yQ3rtfwrdA-9oA
parse error: Invalid numeric literal at line 1, column 10

real	0m2.539s
user	0m0.141s
sys	0m0.109s
02/28/21 04:08:13 153514000  1614456493 secretPin: 
[WARN] get secretPin error

02/28/21 04:08:13 997185500  1614456493 ç§»åŠ¨ç­¾åˆ°æ˜“å¼€å¾—å®˜æ–¹äº¬ä¸œè‡ªè¥æ——èˆ°åº—

real	0m2.047s
user	0m0.016s
sys	0m0.094s
parse error: Invalid numeric literal at line 1, column 10
parse error: Invalid numeric literal at line 1, column 10
parse error: Invalid numeric literal at line 1, column 10
parse error: Invalid numeric literal at line 1, column 10
02/28/21 04:08:24 251618000 1614456504

real	0m4.691s
user	0m0.000s
sys	0m0.047s

real	0m2.545s
user	0m0.047s
sys	0m0.094s
[WARN] get LZ_TOKEN error
02/28/21 04:08:32 646971900  1614456512
use wskey

real	0m3.823s
user	0m0.094s
sys	0m0.094s
02/28/21 04:08:36 921496500  1614456516 token: AAFgOqbEADD7528Gu0MFnNlZ1qqAsntYslPQ_ernWgQuH0W2tcOpUEEC0snAEqqc7bPwNIHGcrY
parse error: Invalid numeric literal at line 1, column 10

real	0m1.954s
user	0m0.141s
sys	0m0.109s
02/28/21 04:08:39 231347100  1614456519 secretPin: 
[WARN] get secretPin error

02/28/21 04:08:39 628904300  1614456519 ç§»åŠ¨ç­¾åˆ°æ˜“å¼€å¾—å®˜æ–¹äº¬ä¸œè‡ªè¥æ——èˆ°åº—

real	0m2.132s
user	0m0.031s
sys	0m0.109s
parse error: Invalid numeric literal at line 1, column 10
parse error: Invalid numeric literal at line 1, column 10
parse error: Invalid numeric literal at line 1, column 10
parse error: Invalid numeric literal at line 1, column 10
02/28/21 04:08:49 675441100 1614456529

real	0m4.684s
user	0m0.000s
sys	0m0.016s

real	0m2.095s
user	0m0.078s
sys	0m0.094s
[WARN] get LZ_TOKEN error
02/28/21 04:08:58 694993700  1614456538
use wskey

real	0m2.983s
user	0m0.109s
sys	0m0.172s
02/28/21 04:09:02 207927600  1614456542 token: AAFgOqbdADCDGzx6sC1OpcAdBXnRlva-4B88-jesHOhkOGQIlDfRoNlTfl_qDXAoyVycrAQcOSY
parse error: Invalid numeric literal at line 1, column 10

real	0m2.872s
user	0m0.109s
sys	0m0.125s
02/28/21 04:09:05 669809200  1614456545 secretPin: 
[WARN] get secretPin error

02/28/21 04:09:06 371281900  1614456546 ç§»åŠ¨ç­¾åˆ°æ˜“å¼€å¾—å®˜æ–¹äº¬ä¸œè‡ªè¥æ——èˆ°åº—

real	0m2.013s
user	0m0.047s
sys	0m0.063s
parse error: Invalid numeric literal at line 1, column 10
parse error: Invalid numeric literal at line 1, column 10
parse error: Invalid numeric literal at line 1, column 10
parse error: Invalid numeric literal at line 1, column 10
02/28/21 04:09:15 894180300 1614456555

real	0m4.894s
user	0m0.000s
sys	0m0.031s

real	0m3.556s
user	0m0.047s
sys	0m0.047s
[WARN] get LZ_TOKEN error
02/28/21 04:09:26 283292600  1614456566
use wskey

real	0m2.048s
user	0m0.156s
sys	0m0.078s
02/28/21 04:09:28 971154000  1614456568 token: AAFgOqb4ADCSPIVOQ9ZdhvJ-WCEmet7d14dJmnPml8ogbSlOs6VZqeT4dglMN18r8VetWLXxxMU
parse error: Invalid numeric literal at line 1, column 10

real	0m1.918s
user	0m0.156s
sys	0m0.094s
02/28/21 04:09:31 277952000  1614456571 secretPin: 
[WARN] get secretPin error

02/28/21 04:09:31 495609300  1614456571 ç§»åŠ¨ç­¾åˆ°æ˜“å¼€å¾—å®˜æ–¹äº¬ä¸œè‡ªè¥æ——èˆ°åº—

real	0m1.552s
user	0m0.031s
sys	0m0.078s
parse error: Invalid numeric literal at line 1, column 10
parse error: Invalid numeric literal at line 1, column 10
parse error: Invalid numeric literal at line 1, column 10
parse error: Invalid numeric literal at line 1, column 10
02/28/21 04:09:38 935487200 1614456578

real	0m5.238s
user	0m0.000s
sys	0m0.016s

real	0m2.524s
user	0m0.031s
sys	0m0.078s
[WARN] get LZ_TOKEN error
02/28/21 04:09:48 403164200  1614456588
use wskey

real	0m2.902s
user	0m0.172s
sys	0m0.109s
02/28/21 04:09:51 994409400  1614456591 token: AAFgOqcOADA474rSmE-7_mlp5Z8CKgcRTpF6j-uijVv2Qo0AESWVDpnAhb-YFjANrvwiUcOR1aA
parse error: Invalid numeric literal at line 1, column 10

real	0m2.282s
user	0m0.063s
sys	0m0.141s
02/28/21 04:09:54 742389500  1614456594 secretPin: 
[WARN] get secretPin error

02/28/21 04:09:55 457798700  1614456595 ç§»åŠ¨ç­¾åˆ°æ˜“å¼€å¾—å®˜æ–¹äº¬ä¸œè‡ªè¥æ——èˆ°åº—

real	0m1.772s
user	0m0.016s
sys	0m0.094s
parse error: Invalid numeric literal at line 1, column 10
parse error: Invalid numeric literal at line 1, column 10
parse error: Invalid numeric literal at line 1, column 10
parse error: Invalid numeric literal at line 1, column 10
02/28/21 04:10:04 330516400 1614456604

real	0m4.589s
user	0m0.016s
sys	0m0.016s

real	0m2.955s
user	0m0.016s
sys	0m0.094s
[WARN] get LZ_TOKEN error
02/28/21 04:10:14 054492900  1614456614
use wskey

real	0m2.374s
user	0m0.094s
sys	0m0.125s
02/28/21 04:10:16 906369800  1614456616 token: AAFgOqcoADDs1Rnz88EeBRmtIfunRtmuV0HtBLn1b_m9lS_UKReuQgkTO0gUMZuelVpAXLUDzlo
parse error: Invalid numeric literal at line 1, column 10

real	0m2.374s
user	0m0.125s
sys	0m0.094s
02/28/21 04:10:20 061681500  1614456620 secretPin: 
[WARN] get secretPin error

02/28/21 04:10:20 534428400  1614456620 ç§»åŠ¨ç­¾åˆ°æ˜“å¼€å¾—å®˜æ–¹äº¬ä¸œè‡ªè¥æ——èˆ°åº—

real	0m1.367s
user	0m0.016s
sys	0m0.078s
parse error: Invalid numeric literal at line 1, column 10
parse error: Invalid numeric literal at line 1, column 10
parse error: Invalid numeric literal at line 1, column 10
parse error: Invalid numeric literal at line 1, column 10
02/28/21 04:10:27 757261000 1614456627

real	0m4.736s
user	0m0.000s
sys	0m0.031s

real	0m2.866s
user	0m0.016s
sys	0m0.125s
[WARN] get LZ_TOKEN error
02/28/21 04:10:37 261669300  1614456637
use wskey

real	0m2.484s
user	0m0.156s
sys	0m0.094s
02/28/21 04:10:40 192695200  1614456640 token: AAFgOqc_ADAMxCrXhUCXwTmHFNW85nmu5M8B31n5zm2F4bEH48De3mt9CwgoZzJsgBACoZn555I
parse error: Invalid numeric literal at line 1, column 10

real	0m2.415s
user	0m0.094s
sys	0m0.125s
02/28/21 04:10:43 053856100  1614456643 secretPin: 
[WARN] get secretPin error

02/28/21 04:10:43 968600200  1614456643 ç§»åŠ¨ç­¾åˆ°æ˜“å¼€å¾—å®˜æ–¹äº¬ä¸œè‡ªè¥æ——èˆ°åº—

real	0m1.559s
user	0m0.016s
sys	0m0.109s
parse error: Invalid numeric literal at line 1, column 10
parse error: Invalid numeric literal at line 1, column 10
parse error: Invalid numeric literal at line 1, column 10
parse error: Invalid numeric literal at line 1, column 10
02/28/21 04:10:51 493318100 1614456651

real	0m5.559s
user	0m0.000s
sys	0m0.078s

real	0m1.422s
user	0m0.031s
sys	0m0.078s
[WARN] get LZ_TOKEN error
02/28/21 04:11:00 070999600  1614456660
use wskey

real	0m1.782s
user	0m0.078s
sys	0m0.094s
02/28/21 04:11:02 469448300  1614456662 token: AAFgOqdVADBYLWj7joNpvzEY2zEB-ZXoFNghZpwJ4Ij9TUYSxjnw1BtNp-9IWxIHnlaVDSmJ6oc
parse error: Invalid numeric literal at line 1, column 10

real	0m3.011s
user	0m0.141s
sys	0m0.094s
02/28/21 04:11:05 816638400  1614456665 secretPin: 
[WARN] get secretPin error

02/28/21 04:11:06 617239100  1614456666 ç§»åŠ¨ç­¾åˆ°æ˜“å¼€å¾—å®˜æ–¹äº¬ä¸œè‡ªè¥æ——èˆ°åº—

real	0m2.566s
user	0m0.016s
sys	0m0.109s
parse error: Invalid numeric literal at line 1, column 10
parse error: Invalid numeric literal at line 1, column 10
parse error: Invalid numeric literal at line 1, column 10
parse error: Invalid numeric literal at line 1, column 10
02/28/21 04:11:14 152668400 1614456674

real	0m5.544s
user	0m0.000s
sys	0m0.016s
02/28/21 04:11:41 162889500  1614456701
parse error: Invalid numeric literal at line 1, column 10
ç­¾åˆ°æ˜¯å¦æˆåŠŸè§£æå¤±è´¥. ä¸å†å†™/home/myid/jd/jd_signup/vender/yikaide_delay

ç§»åŠ¨ç­¾åˆ°æ˜“å¼€å¾—å®˜æ–¹äº¬ä¸œè‡ªè¥æ——èˆ°åº—æŸ¥çœ‹ç»“æœ
<!DOCTYPE html>
<html>
 <head> 
  <title>äº¬ä¸œ</title> 
  <meta charset="utf-8" /> 
  <meta name="apple-mobile-web-app-capable" content="yes" /> 
  <meta name="viewport" content="width=device-width,initial-scale=1,user-scalable=no,maximum-scale=1,viewport-fit=cover" /> 
  <meta name="format-detection" content="telephone=no" /> 
  <meta name="x5-cache" content="enable" /> 
  <link rel="stylesheet" href="https://storage.360buyimg.com/babel/00162638/333378/production/dev/parser.1526555535098.css?t=20180517191236" /> 
  <style> img {
            opacity: 1 !important;
        } </style> 
  <link href="https://storage.360buyimg.com/babel/00170893/348321/production/dev/index.7320a380.css?t=20180802150952" rel="stylesheet" />
 </head> 
 <body style="background:#fff;" id="root"> 
  <div class="errorPage"> 
  </div> 
  <div class="placeholer"> 
  </div> 
  <script src="https://wl.jd.com/unify.min.js"></script> 
  <script type="text/javascript" src="https://storage.360buyimg.com/babel/00170893/348321/production/dev/index.0f8f4dba.js?t=20180802150952"></script> 
 </body>
</html>

parse error: Invalid numeric literal at line 1, column 10
[0;31;3mRUN  at {280:<--} ERROR CODE: 4[0m [0;31;3m[20210228 04:11:45] [ERROR] [0m

