02/24/21 01:08:46 154505600  1614100126
RANDOM_num: 40
removed '/tmp/tmp.9PUUviNeZ9'
02/24/21 01:08:46 255128900  1614100126 检查122294312-396444签到
removed '/tmp/tmp.07MeBa4SWi'
02/24/21 01:08:46 336014200  1614100126 检查1309893722-164885签到

02/24/21 01:08:46 383278600  1614100126 赵签到克雷格旗舰店

real	0m0.167s
user	0m0.047s
sys	0m0.063s
{"code":200,"data":[{"level":4,"prizeList":[{"batchKey":"vender_BA#13c167f2559d4037b928ae26d349fa92","prizeStartTime":1612281600000,"expireType":1,"bindType":1,"discount":10.00,"type":1,"number":10000,"budgetNum":10000,"userPirzeStatus":2,"quota":88.00,"prizeEndTime":1614527999000,"validateDay":2,"class":"com.jd.interact.center.client.api.user.domain.InteractUserPrize","status":2}],"signType":1,"days":4,"class":"com.jd.interact.center.client.api.color.domain.sign.ShopSignInteractUserPrizeRule","userPrizeRuleStatus":2}],"class":"com.jd.interact.center.client.api.common.param.Results","success":true}

02/24/21 01:08:46 646477700  1614100126 王签到克雷格旗舰店

real	0m0.242s
user	0m0.016s
sys	0m0.109s
{"code":200,"data":[],"class":"com.jd.interact.center.client.api.common.param.Results","success":true}
02/24/21 01:08:46 996532100 1614100126
02/24/21 01:08:47 017404400 1614100127 签到克雷格旗舰店完成

02/24/21 01:09:27 097894300  1614100167
赵签到克雷格旗舰店查看结果
200
首次签到成功. 写入giftName: 奖励 10, type=1; 

***********************************************
2021/02/03_00:00:00  2    未签到
2021/02/04_00:00:00  2    未签到
2021/02/05_00:00:00  2    未签到
2021/02/06_00:00:00  2    未签到
2021/02/07_00:00:00  2    未签到
2021/02/08_00:00:00  2    未签到
2021/02/09_00:00:00  2    未签到
2021/02/10_00:00:00  2    未签到
2021/02/11_00:00:00  2    未签到
2021/02/12_00:00:00  2    未签到
2021/02/13_00:00:00  2    未签到
2021/02/14_00:00:00  2    未签到
2021/02/15_00:00:00  2    未签到
2021/02/16_00:00:00  2    未签到
2021/02/17_00:00:00  2    未签到
2021/02/18_00:00:00  2    未签到
2021/02/19_00:00:00  2    未签到
2021/02/20_00:00:00  2    未签到
2021/02/21_01:08:33  2    [已~签~到]
2021/02/22_00:00:02  2    [已~签~到]
2021/02/23_00:00:01  2    [已~签~到]
2021/02/24_01:08:46  1    [已~签~到]
2021/02/25_00:00:00  3    未签到
2021/02/26_00:00:00  3    未签到
2021/02/27_00:00:00  3    未签到
2021/02/28_00:00:00  3    未签到
当天签到奖励 [奖励 10, type=1; ]
已签到 4 天
***********************************************

王签到克雷格旗舰店查看结果
200
首次签到成功. 写入giftName: 

***********************************************
2021/02/03_00:00:00  2    未签到
2021/02/04_00:00:00  2    未签到
2021/02/05_00:00:00  2    未签到
2021/02/06_00:00:00  2    未签到
2021/02/07_00:00:00  2    未签到
2021/02/08_00:00:00  2    未签到
2021/02/09_00:00:00  2    未签到
2021/02/10_00:00:00  2    未签到
2021/02/11_00:00:00  2    未签到
2021/02/12_00:00:00  2    未签到
2021/02/13_00:00:00  2    未签到
2021/02/14_00:00:00  2    未签到
2021/02/15_00:00:00  2    未签到
2021/02/16_00:00:00  2    未签到
2021/02/17_23:09:50  2    [已~签~到]
2021/02/18_00:00:00  2    未签到
2021/02/19_00:00:00  2    未签到
2021/02/20_21:10:08  2    [已~签~到]
2021/02/21_01:08:34  2    [已~签~到]
2021/02/22_00:00:05  2    [已~签~到]
2021/02/23_00:00:04  2    [已~签~到]
2021/02/24_01:08:46  1    [已~签~到]
2021/02/25_00:00:00  3    未签到
2021/02/26_00:00:00  3    未签到
2021/02/27_00:00:00  3    未签到
2021/02/28_00:00:00  3    未签到
当天签到奖励 []
已签到 5 天
***********************************************



赵签到克雷格旗舰店日志
{"code":200,"data":{"signRecords":[{"signTime":1612281600000,"currentDay":2,"signed":1,"class":"com.jd.interact.center.client.api.color.domain.sign.InteractActivityUserActionRecord"},{"signTime":1612368000000,"currentDay":2,"signed":1,"class":"com.jd.interact.center.client.api.color.domain.sign.InteractActivityUserActionRecord"},{"signTime":1612454400000,"currentDay":2,"signed":1,"class":"com.jd.interact.center.client.api.color.domain.sign.InteractActivityUserActionRecord"},{"signTime":1612540800000,"currentDay":2,"signed":1,"class":"com.jd.interact.center.client.api.color.domain.sign.InteractActivityUserActionRecord"},{"signTime":1612627200000,"currentDay":2,"signed":1,"class":"com.jd.interact.center.client.api.color.domain.sign.InteractActivityUserActionRecord"},{"signTime":1612713600000,"currentDay":2,"signed":1,"class":"com.jd.interact.center.client.api.color.domain.sign.InteractActivityUserActionRecord"},{"signTime":1612800000000,"currentDay":2,"signed":1,"class":"com.jd.interact.center.client.api.color.domain.sign.InteractActivityUserActionRecord"},{"signTime":1612886400000,"currentDay":2,"signed":1,"class":"com.jd.interact.center.client.api.color.domain.sign.InteractActivityUserActionRecord"},{"signTime":1612972800000,"currentDay":2,"signed":1,"class":"com.jd.interact.center.client.api.color.domain.sign.InteractActivityUserActionRecord"},{"signTime":1613059200000,"currentDay":2,"signed":1,"class":"com.jd.interact.center.client.api.color.domain.sign.InteractActivityUserActionRecord"},{"signTime":1613145600000,"currentDay":2,"signed":1,"class":"com.jd.interact.center.client.api.color.domain.sign.InteractActivityUserActionRecord"},{"signTime":1613232000000,"currentDay":2,"signed":1,"class":"com.jd.interact.center.client.api.color.domain.sign.InteractActivityUserActionRecord"},{"signTime":1613318400000,"currentDay":2,"signed":1,"class":"com.jd.interact.center.client.api.color.domain.sign.InteractActivityUserActionRecord"},{"signTime":1613404800000,"currentDay":2,"signed":1,"class":"com.jd.interact.center.client.api.color.domain.sign.InteractActivityUserActionRecord"},{"signTime":1613491200000,"currentDay":2,"signed":1,"class":"com.jd.interact.center.client.api.color.domain.sign.InteractActivityUserActionRecord"},{"signTime":1613577600000,"currentDay":2,"signed":1,"class":"com.jd.interact.center.client.api.color.domain.sign.InteractActivityUserActionRecord"},{"signTime":1613664000000,"currentDay":2,"signed":1,"class":"com.jd.interact.center.client.api.color.domain.sign.InteractActivityUserActionRecord"},{"signTime":1613750400000,"currentDay":2,"signed":1,"class":"com.jd.interact.center.client.api.color.domain.sign.InteractActivityUserActionRecord"},{"signTime":1613840913821,"currentDay":2,"signed":2,"class":"com.jd.interact.center.client.api.color.domain.sign.InteractActivityUserActionRecord"},{"signTime":1613923202153,"currentDay":2,"signed":2,"class":"com.jd.interact.center.client.api.color.domain.sign.InteractActivityUserActionRecord"},{"signTime":1614009601893,"currentDay":2,"signed":2,"class":"com.jd.interact.center.client.api.color.domain.sign.InteractActivityUserActionRecord"},{"signTime":1614100126500,"currentDay":1,"signed":2,"class":"com.jd.interact.center.client.api.color.domain.sign.InteractActivityUserActionRecord"},{"signTime":1614182400000,"currentDay":3,"signed":1,"class":"com.jd.interact.center.client.api.color.domain.sign.InteractActivityUserActionRecord"},{"signTime":1614268800000,"currentDay":3,"signed":1,"class":"com.jd.interact.center.client.api.color.domain.sign.InteractActivityUserActionRecord"},{"signTime":1614355200000,"currentDay":3,"signed":1,"class":"com.jd.interact.center.client.api.color.domain.sign.InteractActivityUserActionRecord"},{"signTime":1614441600000,"currentDay":3,"signed":1,"class":"com.jd.interact.center.client.api.color.domain.sign.InteractActivityUserActionRecord"}],"days":4,"class":"com.jd.interact.center.client.api.color.domain.sign.ShopSignUserRecord"},"class":"com.jd.interact.center.client.api.common.param.Results","success":true}
{
  "contiSignNum": 4
}
王签到克雷格旗舰店日志
{"code":200,"data":{"signRecords":[{"signTime":1612281600000,"currentDay":2,"signed":1,"class":"com.jd.interact.center.client.api.color.domain.sign.InteractActivityUserActionRecord"},{"signTime":1612368000000,"currentDay":2,"signed":1,"class":"com.jd.interact.center.client.api.color.domain.sign.InteractActivityUserActionRecord"},{"signTime":1612454400000,"currentDay":2,"signed":1,"class":"com.jd.interact.center.client.api.color.domain.sign.InteractActivityUserActionRecord"},{"signTime":1612540800000,"currentDay":2,"signed":1,"class":"com.jd.interact.center.client.api.color.domain.sign.InteractActivityUserActionRecord"},{"signTime":1612627200000,"currentDay":2,"signed":1,"class":"com.jd.interact.center.client.api.color.domain.sign.InteractActivityUserActionRecord"},{"signTime":1612713600000,"currentDay":2,"signed":1,"class":"com.jd.interact.center.client.api.color.domain.sign.InteractActivityUserActionRecord"},{"signTime":1612800000000,"currentDay":2,"signed":1,"class":"com.jd.interact.center.client.api.color.domain.sign.InteractActivityUserActionRecord"},{"signTime":1612886400000,"currentDay":2,"signed":1,"class":"com.jd.interact.center.client.api.color.domain.sign.InteractActivityUserActionRecord"},{"signTime":1612972800000,"currentDay":2,"signed":1,"class":"com.jd.interact.center.client.api.color.domain.sign.InteractActivityUserActionRecord"},{"signTime":1613059200000,"currentDay":2,"signed":1,"class":"com.jd.interact.center.client.api.color.domain.sign.InteractActivityUserActionRecord"},{"signTime":1613145600000,"currentDay":2,"signed":1,"class":"com.jd.interact.center.client.api.color.domain.sign.InteractActivityUserActionRecord"},{"signTime":1613232000000,"currentDay":2,"signed":1,"class":"com.jd.interact.center.client.api.color.domain.sign.InteractActivityUserActionRecord"},{"signTime":1613318400000,"currentDay":2,"signed":1,"class":"com.jd.interact.center.client.api.color.domain.sign.InteractActivityUserActionRecord"},{"signTime":1613404800000,"currentDay":2,"signed":1,"class":"com.jd.interact.center.client.api.color.domain.sign.InteractActivityUserActionRecord"},{"signTime":1613574590347,"currentDay":2,"signed":2,"class":"com.jd.interact.center.client.api.color.domain.sign.InteractActivityUserActionRecord"},{"signTime":1613577600000,"currentDay":2,"signed":1,"class":"com.jd.interact.center.client.api.color.domain.sign.InteractActivityUserActionRecord"},{"signTime":1613664000000,"currentDay":2,"signed":1,"class":"com.jd.interact.center.client.api.color.domain.sign.InteractActivityUserActionRecord"},{"signTime":1613826608242,"currentDay":2,"signed":2,"class":"com.jd.interact.center.client.api.color.domain.sign.InteractActivityUserActionRecord"},{"signTime":1613840914147,"currentDay":2,"signed":2,"class":"com.jd.interact.center.client.api.color.domain.sign.InteractActivityUserActionRecord"},{"signTime":1613923205029,"currentDay":2,"signed":2,"class":"com.jd.interact.center.client.api.color.domain.sign.InteractActivityUserActionRecord"},{"signTime":1614009604326,"currentDay":2,"signed":2,"class":"com.jd.interact.center.client.api.color.domain.sign.InteractActivityUserActionRecord"},{"signTime":1614100126868,"currentDay":1,"signed":2,"class":"com.jd.interact.center.client.api.color.domain.sign.InteractActivityUserActionRecord"},{"signTime":1614182400000,"currentDay":3,"signed":1,"class":"com.jd.interact.center.client.api.color.domain.sign.InteractActivityUserActionRecord"},{"signTime":1614268800000,"currentDay":3,"signed":1,"class":"com.jd.interact.center.client.api.color.domain.sign.InteractActivityUserActionRecord"},{"signTime":1614355200000,"currentDay":3,"signed":1,"class":"com.jd.interact.center.client.api.color.domain.sign.InteractActivityUserActionRecord"},{"signTime":1614441600000,"currentDay":3,"signed":1,"class":"com.jd.interact.center.client.api.color.domain.sign.InteractActivityUserActionRecord"}],"days":5,"class":"com.jd.interact.center.client.api.color.domain.sign.ShopSignUserRecord"},"class":"com.jd.interact.center.client.api.common.param.Results","success":true}
{
  "contiSignNum": 5
}
# 短链接
suo_url=""
venderId=680028
startTime=1612281600000
endTime=1614527999000
activityId=10264289
token=67B726B7BB649E99843EEA260BBC1552
#店铺名称
vendername="克雷格旗舰店"
# 长链接
url=https://h5.m.jd.com/babelDiy/Zeus/2PAAf74aG3D61qvfKUM5dxUssJQ9/index.html?token=67B726B7BB649E99843EEA260BBC1552
# 活动时间：2021.02.03 00:00:00 - 2021.02.28 23:59:59
# 奖励说明：
actRule="
每日签到：2京豆
连续签到1天：3京豆
连续签到2天：满38-5店铺券
连续签到3天：6京豆
连续签到4天：满88-10店铺券
"
#肥鹅 jd_4d651d9e48204 sign_res
sign_res="
signTime=1612281600;signed=1;currentDay=2
signTime=1612368000;signed=1;currentDay=2
signTime=1612454400;signed=1;currentDay=2
signTime=1612540800;signed=1;currentDay=2
signTime=1612627200;signed=1;currentDay=2
signTime=1612713600;signed=1;currentDay=2
signTime=1612800000;signed=1;currentDay=2
signTime=1612886400;signed=1;currentDay=2
signTime=1612972800;signed=1;currentDay=2
signTime=1613059200;signed=1;currentDay=2
signTime=1613145600;signed=1;currentDay=2
signTime=1613232000;signed=1;currentDay=2
signTime=1613318400;signed=1;currentDay=2
signTime=1613404800;signed=1;currentDay=2
signTime=1613491200;signed=1;currentDay=2
signTime=1613577600;signed=1;currentDay=2
signTime=1613741005;signed=2;currentDay=2
signTime=1613826901;signed=2;currentDay=2
signTime=1613840923;signed=2;currentDay=2
signTime=1613996599;signed=2;currentDay=2
signTime=1614014091;signed=2;currentDay=1
signTime=1614096000;signed=1;currentDay=3
signTime=1614182400;signed=1;currentDay=3
signTime=1614268800;signed=1;currentDay=3
signTime=1614355200;signed=1;currentDay=3
signTime=1614441600;signed=1;currentDay=3"
sign_num="5"
giftName=""
giftRes="ok"
giftDate="20210223"
sign_res_info="
2021/02/03_00:00:00  2    未签到
2021/02/04_00:00:00  2    未签到
2021/02/05_00:00:00  2    未签到
2021/02/06_00:00:00  2    未签到
2021/02/07_00:00:00  2    未签到
2021/02/08_00:00:00  2    未签到
2021/02/09_00:00:00  2    未签到
2021/02/10_00:00:00  2    未签到
2021/02/11_00:00:00  2    未签到
2021/02/12_00:00:00  2    未签到
2021/02/13_00:00:00  2    未签到
2021/02/14_00:00:00  2    未签到
2021/02/15_00:00:00  2    未签到
2021/02/16_00:00:00  2    未签到
2021/02/17_00:00:00  2    未签到
2021/02/18_00:00:00  2    未签到
2021/02/19_21:23:25  2    [已~签~到]
2021/02/20_21:15:01  2    [已~签~到]
2021/02/21_01:08:43  2    [已~签~到]
2021/02/22_20:23:19  2    [已~签~到]
2021/02/23_01:14:51  1    [已~签~到]
2021/02/24_00:00:00  3    未签到
2021/02/25_00:00:00  3    未签到
2021/02/26_00:00:00  3    未签到
2021/02/27_00:00:00  3    未签到
2021/02/28_00:00:00  3    未签到
当天签到奖励 []
已签到 5 天"
#肥鹅 jd_4d651d9e48204 sign_res_end
#移动 jd_OeTNobRVGiNZ sign_res
sign_res="
signTime=1612281600;signed=1;currentDay=2
signTime=1612368000;signed=1;currentDay=2
signTime=1612454400;signed=1;currentDay=2
signTime=1612540800;signed=1;currentDay=2
signTime=1612627200;signed=1;currentDay=2
signTime=1612713600;signed=1;currentDay=2
signTime=1612800000;signed=1;currentDay=2
signTime=1612886400;signed=1;currentDay=2
signTime=1612972800;signed=1;currentDay=2
signTime=1613059200;signed=1;currentDay=2
signTime=1613145600;signed=1;currentDay=2
signTime=1613232000;signed=1;currentDay=2
signTime=1613318400;signed=1;currentDay=2
signTime=1613404800;signed=1;currentDay=2
signTime=1613491200;signed=1;currentDay=2
signTime=1613577600;signed=1;currentDay=2
signTime=1613664000;signed=1;currentDay=2
signTime=1613826901;signed=2;currentDay=2
signTime=1613840923;signed=2;currentDay=2
signTime=1613996599;signed=2;currentDay=2
signTime=1614014092;signed=2;currentDay=1
signTime=1614096000;signed=1;currentDay=3
signTime=1614182400;signed=1;currentDay=3
signTime=1614268800;signed=1;currentDay=3
signTime=1614355200;signed=1;currentDay=3
signTime=1614441600;signed=1;currentDay=3"
sign_num="4"
giftName="奖励 10, type=1; "
giftRes="ok"
giftDate="20210223"
sign_res_info="
2021/02/03_00:00:00  2    未签到
2021/02/04_00:00:00  2    未签到
2021/02/05_00:00:00  2    未签到
2021/02/06_00:00:00  2    未签到
2021/02/07_00:00:00  2    未签到
2021/02/08_00:00:00  2    未签到
2021/02/09_00:00:00  2    未签到
2021/02/10_00:00:00  2    未签到
2021/02/11_00:00:00  2    未签到
2021/02/12_00:00:00  2    未签到
2021/02/13_00:00:00  2    未签到
2021/02/14_00:00:00  2    未签到
2021/02/15_00:00:00  2    未签到
2021/02/16_00:00:00  2    未签到
2021/02/17_00:00:00  2    未签到
2021/02/18_00:00:00  2    未签到
2021/02/19_00:00:00  2    未签到
2021/02/20_21:15:01  2    [已~签~到]
2021/02/21_01:08:43  2    [已~签~到]
2021/02/22_20:23:19  2    [已~签~到]
2021/02/23_01:14:52  1    [已~签~到]
2021/02/24_00:00:00  3    未签到
2021/02/25_00:00:00  3    未签到
2021/02/26_00:00:00  3    未签到
2021/02/27_00:00:00  3    未签到
2021/02/28_00:00:00  3    未签到
当天签到奖励 [奖励 10, type=1; ]
已签到 4 天"
#移动 jd_OeTNobRVGiNZ sign_res_end
#赵 122294312-396444 sign_res
sign_res="
signTime=1612281600;signed=1;currentDay=2
signTime=1612368000;signed=1;currentDay=2
signTime=1612454400;signed=1;currentDay=2
signTime=1612540800;signed=1;currentDay=2
signTime=1612627200;signed=1;currentDay=2
signTime=1612713600;signed=1;currentDay=2
signTime=1612800000;signed=1;currentDay=2
signTime=1612886400;signed=1;currentDay=2
signTime=1612972800;signed=1;currentDay=2
signTime=1613059200;signed=1;currentDay=2
signTime=1613145600;signed=1;currentDay=2
signTime=1613232000;signed=1;currentDay=2
signTime=1613318400;signed=1;currentDay=2
signTime=1613404800;signed=1;currentDay=2
signTime=1613491200;signed=1;currentDay=2
signTime=1613577600;signed=1;currentDay=2
signTime=1613664000;signed=1;currentDay=2
signTime=1613750400;signed=1;currentDay=2
signTime=1613840913;signed=2;currentDay=2
signTime=1613923202;signed=2;currentDay=2
signTime=1614009601;signed=2;currentDay=2
signTime=1614100126;signed=2;currentDay=1
signTime=1614182400;signed=1;currentDay=3
signTime=1614268800;signed=1;currentDay=3
signTime=1614355200;signed=1;currentDay=3
signTime=1614441600;signed=1;currentDay=3"
sign_num="4"
giftName="奖励 10, type=1; "
giftRes="ok"
giftDate="20210224"
sign_res_info="
2021/02/03_00:00:00  2    未签到
2021/02/04_00:00:00  2    未签到
2021/02/05_00:00:00  2    未签到
2021/02/06_00:00:00  2    未签到
2021/02/07_00:00:00  2    未签到
2021/02/08_00:00:00  2    未签到
2021/02/09_00:00:00  2    未签到
2021/02/10_00:00:00  2    未签到
2021/02/11_00:00:00  2    未签到
2021/02/12_00:00:00  2    未签到
2021/02/13_00:00:00  2    未签到
2021/02/14_00:00:00  2    未签到
2021/02/15_00:00:00  2    未签到
2021/02/16_00:00:00  2    未签到
2021/02/17_00:00:00  2    未签到
2021/02/18_00:00:00  2    未签到
2021/02/19_00:00:00  2    未签到
2021/02/20_00:00:00  2    未签到
2021/02/21_01:08:33  2    [已~签~到]
2021/02/22_00:00:02  2    [已~签~到]
2021/02/23_00:00:01  2    [已~签~到]
2021/02/24_01:08:46  1    [已~签~到]
2021/02/25_00:00:00  3    未签到
2021/02/26_00:00:00  3    未签到
2021/02/27_00:00:00  3    未签到
2021/02/28_00:00:00  3    未签到
当天签到奖励 [奖励 10, type=1; ]
已签到 4 天"
#赵 122294312-396444 sign_res_end
#王 1309893722-164885 sign_res
sign_res="
signTime=1612281600;signed=1;currentDay=2
signTime=1612368000;signed=1;currentDay=2
signTime=1612454400;signed=1;currentDay=2
signTime=1612540800;signed=1;currentDay=2
signTime=1612627200;signed=1;currentDay=2
signTime=1612713600;signed=1;currentDay=2
signTime=1612800000;signed=1;currentDay=2
signTime=1612886400;signed=1;currentDay=2
signTime=1612972800;signed=1;currentDay=2
signTime=1613059200;signed=1;currentDay=2
signTime=1613145600;signed=1;currentDay=2
signTime=1613232000;signed=1;currentDay=2
signTime=1613318400;signed=1;currentDay=2
signTime=1613404800;signed=1;currentDay=2
signTime=1613574590;signed=2;currentDay=2
signTime=1613577600;signed=1;currentDay=2
signTime=1613664000;signed=1;currentDay=2
signTime=1613826608;signed=2;currentDay=2
signTime=1613840914;signed=2;currentDay=2
signTime=1613923205;signed=2;currentDay=2
signTime=1614009604;signed=2;currentDay=2
signTime=1614100126;signed=2;currentDay=1
signTime=1614182400;signed=1;currentDay=3
signTime=1614268800;signed=1;currentDay=3
signTime=1614355200;signed=1;currentDay=3
signTime=1614441600;signed=1;currentDay=3"
sign_num="5"
giftName=""
giftRes="ok"
giftDate="20210224"
sign_res_info="
2021/02/03_00:00:00  2    未签到
2021/02/04_00:00:00  2    未签到
2021/02/05_00:00:00  2    未签到
2021/02/06_00:00:00  2    未签到
2021/02/07_00:00:00  2    未签到
2021/02/08_00:00:00  2    未签到
2021/02/09_00:00:00  2    未签到
2021/02/10_00:00:00  2    未签到
2021/02/11_00:00:00  2    未签到
2021/02/12_00:00:00  2    未签到
2021/02/13_00:00:00  2    未签到
2021/02/14_00:00:00  2    未签到
2021/02/15_00:00:00  2    未签到
2021/02/16_00:00:00  2    未签到
2021/02/17_23:09:50  2    [已~签~到]
2021/02/18_00:00:00  2    未签到
2021/02/19_00:00:00  2    未签到
2021/02/20_21:10:08  2    [已~签~到]
2021/02/21_01:08:34  2    [已~签~到]
2021/02/22_00:00:05  2    [已~签~到]
2021/02/23_00:00:04  2    [已~签~到]
2021/02/24_01:08:46  1    [已~签~到]
2021/02/25_00:00:00  3    未签到
2021/02/26_00:00:00  3    未签到
2021/02/27_00:00:00  3    未签到
2021/02/28_00:00:00  3    未签到
当天签到奖励 []
已签到 5 天"
#王 1309893722-164885 sign_res_end
