03/21/21 01:20:03 186119900  1616260803
RANDOM_num: 45
removed '/tmp/tmp.jE5B3xSrDz'
03/21/21 01:20:03 837715200  1616260803 检查赵签到

real	0m0.417s
user	0m0.016s
sys	0m0.078s
lzkj-isv.isvjcloud.com	FALSE	/	FALSE	1616261404	LZ_TOKEN_VALUE	B0oH3vDY2bhHWuKbVaJ+XQ==
lzkj-isv.isvjcloud.com	FALSE	/	FALSE	1616261404	LZ_TOKEN_KEY	lztokenpage66a11f6d89734b50b89e48dcbf3a495f
03/21/21 01:20:04 714580000  1616260804
use pt_key

real	0m0.338s
user	0m0.094s
sys	0m0.078s
03/21/21 01:20:05 127772800  1616260805 token: AAFgVi7FADBXfe7UKhBqN-FuDAxNL2Pg8FQtvOKBv7VOmV90ZJPP7EkeWYLCNEz5DND_QwTxV9k

real	0m0.722s
user	0m0.031s
sys	0m0.109s
03/21/21 01:20:06 235639500  1616260806 secretPin: 51S2JqsypB/nfj45frYeoU7oeVP9kq2pYSH90mYt4m3fwcJlClpxrfmVYaGKuquQkdK3rLBQpEQH9V4tdrrh0w==

03/21/21 01:20:06 296490500  1616260806 赵签到大华存储京东自营旗舰店

real	0m0.365s
user	0m0.016s
sys	0m0.094s
parse error: Invalid numeric literal at line 1, column 10
parse error: Invalid numeric literal at line 1, column 10
parse error: Invalid numeric literal at line 1, column 10
parse error: Invalid numeric literal at line 1, column 10
parse error: Invalid numeric literal at line 1, column 10
03/21/21 01:20:07 865955500 1616260807

real	0m0.507s
user	0m0.000s
sys	0m0.031s

real	0m0.450s
user	0m0.031s
sys	0m0.078s
lzkj-isv.isvjcloud.com	FALSE	/	FALSE	1616261408	LZ_TOKEN_VALUE	B0oH3vDY2bhHWuKbVaJ+XQ==
lzkj-isv.isvjcloud.com	FALSE	/	FALSE	1616261408	LZ_TOKEN_KEY	lztokenpage421dfbcbc6734e109cd5f003d47a074c
03/21/21 01:20:08 973237100  1616260808
use pt_key

real	0m0.337s
user	0m0.094s
sys	0m0.094s
03/21/21 01:20:09 376797900  1616260809 token: AAFgVi7JADCLZXNla3JXkAb8d8ADtC8hBm8dPE5UtPaMM1-Ik6CDzaQ4FvkRMesjRo4xVAb7H-g

real	0m0.655s
user	0m0.016s
sys	0m0.109s
03/21/21 01:20:10 615454200  1616260810 secretPin: 51S2JqsypB/nfj45frYeoU7oeVP9kq2pYSH90mYt4m3fwcJlClpxrfmVYaGKuquQkdK3rLBQpEQH9V4tdrrh0w==

03/21/21 01:20:10 726878800  1616260810 赵签到大华存储京东自营旗舰店

real	0m0.333s
user	0m0.063s
sys	0m0.047s
parse error: Invalid numeric literal at line 1, column 10
parse error: Invalid numeric literal at line 1, column 10
parse error: Invalid numeric literal at line 1, column 10
parse error: Invalid numeric literal at line 1, column 10
parse error: Invalid numeric literal at line 1, column 10
03/21/21 01:20:12 573128600 1616260812

real	0m0.871s
user	0m0.000s
sys	0m0.016s

real	0m0.781s
user	0m0.047s
sys	0m0.078s
lzkj-isv.isvjcloud.com	FALSE	/	FALSE	1616261414	LZ_TOKEN_VALUE	B0oH3vDY2bhHWuKbVaJ+XQ==
lzkj-isv.isvjcloud.com	FALSE	/	FALSE	1616261414	LZ_TOKEN_KEY	lztokenpagef73fc77ac4f34816ae965588ff8870cb
03/21/21 01:20:14 576533500  1616260814
use pt_key

real	0m0.608s
user	0m0.078s
sys	0m0.078s
03/21/21 01:20:15 355756600  1616260815 token: AAFgVi7PADCbfu-lh_Di6--ut4zStrYtHH2rIkfvjLVbj2opfggWwGh5IPwKoB-qHwslWEpJ-rg

real	0m0.783s
user	0m0.016s
sys	0m0.109s
03/21/21 01:20:16 994712100  1616260816 secretPin: 51S2JqsypB/nfj45frYeoU7oeVP9kq2pYSH90mYt4m3fwcJlClpxrfmVYaGKuquQkdK3rLBQpEQH9V4tdrrh0w==

03/21/21 01:20:17 274197700  1616260817 赵签到大华存储京东自营旗舰店

real	0m0.627s
user	0m0.016s
sys	0m0.109s
parse error: Invalid numeric literal at line 1, column 10
parse error: Invalid numeric literal at line 1, column 10
parse error: Invalid numeric literal at line 1, column 10
parse error: Invalid numeric literal at line 1, column 10
parse error: Invalid numeric literal at line 1, column 10
03/21/21 01:20:20 455064900 1616260820

real	0m1.030s
user	0m0.000s
sys	0m0.016s

real	0m0.686s
user	0m0.031s
sys	0m0.047s
lzkj-isv.isvjcloud.com	FALSE	/	FALSE	1616261422	LZ_TOKEN_VALUE	B0oH3vDY2bhHWuKbVaJ+XQ==
lzkj-isv.isvjcloud.com	FALSE	/	FALSE	1616261422	LZ_TOKEN_KEY	lztokenpageb4b3f12b65ae4070b53d2d147d43edd2
03/21/21 01:20:22 736988000  1616260822
use pt_key

real	0m0.462s
user	0m0.078s
sys	0m0.094s
03/21/21 01:20:23 315411300  1616260823 token: AAFgVi7XADDflCJeY4J2PJ0Z97xqvjShyWYSAilst6ZrP18rbfgWUoI6D6YShh14F8qXrmGJZxI

real	0m0.579s
user	0m0.031s
sys	0m0.063s
03/21/21 01:20:24 403747600  1616260824 secretPin: 51S2JqsypB/nfj45frYeoU7oeVP9kq2pYSH90mYt4m3fwcJlClpxrfmVYaGKuquQkdK3rLBQpEQH9V4tdrrh0w==

03/21/21 01:20:24 583052500  1616260824 赵签到大华存储京东自营旗舰店

real	0m0.487s
user	0m0.016s
sys	0m0.047s
parse error: Invalid numeric literal at line 1, column 10
parse error: Invalid numeric literal at line 1, column 10
parse error: Invalid numeric literal at line 1, column 10
parse error: Invalid numeric literal at line 1, column 10
parse error: Invalid numeric literal at line 1, column 10
03/21/21 01:20:26 582944900 1616260826

real	0m0.964s
user	0m0.000s
sys	0m0.016s

real	0m0.762s
user	0m0.031s
sys	0m0.047s
lzkj-isv.isvjcloud.com	FALSE	/	FALSE	1616261428	LZ_TOKEN_VALUE	B0oH3vDY2bhHWuKbVaJ+XQ==
lzkj-isv.isvjcloud.com	FALSE	/	FALSE	1616261428	LZ_TOKEN_KEY	lztokenpage78766eea69814188a8e22ab7365228de
03/21/21 01:20:28 638709500  1616260828
use pt_key

real	0m0.444s
user	0m0.109s
sys	0m0.063s
03/21/21 01:20:29 130729100  1616260829 token: AAFgVi7dADAQDIqKKGpevVuEcj5hqnDFTarQ9CxUF6gatMAqqbHOFmoqHgUgtl9A1U6402Ywin0

real	0m0.503s
user	0m0.031s
sys	0m0.063s
03/21/21 01:20:30 000261200  1616260830 secretPin: 51S2JqsypB/nfj45frYeoU7oeVP9kq2pYSH90mYt4m3fwcJlClpxrfmVYaGKuquQkdK3rLBQpEQH9V4tdrrh0w==

03/21/21 01:20:30 088540100  1616260830 赵签到大华存储京东自营旗舰店

real	0m0.496s
user	0m0.031s
sys	0m0.078s
parse error: Invalid numeric literal at line 1, column 10
parse error: Invalid numeric literal at line 1, column 10
parse error: Invalid numeric literal at line 1, column 10
parse error: Invalid numeric literal at line 1, column 10
parse error: Invalid numeric literal at line 1, column 10
03/21/21 01:20:32 062952200 1616260832

real	0m1.141s
user	0m0.000s
sys	0m0.047s

real	0m1.084s
user	0m0.031s
sys	0m0.141s
lzkj-isv.isvjcloud.com	FALSE	/	FALSE	1616261434	LZ_TOKEN_VALUE	B0oH3vDY2bhHWuKbVaJ+XQ==
lzkj-isv.isvjcloud.com	FALSE	/	FALSE	1616261434	LZ_TOKEN_KEY	lztokenpage5ed1bf90bd9842b28e0b45a24e906dce
03/21/21 01:20:34 736585400  1616260834
use pt_key

real	0m0.695s
user	0m0.125s
sys	0m0.063s
03/21/21 01:20:35 573943700  1616260835 token: AAFgVi7jADCPRgQ3f32u9YDV51omX-buc0FQXiBSO5iklrlMtgRsdnZHTpMGMikTOTywmr1WxHk

real	0m0.595s
user	0m0.047s
sys	0m0.063s
03/21/21 01:20:36 647832700  1616260836 secretPin: 51S2JqsypB/nfj45frYeoU7oeVP9kq2pYSH90mYt4m3fwcJlClpxrfmVYaGKuquQkdK3rLBQpEQH9V4tdrrh0w==

03/21/21 01:20:36 721615600  1616260836 赵签到大华存储京东自营旗舰店

real	0m0.324s
user	0m0.078s
sys	0m0.063s
parse error: Invalid numeric literal at line 1, column 10
parse error: Invalid numeric literal at line 1, column 10
parse error: Invalid numeric literal at line 1, column 10
parse error: Invalid numeric literal at line 1, column 10
parse error: Invalid numeric literal at line 1, column 10
03/21/21 01:20:38 503235900 1616260838

real	0m1.491s
user	0m0.000s
sys	0m0.047s

real	0m0.495s
user	0m0.031s
sys	0m0.063s
lzkj-isv.isvjcloud.com	FALSE	/	FALSE	1616261440	LZ_TOKEN_VALUE	B0oH3vDY2bhHWuKbVaJ+XQ==
lzkj-isv.isvjcloud.com	FALSE	/	FALSE	1616261440	LZ_TOKEN_KEY	lztokenpagece70b8ed1c424eeebd9a6a98934b6a24
03/21/21 01:20:40 758672400  1616260840
use pt_key

real	0m0.509s
user	0m0.125s
sys	0m0.141s
03/21/21 01:20:41 385976700  1616260841 token: AAFgVi7pADB8Qi6BT1lQ8t_rvhViQi0ZWU4924a6kY_Luxfnm9Rr-fXhBt0Lwq6huui43HJ4d3I

real	0m0.489s
user	0m0.031s
sys	0m0.078s
03/21/21 01:20:42 149920000  1616260842 secretPin: 51S2JqsypB/nfj45frYeoU7oeVP9kq2pYSH90mYt4m3fwcJlClpxrfmVYaGKuquQkdK3rLBQpEQH9V4tdrrh0w==

03/21/21 01:20:42 215600300  1616260842 赵签到大华存储京东自营旗舰店

real	0m0.382s
user	0m0.047s
sys	0m0.063s
parse error: Invalid numeric literal at line 1, column 10
parse error: Invalid numeric literal at line 1, column 10
parse error: Invalid numeric literal at line 1, column 10
parse error: Invalid numeric literal at line 1, column 10
parse error: Invalid numeric literal at line 1, column 10
03/21/21 01:20:43 912441000 1616260843

real	0m1.812s
user	0m0.000s
sys	0m0.031s

real	0m0.552s
user	0m0.047s
sys	0m0.094s
lzkj-isv.isvjcloud.com	FALSE	/	FALSE	1616261446	LZ_TOKEN_VALUE	B0oH3vDY2bhHWuKbVaJ+XQ==
lzkj-isv.isvjcloud.com	FALSE	/	FALSE	1616261446	LZ_TOKEN_KEY	lztokenpaged40cd9007d8f4f4ea39ef5876ead80e8
03/21/21 01:20:46 573186300  1616260846
use pt_key

real	0m0.441s
user	0m0.125s
sys	0m0.109s
03/21/21 01:20:47 064677700  1616260847 token: AAFgVi7vADBY32UMzeB4IupByVBQKDM68WMOEpmrjnI3MV3U8I8gQ2bzlnDzVXx9VqxSG4aHA7E

real	0m0.505s
user	0m0.031s
sys	0m0.078s
03/21/21 01:20:47 865858100  1616260847 secretPin: 51S2JqsypB/nfj45frYeoU7oeVP9kq2pYSH90mYt4m3fwcJlClpxrfmVYaGKuquQkdK3rLBQpEQH9V4tdrrh0w==

03/21/21 01:20:47 910424200  1616260847 赵签到大华存储京东自营旗舰店

real	0m0.269s
user	0m0.047s
sys	0m0.047s
parse error: Invalid numeric literal at line 1, column 10
parse error: Invalid numeric literal at line 1, column 10
parse error: Invalid numeric literal at line 1, column 10
parse error: Invalid numeric literal at line 1, column 10
parse error: Invalid numeric literal at line 1, column 10
03/21/21 01:20:49 194727000 1616260849

real	0m1.796s
user	0m0.000s
sys	0m0.016s

real	0m0.579s
user	0m0.031s
sys	0m0.078s
lzkj-isv.isvjcloud.com	FALSE	/	FALSE	1616261451	LZ_TOKEN_VALUE	B0oH3vDY2bhHWuKbVaJ+XQ==
lzkj-isv.isvjcloud.com	FALSE	/	FALSE	1616261451	LZ_TOKEN_KEY	lztokenpage205284404352451ab025985c5f130b32
03/21/21 01:20:51 884315700  1616260851
use pt_key

real	0m0.613s
user	0m0.109s
sys	0m0.094s
03/21/21 01:20:52 588527000  1616260852 token: AAFgVi70ADDp9CpKW7vCtp7JHSoAJumQTRTyyjaL34fPXfWfvUbxyP681n_bbBdvv0iVsrjNDWA

real	0m0.669s
user	0m0.031s
sys	0m0.078s
03/21/21 01:20:53 667851700  1616260853 secretPin: 51S2JqsypB/nfj45frYeoU7oeVP9kq2pYSH90mYt4m3fwcJlClpxrfmVYaGKuquQkdK3rLBQpEQH9V4tdrrh0w==

03/21/21 01:20:53 739840500  1616260853 赵签到大华存储京东自营旗舰店

real	0m0.318s
user	0m0.063s
sys	0m0.063s
parse error: Invalid numeric literal at line 1, column 10
parse error: Invalid numeric literal at line 1, column 10
parse error: Invalid numeric literal at line 1, column 10
parse error: Invalid numeric literal at line 1, column 10
parse error: Invalid numeric literal at line 1, column 10
03/21/21 01:20:55 474300600 1616260855

real	0m2.135s
user	0m0.000s
sys	0m0.031s

real	0m0.534s
user	0m0.031s
sys	0m0.078s
lzkj-isv.isvjcloud.com	FALSE	/	FALSE	1616261458	LZ_TOKEN_VALUE	B0oH3vDY2bhHWuKbVaJ+XQ==
lzkj-isv.isvjcloud.com	FALSE	/	FALSE	1616261458	LZ_TOKEN_KEY	lztokenpageb4450364130841279f1a3e2a6b0e9db7
03/21/21 01:20:58 572996600  1616260858
use pt_key

real	0m0.502s
user	0m0.078s
sys	0m0.094s
03/21/21 01:20:59 190478400  1616260859 token: AAFgVi77ADCuYFKbfX4nkbOyTBhvugqAIj14ra3h7U_0pqXctriNGT7Np1Lkb9MMyXcHSTtf-Zs

real	0m0.624s
user	0m0.031s
sys	0m0.078s
03/21/21 01:21:00 112410100  1616260860 secretPin: 51S2JqsypB/nfj45frYeoU7oeVP9kq2pYSH90mYt4m3fwcJlClpxrfmVYaGKuquQkdK3rLBQpEQH9V4tdrrh0w==

03/21/21 01:21:00 166673300  1616260860 赵签到大华存储京东自营旗舰店

real	0m0.297s
user	0m0.031s
sys	0m0.094s
parse error: Invalid numeric literal at line 1, column 10
parse error: Invalid numeric literal at line 1, column 10
parse error: Invalid numeric literal at line 1, column 10
parse error: Invalid numeric literal at line 1, column 10
parse error: Invalid numeric literal at line 1, column 10
03/21/21 01:21:01 560946500 1616260861

real	0m2.324s
user	0m0.000s
sys	0m0.016s

real	0m0.592s
user	0m0.016s
sys	0m0.125s
lzkj-isv.isvjcloud.com	FALSE	/	FALSE	1616261464	LZ_TOKEN_VALUE	B0oH3vDY2bhHWuKbVaJ+XQ==
lzkj-isv.isvjcloud.com	FALSE	/	FALSE	1616261464	LZ_TOKEN_KEY	lztokenpageeefb22aae65a42729fe822c8d60abdaf
03/21/21 01:21:04 794434900  1616260864
use pt_key

real	0m0.422s
user	0m0.125s
sys	0m0.125s
03/21/21 01:21:05 304772900  1616260865 token: AAFgVi8BADBIWZs7eNrYL_sKszRnoZ1lZlGD-u1A0OYd1tqAkEkUzkerj2T9wYBISWUle5mu8j8

real	0m0.711s
user	0m0.016s
sys	0m0.125s
03/21/21 01:21:06 630256300  1616260866 secretPin: 51S2JqsypB/nfj45frYeoU7oeVP9kq2pYSH90mYt4m3fwcJlClpxrfmVYaGKuquQkdK3rLBQpEQH9V4tdrrh0w==

03/21/21 01:21:06 740563100  1616260866 赵签到大华存储京东自营旗舰店

real	0m0.421s
user	0m0.047s
sys	0m0.063s
parse error: Invalid numeric literal at line 1, column 10
parse error: Invalid numeric literal at line 1, column 10
parse error: Invalid numeric literal at line 1, column 10
parse error: Invalid numeric literal at line 1, column 10
parse error: Invalid numeric literal at line 1, column 10
03/21/21 01:21:08 541234200 1616260868

real	0m2.356s
user	0m0.000s
sys	0m0.016s

real	0m0.491s
user	0m0.016s
sys	0m0.063s
lzkj-isv.isvjcloud.com	FALSE	/	FALSE	1616261471	LZ_TOKEN_VALUE	B0oH3vDY2bhHWuKbVaJ+XQ==
lzkj-isv.isvjcloud.com	FALSE	/	FALSE	1616261471	LZ_TOKEN_KEY	lztokenpageb10e6c55a26449639fb5b59af28fc14a
03/21/21 01:21:11 649018200  1616260871
use pt_key

real	0m0.356s
user	0m0.078s
sys	0m0.109s
03/21/21 01:21:12 072874900  1616260872 token: AAFgVi8HADAUATMw8muk38DN9GymqFvgv9r2D-vGBpt2sSikSO5gkrBocTLyI8NvJboV47oDVyc

real	0m0.554s
user	0m0.078s
sys	0m0.047s
03/21/21 01:21:12 875427100  1616260872 secretPin: 51S2JqsypB/nfj45frYeoU7oeVP9kq2pYSH90mYt4m3fwcJlClpxrfmVYaGKuquQkdK3rLBQpEQH9V4tdrrh0w==

03/21/21 01:21:12 922954400  1616260872 赵签到大华存储京东自营旗舰店

real	0m0.354s
user	0m0.000s
sys	0m0.109s
parse error: Invalid numeric literal at line 1, column 10
parse error: Invalid numeric literal at line 1, column 10
parse error: Invalid numeric literal at line 1, column 10
parse error: Invalid numeric literal at line 1, column 10
parse error: Invalid numeric literal at line 1, column 10
03/21/21 01:21:14 837129400 1616260874

real	0m2.578s
user	0m0.000s
sys	0m0.047s

real	0m0.346s
user	0m0.016s
sys	0m0.063s
lzkj-isv.isvjcloud.com	FALSE	/	FALSE	1616261477	LZ_TOKEN_VALUE	B0oH3vDY2bhHWuKbVaJ+XQ==
lzkj-isv.isvjcloud.com	FALSE	/	FALSE	1616261477	LZ_TOKEN_KEY	lztokenpaged8cc0e7d0e524860adaef51614218224
03/21/21 01:21:17 835670300  1616260877
use pt_key

real	0m0.244s
user	0m0.125s
sys	0m0.094s
03/21/21 01:21:18 150141700  1616260878 token: AAFgVi8OADDg4LnH97VZqg_Ex5_Y3_gak__ai0LijKu0ROBF7wTvIkwiQ6BFrYGxleqnxxluu14

real	0m0.486s
user	0m0.016s
sys	0m0.109s
03/21/21 01:21:18 940321200  1616260878 secretPin: 51S2JqsypB/nfj45frYeoU7oeVP9kq2pYSH90mYt4m3fwcJlClpxrfmVYaGKuquQkdK3rLBQpEQH9V4tdrrh0w==

03/21/21 01:21:19 016626400  1616260879 赵签到大华存储京东自营旗舰店

real	0m0.283s
user	0m0.047s
sys	0m0.109s
parse error: Invalid numeric literal at line 1, column 10
parse error: Invalid numeric literal at line 1, column 10
parse error: Invalid numeric literal at line 1, column 10
parse error: Invalid numeric literal at line 1, column 10
parse error: Invalid numeric literal at line 1, column 10
03/21/21 01:21:20 646964200 1616260880

real	0m2.775s
user	0m0.000s
sys	0m0.047s

real	0m0.320s
user	0m0.016s
sys	0m0.125s
lzkj-isv.isvjcloud.com	FALSE	/	FALSE	1616261483	LZ_TOKEN_VALUE	B0oH3vDY2bhHWuKbVaJ+XQ==
lzkj-isv.isvjcloud.com	FALSE	/	FALSE	1616261483	LZ_TOKEN_KEY	lztokenpage5be32e1fada94fc0ab5b04a434ff21c6
03/21/21 01:21:23 813660700  1616260883
use pt_key

real	0m0.205s
user	0m0.094s
sys	0m0.141s
03/21/21 01:21:24 061442000  1616260884 token: AAFgVi8UADALUeAUwNn6-pogWHdXk8xacJ8DkgHSNrjzMipX2XoZ52r84fSxpRRGbvb7WIUtdh4

real	0m0.430s
user	0m0.031s
sys	0m0.078s
03/21/21 01:21:24 857392000  1616260884 secretPin: 51S2JqsypB/nfj45frYeoU7oeVP9kq2pYSH90mYt4m3fwcJlClpxrfmVYaGKuquQkdK3rLBQpEQH9V4tdrrh0w==

03/21/21 01:21:24 908554300  1616260884 赵签到大华存储京东自营旗舰店

real	0m0.249s
user	0m0.047s
sys	0m0.047s
parse error: Invalid numeric literal at line 1, column 10
parse error: Invalid numeric literal at line 1, column 10
parse error: Invalid numeric literal at line 1, column 10
parse error: Invalid numeric literal at line 1, column 10
parse error: Invalid numeric literal at line 1, column 10
03/21/21 01:21:26 159655900 1616260886

real	0m3.010s
user	0m0.000s
sys	0m0.000s

real	0m0.342s
user	0m0.031s
sys	0m0.063s
lzkj-isv.isvjcloud.com	FALSE	/	FALSE	1616261489	LZ_TOKEN_VALUE	B0oH3vDY2bhHWuKbVaJ+XQ==
lzkj-isv.isvjcloud.com	FALSE	/	FALSE	1616261489	LZ_TOKEN_KEY	lztokenpage945556d875b64cc6bc90ba1b054e552b
03/21/21 01:21:29 648255400  1616260889
use pt_key

real	0m0.270s
user	0m0.078s
sys	0m0.125s
03/21/21 01:21:29 959736500  1616260889 token: AAFgVi8ZADD5HHAOD8IJusP3cQw7CrP3m7BX0hPFLw__b_dNhK5Dg4YOWuya57LZdUYEPuQ87so

real	0m0.426s
user	0m0.016s
sys	0m0.141s
03/21/21 01:21:30 606865700  1616260890 secretPin: 51S2JqsypB/nfj45frYeoU7oeVP9kq2pYSH90mYt4m3fwcJlClpxrfmVYaGKuquQkdK3rLBQpEQH9V4tdrrh0w==

03/21/21 01:21:30 643749100  1616260890 赵签到大华存储京东自营旗舰店

real	0m0.278s
user	0m0.016s
sys	0m0.078s
parse error: Invalid numeric literal at line 1, column 10
parse error: Invalid numeric literal at line 1, column 10
parse error: Invalid numeric literal at line 1, column 10
parse error: Invalid numeric literal at line 1, column 10
parse error: Invalid numeric literal at line 1, column 10
03/21/21 01:21:31 664409600 1616260891

real	0m3.140s
user	0m0.000s
sys	0m0.031s

real	0m0.488s
user	0m0.031s
sys	0m0.094s
lzkj-isv.isvjcloud.com	FALSE	/	FALSE	1616261495	LZ_TOKEN_VALUE	B0oH3vDY2bhHWuKbVaJ+XQ==
lzkj-isv.isvjcloud.com	FALSE	/	FALSE	1616261495	LZ_TOKEN_KEY	lztokenpage1410e239023b4b3b8a6d914e4c341044
03/21/21 01:21:35 422256400  1616260895
use pt_key

real	0m0.303s
user	0m0.141s
sys	0m0.125s
03/21/21 01:21:35 768261500  1616260895 token: AAFgVi8fADBfgZuhvt23P8_yZhG18sq8vVYefEIoLv8OvlsgLP0r6lNOGqVfgkVeffdSNehy-0Q

real	0m0.460s
user	0m0.063s
sys	0m0.125s
03/21/21 01:21:36 522000900  1616260896 secretPin: 51S2JqsypB/nfj45frYeoU7oeVP9kq2pYSH90mYt4m3fwcJlClpxrfmVYaGKuquQkdK3rLBQpEQH9V4tdrrh0w==

03/21/21 01:21:36 564511000  1616260896 赵签到大华存储京东自营旗舰店

real	0m0.215s
user	0m0.000s
sys	0m0.125s
parse error: Invalid numeric literal at line 1, column 10
parse error: Invalid numeric literal at line 1, column 10
parse error: Invalid numeric literal at line 1, column 10
parse error: Invalid numeric literal at line 1, column 10
parse error: Invalid numeric literal at line 1, column 10
03/21/21 01:21:37 673382500 1616260897

real	0m3.270s
user	0m0.016s
sys	0m0.031s

real	0m0.452s
user	0m0.016s
sys	0m0.063s
lzkj-isv.isvjcloud.com	FALSE	/	FALSE	1616261501	LZ_TOKEN_VALUE	B0oH3vDY2bhHWuKbVaJ+XQ==
lzkj-isv.isvjcloud.com	FALSE	/	FALSE	1616261501	LZ_TOKEN_KEY	lztokenpagee8bccd80df404ea0b04dc36cad922eaa
03/21/21 01:21:41 631247200  1616260901
use pt_key

real	0m0.410s
user	0m0.078s
sys	0m0.078s
03/21/21 01:21:42 098184100  1616260902 token: AAFgVi8lADAU4fPCi313PAjmlaeBYXDw_wdNnV2Fna2W5rVw2jTxKoQA7ZFyjJpEpkvVtC5AnGI

real	0m0.529s
user	0m0.000s
sys	0m0.125s
03/21/21 01:21:42 900649300  1616260902 secretPin: 51S2JqsypB/nfj45frYeoU7oeVP9kq2pYSH90mYt4m3fwcJlClpxrfmVYaGKuquQkdK3rLBQpEQH9V4tdrrh0w==

03/21/21 01:21:42 936425000  1616260902 赵签到大华存储京东自营旗舰店

real	0m0.220s
user	0m0.016s
sys	0m0.125s
parse error: Invalid numeric literal at line 1, column 10
parse error: Invalid numeric literal at line 1, column 10
parse error: Invalid numeric literal at line 1, column 10
parse error: Invalid numeric literal at line 1, column 10
parse error: Invalid numeric literal at line 1, column 10
03/21/21 01:21:43 807452300 1616260903

real	0m3.505s
user	0m0.000s
sys	0m0.031s

real	0m0.548s
user	0m0.031s
sys	0m0.078s
lzkj-isv.isvjcloud.com	FALSE	/	FALSE	1616261507	LZ_TOKEN_VALUE	B0oH3vDY2bhHWuKbVaJ+XQ==
lzkj-isv.isvjcloud.com	FALSE	/	FALSE	1616261507	LZ_TOKEN_KEY	lztokenpage02ee837f670e456c97efedc8634dae22
03/21/21 01:21:48 051588800  1616260908
use pt_key

real	0m0.386s
user	0m0.141s
sys	0m0.094s
03/21/21 01:21:48 501035400  1616260908 token: AAFgVi8sADDRyED2Qc_3sdqNAoEp80_rZmx6hDCX0d9Amu9BeLTuWfuttdEyTV_hd-9rjqK00_s

real	0m0.609s
user	0m0.000s
sys	0m0.109s
03/21/21 01:21:49 719280800  1616260909 secretPin: 51S2JqsypB/nfj45frYeoU7oeVP9kq2pYSH90mYt4m3fwcJlClpxrfmVYaGKuquQkdK3rLBQpEQH9V4tdrrh0w==

03/21/21 01:21:49 819092800  1616260909 赵签到大华存储京东自营旗舰店

real	0m0.330s
user	0m0.047s
sys	0m0.063s
parse error: Invalid numeric literal at line 1, column 10
parse error: Invalid numeric literal at line 1, column 10
parse error: Invalid numeric literal at line 1, column 10
parse error: Invalid numeric literal at line 1, column 10
parse error: Invalid numeric literal at line 1, column 10
03/21/21 01:21:50 837881300 1616260910

real	0m3.715s
user	0m0.000s
sys	0m0.031s

real	0m0.343s
user	0m0.063s
sys	0m0.094s
lzkj-isv.isvjcloud.com	FALSE	/	FALSE	1616261514	LZ_TOKEN_VALUE	B0oH3vDY2bhHWuKbVaJ+XQ==
lzkj-isv.isvjcloud.com	FALSE	/	FALSE	1616261514	LZ_TOKEN_KEY	lztokenpagebcbb0119efb54d3fb61f1e86983cbb4d
03/21/21 01:21:55 014607700  1616260915
use pt_key

real	0m0.305s
user	0m0.094s
sys	0m0.156s
03/21/21 01:21:55 390796000  1616260915 token: AAFgVi8zADBcC9uyBf4-r75f4xt9UbK-uGmxYTy18EnXwSyuomDwN4aQJ46sBCbHJrlV6fV_xEM

real	0m0.519s
user	0m0.078s
sys	0m0.094s
03/21/21 01:21:56 418126300  1616260916 secretPin: 51S2JqsypB/nfj45frYeoU7oeVP9kq2pYSH90mYt4m3fwcJlClpxrfmVYaGKuquQkdK3rLBQpEQH9V4tdrrh0w==

03/21/21 01:21:56 482197000  1616260916 赵签到大华存储京东自营旗舰店

real	0m0.434s
user	0m0.031s
sys	0m0.094s
parse error: Invalid numeric literal at line 1, column 10
parse error: Invalid numeric literal at line 1, column 10
parse error: Invalid numeric literal at line 1, column 10
parse error: Invalid numeric literal at line 1, column 10
parse error: Invalid numeric literal at line 1, column 10
03/21/21 01:21:57 589821100 1616260917

real	0m3.887s
user	0m0.000s
sys	0m0.016s

real	0m0.288s
user	0m0.016s
sys	0m0.078s
lzkj-isv.isvjcloud.com	FALSE	/	FALSE	1616261521	LZ_TOKEN_VALUE	B0oH3vDY2bhHWuKbVaJ+XQ==
lzkj-isv.isvjcloud.com	FALSE	/	FALSE	1616261521	LZ_TOKEN_KEY	lztokenpagef2587b34b50c47e0a63ebd17ee9daac2
03/21/21 01:22:01 862380700  1616260921
use pt_key

real	0m0.258s
user	0m0.094s
sys	0m0.078s
03/21/21 01:22:02 167896200  1616260922 token: AAFgVi86ADC3ilTOc8dmu6wMeDug9Iyct7j1o8TwHtWOJx7cB2kmT0KYZKSemCfy1aiaS1OymRc

real	0m1.018s
user	0m0.016s
sys	0m0.063s
03/21/21 01:22:03 706365600  1616260923 secretPin: 51S2JqsypB/nfj45frYeoU7oeVP9kq2pYSH90mYt4m3fwcJlClpxrfmVYaGKuquQkdK3rLBQpEQH9V4tdrrh0w==

03/21/21 01:22:03 782386300  1616260923 赵签到大华存储京东自营旗舰店

real	0m0.338s
user	0m0.031s
sys	0m0.078s
parse error: Invalid numeric literal at line 1, column 10
parse error: Invalid numeric literal at line 1, column 10
parse error: Invalid numeric literal at line 1, column 10
parse error: Invalid numeric literal at line 1, column 10
parse error: Invalid numeric literal at line 1, column 10
03/21/21 01:22:05 102814800 1616260925

real	0m4.063s
user	0m0.000s
sys	0m0.047s
03/21/21 01:24:24 325387100  1616261064
parse error: Invalid numeric literal at line 1, column 10
签到是否成功解析失败. 不再写/home/myid/jd/jd_signup/lzkj_sevenDay_vender/shop_1615906540_12

赵签到大华存储京东自营旗舰店查看结果, 活动规则
{"giftConditions":[{"gift":{"giftInfoId":null,"giftName":"2京豆","venderId":null,"giftType":"6","type":0,"shortLink":"","orginLink":null,"activityId":null,"giftResidue":null,"commonAddAwardVO":null,"name":null,"id":"1178468","activityType":null},"imgUrl":"","giftInfoId":"9ec2402b01714710b42ba09a8388586b","dayNum":"1","showType":"1"},{"gift":{"giftInfoId":null,"giftName":"2京豆","venderId":null,"giftType":"6","type":0,"shortLink":"","orginLink":null,"activityId":null,"giftResidue":null,"commonAddAwardVO":null,"name":null,"id":"1178468","activityType":null},"imgUrl":"","giftInfoId":"ff16bb060ee443978168bc2ff098dfde","dayNum":"2","showType":"1"},{"gift":{"giftInfoId":null,"giftName":"2京豆","venderId":null,"giftType":"6","type":0,"shortLink":"","orginLink":null,"activityId":null,"giftResidue":null,"commonAddAwardVO":null,"name":null,"id":"1178468","activityType":null},"imgUrl":"","giftInfoId":"a6f04bb15639481080cb9e5fa42cad3f","dayNum":"3","showType":"1"},{"gift":{"giftInfoId":null,"giftName":"2京豆","venderId":null,"giftType":"6","type":0,"shortLink":"","orginLink":null,"activityId":null,"giftResidue":null,"commonAddAwardVO":null,"name":null,"id":"1178468","activityType":null},"imgUrl":"","giftInfoId":"16b84f3836a64b8fbb9fed6aa92fdc11","dayNum":"4","showType":"1"},{"gift":{"giftInfoId":null,"giftName":"2京豆","venderId":null,"giftType":"6","type":0,"shortLink":"","orginLink":null,"activityId":null,"giftResidue":null,"commonAddAwardVO":null,"name":null,"id":"1178468","activityType":null},"imgUrl":"","giftInfoId":"46d2dfc436814fa0a73b8a85bc3a966a","dayNum":"5","showType":"1"},{"gift":{"giftInfoId":null,"giftName":"2京豆","venderId":null,"giftType":"6","type":0,"shortLink":"","orginLink":null,"activityId":null,"giftResidue":null,"commonAddAwardVO":null,"name":null,"id":"1178468","activityType":null},"imgUrl":"","giftInfoId":"a8a9c9fb75b24b70bc787379b7b2fbf4","dayNum":"6","showType":"1"},{"gift":{"giftInfoId":null,"giftName":"5京豆","venderId":null,"giftType":"6","type":0,"shortLink":"","orginLink":null,"activityId":null,"giftResidue":null,"commonAddAwardVO":null,"name":null,"id":"1178468","activityType":null},"imgUrl":"","giftInfoId":"afee56974f614b0baf482fb24837fdcf","dayNum":"7","showType":"1"}],"msg":"","isOk":true,"isOver":"n","contiSignDays":5,"actRule":"1、活动时间：2021-02-19 18:15 - 2021-03-06 18:15；
2、关注店铺后方可参与活动；
3、符合连续签到赠送条件，则有机会赠送连续签到奖品；
4、连续签到7天后，清零可重新开始；
5、第1天签到，有机会赠送2京豆；
6、第2天签到，有机会赠送2京豆；
7、第3天签到，有机会赠送2京豆；
8、第4天签到，有机会赠送2京豆；
9、第5天签到，有机会赠送2京豆；
10、第6天签到，有机会赠送2京豆；
11、第7天签到，有机会赠送5京豆；
12、签到成功后有机会获得奖品，也有可能会与奖品擦肩而过（奖品数量有限，先到先得）；
13、若用户存在刷奖等恶意行为，一经发现将取消抽奖资格（如奖品已经发放，有权追回奖品）；
注：奖品发放形式：
实物奖：
（1）中奖客户信息收集：页面弹屏提示中奖客户提供收货地址、号码和奖项；(超过1小时未填写对应收货信息，视为放弃);
（2）实物奖采取寄送方式发放，获奖用户需在开奖后填写姓名、联系电话、详细地址信息。如因用户原因无法联系上，即奖品作废不再补发，或如用户未填写真实有效的信息或填写收货信息不详，均视为放弃奖品；
虚拟产品奖：
（1）京豆：中奖后系统预计24小时内自动发放至账户；
（2）优惠券：中奖后需手动领取，预计24小时到账；
【活动参与主体资格】
（1）每位自然人用户仅能使用一个京东账号参与活动，微信号、QQ、京东帐号、手机号码等任一信息一致或指向同一用户的，视为同一个用户，则第一个参与本活动的账号参与结果有效，其余账号参与结果均视为无效。
（2）若发现同一位用户使用不同账号重复参与活动，承办方有权取消其获奖资格。
【注意事项】
（1）活动过程中，凡以不正当手段（如作弊领取、恶意套取、刷信誉、虚假交易、扰乱系统、实施网络攻击等）参与本次活动的用户，商家有权终止其参与活动，并取消其获奖资格（如奖品已发放，商家有权追回），如给商家造成损失的，商家将保留向违规用户继续追索的权利。
（2）如遇不可抗力(包括但不限于重大灾害事件、活动受政府机关指令需要停止举办或调整的、活动中存在大面积作弊行为、活动遭受严重网络攻击或因系统故障导致活动中奖名单大批量出错，活动不能正常进行的)，商家有权取消、修改或暂停本活动。
（3）本活动所发放的实物奖不得提现、不得转赠他人、不得为他人付款。
（4）是否中奖以活动发布者后台统计结果为准。
","followDays":0,"isSign":"n"}

#店铺名称
vendername="大华存储京东自营旗舰店"
#店铺激活码
actId="44c15a16fe2b4747aab27ee9a6996f95"
#店铺id
venderId="1000335265"
#长链接
url="https://lzkj-isv.isvjcloud.com/sign/sevenDay/signActivity?activityId=44c15a16fe2b4747aab27ee9a6996f95&venderId=1000335265"

startTime=1613729700
endTime=1615025700
# 活动时间：2021-02-19 18:15 - 2021-03-06 18:15；
# 奖励说明：
actRule="
7天签到
连续签到1天：2京豆
连续签到2天：2京豆
连续签到3天：2京豆
连续签到4天：2京豆
连续签到5天：2京豆
连续签到6天：2京豆
连续签到7天：5京豆
"
#赵 122294312-396444 sign_res
sign_num="5"
giftName=""2京豆""
giftRes="ok"
giftDate="20210320"
sign_res_info="7天签到 第 5 天
当天签到奖励 ["2京豆"]"
#赵 122294312-396444 sign_res_end
#王 1309893722-164885 sign_res
sign_num="5"
giftName=""2京豆""
giftRes="ok"
giftDate="20210320"
sign_res_info="7天签到 第 5 天
当天签到奖励 ["2京豆"]"
#王 1309893722-164885 sign_res_end
#肥鹅 jd_4d651d9e48204 sign_res
sign_num="5"
giftName=""2京豆""
giftRes="ok"
giftDate="20210320"
sign_res_info="7天签到 第 5 天
当天签到奖励 ["2京豆"]"
#肥鹅 jd_4d651d9e48204 sign_res_end
#移动 jd_OeTNobRVGiNZ sign_res
sign_num="0"
giftName=""
giftRes=""
giftDate="20210321"
sign_res_info="7天签到 第 0 天
当天签到奖励 []"
#移动 jd_OeTNobRVGiNZ sign_res_end
