03/05/21 02:05:05 987920200  1614881105
RANDOM_num: 25
removed '/tmp/tmp.wOfkCkzVmu'
03/05/21 02:05:06 173376300  1614881106 检查王签到

real	0m0.239s
user	0m0.078s
sys	0m0.063s
[WARN] get LZ_TOKEN error
03/05/21 02:05:06 611474400  1614881106
use pt_key

real	0m0.234s
user	0m0.125s
sys	0m0.094s
03/05/21 02:05:06 907095800  1614881106 token: AAFgQSFSADCC1ere6jdwQbsZgt-DSeumf1t0QqoYNx_ZjOZpGLsafApsYPGKWoisKP5k87Yqu6s

real	0m0.176s
user	0m0.031s
sys	0m0.047s
parse error: Invalid numeric literal at line 1, column 10
03/05/21 02:05:07 248427500  1614881107 secretPin: 
[WARN] get secretPin error

03/05/21 02:05:07 269150000  1614881107 王签到帮宝适京东自营官方旗舰店

real	0m0.122s
user	0m0.047s
sys	0m0.063s
parse error: Invalid numeric literal at line 1, column 10
parse error: Invalid numeric literal at line 1, column 10
parse error: Invalid numeric literal at line 1, column 10
parse error: Invalid numeric literal at line 1, column 10
parse error: Invalid numeric literal at line 1, column 10
03/05/21 02:05:08 076029700 1614881108

real	0m0.305s
user	0m0.000s
sys	0m0.016s

real	0m0.203s
user	0m0.047s
sys	0m0.063s
[WARN] get LZ_TOKEN error
03/05/21 02:05:08 728193200  1614881108
use pt_key

real	0m0.457s
user	0m0.156s
sys	0m0.172s
03/05/21 02:05:09 242486600  1614881109 token: AAFgQSFVADCAHFl9HYW8Sp2F2w8tnpnHUBjm0zogKssy9ewiMi7fF1VN522BIMFmOh4tEQ29nXc

real	0m0.739s
user	0m0.031s
sys	0m0.125s
parse error: Invalid numeric literal at line 1, column 10
03/05/21 02:05:10 400119900  1614881110 secretPin: 
[WARN] get secretPin error

03/05/21 02:05:10 449969500  1614881110 王签到帮宝适京东自营官方旗舰店

real	0m0.291s
user	0m0.047s
sys	0m0.063s
parse error: Invalid numeric literal at line 1, column 10
parse error: Invalid numeric literal at line 1, column 10
parse error: Invalid numeric literal at line 1, column 10
parse error: Invalid numeric literal at line 1, column 10
parse error: Invalid numeric literal at line 1, column 10
03/05/21 02:05:11 923636900 1614881111

real	0m0.725s
user	0m0.000s
sys	0m0.063s

real	0m0.628s
user	0m0.016s
sys	0m0.078s
[WARN] get LZ_TOKEN error
03/05/21 02:05:13 487454300  1614881113
use pt_key

real	0m0.230s
user	0m0.063s
sys	0m0.094s
03/05/21 02:05:13 757908200  1614881113 token: AAFgQSFZADDMiTkUxFcYCU6rIDLkYx_okqCJHRi01TroLTvqd3dn-S6wvAwffjFiGtkv4ng-T_I

real	0m2.696s
user	0m0.016s
sys	0m0.094s
parse error: Invalid numeric literal at line 1, column 10
03/05/21 02:05:17 189351800  1614881117 secretPin: 
[WARN] get secretPin error

03/05/21 02:05:17 335714300  1614881117 王签到帮宝适京东自营官方旗舰店

real	0m0.486s
user	0m0.047s
sys	0m0.047s
parse error: Invalid numeric literal at line 1, column 10
parse error: Invalid numeric literal at line 1, column 10
parse error: Invalid numeric literal at line 1, column 10
parse error: Invalid numeric literal at line 1, column 10
parse error: Invalid numeric literal at line 1, column 10
03/05/21 02:05:19 879330100 1614881119

real	0m1.151s
user	0m0.000s
sys	0m0.063s

real	0m0.770s
user	0m0.016s
sys	0m0.063s
[WARN] get LZ_TOKEN error
03/05/21 02:05:22 184987100  1614881122
use pt_key

real	0m0.649s
user	0m0.109s
sys	0m0.078s
03/05/21 02:05:22 996694400  1614881122 token: AAFgQSFiADAgEu4O2str3WGIxpbUMgmpmJJhaFW8EWH71wPe25uvEasCcW0w1T6sulrIfTERPAU

real	0m0.547s
user	0m0.047s
sys	0m0.063s
parse error: Invalid numeric literal at line 1, column 10
03/05/21 02:05:24 403955200  1614881124 secretPin: 
[WARN] get secretPin error

03/05/21 02:05:24 858349400  1614881124 王签到帮宝适京东自营官方旗舰店

real	0m0.853s
user	0m0.031s
sys	0m0.125s
parse error: Invalid numeric literal at line 1, column 10
parse error: Invalid numeric literal at line 1, column 10
parse error: Invalid numeric literal at line 1, column 10
parse error: Invalid numeric literal at line 1, column 10
parse error: Invalid numeric literal at line 1, column 10
03/05/21 02:05:28 752944400 1614881128

real	0m1.578s
user	0m0.000s
sys	0m0.016s

real	0m1.101s
user	0m0.047s
sys	0m0.125s
[WARN] get LZ_TOKEN error
03/05/21 02:05:32 087845000  1614881132
use pt_key

real	0m0.712s
user	0m0.078s
sys	0m0.109s
03/05/21 02:05:33 083271600  1614881133 token: AAFgQSFsADDacUCw8n2aIyqxHV1JWJMEVf3rq0-HMdzkvnwO9aywoH-cZOBByx0Z6icWwDS4WwY

real	0m0.859s
user	0m0.031s
sys	0m0.094s
parse error: Invalid numeric literal at line 1, column 10
03/05/21 02:05:35 244682900  1614881135 secretPin: 
[WARN] get secretPin error

03/05/21 02:05:35 404430000  1614881135 王签到帮宝适京东自营官方旗舰店

real	0m1.166s
user	0m0.047s
sys	0m0.094s
parse error: Invalid numeric literal at line 1, column 10
parse error: Invalid numeric literal at line 1, column 10
parse error: Invalid numeric literal at line 1, column 10
parse error: Invalid numeric literal at line 1, column 10
parse error: Invalid numeric literal at line 1, column 10
03/05/21 02:05:40 440436300 1614881140

real	0m2.096s
user	0m0.000s
sys	0m0.047s

real	0m1.483s
user	0m0.016s
sys	0m0.094s
[WARN] get LZ_TOKEN error
03/05/21 02:05:44 908735700  1614881144
use pt_key

real	0m1.082s
user	0m0.063s
sys	0m0.109s
03/05/21 02:05:46 253544600  1614881146 token: AAFgQSF6ADBH2PVbek5ZZua2ZFaXBU0eOJiZHLcX1246N-HiyYgIDcPYSjnH-eF5Umit6qCsmXU

real	0m1.000s
user	0m0.047s
sys	0m0.063s
parse error: Invalid numeric literal at line 1, column 10
03/05/21 02:05:48 458164300  1614881148 secretPin: 
[WARN] get secretPin error

03/05/21 02:05:48 662263200  1614881148 王签到帮宝适京东自营官方旗舰店

real	0m1.093s
user	0m0.063s
sys	0m0.063s
parse error: Invalid numeric literal at line 1, column 10
parse error: Invalid numeric literal at line 1, column 10
parse error: Invalid numeric literal at line 1, column 10
parse error: Invalid numeric literal at line 1, column 10
parse error: Invalid numeric literal at line 1, column 10
03/05/21 02:05:53 058572400 1614881153

real	0m2.013s
user	0m0.000s
sys	0m0.078s

real	0m0.984s
user	0m0.016s
sys	0m0.078s
[WARN] get LZ_TOKEN error
03/05/21 02:05:56 616700400  1614881156
use pt_key

real	0m1.124s
user	0m0.125s
sys	0m0.125s
03/05/21 02:05:58 008867200  1614881158 token: AAFgQSGFADCa1EzlC7o-1uN3H1i1Dbx7BBT3Migj7YgxevzViv3FrnXZHlMpXUZVLwo_wBQmMQs

real	0m1.031s
user	0m0.031s
sys	0m0.063s
parse error: Invalid numeric literal at line 1, column 10
03/05/21 02:06:00 286460800  1614881160 secretPin: 
[WARN] get secretPin error

03/05/21 02:06:00 662502600  1614881160 王签到帮宝适京东自营官方旗舰店

real	0m0.872s
user	0m0.047s
sys	0m0.078s
parse error: Invalid numeric literal at line 1, column 10
parse error: Invalid numeric literal at line 1, column 10
parse error: Invalid numeric literal at line 1, column 10
parse error: Invalid numeric literal at line 1, column 10
parse error: Invalid numeric literal at line 1, column 10
03/05/21 02:06:04 666552100 1614881164

real	0m2.041s
user	0m0.000s
sys	0m0.031s

real	0m1.157s
user	0m0.016s
sys	0m0.109s
[WARN] get LZ_TOKEN error
03/05/21 02:06:08 594003300  1614881168
use pt_key

real	0m0.932s
user	0m0.125s
sys	0m0.094s
03/05/21 02:06:10 715898600  1614881170 token: AAFgQSGRADDMQcaXx-JWazcimfxPKvVKazQW-4AontfA4UZ8iJOB-E0bNlDBevGlok5cywhFCVM

real	0m0.763s
user	0m0.016s
sys	0m0.078s
parse error: Invalid numeric literal at line 1, column 10
03/05/21 02:06:12 804324200  1614881172 secretPin: 
[WARN] get secretPin error

03/05/21 02:06:13 178148900  1614881173 王签到帮宝适京东自营官方旗舰店

real	0m0.545s
user	0m0.016s
sys	0m0.063s
parse error: Invalid numeric literal at line 1, column 10
parse error: Invalid numeric literal at line 1, column 10
parse error: Invalid numeric literal at line 1, column 10
parse error: Invalid numeric literal at line 1, column 10
parse error: Invalid numeric literal at line 1, column 10
03/05/21 02:06:16 960837000 1614881176

real	0m2.184s
user	0m0.000s
sys	0m0.047s

real	0m0.938s
user	0m0.000s
sys	0m0.094s
[WARN] get LZ_TOKEN error
03/05/21 02:06:20 612727500  1614881180
use pt_key

real	0m0.968s
user	0m0.078s
sys	0m0.109s
03/05/21 02:06:21 972604600  1614881181 token: AAFgQSGdADAdyl4AeS38EWFNOZn_feAMf51w1VgtL63_ec8RAKuOygQVWFK3bCt1ophsyWxSQhU

real	0m1.078s
user	0m0.031s
sys	0m0.109s
parse error: Invalid numeric literal at line 1, column 10
03/05/21 02:06:24 432008800  1614881184 secretPin: 
[WARN] get secretPin error

03/05/21 02:06:24 778895100  1614881184 王签到帮宝适京东自营官方旗舰店

real	0m0.866s
user	0m0.031s
sys	0m0.094s
parse error: Invalid numeric literal at line 1, column 10
parse error: Invalid numeric literal at line 1, column 10
parse error: Invalid numeric literal at line 1, column 10
parse error: Invalid numeric literal at line 1, column 10
parse error: Invalid numeric literal at line 1, column 10
03/05/21 02:06:29 463926700 1614881189

real	0m2.865s
user	0m0.000s
sys	0m0.063s

real	0m1.059s
user	0m0.031s
sys	0m0.094s
[WARN] get LZ_TOKEN error
03/05/21 02:06:34 063754400  1614881194
use pt_key

real	0m1.461s
user	0m0.109s
sys	0m0.172s
03/05/21 02:06:35 770553400  1614881195 token: AAFgQSGrADA4RDixcHOXDTloml6kaTWH1uWufRWvN4OBkkn3Hx7wSnkS34i3TwLuZEvc02EwdHU

real	0m0.948s
user	0m0.047s
sys	0m0.063s
parse error: Invalid numeric literal at line 1, column 10
03/05/21 02:06:38 431286100  1614881198 secretPin: 
[WARN] get secretPin error

03/05/21 02:06:38 832348700  1614881198 王签到帮宝适京东自营官方旗舰店

real	0m0.775s
user	0m0.031s
sys	0m0.094s
parse error: Invalid numeric literal at line 1, column 10
parse error: Invalid numeric literal at line 1, column 10
parse error: Invalid numeric literal at line 1, column 10
parse error: Invalid numeric literal at line 1, column 10
parse error: Invalid numeric literal at line 1, column 10
03/05/21 02:06:45 150780400 1614881205

real	0m2.802s
user	0m0.000s
sys	0m0.000s

real	0m1.160s
user	0m0.047s
sys	0m0.063s
[WARN] get LZ_TOKEN error
03/05/21 02:06:49 834035500  1614881209
use pt_key

real	0m1.055s
user	0m0.125s
sys	0m0.125s
03/05/21 02:06:51 342631700  1614881211 token: AAFgQSG6ADAnLckTRgJSGXmMysl2KIrDsQrFKdoKI7BJ3TBAcw_F8_Vm_81lEXunvJ6wA3-dVZM

real	0m1.033s
user	0m0.031s
sys	0m0.063s
parse error: Invalid numeric literal at line 1, column 10
03/05/21 02:06:53 743796300  1614881213 secretPin: 
[WARN] get secretPin error

03/05/21 02:06:54 234821600  1614881214 王签到帮宝适京东自营官方旗舰店

real	0m1.214s
user	0m0.031s
sys	0m0.125s
parse error: Invalid numeric literal at line 1, column 10
parse error: Invalid numeric literal at line 1, column 10
parse error: Invalid numeric literal at line 1, column 10
parse error: Invalid numeric literal at line 1, column 10
parse error: Invalid numeric literal at line 1, column 10
03/05/21 02:07:00 589376800 1614881220

real	0m3.531s
user	0m0.016s
sys	0m0.031s

real	0m1.379s
user	0m0.047s
sys	0m0.094s
[WARN] get LZ_TOKEN error
03/05/21 02:07:06 116898700  1614881226
use pt_key

real	0m1.062s
user	0m0.109s
sys	0m0.156s
03/05/21 02:07:07 353314200  1614881227 token: AAFgQSHKADAUK2YXKd9onpMZ3h4u1iY03l6jtJBx-SOXrsKaYyPhnxu5qR0Dmerk84g00OZKnxE

real	0m1.112s
user	0m0.016s
sys	0m0.125s
parse error: Invalid numeric literal at line 1, column 10
03/05/21 02:07:10 663868800  1614881230 secretPin: 
[WARN] get secretPin error

03/05/21 02:07:11 111672300  1614881231 王签到帮宝适京东自营官方旗舰店

real	0m1.413s
user	0m0.047s
sys	0m0.078s
parse error: Invalid numeric literal at line 1, column 10
parse error: Invalid numeric literal at line 1, column 10
parse error: Invalid numeric literal at line 1, column 10
parse error: Invalid numeric literal at line 1, column 10
parse error: Invalid numeric literal at line 1, column 10
03/05/21 02:07:17 097160800 1614881237

real	0m3.424s
user	0m0.000s
sys	0m0.031s

real	0m1.288s
user	0m0.016s
sys	0m0.078s
[WARN] get LZ_TOKEN error
03/05/21 02:07:22 397462500  1614881242
use pt_key

real	0m0.985s
user	0m0.109s
sys	0m0.109s
03/05/21 02:07:23 624827600  1614881243 token: AAFgQSHbADC9XZUT_bMyO4_WHgeQNfBSdB96JbQ2dPoBLpFl8HIe_rUjaFmPPUtC7YySDqiUixc

real	0m1.053s
user	0m0.016s
sys	0m0.141s
parse error: Invalid numeric literal at line 1, column 10
03/05/21 02:07:26 109543400  1614881246 secretPin: 
[WARN] get secretPin error

03/05/21 02:07:26 552414600  1614881246 王签到帮宝适京东自营官方旗舰店

real	0m1.005s
user	0m0.016s
sys	0m0.063s
parse error: Invalid numeric literal at line 1, column 10
parse error: Invalid numeric literal at line 1, column 10
parse error: Invalid numeric literal at line 1, column 10
parse error: Invalid numeric literal at line 1, column 10
parse error: Invalid numeric literal at line 1, column 10
03/05/21 02:07:30 597216000 1614881250

real	0m3.406s
user	0m0.016s
sys	0m0.031s

real	0m1.117s
user	0m0.016s
sys	0m0.094s
[WARN] get LZ_TOKEN error
03/05/21 02:07:35 757282800  1614881255
use pt_key

real	0m0.891s
user	0m0.094s
sys	0m0.109s
03/05/21 02:07:36 923041400  1614881256 token: AAFgQSHoADChvjfFNGq_qXjzyldRTZ-tvQT3esuJgNdtd4eOmwtCGL6DsgHM4G1UKI9t-WkjmBI

real	0m0.833s
user	0m0.016s
sys	0m0.094s
parse error: Invalid numeric literal at line 1, column 10
03/05/21 02:07:38 801001800  1614881258 secretPin: 
[WARN] get secretPin error

03/05/21 02:07:39 073080500  1614881259 王签到帮宝适京东自营官方旗舰店

real	0m0.415s
user	0m0.031s
sys	0m0.109s
parse error: Invalid numeric literal at line 1, column 10
parse error: Invalid numeric literal at line 1, column 10
parse error: Invalid numeric literal at line 1, column 10
parse error: Invalid numeric literal at line 1, column 10
parse error: Invalid numeric literal at line 1, column 10
03/05/21 02:07:43 514501200 1614881263

real	0m3.529s
user	0m0.000s
sys	0m0.047s

real	0m1.004s
user	0m0.047s
sys	0m0.063s
[WARN] get LZ_TOKEN error
03/05/21 02:07:48 623402100  1614881268
use pt_key

real	0m1.099s
user	0m0.141s
sys	0m0.109s
03/05/21 02:07:50 127295800  1614881270 token: AAFgQSH1ADC7Hxwq1FHHbtYvoA8ze_1jv4YxEUPVm2v3otRT_RiqZTGH2xjVXMqkw8Q6g2wTkUQ

real	0m0.803s
user	0m0.031s
sys	0m0.109s
parse error: Invalid numeric literal at line 1, column 10
03/05/21 02:07:52 414680100  1614881272 secretPin: 
[WARN] get secretPin error

03/05/21 02:07:52 652952100  1614881272 王签到帮宝适京东自营官方旗舰店

real	0m0.914s
user	0m0.047s
sys	0m0.063s
parse error: Invalid numeric literal at line 1, column 10
parse error: Invalid numeric literal at line 1, column 10
parse error: Invalid numeric literal at line 1, column 10
parse error: Invalid numeric literal at line 1, column 10
parse error: Invalid numeric literal at line 1, column 10
03/05/21 02:07:56 875205800 1614881276

real	0m3.665s
user	0m0.000s
sys	0m0.078s

real	0m0.865s
user	0m0.031s
sys	0m0.063s
[WARN] get LZ_TOKEN error
03/05/21 02:08:01 921630300  1614881281
use pt_key

real	0m0.872s
user	0m0.063s
sys	0m0.109s
03/05/21 02:08:02 893526100  1614881282 token: AAFgQSICADAbQePJSs212k40b9-Ym5cj2FqGz2BpHMnyYXr9dRzLA7SYLSLrwuGyoTzQIhzckEg

real	0m0.759s
user	0m0.031s
sys	0m0.109s
parse error: Invalid numeric literal at line 1, column 10
03/05/21 02:08:04 863590200  1614881284 secretPin: 
[WARN] get secretPin error

03/05/21 02:08:05 062768800  1614881285 王签到帮宝适京东自营官方旗舰店

real	0m0.682s
user	0m0.047s
sys	0m0.109s
parse error: Invalid numeric literal at line 1, column 10
parse error: Invalid numeric literal at line 1, column 10
parse error: Invalid numeric literal at line 1, column 10
parse error: Invalid numeric literal at line 1, column 10
parse error: Invalid numeric literal at line 1, column 10
03/05/21 02:08:08 970614000 1614881288

real	0m3.835s
user	0m0.000s
sys	0m0.047s

real	0m0.889s
user	0m0.016s
sys	0m0.109s
[WARN] get LZ_TOKEN error
03/05/21 02:08:14 488578300  1614881294
use pt_key

real	0m1.008s
user	0m0.109s
sys	0m0.125s
03/05/21 02:08:15 750725700  1614881295 token: AAFgQSIPADADjaYywi5rWkx9uYHBL2pz1HQ9cXRS6FFmHwBFddhYh2pHknDaASfHPxbe9NIFZSw

real	0m0.710s
user	0m0.047s
sys	0m0.078s
parse error: Invalid numeric literal at line 1, column 10
03/05/21 02:08:17 165713700  1614881297 secretPin: 
[WARN] get secretPin error

03/05/21 02:08:17 294810000  1614881297 王签到帮宝适京东自营官方旗舰店

real	0m0.576s
user	0m0.016s
sys	0m0.125s
parse error: Invalid numeric literal at line 1, column 10
parse error: Invalid numeric literal at line 1, column 10
parse error: Invalid numeric literal at line 1, column 10
parse error: Invalid numeric literal at line 1, column 10
parse error: Invalid numeric literal at line 1, column 10
03/05/21 02:08:21 511753100 1614881301

real	0m4.497s
user	0m0.000s
sys	0m0.047s

real	0m0.742s
user	0m0.063s
sys	0m0.047s
[WARN] get LZ_TOKEN error
03/05/21 02:08:27 517541800  1614881307
use pt_key

real	0m1.093s
user	0m0.094s
sys	0m0.109s
03/05/21 02:08:28 840439000  1614881308 token: AAFgQSIcADB8ykfGsVGk6GBk-0wKoB-QJ9CJJ2HI2fGWl9uvCNVVB7uJOvp0GmnnnfaXDUioSho

real	0m0.772s
user	0m0.031s
sys	0m0.094s
parse error: Invalid numeric literal at line 1, column 10
03/05/21 02:08:30 521234200  1614881310 secretPin: 
[WARN] get secretPin error

03/05/21 02:08:30 694763900  1614881310 王签到帮宝适京东自营官方旗舰店

real	0m1.023s
user	0m0.031s
sys	0m0.094s
parse error: Invalid numeric literal at line 1, column 10
parse error: Invalid numeric literal at line 1, column 10
parse error: Invalid numeric literal at line 1, column 10
parse error: Invalid numeric literal at line 1, column 10
parse error: Invalid numeric literal at line 1, column 10
03/05/21 02:08:34 566890600 1614881314

real	0m4.497s
user	0m0.000s
sys	0m0.016s

real	0m1.498s
user	0m0.016s
sys	0m0.125s
[WARN] get LZ_TOKEN error
03/05/21 02:08:41 338130300  1614881321
use pt_key

real	0m1.586s
user	0m0.094s
sys	0m0.141s
03/05/21 02:08:43 321100600  1614881323 token: AAFgQSIqADBy4w3nHBJv1hsjOjjC_BAUKLkJm-f4NIJDAsQctKcWRjozmGRpktLJwlNz8R-VdlY

real	0m1.176s
user	0m0.016s
sys	0m0.063s
parse error: Invalid numeric literal at line 1, column 10
03/05/21 02:08:45 628743600  1614881325 secretPin: 
[WARN] get secretPin error

03/05/21 02:08:45 807086100  1614881325 王签到帮宝适京东自营官方旗舰店

real	0m0.553s
user	0m0.000s
sys	0m0.141s
parse error: Invalid numeric literal at line 1, column 10
parse error: Invalid numeric literal at line 1, column 10
parse error: Invalid numeric literal at line 1, column 10
parse error: Invalid numeric literal at line 1, column 10
parse error: Invalid numeric literal at line 1, column 10
03/05/21 02:08:48 664560500 1614881328

real	0m4.673s
user	0m0.000s
sys	0m0.078s

real	0m0.963s
user	0m0.016s
sys	0m0.047s
[WARN] get LZ_TOKEN error
03/05/21 02:08:55 048035200  1614881335
use pt_key

real	0m1.217s
user	0m0.125s
sys	0m0.172s
03/05/21 02:08:56 557445700  1614881336 token: AAFgQSI4ADDTsT36K9cG_6d-aBv0g5jmRY0SYMjVtyYYLw-48CDCs4VQO_hh_-Nn67Veg1yVkvk

real	0m1.386s
user	0m0.063s
sys	0m0.125s
parse error: Invalid numeric literal at line 1, column 10
03/05/21 02:08:59 530231000  1614881339 secretPin: 
[WARN] get secretPin error

03/05/21 02:09:00 005532100  1614881340 王签到帮宝适京东自营官方旗舰店

real	0m0.898s
user	0m0.047s
sys	0m0.063s
parse error: Invalid numeric literal at line 1, column 10
parse error: Invalid numeric literal at line 1, column 10
parse error: Invalid numeric literal at line 1, column 10
parse error: Invalid numeric literal at line 1, column 10
parse error: Invalid numeric literal at line 1, column 10
03/05/21 02:09:03 431243700 1614881343

real	0m4.802s
user	0m0.000s
sys	0m0.031s
03/05/21 02:10:23 656347200  1614881423
parse error: Invalid numeric literal at line 1, column 10
签到是否成功解析失败. 不再写/home/myid/jd/jd_signup/lzkj_sevenDay_vender/shop_1614699061_0

王签到帮宝适京东自营官方旗舰店查看结果, 活动规则
<!DOCTYPE html>
<html>
 <head> 
  <title>京东</title> 
  <meta charset="utf-8" /> 
  <meta name="apple-mobile-web-app-capable" content="yes" /> 
  <meta name="viewport" content="width=device-width,initial-scale=1,user-scalable=no,maximum-scale=1,viewport-fit=cover" /> 
  <meta name="format-detection" content="telephone=no" /> 
  <meta name="x5-cache" content="enable" /> 
  <link rel="stylesheet" href="https://storage.360buyimg.com/babel/00162638/333378/production/dev/parser.1526555535098.css?t=20180517191236" /> 
  <style> img {
            opacity: 1 !important;
        } </style> 
  <link href="https://storage.360buyimg.com/babel/00170893/348321/production/dev/index.7320a380.css?t=20180802150952" rel="stylesheet" />
 </head> 
 <body style="background:#fff;" id="root"> 
  <div class="errorPage"> 
  </div> 
  <div class="placeholer"> 
  </div> 
  <script src="https://wl.jd.com/unify.min.js"></script> 
  <script type="text/javascript" src="https://storage.360buyimg.com/babel/00170893/348321/production/dev/index.0f8f4dba.js?t=20180802150952"></script> 
 </body>
</html>

#店铺名称
vendername="帮宝适京东自营官方旗舰店"
#店铺激活码
actId="9b8a4466ab984291908abd55c70d0646"
#店铺id
venderId="1000001933"
#长链接
url="https://lzkj-isv.isvjcloud.com/sign/sevenDay/signActivity?activityId=9b8a4466ab984291908abd55c70d0646&venderId=1000001933&cu=true&utm_source=kong&utm_medium=jingfen&utm_campaign=t_1002903107_&utm_term=4f8841bf33eb4dfb9ccd26e52abc0106"

startTime=1614566820
endTime=1617206340
# 活动时间：2021-03-01 10:47 - 2021-03-31 23:59；
# 奖励说明：
actRule="
7天签到
连续签到1天：1京豆
连续签到2天：1京豆
连续签到3天：1京豆
连续签到4天：1京豆
连续签到5天：1京豆
连续签到6天：1京豆
连续签到7天：7京豆
"
#赵 122294312-396444 sign_res
sign_num="3"
giftName=""
giftRes="ok"
giftDate="20210304"
sign_res_info="7天签到 第 3 天
当天签到奖励 []"
#赵 122294312-396444 sign_res_end
#王 1309893722-164885 sign_res
sign_num="3"
giftName=""
giftRes="ok"
giftDate="20210304"
sign_res_info="7天签到 第 3 天
当天签到奖励 []"
#王 1309893722-164885 sign_res_end
#肥鹅 jd_4d651d9e48204 sign_res
sign_num="3"
giftName=""
giftRes="ok"
giftDate="20210304"
sign_res_info="7天签到 第 3 天
当天签到奖励 []"
#肥鹅 jd_4d651d9e48204 sign_res_end
#移动 jd_OeTNobRVGiNZ sign_res
sign_num="0"
giftName=""
giftRes=""
giftDate="20210305"
sign_res_info="7天签到 第 0 天
当天签到奖励 []"
#移动 jd_OeTNobRVGiNZ sign_res_end
