04/04/21 01:14:36 726479600  1617470076
RANDOM_num: 25
removed '/tmp/tmp.N3MmM8wJ3k'
04/04/21 01:14:37 374878000  1617470077 检查肥鹅签到

real	0m1.665s
user	0m0.047s
sys	0m0.125s
lzkj-isv.isvjcloud.com	FALSE	/	FALSE	1617470679	LZ_TOKEN_VALUE	B0oH3vDY2bhHWuKbVaJ+XQ==
lzkj-isv.isvjcloud.com	FALSE	/	FALSE	1617470679	LZ_TOKEN_KEY	lztokenpageec6dfeb3ea4247f5bc6fe1b126ffe236
04/04/21 01:14:39 684504900  1617470079
use pt_key

real	0m0.391s
user	0m0.109s
sys	0m0.141s
04/04/21 01:14:40 164756000  1617470080 token: AAFgaKJ_ADDoI-ftSFS9eVods0KlbNqoqbVaxPSiA40HkqzAx3NH1iQPPQe3vLx6-KwAbdU88Is

real	0m3.194s
user	0m0.047s
sys	0m0.078s
04/04/21 01:14:43 626906500  1617470083 secretPin: 4YEv+ri88IbQX5lhoqHrzE7oeVP9kq2pYSH90mYt4m3fwcJlClpxrfmVYaGKuquQkdK3rLBQpEQH9V4tdrrh0w==

04/04/21 01:14:43 682600500  1617470083 肥鹅签到CeraVe适乐肤京东自营旗舰店

real	0m0.348s
user	0m0.047s
sys	0m0.109s
{
  "msg": "该活动已经结束",
  "code": "-1",
  "isOk": false
}
活动已结束. /home/myid/jd/jd_signup/vender/shop_1617365202_26 --> /home/myid/jd/jd_signup/vender/shop_1617365202_26_del
mv: cannot stat '/home/myid/jd/jd_signup/vender/shop_1617365202_26': No such file or directory
04/04/21 01:15:59 662625600  1617470159

肥鹅签到CeraVe适乐肤京东自营旗舰店查看结果
{"msg":"","code":"-1","isOk":false}

{
  "signDetail": null,
  "contiSignNum": null,
  "totalSignNum": null
}

CeraVe适乐肤京东自营旗舰店活动规则
{"msg":"","code":"-1","isOk":false}

{
  "actUrl": null,
  "shortUrl": null,
  "actRule": null
}
actId=7ea9dc85ccd94de5920f65ef68311651
venderId=1000224204
startTime=1616918340000
endTime=1618214159000
# 短链接
suo_url="https://3.cn/101jv-9GQ"
actTimeStr="2021-03-28 15:59 至 2021-04-12 15:55"
#店铺名称
vendername="CeraVe适乐肤京东自营旗舰店"
# 长链接
url=https://lzkj-isv.isvjcloud.com/sign/signActivity2?activityId=7ea9dc85ccd94de5920f65ef68311651&venderId=1000224204
# 活动时间：2021.03.28 15:59:00 - 2021.04.12 15:55:59
# 奖励说明：
actRule="
连续签到1天：2京豆 2京豆
连续签到2天：2京豆 2京豆
连续签到3天：2京豆 2京豆
连续签到4天：2京豆 2京豆
连续签到5天：2京豆 2京豆
连续签到6天：2京豆 2京豆
连续签到7天：5京豆 5京豆
"
#王 1309893722-164885 sign_res
sign_res="
signTime=1617321600;signed=2
signTime=1617408000;signed=2"
sign_num="2"
sign_total_num="2"
giftName="null"
giftRes="ok"
giftDate="20210403"
sign_res_info="
2021/04/02_08:00:00  [已~签~到]      
2021/04/03_08:00:00  [已~签~到]      
当天签到奖励 [null]
连续签到 2 天
签到总天数 2"
#王 1309893722-164885 sign_res_end
#肥鹅 jd_4d651d9e48204 sign_res
sign_res="
signTime=1617321600;signed=2
signTime=1617408000;signed=2"
sign_num="2"
sign_total_num="2"
giftName="null"
giftRes="ok"
giftDate="20210403"
sign_res_info="
2021/04/02_08:00:00  [已~签~到]      
2021/04/03_08:00:00  [已~签~到]      
当天签到奖励 [null]
连续签到 2 天
签到总天数 2"
#肥鹅 jd_4d651d9e48204 sign_res_end
#赵 122294312-396444 sign_res
sign_res="
signTime=1617321600;signed=2
signTime=1617408000;signed=2"
sign_num="2"
sign_total_num="2"
giftName="null"
giftRes="ok"
giftDate="20210403"
sign_res_info="
2021/04/02_08:00:00  [已~签~到]      
2021/04/03_08:00:00  [已~签~到]      
当天签到奖励 [null]
连续签到 2 天
签到总天数 2"
#赵 122294312-396444 sign_res_end
#移动 jd_OeTNobRVGiNZ sign_res
sign_res="
"
sign_num="null"
sign_total_num="null"
giftName=""
giftRes=""
giftDate="20210404"
sign_res_info="

当天签到奖励 []
连续签到 null 天
签到总天数 null"
#移动 jd_OeTNobRVGiNZ sign_res_end
