03/04/21 01:15:17 285969500  1614791717
RANDOM_num: 10
removed '/tmp/tmp.wnAPqURdkP'
03/04/21 01:15:17 489742900  1614791717 检查王签到

real	0m0.206s
user	0m0.016s
sys	0m0.094s
lzkj-isv.isvjcloud.com	FALSE	/	FALSE	1614792317	LZ_TOKEN_VALUE	B0oH3vDY2bhHWuKbVaJ+XQ==
lzkj-isv.isvjcloud.com	FALSE	/	FALSE	1614792317	LZ_TOKEN_KEY	lztokenpagead7c1d8f5d3d486dbd8d57f909859110
03/04/21 01:15:17 861160400  1614791717
use pt_key

real	0m0.203s
user	0m0.109s
sys	0m0.078s
03/04/21 01:15:18 095002100  1614791718 token: AAFgP8QmADBKlKnx_kUsaZkj_WeE5VgEly6Njqn9ybMrCCnTDkbDzgZsu74uwM_YhQtT8hc7w68

real	0m0.234s
user	0m0.031s
sys	0m0.063s
parse error: Invalid numeric literal at line 1, column 10
03/04/21 01:15:18 545352000  1614791718 secretPin: 
[WARN] get secretPin error

03/04/21 01:15:18 570344600  1614791718 王签到帮宝适京东自营官方旗舰店

real	0m0.158s
user	0m0.031s
sys	0m0.094s
parse error: Invalid numeric literal at line 1, column 10
parse error: Invalid numeric literal at line 1, column 10
parse error: Invalid numeric literal at line 1, column 10
parse error: Invalid numeric literal at line 1, column 10
parse error: Invalid numeric literal at line 1, column 10
03/04/21 01:15:19 280925900 1614791719

real	0m0.305s
user	0m0.000s
sys	0m0.031s

real	0m0.135s
user	0m0.016s
sys	0m0.078s
[WARN] get LZ_TOKEN error
03/04/21 01:15:19 806712000  1614791719
use pt_key

real	0m0.191s
user	0m0.078s
sys	0m0.141s
03/04/21 01:15:20 046891600  1614791720 token: AAFgP8QnADBDNX8E15yVG1FmHOCIN86IERwUVWr3Gxq2JhmGdJKOiLQEJ6wPxAEBk5bLOs6UWLM

real	0m0.162s
user	0m0.016s
sys	0m0.094s
parse error: Invalid numeric literal at line 1, column 10
03/04/21 01:15:20 393952600  1614791720 secretPin: 
[WARN] get secretPin error

03/04/21 01:15:20 432316700  1614791720 王签到帮宝适京东自营官方旗舰店

real	0m0.204s
user	0m0.031s
sys	0m0.094s
parse error: Invalid numeric literal at line 1, column 10
parse error: Invalid numeric literal at line 1, column 10
parse error: Invalid numeric literal at line 1, column 10
parse error: Invalid numeric literal at line 1, column 10
parse error: Invalid numeric literal at line 1, column 10
03/04/21 01:15:21 358056600 1614791721

real	0m0.532s
user	0m0.000s
sys	0m0.063s

real	0m0.270s
user	0m0.000s
sys	0m0.125s
[WARN] get LZ_TOKEN error
03/04/21 01:15:22 347756700  1614791722
use pt_key

real	0m0.401s
user	0m0.125s
sys	0m0.063s
03/04/21 01:15:22 815388200  1614791722 token: AAFgP8QqADCfE7AIp6TI8GkY75u8t00kIV7SgJ30uMVdGvgFYFCqGDkX58Qkt4leNM8wiDiUbmk

real	0m0.281s
user	0m0.031s
sys	0m0.031s
parse error: Invalid numeric literal at line 1, column 10
03/04/21 01:15:23 393060800  1614791723 secretPin: 
[WARN] get secretPin error

03/04/21 01:15:23 447718100  1614791723 王签到帮宝适京东自营官方旗舰店

real	0m0.222s
user	0m0.031s
sys	0m0.063s
parse error: Invalid numeric literal at line 1, column 10
parse error: Invalid numeric literal at line 1, column 10
parse error: Invalid numeric literal at line 1, column 10
parse error: Invalid numeric literal at line 1, column 10
parse error: Invalid numeric literal at line 1, column 10
03/04/21 01:15:25 110913400 1614791725

real	0m0.862s
user	0m0.000s
sys	0m0.016s

real	0m0.480s
user	0m0.031s
sys	0m0.063s
[WARN] get LZ_TOKEN error
03/04/21 01:15:26 750996200  1614791726
use pt_key

real	0m0.433s
user	0m0.109s
sys	0m0.125s
03/04/21 01:15:27 269063100  1614791727 token: AAFgP8QvADCgWAdVNIJZF_zpyxqgdZYm5bFinDjkHo3INfeAn6j-8cc7M5C1hxn5bza1V8uIvg4

real	0m0.287s
user	0m0.016s
sys	0m0.094s
parse error: Invalid numeric literal at line 1, column 10
03/04/21 01:15:27 945595700  1614791727 secretPin: 
[WARN] get secretPin error

03/04/21 01:15:28 084842000  1614791728 王签到帮宝适京东自营官方旗舰店

real	0m0.546s
user	0m0.000s
sys	0m0.063s
parse error: Invalid numeric literal at line 1, column 10
parse error: Invalid numeric literal at line 1, column 10
parse error: Invalid numeric literal at line 1, column 10
parse error: Invalid numeric literal at line 1, column 10
parse error: Invalid numeric literal at line 1, column 10
03/04/21 01:15:30 170712900 1614791730

real	0m1.077s
user	0m0.000s
sys	0m0.031s

real	0m0.451s
user	0m0.016s
sys	0m0.078s
[WARN] get LZ_TOKEN error
03/04/21 01:15:32 130281700  1614791732
use pt_key

real	0m0.539s
user	0m0.156s
sys	0m0.094s
03/04/21 01:15:32 788828000  1614791732 token: AAFgP8Q0ADARUHUSwZWSLST7tboCKuzTD3sPkgDK8n9H8YQXMO3xClm9Kecuw0tQEFCVZ3Gp12U

real	0m0.406s
user	0m0.031s
sys	0m0.078s
parse error: Invalid numeric literal at line 1, column 10
03/04/21 01:15:33 667453900  1614791733 secretPin: 
[WARN] get secretPin error

03/04/21 01:15:33 764591700  1614791733 王签到帮宝适京东自营官方旗舰店

real	0m0.387s
user	0m0.016s
sys	0m0.094s
parse error: Invalid numeric literal at line 1, column 10
parse error: Invalid numeric literal at line 1, column 10
parse error: Invalid numeric literal at line 1, column 10
parse error: Invalid numeric literal at line 1, column 10
parse error: Invalid numeric literal at line 1, column 10
03/04/21 01:15:35 909727200 1614791735

real	0m1.252s
user	0m0.000s
sys	0m0.031s

real	0m0.413s
user	0m0.047s
sys	0m0.094s
[WARN] get LZ_TOKEN error
03/04/21 01:15:37 881019900  1614791737
use pt_key

real	0m0.457s
user	0m0.109s
sys	0m0.172s
03/04/21 01:15:38 513771400  1614791738 token: AAFgP8Q6ADCNPd0GOw9-ci9MWXMSQK2afPaggiddEfkaACUjw2-Rhi8DLCeKCTxAePAlCjEN9uE

real	0m0.345s
user	0m0.016s
sys	0m0.094s
parse error: Invalid numeric literal at line 1, column 10
03/04/21 01:15:39 238190700  1614791739 secretPin: 
[WARN] get secretPin error

03/04/21 01:15:39 322848100  1614791739 王签到帮宝适京东自营官方旗舰店

real	0m0.379s
user	0m0.000s
sys	0m0.094s
parse error: Invalid numeric literal at line 1, column 10
parse error: Invalid numeric literal at line 1, column 10
parse error: Invalid numeric literal at line 1, column 10
parse error: Invalid numeric literal at line 1, column 10
parse error: Invalid numeric literal at line 1, column 10
03/04/21 01:15:41 470331000 1614791741

real	0m1.386s
user	0m0.000s
sys	0m0.047s

real	0m1.076s
user	0m0.016s
sys	0m0.141s
[WARN] get LZ_TOKEN error
03/04/21 01:15:44 192624100  1614791744
use pt_key

real	0m0.501s
user	0m0.125s
sys	0m0.109s
03/04/21 01:15:44 758078600  1614791744 token: AAFgP8RAADCVvzSTUP92ndFz2uZdv2OMDlNLf5cFxWCITpZsMDqIzNhv6u4moIiw_c-ZIafCWt0

real	0m0.322s
user	0m0.047s
sys	0m0.063s
parse error: Invalid numeric literal at line 1, column 10
03/04/21 01:15:45 398853600  1614791745 secretPin: 
[WARN] get secretPin error

03/04/21 01:15:45 487443100  1614791745 王签到帮宝适京东自营官方旗舰店

real	0m0.355s
user	0m0.031s
sys	0m0.078s
parse error: Invalid numeric literal at line 1, column 10
parse error: Invalid numeric literal at line 1, column 10
parse error: Invalid numeric literal at line 1, column 10
parse error: Invalid numeric literal at line 1, column 10
parse error: Invalid numeric literal at line 1, column 10
03/04/21 01:15:47 307977100 1614791747

real	0m1.631s
user	0m0.000s
sys	0m0.000s

real	0m0.404s
user	0m0.000s
sys	0m0.125s
[WARN] get LZ_TOKEN error
03/04/21 01:15:49 600763800  1614791749
use pt_key

real	0m0.295s
user	0m0.078s
sys	0m0.109s
03/04/21 01:15:49 945959200  1614791749 token: AAFgP8RGADB4QKC4-2jHJ-ZTHhHkmK1NAOwttHE4U1CIqWdbvYmlLAMSbeHolluv2IZwErHS3kk

real	0m0.555s
user	0m0.031s
sys	0m0.109s
parse error: Invalid numeric literal at line 1, column 10
03/04/21 01:15:50 937291500  1614791750 secretPin: 
[WARN] get secretPin error

03/04/21 01:15:51 085397800  1614791751 王签到帮宝适京东自营官方旗舰店

real	0m0.388s
user	0m0.000s
sys	0m0.094s
parse error: Invalid numeric literal at line 1, column 10
parse error: Invalid numeric literal at line 1, column 10
parse error: Invalid numeric literal at line 1, column 10
parse error: Invalid numeric literal at line 1, column 10
parse error: Invalid numeric literal at line 1, column 10
03/04/21 01:15:52 861450400 1614791752

real	0m2.001s
user	0m0.016s
sys	0m0.047s

real	0m0.345s
user	0m0.031s
sys	0m0.047s
[WARN] get LZ_TOKEN error
03/04/21 01:15:55 382364600  1614791755
use pt_key

real	0m0.318s
user	0m0.141s
sys	0m0.047s
03/04/21 01:15:55 793027000  1614791755 token: AAFgP8RLADCnPq7tqPCjgPdsAx2mZSBOS3ZaVAh8CE0Cnqew3nxwAxF4aI1UqhI1CF7RFS9odvk

real	0m0.332s
user	0m0.031s
sys	0m0.109s
parse error: Invalid numeric literal at line 1, column 10
03/04/21 01:15:56 594726000  1614791756 secretPin: 
[WARN] get secretPin error

03/04/21 01:15:56 699688500  1614791756 王签到帮宝适京东自营官方旗舰店

real	0m0.511s
user	0m0.031s
sys	0m0.078s
parse error: Invalid numeric literal at line 1, column 10
parse error: Invalid numeric literal at line 1, column 10
parse error: Invalid numeric literal at line 1, column 10
parse error: Invalid numeric literal at line 1, column 10
parse error: Invalid numeric literal at line 1, column 10
03/04/21 01:15:58 806853700 1614791758

real	0m2.052s
user	0m0.000s
sys	0m0.047s

real	0m0.278s
user	0m0.031s
sys	0m0.078s
[WARN] get LZ_TOKEN error
03/04/21 01:16:01 331596300  1614791761
use pt_key

real	0m0.450s
user	0m0.109s
sys	0m0.078s
03/04/21 01:16:01 890480000  1614791761 token: AAFgP8RRADB0BAe4fDkbAImzfxnnL9TFeH4BwpOxPzF05ojCxhs55rHptlTGbxdsUtNpYrbkJ3M

real	0m0.473s
user	0m0.016s
sys	0m0.141s
parse error: Invalid numeric literal at line 1, column 10
03/04/21 01:16:02 859054700  1614791762 secretPin: 
[WARN] get secretPin error

03/04/21 01:16:02 973527200  1614791762 王签到帮宝适京东自营官方旗舰店

real	0m0.567s
user	0m0.016s
sys	0m0.109s
parse error: Invalid numeric literal at line 1, column 10
parse error: Invalid numeric literal at line 1, column 10
parse error: Invalid numeric literal at line 1, column 10
parse error: Invalid numeric literal at line 1, column 10
parse error: Invalid numeric literal at line 1, column 10
03/04/21 01:16:05 125515400 1614791765

real	0m2.352s
user	0m0.000s
sys	0m0.016s

real	0m0.428s
user	0m0.047s
sys	0m0.078s
[WARN] get LZ_TOKEN error
03/04/21 01:16:08 053298600  1614791768
use pt_key

real	0m0.421s
user	0m0.172s
sys	0m0.078s
03/04/21 01:16:08 577588500  1614791768 token: AAFgP8RYADAOlS2RHR8eR8MHpLePFbe0RvYZydK5Qr42_uNT4jVAOEjap1iLF2F3JPdWxSGxVx4

real	0m0.326s
user	0m0.016s
sys	0m0.078s
parse error: Invalid numeric literal at line 1, column 10
03/04/21 01:16:09 355911300  1614791769 secretPin: 
[WARN] get secretPin error

03/04/21 01:16:09 398835500  1614791769 王签到帮宝适京东自营官方旗舰店

real	0m0.247s
user	0m0.047s
sys	0m0.063s
parse error: Invalid numeric literal at line 1, column 10
parse error: Invalid numeric literal at line 1, column 10
parse error: Invalid numeric literal at line 1, column 10
parse error: Invalid numeric literal at line 1, column 10
parse error: Invalid numeric literal at line 1, column 10
03/04/21 01:16:10 996309700 1614791770

real	0m2.548s
user	0m0.000s
sys	0m0.047s

real	0m0.424s
user	0m0.031s
sys	0m0.125s
[WARN] get LZ_TOKEN error
03/04/21 01:16:14 184883000  1614791774
use pt_key

real	0m0.557s
user	0m0.063s
sys	0m0.094s
03/04/21 01:16:14 855629800  1614791774 token: AAFgP8ReADDBFYHgRDFcVkUNCgoxfGnLluSwBdIsxJ7Il7HS7YwBqKJEzOE9YDK9Ogbf8e6Ki7g

real	0m0.546s
user	0m0.016s
sys	0m0.156s
parse error: Invalid numeric literal at line 1, column 10
03/04/21 01:16:15 845538600  1614791775 secretPin: 
[WARN] get secretPin error

03/04/21 01:16:15 933406600  1614791775 王签到帮宝适京东自营官方旗舰店

real	0m0.277s
user	0m0.016s
sys	0m0.094s
parse error: Invalid numeric literal at line 1, column 10
parse error: Invalid numeric literal at line 1, column 10
parse error: Invalid numeric literal at line 1, column 10
parse error: Invalid numeric literal at line 1, column 10
parse error: Invalid numeric literal at line 1, column 10
03/04/21 01:16:17 470477800 1614791777

real	0m2.646s
user	0m0.000s
sys	0m0.000s

real	0m0.323s
user	0m0.047s
sys	0m0.063s
[WARN] get LZ_TOKEN error
03/04/21 01:16:20 695341600  1614791780
use pt_key

real	0m0.445s
user	0m0.094s
sys	0m0.156s
03/04/21 01:16:21 201138300  1614791781 token: AAFgP8RlADAZfZ6xUSdyND0KL3DuzF03jXUCcScShBpnesCtCJkIUnDyvlszxWHqJPvivFI3rvs

real	0m0.219s
user	0m0.047s
sys	0m0.078s
parse error: Invalid numeric literal at line 1, column 10
03/04/21 01:16:21 685853300  1614791781 secretPin: 
[WARN] get secretPin error

03/04/21 01:16:21 778296000  1614791781 王签到帮宝适京东自营官方旗舰店

real	0m0.289s
user	0m0.063s
sys	0m0.063s
parse error: Invalid numeric literal at line 1, column 10
parse error: Invalid numeric literal at line 1, column 10
parse error: Invalid numeric literal at line 1, column 10
parse error: Invalid numeric literal at line 1, column 10
parse error: Invalid numeric literal at line 1, column 10
03/04/21 01:16:23 009984100 1614791783

real	0m2.724s
user	0m0.000s
sys	0m0.016s

real	0m0.394s
user	0m0.047s
sys	0m0.125s
[WARN] get LZ_TOKEN error
03/04/21 01:16:26 256785800  1614791786
use pt_key

real	0m0.336s
user	0m0.094s
sys	0m0.125s
03/04/21 01:16:26 640803800  1614791786 token: AAFgP8RqADBGz4NVTo8vMWZBeip3teMZ0olyemERg19OLskRLBP5hk7uh-9slIcaaIGk297sP7Q

real	0m0.256s
user	0m0.031s
sys	0m0.078s
parse error: Invalid numeric literal at line 1, column 10
03/04/21 01:16:27 242381100  1614791787 secretPin: 
[WARN] get secretPin error

03/04/21 01:16:27 301631700  1614791787 王签到帮宝适京东自营官方旗舰店

real	0m0.314s
user	0m0.016s
sys	0m0.047s
parse error: Invalid numeric literal at line 1, column 10
parse error: Invalid numeric literal at line 1, column 10
parse error: Invalid numeric literal at line 1, column 10
parse error: Invalid numeric literal at line 1, column 10
parse error: Invalid numeric literal at line 1, column 10
03/04/21 01:16:28 895590800 1614791788

real	0m3.034s
user	0m0.000s
sys	0m0.016s

real	0m0.165s
user	0m0.047s
sys	0m0.047s
[WARN] get LZ_TOKEN error
03/04/21 01:16:32 184128500  1614791792
use pt_key

real	0m0.227s
user	0m0.109s
sys	0m0.109s
03/04/21 01:16:32 462677700  1614791792 token: AAFgP8RwADBjyyNhttUDXT3wQL3YJMjejdTkeoPjq9eXmnPlp9HT42sjjlLaN88j5eJ1IL860q0

real	0m0.211s
user	0m0.016s
sys	0m0.063s
parse error: Invalid numeric literal at line 1, column 10
03/04/21 01:16:32 933328400  1614791792 secretPin: 
[WARN] get secretPin error

03/04/21 01:16:32 981415200  1614791792 王签到帮宝适京东自营官方旗舰店

real	0m0.228s
user	0m0.047s
sys	0m0.078s
parse error: Invalid numeric literal at line 1, column 10
parse error: Invalid numeric literal at line 1, column 10
parse error: Invalid numeric literal at line 1, column 10
parse error: Invalid numeric literal at line 1, column 10
parse error: Invalid numeric literal at line 1, column 10
03/04/21 01:16:34 033574800 1614791794

real	0m3.187s
user	0m0.000s
sys	0m0.047s

real	0m0.224s
user	0m0.047s
sys	0m0.078s
[WARN] get LZ_TOKEN error
03/04/21 01:16:37 562062900  1614791797
use pt_key

real	0m0.214s
user	0m0.094s
sys	0m0.047s
03/04/21 01:16:37 816482100  1614791797 token: AAFgP8R1ADD9lHI9HIq1TUgVfw6i-tr0ZiYxykGbvRNWG9ynMcJ-cvvGlh7HNF8BlXdQyI8UKsQ

real	0m0.278s
user	0m0.047s
sys	0m0.156s
parse error: Invalid numeric literal at line 1, column 10
03/04/21 01:16:38 326885300  1614791798 secretPin: 
[WARN] get secretPin error

03/04/21 01:16:38 363507800  1614791798 王签到帮宝适京东自营官方旗舰店

real	0m0.239s
user	0m0.000s
sys	0m0.094s
parse error: Invalid numeric literal at line 1, column 10
parse error: Invalid numeric literal at line 1, column 10
parse error: Invalid numeric literal at line 1, column 10
parse error: Invalid numeric literal at line 1, column 10
parse error: Invalid numeric literal at line 1, column 10
03/04/21 01:16:39 447170700 1614791799

real	0m3.355s
user	0m0.000s
sys	0m0.031s

real	0m0.736s
user	0m0.000s
sys	0m0.094s
[WARN] get LZ_TOKEN error
03/04/21 01:16:43 664525100  1614791803
use pt_key

real	0m0.289s
user	0m0.094s
sys	0m0.094s
03/04/21 01:16:44 032059200  1614791804 token: AAFgP8R7ADCgVeM4XOPe9QXNjXfifwGRdXZfZZJ5SoBo_QzzLuST9VeP3wMpJ6MwNEJN9HeejNs

real	0m0.330s
user	0m0.047s
sys	0m0.031s
parse error: Invalid numeric literal at line 1, column 10
03/04/21 01:16:44 733332800  1614791804 secretPin: 
[WARN] get secretPin error

03/04/21 01:16:44 803557900  1614791804 王签到帮宝适京东自营官方旗舰店

real	0m0.351s
user	0m0.031s
sys	0m0.094s
parse error: Invalid numeric literal at line 1, column 10
parse error: Invalid numeric literal at line 1, column 10
parse error: Invalid numeric literal at line 1, column 10
parse error: Invalid numeric literal at line 1, column 10
parse error: Invalid numeric literal at line 1, column 10
03/04/21 01:16:46 675729300 1614791806

real	0m3.733s
user	0m0.000s
sys	0m0.016s

real	0m0.167s
user	0m0.047s
sys	0m0.047s
[WARN] get LZ_TOKEN error
03/04/21 01:16:50 661380500  1614791810
use pt_key

real	0m0.207s
user	0m0.094s
sys	0m0.125s
03/04/21 01:16:50 920704100  1614791810 token: AAFgP8SCADDpfoaoOTB41b6tExt-r0XCFPHe8huHXjYjyiUTbHweBU1d86kTb4Fpgj4IVPuq2Cc

real	0m0.272s
user	0m0.047s
sys	0m0.094s
parse error: Invalid numeric literal at line 1, column 10
03/04/21 01:16:51 515513200  1614791811 secretPin: 
[WARN] get secretPin error

03/04/21 01:16:51 602785700  1614791811 王签到帮宝适京东自营官方旗舰店

real	0m0.293s
user	0m0.016s
sys	0m0.125s
parse error: Invalid numeric literal at line 1, column 10
parse error: Invalid numeric literal at line 1, column 10
parse error: Invalid numeric literal at line 1, column 10
parse error: Invalid numeric literal at line 1, column 10
parse error: Invalid numeric literal at line 1, column 10
03/04/21 01:16:53 607447200 1614791813

real	0m3.990s
user	0m0.016s
sys	0m0.031s

real	0m0.154s
user	0m0.000s
sys	0m0.078s
[WARN] get LZ_TOKEN error
03/04/21 01:16:57 834502100  1614791817
use pt_key

real	0m0.203s
user	0m0.109s
sys	0m0.063s
03/04/21 01:16:58 082203000  1614791818 token: AAFgP8SKADCPgQn7YEGK0tfqPKOMqak2rh0CWYlpoynBMHNIkY01Jkh5iC-8tNaWoPZM_yYayhA

real	0m0.216s
user	0m0.031s
sys	0m0.063s
parse error: Invalid numeric literal at line 1, column 10
03/04/21 01:16:58 669573000  1614791818 secretPin: 
[WARN] get secretPin error

03/04/21 01:16:58 715706000  1614791818 王签到帮宝适京东自营官方旗舰店

real	0m0.296s
user	0m0.047s
sys	0m0.031s
parse error: Invalid numeric literal at line 1, column 10
parse error: Invalid numeric literal at line 1, column 10
parse error: Invalid numeric literal at line 1, column 10
parse error: Invalid numeric literal at line 1, column 10
parse error: Invalid numeric literal at line 1, column 10
03/04/21 01:17:00 456312800 1614791820

real	0m4.137s
user	0m0.000s
sys	0m0.063s

real	0m0.147s
user	0m0.016s
sys	0m0.094s
[WARN] get LZ_TOKEN error
03/04/21 01:17:04 827416800  1614791824
use pt_key

real	0m0.170s
user	0m0.125s
sys	0m0.063s
03/04/21 01:17:05 019895100  1614791825 token: AAFgP8SRADDHxd2QHPwU8kEg8qpLX2HsQSkGtoVZAzy8hybF5fag5zxLKCj56C0B6M1iPDNTTmg

real	0m0.183s
user	0m0.063s
sys	0m0.078s
parse error: Invalid numeric literal at line 1, column 10
03/04/21 01:17:05 420262800  1614791825 secretPin: 
[WARN] get secretPin error

03/04/21 01:17:05 498030500  1614791825 王签到帮宝适京东自营官方旗舰店

real	0m0.317s
user	0m0.016s
sys	0m0.109s
parse error: Invalid numeric literal at line 1, column 10
parse error: Invalid numeric literal at line 1, column 10
parse error: Invalid numeric literal at line 1, column 10
parse error: Invalid numeric literal at line 1, column 10
parse error: Invalid numeric literal at line 1, column 10
03/04/21 01:17:06 810679300 1614791826

real	0m4.251s
user	0m0.000s
sys	0m0.031s
03/04/21 01:17:41 266521800  1614791861
parse error: Invalid numeric literal at line 1, column 10
签到是否成功解析失败. 不再写/home/myid/jd/jd_signup/lzkj_sevenDay_vender/shop_1614699101_0

王签到帮宝适京东自营官方旗舰店查看结果, 活动规则


#店铺名称
vendername="帮宝适京东自营官方旗舰店"
#店铺激活码
actId="9b8a4466ab984291908abd55c70d0646"
#店铺id
venderId="1000001933"
#长链接
url="https://lzkj-isv.isvjcloud.com/sign/sevenDay/signActivity?activityId=9b8a4466ab984291908abd55c70d0646&venderId=1000001933&cu=true&utm_source=kong&utm_medium=jingfen&utm_campaign=t_1002903107_&utm_term=4f8841bf33eb4dfb9ccd26e52abc0106"

startTime=1614566820
endTime=1617206340
# 活动时间：2021-03-01 10:47 - 2021-03-31 23:59；
# 奖励说明：
actRule="
7天签到
连续签到1天：1京豆
连续签到2天：1京豆
连续签到3天：1京豆
连续签到4天：1京豆
连续签到5天：1京豆
连续签到6天：1京豆
连续签到7天：7京豆
"
#王 1309893722-164885 sign_res
sign_num="2"
giftName=""
giftRes="ok"
giftDate="20210303"
sign_res_info="7天签到 第 2 天
当天签到奖励 []"
#王 1309893722-164885 sign_res_end
#肥鹅 jd_4d651d9e48204 sign_res
sign_num="2"
giftName=""
giftRes="ok"
giftDate="20210303"
sign_res_info="7天签到 第 2 天
当天签到奖励 []"
#肥鹅 jd_4d651d9e48204 sign_res_end
#移动 jd_OeTNobRVGiNZ sign_res
sign_num="0"
giftName=""
giftRes=""
giftDate="20210304"
sign_res_info="7天签到 第 0 天
当天签到奖励 []"
#移动 jd_OeTNobRVGiNZ sign_res_end
#赵 122294312-396444 sign_res
sign_num=""
giftName=""
giftRes="ok"
giftDate="20210304"
sign_res_info="7天签到 第  天
当天签到奖励 []"
#赵 122294312-396444 sign_res_end
