03/05/21 01:19:35 369781700  1614878375
RANDOM_num: 20
removed '/tmp/tmp.5kpy2qXbOt'
03/05/21 01:19:37 258889000  1614878377 检查肥鹅签到

real	0m1.784s
user	0m0.031s
sys	0m0.109s
[WARN] get LZ_TOKEN error
03/05/21 01:19:41 482274200  1614878381
use pt_key

real	0m1.368s
user	0m0.125s
sys	0m0.109s
03/05/21 01:19:43 281596000  1614878383 token: AAFgQRauADAKufECKjUcqMOKsSCfjHJhnD8wBpBH6eeD-LH3AGyw7ZNpnUB9h2XoM5OBjpk4L88

real	0m1.038s
user	0m0.047s
sys	0m0.078s
parse error: Invalid numeric literal at line 1, column 10
03/05/21 01:19:45 842314100  1614878385 secretPin: 
[WARN] get secretPin error

03/05/21 01:19:46 332137800  1614878386 肥鹅签到CeraVe适乐肤京东自营旗舰店

real	0m1.305s
user	0m0.031s
sys	0m0.109s
parse error: Invalid numeric literal at line 1, column 10
parse error: Invalid numeric literal at line 1, column 10
parse error: Invalid numeric literal at line 1, column 10
parse error: Invalid numeric literal at line 1, column 10
03/05/21 01:19:51 332166500 1614878391

real	0m1.046s
user	0m0.000s
sys	0m0.016s

real	0m1.032s
user	0m0.000s
sys	0m0.094s
[WARN] get LZ_TOKEN error
03/05/21 01:19:54 357913500  1614878394
use pt_key

real	0m1.295s
user	0m0.109s
sys	0m0.063s
03/05/21 01:19:55 949583100  1614878395 token: AAFgQRa7ADBOPbleKqqVrpvVMlQgloC_d2uTiVzWEiXDwdhHAwg5VZvggEiWJIrWktzeyvUegCY

real	0m0.983s
user	0m0.031s
sys	0m0.109s
parse error: Invalid numeric literal at line 1, column 10
03/05/21 01:19:58 398064800  1614878398 secretPin: 
[WARN] get secretPin error

03/05/21 01:19:58 710354800  1614878398 肥鹅签到CeraVe适乐肤京东自营旗舰店

real	0m0.885s
user	0m0.031s
sys	0m0.063s
parse error: Invalid numeric literal at line 1, column 10
parse error: Invalid numeric literal at line 1, column 10
parse error: Invalid numeric literal at line 1, column 10
parse error: Invalid numeric literal at line 1, column 10
03/05/21 01:20:03 723121900 1614878403

real	0m1.350s
user	0m0.000s
sys	0m0.063s

real	0m1.565s
user	0m0.063s
sys	0m0.078s
[WARN] get LZ_TOKEN error
03/05/21 01:20:07 549524200  1614878407
use pt_key

real	0m1.999s
user	0m0.078s
sys	0m0.109s
03/05/21 01:20:11 076056800  1614878411 token: AAFgQRbJADB4HYJkt_6dbbxf2lVUKYGjGAbqyJXs3GcyitRDdNAiUhGyLm5sKifgSAWySGrJjmY

real	0m1.930s
user	0m0.063s
sys	0m0.078s
parse error: Invalid numeric literal at line 1, column 10
03/05/21 01:20:14 431984800  1614878414 secretPin: 
[WARN] get secretPin error

03/05/21 01:20:14 722066900  1614878414 肥鹅签到CeraVe适乐肤京东自营旗舰店

real	0m1.020s
user	0m0.047s
sys	0m0.063s
parse error: Invalid numeric literal at line 1, column 10
parse error: Invalid numeric literal at line 1, column 10
parse error: Invalid numeric literal at line 1, column 10
parse error: Invalid numeric literal at line 1, column 10
03/05/21 01:20:18 692471100 1614878418

real	0m1.684s
user	0m0.000s
sys	0m0.063s

real	0m1.456s
user	0m0.031s
sys	0m0.047s
[WARN] get LZ_TOKEN error
03/05/21 01:20:22 756479100  1614878422
use pt_key

real	0m1.511s
user	0m0.078s
sys	0m0.141s
03/05/21 01:20:24 473159600  1614878424 token: AAFgQRbYADBlZc4ihukPqxubEmoCMS6ggprBNhIvtzRrWMuf-BwFi6Gx7GevjRu1GnF4W32W8kQ

real	0m0.748s
user	0m0.047s
sys	0m0.078s
parse error: Invalid numeric literal at line 1, column 10
03/05/21 01:20:26 657016700  1614878426 secretPin: 
[WARN] get secretPin error

03/05/21 01:20:27 136755000  1614878427 肥鹅签到CeraVe适乐肤京东自营旗舰店

real	0m1.319s
user	0m0.031s
sys	0m0.078s
parse error: Invalid numeric literal at line 1, column 10
parse error: Invalid numeric literal at line 1, column 10
parse error: Invalid numeric literal at line 1, column 10
parse error: Invalid numeric literal at line 1, column 10
03/05/21 01:20:31 766607300 1614878431

real	0m1.817s
user	0m0.000s
sys	0m0.047s

real	0m1.631s
user	0m0.031s
sys	0m0.094s
[WARN] get LZ_TOKEN error
03/05/21 01:20:35 790781000  1614878435
use pt_key

real	0m1.256s
user	0m0.094s
sys	0m0.125s
03/05/21 01:20:37 387474500  1614878437 token: AAFgQRbkADDl9mb0o18Io_BYm2bhO1u7P1RI-ce_dpeU637X2hUE63B00Zxaw1gWC6AOyz3HeSo

real	0m1.357s
user	0m0.016s
sys	0m0.109s
parse error: Invalid numeric literal at line 1, column 10
03/05/21 01:20:41 037500700  1614878441 secretPin: 
[WARN] get secretPin error

03/05/21 01:20:41 588091500  1614878441 肥鹅签到CeraVe适乐肤京东自营旗舰店

real	0m1.665s
user	0m0.031s
sys	0m0.125s
parse error: Invalid numeric literal at line 1, column 10
parse error: Invalid numeric literal at line 1, column 10
parse error: Invalid numeric literal at line 1, column 10
parse error: Invalid numeric literal at line 1, column 10
03/05/21 01:20:46 971033700 1614878446

real	0m1.947s
user	0m0.000s
sys	0m0.016s

real	0m1.172s
user	0m0.031s
sys	0m0.109s
[WARN] get LZ_TOKEN error
03/05/21 01:20:50 945340200  1614878450
use pt_key

real	0m1.110s
user	0m0.125s
sys	0m0.063s
03/05/21 01:20:52 329071500  1614878452 token: AAFgQRbzADDuNkMsdk4L5uITg_xNPYy26uYzz3s_PLwiMRNS7UAmNTvNsb5NFlCRoYllEaoFrKk

real	0m1.175s
user	0m0.094s
sys	0m0.063s
parse error: Invalid numeric literal at line 1, column 10
03/05/21 01:20:55 331253300  1614878455 secretPin: 
[WARN] get secretPin error

03/05/21 01:20:55 741445600  1614878455 肥鹅签到CeraVe适乐肤京东自营旗舰店

real	0m1.614s
user	0m0.000s
sys	0m0.094s
parse error: Invalid numeric literal at line 1, column 10
parse error: Invalid numeric literal at line 1, column 10
parse error: Invalid numeric literal at line 1, column 10
parse error: Invalid numeric literal at line 1, column 10
03/05/21 01:21:00 478515800 1614878460

real	0m2.061s
user	0m0.000s
sys	0m0.031s

real	0m0.820s
user	0m0.016s
sys	0m0.078s
[WARN] get LZ_TOKEN error
03/05/21 01:21:03 989321500  1614878463
use pt_key

real	0m1.096s
user	0m0.109s
sys	0m0.078s
03/05/21 01:21:05 357774700  1614878465 token: AAFgQRcAADCQlyTiAFhgccDXHh9dfinrGtlFdqeICfCW1TlQiJCyj2qKNBFwKvKBzJEVSx1Yh2Y

real	0m0.805s
user	0m0.000s
sys	0m0.063s
parse error: Invalid numeric literal at line 1, column 10
03/05/21 01:21:07 799453900  1614878467 secretPin: 
[WARN] get secretPin error

03/05/21 01:21:08 173493800  1614878468 肥鹅签到CeraVe适乐肤京东自营旗舰店

real	0m0.917s
user	0m0.047s
sys	0m0.078s
parse error: Invalid numeric literal at line 1, column 10
parse error: Invalid numeric literal at line 1, column 10
parse error: Invalid numeric literal at line 1, column 10
parse error: Invalid numeric literal at line 1, column 10
03/05/21 01:21:13 059971700 1614878473

real	0m2.582s
user	0m0.000s
sys	0m0.063s

real	0m1.116s
user	0m0.031s
sys	0m0.078s
[WARN] get LZ_TOKEN error
03/05/21 01:21:17 732501100  1614878477
use pt_key

real	0m1.220s
user	0m0.141s
sys	0m0.141s
03/05/21 01:21:19 332031600  1614878479 token: AAFgQRcOADDqE2xf0EaDTYXFPeM0mNrlQwgLEAndi-g3w4s5pAJgKxbK6LuHD1UWu9lKTCnvM9k

real	0m1.221s
user	0m0.047s
sys	0m0.094s
parse error: Invalid numeric literal at line 1, column 10
03/05/21 01:21:21 988634000  1614878481 secretPin: 
[WARN] get secretPin error

03/05/21 01:21:22 537547500  1614878482 肥鹅签到CeraVe适乐肤京东自营旗舰店

real	0m1.104s
user	0m0.016s
sys	0m0.109s
parse error: Invalid numeric literal at line 1, column 10
parse error: Invalid numeric literal at line 1, column 10
parse error: Invalid numeric literal at line 1, column 10
parse error: Invalid numeric literal at line 1, column 10
03/05/21 01:21:26 883312200 1614878486

real	0m2.287s
user	0m0.000s
sys	0m0.047s

real	0m1.270s
user	0m0.016s
sys	0m0.078s
[WARN] get LZ_TOKEN error
03/05/21 01:21:31 232610700  1614878491
use pt_key

real	0m1.460s
user	0m0.125s
sys	0m0.047s
03/05/21 01:21:32 984914300  1614878492 token: AAFgQRccADBRULZgQlEemC4o4bOVj0hW6ZlrUZ2tCHoqTlORtQzSK40MLn8R1djB4ad1kQ0iKXY

real	0m1.058s
user	0m0.047s
sys	0m0.094s
parse error: Invalid numeric literal at line 1, column 10
03/05/21 01:21:35 179618300  1614878495 secretPin: 
[WARN] get secretPin error

03/05/21 01:21:35 335807900  1614878495 肥鹅签到CeraVe适乐肤京东自营旗舰店

real	0m1.466s
user	0m0.047s
sys	0m0.125s
parse error: Invalid numeric literal at line 1, column 10
parse error: Invalid numeric literal at line 1, column 10
parse error: Invalid numeric literal at line 1, column 10
parse error: Invalid numeric literal at line 1, column 10
03/05/21 01:21:41 356758700 1614878501

real	0m2.883s
user	0m0.016s
sys	0m0.047s

real	0m1.500s
user	0m0.031s
sys	0m0.047s
[WARN] get LZ_TOKEN error
03/05/21 01:21:46 714714000  1614878506
use pt_key

real	0m1.333s
user	0m0.109s
sys	0m0.125s
03/05/21 01:21:48 204112200  1614878508 token: AAFgQRcrADCs8xxarsSKFokoj2LP88TcanwuHFZaoi8joyeKsqjbl5YsCfYzJTOqNLXAlaoMDc4

real	0m1.402s
user	0m0.031s
sys	0m0.094s
parse error: Invalid numeric literal at line 1, column 10
03/05/21 01:21:51 167430400  1614878511 secretPin: 
[WARN] get secretPin error

03/05/21 01:21:51 398405700  1614878511 肥鹅签到CeraVe适乐肤京东自营旗舰店

real	0m0.939s
user	0m0.016s
sys	0m0.078s
parse error: Invalid numeric literal at line 1, column 10
parse error: Invalid numeric literal at line 1, column 10
parse error: Invalid numeric literal at line 1, column 10
parse error: Invalid numeric literal at line 1, column 10
03/05/21 01:21:55 206031300 1614878515

real	0m3.172s
user	0m0.000s
sys	0m0.047s

real	0m1.105s
user	0m0.031s
sys	0m0.063s
[WARN] get LZ_TOKEN error
03/05/21 01:22:00 275071100  1614878520
use pt_key

real	0m0.826s
user	0m0.094s
sys	0m0.063s
03/05/21 01:22:01 410612000  1614878521 token: AAFgQRc4ADCOZUeOH1ShGb83ICS5HZHhHevYO_hSL85hRk393f5Mel6Ed9-fM4D2RZyRQKxopiw

real	0m1.310s
user	0m0.016s
sys	0m0.078s
parse error: Invalid numeric literal at line 1, column 10
03/05/21 01:22:03 986240700  1614878523 secretPin: 
[WARN] get secretPin error

03/05/21 01:22:04 241404900  1614878524 肥鹅签到CeraVe适乐肤京东自营旗舰店

real	0m0.981s
user	0m0.031s
sys	0m0.094s
parse error: Invalid numeric literal at line 1, column 10
parse error: Invalid numeric literal at line 1, column 10
parse error: Invalid numeric literal at line 1, column 10
parse error: Invalid numeric literal at line 1, column 10
03/05/21 01:22:07 907802100 1614878527

real	0m3.445s
user	0m0.000s
sys	0m0.016s

real	0m1.376s
user	0m0.031s
sys	0m0.047s
[WARN] get LZ_TOKEN error
03/05/21 01:22:13 547836500  1614878533
use pt_key

real	0m1.232s
user	0m0.094s
sys	0m0.156s
03/05/21 01:22:15 133089800  1614878535 token: AAFgQRdGADAaiJoCDSMU63dGyJVcvW6zmvGIibto_9U1OSS8gobhYFV4uHmSPNsq_36f98KkNro

real	0m0.985s
user	0m0.031s
sys	0m0.047s
parse error: Invalid numeric literal at line 1, column 10
03/05/21 01:22:17 660661900  1614878537 secretPin: 
[WARN] get secretPin error

03/05/21 01:22:17 965111600  1614878537 肥鹅签到CeraVe适乐肤京东自营旗舰店

real	0m0.984s
user	0m0.016s
sys	0m0.094s
parse error: Invalid numeric literal at line 1, column 10
parse error: Invalid numeric literal at line 1, column 10
parse error: Invalid numeric literal at line 1, column 10
parse error: Invalid numeric literal at line 1, column 10
03/05/21 01:22:21 229421000 1614878541

real	0m3.191s
user	0m0.000s
sys	0m0.000s

real	0m1.153s
user	0m0.016s
sys	0m0.063s
[WARN] get LZ_TOKEN error
03/05/21 01:22:26 747526100  1614878546
use pt_key

real	0m1.615s
user	0m0.109s
sys	0m0.078s
03/05/21 01:22:28 567946000  1614878548 token: AAFgQRdUADAf5ZjfcMNFrywOZwp87LAxZRECg4puAD0VTe5gGnNMe7jMc9KRzbe2ecO7064jqog

real	0m1.034s
user	0m0.016s
sys	0m0.141s
parse error: Invalid numeric literal at line 1, column 10
03/05/21 01:22:30 736895500  1614878550 secretPin: 
[WARN] get secretPin error

03/05/21 01:22:31 001777700  1614878551 肥鹅签到CeraVe适乐肤京东自营旗舰店

real	0m0.762s
user	0m0.047s
sys	0m0.109s
parse error: Invalid numeric literal at line 1, column 10
parse error: Invalid numeric literal at line 1, column 10
parse error: Invalid numeric literal at line 1, column 10
parse error: Invalid numeric literal at line 1, column 10
03/05/21 01:22:35 088875000 1614878555

real	0m3.473s
user	0m0.000s
sys	0m0.016s

real	0m2.513s
user	0m0.016s
sys	0m0.125s
[WARN] get LZ_TOKEN error
03/05/21 01:22:41 774248900  1614878561
use pt_key

real	0m1.593s
user	0m0.109s
sys	0m0.156s
03/05/21 01:22:43 639136900  1614878563 token: AAFgQRdjADDaVCOnObiiLMNMgBa4_e3OvvO-r655r2QVdNgfqV-FzVkLEFklk9IwFN8pqwCX1RM

real	0m1.059s
user	0m0.047s
sys	0m0.094s
parse error: Invalid numeric literal at line 1, column 10
03/05/21 01:22:45 963623200  1614878565 secretPin: 
[WARN] get secretPin error

03/05/21 01:22:46 370626400  1614878566 肥鹅签到CeraVe适乐肤京东自营旗舰店

real	0m1.106s
user	0m0.047s
sys	0m0.109s
parse error: Invalid numeric literal at line 1, column 10
parse error: Invalid numeric literal at line 1, column 10
parse error: Invalid numeric literal at line 1, column 10
parse error: Invalid numeric literal at line 1, column 10
03/05/21 01:22:50 309952400 1614878570

real	0m3.356s
user	0m0.000s
sys	0m0.031s

real	0m0.935s
user	0m0.031s
sys	0m0.109s
[WARN] get LZ_TOKEN error
03/05/21 01:22:55 071401500  1614878575
use pt_key

real	0m1.038s
user	0m0.063s
sys	0m0.094s
03/05/21 01:22:56 496530600  1614878576 token: AAFgQRdvADAcfwcOCHu4bNWNw-9byHUvpPhyw4ryIEx5wjYYyIQtdZSziYZE1_RRJevZWs7tars

real	0m1.433s
user	0m0.063s
sys	0m0.078s
parse error: Invalid numeric literal at line 1, column 10
03/05/21 01:23:00 303453600  1614878580 secretPin: 
[WARN] get secretPin error

03/05/21 01:23:00 713724200  1614878580 肥鹅签到CeraVe适乐肤京东自营旗舰店

real	0m1.173s
user	0m0.016s
sys	0m0.109s
parse error: Invalid numeric literal at line 1, column 10
parse error: Invalid numeric literal at line 1, column 10
parse error: Invalid numeric literal at line 1, column 10
parse error: Invalid numeric literal at line 1, column 10
03/05/21 01:23:04 154429400 1614878584

real	0m3.710s
user	0m0.000s
sys	0m0.078s

real	0m1.095s
user	0m0.047s
sys	0m0.063s
[WARN] get LZ_TOKEN error
03/05/21 01:23:09 543795700  1614878589
use pt_key

real	0m2.068s
user	0m0.125s
sys	0m0.156s
03/05/21 01:23:11 861815900  1614878591 token: AAFgQRd_ADA0dUE1Ndzqqk8uoyE-_NuarlkgXtOZw7UlYMdYm5egRjerUA2FvG7lY-TjMAhie0I

real	0m1.111s
user	0m0.031s
sys	0m0.094s
parse error: Invalid numeric literal at line 1, column 10
03/05/21 01:23:14 611731100  1614878594 secretPin: 
[WARN] get secretPin error

03/05/21 01:23:15 136018100  1614878595 肥鹅签到CeraVe适乐肤京东自营旗舰店

real	0m1.311s
user	0m0.031s
sys	0m0.078s
parse error: Invalid numeric literal at line 1, column 10
parse error: Invalid numeric literal at line 1, column 10
parse error: Invalid numeric literal at line 1, column 10
parse error: Invalid numeric literal at line 1, column 10
03/05/21 01:23:19 799907100 1614878599

real	0m4.051s
user	0m0.000s
sys	0m0.000s

real	0m1.220s
user	0m0.016s
sys	0m0.125s
[WARN] get LZ_TOKEN error
03/05/21 01:23:25 743221100  1614878605
use pt_key

real	0m0.960s
user	0m0.078s
sys	0m0.125s
03/05/21 01:23:26 905467600  1614878606 token: AAFgQReOADA0pX9815Rh44CqeOJKg_mVhqWNHcE0VXuuwfaeZ-p99v0J4s-tZtrmIvmtLfLEbf4

real	0m0.760s
user	0m0.016s
sys	0m0.094s
parse error: Invalid numeric literal at line 1, column 10
03/05/21 01:23:28 685046700  1614878608 secretPin: 
[WARN] get secretPin error

03/05/21 01:23:29 130479700  1614878609 肥鹅签到CeraVe适乐肤京东自营旗舰店

real	0m0.948s
user	0m0.031s
sys	0m0.094s
parse error: Invalid numeric literal at line 1, column 10
parse error: Invalid numeric literal at line 1, column 10
parse error: Invalid numeric literal at line 1, column 10
parse error: Invalid numeric literal at line 1, column 10
03/05/21 01:23:32 693861800 1614878612

real	0m4.221s
user	0m0.000s
sys	0m0.016s

real	0m0.664s
user	0m0.063s
sys	0m0.109s
[WARN] get LZ_TOKEN error
03/05/21 01:23:38 175807000  1614878618
use pt_key

real	0m0.926s
user	0m0.125s
sys	0m0.125s
03/05/21 01:23:39 490252800  1614878619 token: AAFgQReaADA3DKPzop6AwdYBRTu-WsffdJIu6-ek7piN3VlWzZ_xgSg2Z4tRbD5J0WNUwwSn8CA

real	0m2.411s
user	0m0.031s
sys	0m0.078s
parse error: Invalid numeric literal at line 1, column 10
03/05/21 01:23:43 293367000  1614878623 secretPin: 
[WARN] get secretPin error

03/05/21 01:23:43 654750400  1614878623 肥鹅签到CeraVe适乐肤京东自营旗舰店

real	0m0.671s
user	0m0.047s
sys	0m0.109s
parse error: Invalid numeric literal at line 1, column 10
parse error: Invalid numeric literal at line 1, column 10
parse error: Invalid numeric literal at line 1, column 10
parse error: Invalid numeric literal at line 1, column 10
03/05/21 01:23:47 451349300 1614878627

real	0m4.401s
user	0m0.000s
sys	0m0.031s

real	0m0.776s
user	0m0.016s
sys	0m0.094s
[WARN] get LZ_TOKEN error
03/05/21 01:23:53 155085800  1614878633
use pt_key

real	0m0.809s
user	0m0.094s
sys	0m0.094s
03/05/21 01:23:54 158480900  1614878634 token: AAFgQRepADD4gBfxhemtn42YcDICXeoKUL4Xw7RIieUaFsO73jbrpobnBgUycRusoVDOEKR5chY

real	0m0.630s
user	0m0.016s
sys	0m0.094s
parse error: Invalid numeric literal at line 1, column 10
03/05/21 01:23:55 734683100  1614878635 secretPin: 
[WARN] get secretPin error

03/05/21 01:23:55 907998700  1614878635 肥鹅签到CeraVe适乐肤京东自营旗舰店

real	0m0.623s
user	0m0.063s
sys	0m0.094s
parse error: Invalid numeric literal at line 1, column 10
parse error: Invalid numeric literal at line 1, column 10
parse error: Invalid numeric literal at line 1, column 10
parse error: Invalid numeric literal at line 1, column 10
03/05/21 01:23:58 089319600 1614878638

real	0m4.107s
user	0m0.000s
sys	0m0.031s

real	0m0.528s
user	0m0.016s
sys	0m0.078s
[WARN] get LZ_TOKEN error
03/05/21 01:24:03 017656400  1614878643
use pt_key

real	0m0.631s
user	0m0.109s
sys	0m0.094s
03/05/21 01:24:03 750263300  1614878643 token: AAFgQRezADBFlUvi_3FnQyeUJ9mGk56OOip5erreSkoQiR4yRZoqhJ7wvQDwyDeUJUhvboctjKE

real	0m0.424s
user	0m0.016s
sys	0m0.094s
parse error: Invalid numeric literal at line 1, column 10
03/05/21 01:24:04 673749400  1614878644 secretPin: 
[WARN] get secretPin error

03/05/21 01:24:04 789649400  1614878644 肥鹅签到CeraVe适乐肤京东自营旗舰店

real	0m0.455s
user	0m0.031s
sys	0m0.094s
parse error: Invalid numeric literal at line 1, column 10
parse error: Invalid numeric literal at line 1, column 10
parse error: Invalid numeric literal at line 1, column 10
parse error: Invalid numeric literal at line 1, column 10
03/05/21 01:24:06 154798200 1614878646

real	0m4.138s
user	0m0.000s
sys	0m0.063s
03/05/21 01:25:10 414566900  1614878710
parse error: Invalid numeric literal at line 1, column 10
签到是否成功解析失败. 不再写/home/myid/jd/jd_signup/vender/shop_1614698214_0

肥鹅签到CeraVe适乐肤京东自营旗舰店查看结果



CeraVe适乐肤京东自营旗舰店活动规则


actId=c498049594e449268869100c32e121f4
venderId=1000224204
startTime=1614528000000
endTime=1615219199000
# 短链接
suo_url="https://3.cn/1016NO-YY"
actTimeStr="2021-03-01 00:00 至 2021-03-08 23:59"
#店铺名称
vendername="CeraVe适乐肤京东自营旗舰店"
# 长链接
url=https://lzkj-isv.isvjcloud.com/sign/signActivity2?activityId=c498049594e449268869100c32e121f4&venderId=1000224204&sceneval=2&jxsid=16146428113866014329
# 活动时间：2021.03.01 00:00:00 - 2021.03.08 23:59:59
# 奖励说明：
actRule="
连续签到1天：3京豆 3京豆
连续签到2天：3京豆 3京豆
连续签到3天：3京豆 3京豆
连续签到4天：3京豆 3京豆
连续签到5天：3京豆 3京豆
连续签到6天：3京豆 3京豆
连续签到7天：6京豆 6京豆
"
#王 1309893722-164885 sign_res
sign_res="
signTime=1614643200;signed=2
signTime=1614729600;signed=2
signTime=1614816000;signed=2"
sign_num="3"
sign_total_num="3"
giftName=""3京豆""
giftRes="ok"
giftDate="20210304"
sign_res_info="
2021/03/02_08:00:00  [已~签~到]      
2021/03/03_08:00:00  [已~签~到]      
2021/03/04_08:00:00  [已~签~到]      
当天签到奖励 ["3京豆"]
连续签到 3 天
签到总天数 3"
#王 1309893722-164885 sign_res_end
#肥鹅 jd_4d651d9e48204 sign_res
sign_res="
signTime=1614643200;signed=2
signTime=1614729600;signed=2
signTime=1614816000;signed=2"
sign_num="3"
sign_total_num="3"
giftName=""3京豆""
giftRes="ok"
giftDate="20210304"
sign_res_info="
2021/03/02_08:00:00  [已~签~到]      
2021/03/03_08:00:00  [已~签~到]      
2021/03/04_08:00:00  [已~签~到]      
当天签到奖励 ["3京豆"]
连续签到 3 天
签到总天数 3"
#肥鹅 jd_4d651d9e48204 sign_res_end
#赵 122294312-396444 sign_res
sign_res="
signTime=1614643200;signed=2
signTime=1614729600;signed=2
signTime=1614816000;signed=2"
sign_num="3"
sign_total_num="3"
giftName=""3京豆""
giftRes="ok"
giftDate="20210304"
sign_res_info="
2021/03/02_08:00:00  [已~签~到]      
2021/03/03_08:00:00  [已~签~到]      
2021/03/04_08:00:00  [已~签~到]      
当天签到奖励 ["3京豆"]
连续签到 3 天
签到总天数 3"
#赵 122294312-396444 sign_res_end
#移动 jd_OeTNobRVGiNZ sign_res
sign_res="
"
sign_num="0"
sign_total_num="0"
giftName=""
giftRes=""
giftDate="20210305"
sign_res_info="

当天签到奖励 []
连续签到 0 天
签到总天数 0"
#移动 jd_OeTNobRVGiNZ sign_res_end
