02/28/21 02:03:02 295833100  1614448982
RANDOM_num: 15
removed '/tmp/tmp.1dadXGshVZ'
02/28/21 02:03:05 444835400  1614448985 æ£€æŸ¥ç‹ç­¾åˆ°

real	0m1.346s
user	0m0.031s
sys	0m0.063s
[WARN] get LZ_TOKEN error
02/28/21 02:03:09 440191000  1614448989
use pt_key

real	0m1.157s
user	0m0.141s
sys	0m0.109s
02/28/21 02:03:10 890512600  1614448990 token: AAFgOoleADBQJygTi1GH-17NGReN-O9SMOcsS3b1QeAx9tK_S3WZ-Heh1lzCdHp_RbyzrAcYZHw
parse error: Invalid numeric literal at line 1, column 10

real	0m1.431s
user	0m0.141s
sys	0m0.094s
02/28/21 02:03:12 751425200  1614448992 secretPin: 
[WARN] get secretPin error

02/28/21 02:03:13 062453200  1614448993 ç‹ç­¾åˆ°æ¨å›½ç¦æ——èˆ°åº—

real	0m1.540s
user	0m0.063s
sys	0m0.047s
parse error: Invalid numeric literal at line 1, column 10
parse error: Invalid numeric literal at line 1, column 10
parse error: Invalid numeric literal at line 1, column 10
parse error: Invalid numeric literal at line 1, column 10
02/28/21 02:03:18 915737200 1614448998

real	0m1.618s
user	0m0.000s
sys	0m0.031s

real	0m1.651s
user	0m0.031s
sys	0m0.047s
[WARN] get LZ_TOKEN error
02/28/21 02:03:23 278240100  1614449003
use pt_key

real	0m1.607s
user	0m0.125s
sys	0m0.063s
02/28/21 02:03:25 342035400  1614449005 token: AAFgOolsADAJVkldJg6Du0_F3cRFPdxbdsenrvqgl1UIwAn50JkOW59LWsGMCIqjD6nYSws87Js
parse error: Invalid numeric literal at line 1, column 10

real	0m1.753s
user	0m0.109s
sys	0m0.078s
02/28/21 02:03:27 380148200  1614449007 secretPin: 
[WARN] get secretPin error

02/28/21 02:03:27 989265800  1614449007 ç‹ç­¾åˆ°æ¨å›½ç¦æ——èˆ°åº—

real	0m1.241s
user	0m0.016s
sys	0m0.109s
parse error: Invalid numeric literal at line 1, column 10
parse error: Invalid numeric literal at line 1, column 10
parse error: Invalid numeric literal at line 1, column 10
parse error: Invalid numeric literal at line 1, column 10
02/28/21 02:03:34 949054400 1614449014

real	0m1.744s
user	0m0.000s
sys	0m0.016s

real	0m1.869s
user	0m0.047s
sys	0m0.063s
[WARN] get LZ_TOKEN error
02/28/21 02:03:40 808955100  1614449020
use pt_key

real	0m1.477s
user	0m0.109s
sys	0m0.078s
02/28/21 02:03:42 682969800  1614449022 token: AAFgOol-ADBv1m3uXVMDz2a9UwyKZNNB_EFa6DzeNXo59VcviIVLjOGs10iDZGsn3DcAMdZ2_po
parse error: Invalid numeric literal at line 1, column 10

real	0m2.191s
user	0m0.109s
sys	0m0.078s
02/28/21 02:03:45 743700000  1614449025 secretPin: 
[WARN] get secretPin error

02/28/21 02:03:46 301954900  1614449026 ç‹ç­¾åˆ°æ¨å›½ç¦æ——èˆ°åº—

real	0m1.471s
user	0m0.031s
sys	0m0.063s
parse error: Invalid numeric literal at line 1, column 10
parse error: Invalid numeric literal at line 1, column 10
parse error: Invalid numeric literal at line 1, column 10
parse error: Invalid numeric literal at line 1, column 10
02/28/21 02:03:52 478907500 1614449032

real	0m2.377s
user	0m0.000s
sys	0m0.047s

real	0m2.628s
user	0m0.016s
sys	0m0.109s
[WARN] get LZ_TOKEN error
02/28/21 02:03:59 010705900  1614449039
use pt_key

real	0m2.070s
user	0m0.094s
sys	0m0.109s
02/28/21 02:04:01 584371200  1614449041 token: AAFgOomQADAGZjK1iTYUbsBYgFQOscMDI3_UGla--pp0hc5enIDZs4IaIsBI5pcH-qNbQjQ7kYE
parse error: Invalid numeric literal at line 1, column 10

real	0m1.454s
user	0m0.125s
sys	0m0.094s
02/28/21 02:04:04 526041900  1614449044 secretPin: 
[WARN] get secretPin error

02/28/21 02:04:05 216227000  1614449045 ç‹ç­¾åˆ°æ¨å›½ç¦æ——èˆ°åº—

real	0m1.804s
user	0m0.031s
sys	0m0.094s
parse error: Invalid numeric literal at line 1, column 10
parse error: Invalid numeric literal at line 1, column 10
parse error: Invalid numeric literal at line 1, column 10
parse error: Invalid numeric literal at line 1, column 10
02/28/21 02:04:14 347836300 1614449054

real	0m2.880s
user	0m0.000s
sys	0m0.063s

real	0m3.113s
user	0m0.016s
sys	0m0.125s
[WARN] get LZ_TOKEN error
02/28/21 02:04:22 801922700  1614449062
use pt_key

real	0m3.415s
user	0m0.125s
sys	0m0.109s
02/28/21 02:04:26 847927700  1614449066 token: AAFgOompADBym3MbVCK1j4wsAopM8iPtCdmT2O5DHT7O7qdMrup5rCSh64r1gT8qlfKiRSCgcEQ
parse error: Invalid numeric literal at line 1, column 10

real	0m2.664s
user	0m0.094s
sys	0m0.078s
02/28/21 02:04:30 123782800  1614449070 secretPin: 
[WARN] get secretPin error

02/28/21 02:04:30 918204700  1614449070 ç‹ç­¾åˆ°æ¨å›½ç¦æ——èˆ°åº—

real	0m2.195s
user	0m0.047s
sys	0m0.047s
parse error: Invalid numeric literal at line 1, column 10
parse error: Invalid numeric literal at line 1, column 10
parse error: Invalid numeric literal at line 1, column 10
parse error: Invalid numeric literal at line 1, column 10
02/28/21 02:04:41 214408600 1614449081

real	0m3.026s
user	0m0.000s
sys	0m0.047s

real	0m2.285s
user	0m0.031s
sys	0m0.078s
[WARN] get LZ_TOKEN error
02/28/21 02:04:47 753250100  1614449087
use pt_key

real	0m1.618s
user	0m0.078s
sys	0m0.094s
02/28/21 02:04:49 837073800  1614449089 token: AAFgOonBADCuutNXYa7GOmUdDAQlYwMDNnaKA8d_IJKI6V-iFkpehva1jm85ddIShVxKXKt-sgo
parse error: Invalid numeric literal at line 1, column 10

real	0m2.221s
user	0m0.094s
sys	0m0.109s
02/28/21 02:04:52 484639100  1614449092 secretPin: 
[WARN] get secretPin error

02/28/21 02:04:52 962017700  1614449092 ç‹ç­¾åˆ°æ¨å›½ç¦æ——èˆ°åº—

real	0m2.141s
user	0m0.063s
sys	0m0.063s
parse error: Invalid numeric literal at line 1, column 10
parse error: Invalid numeric literal at line 1, column 10
parse error: Invalid numeric literal at line 1, column 10
parse error: Invalid numeric literal at line 1, column 10
02/28/21 02:05:03 735287100 1614449103

real	0m4.464s
user	0m0.000s
sys	0m0.031s

real	0m2.553s
user	0m0.016s
sys	0m0.078s
[WARN] get LZ_TOKEN error
02/28/21 02:05:12 032580100  1614449112
use pt_key

real	0m2.933s
user	0m0.094s
sys	0m0.109s
02/28/21 02:05:15 850412500  1614449115 token: AAFgOonaADCk1_yDsHUG2p8uysPKQksEmA7APHUiCGYhvnkHSph3C6mZf3-ETGLnaXJcwXbUNiw
parse error: Invalid numeric literal at line 1, column 10

real	0m2.439s
user	0m0.109s
sys	0m0.109s
02/28/21 02:05:18 823990000  1614449118 secretPin: 
[WARN] get secretPin error

02/28/21 02:05:19 239015500  1614449119 ç‹ç­¾åˆ°æ¨å›½ç¦æ——èˆ°åº—

real	0m2.406s
user	0m0.016s
sys	0m0.094s
parse error: Invalid numeric literal at line 1, column 10
parse error: Invalid numeric literal at line 1, column 10
parse error: Invalid numeric literal at line 1, column 10
parse error: Invalid numeric literal at line 1, column 10
02/28/21 02:05:36 034866400 1614449136

real	0m3.706s
user	0m0.000s
sys	0m0.031s

real	0m3.316s
user	0m0.047s
sys	0m0.078s
[WARN] get LZ_TOKEN error
02/28/21 02:05:46 971799500  1614449146
use pt_key

real	0m2.094s
user	0m0.125s
sys	0m0.094s
02/28/21 02:05:49 741687500  1614449149 token: AAFgOon8ADAa-rjRVq698TbenjfGrAeFjhHhEd7Z606PYcqKFMKX0XkxN27FcBg9QfdzQ_Ja-zQ
parse error: Invalid numeric literal at line 1, column 10

real	0m2.956s
user	0m0.078s
sys	0m0.094s
02/28/21 02:05:53 049591700  1614449153 secretPin: 
[WARN] get secretPin error

02/28/21 02:05:54 125085200  1614449154 ç‹ç­¾åˆ°æ¨å›½ç¦æ——èˆ°åº—

real	0m2.582s
user	0m0.047s
sys	0m0.078s
parse error: Invalid numeric literal at line 1, column 10
parse error: Invalid numeric literal at line 1, column 10
parse error: Invalid numeric literal at line 1, column 10
parse error: Invalid numeric literal at line 1, column 10
02/28/21 02:06:07 286597300 1614449167

real	0m3.870s
user	0m0.000s
sys	0m0.016s

real	0m3.276s
user	0m0.031s
sys	0m0.078s
[WARN] get LZ_TOKEN error
02/28/21 02:06:17 683505200  1614449177
use pt_key

real	0m2.646s
user	0m0.078s
sys	0m0.094s
02/28/21 02:06:21 095050400  1614449181 token: AAFgOoobADCyKYUZjzZsD_m8t76HLvLSStmUJWAHkIX6an2yqtEkXs81Kt_ZU21mGbGkRu1zoPY
parse error: Invalid numeric literal at line 1, column 10

real	0m4.767s
user	0m0.094s
sys	0m0.125s
02/28/21 02:06:26 846223600  1614449186 secretPin: 
[WARN] get secretPin error

02/28/21 02:06:27 583864000  1614449187 ç‹ç­¾åˆ°æ¨å›½ç¦æ——èˆ°åº—

real	0m2.370s
user	0m0.000s
sys	0m0.109s
parse error: Invalid numeric literal at line 1, column 10
parse error: Invalid numeric literal at line 1, column 10
parse error: Invalid numeric literal at line 1, column 10
parse error: Invalid numeric literal at line 1, column 10
02/28/21 02:06:38 865436700 1614449198

real	0m3.790s
user	0m0.016s
sys	0m0.031s

real	0m2.073s
user	0m0.016s
sys	0m0.094s
[WARN] get LZ_TOKEN error
02/28/21 02:06:48 162033800  1614449208
use pt_key

real	0m3.785s
user	0m0.094s
sys	0m0.109s
02/28/21 02:06:52 576015100  1614449212 token: AAFgOoo7ADBKg242t3EHlauxwsDpzEd8FDjT0fgiZ2-zyPIvi8-llBrk71r0vjBTjr8aWPenpXQ
parse error: Invalid numeric literal at line 1, column 10

real	0m4.215s
user	0m0.078s
sys	0m0.125s
02/28/21 02:06:57 580233300  1614449217 secretPin: 
[WARN] get secretPin error

02/28/21 02:06:58 516380400  1614449218 ç‹ç­¾åˆ°æ¨å›½ç¦æ——èˆ°åº—

real	0m2.130s
user	0m0.031s
sys	0m0.094s
parse error: Invalid numeric literal at line 1, column 10
parse error: Invalid numeric literal at line 1, column 10
parse error: Invalid numeric literal at line 1, column 10
parse error: Invalid numeric literal at line 1, column 10
02/28/21 02:07:19 034681400 1614449239

real	0m3.772s
user	0m0.000s
sys	0m0.031s

real	0m2.478s
user	0m0.047s
sys	0m0.094s
[WARN] get LZ_TOKEN error
02/28/21 02:07:36 421473300  1614449256
use pt_key

real	0m2.415s
user	0m0.047s
sys	0m0.125s
02/28/21 02:07:39 248305200  1614449259 token: AAFgOopqADBCzGDZx83U-1yj9vG3aZC6J8EIsjzNq34mAg2eCPgyMBeRkZhBP7xY0nCI43V9xWg
parse error: Invalid numeric literal at line 1, column 10

real	0m3.332s
user	0m0.141s
sys	0m0.125s
02/28/21 02:07:43 234625300  1614449263 secretPin: 
[WARN] get secretPin error

02/28/21 02:07:44 254270300  1614449264 ç‹ç­¾åˆ°æ¨å›½ç¦æ——èˆ°åº—

real	0m2.274s
user	0m0.047s
sys	0m0.063s
parse error: Invalid numeric literal at line 1, column 10
parse error: Invalid numeric literal at line 1, column 10
parse error: Invalid numeric literal at line 1, column 10
parse error: Invalid numeric literal at line 1, column 10
02/28/21 02:07:56 198023900 1614449276

real	0m3.352s
user	0m0.000s
sys	0m0.031s

real	0m4.027s
user	0m0.000s
sys	0m0.109s
[WARN] get LZ_TOKEN error
02/28/21 02:08:09 443874600  1614449289
use pt_key

real	0m3.223s
user	0m0.125s
sys	0m0.109s
02/28/21 02:08:13 521482400  1614449293 token: AAFgOoqMADBYtnGwkIjNtQ7pWD5Yuv3v8gZLTTYgSEcT6BFhUXOr_e6gNPeYV_l6qN5tHikPqsE
parse error: Invalid numeric literal at line 1, column 10

real	0m4.384s
user	0m0.063s
sys	0m0.125s
02/28/21 02:08:18 924313800  1614449298 secretPin: 
[WARN] get secretPin error

02/28/21 02:08:19 553280300  1614449299 ç‹ç­¾åˆ°æ¨å›½ç¦æ——èˆ°åº—

real	0m3.437s
user	0m0.016s
sys	0m0.094s
parse error: Invalid numeric literal at line 1, column 10
parse error: Invalid numeric literal at line 1, column 10
parse error: Invalid numeric literal at line 1, column 10
parse error: Invalid numeric literal at line 1, column 10
02/28/21 02:08:36 854059600 1614449316

real	0m5.096s
user	0m0.000s
sys	0m0.016s

real	0m2.743s
user	0m0.016s
sys	0m0.078s
[WARN] get LZ_TOKEN error
02/28/21 02:08:47 044283500  1614449327
use pt_key

real	0m3.104s
user	0m0.109s
sys	0m0.125s
02/28/21 02:08:51 115240000  1614449331 token: AAFgOoqxADBxZgke-nFIbKdIF2m_evTlN8Wf_RcES65C08l6uFSgG6pw8vtC7mYoju4OtvT3iT0
parse error: Invalid numeric literal at line 1, column 10

real	0m3.303s
user	0m0.094s
sys	0m0.125s
02/28/21 02:08:55 785249200  1614449335 secretPin: 
[WARN] get secretPin error

02/28/21 02:08:56 221946600  1614449336 ç‹ç­¾åˆ°æ¨å›½ç¦æ——èˆ°åº—

real	0m2.435s
user	0m0.031s
sys	0m0.063s
parse error: Invalid numeric literal at line 1, column 10
parse error: Invalid numeric literal at line 1, column 10
parse error: Invalid numeric literal at line 1, column 10
parse error: Invalid numeric literal at line 1, column 10
02/28/21 02:09:07 018716300 1614449347

real	0m4.308s
user	0m0.000s
sys	0m0.000s

real	0m3.536s
user	0m0.000s
sys	0m0.094s
[WARN] get LZ_TOKEN error
02/28/21 02:09:21 295756600  1614449361
use pt_key

real	0m3.719s
user	0m0.078s
sys	0m0.109s
02/28/21 02:09:25 394424200  1614449365 token: AAFgOorUADATZxedNV65gM8JyHYZS65fBijQDCh2sHxrYhb931ERzvFgflBc6No2JMz3yqVeqkg
parse error: Invalid numeric literal at line 1, column 10

real	0m2.619s
user	0m0.109s
sys	0m0.141s
02/28/21 02:09:29 444037500  1614449369 secretPin: 
[WARN] get secretPin error

02/28/21 02:09:30 677576400  1614449370 ç‹ç­¾åˆ°æ¨å›½ç¦æ——èˆ°åº—

real	0m2.154s
user	0m0.047s
sys	0m0.078s
parse error: Invalid numeric literal at line 1, column 10
parse error: Invalid numeric literal at line 1, column 10
parse error: Invalid numeric literal at line 1, column 10
parse error: Invalid numeric literal at line 1, column 10
02/28/21 02:09:43 087334600 1614449383

real	0m5.060s
user	0m0.000s
sys	0m0.078s

real	0m4.139s
user	0m0.016s
sys	0m0.109s
[WARN] get LZ_TOKEN error
02/28/21 02:09:55 279782800  1614449395
use pt_key

real	0m2.374s
user	0m0.109s
sys	0m0.063s
02/28/21 02:09:58 701456200  1614449398 token: AAFgOor1ADAOBxZ95tcQSCWRinNQvA7kOpme0pdNmVVHKoVIOJW2V9w6NXYbWUR6dk478ANTkuY
parse error: Invalid numeric literal at line 1, column 10

real	0m3.999s
user	0m0.125s
sys	0m0.109s
02/28/21 02:10:04 251964000  1614449404 secretPin: 
[WARN] get secretPin error

02/28/21 02:10:05 204391900  1614449405 ç‹ç­¾åˆ°æ¨å›½ç¦æ——èˆ°åº—

real	0m2.053s
user	0m0.016s
sys	0m0.125s
parse error: Invalid numeric literal at line 1, column 10
parse error: Invalid numeric literal at line 1, column 10
parse error: Invalid numeric literal at line 1, column 10
parse error: Invalid numeric literal at line 1, column 10
02/28/21 02:10:18 643805300 1614449418

real	0m4.898s
user	0m0.016s
sys	0m0.031s

real	0m3.610s
user	0m0.031s
sys	0m0.094s
[WARN] get LZ_TOKEN error
02/28/21 02:10:29 464280200  1614449429
use pt_key

real	0m2.681s
user	0m0.125s
sys	0m0.109s
02/28/21 02:10:34 188962700  1614449434 token: AAFgOosXADCjn4F6sSrThZG8qyRexpll_twXSeTyBklnx-pvBbK-Io5OThwpffkyBKRbTOn-4Tk
parse error: Invalid numeric literal at line 1, column 10

real	0m2.953s
user	0m0.094s
sys	0m0.109s
02/28/21 02:10:37 690176700  1614449437 secretPin: 
[WARN] get secretPin error

02/28/21 02:10:38 362865100  1614449438 ç‹ç­¾åˆ°æ¨å›½ç¦æ——èˆ°åº—

real	0m2.096s
user	0m0.031s
sys	0m0.109s
parse error: Invalid numeric literal at line 1, column 10
parse error: Invalid numeric literal at line 1, column 10
parse error: Invalid numeric literal at line 1, column 10
parse error: Invalid numeric literal at line 1, column 10
02/28/21 02:10:48 877063400 1614449448

real	0m5.005s
user	0m0.000s
sys	0m0.063s

real	0m2.547s
user	0m0.047s
sys	0m0.063s
[WARN] get LZ_TOKEN error
02/28/21 02:11:00 232283200  1614449460
use pt_key

real	0m2.791s
user	0m0.109s
sys	0m0.094s
02/28/21 02:11:04 870644800  1614449464 token: AAFgOos2ADBokXXerpt6OZ_XixPY_lp83oUZK5v7_rOmrTKJsMm52PbcxMXVfUzFS83_fjkKt9k
parse error: Invalid numeric literal at line 1, column 10

real	0m2.833s
user	0m0.125s
sys	0m0.141s
02/28/21 02:11:08 623736900  1614449468 secretPin: 
[WARN] get secretPin error

02/28/21 02:11:09 306702200  1614449469 ç‹ç­¾åˆ°æ¨å›½ç¦æ——èˆ°åº—

real	0m2.665s
user	0m0.031s
sys	0m0.094s
parse error: Invalid numeric literal at line 1, column 10
parse error: Invalid numeric literal at line 1, column 10
parse error: Invalid numeric literal at line 1, column 10
parse error: Invalid numeric literal at line 1, column 10
02/28/21 02:11:19 296767400 1614449479

real	0m6.103s
user	0m0.000s
sys	0m0.016s

real	0m1.707s
user	0m0.047s
sys	0m0.063s
[WARN] get LZ_TOKEN error
02/28/21 02:11:28 826058500  1614449488
use pt_key

real	0m3.208s
user	0m0.109s
sys	0m0.078s
02/28/21 02:11:32 803512600  1614449492 token: AAFgOotTADC_m60jDD_eo-EGPSCUVQS-atQLgJ0W-fwcDW-FQuPuafQb7c5wbbyeONcGFYzC7UI
parse error: Invalid numeric literal at line 1, column 10

real	0m1.881s
user	0m0.125s
sys	0m0.094s
02/28/21 02:11:36 268506300  1614449496 secretPin: 
[WARN] get secretPin error

02/28/21 02:11:37 019604000  1614449497 ç‹ç­¾åˆ°æ¨å›½ç¦æ——èˆ°åº—

real	0m1.973s
user	0m0.031s
sys	0m0.094s
parse error: Invalid numeric literal at line 1, column 10
parse error: Invalid numeric literal at line 1, column 10
parse error: Invalid numeric literal at line 1, column 10
parse error: Invalid numeric literal at line 1, column 10
02/28/21 02:11:46 407367100 1614449506

real	0m5.923s
user	0m0.000s
sys	0m0.016s

real	0m2.681s
user	0m0.016s
sys	0m0.078s
[WARN] get LZ_TOKEN error
02/28/21 02:11:58 185494700  1614449518
use pt_key

real	0m2.379s
user	0m0.141s
sys	0m0.141s
02/28/21 02:12:01 273005400  1614449521 token: AAFgOotwADCH12nuuXu3oebWqadD7HjY678Ev5WTptlzqz1ugMs1-bnND1xRtnSihVHv94AuNwc
parse error: Invalid numeric literal at line 1, column 10

real	0m1.679s
user	0m0.109s
sys	0m0.125s
02/28/21 02:12:04 126612400  1614449524 secretPin: 
[WARN] get secretPin error

02/28/21 02:12:04 584295300  1614449524 ç‹ç­¾åˆ°æ¨å›½ç¦æ——èˆ°åº—

real	0m1.380s
user	0m0.016s
sys	0m0.141s
parse error: Invalid numeric literal at line 1, column 10
parse error: Invalid numeric literal at line 1, column 10
parse error: Invalid numeric literal at line 1, column 10
parse error: Invalid numeric literal at line 1, column 10
02/28/21 02:12:13 691664800 1614449533

real	0m5.747s
user	0m0.000s
sys	0m0.063s

real	0m1.775s
user	0m0.016s
sys	0m0.094s
[WARN] get LZ_TOKEN error
02/28/21 02:12:23 892795100  1614449543
use pt_key

real	0m3.304s
user	0m0.078s
sys	0m0.125s
02/28/21 02:12:28 082880400  1614449548 token: AAFgOouLADBR4incnQm06A0PXiAq9wdDwXWR6gT5kl1FfQ0b8L_4benu_yAHkk0XIxGR1cwDkNw
parse error: Invalid numeric literal at line 1, column 10

real	0m3.318s
user	0m0.125s
sys	0m0.125s
02/28/21 02:12:31 928773600  1614449551 secretPin: 
[WARN] get secretPin error

02/28/21 02:12:33 022106200  1614449553 ç‹ç­¾åˆ°æ¨å›½ç¦æ——èˆ°åº—

real	0m2.961s
user	0m0.031s
sys	0m0.109s
parse error: Invalid numeric literal at line 1, column 10
parse error: Invalid numeric literal at line 1, column 10
parse error: Invalid numeric literal at line 1, column 10
parse error: Invalid numeric literal at line 1, column 10
02/28/21 02:12:42 285966300 1614449562

real	0m5.111s
user	0m0.000s
sys	0m0.047s
02/28/21 02:13:04 479085000  1614449584
parse error: Invalid numeric literal at line 1, column 10
ç­¾åˆ°æ˜¯å¦æˆåŠŸè§£æå¤±è´¥. ä¸å†å†™/home/myid/jd/jd_signup/vender/shop_1614116294_94_delay

ç‹ç­¾åˆ°æ¨å›½ç¦æ——èˆ°åº—æŸ¥çœ‹ç»“æœ
<!DOCTYPE html>
<html>
 <head> 
  <title>äº¬ä¸œ</title> 
  <meta charset="utf-8" /> 
  <meta name="apple-mobile-web-app-capable" content="yes" /> 
  <meta name="viewport" content="width=device-width,initial-scale=1,user-scalable=no,maximum-scale=1,viewport-fit=cover" /> 
  <meta name="format-detection" content="telephone=no" /> 
  <meta name="x5-cache" content="enable" /> 
  <link rel="stylesheet" href="https://storage.360buyimg.com/babel/00162638/333378/production/dev/parser.1526555535098.css?t=20180517191236" /> 
  <style> img {
            opacity: 1 !important;
        } </style> 
  <link href="https://storage.360buyimg.com/babel/00170893/348321/production/dev/index.7320a380.css?t=20180802150952" rel="stylesheet" />
 </head> 
 <body style="background:#fff;" id="root"> 
  <div class="errorPage"> 
  </div> 
  <div class="placeholer"> 
  </div> 
  <script src="https://wl.jd.com/unify.min.js"></script> 
  <script type="text/javascript" src="https://storage.360buyimg.com/babel/00170893/348321/production/dev/index.0f8f4dba.js?t=20180802150952"></script> 
 </body>
</html>

parse error: Invalid numeric literal at line 1, column 10
[0;31;3mRUN  at {280:<--} ERROR CODE: 4[0m [0;31;3m[20210228 02:13:10] [ERROR] [0m

