02/28/21 04:04:13 082186100  1614456253
RANDOM_num: 25
removed '/tmp/tmp.aSBziiB4OG'
02/28/21 04:04:16 180618300  1614456256 检查肥鹅签到

real	0m1.642s
user	0m0.031s
sys	0m0.078s
[WARN] get LZ_TOKEN error
02/28/21 04:04:21 089219900  1614456261
use pt_key

real	0m2.081s
user	0m0.109s
sys	0m0.094s
02/28/21 04:04:23 511678400  1614456263 token: AAFgOqXGADDMxiO9UYmjAwNIb3vkQ8qSH4BWXQYYKEDk2SS73d_N0h-4FVuDj_ROyjHlXdln95s
parse error: Invalid numeric literal at line 1, column 10

real	0m1.896s
user	0m0.078s
sys	0m0.094s
02/28/21 04:04:25 718314700  1614456265 secretPin: 
[WARN] get secretPin error

02/28/21 04:04:26 309558000  1614456266 肥鹅签到象印旗舰店

real	0m1.932s
user	0m0.016s
sys	0m0.109s
parse error: Invalid numeric literal at line 1, column 10
parse error: Invalid numeric literal at line 1, column 10
parse error: Invalid numeric literal at line 1, column 10
parse error: Invalid numeric literal at line 1, column 10
02/28/21 04:04:37 299684500 1614456277

real	0m1.731s
user	0m0.000s
sys	0m0.031s

real	0m1.586s
user	0m0.016s
sys	0m0.078s
[WARN] get LZ_TOKEN error
02/28/21 04:04:42 085796100  1614456282
use pt_key

real	0m1.965s
user	0m0.109s
sys	0m0.109s
02/28/21 04:04:44 531765800  1614456284 token: AAFgOqXbADBJMhrICnw8wJ3rDPXZxla8JrXiMbG2__E3JV-HADwtdphtFIz7dq35s41knoE6JRk
parse error: Invalid numeric literal at line 1, column 10

real	0m2.745s
user	0m0.125s
sys	0m0.094s
02/28/21 04:04:47 703041400  1614456287 secretPin: 
[WARN] get secretPin error

02/28/21 04:04:48 314763600  1614456288 肥鹅签到象印旗舰店

real	0m2.378s
user	0m0.031s
sys	0m0.094s
parse error: Invalid numeric literal at line 1, column 10
parse error: Invalid numeric literal at line 1, column 10
parse error: Invalid numeric literal at line 1, column 10
parse error: Invalid numeric literal at line 1, column 10
02/28/21 04:04:58 781934000 1614456298

real	0m2.795s
user	0m0.016s
sys	0m0.047s

real	0m2.223s
user	0m0.031s
sys	0m0.109s
[WARN] get LZ_TOKEN error
02/28/21 04:05:09 263903900  1614456309
use pt_key

real	0m2.857s
user	0m0.125s
sys	0m0.141s
02/28/21 04:05:12 543499300  1614456312 token: AAFgOqX3ADD8sZ_rBjcYvqXkTYagwXKpavCF0oL5ukVRzMnEjV27Q_48UilaBCCS5vyzs1HujXs
parse error: Invalid numeric literal at line 1, column 10

real	0m2.706s
user	0m0.125s
sys	0m0.094s
02/28/21 04:05:16 031192000  1614456316 secretPin: 
[WARN] get secretPin error

02/28/21 04:05:16 350956800  1614456316 肥鹅签到象印旗舰店

real	0m1.548s
user	0m0.047s
sys	0m0.078s
parse error: Invalid numeric literal at line 1, column 10
parse error: Invalid numeric literal at line 1, column 10
parse error: Invalid numeric literal at line 1, column 10
parse error: Invalid numeric literal at line 1, column 10
02/28/21 04:05:30 234021200 1614456330

real	0m3.890s
user	0m0.000s
sys	0m0.031s

real	0m1.457s
user	0m0.016s
sys	0m0.078s
[WARN] get LZ_TOKEN error
02/28/21 04:05:39 376603100  1614456339
use pt_key

real	0m2.592s
user	0m0.094s
sys	0m0.078s
02/28/21 04:05:42 631499200  1614456342 token: AAFgOqYVADAa8PQSt61l4pWNw1tEkR-xC2GRlzm4ImtIAA4mcHgYwM0WqaaRAFQHtvnxoC_SWn8
parse error: Invalid numeric literal at line 1, column 10

real	0m3.408s
user	0m0.109s
sys	0m0.156s
02/28/21 04:05:46 533355700  1614456346 secretPin: 
[WARN] get secretPin error

02/28/21 04:05:47 639240100  1614456347 肥鹅签到象印旗舰店

real	0m2.395s
user	0m0.031s
sys	0m0.063s
parse error: Invalid numeric literal at line 1, column 10
parse error: Invalid numeric literal at line 1, column 10
parse error: Invalid numeric literal at line 1, column 10
parse error: Invalid numeric literal at line 1, column 10
02/28/21 04:05:57 844581200 1614456357

real	0m3.153s
user	0m0.000s
sys	0m0.063s

real	0m2.907s
user	0m0.031s
sys	0m0.094s
[WARN] get LZ_TOKEN error
02/28/21 04:06:07 472173500  1614456367
use pt_key

real	0m3.436s
user	0m0.078s
sys	0m0.094s
02/28/21 04:06:11 735275600  1614456371 token: AAFgOqYyADAUp6glWGdrkr-zkO6TP_UAXsVPa-BPlinDXn7spdrurnB-mSqrpuy_8ZL9UYcvbro
parse error: Invalid numeric literal at line 1, column 10

real	0m2.743s
user	0m0.125s
sys	0m0.094s
02/28/21 04:06:14 860933700  1614456374 secretPin: 
[WARN] get secretPin error

02/28/21 04:06:15 854053900  1614456375 肥鹅签到象印旗舰店

real	0m1.910s
user	0m0.078s
sys	0m0.016s
parse error: Invalid numeric literal at line 1, column 10
parse error: Invalid numeric literal at line 1, column 10
parse error: Invalid numeric literal at line 1, column 10
parse error: Invalid numeric literal at line 1, column 10
02/28/21 04:06:28 506313600 1614456388

real	0m3.015s
user	0m0.000s
sys	0m0.031s

real	0m2.822s
user	0m0.031s
sys	0m0.094s
[WARN] get LZ_TOKEN error
02/28/21 04:06:38 738085700  1614456398
use pt_key

real	0m2.511s
user	0m0.094s
sys	0m0.172s
02/28/21 04:06:41 923817900  1614456401 token: AAFgOqZRADD_GcpAGuRogMqbabQbZY7bO9DhEKxJI0VDQ7H4I6xPWS-h-zLGXcCm1y15hZBXAXw
parse error: Invalid numeric literal at line 1, column 10

real	0m2.609s
user	0m0.094s
sys	0m0.109s
02/28/21 04:06:45 240118400  1614456405 secretPin: 
[WARN] get secretPin error

02/28/21 04:06:45 753357800  1614456405 肥鹅签到象印旗舰店

real	0m1.765s
user	0m0.063s
sys	0m0.094s
parse error: Invalid numeric literal at line 1, column 10
parse error: Invalid numeric literal at line 1, column 10
parse error: Invalid numeric literal at line 1, column 10
parse error: Invalid numeric literal at line 1, column 10
02/28/21 04:06:55 413984300 1614456415

real	0m2.735s
user	0m0.000s
sys	0m0.000s

real	0m1.910s
user	0m0.047s
sys	0m0.063s
[WARN] get LZ_TOKEN error
02/28/21 04:07:02 609027400  1614456422
use pt_key

real	0m3.218s
user	0m0.156s
sys	0m0.078s
02/28/21 04:07:06 041643300  1614456426 token: AAFgOqZpADAuIpSIUXCkdMpwLx0ScjYqdWjm57zHszSR-Kkwcu5fhByWtMpZurjkRvTDWpvHp8o
parse error: Invalid numeric literal at line 1, column 10

real	0m2.334s
user	0m0.172s
sys	0m0.078s
02/28/21 04:07:08 870395000  1614456428 secretPin: 
[WARN] get secretPin error

02/28/21 04:07:09 648615600  1614456429 肥鹅签到象印旗舰店

real	0m2.196s
user	0m0.016s
sys	0m0.109s
parse error: Invalid numeric literal at line 1, column 10
parse error: Invalid numeric literal at line 1, column 10
parse error: Invalid numeric literal at line 1, column 10
parse error: Invalid numeric literal at line 1, column 10
02/28/21 04:07:21 474201700 1614456441

real	0m3.222s
user	0m0.000s
sys	0m0.063s

real	0m2.171s
user	0m0.047s
sys	0m0.078s
[WARN] get LZ_TOKEN error
02/28/21 04:07:29 075197900  1614456449
use pt_key

real	0m2.249s
user	0m0.141s
sys	0m0.109s
02/28/21 04:07:31 734854100  1614456451 token: AAFgOqaDADBrB9x_lSI1RuQZWWQkaKLAtk890YqoXazPvzRAjx78hLdxhuPZLE8LZYCFY-oap14
parse error: Invalid numeric literal at line 1, column 10

real	0m3.289s
user	0m0.109s
sys	0m0.094s
02/28/21 04:07:35 622864100  1614456455 secretPin: 
[WARN] get secretPin error

02/28/21 04:07:36 173630800  1614456456 肥鹅签到象印旗舰店

real	0m2.053s
user	0m0.047s
sys	0m0.078s
parse error: Invalid numeric literal at line 1, column 10
parse error: Invalid numeric literal at line 1, column 10
parse error: Invalid numeric literal at line 1, column 10
parse error: Invalid numeric literal at line 1, column 10
02/28/21 04:07:46 742918400 1614456466

real	0m4.135s
user	0m0.000s
sys	0m0.047s

real	0m2.501s
user	0m0.047s
sys	0m0.125s
[WARN] get LZ_TOKEN error
02/28/21 04:07:56 013786700  1614456476
use pt_key

real	0m2.891s
user	0m0.125s
sys	0m0.078s
02/28/21 04:07:59 955504400  1614456479 token: AAFgOqaeADAE1wzTpdUuYWgbFy9EMaadal_-gmkWcuU4Q2qK3cZNStdlyeXGkVW-md35rNwn_Es
parse error: Invalid numeric literal at line 1, column 10

real	0m2.789s
user	0m0.063s
sys	0m0.172s
02/28/21 04:08:04 500303800  1614456484 secretPin: 
[WARN] get secretPin error

02/28/21 04:08:05 548696200  1614456485 肥鹅签到象印旗舰店

real	0m2.186s
user	0m0.016s
sys	0m0.078s
parse error: Invalid numeric literal at line 1, column 10
parse error: Invalid numeric literal at line 1, column 10
parse error: Invalid numeric literal at line 1, column 10
parse error: Invalid numeric literal at line 1, column 10
02/28/21 04:08:12 884227900 1614456492

real	0m3.531s
user	0m0.000s
sys	0m0.063s

real	0m2.492s
user	0m0.031s
sys	0m0.063s
[WARN] get LZ_TOKEN error
02/28/21 04:08:22 536540400  1614456502
use pt_key

real	0m2.676s
user	0m0.109s
sys	0m0.125s
02/28/21 04:08:25 649527400  1614456505 token: AAFgOqa5ADC2uw6YlMCZYy9l7_GOSLRshyyVBIyAdYMu4Og1ElYo_mSxWyzPrA_heBORUuh4fu0
parse error: Invalid numeric literal at line 1, column 10

real	0m2.066s
user	0m0.063s
sys	0m0.172s
02/28/21 04:08:28 622128300  1614456508 secretPin: 
[WARN] get secretPin error

02/28/21 04:08:29 613980700  1614456509 肥鹅签到象印旗舰店

real	0m1.464s
user	0m0.031s
sys	0m0.094s
parse error: Invalid numeric literal at line 1, column 10
parse error: Invalid numeric literal at line 1, column 10
parse error: Invalid numeric literal at line 1, column 10
parse error: Invalid numeric literal at line 1, column 10
02/28/21 04:08:40 790689700 1614456520

real	0m3.556s
user	0m0.000s
sys	0m0.047s

real	0m1.900s
user	0m0.063s
sys	0m0.063s
[WARN] get LZ_TOKEN error
02/28/21 04:08:47 660593800  1614456527
use pt_key

real	0m2.201s
user	0m0.109s
sys	0m0.125s
02/28/21 04:08:50 636660900  1614456530 token: AAFgOqbRADBYGbPM8axG-rGuKTdYuZAUtmzfD9Gwsz8YhRb6ffT43FBSnyJK_fQt26ujC6hEwY4
parse error: Invalid numeric literal at line 1, column 10

real	0m3.335s
user	0m0.094s
sys	0m0.094s
02/28/21 04:08:55 082656500  1614456535 secretPin: 
[WARN] get secretPin error

02/28/21 04:08:55 776292000  1614456535 肥鹅签到象印旗舰店

real	0m2.165s
user	0m0.063s
sys	0m0.063s
parse error: Invalid numeric literal at line 1, column 10
parse error: Invalid numeric literal at line 1, column 10
parse error: Invalid numeric literal at line 1, column 10
parse error: Invalid numeric literal at line 1, column 10
02/28/21 04:09:07 578772100 1614456547

real	0m3.768s
user	0m0.000s
sys	0m0.047s

real	0m2.591s
user	0m0.016s
sys	0m0.078s
[WARN] get LZ_TOKEN error
02/28/21 04:09:15 433522200  1614456555
use pt_key

real	0m2.755s
user	0m0.141s
sys	0m0.141s
02/28/21 04:09:18 689336900  1614456558 token: AAFgOqbtADD_GRB_M3NAACBXOtQxeR7fuwFeAycAO17tOQsjOJ-Af__ohJfFq72YFz8hOuOlg94
parse error: Invalid numeric literal at line 1, column 10

real	0m3.388s
user	0m0.078s
sys	0m0.109s
02/28/21 04:09:22 713657200  1614456562 secretPin: 
[WARN] get secretPin error

02/28/21 04:09:23 380119600  1614456563 肥鹅签到象印旗舰店

real	0m2.419s
user	0m0.031s
sys	0m0.063s
parse error: Invalid numeric literal at line 1, column 10
parse error: Invalid numeric literal at line 1, column 10
parse error: Invalid numeric literal at line 1, column 10
parse error: Invalid numeric literal at line 1, column 10
02/28/21 04:09:35 696775600 1614456575

real	0m3.918s
user	0m0.000s
sys	0m0.063s

real	0m2.179s
user	0m0.031s
sys	0m0.094s
[WARN] get LZ_TOKEN error
02/28/21 04:09:44 385079900  1614456584
use pt_key

real	0m2.247s
user	0m0.156s
sys	0m0.125s
02/28/21 04:09:47 135295400  1614456587 token: AAFgOqcKADBs7YlNVLjBab1DWZndyLxb8aFux3VLRBvGFAvLeeQVC8_V2d9cuTB55hH1-IknW4o
parse error: Invalid numeric literal at line 1, column 10

real	0m2.933s
user	0m0.125s
sys	0m0.094s
02/28/21 04:09:50 561181800  1614456590 secretPin: 
[WARN] get secretPin error

02/28/21 04:09:51 170375700  1614456591 肥鹅签到象印旗舰店

real	0m2.325s
user	0m0.047s
sys	0m0.031s
parse error: Invalid numeric literal at line 1, column 10
parse error: Invalid numeric literal at line 1, column 10
parse error: Invalid numeric literal at line 1, column 10
parse error: Invalid numeric literal at line 1, column 10
02/28/21 04:09:59 737480300 1614456599

real	0m4.546s
user	0m0.000s
sys	0m0.031s

real	0m1.988s
user	0m0.063s
sys	0m0.047s
[WARN] get LZ_TOKEN error
02/28/21 04:10:08 701936600  1614456608
use pt_key

real	0m2.737s
user	0m0.078s
sys	0m0.109s
02/28/21 04:10:12 267506700  1614456612 token: AAFgOqcjADDd8y1pcDTK77TOjt9ZLvuTxC9irFlsb5KcIQZyGTds-PxeD0ly-xWrCxGINIvyVZg
parse error: Invalid numeric literal at line 1, column 10

real	0m2.595s
user	0m0.125s
sys	0m0.109s
02/28/21 04:10:15 810516900  1614456615 secretPin: 
[WARN] get secretPin error

02/28/21 04:10:16 446724000  1614456616 肥鹅签到象印旗舰店

real	0m1.850s
user	0m0.047s
sys	0m0.109s
parse error: Invalid numeric literal at line 1, column 10
parse error: Invalid numeric literal at line 1, column 10
parse error: Invalid numeric literal at line 1, column 10
parse error: Invalid numeric literal at line 1, column 10
02/28/21 04:10:23 863791300 1614456623

real	0m3.932s
user	0m0.000s
sys	0m0.031s

real	0m2.297s
user	0m0.047s
sys	0m0.078s
[WARN] get LZ_TOKEN error
02/28/21 04:10:31 845736500  1614456631
use pt_key

real	0m2.978s
user	0m0.125s
sys	0m0.109s
02/28/21 04:10:35 288685600  1614456635 token: AAFgOqc6ADBuUBeKDZ68u_dqh2NRfFA_dNQ23sWYDSFOHQqnq8gXUAhBRHx9FjWmpoailzc0l8k
parse error: Invalid numeric literal at line 1, column 10

real	0m1.985s
user	0m0.125s
sys	0m0.109s
02/28/21 04:10:37 641133100  1614456637 secretPin: 
[WARN] get secretPin error

02/28/21 04:10:38 123150000  1614456638 肥鹅签到象印旗舰店

real	0m2.181s
user	0m0.016s
sys	0m0.188s
parse error: Invalid numeric literal at line 1, column 10
parse error: Invalid numeric literal at line 1, column 10
parse error: Invalid numeric literal at line 1, column 10
parse error: Invalid numeric literal at line 1, column 10
02/28/21 04:10:44 786193500 1614456644

real	0m4.429s
user	0m0.000s
sys	0m0.016s

real	0m2.465s
user	0m0.063s
sys	0m0.125s
[WARN] get LZ_TOKEN error
02/28/21 04:10:53 393703700  1614456653
use pt_key

real	0m1.833s
user	0m0.156s
sys	0m0.078s
02/28/21 04:10:56 072993300  1614456656 token: AAFgOqdPADB6yARxsov-PjTP02byP2p0eU-eyusN4I6d1hia5pkv76wvEz-_gXczmNJ9B44MZ-o
parse error: Invalid numeric literal at line 1, column 10

real	0m2.124s
user	0m0.125s
sys	0m0.172s
02/28/21 04:10:58 429285700  1614456658 secretPin: 
[WARN] get secretPin error

02/28/21 04:10:58 802807300  1614456658 肥鹅签到象印旗舰店

real	0m1.756s
user	0m0.000s
sys	0m0.094s
parse error: Invalid numeric literal at line 1, column 10
parse error: Invalid numeric literal at line 1, column 10
parse error: Invalid numeric literal at line 1, column 10
parse error: Invalid numeric literal at line 1, column 10
02/28/21 04:11:05 948027100 1614456665

real	0m4.185s
user	0m0.000s
sys	0m0.047s

real	0m1.794s
user	0m0.031s
sys	0m0.109s
[WARN] get LZ_TOKEN error
02/28/21 04:11:12 832685700  1614456672
use pt_key

real	0m1.774s
user	0m0.125s
sys	0m0.109s
02/28/21 04:11:15 296097600  1614456675 token: AAFgOqdiADBq4dFt9juvN6dQ6cFdg3ON7IEEu7qP7eLjaOaWXdKgskm7rPXMYRA9RFB2dSrICNk
parse error: Invalid numeric literal at line 1, column 10

real	0m1.960s
user	0m0.125s
sys	0m0.063s
02/28/21 04:11:17 736198000  1614456677 secretPin: 
[WARN] get secretPin error

02/28/21 04:11:18 118852800  1614456678 肥鹅签到象印旗舰店

real	0m1.086s
user	0m0.031s
sys	0m0.094s
parse error: Invalid numeric literal at line 1, column 10
parse error: Invalid numeric literal at line 1, column 10
parse error: Invalid numeric literal at line 1, column 10
parse error: Invalid numeric literal at line 1, column 10
02/28/21 04:11:24 708197400 1614456684

real	0m3.995s
user	0m0.000s
sys	0m0.031s

real	0m1.437s
user	0m0.016s
sys	0m0.109s
[WARN] get LZ_TOKEN error
02/28/21 04:11:31 319528700  1614456691
use pt_key

real	0m0.924s
user	0m0.125s
sys	0m0.125s
02/28/21 04:11:33 698082600  1614456693 token: AAFgOqd0ADDtSFJsUOWomKVsVdH0o1f8XetAMK_WqBBpfdxdCeGvPf542b9-yWTe0RbLoL1YmJ8
parse error: Invalid numeric literal at line 1, column 10

real	0m2.096s
user	0m0.141s
sys	0m0.063s
02/28/21 04:11:36 261035800  1614456696 secretPin: 
[WARN] get secretPin error

02/28/21 04:11:36 663487000  1614456696 肥鹅签到象印旗舰店

real	0m1.178s
user	0m0.031s
sys	0m0.078s
parse error: Invalid numeric literal at line 1, column 10
parse error: Invalid numeric literal at line 1, column 10
parse error: Invalid numeric literal at line 1, column 10
parse error: Invalid numeric literal at line 1, column 10
02/28/21 04:11:41 425149700 1614456701

real	0m4.416s
user	0m0.000s
sys	0m0.078s

real	0m1.215s
user	0m0.031s
sys	0m0.078s
[WARN] get LZ_TOKEN error
02/28/21 04:11:47 851000400  1614456707
use pt_key

real	0m0.945s
user	0m0.094s
sys	0m0.094s
02/28/21 04:11:48 982900700  1614456708 token: AAFgOqeFADBRYf4Fav2f0XW9OcpOauJpdf-sL40jII0ijuqA-8U80WzZHGy-Nd60rbMMbBdKwog
parse error: Invalid numeric literal at line 1, column 10

real	0m0.850s
user	0m0.063s
sys	0m0.156s
02/28/21 04:11:50 130178600  1614456710 secretPin: 
[WARN] get secretPin error

02/28/21 04:11:50 272760500  1614456710 肥鹅签到象印旗舰店

real	0m0.775s
user	0m0.078s
sys	0m0.094s
parse error: Invalid numeric literal at line 1, column 10
parse error: Invalid numeric literal at line 1, column 10
parse error: Invalid numeric literal at line 1, column 10
parse error: Invalid numeric literal at line 1, column 10
02/28/21 04:11:53 198829800 1614456713

real	0m4.351s
user	0m0.000s
sys	0m0.031s

real	0m1.016s
user	0m0.016s
sys	0m0.125s
[WARN] get LZ_TOKEN error
02/28/21 04:11:58 996146200  1614456718
use pt_key

real	0m0.805s
user	0m0.109s
sys	0m0.109s
02/28/21 04:12:00 003934100  1614456720 token: AAFgOqeQADDjUtDFBwXuImFaOayMA0PcLaV5ufSDxkwvwPzgHUU0n23MiCm-j1lCS8ed0bAnLyA
parse error: Invalid numeric literal at line 1, column 10

real	0m0.756s
user	0m0.172s
sys	0m0.172s
02/28/21 04:12:00 978036000  1614456720 secretPin: 
[WARN] get secretPin error

02/28/21 04:12:01 155292800  1614456721 肥鹅签到象印旗舰店

real	0m0.677s
user	0m0.047s
sys	0m0.063s
parse error: Invalid numeric literal at line 1, column 10
parse error: Invalid numeric literal at line 1, column 10
parse error: Invalid numeric literal at line 1, column 10
parse error: Invalid numeric literal at line 1, column 10
02/28/21 04:12:04 693181200 1614456724

real	0m4.375s
user	0m0.000s
sys	0m0.016s
02/28/21 04:12:34 410689800  1614456754
parse error: Invalid numeric literal at line 1, column 10
签到是否成功解析失败. 不再写/home/myid/jd/jd_signup/lzkj_sevenDay_vender/shop_1613703218_97_delay

肥鹅签到象印旗舰店查看结果, 活动规则
<!DOCTYPE html>
<html>
 <head> 
  <title>京东</title> 
  <meta charset="utf-8" /> 
  <meta name="apple-mobile-web-app-capable" content="yes" /> 
  <meta name="viewport" content="width=device-width,initial-scale=1,user-scalable=no,maximum-scale=1,viewport-fit=cover" /> 
  <meta name="format-detection" content="telephone=no" /> 
  <meta name="x5-cache" content="enable" /> 
  <link rel="stylesheet" href="https://storage.360buyimg.com/babel/00162638/333378/production/dev/parser.1526555535098.css?t=20180517191236" /> 
  <style> img {
            opacity: 1 !important;
        } </style> 
  <link href="https://storage.360buyimg.com/babel/00170893/348321/production/dev/index.7320a380.css?t=20180802150952" rel="stylesheet" />
 </head> 
 <body style="background:#fff;" id="root"> 
  <div class="errorPage"> 
  </div> 
  <div class="placeholer"> 
  </div> 
  <script src="https://wl.jd.com/unify.min.js"></script> 
  <script type="text/javascript" src="https://storage.360buyimg.com/babel/00170893/348321/production/dev/index.0f8f4dba.js?t=20180802150952"></script> 
 </body>
</html>

#店铺名称
vendername="象印旗舰店"
#店铺激活码
actId="e78aa0728f904f849441aa277f269af3"
#店铺id
venderId="149630"
#长链接
url="https://lzkj-isv.isvjcloud.com/sign/sevenDay/signActivity?activityId=e78aa0728f904f849441aa277f269af3&venderId=149630&adsource=tg_xuanFuTuBiao"

startTime=1611907860
endTime=1614527940
# 活动时间：2021-01-29 16:11 - 2021-02-28 23:59；
# 奖励说明：
actRule="
7天签到
连续签到1天：
连续签到2天：
连续签到3天：50元优惠券
连续签到4天：
连续签到5天：
连续签到6天：
连续签到7天：100元优惠券
"
#赵 122294312-396444 sign_res
sign_num="2"
giftName="null"
giftRes="ok"
giftDate="20210227"
sign_res_info="7天签到 第 2 天
当天签到奖励 [null]"
#赵 122294312-396444 sign_res_end
#王 1309893722-164885 sign_res
sign_num="2"
giftName="null"
giftRes="ok"
giftDate="20210227"
sign_res_info="7天签到 第 2 天
当天签到奖励 [null]"
#王 1309893722-164885 sign_res_end
#肥鹅 jd_4d651d9e48204 sign_res
sign_num="2"
giftName="null"
giftRes="ok"
giftDate="20210227"
sign_res_info="7天签到 第 2 天
当天签到奖励 [null]"
#肥鹅 jd_4d651d9e48204 sign_res_end
#移动 jd_OeTNobRVGiNZ sign_res
sign_num="2"
giftName="null"
giftRes="ok"
giftDate="20210227"
sign_res_info="7天签到 第 2 天
当天签到奖励 [null]"
#移动 jd_OeTNobRVGiNZ sign_res_end
