02/25/21 01:07:24 354607400  1614186444
RANDOM_num: 15
removed '/tmp/tmp.VLkZbxLQuC'
02/25/21 01:07:24 451907500  1614186444 检查122294312-396444签到
removed '/tmp/tmp.K0JOL9Xrdq'
02/25/21 01:07:24 538795400  1614186444 检查1309893722-164885签到

02/25/21 01:07:24 618666500  1614186444 赵签到人本京东自营旗舰店

real	0m0.115s
user	0m0.047s
sys	0m0.047s
{"msg":"当前不存在有效的活动!","code":402,"class":"com.jd.interact.center.client.api.common.param.Results","success":false}
活动已结束. /home/myid/jd/jd_signup/api_vender/shop_1613569789_154_delay --> /home/myid/jd/jd_signup/api_vender/shop_1613569789_154_del
renamed '/home/myid/jd/jd_signup/api_vender/shop_1613569789_154_delay' -> '/home/myid/jd/jd_signup/api_vender/shop_1613569789_154_del'

02/25/21 01:07:39 939395300  1614186459
赵签到人本京东自营旗舰店查看结果



赵签到人本京东自营旗舰店日志
{"msg":"errCode:402, errMessage:当前不存在有效的活动!","code":402,"class":"com.jd.interact.center.client.api.common.param.Results","success":false}
{
  "contiSignNum": null
}
王签到人本京东自营旗舰店日志

# 短链接
suo_url=""
venderId=1000094623
startTime=1611590400000
endTime=1614182399000
activityId=10256973
token=8682F0CA97CA2FABE55226D27A68027D
#店铺名称
vendername="人本京东自营旗舰店"
# 长链接
url=https://h5.m.jd.com/babelDiy/Zeus/2PAAf74aG3D61qvfKUM5dxUssJQ9/index.html?token=8682F0CA97CA2FABE55226D27A68027D
# 活动时间：2021.01.26 00:00:00 - 2021.02.24 23:59:59
# 奖励说明：
actRule="
连续签到1天：1京豆
连续签到2天：3京豆
连续签到3天：5京豆
"
#赵 122294312-396444 sign_res
sign_res="
signTime=1611590400;signed=1;currentDay=2
signTime=1611676800;signed=1;currentDay=2
signTime=1611763200;signed=1;currentDay=2
signTime=1611849600;signed=1;currentDay=2
signTime=1611936000;signed=1;currentDay=2
signTime=1612022400;signed=1;currentDay=2
signTime=1612108800;signed=1;currentDay=2
signTime=1612195200;signed=1;currentDay=2
signTime=1612281600;signed=1;currentDay=2
signTime=1612368000;signed=1;currentDay=2
signTime=1612454400;signed=1;currentDay=2
signTime=1612540800;signed=1;currentDay=2
signTime=1612627200;signed=1;currentDay=2
signTime=1612713600;signed=1;currentDay=2
signTime=1612800000;signed=1;currentDay=2
signTime=1612886400;signed=1;currentDay=2
signTime=1612972800;signed=1;currentDay=2
signTime=1613059200;signed=1;currentDay=2
signTime=1613145600;signed=1;currentDay=2
signTime=1613232000;signed=1;currentDay=2
signTime=1613318400;signed=1;currentDay=2
signTime=1613404800;signed=1;currentDay=2
signTime=1613491200;signed=1;currentDay=2
signTime=1613577600;signed=1;currentDay=2
signTime=1613664000;signed=1;currentDay=2
signTime=1613750400;signed=1;currentDay=2
signTime=1613840938;signed=2;currentDay=2
signTime=1613923204;signed=2;currentDay=2
signTime=1614009602;signed=2;currentDay=2
signTime=1614100219;signed=2;currentDay=1"
sign_num="4"
giftName=""
giftRes="ok"
giftDate="20210224"
sign_res_info="
2021/01/26_00:00:00  2    未签到
2021/01/27_00:00:00  2    未签到
2021/01/28_00:00:00  2    未签到
2021/01/29_00:00:00  2    未签到
2021/01/30_00:00:00  2    未签到
2021/01/31_00:00:00  2    未签到
2021/02/01_00:00:00  2    未签到
2021/02/02_00:00:00  2    未签到
2021/02/03_00:00:00  2    未签到
2021/02/04_00:00:00  2    未签到
2021/02/05_00:00:00  2    未签到
2021/02/06_00:00:00  2    未签到
2021/02/07_00:00:00  2    未签到
2021/02/08_00:00:00  2    未签到
2021/02/09_00:00:00  2    未签到
2021/02/10_00:00:00  2    未签到
2021/02/11_00:00:00  2    未签到
2021/02/12_00:00:00  2    未签到
2021/02/13_00:00:00  2    未签到
2021/02/14_00:00:00  2    未签到
2021/02/15_00:00:00  2    未签到
2021/02/16_00:00:00  2    未签到
2021/02/17_00:00:00  2    未签到
2021/02/18_00:00:00  2    未签到
2021/02/19_00:00:00  2    未签到
2021/02/20_00:00:00  2    未签到
2021/02/21_01:08:58  2    [已~签~到]
2021/02/22_00:00:04  2    [已~签~到]
2021/02/23_00:00:02  2    [已~签~到]
2021/02/24_01:10:19  1    [已~签~到]
当天签到奖励 []
已签到 4 天"
#赵 122294312-396444 sign_res_end
#王 1309893722-164885 sign_res
sign_res="
signTime=1611590400;signed=1;currentDay=2
signTime=1611676800;signed=1;currentDay=2
signTime=1611763200;signed=1;currentDay=2
signTime=1611849600;signed=1;currentDay=2
signTime=1611936000;signed=1;currentDay=2
signTime=1612022400;signed=1;currentDay=2
signTime=1612108800;signed=1;currentDay=2
signTime=1612195200;signed=1;currentDay=2
signTime=1612281600;signed=1;currentDay=2
signTime=1612368000;signed=1;currentDay=2
signTime=1612454400;signed=1;currentDay=2
signTime=1612540800;signed=1;currentDay=2
signTime=1612627200;signed=1;currentDay=2
signTime=1612713600;signed=1;currentDay=2
signTime=1612800000;signed=1;currentDay=2
signTime=1612886400;signed=1;currentDay=2
signTime=1612972800;signed=1;currentDay=2
signTime=1613059200;signed=1;currentDay=2
signTime=1613145600;signed=1;currentDay=2
signTime=1613232000;signed=1;currentDay=2
signTime=1613318400;signed=1;currentDay=2
signTime=1613404800;signed=1;currentDay=2
signTime=1613491200;signed=1;currentDay=2
signTime=1613577600;signed=1;currentDay=2
signTime=1613664000;signed=1;currentDay=2
signTime=1613750400;signed=1;currentDay=2
signTime=1613840938;signed=2;currentDay=2
signTime=1613923207;signed=2;currentDay=2
signTime=1614009604;signed=2;currentDay=2
signTime=1614100219;signed=2;currentDay=1"
sign_num="4"
giftName=""
giftRes="ok"
giftDate="20210224"
sign_res_info="
2021/01/26_00:00:00  2    未签到
2021/01/27_00:00:00  2    未签到
2021/01/28_00:00:00  2    未签到
2021/01/29_00:00:00  2    未签到
2021/01/30_00:00:00  2    未签到
2021/01/31_00:00:00  2    未签到
2021/02/01_00:00:00  2    未签到
2021/02/02_00:00:00  2    未签到
2021/02/03_00:00:00  2    未签到
2021/02/04_00:00:00  2    未签到
2021/02/05_00:00:00  2    未签到
2021/02/06_00:00:00  2    未签到
2021/02/07_00:00:00  2    未签到
2021/02/08_00:00:00  2    未签到
2021/02/09_00:00:00  2    未签到
2021/02/10_00:00:00  2    未签到
2021/02/11_00:00:00  2    未签到
2021/02/12_00:00:00  2    未签到
2021/02/13_00:00:00  2    未签到
2021/02/14_00:00:00  2    未签到
2021/02/15_00:00:00  2    未签到
2021/02/16_00:00:00  2    未签到
2021/02/17_00:00:00  2    未签到
2021/02/18_00:00:00  2    未签到
2021/02/19_00:00:00  2    未签到
2021/02/20_00:00:00  2    未签到
2021/02/21_01:08:58  2    [已~签~到]
2021/02/22_00:00:07  2    [已~签~到]
2021/02/23_00:00:04  2    [已~签~到]
2021/02/24_01:10:19  1    [已~签~到]
当天签到奖励 []
已签到 4 天"
#王 1309893722-164885 sign_res_end
#肥鹅 jd_4d651d9e48204 sign_res
sign_res="
signTime=1611590400;signed=1;currentDay=2
signTime=1611676800;signed=1;currentDay=2
signTime=1611763200;signed=1;currentDay=2
signTime=1611849600;signed=1;currentDay=2
signTime=1611936000;signed=1;currentDay=2
signTime=1612022400;signed=1;currentDay=2
signTime=1612108800;signed=1;currentDay=2
signTime=1612195200;signed=1;currentDay=2
signTime=1612281600;signed=1;currentDay=2
signTime=1612368000;signed=1;currentDay=2
signTime=1612454400;signed=1;currentDay=2
signTime=1612540800;signed=1;currentDay=2
signTime=1612627200;signed=1;currentDay=2
signTime=1612713600;signed=1;currentDay=2
signTime=1612800000;signed=1;currentDay=2
signTime=1612886400;signed=1;currentDay=2
signTime=1612972800;signed=1;currentDay=2
signTime=1613059200;signed=1;currentDay=2
signTime=1613145600;signed=1;currentDay=2
signTime=1613232000;signed=1;currentDay=2
signTime=1613318400;signed=1;currentDay=2
signTime=1613404800;signed=1;currentDay=2
signTime=1613491200;signed=1;currentDay=2
signTime=1613577600;signed=1;currentDay=2
signTime=1613664000;signed=1;currentDay=2
signTime=1613750400;signed=1;currentDay=2
signTime=1613840957;signed=2;currentDay=2
signTime=1613923203;signed=2;currentDay=2
signTime=1614009601;signed=2;currentDay=2
signTime=1614100229;signed=2;currentDay=1"
sign_num="4"
giftName=""
giftRes="ok"
giftDate="20210224"
sign_res_info="
2021/01/26_00:00:00  2    未签到
2021/01/27_00:00:00  2    未签到
2021/01/28_00:00:00  2    未签到
2021/01/29_00:00:00  2    未签到
2021/01/30_00:00:00  2    未签到
2021/01/31_00:00:00  2    未签到
2021/02/01_00:00:00  2    未签到
2021/02/02_00:00:00  2    未签到
2021/02/03_00:00:00  2    未签到
2021/02/04_00:00:00  2    未签到
2021/02/05_00:00:00  2    未签到
2021/02/06_00:00:00  2    未签到
2021/02/07_00:00:00  2    未签到
2021/02/08_00:00:00  2    未签到
2021/02/09_00:00:00  2    未签到
2021/02/10_00:00:00  2    未签到
2021/02/11_00:00:00  2    未签到
2021/02/12_00:00:00  2    未签到
2021/02/13_00:00:00  2    未签到
2021/02/14_00:00:00  2    未签到
2021/02/15_00:00:00  2    未签到
2021/02/16_00:00:00  2    未签到
2021/02/17_00:00:00  2    未签到
2021/02/18_00:00:00  2    未签到
2021/02/19_00:00:00  2    未签到
2021/02/20_00:00:00  2    未签到
2021/02/21_01:09:17  2    [已~签~到]
2021/02/22_00:00:03  2    [已~签~到]
2021/02/23_00:00:01  2    [已~签~到]
2021/02/24_01:10:29  1    [已~签~到]
当天签到奖励 []
已签到 4 天"
#肥鹅 jd_4d651d9e48204 sign_res_end
#移动 jd_OeTNobRVGiNZ sign_res
sign_res="
signTime=1611590400;signed=1;currentDay=2
signTime=1611676800;signed=1;currentDay=2
signTime=1611763200;signed=1;currentDay=2
signTime=1611849600;signed=1;currentDay=2
signTime=1611936000;signed=1;currentDay=2
signTime=1612022400;signed=1;currentDay=2
signTime=1612108800;signed=1;currentDay=2
signTime=1612195200;signed=1;currentDay=2
signTime=1612281600;signed=1;currentDay=2
signTime=1612368000;signed=1;currentDay=2
signTime=1612454400;signed=1;currentDay=2
signTime=1612540800;signed=1;currentDay=2
signTime=1612627200;signed=1;currentDay=2
signTime=1612713600;signed=1;currentDay=2
signTime=1612800000;signed=1;currentDay=2
signTime=1612886400;signed=1;currentDay=2
signTime=1612972800;signed=1;currentDay=2
signTime=1613059200;signed=1;currentDay=2
signTime=1613145600;signed=1;currentDay=2
signTime=1613232000;signed=1;currentDay=2
signTime=1613318400;signed=1;currentDay=2
signTime=1613404800;signed=1;currentDay=2
signTime=1613491200;signed=1;currentDay=2
signTime=1613577600;signed=1;currentDay=2
signTime=1613664000;signed=1;currentDay=2
signTime=1613827082;signed=2;currentDay=2
signTime=1613840957;signed=2;currentDay=2
signTime=1613923207;signed=2;currentDay=2
signTime=1614009604;signed=2;currentDay=2
signTime=1614100229;signed=2;currentDay=1"
sign_num="5"
giftName=""
giftRes="ok"
giftDate="20210224"
sign_res_info="
2021/01/26_00:00:00  2    未签到
2021/01/27_00:00:00  2    未签到
2021/01/28_00:00:00  2    未签到
2021/01/29_00:00:00  2    未签到
2021/01/30_00:00:00  2    未签到
2021/01/31_00:00:00  2    未签到
2021/02/01_00:00:00  2    未签到
2021/02/02_00:00:00  2    未签到
2021/02/03_00:00:00  2    未签到
2021/02/04_00:00:00  2    未签到
2021/02/05_00:00:00  2    未签到
2021/02/06_00:00:00  2    未签到
2021/02/07_00:00:00  2    未签到
2021/02/08_00:00:00  2    未签到
2021/02/09_00:00:00  2    未签到
2021/02/10_00:00:00  2    未签到
2021/02/11_00:00:00  2    未签到
2021/02/12_00:00:00  2    未签到
2021/02/13_00:00:00  2    未签到
2021/02/14_00:00:00  2    未签到
2021/02/15_00:00:00  2    未签到
2021/02/16_00:00:00  2    未签到
2021/02/17_00:00:00  2    未签到
2021/02/18_00:00:00  2    未签到
2021/02/19_00:00:00  2    未签到
2021/02/20_21:18:02  2    [已~签~到]
2021/02/21_01:09:17  2    [已~签~到]
2021/02/22_00:00:07  2    [已~签~到]
2021/02/23_00:00:04  2    [已~签~到]
2021/02/24_01:10:29  1    [已~签~到]
当天签到奖励 []
已签到 5 天"
#移动 jd_OeTNobRVGiNZ sign_res_end
