02/24/21 01:20:05 625063000  1614100805
RANDOM_num: 5
removed '/tmp/tmp.LCCn5uPekT'
02/24/21 01:20:05 734173000  1614100805 检查122294312-396444签到
removed '/tmp/tmp.sFJhs40HgG'
02/24/21 01:20:05 892318500  1614100805 检查1309893722-164885签到

02/24/21 01:20:05 947893700  1614100805 赵签到新贵京东自营旗舰店

real	0m0.134s
user	0m0.047s
sys	0m0.094s
{"code":200,"data":[],"class":"com.jd.interact.center.client.api.common.param.Results","success":true}

02/24/21 01:20:06 258423000  1614100806 王签到新贵京东自营旗舰店

real	0m0.168s
user	0m0.000s
sys	0m0.125s
{"code":200,"data":[],"class":"com.jd.interact.center.client.api.common.param.Results","success":true}
02/24/21 01:20:06 534767000 1614100806
02/24/21 01:20:06 561209600 1614100806 签到新贵京东自营旗舰店完成

02/24/21 01:20:21 646755200  1614100821
赵签到新贵京东自营旗舰店查看结果
200
首次签到成功. 写入giftName: 

***********************************************
2021/02/20_00:00:00  2    未签到
2021/02/21_01:15:47  2    [已~签~到]
2021/02/22_01:09:36  2    [已~签~到]
2021/02/23_01:09:48  2    [已~签~到]
2021/02/24_01:20:06  1    [已~签~到]
2021/02/25_00:00:00  3    未签到
2021/02/26_00:00:00  3    未签到
2021/02/27_00:00:00  3    未签到
2021/02/28_00:00:00  3    未签到
2021/03/01_00:00:00  3    未签到
当天签到奖励 []
已签到 4 天
***********************************************

王签到新贵京东自营旗舰店查看结果
200
首次签到成功. 写入giftName: 

***********************************************
2021/02/20_00:00:00  2    未签到
2021/02/21_01:15:47  2    [已~签~到]
2021/02/22_01:09:37  2    [已~签~到]
2021/02/23_01:09:48  2    [已~签~到]
2021/02/24_01:20:06  1    [已~签~到]
2021/02/25_00:00:00  3    未签到
2021/02/26_00:00:00  3    未签到
2021/02/27_00:00:00  3    未签到
2021/02/28_00:00:00  3    未签到
2021/03/01_00:00:00  3    未签到
当天签到奖励 []
已签到 4 天
***********************************************



赵签到新贵京东自营旗舰店日志
{"code":200,"data":{"signRecords":[{"signTime":1613750400000,"currentDay":2,"signed":1,"class":"com.jd.interact.center.client.api.color.domain.sign.InteractActivityUserActionRecord"},{"signTime":1613841347272,"currentDay":2,"signed":2,"class":"com.jd.interact.center.client.api.color.domain.sign.InteractActivityUserActionRecord"},{"signTime":1613927376647,"currentDay":2,"signed":2,"class":"com.jd.interact.center.client.api.color.domain.sign.InteractActivityUserActionRecord"},{"signTime":1614013788192,"currentDay":2,"signed":2,"class":"com.jd.interact.center.client.api.color.domain.sign.InteractActivityUserActionRecord"},{"signTime":1614100806081,"currentDay":1,"signed":2,"class":"com.jd.interact.center.client.api.color.domain.sign.InteractActivityUserActionRecord"},{"signTime":1614182400000,"currentDay":3,"signed":1,"class":"com.jd.interact.center.client.api.color.domain.sign.InteractActivityUserActionRecord"},{"signTime":1614268800000,"currentDay":3,"signed":1,"class":"com.jd.interact.center.client.api.color.domain.sign.InteractActivityUserActionRecord"},{"signTime":1614355200000,"currentDay":3,"signed":1,"class":"com.jd.interact.center.client.api.color.domain.sign.InteractActivityUserActionRecord"},{"signTime":1614441600000,"currentDay":3,"signed":1,"class":"com.jd.interact.center.client.api.color.domain.sign.InteractActivityUserActionRecord"},{"signTime":1614528000000,"currentDay":3,"signed":1,"class":"com.jd.interact.center.client.api.color.domain.sign.InteractActivityUserActionRecord"}],"days":4,"class":"com.jd.interact.center.client.api.color.domain.sign.ShopSignUserRecord"},"class":"com.jd.interact.center.client.api.common.param.Results","success":true}
{
  "contiSignNum": 4
}
王签到新贵京东自营旗舰店日志
{"code":200,"data":{"signRecords":[{"currentDay":2,"signTime":1613750400000,"signed":1,"class":"com.jd.interact.center.client.api.color.domain.sign.InteractActivityUserActionRecord"},{"currentDay":2,"signTime":1613841347563,"signed":2,"class":"com.jd.interact.center.client.api.color.domain.sign.InteractActivityUserActionRecord"},{"currentDay":2,"signTime":1613927377299,"signed":2,"class":"com.jd.interact.center.client.api.color.domain.sign.InteractActivityUserActionRecord"},{"currentDay":2,"signTime":1614013788548,"signed":2,"class":"com.jd.interact.center.client.api.color.domain.sign.InteractActivityUserActionRecord"},{"currentDay":1,"signTime":1614100806408,"signed":2,"class":"com.jd.interact.center.client.api.color.domain.sign.InteractActivityUserActionRecord"},{"currentDay":3,"signTime":1614182400000,"signed":1,"class":"com.jd.interact.center.client.api.color.domain.sign.InteractActivityUserActionRecord"},{"currentDay":3,"signTime":1614268800000,"signed":1,"class":"com.jd.interact.center.client.api.color.domain.sign.InteractActivityUserActionRecord"},{"currentDay":3,"signTime":1614355200000,"signed":1,"class":"com.jd.interact.center.client.api.color.domain.sign.InteractActivityUserActionRecord"},{"currentDay":3,"signTime":1614441600000,"signed":1,"class":"com.jd.interact.center.client.api.color.domain.sign.InteractActivityUserActionRecord"},{"currentDay":3,"signTime":1614528000000,"signed":1,"class":"com.jd.interact.center.client.api.color.domain.sign.InteractActivityUserActionRecord"}],"days":4,"class":"com.jd.interact.center.client.api.color.domain.sign.ShopSignUserRecord"},"class":"com.jd.interact.center.client.api.common.param.Results","success":true}
{
  "contiSignNum": 4
}
# 短链接
suo_url=""
venderId=1000000365
startTime=1613750400000
endTime=1614614399000
activityId=10271738
token=AFC577CD1825D16CB45679BFA2D2947A
#店铺名称
vendername="新贵京东自营旗舰店"
# 长链接
url=https://h5.m.jd.com/babelDiy/Zeus/2PAAf74aG3D61qvfKUM5dxUssJQ9/index.html?token=AFC577CD1825D16CB45679BFA2D2947A
# 活动时间：2021.02.20 00:00:00 - 2021.03.01 23:59:59
# 奖励说明：
actRule="
每日签到：2京豆
连续签到5天：3京豆
连续签到10天：5京豆
"
#肥鹅 jd_4d651d9e48204 sign_res
sign_res="
signTime=1613750400;signed=1;currentDay=2
signTime=1613841390;signed=2;currentDay=2
signTime=1613927399;signed=2;currentDay=2
signTime=1614013838;signed=2;currentDay=2
signTime=1614096000;signed=2;currentDay=1
signTime=1614182400;signed=1;currentDay=3
signTime=1614268800;signed=1;currentDay=3
signTime=1614355200;signed=1;currentDay=3
signTime=1614441600;signed=1;currentDay=3
signTime=1614528000;signed=1;currentDay=3"
sign_num="4"
giftName=""
giftRes="ok"
giftDate="20210224"
sign_res_info="
2021/02/20_00:00:00  2    未签到
2021/02/21_01:16:30  2    [已~签~到]
2021/02/22_01:09:59  2    [已~签~到]
2021/02/23_01:10:38  2    [已~签~到]
2021/02/24_00:00:00  1    [已~签~到]
2021/02/25_00:00:00  3    未签到
2021/02/26_00:00:00  3    未签到
2021/02/27_00:00:00  3    未签到
2021/02/28_00:00:00  3    未签到
2021/03/01_00:00:00  3    未签到
当天签到奖励 []
已签到 4 天"
#肥鹅 jd_4d651d9e48204 sign_res_end
#移动 jd_OeTNobRVGiNZ sign_res
sign_res="
signTime=1613830689;signed=2;currentDay=2
signTime=1613841390;signed=2;currentDay=2
signTime=1613927400;signed=2;currentDay=2
signTime=1614013838;signed=2;currentDay=2
signTime=1614096002;signed=2;currentDay=1
signTime=1614182400;signed=1;currentDay=3
signTime=1614268800;signed=1;currentDay=3
signTime=1614355200;signed=1;currentDay=3
signTime=1614441600;signed=1;currentDay=3
signTime=1614528000;signed=1;currentDay=3"
sign_num="5"
giftName="奖励 3, type=4; "
giftRes="ok"
giftDate="20210224"
sign_res_info="
2021/02/20_22:18:09  2    [已~签~到]
2021/02/21_01:16:30  2    [已~签~到]
2021/02/22_01:10:00  2    [已~签~到]
2021/02/23_01:10:38  2    [已~签~到]
2021/02/24_00:00:02  1    [已~签~到]
2021/02/25_00:00:00  3    未签到
2021/02/26_00:00:00  3    未签到
2021/02/27_00:00:00  3    未签到
2021/02/28_00:00:00  3    未签到
2021/03/01_00:00:00  3    未签到
当天签到奖励 [奖励 3, type=4; ]
已签到 5 天"
#移动 jd_OeTNobRVGiNZ sign_res_end
#赵 122294312-396444 sign_res
sign_res="
signTime=1613750400;signed=1;currentDay=2
signTime=1613841347;signed=2;currentDay=2
signTime=1613927376;signed=2;currentDay=2
signTime=1614013788;signed=2;currentDay=2
signTime=1614100806;signed=2;currentDay=1
signTime=1614182400;signed=1;currentDay=3
signTime=1614268800;signed=1;currentDay=3
signTime=1614355200;signed=1;currentDay=3
signTime=1614441600;signed=1;currentDay=3
signTime=1614528000;signed=1;currentDay=3"
sign_num="4"
giftName=""
giftRes="ok"
giftDate="20210224"
sign_res_info="
2021/02/20_00:00:00  2    未签到
2021/02/21_01:15:47  2    [已~签~到]
2021/02/22_01:09:36  2    [已~签~到]
2021/02/23_01:09:48  2    [已~签~到]
2021/02/24_01:20:06  1    [已~签~到]
2021/02/25_00:00:00  3    未签到
2021/02/26_00:00:00  3    未签到
2021/02/27_00:00:00  3    未签到
2021/02/28_00:00:00  3    未签到
2021/03/01_00:00:00  3    未签到
当天签到奖励 []
已签到 4 天"
#赵 122294312-396444 sign_res_end
#王 1309893722-164885 sign_res
sign_res="
signTime=1613750400;signed=1;currentDay=2
signTime=1613841347;signed=2;currentDay=2
signTime=1613927377;signed=2;currentDay=2
signTime=1614013788;signed=2;currentDay=2
signTime=1614100806;signed=2;currentDay=1
signTime=1614182400;signed=1;currentDay=3
signTime=1614268800;signed=1;currentDay=3
signTime=1614355200;signed=1;currentDay=3
signTime=1614441600;signed=1;currentDay=3
signTime=1614528000;signed=1;currentDay=3"
sign_num="4"
giftName=""
giftRes="ok"
giftDate="20210224"
sign_res_info="
2021/02/20_00:00:00  2    未签到
2021/02/21_01:15:47  2    [已~签~到]
2021/02/22_01:09:37  2    [已~签~到]
2021/02/23_01:09:48  2    [已~签~到]
2021/02/24_01:20:06  1    [已~签~到]
2021/02/25_00:00:00  3    未签到
2021/02/26_00:00:00  3    未签到
2021/02/27_00:00:00  3    未签到
2021/02/28_00:00:00  3    未签到
2021/03/01_00:00:00  3    未签到
当天签到奖励 []
已签到 4 天"
#王 1309893722-164885 sign_res_end
