lzkj-isv.isvjcloud.com	FALSE	/	FALSE	1612548681	LZ_TOKEN_VALUE	B0oH3vDY2bhHWuKbVaJ+XQ==
lzkj-isv.isvjcloud.com	FALSE	/	FALSE	1612548681	LZ_TOKEN_KEY	lztokenpage67e351d5d8514435bb3f5e2d24dd7ac2
use wskey
token: AAFgHYfwADB_xVnFKHiI-71HAQnDSNc6pwI6Sx24PnDb5g14rf8dA0UtDMGNU9vjYc5ON5GmEk0
secretPin: 8tekGZ3q85Ims+F4/F7Z2vkaL5GGqMTUc8u/otw2E+a7Ak3lgFoFQlZmf45w8Jzw

02/06/21 02:01:21 748986700  1612548081
移动签到也买酒精品店
{
  "msg": "该活动已经结束",
  "code": "-1",
  "isOk": false
}
"该活动已经结束"
签到也买酒精品店完成

移动签到也买酒精品店查看结果
{
  "signDetail": null,
  "contiSignNum": null,
  "totalSignNum": null
}

也买酒精品店活动规则
{"msg":"","code":"-1","isOk":false}

{
  "actUrl": null,
  "shortUrl": null,
  "actRule": null
}
