03/04/21 02:05:38 410504100  1614794738
RANDOM_num: 5
removed '/tmp/tmp.IqF2luXVDF'
03/04/21 02:05:38 542735300  1614794738 æ£€æŸ¥ç‹ç­¾åˆ°

real	0m0.156s
user	0m0.031s
sys	0m0.078s
[WARN] get LZ_TOKEN error
03/04/21 02:05:38 852753800  1614794738
use pt_key

real	0m0.193s
user	0m0.078s
sys	0m0.125s
03/04/21 02:05:39 067478200  1614794739 token: AAFgP8_zADBjhEH6LGs1iRRD4lA5r3vZuQs8ry1A71hFD36mTPt40OnqgwytAnb6aV24fwY9U-o

real	0m0.163s
user	0m0.031s
sys	0m0.109s
parse error: Invalid numeric literal at line 1, column 10
03/04/21 02:05:39 445401900  1614794739 secretPin: 
[WARN] get secretPin error

03/04/21 02:05:39 477583300  1614794739 ç‹ç­¾åˆ°CeraVeé€‚ä¹è‚¤äº¬ä¸œè‡ªè¥æ——èˆ°åº—

real	0m0.206s
user	0m0.047s
sys	0m0.063s
parse error: Invalid numeric literal at line 1, column 10
parse error: Invalid numeric literal at line 1, column 10
parse error: Invalid numeric literal at line 1, column 10
parse error: Invalid numeric literal at line 1, column 10
03/04/21 02:05:40 191402000 1614794740

real	0m0.340s
user	0m0.000s
sys	0m0.047s

real	0m0.238s
user	0m0.016s
sys	0m0.094s
[WARN] get LZ_TOKEN error
03/04/21 02:05:40 876394500  1614794740
use pt_key

real	0m0.239s
user	0m0.094s
sys	0m0.109s
03/04/21 02:05:41 139663900  1614794741 token: AAFgP8_1ADBrw9yzfmfVD7HDKwkw5J2H2YNUr0QLiOYC1gM3xCImM1mKx4JWO2a19DK93NX5lZM

real	0m0.170s
user	0m0.031s
sys	0m0.094s
parse error: Invalid numeric literal at line 1, column 10
03/04/21 02:05:41 548672300  1614794741 secretPin: 
[WARN] get secretPin error

03/04/21 02:05:41 582103300  1614794741 ç‹ç­¾åˆ°CeraVeé€‚ä¹è‚¤äº¬ä¸œè‡ªè¥æ——èˆ°åº—

real	0m0.207s
user	0m0.016s
sys	0m0.094s
parse error: Invalid numeric literal at line 1, column 10
parse error: Invalid numeric literal at line 1, column 10
parse error: Invalid numeric literal at line 1, column 10
parse error: Invalid numeric literal at line 1, column 10
03/04/21 02:05:42 566093100 1614794742

real	0m0.482s
user	0m0.000s
sys	0m0.016s

real	0m0.203s
user	0m0.063s
sys	0m0.047s
[WARN] get LZ_TOKEN error
03/04/21 02:05:43 344809100  1614794743
use pt_key

real	0m0.263s
user	0m0.109s
sys	0m0.078s
03/04/21 02:05:43 670573400  1614794743 token: AAFgP8_3ADCfdR55bmrq_BUJmBVe_Z97gHJXxcsmRIxPBXf2WLyUEYH3NxsNxYCO2PhgEi0zDk8

real	0m0.190s
user	0m0.016s
sys	0m0.094s
parse error: Invalid numeric literal at line 1, column 10
03/04/21 02:05:44 052296700  1614794744 secretPin: 
[WARN] get secretPin error

03/04/21 02:05:44 089823000  1614794744 ç‹ç­¾åˆ°CeraVeé€‚ä¹è‚¤äº¬ä¸œè‡ªè¥æ——èˆ°åº—

real	0m0.243s
user	0m0.031s
sys	0m0.078s
parse error: Invalid numeric literal at line 1, column 10
parse error: Invalid numeric literal at line 1, column 10
parse error: Invalid numeric literal at line 1, column 10
parse error: Invalid numeric literal at line 1, column 10
03/04/21 02:05:44 852573900 1614794744

real	0m0.696s
user	0m0.000s
sys	0m0.063s

real	0m0.213s
user	0m0.016s
sys	0m0.078s
[WARN] get LZ_TOKEN error
03/04/21 02:05:45 868752300  1614794745
use pt_key

real	0m0.223s
user	0m0.125s
sys	0m0.094s
03/04/21 02:05:46 124286500  1614794746 token: AAFgP8_6ADDVjDvDvtBbsd7KfXzvA38GbMOQQSrKXJ424w-Wbk9UaA-PnPclwHLa6eZH1awnV30

real	0m0.170s
user	0m0.031s
sys	0m0.094s
parse error: Invalid numeric literal at line 1, column 10
03/04/21 02:05:46 467100300  1614794746 secretPin: 
[WARN] get secretPin error

03/04/21 02:05:46 489615900  1614794746 ç‹ç­¾åˆ°CeraVeé€‚ä¹è‚¤äº¬ä¸œè‡ªè¥æ——èˆ°åº—

real	0m0.181s
user	0m0.047s
sys	0m0.078s
parse error: Invalid numeric literal at line 1, column 10
parse error: Invalid numeric literal at line 1, column 10
parse error: Invalid numeric literal at line 1, column 10
parse error: Invalid numeric literal at line 1, column 10
03/04/21 02:05:47 211681500 1614794747

real	0m0.924s
user	0m0.000s
sys	0m0.031s

real	0m0.234s
user	0m0.031s
sys	0m0.063s
[WARN] get LZ_TOKEN error
03/04/21 02:05:48 483147200  1614794748
use pt_key

real	0m0.174s
user	0m0.109s
sys	0m0.047s
03/04/21 02:05:48 678260200  1614794748 token: AAFgP8_8ADCzzEwPPa0JTj2vClRV3DY8jm8VlG4817UjmYY7L2XeY9SqYKz3YUm92AOsOOwE3Ck

real	0m0.126s
user	0m0.031s
sys	0m0.047s
parse error: Invalid numeric literal at line 1, column 10
03/04/21 02:05:48 921116600  1614794748 secretPin: 
[WARN] get secretPin error

03/04/21 02:05:48 936633100  1614794748 ç‹ç­¾åˆ°CeraVeé€‚ä¹è‚¤äº¬ä¸œè‡ªè¥æ——èˆ°åº—

real	0m0.138s
user	0m0.016s
sys	0m0.078s
parse error: Invalid numeric literal at line 1, column 10
parse error: Invalid numeric literal at line 1, column 10
parse error: Invalid numeric literal at line 1, column 10
parse error: Invalid numeric literal at line 1, column 10
03/04/21 02:05:49 687323600 1614794749

real	0m1.089s
user	0m0.000s
sys	0m0.031s

real	0m0.136s
user	0m0.031s
sys	0m0.063s
[WARN] get LZ_TOKEN error
03/04/21 02:05:50 972871000  1614794750
use pt_key

real	0m0.157s
user	0m0.078s
sys	0m0.125s
03/04/21 02:05:51 151481100  1614794751 token: AAFgP8__ADDFtHWptZ3MV2lc1-4ZzUcTybJRM1K5t6-8rFh2QFpSN-_cSI0gfpQ2gp8eMw3X0FE

real	0m0.146s
user	0m0.016s
sys	0m0.078s
parse error: Invalid numeric literal at line 1, column 10
03/04/21 02:05:51 456453400  1614794751 secretPin: 
[WARN] get secretPin error

03/04/21 02:05:51 481960200  1614794751 ç‹ç­¾åˆ°CeraVeé€‚ä¹è‚¤äº¬ä¸œè‡ªè¥æ——èˆ°åº—

real	0m0.193s
user	0m0.031s
sys	0m0.109s
parse error: Invalid numeric literal at line 1, column 10
parse error: Invalid numeric literal at line 1, column 10
parse error: Invalid numeric literal at line 1, column 10
parse error: Invalid numeric literal at line 1, column 10
03/04/21 02:05:52 121079200 1614794752

real	0m1.265s
user	0m0.000s
sys	0m0.047s

real	0m0.123s
user	0m0.000s
sys	0m0.109s
[WARN] get LZ_TOKEN error
03/04/21 02:05:53 550575000  1614794753
use pt_key

real	0m0.165s
user	0m0.094s
sys	0m0.078s
03/04/21 02:05:53 741877900  1614794753 token: AAFgP9ABADAzLM9Zehai7zhkUvJS1XJD1PP2xUzc_jX7gQCvYiJXrn65J19wz_ajwz1QfnY1w8Y

real	0m0.183s
user	0m0.000s
sys	0m0.094s
parse error: Invalid numeric literal at line 1, column 10
03/04/21 02:05:54 102713300  1614794754 secretPin: 
[WARN] get secretPin error

03/04/21 02:05:54 126430700  1614794754 ç‹ç­¾åˆ°CeraVeé€‚ä¹è‚¤äº¬ä¸œè‡ªè¥æ——èˆ°åº—

real	0m0.136s
user	0m0.031s
sys	0m0.047s
parse error: Invalid numeric literal at line 1, column 10
parse error: Invalid numeric literal at line 1, column 10
parse error: Invalid numeric literal at line 1, column 10
parse error: Invalid numeric literal at line 1, column 10
03/04/21 02:05:54 720314800 1614794754

real	0m1.447s
user	0m0.000s
sys	0m0.047s

real	0m0.117s
user	0m0.047s
sys	0m0.047s
[WARN] get LZ_TOKEN error
03/04/21 02:05:56 324193500  1614794756
use pt_key

real	0m0.145s
user	0m0.109s
sys	0m0.109s
03/04/21 02:05:56 485524200  1614794756 token: AAFgP9AEADDDDNDEBLPBUwQUcaG-qosCVHUzLjr_FmVDWXbljgnvBg9DtMk4bcwS29YCXZcMz3A

real	0m0.120s
user	0m0.016s
sys	0m0.063s
parse error: Invalid numeric literal at line 1, column 10
03/04/21 02:05:56 722305300  1614794756 secretPin: 
[WARN] get secretPin error

03/04/21 02:05:56 737638900  1614794756 ç‹ç­¾åˆ°CeraVeé€‚ä¹è‚¤äº¬ä¸œè‡ªè¥æ——èˆ°åº—

real	0m0.139s
user	0m0.016s
sys	0m0.063s
parse error: Invalid numeric literal at line 1, column 10
parse error: Invalid numeric literal at line 1, column 10
parse error: Invalid numeric literal at line 1, column 10
parse error: Invalid numeric literal at line 1, column 10
03/04/21 02:05:57 306637800 1614794757

real	0m1.654s
user	0m0.000s
sys	0m0.016s

real	0m0.113s
user	0m0.031s
sys	0m0.047s
[WARN] get LZ_TOKEN error
03/04/21 02:05:59 121445500  1614794759
use pt_key

real	0m0.183s
user	0m0.078s
sys	0m0.109s
03/04/21 02:05:59 324395900  1614794759 token: AAFgP9AHADDFKiIoh7t-3FToJg5mYXCIp6W6nwAxtMhSjjWAVAExK2udIBFqPfyMk92ttnFfmAY

real	0m0.169s
user	0m0.031s
sys	0m0.078s
parse error: Invalid numeric literal at line 1, column 10
03/04/21 02:05:59 610483500  1614794759 secretPin: 
[WARN] get secretPin error

03/04/21 02:05:59 628606900  1614794759 ç‹ç­¾åˆ°CeraVeé€‚ä¹è‚¤äº¬ä¸œè‡ªè¥æ——èˆ°åº—

real	0m0.141s
user	0m0.031s
sys	0m0.063s
parse error: Invalid numeric literal at line 1, column 10
parse error: Invalid numeric literal at line 1, column 10
parse error: Invalid numeric literal at line 1, column 10
parse error: Invalid numeric literal at line 1, column 10
03/04/21 02:06:00 165905400 1614794760

real	0m1.859s
user	0m0.000s
sys	0m0.031s

real	0m0.113s
user	0m0.031s
sys	0m0.063s
[WARN] get LZ_TOKEN error
03/04/21 02:06:02 178022400  1614794762
use pt_key

real	0m0.139s
user	0m0.094s
sys	0m0.109s
03/04/21 02:06:02 340034600  1614794762 token: AAFgP9AKADCnQzjtkXSY4UHbgjTS1KqQDdhJdy7tdRRQLHDOvoCsX1nHBFpy04czB0Y3wijq7sI

real	0m0.149s
user	0m0.031s
sys	0m0.063s
parse error: Invalid numeric literal at line 1, column 10
03/04/21 02:06:02 641019300  1614794762 secretPin: 
[WARN] get secretPin error

03/04/21 02:06:02 656768200  1614794762 ç‹ç­¾åˆ°CeraVeé€‚ä¹è‚¤äº¬ä¸œè‡ªè¥æ——èˆ°åº—

real	0m0.116s
user	0m0.031s
sys	0m0.078s
parse error: Invalid numeric literal at line 1, column 10
parse error: Invalid numeric literal at line 1, column 10
parse error: Invalid numeric literal at line 1, column 10
parse error: Invalid numeric literal at line 1, column 10
03/04/21 02:06:03 064907300 1614794763

real	0m2.044s
user	0m0.000s
sys	0m0.016s

real	0m0.161s
user	0m0.016s
sys	0m0.094s
[WARN] get LZ_TOKEN error
03/04/21 02:06:05 333239400  1614794765
use pt_key

real	0m0.172s
user	0m0.094s
sys	0m0.109s
03/04/21 02:06:05 521223400  1614794765 token: AAFgP9ANADBUuBZGEpHam1H_hlEcI8rxudU5BviTxs6c0zPdehQWD5Qy2CZIBuAncyohLRVNv8k

real	0m0.114s
user	0m0.016s
sys	0m0.078s
parse error: Invalid numeric literal at line 1, column 10
03/04/21 02:06:05 737333400  1614794765 secretPin: 
[WARN] get secretPin error

03/04/21 02:06:05 751914800  1614794765 ç‹ç­¾åˆ°CeraVeé€‚ä¹è‚¤äº¬ä¸œè‡ªè¥æ——èˆ°åº—

real	0m0.146s
user	0m0.031s
sys	0m0.078s
parse error: Invalid numeric literal at line 1, column 10
parse error: Invalid numeric literal at line 1, column 10
parse error: Invalid numeric literal at line 1, column 10
parse error: Invalid numeric literal at line 1, column 10
03/04/21 02:06:06 188060500 1614794766

real	0m2.234s
user	0m0.000s
sys	0m0.031s

real	0m0.148s
user	0m0.016s
sys	0m0.078s
[WARN] get LZ_TOKEN error
03/04/21 02:06:08 619800200  1614794768
use pt_key

real	0m0.164s
user	0m0.094s
sys	0m0.094s
03/04/21 02:06:08 801131600  1614794768 token: AAFgP9AQADAaf22Bukhv0tKqJWib_MOUNF2d19dUaHNvpXrZvAeUumOO1pdWUuM7qXXWTmRYDxM

real	0m0.155s
user	0m0.000s
sys	0m0.109s
parse error: Invalid numeric literal at line 1, column 10
03/04/21 02:06:09 175640300  1614794769 secretPin: 
[WARN] get secretPin error

03/04/21 02:06:09 216458000  1614794769 ç‹ç­¾åˆ°CeraVeé€‚ä¹è‚¤äº¬ä¸œè‡ªè¥æ——èˆ°åº—

real	0m0.206s
user	0m0.016s
sys	0m0.141s
parse error: Invalid numeric literal at line 1, column 10
parse error: Invalid numeric literal at line 1, column 10
parse error: Invalid numeric literal at line 1, column 10
parse error: Invalid numeric literal at line 1, column 10
03/04/21 02:06:09 750349600 1614794769

real	0m2.433s
user	0m0.000s
sys	0m0.016s

real	0m0.419s
user	0m0.031s
sys	0m0.047s
[WARN] get LZ_TOKEN error
03/04/21 02:06:12 652689800  1614794772
use pt_key

real	0m0.160s
user	0m0.063s
sys	0m0.094s
03/04/21 02:06:12 838029400  1614794772 token: AAFgP9AUADCgU6VWnNtEqQYvdJrVmDnrYj87KU_x_YS-n8XRpxmYNH2o6VcIWJDV_zA2b65BmPI

real	0m0.143s
user	0m0.016s
sys	0m0.078s
parse error: Invalid numeric literal at line 1, column 10
03/04/21 02:06:13 109555600  1614794773 secretPin: 
[WARN] get secretPin error

03/04/21 02:06:13 125129600  1614794773 ç‹ç­¾åˆ°CeraVeé€‚ä¹è‚¤äº¬ä¸œè‡ªè¥æ——èˆ°åº—

real	0m0.111s
user	0m0.063s
sys	0m0.031s
parse error: Invalid numeric literal at line 1, column 10
parse error: Invalid numeric literal at line 1, column 10
parse error: Invalid numeric literal at line 1, column 10
parse error: Invalid numeric literal at line 1, column 10
03/04/21 02:06:13 625028500 1614794773

real	0m2.638s
user	0m0.000s
sys	0m0.016s

real	0m0.144s
user	0m0.016s
sys	0m0.094s
[WARN] get LZ_TOKEN error
03/04/21 02:06:16 453804600  1614794776
use pt_key

real	0m0.144s
user	0m0.078s
sys	0m0.094s
03/04/21 02:06:16 617186500  1614794776 token: AAFgP9AYADCE4JBwSpHUZNs9iDDEOJQwXr0v2yuI_-W2-WBcZ_9OZ4T2Hto-Xyc1qwh25bcSYLE

real	0m0.146s
user	0m0.000s
sys	0m0.078s
parse error: Invalid numeric literal at line 1, column 10
03/04/21 02:06:16 965871500  1614794776 secretPin: 
[WARN] get secretPin error

03/04/21 02:06:16 981731300  1614794776 ç‹ç­¾åˆ°CeraVeé€‚ä¹è‚¤äº¬ä¸œè‡ªè¥æ——èˆ°åº—

real	0m0.109s
user	0m0.000s
sys	0m0.078s
parse error: Invalid numeric literal at line 1, column 10
parse error: Invalid numeric literal at line 1, column 10
parse error: Invalid numeric literal at line 1, column 10
parse error: Invalid numeric literal at line 1, column 10
03/04/21 02:06:17 439408500 1614794777

real	0m2.834s
user	0m0.016s
sys	0m0.016s

real	0m0.156s
user	0m0.047s
sys	0m0.063s
[WARN] get LZ_TOKEN error
03/04/21 02:06:20 476771100  1614794780
use pt_key

real	0m0.154s
user	0m0.078s
sys	0m0.094s
03/04/21 02:06:20 652675700  1614794780 token: AAFgP9AcADABUP4v_mgpZ7AtlQIhrpUeLszqxPw3vfuNRG-yoC3SB0CT78AyrOYzXemR0ygnsxs

real	0m0.135s
user	0m0.047s
sys	0m0.047s
parse error: Invalid numeric literal at line 1, column 10
03/04/21 02:06:20 925243000  1614794780 secretPin: 
[WARN] get secretPin error

03/04/21 02:06:20 941491600  1614794780 ç‹ç­¾åˆ°CeraVeé€‚ä¹è‚¤äº¬ä¸œè‡ªè¥æ——èˆ°åº—

real	0m0.109s
user	0m0.016s
sys	0m0.094s
parse error: Invalid numeric literal at line 1, column 10
parse error: Invalid numeric literal at line 1, column 10
parse error: Invalid numeric literal at line 1, column 10
parse error: Invalid numeric literal at line 1, column 10
03/04/21 02:06:21 434762100 1614794781

real	0m3.014s
user	0m0.000s
sys	0m0.031s

real	0m0.174s
user	0m0.000s
sys	0m0.109s
[WARN] get LZ_TOKEN error
03/04/21 02:06:24 676520000  1614794784
use pt_key

real	0m0.168s
user	0m0.094s
sys	0m0.078s
03/04/21 02:06:24 862362500  1614794784 token: AAFgP9AgADB3eSxFjXGEMocM1pTayEl2MpHP3hAeLVXA4F974AleS6dnP10IhTPuWC1gI4ymJkY

real	0m0.164s
user	0m0.016s
sys	0m0.078s
parse error: Invalid numeric literal at line 1, column 10
03/04/21 02:06:25 219747500  1614794785 secretPin: 
[WARN] get secretPin error

03/04/21 02:06:25 243958900  1614794785 ç‹ç­¾åˆ°CeraVeé€‚ä¹è‚¤äº¬ä¸œè‡ªè¥æ——èˆ°åº—

real	0m0.204s
user	0m0.031s
sys	0m0.078s
parse error: Invalid numeric literal at line 1, column 10
parse error: Invalid numeric literal at line 1, column 10
parse error: Invalid numeric literal at line 1, column 10
parse error: Invalid numeric literal at line 1, column 10
03/04/21 02:06:25 842246100 1614794785

real	0m3.237s
user	0m0.000s
sys	0m0.031s

real	0m0.151s
user	0m0.031s
sys	0m0.094s
[WARN] get LZ_TOKEN error
03/04/21 02:06:29 292932300  1614794789
use pt_key

real	0m0.211s
user	0m0.141s
sys	0m0.109s
03/04/21 02:06:29 527675000  1614794789 token: AAFgP9AlADD8mcRn_b6I4gOgld7SCMCtTLFNCMnH1HhsNoMred1F4-AX4JXCYERRnL8Uar9KnwA

real	0m0.153s
user	0m0.031s
sys	0m0.094s
parse error: Invalid numeric literal at line 1, column 10
03/04/21 02:06:29 831609100  1614794789 secretPin: 
[WARN] get secretPin error

03/04/21 02:06:29 849135600  1614794789 ç‹ç­¾åˆ°CeraVeé€‚ä¹è‚¤äº¬ä¸œè‡ªè¥æ——èˆ°åº—

real	0m0.198s
user	0m0.031s
sys	0m0.078s
parse error: Invalid numeric literal at line 1, column 10
parse error: Invalid numeric literal at line 1, column 10
parse error: Invalid numeric literal at line 1, column 10
parse error: Invalid numeric literal at line 1, column 10
03/04/21 02:06:30 396940600 1614794790

real	0m3.445s
user	0m0.000s
sys	0m0.000s

real	0m0.134s
user	0m0.031s
sys	0m0.047s
[WARN] get LZ_TOKEN error
03/04/21 02:06:34 035614300  1614794794
use pt_key

real	0m0.188s
user	0m0.109s
sys	0m0.109s
03/04/21 02:06:34 244628600  1614794794 token: AAFgP9AqADBUk7uuCsz8K8c16OCdzUbF6DebYzn344yOlbY0AaAXF5_7xpHDSVxzyPRT_qXvsqw

real	0m0.215s
user	0m0.031s
sys	0m0.109s
parse error: Invalid numeric literal at line 1, column 10
03/04/21 02:06:34 640534800  1614794794 secretPin: 
[WARN] get secretPin error

03/04/21 02:06:34 664488800  1614794794 ç‹ç­¾åˆ°CeraVeé€‚ä¹è‚¤äº¬ä¸œè‡ªè¥æ——èˆ°åº—

real	0m0.199s
user	0m0.016s
sys	0m0.078s
parse error: Invalid numeric literal at line 1, column 10
parse error: Invalid numeric literal at line 1, column 10
parse error: Invalid numeric literal at line 1, column 10
parse error: Invalid numeric literal at line 1, column 10
03/04/21 02:06:35 321520000 1614794795

real	0m3.749s
user	0m0.000s
sys	0m0.031s

real	0m0.156s
user	0m0.016s
sys	0m0.078s
[WARN] get LZ_TOKEN error
03/04/21 02:06:39 279657900  1614794799
use pt_key

real	0m0.236s
user	0m0.109s
sys	0m0.094s
03/04/21 02:06:39 536480100  1614794799 token: AAFgP9AvADAXVIrD6CFVSmgKV7QuMrODoWhLM4ED2AZCXf3lVJlNnPbcPa4hr3JC3K6cH3_2Pqs

real	0m0.148s
user	0m0.016s
sys	0m0.094s
parse error: Invalid numeric literal at line 1, column 10
03/04/21 02:06:39 942753700  1614794799 secretPin: 
[WARN] get secretPin error

03/04/21 02:06:39 974620100  1614794799 ç‹ç­¾åˆ°CeraVeé€‚ä¹è‚¤äº¬ä¸œè‡ªè¥æ——èˆ°åº—

real	0m0.165s
user	0m0.031s
sys	0m0.109s
parse error: Invalid numeric literal at line 1, column 10
parse error: Invalid numeric literal at line 1, column 10
parse error: Invalid numeric literal at line 1, column 10
parse error: Invalid numeric literal at line 1, column 10
03/04/21 02:06:40 608138800 1614794800

real	0m3.844s
user	0m0.000s
sys	0m0.047s

real	0m0.149s
user	0m0.031s
sys	0m0.063s
[WARN] get LZ_TOKEN error
03/04/21 02:06:44 648074100  1614794804
use pt_key

real	0m0.185s
user	0m0.094s
sys	0m0.125s
03/04/21 02:06:44 858760500  1614794804 token: AAFgP9A0ADB8dJj-TTT9EyAZrlMf5fT4OTzp2gf-zOZJcUsJGttrLBC_2pmyAwRNctGp4emEZVE

real	0m0.181s
user	0m0.000s
sys	0m0.109s
parse error: Invalid numeric literal at line 1, column 10
03/04/21 02:06:45 191706900  1614794805 secretPin: 
[WARN] get secretPin error

03/04/21 02:06:45 208665000  1614794805 ç‹ç­¾åˆ°CeraVeé€‚ä¹è‚¤äº¬ä¸œè‡ªè¥æ——èˆ°åº—

real	0m0.158s
user	0m0.031s
sys	0m0.063s
parse error: Invalid numeric literal at line 1, column 10
parse error: Invalid numeric literal at line 1, column 10
parse error: Invalid numeric literal at line 1, column 10
parse error: Invalid numeric literal at line 1, column 10
03/04/21 02:06:45 811780600 1614794805

real	0m4.050s
user	0m0.016s
sys	0m0.016s
03/04/21 02:07:05 069945300  1614794825
parse error: Invalid numeric literal at line 1, column 10
ç­¾åˆ°æ˜¯å¦æˆåŠŸè§£æå¤±è´¥. ä¸å†å†™/home/myid/jd/jd_signup/vender/shop_1614698214_0

ç‹ç­¾åˆ°CeraVeé€‚ä¹è‚¤äº¬ä¸œè‡ªè¥æ——èˆ°åº—æŸ¥çœ‹ç»“æœ
<!DOCTYPE html>
<html>
 <head> 
  <title>äº¬ä¸œ</title> 
  <meta charset="utf-8" /> 
  <meta name="apple-mobile-web-app-capable" content="yes" /> 
  <meta name="viewport" content="width=device-width,initial-scale=1,user-scalable=no,maximum-scale=1,viewport-fit=cover" /> 
  <meta name="format-detection" content="telephone=no" /> 
  <meta name="x5-cache" content="enable" /> 
  <link rel="stylesheet" href="https://storage.360buyimg.com/babel/00162638/333378/production/dev/parser.1526555535098.css?t=20180517191236" /> 
  <style> img {
            opacity: 1 !important;
        } </style> 
  <link href="https://storage.360buyimg.com/babel/00170893/348321/production/dev/index.7320a380.css?t=20180802150952" rel="stylesheet" />
 </head> 
 <body style="background:#fff;" id="root"> 
  <div class="errorPage"> 
  </div> 
  <div class="placeholer"> 
  </div> 
  <script src="https://wl.jd.com/unify.min.js"></script> 
  <script type="text/javascript" src="https://storage.360buyimg.com/babel/00170893/348321/production/dev/index.0f8f4dba.js?t=20180802150952"></script> 
 </body>
</html>

parse error: Invalid numeric literal at line 1, column 10
[0;31;3mRUN  at {283:<--} ERROR CODE: 4[0m [0;31;3m[20210304 02:07:05] [ERROR] [0m

