02/24/21 01:11:24 741135200  1614100284
RANDOM_num: 25
removed '/tmp/tmp.IoOgqtgOfv'
02/24/21 01:11:24 883230100  1614100284 检查122294312-396444签到
removed '/tmp/tmp.bnkxmjFaMI'
02/24/21 01:11:24 961884800  1614100284 检查1309893722-164885签到

02/24/21 01:11:25 019078500  1614100285 赵签到老板集成烹饪系统京东自营店

real	0m0.191s
user	0m0.016s
sys	0m0.109s
{"code":200,"data":[{"level":0,"prizeList":[{"discount":1.00,"type":4,"number":10000,"budgetNum":10000,"userPirzeStatus":2,"class":"com.jd.interact.center.client.api.user.domain.InteractUserPrize","status":2}],"signType":0,"class":"com.jd.interact.center.client.api.color.domain.sign.ShopSignInteractUserPrizeRule","userPrizeRuleStatus":2}],"class":"com.jd.interact.center.client.api.common.param.Results","success":true}

02/24/21 01:11:25 282907800  1614100285 王签到老板集成烹饪系统京东自营店

real	0m0.250s
user	0m0.031s
sys	0m0.109s
{"code":200,"data":[{"level":0,"prizeList":[{"discount":1.00,"type":4,"number":10000,"budgetNum":10000,"userPirzeStatus":2,"class":"com.jd.interact.center.client.api.user.domain.InteractUserPrize","status":2}],"signType":0,"class":"com.jd.interact.center.client.api.color.domain.sign.ShopSignInteractUserPrizeRule","userPrizeRuleStatus":2}],"class":"com.jd.interact.center.client.api.common.param.Results","success":true}
02/24/21 01:11:25 637807900 1614100285
02/24/21 01:11:25 650585000 1614100285 签到老板集成烹饪系统京东自营店完成

02/24/21 01:11:50 726975700  1614100310
赵签到老板集成烹饪系统京东自营店查看结果
200
首次签到成功. 写入giftName: 奖励 1, type=4; 

***********************************************
2021/01/28_00:00:00  2    未签到
2021/01/29_00:00:00  2    未签到
2021/01/30_00:00:00  2    未签到
2021/01/31_00:00:00  2    未签到
2021/02/01_00:00:00  2    未签到
2021/02/02_00:00:00  2    未签到
2021/02/03_00:00:00  2    未签到
2021/02/04_00:00:00  2    未签到
2021/02/05_00:00:00  2    未签到
2021/02/06_00:00:00  2    未签到
2021/02/07_00:00:00  2    未签到
2021/02/08_00:00:00  2    未签到
2021/02/09_00:00:00  2    未签到
2021/02/10_00:00:00  2    未签到
2021/02/11_00:00:00  2    未签到
2021/02/12_00:00:00  2    未签到
2021/02/13_00:00:00  2    未签到
2021/02/14_00:00:00  2    未签到
2021/02/15_00:00:00  2    未签到
2021/02/16_00:00:00  2    未签到
2021/02/17_00:00:00  2    未签到
2021/02/18_00:00:00  2    未签到
2021/02/19_00:00:00  2    未签到
2021/02/20_01:10:44  2    [已~签~到]
2021/02/21_01:13:39  2    [已~签~到]
2021/02/22_01:07:22  2    [已~签~到]
2021/02/23_01:07:13  2    [已~签~到]
2021/02/24_01:11:25  1    [已~签~到]
2021/02/25_00:00:00  3    未签到
2021/02/26_00:00:00  3    未签到
当天签到奖励 [奖励 1, type=4; ]
已签到 5 天
***********************************************

王签到老板集成烹饪系统京东自营店查看结果
200
首次签到成功. 写入giftName: 奖励 1, type=4; 

***********************************************
2021/01/28_00:00:00  2    未签到
2021/01/29_00:00:00  2    未签到
2021/01/30_00:00:00  2    未签到
2021/01/31_00:00:00  2    未签到
2021/02/01_00:00:00  2    未签到
2021/02/02_00:00:00  2    未签到
2021/02/03_00:00:00  2    未签到
2021/02/04_00:00:00  2    未签到
2021/02/05_00:00:00  2    未签到
2021/02/06_00:00:00  2    未签到
2021/02/07_00:00:00  2    未签到
2021/02/08_00:00:00  2    未签到
2021/02/09_00:00:00  2    未签到
2021/02/10_00:00:00  2    未签到
2021/02/11_00:00:00  2    未签到
2021/02/12_00:00:00  2    未签到
2021/02/13_00:00:00  2    未签到
2021/02/14_00:00:00  2    未签到
2021/02/15_00:00:00  2    未签到
2021/02/16_00:00:00  2    未签到
2021/02/17_00:00:00  2    未签到
2021/02/18_00:00:00  2    未签到
2021/02/19_00:00:00  2    未签到
2021/02/20_10:06:21  2    [已~签~到]
2021/02/21_01:13:39  2    [已~签~到]
2021/02/22_01:07:23  2    [已~签~到]
2021/02/23_01:07:13  2    [已~签~到]
2021/02/24_01:11:25  1    [已~签~到]
2021/02/25_00:00:00  3    未签到
2021/02/26_00:00:00  3    未签到
当天签到奖励 [奖励 1, type=4; ]
已签到 5 天
***********************************************



赵签到老板集成烹饪系统京东自营店日志
{"code":200,"data":{"signRecords":[{"signTime":1611763200000,"currentDay":2,"signed":1,"class":"com.jd.interact.center.client.api.color.domain.sign.InteractActivityUserActionRecord"},{"signTime":1611849600000,"currentDay":2,"signed":1,"class":"com.jd.interact.center.client.api.color.domain.sign.InteractActivityUserActionRecord"},{"signTime":1611936000000,"currentDay":2,"signed":1,"class":"com.jd.interact.center.client.api.color.domain.sign.InteractActivityUserActionRecord"},{"signTime":1612022400000,"currentDay":2,"signed":1,"class":"com.jd.interact.center.client.api.color.domain.sign.InteractActivityUserActionRecord"},{"signTime":1612108800000,"currentDay":2,"signed":1,"class":"com.jd.interact.center.client.api.color.domain.sign.InteractActivityUserActionRecord"},{"signTime":1612195200000,"currentDay":2,"signed":1,"class":"com.jd.interact.center.client.api.color.domain.sign.InteractActivityUserActionRecord"},{"signTime":1612281600000,"currentDay":2,"signed":1,"class":"com.jd.interact.center.client.api.color.domain.sign.InteractActivityUserActionRecord"},{"signTime":1612368000000,"currentDay":2,"signed":1,"class":"com.jd.interact.center.client.api.color.domain.sign.InteractActivityUserActionRecord"},{"signTime":1612454400000,"currentDay":2,"signed":1,"class":"com.jd.interact.center.client.api.color.domain.sign.InteractActivityUserActionRecord"},{"signTime":1612540800000,"currentDay":2,"signed":1,"class":"com.jd.interact.center.client.api.color.domain.sign.InteractActivityUserActionRecord"},{"signTime":1612627200000,"currentDay":2,"signed":1,"class":"com.jd.interact.center.client.api.color.domain.sign.InteractActivityUserActionRecord"},{"signTime":1612713600000,"currentDay":2,"signed":1,"class":"com.jd.interact.center.client.api.color.domain.sign.InteractActivityUserActionRecord"},{"signTime":1612800000000,"currentDay":2,"signed":1,"class":"com.jd.interact.center.client.api.color.domain.sign.InteractActivityUserActionRecord"},{"signTime":1612886400000,"currentDay":2,"signed":1,"class":"com.jd.interact.center.client.api.color.domain.sign.InteractActivityUserActionRecord"},{"signTime":1612972800000,"currentDay":2,"signed":1,"class":"com.jd.interact.center.client.api.color.domain.sign.InteractActivityUserActionRecord"},{"signTime":1613059200000,"currentDay":2,"signed":1,"class":"com.jd.interact.center.client.api.color.domain.sign.InteractActivityUserActionRecord"},{"signTime":1613145600000,"currentDay":2,"signed":1,"class":"com.jd.interact.center.client.api.color.domain.sign.InteractActivityUserActionRecord"},{"signTime":1613232000000,"currentDay":2,"signed":1,"class":"com.jd.interact.center.client.api.color.domain.sign.InteractActivityUserActionRecord"},{"signTime":1613318400000,"currentDay":2,"signed":1,"class":"com.jd.interact.center.client.api.color.domain.sign.InteractActivityUserActionRecord"},{"signTime":1613404800000,"currentDay":2,"signed":1,"class":"com.jd.interact.center.client.api.color.domain.sign.InteractActivityUserActionRecord"},{"signTime":1613491200000,"currentDay":2,"signed":1,"class":"com.jd.interact.center.client.api.color.domain.sign.InteractActivityUserActionRecord"},{"signTime":1613577600000,"currentDay":2,"signed":1,"class":"com.jd.interact.center.client.api.color.domain.sign.InteractActivityUserActionRecord"},{"signTime":1613664000000,"currentDay":2,"signed":1,"class":"com.jd.interact.center.client.api.color.domain.sign.InteractActivityUserActionRecord"},{"signTime":1613754644847,"currentDay":2,"signed":2,"class":"com.jd.interact.center.client.api.color.domain.sign.InteractActivityUserActionRecord"},{"signTime":1613841219476,"currentDay":2,"signed":2,"class":"com.jd.interact.center.client.api.color.domain.sign.InteractActivityUserActionRecord"},{"signTime":1613927242886,"currentDay":2,"signed":2,"class":"com.jd.interact.center.client.api.color.domain.sign.InteractActivityUserActionRecord"},{"signTime":1614013633392,"currentDay":2,"signed":2,"class":"com.jd.interact.center.client.api.color.domain.sign.InteractActivityUserActionRecord"},{"signTime":1614100285147,"currentDay":1,"signed":2,"class":"com.jd.interact.center.client.api.color.domain.sign.InteractActivityUserActionRecord"},{"signTime":1614182400000,"currentDay":3,"signed":1,"class":"com.jd.interact.center.client.api.color.domain.sign.InteractActivityUserActionRecord"},{"signTime":1614268800000,"currentDay":3,"signed":1,"class":"com.jd.interact.center.client.api.color.domain.sign.InteractActivityUserActionRecord"}],"days":5,"class":"com.jd.interact.center.client.api.color.domain.sign.ShopSignUserRecord"},"class":"com.jd.interact.center.client.api.common.param.Results","success":true}
{
  "contiSignNum": 5
}
王签到老板集成烹饪系统京东自营店日志
{"code":200,"data":{"signRecords":[{"currentDay":2,"signTime":1611763200000,"signed":1,"class":"com.jd.interact.center.client.api.color.domain.sign.InteractActivityUserActionRecord"},{"currentDay":2,"signTime":1611849600000,"signed":1,"class":"com.jd.interact.center.client.api.color.domain.sign.InteractActivityUserActionRecord"},{"currentDay":2,"signTime":1611936000000,"signed":1,"class":"com.jd.interact.center.client.api.color.domain.sign.InteractActivityUserActionRecord"},{"currentDay":2,"signTime":1612022400000,"signed":1,"class":"com.jd.interact.center.client.api.color.domain.sign.InteractActivityUserActionRecord"},{"currentDay":2,"signTime":1612108800000,"signed":1,"class":"com.jd.interact.center.client.api.color.domain.sign.InteractActivityUserActionRecord"},{"currentDay":2,"signTime":1612195200000,"signed":1,"class":"com.jd.interact.center.client.api.color.domain.sign.InteractActivityUserActionRecord"},{"currentDay":2,"signTime":1612281600000,"signed":1,"class":"com.jd.interact.center.client.api.color.domain.sign.InteractActivityUserActionRecord"},{"currentDay":2,"signTime":1612368000000,"signed":1,"class":"com.jd.interact.center.client.api.color.domain.sign.InteractActivityUserActionRecord"},{"currentDay":2,"signTime":1612454400000,"signed":1,"class":"com.jd.interact.center.client.api.color.domain.sign.InteractActivityUserActionRecord"},{"currentDay":2,"signTime":1612540800000,"signed":1,"class":"com.jd.interact.center.client.api.color.domain.sign.InteractActivityUserActionRecord"},{"currentDay":2,"signTime":1612627200000,"signed":1,"class":"com.jd.interact.center.client.api.color.domain.sign.InteractActivityUserActionRecord"},{"currentDay":2,"signTime":1612713600000,"signed":1,"class":"com.jd.interact.center.client.api.color.domain.sign.InteractActivityUserActionRecord"},{"currentDay":2,"signTime":1612800000000,"signed":1,"class":"com.jd.interact.center.client.api.color.domain.sign.InteractActivityUserActionRecord"},{"currentDay":2,"signTime":1612886400000,"signed":1,"class":"com.jd.interact.center.client.api.color.domain.sign.InteractActivityUserActionRecord"},{"currentDay":2,"signTime":1612972800000,"signed":1,"class":"com.jd.interact.center.client.api.color.domain.sign.InteractActivityUserActionRecord"},{"currentDay":2,"signTime":1613059200000,"signed":1,"class":"com.jd.interact.center.client.api.color.domain.sign.InteractActivityUserActionRecord"},{"currentDay":2,"signTime":1613145600000,"signed":1,"class":"com.jd.interact.center.client.api.color.domain.sign.InteractActivityUserActionRecord"},{"currentDay":2,"signTime":1613232000000,"signed":1,"class":"com.jd.interact.center.client.api.color.domain.sign.InteractActivityUserActionRecord"},{"currentDay":2,"signTime":1613318400000,"signed":1,"class":"com.jd.interact.center.client.api.color.domain.sign.InteractActivityUserActionRecord"},{"currentDay":2,"signTime":1613404800000,"signed":1,"class":"com.jd.interact.center.client.api.color.domain.sign.InteractActivityUserActionRecord"},{"currentDay":2,"signTime":1613491200000,"signed":1,"class":"com.jd.interact.center.client.api.color.domain.sign.InteractActivityUserActionRecord"},{"currentDay":2,"signTime":1613577600000,"signed":1,"class":"com.jd.interact.center.client.api.color.domain.sign.InteractActivityUserActionRecord"},{"currentDay":2,"signTime":1613664000000,"signed":1,"class":"com.jd.interact.center.client.api.color.domain.sign.InteractActivityUserActionRecord"},{"currentDay":2,"signTime":1613786781605,"signed":2,"class":"com.jd.interact.center.client.api.color.domain.sign.InteractActivityUserActionRecord"},{"currentDay":2,"signTime":1613841219761,"signed":2,"class":"com.jd.interact.center.client.api.color.domain.sign.InteractActivityUserActionRecord"},{"currentDay":2,"signTime":1613927243568,"signed":2,"class":"com.jd.interact.center.client.api.color.domain.sign.InteractActivityUserActionRecord"},{"currentDay":2,"signTime":1614013633845,"signed":2,"class":"com.jd.interact.center.client.api.color.domain.sign.InteractActivityUserActionRecord"},{"currentDay":1,"signTime":1614100285431,"signed":2,"class":"com.jd.interact.center.client.api.color.domain.sign.InteractActivityUserActionRecord"},{"currentDay":3,"signTime":1614182400000,"signed":1,"class":"com.jd.interact.center.client.api.color.domain.sign.InteractActivityUserActionRecord"},{"currentDay":3,"signTime":1614268800000,"signed":1,"class":"com.jd.interact.center.client.api.color.domain.sign.InteractActivityUserActionRecord"}],"days":5,"class":"com.jd.interact.center.client.api.color.domain.sign.ShopSignUserRecord"},"class":"com.jd.interact.center.client.api.common.param.Results","success":true}
{
  "contiSignNum": 5
}
# 短链接
suo_url=""
venderId=1000352182
startTime=1611763200000
endTime=1614355199000
activityId=10258745
token=154FB5E00A34A44BD14A3EF2BD16FF71
#店铺名称
vendername="老板集成烹饪系统京东自营店"
# 长链接
url=https://h5.m.jd.com/babelDiy/Zeus/2PAAf74aG3D61qvfKUM5dxUssJQ9/index.html?token=154FB5E00A34A44BD14A3EF2BD16FF71
# 活动时间：2021.01.28 00:00:00 - 2021.02.26 23:59:59
# 奖励说明：
actRule="
每日签到：1京豆
连续签到7天：100京豆
"
#肥鹅 jd_4d651d9e48204 sign_res
sign_res="
signTime=1611763200;signed=1;currentDay=2
signTime=1611849600;signed=1;currentDay=2
signTime=1611936000;signed=1;currentDay=2
signTime=1612022400;signed=1;currentDay=2
signTime=1612108800;signed=1;currentDay=2
signTime=1612195200;signed=1;currentDay=2
signTime=1612281600;signed=1;currentDay=2
signTime=1612368000;signed=1;currentDay=2
signTime=1612454400;signed=1;currentDay=2
signTime=1612540800;signed=1;currentDay=2
signTime=1612627200;signed=1;currentDay=2
signTime=1612713600;signed=1;currentDay=2
signTime=1612800000;signed=1;currentDay=2
signTime=1612886400;signed=1;currentDay=2
signTime=1612972800;signed=1;currentDay=2
signTime=1613059200;signed=1;currentDay=2
signTime=1613145600;signed=1;currentDay=2
signTime=1613232000;signed=1;currentDay=2
signTime=1613318400;signed=1;currentDay=2
signTime=1613404800;signed=1;currentDay=2
signTime=1613491200;signed=1;currentDay=2
signTime=1613577600;signed=1;currentDay=2
signTime=1613664000;signed=1;currentDay=2
signTime=1613754665;signed=2;currentDay=2
signTime=1613841243;signed=2;currentDay=2
signTime=1613927292;signed=2;currentDay=2
signTime=1614013665;signed=2;currentDay=1
signTime=1614096000;signed=1;currentDay=3
signTime=1614182400;signed=1;currentDay=3
signTime=1614268800;signed=1;currentDay=3"
sign_num="4"
giftName="奖励 1, type=4; "
giftRes="ok"
giftDate="20210223"
sign_res_info="
2021/01/28_00:00:00  2    未签到
2021/01/29_00:00:00  2    未签到
2021/01/30_00:00:00  2    未签到
2021/01/31_00:00:00  2    未签到
2021/02/01_00:00:00  2    未签到
2021/02/02_00:00:00  2    未签到
2021/02/03_00:00:00  2    未签到
2021/02/04_00:00:00  2    未签到
2021/02/05_00:00:00  2    未签到
2021/02/06_00:00:00  2    未签到
2021/02/07_00:00:00  2    未签到
2021/02/08_00:00:00  2    未签到
2021/02/09_00:00:00  2    未签到
2021/02/10_00:00:00  2    未签到
2021/02/11_00:00:00  2    未签到
2021/02/12_00:00:00  2    未签到
2021/02/13_00:00:00  2    未签到
2021/02/14_00:00:00  2    未签到
2021/02/15_00:00:00  2    未签到
2021/02/16_00:00:00  2    未签到
2021/02/17_00:00:00  2    未签到
2021/02/18_00:00:00  2    未签到
2021/02/19_00:00:00  2    未签到
2021/02/20_01:11:05  2    [已~签~到]
2021/02/21_01:14:03  2    [已~签~到]
2021/02/22_01:08:12  2    [已~签~到]
2021/02/23_01:07:45  1    [已~签~到]
2021/02/24_00:00:00  3    未签到
2021/02/25_00:00:00  3    未签到
2021/02/26_00:00:00  3    未签到
当天签到奖励 [奖励 1, type=4; ]
已签到 4 天"
#肥鹅 jd_4d651d9e48204 sign_res_end
#移动 jd_OeTNobRVGiNZ sign_res
sign_res="
signTime=1611763200;signed=1;currentDay=2
signTime=1611849600;signed=1;currentDay=2
signTime=1611936000;signed=1;currentDay=2
signTime=1612022400;signed=1;currentDay=2
signTime=1612108800;signed=1;currentDay=2
signTime=1612195200;signed=1;currentDay=2
signTime=1612281600;signed=1;currentDay=2
signTime=1612368000;signed=1;currentDay=2
signTime=1612454400;signed=1;currentDay=2
signTime=1612540800;signed=1;currentDay=2
signTime=1612627200;signed=1;currentDay=2
signTime=1612713600;signed=1;currentDay=2
signTime=1612800000;signed=1;currentDay=2
signTime=1612886400;signed=1;currentDay=2
signTime=1612972800;signed=1;currentDay=2
signTime=1613059200;signed=1;currentDay=2
signTime=1613145600;signed=1;currentDay=2
signTime=1613232000;signed=1;currentDay=2
signTime=1613318400;signed=1;currentDay=2
signTime=1613404800;signed=1;currentDay=2
signTime=1613491200;signed=1;currentDay=2
signTime=1613577600;signed=1;currentDay=2
signTime=1613664000;signed=1;currentDay=2
signTime=1613829956;signed=2;currentDay=2
signTime=1613841244;signed=2;currentDay=2
signTime=1613927293;signed=2;currentDay=2
signTime=1614013665;signed=2;currentDay=1
signTime=1614096000;signed=1;currentDay=3
signTime=1614182400;signed=1;currentDay=3
signTime=1614268800;signed=1;currentDay=3"
sign_num="4"
giftName="奖励 1, type=4; "
giftRes="ok"
giftDate="20210223"
sign_res_info="
2021/01/28_00:00:00  2    未签到
2021/01/29_00:00:00  2    未签到
2021/01/30_00:00:00  2    未签到
2021/01/31_00:00:00  2    未签到
2021/02/01_00:00:00  2    未签到
2021/02/02_00:00:00  2    未签到
2021/02/03_00:00:00  2    未签到
2021/02/04_00:00:00  2    未签到
2021/02/05_00:00:00  2    未签到
2021/02/06_00:00:00  2    未签到
2021/02/07_00:00:00  2    未签到
2021/02/08_00:00:00  2    未签到
2021/02/09_00:00:00  2    未签到
2021/02/10_00:00:00  2    未签到
2021/02/11_00:00:00  2    未签到
2021/02/12_00:00:00  2    未签到
2021/02/13_00:00:00  2    未签到
2021/02/14_00:00:00  2    未签到
2021/02/15_00:00:00  2    未签到
2021/02/16_00:00:00  2    未签到
2021/02/17_00:00:00  2    未签到
2021/02/18_00:00:00  2    未签到
2021/02/19_00:00:00  2    未签到
2021/02/20_22:05:56  2    [已~签~到]
2021/02/21_01:14:04  2    [已~签~到]
2021/02/22_01:08:13  2    [已~签~到]
2021/02/23_01:07:45  1    [已~签~到]
2021/02/24_00:00:00  3    未签到
2021/02/25_00:00:00  3    未签到
2021/02/26_00:00:00  3    未签到
当天签到奖励 [奖励 1, type=4; ]
已签到 4 天"
#移动 jd_OeTNobRVGiNZ sign_res_end
#赵 122294312-396444 sign_res
sign_res="
signTime=1611763200;signed=1;currentDay=2
signTime=1611849600;signed=1;currentDay=2
signTime=1611936000;signed=1;currentDay=2
signTime=1612022400;signed=1;currentDay=2
signTime=1612108800;signed=1;currentDay=2
signTime=1612195200;signed=1;currentDay=2
signTime=1612281600;signed=1;currentDay=2
signTime=1612368000;signed=1;currentDay=2
signTime=1612454400;signed=1;currentDay=2
signTime=1612540800;signed=1;currentDay=2
signTime=1612627200;signed=1;currentDay=2
signTime=1612713600;signed=1;currentDay=2
signTime=1612800000;signed=1;currentDay=2
signTime=1612886400;signed=1;currentDay=2
signTime=1612972800;signed=1;currentDay=2
signTime=1613059200;signed=1;currentDay=2
signTime=1613145600;signed=1;currentDay=2
signTime=1613232000;signed=1;currentDay=2
signTime=1613318400;signed=1;currentDay=2
signTime=1613404800;signed=1;currentDay=2
signTime=1613491200;signed=1;currentDay=2
signTime=1613577600;signed=1;currentDay=2
signTime=1613664000;signed=1;currentDay=2
signTime=1613754644;signed=2;currentDay=2
signTime=1613841219;signed=2;currentDay=2
signTime=1613927242;signed=2;currentDay=2
signTime=1614013633;signed=2;currentDay=2
signTime=1614100285;signed=2;currentDay=1
signTime=1614182400;signed=1;currentDay=3
signTime=1614268800;signed=1;currentDay=3"
sign_num="5"
giftName="奖励 1, type=4; "
giftRes="ok"
giftDate="20210224"
sign_res_info="
2021/01/28_00:00:00  2    未签到
2021/01/29_00:00:00  2    未签到
2021/01/30_00:00:00  2    未签到
2021/01/31_00:00:00  2    未签到
2021/02/01_00:00:00  2    未签到
2021/02/02_00:00:00  2    未签到
2021/02/03_00:00:00  2    未签到
2021/02/04_00:00:00  2    未签到
2021/02/05_00:00:00  2    未签到
2021/02/06_00:00:00  2    未签到
2021/02/07_00:00:00  2    未签到
2021/02/08_00:00:00  2    未签到
2021/02/09_00:00:00  2    未签到
2021/02/10_00:00:00  2    未签到
2021/02/11_00:00:00  2    未签到
2021/02/12_00:00:00  2    未签到
2021/02/13_00:00:00  2    未签到
2021/02/14_00:00:00  2    未签到
2021/02/15_00:00:00  2    未签到
2021/02/16_00:00:00  2    未签到
2021/02/17_00:00:00  2    未签到
2021/02/18_00:00:00  2    未签到
2021/02/19_00:00:00  2    未签到
2021/02/20_01:10:44  2    [已~签~到]
2021/02/21_01:13:39  2    [已~签~到]
2021/02/22_01:07:22  2    [已~签~到]
2021/02/23_01:07:13  2    [已~签~到]
2021/02/24_01:11:25  1    [已~签~到]
2021/02/25_00:00:00  3    未签到
2021/02/26_00:00:00  3    未签到
当天签到奖励 [奖励 1, type=4; ]
已签到 5 天"
#赵 122294312-396444 sign_res_end
#王 1309893722-164885 sign_res
sign_res="
signTime=1611763200;signed=1;currentDay=2
signTime=1611849600;signed=1;currentDay=2
signTime=1611936000;signed=1;currentDay=2
signTime=1612022400;signed=1;currentDay=2
signTime=1612108800;signed=1;currentDay=2
signTime=1612195200;signed=1;currentDay=2
signTime=1612281600;signed=1;currentDay=2
signTime=1612368000;signed=1;currentDay=2
signTime=1612454400;signed=1;currentDay=2
signTime=1612540800;signed=1;currentDay=2
signTime=1612627200;signed=1;currentDay=2
signTime=1612713600;signed=1;currentDay=2
signTime=1612800000;signed=1;currentDay=2
signTime=1612886400;signed=1;currentDay=2
signTime=1612972800;signed=1;currentDay=2
signTime=1613059200;signed=1;currentDay=2
signTime=1613145600;signed=1;currentDay=2
signTime=1613232000;signed=1;currentDay=2
signTime=1613318400;signed=1;currentDay=2
signTime=1613404800;signed=1;currentDay=2
signTime=1613491200;signed=1;currentDay=2
signTime=1613577600;signed=1;currentDay=2
signTime=1613664000;signed=1;currentDay=2
signTime=1613786781;signed=2;currentDay=2
signTime=1613841219;signed=2;currentDay=2
signTime=1613927243;signed=2;currentDay=2
signTime=1614013633;signed=2;currentDay=2
signTime=1614100285;signed=2;currentDay=1
signTime=1614182400;signed=1;currentDay=3
signTime=1614268800;signed=1;currentDay=3"
sign_num="5"
giftName="奖励 1, type=4; "
giftRes="ok"
giftDate="20210224"
sign_res_info="
2021/01/28_00:00:00  2    未签到
2021/01/29_00:00:00  2    未签到
2021/01/30_00:00:00  2    未签到
2021/01/31_00:00:00  2    未签到
2021/02/01_00:00:00  2    未签到
2021/02/02_00:00:00  2    未签到
2021/02/03_00:00:00  2    未签到
2021/02/04_00:00:00  2    未签到
2021/02/05_00:00:00  2    未签到
2021/02/06_00:00:00  2    未签到
2021/02/07_00:00:00  2    未签到
2021/02/08_00:00:00  2    未签到
2021/02/09_00:00:00  2    未签到
2021/02/10_00:00:00  2    未签到
2021/02/11_00:00:00  2    未签到
2021/02/12_00:00:00  2    未签到
2021/02/13_00:00:00  2    未签到
2021/02/14_00:00:00  2    未签到
2021/02/15_00:00:00  2    未签到
2021/02/16_00:00:00  2    未签到
2021/02/17_00:00:00  2    未签到
2021/02/18_00:00:00  2    未签到
2021/02/19_00:00:00  2    未签到
2021/02/20_10:06:21  2    [已~签~到]
2021/02/21_01:13:39  2    [已~签~到]
2021/02/22_01:07:23  2    [已~签~到]
2021/02/23_01:07:13  2    [已~签~到]
2021/02/24_01:11:25  1    [已~签~到]
2021/02/25_00:00:00  3    未签到
2021/02/26_00:00:00  3    未签到
当天签到奖励 [奖励 1, type=4; ]
已签到 5 天"
#王 1309893722-164885 sign_res_end
