03/06/21 01:16:53 275976500  1614964613
RANDOM_num: 15
removed '/tmp/tmp.GTzphx6mug'
03/06/21 01:16:53 379699400  1614964613 检查赵签到

real	0m0.235s
user	0m0.047s
sys	0m0.109s
lzkj-isv.isvjcloud.com	FALSE	/	FALSE	1614965213	LZ_TOKEN_VALUE	B0oH3vDY2bhHWuKbVaJ+XQ==
lzkj-isv.isvjcloud.com	FALSE	/	FALSE	1614965213	LZ_TOKEN_KEY	lztokenpage84aaffb54c814c33ab77c5ba339bafe0
03/06/21 01:16:53 737174100  1614964613
use pt_key

real	0m0.135s
user	0m0.078s
sys	0m0.078s
03/06/21 01:16:53 891175800  1614964613 token: AAFgQmeFADDWtLkJV8OfC24S-e1gi7Gsn7TpNocMDIFo98Qr_PCv6sho9Jm2oQiq3V3NCv9s88k

real	0m0.320s
user	0m0.016s
sys	0m0.078s
03/06/21 01:16:54 318181600  1614964614 secretPin: 51S2JqsypB/nfj45frYeoU7oeVP9kq2pYSH90mYt4m3fwcJlClpxrfmVYaGKuquQkdK3rLBQpEQH9V4tdrrh0w==

03/06/21 01:16:54 333682200  1614964614 赵签到也买酒旗舰店

real	0m0.574s
user	0m0.016s
sys	0m0.047s
{
  "gift": {
    "activityId": null,
    "activityType": null,
    "venderId": null,
    "type": 0,
    "name": null,
    "itemHb": null,
    "id": "20",
    "giftType": "9",
    "giftName": "20积分",
    "giftNum": "20",
    "giftTotal": "10000",
    "giftResidue": null,
    "priceInfo": "0",
    "shortLink": "",
    "orginLink": null,
    "giftInfoId": "2e6d58d3d0974a548e0a4d5bd2b68edd",
    "commonAddAwardVO": null
  },
  "msg": "",
  "isOk": true,
  "isSend": true,
  "key": "ewFVoX"
}
true
03/06/21 01:16:55 229810600 1614964615
03/06/21 01:16:55 248016800 1614964615 签到也买酒旗舰店完成
03/06/21 01:17:10 320121000  1614964630
true
首次签到成功. 写入giftName: "20积分"

***********************************************
2021/03/03_08:00:00  [已~签~到]      
2021/03/04_08:00:00  [已~签~到]      
2021/03/05_08:00:00  [已~签~到]      
2021/03/06_08:00:00  [已~签~到]      
当天签到奖励 ["20积分"]
连续签到 4 天
签到总天数 4
***********************************************

赵签到也买酒旗舰店查看结果
{"msg":"","giftLog":{"20210304":"y","20210305":"y","20210306":"y","20210303":"y"},"isOk":true,"signDetail":{"20210304":"y","20210305":"y","20210306":"y","20210303":"y"},"followDays":1,"signRecord":{"nicknameShow":null,"id":"f0a93c5c453b419c9ef769f84ee36c59","venderId":33293,"actId":"96cbeea324214378940eca66394f4f92","actName":"签到活动","nick":"51S2JqsypB/nfj45frYeoU7oeVP9kq2pYSH90mYt4m3fwcJlClpxrfmVYaGKuquQkdK3rLBQpEQH9V4tdrrh0w==","phone":"","midUrl":null,"pin":"51S2JqsypB/nfj45frYeoU7oeVP9kq2pYSH90mYt4m3fwcJlClpxrfmVYaGKuquQkdK3rLBQpEQH9V4tdrrh0w==","lastSignDate":20210306,"contiSignNum":4,"totalSignNum":4,"createTime":1614776911000,"updateTime":1614964614000,"remark":null}}

{
  "signDetail": {
    "20210304": "y",
    "20210305": "y",
    "20210306": "y",
    "20210303": "y"
  },
  "contiSignNum": 4,
  "totalSignNum": 4
}

也买酒旗舰店活动规则
{"msg":"","act":{"id":"96cbeea324214378940eca66394f4f92","jdActivityId":null,"venderId":33293,"actName":"签到活动","startTime":1614582000000,"endTime":1615302059000,"tplId":"0110","deleted":null,"actUrl":"https://lzkj-isv.isvjcloud.com/sign/signActivity2?activityId=96cbeea324214378940eca66394f4f92&venderId=33293","shortUrl":"3.cn/1017-16lj","qrcodeUrl":"https://img10.360buyimg.com/imgzone/jfs/t1/166537/38/7769/3644/603c8b28Efb79e620/92706d0c37fb4370.png","actRule":"1、活动时间：2021-03-01 15:00 - 2021-03-09 23:00；
2、符合连续签到赠送条件，则有机会赠送连续签到奖品，同时每日签到奖品不赠送；
3、每日签到，有机会赠送[20积分]；
4、连续签到3天，有机会赠送[3京豆]；
5、连续签到5天，有机会赠送[5元优惠券]；
6、连续签到7天，有机会赠送[5京豆]；
7、达到连续签到天数并领取奖品后，签到记录清零，从第1天重新计算；
8、关注店铺后方可参与活动；
9、签到成功后有机会获得奖品，也有可能会与奖品擦肩而过（奖品数量有限，先到先得）；
10、若用户存在刷奖等恶意行为，一经发现将取消抽奖资格（如奖品已经发放，有权追回奖品）；
注：奖品发放形式：
实物奖：
（1）中奖客户信息收集：页面弹屏提示中奖客户提供收货地址、号码和奖项；(超过1小时未填写对应收货信息，视为放弃);
（2）实物奖采取寄送方式发放，获奖用户需在开奖后填写姓名、联系电话、详细地址信息。如因用户原因无法联系上，即奖品作废不再补发，或如用户未填写真实有效的信息或填写收货信息不详，均视为放弃奖品；
虚拟产品奖：
（1）京豆：中奖后系统预计24小时内自动发放至账户；
（2）优惠券：中奖后需手动领取，预计24小时到账；
【活动参与主体资格】
（1）每位自然人用户仅能使用一个京东账号参与活动，微信号、QQ、京东帐号、手机号码等任一信息一致或指向同一用户的，视为同一个用户，则第一个参与本活动的账号参与结果有效，其余账号参与结果均视为无效。
（2）若发现同一位用户使用不同账号重复参与活动，承办方有权取消其获奖资格。
【注意事项】
（1）活动过程中，凡以不正当手段（如作弊领取、恶意套取、刷信誉、虚假交易、扰乱系统、实施网络攻击等）参与本次活动的用户，商家有权终止其参与活动，并取消其获奖资格（如奖品已发放，商家有权追回），如给商家造成损失的，商家将保留向违规用户继续追索的权利。
（2）如遇不可抗力(包括但不限于重大灾害事件、活动受政府机关指令需要停止举办或调整的、活动中存在大面积作弊行为、活动遭受严重网络攻击或因系统故障导致活动中奖名单大批量出错，活动不能正常进行的)，商家有权取消、修改或暂停本活动。
（3）本活动所发放的实物奖不得提现、不得转赠他人、不得为他人付款。
（4）是否中奖以活动发布者后台统计结果为准。
","createTime":1614580520000,"updateTime":1614580520000,"activityType":null,"actTimeStr":"2021-03-01 15:00 至 2021-03-09 23:00","actRange":"all","isFocusShop":"y","giftJson":"{\"gift\":{\"giftInfoId\":\"2e6d58d3d0974a548e0a4d5bd2b68edd\",\"giftName\":\"20积分\",\"giftNum\":\"20\",\"giftTotal\":\"10000\",\"giftType\":\"9\",\"id\":\"20\",\"priceInfo\":\"0\",\"shortLink\":\"\",\"type\":0},\"giftConditions\":[{\"dayNum\":\"3\",\"gift\":{\"giftInfoId\":\"9d235f49904e4391be953c1c1301ff3b\",\"giftName\":\"3京豆\",\"giftNum\":\"3\",\"giftTotal\":\"5000\",\"giftType\":\"6\",\"id\":\"1161701\",\"priceInfo\":\"0.03\",\"shortLink\":\"\",\"type\":0}},{\"dayNum\":\"5\",\"gift\":{\"giftInfoId\":\"8f746792c9fc43c8b4d14bad5965b39f\",\"giftName\":\"5元优惠券\",\"giftNum\":\"5\",\"giftTotal\":\"1000\",\"giftType\":\"1\",\"id\":\"349367829\",\"priceInfo\":\"5.00\",\"shortLink\":\"3.cn/1-016Jzfj\",\"type\":0}},{\"dayNum\":\"7\",\"gift\":{\"giftInfoId\":\"9275b8c46e4943cd99b6a5137f4fbb5a\",\"giftName\":\"5京豆\",\"giftNum\":\"5\",\"giftTotal\":\"3000\",\"giftType\":\"6\",\"id\":\"1162268\",\"priceInfo\":\"0.05\",\"shortLink\":\"\",\"type\":0}}],\"hasGiftEveryDay\":\"y\",\"signType\":\"1\"}","wxSignActivityGiftBean":{"hasGiftEveryDay":"y","gift":{"activityId":null,"activityType":null,"venderId":null,"type":0,"name":null,"itemHb":null,"id":"20","giftType":"9","giftName":"20积分","giftNum":"20","giftTotal":"10000","giftResidue":null,"priceInfo":"0","shortLink":"","orginLink":null,"giftInfoId":"2e6d58d3d0974a548e0a4d5bd2b68edd","commonAddAwardVO":null},"signType":"1","giftConditions":[{"dayNum":"3","gift":{"activityId":null,"activityType":null,"venderId":null,"type":0,"name":null,"itemHb":null,"id":"1161701","giftType":"6","giftName":"3京豆","giftNum":"3","giftTotal":"5000","giftResidue":null,"priceInfo":"0.03","shortLink":"","orginLink":null,"giftInfoId":"9d235f49904e4391be953c1c1301ff3b","commonAddAwardVO":null}},{"dayNum":"5","gift":{"activityId":null,"activityType":null,"venderId":null,"type":0,"name":null,"itemHb":null,"id":"349367829","giftType":"1","giftName":"5元优惠券","giftNum":"5","giftTotal":"1000","giftResidue":null,"priceInfo":"5.00","shortLink":"3.cn/1-016Jzfj","orginLink":null,"giftInfoId":"8f746792c9fc43c8b4d14bad5965b39f","commonAddAwardVO":null}},{"dayNum":"7","gift":{"activityId":null,"activityType":null,"venderId":null,"type":0,"name":null,"itemHb":null,"id":"1162268","giftType":"6","giftName":"5京豆","giftNum":"5","giftTotal":"3000","giftResidue":null,"priceInfo":"0.05","shortLink":"","orginLink":null,"giftInfoId":"9275b8c46e4943cd99b6a5137f4fbb5a","commonAddAwardVO":null}}]},"isShowItems":"y","showItemIds":"1226312243,40341075105,10020853137875,53068192403,10024452901516,10021372179597,10022926897668,53131230981","jmWareVOList":null,"status":"ING"},"isOk":true}

{
  "actUrl": "https://lzkj-isv.isvjcloud.com/sign/signActivity2?activityId=96cbeea324214378940eca66394f4f92&venderId=33293",
  "shortUrl": "3.cn/1017-16lj",
  "actRule": "1、活动时间：2021-03-01 15:00 - 2021-03-09 23:00；\n2、符合连续签到赠送条件，则有机会赠送连续签到奖品，同时每日签到奖品不赠送；\n3、每日签到，有机会赠送[20积分]；\n4、连续签到3天，有机会赠送[3京豆]；\n5、连续签到5天，有机会赠送[5元优惠券]；\n6、连续签到7天，有机会赠送[5京豆]；\n7、达到连续签到天数并领取奖品后，签到记录清零，从第1天重新计算；\n8、关注店铺后方可参与活动；\n9、签到成功后有机会获得奖品，也有可能会与奖品擦肩而过（奖品数量有限，先到先得）；\n10、若用户存在刷奖等恶意行为，一经发现将取消抽奖资格（如奖品已经发放，有权追回奖品）；\n注：奖品发放形式：\n实物奖：\n（1）中奖客户信息收集：页面弹屏提示中奖客户提供收货地址、号码和奖项；(超过1小时未填写对应收货信息，视为放弃);\n（2）实物奖采取寄送方式发放，获奖用户需在开奖后填写姓名、联系电话、详细地址信息。如因用户原因无法联系上，即奖品作废不再补发，或如用户未填写真实有效的信息或填写收货信息不详，均视为放弃奖品；\n虚拟产品奖：\n（1）京豆：中奖后系统预计24小时内自动发放至账户；\n（2）优惠券：中奖后需手动领取，预计24小时到账；\n【活动参与主体资格】\n（1）每位自然人用户仅能使用一个京东账号参与活动，微信号、QQ、京东帐号、手机号码等任一信息一致或指向同一用户的，视为同一个用户，则第一个参与本活动的账号参与结果有效，其余账号参与结果均视为无效。\n（2）若发现同一位用户使用不同账号重复参与活动，承办方有权取消其获奖资格。\n【注意事项】\n（1）活动过程中，凡以不正当手段（如作弊领取、恶意套取、刷信誉、虚假交易、扰乱系统、实施网络攻击等）参与本次活动的用户，商家有权终止其参与活动，并取消其获奖资格（如奖品已发放，商家有权追回），如给商家造成损失的，商家将保留向违规用户继续追索的权利。\n（2）如遇不可抗力(包括但不限于重大灾害事件、活动受政府机关指令需要停止举办或调整的、活动中存在大面积作弊行为、活动遭受严重网络攻击或因系统故障导致活动中奖名单大批量出错，活动不能正常进行的)，商家有权取消、修改或暂停本活动。\n（3）本活动所发放的实物奖不得提现、不得转赠他人、不得为他人付款。\n（4）是否中奖以活动发布者后台统计结果为准。\n"
}
actId=96cbeea324214378940eca66394f4f92
venderId=33293
startTime=1614582000000
endTime=1615302059000
# 短链接
suo_url="https://3.cn/1017-16lj"
actTimeStr="2021-03-01 15:00 至 2021-03-09 23:00"
#店铺名称
vendername="也买酒旗舰店"
# 长链接
url=https://lzkj-isv.isvjcloud.com/sign/signActivity2?activityId=96cbeea324214378940eca66394f4f92&venderId=33293&adsource=tg_storePage
# 活动时间：2021.03.01 15:00:00 - 2021.03.09 23:00:59
# 奖励说明：
actRule="
连续签到3天：3京豆 3京豆
连续签到5天：5元优惠券
连续签到7天：5京豆 5京豆
"
#移动 jd_OeTNobRVGiNZ sign_res
sign_res="
"
sign_num="0"
sign_total_num="0"
giftName=""
giftRes=""
giftDate="20210304"
sign_res_info="

当天签到奖励 []
连续签到 0 天
签到总天数 0"
#移动 jd_OeTNobRVGiNZ sign_res_end
#王 1309893722-164885 sign_res
sign_res="
signTime=1614729600;signed=2
signTime=1614816000;signed=2
signTime=1614902400;signed=2"
sign_num="3"
sign_total_num="3"
giftName=""3京豆""
giftRes="ok"
giftDate="20210305"
sign_res_info="
2021/03/03_08:00:00  [已~签~到]      
2021/03/04_08:00:00  [已~签~到]      
2021/03/05_08:00:00  [已~签~到]      
当天签到奖励 ["3京豆"]
连续签到 3 天
签到总天数 3"
#王 1309893722-164885 sign_res_end
#肥鹅 jd_4d651d9e48204 sign_res
sign_res="
signTime=1614729600;signed=2
signTime=1614816000;signed=2
signTime=1614902400;signed=2"
sign_num="3"
sign_total_num="3"
giftName=""3京豆""
giftRes="ok"
giftDate="20210305"
sign_res_info="
2021/03/03_08:00:00  [已~签~到]      
2021/03/04_08:00:00  [已~签~到]      
2021/03/05_08:00:00  [已~签~到]      
当天签到奖励 ["3京豆"]
连续签到 3 天
签到总天数 3"
#肥鹅 jd_4d651d9e48204 sign_res_end
#赵 122294312-396444 sign_res
sign_res="
signTime=1614729600;signed=2
signTime=1614816000;signed=2
signTime=1614902400;signed=2
signTime=1614988800;signed=2"
sign_num="4"
sign_total_num="4"
giftName=""20积分""
giftRes="ok"
giftDate="20210306"
sign_res_info="
2021/03/03_08:00:00  [已~签~到]      
2021/03/04_08:00:00  [已~签~到]      
2021/03/05_08:00:00  [已~签~到]      
2021/03/06_08:00:00  [已~签~到]      
当天签到奖励 ["20积分"]
连续签到 4 天
签到总天数 4"
#赵 122294312-396444 sign_res_end
