03/19/21 01:17:48 144777600  1616087868
RANDOM_num: 10
removed '/tmp/tmp.NYJnaIZdL7'
03/19/21 01:17:48 261457800  1616087868 检查赵签到

real	0m0.176s
user	0m0.031s
sys	0m0.078s
lzkj-isv.isvjcloud.com	FALSE	/	FALSE	1616088468	LZ_TOKEN_VALUE	B0oH3vDY2bhHWuKbVaJ+XQ==
lzkj-isv.isvjcloud.com	FALSE	/	FALSE	1616088468	LZ_TOKEN_KEY	lztokenpage3b257197408f41818913e66fff5f79e2
03/19/21 01:17:48 536101500  1616087868
use pt_key

real	0m0.158s
user	0m0.094s
sys	0m0.078s
03/19/21 01:17:48 712019000  1616087868 token: AAFgU4s8ADBQrWUMTXN-hzehXMvCiqVNaMW3_hpdDQU5K4OBnCMSOrDuG3A0R8KX5xe0ic25mkg

real	0m0.984s
user	0m0.047s
sys	0m0.078s
03/19/21 01:17:49 822728600  1616087869 secretPin: 51S2JqsypB/nfj45frYeoU7oeVP9kq2pYSH90mYt4m3fwcJlClpxrfmVYaGKuquQkdK3rLBQpEQH9V4tdrrh0w==

03/19/21 01:17:49 846284000  1616087869 赵签到优赛电脑专营店

real	0m0.253s
user	0m0.047s
sys	0m0.094s
{
  "msg": "该活动已经结束",
  "code": "-1",
  "isOk": false
}
活动已结束. /home/myid/jd/jd_signup/vender/shop_1615906686_22_delay --> /home/myid/jd/jd_signup/vender/shop_1615906686_22_del
renamed '/home/myid/jd/jd_signup/vender/shop_1615906686_22_delay' -> '/home/myid/jd/jd_signup/vender/shop_1615906686_22_del'
03/19/21 01:18:00 508401300  1616087880

赵签到优赛电脑专营店查看结果
{"msg":"","code":"-1","isOk":false}

{
  "signDetail": null,
  "contiSignNum": null,
  "totalSignNum": null
}

优赛电脑专营店活动规则
{"msg":"","code":"-1","isOk":false}

{
  "actUrl": null,
  "shortUrl": null,
  "actRule": null
}
actId=7804c15f31b04662b515e88b064e60bb
venderId=10093102
startTime=1615628520000
endTime=1616083259000
# 短链接
suo_url="https://3.cn/-101dzcuO"
actTimeStr="2021-03-13 17:42 至 2021-03-19 00:00"
#店铺名称
vendername="优赛电脑专营店"
# 长链接
url=https://lzkj-isv.isvjcloud.com/sign/signActivity2?activityId=7804c15f31b04662b515e88b064e60bb&venderId=10093102&adsource=tg_storePage
# 活动时间：2021.03.13 17:42:00 - 2021.03.19 00:00:59
# 奖励说明：
actRule="
连续签到10天：100京豆 100京豆
"
#赵 122294312-396444 sign_res
sign_res="
signTime=1615852800;signed=2
signTime=1615939200;signed=2
signTime=1616025600;signed=2"
sign_num="3"
sign_total_num="3"
giftName="null"
giftRes="ok"
giftDate="20210318"
sign_res_info="
2021/03/16_08:00:00  [已~签~到]      
2021/03/17_08:00:00  [已~签~到]      
2021/03/18_08:00:00  [已~签~到]      
当天签到奖励 [null]
连续签到 3 天
签到总天数 3"
#赵 122294312-396444 sign_res_end
#王 1309893722-164885 sign_res
sign_res="
signTime=1615852800;signed=2
signTime=1615939200;signed=2
signTime=1616025600;signed=2"
sign_num="3"
sign_total_num="3"
giftName="null"
giftRes="ok"
giftDate="20210318"
sign_res_info="
2021/03/16_08:00:00  [已~签~到]      
2021/03/17_08:00:00  [已~签~到]      
2021/03/18_08:00:00  [已~签~到]      
当天签到奖励 [null]
连续签到 3 天
签到总天数 3"
#王 1309893722-164885 sign_res_end
#肥鹅 jd_4d651d9e48204 sign_res
sign_res="
signTime=1615852800;signed=2
signTime=1615939200;signed=2
signTime=1616025600;signed=2"
sign_num="3"
sign_total_num="3"
giftName="null"
giftRes="ok"
giftDate="20210318"
sign_res_info="
2021/03/16_08:00:00  [已~签~到]      
2021/03/17_08:00:00  [已~签~到]      
2021/03/18_08:00:00  [已~签~到]      
当天签到奖励 [null]
连续签到 3 天
签到总天数 3"
#肥鹅 jd_4d651d9e48204 sign_res_end
#移动 jd_OeTNobRVGiNZ sign_res
sign_res="
"
sign_num="0"
sign_total_num="0"
giftName=""
giftRes=""
giftDate="20210318"
sign_res_info="

当天签到奖励 []
连续签到 0 天
签到总天数 0"
#移动 jd_OeTNobRVGiNZ sign_res_end
