02/18/21 02:01:41 140629700  1613584901
RANDOM_num: 15
removed '/tmp/tmp.EWjgMkIRvr'
02/18/21 02:01:41 203982000  1613584901
王 今天已经签到过. 签到结果: ok  giftDate: 20210218
***********************************************

2021/02/18_08:00:00  [已~签~到]      
当天签到奖励 5积分
连续签到 1 天
签到总天数 1
***********************************************

actId=0dd5dff2523344ba8b3a1683ec2973df
venderId=1000101935
startTime=1611823860000
endTime=1617206399000
# 短链接
suo_url="https://3.cn/100U-vLQh"
actTimeStr="2021-01-28 16:51 至 2021-03-31 23:59"
#店铺名称
vendername="果倍爽京东自营旗舰店"
# 长链接
url=https://lzkj-isv.isvjcloud.com/sign/signActivity2?activityId=0dd5dff2523344ba8b3a1683ec2973df&venderId=1000101935&adsource=tg_xuanFuTuBiao
# 活动时间：2021.01.28 16:51:00 - 2021.03.31 23:59:59
# 奖励说明：
actRule="
连续签到30天：5积分 5积分
"
#赵 122294312-396444 sign_res
sign_res="
signTime=1613606400;signed=2"
sign_num="1"
sign_total_num="1"
giftName=""5积分""
giftRes="ok"
giftDate="20210218"
sign_res_info="
2021/02/18_08:00:00  [已~签~到]      
当天签到奖励 "5积分"
连续签到 1 天
签到总天数 1"
#赵 122294312-396444 sign_res_end
#王 1309893722-164885 sign_res
sign_res="
signTime=1613606400;signed=2"
sign_num="1"
sign_total_num="1"
giftName=""5积分""
giftRes="ok"
giftDate="20210218"
sign_res_info="
2021/02/18_08:00:00  [已~签~到]      
当天签到奖励 "5积分"
连续签到 1 天
签到总天数 1"
#王 1309893722-164885 sign_res_end
#肥鹅 jd_4d651d9e48204 sign_res
sign_res="
signTime=1613606400;signed=2"
sign_num="1"
sign_total_num="1"
giftName=""5积分""
giftRes="ok"
giftDate="20210218"
sign_res_info="
2021/02/18_08:00:00  [已~签~到]      
当天签到奖励 "5积分"
连续签到 1 天
签到总天数 1"
#肥鹅 jd_4d651d9e48204 sign_res_end
#移动 jd_OeTNobRVGiNZ sign_res
sign_res="
signTime=1613520000;signed=2
signTime=1613606400;signed=2"
sign_num="2"
sign_total_num="2"
giftName=""5积分""
giftRes="ok"
giftDate="20210218"
sign_res_info="
2021/02/17_08:00:00  [已~签~到]      
2021/02/18_08:00:00  [已~签~到]      
当天签到奖励 "5积分"
连续签到 2 天
签到总天数 2"
#移动 jd_OeTNobRVGiNZ sign_res_end
