02/28/21 04:04:41 367943000  1614456281
RANDOM_num: 25
removed '/tmp/tmp.tB0ntizX9n'
02/28/21 04:04:44 676393600  1614456284 检查赵签到

real	0m1.918s
user	0m0.047s
sys	0m0.047s
[WARN] get LZ_TOKEN error
02/28/21 04:04:50 457701300  1614456290
use pt_key

real	0m2.121s
user	0m0.063s
sys	0m0.125s
02/28/21 04:04:53 388167500  1614456293 token: AAFgOqXkADCkorAKbl4XDoO-9RM32vL7xRO36s3J-0mswQm4FXHvtSPViD_fOVBqoG_0bvFE1os
parse error: Invalid numeric literal at line 1, column 10

real	0m2.284s
user	0m0.125s
sys	0m0.109s
02/28/21 04:04:56 149486900  1614456296 secretPin: 
[WARN] get secretPin error

02/28/21 04:04:56 556124900  1614456296 赵签到蒙牛官方旗舰店

real	0m2.555s
user	0m0.047s
sys	0m0.109s
parse error: Invalid numeric literal at line 1, column 10
parse error: Invalid numeric literal at line 1, column 10
parse error: Invalid numeric literal at line 1, column 10
parse error: Invalid numeric literal at line 1, column 10
02/28/21 04:05:10 232576100 1614456310

real	0m2.244s
user	0m0.000s
sys	0m0.031s

real	0m4.084s
user	0m0.047s
sys	0m0.078s
[WARN] get LZ_TOKEN error
02/28/21 04:05:18 088001000  1614456318
use pt_key

real	0m3.160s
user	0m0.125s
sys	0m0.078s
02/28/21 04:05:21 994669800  1614456321 token: AAFgOqYAADDU-Tsrd4NewT4tLAyHfypWF2AJQL6oJuzx4kNejmUydyLH_7iNoIW501JiBupbiUM
parse error: Invalid numeric literal at line 1, column 10

real	0m2.478s
user	0m0.125s
sys	0m0.094s
02/28/21 04:05:24 993498100  1614456324 secretPin: 
[WARN] get secretPin error

02/28/21 04:05:25 476376100  1614456325 赵签到蒙牛官方旗舰店

real	0m3.058s
user	0m0.031s
sys	0m0.078s
parse error: Invalid numeric literal at line 1, column 10
parse error: Invalid numeric literal at line 1, column 10
parse error: Invalid numeric literal at line 1, column 10
parse error: Invalid numeric literal at line 1, column 10
02/28/21 04:05:38 370035400 1614456338

real	0m2.343s
user	0m0.000s
sys	0m0.063s

real	0m2.293s
user	0m0.031s
sys	0m0.094s
[WARN] get LZ_TOKEN error
02/28/21 04:05:44 823719700  1614456344
use pt_key

real	0m2.682s
user	0m0.109s
sys	0m0.078s
02/28/21 04:05:48 509778800  1614456348 token: AAFgOqYbADAJxWAfAeu4OuQJvNlzJlgRYC9AeEOOnVDSP_PIEScNanQcJdh7ReDnga9cQTg9PLk
parse error: Invalid numeric literal at line 1, column 10

real	0m3.556s
user	0m0.141s
sys	0m0.078s
02/28/21 04:05:53 081743400  1614456353 secretPin: 
[WARN] get secretPin error

02/28/21 04:05:54 161576300  1614456354 赵签到蒙牛官方旗舰店

real	0m2.622s
user	0m0.016s
sys	0m0.094s
parse error: Invalid numeric literal at line 1, column 10
parse error: Invalid numeric literal at line 1, column 10
parse error: Invalid numeric literal at line 1, column 10
parse error: Invalid numeric literal at line 1, column 10
02/28/21 04:06:05 503461500 1614456365

real	0m2.723s
user	0m0.000s
sys	0m0.031s

real	0m2.749s
user	0m0.031s
sys	0m0.109s
[WARN] get LZ_TOKEN error
02/28/21 04:06:12 072501000  1614456372
use pt_key

real	0m2.032s
user	0m0.125s
sys	0m0.078s
02/28/21 04:06:14 471109100  1614456374 token: AAFgOqY1ADB2II6x508i9aU8DSW19Z2_xObCQT5woFn1fZgpcAkSk4ProObRNNDQDbEHYH3VCjY
parse error: Invalid numeric literal at line 1, column 10

real	0m3.172s
user	0m0.141s
sys	0m0.094s
02/28/21 04:06:18 123372100  1614456378 secretPin: 
[WARN] get secretPin error

02/28/21 04:06:18 728194600  1614456378 赵签到蒙牛官方旗舰店

real	0m1.939s
user	0m0.047s
sys	0m0.109s
parse error: Invalid numeric literal at line 1, column 10
parse error: Invalid numeric literal at line 1, column 10
parse error: Invalid numeric literal at line 1, column 10
parse error: Invalid numeric literal at line 1, column 10
02/28/21 04:06:28 287987700 1614456388

real	0m2.645s
user	0m0.000s
sys	0m0.031s

real	0m3.173s
user	0m0.031s
sys	0m0.094s
[WARN] get LZ_TOKEN error
02/28/21 04:06:36 304313900  1614456396
use pt_key

real	0m2.456s
user	0m0.125s
sys	0m0.125s
02/28/21 04:06:39 491647800  1614456399 token: AAFgOqZOADA3mdNE_dxYZ_byndn1ByprkDkuBrOOaDrsiKRKdIjZWMS0Hz4dAOJviSXCAxMAtQ4
parse error: Invalid numeric literal at line 1, column 10

real	0m1.798s
user	0m0.078s
sys	0m0.125s
02/28/21 04:06:42 310387300  1614456402 secretPin: 
[WARN] get secretPin error

02/28/21 04:06:43 205449100  1614456403 赵签到蒙牛官方旗舰店

real	0m2.271s
user	0m0.016s
sys	0m0.109s
parse error: Invalid numeric literal at line 1, column 10
parse error: Invalid numeric literal at line 1, column 10
parse error: Invalid numeric literal at line 1, column 10
parse error: Invalid numeric literal at line 1, column 10
02/28/21 04:06:52 665713100 1614456412

real	0m2.428s
user	0m0.000s
sys	0m0.016s

real	0m2.637s
user	0m0.016s
sys	0m0.109s
[WARN] get LZ_TOKEN error
02/28/21 04:06:59 187650400  1614456419
use pt_key

real	0m2.436s
user	0m0.094s
sys	0m0.109s
02/28/21 04:07:02 173022600  1614456422 token: AAFgOqZlADDA1-LoQnVEYSUm_U7YdMVUsfOhkn-V4D6G4b-dXBqDujmwCidUaBSp2aqX7V2m4P0
parse error: Invalid numeric literal at line 1, column 10

real	0m3.850s
user	0m0.109s
sys	0m0.109s
02/28/21 04:07:06 495031400  1614456426 secretPin: 
[WARN] get secretPin error

02/28/21 04:07:06 816582400  1614456426 赵签到蒙牛官方旗舰店

real	0m2.966s
user	0m0.047s
sys	0m0.125s
parse error: Invalid numeric literal at line 1, column 10
parse error: Invalid numeric literal at line 1, column 10
parse error: Invalid numeric literal at line 1, column 10
parse error: Invalid numeric literal at line 1, column 10
02/28/21 04:07:16 410475200 1614456436

real	0m3.286s
user	0m0.000s
sys	0m0.000s

real	0m3.068s
user	0m0.016s
sys	0m0.125s
[WARN] get LZ_TOKEN error
02/28/21 04:07:24 164846600  1614456444
use pt_key

real	0m2.053s
user	0m0.078s
sys	0m0.094s
02/28/21 04:07:26 856220000  1614456446 token: AAFgOqZ9ADBs-JPXQkI3WmcCGtWxEXVBVHrMdyoAyKZTuQXOO0JZQt8602Fw19GMg6eA3VLjIhY
parse error: Invalid numeric literal at line 1, column 10

real	0m2.347s
user	0m0.109s
sys	0m0.125s
02/28/21 04:07:30 296660000  1614456450 secretPin: 
[WARN] get secretPin error

02/28/21 04:07:30 989930900  1614456450 赵签到蒙牛官方旗舰店

real	0m1.530s
user	0m0.047s
sys	0m0.078s
parse error: Invalid numeric literal at line 1, column 10
parse error: Invalid numeric literal at line 1, column 10
parse error: Invalid numeric literal at line 1, column 10
parse error: Invalid numeric literal at line 1, column 10
02/28/21 04:07:40 836938200 1614456460

real	0m2.982s
user	0m0.000s
sys	0m0.063s

real	0m2.930s
user	0m0.000s
sys	0m0.125s
[WARN] get LZ_TOKEN error
02/28/21 04:07:49 351480500  1614456469
use pt_key

real	0m2.163s
user	0m0.094s
sys	0m0.094s
02/28/21 04:07:52 321195800  1614456472 token: AAFgOqaXADBA9QHimFBtQgUV8ohhxoxWaHWIuk9G5Sg5bJYZkzCHGlaBdQiEWPC-1FH1KYpJqe0
parse error: Invalid numeric literal at line 1, column 10

real	0m2.891s
user	0m0.109s
sys	0m0.094s
02/28/21 04:07:55 813204400  1614456475 secretPin: 
[WARN] get secretPin error

02/28/21 04:07:56 501568000  1614456476 赵签到蒙牛官方旗舰店

real	0m2.664s
user	0m0.063s
sys	0m0.109s
parse error: Invalid numeric literal at line 1, column 10
parse error: Invalid numeric literal at line 1, column 10
parse error: Invalid numeric literal at line 1, column 10
parse error: Invalid numeric literal at line 1, column 10
02/28/21 04:08:09 385492800 1614456489

real	0m3.403s
user	0m0.016s
sys	0m0.047s

real	0m2.600s
user	0m0.047s
sys	0m0.047s
[WARN] get LZ_TOKEN error
02/28/21 04:08:17 710088100  1614456497
use pt_key

real	0m3.047s
user	0m0.063s
sys	0m0.125s
02/28/21 04:08:21 436255700  1614456501 token: AAFgOqa0ADBmfYZ1mbG16TGXkJii64bwASK5Vxzh74yEUxyTidh1daiK7RJnzjPy2Tz2OetIC5Q
parse error: Invalid numeric literal at line 1, column 10

real	0m2.904s
user	0m0.109s
sys	0m0.125s
02/28/21 04:08:24 989659700  1614456504 secretPin: 
[WARN] get secretPin error

02/28/21 04:08:25 447289300  1614456505 赵签到蒙牛官方旗舰店

real	0m1.970s
user	0m0.031s
sys	0m0.078s
parse error: Invalid numeric literal at line 1, column 10
parse error: Invalid numeric literal at line 1, column 10
parse error: Invalid numeric literal at line 1, column 10
parse error: Invalid numeric literal at line 1, column 10
02/28/21 04:08:36 120578300 1614456516

real	0m3.106s
user	0m0.000s
sys	0m0.047s

real	0m2.202s
user	0m0.016s
sys	0m0.078s
[WARN] get LZ_TOKEN error
02/28/21 04:08:43 948451800  1614456523
use pt_key

real	0m2.045s
user	0m0.109s
sys	0m0.141s
02/28/21 04:08:46 745447200  1614456526 token: AAFgOqbNADDz5fbCKqge9XR2V8ruve0nmyp3HATGvsBB7dHxhAomX5dM1Fo-e-K4VZf0VBx3AzA
parse error: Invalid numeric literal at line 1, column 10

real	0m2.822s
user	0m0.094s
sys	0m0.109s
02/28/21 04:08:50 203347200  1614456530 secretPin: 
[WARN] get secretPin error

02/28/21 04:08:50 893505200  1614456530 赵签到蒙牛官方旗舰店

real	0m2.958s
user	0m0.047s
sys	0m0.156s
parse error: Invalid numeric literal at line 1, column 10
parse error: Invalid numeric literal at line 1, column 10
parse error: Invalid numeric literal at line 1, column 10
parse error: Invalid numeric literal at line 1, column 10
02/28/21 04:09:02 684475900 1614456542

real	0m4.803s
user	0m0.000s
sys	0m0.031s

real	0m2.164s
user	0m0.031s
sys	0m0.063s
[WARN] get LZ_TOKEN error
02/28/21 04:09:10 548986200  1614456550
use pt_key

real	0m2.368s
user	0m0.109s
sys	0m0.141s
02/28/21 04:09:13 548544500  1614456553 token: AAFgOqboADC6kDwa7vrIeQzC-CLErAdVvXR_rPK-80whFHqIIOU95f-bq6ThEgl5Ai9VJSO4WsM
parse error: Invalid numeric literal at line 1, column 10

real	0m2.407s
user	0m0.094s
sys	0m0.125s
02/28/21 04:09:16 512142200  1614456556 secretPin: 
[WARN] get secretPin error

02/28/21 04:09:17 293598700  1614456557 赵签到蒙牛官方旗舰店

real	0m2.180s
user	0m0.047s
sys	0m0.078s
parse error: Invalid numeric literal at line 1, column 10
parse error: Invalid numeric literal at line 1, column 10
parse error: Invalid numeric literal at line 1, column 10
parse error: Invalid numeric literal at line 1, column 10
02/28/21 04:09:26 314403600 1614456566

real	0m3.974s
user	0m0.000s
sys	0m0.031s

real	0m4.761s
user	0m0.047s
sys	0m0.078s
[WARN] get LZ_TOKEN error
02/28/21 04:09:36 404579100  1614456576
use pt_key

real	0m1.784s
user	0m0.109s
sys	0m0.094s
02/28/21 04:09:38 434518200  1614456578 token: AAFgOqcCADBT9OoKwx8m_KuOMyy5N0Txc5m9REsYA9S7X7vWrrgzVvdwdsaJmyUj2dr3XWI6BQc
parse error: Invalid numeric literal at line 1, column 10

real	0m2.151s
user	0m0.125s
sys	0m0.125s
02/28/21 04:09:41 067703500  1614456581 secretPin: 
[WARN] get secretPin error

02/28/21 04:09:41 288553000  1614456581 赵签到蒙牛官方旗舰店

real	0m1.832s
user	0m0.016s
sys	0m0.109s
parse error: Invalid numeric literal at line 1, column 10
parse error: Invalid numeric literal at line 1, column 10
parse error: Invalid numeric literal at line 1, column 10
parse error: Invalid numeric literal at line 1, column 10
02/28/21 04:09:50 832167100 1614456590

real	0m4.488s
user	0m0.000s
sys	0m0.047s

real	0m1.996s
user	0m0.047s
sys	0m0.078s
[WARN] get LZ_TOKEN error
02/28/21 04:09:58 771999900  1614456598
use pt_key

real	0m2.152s
user	0m0.094s
sys	0m0.125s
02/28/21 04:10:01 402369100  1614456601 token: AAFgOqcYADAtL4bqGVK9EackPpGWrzuwETk7wItCvqchWodkW31Qkb02w_f9UEojAG3U9A5h4Q8
parse error: Invalid numeric literal at line 1, column 10

real	0m3.035s
user	0m0.109s
sys	0m0.125s
02/28/21 04:10:04 776421300  1614456604 secretPin: 
[WARN] get secretPin error

02/28/21 04:10:05 424485400  1614456605 赵签到蒙牛官方旗舰店

real	0m1.603s
user	0m0.047s
sys	0m0.094s
parse error: Invalid numeric literal at line 1, column 10
parse error: Invalid numeric literal at line 1, column 10
parse error: Invalid numeric literal at line 1, column 10
parse error: Invalid numeric literal at line 1, column 10
02/28/21 04:10:12 123029200 1614456612

real	0m4.639s
user	0m0.000s
sys	0m0.047s

real	0m2.762s
user	0m0.000s
sys	0m0.141s
[WARN] get LZ_TOKEN error
02/28/21 04:10:21 213184700  1614456621
use pt_key

real	0m2.003s
user	0m0.156s
sys	0m0.063s
02/28/21 04:10:24 007225100  1614456624 token: AAFgOqcuADAsUUsKyv1a-YQy8GMfCQhbgT3ThElhfuXWMDvI4KT6AgpJKzAk7qYmYO-6fhiprww
parse error: Invalid numeric literal at line 1, column 10

real	0m1.757s
user	0m0.094s
sys	0m0.141s
02/28/21 04:10:26 147485200  1614456626 secretPin: 
[WARN] get secretPin error

02/28/21 04:10:26 931040300  1614456626 赵签到蒙牛官方旗舰店

real	0m2.029s
user	0m0.031s
sys	0m0.078s
parse error: Invalid numeric literal at line 1, column 10
parse error: Invalid numeric literal at line 1, column 10
parse error: Invalid numeric literal at line 1, column 10
parse error: Invalid numeric literal at line 1, column 10
02/28/21 04:10:35 929627900 1614456635

real	0m3.995s
user	0m0.000s
sys	0m0.063s

real	0m2.133s
user	0m0.031s
sys	0m0.109s
[WARN] get LZ_TOKEN error
02/28/21 04:10:43 202403600  1614456643
use pt_key

real	0m1.947s
user	0m0.125s
sys	0m0.109s
02/28/21 04:10:45 448370600  1614456645 token: AAFgOqdEADDNJNEosTSdDSR4Tyztz_lBwfNDBLtuzZF5eHiByWSqI9ocemKbRq201njb2O_tVgA
parse error: Invalid numeric literal at line 1, column 10

real	0m1.967s
user	0m0.094s
sys	0m0.141s
02/28/21 04:10:47 881166000  1614456647 secretPin: 
[WARN] get secretPin error

02/28/21 04:10:48 214587600  1614456648 赵签到蒙牛官方旗舰店

real	0m1.566s
user	0m0.016s
sys	0m0.109s
parse error: Invalid numeric literal at line 1, column 10
parse error: Invalid numeric literal at line 1, column 10
parse error: Invalid numeric literal at line 1, column 10
parse error: Invalid numeric literal at line 1, column 10
02/28/21 04:10:54 280364900 1614456654

real	0m4.062s
user	0m0.000s
sys	0m0.031s

real	0m1.808s
user	0m0.063s
sys	0m0.125s
[WARN] get LZ_TOKEN error
02/28/21 04:11:01 930534500  1614456661
use pt_key

real	0m3.034s
user	0m0.125s
sys	0m0.156s
02/28/21 04:11:05 552221700  1614456665 token: AAFgOqdYADBQ49tSvsNqlJldj42zIkMZnt_Kal2HRKda-zFzL8BDJDgCIsFCI10z2TBGkYJmGJw
parse error: Invalid numeric literal at line 1, column 10

real	0m1.858s
user	0m0.109s
sys	0m0.156s
02/28/21 04:11:07 805659600  1614456667 secretPin: 
[WARN] get secretPin error

02/28/21 04:11:08 403478400  1614456668 赵签到蒙牛官方旗舰店

real	0m2.543s
user	0m0.047s
sys	0m0.109s
parse error: Invalid numeric literal at line 1, column 10
parse error: Invalid numeric literal at line 1, column 10
parse error: Invalid numeric literal at line 1, column 10
parse error: Invalid numeric literal at line 1, column 10
02/28/21 04:11:15 049009500 1614456675

real	0m4.629s
user	0m0.000s
sys	0m0.047s

real	0m1.693s
user	0m0.047s
sys	0m0.094s
[WARN] get LZ_TOKEN error
02/28/21 04:11:22 516525600  1614456682
use pt_key

real	0m1.241s
user	0m0.109s
sys	0m0.063s
02/28/21 04:11:24 328142300  1614456684 token: AAFgOqdrADA9i9V74ui7QmPmla7bF4r1k08boXO7LQDFf5zEMNCzCbQaEPTed2AortxdQlvLNHQ
parse error: Invalid numeric literal at line 1, column 10

real	0m1.442s
user	0m0.125s
sys	0m0.078s
02/28/21 04:11:26 178852200  1614456686 secretPin: 
[WARN] get secretPin error

02/28/21 04:11:26 440120600  1614456686 赵签到蒙牛官方旗舰店

real	0m0.943s
user	0m0.016s
sys	0m0.094s
parse error: Invalid numeric literal at line 1, column 10
parse error: Invalid numeric literal at line 1, column 10
parse error: Invalid numeric literal at line 1, column 10
parse error: Invalid numeric literal at line 1, column 10
02/28/21 04:11:30 563772300 1614456690

real	0m4.538s
user	0m0.000s
sys	0m0.031s

real	0m1.728s
user	0m0.047s
sys	0m0.109s
[WARN] get LZ_TOKEN error
02/28/21 04:11:37 702114900  1614456697
use pt_key

real	0m1.150s
user	0m0.109s
sys	0m0.109s
02/28/21 04:11:39 140313200  1614456699 token: AAFgOqd7ADB60tXegvrEzaTN_GSo2bu4H8j58sWI7CepZzty6umHGxgaOxVYHK7iqZflxquYMXo
parse error: Invalid numeric literal at line 1, column 10

real	0m1.137s
user	0m0.109s
sys	0m0.094s
02/28/21 04:11:40 484660100  1614456700 secretPin: 
[WARN] get secretPin error

02/28/21 04:11:40 982927700  1614456700 赵签到蒙牛官方旗舰店

real	0m1.260s
user	0m0.047s
sys	0m0.094s
parse error: Invalid numeric literal at line 1, column 10
parse error: Invalid numeric literal at line 1, column 10
parse error: Invalid numeric literal at line 1, column 10
parse error: Invalid numeric literal at line 1, column 10
02/28/21 04:11:45 762588800 1614456705

real	0m4.575s
user	0m0.000s
sys	0m0.031s

real	0m0.829s
user	0m0.016s
sys	0m0.109s
[WARN] get LZ_TOKEN error
02/28/21 04:11:51 781497300  1614456711
use pt_key

real	0m0.979s
user	0m0.109s
sys	0m0.125s
02/28/21 04:11:52 927673000  1614456712 token: AAFgOqeJADC_X6q679svYHKD68WbwEqyoDd8p1uFq5a8dy4S-ejxRJnp23Ku-LtGidRMHgOPZ04
parse error: Invalid numeric literal at line 1, column 10

real	0m0.779s
user	0m0.063s
sys	0m0.141s
02/28/21 04:11:53 868865100  1614456713 secretPin: 
[WARN] get secretPin error

02/28/21 04:11:53 958767900  1614456713 赵签到蒙牛官方旗舰店

real	0m0.451s
user	0m0.031s
sys	0m0.063s
parse error: Invalid numeric literal at line 1, column 10
parse error: Invalid numeric literal at line 1, column 10
parse error: Invalid numeric literal at line 1, column 10
parse error: Invalid numeric literal at line 1, column 10
02/28/21 04:11:55 922833500 1614456715

real	0m4.092s
user	0m0.000s
sys	0m0.047s

real	0m0.705s
user	0m0.000s
sys	0m0.125s
[WARN] get LZ_TOKEN error
02/28/21 04:12:01 035153700  1614456721
use pt_key

real	0m0.725s
user	0m0.125s
sys	0m0.078s
02/28/21 04:12:03 248166500  1614456723 token: AAFgOqeSADBQviXEDh7J5aTfshm6OmzLvDWDezcPwPlFawUQkxHTLCwhG16CIkngr0O4fwdWCis
parse error: Invalid numeric literal at line 1, column 10

real	0m0.930s
user	0m0.141s
sys	0m0.094s
02/28/21 04:12:04 380252100  1614456724 secretPin: 
[WARN] get secretPin error

02/28/21 04:12:04 540535800  1614456724 赵签到蒙牛官方旗舰店

real	0m0.495s
user	0m0.063s
sys	0m0.078s
parse error: Invalid numeric literal at line 1, column 10
parse error: Invalid numeric literal at line 1, column 10
parse error: Invalid numeric literal at line 1, column 10
parse error: Invalid numeric literal at line 1, column 10
02/28/21 04:12:06 080209900 1614456726

real	0m4.218s
user	0m0.000s
sys	0m0.016s
02/28/21 04:13:25 857520200  1614456805
parse error: Invalid numeric literal at line 1, column 10
签到是否成功解析失败. 不再写/home/myid/jd/jd_signup/lzkj_sevenDay_vender/mengniu

赵签到蒙牛官方旗舰店查看结果, 活动规则


#店铺名称
vendername="蒙牛官方旗舰店"
#店铺激活码
actId="3f064b1a32ec4b2ab6e044aa1cacad06"
#店铺id
venderId="182542"
#长链接
url="https://lzkj-isv.isvjcloud.com/sign/sevenDay/signActivity?activityId=3f064b1a32ec4b2ab6e044aa1cacad06&venderId=182542"

startTime=1612108800
endTime=1614527940
# 活动时间：2021-02-01 00:00 - 2021-02-28 23:59；
# 奖励说明：
actRule="
7天签到
连续签到1天：15京豆
连续签到2天：30元优惠券
连续签到3天：40元优惠券
连续签到4天：8京豆
连续签到5天：50元优惠券
连续签到6天：20元优惠券
连续签到7天：15京豆
"

#赵 122294312-396444 sign_res
sign_num="5"
giftName=""50元优惠券""
giftRes="ok"
giftDate="20210227"
sign_res_info="7天签到 第 5 天
当天签到奖励 ["50元优惠券"]"
#赵 122294312-396444 sign_res_end
#肥鹅 jd_4d651d9e48204 sign_res
sign_num="5"
giftName=""50元优惠券""
giftRes="ok"
giftDate="20210227"
sign_res_info="7天签到 第 5 天
当天签到奖励 ["50元优惠券"]"
#肥鹅 jd_4d651d9e48204 sign_res_end
#移动 jd_OeTNobRVGiNZ sign_res
sign_num="6"
giftName=""20元优惠券""
giftRes="ok"
giftDate="20210227"
sign_res_info="7天签到 第 6 天
当天签到奖励 ["20元优惠券"]"
#移动 jd_OeTNobRVGiNZ sign_res_end
#王 1309893722-164885 sign_res
sign_num="1"
giftName="null"
giftRes="ok"
giftDate="20210228"
sign_res_info="7天签到 第 1 天
当天签到奖励 [null]"
#王 1309893722-164885 sign_res_end
