03/05/21 02:04:37 835905200  1614881077
RANDOM_num: 25
removed '/tmp/tmp.O3KrVr1J2r'
03/05/21 02:04:37 984341000  1614881077
王 今天已经签到过. 签到结果: ok  giftDate: 20210305
***********************************************
7天签到 第  天
当天签到奖励 [null]
***********************************************

王 签到结果获取失败.
03/05/21 02:04:37 998701100  1614881077 检查王签到

real	0m0.168s
user	0m0.031s
sys	0m0.047s
lzkj-isv.isvjcloud.com	FALSE	/	FALSE	1614881678	LZ_TOKEN_VALUE	B0oH3vDY2bhHWuKbVaJ+XQ==
lzkj-isv.isvjcloud.com	FALSE	/	FALSE	1614881678	LZ_TOKEN_KEY	lztokenpagee5590f6efa3e4f7b8a80237fe5d9e195
03/05/21 02:04:38 271436800  1614881078
use pt_key

real	0m0.159s
user	0m0.094s
sys	0m0.078s
03/05/21 02:04:38 447477500  1614881078 token: AAFgQSE2ADCk-FqSQRkXqSIxQOzQ14HVvFvifqsmpeQiz7JvA5CSdNeWo3WShI0t0oSZptdeFkA

real	0m0.294s
user	0m0.016s
sys	0m0.078s
03/05/21 02:04:38 837737300  1614881078 secretPin: 8zfoIjWIu/DcpxQNzAV7/oVPSWy1B8D+G4s+fJIFDfWHSnwnXFQKK9yQco/OGmHebU48Dr07k+7+k1UaXRbZKg==

03/05/21 02:04:38 853213800  1614881078 王签到安我（AND ALL）健康京东自营旗舰店

real	0m0.266s
user	0m0.016s
sys	0m0.094s
{
  "msg": "当天只允许签到一次",
  "isOk": false
}
"当天只允许签到一次"
03/05/21 02:04:39 548910000 1614881079
03/05/21 02:04:39 565179000 1614881079 签到安我（AND ALL）健康京东自营旗舰店完成
03/05/21 02:05:54 931397100  1614881154
false
parse error: Invalid numeric literal at line 1, column 10
重复签到. 载入之前签到的giftName: null

***********************************************
7天签到 第  天
当天签到奖励 [null]
***********************************************

王签到安我（AND ALL）健康京东自营旗舰店查看结果, 活动规则
<!DOCTYPE html>
<html>
 <head> 
  <title>京东</title> 
  <meta charset="utf-8" /> 
  <meta name="apple-mobile-web-app-capable" content="yes" /> 
  <meta name="viewport" content="width=device-width,initial-scale=1,user-scalable=no,maximum-scale=1,viewport-fit=cover" /> 
  <meta name="format-detection" content="telephone=no" /> 
  <meta name="x5-cache" content="enable" /> 
  <link rel="stylesheet" href="https://storage.360buyimg.com/babel/00162638/333378/production/dev/parser.1526555535098.css?t=20180517191236" /> 
  <style> img {
            opacity: 1 !important;
        } </style> 
  <link href="https://storage.360buyimg.com/babel/00170893/348321/production/dev/index.7320a380.css?t=20180802150952" rel="stylesheet" />
 </head> 
 <body style="background:#fff;" id="root"> 
  <div class="errorPage"> 
  </div> 
  <div class="placeholer"> 
  </div> 
  <script src="https://wl.jd.com/unify.min.js"></script> 
  <script type="text/javascript" src="https://storage.360buyimg.com/babel/00170893/348321/production/dev/index.0f8f4dba.js?t=20180802150952"></script> 
 </body>
</html>

#店铺名称
vendername="安我（AND ALL）健康京东自营旗舰店"
#店铺激活码
actId="f63f0cc98d32422b8b6ac5b8a0aaec0e"
#店铺id
venderId="1000351797"
#长链接
url="https://lzkj-isv.isvjcloud.com/sign/sevenDay/signActivity?activityId=f63f0cc98d32422b8b6ac5b8a0aaec0e&venderId=1000351797"

startTime=1613723220
endTime=1616342340
# 活动时间：2021-02-19 16:27 - 2021-03-21 23:59；
# 奖励说明：
actRule="
7天签到
连续签到1天：1京豆
连续签到2天：1京豆
连续签到3天：3京豆
连续签到4天：2京豆
连续签到5天：2京豆
连续签到6天：2京豆
连续签到7天：5京豆
"
#移动 jd_OeTNobRVGiNZ sign_res
sign_num="0"
giftName=""
giftRes=""
giftDate="20210305"
sign_res_info="7天签到 第 0 天
当天签到奖励 []"
#移动 jd_OeTNobRVGiNZ sign_res_end
#肥鹅 jd_4d651d9e48204 sign_res
sign_num=""
giftName="null"
giftRes="ok"
giftDate="20210305"
sign_res_info="7天签到 第  天
当天签到奖励 [null]"
#肥鹅 jd_4d651d9e48204 sign_res_end
#赵 122294312-396444 sign_res
sign_num=""
giftName="null"
giftRes="ok"
giftDate="20210305"
sign_res_info="7天签到 第  天
当天签到奖励 [null]"
#赵 122294312-396444 sign_res_end
#王 1309893722-164885 sign_res
sign_num=""
giftName="null"
giftRes="ok"
giftDate="20210305"
sign_res_info="7天签到 第  天
当天签到奖励 [null]"
#王 1309893722-164885 sign_res_end
