02/28/21 01:14:51 306103700  1614446091
RANDOM_num: 10
removed '/tmp/tmp.svH2ORDsor'
02/28/21 01:14:54 941807600  1614446094 检查移动签到

real	0m1.544s
user	0m0.031s
sys	0m0.078s
[WARN] get LZ_TOKEN error
02/28/21 01:15:00 759977900  1614446100
use wskey

real	0m2.085s
user	0m0.094s
sys	0m0.141s
02/28/21 01:15:04 553943600  1614446104 token: AAFgOn4WADC6Grf4i937hK00XMXeQE7S7YVBj1R3anv_mFlBZp-wjpRkXRjzZ2l2O7JYZWCOxI8
parse error: Invalid numeric literal at line 1, column 10

real	0m2.518s
user	0m0.094s
sys	0m0.094s
02/28/21 01:15:07 511989900  1614446107 secretPin: 
[WARN] get secretPin error

02/28/21 01:15:08 511442100  1614446108 移动签到Kendall康度京东自营专区

real	0m2.278s
user	0m0.000s
sys	0m0.141s
parse error: Invalid numeric literal at line 1, column 10
parse error: Invalid numeric literal at line 1, column 10
parse error: Invalid numeric literal at line 1, column 10
parse error: Invalid numeric literal at line 1, column 10
02/28/21 01:15:30 082490800 1614446130

real	0m2.098s
user	0m0.000s
sys	0m0.047s

real	0m3.364s
user	0m0.016s
sys	0m0.094s
[WARN] get LZ_TOKEN error
02/28/21 01:15:41 929187900  1614446141
use wskey

real	0m2.246s
user	0m0.109s
sys	0m0.094s
02/28/21 01:15:44 795329400  1614446144 token: AAFgOn4_ADAtc1kmwbO9O9WYcB0NVXnMe2FawMKAXTXm52IJcuedTGD1c4W8m0uEt3mAOuT3zzY
parse error: Invalid numeric literal at line 1, column 10

real	0m4.122s
user	0m0.109s
sys	0m0.109s
02/28/21 01:15:49 626705400  1614446149 secretPin: 
[WARN] get secretPin error

02/28/21 01:15:50 351167400  1614446150 移动签到Kendall康度京东自营专区

real	0m2.087s
user	0m0.031s
sys	0m0.109s
parse error: Invalid numeric literal at line 1, column 10
parse error: Invalid numeric literal at line 1, column 10
parse error: Invalid numeric literal at line 1, column 10
parse error: Invalid numeric literal at line 1, column 10
02/28/21 01:16:25 749261800 1614446185

real	0m2.386s
user	0m0.000s
sys	0m0.031s

real	0m4.485s
user	0m0.031s
sys	0m0.078s
[WARN] get LZ_TOKEN error
02/28/21 01:16:37 627612500  1614446197
use wskey

real	0m3.418s
user	0m0.125s
sys	0m0.063s
02/28/21 01:16:41 938279600  1614446201 token: AAFgOn54ADDzT1bvmLznClp36cHqDpgIJxpHmPGebgoLsLQRJk9rdd-FFaXaPVq3rPuoL7ka5k0
parse error: Invalid numeric literal at line 1, column 10

real	0m3.188s
user	0m0.156s
sys	0m0.063s
02/28/21 01:16:45 878206500  1614446205 secretPin: 
[WARN] get secretPin error

02/28/21 01:16:46 463251500  1614446206 移动签到Kendall康度京东自营专区

real	0m2.966s
user	0m0.047s
sys	0m0.094s
parse error: Invalid numeric literal at line 1, column 10
parse error: Invalid numeric literal at line 1, column 10
parse error: Invalid numeric literal at line 1, column 10
parse error: Invalid numeric literal at line 1, column 10
02/28/21 01:17:14 654032100 1614446234

real	0m2.376s
user	0m0.000s
sys	0m0.047s

real	0m3.426s
user	0m0.047s
sys	0m0.094s
[WARN] get LZ_TOKEN error
02/28/21 01:17:25 680543600  1614446245
use wskey

real	0m2.680s
user	0m0.125s
sys	0m0.156s
02/28/21 01:17:29 443005100  1614446249 token: AAFgOn6nADAITpNecGhqa8UuPM-no7sk_rLfSHexm4B04GnZKMcCzdBimO1zEFH3-HPT17eqKvA
parse error: Invalid numeric literal at line 1, column 10

real	0m2.016s
user	0m0.094s
sys	0m0.094s
02/28/21 01:17:31 838080300  1614446251 secretPin: 
[WARN] get secretPin error

02/28/21 01:17:32 333969100  1614446252 移动签到Kendall康度京东自营专区

real	0m0.797s
user	0m0.000s
sys	0m0.109s
parse error: Invalid numeric literal at line 1, column 10
parse error: Invalid numeric literal at line 1, column 10
parse error: Invalid numeric literal at line 1, column 10
parse error: Invalid numeric literal at line 1, column 10
02/28/21 01:17:47 315210500 1614446267

real	0m2.657s
user	0m0.000s
sys	0m0.063s

real	0m3.179s
user	0m0.047s
sys	0m0.094s
[WARN] get LZ_TOKEN error
02/28/21 01:18:05 888049700  1614446285
use wskey

real	0m3.824s
user	0m0.078s
sys	0m0.156s
02/28/21 01:18:10 619192400  1614446290 token: AAFgOn7RADCdHYKH_mqea5n7scE_5QjW5-mZephKzoMfs8ElUdfPgQHcWfTrvtRISg8JHGZt1ic
parse error: Invalid numeric literal at line 1, column 10

real	0m3.612s
user	0m0.063s
sys	0m0.109s
02/28/21 01:18:15 234255700  1614446295 secretPin: 
[WARN] get secretPin error

02/28/21 01:18:16 054261200  1614446296 移动签到Kendall康度京东自营专区

real	0m3.054s
user	0m0.047s
sys	0m0.047s
parse error: Invalid numeric literal at line 1, column 10
parse error: Invalid numeric literal at line 1, column 10
parse error: Invalid numeric literal at line 1, column 10
parse error: Invalid numeric literal at line 1, column 10
02/28/21 01:18:41 619323200 1614446321

real	0m3.228s
user	0m0.000s
sys	0m0.016s

real	0m3.984s
user	0m0.047s
sys	0m0.078s
[WARN] get LZ_TOKEN error
02/28/21 01:18:52 448882100  1614446332
use wskey

real	0m3.709s
user	0m0.063s
sys	0m0.125s
02/28/21 01:18:56 967027500  1614446336 token: AAFgOn7_ADDMzmNGnz1kgrLK-6_MmertQWpgxDhM0a9LsNlVWs2D7mnuLqIH0iWjB8u73WPTRVU
parse error: Invalid numeric literal at line 1, column 10

real	0m5.800s
user	0m0.125s
sys	0m0.109s
02/28/21 01:19:03 911146800  1614446343 secretPin: 
[WARN] get secretPin error

02/28/21 01:19:06 049551000  1614446346 移动签到Kendall康度京东自营专区

real	0m3.421s
user	0m0.016s
sys	0m0.094s
parse error: Invalid numeric literal at line 1, column 10
parse error: Invalid numeric literal at line 1, column 10
parse error: Invalid numeric literal at line 1, column 10
parse error: Invalid numeric literal at line 1, column 10
02/28/21 01:19:19 434992000 1614446359

real	0m4.086s
user	0m0.000s
sys	0m0.094s

real	0m3.494s
user	0m0.047s
sys	0m0.109s
[WARN] get LZ_TOKEN error
02/28/21 01:19:40 751186700  1614446380
use wskey

real	0m3.046s
user	0m0.109s
sys	0m0.078s
02/28/21 01:19:45 118032700  1614446385 token: AAFgOn8vADBuVanmMFbjTyaBwOG_7skbwvX-srNFzeVlx0ibY1W-MNKNirrKCEiM_9rfzspqrTA
parse error: Invalid numeric literal at line 1, column 10

real	0m3.678s
user	0m0.141s
sys	0m0.109s
02/28/21 01:19:49 332875100  1614446389 secretPin: 
[WARN] get secretPin error

02/28/21 01:19:50 416495000  1614446390 移动签到Kendall康度京东自营专区

real	0m2.362s
user	0m0.031s
sys	0m0.063s
parse error: Invalid numeric literal at line 1, column 10
parse error: Invalid numeric literal at line 1, column 10
parse error: Invalid numeric literal at line 1, column 10
parse error: Invalid numeric literal at line 1, column 10
02/28/21 01:20:05 213810800 1614446405

real	0m5.626s
user	0m0.016s
sys	0m0.016s

real	0m3.959s
user	0m0.016s
sys	0m0.078s
[WARN] get LZ_TOKEN error
02/28/21 01:20:26 174939900  1614446426
use wskey

real	0m3.334s
user	0m0.125s
sys	0m0.109s
02/28/21 01:20:30 315445900  1614446430 token: AAFgOn9dADB7EZ0UjgtZaykhPUHRG4OiYzrj_Qq8W0fyDZ4D22TMlMOg-d9RKGikpg3D0Dh5AQg
parse error: Invalid numeric literal at line 1, column 10

real	0m2.650s
user	0m0.094s
sys	0m0.156s
02/28/21 01:20:34 665538100  1614446434 secretPin: 
[WARN] get secretPin error

02/28/21 01:20:35 492149100  1614446435 移动签到Kendall康度京东自营专区

real	0m2.366s
user	0m0.031s
sys	0m0.125s
parse error: Invalid numeric literal at line 1, column 10
parse error: Invalid numeric literal at line 1, column 10
parse error: Invalid numeric literal at line 1, column 10
parse error: Invalid numeric literal at line 1, column 10
02/28/21 01:20:47 801310900 1614446447

real	0m4.228s
user	0m0.000s
sys	0m0.016s

real	0m4.550s
user	0m0.063s
sys	0m0.063s
[WARN] get LZ_TOKEN error
02/28/21 01:21:04 982492700  1614446464
use wskey

real	0m4.431s
user	0m0.063s
sys	0m0.172s
02/28/21 01:21:11 400475400  1614446471 token: AAFgOn-FADBUKlvsYXTUJW2t6OoP2-wyA-K8Dx14vSjBdspM5AFqyePZCXs4-8Hg9U-KPjeOyCE
parse error: Invalid numeric literal at line 1, column 10

real	0m4.393s
user	0m0.094s
sys	0m0.141s
02/28/21 01:21:16 577696700  1614446476 secretPin: 
[WARN] get secretPin error

02/28/21 01:21:17 581767200  1614446477 移动签到Kendall康度京东自营专区

real	0m2.600s
user	0m0.031s
sys	0m0.078s
parse error: Invalid numeric literal at line 1, column 10
parse error: Invalid numeric literal at line 1, column 10
parse error: Invalid numeric literal at line 1, column 10
parse error: Invalid numeric literal at line 1, column 10
02/28/21 01:21:42 374018000 1614446502

real	0m5.205s
user	0m0.000s
sys	0m0.031s

real	0m3.360s
user	0m0.047s
sys	0m0.094s
[WARN] get LZ_TOKEN error
02/28/21 01:21:52 713575900  1614446512
use wskey

real	0m4.698s
user	0m0.078s
sys	0m0.141s
02/28/21 01:21:58 201895600  1614446518 token: AAFgOn-0ADCasyswmF_Ky1e4MRRRYL9W53ijloa1qsxweNQNjzfX-WgmUx2txrzh8FBZ-KaPtuU
parse error: Invalid numeric literal at line 1, column 10

real	0m4.444s
user	0m0.109s
sys	0m0.094s
02/28/21 01:22:03 205028400  1614446523 secretPin: 
[WARN] get secretPin error

02/28/21 01:22:05 317087100  1614446525 移动签到Kendall康度京东自营专区

real	0m2.505s
user	0m0.016s
sys	0m0.078s
parse error: Invalid numeric literal at line 1, column 10
parse error: Invalid numeric literal at line 1, column 10
parse error: Invalid numeric literal at line 1, column 10
parse error: Invalid numeric literal at line 1, column 10
02/28/21 01:22:18 333886300 1614446538

real	0m2.910s
user	0m0.000s
sys	0m0.047s

real	0m2.794s
user	0m0.047s
sys	0m0.094s
[WARN] get LZ_TOKEN error
02/28/21 01:22:28 059015200  1614446548
use wskey

real	0m3.338s
user	0m0.063s
sys	0m0.172s
02/28/21 01:22:32 446036600  1614446552 token: AAFgOn_WADDGWgZ0OgWyUFM_TSuWww4uS-d7X9OUIg0HUrvbR-NkNJ4nXAocVVR0Nwzcnvz_Tpc
parse error: Invalid numeric literal at line 1, column 10

real	0m4.815s
user	0m0.125s
sys	0m0.047s
02/28/21 01:22:38 592116700  1614446558 secretPin: 
[WARN] get secretPin error

02/28/21 01:22:39 702249000  1614446559 移动签到Kendall康度京东自营专区

real	0m3.318s
user	0m0.047s
sys	0m0.094s
parse error: Invalid numeric literal at line 1, column 10
parse error: Invalid numeric literal at line 1, column 10
parse error: Invalid numeric literal at line 1, column 10
parse error: Invalid numeric literal at line 1, column 10
02/28/21 01:22:51 092413900 1614446571

real	0m4.321s
user	0m0.000s
sys	0m0.078s

real	0m2.232s
user	0m0.031s
sys	0m0.078s
[WARN] get LZ_TOKEN error
02/28/21 01:23:06 419566600  1614446586
use wskey

real	0m1.938s
user	0m0.141s
sys	0m0.109s
02/28/21 01:23:08 995602700  1614446588 token: AAFgOn_8ADBo_zcEtZ--pqDwORcQPDupEXVijGDVkqyqCBlo01DgO87n_GjHIRGEY07L3KfjLhY
parse error: Invalid numeric literal at line 1, column 10

real	0m2.806s
user	0m0.094s
sys	0m0.109s
02/28/21 01:23:12 312505000  1614446592 secretPin: 
[WARN] get secretPin error

02/28/21 01:23:12 875788600  1614446592 移动签到Kendall康度京东自营专区

real	0m3.003s
user	0m0.031s
sys	0m0.109s
parse error: Invalid numeric literal at line 1, column 10
parse error: Invalid numeric literal at line 1, column 10
parse error: Invalid numeric literal at line 1, column 10
parse error: Invalid numeric literal at line 1, column 10
02/28/21 01:23:27 357054100 1614446607

real	0m5.040s
user	0m0.016s
sys	0m0.031s

real	0m3.720s
user	0m0.063s
sys	0m0.063s
[WARN] get LZ_TOKEN error
02/28/21 01:23:38 207640200  1614446618
use wskey

real	0m2.316s
user	0m0.125s
sys	0m0.109s
02/28/21 01:23:41 429310000  1614446621 token: AAFgOoAcADBI_cxXfHNF7IUsnF1-ET2cjau2MCT50DVsGwghfUzelJsYTuFu8bCuABKHBRgWrg0
parse error: Invalid numeric literal at line 1, column 10

real	0m2.931s
user	0m0.109s
sys	0m0.109s
02/28/21 01:23:45 160776500  1614446625 secretPin: 
[WARN] get secretPin error

02/28/21 01:23:46 809909500  1614446626 移动签到Kendall康度京东自营专区

real	0m2.613s
user	0m0.016s
sys	0m0.125s
parse error: Invalid numeric literal at line 1, column 10
parse error: Invalid numeric literal at line 1, column 10
parse error: Invalid numeric literal at line 1, column 10
parse error: Invalid numeric literal at line 1, column 10
02/28/21 01:23:57 607120400 1614446637

real	0m4.849s
user	0m0.000s
sys	0m0.016s

real	0m2.197s
user	0m0.063s
sys	0m0.063s
[WARN] get LZ_TOKEN error
02/28/21 01:24:07 084686500  1614446647
use wskey

real	0m2.839s
user	0m0.094s
sys	0m0.156s
02/28/21 01:24:11 281623800  1614446651 token: AAFgOoA5ADA4NHM1FhIW8JXrJdibRo7QRhoTAWWQCSDBD1ewvOZN_BDlIbDCBwgjcmj5lyirb6Y
parse error: Invalid numeric literal at line 1, column 10

real	0m4.682s
user	0m0.141s
sys	0m0.078s
02/28/21 01:24:16 456837200  1614446656 secretPin: 
[WARN] get secretPin error

02/28/21 01:24:17 047311400  1614446657 移动签到Kendall康度京东自营专区

real	0m3.079s
user	0m0.031s
sys	0m0.125s
parse error: Invalid numeric literal at line 1, column 10
parse error: Invalid numeric literal at line 1, column 10
parse error: Invalid numeric literal at line 1, column 10
parse error: Invalid numeric literal at line 1, column 10
02/28/21 01:24:29 603951200 1614446669

real	0m5.302s
user	0m0.000s
sys	0m0.016s

real	0m2.852s
user	0m0.031s
sys	0m0.094s
[WARN] get LZ_TOKEN error
02/28/21 01:24:42 309335700  1614446682
use wskey

real	0m2.505s
user	0m0.063s
sys	0m0.125s
02/28/21 01:24:45 529594300  1614446685 token: AAFgOoBcADCaxt9tnA_7vdY0gWL-YxBEpcZQUPO-a2X93aF6Hm1FBnbym2QnHRDoYVpcnFnQkPs
parse error: Invalid numeric literal at line 1, column 10

real	0m3.971s
user	0m0.125s
sys	0m0.078s
02/28/21 01:24:50 139374800  1614446690 secretPin: 
[WARN] get secretPin error

02/28/21 01:24:50 523659600  1614446690 移动签到Kendall康度京东自营专区

real	0m2.073s
user	0m0.016s
sys	0m0.109s
parse error: Invalid numeric literal at line 1, column 10
parse error: Invalid numeric literal at line 1, column 10
parse error: Invalid numeric literal at line 1, column 10
parse error: Invalid numeric literal at line 1, column 10
02/28/21 01:24:58 962750700 1614446698

real	0m4.834s
user	0m0.016s
sys	0m0.000s

real	0m3.063s
user	0m0.031s
sys	0m0.094s
[WARN] get LZ_TOKEN error
02/28/21 01:25:08 431001600  1614446708
use wskey

real	0m2.662s
user	0m0.125s
sys	0m0.125s
02/28/21 01:25:12 301869000  1614446712 token: AAFgOoB3ADAkCJb8ILVQsuXAdcr1KYM1nLP639Ikta7t9rXbKSuGwVnZ6iTOr0PtHWiL7qxABJk
parse error: Invalid numeric literal at line 1, column 10

real	0m3.156s
user	0m0.078s
sys	0m0.109s
02/28/21 01:25:16 205167400  1614446716 secretPin: 
[WARN] get secretPin error

02/28/21 01:25:16 701816800  1614446716 移动签到Kendall康度京东自营专区

real	0m2.224s
user	0m0.031s
sys	0m0.094s
parse error: Invalid numeric literal at line 1, column 10
parse error: Invalid numeric literal at line 1, column 10
parse error: Invalid numeric literal at line 1, column 10
parse error: Invalid numeric literal at line 1, column 10
02/28/21 01:25:23 382296100 1614446723

real	0m4.801s
user	0m0.000s
sys	0m0.031s

real	0m2.857s
user	0m0.031s
sys	0m0.094s
[WARN] get LZ_TOKEN error
02/28/21 01:25:34 354046500  1614446734
use wskey

real	0m2.514s
user	0m0.109s
sys	0m0.141s
02/28/21 01:25:37 965273000  1614446737 token: AAFgOoCQADAyJ8wj2aSdDQuTlhALRGfQ3_EEsrsfTwXAezupholAPxhBN66SCVq5LuvP04UsDio
parse error: Invalid numeric literal at line 1, column 10

real	0m2.672s
user	0m0.109s
sys	0m0.141s
02/28/21 01:25:41 196547800  1614446741 secretPin: 
[WARN] get secretPin error

02/28/21 01:25:41 691347900  1614446741 移动签到Kendall康度京东自营专区

real	0m1.208s
user	0m0.016s
sys	0m0.094s
parse error: Invalid numeric literal at line 1, column 10
parse error: Invalid numeric literal at line 1, column 10
parse error: Invalid numeric literal at line 1, column 10
parse error: Invalid numeric literal at line 1, column 10
02/28/21 01:25:47 996059100 1614446747

real	0m4.477s
user	0m0.000s
sys	0m0.016s

real	0m1.650s
user	0m0.016s
sys	0m0.078s
[WARN] get LZ_TOKEN error
02/28/21 01:25:55 872731200  1614446755
use wskey

real	0m2.183s
user	0m0.094s
sys	0m0.031s
02/28/21 01:25:58 810145300  1614446758 token: AAFgOoClADALWMk-DMvFcwt3hQ49uuSZ7uZTcfo6HG7tbN19ylWKfX9fhm8GTfS-2FMpbFkwMzY
parse error: Invalid numeric literal at line 1, column 10

real	0m2.212s
user	0m0.125s
sys	0m0.141s
02/28/21 01:26:01 565495800  1614446761 secretPin: 
[WARN] get secretPin error

02/28/21 01:26:02 040375300  1614446762 移动签到Kendall康度京东自营专区

real	0m0.856s
user	0m0.016s
sys	0m0.094s
parse error: Invalid numeric literal at line 1, column 10
parse error: Invalid numeric literal at line 1, column 10
parse error: Invalid numeric literal at line 1, column 10
parse error: Invalid numeric literal at line 1, column 10
02/28/21 01:26:09 160592600 1614446769

real	0m4.512s
user	0m0.000s
sys	0m0.063s

real	0m1.513s
user	0m0.031s
sys	0m0.078s
[WARN] get LZ_TOKEN error
02/28/21 01:26:15 974970800  1614446775
use wskey

real	0m1.212s
user	0m0.094s
sys	0m0.125s
02/28/21 01:26:17 452546300  1614446777 token: AAFgOoC5ADBrGlXhQlVVoUEWpN6BHt2dDf7fKPaYqHmuYFU6gZCYNycNoD2GIpjjeAObwrFI_gQ
parse error: Invalid numeric literal at line 1, column 10

real	0m1.379s
user	0m0.094s
sys	0m0.094s
02/28/21 01:26:19 037116200  1614446779 secretPin: 
[WARN] get secretPin error

02/28/21 01:26:19 305916500  1614446779 移动签到Kendall康度京东自营专区

real	0m1.004s
user	0m0.047s
sys	0m0.094s
parse error: Invalid numeric literal at line 1, column 10
parse error: Invalid numeric literal at line 1, column 10
parse error: Invalid numeric literal at line 1, column 10
parse error: Invalid numeric literal at line 1, column 10
02/28/21 01:26:24 008074200 1614446784

real	0m4.710s
user	0m0.000s
sys	0m0.031s

real	0m0.451s
user	0m0.000s
sys	0m0.125s
[WARN] get LZ_TOKEN error
02/28/21 01:26:29 403374700  1614446789
use wskey

real	0m0.640s
user	0m0.109s
sys	0m0.141s
02/28/21 01:26:30 179296100  1614446790 token: AAFgOoDFADDhaTFCWDI6m1LAAKmkwibqBcqrc69jhsfln3e6ZmkKuWn5LsnPmj5XYUvvtkRmIw8
parse error: Invalid numeric literal at line 1, column 10

real	0m0.535s
user	0m0.125s
sys	0m0.094s
02/28/21 01:26:30 887793600  1614446790 secretPin: 
[WARN] get secretPin error

02/28/21 01:26:30 990895600  1614446790 移动签到Kendall康度京东自营专区

real	0m0.317s
user	0m0.031s
sys	0m0.063s
parse error: Invalid numeric literal at line 1, column 10
parse error: Invalid numeric literal at line 1, column 10
parse error: Invalid numeric literal at line 1, column 10
parse error: Invalid numeric literal at line 1, column 10
02/28/21 01:26:32 373906500 1614446792

real	0m4.311s
user	0m0.000s
sys	0m0.031s
02/28/21 01:26:46 873335900  1614446806
parse error: Invalid numeric literal at line 1, column 10
签到是否成功解析失败. 不再写/home/myid/jd/jd_signup/lzkj_sevenDay_vender/shop_1613703186_83_delay

移动签到Kendall康度京东自营专区查看结果, 活动规则
<!DOCTYPE html>
<html>
 <head> 
  <title>京东</title> 
  <meta charset="utf-8" /> 
  <meta name="apple-mobile-web-app-capable" content="yes" /> 
  <meta name="viewport" content="width=device-width,initial-scale=1,user-scalable=no,maximum-scale=1,viewport-fit=cover" /> 
  <meta name="format-detection" content="telephone=no" /> 
  <meta name="x5-cache" content="enable" /> 
  <link rel="stylesheet" href="https://storage.360buyimg.com/babel/00162638/333378/production/dev/parser.1526555535098.css?t=20180517191236" /> 
  <style> img {
            opacity: 1 !important;
        } </style> 
  <link href="https://storage.360buyimg.com/babel/00170893/348321/production/dev/index.7320a380.css?t=20180802150952" rel="stylesheet" />
 </head> 
 <body style="background:#fff;" id="root"> 
  <div class="errorPage"> 
  </div> 
  <div class="placeholer"> 
  </div> 
  <script src="https://wl.jd.com/unify.min.js"></script> 
  <script type="text/javascript" src="https://storage.360buyimg.com/babel/00170893/348321/production/dev/index.0f8f4dba.js?t=20180802150952"></script> 
 </body>
</html>

#店铺名称
vendername="Kendall康度京东自营专区"
#店铺激活码
actId="cd7a717f17914fda93377be959493730"
#店铺id
venderId="1000103167"
#长链接
url="https://lzkj-isv.isvjcloud.com/sign/sevenDay/signActivity?activityId=cd7a717f17914fda93377be959493730&venderId=1000103167&adsource=tg_xuanFuTuBiao"

startTime=1612341120
endTime=1614933120
# 活动时间：2021-02-03 16:32 - 2021-03-05 16:32；
# 奖励说明：
actRule="
7天签到
连续签到1天：20店铺积分
连续签到2天：50店铺积分
连续签到3天：50店铺积分
连续签到4天：50店铺积分
连续签到5天：50店铺积分
连续签到6天：2京豆
连续签到7天：5京豆
"
#赵 122294312-396444 sign_res
sign_num="0"
giftName="null"
giftRes="ok"
giftDate="20210227"
sign_res_info="7天签到 第 0 天
当天签到奖励 [null]"
#赵 122294312-396444 sign_res_end
#王 1309893722-164885 sign_res
sign_num="0"
giftName="null"
giftRes="ok"
giftDate="20210227"
sign_res_info="7天签到 第 0 天
当天签到奖励 [null]"
#王 1309893722-164885 sign_res_end
#肥鹅 jd_4d651d9e48204 sign_res
sign_num="0"
giftName="null"
giftRes="ok"
giftDate="20210227"
sign_res_info="7天签到 第 0 天
当天签到奖励 [null]"
#肥鹅 jd_4d651d9e48204 sign_res_end
#移动 jd_OeTNobRVGiNZ sign_res
sign_num="0"
giftName="null"
giftRes="ok"
giftDate="20210227"
sign_res_info="7天签到 第 0 天
当天签到奖励 [null]"
#移动 jd_OeTNobRVGiNZ sign_res_end
