02/23/21 01:14:49 637963200  1614014089
RANDOM_num: 10
removed '/tmp/tmp.auG8CkAjkW'
02/23/21 01:14:49 919244800  1614014089 检查122294312-396444签到
removed '/tmp/tmp.fkK6ScAGpF'
02/23/21 01:14:50 106118800  1614014090 检查1309893722-164885签到

02/23/21 01:14:50 238163000  1614014090 赵签到阳光飞歌旗舰店

real	0m0.308s
user	0m0.000s
sys	0m0.156s
{"code":200,"data":[],"class":"com.jd.interact.center.client.api.common.param.Results","success":true}

02/23/21 01:14:50 778065600  1614014090 王签到阳光飞歌旗舰店

real	0m0.221s
user	0m0.047s
sys	0m0.063s
{"code":200,"data":[],"class":"com.jd.interact.center.client.api.common.param.Results","success":true}
02/23/21 01:14:51 216495400 1614014091
02/23/21 01:14:51 254842800 1614014091 签到阳光飞歌旗舰店完成

02/23/21 01:15:21 369867900  1614014121
赵签到阳光飞歌旗舰店查看结果
200
首次签到成功. 写入giftName: 

***********************************************
2021/01/26_00:00:00  2    未签到
2021/01/27_00:00:00  2    未签到
2021/01/28_00:00:00  2    未签到
2021/01/29_00:00:00  2    未签到
2021/01/30_00:00:00  2    未签到
2021/01/31_00:00:00  2    未签到
2021/02/01_00:00:00  2    未签到
2021/02/02_00:00:00  2    未签到
2021/02/03_00:00:00  2    未签到
2021/02/04_00:00:00  2    未签到
2021/02/05_00:00:00  2    未签到
2021/02/06_00:00:00  2    未签到
2021/02/07_00:00:00  2    未签到
2021/02/08_00:00:00  2    未签到
2021/02/09_00:00:00  2    未签到
2021/02/10_00:00:00  2    未签到
2021/02/11_00:00:00  2    未签到
2021/02/12_00:00:00  2    未签到
2021/02/13_00:00:00  2    未签到
2021/02/14_00:00:00  2    未签到
2021/02/15_00:00:00  2    未签到
2021/02/16_00:00:00  2    未签到
2021/02/17_22:24:34  2    [已~签~到]
2021/02/18_01:08:37  2    [已~签~到]
2021/02/19_00:00:10  2    [已~签~到]
2021/02/20_00:00:01  2    [已~签~到]
2021/02/21_00:00:01  2    [已~签~到]
2021/02/22_20:00:05  2    [已~签~到]
2021/02/23_01:14:50  1    [已~签~到]
2021/02/24_00:00:00  3    未签到
当天签到奖励 []
已签到 7 天
***********************************************

王签到阳光飞歌旗舰店查看结果
200
首次签到成功. 写入giftName: 

***********************************************
2021/01/26_00:00:00  2    未签到
2021/01/27_00:00:00  2    未签到
2021/01/28_00:00:00  2    未签到
2021/01/29_00:00:00  2    未签到
2021/01/30_00:00:00  2    未签到
2021/01/31_00:00:00  2    未签到
2021/02/01_00:00:00  2    未签到
2021/02/02_00:00:00  2    未签到
2021/02/03_00:00:00  2    未签到
2021/02/04_00:00:00  2    未签到
2021/02/05_00:00:00  2    未签到
2021/02/06_00:00:00  2    未签到
2021/02/07_00:00:00  2    未签到
2021/02/08_00:00:00  2    未签到
2021/02/09_00:00:00  2    未签到
2021/02/10_00:00:00  2    未签到
2021/02/11_00:00:00  2    未签到
2021/02/12_00:00:00  2    未签到
2021/02/13_00:00:00  2    未签到
2021/02/14_00:00:00  2    未签到
2021/02/15_00:00:00  2    未签到
2021/02/16_00:00:00  2    未签到
2021/02/17_00:00:00  2    未签到
2021/02/18_01:08:37  2    [已~签~到]
2021/02/19_00:00:16  2    [已~签~到]
2021/02/20_10:06:07  2    [已~签~到]
2021/02/21_00:00:03  2    [已~签~到]
2021/02/22_20:00:05  2    [已~签~到]
2021/02/23_01:14:50  1    [已~签~到]
2021/02/24_00:00:00  3    未签到
当天签到奖励 []
已签到 6 天
***********************************************



赵签到阳光飞歌旗舰店日志
{"code":200,"data":{"signRecords":[{"currentDay":2,"signTime":1611590400000,"signed":1,"class":"com.jd.interact.center.client.api.color.domain.sign.InteractActivityUserActionRecord"},{"currentDay":2,"signTime":1611676800000,"signed":1,"class":"com.jd.interact.center.client.api.color.domain.sign.InteractActivityUserActionRecord"},{"currentDay":2,"signTime":1611763200000,"signed":1,"class":"com.jd.interact.center.client.api.color.domain.sign.InteractActivityUserActionRecord"},{"currentDay":2,"signTime":1611849600000,"signed":1,"class":"com.jd.interact.center.client.api.color.domain.sign.InteractActivityUserActionRecord"},{"currentDay":2,"signTime":1611936000000,"signed":1,"class":"com.jd.interact.center.client.api.color.domain.sign.InteractActivityUserActionRecord"},{"currentDay":2,"signTime":1612022400000,"signed":1,"class":"com.jd.interact.center.client.api.color.domain.sign.InteractActivityUserActionRecord"},{"currentDay":2,"signTime":1612108800000,"signed":1,"class":"com.jd.interact.center.client.api.color.domain.sign.InteractActivityUserActionRecord"},{"currentDay":2,"signTime":1612195200000,"signed":1,"class":"com.jd.interact.center.client.api.color.domain.sign.InteractActivityUserActionRecord"},{"currentDay":2,"signTime":1612281600000,"signed":1,"class":"com.jd.interact.center.client.api.color.domain.sign.InteractActivityUserActionRecord"},{"currentDay":2,"signTime":1612368000000,"signed":1,"class":"com.jd.interact.center.client.api.color.domain.sign.InteractActivityUserActionRecord"},{"currentDay":2,"signTime":1612454400000,"signed":1,"class":"com.jd.interact.center.client.api.color.domain.sign.InteractActivityUserActionRecord"},{"currentDay":2,"signTime":1612540800000,"signed":1,"class":"com.jd.interact.center.client.api.color.domain.sign.InteractActivityUserActionRecord"},{"currentDay":2,"signTime":1612627200000,"signed":1,"class":"com.jd.interact.center.client.api.color.domain.sign.InteractActivityUserActionRecord"},{"currentDay":2,"signTime":1612713600000,"signed":1,"class":"com.jd.interact.center.client.api.color.domain.sign.InteractActivityUserActionRecord"},{"currentDay":2,"signTime":1612800000000,"signed":1,"class":"com.jd.interact.center.client.api.color.domain.sign.InteractActivityUserActionRecord"},{"currentDay":2,"signTime":1612886400000,"signed":1,"class":"com.jd.interact.center.client.api.color.domain.sign.InteractActivityUserActionRecord"},{"currentDay":2,"signTime":1612972800000,"signed":1,"class":"com.jd.interact.center.client.api.color.domain.sign.InteractActivityUserActionRecord"},{"currentDay":2,"signTime":1613059200000,"signed":1,"class":"com.jd.interact.center.client.api.color.domain.sign.InteractActivityUserActionRecord"},{"currentDay":2,"signTime":1613145600000,"signed":1,"class":"com.jd.interact.center.client.api.color.domain.sign.InteractActivityUserActionRecord"},{"currentDay":2,"signTime":1613232000000,"signed":1,"class":"com.jd.interact.center.client.api.color.domain.sign.InteractActivityUserActionRecord"},{"currentDay":2,"signTime":1613318400000,"signed":1,"class":"com.jd.interact.center.client.api.color.domain.sign.InteractActivityUserActionRecord"},{"currentDay":2,"signTime":1613404800000,"signed":1,"class":"com.jd.interact.center.client.api.color.domain.sign.InteractActivityUserActionRecord"},{"currentDay":2,"signTime":1613571874233,"signed":2,"class":"com.jd.interact.center.client.api.color.domain.sign.InteractActivityUserActionRecord"},{"currentDay":2,"signTime":1613581717001,"signed":2,"class":"com.jd.interact.center.client.api.color.domain.sign.InteractActivityUserActionRecord"},{"currentDay":2,"signTime":1613664010767,"signed":2,"class":"com.jd.interact.center.client.api.color.domain.sign.InteractActivityUserActionRecord"},{"currentDay":2,"signTime":1613750401978,"signed":2,"class":"com.jd.interact.center.client.api.color.domain.sign.InteractActivityUserActionRecord"},{"currentDay":2,"signTime":1613836801178,"signed":2,"class":"com.jd.interact.center.client.api.color.domain.sign.InteractActivityUserActionRecord"},{"currentDay":2,"signTime":1613995205225,"signed":2,"class":"com.jd.interact.center.client.api.color.domain.sign.InteractActivityUserActionRecord"},{"currentDay":1,"signTime":1614014090518,"signed":2,"class":"com.jd.interact.center.client.api.color.domain.sign.InteractActivityUserActionRecord"},{"currentDay":3,"signTime":1614096000000,"signed":1,"class":"com.jd.interact.center.client.api.color.domain.sign.InteractActivityUserActionRecord"}],"days":7,"class":"com.jd.interact.center.client.api.color.domain.sign.ShopSignUserRecord"},"class":"com.jd.interact.center.client.api.common.param.Results","success":true}
{
  "contiSignNum": 7
}
王签到阳光飞歌旗舰店日志
{"code":200,"data":{"signRecords":[{"signTime":1611590400000,"currentDay":2,"signed":1,"class":"com.jd.interact.center.client.api.color.domain.sign.InteractActivityUserActionRecord"},{"signTime":1611676800000,"currentDay":2,"signed":1,"class":"com.jd.interact.center.client.api.color.domain.sign.InteractActivityUserActionRecord"},{"signTime":1611763200000,"currentDay":2,"signed":1,"class":"com.jd.interact.center.client.api.color.domain.sign.InteractActivityUserActionRecord"},{"signTime":1611849600000,"currentDay":2,"signed":1,"class":"com.jd.interact.center.client.api.color.domain.sign.InteractActivityUserActionRecord"},{"signTime":1611936000000,"currentDay":2,"signed":1,"class":"com.jd.interact.center.client.api.color.domain.sign.InteractActivityUserActionRecord"},{"signTime":1612022400000,"currentDay":2,"signed":1,"class":"com.jd.interact.center.client.api.color.domain.sign.InteractActivityUserActionRecord"},{"signTime":1612108800000,"currentDay":2,"signed":1,"class":"com.jd.interact.center.client.api.color.domain.sign.InteractActivityUserActionRecord"},{"signTime":1612195200000,"currentDay":2,"signed":1,"class":"com.jd.interact.center.client.api.color.domain.sign.InteractActivityUserActionRecord"},{"signTime":1612281600000,"currentDay":2,"signed":1,"class":"com.jd.interact.center.client.api.color.domain.sign.InteractActivityUserActionRecord"},{"signTime":1612368000000,"currentDay":2,"signed":1,"class":"com.jd.interact.center.client.api.color.domain.sign.InteractActivityUserActionRecord"},{"signTime":1612454400000,"currentDay":2,"signed":1,"class":"com.jd.interact.center.client.api.color.domain.sign.InteractActivityUserActionRecord"},{"signTime":1612540800000,"currentDay":2,"signed":1,"class":"com.jd.interact.center.client.api.color.domain.sign.InteractActivityUserActionRecord"},{"signTime":1612627200000,"currentDay":2,"signed":1,"class":"com.jd.interact.center.client.api.color.domain.sign.InteractActivityUserActionRecord"},{"signTime":1612713600000,"currentDay":2,"signed":1,"class":"com.jd.interact.center.client.api.color.domain.sign.InteractActivityUserActionRecord"},{"signTime":1612800000000,"currentDay":2,"signed":1,"class":"com.jd.interact.center.client.api.color.domain.sign.InteractActivityUserActionRecord"},{"signTime":1612886400000,"currentDay":2,"signed":1,"class":"com.jd.interact.center.client.api.color.domain.sign.InteractActivityUserActionRecord"},{"signTime":1612972800000,"currentDay":2,"signed":1,"class":"com.jd.interact.center.client.api.color.domain.sign.InteractActivityUserActionRecord"},{"signTime":1613059200000,"currentDay":2,"signed":1,"class":"com.jd.interact.center.client.api.color.domain.sign.InteractActivityUserActionRecord"},{"signTime":1613145600000,"currentDay":2,"signed":1,"class":"com.jd.interact.center.client.api.color.domain.sign.InteractActivityUserActionRecord"},{"signTime":1613232000000,"currentDay":2,"signed":1,"class":"com.jd.interact.center.client.api.color.domain.sign.InteractActivityUserActionRecord"},{"signTime":1613318400000,"currentDay":2,"signed":1,"class":"com.jd.interact.center.client.api.color.domain.sign.InteractActivityUserActionRecord"},{"signTime":1613404800000,"currentDay":2,"signed":1,"class":"com.jd.interact.center.client.api.color.domain.sign.InteractActivityUserActionRecord"},{"signTime":1613491200000,"currentDay":2,"signed":1,"class":"com.jd.interact.center.client.api.color.domain.sign.InteractActivityUserActionRecord"},{"signTime":1613581717286,"currentDay":2,"signed":2,"class":"com.jd.interact.center.client.api.color.domain.sign.InteractActivityUserActionRecord"},{"signTime":1613664016215,"currentDay":2,"signed":2,"class":"com.jd.interact.center.client.api.color.domain.sign.InteractActivityUserActionRecord"},{"signTime":1613786767524,"currentDay":2,"signed":2,"class":"com.jd.interact.center.client.api.color.domain.sign.InteractActivityUserActionRecord"},{"signTime":1613836803157,"currentDay":2,"signed":2,"class":"com.jd.interact.center.client.api.color.domain.sign.InteractActivityUserActionRecord"},{"signTime":1613995205466,"currentDay":2,"signed":2,"class":"com.jd.interact.center.client.api.color.domain.sign.InteractActivityUserActionRecord"},{"signTime":1614014090984,"currentDay":1,"signed":2,"class":"com.jd.interact.center.client.api.color.domain.sign.InteractActivityUserActionRecord"},{"signTime":1614096000000,"currentDay":3,"signed":1,"class":"com.jd.interact.center.client.api.color.domain.sign.InteractActivityUserActionRecord"}],"days":6,"class":"com.jd.interact.center.client.api.color.domain.sign.ShopSignUserRecord"},"class":"com.jd.interact.center.client.api.common.param.Results","success":true}
{
  "contiSignNum": 6
}
# 短链接
suo_url=""
venderId=10499265
startTime=1611590400000
endTime=1614182399000
activityId=10256619
token=2D55B608A393EE079A92746DBAD6BFBC
#店铺名称
vendername="阳光飞歌旗舰店"
# 长链接
url=https://h5.m.jd.com/babelDiy/Zeus/2PAAf74aG3D61qvfKUM5dxUssJQ9/index.html?token=2D55B608A393EE079A92746DBAD6BFBC
# 活动时间：2021.01.26 00:00:00 - 2021.02.24 23:59:59
# 奖励说明：
actRule="
连续签到1天：1京豆
连续签到2天：2京豆
连续签到3天：5京豆
连续签到4天：8京豆
"
#肥鹅 jd_4d651d9e48204 sign_res
sign_res="
signTime=1611590400;signed=1;currentDay=2
signTime=1611676800;signed=1;currentDay=2
signTime=1611763200;signed=1;currentDay=2
signTime=1611849600;signed=1;currentDay=2
signTime=1611936000;signed=1;currentDay=2
signTime=1612022400;signed=1;currentDay=2
signTime=1612108800;signed=1;currentDay=2
signTime=1612195200;signed=1;currentDay=2
signTime=1612281600;signed=1;currentDay=2
signTime=1612368000;signed=1;currentDay=2
signTime=1612454400;signed=1;currentDay=2
signTime=1612540800;signed=1;currentDay=2
signTime=1612627200;signed=1;currentDay=2
signTime=1612713600;signed=1;currentDay=2
signTime=1612800000;signed=1;currentDay=2
signTime=1612886400;signed=1;currentDay=2
signTime=1612972800;signed=1;currentDay=2
signTime=1613059200;signed=1;currentDay=2
signTime=1613145600;signed=1;currentDay=2
signTime=1613232000;signed=1;currentDay=2
signTime=1613318400;signed=1;currentDay=2
signTime=1613404800;signed=1;currentDay=2
signTime=1613571885;signed=2;currentDay=2
signTime=1613581755;signed=2;currentDay=2
signTime=1613664009;signed=2;currentDay=2
signTime=1613750401;signed=2;currentDay=2
signTime=1613836801;signed=2;currentDay=2
signTime=1613923201;signed=2;currentDay=2
signTime=1614009601;signed=2;currentDay=1
signTime=1614096000;signed=1;currentDay=3"
sign_num="7"
giftName=""
giftRes="ok"
giftDate="20210223"
sign_res_info="
2021/01/26_00:00:00  2    未签到
2021/01/27_00:00:00  2    未签到
2021/01/28_00:00:00  2    未签到
2021/01/29_00:00:00  2    未签到
2021/01/30_00:00:00  2    未签到
2021/01/31_00:00:00  2    未签到
2021/02/01_00:00:00  2    未签到
2021/02/02_00:00:00  2    未签到
2021/02/03_00:00:00  2    未签到
2021/02/04_00:00:00  2    未签到
2021/02/05_00:00:00  2    未签到
2021/02/06_00:00:00  2    未签到
2021/02/07_00:00:00  2    未签到
2021/02/08_00:00:00  2    未签到
2021/02/09_00:00:00  2    未签到
2021/02/10_00:00:00  2    未签到
2021/02/11_00:00:00  2    未签到
2021/02/12_00:00:00  2    未签到
2021/02/13_00:00:00  2    未签到
2021/02/14_00:00:00  2    未签到
2021/02/15_00:00:00  2    未签到
2021/02/16_00:00:00  2    未签到
2021/02/17_22:24:45  2    [已~签~到]
2021/02/18_01:09:15  2    [已~签~到]
2021/02/19_00:00:09  2    [已~签~到]
2021/02/20_00:00:01  2    [已~签~到]
2021/02/21_00:00:01  2    [已~签~到]
2021/02/22_00:00:01  2    [已~签~到]
2021/02/23_00:00:01  1    [已~签~到]
2021/02/24_00:00:00  3    未签到
当天签到奖励 []
已签到 7 天"
#肥鹅 jd_4d651d9e48204 sign_res_end
#移动 jd_OeTNobRVGiNZ sign_res
sign_res="
signTime=1611590400;signed=1;currentDay=2
signTime=1611676800;signed=1;currentDay=2
signTime=1611763200;signed=1;currentDay=2
signTime=1611849600;signed=1;currentDay=2
signTime=1611936000;signed=1;currentDay=2
signTime=1612022400;signed=1;currentDay=2
signTime=1612108800;signed=1;currentDay=2
signTime=1612195200;signed=1;currentDay=2
signTime=1612281600;signed=1;currentDay=2
signTime=1612368000;signed=1;currentDay=2
signTime=1612454400;signed=1;currentDay=2
signTime=1612540800;signed=1;currentDay=2
signTime=1612627200;signed=1;currentDay=2
signTime=1612713600;signed=1;currentDay=2
signTime=1612800000;signed=1;currentDay=2
signTime=1612886400;signed=1;currentDay=2
signTime=1612972800;signed=1;currentDay=2
signTime=1613059200;signed=1;currentDay=2
signTime=1613145600;signed=1;currentDay=2
signTime=1613232000;signed=1;currentDay=2
signTime=1613318400;signed=1;currentDay=2
signTime=1613404800;signed=1;currentDay=2
signTime=1613491200;signed=1;currentDay=2
signTime=1613577600;signed=1;currentDay=2
signTime=1613664000;signed=1;currentDay=2
signTime=1613826211;signed=2;currentDay=2
signTime=1613836803;signed=2;currentDay=2
signTime=1613923204;signed=2;currentDay=2
signTime=1614009603;signed=2;currentDay=1
signTime=1614096000;signed=1;currentDay=3"
sign_num="4"
giftName="奖励 8, type=4; "
giftRes="ok"
giftDate="20210223"
sign_res_info="
2021/01/26_00:00:00  2    未签到
2021/01/27_00:00:00  2    未签到
2021/01/28_00:00:00  2    未签到
2021/01/29_00:00:00  2    未签到
2021/01/30_00:00:00  2    未签到
2021/01/31_00:00:00  2    未签到
2021/02/01_00:00:00  2    未签到
2021/02/02_00:00:00  2    未签到
2021/02/03_00:00:00  2    未签到
2021/02/04_00:00:00  2    未签到
2021/02/05_00:00:00  2    未签到
2021/02/06_00:00:00  2    未签到
2021/02/07_00:00:00  2    未签到
2021/02/08_00:00:00  2    未签到
2021/02/09_00:00:00  2    未签到
2021/02/10_00:00:00  2    未签到
2021/02/11_00:00:00  2    未签到
2021/02/12_00:00:00  2    未签到
2021/02/13_00:00:00  2    未签到
2021/02/14_00:00:00  2    未签到
2021/02/15_00:00:00  2    未签到
2021/02/16_00:00:00  2    未签到
2021/02/17_00:00:00  2    未签到
2021/02/18_00:00:00  2    未签到
2021/02/19_00:00:00  2    未签到
2021/02/20_21:03:31  2    [已~签~到]
2021/02/21_00:00:03  2    [已~签~到]
2021/02/22_00:00:04  2    [已~签~到]
2021/02/23_00:00:03  1    [已~签~到]
2021/02/24_00:00:00  3    未签到
当天签到奖励 [奖励 8, type=4; ]
已签到 4 天"
#移动 jd_OeTNobRVGiNZ sign_res_end
#赵 122294312-396444 sign_res
sign_res="
signTime=1611590400;signed=1;currentDay=2
signTime=1611676800;signed=1;currentDay=2
signTime=1611763200;signed=1;currentDay=2
signTime=1611849600;signed=1;currentDay=2
signTime=1611936000;signed=1;currentDay=2
signTime=1612022400;signed=1;currentDay=2
signTime=1612108800;signed=1;currentDay=2
signTime=1612195200;signed=1;currentDay=2
signTime=1612281600;signed=1;currentDay=2
signTime=1612368000;signed=1;currentDay=2
signTime=1612454400;signed=1;currentDay=2
signTime=1612540800;signed=1;currentDay=2
signTime=1612627200;signed=1;currentDay=2
signTime=1612713600;signed=1;currentDay=2
signTime=1612800000;signed=1;currentDay=2
signTime=1612886400;signed=1;currentDay=2
signTime=1612972800;signed=1;currentDay=2
signTime=1613059200;signed=1;currentDay=2
signTime=1613145600;signed=1;currentDay=2
signTime=1613232000;signed=1;currentDay=2
signTime=1613318400;signed=1;currentDay=2
signTime=1613404800;signed=1;currentDay=2
signTime=1613571874;signed=2;currentDay=2
signTime=1613581717;signed=2;currentDay=2
signTime=1613664010;signed=2;currentDay=2
signTime=1613750401;signed=2;currentDay=2
signTime=1613836801;signed=2;currentDay=2
signTime=1613995205;signed=2;currentDay=2
signTime=1614014090;signed=2;currentDay=1
signTime=1614096000;signed=1;currentDay=3"
sign_num="7"
giftName=""
giftRes="ok"
giftDate="20210223"
sign_res_info="
2021/01/26_00:00:00  2    未签到
2021/01/27_00:00:00  2    未签到
2021/01/28_00:00:00  2    未签到
2021/01/29_00:00:00  2    未签到
2021/01/30_00:00:00  2    未签到
2021/01/31_00:00:00  2    未签到
2021/02/01_00:00:00  2    未签到
2021/02/02_00:00:00  2    未签到
2021/02/03_00:00:00  2    未签到
2021/02/04_00:00:00  2    未签到
2021/02/05_00:00:00  2    未签到
2021/02/06_00:00:00  2    未签到
2021/02/07_00:00:00  2    未签到
2021/02/08_00:00:00  2    未签到
2021/02/09_00:00:00  2    未签到
2021/02/10_00:00:00  2    未签到
2021/02/11_00:00:00  2    未签到
2021/02/12_00:00:00  2    未签到
2021/02/13_00:00:00  2    未签到
2021/02/14_00:00:00  2    未签到
2021/02/15_00:00:00  2    未签到
2021/02/16_00:00:00  2    未签到
2021/02/17_22:24:34  2    [已~签~到]
2021/02/18_01:08:37  2    [已~签~到]
2021/02/19_00:00:10  2    [已~签~到]
2021/02/20_00:00:01  2    [已~签~到]
2021/02/21_00:00:01  2    [已~签~到]
2021/02/22_20:00:05  2    [已~签~到]
2021/02/23_01:14:50  1    [已~签~到]
2021/02/24_00:00:00  3    未签到
当天签到奖励 []
已签到 7 天"
#赵 122294312-396444 sign_res_end
#王 1309893722-164885 sign_res
sign_res="
signTime=1611590400;signed=1;currentDay=2
signTime=1611676800;signed=1;currentDay=2
signTime=1611763200;signed=1;currentDay=2
signTime=1611849600;signed=1;currentDay=2
signTime=1611936000;signed=1;currentDay=2
signTime=1612022400;signed=1;currentDay=2
signTime=1612108800;signed=1;currentDay=2
signTime=1612195200;signed=1;currentDay=2
signTime=1612281600;signed=1;currentDay=2
signTime=1612368000;signed=1;currentDay=2
signTime=1612454400;signed=1;currentDay=2
signTime=1612540800;signed=1;currentDay=2
signTime=1612627200;signed=1;currentDay=2
signTime=1612713600;signed=1;currentDay=2
signTime=1612800000;signed=1;currentDay=2
signTime=1612886400;signed=1;currentDay=2
signTime=1612972800;signed=1;currentDay=2
signTime=1613059200;signed=1;currentDay=2
signTime=1613145600;signed=1;currentDay=2
signTime=1613232000;signed=1;currentDay=2
signTime=1613318400;signed=1;currentDay=2
signTime=1613404800;signed=1;currentDay=2
signTime=1613491200;signed=1;currentDay=2
signTime=1613581717;signed=2;currentDay=2
signTime=1613664016;signed=2;currentDay=2
signTime=1613786767;signed=2;currentDay=2
signTime=1613836803;signed=2;currentDay=2
signTime=1613995205;signed=2;currentDay=2
signTime=1614014090;signed=2;currentDay=1
signTime=1614096000;signed=1;currentDay=3"
sign_num="6"
giftName=""
giftRes="ok"
giftDate="20210223"
sign_res_info="
2021/01/26_00:00:00  2    未签到
2021/01/27_00:00:00  2    未签到
2021/01/28_00:00:00  2    未签到
2021/01/29_00:00:00  2    未签到
2021/01/30_00:00:00  2    未签到
2021/01/31_00:00:00  2    未签到
2021/02/01_00:00:00  2    未签到
2021/02/02_00:00:00  2    未签到
2021/02/03_00:00:00  2    未签到
2021/02/04_00:00:00  2    未签到
2021/02/05_00:00:00  2    未签到
2021/02/06_00:00:00  2    未签到
2021/02/07_00:00:00  2    未签到
2021/02/08_00:00:00  2    未签到
2021/02/09_00:00:00  2    未签到
2021/02/10_00:00:00  2    未签到
2021/02/11_00:00:00  2    未签到
2021/02/12_00:00:00  2    未签到
2021/02/13_00:00:00  2    未签到
2021/02/14_00:00:00  2    未签到
2021/02/15_00:00:00  2    未签到
2021/02/16_00:00:00  2    未签到
2021/02/17_00:00:00  2    未签到
2021/02/18_01:08:37  2    [已~签~到]
2021/02/19_00:00:16  2    [已~签~到]
2021/02/20_10:06:07  2    [已~签~到]
2021/02/21_00:00:03  2    [已~签~到]
2021/02/22_20:00:05  2    [已~签~到]
2021/02/23_01:14:50  1    [已~签~到]
2021/02/24_00:00:00  3    未签到
当天签到奖励 []
已签到 6 天"
#王 1309893722-164885 sign_res_end
