03/01/21 02:01:51 382664600  1614535311
RANDOM_num: 35
removed '/tmp/tmp.UZ0YV9GHbr'
03/01/21 02:01:51 470521200  1614535311 检查赵签到

real	0m0.184s
user	0m0.000s
sys	0m0.063s
lzkj-isv.isvjcloud.com	FALSE	/	FALSE	1614535911	LZ_TOKEN_VALUE	B0oH3vDY2bhHWuKbVaJ+XQ==
lzkj-isv.isvjcloud.com	FALSE	/	FALSE	1614535911	LZ_TOKEN_KEY	lztokenpage1895bdcc0ac34a768d2da8f29a1d7e9c
03/01/21 02:01:51 748528100  1614535311
use pt_key

real	0m0.111s
user	0m0.063s
sys	0m0.094s
03/01/21 02:01:51 873202000  1614535311 token: AAFgO9qPADDtgLmPRHDr94vBZqyj6CQCf9UsnxTU6XdgvN-ladArZu2tutnY5wTNa54dEkeJX8c

real	0m0.274s
user	0m0.063s
sys	0m0.063s
03/01/21 02:01:52 177281500  1614535312 secretPin: 51S2JqsypB/nfj45frYeoU7oeVP9kq2pYSH90mYt4m3fwcJlClpxrfmVYaGKuquQkdK3rLBQpEQH9V4tdrrh0w==

03/01/21 02:01:52 195269900  1614535312 赵签到WOWO官方旗舰店

real	0m0.186s
user	0m0.031s
sys	0m0.047s
{
  "msg": "当天只能签到一次",
  "isOk": false
}
"当天只能签到一次"
03/01/21 02:01:52 633206000 1614535312
03/01/21 02:01:52 645570300 1614535312 签到WOWO官方旗舰店完成
03/01/21 02:02:27 713688700  1614535347
false
重复签到. 载入之前签到的giftName: "10积分"

***********************************************
2021/03/01_08:00:00  [已~签~到]      
当天签到奖励 ["10积分"]
连续签到 12 天
签到总天数 12
***********************************************

赵签到WOWO官方旗舰店查看结果
{"msg":"","giftLog":{"20210301":"y"},"isOk":true,"signDetail":{"20210301":"y"},"followDays":9,"signRecord":{"nicknameShow":null,"id":"aed7a2f355f142438070562f40e36b11","venderId":10398914,"actId":"590fbd3f258f40cf974966a386efb147","actName":"签到活动","nick":"51S2JqsypB/nfj45frYeoU7oeVP9kq2pYSH90mYt4m3fwcJlClpxrfmVYaGKuquQkdK3rLBQpEQH9V4tdrrh0w==","phone":"","midUrl":null,"pin":"51S2JqsypB/nfj45frYeoU7oeVP9kq2pYSH90mYt4m3fwcJlClpxrfmVYaGKuquQkdK3rLBQpEQH9V4tdrrh0w==","lastSignDate":20210301,"contiSignNum":12,"totalSignNum":12,"createTime":1613582196000,"updateTime":1614532474000,"remark":null}}

{
  "signDetail": {
    "20210301": "y"
  },
  "contiSignNum": 12,
  "totalSignNum": 12
}

WOWO官方旗舰店活动规则
{"msg":"","act":{"id":"590fbd3f258f40cf974966a386efb147","jdActivityId":null,"venderId":10398914,"actName":"签到活动","startTime":1607499240000,"endTime":1642404899000,"tplId":"0110","deleted":null,"actUrl":"https://lzkj-isv.isvjcloud.com/sign/signActivity2?activityId=590fbd3f258f40cf974966a386efb147&venderId=10398914","shortUrl":"3.cn/10-0D9C5X","qrcodeUrl":"https://img10.360buyimg.com/imgzone/jfs/t1/152365/31/9149/3624/5fd080d2Ef219d80f/41f9c30baa76ff6c.png","actRule":"1、活动时间：2020-12-09 15:34 - 2022-01-17 15:34；
2、符合连续签到赠送条件，则有机会赠送连续签到奖品，同时每日签到奖品不赠送；
3、每日签到，有机会赠送[10积分]；
4、连续签到3天，有机会赠送[50积分]；
5、连续签到7天，有机会赠送[200积分]；
6、连续签到21天，有机会赠送[1000积分]；
7、达到连续签到天数并领取奖品后，签到记录清零，从第1天重新计算；
8、关注店铺后方可参与活动；
9、签到成功后有机会获得奖品，也有可能会与奖品擦肩而过（奖品数量有限，先到先得）；
10、若用户存在刷奖等恶意行为，一经发现将取消抽奖资格（如奖品已经发放，有权追回奖品）；
注：奖品发放形式：
实物奖：
（1）中奖客户信息收集：页面弹屏提示中奖客户提供收货地址、号码和奖项；(超过1小时未填写对应收货信息，视为放弃);
（2）实物奖采取寄送方式发放，获奖用户需在开奖后填写姓名、联系电话、详细地址信息。如因用户原因无法联系上，即奖品作废不再补发，或如用户未填写真实有效的信息或填写收货信息不详，均视为放弃奖品；
虚拟产品奖：
（1）京豆：中奖后系统预计24小时内自动发放至账户；
（2）优惠券：中奖后需手动领取，预计24小时到账；
【活动参与主体资格】
（1）每位自然人用户仅能使用一个京东账号参与活动，微信号、QQ、京东帐号、手机号码等任一信息一致或指向同一用户的，视为同一个用户，则第一个参与本活动的账号参与结果有效，其余账号参与结果均视为无效。
（2）若发现同一位用户使用不同账号重复参与活动，承办方有权取消其获奖资格。
【注意事项】
（1）活动过程中，凡以不正当手段（如作弊领取、恶意套取、刷信誉、虚假交易、扰乱系统、实施网络攻击等）参与本次活动的用户，商家有权终止其参与活动，并取消其获奖资格（如奖品已发放，商家有权追回），如给商家造成损失的，商家将保留向违规用户继续追索的权利。
（2）如遇不可抗力(包括但不限于重大灾害事件、活动受政府机关指令需要停止举办或调整的、活动中存在大面积作弊行为、活动遭受严重网络攻击或因系统故障导致活动中奖名单大批量出错，活动不能正常进行的)，商家有权取消、修改或暂停本活动。
（3）本活动所发放的实物奖不得提现、不得转赠他人、不得为他人付款。
（4）是否中奖以活动发布者后台统计结果为准。
","createTime":1607499986000,"updateTime":1607499986000,"activityType":null,"actTimeStr":"2020-12-09 15:34 至 2022-01-17 15:34","actRange":"all","isFocusShop":"y","giftJson":"{\"gift\":{\"giftInfoId\":\"c154b30efe0241569f092aa8699fe26c\",\"giftName\":\"10积分\",\"giftNum\":\"10\",\"giftTotal\":\"100000\",\"giftType\":\"9\",\"id\":\"10\",\"priceInfo\":\"0\",\"shortLink\":\"\",\"type\":0},\"giftConditions\":[{\"dayNum\":\"3\",\"gift\":{\"giftInfoId\":\"dd48922b4143472dba54a14bd342124b\",\"giftName\":\"50积分\",\"giftNum\":\"50\",\"giftTotal\":\"100000\",\"giftType\":\"9\",\"id\":\"50\",\"priceInfo\":\"0\",\"shortLink\":\"\",\"type\":0}},{\"dayNum\":\"7\",\"gift\":{\"giftInfoId\":\"dd57d7fa2f31472caa68139083b43733\",\"giftName\":\"200积分\",\"giftNum\":\"200\",\"giftTotal\":\"100000\",\"giftType\":\"9\",\"id\":\"200\",\"priceInfo\":\"0\",\"shortLink\":\"\",\"type\":0}},{\"dayNum\":\"21\",\"gift\":{\"giftInfoId\":\"d25126f80d4c489698b9deb27891ca32\",\"giftName\":\"1000积分\",\"giftNum\":\"1000\",\"giftTotal\":\"100000\",\"giftType\":\"9\",\"id\":\"1000\",\"priceInfo\":\"0\",\"shortLink\":\"\",\"type\":0}}],\"hasGiftEveryDay\":\"y\",\"signType\":\"1\"}","wxSignActivityGiftBean":{"hasGiftEveryDay":"y","gift":{"activityId":null,"activityType":null,"venderId":null,"type":0,"name":null,"itemHb":null,"id":"10","giftType":"9","giftName":"10积分","giftNum":"10","giftTotal":"100000","giftResidue":null,"priceInfo":"0","shortLink":"","orginLink":null,"giftInfoId":"c154b30efe0241569f092aa8699fe26c","commonAddAwardVO":null},"signType":"1","giftConditions":[{"dayNum":"3","gift":{"activityId":null,"activityType":null,"venderId":null,"type":0,"name":null,"itemHb":null,"id":"50","giftType":"9","giftName":"50积分","giftNum":"50","giftTotal":"100000","giftResidue":null,"priceInfo":"0","shortLink":"","orginLink":null,"giftInfoId":"dd48922b4143472dba54a14bd342124b","commonAddAwardVO":null}},{"dayNum":"7","gift":{"activityId":null,"activityType":null,"venderId":null,"type":0,"name":null,"itemHb":null,"id":"200","giftType":"9","giftName":"200积分","giftNum":"200","giftTotal":"100000","giftResidue":null,"priceInfo":"0","shortLink":"","orginLink":null,"giftInfoId":"dd57d7fa2f31472caa68139083b43733","commonAddAwardVO":null}},{"dayNum":"21","gift":{"activityId":null,"activityType":null,"venderId":null,"type":0,"name":null,"itemHb":null,"id":"1000","giftType":"9","giftName":"1000积分","giftNum":"1000","giftTotal":"100000","giftResidue":null,"priceInfo":"0","shortLink":"","orginLink":null,"giftInfoId":"d25126f80d4c489698b9deb27891ca32","commonAddAwardVO":null}}]},"isShowItems":"y","showItemIds":"70318562730,70215727993","jmWareVOList":null,"status":"ING"},"isOk":true}

{
  "actUrl": "https://lzkj-isv.isvjcloud.com/sign/signActivity2?activityId=590fbd3f258f40cf974966a386efb147&venderId=10398914",
  "shortUrl": "3.cn/10-0D9C5X",
  "actRule": "1、活动时间：2020-12-09 15:34 - 2022-01-17 15:34；\n2、符合连续签到赠送条件，则有机会赠送连续签到奖品，同时每日签到奖品不赠送；\n3、每日签到，有机会赠送[10积分]；\n4、连续签到3天，有机会赠送[50积分]；\n5、连续签到7天，有机会赠送[200积分]；\n6、连续签到21天，有机会赠送[1000积分]；\n7、达到连续签到天数并领取奖品后，签到记录清零，从第1天重新计算；\n8、关注店铺后方可参与活动；\n9、签到成功后有机会获得奖品，也有可能会与奖品擦肩而过（奖品数量有限，先到先得）；\n10、若用户存在刷奖等恶意行为，一经发现将取消抽奖资格（如奖品已经发放，有权追回奖品）；\n注：奖品发放形式：\n实物奖：\n（1）中奖客户信息收集：页面弹屏提示中奖客户提供收货地址、号码和奖项；(超过1小时未填写对应收货信息，视为放弃);\n（2）实物奖采取寄送方式发放，获奖用户需在开奖后填写姓名、联系电话、详细地址信息。如因用户原因无法联系上，即奖品作废不再补发，或如用户未填写真实有效的信息或填写收货信息不详，均视为放弃奖品；\n虚拟产品奖：\n（1）京豆：中奖后系统预计24小时内自动发放至账户；\n（2）优惠券：中奖后需手动领取，预计24小时到账；\n【活动参与主体资格】\n（1）每位自然人用户仅能使用一个京东账号参与活动，微信号、QQ、京东帐号、手机号码等任一信息一致或指向同一用户的，视为同一个用户，则第一个参与本活动的账号参与结果有效，其余账号参与结果均视为无效。\n（2）若发现同一位用户使用不同账号重复参与活动，承办方有权取消其获奖资格。\n【注意事项】\n（1）活动过程中，凡以不正当手段（如作弊领取、恶意套取、刷信誉、虚假交易、扰乱系统、实施网络攻击等）参与本次活动的用户，商家有权终止其参与活动，并取消其获奖资格（如奖品已发放，商家有权追回），如给商家造成损失的，商家将保留向违规用户继续追索的权利。\n（2）如遇不可抗力(包括但不限于重大灾害事件、活动受政府机关指令需要停止举办或调整的、活动中存在大面积作弊行为、活动遭受严重网络攻击或因系统故障导致活动中奖名单大批量出错，活动不能正常进行的)，商家有权取消、修改或暂停本活动。\n（3）本活动所发放的实物奖不得提现、不得转赠他人、不得为他人付款。\n（4）是否中奖以活动发布者后台统计结果为准。\n"
}
actId=590fbd3f258f40cf974966a386efb147
venderId=10398914
startTime=1607499240000
endTime=1642404899000
# 短链接
suo_url="https://3.cn/10-0D9C5X"
actTimeStr="2020-12-09 15:34 至 2022-01-17 15:34"
#店铺名称
vendername="WOWO官方旗舰店"
# 长链接
url=https://lzkj-isv.isvjcloud.com/sign/signActivity2?activityId=590fbd3f258f40cf974966a386efb147&venderId=10398914
# 活动时间：2020.12.09 15:34:00 - 2022.01.17 15:34:59
# 奖励说明：
actRule="
连续签到3天：50积分 50积分
连续签到7天：200积分 200积分
连续签到21天：1000积分 1000积分
"
#移动 jd_OeTNobRVGiNZ sign_res
sign_res="
signTime=1614556800;signed=2"
sign_num="13"
sign_total_num="13"
giftName=""10积分""
giftRes="ok"
giftDate="20210301"
sign_res_info="
2021/03/01_08:00:00  [已~签~到]      
当天签到奖励 ["10积分"]
连续签到 13 天
签到总天数 13"
#移动 jd_OeTNobRVGiNZ sign_res_end
#王 1309893722-164885 sign_res
sign_res="
signTime=1614556800;signed=2"
sign_num="12"
sign_total_num="12"
giftName=""10积分""
giftRes="ok"
giftDate="20210301"
sign_res_info="
2021/03/01_08:00:00  [已~签~到]      
当天签到奖励 ["10积分"]
连续签到 12 天
签到总天数 12"
#王 1309893722-164885 sign_res_end
#肥鹅 jd_4d651d9e48204 sign_res
sign_res="
signTime=1614556800;signed=2"
sign_num="12"
sign_total_num="12"
giftName=""10积分""
giftRes="ok"
giftDate="20210301"
sign_res_info="
2021/03/01_08:00:00  [已~签~到]      
当天签到奖励 ["10积分"]
连续签到 12 天
签到总天数 12"
#肥鹅 jd_4d651d9e48204 sign_res_end
#赵 122294312-396444 sign_res
sign_res="
signTime=1614556800;signed=2"
sign_num="12"
sign_total_num="12"
giftName=""10积分""
giftRes="ok"
giftDate="20210301"
sign_res_info="
2021/03/01_08:00:00  [已~签~到]      
当天签到奖励 ["10积分"]
连续签到 12 天
签到总天数 12"
#赵 122294312-396444 sign_res_end
