02/28/21 02:03:07 411074400  1614448987
RANDOM_num: 25
removed '/tmp/tmp.lwTVp7vORa'
02/28/21 02:03:09 105548400  1614448989 æ£€æŸ¥ç§»åŠ¨ç­¾åˆ°

real	0m1.617s
user	0m0.031s
sys	0m0.063s
[WARN] get LZ_TOKEN error
02/28/21 02:03:13 057193400  1614448993
use wskey

real	0m1.153s
user	0m0.094s
sys	0m0.078s
02/28/21 02:03:14 704709300  1614448994 token: AAFgOoliADBcYFQRNzDf89U5nnqDAIfwqPJu2tEjDgqXyFAa8rrSozw08se2-mVdGO1xv3XJKpM
parse error: Invalid numeric literal at line 1, column 10

real	0m1.111s
user	0m0.125s
sys	0m0.109s
02/28/21 02:03:16 266321100  1614448996 secretPin: 
[WARN] get secretPin error

02/28/21 02:03:16 723062500  1614448996 ç§»åŠ¨ç­¾åˆ°æ¨å›½ç¦æ——èˆ°åº—

real	0m1.374s
user	0m0.047s
sys	0m0.078s
parse error: Invalid numeric literal at line 1, column 10
parse error: Invalid numeric literal at line 1, column 10
parse error: Invalid numeric literal at line 1, column 10
parse error: Invalid numeric literal at line 1, column 10
02/28/21 02:03:23 224940200 1614449003

real	0m1.681s
user	0m0.000s
sys	0m0.063s

real	0m1.566s
user	0m0.016s
sys	0m0.078s
[WARN] get LZ_TOKEN error
02/28/21 02:03:27 650114800  1614449007
use wskey

real	0m1.323s
user	0m0.094s
sys	0m0.094s
02/28/21 02:03:29 500282300  1614449009 token: AAFgOolwADCNloRIQ_H6D93oFLrRNiLx0C9ORoHTwFiwebqJRyeE7GKFs0jpX1ScWoW3_TN2z7k
parse error: Invalid numeric literal at line 1, column 10

real	0m2.126s
user	0m0.125s
sys	0m0.078s
02/28/21 02:03:32 099905700  1614449012 secretPin: 
[WARN] get secretPin error

02/28/21 02:03:32 436715400  1614449012 ç§»åŠ¨ç­¾åˆ°æ¨å›½ç¦æ——èˆ°åº—

real	0m3.535s
user	0m0.031s
sys	0m0.125s
parse error: Invalid numeric literal at line 1, column 10
parse error: Invalid numeric literal at line 1, column 10
parse error: Invalid numeric literal at line 1, column 10
parse error: Invalid numeric literal at line 1, column 10
02/28/21 02:03:42 364972700 1614449022

real	0m1.781s
user	0m0.000s
sys	0m0.031s

real	0m1.614s
user	0m0.031s
sys	0m0.063s
[WARN] get LZ_TOKEN error
02/28/21 02:03:47 248085900  1614449027
use wskey

real	0m1.514s
user	0m0.141s
sys	0m0.063s
02/28/21 02:03:49 277044000  1614449029 token: AAFgOomEADBCkvhVjEAr2FokJMoJEBmzTgHFvQZDflfkdXo7QmpA37ig7-pzQxb8lw69tvzppjM
parse error: Invalid numeric literal at line 1, column 10

real	0m1.989s
user	0m0.078s
sys	0m0.125s
02/28/21 02:03:51 807172700  1614449031 secretPin: 
[WARN] get secretPin error

02/28/21 02:03:52 222651900  1614449032 ç§»åŠ¨ç­¾åˆ°æ¨å›½ç¦æ——èˆ°åº—

real	0m2.513s
user	0m0.047s
sys	0m0.063s
parse error: Invalid numeric literal at line 1, column 10
parse error: Invalid numeric literal at line 1, column 10
parse error: Invalid numeric literal at line 1, column 10
parse error: Invalid numeric literal at line 1, column 10
02/28/21 02:04:01 290853700 1614449041

real	0m3.297s
user	0m0.000s
sys	0m0.078s

real	0m2.251s
user	0m0.031s
sys	0m0.047s
[WARN] get LZ_TOKEN error
02/28/21 02:04:08 146032100  1614449048
use wskey

real	0m2.298s
user	0m0.094s
sys	0m0.109s
02/28/21 02:04:10 928736300  1614449050 token: AAFgOomaADCXDPDaLs16boOR5hS2ApLJo7ZEJP9WyDnuzDXWAimSLiyrcr1HSPT_z8EmRgAgRdU
parse error: Invalid numeric literal at line 1, column 10

real	0m2.272s
user	0m0.063s
sys	0m0.141s
02/28/21 02:04:13 849990300  1614449053 secretPin: 
[WARN] get secretPin error

02/28/21 02:04:14 660796900  1614449054 ç§»åŠ¨ç­¾åˆ°æ¨å›½ç¦æ——èˆ°åº—

real	0m1.895s
user	0m0.063s
sys	0m0.078s
parse error: Invalid numeric literal at line 1, column 10
parse error: Invalid numeric literal at line 1, column 10
parse error: Invalid numeric literal at line 1, column 10
parse error: Invalid numeric literal at line 1, column 10
02/28/21 02:04:21 930623700 1614449061

real	0m2.750s
user	0m0.000s
sys	0m0.031s

real	0m2.702s
user	0m0.000s
sys	0m0.109s
[WARN] get LZ_TOKEN error
02/28/21 02:04:31 010099500  1614449071
use wskey

real	0m2.065s
user	0m0.109s
sys	0m0.094s
02/28/21 02:04:34 520353800  1614449074 token: AAFgOomxADA6tlEtmPp0iKPpYS4Y4dnOAYhCsFyFY_0Rxi649D9iRf0ytqRJsw6EgmzEu09hcsw
parse error: Invalid numeric literal at line 1, column 10

real	0m2.357s
user	0m0.094s
sys	0m0.094s
02/28/21 02:04:37 754256600  1614449077 secretPin: 
[WARN] get secretPin error

02/28/21 02:04:38 336118700  1614449078 ç§»åŠ¨ç­¾åˆ°æ¨å›½ç¦æ——èˆ°åº—

real	0m2.107s
user	0m0.016s
sys	0m0.094s
parse error: Invalid numeric literal at line 1, column 10
parse error: Invalid numeric literal at line 1, column 10
parse error: Invalid numeric literal at line 1, column 10
parse error: Invalid numeric literal at line 1, column 10
02/28/21 02:04:49 319761200 1614449089

real	0m2.915s
user	0m0.000s
sys	0m0.016s

real	0m1.931s
user	0m0.031s
sys	0m0.078s
[WARN] get LZ_TOKEN error
02/28/21 02:04:55 374483600  1614449095
use wskey

real	0m3.461s
user	0m0.078s
sys	0m0.094s
02/28/21 02:04:59 562546700  1614449099 token: AAFgOonKADBVWjYy5jzRQ2F00720tWam7r9wKG7K4iMHJ5kS8F5nr5DGWz62umS-SCqzOhURXoo
parse error: Invalid numeric literal at line 1, column 10

real	0m2.742s
user	0m0.109s
sys	0m0.078s
02/28/21 02:05:03 505950700  1614449103 secretPin: 
[WARN] get secretPin error

02/28/21 02:05:04 372835900  1614449104 ç§»åŠ¨ç­¾åˆ°æ¨å›½ç¦æ——èˆ°åº—

real	0m1.967s
user	0m0.047s
sys	0m0.078s
parse error: Invalid numeric literal at line 1, column 10
parse error: Invalid numeric literal at line 1, column 10
parse error: Invalid numeric literal at line 1, column 10
parse error: Invalid numeric literal at line 1, column 10
02/28/21 02:05:14 182828100 1614449114

real	0m3.220s
user	0m0.000s
sys	0m0.031s

real	0m3.344s
user	0m0.031s
sys	0m0.063s
[WARN] get LZ_TOKEN error
02/28/21 02:05:25 656221800  1614449125
use wskey

real	0m1.731s
user	0m0.125s
sys	0m0.063s
02/28/21 02:05:27 717615700  1614449127 token: AAFgOonnADAgwxzp6nuzZk00EFEm9_OtNbe6pKcbKWV7rZGXfyp3yo7Y0mrJZh_-PPAEUhIEvWA
parse error: Invalid numeric literal at line 1, column 10

real	0m2.196s
user	0m0.094s
sys	0m0.094s
02/28/21 02:05:30 684556100  1614449130 secretPin: 
[WARN] get secretPin error

02/28/21 02:05:32 618007600  1614449132 ç§»åŠ¨ç­¾åˆ°æ¨å›½ç¦æ——èˆ°åº—

real	0m5.605s
user	0m0.063s
sys	0m0.063s
parse error: Invalid numeric literal at line 1, column 10
parse error: Invalid numeric literal at line 1, column 10
parse error: Invalid numeric literal at line 1, column 10
parse error: Invalid numeric literal at line 1, column 10
02/28/21 02:05:55 660123400 1614449155

real	0m3.231s
user	0m0.000s
sys	0m0.063s

real	0m2.158s
user	0m0.016s
sys	0m0.109s
[WARN] get LZ_TOKEN error
02/28/21 02:06:09 428561200  1614449169
use wskey

real	0m3.507s
user	0m0.109s
sys	0m0.109s
02/28/21 02:06:14 035100400  1614449174 token: AAFgOooUADAXHxr-xz9ZbuXRlkDnrAO4UU-wRuj2vega_Zz3vd2hhtuuoqnCSkSQ9afVgE13tnE
parse error: Invalid numeric literal at line 1, column 10

real	0m4.168s
user	0m0.125s
sys	0m0.094s
02/28/21 02:06:19 047464500  1614449179 secretPin: 
[WARN] get secretPin error

02/28/21 02:06:19 808837500  1614449179 ç§»åŠ¨ç­¾åˆ°æ¨å›½ç¦æ——èˆ°åº—

real	0m3.085s
user	0m0.031s
sys	0m0.094s
parse error: Invalid numeric literal at line 1, column 10
parse error: Invalid numeric literal at line 1, column 10
parse error: Invalid numeric literal at line 1, column 10
parse error: Invalid numeric literal at line 1, column 10
02/28/21 02:06:36 662705100 1614449196

real	0m4.376s
user	0m0.000s
sys	0m0.016s

real	0m2.789s
user	0m0.031s
sys	0m0.078s
[WARN] get LZ_TOKEN error
02/28/21 02:06:51 817534000  1614449211
use wskey

real	0m3.720s
user	0m0.156s
sys	0m0.094s
02/28/21 02:06:56 660804100  1614449216 token: AAFgOoo-ADCWhBMCX-LKpKmr6sVHbnGCrFSbQGzugDlRn2JIu3hBOEn1afd6pOW0_safyZr7RCU
parse error: Invalid numeric literal at line 1, column 10

real	0m3.311s
user	0m0.094s
sys	0m0.125s
02/28/21 02:07:00 761927900  1614449220 secretPin: 
[WARN] get secretPin error

02/28/21 02:07:01 573716400  1614449221 ç§»åŠ¨ç­¾åˆ°æ¨å›½ç¦æ——èˆ°åº—

real	0m3.649s
user	0m0.047s
sys	0m0.031s
parse error: Invalid numeric literal at line 1, column 10
parse error: Invalid numeric literal at line 1, column 10
parse error: Invalid numeric literal at line 1, column 10
parse error: Invalid numeric literal at line 1, column 10
02/28/21 02:07:20 376728900 1614449240

real	0m3.656s
user	0m0.000s
sys	0m0.063s

real	0m2.045s
user	0m0.063s
sys	0m0.078s
[WARN] get LZ_TOKEN error
02/28/21 02:07:30 538882200  1614449250
use wskey

real	0m1.846s
user	0m0.125s
sys	0m0.156s
02/28/21 02:07:34 150150500  1614449254 token: AAFgOopkADAnZM2hzTF6pwVWDdntRMBkUPCcn1YB4hmVSL9OkuFNd98TwuxzF4yX3svNYeCAXkI
parse error: Invalid numeric literal at line 1, column 10

real	0m2.732s
user	0m0.078s
sys	0m0.125s
02/28/21 02:07:37 389832800  1614449257 secretPin: 
[WARN] get secretPin error

02/28/21 02:07:38 077804200  1614449258 ç§»åŠ¨ç­¾åˆ°æ¨å›½ç¦æ——èˆ°åº—

real	0m3.393s
user	0m0.000s
sys	0m0.125s
parse error: Invalid numeric literal at line 1, column 10
parse error: Invalid numeric literal at line 1, column 10
parse error: Invalid numeric literal at line 1, column 10
parse error: Invalid numeric literal at line 1, column 10
02/28/21 02:07:50 087895800 1614449270

real	0m4.030s
user	0m0.000s
sys	0m0.031s

real	0m3.628s
user	0m0.047s
sys	0m0.094s
[WARN] get LZ_TOKEN error
02/28/21 02:08:01 192700000  1614449281
use wskey

real	0m3.075s
user	0m0.094s
sys	0m0.094s
02/28/21 02:08:07 151168600  1614449287 token: AAFgOoqEADBRqEmomy9SE9ZRJmdR9iZ7kM1BqLRNX7WVwgRTUPKDTlyAHlQkytHIu0_TsHmJBkk
parse error: Invalid numeric literal at line 1, column 10

real	0m3.236s
user	0m0.141s
sys	0m0.094s
02/28/21 02:08:11 412048800  1614449291 secretPin: 
[WARN] get secretPin error

02/28/21 02:08:13 037183400  1614449293 ç§»åŠ¨ç­¾åˆ°æ¨å›½ç¦æ——èˆ°åº—

real	0m2.798s
user	0m0.016s
sys	0m0.063s
parse error: Invalid numeric literal at line 1, column 10
parse error: Invalid numeric literal at line 1, column 10
parse error: Invalid numeric literal at line 1, column 10
parse error: Invalid numeric literal at line 1, column 10
02/28/21 02:08:23 962298900 1614449303

real	0m4.810s
user	0m0.000s
sys	0m0.031s

real	0m2.814s
user	0m0.016s
sys	0m0.109s
[WARN] get LZ_TOKEN error
02/28/21 02:08:40 288141700  1614449320
use wskey

real	0m3.490s
user	0m0.109s
sys	0m0.141s
02/28/21 02:08:44 433837800  1614449324 token: AAFgOoqrADDYtehqnqfBezZLTvafAMlV8Wnrjk2exB66ypGwjItHJReZLw9uu0n7OAou324mOlI
parse error: Invalid numeric literal at line 1, column 10

real	0m4.137s
user	0m0.109s
sys	0m0.125s
02/28/21 02:08:48 986761700  1614449328 secretPin: 
[WARN] get secretPin error

02/28/21 02:08:49 272851500  1614449329 ç§»åŠ¨ç­¾åˆ°æ¨å›½ç¦æ——èˆ°åº—

real	0m2.395s
user	0m0.016s
sys	0m0.141s
parse error: Invalid numeric literal at line 1, column 10
parse error: Invalid numeric literal at line 1, column 10
parse error: Invalid numeric literal at line 1, column 10
parse error: Invalid numeric literal at line 1, column 10
02/28/21 02:08:59 562216100 1614449339

real	0m4.581s
user	0m0.000s
sys	0m0.047s

real	0m4.264s
user	0m0.031s
sys	0m0.141s
[WARN] get LZ_TOKEN error
02/28/21 02:09:10 407089400  1614449350
use wskey

real	0m2.726s
user	0m0.125s
sys	0m0.094s
02/28/21 02:09:13 985198100  1614449353 token: AAFgOorIADDjchR9FocAkWSZniBlMElD3rIsf0ihtPmgkQYrcmRww2pCQvLCcz2Vp3qp1dHsVz0
parse error: Invalid numeric literal at line 1, column 10

real	0m3.837s
user	0m0.078s
sys	0m0.125s
02/28/21 02:09:18 690655300  1614449358 secretPin: 
[WARN] get secretPin error

02/28/21 02:09:19 232101900  1614449359 ç§»åŠ¨ç­¾åˆ°æ¨å›½ç¦æ——èˆ°åº—

real	0m1.973s
user	0m0.016s
sys	0m0.094s
parse error: Invalid numeric literal at line 1, column 10
parse error: Invalid numeric literal at line 1, column 10
parse error: Invalid numeric literal at line 1, column 10
parse error: Invalid numeric literal at line 1, column 10
02/28/21 02:09:40 975734600 1614449380

real	0m4.807s
user	0m0.000s
sys	0m0.094s

real	0m4.137s
user	0m0.016s
sys	0m0.125s
[WARN] get LZ_TOKEN error
02/28/21 02:09:52 245693700  1614449392
use wskey

real	0m2.956s
user	0m0.094s
sys	0m0.094s
02/28/21 02:09:55 992384600  1614449395 token: AAFgOoryADBPrIGIOS_wv9HtaeNK9agz5fyLQEKlP46wMVccXsrI5vCJ3EbgvUdSyyiJ8BrOWYs
parse error: Invalid numeric literal at line 1, column 10

real	0m3.024s
user	0m0.109s
sys	0m0.156s
02/28/21 02:09:59 997066200  1614449399 secretPin: 
[WARN] get secretPin error

02/28/21 02:10:01 176438700  1614449401 ç§»åŠ¨ç­¾åˆ°æ¨å›½ç¦æ——èˆ°åº—

real	0m1.547s
user	0m0.031s
sys	0m0.125s
parse error: Invalid numeric literal at line 1, column 10
parse error: Invalid numeric literal at line 1, column 10
parse error: Invalid numeric literal at line 1, column 10
parse error: Invalid numeric literal at line 1, column 10
02/28/21 02:10:17 627914500 1614449417

real	0m5.446s
user	0m0.000s
sys	0m0.063s

real	0m2.569s
user	0m0.047s
sys	0m0.047s
[WARN] get LZ_TOKEN error
02/28/21 02:10:27 465989300  1614449427
use wskey

real	0m2.994s
user	0m0.109s
sys	0m0.125s
02/28/21 02:10:31 331689900  1614449431 token: AAFgOosVADBk59OlwwaHsxRCTzjY8ClCeOlljia29jEbsD5sevRSoZq1T8I6PRFJ3xmuEdXzyH4
parse error: Invalid numeric literal at line 1, column 10

real	0m4.791s
user	0m0.125s
sys	0m0.094s
02/28/21 02:10:36 855543200  1614449436 secretPin: 
[WARN] get secretPin error

02/28/21 02:10:37 608490700  1614449437 ç§»åŠ¨ç­¾åˆ°æ¨å›½ç¦æ——èˆ°åº—

real	0m3.390s
user	0m0.031s
sys	0m0.063s
parse error: Invalid numeric literal at line 1, column 10
parse error: Invalid numeric literal at line 1, column 10
parse error: Invalid numeric literal at line 1, column 10
parse error: Invalid numeric literal at line 1, column 10
02/28/21 02:10:46 034836300 1614449446

real	0m5.333s
user	0m0.000s
sys	0m0.063s

real	0m1.484s
user	0m0.063s
sys	0m0.078s
[WARN] get LZ_TOKEN error
02/28/21 02:10:56 460445900  1614449456
use wskey

real	0m2.915s
user	0m0.156s
sys	0m0.078s
02/28/21 02:10:59 852411000  1614449459 token: AAFgOoszADBj_6mdpUPNjfgGZw89hLAPci9kyJAlZKEQISD3cqqh5ISR8cH-2u3TceVS6mNLFKU
parse error: Invalid numeric literal at line 1, column 10

real	0m2.979s
user	0m0.078s
sys	0m0.109s
02/28/21 02:11:03 678807500  1614449463 secretPin: 
[WARN] get secretPin error

02/28/21 02:11:05 377007600  1614449465 ç§»åŠ¨ç­¾åˆ°æ¨å›½ç¦æ——èˆ°åº—

real	0m2.564s
user	0m0.031s
sys	0m0.063s
parse error: Invalid numeric literal at line 1, column 10
parse error: Invalid numeric literal at line 1, column 10
parse error: Invalid numeric literal at line 1, column 10
parse error: Invalid numeric literal at line 1, column 10
02/28/21 02:11:16 389677000 1614449476

real	0m6.428s
user	0m0.000s
sys	0m0.031s

real	0m1.708s
user	0m0.031s
sys	0m0.094s
[WARN] get LZ_TOKEN error
02/28/21 02:11:26 489691000  1614449486
use wskey

real	0m4.033s
user	0m0.094s
sys	0m0.156s
02/28/21 02:11:31 470271800  1614449491 token: AAFgOotRADAjWgziMrdFWHPI0Ae3QhqQkKUeMJ5bjreOA5tqqjrA7JIiIijSMe4ySQiw_hkpH-M
parse error: Invalid numeric literal at line 1, column 10

real	0m2.819s
user	0m0.078s
sys	0m0.188s
02/28/21 02:11:34 674922300  1614449494 secretPin: 
[WARN] get secretPin error

02/28/21 02:11:36 392813300  1614449496 ç§»åŠ¨ç­¾åˆ°æ¨å›½ç¦æ——èˆ°åº—

real	0m2.254s
user	0m0.031s
sys	0m0.078s
parse error: Invalid numeric literal at line 1, column 10
parse error: Invalid numeric literal at line 1, column 10
parse error: Invalid numeric literal at line 1, column 10
parse error: Invalid numeric literal at line 1, column 10
02/28/21 02:11:45 239240800 1614449505

real	0m4.887s
user	0m0.000s
sys	0m0.078s

real	0m3.082s
user	0m0.063s
sys	0m0.094s
[WARN] get LZ_TOKEN error
02/28/21 02:11:55 406043000  1614449515
use wskey

real	0m3.485s
user	0m0.109s
sys	0m0.078s
02/28/21 02:11:59 677255900  1614449519 token: AAFgOotuADCr8g9eho_snxrW9rsjjQs1uoayJ9qSnOgwAQZmb_MKXiRzFdRr1SB0Z4hr-cXnkYo
parse error: Invalid numeric literal at line 1, column 10

real	0m3.133s
user	0m0.141s
sys	0m0.063s
02/28/21 02:12:04 234164300  1614449524 secretPin: 
[WARN] get secretPin error

02/28/21 02:12:05 048449700  1614449525 ç§»åŠ¨ç­¾åˆ°æ¨å›½ç¦æ——èˆ°åº—

real	0m1.235s
user	0m0.016s
sys	0m0.094s
parse error: Invalid numeric literal at line 1, column 10
parse error: Invalid numeric literal at line 1, column 10
parse error: Invalid numeric literal at line 1, column 10
parse error: Invalid numeric literal at line 1, column 10
02/28/21 02:12:15 940464300 1614449535

real	0m5.941s
user	0m0.000s
sys	0m0.016s

real	0m2.487s
user	0m0.031s
sys	0m0.094s
[WARN] get LZ_TOKEN error
02/28/21 02:12:26 810269800  1614449546
use wskey

real	0m2.743s
user	0m0.125s
sys	0m0.141s
02/28/21 02:12:30 824490800  1614449550 token: AAFgOouNADCRB7IdZ8zhkwfIzXkf3o9BTWR9D84WbP_uFtvPOTcogjtXESaqCjnTXlSOhnhxpHQ
parse error: Invalid numeric literal at line 1, column 10

real	0m1.965s
user	0m0.156s
sys	0m0.109s
02/28/21 02:12:34 310641400  1614449554 secretPin: 
[WARN] get secretPin error

02/28/21 02:12:35 379528600  1614449555 ç§»åŠ¨ç­¾åˆ°æ¨å›½ç¦æ——èˆ°åº—

real	0m2.429s
user	0m0.063s
sys	0m0.078s
parse error: Invalid numeric literal at line 1, column 10
parse error: Invalid numeric literal at line 1, column 10
parse error: Invalid numeric literal at line 1, column 10
parse error: Invalid numeric literal at line 1, column 10
02/28/21 02:12:45 562648200 1614449565

real	0m5.158s
user	0m0.000s
sys	0m0.000s

real	0m1.893s
user	0m0.031s
sys	0m0.047s
[WARN] get LZ_TOKEN error
02/28/21 02:12:53 791027600  1614449573
use wskey

real	0m2.372s
user	0m0.109s
sys	0m0.109s
02/28/21 02:12:56 694294200  1614449576 token: AAFgOouoADB4PMI1rpfkKn70sYbN_ZGpdJaDHqnbZ3jrhde-rc3ogzJh_TNdXECAUAHHW5SItC8
parse error: Invalid numeric literal at line 1, column 10

real	0m3.088s
user	0m0.125s
sys	0m0.109s
02/28/21 02:13:00 621244000  1614449580 secretPin: 
[WARN] get secretPin error

02/28/21 02:13:01 302757300  1614449581 ç§»åŠ¨ç­¾åˆ°æ¨å›½ç¦æ——èˆ°åº—

real	0m1.651s
user	0m0.031s
sys	0m0.047s
parse error: Invalid numeric literal at line 1, column 10
parse error: Invalid numeric literal at line 1, column 10
parse error: Invalid numeric literal at line 1, column 10
parse error: Invalid numeric literal at line 1, column 10
02/28/21 02:13:11 543094800 1614449591

real	0m5.534s
user	0m0.000s
sys	0m0.031s
02/28/21 02:13:44 735242900  1614449624
parse error: Invalid numeric literal at line 1, column 10
ç­¾åˆ°æ˜¯å¦æˆåŠŸè§£æå¤±è´¥. ä¸å†å†™/home/myid/jd/jd_signup/vender/shop_1614116294_94_delay

ç§»åŠ¨ç­¾åˆ°æ¨å›½ç¦æ——èˆ°åº—æŸ¥çœ‹ç»“æœ
<!DOCTYPE html>
<html>
 <head> 
  <title>äº¬ä¸œ</title> 
  <meta charset="utf-8" /> 
  <meta name="apple-mobile-web-app-capable" content="yes" /> 
  <meta name="viewport" content="width=device-width,initial-scale=1,user-scalable=no,maximum-scale=1,viewport-fit=cover" /> 
  <meta name="format-detection" content="telephone=no" /> 
  <meta name="x5-cache" content="enable" /> 
  <link rel="stylesheet" href="https://storage.360buyimg.com/babel/00162638/333378/production/dev/parser.1526555535098.css?t=20180517191236" /> 
  <style> img {
            opacity: 1 !important;
        } </style> 
  <link href="https://storage.360buyimg.com/babel/00170893/348321/production/dev/index.7320a380.css?t=20180802150952" rel="stylesheet" />
 </head> 
 <body style="background:#fff;" id="root"> 
  <div class="errorPage"> 
  </div> 
  <div class="placeholer"> 
  </div> 
  <script src="https://wl.jd.com/unify.min.js"></script> 
  <script type="text/javascript" src="https://storage.360buyimg.com/babel/00170893/348321/production/dev/index.0f8f4dba.js?t=20180802150952"></script> 
 </body>
</html>

parse error: Invalid numeric literal at line 1, column 10
[0;31;3mRUN  at {280:<--} ERROR CODE: 4[0m [0;31;3m[20210228 02:13:51] [ERROR] [0m

