RANDOM_num: 15
lzdz-isv.isvjcloud.com	FALSE	/	FALSE	1617297420	LZ_TOKEN_VALUE	B0oH3vDY2bhHWuKbVaJ+XQ==
lzdz-isv.isvjcloud.com	FALSE	/	FALSE	1617297420	LZ_TOKEN_KEY	lztokenpagef10d8785e8dd4775a3f512b7afa00b4b
use pt_key
token: AAFgZf2yADAo1vuSIGBNjT0Gi2YrOOCQZ9T-dGKGuufMjdXuA1H8vbQdSDpFYTXpsqPgwRpOadg
secretPin: 4YEv+ri88IbQX5lhoqHrzE7oeVP9kq2pYSH90mYt4m3fwcJlClpxrfmVYaGKuquQkdK3rLBQpEQH9V4tdrrh0w==

04/02/21 01:07:01 164908500  1617296821
肥鹅签到蒙牛京东自营旗舰店
{
  "result": false,
  "data": "",
  "count": 0,
  "errorMessage": "活动已结束！"
}
"活动已结束！"
签到蒙牛京东自营旗舰店完成

肥鹅签到蒙牛京东自营旗舰店查看结果, 活动规则
{"result":false,"data":"","count":0,"errorMessage":"活动已结束！"}

{
  "result": false,
  "data": "",
  "count": 0,
  "errorMessage": "活动已结束！"
}
