03/02/21 01:02:02 603333900  1614618122
RANDOM_num: 35
removed '/tmp/tmp.yhdFTUOI8i'
03/02/21 01:02:02 739030800  1614618122 检查jd_4d651d9e48204签到
removed '/tmp/tmp.hBGS5iOcQu'
03/02/21 01:02:02 821183600  1614618122 检查jd_OeTNobRVGiNZ签到

03/02/21 01:02:02 866854500  1614618122 肥鹅签到德玛仕西厨旗舰店

real	0m0.180s
user	0m0.016s
sys	0m0.094s
{"code":200,"data":[{"level":0,"prizeList":[{"discount":1.00,"type":4,"number":10000,"budgetNum":10000,"userPirzeStatus":2,"class":"com.jd.interact.center.client.api.user.domain.InteractUserPrize","status":2}],"signType":0,"class":"com.jd.interact.center.client.api.color.domain.sign.ShopSignInteractUserPrizeRule","userPrizeRuleStatus":2}],"class":"com.jd.interact.center.client.api.common.param.Results","success":true}

03/02/21 01:02:03 142601800  1614618123 移动签到德玛仕西厨旗舰店

real	0m0.122s
user	0m0.016s
sys	0m0.063s
{"code":200,"data":[],"class":"com.jd.interact.center.client.api.common.param.Results","success":true}
03/02/21 01:02:03 373616300 1614618123
03/02/21 01:02:03 386629600 1614618123 签到德玛仕西厨旗舰店完成

03/02/21 01:02:38 450741200  1614618158
肥鹅签到德玛仕西厨旗舰店查看结果
200
首次签到成功. 写入giftName: 奖励 1, type=4; 

***********************************************
2021/02/20_00:00:00  2    未签到
2021/02/21_00:00:00  2    未签到
2021/02/22_00:00:00  2    未签到
2021/02/23_00:00:00  2    未签到
2021/02/24_00:00:00  2    未签到
2021/02/25_00:00:00  2    未签到
2021/02/26_00:00:00  2    未签到
2021/02/27_00:00:00  2    未签到
2021/02/28_19:20:44  2    [已~签~到]
2021/03/01_01:07:32  2    [已~签~到]
2021/03/02_01:02:02  1    [已~签~到]
2021/03/03_00:00:00  3    未签到
2021/03/04_00:00:00  3    未签到
2021/03/05_00:00:00  3    未签到
2021/03/06_00:00:00  3    未签到
2021/03/07_00:00:00  3    未签到
2021/03/08_00:00:00  3    未签到
2021/03/09_00:00:00  3    未签到
2021/03/10_00:00:00  3    未签到
2021/03/11_00:00:00  3    未签到
2021/03/12_00:00:00  3    未签到
2021/03/13_00:00:00  3    未签到
2021/03/14_00:00:00  3    未签到
2021/03/15_00:00:00  3    未签到
2021/03/16_00:00:00  3    未签到
2021/03/17_00:00:00  3    未签到
2021/03/18_00:00:00  3    未签到
2021/03/19_00:00:00  3    未签到
2021/03/20_00:00:00  3    未签到
当天签到奖励 [奖励 1, type=4; ]
已签到 3 天
***********************************************

移动签到德玛仕西厨旗舰店查看结果
200
首次签到成功. 写入giftName: 

***********************************************
2021/02/20_00:00:00  2    未签到
2021/02/21_00:00:00  2    未签到
2021/02/22_00:00:00  2    未签到
2021/02/23_00:00:00  2    未签到
2021/02/24_00:00:00  2    未签到
2021/02/25_00:00:00  2    未签到
2021/02/26_00:00:00  2    未签到
2021/02/27_00:00:00  2    未签到
2021/02/28_19:20:45  2    [已~签~到]
2021/03/01_01:07:33  2    [已~签~到]
2021/03/02_01:02:03  1    [已~签~到]
2021/03/03_00:00:00  3    未签到
2021/03/04_00:00:00  3    未签到
2021/03/05_00:00:00  3    未签到
2021/03/06_00:00:00  3    未签到
2021/03/07_00:00:00  3    未签到
2021/03/08_00:00:00  3    未签到
2021/03/09_00:00:00  3    未签到
2021/03/10_00:00:00  3    未签到
2021/03/11_00:00:00  3    未签到
2021/03/12_00:00:00  3    未签到
2021/03/13_00:00:00  3    未签到
2021/03/14_00:00:00  3    未签到
2021/03/15_00:00:00  3    未签到
2021/03/16_00:00:00  3    未签到
2021/03/17_00:00:00  3    未签到
2021/03/18_00:00:00  3    未签到
2021/03/19_00:00:00  3    未签到
2021/03/20_00:00:00  3    未签到
当天签到奖励 []
已签到 3 天
***********************************************



肥鹅签到德玛仕西厨旗舰店日志
{"code":200,"data":{"signRecords":[{"currentDay":2,"signTime":1613750400000,"signed":1,"class":"com.jd.interact.center.client.api.color.domain.sign.InteractActivityUserActionRecord"},{"currentDay":2,"signTime":1613836800000,"signed":1,"class":"com.jd.interact.center.client.api.color.domain.sign.InteractActivityUserActionRecord"},{"currentDay":2,"signTime":1613923200000,"signed":1,"class":"com.jd.interact.center.client.api.color.domain.sign.InteractActivityUserActionRecord"},{"currentDay":2,"signTime":1614009600000,"signed":1,"class":"com.jd.interact.center.client.api.color.domain.sign.InteractActivityUserActionRecord"},{"currentDay":2,"signTime":1614096000000,"signed":1,"class":"com.jd.interact.center.client.api.color.domain.sign.InteractActivityUserActionRecord"},{"currentDay":2,"signTime":1614182400000,"signed":1,"class":"com.jd.interact.center.client.api.color.domain.sign.InteractActivityUserActionRecord"},{"currentDay":2,"signTime":1614268800000,"signed":1,"class":"com.jd.interact.center.client.api.color.domain.sign.InteractActivityUserActionRecord"},{"currentDay":2,"signTime":1614355200000,"signed":1,"class":"com.jd.interact.center.client.api.color.domain.sign.InteractActivityUserActionRecord"},{"currentDay":2,"signTime":1614511244806,"signed":2,"class":"com.jd.interact.center.client.api.color.domain.sign.InteractActivityUserActionRecord"},{"currentDay":2,"signTime":1614532052719,"signed":2,"class":"com.jd.interact.center.client.api.color.domain.sign.InteractActivityUserActionRecord"},{"currentDay":1,"signTime":1614618122994,"signed":2,"class":"com.jd.interact.center.client.api.color.domain.sign.InteractActivityUserActionRecord"},{"currentDay":3,"signTime":1614700800000,"signed":1,"class":"com.jd.interact.center.client.api.color.domain.sign.InteractActivityUserActionRecord"},{"currentDay":3,"signTime":1614787200000,"signed":1,"class":"com.jd.interact.center.client.api.color.domain.sign.InteractActivityUserActionRecord"},{"currentDay":3,"signTime":1614873600000,"signed":1,"class":"com.jd.interact.center.client.api.color.domain.sign.InteractActivityUserActionRecord"},{"currentDay":3,"signTime":1614960000000,"signed":1,"class":"com.jd.interact.center.client.api.color.domain.sign.InteractActivityUserActionRecord"},{"currentDay":3,"signTime":1615046400000,"signed":1,"class":"com.jd.interact.center.client.api.color.domain.sign.InteractActivityUserActionRecord"},{"currentDay":3,"signTime":1615132800000,"signed":1,"class":"com.jd.interact.center.client.api.color.domain.sign.InteractActivityUserActionRecord"},{"currentDay":3,"signTime":1615219200000,"signed":1,"class":"com.jd.interact.center.client.api.color.domain.sign.InteractActivityUserActionRecord"},{"currentDay":3,"signTime":1615305600000,"signed":1,"class":"com.jd.interact.center.client.api.color.domain.sign.InteractActivityUserActionRecord"},{"currentDay":3,"signTime":1615392000000,"signed":1,"class":"com.jd.interact.center.client.api.color.domain.sign.InteractActivityUserActionRecord"},{"currentDay":3,"signTime":1615478400000,"signed":1,"class":"com.jd.interact.center.client.api.color.domain.sign.InteractActivityUserActionRecord"},{"currentDay":3,"signTime":1615564800000,"signed":1,"class":"com.jd.interact.center.client.api.color.domain.sign.InteractActivityUserActionRecord"},{"currentDay":3,"signTime":1615651200000,"signed":1,"class":"com.jd.interact.center.client.api.color.domain.sign.InteractActivityUserActionRecord"},{"currentDay":3,"signTime":1615737600000,"signed":1,"class":"com.jd.interact.center.client.api.color.domain.sign.InteractActivityUserActionRecord"},{"currentDay":3,"signTime":1615824000000,"signed":1,"class":"com.jd.interact.center.client.api.color.domain.sign.InteractActivityUserActionRecord"},{"currentDay":3,"signTime":1615910400000,"signed":1,"class":"com.jd.interact.center.client.api.color.domain.sign.InteractActivityUserActionRecord"},{"currentDay":3,"signTime":1615996800000,"signed":1,"class":"com.jd.interact.center.client.api.color.domain.sign.InteractActivityUserActionRecord"},{"currentDay":3,"signTime":1616083200000,"signed":1,"class":"com.jd.interact.center.client.api.color.domain.sign.InteractActivityUserActionRecord"},{"currentDay":3,"signTime":1616169600000,"signed":1,"class":"com.jd.interact.center.client.api.color.domain.sign.InteractActivityUserActionRecord"}],"days":3,"class":"com.jd.interact.center.client.api.color.domain.sign.ShopSignUserRecord"},"class":"com.jd.interact.center.client.api.common.param.Results","success":true}
{
  "contiSignNum": 3
}
移动签到德玛仕西厨旗舰店日志
{"code":200,"data":{"signRecords":[{"signTime":1613750400000,"currentDay":2,"signed":1,"class":"com.jd.interact.center.client.api.color.domain.sign.InteractActivityUserActionRecord"},{"signTime":1613836800000,"currentDay":2,"signed":1,"class":"com.jd.interact.center.client.api.color.domain.sign.InteractActivityUserActionRecord"},{"signTime":1613923200000,"currentDay":2,"signed":1,"class":"com.jd.interact.center.client.api.color.domain.sign.InteractActivityUserActionRecord"},{"signTime":1614009600000,"currentDay":2,"signed":1,"class":"com.jd.interact.center.client.api.color.domain.sign.InteractActivityUserActionRecord"},{"signTime":1614096000000,"currentDay":2,"signed":1,"class":"com.jd.interact.center.client.api.color.domain.sign.InteractActivityUserActionRecord"},{"signTime":1614182400000,"currentDay":2,"signed":1,"class":"com.jd.interact.center.client.api.color.domain.sign.InteractActivityUserActionRecord"},{"signTime":1614268800000,"currentDay":2,"signed":1,"class":"com.jd.interact.center.client.api.color.domain.sign.InteractActivityUserActionRecord"},{"signTime":1614355200000,"currentDay":2,"signed":1,"class":"com.jd.interact.center.client.api.color.domain.sign.InteractActivityUserActionRecord"},{"signTime":1614511245110,"currentDay":2,"signed":2,"class":"com.jd.interact.center.client.api.color.domain.sign.InteractActivityUserActionRecord"},{"signTime":1614532053015,"currentDay":2,"signed":2,"class":"com.jd.interact.center.client.api.color.domain.sign.InteractActivityUserActionRecord"},{"signTime":1614618123271,"currentDay":1,"signed":2,"class":"com.jd.interact.center.client.api.color.domain.sign.InteractActivityUserActionRecord"},{"signTime":1614700800000,"currentDay":3,"signed":1,"class":"com.jd.interact.center.client.api.color.domain.sign.InteractActivityUserActionRecord"},{"signTime":1614787200000,"currentDay":3,"signed":1,"class":"com.jd.interact.center.client.api.color.domain.sign.InteractActivityUserActionRecord"},{"signTime":1614873600000,"currentDay":3,"signed":1,"class":"com.jd.interact.center.client.api.color.domain.sign.InteractActivityUserActionRecord"},{"signTime":1614960000000,"currentDay":3,"signed":1,"class":"com.jd.interact.center.client.api.color.domain.sign.InteractActivityUserActionRecord"},{"signTime":1615046400000,"currentDay":3,"signed":1,"class":"com.jd.interact.center.client.api.color.domain.sign.InteractActivityUserActionRecord"},{"signTime":1615132800000,"currentDay":3,"signed":1,"class":"com.jd.interact.center.client.api.color.domain.sign.InteractActivityUserActionRecord"},{"signTime":1615219200000,"currentDay":3,"signed":1,"class":"com.jd.interact.center.client.api.color.domain.sign.InteractActivityUserActionRecord"},{"signTime":1615305600000,"currentDay":3,"signed":1,"class":"com.jd.interact.center.client.api.color.domain.sign.InteractActivityUserActionRecord"},{"signTime":1615392000000,"currentDay":3,"signed":1,"class":"com.jd.interact.center.client.api.color.domain.sign.InteractActivityUserActionRecord"},{"signTime":1615478400000,"currentDay":3,"signed":1,"class":"com.jd.interact.center.client.api.color.domain.sign.InteractActivityUserActionRecord"},{"signTime":1615564800000,"currentDay":3,"signed":1,"class":"com.jd.interact.center.client.api.color.domain.sign.InteractActivityUserActionRecord"},{"signTime":1615651200000,"currentDay":3,"signed":1,"class":"com.jd.interact.center.client.api.color.domain.sign.InteractActivityUserActionRecord"},{"signTime":1615737600000,"currentDay":3,"signed":1,"class":"com.jd.interact.center.client.api.color.domain.sign.InteractActivityUserActionRecord"},{"signTime":1615824000000,"currentDay":3,"signed":1,"class":"com.jd.interact.center.client.api.color.domain.sign.InteractActivityUserActionRecord"},{"signTime":1615910400000,"currentDay":3,"signed":1,"class":"com.jd.interact.center.client.api.color.domain.sign.InteractActivityUserActionRecord"},{"signTime":1615996800000,"currentDay":3,"signed":1,"class":"com.jd.interact.center.client.api.color.domain.sign.InteractActivityUserActionRecord"},{"signTime":1616083200000,"currentDay":3,"signed":1,"class":"com.jd.interact.center.client.api.color.domain.sign.InteractActivityUserActionRecord"},{"signTime":1616169600000,"currentDay":3,"signed":1,"class":"com.jd.interact.center.client.api.color.domain.sign.InteractActivityUserActionRecord"}],"days":3,"class":"com.jd.interact.center.client.api.color.domain.sign.ShopSignUserRecord"},"class":"com.jd.interact.center.client.api.common.param.Results","success":true}
{
  "contiSignNum": 3
}
# 短链接
suo_url=""
venderId=668508
startTime=1613750400000
endTime=1616255999000
activityId=10271879
token=CE690B6BCFFBD33952CADF2606D7F363
#店铺名称
vendername="德玛仕西厨旗舰店"
# 长链接
url=https://h5.m.jd.com/babelDiy/Zeus/2PAAf74aG3D61qvfKUM5dxUssJQ9/index.html?token=CE690B6BCFFBD33952CADF2606D7F363
# 活动时间：2021.02.20 00:00:00 - 2021.03.20 23:59:59
# 奖励说明：
actRule="
每日签到：1京豆
连续签到2天：满200-20店铺券
"
#赵 122294312-396444 sign_res
sign_res="
signTime=1613750400;signed=1;currentDay=2
signTime=1613836800;signed=1;currentDay=2
signTime=1613923200;signed=1;currentDay=2
signTime=1614009600;signed=1;currentDay=2
signTime=1614096000;signed=1;currentDay=2
signTime=1614182400;signed=1;currentDay=2
signTime=1614268800;signed=1;currentDay=2
signTime=1614355200;signed=1;currentDay=2
signTime=1614511259;signed=2;currentDay=2
signTime=1614532018;signed=2;currentDay=2
signTime=1614618088;signed=2;currentDay=1
signTime=1614700800;signed=1;currentDay=3
signTime=1614787200;signed=1;currentDay=3
signTime=1614873600;signed=1;currentDay=3
signTime=1614960000;signed=1;currentDay=3
signTime=1615046400;signed=1;currentDay=3
signTime=1615132800;signed=1;currentDay=3
signTime=1615219200;signed=1;currentDay=3
signTime=1615305600;signed=1;currentDay=3
signTime=1615392000;signed=1;currentDay=3
signTime=1615478400;signed=1;currentDay=3
signTime=1615564800;signed=1;currentDay=3
signTime=1615651200;signed=1;currentDay=3
signTime=1615737600;signed=1;currentDay=3
signTime=1615824000;signed=1;currentDay=3
signTime=1615910400;signed=1;currentDay=3
signTime=1615996800;signed=1;currentDay=3
signTime=1616083200;signed=1;currentDay=3
signTime=1616169600;signed=1;currentDay=3"
sign_num="3"
giftName="奖励 1, type=4; "
giftRes="ok"
giftDate="20210302"
sign_res_info="
2021/02/20_00:00:00  2    未签到
2021/02/21_00:00:00  2    未签到
2021/02/22_00:00:00  2    未签到
2021/02/23_00:00:00  2    未签到
2021/02/24_00:00:00  2    未签到
2021/02/25_00:00:00  2    未签到
2021/02/26_00:00:00  2    未签到
2021/02/27_00:00:00  2    未签到
2021/02/28_19:20:59  2    [已~签~到]
2021/03/01_01:06:58  2    [已~签~到]
2021/03/02_01:01:28  1    [已~签~到]
2021/03/03_00:00:00  3    未签到
2021/03/04_00:00:00  3    未签到
2021/03/05_00:00:00  3    未签到
2021/03/06_00:00:00  3    未签到
2021/03/07_00:00:00  3    未签到
2021/03/08_00:00:00  3    未签到
2021/03/09_00:00:00  3    未签到
2021/03/10_00:00:00  3    未签到
2021/03/11_00:00:00  3    未签到
2021/03/12_00:00:00  3    未签到
2021/03/13_00:00:00  3    未签到
2021/03/14_00:00:00  3    未签到
2021/03/15_00:00:00  3    未签到
2021/03/16_00:00:00  3    未签到
2021/03/17_00:00:00  3    未签到
2021/03/18_00:00:00  3    未签到
2021/03/19_00:00:00  3    未签到
2021/03/20_00:00:00  3    未签到
当天签到奖励 [奖励 1, type=4; ]
已签到 3 天"
#赵 122294312-396444 sign_res_end
#王 1309893722-164885 sign_res
sign_res="
signTime=1613750400;signed=1;currentDay=2
signTime=1613836800;signed=1;currentDay=2
signTime=1613923200;signed=1;currentDay=2
signTime=1614009600;signed=1;currentDay=2
signTime=1614096000;signed=1;currentDay=2
signTime=1614182400;signed=1;currentDay=2
signTime=1614268800;signed=1;currentDay=2
signTime=1614355200;signed=1;currentDay=2
signTime=1614511259;signed=2;currentDay=2
signTime=1614532019;signed=2;currentDay=2
signTime=1614618089;signed=2;currentDay=1
signTime=1614700800;signed=1;currentDay=3
signTime=1614787200;signed=1;currentDay=3
signTime=1614873600;signed=1;currentDay=3
signTime=1614960000;signed=1;currentDay=3
signTime=1615046400;signed=1;currentDay=3
signTime=1615132800;signed=1;currentDay=3
signTime=1615219200;signed=1;currentDay=3
signTime=1615305600;signed=1;currentDay=3
signTime=1615392000;signed=1;currentDay=3
signTime=1615478400;signed=1;currentDay=3
signTime=1615564800;signed=1;currentDay=3
signTime=1615651200;signed=1;currentDay=3
signTime=1615737600;signed=1;currentDay=3
signTime=1615824000;signed=1;currentDay=3
signTime=1615910400;signed=1;currentDay=3
signTime=1615996800;signed=1;currentDay=3
signTime=1616083200;signed=1;currentDay=3
signTime=1616169600;signed=1;currentDay=3"
sign_num="3"
giftName="奖励 1, type=4; "
giftRes="ok"
giftDate="20210302"
sign_res_info="
2021/02/20_00:00:00  2    未签到
2021/02/21_00:00:00  2    未签到
2021/02/22_00:00:00  2    未签到
2021/02/23_00:00:00  2    未签到
2021/02/24_00:00:00  2    未签到
2021/02/25_00:00:00  2    未签到
2021/02/26_00:00:00  2    未签到
2021/02/27_00:00:00  2    未签到
2021/02/28_19:20:59  2    [已~签~到]
2021/03/01_01:06:59  2    [已~签~到]
2021/03/02_01:01:29  1    [已~签~到]
2021/03/03_00:00:00  3    未签到
2021/03/04_00:00:00  3    未签到
2021/03/05_00:00:00  3    未签到
2021/03/06_00:00:00  3    未签到
2021/03/07_00:00:00  3    未签到
2021/03/08_00:00:00  3    未签到
2021/03/09_00:00:00  3    未签到
2021/03/10_00:00:00  3    未签到
2021/03/11_00:00:00  3    未签到
2021/03/12_00:00:00  3    未签到
2021/03/13_00:00:00  3    未签到
2021/03/14_00:00:00  3    未签到
2021/03/15_00:00:00  3    未签到
2021/03/16_00:00:00  3    未签到
2021/03/17_00:00:00  3    未签到
2021/03/18_00:00:00  3    未签到
2021/03/19_00:00:00  3    未签到
2021/03/20_00:00:00  3    未签到
当天签到奖励 [奖励 1, type=4; ]
已签到 3 天"
#王 1309893722-164885 sign_res_end
#肥鹅 jd_4d651d9e48204 sign_res
sign_res="
signTime=1613750400;signed=1;currentDay=2
signTime=1613836800;signed=1;currentDay=2
signTime=1613923200;signed=1;currentDay=2
signTime=1614009600;signed=1;currentDay=2
signTime=1614096000;signed=1;currentDay=2
signTime=1614182400;signed=1;currentDay=2
signTime=1614268800;signed=1;currentDay=2
signTime=1614355200;signed=1;currentDay=2
signTime=1614511244;signed=2;currentDay=2
signTime=1614532052;signed=2;currentDay=2
signTime=1614618122;signed=2;currentDay=1
signTime=1614700800;signed=1;currentDay=3
signTime=1614787200;signed=1;currentDay=3
signTime=1614873600;signed=1;currentDay=3
signTime=1614960000;signed=1;currentDay=3
signTime=1615046400;signed=1;currentDay=3
signTime=1615132800;signed=1;currentDay=3
signTime=1615219200;signed=1;currentDay=3
signTime=1615305600;signed=1;currentDay=3
signTime=1615392000;signed=1;currentDay=3
signTime=1615478400;signed=1;currentDay=3
signTime=1615564800;signed=1;currentDay=3
signTime=1615651200;signed=1;currentDay=3
signTime=1615737600;signed=1;currentDay=3
signTime=1615824000;signed=1;currentDay=3
signTime=1615910400;signed=1;currentDay=3
signTime=1615996800;signed=1;currentDay=3
signTime=1616083200;signed=1;currentDay=3
signTime=1616169600;signed=1;currentDay=3"
sign_num="3"
giftName="奖励 1, type=4; "
giftRes="ok"
giftDate="20210302"
sign_res_info="
2021/02/20_00:00:00  2    未签到
2021/02/21_00:00:00  2    未签到
2021/02/22_00:00:00  2    未签到
2021/02/23_00:00:00  2    未签到
2021/02/24_00:00:00  2    未签到
2021/02/25_00:00:00  2    未签到
2021/02/26_00:00:00  2    未签到
2021/02/27_00:00:00  2    未签到
2021/02/28_19:20:44  2    [已~签~到]
2021/03/01_01:07:32  2    [已~签~到]
2021/03/02_01:02:02  1    [已~签~到]
2021/03/03_00:00:00  3    未签到
2021/03/04_00:00:00  3    未签到
2021/03/05_00:00:00  3    未签到
2021/03/06_00:00:00  3    未签到
2021/03/07_00:00:00  3    未签到
2021/03/08_00:00:00  3    未签到
2021/03/09_00:00:00  3    未签到
2021/03/10_00:00:00  3    未签到
2021/03/11_00:00:00  3    未签到
2021/03/12_00:00:00  3    未签到
2021/03/13_00:00:00  3    未签到
2021/03/14_00:00:00  3    未签到
2021/03/15_00:00:00  3    未签到
2021/03/16_00:00:00  3    未签到
2021/03/17_00:00:00  3    未签到
2021/03/18_00:00:00  3    未签到
2021/03/19_00:00:00  3    未签到
2021/03/20_00:00:00  3    未签到
当天签到奖励 [奖励 1, type=4; ]
已签到 3 天"
#肥鹅 jd_4d651d9e48204 sign_res_end
#移动 jd_OeTNobRVGiNZ sign_res
sign_res="
signTime=1613750400;signed=1;currentDay=2
signTime=1613836800;signed=1;currentDay=2
signTime=1613923200;signed=1;currentDay=2
signTime=1614009600;signed=1;currentDay=2
signTime=1614096000;signed=1;currentDay=2
signTime=1614182400;signed=1;currentDay=2
signTime=1614268800;signed=1;currentDay=2
signTime=1614355200;signed=1;currentDay=2
signTime=1614511245;signed=2;currentDay=2
signTime=1614532053;signed=2;currentDay=2
signTime=1614618123;signed=2;currentDay=1
signTime=1614700800;signed=1;currentDay=3
signTime=1614787200;signed=1;currentDay=3
signTime=1614873600;signed=1;currentDay=3
signTime=1614960000;signed=1;currentDay=3
signTime=1615046400;signed=1;currentDay=3
signTime=1615132800;signed=1;currentDay=3
signTime=1615219200;signed=1;currentDay=3
signTime=1615305600;signed=1;currentDay=3
signTime=1615392000;signed=1;currentDay=3
signTime=1615478400;signed=1;currentDay=3
signTime=1615564800;signed=1;currentDay=3
signTime=1615651200;signed=1;currentDay=3
signTime=1615737600;signed=1;currentDay=3
signTime=1615824000;signed=1;currentDay=3
signTime=1615910400;signed=1;currentDay=3
signTime=1615996800;signed=1;currentDay=3
signTime=1616083200;signed=1;currentDay=3
signTime=1616169600;signed=1;currentDay=3"
sign_num="3"
giftName=""
giftRes="ok"
giftDate="20210302"
sign_res_info="
2021/02/20_00:00:00  2    未签到
2021/02/21_00:00:00  2    未签到
2021/02/22_00:00:00  2    未签到
2021/02/23_00:00:00  2    未签到
2021/02/24_00:00:00  2    未签到
2021/02/25_00:00:00  2    未签到
2021/02/26_00:00:00  2    未签到
2021/02/27_00:00:00  2    未签到
2021/02/28_19:20:45  2    [已~签~到]
2021/03/01_01:07:33  2    [已~签~到]
2021/03/02_01:02:03  1    [已~签~到]
2021/03/03_00:00:00  3    未签到
2021/03/04_00:00:00  3    未签到
2021/03/05_00:00:00  3    未签到
2021/03/06_00:00:00  3    未签到
2021/03/07_00:00:00  3    未签到
2021/03/08_00:00:00  3    未签到
2021/03/09_00:00:00  3    未签到
2021/03/10_00:00:00  3    未签到
2021/03/11_00:00:00  3    未签到
2021/03/12_00:00:00  3    未签到
2021/03/13_00:00:00  3    未签到
2021/03/14_00:00:00  3    未签到
2021/03/15_00:00:00  3    未签到
2021/03/16_00:00:00  3    未签到
2021/03/17_00:00:00  3    未签到
2021/03/18_00:00:00  3    未签到
2021/03/19_00:00:00  3    未签到
2021/03/20_00:00:00  3    未签到
当天签到奖励 []
已签到 3 天"
#移动 jd_OeTNobRVGiNZ sign_res_end
