04/04/21 04:01:55 153169300  1617480115
RANDOM_num: 25
removed '/tmp/tmp.iNL5sdNIjw'
04/04/21 04:01:55 227493100  1617480115 检查移动签到

real	0m0.164s
user	0m0.016s
sys	0m0.063s
lzkj-isv.isvjcloud.com	FALSE	/	FALSE	1617480715	LZ_TOKEN_VALUE	B0oH3vDY2bhHWuKbVaJ+XQ==
lzkj-isv.isvjcloud.com	FALSE	/	FALSE	1617480715	LZ_TOKEN_KEY	lztokenpageb7a68545a7b8432e83e99cef92fe0a76
04/04/21 04:01:55 502550500  1617480115
use pt_key

real	0m0.141s
user	0m0.047s
sys	0m0.078s
04/04/21 04:01:55 658178300  1617480115 token: AAFgaMmzADD6EDj-m58QBpMxqDF7pW2sfnWpPTK9rNZ--oeMdEREOMFQ0XMkfZT895fAmGRIxes

real	0m0.241s
user	0m0.016s
sys	0m0.094s
{"result":false,"data":"400001","count":0,"errorMessage":"活动太火爆，还是去买买买吧"}
04/04/21 04:02:21 012848800  1617480141
签到失败. 写入失败的giftName: 

***********************************************

当天签到奖励 []
连续签到 0 天
签到总天数 0
***********************************************

移动签到TCL.XESS个护京东自营旗舰店查看结果
{"msg":"","giftLog":{},"isOk":true,"signDetail":{},"followDays":7,"signRecord":{"nicknameShow":null,"id":"33405dcd5022494089cd25b21591c7b8","venderId":1000331904,"actId":"256147104f77457e8a58f15379d52f5e","actName":"签到活动","nick":"{\"result\":false,\"data\":\"400001\",\"count\":0,\"errorMessage\":\"活动太火爆，还是去买买买吧\"}","phone":"","midUrl":"","pin":"{\"result\":false,\"data\":\"400001\",\"count\":0,\"errorMessage\":\"活动太火爆，还是去买买买吧\"}","lastSignDate":null,"contiSignNum":0,"totalSignNum":0,"createTime":null,"updateTime":null,"remark":null}}

{
  "signDetail": {},
  "contiSignNum": 0,
  "totalSignNum": 0
}

TCL.XESS个护京东自营旗舰店活动规则
{"msg":"","act":{"id":"256147104f77457e8a58f15379d52f5e","jdActivityId":null,"venderId":1000331904,"actName":"签到活动","startTime":1616657100000,"endTime":1619766539000,"tplId":"0110","deleted":null,"actUrl":"https://lzkj-isv.isvjcloud.com/sign/signActivity2?activityId=256147104f77457e8a58f15379d52f5e&venderId=1000331904","shortUrl":"3.cn/1-01ifPqL","qrcodeUrl":"https://img10.360buyimg.com/imgzone/jfs/t1/161537/28/14691/3621/605c3a75E84e7cc60/f2b6481fbb03fd9f.png","actRule":"1、活动时间：2021-03-25 15:25 - 2021-04-30 15:08；
2、符合累计签到赠送条件，则有机会赠送累计签到奖品，同时每日签到奖品不赠送；
3、每日签到，有机会赠送[2京豆]；
4、累计签到7天，有机会赠送[5京豆]；
5、关注店铺后方可参与活动；
6、签到成功后有机会获得奖品，也有可能会与奖品擦肩而过（奖品数量有限，先到先得）；
7、若用户存在刷奖等恶意行为，一经发现将取消抽奖资格（如奖品已经发放，有权追回奖品）；
注：奖品发放形式：
实物奖：
（1）中奖客户信息收集：页面弹屏提示中奖客户提供收货地址、号码和奖项；(超过1小时未填写对应收货信息，视为放弃);
（2）实物奖采取寄送方式发放，获奖用户需在开奖后填写姓名、联系电话、详细地址信息。如因用户原因无法联系上，即奖品作废不再补发，或如用户未填写真实有效的信息或填写收货信息不详，均视为放弃奖品；
虚拟产品奖：
（1）京豆：中奖后系统预计24小时内自动发放至账户；
（2）优惠券：中奖后需手动领取，预计24小时到账；
【活动参与主体资格】
（1）每位自然人用户仅能使用一个京东账号参与活动，微信号、QQ、京东帐号、手机号码等任一信息一致或指向同一用户的，视为同一个用户，则第一个参与本活动的账号参与结果有效，其余账号参与结果均视为无效。
（2）若发现同一位用户使用不同账号重复参与活动，承办方有权取消其获奖资格。
【注意事项】
（1）活动过程中，凡以不正当手段（如作弊领取、恶意套取、刷信誉、虚假交易、扰乱系统、实施网络攻击等）参与本次活动的用户，商家有权终止其参与活动，并取消其获奖资格（如奖品已发放，商家有权追回），如给商家造成损失的，商家将保留向违规用户继续追索的权利。
（2）如遇不可抗力(包括但不限于重大灾害事件、活动受政府机关指令需要停止举办或调整的、活动中存在大面积作弊行为、活动遭受严重网络攻击或因系统故障导致活动中奖名单大批量出错，活动不能正常进行的)，商家有权取消、修改或暂停本活动。
（3）本活动所发放的实物奖不得提现、不得转赠他人、不得为他人付款。
（4）是否中奖以活动发布者后台统计结果为准。
","createTime":1616657013000,"updateTime":1616657013000,"activityType":null,"actTimeStr":"2021-03-25 15:25 至 2021-04-30 15:08","actRange":"all","isFocusShop":"y","giftJson":"{\"gift\":{\"giftInfoId\":\"c40c1a48cd37464d989eef156c3efa40\",\"giftName\":\"2京豆\",\"giftNum\":\"2\",\"giftTotal\":\"5000\",\"giftType\":\"6\",\"id\":\"1210868\",\"priceInfo\":\"0.02\",\"shortLink\":\"\",\"type\":0},\"giftConditions\":[{\"dayNum\":\"7\",\"gift\":{\"giftInfoId\":\"ef38fe08f3a54648bef49d3696e87cae\",\"giftName\":\"5京豆\",\"giftNum\":\"5\",\"giftTotal\":\"2000\",\"giftType\":\"6\",\"id\":\"1210868\",\"priceInfo\":\"0.05\",\"shortLink\":\"\",\"type\":0}}],\"hasGiftEveryDay\":\"y\",\"signType\":\"2\"}","wxSignActivityGiftBean":{"hasGiftEveryDay":"y","gift":{"activityId":null,"activityType":null,"venderId":null,"type":0,"name":null,"itemHb":null,"id":"1210868","giftType":"6","giftName":"2京豆","giftNum":"2","giftTotal":"5000","giftResidue":null,"priceInfo":"0.02","shortLink":"","orginLink":null,"giftInfoId":"c40c1a48cd37464d989eef156c3efa40","commonAddAwardVO":null},"signType":"2","giftConditions":[{"dayNum":"7","gift":{"activityId":null,"activityType":null,"venderId":null,"type":0,"name":null,"itemHb":null,"id":"1210868","giftType":"6","giftName":"5京豆","giftNum":"5","giftTotal":"2000","giftResidue":null,"priceInfo":"0.05","shortLink":"","orginLink":null,"giftInfoId":"ef38fe08f3a54648bef49d3696e87cae","commonAddAwardVO":null}}]},"isShowItems":"n","showItemIds":"","jmWareVOList":null,"status":"ING"},"isOk":true}

{
  "actUrl": "https://lzkj-isv.isvjcloud.com/sign/signActivity2?activityId=256147104f77457e8a58f15379d52f5e&venderId=1000331904",
  "shortUrl": "3.cn/1-01ifPqL",
  "actRule": "1、活动时间：2021-03-25 15:25 - 2021-04-30 15:08；\n2、符合累计签到赠送条件，则有机会赠送累计签到奖品，同时每日签到奖品不赠送；\n3、每日签到，有机会赠送[2京豆]；\n4、累计签到7天，有机会赠送[5京豆]；\n5、关注店铺后方可参与活动；\n6、签到成功后有机会获得奖品，也有可能会与奖品擦肩而过（奖品数量有限，先到先得）；\n7、若用户存在刷奖等恶意行为，一经发现将取消抽奖资格（如奖品已经发放，有权追回奖品）；\n注：奖品发放形式：\n实物奖：\n（1）中奖客户信息收集：页面弹屏提示中奖客户提供收货地址、号码和奖项；(超过1小时未填写对应收货信息，视为放弃);\n（2）实物奖采取寄送方式发放，获奖用户需在开奖后填写姓名、联系电话、详细地址信息。如因用户原因无法联系上，即奖品作废不再补发，或如用户未填写真实有效的信息或填写收货信息不详，均视为放弃奖品；\n虚拟产品奖：\n（1）京豆：中奖后系统预计24小时内自动发放至账户；\n（2）优惠券：中奖后需手动领取，预计24小时到账；\n【活动参与主体资格】\n（1）每位自然人用户仅能使用一个京东账号参与活动，微信号、QQ、京东帐号、手机号码等任一信息一致或指向同一用户的，视为同一个用户，则第一个参与本活动的账号参与结果有效，其余账号参与结果均视为无效。\n（2）若发现同一位用户使用不同账号重复参与活动，承办方有权取消其获奖资格。\n【注意事项】\n（1）活动过程中，凡以不正当手段（如作弊领取、恶意套取、刷信誉、虚假交易、扰乱系统、实施网络攻击等）参与本次活动的用户，商家有权终止其参与活动，并取消其获奖资格（如奖品已发放，商家有权追回），如给商家造成损失的，商家将保留向违规用户继续追索的权利。\n（2）如遇不可抗力(包括但不限于重大灾害事件、活动受政府机关指令需要停止举办或调整的、活动中存在大面积作弊行为、活动遭受严重网络攻击或因系统故障导致活动中奖名单大批量出错，活动不能正常进行的)，商家有权取消、修改或暂停本活动。\n（3）本活动所发放的实物奖不得提现、不得转赠他人、不得为他人付款。\n（4）是否中奖以活动发布者后台统计结果为准。\n"
}
actId=256147104f77457e8a58f15379d52f5e
venderId=1000331904
startTime=1616657100000
endTime=1619766539000
# 短链接
suo_url="https://3.cn/1-01ifPqL"
actTimeStr="2021-03-25 15:25 至 2021-04-30 15:08"
#店铺名称
vendername="TCL.XESS个护京东自营旗舰店"
# 长链接
url=https://lzkj-isv.isvjcloud.com/sign/signActivity2?activityId=256147104f77457e8a58f15379d52f5e&venderId=1000331904
# 活动时间：2021.03.25 15:25:00 - 2021.04.30 15:08:59
# 奖励说明：
actRule="
连续签到7天：5京豆 5京豆
"
#赵 122294312-396444 sign_res
sign_res="
signTime=1617321600;signed=2
signTime=1617408000;signed=2
signTime=1617494400;signed=2"
sign_num="3"
sign_total_num="3"
giftName="null"
giftRes="ok"
giftDate="20210404"
sign_res_info="
2021/04/02_08:00:00  [已~签~到]      
2021/04/03_08:00:00  [已~签~到]      
2021/04/04_08:00:00  [已~签~到]      
当天签到奖励 [null]
连续签到 3 天
签到总天数 3"
#赵 122294312-396444 sign_res_end
#王 1309893722-164885 sign_res
sign_res="
signTime=1617321600;signed=2
signTime=1617408000;signed=2
signTime=1617494400;signed=2"
sign_num="3"
sign_total_num="3"
giftName="null"
giftRes="ok"
giftDate="20210404"
sign_res_info="
2021/04/02_08:00:00  [已~签~到]      
2021/04/03_08:00:00  [已~签~到]      
2021/04/04_08:00:00  [已~签~到]      
当天签到奖励 [null]
连续签到 3 天
签到总天数 3"
#王 1309893722-164885 sign_res_end
#肥鹅 jd_4d651d9e48204 sign_res
sign_res="
signTime=1617321600;signed=2
signTime=1617408000;signed=2
signTime=1617494400;signed=2"
sign_num="3"
sign_total_num="3"
giftName="null"
giftRes="ok"
giftDate="20210404"
sign_res_info="
2021/04/02_08:00:00  [已~签~到]      
2021/04/03_08:00:00  [已~签~到]      
2021/04/04_08:00:00  [已~签~到]      
当天签到奖励 [null]
连续签到 3 天
签到总天数 3"
#肥鹅 jd_4d651d9e48204 sign_res_end
#移动 jd_OeTNobRVGiNZ sign_res
sign_res="
"
sign_num="0"
sign_total_num="0"
giftName=""
giftRes=""
giftDate="20210404"
sign_res_info="

当天签到奖励 []
连续签到 0 天
签到总天数 0"
#移动 jd_OeTNobRVGiNZ sign_res_end
