04/03/21 01:13:38 040451300  1617383618
RANDOM_num: 40
removed '/tmp/tmp.ytTcPnRPaS'
04/03/21 01:13:38 390923800  1617383618 检查肥鹅签到

real	0m0.286s
user	0m0.063s
sys	0m0.063s
lzkj-isv.isvjcloud.com	FALSE	/	FALSE	1617384218	LZ_TOKEN_VALUE	B0oH3vDY2bhHWuKbVaJ+XQ==
lzkj-isv.isvjcloud.com	FALSE	/	FALSE	1617384218	LZ_TOKEN_KEY	lztokenpagef9868ddfb1cf48c99148f774af158804
04/03/21 01:13:38 972897600  1617383618
use pt_key

real	0m0.242s
user	0m0.109s
sys	0m0.109s
04/03/21 01:13:39 254706700  1617383619 token: AAFgZ1DDADCQSrKD3L58uwi3D613vdQpHA_o48aYTon7mEKcPtUeF3_Lt2-huQo3ovW5Nmup-WE

real	0m0.337s
user	0m0.047s
sys	0m0.078s
04/03/21 01:13:39 822855500  1617383619 secretPin: 4YEv+ri88IbQX5lhoqHrzE7oeVP9kq2pYSH90mYt4m3fwcJlClpxrfmVYaGKuquQkdK3rLBQpEQH9V4tdrrh0w==

04/03/21 01:13:39 851162100  1617383619 肥鹅签到贝锐官方旗舰店

real	0m0.431s
user	0m0.047s
sys	0m0.109s
{
  "msg": "",
  "signResult": {
    "key": null,
    "giftLogId": "2577d1bb79364f819c09e0928078170e",
    "gift": null,
    "send": null
  },
  "isOk": true,
  "isSend": null
}
true
04/03/21 01:13:41 167664000 1617383621
04/03/21 01:13:41 229760000 1617383621 签到贝锐官方旗舰店完成
04/03/21 01:15:41 403342000  1617383741
true
首次签到成功. 写入giftName: null

***********************************************
7天签到 第 2 天
当天签到奖励 [null]
***********************************************

肥鹅签到贝锐官方旗舰店查看结果, 活动规则
{"giftConditions":[{"gift":{"giftInfoId":null,"giftName":"5元优惠券","venderId":null,"giftType":"1","type":0,"shortLink":"3.cn/101-iyCep","orginLink":null,"activityId":null,"giftResidue":null,"commonAddAwardVO":null,"name":null,"id":"352233291","activityType":null},"imgUrl":"","giftInfoId":"f3b7f756391646f1bf7f41425740f198","dayNum":"1","showType":"0"},{"gift":{"giftInfoId":null,"giftName":"2京豆","venderId":null,"giftType":"6","type":0,"shortLink":"","orginLink":null,"activityId":null,"giftResidue":null,"commonAddAwardVO":null,"name":null,"id":"1222258","activityType":null},"imgUrl":"","giftInfoId":"8df936d129ad4deba7241ebac75ec4b0","dayNum":"2","showType":"0"},{"gift":{"giftInfoId":null,"giftName":"5京豆","venderId":null,"giftType":"6","type":0,"shortLink":"","orginLink":null,"activityId":null,"giftResidue":null,"commonAddAwardVO":null,"name":null,"id":"1222258","activityType":null},"imgUrl":"","giftInfoId":"48ba155ae3634c5c9c9adbc7c4157031","dayNum":"3","showType":"0"},{"gift":{"giftInfoId":null,"giftName":"8京豆","venderId":null,"giftType":"6","type":0,"shortLink":"","orginLink":null,"activityId":null,"giftResidue":null,"commonAddAwardVO":null,"name":null,"id":"1222258","activityType":null},"imgUrl":"","giftInfoId":"41e0d388b5c94a7fbaa047329ff1d66b","dayNum":"4","showType":"0"},{"gift":{"giftInfoId":null,"giftName":"20京豆","venderId":null,"giftType":"6","type":0,"shortLink":"","orginLink":null,"activityId":null,"giftResidue":null,"commonAddAwardVO":null,"name":null,"id":"1222258","activityType":null},"imgUrl":"","giftInfoId":"8b1d861474fa4798b1493902e1634f13","dayNum":"5","showType":"0"},{"gift":{"giftInfoId":null,"giftName":"10元优惠券","venderId":null,"giftType":"1","type":0,"shortLink":"3.cn/101i-yCts","orginLink":null,"activityId":null,"giftResidue":null,"commonAddAwardVO":null,"name":null,"id":"353049371","activityType":null},"imgUrl":"","giftInfoId":"a23753b0e4ed4811981dc0c9180ff22f","dayNum":"6","showType":"0"},{"gift":{"giftInfoId":null,"giftName":"20元优惠券","venderId":null,"giftType":"1","type":0,"shortLink":"3.cn/101-iyB7E","orginLink":null,"activityId":null,"giftResidue":null,"commonAddAwardVO":null,"name":null,"id":"353109667","activityType":null},"imgUrl":"","giftInfoId":"b0d40010311f456db41d70ae0bd98bca","dayNum":"7","showType":"0"}],"msg":"","isOk":true,"isOver":"n","contiSignDays":2,"actRule":"1、活动时间：2021-03-31 17:30 - 2021-04-30 17:30；
2、关注店铺后方可参与活动；
3、符合连续签到赠送条件，则有机会赠送连续签到奖品；
4、签到7天后不能再参加；
5、第1天签到，有机会赠送5元优惠券；
6、第2天签到，有机会赠送2京豆；
7、第3天签到，有机会赠送5京豆；
8、第4天签到，有机会赠送8京豆；
9、第5天签到，有机会赠送20京豆；
10、第6天签到，有机会赠送10元优惠券；
11、第7天签到，有机会赠送20元优惠券；
12、签到成功后有机会获得奖品，也有可能会与奖品擦肩而过（奖品数量有限，先到先得）；
13、若用户存在刷奖等恶意行为，一经发现将取消抽奖资格（如奖品已经发放，有权追回奖品）；
注：奖品发放形式：
实物奖：
（1）中奖客户信息收集：页面弹屏提示中奖客户提供收货地址、号码和奖项；(超过1小时未填写对应收货信息，视为放弃);
（2）实物奖采取寄送方式发放，获奖用户需在开奖后填写姓名、联系电话、详细地址信息。如因用户原因无法联系上，即奖品作废不再补发，或如用户未填写真实有效的信息或填写收货信息不详，均视为放弃奖品；
虚拟产品奖：
（1）京豆：中奖后系统预计24小时内自动发放至账户；
（2）优惠券：中奖后需手动领取，预计24小时到账；
【活动参与主体资格】
（1）每位自然人用户仅能使用一个京东账号参与活动，微信号、QQ、京东帐号、手机号码等任一信息一致或指向同一用户的，视为同一个用户，则第一个参与本活动的账号参与结果有效，其余账号参与结果均视为无效。
（2）若发现同一位用户使用不同账号重复参与活动，承办方有权取消其参与资格。
【注意事项】
（1）活动过程中，凡以不正当手段（如作弊领取、恶意套取、刷信誉、虚假交易、扰乱系统、实施网络攻击等）参与本次活动的用户，商家有权终止其参与活动，并取消其参与资格（如优惠已发放，商家有权追回），如给商家造成损失的，商家将保留向违规用户继续追索的权利。
（2）如遇不可抗力(包括但不限于重大灾害事件、活动受政府机关指令需要停止举办或调整的、活动中存在大面积作弊行为、活动遭受严重网络攻击或因系统故障导致活动中奖名单大批量出错，活动不能正常进行的)，商家有权取消、修改或暂停本活动。
（3）是否获得优惠以活动发布者后台统计结果为准。
","followDays":0,"isSign":"y"}

#店铺名称
vendername="贝锐官方旗舰店"
#店铺激活码
actId="a9a6276cc51d4898aa3be01664f4c296"
#店铺id
venderId="736323"
#长链接
url="https://lzkj-isv.isvjcloud.com/sign/sevenDay/signActivity?activityId=a9a6276cc51d4898aa3be01664f4c296&venderId=736323"

startTime=1617183000
endTime=1619775000
# 活动时间：2021-03-31 17:30 - 2021-04-30 17:30；
# 奖励说明：
actRule="
7天签到
连续签到1天：5元优惠券
连续签到2天：2京豆
连续签到3天：5京豆
连续签到4天：8京豆
连续签到5天：20京豆
连续签到6天：10元优惠券
连续签到7天：20元优惠券
"
#移动 jd_OeTNobRVGiNZ sign_res
sign_num="0"
giftName=""
giftRes=""
giftDate="20210403"
sign_res_info="7天签到 第 0 天
当天签到奖励 []"
#移动 jd_OeTNobRVGiNZ sign_res_end
#赵 122294312-396444 sign_res
sign_num="2"
giftName="null"
giftRes="ok"
giftDate="20210403"
sign_res_info="7天签到 第 2 天
当天签到奖励 [null]"
#赵 122294312-396444 sign_res_end
#王 1309893722-164885 sign_res
sign_num="2"
giftName="null"
giftRes="ok"
giftDate="20210403"
sign_res_info="7天签到 第 2 天
当天签到奖励 [null]"
#王 1309893722-164885 sign_res_end
#肥鹅 jd_4d651d9e48204 sign_res
sign_num="2"
giftName="null"
giftRes="ok"
giftDate="20210403"
sign_res_info="7天签到 第 2 天
当天签到奖励 [null]"
#肥鹅 jd_4d651d9e48204 sign_res_end
