02/27/21 01:17:18 073490400  1614359838
RANDOM_num: 15
removed '/tmp/tmp.XriZEMT98U'
02/27/21 01:17:18 839298500  1614359838 检查王签到

real	0m0.713s
user	0m0.047s
sys	0m0.094s
[WARN] get LZ_TOKEN error
02/27/21 01:17:20 457565400  1614359840
use pt_key

real	0m0.648s
user	0m0.109s
sys	0m0.094s
02/27/21 01:17:21 235946100  1614359841 token: AAFgOS0hADDffsXSQOgGnKK2q1YhliRlI_faCs424tjLG275DpJQKZt2Js1UsMSE3QaLgfiftSI
parse error: Invalid numeric literal at line 1, column 10

real	0m0.646s
user	0m0.078s
sys	0m0.141s
02/27/21 01:17:22 083635000  1614359842 secretPin: 
[WARN] get secretPin error

02/27/21 01:17:22 190722100  1614359842 王签到海豚传媒自营官方旗舰店

real	0m0.474s
user	0m0.016s
sys	0m0.078s
parse error: Invalid numeric literal at line 1, column 10
parse error: Invalid numeric literal at line 1, column 10
parse error: Invalid numeric literal at line 1, column 10
parse error: Invalid numeric literal at line 1, column 10
02/27/21 01:17:25 161839800 1614359845

real	0m0.795s
user	0m0.000s
sys	0m0.047s

real	0m0.804s
user	0m0.031s
sys	0m0.109s
[WARN] get LZ_TOKEN error
02/27/21 01:17:27 390736500  1614359847
use pt_key

real	0m0.828s
user	0m0.094s
sys	0m0.109s
02/27/21 01:17:28 334402600  1614359848 token: AAFgOS0oADAy4Cq3yrof0q25H2_QTpBRplg6enePau0utJYVGcNciiKhEEOrUhqzXRNv8RPaWk4
parse error: Invalid numeric literal at line 1, column 10

real	0m0.611s
user	0m0.109s
sys	0m0.109s
02/27/21 01:17:29 070802400  1614359849 secretPin: 
[WARN] get secretPin error

02/27/21 01:17:29 279755600  1614359849 王签到海豚传媒自营官方旗舰店

real	0m0.619s
user	0m0.031s
sys	0m0.125s
parse error: Invalid numeric literal at line 1, column 10
parse error: Invalid numeric literal at line 1, column 10
parse error: Invalid numeric literal at line 1, column 10
parse error: Invalid numeric literal at line 1, column 10
02/27/21 01:17:31 877595700 1614359851

real	0m0.884s
user	0m0.000s
sys	0m0.000s

real	0m0.859s
user	0m0.047s
sys	0m0.109s
[WARN] get LZ_TOKEN error
02/27/21 01:17:34 235243700  1614359854
use pt_key

real	0m0.898s
user	0m0.125s
sys	0m0.125s
02/27/21 01:17:35 278482300  1614359855 token: AAFgOS0vADBwIkEB7i1Gqpwqfg8vBYuBr8f70d4nDVfI98l8FGvYDLJ9t7Lm_XjNcy3ml_cq0EY
parse error: Invalid numeric literal at line 1, column 10

real	0m1.369s
user	0m0.141s
sys	0m0.078s
02/27/21 01:17:36 871955300  1614359856 secretPin: 
[WARN] get secretPin error

02/27/21 01:17:37 038924200  1614359857 王签到海豚传媒自营官方旗舰店

real	0m0.701s
user	0m0.063s
sys	0m0.109s
parse error: Invalid numeric literal at line 1, column 10
parse error: Invalid numeric literal at line 1, column 10
parse error: Invalid numeric literal at line 1, column 10
parse error: Invalid numeric literal at line 1, column 10
02/27/21 01:17:40 403698200 1614359860

real	0m1.298s
user	0m0.000s
sys	0m0.063s

real	0m0.889s
user	0m0.016s
sys	0m0.109s
[WARN] get LZ_TOKEN error
02/27/21 01:17:43 732633600  1614359863
use pt_key

real	0m1.477s
user	0m0.063s
sys	0m0.078s
02/27/21 01:17:45 524894200  1614359865 token: AAFgOS04ADBmAHVrtKqVh0uOrH7BRCoFtnOo0jaLLf5EqifKB8yfXYrVV16EDxf-f93U3qMh6Ug
parse error: Invalid numeric literal at line 1, column 10

real	0m1.260s
user	0m0.125s
sys	0m0.172s
02/27/21 01:17:47 017877100  1614359867 secretPin: 
[WARN] get secretPin error

02/27/21 01:17:47 313003400  1614359867 王签到海豚传媒自营官方旗舰店

real	0m0.717s
user	0m0.047s
sys	0m0.094s
parse error: Invalid numeric literal at line 1, column 10
parse error: Invalid numeric literal at line 1, column 10
parse error: Invalid numeric literal at line 1, column 10
parse error: Invalid numeric literal at line 1, column 10
02/27/21 01:17:51 124775100 1614359871

real	0m1.589s
user	0m0.000s
sys	0m0.031s

real	0m1.932s
user	0m0.016s
sys	0m0.094s
[WARN] get LZ_TOKEN error
02/27/21 01:17:55 584079500  1614359875
use pt_key

real	0m1.199s
user	0m0.094s
sys	0m0.172s
02/27/21 01:17:57 090535500  1614359877 token: AAFgOS1EADB-Y-bYXJwZjVh2C8elc-hg_WzOrHsxe7p-pukECKy2mQE0PoFf-NkdxJVMPk6HMNs
parse error: Invalid numeric literal at line 1, column 10

real	0m1.574s
user	0m0.109s
sys	0m0.078s
02/27/21 01:17:59 152985300  1614359879 secretPin: 
[WARN] get secretPin error

02/27/21 01:17:59 596616600  1614359879 王签到海豚传媒自营官方旗舰店

real	0m1.062s
user	0m0.016s
sys	0m0.078s
parse error: Invalid numeric literal at line 1, column 10
parse error: Invalid numeric literal at line 1, column 10
parse error: Invalid numeric literal at line 1, column 10
parse error: Invalid numeric literal at line 1, column 10
02/27/21 01:18:03 968967600 1614359883

real	0m1.895s
user	0m0.000s
sys	0m0.031s

real	0m1.392s
user	0m0.000s
sys	0m0.094s
[WARN] get LZ_TOKEN error
02/27/21 01:18:07 923104700  1614359887
use pt_key

real	0m1.761s
user	0m0.063s
sys	0m0.125s
02/27/21 01:18:09 918271500  1614359889 token: AAFgOS1RADCUwlnvQvY6yUU4d_RmPf2KAsft8uWhHX17Z5mdyDWKnVVp55D8XUDn3TxZuBj1WGw
parse error: Invalid numeric literal at line 1, column 10

real	0m1.819s
user	0m0.078s
sys	0m0.125s
02/27/21 01:18:12 428072600  1614359892 secretPin: 
[WARN] get secretPin error

02/27/21 01:18:13 002369500  1614359893 王签到海豚传媒自营官方旗舰店

real	0m1.388s
user	0m0.031s
sys	0m0.094s
parse error: Invalid numeric literal at line 1, column 10
parse error: Invalid numeric literal at line 1, column 10
parse error: Invalid numeric literal at line 1, column 10
parse error: Invalid numeric literal at line 1, column 10
02/27/21 01:18:20 388754100 1614359900

real	0m2.495s
user	0m0.016s
sys	0m0.000s

real	0m2.228s
user	0m0.031s
sys	0m0.109s
[WARN] get LZ_TOKEN error
02/27/21 01:18:26 253947200  1614359906
use pt_key

real	0m1.927s
user	0m0.094s
sys	0m0.078s
02/27/21 01:18:28 796954100  1614359908 token: AAFgOS1jADDpzlONBSveU7vBsjznwqxVrZtH4vM4k1Eult0Vn3lNr3DGOqlufn4YEAgywp1HTgQ
parse error: Invalid numeric literal at line 1, column 10

real	0m1.748s
user	0m0.094s
sys	0m0.125s
02/27/21 01:18:31 036980700  1614359911 secretPin: 
[WARN] get secretPin error

02/27/21 01:18:31 517430700  1614359911 王签到海豚传媒自营官方旗舰店

real	0m1.865s
user	0m0.000s
sys	0m0.109s
parse error: Invalid numeric literal at line 1, column 10
parse error: Invalid numeric literal at line 1, column 10
parse error: Invalid numeric literal at line 1, column 10
parse error: Invalid numeric literal at line 1, column 10
02/27/21 01:18:38 272102600 1614359918

real	0m2.675s
user	0m0.000s
sys	0m0.031s

real	0m2.033s
user	0m0.016s
sys	0m0.094s
[WARN] get LZ_TOKEN error
02/27/21 01:18:44 094704200  1614359924
use pt_key

real	0m1.156s
user	0m0.063s
sys	0m0.125s
02/27/21 01:18:45 926189100  1614359925 token: AAFgOS11ADBFXQTND9T3wk88xniObOUqgUxPlxGoBieTZH8FqbS0fONub-0UWMwe13pdFITxuXk
parse error: Invalid numeric literal at line 1, column 10

real	0m1.479s
user	0m0.156s
sys	0m0.125s
02/27/21 01:18:47 984349400  1614359927 secretPin: 
[WARN] get secretPin error

02/27/21 01:18:48 692055300  1614359928 王签到海豚传媒自营官方旗舰店

real	0m1.623s
user	0m0.031s
sys	0m0.078s
parse error: Invalid numeric literal at line 1, column 10
parse error: Invalid numeric literal at line 1, column 10
parse error: Invalid numeric literal at line 1, column 10
parse error: Invalid numeric literal at line 1, column 10
02/27/21 01:18:55 856009600 1614359935

real	0m2.945s
user	0m0.000s
sys	0m0.047s

real	0m2.276s
user	0m0.000s
sys	0m0.109s
[WARN] get LZ_TOKEN error
02/27/21 01:19:02 455448500  1614359942
use pt_key

real	0m2.174s
user	0m0.109s
sys	0m0.141s
02/27/21 01:19:05 366772300  1614359945 token: AAFgOS2IADDxqadsD2eirO4YN6PWe-qKvNFvFMgoJgYomCO-HCDDd86Av105zn2wuJ6SWCmDusU
parse error: Invalid numeric literal at line 1, column 10

real	0m1.518s
user	0m0.109s
sys	0m0.156s
02/27/21 01:19:07 394606700  1614359947 secretPin: 
[WARN] get secretPin error

02/27/21 01:19:07 830740900  1614359947 王签到海豚传媒自营官方旗舰店

real	0m1.776s
user	0m0.016s
sys	0m0.078s
parse error: Invalid numeric literal at line 1, column 10
parse error: Invalid numeric literal at line 1, column 10
parse error: Invalid numeric literal at line 1, column 10
parse error: Invalid numeric literal at line 1, column 10
02/27/21 01:19:14 611978800 1614359954

real	0m3.510s
user	0m0.000s
sys	0m0.063s

real	0m1.619s
user	0m0.016s
sys	0m0.094s
[WARN] get LZ_TOKEN error
02/27/21 01:19:20 780542000  1614359960
use pt_key

real	0m2.187s
user	0m0.078s
sys	0m0.141s
02/27/21 01:19:23 391556600  1614359963 token: AAFgOS2aADAoa_5LrXJ3ANPvB1jl2ng2WNcjaTtD6qPJXQDe_rlBIfK8iXdORwNg9NLj5D42-4E
parse error: Invalid numeric literal at line 1, column 10

real	0m2.777s
user	0m0.156s
sys	0m0.141s
02/27/21 01:19:26 584890700  1614359966 secretPin: 
[WARN] get secretPin error

02/27/21 01:19:26 990872100  1614359966 王签到海豚传媒自营官方旗舰店

real	0m1.830s
user	0m0.063s
sys	0m0.063s
parse error: Invalid numeric literal at line 1, column 10
parse error: Invalid numeric literal at line 1, column 10
parse error: Invalid numeric literal at line 1, column 10
parse error: Invalid numeric literal at line 1, column 10
02/27/21 01:19:33 074402000 1614359973

real	0m3.422s
user	0m0.000s
sys	0m0.063s

real	0m2.067s
user	0m0.016s
sys	0m0.078s
[WARN] get LZ_TOKEN error
02/27/21 01:19:39 692945200  1614359979
use pt_key

real	0m1.645s
user	0m0.094s
sys	0m0.141s
02/27/21 01:19:41 754095600  1614359981 token: AAFgOS2sADATdUqgQFWoeA2a20ogRcmbJ-wfAcKslC2hipCxTjIXnkeyQN3EBhTTQf6BGqteU7E
parse error: Invalid numeric literal at line 1, column 10

real	0m2.066s
user	0m0.109s
sys	0m0.078s
02/27/21 01:19:44 269341000  1614359984 secretPin: 
[WARN] get secretPin error

02/27/21 01:19:44 551974800  1614359984 王签到海豚传媒自营官方旗舰店

real	0m1.597s
user	0m0.031s
sys	0m0.109s
parse error: Invalid numeric literal at line 1, column 10
parse error: Invalid numeric literal at line 1, column 10
parse error: Invalid numeric literal at line 1, column 10
parse error: Invalid numeric literal at line 1, column 10
02/27/21 01:19:51 789657200 1614359991

real	0m3.650s
user	0m0.016s
sys	0m0.000s

real	0m1.964s
user	0m0.016s
sys	0m0.094s
[WARN] get LZ_TOKEN error
02/27/21 01:19:59 852188400  1614359999
use pt_key

real	0m1.784s
user	0m0.094s
sys	0m0.109s
02/27/21 01:20:01 996891700  1614360001 token: AAFgOS3BADDvAi6tz_3Ao7CtZqZfN1xZADqWhDK6f-Ih_aiyX5OSH_YsEQZU4nhx0AZHHmMzIvw
parse error: Invalid numeric literal at line 1, column 10

real	0m1.960s
user	0m0.109s
sys	0m0.063s
02/27/21 01:20:04 418972300  1614360004 secretPin: 
[WARN] get secretPin error

02/27/21 01:20:05 044100400  1614360005 王签到海豚传媒自营官方旗舰店

real	0m1.211s
user	0m0.063s
sys	0m0.047s
parse error: Invalid numeric literal at line 1, column 10
parse error: Invalid numeric literal at line 1, column 10
parse error: Invalid numeric literal at line 1, column 10
parse error: Invalid numeric literal at line 1, column 10
02/27/21 01:20:11 197984600 1614360011

real	0m3.915s
user	0m0.000s
sys	0m0.031s

real	0m1.829s
user	0m0.078s
sys	0m0.078s
[WARN] get LZ_TOKEN error
02/27/21 01:20:17 959695700  1614360017
use pt_key

real	0m1.497s
user	0m0.141s
sys	0m0.109s
02/27/21 01:20:19 928588100  1614360019 token: AAFgOS3TADDZg1lgflf9AbxEZMcXn1Wk-Ff3AJBOeCsz66d5yezl3JjppXkjjku9nlTwmxanjcc
parse error: Invalid numeric literal at line 1, column 10

real	0m1.810s
user	0m0.094s
sys	0m0.141s
02/27/21 01:20:22 254854400  1614360022 secretPin: 
[WARN] get secretPin error

02/27/21 01:20:22 985739700  1614360022 王签到海豚传媒自营官方旗舰店

real	0m1.987s
user	0m0.047s
sys	0m0.094s
parse error: Invalid numeric literal at line 1, column 10
parse error: Invalid numeric literal at line 1, column 10
parse error: Invalid numeric literal at line 1, column 10
parse error: Invalid numeric literal at line 1, column 10
02/27/21 01:20:31 413316100 1614360031

real	0m3.612s
user	0m0.000s
sys	0m0.031s

real	0m1.115s
user	0m0.031s
sys	0m0.063s
[WARN] get LZ_TOKEN error
02/27/21 01:20:37 749593700  1614360037
use pt_key

real	0m1.860s
user	0m0.125s
sys	0m0.109s
02/27/21 01:20:40 477039700  1614360040 token: AAFgOS3nADBgSL4Dwmn5pP3aj1m775RoodamVM-7g9dPvFcuGO2WSqKRoLDcZMKiMfzIH5_r0jw
parse error: Invalid numeric literal at line 1, column 10

real	0m1.127s
user	0m0.094s
sys	0m0.094s
02/27/21 01:20:42 041900200  1614360042 secretPin: 
[WARN] get secretPin error

02/27/21 01:20:42 313934500  1614360042 王签到海豚传媒自营官方旗舰店

real	0m1.271s
user	0m0.047s
sys	0m0.094s
parse error: Invalid numeric literal at line 1, column 10
parse error: Invalid numeric literal at line 1, column 10
parse error: Invalid numeric literal at line 1, column 10
parse error: Invalid numeric literal at line 1, column 10
02/27/21 01:20:47 487003300 1614360047

real	0m4.447s
user	0m0.000s
sys	0m0.063s

real	0m1.183s
user	0m0.031s
sys	0m0.094s
[WARN] get LZ_TOKEN error
02/27/21 01:20:55 868712000  1614360055
use pt_key

real	0m1.019s
user	0m0.078s
sys	0m0.094s
02/27/21 01:20:57 324188800  1614360057 token: AAFgOS35ADB6CEpcdg_WfNtWxUeQdIxKoY2-fshm-hsiZa1MrkaVhwMeHRgJHxQw-NyRpmJTz9c
parse error: Invalid numeric literal at line 1, column 10

real	0m2.334s
user	0m0.141s
sys	0m0.141s
02/27/21 01:21:00 079874200  1614360060 secretPin: 
[WARN] get secretPin error

02/27/21 01:21:00 454516200  1614360060 王签到海豚传媒自营官方旗舰店

real	0m1.256s
user	0m0.031s
sys	0m0.094s
parse error: Invalid numeric literal at line 1, column 10
parse error: Invalid numeric literal at line 1, column 10
parse error: Invalid numeric literal at line 1, column 10
parse error: Invalid numeric literal at line 1, column 10
02/27/21 01:21:05 754375600 1614360065

real	0m4.056s
user	0m0.016s
sys	0m0.031s

real	0m1.554s
user	0m0.047s
sys	0m0.063s
[WARN] get LZ_TOKEN error
02/27/21 01:21:12 569277300  1614360072
use pt_key

real	0m1.557s
user	0m0.125s
sys	0m0.125s
02/27/21 01:21:14 578477100  1614360074 token: AAFgOS4JADAaYZq9CoHnRLrPHl55g2vz8J9dDeJzB72BOkZXCT3I-OVnn4Opx1V_KkWObm1UU5s
parse error: Invalid numeric literal at line 1, column 10

real	0m1.443s
user	0m0.109s
sys	0m0.094s
02/27/21 01:21:16 468092700  1614360076 secretPin: 
[WARN] get secretPin error

02/27/21 01:21:16 865552400  1614360076 王签到海豚传媒自营官方旗舰店

real	0m0.938s
user	0m0.016s
sys	0m0.109s
parse error: Invalid numeric literal at line 1, column 10
parse error: Invalid numeric literal at line 1, column 10
parse error: Invalid numeric literal at line 1, column 10
parse error: Invalid numeric literal at line 1, column 10
02/27/21 01:21:20 675176100 1614360080

real	0m4.193s
user	0m0.000s
sys	0m0.047s

real	0m1.041s
user	0m0.031s
sys	0m0.078s
[WARN] get LZ_TOKEN error
02/27/21 01:21:26 545460000  1614360086
use pt_key

real	0m1.104s
user	0m0.094s
sys	0m0.172s
02/27/21 01:21:27 991329100  1614360087 token: AAFgOS4XADD7qY0x0L-3l1nAE2YWhbTMuOAZ0HwXmfCc6X2EBFWbcoTDSo7rV1qAMok7vy8BQ7o
parse error: Invalid numeric literal at line 1, column 10

real	0m1.229s
user	0m0.078s
sys	0m0.156s
02/27/21 01:21:29 408051400  1614360089 secretPin: 
[WARN] get secretPin error

02/27/21 01:21:29 641227500  1614360089 王签到海豚传媒自营官方旗舰店

real	0m1.202s
user	0m0.031s
sys	0m0.094s
parse error: Invalid numeric literal at line 1, column 10
parse error: Invalid numeric literal at line 1, column 10
parse error: Invalid numeric literal at line 1, column 10
parse error: Invalid numeric literal at line 1, column 10
02/27/21 01:21:33 855326500 1614360093

real	0m4.084s
user	0m0.000s
sys	0m0.031s

real	0m0.819s
user	0m0.031s
sys	0m0.094s
[WARN] get LZ_TOKEN error
02/27/21 01:21:39 665134600  1614360099
use pt_key

real	0m0.777s
user	0m0.109s
sys	0m0.125s
02/27/21 01:21:40 836677700  1614360100 token: AAFgOS4kADB8H6YivTShBPoobFitYi7TU0MsaA77Uj4bRy90lZOoVEdfFu0u87bs8hQ9VI3puk4
parse error: Invalid numeric literal at line 1, column 10

real	0m1.656s
user	0m0.109s
sys	0m0.094s
02/27/21 01:21:42 873371200  1614360102 secretPin: 
[WARN] get secretPin error

02/27/21 01:21:43 360609000  1614360103 王签到海豚传媒自营官方旗舰店

real	0m1.064s
user	0m0.047s
sys	0m0.094s
parse error: Invalid numeric literal at line 1, column 10
parse error: Invalid numeric literal at line 1, column 10
parse error: Invalid numeric literal at line 1, column 10
parse error: Invalid numeric literal at line 1, column 10
02/27/21 01:21:47 863413100 1614360107

real	0m4.512s
user	0m0.000s
sys	0m0.063s

real	0m1.849s
user	0m0.078s
sys	0m0.063s
[WARN] get LZ_TOKEN error
02/27/21 01:21:55 314605400  1614360115
use pt_key

real	0m0.850s
user	0m0.094s
sys	0m0.125s
02/27/21 01:21:56 369317000  1614360116 token: AAFgOS40ADAb13RYcRVKSTbzNCZrgNEdkF1qNCJzavHCsrnjUJfyS4y8nnR8IxHDP0b8x6Gy7NY
parse error: Invalid numeric literal at line 1, column 10

real	0m1.070s
user	0m0.109s
sys	0m0.125s
02/27/21 01:21:57 623384100  1614360117 secretPin: 
[WARN] get secretPin error

02/27/21 01:21:57 939639600  1614360117 王签到海豚传媒自营官方旗舰店

real	0m0.994s
user	0m0.016s
sys	0m0.063s
parse error: Invalid numeric literal at line 1, column 10
parse error: Invalid numeric literal at line 1, column 10
parse error: Invalid numeric literal at line 1, column 10
parse error: Invalid numeric literal at line 1, column 10
02/27/21 01:22:01 163367300 1614360121

real	0m4.438s
user	0m0.000s
sys	0m0.047s

real	0m0.926s
user	0m0.063s
sys	0m0.078s
[WARN] get LZ_TOKEN error
02/27/21 01:22:07 029386100  1614360127
use pt_key

real	0m0.818s
user	0m0.141s
sys	0m0.109s
02/27/21 01:22:07 942396100  1614360127 token: AAFgOS4_ADBzryIrkAyanNQuyBzvCC9ZZC3BvZOActCrLw736z1snHN3OGFuYQTLbETYZP-s22c
parse error: Invalid numeric literal at line 1, column 10

real	0m0.981s
user	0m0.094s
sys	0m0.094s
02/27/21 01:22:09 101524900  1614360129 secretPin: 
[WARN] get secretPin error

02/27/21 01:22:09 213770500  1614360129 王签到海豚传媒自营官方旗舰店

real	0m0.881s
user	0m0.078s
sys	0m0.125s
parse error: Invalid numeric literal at line 1, column 10
parse error: Invalid numeric literal at line 1, column 10
parse error: Invalid numeric literal at line 1, column 10
parse error: Invalid numeric literal at line 1, column 10
02/27/21 01:22:12 152119600 1614360132

real	0m4.469s
user	0m0.000s
sys	0m0.016s
02/27/21 01:22:32 325050200  1614360152
parse error: Invalid numeric literal at line 1, column 10
签到是否成功解析失败. 不再写/home/myid/jd/jd_signup/lzkj_sevenDay_vender/shop_1613703008_9_delay

王签到海豚传媒自营官方旗舰店查看结果, 活动规则
<!DOCTYPE html>
<html>
 <head> 
  <title>京东</title> 
  <meta charset="utf-8" /> 
  <meta name="apple-mobile-web-app-capable" content="yes" /> 
  <meta name="viewport" content="width=device-width,initial-scale=1,user-scalable=no,maximum-scale=1,viewport-fit=cover" /> 
  <meta name="format-detection" content="telephone=no" /> 
  <meta name="x5-cache" content="enable" /> 
  <link rel="stylesheet" href="https://storage.360buyimg.com/babel/00162638/333378/production/dev/parser.1526555535098.css?t=20180517191236" /> 
  <style> img {
            opacity: 1 !important;
        } </style> 
  <link href="https://storage.360buyimg.com/babel/00170893/348321/production/dev/index.7320a380.css?t=20180802150952" rel="stylesheet" />
 </head> 
 <body style="background:#fff;" id="root"> 
  <div class="errorPage"> 
  </div> 
  <div class="placeholer"> 
  </div> 
  <script src="https://wl.jd.com/unify.min.js"></script> 
  <script type="text/javascript" src="https://storage.360buyimg.com/babel/00170893/348321/production/dev/index.0f8f4dba.js?t=20180802150952"></script> 
 </body>
</html>

#店铺名称
vendername="海豚传媒自营官方旗舰店"
#店铺激活码
actId="14f003bcc03e444299ad216d4166702d"
#店铺id
venderId="1000004641"
#长链接
url="https://lzkj-isv.isvjcloud.com/sign/sevenDay/signActivity?activityId=14f003bcc03e444299ad216d4166702d&venderId=1000004641&adsource=tg_xuanFuTuBiao"

startTime=1612146180
endTime=1614527940
# 活动时间：2021-02-01 10:23 - 2021-02-28 23:59；
# 奖励说明：
actRule="
7天签到
连续签到1天：6元优惠券
连续签到2天：10店铺积分
连续签到3天：1京豆
连续签到4天：20店铺积分
连续签到5天：2京豆
连续签到6天：30店铺积分
连续签到7天：5京豆
"
#赵 122294312-396444 sign_res
sign_num="1"
giftName="null"
giftRes="ok"
giftDate="20210226"
sign_res_info="7天签到 第 1 天
当天签到奖励 [null]"
#赵 122294312-396444 sign_res_end
#王 1309893722-164885 sign_res
sign_num="1"
giftName="null"
giftRes="ok"
giftDate="20210226"
sign_res_info="7天签到 第 1 天
当天签到奖励 [null]"
#王 1309893722-164885 sign_res_end
#肥鹅 jd_4d651d9e48204 sign_res
sign_num="1"
giftName="null"
giftRes="ok"
giftDate="20210226"
sign_res_info="7天签到 第 1 天
当天签到奖励 [null]"
#肥鹅 jd_4d651d9e48204 sign_res_end
#移动 jd_OeTNobRVGiNZ sign_res
sign_num="1"
giftName="null"
giftRes="ok"
giftDate="20210226"
sign_res_info="7天签到 第 1 天
当天签到奖励 [null]"
#移动 jd_OeTNobRVGiNZ sign_res_end
