03/05/21 01:18:46 338406000  1614878326
RANDOM_num: 35
removed '/tmp/tmp.204RYLocZ8'
03/05/21 01:18:46 572093800  1614878326 检查赵签到

real	0m0.266s
user	0m0.016s
sys	0m0.109s
lzkj-isv.isvjcloud.com	FALSE	/	FALSE	1614878926	LZ_TOKEN_VALUE	B0oH3vDY2bhHWuKbVaJ+XQ==
lzkj-isv.isvjcloud.com	FALSE	/	FALSE	1614878926	LZ_TOKEN_KEY	lztokenpagefcdb171f71584109bb6a470213fe3dc7
03/05/21 01:18:47 059341300  1614878327
use pt_key

real	0m0.221s
user	0m0.125s
sys	0m0.094s
03/05/21 01:18:47 309405200  1614878327 token: AAFgQRZ3ADA6ru_j4yEYZKVUK1BnDGK2vcWdGnO5Mb7JWEOMTCMh3JZugdw8mBwf1CbnYr-evYo

real	0m0.453s
user	0m0.031s
sys	0m0.063s
03/05/21 01:18:48 033244100  1614878328 secretPin: 51S2JqsypB/nfj45frYeoU7oeVP9kq2pYSH90mYt4m3fwcJlClpxrfmVYaGKuquQkdK3rLBQpEQH9V4tdrrh0w==

03/05/21 01:18:48 063344400  1614878328 赵签到安我（AND ALL）健康京东自营旗舰店

real	0m0.327s
user	0m0.031s
sys	0m0.094s
{
  "msg": "当天只允许签到一次",
  "isOk": false
}
"当天只允许签到一次"
03/05/21 01:18:49 043688100 1614878329
03/05/21 01:18:49 090344700 1614878329 签到安我（AND ALL）健康京东自营旗舰店完成
03/05/21 01:20:34 778886800  1614878434
false
parse error: Invalid numeric literal at line 1, column 10
重复签到. 载入之前签到的giftName: 

***********************************************
7天签到 第  天
当天签到奖励 []
***********************************************

赵签到安我（AND ALL）健康京东自营旗舰店查看结果, 活动规则
<!DOCTYPE html>
<html>
 <head> 
  <title>京东</title> 
  <meta charset="utf-8" /> 
  <meta name="apple-mobile-web-app-capable" content="yes" /> 
  <meta name="viewport" content="width=device-width,initial-scale=1,user-scalable=no,maximum-scale=1,viewport-fit=cover" /> 
  <meta name="format-detection" content="telephone=no" /> 
  <meta name="x5-cache" content="enable" /> 
  <link rel="stylesheet" href="https://storage.360buyimg.com/babel/00162638/333378/production/dev/parser.1526555535098.css?t=20180517191236" /> 
  <style> img {
            opacity: 1 !important;
        } </style> 
  <link href="https://storage.360buyimg.com/babel/00170893/348321/production/dev/index.7320a380.css?t=20180802150952" rel="stylesheet" />
 </head> 
 <body style="background:#fff;" id="root"> 
  <div class="errorPage"> 
  </div> 
  <div class="placeholer"> 
  </div> 
  <script src="https://wl.jd.com/unify.min.js"></script> 
  <script type="text/javascript" src="https://storage.360buyimg.com/babel/00170893/348321/production/dev/index.0f8f4dba.js?t=20180802150952"></script> 
 </body>
</html>

#店铺名称
vendername="安我（AND ALL）健康京东自营旗舰店"
#店铺激活码
actId="f63f0cc98d32422b8b6ac5b8a0aaec0e"
#店铺id
venderId="1000351797"
#长链接
url="https://lzkj-isv.isvjcloud.com/sign/sevenDay/signActivity?activityId=f63f0cc98d32422b8b6ac5b8a0aaec0e&venderId=1000351797"

startTime=1613723220
endTime=1616342340
# 活动时间：2021-02-19 16:27 - 2021-03-21 23:59；
# 奖励说明：
actRule="
7天签到
连续签到1天：1京豆
连续签到2天：1京豆
连续签到3天：3京豆
连续签到4天：2京豆
连续签到5天：2京豆
连续签到6天：2京豆
连续签到7天：5京豆
"
#王 1309893722-164885 sign_res
sign_num="1"
giftName=""
giftRes="ok"
giftDate="20210304"
sign_res_info="7天签到 第 1 天
当天签到奖励 []"
#王 1309893722-164885 sign_res_end
#肥鹅 jd_4d651d9e48204 sign_res
sign_num="1"
giftName="null"
giftRes="ok"
giftDate="20210304"
sign_res_info="7天签到 第 1 天
当天签到奖励 [null]"
#肥鹅 jd_4d651d9e48204 sign_res_end
#移动 jd_OeTNobRVGiNZ sign_res
sign_num="0"
giftName=""
giftRes=""
giftDate="20210305"
sign_res_info="7天签到 第 0 天
当天签到奖励 []"
#移动 jd_OeTNobRVGiNZ sign_res_end
#赵 122294312-396444 sign_res
sign_num=""
giftName=""
giftRes="ok"
giftDate="20210305"
sign_res_info="7天签到 第  天
当天签到奖励 []"
#赵 122294312-396444 sign_res_end
