RANDOM_num: 20
lzdz-isv.isvjcloud.com	FALSE	/	FALSE	1617297422	LZ_TOKEN_VALUE	B0oH3vDY2bhHWuKbVaJ+XQ==
lzdz-isv.isvjcloud.com	FALSE	/	FALSE	1617297422	LZ_TOKEN_KEY	lztokenpage16825a49acf34e4599a091ff01df0669
use pt_key
token: AAFgZf20ADC1rDZEhMxCxqEbdeAGHtZ2R4DqO7ew83dtZyrBwDHHOgah-tg8AoT3K6TDrvnyCLs
secretPin: 4YEv+ri88IbQX5lhoqHrzE7oeVP9kq2pYSH90mYt4m3fwcJlClpxrfmVYaGKuquQkdK3rLBQpEQH9V4tdrrh0w==

04/02/21 01:07:03 126889900  1617296823
肥鹅签到蒙牛京东自营旗舰店
{
  "result": false,
  "data": "",
  "count": 0,
  "errorMessage": "活动已结束！"
}
"活动已结束！"
签到蒙牛京东自营旗舰店完成

肥鹅签到蒙牛京东自营旗舰店查看结果, 活动规则
{"result":false,"data":"","count":0,"errorMessage":"活动已结束！"}

{
  "result": false,
  "data": "",
  "count": 0,
  "errorMessage": "活动已结束！"
}
