03/09/21 04:00:37 090636600  1615233637
RANDOM_num: 45
removed '/tmp/tmp.7EYIyZuy8v'
03/09/21 04:00:37 194532700  1615233637
肥鹅 今天已经签到过. 签到结果: ok  giftDate: 20210309
***********************************************

2021/02/23_00:00:00  2    未签到
2021/02/24_00:00:00  2    未签到
2021/02/25_00:00:00  2    未签到
2021/02/26_00:00:00  2    未签到
2021/02/27_00:00:00  2    未签到
2021/02/28_00:00:00  2    未签到
2021/03/01_00:00:00  2    未签到
2021/03/02_00:00:00  2    未签到
2021/03/03_00:00:00  2    未签到
2021/03/04_00:00:00  2    未签到
2021/03/05_00:00:00  2    未签到
2021/03/06_00:00:00  2    未签到
2021/03/07_21:19:12  2    [已~签~到]
2021/03/08_01:12:18  2    [已~签~到]
2021/03/09_01:13:11  1    [已~签~到]
2021/03/10_00:00:00  3    未签到
2021/03/11_00:00:00  3    未签到
2021/03/12_00:00:00  3    未签到
2021/03/13_00:00:00  3    未签到
2021/03/14_00:00:00  3    未签到
2021/03/15_00:00:00  3    未签到
2021/03/16_00:00:00  3    未签到
2021/03/17_00:00:00  3    未签到
2021/03/18_00:00:00  3    未签到
2021/03/19_00:00:00  3    未签到
2021/03/20_00:00:00  3    未签到
2021/03/21_00:00:00  3    未签到
2021/03/22_00:00:00  3    未签到
2021/03/23_00:00:00  3    未签到
当天签到奖励 [奖励5,type=6;]
已签到 3 天
***********************************************

03/09/21 04:00:37 208818900  1615233637 检查jd_4d651d9e48204签到
removed '/tmp/tmp.5oNxvrg17j'
移动 今天已经签到过. 签到结果: ok  giftDate: 20210309
***********************************************

2021/02/23_00:00:00  2    未签到
2021/02/24_00:00:00  2    未签到
2021/02/25_00:00:00  2    未签到
2021/02/26_00:00:00  2    未签到
2021/02/27_00:00:00  2    未签到
2021/02/28_00:00:00  2    未签到
2021/03/01_00:00:00  2    未签到
2021/03/02_00:00:00  2    未签到
2021/03/03_00:00:00  2    未签到
2021/03/04_00:00:00  2    未签到
2021/03/05_00:00:00  2    未签到
2021/03/06_00:00:00  2    未签到
2021/03/07_21:19:12  2    [已~签~到]
2021/03/08_01:12:18  2    [已~签~到]
2021/03/09_01:13:11  1    [已~签~到]
2021/03/10_00:00:00  3    未签到
2021/03/11_00:00:00  3    未签到
2021/03/12_00:00:00  3    未签到
2021/03/13_00:00:00  3    未签到
2021/03/14_00:00:00  3    未签到
2021/03/15_00:00:00  3    未签到
2021/03/16_00:00:00  3    未签到
2021/03/17_00:00:00  3    未签到
2021/03/18_00:00:00  3    未签到
2021/03/19_00:00:00  3    未签到
2021/03/20_00:00:00  3    未签到
2021/03/21_00:00:00  3    未签到
2021/03/22_00:00:00  3    未签到
2021/03/23_00:00:00  3    未签到
当天签到奖励 [奖励5,type=6;]
已签到 3 天
***********************************************

03/09/21 04:00:37 279255300  1615233637 检查jd_OeTNobRVGiNZ签到
今天已全部签到过
# 短链接
suo_url=""
venderId=1000005110
startTime=1614009600000
endTime=1616515199000
activityId=10274999
token=5436B28A6FFBFA2AAC35A8FF113ABAB5
#店铺名称
vendername="安娜苏（AnnaSui)美妆京东自营旗舰店"
# 长链接
url=https://h5.m.jd.com/babelDiy/Zeus/2PAAf74aG3D61qvfKUM5dxUssJQ9/index.html?token=5436B28A6FFBFA2AAC35A8FF113ABAB5
# 活动时间：2021.02.23 00:00:00 - 2021.03.23 23:59:59
# 奖励说明：
actRule="
每日签到：5店铺积分
连续签到7天：5京豆
"
#赵 122294312-396444 sign_res
sign_res="
signTime=1614009600;signed=1;currentDay=2
signTime=1614096000;signed=1;currentDay=2
signTime=1614182400;signed=1;currentDay=2
signTime=1614268800;signed=1;currentDay=2
signTime=1614355200;signed=1;currentDay=2
signTime=1614441600;signed=1;currentDay=2
signTime=1614528000;signed=1;currentDay=2
signTime=1614614400;signed=1;currentDay=2
signTime=1614700800;signed=1;currentDay=2
signTime=1614787200;signed=1;currentDay=2
signTime=1614873600;signed=1;currentDay=2
signTime=1614960000;signed=1;currentDay=2
signTime=1615123164;signed=2;currentDay=2
signTime=1615137118;signed=2;currentDay=2
signTime=1615223546;signed=2;currentDay=1
signTime=1615305600;signed=1;currentDay=3
signTime=1615392000;signed=1;currentDay=3
signTime=1615478400;signed=1;currentDay=3
signTime=1615564800;signed=1;currentDay=3
signTime=1615651200;signed=1;currentDay=3
signTime=1615737600;signed=1;currentDay=3
signTime=1615824000;signed=1;currentDay=3
signTime=1615910400;signed=1;currentDay=3
signTime=1615996800;signed=1;currentDay=3
signTime=1616083200;signed=1;currentDay=3
signTime=1616169600;signed=1;currentDay=3
signTime=1616256000;signed=1;currentDay=3
signTime=1616342400;signed=1;currentDay=3
signTime=1616428800;signed=1;currentDay=3"
sign_num="3"
giftName="奖励5,type=6;"
giftRes="ok"
giftDate="20210309"
sign_res_info="
2021/02/23_00:00:00  2    未签到
2021/02/24_00:00:00  2    未签到
2021/02/25_00:00:00  2    未签到
2021/02/26_00:00:00  2    未签到
2021/02/27_00:00:00  2    未签到
2021/02/28_00:00:00  2    未签到
2021/03/01_00:00:00  2    未签到
2021/03/02_00:00:00  2    未签到
2021/03/03_00:00:00  2    未签到
2021/03/04_00:00:00  2    未签到
2021/03/05_00:00:00  2    未签到
2021/03/06_00:00:00  2    未签到
2021/03/07_21:19:24  2    [已~签~到]
2021/03/08_01:11:58  2    [已~签~到]
2021/03/09_01:12:26  1    [已~签~到]
2021/03/10_00:00:00  3    未签到
2021/03/11_00:00:00  3    未签到
2021/03/12_00:00:00  3    未签到
2021/03/13_00:00:00  3    未签到
2021/03/14_00:00:00  3    未签到
2021/03/15_00:00:00  3    未签到
2021/03/16_00:00:00  3    未签到
2021/03/17_00:00:00  3    未签到
2021/03/18_00:00:00  3    未签到
2021/03/19_00:00:00  3    未签到
2021/03/20_00:00:00  3    未签到
2021/03/21_00:00:00  3    未签到
2021/03/22_00:00:00  3    未签到
2021/03/23_00:00:00  3    未签到
当天签到奖励 [奖励5,type=6;]
已签到 3 天"
#赵 122294312-396444 sign_res_end
#王 1309893722-164885 sign_res
sign_res="
signTime=1614009600;signed=1;currentDay=2
signTime=1614096000;signed=1;currentDay=2
signTime=1614182400;signed=1;currentDay=2
signTime=1614268800;signed=1;currentDay=2
signTime=1614355200;signed=1;currentDay=2
signTime=1614441600;signed=1;currentDay=2
signTime=1614528000;signed=1;currentDay=2
signTime=1614614400;signed=1;currentDay=2
signTime=1614700800;signed=1;currentDay=2
signTime=1614787200;signed=1;currentDay=2
signTime=1614873600;signed=1;currentDay=2
signTime=1614960000;signed=1;currentDay=2
signTime=1615046400;signed=1;currentDay=2
signTime=1615137119;signed=2;currentDay=2
signTime=1615223547;signed=2;currentDay=1
signTime=1615305600;signed=1;currentDay=3
signTime=1615392000;signed=1;currentDay=3
signTime=1615478400;signed=1;currentDay=3
signTime=1615564800;signed=1;currentDay=3
signTime=1615651200;signed=1;currentDay=3
signTime=1615737600;signed=1;currentDay=3
signTime=1615824000;signed=1;currentDay=3
signTime=1615910400;signed=1;currentDay=3
signTime=1615996800;signed=1;currentDay=3
signTime=1616083200;signed=1;currentDay=3
signTime=1616169600;signed=1;currentDay=3
signTime=1616256000;signed=1;currentDay=3
signTime=1616342400;signed=1;currentDay=3
signTime=1616428800;signed=1;currentDay=3"
sign_num="2"
giftName="奖励5,type=6;"
giftRes="ok"
giftDate="20210309"
sign_res_info="
2021/02/23_00:00:00  2    未签到
2021/02/24_00:00:00  2    未签到
2021/02/25_00:00:00  2    未签到
2021/02/26_00:00:00  2    未签到
2021/02/27_00:00:00  2    未签到
2021/02/28_00:00:00  2    未签到
2021/03/01_00:00:00  2    未签到
2021/03/02_00:00:00  2    未签到
2021/03/03_00:00:00  2    未签到
2021/03/04_00:00:00  2    未签到
2021/03/05_00:00:00  2    未签到
2021/03/06_00:00:00  2    未签到
2021/03/07_00:00:00  2    未签到
2021/03/08_01:11:59  2    [已~签~到]
2021/03/09_01:12:27  1    [已~签~到]
2021/03/10_00:00:00  3    未签到
2021/03/11_00:00:00  3    未签到
2021/03/12_00:00:00  3    未签到
2021/03/13_00:00:00  3    未签到
2021/03/14_00:00:00  3    未签到
2021/03/15_00:00:00  3    未签到
2021/03/16_00:00:00  3    未签到
2021/03/17_00:00:00  3    未签到
2021/03/18_00:00:00  3    未签到
2021/03/19_00:00:00  3    未签到
2021/03/20_00:00:00  3    未签到
2021/03/21_00:00:00  3    未签到
2021/03/22_00:00:00  3    未签到
2021/03/23_00:00:00  3    未签到
当天签到奖励 [奖励5,type=6;]
已签到 2 天"
#王 1309893722-164885 sign_res_end
#肥鹅 jd_4d651d9e48204 sign_res
sign_res="
signTime=1614009600;signed=1;currentDay=2
signTime=1614096000;signed=1;currentDay=2
signTime=1614182400;signed=1;currentDay=2
signTime=1614268800;signed=1;currentDay=2
signTime=1614355200;signed=1;currentDay=2
signTime=1614441600;signed=1;currentDay=2
signTime=1614528000;signed=1;currentDay=2
signTime=1614614400;signed=1;currentDay=2
signTime=1614700800;signed=1;currentDay=2
signTime=1614787200;signed=1;currentDay=2
signTime=1614873600;signed=1;currentDay=2
signTime=1614960000;signed=1;currentDay=2
signTime=1615123152;signed=2;currentDay=2
signTime=1615137138;signed=2;currentDay=2
signTime=1615223591;signed=2;currentDay=1
signTime=1615305600;signed=1;currentDay=3
signTime=1615392000;signed=1;currentDay=3
signTime=1615478400;signed=1;currentDay=3
signTime=1615564800;signed=1;currentDay=3
signTime=1615651200;signed=1;currentDay=3
signTime=1615737600;signed=1;currentDay=3
signTime=1615824000;signed=1;currentDay=3
signTime=1615910400;signed=1;currentDay=3
signTime=1615996800;signed=1;currentDay=3
signTime=1616083200;signed=1;currentDay=3
signTime=1616169600;signed=1;currentDay=3
signTime=1616256000;signed=1;currentDay=3
signTime=1616342400;signed=1;currentDay=3
signTime=1616428800;signed=1;currentDay=3"
sign_num="3"
giftName="奖励5,type=6;"
giftRes="ok"
giftDate="20210309"
sign_res_info="
2021/02/23_00:00:00  2    未签到
2021/02/24_00:00:00  2    未签到
2021/02/25_00:00:00  2    未签到
2021/02/26_00:00:00  2    未签到
2021/02/27_00:00:00  2    未签到
2021/02/28_00:00:00  2    未签到
2021/03/01_00:00:00  2    未签到
2021/03/02_00:00:00  2    未签到
2021/03/03_00:00:00  2    未签到
2021/03/04_00:00:00  2    未签到
2021/03/05_00:00:00  2    未签到
2021/03/06_00:00:00  2    未签到
2021/03/07_21:19:12  2    [已~签~到]
2021/03/08_01:12:18  2    [已~签~到]
2021/03/09_01:13:11  1    [已~签~到]
2021/03/10_00:00:00  3    未签到
2021/03/11_00:00:00  3    未签到
2021/03/12_00:00:00  3    未签到
2021/03/13_00:00:00  3    未签到
2021/03/14_00:00:00  3    未签到
2021/03/15_00:00:00  3    未签到
2021/03/16_00:00:00  3    未签到
2021/03/17_00:00:00  3    未签到
2021/03/18_00:00:00  3    未签到
2021/03/19_00:00:00  3    未签到
2021/03/20_00:00:00  3    未签到
2021/03/21_00:00:00  3    未签到
2021/03/22_00:00:00  3    未签到
2021/03/23_00:00:00  3    未签到
当天签到奖励 [奖励5,type=6;]
已签到 3 天"
#肥鹅 jd_4d651d9e48204 sign_res_end
#移动 jd_OeTNobRVGiNZ sign_res
sign_res="
signTime=1614009600;signed=1;currentDay=2
signTime=1614096000;signed=1;currentDay=2
signTime=1614182400;signed=1;currentDay=2
signTime=1614268800;signed=1;currentDay=2
signTime=1614355200;signed=1;currentDay=2
signTime=1614441600;signed=1;currentDay=2
signTime=1614528000;signed=1;currentDay=2
signTime=1614614400;signed=1;currentDay=2
signTime=1614700800;signed=1;currentDay=2
signTime=1614787200;signed=1;currentDay=2
signTime=1614873600;signed=1;currentDay=2
signTime=1614960000;signed=1;currentDay=2
signTime=1615123152;signed=2;currentDay=2
signTime=1615137138;signed=2;currentDay=2
signTime=1615223591;signed=2;currentDay=1
signTime=1615305600;signed=1;currentDay=3
signTime=1615392000;signed=1;currentDay=3
signTime=1615478400;signed=1;currentDay=3
signTime=1615564800;signed=1;currentDay=3
signTime=1615651200;signed=1;currentDay=3
signTime=1615737600;signed=1;currentDay=3
signTime=1615824000;signed=1;currentDay=3
signTime=1615910400;signed=1;currentDay=3
signTime=1615996800;signed=1;currentDay=3
signTime=1616083200;signed=1;currentDay=3
signTime=1616169600;signed=1;currentDay=3
signTime=1616256000;signed=1;currentDay=3
signTime=1616342400;signed=1;currentDay=3
signTime=1616428800;signed=1;currentDay=3"
sign_num="3"
giftName="奖励5,type=6;"
giftRes="ok"
giftDate="20210309"
sign_res_info="
2021/02/23_00:00:00  2    未签到
2021/02/24_00:00:00  2    未签到
2021/02/25_00:00:00  2    未签到
2021/02/26_00:00:00  2    未签到
2021/02/27_00:00:00  2    未签到
2021/02/28_00:00:00  2    未签到
2021/03/01_00:00:00  2    未签到
2021/03/02_00:00:00  2    未签到
2021/03/03_00:00:00  2    未签到
2021/03/04_00:00:00  2    未签到
2021/03/05_00:00:00  2    未签到
2021/03/06_00:00:00  2    未签到
2021/03/07_21:19:12  2    [已~签~到]
2021/03/08_01:12:18  2    [已~签~到]
2021/03/09_01:13:11  1    [已~签~到]
2021/03/10_00:00:00  3    未签到
2021/03/11_00:00:00  3    未签到
2021/03/12_00:00:00  3    未签到
2021/03/13_00:00:00  3    未签到
2021/03/14_00:00:00  3    未签到
2021/03/15_00:00:00  3    未签到
2021/03/16_00:00:00  3    未签到
2021/03/17_00:00:00  3    未签到
2021/03/18_00:00:00  3    未签到
2021/03/19_00:00:00  3    未签到
2021/03/20_00:00:00  3    未签到
2021/03/21_00:00:00  3    未签到
2021/03/22_00:00:00  3    未签到
2021/03/23_00:00:00  3    未签到
当天签到奖励 [奖励5,type=6;]
已签到 3 天"
#移动 jd_OeTNobRVGiNZ sign_res_end
