03/23/21 01:18:49 469503000  1616433529
RANDOM_num: 10
removed '/tmp/tmp.ad0utFNR6w'
03/23/21 01:18:49 775985600  1616433529 检查肥鹅签到

real	0m0.213s
user	0m0.016s
sys	0m0.063s
lzkj-isv.isvjcloud.com	FALSE	/	FALSE	1616434130	LZ_TOKEN_VALUE	B0oH3vDY2bhHWuKbVaJ+XQ==
lzkj-isv.isvjcloud.com	FALSE	/	FALSE	1616434130	LZ_TOKEN_KEY	lztokenpage5f2882710eb444da8654a0fbd2eb9ba8
03/23/21 01:18:50 190763500  1616433530
use pt_key

real	0m0.192s
user	0m0.094s
sys	0m0.141s
03/23/21 01:18:50 421679900  1616433530 token: AAFgWNF5ADDfTlxotDc-T5eLKTKtX2FGmwW1BhluDrYg5vTGoVBlyPYtveN7yem_JNEaul5GXJo

real	0m0.427s
user	0m0.047s
sys	0m0.063s
03/23/21 01:18:51 140291700  1616433531 secretPin: 4YEv+ri88IbQX5lhoqHrzE7oeVP9kq2pYSH90mYt4m3fwcJlClpxrfmVYaGKuquQkdK3rLBQpEQH9V4tdrrh0w==

03/23/21 01:18:51 188134100  1616433531 肥鹅签到大华存储京东自营旗舰店

real	0m0.217s
user	0m0.031s
sys	0m0.063s
parse error: Invalid numeric literal at line 1, column 10
parse error: Invalid numeric literal at line 1, column 10
parse error: Invalid numeric literal at line 1, column 10
parse error: Invalid numeric literal at line 1, column 10
parse error: Invalid numeric literal at line 1, column 10
03/23/21 01:18:52 152877600 1616433532

real	0m0.378s
user	0m0.000s
sys	0m0.047s

real	0m0.465s
user	0m0.047s
sys	0m0.063s
lzkj-isv.isvjcloud.com	FALSE	/	FALSE	1616434132	LZ_TOKEN_VALUE	B0oH3vDY2bhHWuKbVaJ+XQ==
lzkj-isv.isvjcloud.com	FALSE	/	FALSE	1616434132	LZ_TOKEN_KEY	lztokenpage548f9f6f797546e99779a87f1cd26dd7
03/23/21 01:18:53 179600700  1616433533
use pt_key

real	0m0.273s
user	0m0.109s
sys	0m0.109s
03/23/21 01:18:53 524707100  1616433533 token: AAFgWNF8ADC_I4LkRKJCi3WfcuRdUyglnhS4CVAJY-kgfWC-zrhqzTk3KVHlWvFsEIchkNTaJTQ

real	0m0.458s
user	0m0.031s
sys	0m0.094s
03/23/21 01:18:54 427108700  1616433534 secretPin: 4YEv+ri88IbQX5lhoqHrzE7oeVP9kq2pYSH90mYt4m3fwcJlClpxrfmVYaGKuquQkdK3rLBQpEQH9V4tdrrh0w==

03/23/21 01:18:54 519848300  1616433534 肥鹅签到大华存储京东自营旗舰店

real	0m0.438s
user	0m0.016s
sys	0m0.094s
parse error: Invalid numeric literal at line 1, column 10
parse error: Invalid numeric literal at line 1, column 10
parse error: Invalid numeric literal at line 1, column 10
parse error: Invalid numeric literal at line 1, column 10
parse error: Invalid numeric literal at line 1, column 10
03/23/21 01:18:55 999421900 1616433535

real	0m0.488s
user	0m0.000s
sys	0m0.063s

real	0m0.421s
user	0m0.047s
sys	0m0.078s
lzkj-isv.isvjcloud.com	FALSE	/	FALSE	1616434136	LZ_TOKEN_VALUE	B0oH3vDY2bhHWuKbVaJ+XQ==
lzkj-isv.isvjcloud.com	FALSE	/	FALSE	1616434136	LZ_TOKEN_KEY	lztokenpage12e53064cd304940ada721cfbed21b14
03/23/21 01:18:57 144520700  1616433537
use pt_key

real	0m0.420s
user	0m0.094s
sys	0m0.047s
03/23/21 01:18:57 656396000  1616433537 token: AAFgWNGBADDcpJagS20Ab1rLd-FMxh9w7WU7dW5OlC345aR_XuUuhJm-k9UafVCyha-w7pX4xtw

real	0m0.490s
user	0m0.047s
sys	0m0.063s
03/23/21 01:18:58 575990600  1616433538 secretPin: 4YEv+ri88IbQX5lhoqHrzE7oeVP9kq2pYSH90mYt4m3fwcJlClpxrfmVYaGKuquQkdK3rLBQpEQH9V4tdrrh0w==

03/23/21 01:18:58 635953700  1616433538 肥鹅签到大华存储京东自营旗舰店

real	0m0.252s
user	0m0.031s
sys	0m0.094s
parse error: Invalid numeric literal at line 1, column 10
parse error: Invalid numeric literal at line 1, column 10
parse error: Invalid numeric literal at line 1, column 10
parse error: Invalid numeric literal at line 1, column 10
parse error: Invalid numeric literal at line 1, column 10
03/23/21 01:19:00 155444500 1616433540

real	0m0.786s
user	0m0.000s
sys	0m0.031s

real	0m0.303s
user	0m0.063s
sys	0m0.047s
[WARN] get LZ_TOKEN error
03/23/21 01:19:01 469674100  1616433541
use pt_key

real	0m0.433s
user	0m0.141s
sys	0m0.094s
03/23/21 01:19:01 950914100  1616433541 token: AAFgWNGFADC4k1y3Xo1ng9hG9onCVN7HvsUp2w5258AaHCsyPYBLFYBSuLZhHtqeF-tbzI9KZtQ

real	0m0.298s
user	0m0.031s
sys	0m0.094s
03/23/21 01:19:02 454448100  1616433542 secretPin: 
[WARN] get secretPin error

03/23/21 01:19:02 483466800  1616433542 肥鹅签到大华存储京东自营旗舰店

real	0m0.253s
user	0m0.016s
sys	0m0.094s
parse error: Invalid numeric literal at line 1, column 10
parse error: Invalid numeric literal at line 1, column 10
parse error: Invalid numeric literal at line 1, column 10
parse error: Invalid numeric literal at line 1, column 10
parse error: Invalid numeric literal at line 1, column 10
03/23/21 01:19:03 812170200 1616433543

real	0m1.069s
user	0m0.000s
sys	0m0.000s

real	0m0.317s
user	0m0.016s
sys	0m0.078s
lzkj-isv.isvjcloud.com	FALSE	/	FALSE	1616434145	LZ_TOKEN_VALUE	B0oH3vDY2bhHWuKbVaJ+XQ==
lzkj-isv.isvjcloud.com	FALSE	/	FALSE	1616434145	LZ_TOKEN_KEY	lztokenpage3b94f7a6e94341c2939e8cb0e946f436
03/23/21 01:19:05 320462700  1616433545
use pt_key

real	0m0.392s
user	0m0.109s
sys	0m0.078s
03/23/21 01:19:05 774620700  1616433545 token: AAFgWNGJADDHKRrTLHY1ZJ3ILJ4P-eerzl8zTfRlszgBriwKmxICFHC9fwzA1N0YSWg80D3QGcs

real	0m0.435s
user	0m0.016s
sys	0m0.094s
03/23/21 01:19:06 421603900  1616433546 secretPin: 4YEv+ri88IbQX5lhoqHrzE7oeVP9kq2pYSH90mYt4m3fwcJlClpxrfmVYaGKuquQkdK3rLBQpEQH9V4tdrrh0w==

03/23/21 01:19:06 451407000  1616433546 肥鹅签到大华存储京东自营旗舰店

real	0m0.139s
user	0m0.031s
sys	0m0.063s
parse error: Invalid numeric literal at line 1, column 10
parse error: Invalid numeric literal at line 1, column 10
parse error: Invalid numeric literal at line 1, column 10
parse error: Invalid numeric literal at line 1, column 10
parse error: Invalid numeric literal at line 1, column 10
03/23/21 01:19:07 806998800 1616433547

real	0m1.248s
user	0m0.000s
sys	0m0.031s

real	0m0.367s
user	0m0.031s
sys	0m0.063s
lzkj-isv.isvjcloud.com	FALSE	/	FALSE	1616434149	LZ_TOKEN_VALUE	B0oH3vDY2bhHWuKbVaJ+XQ==
lzkj-isv.isvjcloud.com	FALSE	/	FALSE	1616434149	LZ_TOKEN_KEY	lztokenpagec1584ab5e34243dab0b5aab2b8a6e66c
03/23/21 01:19:09 605571400  1616433549
use pt_key

real	0m0.314s
user	0m0.109s
sys	0m0.094s
03/23/21 01:19:10 017171000  1616433550 token: AAFgWNGNADBnC4zKWYAkmralVxmid0puAfqiu-lWrtDAUlvWYgK1cgrICi3p38eu1tz7loaIqJU

real	0m0.339s
user	0m0.063s
sys	0m0.063s
03/23/21 01:19:10 483970600  1616433550 secretPin: 4YEv+ri88IbQX5lhoqHrzE7oeVP9kq2pYSH90mYt4m3fwcJlClpxrfmVYaGKuquQkdK3rLBQpEQH9V4tdrrh0w==

03/23/21 01:19:10 505200700  1616433550 肥鹅签到大华存储京东自营旗舰店

real	0m0.149s
user	0m0.016s
sys	0m0.063s
parse error: Invalid numeric literal at line 1, column 10
parse error: Invalid numeric literal at line 1, column 10
parse error: Invalid numeric literal at line 1, column 10
parse error: Invalid numeric literal at line 1, column 10
parse error: Invalid numeric literal at line 1, column 10
03/23/21 01:19:11 181928800 1616433551

real	0m1.314s
user	0m0.000s
sys	0m0.000s

real	0m0.247s
user	0m0.016s
sys	0m0.078s
lzkj-isv.isvjcloud.com	FALSE	/	FALSE	1616434152	LZ_TOKEN_VALUE	B0oH3vDY2bhHWuKbVaJ+XQ==
lzkj-isv.isvjcloud.com	FALSE	/	FALSE	1616434152	LZ_TOKEN_KEY	lztokenpage9402a4cbd25346288ed175c353d71049
03/23/21 01:19:12 869297200  1616433552
use pt_key

real	0m0.300s
user	0m0.094s
sys	0m0.109s
03/23/21 01:19:13 217526100  1616433553 token: AAFgWNGQADCbU1fCnFchrmlbK5HM180hCs086a26FQWQQvPtge9Yj7KuEHxNBXI7JJHK4AxX_xE

real	0m0.518s
user	0m0.031s
sys	0m0.109s
03/23/21 01:19:14 099334600  1616433554 secretPin: 4YEv+ri88IbQX5lhoqHrzE7oeVP9kq2pYSH90mYt4m3fwcJlClpxrfmVYaGKuquQkdK3rLBQpEQH9V4tdrrh0w==

03/23/21 01:19:14 149904500  1616433554 肥鹅签到大华存储京东自营旗舰店

real	0m0.209s
user	0m0.016s
sys	0m0.063s
parse error: Invalid numeric literal at line 1, column 10
parse error: Invalid numeric literal at line 1, column 10
parse error: Invalid numeric literal at line 1, column 10
parse error: Invalid numeric literal at line 1, column 10
parse error: Invalid numeric literal at line 1, column 10
03/23/21 01:19:14 931442800 1616433554

real	0m1.460s
user	0m0.000s
sys	0m0.031s

real	0m0.466s
user	0m0.016s
sys	0m0.094s
lzkj-isv.isvjcloud.com	FALSE	/	FALSE	1616434156	LZ_TOKEN_VALUE	B0oH3vDY2bhHWuKbVaJ+XQ==
lzkj-isv.isvjcloud.com	FALSE	/	FALSE	1616434156	LZ_TOKEN_KEY	lztokenpagefbb815c5823a4c8aa1fd3df9af5ed426
03/23/21 01:19:17 064707700  1616433557
use pt_key

real	0m0.373s
user	0m0.094s
sys	0m0.141s
03/23/21 01:19:17 538723200  1616433557 token: AAFgWNGUADDGUU_vLD_dnWDqukxf2CaGhB-jSF-3onyUbaEcNyCQu8DKNnBiU5KReMd6QshLEuY

real	0m0.491s
user	0m0.078s
sys	0m0.047s
03/23/21 01:19:18 351296000  1616433558 secretPin: 4YEv+ri88IbQX5lhoqHrzE7oeVP9kq2pYSH90mYt4m3fwcJlClpxrfmVYaGKuquQkdK3rLBQpEQH9V4tdrrh0w==

03/23/21 01:19:18 452368800  1616433558 肥鹅签到大华存储京东自营旗舰店

real	0m0.313s
user	0m0.031s
sys	0m0.063s
parse error: Invalid numeric literal at line 1, column 10
parse error: Invalid numeric literal at line 1, column 10
parse error: Invalid numeric literal at line 1, column 10
parse error: Invalid numeric literal at line 1, column 10
parse error: Invalid numeric literal at line 1, column 10
03/23/21 01:19:19 682640100 1616433559

real	0m1.758s
user	0m0.016s
sys	0m0.031s

real	0m0.276s
user	0m0.031s
sys	0m0.078s
lzkj-isv.isvjcloud.com	FALSE	/	FALSE	1616434161	LZ_TOKEN_VALUE	B0oH3vDY2bhHWuKbVaJ+XQ==
lzkj-isv.isvjcloud.com	FALSE	/	FALSE	1616434161	LZ_TOKEN_KEY	lztokenpage44f97af532f546af86e216e7b0e071bc
03/23/21 01:19:21 827197200  1616433561
use pt_key

real	0m0.293s
user	0m0.125s
sys	0m0.094s
03/23/21 01:19:22 173262800  1616433562 token: AAFgWNGZADDcfqcOv4XPRNP3wTU08UKC1iXDZXuYYrhNjEuEm4Ud3Nxta-Nu0p0S9SFtaL3ORZI

real	0m0.380s
user	0m0.016s
sys	0m0.063s
03/23/21 01:19:22 712281900  1616433562 secretPin: 4YEv+ri88IbQX5lhoqHrzE7oeVP9kq2pYSH90mYt4m3fwcJlClpxrfmVYaGKuquQkdK3rLBQpEQH9V4tdrrh0w==

03/23/21 01:19:22 753607400  1616433562 肥鹅签到大华存储京东自营旗舰店

real	0m0.171s
user	0m0.047s
sys	0m0.078s
parse error: Invalid numeric literal at line 1, column 10
parse error: Invalid numeric literal at line 1, column 10
parse error: Invalid numeric literal at line 1, column 10
parse error: Invalid numeric literal at line 1, column 10
parse error: Invalid numeric literal at line 1, column 10
03/23/21 01:19:23 635303700 1616433563

real	0m1.900s
user	0m0.000s
sys	0m0.000s

real	0m0.231s
user	0m0.031s
sys	0m0.078s
lzkj-isv.isvjcloud.com	FALSE	/	FALSE	1616434165	LZ_TOKEN_VALUE	B0oH3vDY2bhHWuKbVaJ+XQ==
lzkj-isv.isvjcloud.com	FALSE	/	FALSE	1616434165	LZ_TOKEN_KEY	lztokenpageaff4f99253b04df7be8bf5d54e74d60a
03/23/21 01:19:25 834287400  1616433565
use pt_key

real	0m0.186s
user	0m0.094s
sys	0m0.094s
03/23/21 01:19:26 037300300  1616433566 token: AAFgWNGdADAV6C6IA67RFPyyYs4ldZeq49WEftVwYLS0HMykkNXKQXN4p9S3wolBm8vmOKuDD8I

real	0m0.280s
user	0m0.000s
sys	0m0.078s
03/23/21 01:19:26 499045100  1616433566 secretPin: 4YEv+ri88IbQX5lhoqHrzE7oeVP9kq2pYSH90mYt4m3fwcJlClpxrfmVYaGKuquQkdK3rLBQpEQH9V4tdrrh0w==

03/23/21 01:19:26 529742200  1616433566 肥鹅签到大华存储京东自营旗舰店

real	0m0.140s
user	0m0.031s
sys	0m0.109s
parse error: Invalid numeric literal at line 1, column 10
parse error: Invalid numeric literal at line 1, column 10
parse error: Invalid numeric literal at line 1, column 10
parse error: Invalid numeric literal at line 1, column 10
parse error: Invalid numeric literal at line 1, column 10
03/23/21 01:19:27 246167400 1616433567

real	0m2.086s
user	0m0.000s
sys	0m0.016s

real	0m0.574s
user	0m0.031s
sys	0m0.109s
lzkj-isv.isvjcloud.com	FALSE	/	FALSE	1616434169	LZ_TOKEN_VALUE	B0oH3vDY2bhHWuKbVaJ+XQ==
lzkj-isv.isvjcloud.com	FALSE	/	FALSE	1616434169	LZ_TOKEN_KEY	lztokenpagef26ad446238043d48d695066a8afa289
03/23/21 01:19:29 963186900  1616433569
use pt_key

real	0m0.212s
user	0m0.063s
sys	0m0.125s
03/23/21 01:19:30 204985500  1616433570 token: AAFgWNGhADBAqlM_h4ro0TBXHJV6R1xYS3E7euEn6pyL3njAcQJRJbpZ7Ijy2ZUegH4Z6k1RJoA

real	0m0.364s
user	0m0.031s
sys	0m0.078s
03/23/21 01:19:30 752824900  1616433570 secretPin: 4YEv+ri88IbQX5lhoqHrzE7oeVP9kq2pYSH90mYt4m3fwcJlClpxrfmVYaGKuquQkdK3rLBQpEQH9V4tdrrh0w==

03/23/21 01:19:30 773989600  1616433570 肥鹅签到大华存储京东自营旗舰店

real	0m0.137s
user	0m0.031s
sys	0m0.047s
parse error: Invalid numeric literal at line 1, column 10
parse error: Invalid numeric literal at line 1, column 10
parse error: Invalid numeric literal at line 1, column 10
parse error: Invalid numeric literal at line 1, column 10
parse error: Invalid numeric literal at line 1, column 10
03/23/21 01:19:31 347840700 1616433571

real	0m2.262s
user	0m0.000s
sys	0m0.031s

real	0m0.215s
user	0m0.031s
sys	0m0.078s
lzkj-isv.isvjcloud.com	FALSE	/	FALSE	1616434173	LZ_TOKEN_VALUE	B0oH3vDY2bhHWuKbVaJ+XQ==
lzkj-isv.isvjcloud.com	FALSE	/	FALSE	1616434173	LZ_TOKEN_KEY	lztokenpage0eb81c19edfe4d348f110f2b65f52e49
03/23/21 01:19:33 868205300  1616433573
use pt_key

real	0m0.181s
user	0m0.109s
sys	0m0.063s
03/23/21 01:19:34 078245000  1616433574 token: AAFgWNGlADD0lSjGYFXrsKF6FwKmM_7K0kUnSfuR-cfoiH_lCNzCfRD-ELc8MTfc25SHDeLIG3g

real	0m0.364s
user	0m0.047s
sys	0m0.094s
03/23/21 01:19:34 659127800  1616433574 secretPin: 4YEv+ri88IbQX5lhoqHrzE7oeVP9kq2pYSH90mYt4m3fwcJlClpxrfmVYaGKuquQkdK3rLBQpEQH9V4tdrrh0w==

03/23/21 01:19:34 692987300  1616433574 肥鹅签到大华存储京东自营旗舰店

real	0m0.178s
user	0m0.031s
sys	0m0.094s
parse error: Invalid numeric literal at line 1, column 10
parse error: Invalid numeric literal at line 1, column 10
parse error: Invalid numeric literal at line 1, column 10
parse error: Invalid numeric literal at line 1, column 10
parse error: Invalid numeric literal at line 1, column 10
03/23/21 01:19:35 453227400 1616433575

real	0m2.478s
user	0m0.000s
sys	0m0.047s

real	0m0.229s
user	0m0.016s
sys	0m0.063s
lzkj-isv.isvjcloud.com	FALSE	/	FALSE	1616434178	LZ_TOKEN_VALUE	B0oH3vDY2bhHWuKbVaJ+XQ==
lzkj-isv.isvjcloud.com	FALSE	/	FALSE	1616434178	LZ_TOKEN_KEY	lztokenpagedd95966b82f744fba4f432d833a41d2e
03/23/21 01:19:38 231078600  1616433578
use pt_key

real	0m0.232s
user	0m0.094s
sys	0m0.109s
03/23/21 01:19:38 503837800  1616433578 token: AAFgWNGpADDg7-OXOVZBxEy3xCakwv27IkiCkY0CQaWh7TDgeoqJ6yPhA11xUWtGZ8BhbbbpBi4

real	0m0.374s
user	0m0.016s
sys	0m0.047s
03/23/21 01:19:39 134213500  1616433579 secretPin: 4YEv+ri88IbQX5lhoqHrzE7oeVP9kq2pYSH90mYt4m3fwcJlClpxrfmVYaGKuquQkdK3rLBQpEQH9V4tdrrh0w==

03/23/21 01:19:39 180869600  1616433579 肥鹅签到大华存储京东自营旗舰店

real	0m0.209s
user	0m0.063s
sys	0m0.063s
parse error: Invalid numeric literal at line 1, column 10
parse error: Invalid numeric literal at line 1, column 10
parse error: Invalid numeric literal at line 1, column 10
parse error: Invalid numeric literal at line 1, column 10
parse error: Invalid numeric literal at line 1, column 10
03/23/21 01:19:39 865814600 1616433579

real	0m2.653s
user	0m0.000s
sys	0m0.047s

real	0m0.247s
user	0m0.031s
sys	0m0.063s
lzkj-isv.isvjcloud.com	FALSE	/	FALSE	1616434182	LZ_TOKEN_VALUE	B0oH3vDY2bhHWuKbVaJ+XQ==
lzkj-isv.isvjcloud.com	FALSE	/	FALSE	1616434182	LZ_TOKEN_KEY	lztokenpage58d8020936b64aa2a12bd80ada99c3e9
03/23/21 01:19:42 824928000  1616433582
use pt_key

real	0m0.186s
user	0m0.078s
sys	0m0.094s
03/23/21 01:19:43 032420800  1616433583 token: AAFgWNGuADBrP8eEuwZCkts6fwPqUNR5-F8X3ZISL7lO4naokSLpaZo1zl80FlYAMiTz6PvpfSY

real	0m0.381s
user	0m0.000s
sys	0m0.094s
03/23/21 01:19:43 612467300  1616433583 secretPin: 4YEv+ri88IbQX5lhoqHrzE7oeVP9kq2pYSH90mYt4m3fwcJlClpxrfmVYaGKuquQkdK3rLBQpEQH9V4tdrrh0w==

03/23/21 01:19:43 633812900  1616433583 肥鹅签到大华存储京东自营旗舰店

real	0m0.216s
user	0m0.031s
sys	0m0.078s
parse error: Invalid numeric literal at line 1, column 10
parse error: Invalid numeric literal at line 1, column 10
parse error: Invalid numeric literal at line 1, column 10
parse error: Invalid numeric literal at line 1, column 10
parse error: Invalid numeric literal at line 1, column 10
03/23/21 01:19:44 507501400 1616433584

real	0m2.912s
user	0m0.000s
sys	0m0.031s

real	0m0.210s
user	0m0.031s
sys	0m0.078s
lzkj-isv.isvjcloud.com	FALSE	/	FALSE	1616434187	LZ_TOKEN_VALUE	B0oH3vDY2bhHWuKbVaJ+XQ==
lzkj-isv.isvjcloud.com	FALSE	/	FALSE	1616434187	LZ_TOKEN_KEY	lztokenpagea75747d3798f4c5ba5dcad33b6ce5fb2
03/23/21 01:19:47 709075900  1616433587
use pt_key

real	0m0.170s
user	0m0.094s
sys	0m0.078s
03/23/21 01:19:47 897459900  1616433587 token: AAFgWNGzADARi_ukgIlr87zV3Ti4PD3XV5WwE099G1XcGk0PFYAf4Cb4IYgC_KAYUK0H7Z2LdIA

real	0m0.310s
user	0m0.016s
sys	0m0.094s
03/23/21 01:19:48 325569100  1616433588 secretPin: 4YEv+ri88IbQX5lhoqHrzE7oeVP9kq2pYSH90mYt4m3fwcJlClpxrfmVYaGKuquQkdK3rLBQpEQH9V4tdrrh0w==

03/23/21 01:19:48 344266500  1616433588 肥鹅签到大华存储京东自营旗舰店

real	0m0.133s
user	0m0.000s
sys	0m0.094s
parse error: Invalid numeric literal at line 1, column 10
parse error: Invalid numeric literal at line 1, column 10
parse error: Invalid numeric literal at line 1, column 10
parse error: Invalid numeric literal at line 1, column 10
parse error: Invalid numeric literal at line 1, column 10
03/23/21 01:19:49 133858000 1616433589

real	0m3.044s
user	0m0.000s
sys	0m0.047s

real	0m0.184s
user	0m0.000s
sys	0m0.078s
lzkj-isv.isvjcloud.com	FALSE	/	FALSE	1616434192	LZ_TOKEN_VALUE	B0oH3vDY2bhHWuKbVaJ+XQ==
lzkj-isv.isvjcloud.com	FALSE	/	FALSE	1616434192	LZ_TOKEN_KEY	lztokenpage0ee994b65a324119992075b252951368
03/23/21 01:19:52 414994700  1616433592
use pt_key

real	0m0.164s
user	0m0.063s
sys	0m0.109s
03/23/21 01:19:52 610069900  1616433592 token: AAFgWNG4ADCMWD6hkATwGJ4l5APMz7b5Tufkrwzb4QAZsLkHVG8lhBZ6cgFpOCkKYiFbU78j-s0

real	0m0.308s
user	0m0.031s
sys	0m0.047s
03/23/21 01:19:53 020892000  1616433593 secretPin: 4YEv+ri88IbQX5lhoqHrzE7oeVP9kq2pYSH90mYt4m3fwcJlClpxrfmVYaGKuquQkdK3rLBQpEQH9V4tdrrh0w==

03/23/21 01:19:53 035499800  1616433593 肥鹅签到大华存储京东自营旗舰店

real	0m0.123s
user	0m0.016s
sys	0m0.078s
parse error: Invalid numeric literal at line 1, column 10
parse error: Invalid numeric literal at line 1, column 10
parse error: Invalid numeric literal at line 1, column 10
parse error: Invalid numeric literal at line 1, column 10
parse error: Invalid numeric literal at line 1, column 10
03/23/21 01:19:53 761783900 1616433593

real	0m3.364s
user	0m0.000s
sys	0m0.031s

real	0m0.199s
user	0m0.031s
sys	0m0.063s
lzkj-isv.isvjcloud.com	FALSE	/	FALSE	1616434197	LZ_TOKEN_VALUE	B0oH3vDY2bhHWuKbVaJ+XQ==
lzkj-isv.isvjcloud.com	FALSE	/	FALSE	1616434197	LZ_TOKEN_KEY	lztokenpage447a1bdc429f4e44a02e5b8a1951b9fb
03/23/21 01:19:57 388321700  1616433597
use pt_key

real	0m0.158s
user	0m0.094s
sys	0m0.094s
03/23/21 01:19:57 574558300  1616433597 token: AAFgWNG9ADB7tt9wh9LybmkhYQprcznLlhhcPPNPwlIoOzspSC7wpbwLuSqa8m7yZ_W0Kfdz-eg

real	0m0.355s
user	0m0.016s
sys	0m0.063s
03/23/21 01:19:58 072034100  1616433598 secretPin: 4YEv+ri88IbQX5lhoqHrzE7oeVP9kq2pYSH90mYt4m3fwcJlClpxrfmVYaGKuquQkdK3rLBQpEQH9V4tdrrh0w==

03/23/21 01:19:58 089861300  1616433598 肥鹅签到大华存储京东自营旗舰店

real	0m0.117s
user	0m0.047s
sys	0m0.063s
parse error: Invalid numeric literal at line 1, column 10
parse error: Invalid numeric literal at line 1, column 10
parse error: Invalid numeric literal at line 1, column 10
parse error: Invalid numeric literal at line 1, column 10
parse error: Invalid numeric literal at line 1, column 10
03/23/21 01:19:58 689191300 1616433598

real	0m3.514s
user	0m0.016s
sys	0m0.047s

real	0m0.209s
user	0m0.000s
sys	0m0.094s
lzkj-isv.isvjcloud.com	FALSE	/	FALSE	1616434202	LZ_TOKEN_VALUE	B0oH3vDY2bhHWuKbVaJ+XQ==
lzkj-isv.isvjcloud.com	FALSE	/	FALSE	1616434202	LZ_TOKEN_KEY	lztokenpage3e369f6b17424b23ad5bf20322bf18aa
03/23/21 01:20:02 472398900  1616433602
use pt_key

real	0m0.178s
user	0m0.078s
sys	0m0.141s
03/23/21 01:20:02 673392700  1616433602 token: AAFgWNHCADDqvA7ix9KBdB9C3ppexH9ZXqkpBkoKOKFOUys2-ntjVORHdqxXm3-KoC_dN3mk0xI

real	0m0.373s
user	0m0.031s
sys	0m0.063s
03/23/21 01:20:03 194866300  1616433603 secretPin: 4YEv+ri88IbQX5lhoqHrzE7oeVP9kq2pYSH90mYt4m3fwcJlClpxrfmVYaGKuquQkdK3rLBQpEQH9V4tdrrh0w==

03/23/21 01:20:03 224104100  1616433603 肥鹅签到大华存储京东自营旗舰店

real	0m0.126s
user	0m0.031s
sys	0m0.047s
parse error: Invalid numeric literal at line 1, column 10
parse error: Invalid numeric literal at line 1, column 10
parse error: Invalid numeric literal at line 1, column 10
parse error: Invalid numeric literal at line 1, column 10
parse error: Invalid numeric literal at line 1, column 10
03/23/21 01:20:03 745642300 1616433603

real	0m3.662s
user	0m0.000s
sys	0m0.031s

real	0m0.236s
user	0m0.047s
sys	0m0.063s
lzkj-isv.isvjcloud.com	FALSE	/	FALSE	1616434207	LZ_TOKEN_VALUE	B0oH3vDY2bhHWuKbVaJ+XQ==
lzkj-isv.isvjcloud.com	FALSE	/	FALSE	1616434207	LZ_TOKEN_KEY	lztokenpage685ae37d3f954cd0858e6f849fa4d9b9
03/23/21 01:20:07 716404800  1616433607
use pt_key

real	0m0.162s
user	0m0.078s
sys	0m0.094s
03/23/21 01:20:07 900322200  1616433607 token: AAFgWNHHADDQ_9k7fRY_PW5OifJjw3zr270glFaSXRfr70iUOefRF72bMl2CZoFuo-XMk5hWaZo

real	0m0.320s
user	0m0.047s
sys	0m0.063s
03/23/21 01:20:08 354734200  1616433608 secretPin: 4YEv+ri88IbQX5lhoqHrzE7oeVP9kq2pYSH90mYt4m3fwcJlClpxrfmVYaGKuquQkdK3rLBQpEQH9V4tdrrh0w==

03/23/21 01:20:08 372940500  1616433608 肥鹅签到大华存储京东自营旗舰店

real	0m0.134s
user	0m0.063s
sys	0m0.063s
parse error: Invalid numeric literal at line 1, column 10
parse error: Invalid numeric literal at line 1, column 10
parse error: Invalid numeric literal at line 1, column 10
parse error: Invalid numeric literal at line 1, column 10
parse error: Invalid numeric literal at line 1, column 10
03/23/21 01:20:08 921457400 1616433608

real	0m3.849s
user	0m0.000s
sys	0m0.047s

real	0m0.981s
user	0m0.016s
sys	0m0.063s
lzkj-isv.isvjcloud.com	FALSE	/	FALSE	1616434213	LZ_TOKEN_VALUE	B0oH3vDY2bhHWuKbVaJ+XQ==
lzkj-isv.isvjcloud.com	FALSE	/	FALSE	1616434213	LZ_TOKEN_KEY	lztokenpagedb2217964853469ba7a87474d114e580
03/23/21 01:20:13 847496200  1616433613
use pt_key

real	0m0.260s
user	0m0.109s
sys	0m0.109s
03/23/21 01:20:14 140233700  1616433614 token: AAFgWNHNADA6U5kuJQOUthRRVsmCQnFWmvlOu8BEJWl27boJ_2bIm00LNxElaklwqXZTvNozFhg

real	0m0.334s
user	0m0.016s
sys	0m0.125s
03/23/21 01:20:14 609843700  1616433614 secretPin: 4YEv+ri88IbQX5lhoqHrzE7oeVP9kq2pYSH90mYt4m3fwcJlClpxrfmVYaGKuquQkdK3rLBQpEQH9V4tdrrh0w==

03/23/21 01:20:14 631931900  1616433614 肥鹅签到大华存储京东自营旗舰店

real	0m0.128s
user	0m0.000s
sys	0m0.094s
parse error: Invalid numeric literal at line 1, column 10
parse error: Invalid numeric literal at line 1, column 10
parse error: Invalid numeric literal at line 1, column 10
parse error: Invalid numeric literal at line 1, column 10
parse error: Invalid numeric literal at line 1, column 10
03/23/21 01:20:15 279774300 1616433615

real	0m4.033s
user	0m0.000s
sys	0m0.031s
03/23/21 01:20:49 400595500  1616433649
parse error: Invalid numeric literal at line 1, column 10
签到是否成功解析失败. 不再写/home/myid/jd/jd_signup/lzkj_sevenDay_vender/shop_1615906540_12

肥鹅签到大华存储京东自营旗舰店查看结果, 活动规则
{"giftConditions":[{"gift":{"giftInfoId":null,"giftName":"2京豆","venderId":null,"giftType":"6","type":0,"shortLink":"","orginLink":null,"activityId":null,"giftResidue":null,"commonAddAwardVO":null,"name":null,"id":"1178468","activityType":null},"imgUrl":"","giftInfoId":"9ec2402b01714710b42ba09a8388586b","dayNum":"1","showType":"1"},{"gift":{"giftInfoId":null,"giftName":"2京豆","venderId":null,"giftType":"6","type":0,"shortLink":"","orginLink":null,"activityId":null,"giftResidue":null,"commonAddAwardVO":null,"name":null,"id":"1178468","activityType":null},"imgUrl":"","giftInfoId":"ff16bb060ee443978168bc2ff098dfde","dayNum":"2","showType":"1"},{"gift":{"giftInfoId":null,"giftName":"2京豆","venderId":null,"giftType":"6","type":0,"shortLink":"","orginLink":null,"activityId":null,"giftResidue":null,"commonAddAwardVO":null,"name":null,"id":"1178468","activityType":null},"imgUrl":"","giftInfoId":"a6f04bb15639481080cb9e5fa42cad3f","dayNum":"3","showType":"1"},{"gift":{"giftInfoId":null,"giftName":"2京豆","venderId":null,"giftType":"6","type":0,"shortLink":"","orginLink":null,"activityId":null,"giftResidue":null,"commonAddAwardVO":null,"name":null,"id":"1178468","activityType":null},"imgUrl":"","giftInfoId":"16b84f3836a64b8fbb9fed6aa92fdc11","dayNum":"4","showType":"1"},{"gift":{"giftInfoId":null,"giftName":"2京豆","venderId":null,"giftType":"6","type":0,"shortLink":"","orginLink":null,"activityId":null,"giftResidue":null,"commonAddAwardVO":null,"name":null,"id":"1178468","activityType":null},"imgUrl":"","giftInfoId":"46d2dfc436814fa0a73b8a85bc3a966a","dayNum":"5","showType":"1"},{"gift":{"giftInfoId":null,"giftName":"2京豆","venderId":null,"giftType":"6","type":0,"shortLink":"","orginLink":null,"activityId":null,"giftResidue":null,"commonAddAwardVO":null,"name":null,"id":"1178468","activityType":null},"imgUrl":"","giftInfoId":"a8a9c9fb75b24b70bc787379b7b2fbf4","dayNum":"6","showType":"1"},{"gift":{"giftInfoId":null,"giftName":"5京豆","venderId":null,"giftType":"6","type":0,"shortLink":"","orginLink":null,"activityId":null,"giftResidue":null,"commonAddAwardVO":null,"name":null,"id":"1178468","activityType":null},"imgUrl":"","giftInfoId":"afee56974f614b0baf482fb24837fdcf","dayNum":"7","showType":"1"}],"msg":"","isOk":true,"isOver":"n","contiSignDays":0,"actRule":"1、活动时间：2021-02-19 18:15 - 2021-03-06 18:15；
2、关注店铺后方可参与活动；
3、符合连续签到赠送条件，则有机会赠送连续签到奖品；
4、连续签到7天后，清零可重新开始；
5、第1天签到，有机会赠送2京豆；
6、第2天签到，有机会赠送2京豆；
7、第3天签到，有机会赠送2京豆；
8、第4天签到，有机会赠送2京豆；
9、第5天签到，有机会赠送2京豆；
10、第6天签到，有机会赠送2京豆；
11、第7天签到，有机会赠送5京豆；
12、签到成功后有机会获得奖品，也有可能会与奖品擦肩而过（奖品数量有限，先到先得）；
13、若用户存在刷奖等恶意行为，一经发现将取消抽奖资格（如奖品已经发放，有权追回奖品）；
注：奖品发放形式：
实物奖：
（1）中奖客户信息收集：页面弹屏提示中奖客户提供收货地址、号码和奖项；(超过1小时未填写对应收货信息，视为放弃);
（2）实物奖采取寄送方式发放，获奖用户需在开奖后填写姓名、联系电话、详细地址信息。如因用户原因无法联系上，即奖品作废不再补发，或如用户未填写真实有效的信息或填写收货信息不详，均视为放弃奖品；
虚拟产品奖：
（1）京豆：中奖后系统预计24小时内自动发放至账户；
（2）优惠券：中奖后需手动领取，预计24小时到账；
【活动参与主体资格】
（1）每位自然人用户仅能使用一个京东账号参与活动，微信号、QQ、京东帐号、手机号码等任一信息一致或指向同一用户的，视为同一个用户，则第一个参与本活动的账号参与结果有效，其余账号参与结果均视为无效。
（2）若发现同一位用户使用不同账号重复参与活动，承办方有权取消其获奖资格。
【注意事项】
（1）活动过程中，凡以不正当手段（如作弊领取、恶意套取、刷信誉、虚假交易、扰乱系统、实施网络攻击等）参与本次活动的用户，商家有权终止其参与活动，并取消其获奖资格（如奖品已发放，商家有权追回），如给商家造成损失的，商家将保留向违规用户继续追索的权利。
（2）如遇不可抗力(包括但不限于重大灾害事件、活动受政府机关指令需要停止举办或调整的、活动中存在大面积作弊行为、活动遭受严重网络攻击或因系统故障导致活动中奖名单大批量出错，活动不能正常进行的)，商家有权取消、修改或暂停本活动。
（3）本活动所发放的实物奖不得提现、不得转赠他人、不得为他人付款。
（4）是否中奖以活动发布者后台统计结果为准。
","followDays":1,"isSign":"n"}

#店铺名称
vendername="大华存储京东自营旗舰店"
#店铺激活码
actId="44c15a16fe2b4747aab27ee9a6996f95"
#店铺id
venderId="1000335265"
#长链接
url="https://lzkj-isv.isvjcloud.com/sign/sevenDay/signActivity?activityId=44c15a16fe2b4747aab27ee9a6996f95&venderId=1000335265"

startTime=1613729700
endTime=1615025700
# 活动时间：2021-02-19 18:15 - 2021-03-06 18:15；
# 奖励说明：
actRule="
7天签到
连续签到1天：2京豆
连续签到2天：2京豆
连续签到3天：2京豆
连续签到4天：2京豆
连续签到5天：2京豆
连续签到6天：2京豆
连续签到7天：5京豆
"
#赵 122294312-396444 sign_res
sign_num="0"
giftName=""5京豆""
giftRes="ok"
giftDate="20210322"
sign_res_info="7天签到 第 0 天
当天签到奖励 ["5京豆"]"
#赵 122294312-396444 sign_res_end
#王 1309893722-164885 sign_res
sign_num="0"
giftName=""5京豆""
giftRes="ok"
giftDate="20210322"
sign_res_info="7天签到 第 0 天
当天签到奖励 ["5京豆"]"
#王 1309893722-164885 sign_res_end
#肥鹅 jd_4d651d9e48204 sign_res
sign_num="0"
giftName=""5京豆""
giftRes="ok"
giftDate="20210322"
sign_res_info="7天签到 第 0 天
当天签到奖励 ["5京豆"]"
#肥鹅 jd_4d651d9e48204 sign_res_end
#移动 jd_OeTNobRVGiNZ sign_res
sign_num="0"
giftName=""
giftRes=""
giftDate="20210323"
sign_res_info="7天签到 第 0 天
当天签到奖励 []"
#移动 jd_OeTNobRVGiNZ sign_res_end
