RANDOM_num: 10
lzdz-isv.isvjcloud.com	FALSE	/	FALSE	1617297418	LZ_TOKEN_VALUE	B0oH3vDY2bhHWuKbVaJ+XQ==
lzdz-isv.isvjcloud.com	FALSE	/	FALSE	1617297418	LZ_TOKEN_KEY	lztokenpagee43136aa32fa433ebea05a8ed4ad7dd9
use pt_key
token: AAFgZf2wADBBNDf-W5UnaUTVG94IVa-kssfXBO6nKQYe9tjAZBWdKf9TfKbflyP-FYh8AdfmTJc
secretPin: 8zfoIjWIu/DcpxQNzAV7/oVPSWy1B8D+G4s+fJIFDfWHSnwnXFQKK9yQco/OGmHebU48Dr07k+7+k1UaXRbZKg==

04/02/21 01:06:59 367345300  1617296819
王签到蒙牛京东自营旗舰店
{
  "result": false,
  "data": "",
  "count": 0,
  "errorMessage": "活动已结束！"
}
"活动已结束！"
签到蒙牛京东自营旗舰店完成

王签到蒙牛京东自营旗舰店查看结果, 活动规则
{"result":false,"data":"","count":0,"errorMessage":"活动已结束！"}

{
  "result": false,
  "data": "",
  "count": 0,
  "errorMessage": "活动已结束！"
}
