02/28/21 01:12:22 816966400  1614445942
RANDOM_num: 10
removed '/tmp/tmp.WigmVzG1uR'
02/28/21 01:12:23 627206600  1614445943 æ£€æŸ¥ç‹ç­¾åˆ°

real	0m0.475s
user	0m0.031s
sys	0m0.125s
[WARN] get LZ_TOKEN error
02/28/21 01:12:25 291272500  1614445945
use pt_key

real	0m0.642s
user	0m0.094s
sys	0m0.094s
02/28/21 01:12:26 128151500  1614445946 token: AAFgOn15ADD5EWY9aJn1kBSbuLJjHDavhlq-NOsi_B9kDKIT_Jp-qXUQ9cng2XKiEOuRV8t2Vqg
parse error: Invalid numeric literal at line 1, column 10

real	0m1.142s
user	0m0.125s
sys	0m0.109s
02/28/21 01:12:27 403892500  1614445947 secretPin: 
[WARN] get secretPin error

02/28/21 01:12:27 566066000  1614445947 ç‹ç­¾åˆ°è†³é­”å¸ˆï¼ˆTHERMOSï¼‰äº¬ä¸œè‡ªè¥æ——èˆ°åº—

real	0m0.704s
user	0m0.016s
sys	0m0.078s
parse error: Invalid numeric literal at line 1, column 10
parse error: Invalid numeric literal at line 1, column 10
parse error: Invalid numeric literal at line 1, column 10
parse error: Invalid numeric literal at line 1, column 10
02/28/21 01:12:30 230035900 1614445950

real	0m0.661s
user	0m0.000s
sys	0m0.047s

real	0m1.182s
user	0m0.016s
sys	0m0.078s
[WARN] get LZ_TOKEN error
02/28/21 01:12:32 655223500  1614445952
use pt_key

real	0m1.817s
user	0m0.094s
sys	0m0.078s
02/28/21 01:12:34 861198100  1614445954 token: AAFgOn2CADAK9XI0FdpGmOGB3e6CEZmcCXox_5PqRFo5n91WnXGBdOnMB0qB1V51pobVaZn3pXo
parse error: Invalid numeric literal at line 1, column 10

real	0m0.988s
user	0m0.109s
sys	0m0.109s
02/28/21 01:12:36 149586400  1614445956 secretPin: 
[WARN] get secretPin error

02/28/21 01:12:36 399645700  1614445956 ç‹ç­¾åˆ°è†³é­”å¸ˆï¼ˆTHERMOSï¼‰äº¬ä¸œè‡ªè¥æ——èˆ°åº—

real	0m0.725s
user	0m0.016s
sys	0m0.094s
parse error: Invalid numeric literal at line 1, column 10
parse error: Invalid numeric literal at line 1, column 10
parse error: Invalid numeric literal at line 1, column 10
parse error: Invalid numeric literal at line 1, column 10
02/28/21 01:12:39 554556300 1614445959

real	0m1.104s
user	0m0.000s
sys	0m0.063s

real	0m0.857s
user	0m0.016s
sys	0m0.156s
[WARN] get LZ_TOKEN error
02/28/21 01:12:42 133329500  1614445962
use pt_key

real	0m0.947s
user	0m0.141s
sys	0m0.109s
02/28/21 01:12:43 327688600  1614445963 token: AAFgOn2KADAN_kTF0gGDi8bED1w601yTrvl-2B2FioypjrIytnsBVhUcsT5XYY7zbqLJ_K9p0uw
parse error: Invalid numeric literal at line 1, column 10

real	0m0.817s
user	0m0.094s
sys	0m0.109s
02/28/21 01:12:44 241653200  1614445964 secretPin: 
[WARN] get secretPin error

02/28/21 01:12:44 524531500  1614445964 ç‹ç­¾åˆ°è†³é­”å¸ˆï¼ˆTHERMOSï¼‰äº¬ä¸œè‡ªè¥æ——èˆ°åº—

real	0m0.977s
user	0m0.047s
sys	0m0.078s
parse error: Invalid numeric literal at line 1, column 10
parse error: Invalid numeric literal at line 1, column 10
parse error: Invalid numeric literal at line 1, column 10
parse error: Invalid numeric literal at line 1, column 10
02/28/21 01:12:48 727831100 1614445968

real	0m1.720s
user	0m0.000s
sys	0m0.016s

real	0m1.253s
user	0m0.063s
sys	0m0.063s
[WARN] get LZ_TOKEN error
02/28/21 01:12:52 703523200  1614445972
use pt_key

real	0m1.168s
user	0m0.094s
sys	0m0.125s
02/28/21 01:12:54 280974100  1614445974 token: AAFgOn2VADBn8FyyR_qrL-b_n4owrziz2E8YDL9QY267wYHtf32KbuOlxM_sYGzhPpbaaVKQGTo
parse error: Invalid numeric literal at line 1, column 10

real	0m1.653s
user	0m0.156s
sys	0m0.047s
02/28/21 01:12:56 215625000  1614445976 secretPin: 
[WARN] get secretPin error

02/28/21 01:12:56 570823000  1614445976 ç‹ç­¾åˆ°è†³é­”å¸ˆï¼ˆTHERMOSï¼‰äº¬ä¸œè‡ªè¥æ——èˆ°åº—

real	0m1.209s
user	0m0.031s
sys	0m0.078s
parse error: Invalid numeric literal at line 1, column 10
parse error: Invalid numeric literal at line 1, column 10
parse error: Invalid numeric literal at line 1, column 10
parse error: Invalid numeric literal at line 1, column 10
02/28/21 01:13:01 598625700 1614445981

real	0m1.684s
user	0m0.000s
sys	0m0.047s

real	0m2.217s
user	0m0.016s
sys	0m0.109s
[WARN] get LZ_TOKEN error
02/28/21 01:13:06 733864000  1614445986
use pt_key

real	0m1.201s
user	0m0.063s
sys	0m0.141s
02/28/21 01:13:08 255150100  1614445988 token: AAFgOn2jADCZtTPIXMfoTnkxgKt8zeR1RiBL9PZRO741n-RFC4unLkuuBKdduIUs0RaAFEpRf_Q
parse error: Invalid numeric literal at line 1, column 10

real	0m1.871s
user	0m0.109s
sys	0m0.063s
02/28/21 01:13:10 563630500  1614445990 secretPin: 
[WARN] get secretPin error

02/28/21 01:13:10 951185600  1614445990 ç‹ç­¾åˆ°è†³é­”å¸ˆï¼ˆTHERMOSï¼‰äº¬ä¸œè‡ªè¥æ——èˆ°åº—

real	0m1.278s
user	0m0.031s
sys	0m0.078s
parse error: Invalid numeric literal at line 1, column 10
parse error: Invalid numeric literal at line 1, column 10
parse error: Invalid numeric literal at line 1, column 10
parse error: Invalid numeric literal at line 1, column 10
02/28/21 01:13:16 883332600 1614445996

real	0m1.905s
user	0m0.000s
sys	0m0.047s

real	0m1.458s
user	0m0.031s
sys	0m0.078s
[WARN] get LZ_TOKEN error
02/28/21 01:13:21 274838600  1614446001
use pt_key

real	0m1.353s
user	0m0.094s
sys	0m0.109s
02/28/21 01:13:23 287438100  1614446003 token: AAFgOn2yADCJmc7SXreMADcgdoD0QxDDXv5cHqZI8PVym6G8Mh_2pY_r9waGPvGa-lAbmwbNjis
parse error: Invalid numeric literal at line 1, column 10

real	0m1.183s
user	0m0.078s
sys	0m0.063s
02/28/21 01:13:24 839876900  1614446004 secretPin: 
[WARN] get secretPin error

02/28/21 01:13:25 484593100  1614446005 ç‹ç­¾åˆ°è†³é­”å¸ˆï¼ˆTHERMOSï¼‰äº¬ä¸œè‡ªè¥æ——èˆ°åº—

real	0m1.694s
user	0m0.031s
sys	0m0.063s
parse error: Invalid numeric literal at line 1, column 10
parse error: Invalid numeric literal at line 1, column 10
parse error: Invalid numeric literal at line 1, column 10
parse error: Invalid numeric literal at line 1, column 10
02/28/21 01:13:32 064074400 1614446012

real	0m3.277s
user	0m0.000s
sys	0m0.016s

real	0m1.695s
user	0m0.016s
sys	0m0.109s
[WARN] get LZ_TOKEN error
02/28/21 01:13:38 067719700  1614446018
use pt_key

real	0m1.759s
user	0m0.141s
sys	0m0.141s
02/28/21 01:13:40 412751000  1614446020 token: AAFgOn3DADCZYtQyz0nHyTgkDizY-vg9vRe7cPbwb7VfwdFlei9OKkKpYBJOYQSWpOqysphmuRE
parse error: Invalid numeric literal at line 1, column 10

real	0m1.604s
user	0m0.094s
sys	0m0.094s
02/28/21 01:13:42 658863100  1614446022 secretPin: 
[WARN] get secretPin error

02/28/21 01:13:43 174338600  1614446023 ç‹ç­¾åˆ°è†³é­”å¸ˆï¼ˆTHERMOSï¼‰äº¬ä¸œè‡ªè¥æ——èˆ°åº—

real	0m2.230s
user	0m0.031s
sys	0m0.078s
parse error: Invalid numeric literal at line 1, column 10
parse error: Invalid numeric literal at line 1, column 10
parse error: Invalid numeric literal at line 1, column 10
parse error: Invalid numeric literal at line 1, column 10
02/28/21 01:13:51 338085700 1614446031

real	0m2.920s
user	0m0.000s
sys	0m0.016s

real	0m1.955s
user	0m0.063s
sys	0m0.047s
[WARN] get LZ_TOKEN error
02/28/21 01:13:58 646569200  1614446038
use pt_key

real	0m2.120s
user	0m0.109s
sys	0m0.094s
02/28/21 01:14:01 472618200  1614446041 token: AAFgOn3YADAjqXu3yDlSVBihgKIXZUxKnTeseHlSmX0Q_wKpdTOPkQVEvb90YcQtR4yM8ro0eqw
parse error: Invalid numeric literal at line 1, column 10

real	0m1.562s
user	0m0.109s
sys	0m0.109s
02/28/21 01:14:03 730629300  1614446043 secretPin: 
[WARN] get secretPin error

02/28/21 01:14:05 199097200  1614446045 ç‹ç­¾åˆ°è†³é­”å¸ˆï¼ˆTHERMOSï¼‰äº¬ä¸œè‡ªè¥æ——èˆ°åº—

real	0m2.018s
user	0m0.031s
sys	0m0.094s
parse error: Invalid numeric literal at line 1, column 10
parse error: Invalid numeric literal at line 1, column 10
parse error: Invalid numeric literal at line 1, column 10
parse error: Invalid numeric literal at line 1, column 10
02/28/21 01:14:13 519857100 1614446053

real	0m3.587s
user	0m0.000s
sys	0m0.047s

real	0m1.559s
user	0m0.047s
sys	0m0.094s
[WARN] get LZ_TOKEN error
02/28/21 01:14:20 484560700  1614446060
use pt_key

real	0m3.736s
user	0m0.109s
sys	0m0.156s
02/28/21 01:14:25 149524200  1614446065 token: AAFgOn3vADCSYSSmMNmiJzny9T3VjWkGv0aP7rsw1rYolA97-YAMzCQCtm_0rqp1Rvpxkb9O500
parse error: Invalid numeric literal at line 1, column 10

real	0m2.758s
user	0m0.094s
sys	0m0.109s
02/28/21 01:14:28 724150500  1614446068 secretPin: 
[WARN] get secretPin error

02/28/21 01:14:29 577787000  1614446069 ç‹ç­¾åˆ°è†³é­”å¸ˆï¼ˆTHERMOSï¼‰äº¬ä¸œè‡ªè¥æ——èˆ°åº—

real	0m2.637s
user	0m0.047s
sys	0m0.078s
parse error: Invalid numeric literal at line 1, column 10
parse error: Invalid numeric literal at line 1, column 10
parse error: Invalid numeric literal at line 1, column 10
parse error: Invalid numeric literal at line 1, column 10
02/28/21 01:14:39 155182800 1614446079

real	0m4.095s
user	0m0.000s
sys	0m0.016s

real	0m2.049s
user	0m0.031s
sys	0m0.063s
[WARN] get LZ_TOKEN error
02/28/21 01:14:47 825552700  1614446087
use pt_key

real	0m2.734s
user	0m0.094s
sys	0m0.109s
02/28/21 01:14:51 316261200  1614446091 token: AAFgOn4KADBaxuM0kzimSyPJH5m-o2_V9rNMQYOrS5tnacmTgxoJ3R6lP4BpNVkm-QQkUADaqHQ
parse error: Invalid numeric literal at line 1, column 10

real	0m2.453s
user	0m0.094s
sys	0m0.109s
02/28/21 01:14:54 374570900  1614446094 secretPin: 
[WARN] get secretPin error

02/28/21 01:14:54 998054200  1614446094 ç‹ç­¾åˆ°è†³é­”å¸ˆï¼ˆTHERMOSï¼‰äº¬ä¸œè‡ªè¥æ——èˆ°åº—

real	0m1.252s
user	0m0.016s
sys	0m0.094s
parse error: Invalid numeric literal at line 1, column 10
parse error: Invalid numeric literal at line 1, column 10
parse error: Invalid numeric literal at line 1, column 10
parse error: Invalid numeric literal at line 1, column 10
02/28/21 01:15:09 283487700 1614446109

real	0m5.424s
user	0m0.000s
sys	0m0.016s

real	0m3.114s
user	0m0.016s
sys	0m0.094s
[WARN] get LZ_TOKEN error
02/28/21 01:15:19 775608900  1614446119
use pt_key

real	0m3.113s
user	0m0.094s
sys	0m0.125s
02/28/21 01:15:24 682243500  1614446124 token: AAFgOn4qADAeku6Hik0k5DEQXbiF0tTuPkWM5DSTy2HxlypKVt_uvU6b-mx4LTf2TwfZXnc6UmE
parse error: Invalid numeric literal at line 1, column 10

real	0m2.874s
user	0m0.109s
sys	0m0.078s
02/28/21 01:15:28 494136400  1614446128 secretPin: 
[WARN] get secretPin error

02/28/21 01:15:28 888613000  1614446128 ç‹ç­¾åˆ°è†³é­”å¸ˆï¼ˆTHERMOSï¼‰äº¬ä¸œè‡ªè¥æ——èˆ°åº—

real	0m3.246s
user	0m0.016s
sys	0m0.078s
parse error: Invalid numeric literal at line 1, column 10
parse error: Invalid numeric literal at line 1, column 10
parse error: Invalid numeric literal at line 1, column 10
parse error: Invalid numeric literal at line 1, column 10
02/28/21 01:15:54 475039700 1614446154

real	0m4.140s
user	0m0.000s
sys	0m0.063s

real	0m3.121s
user	0m0.031s
sys	0m0.094s
[WARN] get LZ_TOKEN error
02/28/21 01:16:14 559657900  1614446174
use pt_key

real	0m2.076s
user	0m0.109s
sys	0m0.094s
02/28/21 01:16:17 261697400  1614446177 token: AAFgOn5gADCaiT-TmFn-Wtv46briZ27xUByu_vS6-iTUSbrsaDDDK8V8_-iavqIjhr4VvvxR67o
parse error: Invalid numeric literal at line 1, column 10

real	0m3.459s
user	0m0.109s
sys	0m0.172s
02/28/21 01:16:21 288989000  1614446181 secretPin: 
[WARN] get secretPin error

02/28/21 01:16:22 171383600  1614446182 ç‹ç­¾åˆ°è†³é­”å¸ˆï¼ˆTHERMOSï¼‰äº¬ä¸œè‡ªè¥æ——èˆ°åº—

real	0m2.949s
user	0m0.047s
sys	0m0.063s
parse error: Invalid numeric literal at line 1, column 10
parse error: Invalid numeric literal at line 1, column 10
parse error: Invalid numeric literal at line 1, column 10
parse error: Invalid numeric literal at line 1, column 10
02/28/21 01:16:47 417319700 1614446207

real	0m5.760s
user	0m0.000s
sys	0m0.063s

real	0m4.848s
user	0m0.047s
sys	0m0.078s
[WARN] get LZ_TOKEN error
02/28/21 01:17:07 760853200  1614446227
use pt_key

real	0m1.918s
user	0m0.125s
sys	0m0.078s
02/28/21 01:17:10 311856000  1614446230 token: AAFgOn6VADAk5pG0Jrn5V8d4dPVIuSnRkcw1XfC750Q082_YU7duBDjvxQEvViPAZm_pW_7ja7M
parse error: Invalid numeric literal at line 1, column 10

real	0m2.997s
user	0m0.125s
sys	0m0.094s
02/28/21 01:17:14 048147400  1614446234 secretPin: 
[WARN] get secretPin error

02/28/21 01:17:15 230549300  1614446235 ç‹ç­¾åˆ°è†³é­”å¸ˆï¼ˆTHERMOSï¼‰äº¬ä¸œè‡ªè¥æ——èˆ°åº—

real	0m2.858s
user	0m0.063s
sys	0m0.047s
parse error: Invalid numeric literal at line 1, column 10
parse error: Invalid numeric literal at line 1, column 10
parse error: Invalid numeric literal at line 1, column 10
parse error: Invalid numeric literal at line 1, column 10
02/28/21 01:17:36 400810300 1614446256

real	0m5.498s
user	0m0.016s
sys	0m0.031s

real	0m2.866s
user	0m0.047s
sys	0m0.047s
[WARN] get LZ_TOKEN error
02/28/21 01:17:47 806577200  1614446267
use pt_key

real	0m1.740s
user	0m0.094s
sys	0m0.141s
02/28/21 01:17:50 326378000  1614446270 token: AAFgOn69ADC56KTMc4NyecgUHA3SjrUjnD91MROQ7afmatuxumHrWOUvEHXBrCZKe8QJ1hbGxIk
parse error: Invalid numeric literal at line 1, column 10

real	0m2.397s
user	0m0.078s
sys	0m0.156s
02/28/21 01:17:53 423732200  1614446273 secretPin: 
[WARN] get secretPin error

02/28/21 01:17:54 215768900  1614446274 ç‹ç­¾åˆ°è†³é­”å¸ˆï¼ˆTHERMOSï¼‰äº¬ä¸œè‡ªè¥æ——èˆ°åº—

real	0m2.550s
user	0m0.031s
sys	0m0.063s
parse error: Invalid numeric literal at line 1, column 10
parse error: Invalid numeric literal at line 1, column 10
parse error: Invalid numeric literal at line 1, column 10
parse error: Invalid numeric literal at line 1, column 10
02/28/21 01:18:12 354499400 1614446292

real	0m4.972s
user	0m0.000s
sys	0m0.047s

real	0m3.855s
user	0m0.031s
sys	0m0.063s
[WARN] get LZ_TOKEN error
02/28/21 01:18:27 679692200  1614446307
use pt_key

real	0m2.609s
user	0m0.141s
sys	0m0.078s
02/28/21 01:18:31 500237700  1614446311 token: AAFgOn7mADD-aWJ9OPPJFp3OEohvpxMHB-pVHLfQi-yrSxDBWdNEzEPzTtKQ5GZj6CYDypy8-JM
parse error: Invalid numeric literal at line 1, column 10

real	0m2.232s
user	0m0.094s
sys	0m0.109s
02/28/21 01:18:35 536863200  1614446315 secretPin: 
[WARN] get secretPin error

02/28/21 01:18:36 711395400  1614446316 ç‹ç­¾åˆ°è†³é­”å¸ˆï¼ˆTHERMOSï¼‰äº¬ä¸œè‡ªè¥æ——èˆ°åº—

real	0m3.187s
user	0m0.063s
sys	0m0.047s
parse error: Invalid numeric literal at line 1, column 10
parse error: Invalid numeric literal at line 1, column 10
parse error: Invalid numeric literal at line 1, column 10
parse error: Invalid numeric literal at line 1, column 10
02/28/21 01:18:56 581586400 1614446336

real	0m5.696s
user	0m0.016s
sys	0m0.047s

real	0m5.080s
user	0m0.031s
sys	0m0.094s
[WARN] get LZ_TOKEN error
02/28/21 01:19:11 041740500  1614446351
use pt_key

real	0m6.203s
user	0m0.094s
sys	0m0.125s
02/28/21 01:19:18 585736700  1614446358 token: AAFgOn8UADChnCTuD-dF5L-x5JWYQ_6mYBNMyT9VNKMNHDje3V0jvj22Uhl6LehDMrglA3xtc_c
parse error: Invalid numeric literal at line 1, column 10

real	0m4.845s
user	0m0.141s
sys	0m0.109s
02/28/21 01:19:24 867964900  1614446364 secretPin: 
[WARN] get secretPin error

02/28/21 01:19:26 239935400  1614446366 ç‹ç­¾åˆ°è†³é­”å¸ˆï¼ˆTHERMOSï¼‰äº¬ä¸œè‡ªè¥æ——èˆ°åº—

real	0m2.698s
user	0m0.047s
sys	0m0.047s
parse error: Invalid numeric literal at line 1, column 10
parse error: Invalid numeric literal at line 1, column 10
parse error: Invalid numeric literal at line 1, column 10
parse error: Invalid numeric literal at line 1, column 10
02/28/21 01:19:50 667679800 1614446390

real	0m5.770s
user	0m0.000s
sys	0m0.016s

real	0m5.114s
user	0m0.031s
sys	0m0.063s
[WARN] get LZ_TOKEN error
02/28/21 01:20:07 265856200  1614446407
use pt_key

real	0m3.622s
user	0m0.109s
sys	0m0.109s
02/28/21 01:20:11 966443300  1614446411 token: AAFgOn9KADCes-Biq1D6rCY3plxlw7wA0IrXw_kGKl3a-EcGwFJIWL3glrjR0MOnvXe4jrG1WCM
parse error: Invalid numeric literal at line 1, column 10

real	0m4.483s
user	0m0.141s
sys	0m0.078s
02/28/21 01:20:17 296978800  1614446417 secretPin: 
[WARN] get secretPin error

02/28/21 01:20:18 300400100  1614446418 ç‹ç­¾åˆ°è†³é­”å¸ˆï¼ˆTHERMOSï¼‰äº¬ä¸œè‡ªè¥æ——èˆ°åº—

real	0m2.872s
user	0m0.031s
sys	0m0.078s
parse error: Invalid numeric literal at line 1, column 10
parse error: Invalid numeric literal at line 1, column 10
parse error: Invalid numeric literal at line 1, column 10
parse error: Invalid numeric literal at line 1, column 10
02/28/21 01:20:36 312565100 1614446436

real	0m5.663s
user	0m0.000s
sys	0m0.031s

real	0m3.438s
user	0m0.047s
sys	0m0.109s
[WARN] get LZ_TOKEN error
02/28/21 01:20:47 055296500  1614446447
use pt_key

real	0m3.180s
user	0m0.125s
sys	0m0.109s
02/28/21 01:20:51 137063900  1614446451 token: AAFgOn9yADD78-B_fse6fPn1xWocVteK1J1wBTBe5dEiYfuT_uodLWpIRhT39W6d8OL90djqCpE
parse error: Invalid numeric literal at line 1, column 10

real	0m4.274s
user	0m0.125s
sys	0m0.078s
02/28/21 01:20:56 726973200  1614446456 secretPin: 
[WARN] get secretPin error

02/28/21 01:20:58 040381200  1614446458 ç‹ç­¾åˆ°è†³é­”å¸ˆï¼ˆTHERMOSï¼‰äº¬ä¸œè‡ªè¥æ——èˆ°åº—

real	0m3.757s
user	0m0.031s
sys	0m0.141s
parse error: Invalid numeric literal at line 1, column 10
parse error: Invalid numeric literal at line 1, column 10
parse error: Invalid numeric literal at line 1, column 10
parse error: Invalid numeric literal at line 1, column 10
02/28/21 01:21:27 500122500 1614446487

real	0m5.520s
user	0m0.000s
sys	0m0.047s

real	0m1.836s
user	0m0.031s
sys	0m0.109s
[WARN] get LZ_TOKEN error
02/28/21 01:21:39 339929100  1614446499
use pt_key

real	0m1.937s
user	0m0.094s
sys	0m0.109s
02/28/21 01:21:42 058602900  1614446502 token: AAFgOn-lADCXVoztMNC9Efsncz2cb-nAVPPU-0DJQybQ5PFgbYVMbc59N4WHnjHLa0bO5p_G1jw
parse error: Invalid numeric literal at line 1, column 10

real	0m4.053s
user	0m0.125s
sys	0m0.109s
02/28/21 01:21:46 703508500  1614446506 secretPin: 
[WARN] get secretPin error

02/28/21 01:21:47 379152500  1614446507 ç‹ç­¾åˆ°è†³é­”å¸ˆï¼ˆTHERMOSï¼‰äº¬ä¸œè‡ªè¥æ——èˆ°åº—

real	0m2.760s
user	0m0.047s
sys	0m0.094s
parse error: Invalid numeric literal at line 1, column 10
parse error: Invalid numeric literal at line 1, column 10
parse error: Invalid numeric literal at line 1, column 10
parse error: Invalid numeric literal at line 1, column 10
02/28/21 01:22:05 249957300 1614446525

real	0m5.468s
user	0m0.000s
sys	0m0.047s

real	0m2.035s
user	0m0.000s
sys	0m0.094s
[WARN] get LZ_TOKEN error
02/28/21 01:22:23 354885800  1614446543
use pt_key

real	0m2.214s
user	0m0.094s
sys	0m0.141s
02/28/21 01:22:26 374625400  1614446546 token: AAFgOn_RADD0lBEzgwnalqx6vl5kwQ1Z-Bh17WmjjywcS2SA_9TWyZkZXHi40DRnSJN-_drTc1o
parse error: Invalid numeric literal at line 1, column 10

real	0m3.064s
user	0m0.094s
sys	0m0.109s
02/28/21 01:22:30 217543400  1614446550 secretPin: 
[WARN] get secretPin error

02/28/21 01:22:31 445040400  1614446551 ç‹ç­¾åˆ°è†³é­”å¸ˆï¼ˆTHERMOSï¼‰äº¬ä¸œè‡ªè¥æ——èˆ°åº—

real	0m1.682s
user	0m0.016s
sys	0m0.109s
parse error: Invalid numeric literal at line 1, column 10
parse error: Invalid numeric literal at line 1, column 10
parse error: Invalid numeric literal at line 1, column 10
parse error: Invalid numeric literal at line 1, column 10
02/28/21 01:22:46 884244100 1614446566

real	0m6.552s
user	0m0.000s
sys	0m0.063s
02/28/21 01:23:10 966563900  1614446590
parse error: Invalid numeric literal at line 1, column 10
ç­¾åˆ°æ˜¯å¦æˆåŠŸè§£æå¤±è´¥. ä¸å†å†™/home/myid/jd/jd_signup/vender/shop_1613569843_224_delay

ç‹ç­¾åˆ°è†³é­”å¸ˆï¼ˆTHERMOSï¼‰äº¬ä¸œè‡ªè¥æ——èˆ°åº—æŸ¥çœ‹ç»“æœ
<!DOCTYPE html>
<html>
 <head> 
  <title>äº¬ä¸œ</title> 
  <meta charset="utf-8" /> 
  <meta name="apple-mobile-web-app-capable" content="yes" /> 
  <meta name="viewport" content="width=device-width,initial-scale=1,user-scalable=no,maximum-scale=1,viewport-fit=cover" /> 
  <meta name="format-detection" content="telephone=no" /> 
  <meta name="x5-cache" content="enable" /> 
  <link rel="stylesheet" href="https://storage.360buyimg.com/babel/00162638/333378/production/dev/parser.1526555535098.css?t=20180517191236" /> 
  <style> img {
            opacity: 1 !important;
        } </style> 
  <link href="https://storage.360buyimg.com/babel/00170893/348321/production/dev/index.7320a380.css?t=20180802150952" rel="stylesheet" />
 </head> 
 <body style="background:#fff;" id="root"> 
  <div class="errorPage"> 
  </div> 
  <div class="placeholer"> 
  </div> 
  <script src="https://wl.jd.com/unify.min.js"></script> 
  <script type="text/javascript" src="https://storage.360buyimg.com/babel/00170893/348321/production/dev/index.0f8f4dba.js?t=20180802150952"></script> 
 </body>
</html>

parse error: Invalid numeric literal at line 1, column 10
[0;31;3mRUN  at {280:<--} ERROR CODE: 4[0m [0;31;3m[20210228 01:23:19] [ERROR] [0m

