03/17/21 01:18:52 046265000  1615915132
RANDOM_num: 45
removed '/tmp/tmp.F4AIGRcO1E'
03/17/21 01:18:52 175542200  1615915132 检查肥鹅签到

real	0m0.372s
user	0m0.016s
sys	0m0.125s
lzkj-isv.isvjcloud.com	FALSE	/	FALSE	1615915732	LZ_TOKEN_VALUE	B0oH3vDY2bhHWuKbVaJ+XQ==
lzkj-isv.isvjcloud.com	FALSE	/	FALSE	1615915732	LZ_TOKEN_KEY	lztokenpage8ad5aebd71be4d83b85b10c920aa7be7
03/17/21 01:18:52 766869600  1615915132
use pt_key

real	0m0.214s
user	0m0.094s
sys	0m0.125s
03/17/21 01:18:53 012174100  1615915133 token: AAFgUOh9ADDT1uD1ob7x6G_mCEAguENpJ2g-vmrZXNcx1xs_ovpMOU8YgCsWYtJHRafFQKjxOKc

real	0m0.336s
user	0m0.031s
sys	0m0.094s
03/17/21 01:18:53 585974900  1615915133 secretPin: 4YEv+ri88IbQX5lhoqHrzE7oeVP9kq2pYSH90mYt4m3fwcJlClpxrfmVYaGKuquQkdK3rLBQpEQH9V4tdrrh0w==

03/17/21 01:18:53 612509800  1615915133 肥鹅签到卡西欧京东自营店

real	0m0.446s
user	0m0.031s
sys	0m0.063s
{
  "gift": {
    "activityId": null,
    "activityType": null,
    "venderId": null,
    "type": 0,
    "name": null,
    "itemHb": null,
    "id": "5",
    "giftType": "9",
    "giftName": "5积分",
    "giftNum": "5",
    "giftTotal": "100000",
    "giftResidue": null,
    "priceInfo": "0",
    "shortLink": "",
    "orginLink": null,
    "giftInfoId": "dd71f8c4becf4e8d97b6f784e72eaab2",
    "commonAddAwardVO": null
  },
  "msg": "",
  "isOk": true,
  "isSend": true,
  "key": "zCnTJU"
}
true
03/17/21 01:18:54 449668700 1615915134
03/17/21 01:18:54 476120200 1615915134 签到卡西欧京东自营店完成
03/17/21 01:19:39 647149400  1615915179
true
首次签到成功. 写入giftName: "5积分"

***********************************************
2021/03/16_08:00:00  [已~签~到]      
2021/03/17_08:00:00  [已~签~到]      
当天签到奖励 ["5积分"]
连续签到 2 天
签到总天数 2
***********************************************

肥鹅签到卡西欧京东自营店查看结果
{"msg":"","giftLog":{"20210316":"y","20210317":"y"},"isOk":true,"signDetail":{"20210316":"y","20210317":"y"},"followDays":1,"signRecord":{"nicknameShow":null,"id":"c9b161f80e9d4eae97da25fad2a0bf39","venderId":1000003571,"actId":"5feb5fef6abe48dcac64b656d110a932","actName":"签到活动","nick":"4YEv+ri88IbQX5lhoqHrzE7oeVP9kq2pYSH90mYt4m3fwcJlClpxrfmVYaGKuquQkdK3rLBQpEQH9V4tdrrh0w==","phone":"","midUrl":null,"pin":"4YEv+ri88IbQX5lhoqHrzE7oeVP9kq2pYSH90mYt4m3fwcJlClpxrfmVYaGKuquQkdK3rLBQpEQH9V4tdrrh0w==","lastSignDate":20210317,"contiSignNum":2,"totalSignNum":2,"createTime":1615906660000,"updateTime":1615915134000,"remark":null}}

{
  "signDetail": {
    "20210316": "y",
    "20210317": "y"
  },
  "contiSignNum": 2,
  "totalSignNum": 2
}

卡西欧京东自营店活动规则
{"msg":"","act":{"id":"5feb5fef6abe48dcac64b656d110a932","jdActivityId":null,"venderId":1000003571,"actName":"签到活动","startTime":1615305600000,"endTime":1616083199000,"tplId":"0110","deleted":null,"actUrl":"https://lzkj-isv.isvjcloud.com/sign/signActivity2?activityId=5feb5fef6abe48dcac64b656d110a932&venderId=1000003571","shortUrl":"3.cn/101bKs-sY","qrcodeUrl":"https://img10.360buyimg.com/imgzone/jfs/t1/159642/27/11838/3640/60471003Ee329ad77/c6bed868a468a4a6.png","actRule":"1、活动时间：2021-03-10 00:00 - 2021-03-18 23:59；
2、符合累计签到赠送条件，则有机会赠送累计签到奖品，同时每日签到奖品不赠送；
3、每日签到，有机会赠送[5积分]；
4、累计签到3天，有机会赠送[10积分]；
5、累计签到5天，有机会赠送[5京豆]；
6、累计签到7天，有机会赠送[10京豆]；
7、关注店铺后方可参与活动；
8、签到成功后有机会获得奖品，也有可能会与奖品擦肩而过（奖品数量有限，先到先得）；
9、若用户存在刷奖等恶意行为，一经发现将取消抽奖资格（如奖品已经发放，有权追回奖品）；
注：奖品发放形式：
实物奖：
（1）中奖客户信息收集：页面弹屏提示中奖客户提供收货地址、号码和奖项；(超过1小时未填写对应收货信息，视为放弃);
（2）实物奖采取寄送方式发放，获奖用户需在开奖后填写姓名、联系电话、详细地址信息。如因用户原因无法联系上，即奖品作废不再补发，或如用户未填写真实有效的信息或填写收货信息不详，均视为放弃奖品；
虚拟产品奖：
（1）京豆：中奖后系统预计24小时内自动发放至账户；
（2）优惠券：中奖后需手动领取，预计24小时到账；
【活动参与主体资格】
（1）每位自然人用户仅能使用一个京东账号参与活动，微信号、QQ、京东帐号、手机号码等任一信息一致或指向同一用户的，视为同一个用户，则第一个参与本活动的账号参与结果有效，其余账号参与结果均视为无效。
（2）若发现同一位用户使用不同账号重复参与活动，承办方有权取消其获奖资格。
【注意事项】
（1）活动过程中，凡以不正当手段（如作弊领取、恶意套取、刷信誉、虚假交易、扰乱系统、实施网络攻击等）参与本次活动的用户，商家有权终止其参与活动，并取消其获奖资格（如奖品已发放，商家有权追回），如给商家造成损失的，商家将保留向违规用户继续追索的权利。
（2）如遇不可抗力(包括但不限于重大灾害事件、活动受政府机关指令需要停止举办或调整的、活动中存在大面积作弊行为、活动遭受严重网络攻击或因系统故障导致活动中奖名单大批量出错，活动不能正常进行的)，商家有权取消、修改或暂停本活动。
（3）本活动所发放的实物奖不得提现、不得转赠他人、不得为他人付款。
（4）是否中奖以活动发布者后台统计结果为准。
","createTime":1615269891000,"updateTime":1615269891000,"activityType":null,"actTimeStr":"2021-03-10 00:00 至 2021-03-18 23:59","actRange":"all","isFocusShop":"y","giftJson":"{\"gift\":{\"giftInfoId\":\"dd71f8c4becf4e8d97b6f784e72eaab2\",\"giftName\":\"5积分\",\"giftNum\":\"5\",\"giftTotal\":\"100000\",\"giftType\":\"9\",\"id\":\"5\",\"priceInfo\":\"0\",\"shortLink\":\"\",\"type\":0},\"giftConditions\":[{\"dayNum\":\"3\",\"gift\":{\"giftInfoId\":\"72c692b9f7f749c5b204bb2f2d58c664\",\"giftName\":\"10积分\",\"giftNum\":\"10\",\"giftTotal\":\"100000\",\"giftType\":\"9\",\"id\":\"10\",\"priceInfo\":\"0\",\"shortLink\":\"\",\"type\":0}},{\"dayNum\":\"5\",\"gift\":{\"giftInfoId\":\"63c44a4daefb42f6b873bed1534aa3a3\",\"giftName\":\"5京豆\",\"giftNum\":\"5\",\"giftTotal\":\"10000\",\"giftType\":\"6\",\"id\":\"1178206\",\"priceInfo\":\"0.05\",\"shortLink\":\"\",\"type\":0}},{\"dayNum\":\"7\",\"gift\":{\"giftInfoId\":\"90034ed1b5ec4d088e326bda8076c5b2\",\"giftName\":\"10京豆\",\"giftNum\":\"10\",\"giftTotal\":\"5000\",\"giftType\":\"6\",\"id\":\"1178206\",\"priceInfo\":\"0.10\",\"shortLink\":\"\",\"type\":0}}],\"hasGiftEveryDay\":\"y\",\"signType\":\"2\"}","wxSignActivityGiftBean":{"hasGiftEveryDay":"y","gift":{"activityId":null,"activityType":null,"venderId":null,"type":0,"name":null,"itemHb":null,"id":"5","giftType":"9","giftName":"5积分","giftNum":"5","giftTotal":"100000","giftResidue":null,"priceInfo":"0","shortLink":"","orginLink":null,"giftInfoId":"dd71f8c4becf4e8d97b6f784e72eaab2","commonAddAwardVO":null},"signType":"2","giftConditions":[{"dayNum":"3","gift":{"activityId":null,"activityType":null,"venderId":null,"type":0,"name":null,"itemHb":null,"id":"10","giftType":"9","giftName":"10积分","giftNum":"10","giftTotal":"100000","giftResidue":null,"priceInfo":"0","shortLink":"","orginLink":null,"giftInfoId":"72c692b9f7f749c5b204bb2f2d58c664","commonAddAwardVO":null}},{"dayNum":"5","gift":{"activityId":null,"activityType":null,"venderId":null,"type":0,"name":null,"itemHb":null,"id":"1178206","giftType":"6","giftName":"5京豆","giftNum":"5","giftTotal":"10000","giftResidue":null,"priceInfo":"0.05","shortLink":"","orginLink":null,"giftInfoId":"63c44a4daefb42f6b873bed1534aa3a3","commonAddAwardVO":null}},{"dayNum":"7","gift":{"activityId":null,"activityType":null,"venderId":null,"type":0,"name":null,"itemHb":null,"id":"1178206","giftType":"6","giftName":"10京豆","giftNum":"10","giftTotal":"5000","giftResidue":null,"priceInfo":"0.10","shortLink":"","orginLink":null,"giftInfoId":"90034ed1b5ec4d088e326bda8076c5b2","commonAddAwardVO":null}}]},"isShowItems":"y","showItemIds":"100018601952,100018601898,100010450831,100018601962,100018317912,100018708674,100018601944,100018708694,100018421942,100018601948,100018421922,100018708708,100018601964,100018708698","jmWareVOList":null,"status":"ING"},"isOk":true}

{
  "actUrl": "https://lzkj-isv.isvjcloud.com/sign/signActivity2?activityId=5feb5fef6abe48dcac64b656d110a932&venderId=1000003571",
  "shortUrl": "3.cn/101bKs-sY",
  "actRule": "1、活动时间：2021-03-10 00:00 - 2021-03-18 23:59；\n2、符合累计签到赠送条件，则有机会赠送累计签到奖品，同时每日签到奖品不赠送；\n3、每日签到，有机会赠送[5积分]；\n4、累计签到3天，有机会赠送[10积分]；\n5、累计签到5天，有机会赠送[5京豆]；\n6、累计签到7天，有机会赠送[10京豆]；\n7、关注店铺后方可参与活动；\n8、签到成功后有机会获得奖品，也有可能会与奖品擦肩而过（奖品数量有限，先到先得）；\n9、若用户存在刷奖等恶意行为，一经发现将取消抽奖资格（如奖品已经发放，有权追回奖品）；\n注：奖品发放形式：\n实物奖：\n（1）中奖客户信息收集：页面弹屏提示中奖客户提供收货地址、号码和奖项；(超过1小时未填写对应收货信息，视为放弃);\n（2）实物奖采取寄送方式发放，获奖用户需在开奖后填写姓名、联系电话、详细地址信息。如因用户原因无法联系上，即奖品作废不再补发，或如用户未填写真实有效的信息或填写收货信息不详，均视为放弃奖品；\n虚拟产品奖：\n（1）京豆：中奖后系统预计24小时内自动发放至账户；\n（2）优惠券：中奖后需手动领取，预计24小时到账；\n【活动参与主体资格】\n（1）每位自然人用户仅能使用一个京东账号参与活动，微信号、QQ、京东帐号、手机号码等任一信息一致或指向同一用户的，视为同一个用户，则第一个参与本活动的账号参与结果有效，其余账号参与结果均视为无效。\n（2）若发现同一位用户使用不同账号重复参与活动，承办方有权取消其获奖资格。\n【注意事项】\n（1）活动过程中，凡以不正当手段（如作弊领取、恶意套取、刷信誉、虚假交易、扰乱系统、实施网络攻击等）参与本次活动的用户，商家有权终止其参与活动，并取消其获奖资格（如奖品已发放，商家有权追回），如给商家造成损失的，商家将保留向违规用户继续追索的权利。\n（2）如遇不可抗力(包括但不限于重大灾害事件、活动受政府机关指令需要停止举办或调整的、活动中存在大面积作弊行为、活动遭受严重网络攻击或因系统故障导致活动中奖名单大批量出错，活动不能正常进行的)，商家有权取消、修改或暂停本活动。\n（3）本活动所发放的实物奖不得提现、不得转赠他人、不得为他人付款。\n（4）是否中奖以活动发布者后台统计结果为准。\n"
}
actId=5feb5fef6abe48dcac64b656d110a932
venderId=1000003571
startTime=1615305600000
endTime=1616083199000
# 短链接
suo_url="https://3.cn/101bKs-sY"
actTimeStr="2021-03-10 00:00 至 2021-03-18 23:59"
#店铺名称
vendername="卡西欧京东自营店"
# 长链接
url=https://lzkj-isv.isvjcloud.com/sign/signActivity2?activityId=5feb5fef6abe48dcac64b656d110a932&venderId=1000003571&adsource=tg_storePage
# 活动时间：2021.03.10 00:00:00 - 2021.03.18 23:59:59
# 奖励说明：
actRule="
连续签到3天：10积分 10积分
连续签到5天：5京豆 5京豆
连续签到7天：10京豆 10京豆
"
#移动 jd_OeTNobRVGiNZ sign_res
sign_res="
"
sign_num="0"
sign_total_num="0"
giftName=""
giftRes=""
giftDate="20210317"
sign_res_info="

当天签到奖励 []
连续签到 0 天
签到总天数 0"
#移动 jd_OeTNobRVGiNZ sign_res_end
#赵 122294312-396444 sign_res
sign_res="
signTime=1615852800;signed=2
signTime=1615939200;signed=2"
sign_num="2"
sign_total_num="2"
giftName=""5积分""
giftRes="ok"
giftDate="20210317"
sign_res_info="
2021/03/16_08:00:00  [已~签~到]      
2021/03/17_08:00:00  [已~签~到]      
当天签到奖励 ["5积分"]
连续签到 2 天
签到总天数 2"
#赵 122294312-396444 sign_res_end
#王 1309893722-164885 sign_res
sign_res="
signTime=1615852800;signed=2
signTime=1615939200;signed=2"
sign_num="2"
sign_total_num="2"
giftName=""5积分""
giftRes="ok"
giftDate="20210317"
sign_res_info="
2021/03/16_08:00:00  [已~签~到]      
2021/03/17_08:00:00  [已~签~到]      
当天签到奖励 ["5积分"]
连续签到 2 天
签到总天数 2"
#王 1309893722-164885 sign_res_end
#肥鹅 jd_4d651d9e48204 sign_res
sign_res="
signTime=1615852800;signed=2
signTime=1615939200;signed=2"
sign_num="2"
sign_total_num="2"
giftName=""5积分""
giftRes="ok"
giftDate="20210317"
sign_res_info="
2021/03/16_08:00:00  [已~签~到]      
2021/03/17_08:00:00  [已~签~到]      
当天签到奖励 ["5积分"]
连续签到 2 天
签到总天数 2"
#肥鹅 jd_4d651d9e48204 sign_res_end
