03/05/21 02:05:12 517682200  1614881112
RANDOM_num: 10
removed '/tmp/tmp.MNbJJDDv1t'
03/05/21 02:05:13 038762500  1614881113 检查王签到

real	0m3.427s
user	0m0.047s
sys	0m0.047s
[WARN] get LZ_TOKEN error
03/05/21 02:05:17 207992600  1614881117
use pt_key

real	0m0.489s
user	0m0.094s
sys	0m0.094s
03/05/21 02:05:17 826030400  1614881117 token: AAFgQSFdADDVM1KR8Xn2xMVmm8iNTLCVCfYLacTtoLmPFuJ1uR4jxfFgS2GuDeeZtt0HVnEfJmk

real	0m0.650s
user	0m0.016s
sys	0m0.047s
parse error: Invalid numeric literal at line 1, column 10
03/05/21 02:05:19 258914600  1614881119 secretPin: 
[WARN] get secretPin error

03/05/21 02:05:19 425670100  1614881119 王签到英氏YeeHoO奥特莱斯店

real	0m0.593s
user	0m0.047s
sys	0m0.063s
parse error: Invalid numeric literal at line 1, column 10
parse error: Invalid numeric literal at line 1, column 10
parse error: Invalid numeric literal at line 1, column 10
parse error: Invalid numeric literal at line 1, column 10
parse error: Invalid numeric literal at line 1, column 10
03/05/21 02:05:22 219662600 1614881122

real	0m0.735s
user	0m0.000s
sys	0m0.031s

real	0m0.755s
user	0m0.016s
sys	0m0.078s
[WARN] get LZ_TOKEN error
03/05/21 02:05:24 075341300  1614881124
use pt_key

real	0m1.088s
user	0m0.141s
sys	0m0.094s
03/05/21 02:05:25 447033800  1614881125 token: AAFgQSFlADAnR5Re2jh-DI1MQ_74DntRtFdef6f0w6F5dzdXLIr0PqMHIpxzwxvqyAyE8CDRguE

real	0m0.851s
user	0m0.031s
sys	0m0.109s
parse error: Invalid numeric literal at line 1, column 10
03/05/21 02:05:27 430191000  1614881127 secretPin: 
[WARN] get secretPin error

03/05/21 02:05:27 642982100  1614881127 王签到英氏YeeHoO奥特莱斯店

real	0m0.666s
user	0m0.031s
sys	0m0.094s
parse error: Invalid numeric literal at line 1, column 10
parse error: Invalid numeric literal at line 1, column 10
parse error: Invalid numeric literal at line 1, column 10
parse error: Invalid numeric literal at line 1, column 10
parse error: Invalid numeric literal at line 1, column 10
03/05/21 02:05:31 391264800 1614881131

real	0m1.224s
user	0m0.000s
sys	0m0.000s

real	0m1.283s
user	0m0.016s
sys	0m0.094s
[WARN] get LZ_TOKEN error
03/05/21 02:05:34 583820300  1614881134
use pt_key

real	0m1.382s
user	0m0.109s
sys	0m0.141s
03/05/21 02:05:36 179593300  1614881136 token: AAFgQSFvADAc9q6fhjt7svU3mtQ6_XedIAT_KBt8PiS089N42cqv0tTKQe7D6rfOKurNhMAeNGs

real	0m1.220s
user	0m0.031s
sys	0m0.109s
parse error: Invalid numeric literal at line 1, column 10
03/05/21 02:05:38 839484300  1614881138 secretPin: 
[WARN] get secretPin error

03/05/21 02:05:39 155395000  1614881139 王签到英氏YeeHoO奥特莱斯店

real	0m0.404s
user	0m0.016s
sys	0m0.063s
parse error: Invalid numeric literal at line 1, column 10
parse error: Invalid numeric literal at line 1, column 10
parse error: Invalid numeric literal at line 1, column 10
parse error: Invalid numeric literal at line 1, column 10
parse error: Invalid numeric literal at line 1, column 10
03/05/21 02:05:44 055446400 1614881144

real	0m1.486s
user	0m0.000s
sys	0m0.031s

real	0m1.225s
user	0m0.063s
sys	0m0.109s
[WARN] get LZ_TOKEN error
03/05/21 02:05:47 461792000  1614881147
use pt_key

real	0m1.724s
user	0m0.094s
sys	0m0.172s
03/05/21 02:05:49 409513100  1614881149 token: AAFgQSF9ADANVc8s1pVYTzW-JbcL1_RYCrfah6Ofa58CoNH94_-jFkpshxN9YGEjLJjHwL_Czrk

real	0m0.984s
user	0m0.047s
sys	0m0.063s
parse error: Invalid numeric literal at line 1, column 10
03/05/21 02:05:51 849697900  1614881151 secretPin: 
[WARN] get secretPin error

03/05/21 02:05:52 129093200  1614881152 王签到英氏YeeHoO奥特莱斯店

real	0m0.941s
user	0m0.031s
sys	0m0.047s
parse error: Invalid numeric literal at line 1, column 10
parse error: Invalid numeric literal at line 1, column 10
parse error: Invalid numeric literal at line 1, column 10
parse error: Invalid numeric literal at line 1, column 10
parse error: Invalid numeric literal at line 1, column 10
03/05/21 02:05:56 492367800 1614881156

real	0m1.804s
user	0m0.000s
sys	0m0.047s

real	0m1.480s
user	0m0.047s
sys	0m0.078s
[WARN] get LZ_TOKEN error
03/05/21 02:06:00 667821700  1614881160
use pt_key

real	0m1.301s
user	0m0.141s
sys	0m0.078s
03/05/21 02:06:02 261364200  1614881162 token: AAFgQSGJADC6-s93xY6yzAki3SCiVnDOCCcilRqNplcCy-013O6dgD4n6CubkgMHHcglf34tXbI

real	0m1.264s
user	0m0.000s
sys	0m0.141s
parse error: Invalid numeric literal at line 1, column 10
03/05/21 02:06:04 655195000  1614881164 secretPin: 
[WARN] get secretPin error

03/05/21 02:06:04 978976500  1614881164 王签到英氏YeeHoO奥特莱斯店

real	0m0.713s
user	0m0.016s
sys	0m0.156s
parse error: Invalid numeric literal at line 1, column 10
parse error: Invalid numeric literal at line 1, column 10
parse error: Invalid numeric literal at line 1, column 10
parse error: Invalid numeric literal at line 1, column 10
parse error: Invalid numeric literal at line 1, column 10
03/05/21 02:06:08 883565400 1614881168

real	0m2.708s
user	0m0.000s
sys	0m0.000s

real	0m1.045s
user	0m0.063s
sys	0m0.047s
[WARN] get LZ_TOKEN error
03/05/21 02:06:13 468052600  1614881173
use pt_key

real	0m0.846s
user	0m0.141s
sys	0m0.109s
03/05/21 02:06:14 497484700  1614881174 token: AAFgQSGWADDBImbnCt-z2U1nsPw_E341-0XqmY5dX-GvCHAOMjEry1NhsqadMCu2WC-Cji2OCHc

real	0m1.272s
user	0m0.031s
sys	0m0.047s
parse error: Invalid numeric literal at line 1, column 10
03/05/21 02:06:16 882082900  1614881176 secretPin: 
[WARN] get secretPin error

03/05/21 02:06:17 263365800  1614881177 王签到英氏YeeHoO奥特莱斯店

real	0m0.731s
user	0m0.031s
sys	0m0.094s
parse error: Invalid numeric literal at line 1, column 10
parse error: Invalid numeric literal at line 1, column 10
parse error: Invalid numeric literal at line 1, column 10
parse error: Invalid numeric literal at line 1, column 10
parse error: Invalid numeric literal at line 1, column 10
03/05/21 02:06:20 661567400 1614881180

real	0m2.196s
user	0m0.000s
sys	0m0.078s

real	0m1.191s
user	0m0.047s
sys	0m0.094s
[WARN] get LZ_TOKEN error
03/05/21 02:06:24 818609000  1614881184
use pt_key

real	0m1.182s
user	0m0.109s
sys	0m0.156s
03/05/21 02:06:26 341664600  1614881186 token: AAFgQSGhADDFmwLaXlcmXPw7E9yX6uUR3gS1HcijcbfN5VNY17eIyosz58JQVQRlRomGycwqEC0

real	0m0.788s
user	0m0.000s
sys	0m0.125s
parse error: Invalid numeric literal at line 1, column 10
03/05/21 02:06:28 483450400  1614881188 secretPin: 
[WARN] get secretPin error

03/05/21 02:06:28 901555700  1614881188 王签到英氏YeeHoO奥特莱斯店

real	0m1.323s
user	0m0.016s
sys	0m0.094s
parse error: Invalid numeric literal at line 1, column 10
parse error: Invalid numeric literal at line 1, column 10
parse error: Invalid numeric literal at line 1, column 10
parse error: Invalid numeric literal at line 1, column 10
parse error: Invalid numeric literal at line 1, column 10
03/05/21 02:06:33 715715600 1614881193

real	0m2.050s
user	0m0.000s
sys	0m0.016s

real	0m1.247s
user	0m0.031s
sys	0m0.094s
[WARN] get LZ_TOKEN error
03/05/21 02:06:37 949000300  1614881197
use pt_key

real	0m1.612s
user	0m0.125s
sys	0m0.125s
03/05/21 02:06:41 263320600  1614881201 token: AAFgQSGvADAdq81DUqgelDoYorD3euzXdhRM1h3_24P1LeQeW5waIfTe_N5IKXz65sd8xDNQgWU

real	0m1.433s
user	0m0.016s
sys	0m0.078s
parse error: Invalid numeric literal at line 1, column 10
03/05/21 02:06:44 826764300  1614881204 secretPin: 
[WARN] get secretPin error

03/05/21 02:06:45 262838400  1614881205 王签到英氏YeeHoO奥特莱斯店

real	0m0.925s
user	0m0.031s
sys	0m0.094s
parse error: Invalid numeric literal at line 1, column 10
parse error: Invalid numeric literal at line 1, column 10
parse error: Invalid numeric literal at line 1, column 10
parse error: Invalid numeric literal at line 1, column 10
parse error: Invalid numeric literal at line 1, column 10
03/05/21 02:06:49 521452200 1614881209

real	0m2.616s
user	0m0.016s
sys	0m0.094s

real	0m1.321s
user	0m0.016s
sys	0m0.109s
[WARN] get LZ_TOKEN error
03/05/21 02:06:54 383391100  1614881214
use pt_key

real	0m1.691s
user	0m0.094s
sys	0m0.078s
03/05/21 02:06:56 526193100  1614881216 token: AAFgQSG_ADCqFxtt7keEdxLppAn1cJZHeaBEb7Uo2P6hoD2olM-P5wEHEQ4OYsXkJ4-S4pMAQZ8

real	0m1.592s
user	0m0.063s
sys	0m0.109s
parse error: Invalid numeric literal at line 1, column 10
03/05/21 02:06:59 733988200  1614881219 secretPin: 
[WARN] get secretPin error

03/05/21 02:07:00 308868700  1614881220 王签到英氏YeeHoO奥特莱斯店

real	0m1.107s
user	0m0.016s
sys	0m0.094s
parse error: Invalid numeric literal at line 1, column 10
parse error: Invalid numeric literal at line 1, column 10
parse error: Invalid numeric literal at line 1, column 10
parse error: Invalid numeric literal at line 1, column 10
parse error: Invalid numeric literal at line 1, column 10
03/05/21 02:07:05 720781200 1614881225

real	0m2.741s
user	0m0.016s
sys	0m0.031s

real	0m2.344s
user	0m0.031s
sys	0m0.109s
[WARN] get LZ_TOKEN error
03/05/21 02:07:11 567213200  1614881231
use pt_key

real	0m1.702s
user	0m0.109s
sys	0m0.109s
03/05/21 02:07:13 615303900  1614881233 token: AAFgQSHRADDj7zpjR4SO0eD4mrjMq2UqPDB_8Ad9FiqTwcg1mABdr8rgLcooJWMaLwTOY3QQsqs

real	0m1.859s
user	0m0.047s
sys	0m0.078s
parse error: Invalid numeric literal at line 1, column 10
03/05/21 02:07:17 211658800  1614881237 secretPin: 
[WARN] get secretPin error

03/05/21 02:07:17 609110500  1614881237 王签到英氏YeeHoO奥特莱斯店

real	0m0.953s
user	0m0.047s
sys	0m0.094s
parse error: Invalid numeric literal at line 1, column 10
parse error: Invalid numeric literal at line 1, column 10
parse error: Invalid numeric literal at line 1, column 10
parse error: Invalid numeric literal at line 1, column 10
parse error: Invalid numeric literal at line 1, column 10
03/05/21 02:07:21 808239600 1614881241

real	0m2.738s
user	0m0.000s
sys	0m0.031s

real	0m1.458s
user	0m0.016s
sys	0m0.063s
[WARN] get LZ_TOKEN error
03/05/21 02:07:27 068051200  1614881247
use pt_key

real	0m1.336s
user	0m0.094s
sys	0m0.125s
03/05/21 02:07:28 673534700  1614881248 token: AAFgQSHgADBqt723lOW0HCMqDLdddJdswRGWV2WU38-d28pZyO1SgnRD0vuAsAp-JXuMn4zybqA

real	0m1.119s
user	0m0.031s
sys	0m0.109s
parse error: Invalid numeric literal at line 1, column 10
03/05/21 02:07:31 104181000  1614881251 secretPin: 
[WARN] get secretPin error

03/05/21 02:07:31 294872600  1614881251 王签到英氏YeeHoO奥特莱斯店

real	0m1.032s
user	0m0.063s
sys	0m0.063s
parse error: Invalid numeric literal at line 1, column 10
parse error: Invalid numeric literal at line 1, column 10
parse error: Invalid numeric literal at line 1, column 10
parse error: Invalid numeric literal at line 1, column 10
parse error: Invalid numeric literal at line 1, column 10
03/05/21 02:07:35 815033400 1614881255

real	0m3.039s
user	0m0.000s
sys	0m0.016s

real	0m1.396s
user	0m0.031s
sys	0m0.125s
[WARN] get LZ_TOKEN error
03/05/21 02:07:40 899569100  1614881260
use pt_key

real	0m1.056s
user	0m0.047s
sys	0m0.125s
03/05/21 02:07:42 343853500  1614881262 token: AAFgQSHtADC_7kblEKEfBfa3hh3LxM0TUhWggrGxs0v76Hj7pwawwZihhiVr9kR58Nb9CdshJ24

real	0m0.714s
user	0m0.016s
sys	0m0.094s
parse error: Invalid numeric literal at line 1, column 10
03/05/21 02:07:43 944857200  1614881263 secretPin: 
[WARN] get secretPin error

03/05/21 02:07:44 226074600  1614881264 王签到英氏YeeHoO奥特莱斯店

real	0m0.868s
user	0m0.031s
sys	0m0.094s
parse error: Invalid numeric literal at line 1, column 10
parse error: Invalid numeric literal at line 1, column 10
parse error: Invalid numeric literal at line 1, column 10
parse error: Invalid numeric literal at line 1, column 10
parse error: Invalid numeric literal at line 1, column 10
03/05/21 02:07:48 425276500 1614881268

real	0m3.267s
user	0m0.000s
sys	0m0.047s

real	0m1.101s
user	0m0.031s
sys	0m0.125s
[WARN] get LZ_TOKEN error
03/05/21 02:07:53 325940100  1614881273
use pt_key

real	0m1.166s
user	0m0.109s
sys	0m0.109s
03/05/21 02:07:54 794755900  1614881274 token: AAFgQSH6ADBbU2EYmD_lsoD4iCmALkp4DBFtrTqw3vPswfuSr8PTgEZ0ySzhU0PQivpRdvISzkQ

real	0m0.791s
user	0m0.016s
sys	0m0.125s
parse error: Invalid numeric literal at line 1, column 10
03/05/21 02:07:56 579766200  1614881276 secretPin: 
[WARN] get secretPin error

03/05/21 02:07:56 779866700  1614881276 王签到英氏YeeHoO奥特莱斯店

real	0m0.857s
user	0m0.000s
sys	0m0.125s
parse error: Invalid numeric literal at line 1, column 10
parse error: Invalid numeric literal at line 1, column 10
parse error: Invalid numeric literal at line 1, column 10
parse error: Invalid numeric literal at line 1, column 10
parse error: Invalid numeric literal at line 1, column 10
03/05/21 02:08:00 509644200 1614881280

real	0m3.521s
user	0m0.000s
sys	0m0.000s

real	0m0.917s
user	0m0.047s
sys	0m0.094s
[WARN] get LZ_TOKEN error
03/05/21 02:08:05 463874200  1614881285
use pt_key

real	0m1.314s
user	0m0.094s
sys	0m0.125s
03/05/21 02:08:07 082325300  1614881287 token: AAFgQSIGADCXeIo7CGK-XGVuKlLq2V8253hpPv2NKnXCKmE7nRIsdHaY-oAFYslf8yH7sA7kcYw

real	0m1.079s
user	0m0.031s
sys	0m0.078s
parse error: Invalid numeric literal at line 1, column 10
03/05/21 02:08:09 390234200  1614881289 secretPin: 
[WARN] get secretPin error

03/05/21 02:08:10 600424200  1614881290 王签到英氏YeeHoO奥特莱斯店

real	0m0.792s
user	0m0.047s
sys	0m0.047s
parse error: Invalid numeric literal at line 1, column 10
parse error: Invalid numeric literal at line 1, column 10
parse error: Invalid numeric literal at line 1, column 10
parse error: Invalid numeric literal at line 1, column 10
parse error: Invalid numeric literal at line 1, column 10
03/05/21 02:08:14 364095900 1614881294

real	0m3.979s
user	0m0.000s
sys	0m0.063s

real	0m1.260s
user	0m0.031s
sys	0m0.047s
[WARN] get LZ_TOKEN error
03/05/21 02:08:20 360873500  1614881300
use pt_key

real	0m1.118s
user	0m0.109s
sys	0m0.125s
03/05/21 02:08:21 731199700  1614881301 token: AAFgQSIVADDTv20FyOQTuwWzXHZNitclLhL-4AO3CDESJFGT25vP6xO7dQ27NT45_hxRGYdOurI

real	0m0.991s
user	0m0.016s
sys	0m0.109s
parse error: Invalid numeric literal at line 1, column 10
03/05/21 02:08:23 841324500  1614881303 secretPin: 
[WARN] get secretPin error

03/05/21 02:08:24 108047800  1614881304 王签到英氏YeeHoO奥特莱斯店

real	0m0.886s
user	0m0.016s
sys	0m0.078s
parse error: Invalid numeric literal at line 1, column 10
parse error: Invalid numeric literal at line 1, column 10
parse error: Invalid numeric literal at line 1, column 10
parse error: Invalid numeric literal at line 1, column 10
parse error: Invalid numeric literal at line 1, column 10
03/05/21 02:08:28 495592100 1614881308

real	0m3.676s
user	0m0.000s
sys	0m0.047s

real	0m1.042s
user	0m0.031s
sys	0m0.063s
[WARN] get LZ_TOKEN error
03/05/21 02:08:33 772015200  1614881313
use pt_key

real	0m1.198s
user	0m0.078s
sys	0m0.141s
03/05/21 02:08:35 382606600  1614881315 token: AAFgQSIiADAKovIc49PyU1G-wblEh_nxn2RNdJg7oImlMVD6Bg2dR49aZqsl50GEZLcesF8ewA8

real	0m0.790s
user	0m0.031s
sys	0m0.078s
parse error: Invalid numeric literal at line 1, column 10
03/05/21 02:08:37 237788100  1614881317 secretPin: 
[WARN] get secretPin error

03/05/21 02:08:37 443139300  1614881317 王签到英氏YeeHoO奥特莱斯店

real	0m0.839s
user	0m0.047s
sys	0m0.109s
parse error: Invalid numeric literal at line 1, column 10
parse error: Invalid numeric literal at line 1, column 10
parse error: Invalid numeric literal at line 1, column 10
parse error: Invalid numeric literal at line 1, column 10
parse error: Invalid numeric literal at line 1, column 10
03/05/21 02:08:43 087512300 1614881323

real	0m4.153s
user	0m0.016s
sys	0m0.047s

real	0m0.833s
user	0m0.047s
sys	0m0.094s
[WARN] get LZ_TOKEN error
03/05/21 02:08:48 649489700  1614881328
use pt_key

real	0m0.863s
user	0m0.125s
sys	0m0.063s
03/05/21 02:08:49 848453700  1614881329 token: AAFgQSIxADAMGE4SX4tpcBiixVd8SVFQIbImJHl4Pk-fAqnX21ri8DDWgOr2ooQtqPREQUvEWpc

real	0m1.139s
user	0m0.031s
sys	0m0.078s
parse error: Invalid numeric literal at line 1, column 10
03/05/21 02:08:52 122768800  1614881332 secretPin: 
[WARN] get secretPin error

03/05/21 02:08:52 362111800  1614881332 王签到英氏YeeHoO奥特莱斯店

real	0m0.977s
user	0m0.063s
sys	0m0.094s
parse error: Invalid numeric literal at line 1, column 10
parse error: Invalid numeric literal at line 1, column 10
parse error: Invalid numeric literal at line 1, column 10
parse error: Invalid numeric literal at line 1, column 10
parse error: Invalid numeric literal at line 1, column 10
03/05/21 02:08:56 278437700 1614881336

real	0m4.103s
user	0m0.000s
sys	0m0.078s

real	0m0.919s
user	0m0.016s
sys	0m0.094s
[WARN] get LZ_TOKEN error
03/05/21 02:09:01 840488900  1614881341
use pt_key

real	0m0.858s
user	0m0.078s
sys	0m0.125s
03/05/21 02:09:02 864222400  1614881342 token: AAFgQSI-ADBAaFkb3PyuhBwf5XX2aU9j8F3aOXONlzoMZLc7fgCbqrl0UlIjD0CY_OBxSlJNlhA

real	0m0.646s
user	0m0.016s
sys	0m0.063s
parse error: Invalid numeric literal at line 1, column 10
03/05/21 02:09:04 679441100  1614881344 secretPin: 
[WARN] get secretPin error

03/05/21 02:09:04 887991000  1614881344 王签到英氏YeeHoO奥特莱斯店

real	0m0.954s
user	0m0.078s
sys	0m0.094s
parse error: Invalid numeric literal at line 1, column 10
parse error: Invalid numeric literal at line 1, column 10
parse error: Invalid numeric literal at line 1, column 10
parse error: Invalid numeric literal at line 1, column 10
parse error: Invalid numeric literal at line 1, column 10
03/05/21 02:09:08 324265700 1614881348

real	0m3.995s
user	0m0.000s
sys	0m0.016s

real	0m1.313s
user	0m0.031s
sys	0m0.109s
[WARN] get LZ_TOKEN error
03/05/21 02:09:13 967322100  1614881353
use pt_key

real	0m0.700s
user	0m0.141s
sys	0m0.109s
03/05/21 02:09:14 844343000  1614881354 token: AAFgQSJKADDp9neqJrIGwX61iuaBT85wjzb2bJRelHVJEJcyO20hcInh-1_420Mv5ZHVdwqgdn4

real	0m0.564s
user	0m0.000s
sys	0m0.125s
parse error: Invalid numeric literal at line 1, column 10
03/05/21 02:09:16 123599000  1614881356 secretPin: 
[WARN] get secretPin error

03/05/21 02:09:16 276945400  1614881356 王签到英氏YeeHoO奥特莱斯店

real	0m0.782s
user	0m0.047s
sys	0m0.078s
parse error: Invalid numeric literal at line 1, column 10
parse error: Invalid numeric literal at line 1, column 10
parse error: Invalid numeric literal at line 1, column 10
parse error: Invalid numeric literal at line 1, column 10
parse error: Invalid numeric literal at line 1, column 10
03/05/21 02:09:19 884306500 1614881359

real	0m4.275s
user	0m0.016s
sys	0m0.016s

real	0m0.822s
user	0m0.063s
sys	0m0.047s
[WARN] get LZ_TOKEN error
03/05/21 02:09:25 329031600  1614881365
use pt_key

real	0m0.460s
user	0m0.125s
sys	0m0.094s
03/05/21 02:09:25 864153800  1614881365 token: AAFgQSJVADDeaUxe7WX06J27aRtwhcCSTSUMUnS2zCyjdqmG3MOFG-SmYrugw1vTZTHTfuUDsVk

real	0m0.328s
user	0m0.063s
sys	0m0.063s
parse error: Invalid numeric literal at line 1, column 10
03/05/21 02:09:26 615810100  1614881366 secretPin: 
[WARN] get secretPin error

03/05/21 02:09:26 734071400  1614881366 王签到英氏YeeHoO奥特莱斯店

real	0m0.480s
user	0m0.016s
sys	0m0.063s
parse error: Invalid numeric literal at line 1, column 10
parse error: Invalid numeric literal at line 1, column 10
parse error: Invalid numeric literal at line 1, column 10
parse error: Invalid numeric literal at line 1, column 10
parse error: Invalid numeric literal at line 1, column 10
03/05/21 02:09:28 150541700 1614881368

real	0m4.079s
user	0m0.016s
sys	0m0.047s
03/05/21 02:10:02 502995400  1614881402
parse error: Invalid numeric literal at line 1, column 10
签到是否成功解析失败. 不再写/home/myid/jd/jd_signup/lzkj_sevenDay_vender/shop_1614699841_0

王签到英氏YeeHoO奥特莱斯店查看结果, 活动规则


#店铺名称
vendername="英氏YeeHoO奥特莱斯店"
#店铺激活码
actId="f1f81c4b1d5e47b2aba7c2531739fc74"
#店铺id
venderId="10409042"
#长链接
url="https://lzkj-isv.isvjcloud.com/sign/sevenDay/signActivity?activityId=f1f81c4b1d5e47b2aba7c2531739fc74&venderId=10409042&adsource=tg_xuanFuTuBiao"

startTime=1614680400
endTime=1617272400
# 活动时间：2021-03-02 18:20 - 2021-04-01 18:20；
# 奖励说明：
actRule="
7天签到
连续签到1天：5京豆
连续签到2天：6京豆
连续签到3天：7京豆
连续签到4天：8京豆
连续签到5天：9京豆
连续签到6天：10京豆
连续签到7天：15京豆
"
#赵 122294312-396444 sign_res
sign_num="3"
giftName=""7京豆""
giftRes="ok"
giftDate="20210304"
sign_res_info="7天签到 第 3 天
当天签到奖励 ["7京豆"]"
#赵 122294312-396444 sign_res_end
#王 1309893722-164885 sign_res
sign_num="3"
giftName=""7京豆""
giftRes="ok"
giftDate="20210304"
sign_res_info="7天签到 第 3 天
当天签到奖励 ["7京豆"]"
#王 1309893722-164885 sign_res_end
#肥鹅 jd_4d651d9e48204 sign_res
sign_num="3"
giftName=""7京豆""
giftRes="ok"
giftDate="20210304"
sign_res_info="7天签到 第 3 天
当天签到奖励 ["7京豆"]"
#肥鹅 jd_4d651d9e48204 sign_res_end
#移动 jd_OeTNobRVGiNZ sign_res
sign_num="0"
giftName=""
giftRes=""
giftDate="20210305"
sign_res_info="7天签到 第 0 天
当天签到奖励 []"
#移动 jd_OeTNobRVGiNZ sign_res_end
