03/02/21 01:18:34 352645700  1614619114
RANDOM_num: 20
removed '/tmp/tmp.x5My3cjIe0'
03/02/21 01:18:34 642650200  1614619114 检查赵签到

real	0m0.172s
user	0m0.047s
sys	0m0.063s
[WARN] get LZ_TOKEN error
03/02/21 01:18:34 987870900  1614619114
use pt_key

real	0m0.221s
user	0m0.094s
sys	0m0.094s
03/02/21 01:18:35 238083800  1614619115 token: AAFgPSHrADA1sWnRgW_ctCehK_w4z6LdIst-QNfuZPkHqZFCXfotNELcwBiLVVZLQZwT8S946ns
parse error: Invalid numeric literal at line 1, column 10

real	0m0.190s
user	0m0.094s
sys	0m0.063s
03/02/21 01:18:35 452400800  1614619115 secretPin: 
[WARN] get secretPin error

03/02/21 01:18:35 486736200  1614619115 赵签到安我（AND ALL）健康京东自营旗舰店

real	0m0.241s
user	0m0.016s
sys	0m0.094s
parse error: Invalid numeric literal at line 1, column 10
parse error: Invalid numeric literal at line 1, column 10
parse error: Invalid numeric literal at line 1, column 10
parse error: Invalid numeric literal at line 1, column 10
parse error: Invalid numeric literal at line 1, column 10
03/02/21 01:18:36 304236300 1614619116

real	0m0.275s
user	0m0.016s
sys	0m0.031s

real	0m0.182s
user	0m0.031s
sys	0m0.094s
[WARN] get LZ_TOKEN error
03/02/21 01:18:36 819612800  1614619116
use pt_key

real	0m0.210s
user	0m0.109s
sys	0m0.156s
03/02/21 01:18:37 063822500  1614619117 token: AAFgPSHtADCNuQaCScVYgR-Z4amGxAx7_gokqNwVN0-tB7_lhWQX_99X7E2Q7gfUS6qlFSz09oE
parse error: Invalid numeric literal at line 1, column 10

real	0m0.257s
user	0m0.094s
sys	0m0.125s
03/02/21 01:18:37 351342700  1614619117 secretPin: 
[WARN] get secretPin error

03/02/21 01:18:37 378099100  1614619117 赵签到安我（AND ALL）健康京东自营旗舰店

real	0m0.208s
user	0m0.016s
sys	0m0.109s
parse error: Invalid numeric literal at line 1, column 10
parse error: Invalid numeric literal at line 1, column 10
parse error: Invalid numeric literal at line 1, column 10
parse error: Invalid numeric literal at line 1, column 10
parse error: Invalid numeric literal at line 1, column 10
03/02/21 01:18:38 235887100 1614619118

real	0m0.468s
user	0m0.016s
sys	0m0.016s

real	0m0.219s
user	0m0.031s
sys	0m0.109s
[WARN] get LZ_TOKEN error
03/02/21 01:18:39 043465900  1614619119
use pt_key

real	0m0.409s
user	0m0.125s
sys	0m0.141s
03/02/21 01:18:39 583110300  1614619119 token: AAFgPSHvADCcnWawgeU1hz5x8NXrjOBvX1IU61-p2KzPZIAN3awy5A2HsAHoz5nFYo90jK0-6Fw
parse error: Invalid numeric literal at line 1, column 10

real	0m0.278s
user	0m0.094s
sys	0m0.109s
03/02/21 01:18:39 921501400  1614619119 secretPin: 
[WARN] get secretPin error

03/02/21 01:18:39 959649000  1614619119 赵签到安我（AND ALL）健康京东自营旗舰店

real	0m0.190s
user	0m0.031s
sys	0m0.063s
parse error: Invalid numeric literal at line 1, column 10
parse error: Invalid numeric literal at line 1, column 10
parse error: Invalid numeric literal at line 1, column 10
parse error: Invalid numeric literal at line 1, column 10
parse error: Invalid numeric literal at line 1, column 10
03/02/21 01:18:41 151110000 1614619121

real	0m0.738s
user	0m0.000s
sys	0m0.016s

real	0m0.266s
user	0m0.016s
sys	0m0.078s
[WARN] get LZ_TOKEN error
03/02/21 01:18:42 270560400  1614619122
use pt_key

real	0m0.301s
user	0m0.109s
sys	0m0.063s
03/02/21 01:18:42 606340300  1614619122 token: AAFgPSHyADBlk5jz6InPT3rAYwWjuf8tbmwuCNykNKeqlwqWgj0kKE9GSG7hbrE1EAb5B1lRfSc
parse error: Invalid numeric literal at line 1, column 10

real	0m0.290s
user	0m0.109s
sys	0m0.031s
03/02/21 01:18:42 964513900  1614619122 secretPin: 
[WARN] get secretPin error

03/02/21 01:18:43 035358200  1614619123 赵签到安我（AND ALL）健康京东自营旗舰店

real	0m0.309s
user	0m0.031s
sys	0m0.094s
parse error: Invalid numeric literal at line 1, column 10
parse error: Invalid numeric literal at line 1, column 10
parse error: Invalid numeric literal at line 1, column 10
parse error: Invalid numeric literal at line 1, column 10
parse error: Invalid numeric literal at line 1, column 10
03/02/21 01:18:44 293970000 1614619124

real	0m0.946s
user	0m0.000s
sys	0m0.031s

real	0m0.453s
user	0m0.031s
sys	0m0.109s
[WARN] get LZ_TOKEN error
03/02/21 01:18:45 806652400  1614619125
use pt_key

real	0m0.275s
user	0m0.094s
sys	0m0.078s
03/02/21 01:18:46 130372800  1614619126 token: AAFgPSH2ADA1ef0ymuc3wDHjxek4c--_4XKpmvGFjGQExzmug5X32TtxOE5AvBCvpvptWbmJhzU
parse error: Invalid numeric literal at line 1, column 10

real	0m0.251s
user	0m0.125s
sys	0m0.109s
03/02/21 01:18:46 465299200  1614619126 secretPin: 
[WARN] get secretPin error

03/02/21 01:18:47 038270400  1614619127 赵签到安我（AND ALL）健康京东自营旗舰店

real	0m0.619s
user	0m0.016s
sys	0m0.109s
parse error: Invalid numeric literal at line 1, column 10
parse error: Invalid numeric literal at line 1, column 10
parse error: Invalid numeric literal at line 1, column 10
parse error: Invalid numeric literal at line 1, column 10
parse error: Invalid numeric literal at line 1, column 10
03/02/21 01:18:49 040678200 1614619129

real	0m1.122s
user	0m0.016s
sys	0m0.016s

real	0m0.409s
user	0m0.016s
sys	0m0.094s
[WARN] get LZ_TOKEN error
03/02/21 01:18:50 681704000  1614619130
use pt_key

real	0m0.295s
user	0m0.109s
sys	0m0.109s
03/02/21 01:18:51 032868600  1614619131 token: AAFgPSH6ADDzbGRyRNowKKGRXXPm-M3wPZDVsIUgU1rMqH1SbbKI1_GWsfLVyoisCJK0QtuUxLY
parse error: Invalid numeric literal at line 1, column 10

real	0m0.266s
user	0m0.094s
sys	0m0.094s
03/02/21 01:18:51 358216800  1614619131 secretPin: 
[WARN] get secretPin error

03/02/21 01:18:51 418259500  1614619131 赵签到安我（AND ALL）健康京东自营旗舰店

real	0m0.321s
user	0m0.031s
sys	0m0.094s
parse error: Invalid numeric literal at line 1, column 10
parse error: Invalid numeric literal at line 1, column 10
parse error: Invalid numeric literal at line 1, column 10
parse error: Invalid numeric literal at line 1, column 10
parse error: Invalid numeric literal at line 1, column 10
03/02/21 01:18:53 095041300 1614619133

real	0m1.474s
user	0m0.000s
sys	0m0.016s

real	0m0.525s
user	0m0.047s
sys	0m0.094s
[WARN] get LZ_TOKEN error
03/02/21 01:18:55 388988100  1614619135
use pt_key

real	0m0.478s
user	0m0.125s
sys	0m0.156s
03/02/21 01:18:55 952986700  1614619135 token: AAFgPSH_ADBwOdd_bQnuphzLGsYRFWBasTnTG2bIG6_7osCtqf0ihOa3n5nU8qv4WX5BLhoybuk
parse error: Invalid numeric literal at line 1, column 10

real	0m0.518s
user	0m0.109s
sys	0m0.063s
03/02/21 01:18:56 581369700  1614619136 secretPin: 
[WARN] get secretPin error

03/02/21 01:18:56 689436100  1614619136 赵签到安我（AND ALL）健康京东自营旗舰店

real	0m0.400s
user	0m0.016s
sys	0m0.063s
parse error: Invalid numeric literal at line 1, column 10
parse error: Invalid numeric literal at line 1, column 10
parse error: Invalid numeric literal at line 1, column 10
parse error: Invalid numeric literal at line 1, column 10
parse error: Invalid numeric literal at line 1, column 10
03/02/21 01:18:58 356295200 1614619138

real	0m1.655s
user	0m0.000s
sys	0m0.016s

real	0m0.694s
user	0m0.031s
sys	0m0.047s
[WARN] get LZ_TOKEN error
03/02/21 01:19:01 193839700  1614619141
use pt_key

real	0m0.665s
user	0m0.109s
sys	0m0.094s
03/02/21 01:19:02 032502900  1614619142 token: AAFgPSIFADAHWfkDwH35C2EEw4pbVYr2rtWIC5HM2-y5CxcXR_YY7UEQ7DD4_edNrZCBIKvTr0E
parse error: Invalid numeric literal at line 1, column 10

real	0m0.687s
user	0m0.109s
sys	0m0.078s
03/02/21 01:19:02 901692600  1614619142 secretPin: 
[WARN] get secretPin error

03/02/21 01:19:03 089406600  1614619143 赵签到安我（AND ALL）健康京东自营旗舰店

real	0m0.511s
user	0m0.047s
sys	0m0.078s
parse error: Invalid numeric literal at line 1, column 10
parse error: Invalid numeric literal at line 1, column 10
parse error: Invalid numeric literal at line 1, column 10
parse error: Invalid numeric literal at line 1, column 10
parse error: Invalid numeric literal at line 1, column 10
03/02/21 01:19:05 891718500 1614619145

real	0m1.909s
user	0m0.000s
sys	0m0.063s

real	0m0.647s
user	0m0.031s
sys	0m0.094s
[WARN] get LZ_TOKEN error
03/02/21 01:19:08 910132100  1614619148
use pt_key

real	0m0.955s
user	0m0.109s
sys	0m0.109s
03/02/21 01:19:10 146086700  1614619150 token: AAFgPSINADCTNWk2zflrLJlLeDDL57YI12jjY6w1HQ9A6iE7QSBXe1TDyQ5L2eLbc16mxULaKKc
parse error: Invalid numeric literal at line 1, column 10

real	0m0.692s
user	0m0.109s
sys	0m0.125s
03/02/21 01:19:10 945982000  1614619150 secretPin: 
[WARN] get secretPin error

03/02/21 01:19:11 186994500  1614619151 赵签到安我（AND ALL）健康京东自营旗舰店

real	0m0.855s
user	0m0.063s
sys	0m0.109s
parse error: Invalid numeric literal at line 1, column 10
parse error: Invalid numeric literal at line 1, column 10
parse error: Invalid numeric literal at line 1, column 10
parse error: Invalid numeric literal at line 1, column 10
parse error: Invalid numeric literal at line 1, column 10
03/02/21 01:19:14 269022200 1614619154

real	0m2.122s
user	0m0.000s
sys	0m0.047s

real	0m1.317s
user	0m0.016s
sys	0m0.141s
[WARN] get LZ_TOKEN error
03/02/21 01:19:18 120987500  1614619158
use pt_key

real	0m0.868s
user	0m0.109s
sys	0m0.125s
03/02/21 01:19:19 187681300  1614619159 token: AAFgPSIWADCfd2k3_eTS3fE1c2mg_tKT9fgPOi-ttZcMbu4ZwvoY77aVTy9AL1_ATxj8XyGcQGw
parse error: Invalid numeric literal at line 1, column 10

real	0m0.723s
user	0m0.172s
sys	0m0.078s
03/02/21 01:19:20 121859100  1614619160 secretPin: 
[WARN] get secretPin error

03/02/21 01:19:20 401358800  1614619160 赵签到安我（AND ALL）健康京东自营旗舰店

real	0m0.645s
user	0m0.031s
sys	0m0.141s
parse error: Invalid numeric literal at line 1, column 10
parse error: Invalid numeric literal at line 1, column 10
parse error: Invalid numeric literal at line 1, column 10
parse error: Invalid numeric literal at line 1, column 10
parse error: Invalid numeric literal at line 1, column 10
03/02/21 01:19:23 288394300 1614619163

real	0m2.382s
user	0m0.000s
sys	0m0.031s

real	0m0.519s
user	0m0.063s
sys	0m0.047s
[WARN] get LZ_TOKEN error
03/02/21 01:19:26 637377500  1614619166
use pt_key

real	0m0.708s
user	0m0.078s
sys	0m0.094s
03/02/21 01:19:27 574569700  1614619167 token: AAFgPSIfADBzMi4nHXCpYvGZP8XCIdVYPlUyEmH_6tpwd_Dt2J4WxMBH475FHADG6dVVu8i4L08
parse error: Invalid numeric literal at line 1, column 10

real	0m0.754s
user	0m0.109s
sys	0m0.094s
03/02/21 01:19:28 566279800  1614619168 secretPin: 
[WARN] get secretPin error

03/02/21 01:19:28 745395100  1614619168 赵签到安我（AND ALL）健康京东自营旗舰店

real	0m0.824s
user	0m0.047s
sys	0m0.078s
parse error: Invalid numeric literal at line 1, column 10
parse error: Invalid numeric literal at line 1, column 10
parse error: Invalid numeric literal at line 1, column 10
parse error: Invalid numeric literal at line 1, column 10
parse error: Invalid numeric literal at line 1, column 10
03/02/21 01:19:31 453757200 1614619171

real	0m2.537s
user	0m0.000s
sys	0m0.016s

real	0m0.540s
user	0m0.047s
sys	0m0.078s
[WARN] get LZ_TOKEN error
03/02/21 01:19:34 812248800  1614619174
use pt_key

real	0m0.582s
user	0m0.094s
sys	0m0.094s
03/02/21 01:19:35 585253700  1614619175 token: AAFgPSInADD2oX2LvZ2Mk17n-0d3Y1HnVju4Fp1SBX9WzglpY9DpgKUq58tojrut8sT0MF-s1rM
parse error: Invalid numeric literal at line 1, column 10

real	0m0.635s
user	0m0.063s
sys	0m0.141s
03/02/21 01:19:36 349659000  1614619176 secretPin: 
[WARN] get secretPin error

03/02/21 01:19:36 566227900  1614619176 赵签到安我（AND ALL）健康京东自营旗舰店

real	0m0.575s
user	0m0.016s
sys	0m0.109s
parse error: Invalid numeric literal at line 1, column 10
parse error: Invalid numeric literal at line 1, column 10
parse error: Invalid numeric literal at line 1, column 10
parse error: Invalid numeric literal at line 1, column 10
parse error: Invalid numeric literal at line 1, column 10
03/02/21 01:19:39 057924400 1614619179

real	0m2.655s
user	0m0.000s
sys	0m0.016s

real	0m0.484s
user	0m0.016s
sys	0m0.078s
[WARN] get LZ_TOKEN error
03/02/21 01:19:42 560852500  1614619182
use pt_key

real	0m0.603s
user	0m0.094s
sys	0m0.125s
03/02/21 01:19:43 302193000  1614619183 token: AAFgPSIvADDR4BMMmrWWVwRUyFLFKgGW9BUMTdvz8CrOTkKf1X6ZW6YWEn7mfncJBGtjxgkOcaA
parse error: Invalid numeric literal at line 1, column 10

real	0m0.695s
user	0m0.109s
sys	0m0.094s
03/02/21 01:19:44 167930500  1614619184 secretPin: 
[WARN] get secretPin error

03/02/21 01:19:44 341957300  1614619184 赵签到安我（AND ALL）健康京东自营旗舰店

real	0m0.587s
user	0m0.063s
sys	0m0.109s
parse error: Invalid numeric literal at line 1, column 10
parse error: Invalid numeric literal at line 1, column 10
parse error: Invalid numeric literal at line 1, column 10
parse error: Invalid numeric literal at line 1, column 10
parse error: Invalid numeric literal at line 1, column 10
03/02/21 01:19:48 055275300 1614619188

real	0m3.282s
user	0m0.000s
sys	0m0.031s

real	0m0.687s
user	0m0.047s
sys	0m0.047s
[WARN] get LZ_TOKEN error
03/02/21 01:19:52 501268800  1614619192
use pt_key

real	0m0.608s
user	0m0.125s
sys	0m0.094s
03/02/21 01:19:53 219586200  1614619193 token: AAFgPSI5ADCV869goRtonad_uVTCJTjXRmbkYVOK7_iKMSUGeNaYtoV2KUxFqAye-o9P2Fy1Kgg
parse error: Invalid numeric literal at line 1, column 10

real	0m0.381s
user	0m0.094s
sys	0m0.109s
03/02/21 01:19:53 690374900  1614619193 secretPin: 
[WARN] get secretPin error

03/02/21 01:19:53 758169000  1614619193 赵签到安我（AND ALL）健康京东自营旗舰店

real	0m0.323s
user	0m0.031s
sys	0m0.063s
parse error: Invalid numeric literal at line 1, column 10
parse error: Invalid numeric literal at line 1, column 10
parse error: Invalid numeric literal at line 1, column 10
parse error: Invalid numeric literal at line 1, column 10
parse error: Invalid numeric literal at line 1, column 10
03/02/21 01:19:55 365418000 1614619195

real	0m3.111s
user	0m0.000s
sys	0m0.031s

real	0m1.210s
user	0m0.016s
sys	0m0.094s
[WARN] get LZ_TOKEN error
03/02/21 01:20:00 193829900  1614619200
use pt_key

real	0m0.742s
user	0m0.094s
sys	0m0.109s
03/02/21 01:20:01 132247600  1614619201 token: AAFgPSJAADBT_IHOGKO-KWIr7ZEwXdS5LFpGFHkU1csW8seDY1Vfy5dOZ6xlUYM19ySPQgvYouI
parse error: Invalid numeric literal at line 1, column 10

real	0m0.645s
user	0m0.109s
sys	0m0.078s
03/02/21 01:20:01 867450500  1614619201 secretPin: 
[WARN] get secretPin error

03/02/21 01:20:02 083987700  1614619202 赵签到安我（AND ALL）健康京东自营旗舰店

real	0m0.601s
user	0m0.016s
sys	0m0.094s
parse error: Invalid numeric literal at line 1, column 10
parse error: Invalid numeric literal at line 1, column 10
parse error: Invalid numeric literal at line 1, column 10
parse error: Invalid numeric literal at line 1, column 10
parse error: Invalid numeric literal at line 1, column 10
03/02/21 01:20:04 364524200 1614619204

real	0m3.329s
user	0m0.000s
sys	0m0.031s

real	0m0.488s
user	0m0.016s
sys	0m0.094s
[WARN] get LZ_TOKEN error
03/02/21 01:20:08 579541500  1614619208
use pt_key

real	0m0.794s
user	0m0.141s
sys	0m0.109s
03/02/21 01:20:09 622078200  1614619209 token: AAFgPSJJADC_sIXBDULhqBTuYQrbYSpVonIAMqeFTdxpgaHTyJNXP-6S74x36cMeB1mAEnvHNbM
parse error: Invalid numeric literal at line 1, column 10

real	0m0.584s
user	0m0.078s
sys	0m0.109s
03/02/21 01:20:10 435358600  1614619210 secretPin: 
[WARN] get secretPin error

03/02/21 01:20:10 653250500  1614619210 赵签到安我（AND ALL）健康京东自营旗舰店

real	0m0.557s
user	0m0.047s
sys	0m0.078s
parse error: Invalid numeric literal at line 1, column 10
parse error: Invalid numeric literal at line 1, column 10
parse error: Invalid numeric literal at line 1, column 10
parse error: Invalid numeric literal at line 1, column 10
parse error: Invalid numeric literal at line 1, column 10
03/02/21 01:20:12 368527200 1614619212

real	0m3.452s
user	0m0.000s
sys	0m0.000s

real	0m0.450s
user	0m0.016s
sys	0m0.094s
[WARN] get LZ_TOKEN error
03/02/21 01:20:18 160039900  1614619218
use pt_key

real	0m0.304s
user	0m0.078s
sys	0m0.141s
03/02/21 01:20:18 627142800  1614619218 token: AAFgPSJSADBjnIaj_3MdDlV94tN5XbswVD27ZiVLFmO1U6RmDg0aq59yViPNL1FzmaNgyE7_cV0
parse error: Invalid numeric literal at line 1, column 10

real	0m0.946s
user	0m0.063s
sys	0m0.125s
03/02/21 01:20:19 706184700  1614619219 secretPin: 
[WARN] get secretPin error

03/02/21 01:20:19 849456800  1614619219 赵签到安我（AND ALL）健康京东自营旗舰店

real	0m0.632s
user	0m0.031s
sys	0m0.078s
parse error: Invalid numeric literal at line 1, column 10
parse error: Invalid numeric literal at line 1, column 10
parse error: Invalid numeric literal at line 1, column 10
parse error: Invalid numeric literal at line 1, column 10
parse error: Invalid numeric literal at line 1, column 10
03/02/21 01:20:21 682684400 1614619221

real	0m3.513s
user	0m0.000s
sys	0m0.031s

real	0m0.579s
user	0m0.031s
sys	0m0.063s
[WARN] get LZ_TOKEN error
03/02/21 01:20:26 157740400  1614619226
use pt_key

real	0m0.630s
user	0m0.125s
sys	0m0.063s
03/02/21 01:20:26 877857100  1614619226 token: AAFgPSJbADBd6aNIHk9h1wNORsuQmAXQSy_RdgYtnT27I0mVKF18XnVyCl16cHcKOBOsrPzL7qg
parse error: Invalid numeric literal at line 1, column 10

real	0m0.779s
user	0m0.125s
sys	0m0.141s
03/02/21 01:20:27 839113800  1614619227 secretPin: 
[WARN] get secretPin error

03/02/21 01:20:28 098122500  1614619228 赵签到安我（AND ALL）健康京东自营旗舰店

real	0m0.533s
user	0m0.047s
sys	0m0.078s
parse error: Invalid numeric literal at line 1, column 10
parse error: Invalid numeric literal at line 1, column 10
parse error: Invalid numeric literal at line 1, column 10
parse error: Invalid numeric literal at line 1, column 10
parse error: Invalid numeric literal at line 1, column 10
03/02/21 01:20:29 870150000 1614619229

real	0m3.795s
user	0m0.000s
sys	0m0.047s

real	0m0.682s
user	0m0.031s
sys	0m0.109s
[WARN] get LZ_TOKEN error
03/02/21 01:20:34 621428400  1614619234
use pt_key

real	0m0.655s
user	0m0.141s
sys	0m0.063s
03/02/21 01:20:35 416933100  1614619235 token: AAFgPSJjADB9EDt1zqQApqXbz3WFLwkMLDOxZQzCuadXPzNLaO5TlW-cohGGDNwHo-dkVFR3RU8
parse error: Invalid numeric literal at line 1, column 10

real	0m0.681s
user	0m0.109s
sys	0m0.094s
03/02/21 01:20:36 351998500  1614619236 secretPin: 
[WARN] get secretPin error

03/02/21 01:20:36 466398500  1614619236 赵签到安我（AND ALL）健康京东自营旗舰店

real	0m0.554s
user	0m0.000s
sys	0m0.109s
parse error: Invalid numeric literal at line 1, column 10
parse error: Invalid numeric literal at line 1, column 10
parse error: Invalid numeric literal at line 1, column 10
parse error: Invalid numeric literal at line 1, column 10
parse error: Invalid numeric literal at line 1, column 10
03/02/21 01:20:38 180924800 1614619238

real	0m4.616s
user	0m0.000s
sys	0m0.047s

real	0m0.438s
user	0m0.031s
sys	0m0.078s
[WARN] get LZ_TOKEN error
03/02/21 01:20:43 538333700  1614619243
use pt_key

real	0m0.601s
user	0m0.125s
sys	0m0.109s
03/02/21 01:20:44 248142000  1614619244 token: AAFgPSJsADBmvszyNLA5vZiGXsTSjem4LuKe9bRh8MembN1Mv8StxHqftI2dHQX3OGkr4x_yfAk
parse error: Invalid numeric literal at line 1, column 10

real	0m0.507s
user	0m0.109s
sys	0m0.094s
03/02/21 01:20:44 876440700  1614619244 secretPin: 
[WARN] get secretPin error

03/02/21 01:20:45 061104200  1614619245 赵签到安我（AND ALL）健康京东自营旗舰店

real	0m0.435s
user	0m0.016s
sys	0m0.047s
parse error: Invalid numeric literal at line 1, column 10
parse error: Invalid numeric literal at line 1, column 10
parse error: Invalid numeric literal at line 1, column 10
parse error: Invalid numeric literal at line 1, column 10
parse error: Invalid numeric literal at line 1, column 10
03/02/21 01:20:47 305651700 1614619247

real	0m4.502s
user	0m0.000s
sys	0m0.016s
03/02/21 01:21:12 306779600  1614619272
parse error: Invalid numeric literal at line 1, column 10
签到是否成功解析失败. 不再写/home/myid/jd/jd_signup/lzkj_sevenDay_vender/shop_1614611219_151_delay

赵签到安我（AND ALL）健康京东自营旗舰店查看结果, 活动规则
<!DOCTYPE html>
<html>
 <head> 
  <title>京东</title> 
  <meta charset="utf-8" /> 
  <meta name="apple-mobile-web-app-capable" content="yes" /> 
  <meta name="viewport" content="width=device-width,initial-scale=1,user-scalable=no,maximum-scale=1,viewport-fit=cover" /> 
  <meta name="format-detection" content="telephone=no" /> 
  <meta name="x5-cache" content="enable" /> 
  <link rel="stylesheet" href="https://storage.360buyimg.com/babel/00162638/333378/production/dev/parser.1526555535098.css?t=20180517191236" /> 
  <style> img {
            opacity: 1 !important;
        } </style> 
  <link href="https://storage.360buyimg.com/babel/00170893/348321/production/dev/index.7320a380.css?t=20180802150952" rel="stylesheet" />
 </head> 
 <body style="background:#fff;" id="root"> 
  <div class="errorPage"> 
  </div> 
  <div class="placeholer"> 
  </div> 
  <script src="https://wl.jd.com/unify.min.js"></script> 
  <script type="text/javascript" src="https://storage.360buyimg.com/babel/00170893/348321/production/dev/index.0f8f4dba.js?t=20180802150952"></script> 
 </body>
</html>

#店铺名称
vendername="安我（AND ALL）健康京东自营旗舰店"
#店铺激活码
actId="f63f0cc98d32422b8b6ac5b8a0aaec0e"
#店铺id
venderId="1000351797"
#长链接
url="https://lzkj-isv.isvjcloud.com/sign/sevenDay/signActivity?activityId=f63f0cc98d32422b8b6ac5b8a0aaec0e&venderId=1000351797"

startTime=1613723220
endTime=1616342340
# 活动时间：2021-02-19 16:27 - 2021-03-21 23:59；
# 奖励说明：
actRule="
7天签到
连续签到1天：1京豆
连续签到2天：1京豆
连续签到3天：3京豆
连续签到4天：2京豆
连续签到5天：2京豆
连续签到6天：2京豆
连续签到7天：5京豆
"
#移动 jd_OeTNobRVGiNZ sign_res
sign_num="1"
giftName="null"
giftRes="ok"
giftDate="20210224"
sign_res_info="7天签到 第 1 天
当天签到奖励 [null]"
#移动 jd_OeTNobRVGiNZ sign_res_end
