02/24/21 01:20:19 138578200  1614100819
RANDOM_num: 25
removed '/tmp/tmp.llMPi9jCK0'
02/24/21 01:20:19 390586300  1614100819 检查王签到

real	0m0.215s
user	0m0.016s
sys	0m0.109s
lzkj-isv.isvjcloud.com	FALSE	/	FALSE	1614101419	LZ_TOKEN_VALUE	B0oH3vDY2bhHWuKbVaJ+XQ==
lzkj-isv.isvjcloud.com	FALSE	/	FALSE	1614101419	LZ_TOKEN_KEY	lztokenpage9e4aeb7c672948eab99e7e1c0a731601
02/24/21 01:20:19 826272400  1614100819
use pt_key

real	0m0.165s
user	0m0.109s
sys	0m0.078s
02/24/21 01:20:20 011341000  1614100820 token: AAFgNTlTADCmpdCG_UEXOKRmUcJC4ooPthvTV2oPc-iIRIpGmuH0V90Rd-WgM43UazaEQXiDZbY

real	0m0.355s
user	0m0.141s
sys	0m0.156s
02/24/21 01:20:20 385659700  1614100820 secretPin: 8zfoIjWIu/DcpxQNzAV7/oVPSWy1B8D+G4s+fJIFDfWHSnwnXFQKK9yQco/OGmHebU48Dr07k+7+k1UaXRbZKg==

02/24/21 01:20:20 401932300  1614100820 王签到LIFAair京东自营官方旗舰店

real	0m1.063s
user	0m0.031s
sys	0m0.047s
{
  "msg": "",
  "signResult": {
    "key": "wcsgfA",
    "giftLogId": "384058306cd64a26bdeea9fd59a2d229",
    "gift": {
      "activityId": null,
      "activityType": null,
      "venderId": null,
      "type": 0,
      "name": null,
      "itemHb": null,
      "id": "1133631",
      "giftType": "6",
      "giftName": "5京豆",
      "giftNum": "5",
      "giftTotal": "50",
      "giftResidue": null,
      "priceInfo": "0.05",
      "shortLink": "",
      "orginLink": null,
      "giftInfoId": null,
      "commonAddAwardVO": null
    },
    "send": true
  },
  "isOk": true,
  "isSend": true
}
true
02/24/21 01:20:21 894643400 1614100821
02/24/21 01:20:21 922815400 1614100821 签到LIFAair京东自营官方旗舰店完成
02/24/21 01:21:37 029104500  1614100897
true
首次签到成功. 写入giftName: "5京豆"

***********************************************
7天签到 第 0 天
当天签到奖励 ["5京豆"]
***********************************************

王签到LIFAair京东自营官方旗舰店查看结果, 活动规则
{"giftConditions":[{"gift":{"giftInfoId":null,"giftName":"10店铺积分","venderId":null,"giftType":"9","type":0,"shortLink":"","orginLink":null,"activityId":null,"giftResidue":null,"commonAddAwardVO":null,"name":null,"id":"10","activityType":null},"imgUrl":"","giftInfoId":"f290ba502795426a9c2237cd162c698f","dayNum":"1","showType":"1"},{"gift":{"giftInfoId":null,"giftName":"1京豆","venderId":null,"giftType":"6","type":0,"shortLink":"","orginLink":null,"activityId":null,"giftResidue":null,"commonAddAwardVO":null,"name":null,"id":"1133631","activityType":null},"imgUrl":"","giftInfoId":"6fd97edcedb043e984d5c55216cf6e59","dayNum":"2","showType":"1"},{"gift":{"giftInfoId":null,"giftName":"20店铺积分","venderId":null,"giftType":"9","type":0,"shortLink":"","orginLink":null,"activityId":null,"giftResidue":null,"commonAddAwardVO":null,"name":null,"id":"20","activityType":null},"imgUrl":"","giftInfoId":"403f7a05c1bd43cb95e14006b36df1d7","dayNum":"3","showType":"1"},{"gift":{"giftInfoId":null,"giftName":"2京豆","venderId":null,"giftType":"6","type":0,"shortLink":"","orginLink":null,"activityId":null,"giftResidue":null,"commonAddAwardVO":null,"name":null,"id":"1133631","activityType":null},"imgUrl":"","giftInfoId":"801d7954effa48c089f95999f52c1add","dayNum":"4","showType":"1"},{"gift":{"giftInfoId":null,"giftName":"30店铺积分","venderId":null,"giftType":"9","type":0,"shortLink":"","orginLink":null,"activityId":null,"giftResidue":null,"commonAddAwardVO":null,"name":null,"id":"30","activityType":null},"imgUrl":"","giftInfoId":"8ee56d7d12524650a06659b5ee76362a","dayNum":"5","showType":"1"},{"gift":{"giftInfoId":null,"giftName":"40店铺积分","venderId":null,"giftType":"9","type":0,"shortLink":"","orginLink":null,"activityId":null,"giftResidue":null,"commonAddAwardVO":null,"name":null,"id":"40","activityType":null},"imgUrl":"","giftInfoId":"ed5958cd6d644f2fb0a86dbf27c042f6","dayNum":"6","showType":"1"},{"gift":{"giftInfoId":null,"giftName":"5京豆","venderId":null,"giftType":"6","type":0,"shortLink":"","orginLink":null,"activityId":null,"giftResidue":null,"commonAddAwardVO":null,"name":null,"id":"1133631","activityType":null},"imgUrl":"","giftInfoId":"ef91b0dc6b0049daae5f23e3b70286f1","dayNum":"7","showType":"1"}],"msg":"","isOk":true,"isOver":"y","contiSignDays":0,"actRule":"1、活动时间：2021-01-26 16:32 - 2021-02-25 16:32；
2、关注店铺后方可参与活动；
3、符合连续签到赠送条件，则有机会赠送连续签到奖品；
4、签到7天后不能再参加；
5、第1天签到，有机会赠送10店铺积分；
6、第2天签到，有机会赠送1京豆；
7、第3天签到，有机会赠送20店铺积分；
8、第4天签到，有机会赠送2京豆；
9、第5天签到，有机会赠送30店铺积分；
10、第6天签到，有机会赠送40店铺积分；
11、第7天签到，有机会赠送5京豆；
12、签到成功后有机会获得奖品，也有可能会与奖品擦肩而过（奖品数量有限，先到先得）；
13、若用户存在刷奖等恶意行为，一经发现将取消抽奖资格（如奖品已经发放，有权追回奖品）；
注：奖品发放形式：
实物奖：
（1）中奖客户信息收集：页面弹屏提示中奖客户提供收货地址、号码和奖项；(超过1小时未填写对应收货信息，视为放弃);
（2）实物奖采取寄送方式发放，获奖用户需在开奖后填写姓名、联系电话、详细地址信息。如因用户原因无法联系上，即奖品作废不再补发，或如用户未填写真实有效的信息或填写收货信息不详，均视为放弃奖品；
虚拟产品奖：
（1）京豆：中奖后系统预计24小时内自动发放至账户；
（2）优惠券：中奖后需手动领取，预计24小时到账；
【活动参与主体资格】
（1）每位自然人用户仅能使用一个京东账号参与活动，微信号、QQ、京东帐号、手机号码等任一信息一致或指向同一用户的，视为同一个用户，则第一个参与本活动的账号参与结果有效，其余账号参与结果均视为无效。
（2）若发现同一位用户使用不同账号重复参与活动，承办方有权取消其获奖资格。
【注意事项】
（1）活动过程中，凡以不正当手段（如作弊领取、恶意套取、刷信誉、虚假交易、扰乱系统、实施网络攻击等）参与本次活动的用户，商家有权终止其参与活动，并取消其获奖资格（如奖品已发放，商家有权追回），如给商家造成损失的，商家将保留向违规用户继续追索的权利。
（2）如遇不可抗力(包括但不限于重大灾害事件、活动受政府机关指令需要停止举办或调整的、活动中存在大面积作弊行为、活动遭受严重网络攻击或因系统故障导致活动中奖名单大批量出错，活动不能正常进行的)，商家有权取消、修改或暂停本活动。
（3）本活动所发放的实物奖不得提现、不得转赠他人、不得为他人付款。
（4）是否中奖以活动发布者后台统计结果为准。
","followDays":1,"isSign":"y"}

#店铺名称
vendername="LIFAair京东自营官方旗舰店"
#店铺激活码
actId="b422cf6ec97e4d54a7001684c53ccad1"
#店铺id
venderId="10524448"
#长链接
url="https://lzkj-isv.isvjcloud.com/sign/sevenDay/signActivity?activityId=b422cf6ec97e4d54a7001684c53ccad1&venderId=10524448&adsource=tg_xuanFuTuBiao"

startTime=1611649920
endTime=1614241920
# 活动时间：2021-01-26 16:32 - 2021-02-25 16:32；
# 奖励说明：
actRule="
7天签到
连续签到1天：10店铺积分
连续签到2天：1京豆
连续签到3天：20店铺积分
连续签到4天：2京豆
连续签到5天：30店铺积分
连续签到6天：40店铺积分
连续签到7天：5京豆
"
#肥鹅 jd_4d651d9e48204 sign_res
sign_num="6"
giftName=""40店铺积分""
giftRes="ok"
giftDate="20210223"
sign_res_info="7天签到 第 6 天
当天签到奖励 ["40店铺积分"]"
#肥鹅 jd_4d651d9e48204 sign_res_end
#移动 jd_OeTNobRVGiNZ sign_res
sign_num="0"
giftName=""5京豆""
giftRes="ok"
giftDate="20210224"
sign_res_info="7天签到 第 0 天
当天签到奖励 ["5京豆"]"
#移动 jd_OeTNobRVGiNZ sign_res_end
#赵 122294312-396444 sign_res
sign_num="0"
giftName=""5京豆""
giftRes="ok"
giftDate="20210224"
sign_res_info="7天签到 第 0 天
当天签到奖励 ["5京豆"]"
#赵 122294312-396444 sign_res_end
#王 1309893722-164885 sign_res
sign_num="0"
giftName=""5京豆""
giftRes="ok"
giftDate="20210224"
sign_res_info="7天签到 第 0 天
当天签到奖励 ["5京豆"]"
#王 1309893722-164885 sign_res_end
