02/18/21 02:02:01 375219600  1613584921
RANDOM_num: 20
removed '/tmp/tmp.WS7AIMUogp'
02/18/21 02:02:01 438220400  1613584921
移动 今天已经签到过. 签到结果: ok  giftDate: 20210218
***********************************************

2021/02/17_08:00:00  [已~签~到]      
2021/02/18_08:00:00  [已~签~到]      
当天签到奖励 null
连续签到 2 天
签到总天数 2
***********************************************

actId=22836992c50446e1bb31f6f7ae31cb75
venderId=35967
startTime=1612368000000
endTime=1613750399000
# 短链接
suo_url="https://3.cn/100U-tiEw"
actTimeStr="2021-02-04 00:00 至 2021-02-19 23:59"
#店铺名称
vendername="PUMA官方旗舰店"
# 长链接
url=https://lzkj-isv.isvjcloud.com/sign/signActivity2?activityId=22836992c50446e1bb31f6f7ae31cb75&venderId=35967
# 活动时间：2021.02.04 00:00:00 - 2021.02.19 23:59:59
# 奖励说明：
actRule="
连续签到3天：40元优惠券
连续签到5天：20元优惠券
连续签到7天：200元优惠券
连续签到12天：赠送欧莱雅男士火山岩水凝露
"
#赵 122294312-396444 sign_res
sign_res="
signTime=1613606400;signed=2"
sign_num="1"
sign_total_num="1"
giftName="null"
giftRes="ok"
giftDate="20210218"
sign_res_info="
2021/02/18_08:00:00  [已~签~到]      
当天签到奖励 null
连续签到 1 天
签到总天数 1"
#赵 122294312-396444 sign_res_end
#王 1309893722-164885 sign_res
sign_res="
signTime=1613606400;signed=2"
sign_num="1"
sign_total_num="1"
giftName="null"
giftRes="ok"
giftDate="20210218"
sign_res_info="
2021/02/18_08:00:00  [已~签~到]      
当天签到奖励 null
连续签到 1 天
签到总天数 1"
#王 1309893722-164885 sign_res_end
#肥鹅 jd_4d651d9e48204 sign_res
sign_res="
signTime=1613606400;signed=2"
sign_num="1"
sign_total_num="1"
giftName="null"
giftRes="ok"
giftDate="20210218"
sign_res_info="
2021/02/18_08:00:00  [已~签~到]      
当天签到奖励 null
连续签到 1 天
签到总天数 1"
#肥鹅 jd_4d651d9e48204 sign_res_end
#移动 jd_OeTNobRVGiNZ sign_res
sign_res="
signTime=1613520000;signed=2
signTime=1613606400;signed=2"
sign_num="2"
sign_total_num="2"
giftName="null"
giftRes="ok"
giftDate="20210218"
sign_res_info="
2021/02/17_08:00:00  [已~签~到]      
2021/02/18_08:00:00  [已~签~到]      
当天签到奖励 null
连续签到 2 天
签到总天数 2"
#移动 jd_OeTNobRVGiNZ sign_res_end
