02/27/21 01:18:14 798215500  1614359894
RANDOM_num: 20
removed '/tmp/tmp.UsdcjZRDqM'
02/27/21 01:18:17 529558800  1614359897 检查赵签到

real	0m1.378s
user	0m0.031s
sys	0m0.078s
[WARN] get LZ_TOKEN error
02/27/21 01:18:22 502278700  1614359902
use pt_key

real	0m1.075s
user	0m0.094s
sys	0m0.078s
02/27/21 01:18:25 128144500  1614359905 token: AAFgOS1fADCN50kF8IpX4R1W3EcFc4-iw0drgy-GvcjymjZtR0M9hU-gtJa9xq2S05plTU7xcHI
curl: (6) Could not resolve host: lzkj-isv.isvjcloud.com

real	0m1.304s
user	0m0.063s
sys	0m0.094s
02/27/21 01:18:26 993362500  1614359906 secretPin: 
[WARN] get secretPin error

02/27/21 01:18:27 533478100  1614359907 赵签到澳优乳业官方旗舰店

real	0m1.873s
user	0m0.063s
sys	0m0.094s
parse error: Invalid numeric literal at line 1, column 10
parse error: Invalid numeric literal at line 1, column 10
parse error: Invalid numeric literal at line 1, column 10
parse error: Invalid numeric literal at line 1, column 10
02/27/21 01:18:33 532524700 1614359913

real	0m2.163s
user	0m0.000s
sys	0m0.047s

real	0m2.097s
user	0m0.078s
sys	0m0.063s
[WARN] get LZ_TOKEN error
02/27/21 01:18:39 157884800  1614359919
use pt_key

real	0m1.680s
user	0m0.094s
sys	0m0.172s
02/27/21 01:18:41 226974900  1614359921 token: AAFgOS1wADBZa8O2lzWG-PeVWbQyTuKDcs0X4uuZezDCDdCV_odW4byKgjRypM3c4d5Xy1JSTGo
parse error: Invalid numeric literal at line 1, column 10

real	0m1.953s
user	0m0.109s
sys	0m0.141s
02/27/21 01:18:43 751718500  1614359923 secretPin: 
[WARN] get secretPin error

02/27/21 01:18:44 218371100  1614359924 赵签到澳优乳业官方旗舰店

real	0m1.638s
user	0m0.016s
sys	0m0.063s
parse error: Invalid numeric literal at line 1, column 10
parse error: Invalid numeric literal at line 1, column 10
parse error: Invalid numeric literal at line 1, column 10
parse error: Invalid numeric literal at line 1, column 10
02/27/21 01:18:50 546509000 1614359930

real	0m2.304s
user	0m0.000s
sys	0m0.063s

real	0m2.203s
user	0m0.016s
sys	0m0.109s
[WARN] get LZ_TOKEN error
02/27/21 01:18:56 406280800  1614359936
use pt_key

real	0m1.768s
user	0m0.172s
sys	0m0.125s
02/27/21 01:18:58 991057200  1614359938 token: AAFgOS2BADCtKHWdAPG2lNSHOOajEtTO6fn6WZel5PF_fiA-3LNGu-ezhFahhQ0TX8NxRK3EQJ4
parse error: Invalid numeric literal at line 1, column 10

real	0m1.687s
user	0m0.094s
sys	0m0.109s
02/27/21 01:19:01 162348000  1614359941 secretPin: 
[WARN] get secretPin error

02/27/21 01:19:01 712333200  1614359941 赵签到澳优乳业官方旗舰店

real	0m1.444s
user	0m0.031s
sys	0m0.094s
parse error: Invalid numeric literal at line 1, column 10
parse error: Invalid numeric literal at line 1, column 10
parse error: Invalid numeric literal at line 1, column 10
parse error: Invalid numeric literal at line 1, column 10
02/27/21 01:19:08 942980200 1614359948

real	0m2.074s
user	0m0.000s
sys	0m0.031s

real	0m1.615s
user	0m0.031s
sys	0m0.047s
[WARN] get LZ_TOKEN error
02/27/21 01:19:13 919459500  1614359953
use pt_key

real	0m2.317s
user	0m0.094s
sys	0m0.125s
02/27/21 01:19:16 560715000  1614359956 token: AAFgOS2UADAVBEvKJpI6etyJUkOVGj5SOiirfd5n0jXYvjEC3zXZPxoQySeGcc-DY20wLgiAPqM
parse error: Invalid numeric literal at line 1, column 10

real	0m2.098s
user	0m0.094s
sys	0m0.141s
02/27/21 01:19:19 193898000  1614359959 secretPin: 
[WARN] get secretPin error

02/27/21 01:19:19 642080700  1614359959 赵签到澳优乳业官方旗舰店

real	0m1.564s
user	0m0.016s
sys	0m0.109s
parse error: Invalid numeric literal at line 1, column 10
parse error: Invalid numeric literal at line 1, column 10
parse error: Invalid numeric literal at line 1, column 10
parse error: Invalid numeric literal at line 1, column 10
02/27/21 01:19:26 544043200 1614359966

real	0m2.841s
user	0m0.000s
sys	0m0.016s

real	0m1.554s
user	0m0.031s
sys	0m0.094s
[WARN] get LZ_TOKEN error
02/27/21 01:19:32 295569600  1614359972
use pt_key

real	0m1.781s
user	0m0.078s
sys	0m0.109s
02/27/21 01:19:35 132086800  1614359975 token: AAFgOS2lADB0IYtefd-BDK_qjue1TPm9_BFw1h1zG4se4Z6fIvLZds2YbipGo_bKXxbJ58KHbqg
parse error: Invalid numeric literal at line 1, column 10

real	0m2.488s
user	0m0.109s
sys	0m0.125s
02/27/21 01:19:38 344937300  1614359978 secretPin: 
[WARN] get secretPin error

02/27/21 01:19:39 055661300  1614359979 赵签到澳优乳业官方旗舰店

real	0m1.480s
user	0m0.031s
sys	0m0.078s
parse error: Invalid numeric literal at line 1, column 10
parse error: Invalid numeric literal at line 1, column 10
parse error: Invalid numeric literal at line 1, column 10
parse error: Invalid numeric literal at line 1, column 10
02/27/21 01:19:45 843875100 1614359985

real	0m2.543s
user	0m0.000s
sys	0m0.016s

real	0m2.007s
user	0m0.031s
sys	0m0.063s
[WARN] get LZ_TOKEN error
02/27/21 01:19:51 673822900  1614359991
use pt_key

real	0m1.776s
user	0m0.094s
sys	0m0.125s
02/27/21 01:19:54 881876000  1614359994 token: AAFgOS25ADBTOgFJDzwkLVmfd6JfPUjZgd6AUwqjOt4S9tuL0FkKE9i3qvwTlOyfsUiEAtQdjV4
parse error: Invalid numeric literal at line 1, column 10

real	0m1.998s
user	0m0.125s
sys	0m0.156s
02/27/21 01:19:57 331723300  1614359997 secretPin: 
[WARN] get secretPin error

02/27/21 01:19:57 783617200  1614359997 赵签到澳优乳业官方旗舰店

real	0m1.078s
user	0m0.047s
sys	0m0.094s
parse error: Invalid numeric literal at line 1, column 10
parse error: Invalid numeric literal at line 1, column 10
parse error: Invalid numeric literal at line 1, column 10
parse error: Invalid numeric literal at line 1, column 10
02/27/21 01:20:03 163176000 1614360003

real	0m2.852s
user	0m0.000s
sys	0m0.016s

real	0m1.945s
user	0m0.031s
sys	0m0.078s
[WARN] get LZ_TOKEN error
02/27/21 01:20:09 235020400  1614360009
use pt_key

real	0m1.695s
user	0m0.156s
sys	0m0.109s
02/27/21 01:20:11 432845700  1614360011 token: AAFgOS3KADBn8OMPh86FLGapfgKPIFqiF5fzpRXsNC_CB0H4yoMFGbprkiaPOWXEXc_uQb69LXA
parse error: Invalid numeric literal at line 1, column 10

real	0m2.090s
user	0m0.109s
sys	0m0.109s
02/27/21 01:20:14 141001600  1614360014 secretPin: 
[WARN] get secretPin error

02/27/21 01:20:14 730584500  1614360014 赵签到澳优乳业官方旗舰店

real	0m1.078s
user	0m0.031s
sys	0m0.063s
parse error: Invalid numeric literal at line 1, column 10
parse error: Invalid numeric literal at line 1, column 10
parse error: Invalid numeric literal at line 1, column 10
parse error: Invalid numeric literal at line 1, column 10
02/27/21 01:20:20 754310800 1614360020

real	0m2.822s
user	0m0.000s
sys	0m0.031s

real	0m3.882s
user	0m0.016s
sys	0m0.125s
[WARN] get LZ_TOKEN error
02/27/21 01:20:29 332133400  1614360029
use pt_key

real	0m1.721s
user	0m0.094s
sys	0m0.172s
02/27/21 01:20:31 440135700  1614360031 token: AAFgOS3eADDH4gFirYH2GXLmJVdGrtWy6G8hN1CwlZ0HV6PXGV-5pJysF5ier4nfUJPbq_NcSP8
parse error: Invalid numeric literal at line 1, column 10

real	0m1.532s
user	0m0.125s
sys	0m0.094s
02/27/21 01:20:33 421912100  1614360033 secretPin: 
[WARN] get secretPin error

02/27/21 01:20:33 720443600  1614360033 赵签到澳优乳业官方旗舰店

real	0m1.361s
user	0m0.016s
sys	0m0.094s
parse error: Invalid numeric literal at line 1, column 10
parse error: Invalid numeric literal at line 1, column 10
parse error: Invalid numeric literal at line 1, column 10
parse error: Invalid numeric literal at line 1, column 10
02/27/21 01:20:39 019786000 1614360039

real	0m2.975s
user	0m0.000s
sys	0m0.047s

real	0m1.637s
user	0m0.031s
sys	0m0.078s
[WARN] get LZ_TOKEN error
02/27/21 01:20:44 692489300  1614360044
use pt_key

real	0m1.628s
user	0m0.094s
sys	0m0.125s
02/27/21 01:20:46 620538300  1614360046 token: AAFgOS3uADBQ3egYQ1YruyMRupWIT_J6eqVP93-9kX9S7S8w3cQ5W_mJlqHREfziArcQDMUPQTg
parse error: Invalid numeric literal at line 1, column 10

real	0m1.688s
user	0m0.063s
sys	0m0.109s
02/27/21 01:20:48 969914200  1614360048 secretPin: 
[WARN] get secretPin error

02/27/21 01:20:49 694724900  1614360049 赵签到澳优乳业官方旗舰店

real	0m1.574s
user	0m0.031s
sys	0m0.063s
parse error: Invalid numeric literal at line 1, column 10
parse error: Invalid numeric literal at line 1, column 10
parse error: Invalid numeric literal at line 1, column 10
parse error: Invalid numeric literal at line 1, column 10
02/27/21 01:20:56 018520500 1614360056

real	0m2.924s
user	0m0.000s
sys	0m0.031s

real	0m1.813s
user	0m0.078s
sys	0m0.109s
[WARN] get LZ_TOKEN error
02/27/21 01:21:01 351573300  1614360061
use pt_key

real	0m1.524s
user	0m0.109s
sys	0m0.125s
02/27/21 01:21:03 388553400  1614360063 token: AAFgOS3_ADD6NlpCdP9ejW9vZq_Fu5ezqGOaLt2t0qEjdSf5xorRGmj3IXHr4QdVHdAvORP09OQ
parse error: Invalid numeric literal at line 1, column 10

real	0m1.851s
user	0m0.125s
sys	0m0.109s
02/27/21 01:21:05 907232700  1614360065 secretPin: 
[WARN] get secretPin error

02/27/21 01:21:06 352259700  1614360066 赵签到澳优乳业官方旗舰店

real	0m1.421s
user	0m0.031s
sys	0m0.094s
parse error: Invalid numeric literal at line 1, column 10
parse error: Invalid numeric literal at line 1, column 10
parse error: Invalid numeric literal at line 1, column 10
parse error: Invalid numeric literal at line 1, column 10
02/27/21 01:21:10 995818100 1614360070

real	0m3.316s
user	0m0.000s
sys	0m0.031s

real	0m1.324s
user	0m0.047s
sys	0m0.078s
[WARN] get LZ_TOKEN error
02/27/21 01:21:16 658039900  1614360076
use pt_key

real	0m1.027s
user	0m0.109s
sys	0m0.094s
02/27/21 01:21:17 981716700  1614360077 token: AAFgOS4NADDRGtZmcXk7p_bpfkyTwFuSVbroAgRJGDel7S53Hiith-gwxC2uFsjsBZyUyD_W-nk
parse error: Invalid numeric literal at line 1, column 10

real	0m1.110s
user	0m0.109s
sys	0m0.109s
02/27/21 01:21:19 647529800  1614360079 secretPin: 
[WARN] get secretPin error

02/27/21 01:21:19 930055800  1614360079 赵签到澳优乳业官方旗舰店

real	0m1.070s
user	0m0.031s
sys	0m0.063s
parse error: Invalid numeric literal at line 1, column 10
parse error: Invalid numeric literal at line 1, column 10
parse error: Invalid numeric literal at line 1, column 10
parse error: Invalid numeric literal at line 1, column 10
02/27/21 01:21:26 032945000 1614360086

real	0m2.976s
user	0m0.000s
sys	0m0.047s

real	0m1.080s
user	0m0.000s
sys	0m0.109s
[WARN] get LZ_TOKEN error
02/27/21 01:21:31 009611400  1614360091
use pt_key

real	0m1.097s
user	0m0.109s
sys	0m0.109s
02/27/21 01:21:32 309085700  1614360092 token: AAFgOS4cADCT3qzvClEi9YWPdsC_jcPIcV9Cbm-T2tGG32m7yXotnHUf3MVjXkPAfxzg4cXEDPQ
parse error: Invalid numeric literal at line 1, column 10

real	0m1.193s
user	0m0.063s
sys	0m0.125s
02/27/21 01:21:33 863578000  1614360093 secretPin: 
[WARN] get secretPin error

02/27/21 01:21:34 113066400  1614360094 赵签到澳优乳业官方旗舰店

real	0m0.744s
user	0m0.031s
sys	0m0.094s
parse error: Invalid numeric literal at line 1, column 10
parse error: Invalid numeric literal at line 1, column 10
parse error: Invalid numeric literal at line 1, column 10
parse error: Invalid numeric literal at line 1, column 10
02/27/21 01:21:37 221258200 1614360097

real	0m3.096s
user	0m0.000s
sys	0m0.000s

real	0m1.166s
user	0m0.031s
sys	0m0.094s
[WARN] get LZ_TOKEN error
02/27/21 01:21:42 183100400  1614360102
use pt_key

real	0m1.107s
user	0m0.078s
sys	0m0.125s
02/27/21 01:21:43 653699300  1614360103 token: AAFgOS4nADC9gqHyma0pmmNj-Zy1h_H49MAC8wdyTR0oNRmXLiFe3_B6ihGYndg415Z3k24Sic8
parse error: Invalid numeric literal at line 1, column 10

real	0m1.501s
user	0m0.109s
sys	0m0.109s
02/27/21 01:21:45 495011800  1614360105 secretPin: 
[WARN] get secretPin error

02/27/21 01:21:45 793857200  1614360105 赵签到澳优乳业官方旗舰店

real	0m0.901s
user	0m0.000s
sys	0m0.109s
parse error: Invalid numeric literal at line 1, column 10
parse error: Invalid numeric literal at line 1, column 10
parse error: Invalid numeric literal at line 1, column 10
parse error: Invalid numeric literal at line 1, column 10
02/27/21 01:21:49 439173300 1614360109

real	0m3.275s
user	0m0.000s
sys	0m0.031s

real	0m1.543s
user	0m0.078s
sys	0m0.063s
[WARN] get LZ_TOKEN error
02/27/21 01:21:55 415446800  1614360115
use pt_key

real	0m0.675s
user	0m0.141s
sys	0m0.125s
02/27/21 01:21:56 275597700  1614360116 token: AAFgOS4zADDQDJ-iEkTEhuKGCZdqBE9EHKIcRnA7VLpGgfSiLs-UVQ3ynh3EYpCc3GSIx6ty8j0
parse error: Invalid numeric literal at line 1, column 10

real	0m0.937s
user	0m0.109s
sys	0m0.125s
02/27/21 01:21:57 423228400  1614360117 secretPin: 
[WARN] get secretPin error

02/27/21 01:21:57 672514900  1614360117 赵签到澳优乳业官方旗舰店

real	0m0.994s
user	0m0.031s
sys	0m0.094s
parse error: Invalid numeric literal at line 1, column 10
parse error: Invalid numeric literal at line 1, column 10
parse error: Invalid numeric literal at line 1, column 10
parse error: Invalid numeric literal at line 1, column 10
02/27/21 01:22:00 817657100 1614360120

real	0m3.438s
user	0m0.000s
sys	0m0.031s

real	0m1.076s
user	0m0.000s
sys	0m0.125s
[WARN] get LZ_TOKEN error
02/27/21 01:22:06 057558700  1614360126
use pt_key

real	0m0.808s
user	0m0.125s
sys	0m0.109s
02/27/21 01:22:07 062073000  1614360127 token: AAFgOS4-ADAsiwgrqJ4Gz4CTHFt4JBXcuHdOuBd72ASmP9nAPxbgvAehWNwf6kMZDV6EJsf9kCE
parse error: Invalid numeric literal at line 1, column 10

real	0m1.281s
user	0m0.203s
sys	0m0.078s
02/27/21 01:22:08 563653300  1614360128 secretPin: 
[WARN] get secretPin error

02/27/21 01:22:08 719003600  1614360128 赵签到澳优乳业官方旗舰店

real	0m0.605s
user	0m0.000s
sys	0m0.109s
parse error: Invalid numeric literal at line 1, column 10
parse error: Invalid numeric literal at line 1, column 10
parse error: Invalid numeric literal at line 1, column 10
parse error: Invalid numeric literal at line 1, column 10
02/27/21 01:22:11 648483800 1614360131

real	0m3.425s
user	0m0.000s
sys	0m0.000s

real	0m0.993s
user	0m0.031s
sys	0m0.094s
[WARN] get LZ_TOKEN error
02/27/21 01:22:16 694621800  1614360136
use pt_key

real	0m0.883s
user	0m0.094s
sys	0m0.109s
02/27/21 01:22:17 788486400  1614360137 token: AAFgOS5JADDG-bWb3TbdIhf0k9h1YsYOM10wgGLktDl5WxU2zYHL_y46hrl6sPmKmPiv7S-ZCLE
parse error: Invalid numeric literal at line 1, column 10

real	0m1.022s
user	0m0.125s
sys	0m0.156s
02/27/21 01:22:19 056132100  1614360139 secretPin: 
[WARN] get secretPin error

02/27/21 01:22:19 210494000  1614360139 赵签到澳优乳业官方旗舰店

real	0m0.775s
user	0m0.016s
sys	0m0.078s
parse error: Invalid numeric literal at line 1, column 10
parse error: Invalid numeric literal at line 1, column 10
parse error: Invalid numeric literal at line 1, column 10
parse error: Invalid numeric literal at line 1, column 10
02/27/21 01:22:21 631540000 1614360141

real	0m3.677s
user	0m0.000s
sys	0m0.063s

real	0m0.800s
user	0m0.031s
sys	0m0.063s
[WARN] get LZ_TOKEN error
02/27/21 01:22:26 492015400  1614360146
use pt_key

real	0m0.792s
user	0m0.125s
sys	0m0.109s
02/27/21 01:22:27 393430400  1614360147 token: AAFgOS5TADBosp1BQqNDcCsjjVjm7fBfWXg0abrBbAV55bdvm4i36iO6YggPw3k-w9dLW0qJotw
parse error: Invalid numeric literal at line 1, column 10

real	0m0.787s
user	0m0.141s
sys	0m0.063s
02/27/21 01:22:28 390439500  1614360148 secretPin: 
[WARN] get secretPin error

02/27/21 01:22:28 484078100  1614360148 赵签到澳优乳业官方旗舰店

real	0m0.580s
user	0m0.047s
sys	0m0.094s
parse error: Invalid numeric literal at line 1, column 10
parse error: Invalid numeric literal at line 1, column 10
parse error: Invalid numeric literal at line 1, column 10
parse error: Invalid numeric literal at line 1, column 10
02/27/21 01:22:30 550570000 1614360150

real	0m3.720s
user	0m0.000s
sys	0m0.031s

real	0m0.838s
user	0m0.047s
sys	0m0.125s
[WARN] get LZ_TOKEN error
02/27/21 01:22:35 414881100  1614360155
use pt_key

real	0m0.505s
user	0m0.109s
sys	0m0.094s
02/27/21 01:22:36 029794000  1614360156 token: AAFgOS5bADCvsTy18HZFkeJ0Qz2ADC1sz5dOaPRP9gAXkuijXz8-r5wwDqDrmwhCpTwJrA9-ht0
parse error: Invalid numeric literal at line 1, column 10

real	0m0.604s
user	0m0.078s
sys	0m0.125s
02/27/21 01:22:36 789636500  1614360156 secretPin: 
[WARN] get secretPin error

02/27/21 01:22:36 962162700  1614360156 赵签到澳优乳业官方旗舰店

real	0m0.550s
user	0m0.094s
sys	0m0.063s
parse error: Invalid numeric literal at line 1, column 10
parse error: Invalid numeric literal at line 1, column 10
parse error: Invalid numeric literal at line 1, column 10
parse error: Invalid numeric literal at line 1, column 10
02/27/21 01:22:39 414666700 1614360159

real	0m3.832s
user	0m0.016s
sys	0m0.031s

real	0m0.321s
user	0m0.016s
sys	0m0.078s
[WARN] get LZ_TOKEN error
02/27/21 01:22:43 769361000  1614360163
use pt_key

real	0m0.530s
user	0m0.094s
sys	0m0.172s
02/27/21 01:22:44 409841300  1614360164 token: AAFgOS5kADAjIiIdWpj487u9Ht66OmTGHQPa3-qVL0j08Q3yZLPloo1Zv88zLOrDL4pNYcvJVLs
parse error: Invalid numeric literal at line 1, column 10

real	0m0.724s
user	0m0.109s
sys	0m0.172s
02/27/21 01:22:45 245578600  1614360165 secretPin: 
[WARN] get secretPin error

02/27/21 01:22:45 354505500  1614360165 赵签到澳优乳业官方旗舰店

real	0m0.511s
user	0m0.000s
sys	0m0.141s
parse error: Invalid numeric literal at line 1, column 10
parse error: Invalid numeric literal at line 1, column 10
parse error: Invalid numeric literal at line 1, column 10
parse error: Invalid numeric literal at line 1, column 10
02/27/21 01:22:47 112609000 1614360167

real	0m4.141s
user	0m0.000s
sys	0m0.016s

real	0m0.224s
user	0m0.000s
sys	0m0.094s
[WARN] get LZ_TOKEN error
02/27/21 01:22:51 635505300  1614360171
use pt_key

real	0m0.472s
user	0m0.094s
sys	0m0.078s
02/27/21 01:22:52 188564700  1614360172 token: AAFgOS5sADB6Z5TGgll2t7yBy0MNxpgRNhMfl4tEMC_9vKHd9uNHG3rzrbq-VHBF0Dd-XVQEEeM
parse error: Invalid numeric literal at line 1, column 10

real	0m0.541s
user	0m0.125s
sys	0m0.094s
02/27/21 01:22:52 915094400  1614360172 secretPin: 
[WARN] get secretPin error

02/27/21 01:22:52 977964500  1614360172 赵签到澳优乳业官方旗舰店

real	0m0.282s
user	0m0.031s
sys	0m0.141s
parse error: Invalid numeric literal at line 1, column 10
parse error: Invalid numeric literal at line 1, column 10
parse error: Invalid numeric literal at line 1, column 10
parse error: Invalid numeric literal at line 1, column 10
02/27/21 01:22:54 925821500 1614360174

real	0m4.199s
user	0m0.000s
sys	0m0.031s
02/27/21 01:23:59 249184100  1614360239
parse error: Invalid numeric literal at line 1, column 10
签到是否成功解析失败. 不再写/home/myid/jd/jd_signup/vender/aoyouruye

赵签到澳优乳业官方旗舰店查看结果



澳优乳业官方旗舰店活动规则


# 活动时间：2021.01.30 00:00:00 - 2021.02.28 23:59:59
# 奖励说明：
actRule="
连续签到7天：10京豆 10京豆
"

#店铺名称
vendername="澳优乳业官方旗舰店"
#店铺激活码
actId="eb0ef5535d6e462096ab4e2135ba6c45"
##店铺id
venderId="37166"

#赵 122294312-396444 sign_res
sign_res="
signTime=1612396800;signed=2
signTime=1612483200;signed=2
signTime=1612569600;signed=2
signTime=1612656000;signed=2
signTime=1612742400;signed=2
signTime=1612828800;signed=2
signTime=1612915200;signed=2
signTime=1613001600;signed=2
signTime=1613088000;signed=2
signTime=1613174400;signed=2
signTime=1613260800;signed=2
signTime=1613347200;signed=2
signTime=1613433600;signed=2
signTime=1613520000;signed=2
signTime=1613606400;signed=2
signTime=1613692800;signed=2
signTime=1613779200;signed=2
signTime=1613865600;signed=2
signTime=1613952000;signed=2
signTime=1614038400;signed=2
signTime=1614124800;signed=2
signTime=1614211200;signed=2
signTime=1614297600;signed=2"
sign_num="2"
sign_total_num="23"
giftName="null"
giftRes="ok"
giftDate="20210226"
sign_res_info="
2021/02/04_08:00:00  [已~签~到]      
2021/02/05_08:00:00  [已~签~到]      
2021/02/06_08:00:00  [已~签~到]      
2021/02/07_08:00:00  [已~签~到]      
2021/02/08_08:00:00  [已~签~到]      
2021/02/09_08:00:00  [已~签~到]      
2021/02/10_08:00:00  [已~签~到]      
2021/02/11_08:00:00  [已~签~到]      
2021/02/12_08:00:00  [已~签~到]      
2021/02/13_08:00:00  [已~签~到]      
2021/02/14_08:00:00  [已~签~到]      
2021/02/15_08:00:00  [已~签~到]      
2021/02/16_08:00:00  [已~签~到]      
2021/02/17_08:00:00  [已~签~到]      
2021/02/18_08:00:00  [已~签~到]      
2021/02/19_08:00:00  [已~签~到]      
2021/02/20_08:00:00  [已~签~到]      
2021/02/21_08:00:00  [已~签~到]      
2021/02/22_08:00:00  [已~签~到]      
2021/02/23_08:00:00  [已~签~到]      
2021/02/24_08:00:00  [已~签~到]      
2021/02/25_08:00:00  [已~签~到]      
2021/02/26_08:00:00  [已~签~到]      
当天签到奖励 [null]
连续签到 2 天
签到总天数 23"
#赵 122294312-396444 sign_res_end
#肥鹅 jd_4d651d9e48204 sign_res
sign_res="
signTime=1612396800;signed=2
signTime=1612483200;signed=2
signTime=1612569600;signed=2
signTime=1612656000;signed=2
signTime=1612742400;signed=2
signTime=1612828800;signed=2
signTime=1612915200;signed=2
signTime=1613001600;signed=2
signTime=1613088000;signed=2
signTime=1613174400;signed=2
signTime=1613260800;signed=2
signTime=1613347200;signed=2
signTime=1613433600;signed=2
signTime=1613520000;signed=2
signTime=1613606400;signed=2
signTime=1613692800;signed=2
signTime=1613779200;signed=2
signTime=1613865600;signed=2
signTime=1613952000;signed=2
signTime=1614038400;signed=2
signTime=1614124800;signed=2
signTime=1614211200;signed=2
signTime=1614297600;signed=2"
sign_num="2"
sign_total_num="23"
giftName="null"
giftRes="ok"
giftDate="20210226"
sign_res_info="
2021/02/04_08:00:00  [已~签~到]      
2021/02/05_08:00:00  [已~签~到]      
2021/02/06_08:00:00  [已~签~到]      
2021/02/07_08:00:00  [已~签~到]      
2021/02/08_08:00:00  [已~签~到]      
2021/02/09_08:00:00  [已~签~到]      
2021/02/10_08:00:00  [已~签~到]      
2021/02/11_08:00:00  [已~签~到]      
2021/02/12_08:00:00  [已~签~到]      
2021/02/13_08:00:00  [已~签~到]      
2021/02/14_08:00:00  [已~签~到]      
2021/02/15_08:00:00  [已~签~到]      
2021/02/16_08:00:00  [已~签~到]      
2021/02/17_08:00:00  [已~签~到]      
2021/02/18_08:00:00  [已~签~到]      
2021/02/19_08:00:00  [已~签~到]      
2021/02/20_08:00:00  [已~签~到]      
2021/02/21_08:00:00  [已~签~到]      
2021/02/22_08:00:00  [已~签~到]      
2021/02/23_08:00:00  [已~签~到]      
2021/02/24_08:00:00  [已~签~到]      
2021/02/25_08:00:00  [已~签~到]      
2021/02/26_08:00:00  [已~签~到]      
当天签到奖励 [null]
连续签到 2 天
签到总天数 23"
#肥鹅 jd_4d651d9e48204 sign_res_end
#移动 jd_OeTNobRVGiNZ sign_res
sign_res="
signTime=1612396800;signed=2
signTime=1612483200;signed=2
signTime=1612569600;signed=2
signTime=1612656000;signed=2
signTime=1612742400;signed=2
signTime=1612828800;signed=2
signTime=1612915200;signed=2
signTime=1613001600;signed=2
signTime=1613088000;signed=2
signTime=1613174400;signed=2
signTime=1613260800;signed=2
signTime=1613347200;signed=2
signTime=1613433600;signed=2
signTime=1613520000;signed=2
signTime=1613606400;signed=2
signTime=1613692800;signed=2
signTime=1613779200;signed=2
signTime=1613865600;signed=2
signTime=1613952000;signed=2
signTime=1614038400;signed=2
signTime=1614124800;signed=2
signTime=1614211200;signed=2
signTime=1614297600;signed=2"
sign_num="2"
sign_total_num="23"
giftName="null"
giftRes="ok"
giftDate="20210226"
sign_res_info="
2021/02/04_08:00:00  [已~签~到]      
2021/02/05_08:00:00  [已~签~到]      
2021/02/06_08:00:00  [已~签~到]      
2021/02/07_08:00:00  [已~签~到]      
2021/02/08_08:00:00  [已~签~到]      
2021/02/09_08:00:00  [已~签~到]      
2021/02/10_08:00:00  [已~签~到]      
2021/02/11_08:00:00  [已~签~到]      
2021/02/12_08:00:00  [已~签~到]      
2021/02/13_08:00:00  [已~签~到]      
2021/02/14_08:00:00  [已~签~到]      
2021/02/15_08:00:00  [已~签~到]      
2021/02/16_08:00:00  [已~签~到]      
2021/02/17_08:00:00  [已~签~到]      
2021/02/18_08:00:00  [已~签~到]      
2021/02/19_08:00:00  [已~签~到]      
2021/02/20_08:00:00  [已~签~到]      
2021/02/21_08:00:00  [已~签~到]      
2021/02/22_08:00:00  [已~签~到]      
2021/02/23_08:00:00  [已~签~到]      
2021/02/24_08:00:00  [已~签~到]      
2021/02/25_08:00:00  [已~签~到]      
2021/02/26_08:00:00  [已~签~到]      
当天签到奖励 [null]
连续签到 2 天
签到总天数 23"
#移动 jd_OeTNobRVGiNZ sign_res_end
#王 1309893722-164885 sign_res
sign_res="
signTime=1613260800;signed=2
signTime=1613347200;signed=2
signTime=1613433600;signed=2
signTime=1613520000;signed=2
signTime=1613606400;signed=2
signTime=1613692800;signed=2
signTime=1613779200;signed=2
signTime=1613865600;signed=2
signTime=1613952000;signed=2
signTime=1614038400;signed=2
signTime=1614124800;signed=2
signTime=1614211200;signed=2
signTime=1614297600;signed=2
signTime=1614384000;signed=2"
sign_num="0"
sign_total_num="14"
giftName="null"
giftRes="ok"
giftDate="20210227"
sign_res_info="
2021/02/14_08:00:00  [已~签~到]      
2021/02/15_08:00:00  [已~签~到]      
2021/02/16_08:00:00  [已~签~到]      
2021/02/17_08:00:00  [已~签~到]      
2021/02/18_08:00:00  [已~签~到]      
2021/02/19_08:00:00  [已~签~到]      
2021/02/20_08:00:00  [已~签~到]      
2021/02/21_08:00:00  [已~签~到]      
2021/02/22_08:00:00  [已~签~到]      
2021/02/23_08:00:00  [已~签~到]      
2021/02/24_08:00:00  [已~签~到]      
2021/02/25_08:00:00  [已~签~到]      
2021/02/26_08:00:00  [已~签~到]      
2021/02/27_08:00:00  [已~签~到]      
当天签到奖励 [null]
连续签到 0 天
签到总天数 14"
#王 1309893722-164885 sign_res_end
