02/27/21 02:04:42 229600800  1614362682
RANDOM_num: 20
removed '/tmp/tmp.l2zy3QnXE4'
02/27/21 02:04:42 446930600  1614362682 检查移动签到

real	0m0.195s
user	0m0.016s
sys	0m0.063s
[WARN] get LZ_TOKEN error
02/27/21 02:04:42 864056900  1614362682
use wskey

real	0m0.281s
user	0m0.094s
sys	0m0.141s
02/27/21 02:04:43 199358700  1614362683 token: AAFgOTg7ADC553F0bf6rXLXuPhqXAHZGSwKx5ekB5pAf6qnvsocvAeHVCrAtsUfNVQtal0PJpGo
parse error: Invalid numeric literal at line 1, column 10

real	0m0.229s
user	0m0.125s
sys	0m0.078s
02/27/21 02:04:43 472806800  1614362683 secretPin: 
[WARN] get secretPin error

02/27/21 02:04:43 504382900  1614362683 移动签到象印旗舰店

real	0m0.229s
user	0m0.063s
sys	0m0.078s
parse error: Invalid numeric literal at line 1, column 10
parse error: Invalid numeric literal at line 1, column 10
parse error: Invalid numeric literal at line 1, column 10
parse error: Invalid numeric literal at line 1, column 10
02/27/21 02:04:44 411525800 1614362684

real	0m0.304s
user	0m0.000s
sys	0m0.031s

real	0m0.246s
user	0m0.031s
sys	0m0.141s
[WARN] get LZ_TOKEN error
02/27/21 02:04:45 037400200  1614362685
use wskey

real	0m0.216s
user	0m0.094s
sys	0m0.094s
02/27/21 02:04:45 284220800  1614362685 token: AAFgOTg9ADCpcrZVfZZxN1F_V15_T5KenKBjK3fmdXUFvxP6u8jCsIw9iYVLbzQA5O48VIqKQYw
parse error: Invalid numeric literal at line 1, column 10

real	0m0.255s
user	0m0.094s
sys	0m0.094s
02/27/21 02:04:45 577985300  1614362685 secretPin: 
[WARN] get secretPin error

02/27/21 02:04:45 647449800  1614362685 移动签到象印旗舰店

real	0m0.247s
user	0m0.047s
sys	0m0.109s
parse error: Invalid numeric literal at line 1, column 10
parse error: Invalid numeric literal at line 1, column 10
parse error: Invalid numeric literal at line 1, column 10
parse error: Invalid numeric literal at line 1, column 10
02/27/21 02:04:46 473071100 1614362686

real	0m0.554s
user	0m0.000s
sys	0m0.063s

real	0m0.181s
user	0m0.031s
sys	0m0.078s
[WARN] get LZ_TOKEN error
02/27/21 02:04:47 262564300  1614362687
use wskey

real	0m0.162s
user	0m0.109s
sys	0m0.063s
02/27/21 02:04:47 445587300  1614362687 token: AAFgOTg_ADA4kVPVnrz_lOoh9A2Ux6j-tFHiU9fmvU_1WUanfIssiyGFfWW_NQ9mMsDF35ZZzsw
parse error: Invalid numeric literal at line 1, column 10

real	0m0.192s
user	0m0.109s
sys	0m0.094s
02/27/21 02:04:47 667869000  1614362687 secretPin: 
[WARN] get secretPin error

02/27/21 02:04:47 692770500  1614362687 移动签到象印旗舰店

real	0m0.233s
user	0m0.016s
sys	0m0.094s
parse error: Invalid numeric literal at line 1, column 10
parse error: Invalid numeric literal at line 1, column 10
parse error: Invalid numeric literal at line 1, column 10
parse error: Invalid numeric literal at line 1, column 10
02/27/21 02:04:48 500977900 1614362688

real	0m0.689s
user	0m0.000s
sys	0m0.031s

real	0m0.163s
user	0m0.016s
sys	0m0.094s
[WARN] get LZ_TOKEN error
02/27/21 02:04:49 450575000  1614362689
use wskey

real	0m0.180s
user	0m0.094s
sys	0m0.125s
02/27/21 02:04:49 647742600  1614362689 token: AAFgOThBADBLzsjKYkHwiHYYat3KzS8H-y5G2l4wbEsr-Fg_KpcBOrDJwmDDWMFdbL5qvDyxvts
parse error: Invalid numeric literal at line 1, column 10

real	0m0.124s
user	0m0.078s
sys	0m0.109s
02/27/21 02:04:49 793778300  1614362689 secretPin: 
[WARN] get secretPin error

02/27/21 02:04:49 813246300  1614362689 移动签到象印旗舰店

real	0m0.154s
user	0m0.031s
sys	0m0.078s
parse error: Invalid numeric literal at line 1, column 10
parse error: Invalid numeric literal at line 1, column 10
parse error: Invalid numeric literal at line 1, column 10
parse error: Invalid numeric literal at line 1, column 10
02/27/21 02:04:50 455543700 1614362690

real	0m0.841s
user	0m0.000s
sys	0m0.031s

real	0m0.125s
user	0m0.000s
sys	0m0.078s
[WARN] get LZ_TOKEN error
02/27/21 02:04:51 472491800  1614362691
use wskey

real	0m0.182s
user	0m0.094s
sys	0m0.109s
02/27/21 02:04:51 678844700  1614362691 token: AAFgOThDADCQlVswun6I-pZ4ZsNaVcyjrkpU1SUoS_z8Sbq_Ap8AT1WPBrC3aEsgArKYS9v84gY
parse error: Invalid numeric literal at line 1, column 10

real	0m0.189s
user	0m0.094s
sys	0m0.109s
02/27/21 02:04:51 885592400  1614362691 secretPin: 
[WARN] get secretPin error

02/27/21 02:04:51 902937100  1614362691 移动签到象印旗舰店

real	0m0.138s
user	0m0.000s
sys	0m0.094s
parse error: Invalid numeric literal at line 1, column 10
parse error: Invalid numeric literal at line 1, column 10
parse error: Invalid numeric literal at line 1, column 10
parse error: Invalid numeric literal at line 1, column 10
02/27/21 02:04:52 483344300 1614362692

real	0m1.061s
user	0m0.000s
sys	0m0.016s

real	0m0.177s
user	0m0.031s
sys	0m0.109s
[WARN] get LZ_TOKEN error
02/27/21 02:04:53 812684900  1614362693
use wskey

real	0m0.194s
user	0m0.109s
sys	0m0.109s
02/27/21 02:04:54 029535500  1614362694 token: AAFgOThFADAEd7TNTH-CA-emRsNX-rBPgioEJ8YeuUObcKYlMjItxuG1JlTalWLoE0Ml-KlKAdw
parse error: Invalid numeric literal at line 1, column 10

real	0m0.193s
user	0m0.078s
sys	0m0.078s
02/27/21 02:04:54 245974000  1614362694 secretPin: 
[WARN] get secretPin error

02/27/21 02:04:54 270909700  1614362694 移动签到象印旗舰店

real	0m0.192s
user	0m0.000s
sys	0m0.141s
parse error: Invalid numeric literal at line 1, column 10
parse error: Invalid numeric literal at line 1, column 10
parse error: Invalid numeric literal at line 1, column 10
parse error: Invalid numeric literal at line 1, column 10
02/27/21 02:04:54 962195200 1614362694

real	0m1.293s
user	0m0.000s
sys	0m0.063s

real	0m0.171s
user	0m0.047s
sys	0m0.063s
[WARN] get LZ_TOKEN error
02/27/21 02:04:56 489055200  1614362696
use wskey

real	0m0.252s
user	0m0.094s
sys	0m0.141s
02/27/21 02:04:56 783850900  1614362696 token: AAFgOThIADCuXV9t9cQ1I-tPd6qd3vwHCGcp5Tk4IjYi1CWOx9WPJKmN1EsbkXf_V6UK23KnJho
parse error: Invalid numeric literal at line 1, column 10

real	0m0.258s
user	0m0.109s
sys	0m0.094s
02/27/21 02:04:57 077217700  1614362697 secretPin: 
[WARN] get secretPin error

02/27/21 02:04:57 111884100  1614362697 移动签到象印旗舰店

real	0m0.181s
user	0m0.063s
sys	0m0.078s
parse error: Invalid numeric literal at line 1, column 10
parse error: Invalid numeric literal at line 1, column 10
parse error: Invalid numeric literal at line 1, column 10
parse error: Invalid numeric literal at line 1, column 10
02/27/21 02:04:57 879232600 1614362697

real	0m1.555s
user	0m0.016s
sys	0m0.031s

real	0m0.126s
user	0m0.000s
sys	0m0.078s
[WARN] get LZ_TOKEN error
02/27/21 02:04:59 636228200  1614362699
use wskey

real	0m0.208s
user	0m0.094s
sys	0m0.109s
02/27/21 02:04:59 876614400  1614362699 token: AAFgOThLADAT5VBWySWiC86of7yEVPU4g--58sttIo2VJLbEiUw7cCn5t5No5EWdBHKJs8OfZEk
parse error: Invalid numeric literal at line 1, column 10

real	0m0.284s
user	0m0.125s
sys	0m0.109s
02/27/21 02:05:00 198398500  1614362700 secretPin: 
[WARN] get secretPin error

02/27/21 02:05:00 228261100  1614362700 移动签到象印旗舰店

real	0m0.227s
user	0m0.047s
sys	0m0.078s
parse error: Invalid numeric literal at line 1, column 10
parse error: Invalid numeric literal at line 1, column 10
parse error: Invalid numeric literal at line 1, column 10
parse error: Invalid numeric literal at line 1, column 10
02/27/21 02:05:00 916978100 1614362700

real	0m1.681s
user	0m0.000s
sys	0m0.047s

real	0m0.128s
user	0m0.031s
sys	0m0.094s
[WARN] get LZ_TOKEN error
02/27/21 02:05:02 780386200  1614362702
use wskey

real	0m0.267s
user	0m0.109s
sys	0m0.094s
02/27/21 02:05:03 081376300  1614362703 token: AAFgOThPADBl7WWJ1iYS4_newAfsnAWXza6NZzld9eEBb2BZFy8bFyTz3G_Otsj9T2VTd_Mz7MI
parse error: Invalid numeric literal at line 1, column 10

real	0m0.231s
user	0m0.094s
sys	0m0.094s
02/27/21 02:05:03 355948300  1614362703 secretPin: 
[WARN] get secretPin error

02/27/21 02:05:03 401583100  1614362703 移动签到象印旗舰店

real	0m0.208s
user	0m0.031s
sys	0m0.047s
parse error: Invalid numeric literal at line 1, column 10
parse error: Invalid numeric literal at line 1, column 10
parse error: Invalid numeric literal at line 1, column 10
parse error: Invalid numeric literal at line 1, column 10
02/27/21 02:05:04 219933000 1614362704

real	0m1.910s
user	0m0.000s
sys	0m0.031s

real	0m0.306s
user	0m0.000s
sys	0m0.109s
[WARN] get LZ_TOKEN error
02/27/21 02:05:06 519914200  1614362706
use wskey

real	0m0.262s
user	0m0.109s
sys	0m0.125s
02/27/21 02:05:06 849075700  1614362706 token: AAFgOThSADBdT5qOZGH9_UIX6-PBlbtEKF6TS707UoMBIY9r8e2yNLJbjXHmhqrdcX6ewg3cKFg
parse error: Invalid numeric literal at line 1, column 10

real	0m0.402s
user	0m0.078s
sys	0m0.125s
02/27/21 02:05:07 358344800  1614362707 secretPin: 
[WARN] get secretPin error

02/27/21 02:05:07 472359300  1614362707 移动签到象印旗舰店

real	0m0.388s
user	0m0.047s
sys	0m0.094s
parse error: Invalid numeric literal at line 1, column 10
parse error: Invalid numeric literal at line 1, column 10
parse error: Invalid numeric literal at line 1, column 10
parse error: Invalid numeric literal at line 1, column 10
02/27/21 02:05:08 874582300 1614362708

real	0m2.441s
user	0m0.000s
sys	0m0.016s

real	0m0.424s
user	0m0.031s
sys	0m0.078s
[WARN] get LZ_TOKEN error
02/27/21 02:05:12 169121800  1614362712
use wskey

real	0m0.665s
user	0m0.109s
sys	0m0.109s
02/27/21 02:05:12 969449300  1614362712 token: AAFgOThYADAnrYiXZdqBnidd0KaNt4f6efW34DlJqESyGbR96qk3tTs5XcmKrrp-YWwB2sd3r0g
parse error: Invalid numeric literal at line 1, column 10

real	0m0.871s
user	0m0.094s
sys	0m0.109s
02/27/21 02:05:13 945753700  1614362713 secretPin: 
[WARN] get secretPin error

02/27/21 02:05:14 081539100  1614362714 移动签到象印旗舰店

real	0m2.007s
user	0m0.047s
sys	0m0.078s
parse error: Invalid numeric literal at line 1, column 10
parse error: Invalid numeric literal at line 1, column 10
parse error: Invalid numeric literal at line 1, column 10
parse error: Invalid numeric literal at line 1, column 10
02/27/21 02:05:17 676980900 1614362717

real	0m2.605s
user	0m0.000s
sys	0m0.000s

real	0m0.461s
user	0m0.047s
sys	0m0.031s
[WARN] get LZ_TOKEN error
02/27/21 02:05:20 957502800  1614362720
use wskey

real	0m0.360s
user	0m0.109s
sys	0m0.109s
02/27/21 02:05:21 417440300  1614362721 token: AAFgOThhADAV_J7uSlTMNV1QrSQMDhu6uAr4QkCq2tSH5K-xBPNiSjH2sGeWJ4_6sV1PSzQlUN8
parse error: Invalid numeric literal at line 1, column 10

real	0m0.558s
user	0m0.156s
sys	0m0.078s
02/27/21 02:05:22 089768700  1614362722 secretPin: 
[WARN] get secretPin error

02/27/21 02:05:22 284164700  1614362722 移动签到象印旗舰店

real	0m0.727s
user	0m0.016s
sys	0m0.125s
parse error: Invalid numeric literal at line 1, column 10
parse error: Invalid numeric literal at line 1, column 10
parse error: Invalid numeric literal at line 1, column 10
parse error: Invalid numeric literal at line 1, column 10
02/27/21 02:05:26 031553900 1614362726

real	0m2.847s
user	0m0.000s
sys	0m0.016s

real	0m0.560s
user	0m0.078s
sys	0m0.078s
[WARN] get LZ_TOKEN error
02/27/21 02:05:29 821978700  1614362729
use wskey

real	0m0.707s
user	0m0.078s
sys	0m0.109s
02/27/21 02:05:30 660479500  1614362730 token: AAFgOThqADCWX771bhOXLoqgGBGJVkRLJEnoeOvpDVrZrBgqzqYoYobpbh-XqJ15jwGHXfETAd4
parse error: Invalid numeric literal at line 1, column 10

real	0m0.630s
user	0m0.094s
sys	0m0.109s
02/27/21 02:05:31 380730700  1614362731 secretPin: 
[WARN] get secretPin error

02/27/21 02:05:31 519920800  1614362731 移动签到象印旗舰店

real	0m0.531s
user	0m0.016s
sys	0m0.141s
parse error: Invalid numeric literal at line 1, column 10
parse error: Invalid numeric literal at line 1, column 10
parse error: Invalid numeric literal at line 1, column 10
parse error: Invalid numeric literal at line 1, column 10
02/27/21 02:05:33 737119600 1614362733

real	0m3.046s
user	0m0.000s
sys	0m0.063s

real	0m0.552s
user	0m0.047s
sys	0m0.094s
[WARN] get LZ_TOKEN error
02/27/21 02:05:37 528919700  1614362737
use wskey

real	0m0.533s
user	0m0.109s
sys	0m0.125s
02/27/21 02:05:38 278216700  1614362738 token: AAFgOThxADAn7orqLTnIcl5bGNEOvtqxRRdTNIpJa-350hMjuEn7eLbVze7GHsmpT4sgdcVyCcY
parse error: Invalid numeric literal at line 1, column 10

real	0m0.454s
user	0m0.094s
sys	0m0.125s
02/27/21 02:05:38 913697800  1614362738 secretPin: 
[WARN] get secretPin error

02/27/21 02:05:39 142183000  1614362739 移动签到象印旗舰店

real	0m0.493s
user	0m0.063s
sys	0m0.109s
parse error: Invalid numeric literal at line 1, column 10
parse error: Invalid numeric literal at line 1, column 10
parse error: Invalid numeric literal at line 1, column 10
parse error: Invalid numeric literal at line 1, column 10
02/27/21 02:05:41 133969900 1614362741

real	0m3.104s
user	0m0.016s
sys	0m0.016s

real	0m0.508s
user	0m0.063s
sys	0m0.063s
[WARN] get LZ_TOKEN error
02/27/21 02:05:45 054853300  1614362745
use wskey

real	0m0.520s
user	0m0.125s
sys	0m0.141s
02/27/21 02:05:45 644395300  1614362745 token: AAFgOTh5ADAVoYDAG4N3qGkvChrr7rw3NBC8JkVXDOkNbDPRuEEpqlE4l6xI4neorBRGxVROkq8
parse error: Invalid numeric literal at line 1, column 10

real	0m0.781s
user	0m0.094s
sys	0m0.078s
02/27/21 02:05:46 601937600  1614362746 secretPin: 
[WARN] get secretPin error

02/27/21 02:05:46 734704800  1614362746 移动签到象印旗舰店

real	0m0.456s
user	0m0.031s
sys	0m0.125s
parse error: Invalid numeric literal at line 1, column 10
parse error: Invalid numeric literal at line 1, column 10
parse error: Invalid numeric literal at line 1, column 10
parse error: Invalid numeric literal at line 1, column 10
02/27/21 02:05:48 598308400 1614362748

real	0m3.544s
user	0m0.000s
sys	0m0.047s

real	0m0.488s
user	0m0.047s
sys	0m0.047s
[WARN] get LZ_TOKEN error
02/27/21 02:05:52 931486900  1614362752
use wskey

real	0m0.331s
user	0m0.125s
sys	0m0.125s
02/27/21 02:05:54 088006500  1614362754 token: AAFgOTiBADD9X6fdC2FWQSfTEku2H-BTV0HdsEoshslt6lQ4PVk4PaAf3RMGXtQWNeBO12I8P8o
parse error: Invalid numeric literal at line 1, column 10

real	0m0.363s
user	0m0.125s
sys	0m0.094s
02/27/21 02:05:54 574283300  1614362754 secretPin: 
[WARN] get secretPin error

02/27/21 02:05:54 673819600  1614362754 移动签到象印旗舰店

real	0m0.580s
user	0m0.047s
sys	0m0.047s
parse error: Invalid numeric literal at line 1, column 10
parse error: Invalid numeric literal at line 1, column 10
parse error: Invalid numeric literal at line 1, column 10
parse error: Invalid numeric literal at line 1, column 10
02/27/21 02:05:56 984688300 1614362756

real	0m3.616s
user	0m0.000s
sys	0m0.063s

real	0m0.336s
user	0m0.031s
sys	0m0.078s
[WARN] get LZ_TOKEN error
02/27/21 02:06:01 143730200  1614362761
use wskey

real	0m0.515s
user	0m0.109s
sys	0m0.078s
02/27/21 02:06:01 824769800  1614362761 token: AAFgOTiJADBddElUXmXso3VHD0caM1AZzja8wkCnRh-Urr-FKMjuybsHYxr44u_1E4tg0Fc1Meo
parse error: Invalid numeric literal at line 1, column 10

real	0m0.459s
user	0m0.125s
sys	0m0.078s
02/27/21 02:06:02 414602400  1614362762 secretPin: 
[WARN] get secretPin error

02/27/21 02:06:02 464380000  1614362762 移动签到象印旗舰店

real	0m0.315s
user	0m0.016s
sys	0m0.078s
parse error: Invalid numeric literal at line 1, column 10
parse error: Invalid numeric literal at line 1, column 10
parse error: Invalid numeric literal at line 1, column 10
parse error: Invalid numeric literal at line 1, column 10
02/27/21 02:06:03 786105100 1614362763

real	0m3.721s
user	0m0.000s
sys	0m0.031s

real	0m0.414s
user	0m0.047s
sys	0m0.078s
[WARN] get LZ_TOKEN error
02/27/21 02:06:08 148351300  1614362768
use wskey

real	0m0.368s
user	0m0.063s
sys	0m0.109s
02/27/21 02:06:08 596436300  1614362768 token: AAFgOTiQADDf33y_C1ch-g7LzKkNLWAwKz3_VVn9Zb5XHa_UKPizLcQovyKCHGdbBwqegq1oaUg
parse error: Invalid numeric literal at line 1, column 10

real	0m0.362s
user	0m0.109s
sys	0m0.063s
02/27/21 02:06:09 045659100  1614362769 secretPin: 
[WARN] get secretPin error

02/27/21 02:06:09 110915200  1614362769 移动签到象印旗舰店

real	0m0.240s
user	0m0.031s
sys	0m0.078s
parse error: Invalid numeric literal at line 1, column 10
parse error: Invalid numeric literal at line 1, column 10
parse error: Invalid numeric literal at line 1, column 10
parse error: Invalid numeric literal at line 1, column 10
02/27/21 02:06:10 011331400 1614362770

real	0m3.859s
user	0m0.000s
sys	0m0.047s

real	0m0.499s
user	0m0.047s
sys	0m0.094s
[WARN] get LZ_TOKEN error
02/27/21 02:06:14 682640000  1614362774
use wskey

real	0m0.416s
user	0m0.125s
sys	0m0.078s
02/27/21 02:06:15 191312500  1614362775 token: AAFgOTiXADBkk13BYV89rKUZGJYRrTafJxAclNNw1mKwAVo5vBGwdavcWwlFCu4wNMgLvIyDYJc
parse error: Invalid numeric literal at line 1, column 10

real	0m0.683s
user	0m0.094s
sys	0m0.109s
02/27/21 02:06:15 994545600  1614362775 secretPin: 
[WARN] get secretPin error

02/27/21 02:06:16 065015100  1614362776 移动签到象印旗舰店

real	0m0.505s
user	0m0.016s
sys	0m0.109s
parse error: Invalid numeric literal at line 1, column 10
parse error: Invalid numeric literal at line 1, column 10
parse error: Invalid numeric literal at line 1, column 10
parse error: Invalid numeric literal at line 1, column 10
02/27/21 02:06:17 793984000 1614362777

real	0m4.080s
user	0m0.000s
sys	0m0.016s

real	0m0.485s
user	0m0.016s
sys	0m0.125s
[WARN] get LZ_TOKEN error
02/27/21 02:06:22 566986400  1614362782
use wskey

real	0m0.431s
user	0m0.109s
sys	0m0.156s
02/27/21 02:06:23 071632600  1614362783 token: AAFgOTieADBoNDcl3mCg5TZK_pob1AF7eqvyoE3AbPvg1I3zxCc24Ncm245vAsYlMpaQmtzu8M0
parse error: Invalid numeric literal at line 1, column 10

real	0m1.592s
user	0m0.094s
sys	0m0.219s
02/27/21 02:06:24 727425600  1614362784 secretPin: 
[WARN] get secretPin error

02/27/21 02:06:24 794676600  1614362784 移动签到象印旗舰店

real	0m0.502s
user	0m0.000s
sys	0m0.172s
parse error: Invalid numeric literal at line 1, column 10
parse error: Invalid numeric literal at line 1, column 10
parse error: Invalid numeric literal at line 1, column 10
parse error: Invalid numeric literal at line 1, column 10
02/27/21 02:06:26 859318400 1614362786

real	0m4.328s
user	0m0.000s
sys	0m0.031s
02/27/21 02:06:51 526977300  1614362811
parse error: Invalid numeric literal at line 1, column 10
签到是否成功解析失败. 不再写/home/myid/jd/jd_signup/lzkj_sevenDay_vender/shop_1613703218_97_delay

移动签到象印旗舰店查看结果, 活动规则
<!DOCTYPE html>
<html>
 <head> 
  <title>京东</title> 
  <meta charset="utf-8" /> 
  <meta name="apple-mobile-web-app-capable" content="yes" /> 
  <meta name="viewport" content="width=device-width,initial-scale=1,user-scalable=no,maximum-scale=1,viewport-fit=cover" /> 
  <meta name="format-detection" content="telephone=no" /> 
  <meta name="x5-cache" content="enable" /> 
  <link rel="stylesheet" href="https://storage.360buyimg.com/babel/00162638/333378/production/dev/parser.1526555535098.css?t=20180517191236" /> 
  <style> img {
            opacity: 1 !important;
        } </style> 
  <link href="https://storage.360buyimg.com/babel/00170893/348321/production/dev/index.7320a380.css?t=20180802150952" rel="stylesheet" />
 </head> 
 <body style="background:#fff;" id="root"> 
  <div class="errorPage"> 
  </div> 
  <div class="placeholer"> 
  </div> 
  <script src="https://wl.jd.com/unify.min.js"></script> 
  <script type="text/javascript" src="https://storage.360buyimg.com/babel/00170893/348321/production/dev/index.0f8f4dba.js?t=20180802150952"></script> 
 </body>
</html>

#店铺名称
vendername="象印旗舰店"
#店铺激活码
actId="e78aa0728f904f849441aa277f269af3"
#店铺id
venderId="149630"
#长链接
url="https://lzkj-isv.isvjcloud.com/sign/sevenDay/signActivity?activityId=e78aa0728f904f849441aa277f269af3&venderId=149630&adsource=tg_xuanFuTuBiao"

startTime=1611907860
endTime=1614527940
# 活动时间：2021-01-29 16:11 - 2021-02-28 23:59；
# 奖励说明：
actRule="
7天签到
连续签到1天：
连续签到2天：
连续签到3天：50元优惠券
连续签到4天：
连续签到5天：
连续签到6天：
连续签到7天：100元优惠券
"
#王 1309893722-164885 sign_res
sign_num="1"
giftName="null"
giftRes="ok"
giftDate="20210226"
sign_res_info="7天签到 第 1 天
当天签到奖励 [null]"
#王 1309893722-164885 sign_res_end
#肥鹅 jd_4d651d9e48204 sign_res
sign_num="1"
giftName="null"
giftRes="ok"
giftDate="20210226"
sign_res_info="7天签到 第 1 天
当天签到奖励 [null]"
#肥鹅 jd_4d651d9e48204 sign_res_end
#移动 jd_OeTNobRVGiNZ sign_res
sign_num="1"
giftName="null"
giftRes="ok"
giftDate="20210226"
sign_res_info="7天签到 第 1 天
当天签到奖励 [null]"
#移动 jd_OeTNobRVGiNZ sign_res_end
#赵 122294312-396444 sign_res
sign_num=""
giftName="null"
giftRes="ok"
giftDate="20210227"
sign_res_info="7天签到 第  天
当天签到奖励 [null]"
#赵 122294312-396444 sign_res_end
