03/04/21 02:01:22 831374000  1614794482
RANDOM_num: 15
removed '/tmp/tmp.oYsfOsmAQk'
03/04/21 02:01:22 928803100  1614794482
赵 今天已经签到过. 签到结果: ok  giftDate: 20210304
***********************************************

2021/03/01_08:00:00  [已~签~到]      
2021/03/02_08:00:00  [已~签~到]      
2021/03/03_08:00:00  [已~签~到]      
2021/03/04_08:00:00  [已~签~到]      
当天签到奖励 [null]
连续签到 8 天
签到总天数 8
***********************************************

actId=a19e57aedd5347a09a442914444d40eb
venderId=1000000175
startTime=1613785080000
endTime=1616377139000
# 短链接
suo_url="https://3.cn/1013-yncb"
actTimeStr="2021-02-20 09:38 至 2021-03-22 09:38"
#店铺名称
vendername="海尔电脑京东自营旗舰店"
# 长链接
url=https://lzkj-isv.isvjcloud.com/sign/signActivity2?activityId=a19e57aedd5347a09a442914444d40eb&venderId=1000000175&adsource=tg_xuanFuTuBiao
# 活动时间：2021.02.20 09:38:00 - 2021.03.22 09:38:59
# 奖励说明：
actRule="
连续签到2天：200积分 200积分
连续签到5天：600积分 600积分
连续签到8天：赠送海尔电脑周边礼品
连续签到12天：赠送海尔电脑鼠标
"
#赵 122294312-396444 sign_res
sign_res="
signTime=1614556800;signed=2
signTime=1614643200;signed=2
signTime=1614729600;signed=2
signTime=1614816000;signed=2"
sign_num="8"
sign_total_num="8"
giftName="null"
giftRes="ok"
giftDate="20210304"
sign_res_info="
2021/03/01_08:00:00  [已~签~到]      
2021/03/02_08:00:00  [已~签~到]      
2021/03/03_08:00:00  [已~签~到]      
2021/03/04_08:00:00  [已~签~到]      
当天签到奖励 [null]
连续签到 8 天
签到总天数 8"
#赵 122294312-396444 sign_res_end
#王 1309893722-164885 sign_res
sign_res="
signTime=1614556800;signed=2
signTime=1614643200;signed=2
signTime=1614729600;signed=2
signTime=1614816000;signed=2"
sign_num="8"
sign_total_num="8"
giftName="null"
giftRes="ok"
giftDate="20210304"
sign_res_info="
2021/03/01_08:00:00  [已~签~到]      
2021/03/02_08:00:00  [已~签~到]      
2021/03/03_08:00:00  [已~签~到]      
2021/03/04_08:00:00  [已~签~到]      
当天签到奖励 [null]
连续签到 8 天
签到总天数 8"
#王 1309893722-164885 sign_res_end
#肥鹅 jd_4d651d9e48204 sign_res
sign_res="
signTime=1614556800;signed=2
signTime=1614643200;signed=2
signTime=1614729600;signed=2
signTime=1614816000;signed=2"
sign_num="8"
sign_total_num="8"
giftName="null"
giftRes="ok"
giftDate="20210304"
sign_res_info="
2021/03/01_08:00:00  [已~签~到]      
2021/03/02_08:00:00  [已~签~到]      
2021/03/03_08:00:00  [已~签~到]      
2021/03/04_08:00:00  [已~签~到]      
当天签到奖励 [null]
连续签到 8 天
签到总天数 8"
#肥鹅 jd_4d651d9e48204 sign_res_end
#移动 jd_OeTNobRVGiNZ sign_res
sign_res="
"
sign_num="0"
sign_total_num="0"
giftName=""
giftRes=""
giftDate="20210304"
sign_res_info="

当天签到奖励 []
连续签到 0 天
签到总天数 0"
#移动 jd_OeTNobRVGiNZ sign_res_end
