04/05/21 04:03:00 795486100  1617566580
RANDOM_num: 30
removed '/tmp/tmp.78MmEHUyIl'
04/05/21 04:03:00 895570200  1617566580
赵 今天已经签到过. 签到结果: ok  giftDate: 20210405
***********************************************
7天签到 第 4 天
当天签到奖励 [1京豆]
***********************************************

#店铺名称
vendername="滴露旗舰店"
#店铺激活码
actId="13126645fcb2477fa1090a94cb7f3ca2"
#店铺id
venderId="206265"
#长链接
url="https://lzkj-isv.isvjcloud.com/sign/sevenDay/signActivity?activityId=13126645fcb2477fa1090a94cb7f3ca2&venderId=206265&adsource=tg_storePage"

startTime=1617241560
endTime=1619798340
# 活动时间：2021-04-01 09:46 - 2021-04-30 23:59；
# 奖励说明：
actRule="
7天签到
连续签到1天：5元优惠券
连续签到2天：1京豆
连续签到3天：10元优惠券
连续签到4天：1京豆
连续签到5天：20元优惠券
连续签到6天：1京豆
连续签到7天：50元优惠券
"
#赵 122294312-396444 sign_res
sign_num="4"
giftName=""1京豆""
giftRes="ok"
giftDate="20210405"
sign_res_info="7天签到 第 4 天
当天签到奖励 ["1京豆"]"
#赵 122294312-396444 sign_res_end
#王 1309893722-164885 sign_res
sign_num="4"
giftName=""1京豆""
giftRes="ok"
giftDate="20210405"
sign_res_info="7天签到 第 4 天
当天签到奖励 ["1京豆"]"
#王 1309893722-164885 sign_res_end
#肥鹅 jd_4d651d9e48204 sign_res
sign_num="4"
giftName=""1京豆""
giftRes="ok"
giftDate="20210405"
sign_res_info="7天签到 第 4 天
当天签到奖励 ["1京豆"]"
#肥鹅 jd_4d651d9e48204 sign_res_end
#移动 jd_OeTNobRVGiNZ sign_res
sign_num="0"
giftName=""
giftRes=""
giftDate="20210405"
sign_res_info="7天签到 第 0 天
当天签到奖励 []"
#移动 jd_OeTNobRVGiNZ sign_res_end
