RANDOM_num: 5
lzdz-isv.isvjcloud.com	FALSE	/	FALSE	1617384189	LZ_TOKEN_VALUE	B0oH3vDY2bhHWuKbVaJ+XQ==
lzdz-isv.isvjcloud.com	FALSE	/	FALSE	1617384189	LZ_TOKEN_KEY	lztokenpage1b461c21e26c4e10acad2d5e2e8d28c7
use pt_key
token: AAFgZ1ClADBk5EEJAbncjrB778FPIUAcHUrJdfYSSEUgxwv7bMawLZnMizucV1UAm62jswZtgnA
secretPin: 51S2JqsypB/nfj45frYeoU7oeVP9kq2pYSH90mYt4m3fwcJlClpxrfmVYaGKuquQkdK3rLBQpEQH9V4tdrrh0w==

04/03/21 01:13:10 368191300  1617383590
赵签到蒙牛京东自营旗舰店
{
  "result": false,
  "data": "",
  "count": 0,
  "errorMessage": "活动已结束！"
}
"活动已结束！"
签到蒙牛京东自营旗舰店完成

赵签到蒙牛京东自营旗舰店查看结果, 活动规则
{"result":false,"data":"","count":0,"errorMessage":"活动已结束！"}

{
  "result": false,
  "data": "",
  "count": 0,
  "errorMessage": "活动已结束！"
}
