03/08/21 01:20:12 552296800  1615137612
RANDOM_num: 40
removed '/tmp/tmp.raHS3Jt35t'
03/08/21 01:20:13 341130600  1615137613 检查赵签到

real	0m0.388s
user	0m0.031s
sys	0m0.094s
lzkj-isv.isvjcloud.com	FALSE	/	FALSE	1615138213	LZ_TOKEN_VALUE	B0oH3vDY2bhHWuKbVaJ+XQ==
lzkj-isv.isvjcloud.com	FALSE	/	FALSE	1615138213	LZ_TOKEN_KEY	lztokenpage77b75761eb2948e5ad7642a5f88e615f
03/08/21 01:20:14 049136400  1615137614
use pt_key

real	0m0.221s
user	0m0.078s
sys	0m0.094s
03/08/21 01:20:14 365124500  1615137614 token: AAFgRQtOADCv6q87_O7FeJI2PDPOAHe1QCaOqrjjtN19ra0a4B5jHxtFtfyIXkddj0a7eFc_a2Y

real	0m0.434s
user	0m0.000s
sys	0m0.063s
03/08/21 01:20:15 101554200  1615137615 secretPin: 51S2JqsypB/nfj45frYeoU7oeVP9kq2pYSH90mYt4m3fwcJlClpxrfmVYaGKuquQkdK3rLBQpEQH9V4tdrrh0w==

03/08/21 01:20:15 194715800  1615137615 赵签到零食码头自营专区

real	0m1.283s
user	0m0.031s
sys	0m0.063s
{
  "msg": "",
  "signResult": {
    "key": "PvbVdC",
    "giftLogId": "b38dd630f05a414ab0a71c80b7451b20",
    "gift": {
      "activityId": null,
      "activityType": null,
      "venderId": null,
      "type": 0,
      "name": null,
      "itemHb": null,
      "id": "1151361",
      "giftType": "6",
      "giftName": "1京豆",
      "giftNum": "1",
      "giftTotal": "1000",
      "giftResidue": null,
      "priceInfo": "0.01",
      "shortLink": "",
      "orginLink": null,
      "giftInfoId": null,
      "commonAddAwardVO": null
    },
    "send": true
  },
  "isOk": true,
  "isSend": true
}
true
03/08/21 01:20:17 153741600 1615137617
03/08/21 01:20:17 179774600 1615137617 签到零食码头自营专区完成
03/08/21 01:22:17 220912500  1615137737
true
首次签到成功. 写入giftName: "1京豆"

***********************************************
7天签到 第 2 天
当天签到奖励 ["1京豆"]
***********************************************

赵签到零食码头自营专区查看结果, 活动规则
{"giftConditions":[{"gift":{"giftInfoId":null,"giftName":"1京豆","venderId":null,"giftType":"6","type":0,"shortLink":"","orginLink":null,"activityId":null,"giftResidue":null,"commonAddAwardVO":null,"name":null,"id":"1151361","activityType":null},"imgUrl":"","giftInfoId":"9a59c10749fc475583fdac1602fb0d5d","dayNum":"1","showType":"0"},{"gift":{"giftInfoId":null,"giftName":"1京豆","venderId":null,"giftType":"6","type":0,"shortLink":"","orginLink":null,"activityId":null,"giftResidue":null,"commonAddAwardVO":null,"name":null,"id":"1151361","activityType":null},"imgUrl":"","giftInfoId":"8b538c7dbbac4b1c8eb01c4a8e4635ff","dayNum":"2","showType":"0"},{"gift":{"giftInfoId":null,"giftName":"1京豆","venderId":null,"giftType":"6","type":0,"shortLink":"","orginLink":null,"activityId":null,"giftResidue":null,"commonAddAwardVO":null,"name":null,"id":"1151361","activityType":null},"imgUrl":"","giftInfoId":"8d9e9b7a05864a518e8118a63d2cc6bf","dayNum":"3","showType":"0"},{"gift":{"giftInfoId":null,"giftName":"1京豆","venderId":null,"giftType":"6","type":0,"shortLink":"","orginLink":null,"activityId":null,"giftResidue":null,"commonAddAwardVO":null,"name":null,"id":"1151361","activityType":null},"imgUrl":"","giftInfoId":"6431394faa244dc3b52fc34a97cba2ce","dayNum":"4","showType":"0"},{"gift":{"giftInfoId":null,"giftName":"1京豆","venderId":null,"giftType":"6","type":0,"shortLink":"","orginLink":null,"activityId":null,"giftResidue":null,"commonAddAwardVO":null,"name":null,"id":"1151361","activityType":null},"imgUrl":"","giftInfoId":"0644b7be839c45c09eaf97f4d479f7ec","dayNum":"5","showType":"0"},{"gift":{"giftInfoId":null,"giftName":"1京豆","venderId":null,"giftType":"6","type":0,"shortLink":"","orginLink":null,"activityId":null,"giftResidue":null,"commonAddAwardVO":null,"name":null,"id":"1151361","activityType":null},"imgUrl":"","giftInfoId":"473500ec6cb24110a96e5f9d71600cad","dayNum":"6","showType":"0"},{"gift":{"giftInfoId":null,"giftName":"5京豆","venderId":null,"giftType":"6","type":0,"shortLink":"","orginLink":null,"activityId":null,"giftResidue":null,"commonAddAwardVO":null,"name":null,"id":"1151361","activityType":null},"imgUrl":"","giftInfoId":"e5ff57b521f94d21bea5bc50b0604983","dayNum":"7","showType":"0"}],"msg":"","isOk":true,"isOver":"n","contiSignDays":2,"actRule":"1、活动时间：2021-02-25 14:30 - 2021-03-24 14:30；
2、关注店铺后方可参与活动；
3、符合连续签到赠送条件，则有机会赠送连续签到奖品；
4、连续签到7天后，清零可重新开始；
5、第1天签到，有机会赠送1京豆；
6、第2天签到，有机会赠送1京豆；
7、第3天签到，有机会赠送1京豆；
8、第4天签到，有机会赠送1京豆；
9、第5天签到，有机会赠送1京豆；
10、第6天签到，有机会赠送1京豆；
11、第7天签到，有机会赠送5京豆；
12、签到成功后有机会获得奖品，也有可能会与奖品擦肩而过（奖品数量有限，先到先得）；
13、若用户存在刷奖等恶意行为，一经发现将取消抽奖资格（如奖品已经发放，有权追回奖品）；
注：奖品发放形式：
实物奖：
（1）中奖客户信息收集：页面弹屏提示中奖客户提供收货地址、号码和奖项；(超过1小时未填写对应收货信息，视为放弃);
（2）实物奖采取寄送方式发放，获奖用户需在开奖后填写姓名、联系电话、详细地址信息。如因用户原因无法联系上，即奖品作废不再补发，或如用户未填写真实有效的信息或填写收货信息不详，均视为放弃奖品；
虚拟产品奖：
（1）京豆：中奖后系统预计24小时内自动发放至账户；
（2）优惠券：中奖后需手动领取，预计24小时到账；
【活动参与主体资格】
（1）每位自然人用户仅能使用一个京东账号参与活动，微信号、QQ、京东帐号、手机号码等任一信息一致或指向同一用户的，视为同一个用户，则第一个参与本活动的账号参与结果有效，其余账号参与结果均视为无效。
（2）若发现同一位用户使用不同账号重复参与活动，承办方有权取消其获奖资格。
【注意事项】
（1）活动过程中，凡以不正当手段（如作弊领取、恶意套取、刷信誉、虚假交易、扰乱系统、实施网络攻击等）参与本次活动的用户，商家有权终止其参与活动，并取消其获奖资格（如奖品已发放，商家有权追回），如给商家造成损失的，商家将保留向违规用户继续追索的权利。
（2）如遇不可抗力(包括但不限于重大灾害事件、活动受政府机关指令需要停止举办或调整的、活动中存在大面积作弊行为、活动遭受严重网络攻击或因系统故障导致活动中奖名单大批量出错，活动不能正常进行的)，商家有权取消、修改或暂停本活动。
（3）本活动所发放的实物奖不得提现、不得转赠他人、不得为他人付款。
（4）是否中奖以活动发布者后台统计结果为准。
","followDays":0,"isSign":"y"}

#店铺名称
vendername="零食码头自营专区"
#店铺激活码
actId="bd6dbb94e12343d8b5034d64b0cd9ef6"
#店铺id
venderId="1000304425"
#长链接
url="https://lzkj-isv.isvjcloud.com/sign/sevenDay/signActivity?activityId=bd6dbb94e12343d8b5034d64b0cd9ef6&venderId=1000304425"

startTime=1614234600
endTime=1616567400
# 活动时间：2021-02-25 14:30 - 2021-03-24 14:30；
# 奖励说明：
actRule="
7天签到
连续签到1天：1京豆
连续签到2天：1京豆
连续签到3天：1京豆
连续签到4天：1京豆
连续签到5天：1京豆
连续签到6天：1京豆
连续签到7天：5京豆
"
#王 1309893722-164885 sign_res
sign_num="1"
giftName=""1京豆""
giftRes="ok"
giftDate="20210307"
sign_res_info="7天签到 第 1 天
当天签到奖励 ["1京豆"]"
#王 1309893722-164885 sign_res_end
#移动 jd_OeTNobRVGiNZ sign_res
sign_num="0"
giftName=""
giftRes=""
giftDate="20210308"
sign_res_info="7天签到 第 0 天
当天签到奖励 []"
#移动 jd_OeTNobRVGiNZ sign_res_end
#肥鹅 jd_4d651d9e48204 sign_res
sign_num="2"
giftName=""1京豆""
giftRes="ok"
giftDate="20210308"
sign_res_info="7天签到 第 2 天
当天签到奖励 ["1京豆"]"
#肥鹅 jd_4d651d9e48204 sign_res_end
#赵 122294312-396444 sign_res
sign_num="2"
giftName=""1京豆""
giftRes="ok"
giftDate="20210308"
sign_res_info="7天签到 第 2 天
当天签到奖励 ["1京豆"]"
#赵 122294312-396444 sign_res_end
