03/06/21 01:09:12 742771400  1614964152
RANDOM_num: 30
removed '/tmp/tmp.1KZ2wgkX4H'
03/06/21 01:09:12 874225500  1614964152 检查jd_4d651d9e48204签到
removed '/tmp/tmp.d8kd8xpcKD'
03/06/21 01:09:12 956250300  1614964152 检查jd_OeTNobRVGiNZ签到

03/06/21 01:09:13 007766100  1614964153 肥鹅签到威林钟表专营店

real	0m0.169s
user	0m0.031s
sys	0m0.047s
{"code":200,"data":[{"level":0,"prizeList":[{"discount":1.00,"type":4,"number":10000,"budgetNum":10000,"userPirzeStatus":2,"class":"com.jd.interact.center.client.api.user.domain.InteractUserPrize","status":2}],"signType":0,"class":"com.jd.interact.center.client.api.color.domain.sign.ShopSignInteractUserPrizeRule","userPrizeRuleStatus":2}],"class":"com.jd.interact.center.client.api.common.param.Results","success":true}

03/06/21 01:09:13 267090900  1614964153 移动签到威林钟表专营店

real	0m0.122s
user	0m0.047s
sys	0m0.078s
{"code":200,"data":[],"class":"com.jd.interact.center.client.api.common.param.Results","success":true}
03/06/21 01:09:13 458060000 1614964153
03/06/21 01:09:13 470602400 1614964153 签到威林钟表专营店完成

03/06/21 01:09:43 535436500  1614964183
肥鹅签到威林钟表专营店查看结果
200
首次签到成功. 写入giftName: 奖励1,type=4;

***********************************************
2021/02/16_00:00:00  2    未签到
2021/02/17_00:00:00  2    未签到
2021/02/18_00:00:00  2    未签到
2021/02/19_00:00:00  2    未签到
2021/02/20_00:00:00  2    未签到
2021/02/21_00:00:00  2    未签到
2021/02/22_00:00:00  2    未签到
2021/02/23_00:00:00  2    未签到
2021/02/24_00:00:00  2    未签到
2021/02/25_00:00:00  2    未签到
2021/02/26_00:00:00  2    未签到
2021/02/27_00:00:00  2    未签到
2021/02/28_00:00:00  2    未签到
2021/03/01_00:00:00  2    未签到
2021/03/02_00:00:00  2    未签到
2021/03/03_00:00:00  2    未签到
2021/03/04_00:00:00  2    未签到
2021/03/05_21:20:35  2    [已~签~到]
2021/03/06_01:09:13  1    [已~签~到]
2021/03/07_00:00:00  3    未签到
2021/03/08_00:00:00  3    未签到
2021/03/09_00:00:00  3    未签到
2021/03/10_00:00:00  3    未签到
当天签到奖励 [奖励1,type=4;]
已签到 2 天
***********************************************

移动签到威林钟表专营店查看结果
200
首次签到成功. 写入giftName: 

***********************************************
2021/02/16_00:00:00  2    未签到
2021/02/17_00:00:00  2    未签到
2021/02/18_00:00:00  2    未签到
2021/02/19_00:00:00  2    未签到
2021/02/20_00:00:00  2    未签到
2021/02/21_00:00:00  2    未签到
2021/02/22_00:00:00  2    未签到
2021/02/23_00:00:00  2    未签到
2021/02/24_00:00:00  2    未签到
2021/02/25_00:00:00  2    未签到
2021/02/26_00:00:00  2    未签到
2021/02/27_00:00:00  2    未签到
2021/02/28_00:00:00  2    未签到
2021/03/01_00:00:00  2    未签到
2021/03/02_00:00:00  2    未签到
2021/03/03_00:00:00  2    未签到
2021/03/04_00:00:00  2    未签到
2021/03/05_21:20:36  2    [已~签~到]
2021/03/06_01:09:13  1    [已~签~到]
2021/03/07_00:00:00  3    未签到
2021/03/08_00:00:00  3    未签到
2021/03/09_00:00:00  3    未签到
2021/03/10_00:00:00  3    未签到
当天签到奖励 []
已签到 2 天
***********************************************



肥鹅签到威林钟表专营店日志
{"code":200,"data":{"signRecords":[{"currentDay":2,"signTime":1613404800000,"signed":1,"class":"com.jd.interact.center.client.api.color.domain.sign.InteractActivityUserActionRecord"},{"currentDay":2,"signTime":1613491200000,"signed":1,"class":"com.jd.interact.center.client.api.color.domain.sign.InteractActivityUserActionRecord"},{"currentDay":2,"signTime":1613577600000,"signed":1,"class":"com.jd.interact.center.client.api.color.domain.sign.InteractActivityUserActionRecord"},{"currentDay":2,"signTime":1613664000000,"signed":1,"class":"com.jd.interact.center.client.api.color.domain.sign.InteractActivityUserActionRecord"},{"currentDay":2,"signTime":1613750400000,"signed":1,"class":"com.jd.interact.center.client.api.color.domain.sign.InteractActivityUserActionRecord"},{"currentDay":2,"signTime":1613836800000,"signed":1,"class":"com.jd.interact.center.client.api.color.domain.sign.InteractActivityUserActionRecord"},{"currentDay":2,"signTime":1613923200000,"signed":1,"class":"com.jd.interact.center.client.api.color.domain.sign.InteractActivityUserActionRecord"},{"currentDay":2,"signTime":1614009600000,"signed":1,"class":"com.jd.interact.center.client.api.color.domain.sign.InteractActivityUserActionRecord"},{"currentDay":2,"signTime":1614096000000,"signed":1,"class":"com.jd.interact.center.client.api.color.domain.sign.InteractActivityUserActionRecord"},{"currentDay":2,"signTime":1614182400000,"signed":1,"class":"com.jd.interact.center.client.api.color.domain.sign.InteractActivityUserActionRecord"},{"currentDay":2,"signTime":1614268800000,"signed":1,"class":"com.jd.interact.center.client.api.color.domain.sign.InteractActivityUserActionRecord"},{"currentDay":2,"signTime":1614355200000,"signed":1,"class":"com.jd.interact.center.client.api.color.domain.sign.InteractActivityUserActionRecord"},{"currentDay":2,"signTime":1614441600000,"signed":1,"class":"com.jd.interact.center.client.api.color.domain.sign.InteractActivityUserActionRecord"},{"currentDay":2,"signTime":1614528000000,"signed":1,"class":"com.jd.interact.center.client.api.color.domain.sign.InteractActivityUserActionRecord"},{"currentDay":2,"signTime":1614614400000,"signed":1,"class":"com.jd.interact.center.client.api.color.domain.sign.InteractActivityUserActionRecord"},{"currentDay":2,"signTime":1614700800000,"signed":1,"class":"com.jd.interact.center.client.api.color.domain.sign.InteractActivityUserActionRecord"},{"currentDay":2,"signTime":1614787200000,"signed":1,"class":"com.jd.interact.center.client.api.color.domain.sign.InteractActivityUserActionRecord"},{"currentDay":2,"signTime":1614950435946,"signed":2,"class":"com.jd.interact.center.client.api.color.domain.sign.InteractActivityUserActionRecord"},{"currentDay":1,"signTime":1614964153127,"signed":2,"class":"com.jd.interact.center.client.api.color.domain.sign.InteractActivityUserActionRecord"},{"currentDay":3,"signTime":1615046400000,"signed":1,"class":"com.jd.interact.center.client.api.color.domain.sign.InteractActivityUserActionRecord"},{"currentDay":3,"signTime":1615132800000,"signed":1,"class":"com.jd.interact.center.client.api.color.domain.sign.InteractActivityUserActionRecord"},{"currentDay":3,"signTime":1615219200000,"signed":1,"class":"com.jd.interact.center.client.api.color.domain.sign.InteractActivityUserActionRecord"},{"currentDay":3,"signTime":1615305600000,"signed":1,"class":"com.jd.interact.center.client.api.color.domain.sign.InteractActivityUserActionRecord"}],"days":2,"class":"com.jd.interact.center.client.api.color.domain.sign.ShopSignUserRecord"},"class":"com.jd.interact.center.client.api.common.param.Results","success":true}
{
  "contiSignNum": 2
}
移动签到威林钟表专营店日志
{"code":200,"data":{"signRecords":[{"signTime":1613404800000,"currentDay":2,"signed":1,"class":"com.jd.interact.center.client.api.color.domain.sign.InteractActivityUserActionRecord"},{"signTime":1613491200000,"currentDay":2,"signed":1,"class":"com.jd.interact.center.client.api.color.domain.sign.InteractActivityUserActionRecord"},{"signTime":1613577600000,"currentDay":2,"signed":1,"class":"com.jd.interact.center.client.api.color.domain.sign.InteractActivityUserActionRecord"},{"signTime":1613664000000,"currentDay":2,"signed":1,"class":"com.jd.interact.center.client.api.color.domain.sign.InteractActivityUserActionRecord"},{"signTime":1613750400000,"currentDay":2,"signed":1,"class":"com.jd.interact.center.client.api.color.domain.sign.InteractActivityUserActionRecord"},{"signTime":1613836800000,"currentDay":2,"signed":1,"class":"com.jd.interact.center.client.api.color.domain.sign.InteractActivityUserActionRecord"},{"signTime":1613923200000,"currentDay":2,"signed":1,"class":"com.jd.interact.center.client.api.color.domain.sign.InteractActivityUserActionRecord"},{"signTime":1614009600000,"currentDay":2,"signed":1,"class":"com.jd.interact.center.client.api.color.domain.sign.InteractActivityUserActionRecord"},{"signTime":1614096000000,"currentDay":2,"signed":1,"class":"com.jd.interact.center.client.api.color.domain.sign.InteractActivityUserActionRecord"},{"signTime":1614182400000,"currentDay":2,"signed":1,"class":"com.jd.interact.center.client.api.color.domain.sign.InteractActivityUserActionRecord"},{"signTime":1614268800000,"currentDay":2,"signed":1,"class":"com.jd.interact.center.client.api.color.domain.sign.InteractActivityUserActionRecord"},{"signTime":1614355200000,"currentDay":2,"signed":1,"class":"com.jd.interact.center.client.api.color.domain.sign.InteractActivityUserActionRecord"},{"signTime":1614441600000,"currentDay":2,"signed":1,"class":"com.jd.interact.center.client.api.color.domain.sign.InteractActivityUserActionRecord"},{"signTime":1614528000000,"currentDay":2,"signed":1,"class":"com.jd.interact.center.client.api.color.domain.sign.InteractActivityUserActionRecord"},{"signTime":1614614400000,"currentDay":2,"signed":1,"class":"com.jd.interact.center.client.api.color.domain.sign.InteractActivityUserActionRecord"},{"signTime":1614700800000,"currentDay":2,"signed":1,"class":"com.jd.interact.center.client.api.color.domain.sign.InteractActivityUserActionRecord"},{"signTime":1614787200000,"currentDay":2,"signed":1,"class":"com.jd.interact.center.client.api.color.domain.sign.InteractActivityUserActionRecord"},{"signTime":1614950436192,"currentDay":2,"signed":2,"class":"com.jd.interact.center.client.api.color.domain.sign.InteractActivityUserActionRecord"},{"signTime":1614964153385,"currentDay":1,"signed":2,"class":"com.jd.interact.center.client.api.color.domain.sign.InteractActivityUserActionRecord"},{"signTime":1615046400000,"currentDay":3,"signed":1,"class":"com.jd.interact.center.client.api.color.domain.sign.InteractActivityUserActionRecord"},{"signTime":1615132800000,"currentDay":3,"signed":1,"class":"com.jd.interact.center.client.api.color.domain.sign.InteractActivityUserActionRecord"},{"signTime":1615219200000,"currentDay":3,"signed":1,"class":"com.jd.interact.center.client.api.color.domain.sign.InteractActivityUserActionRecord"},{"signTime":1615305600000,"currentDay":3,"signed":1,"class":"com.jd.interact.center.client.api.color.domain.sign.InteractActivityUserActionRecord"}],"days":2,"class":"com.jd.interact.center.client.api.color.domain.sign.ShopSignUserRecord"},"class":"com.jd.interact.center.client.api.common.param.Results","success":true}
{
  "contiSignNum": 2
}
# 短链接
suo_url=""
venderId=217610
startTime=1613404800000
endTime=1615391999000
activityId=10249875
token=50975D4D3C3F95F1ADDD5A4F9DF3B339
#店铺名称
vendername="威林钟表专营店"
# 长链接
url=https://h5.m.jd.com/babelDiy/Zeus/2PAAf74aG3D61qvfKUM5dxUssJQ9/index.html?token=50975D4D3C3F95F1ADDD5A4F9DF3B339
# 活动时间：2021.02.16 00:00:00 - 2021.03.10 23:59:59
# 奖励说明：
actRule="
每日签到：1京豆
连续签到3天：满100-5店铺券
"
#赵 122294312-396444 sign_res
sign_res="
signTime=1613404800;signed=1;currentDay=2
signTime=1613491200;signed=1;currentDay=2
signTime=1613577600;signed=1;currentDay=2
signTime=1613664000;signed=1;currentDay=2
signTime=1613750400;signed=1;currentDay=2
signTime=1613836800;signed=1;currentDay=2
signTime=1613923200;signed=1;currentDay=2
signTime=1614009600;signed=1;currentDay=2
signTime=1614096000;signed=1;currentDay=2
signTime=1614182400;signed=1;currentDay=2
signTime=1614268800;signed=1;currentDay=2
signTime=1614355200;signed=1;currentDay=2
signTime=1614441600;signed=1;currentDay=2
signTime=1614528000;signed=1;currentDay=2
signTime=1614614400;signed=1;currentDay=2
signTime=1614700800;signed=1;currentDay=2
signTime=1614787200;signed=1;currentDay=2
signTime=1614950426;signed=2;currentDay=2
signTime=1614964124;signed=2;currentDay=1
signTime=1615046400;signed=1;currentDay=3
signTime=1615132800;signed=1;currentDay=3
signTime=1615219200;signed=1;currentDay=3
signTime=1615305600;signed=1;currentDay=3"
sign_num="2"
giftName="奖励1,type=4;"
giftRes="ok"
giftDate="20210306"
sign_res_info="
2021/02/16_00:00:00  2    未签到
2021/02/17_00:00:00  2    未签到
2021/02/18_00:00:00  2    未签到
2021/02/19_00:00:00  2    未签到
2021/02/20_00:00:00  2    未签到
2021/02/21_00:00:00  2    未签到
2021/02/22_00:00:00  2    未签到
2021/02/23_00:00:00  2    未签到
2021/02/24_00:00:00  2    未签到
2021/02/25_00:00:00  2    未签到
2021/02/26_00:00:00  2    未签到
2021/02/27_00:00:00  2    未签到
2021/02/28_00:00:00  2    未签到
2021/03/01_00:00:00  2    未签到
2021/03/02_00:00:00  2    未签到
2021/03/03_00:00:00  2    未签到
2021/03/04_00:00:00  2    未签到
2021/03/05_21:20:26  2    [已~签~到]
2021/03/06_01:08:44  1    [已~签~到]
2021/03/07_00:00:00  3    未签到
2021/03/08_00:00:00  3    未签到
2021/03/09_00:00:00  3    未签到
2021/03/10_00:00:00  3    未签到
当天签到奖励 [奖励1,type=4;]
已签到 2 天"
#赵 122294312-396444 sign_res_end
#王 1309893722-164885 sign_res
sign_res="
signTime=1613404800;signed=1;currentDay=2
signTime=1613491200;signed=1;currentDay=2
signTime=1613577600;signed=1;currentDay=2
signTime=1613664000;signed=1;currentDay=2
signTime=1613750400;signed=1;currentDay=2
signTime=1613836800;signed=1;currentDay=2
signTime=1613923200;signed=1;currentDay=2
signTime=1614009600;signed=1;currentDay=2
signTime=1614096000;signed=1;currentDay=2
signTime=1614182400;signed=1;currentDay=2
signTime=1614268800;signed=1;currentDay=2
signTime=1614355200;signed=1;currentDay=2
signTime=1614441600;signed=1;currentDay=2
signTime=1614528000;signed=1;currentDay=2
signTime=1614614400;signed=1;currentDay=2
signTime=1614700800;signed=1;currentDay=2
signTime=1614787200;signed=1;currentDay=2
signTime=1614950426;signed=2;currentDay=2
signTime=1614964124;signed=2;currentDay=1
signTime=1615046400;signed=1;currentDay=3
signTime=1615132800;signed=1;currentDay=3
signTime=1615219200;signed=1;currentDay=3
signTime=1615305600;signed=1;currentDay=3"
sign_num="2"
giftName="奖励1,type=4;"
giftRes="ok"
giftDate="20210306"
sign_res_info="
2021/02/16_00:00:00  2    未签到
2021/02/17_00:00:00  2    未签到
2021/02/18_00:00:00  2    未签到
2021/02/19_00:00:00  2    未签到
2021/02/20_00:00:00  2    未签到
2021/02/21_00:00:00  2    未签到
2021/02/22_00:00:00  2    未签到
2021/02/23_00:00:00  2    未签到
2021/02/24_00:00:00  2    未签到
2021/02/25_00:00:00  2    未签到
2021/02/26_00:00:00  2    未签到
2021/02/27_00:00:00  2    未签到
2021/02/28_00:00:00  2    未签到
2021/03/01_00:00:00  2    未签到
2021/03/02_00:00:00  2    未签到
2021/03/03_00:00:00  2    未签到
2021/03/04_00:00:00  2    未签到
2021/03/05_21:20:26  2    [已~签~到]
2021/03/06_01:08:44  1    [已~签~到]
2021/03/07_00:00:00  3    未签到
2021/03/08_00:00:00  3    未签到
2021/03/09_00:00:00  3    未签到
2021/03/10_00:00:00  3    未签到
当天签到奖励 [奖励1,type=4;]
已签到 2 天"
#王 1309893722-164885 sign_res_end
#肥鹅 jd_4d651d9e48204 sign_res
sign_res="
signTime=1613404800;signed=1;currentDay=2
signTime=1613491200;signed=1;currentDay=2
signTime=1613577600;signed=1;currentDay=2
signTime=1613664000;signed=1;currentDay=2
signTime=1613750400;signed=1;currentDay=2
signTime=1613836800;signed=1;currentDay=2
signTime=1613923200;signed=1;currentDay=2
signTime=1614009600;signed=1;currentDay=2
signTime=1614096000;signed=1;currentDay=2
signTime=1614182400;signed=1;currentDay=2
signTime=1614268800;signed=1;currentDay=2
signTime=1614355200;signed=1;currentDay=2
signTime=1614441600;signed=1;currentDay=2
signTime=1614528000;signed=1;currentDay=2
signTime=1614614400;signed=1;currentDay=2
signTime=1614700800;signed=1;currentDay=2
signTime=1614787200;signed=1;currentDay=2
signTime=1614950435;signed=2;currentDay=2
signTime=1614964153;signed=2;currentDay=1
signTime=1615046400;signed=1;currentDay=3
signTime=1615132800;signed=1;currentDay=3
signTime=1615219200;signed=1;currentDay=3
signTime=1615305600;signed=1;currentDay=3"
sign_num="2"
giftName="奖励1,type=4;"
giftRes="ok"
giftDate="20210306"
sign_res_info="
2021/02/16_00:00:00  2    未签到
2021/02/17_00:00:00  2    未签到
2021/02/18_00:00:00  2    未签到
2021/02/19_00:00:00  2    未签到
2021/02/20_00:00:00  2    未签到
2021/02/21_00:00:00  2    未签到
2021/02/22_00:00:00  2    未签到
2021/02/23_00:00:00  2    未签到
2021/02/24_00:00:00  2    未签到
2021/02/25_00:00:00  2    未签到
2021/02/26_00:00:00  2    未签到
2021/02/27_00:00:00  2    未签到
2021/02/28_00:00:00  2    未签到
2021/03/01_00:00:00  2    未签到
2021/03/02_00:00:00  2    未签到
2021/03/03_00:00:00  2    未签到
2021/03/04_00:00:00  2    未签到
2021/03/05_21:20:35  2    [已~签~到]
2021/03/06_01:09:13  1    [已~签~到]
2021/03/07_00:00:00  3    未签到
2021/03/08_00:00:00  3    未签到
2021/03/09_00:00:00  3    未签到
2021/03/10_00:00:00  3    未签到
当天签到奖励 [奖励1,type=4;]
已签到 2 天"
#肥鹅 jd_4d651d9e48204 sign_res_end
#移动 jd_OeTNobRVGiNZ sign_res
sign_res="
signTime=1613404800;signed=1;currentDay=2
signTime=1613491200;signed=1;currentDay=2
signTime=1613577600;signed=1;currentDay=2
signTime=1613664000;signed=1;currentDay=2
signTime=1613750400;signed=1;currentDay=2
signTime=1613836800;signed=1;currentDay=2
signTime=1613923200;signed=1;currentDay=2
signTime=1614009600;signed=1;currentDay=2
signTime=1614096000;signed=1;currentDay=2
signTime=1614182400;signed=1;currentDay=2
signTime=1614268800;signed=1;currentDay=2
signTime=1614355200;signed=1;currentDay=2
signTime=1614441600;signed=1;currentDay=2
signTime=1614528000;signed=1;currentDay=2
signTime=1614614400;signed=1;currentDay=2
signTime=1614700800;signed=1;currentDay=2
signTime=1614787200;signed=1;currentDay=2
signTime=1614950436;signed=2;currentDay=2
signTime=1614964153;signed=2;currentDay=1
signTime=1615046400;signed=1;currentDay=3
signTime=1615132800;signed=1;currentDay=3
signTime=1615219200;signed=1;currentDay=3
signTime=1615305600;signed=1;currentDay=3"
sign_num="2"
giftName=""
giftRes="ok"
giftDate="20210306"
sign_res_info="
2021/02/16_00:00:00  2    未签到
2021/02/17_00:00:00  2    未签到
2021/02/18_00:00:00  2    未签到
2021/02/19_00:00:00  2    未签到
2021/02/20_00:00:00  2    未签到
2021/02/21_00:00:00  2    未签到
2021/02/22_00:00:00  2    未签到
2021/02/23_00:00:00  2    未签到
2021/02/24_00:00:00  2    未签到
2021/02/25_00:00:00  2    未签到
2021/02/26_00:00:00  2    未签到
2021/02/27_00:00:00  2    未签到
2021/02/28_00:00:00  2    未签到
2021/03/01_00:00:00  2    未签到
2021/03/02_00:00:00  2    未签到
2021/03/03_00:00:00  2    未签到
2021/03/04_00:00:00  2    未签到
2021/03/05_21:20:36  2    [已~签~到]
2021/03/06_01:09:13  1    [已~签~到]
2021/03/07_00:00:00  3    未签到
2021/03/08_00:00:00  3    未签到
2021/03/09_00:00:00  3    未签到
2021/03/10_00:00:00  3    未签到
当天签到奖励 []
已签到 2 天"
#移动 jd_OeTNobRVGiNZ sign_res_end
