03/14/21 04:00:20 317034400  1615665620
RANDOM_num: 25
removed '/tmp/tmp.rXGLqh3C02'
03/14/21 04:00:20 412759500  1615665620
肥鹅 今天已经签到过. 签到结果: ok  giftDate: 20210314
***********************************************

2021/03/01_22:33:50  2    [已~签~到]
2021/03/02_23:59:59  2    [已~签~到]
2021/03/03_00:00:00  2    未签到
2021/03/04_00:00:02  2    [已~签~到]
2021/03/05_01:07:21  2    [已~签~到]
2021/03/06_00:00:01  2    [已~签~到]
2021/03/07_01:07:06  2    [已~签~到]
2021/03/08_01:05:38  2    [已~签~到]
2021/03/09_01:05:57  2    [已~签~到]
2021/03/10_01:06:30  2    [已~签~到]
2021/03/11_01:05:58  2    [已~签~到]
2021/03/12_01:04:19  2    [已~签~到]
2021/03/13_01:04:50  2    [已~签~到]
2021/03/14_01:05:33  1    [已~签~到]
2021/03/15_00:00:00  3    未签到
2021/03/16_00:00:00  3    未签到
2021/03/17_00:00:00  3    未签到
2021/03/18_00:00:00  3    未签到
2021/03/19_00:00:00  3    未签到
2021/03/20_00:00:00  3    未签到
2021/03/21_00:00:00  3    未签到
2021/03/22_00:00:00  3    未签到
2021/03/23_00:00:00  3    未签到
2021/03/24_00:00:00  3    未签到
2021/03/25_00:00:00  3    未签到
2021/03/26_00:00:00  3    未签到
2021/03/27_00:00:00  3    未签到
2021/03/28_00:00:00  3    未签到
2021/03/29_00:00:00  3    未签到
2021/03/30_00:00:00  3    未签到
当天签到奖励 [奖励1,type=4;]
已签到 11 天
***********************************************

03/14/21 04:00:20 430263900  1615665620 检查jd_4d651d9e48204签到
removed '/tmp/tmp.DZdQd14hiq'
移动 今天已经签到过. 签到结果: ok  giftDate: 20210314
***********************************************

2021/03/01_00:00:00  2    未签到
2021/03/02_01:08:15  2    [已~签~到]
2021/03/03_00:00:01  2    [已~签~到]
2021/03/04_00:00:05  2    [已~签~到]
2021/03/05_01:07:22  2    [已~签~到]
2021/03/06_00:00:03  2    [已~签~到]
2021/03/07_01:07:06  2    [已~签~到]
2021/03/08_01:05:39  2    [已~签~到]
2021/03/09_01:05:58  2    [已~签~到]
2021/03/10_01:06:30  2    [已~签~到]
2021/03/11_01:05:59  2    [已~签~到]
2021/03/12_01:04:19  2    [已~签~到]
2021/03/13_01:04:50  2    [已~签~到]
2021/03/14_01:05:34  1    [已~签~到]
2021/03/15_00:00:00  3    未签到
2021/03/16_00:00:00  3    未签到
2021/03/17_00:00:00  3    未签到
2021/03/18_00:00:00  3    未签到
2021/03/19_00:00:00  3    未签到
2021/03/20_00:00:00  3    未签到
2021/03/21_00:00:00  3    未签到
2021/03/22_00:00:00  3    未签到
2021/03/23_00:00:00  3    未签到
2021/03/24_00:00:00  3    未签到
2021/03/25_00:00:00  3    未签到
2021/03/26_00:00:00  3    未签到
2021/03/27_00:00:00  3    未签到
2021/03/28_00:00:00  3    未签到
2021/03/29_00:00:00  3    未签到
2021/03/30_00:00:00  3    未签到
当天签到奖励 []
已签到 13 天
***********************************************

03/14/21 04:00:20 520356300  1615665620 检查jd_OeTNobRVGiNZ签到
今天已全部签到过
# 短链接
suo_url=""
venderId=10026448
startTime=1614528000000
endTime=1617119999000
activityId=10280005
token=95015697779C9950A1A5D1A7C2B4863C
#店铺名称
vendername="CHUMS运动户外旗舰店"
# 长链接
url=https://h5.m.jd.com/babelDiy/Zeus/2PAAf74aG3D61qvfKUM5dxUssJQ9/index.html?token=95015697779C9950A1A5D1A7C2B4863C
# 活动时间：2021.03.01 00:00:00 - 2021.03.30 23:59:59
# 奖励说明：
actRule="
每日签到：1京豆
连续签到3天：10京豆
"
#赵 122294312-396444 sign_res
sign_res="
signTime=1614609247;signed=2;currentDay=2
signTime=1614618445;signed=2;currentDay=2
signTime=1614700800;signed=2;currentDay=2
signTime=1614791692;signed=2;currentDay=2
signTime=1614877622;signed=2;currentDay=2
signTime=1614964657;signed=2;currentDay=2
signTime=1615050386;signed=2;currentDay=2
signTime=1615136699;signed=2;currentDay=2
signTime=1615223138;signed=2;currentDay=2
signTime=1615309551;signed=2;currentDay=2
signTime=1615395909;signed=2;currentDay=2
signTime=1615482239;signed=2;currentDay=2
signTime=1615568675;signed=2;currentDay=2
signTime=1615655109;signed=2;currentDay=1
signTime=1615737600;signed=1;currentDay=3
signTime=1615824000;signed=1;currentDay=3
signTime=1615910400;signed=1;currentDay=3
signTime=1615996800;signed=1;currentDay=3
signTime=1616083200;signed=1;currentDay=3
signTime=1616169600;signed=1;currentDay=3
signTime=1616256000;signed=1;currentDay=3
signTime=1616342400;signed=1;currentDay=3
signTime=1616428800;signed=1;currentDay=3
signTime=1616515200;signed=1;currentDay=3
signTime=1616601600;signed=1;currentDay=3
signTime=1616688000;signed=1;currentDay=3
signTime=1616774400;signed=1;currentDay=3
signTime=1616860800;signed=1;currentDay=3
signTime=1616947200;signed=1;currentDay=3
signTime=1617033600;signed=1;currentDay=3"
sign_num="14"
giftName="奖励1,type=4;"
giftRes="ok"
giftDate="20210314"
sign_res_info="
2021/03/01_22:34:07  2    [已~签~到]
2021/03/02_01:07:25  2    [已~签~到]
2021/03/03_00:00:00  2    [已~签~到]
2021/03/04_01:14:52  2    [已~签~到]
2021/03/05_01:07:02  2    [已~签~到]
2021/03/06_01:17:37  2    [已~签~到]
2021/03/07_01:06:26  2    [已~签~到]
2021/03/08_01:04:59  2    [已~签~到]
2021/03/09_01:05:38  2    [已~签~到]
2021/03/10_01:05:51  2    [已~签~到]
2021/03/11_01:05:09  2    [已~签~到]
2021/03/12_01:03:59  2    [已~签~到]
2021/03/13_01:04:35  2    [已~签~到]
2021/03/14_01:05:09  1    [已~签~到]
2021/03/15_00:00:00  3    未签到
2021/03/16_00:00:00  3    未签到
2021/03/17_00:00:00  3    未签到
2021/03/18_00:00:00  3    未签到
2021/03/19_00:00:00  3    未签到
2021/03/20_00:00:00  3    未签到
2021/03/21_00:00:00  3    未签到
2021/03/22_00:00:00  3    未签到
2021/03/23_00:00:00  3    未签到
2021/03/24_00:00:00  3    未签到
2021/03/25_00:00:00  3    未签到
2021/03/26_00:00:00  3    未签到
2021/03/27_00:00:00  3    未签到
2021/03/28_00:00:00  3    未签到
2021/03/29_00:00:00  3    未签到
2021/03/30_00:00:00  3    未签到
当天签到奖励 [奖励1,type=4;]
已签到 14 天"
#赵 122294312-396444 sign_res_end
#王 1309893722-164885 sign_res
sign_res="
signTime=1614609247;signed=2;currentDay=2
signTime=1614618446;signed=2;currentDay=2
signTime=1614700801;signed=2;currentDay=2
signTime=1614791693;signed=2;currentDay=2
signTime=1614877622;signed=2;currentDay=2
signTime=1614964657;signed=2;currentDay=2
signTime=1615050387;signed=2;currentDay=2
signTime=1615136699;signed=2;currentDay=2
signTime=1615223138;signed=2;currentDay=2
signTime=1615309551;signed=2;currentDay=2
signTime=1615395910;signed=2;currentDay=2
signTime=1615482240;signed=2;currentDay=2
signTime=1615568676;signed=2;currentDay=2
signTime=1615655109;signed=2;currentDay=1
signTime=1615737600;signed=1;currentDay=3
signTime=1615824000;signed=1;currentDay=3
signTime=1615910400;signed=1;currentDay=3
signTime=1615996800;signed=1;currentDay=3
signTime=1616083200;signed=1;currentDay=3
signTime=1616169600;signed=1;currentDay=3
signTime=1616256000;signed=1;currentDay=3
signTime=1616342400;signed=1;currentDay=3
signTime=1616428800;signed=1;currentDay=3
signTime=1616515200;signed=1;currentDay=3
signTime=1616601600;signed=1;currentDay=3
signTime=1616688000;signed=1;currentDay=3
signTime=1616774400;signed=1;currentDay=3
signTime=1616860800;signed=1;currentDay=3
signTime=1616947200;signed=1;currentDay=3
signTime=1617033600;signed=1;currentDay=3"
sign_num="14"
giftName="奖励1,type=4;"
giftRes="ok"
giftDate="20210314"
sign_res_info="
2021/03/01_22:34:07  2    [已~签~到]
2021/03/02_01:07:26  2    [已~签~到]
2021/03/03_00:00:01  2    [已~签~到]
2021/03/04_01:14:53  2    [已~签~到]
2021/03/05_01:07:02  2    [已~签~到]
2021/03/06_01:17:37  2    [已~签~到]
2021/03/07_01:06:27  2    [已~签~到]
2021/03/08_01:04:59  2    [已~签~到]
2021/03/09_01:05:38  2    [已~签~到]
2021/03/10_01:05:51  2    [已~签~到]
2021/03/11_01:05:10  2    [已~签~到]
2021/03/12_01:04:00  2    [已~签~到]
2021/03/13_01:04:36  2    [已~签~到]
2021/03/14_01:05:09  1    [已~签~到]
2021/03/15_00:00:00  3    未签到
2021/03/16_00:00:00  3    未签到
2021/03/17_00:00:00  3    未签到
2021/03/18_00:00:00  3    未签到
2021/03/19_00:00:00  3    未签到
2021/03/20_00:00:00  3    未签到
2021/03/21_00:00:00  3    未签到
2021/03/22_00:00:00  3    未签到
2021/03/23_00:00:00  3    未签到
2021/03/24_00:00:00  3    未签到
2021/03/25_00:00:00  3    未签到
2021/03/26_00:00:00  3    未签到
2021/03/27_00:00:00  3    未签到
2021/03/28_00:00:00  3    未签到
2021/03/29_00:00:00  3    未签到
2021/03/30_00:00:00  3    未签到
当天签到奖励 [奖励1,type=4;]
已签到 14 天"
#王 1309893722-164885 sign_res_end
#肥鹅 jd_4d651d9e48204 sign_res
sign_res="
signTime=1614609230;signed=2;currentDay=2
signTime=1614700799;signed=2;currentDay=2
signTime=1614700800;signed=1;currentDay=2
signTime=1614787202;signed=2;currentDay=2
signTime=1614877641;signed=2;currentDay=2
signTime=1614960001;signed=2;currentDay=2
signTime=1615050426;signed=2;currentDay=2
signTime=1615136738;signed=2;currentDay=2
signTime=1615223157;signed=2;currentDay=2
signTime=1615309590;signed=2;currentDay=2
signTime=1615395958;signed=2;currentDay=2
signTime=1615482259;signed=2;currentDay=2
signTime=1615568690;signed=2;currentDay=2
signTime=1615655133;signed=2;currentDay=1
signTime=1615737600;signed=1;currentDay=3
signTime=1615824000;signed=1;currentDay=3
signTime=1615910400;signed=1;currentDay=3
signTime=1615996800;signed=1;currentDay=3
signTime=1616083200;signed=1;currentDay=3
signTime=1616169600;signed=1;currentDay=3
signTime=1616256000;signed=1;currentDay=3
signTime=1616342400;signed=1;currentDay=3
signTime=1616428800;signed=1;currentDay=3
signTime=1616515200;signed=1;currentDay=3
signTime=1616601600;signed=1;currentDay=3
signTime=1616688000;signed=1;currentDay=3
signTime=1616774400;signed=1;currentDay=3
signTime=1616860800;signed=1;currentDay=3
signTime=1616947200;signed=1;currentDay=3
signTime=1617033600;signed=1;currentDay=3"
sign_num="11"
giftName="奖励1,type=4;"
giftRes="ok"
giftDate="20210314"
sign_res_info="
2021/03/01_22:33:50  2    [已~签~到]
2021/03/02_23:59:59  2    [已~签~到]
2021/03/03_00:00:00  2    未签到
2021/03/04_00:00:02  2    [已~签~到]
2021/03/05_01:07:21  2    [已~签~到]
2021/03/06_00:00:01  2    [已~签~到]
2021/03/07_01:07:06  2    [已~签~到]
2021/03/08_01:05:38  2    [已~签~到]
2021/03/09_01:05:57  2    [已~签~到]
2021/03/10_01:06:30  2    [已~签~到]
2021/03/11_01:05:58  2    [已~签~到]
2021/03/12_01:04:19  2    [已~签~到]
2021/03/13_01:04:50  2    [已~签~到]
2021/03/14_01:05:33  1    [已~签~到]
2021/03/15_00:00:00  3    未签到
2021/03/16_00:00:00  3    未签到
2021/03/17_00:00:00  3    未签到
2021/03/18_00:00:00  3    未签到
2021/03/19_00:00:00  3    未签到
2021/03/20_00:00:00  3    未签到
2021/03/21_00:00:00  3    未签到
2021/03/22_00:00:00  3    未签到
2021/03/23_00:00:00  3    未签到
2021/03/24_00:00:00  3    未签到
2021/03/25_00:00:00  3    未签到
2021/03/26_00:00:00  3    未签到
2021/03/27_00:00:00  3    未签到
2021/03/28_00:00:00  3    未签到
2021/03/29_00:00:00  3    未签到
2021/03/30_00:00:00  3    未签到
当天签到奖励 [奖励1,type=4;]
已签到 11 天"
#肥鹅 jd_4d651d9e48204 sign_res_end
#移动 jd_OeTNobRVGiNZ sign_res
sign_res="
signTime=1614528000;signed=1;currentDay=2
signTime=1614618495;signed=2;currentDay=2
signTime=1614700801;signed=2;currentDay=2
signTime=1614787205;signed=2;currentDay=2
signTime=1614877642;signed=2;currentDay=2
signTime=1614960003;signed=2;currentDay=2
signTime=1615050426;signed=2;currentDay=2
signTime=1615136739;signed=2;currentDay=2
signTime=1615223158;signed=2;currentDay=2
signTime=1615309590;signed=2;currentDay=2
signTime=1615395959;signed=2;currentDay=2
signTime=1615482259;signed=2;currentDay=2
signTime=1615568690;signed=2;currentDay=2
signTime=1615655134;signed=2;currentDay=1
signTime=1615737600;signed=1;currentDay=3
signTime=1615824000;signed=1;currentDay=3
signTime=1615910400;signed=1;currentDay=3
signTime=1615996800;signed=1;currentDay=3
signTime=1616083200;signed=1;currentDay=3
signTime=1616169600;signed=1;currentDay=3
signTime=1616256000;signed=1;currentDay=3
signTime=1616342400;signed=1;currentDay=3
signTime=1616428800;signed=1;currentDay=3
signTime=1616515200;signed=1;currentDay=3
signTime=1616601600;signed=1;currentDay=3
signTime=1616688000;signed=1;currentDay=3
signTime=1616774400;signed=1;currentDay=3
signTime=1616860800;signed=1;currentDay=3
signTime=1616947200;signed=1;currentDay=3
signTime=1617033600;signed=1;currentDay=3"
sign_num="13"
giftName=""
giftRes="ok"
giftDate="20210314"
sign_res_info="
2021/03/01_00:00:00  2    未签到
2021/03/02_01:08:15  2    [已~签~到]
2021/03/03_00:00:01  2    [已~签~到]
2021/03/04_00:00:05  2    [已~签~到]
2021/03/05_01:07:22  2    [已~签~到]
2021/03/06_00:00:03  2    [已~签~到]
2021/03/07_01:07:06  2    [已~签~到]
2021/03/08_01:05:39  2    [已~签~到]
2021/03/09_01:05:58  2    [已~签~到]
2021/03/10_01:06:30  2    [已~签~到]
2021/03/11_01:05:59  2    [已~签~到]
2021/03/12_01:04:19  2    [已~签~到]
2021/03/13_01:04:50  2    [已~签~到]
2021/03/14_01:05:34  1    [已~签~到]
2021/03/15_00:00:00  3    未签到
2021/03/16_00:00:00  3    未签到
2021/03/17_00:00:00  3    未签到
2021/03/18_00:00:00  3    未签到
2021/03/19_00:00:00  3    未签到
2021/03/20_00:00:00  3    未签到
2021/03/21_00:00:00  3    未签到
2021/03/22_00:00:00  3    未签到
2021/03/23_00:00:00  3    未签到
2021/03/24_00:00:00  3    未签到
2021/03/25_00:00:00  3    未签到
2021/03/26_00:00:00  3    未签到
2021/03/27_00:00:00  3    未签到
2021/03/28_00:00:00  3    未签到
2021/03/29_00:00:00  3    未签到
2021/03/30_00:00:00  3    未签到
当天签到奖励 []
已签到 13 天"
#移动 jd_OeTNobRVGiNZ sign_res_end
