02/21/21 01:10:45 075399400  1613841045
RANDOM_num: 35
removed '/tmp/tmp.JWCI3Z2Qwn'
02/21/21 01:10:45 151662500  1613841045 检查122294312-396444签到
removed '/tmp/tmp.I6yPAOXm5I'
王 签到结果获取失败.
02/21/21 01:10:45 210938100  1613841045 检查1309893722-164885签到

02/21/21 01:10:45 254047700  1613841045 赵签到gaston gerin盛星专卖店

real	0m0.138s
user	0m0.016s
sys	0m0.078s
{"code":200,"data":[],"class":"com.jd.interact.center.client.api.common.param.Results","success":true}

02/21/21 01:10:45 530905000  1613841045 王签到gaston gerin盛星专卖店

real	0m0.143s
user	0m0.016s
sys	0m0.109s
{"code":200,"data":[],"class":"com.jd.interact.center.client.api.common.param.Results","success":true}
02/21/21 01:10:45 750162800 1613841045
02/21/21 01:10:45 767277100 1613841045 签到gaston gerin盛星专卖店完成

02/21/21 01:11:20 826693500  1613841080
赵签到gaston gerin盛星专卖店查看结果
200
首次签到成功. 写入giftName: 

***********************************************
2021/02/17_00:00:00  2    未签到
2021/02/18_00:00:00  2    未签到
2021/02/19_00:00:00  2    未签到
2021/02/20_00:00:00  2    未签到
2021/02/21_01:10:45  1    [已~签~到]
2021/02/22_00:00:00  3    未签到
2021/02/23_00:00:00  3    未签到
2021/02/24_00:00:00  3    未签到
2021/02/25_00:00:00  3    未签到
2021/02/26_00:00:00  3    未签到
2021/02/27_00:00:00  3    未签到
当天签到奖励 []
已签到 1 天
***********************************************

王签到gaston gerin盛星专卖店查看结果
200
首次签到成功. 写入giftName: 

***********************************************
2021/02/17_00:00:00  2    未签到
2021/02/18_00:00:00  2    未签到
2021/02/19_00:00:00  2    未签到
2021/02/20_00:00:00  2    未签到
2021/02/21_01:10:45  1    [已~签~到]
2021/02/22_00:00:00  3    未签到
2021/02/23_00:00:00  3    未签到
2021/02/24_00:00:00  3    未签到
2021/02/25_00:00:00  3    未签到
2021/02/26_00:00:00  3    未签到
2021/02/27_00:00:00  3    未签到
当天签到奖励 []
已签到 1 天
***********************************************



赵签到gaston gerin盛星专卖店日志
{"code":200,"data":{"signRecords":[{"signTime":1613491200000,"currentDay":2,"signed":1,"class":"com.jd.interact.center.client.api.color.domain.sign.InteractActivityUserActionRecord"},{"signTime":1613577600000,"currentDay":2,"signed":1,"class":"com.jd.interact.center.client.api.color.domain.sign.InteractActivityUserActionRecord"},{"signTime":1613664000000,"currentDay":2,"signed":1,"class":"com.jd.interact.center.client.api.color.domain.sign.InteractActivityUserActionRecord"},{"signTime":1613750400000,"currentDay":2,"signed":1,"class":"com.jd.interact.center.client.api.color.domain.sign.InteractActivityUserActionRecord"},{"signTime":1613841045380,"currentDay":1,"signed":2,"class":"com.jd.interact.center.client.api.color.domain.sign.InteractActivityUserActionRecord"},{"signTime":1613923200000,"currentDay":3,"signed":1,"class":"com.jd.interact.center.client.api.color.domain.sign.InteractActivityUserActionRecord"},{"signTime":1614009600000,"currentDay":3,"signed":1,"class":"com.jd.interact.center.client.api.color.domain.sign.InteractActivityUserActionRecord"},{"signTime":1614096000000,"currentDay":3,"signed":1,"class":"com.jd.interact.center.client.api.color.domain.sign.InteractActivityUserActionRecord"},{"signTime":1614182400000,"currentDay":3,"signed":1,"class":"com.jd.interact.center.client.api.color.domain.sign.InteractActivityUserActionRecord"},{"signTime":1614268800000,"currentDay":3,"signed":1,"class":"com.jd.interact.center.client.api.color.domain.sign.InteractActivityUserActionRecord"},{"signTime":1614355200000,"currentDay":3,"signed":1,"class":"com.jd.interact.center.client.api.color.domain.sign.InteractActivityUserActionRecord"}],"days":1,"class":"com.jd.interact.center.client.api.color.domain.sign.ShopSignUserRecord"},"class":"com.jd.interact.center.client.api.common.param.Results","success":true}
{
  "contiSignNum": 1
}
王签到gaston gerin盛星专卖店日志
{"code":200,"data":{"signRecords":[{"currentDay":2,"signTime":1613491200000,"signed":1,"class":"com.jd.interact.center.client.api.color.domain.sign.InteractActivityUserActionRecord"},{"currentDay":2,"signTime":1613577600000,"signed":1,"class":"com.jd.interact.center.client.api.color.domain.sign.InteractActivityUserActionRecord"},{"currentDay":2,"signTime":1613664000000,"signed":1,"class":"com.jd.interact.center.client.api.color.domain.sign.InteractActivityUserActionRecord"},{"currentDay":2,"signTime":1613750400000,"signed":1,"class":"com.jd.interact.center.client.api.color.domain.sign.InteractActivityUserActionRecord"},{"currentDay":1,"signTime":1613841045663,"signed":2,"class":"com.jd.interact.center.client.api.color.domain.sign.InteractActivityUserActionRecord"},{"currentDay":3,"signTime":1613923200000,"signed":1,"class":"com.jd.interact.center.client.api.color.domain.sign.InteractActivityUserActionRecord"},{"currentDay":3,"signTime":1614009600000,"signed":1,"class":"com.jd.interact.center.client.api.color.domain.sign.InteractActivityUserActionRecord"},{"currentDay":3,"signTime":1614096000000,"signed":1,"class":"com.jd.interact.center.client.api.color.domain.sign.InteractActivityUserActionRecord"},{"currentDay":3,"signTime":1614182400000,"signed":1,"class":"com.jd.interact.center.client.api.color.domain.sign.InteractActivityUserActionRecord"},{"currentDay":3,"signTime":1614268800000,"signed":1,"class":"com.jd.interact.center.client.api.color.domain.sign.InteractActivityUserActionRecord"},{"currentDay":3,"signTime":1614355200000,"signed":1,"class":"com.jd.interact.center.client.api.color.domain.sign.InteractActivityUserActionRecord"}],"days":1,"class":"com.jd.interact.center.client.api.color.domain.sign.ShopSignUserRecord"},"class":"com.jd.interact.center.client.api.common.param.Results","success":true}
{
  "contiSignNum": 1
}
# 短链接
suo_url=""
venderId=10294688
startTime=1613548800000
endTime=1614441599000
activityId=10270849
token=0EFFD39F2139300F099E1DB9F160D9B8
#店铺名称
vendername="gaston gerin盛星专卖店"
# 长链接
url=https://h5.m.jd.com/babelDiy/Zeus/2PAAf74aG3D61qvfKUM5dxUssJQ9/index.html?token=0EFFD39F2139300F099E1DB9F160D9B8
# 活动时间：2021.02.17 16:00:00 - 2021.02.27 23:59:59
# 奖励说明：
actRule="
连续签到3天：5京豆
连续签到7天：5京豆
"
#肥鹅 jd_4d651d9e48204 sign_res
sign_res="
signTime=1613491200;signed=1;currentDay=2
signTime=1613577600;signed=1;currentDay=2
signTime=1613664000;signed=1;currentDay=2
signTime=1613750400;signed=1;currentDay=1
signTime=1613836800;signed=1;currentDay=3
signTime=1613923200;signed=1;currentDay=3
signTime=1614009600;signed=1;currentDay=3
signTime=1614096000;signed=1;currentDay=3
signTime=1614182400;signed=1;currentDay=3
signTime=1614268800;signed=1;currentDay=3
signTime=1614355200;signed=1;currentDay=3"
sign_num="0"
giftName=""
giftRes="用户达到签到上限"
giftDate="20210220"
sign_res_info="
2021/02/17_00:00:00  2    未签到
2021/02/18_00:00:00  2    未签到
2021/02/19_00:00:00  2    未签到
2021/02/20_00:00:00  1    未签到
2021/02/21_00:00:00  3    未签到
2021/02/22_00:00:00  3    未签到
2021/02/23_00:00:00  3    未签到
2021/02/24_00:00:00  3    未签到
2021/02/25_00:00:00  3    未签到
2021/02/26_00:00:00  3    未签到
2021/02/27_00:00:00  3    未签到
当天签到奖励 []
已签到 0 天"
#肥鹅 jd_4d651d9e48204 sign_res_end
#移动 jd_OeTNobRVGiNZ sign_res
sign_res="
signTime=1613491200;signed=1;currentDay=2
signTime=1613577600;signed=1;currentDay=2
signTime=1613702999;signed=2;currentDay=2
signTime=1613831029;signed=2;currentDay=1
signTime=1613836800;signed=1;currentDay=3
signTime=1613923200;signed=1;currentDay=3
signTime=1614009600;signed=1;currentDay=3
signTime=1614096000;signed=1;currentDay=3
signTime=1614182400;signed=1;currentDay=3
signTime=1614268800;signed=1;currentDay=3
signTime=1614355200;signed=1;currentDay=3"
sign_num="2"
giftName=""
giftRes="ok"
giftDate="20210220"
sign_res_info="
2021/02/17_00:00:00  2    未签到
2021/02/18_00:00:00  2    未签到
2021/02/19_10:49:59  2    [已~签~到]
2021/02/20_22:23:49  1    [已~签~到]
2021/02/21_00:00:00  3    未签到
2021/02/22_00:00:00  3    未签到
2021/02/23_00:00:00  3    未签到
2021/02/24_00:00:00  3    未签到
2021/02/25_00:00:00  3    未签到
2021/02/26_00:00:00  3    未签到
2021/02/27_00:00:00  3    未签到
当天签到奖励 []
已签到 2 天"
#移动 jd_OeTNobRVGiNZ sign_res_end
#赵 122294312-396444 sign_res
sign_res="
signTime=1613491200;signed=1;currentDay=2
signTime=1613577600;signed=1;currentDay=2
signTime=1613664000;signed=1;currentDay=2
signTime=1613750400;signed=1;currentDay=2
signTime=1613841045;signed=2;currentDay=1
signTime=1613923200;signed=1;currentDay=3
signTime=1614009600;signed=1;currentDay=3
signTime=1614096000;signed=1;currentDay=3
signTime=1614182400;signed=1;currentDay=3
signTime=1614268800;signed=1;currentDay=3
signTime=1614355200;signed=1;currentDay=3"
sign_num="1"
giftName=""
giftRes="ok"
giftDate="20210221"
sign_res_info="
2021/02/17_00:00:00  2    未签到
2021/02/18_00:00:00  2    未签到
2021/02/19_00:00:00  2    未签到
2021/02/20_00:00:00  2    未签到
2021/02/21_01:10:45  1    [已~签~到]
2021/02/22_00:00:00  3    未签到
2021/02/23_00:00:00  3    未签到
2021/02/24_00:00:00  3    未签到
2021/02/25_00:00:00  3    未签到
2021/02/26_00:00:00  3    未签到
2021/02/27_00:00:00  3    未签到
当天签到奖励 []
已签到 1 天"
#赵 122294312-396444 sign_res_end
#王 1309893722-164885 sign_res
sign_res="
signTime=1613491200;signed=1;currentDay=2
signTime=1613577600;signed=1;currentDay=2
signTime=1613664000;signed=1;currentDay=2
signTime=1613750400;signed=1;currentDay=2
signTime=1613841045;signed=2;currentDay=1
signTime=1613923200;signed=1;currentDay=3
signTime=1614009600;signed=1;currentDay=3
signTime=1614096000;signed=1;currentDay=3
signTime=1614182400;signed=1;currentDay=3
signTime=1614268800;signed=1;currentDay=3
signTime=1614355200;signed=1;currentDay=3"
sign_num="1"
giftName=""
giftRes="ok"
giftDate="20210221"
sign_res_info="
2021/02/17_00:00:00  2    未签到
2021/02/18_00:00:00  2    未签到
2021/02/19_00:00:00  2    未签到
2021/02/20_00:00:00  2    未签到
2021/02/21_01:10:45  1    [已~签~到]
2021/02/22_00:00:00  3    未签到
2021/02/23_00:00:00  3    未签到
2021/02/24_00:00:00  3    未签到
2021/02/25_00:00:00  3    未签到
2021/02/26_00:00:00  3    未签到
2021/02/27_00:00:00  3    未签到
当天签到奖励 []
已签到 1 天"
#王 1309893722-164885 sign_res_end
