03/26/21 01:10:27 509981100  1616692227
RANDOM_num: 5
removed '/tmp/tmp.S59FlyCJJu'
03/26/21 01:10:27 614104100  1616692227 检查122294312-396444签到
removed '/tmp/tmp.AKmSTwpum7'
03/26/21 01:10:27 729467000  1616692227 检查1309893722-164885签到

03/26/21 01:10:27 795343700  1616692227 赵签到安娜苏（AnnaSui)美妆京东自营旗舰店

real	0m0.172s
user	0m0.016s
sys	0m0.078s
{"code":200,"data":[{"level":0,"prizeList":[{"discount":10.00,"type":6,"number":10000,"budgetNum":100000,"userPirzeStatus":2,"class":"com.jd.interact.center.client.api.user.domain.InteractUserPrize","status":2}],"signType":0,"class":"com.jd.interact.center.client.api.color.domain.sign.ShopSignInteractUserPrizeRule","userPrizeRuleStatus":2}],"class":"com.jd.interact.center.client.api.common.param.Results","success":true}

03/26/21 01:10:28 073774300  1616692228 王签到安娜苏（AnnaSui)美妆京东自营旗舰店

real	0m0.187s
user	0m0.031s
sys	0m0.063s
{"code":200,"data":[{"level":0,"prizeList":[{"discount":10.00,"type":6,"number":10000,"budgetNum":100000,"userPirzeStatus":2,"class":"com.jd.interact.center.client.api.user.domain.InteractUserPrize","status":2}],"signType":0,"class":"com.jd.interact.center.client.api.color.domain.sign.ShopSignInteractUserPrizeRule","userPrizeRuleStatus":2}],"class":"com.jd.interact.center.client.api.common.param.Results","success":true}
03/26/21 01:10:28 342526600 1616692228
03/26/21 01:10:28 356306000 1616692228 签到安娜苏（AnnaSui)美妆京东自营旗舰店完成

03/26/21 01:10:33 428263300  1616692233
赵签到安娜苏（AnnaSui)美妆京东自营旗舰店查看结果
200
首次签到成功. 写入giftName: 奖励10,type=6;

***********************************************
2021/03/16_23:02:20  2    [已~签~到]
2021/03/17_01:13:16  2    [已~签~到]
2021/03/18_01:13:19  2    [已~签~到]
2021/03/19_01:11:27  2    [已~签~到]
2021/03/20_00:00:02  2    [已~签~到]
2021/03/21_01:12:37  2    [已~签~到]
2021/03/22_01:11:11  2    [已~签~到]
2021/03/23_01:11:50  2    [已~签~到]
2021/03/24_01:11:17  2    [已~签~到]
2021/03/25_01:09:08  2    [已~签~到]
2021/03/26_01:10:27  1    [已~签~到]
2021/03/27_00:00:00  3    未签到
2021/03/28_00:00:00  3    未签到
2021/03/29_00:00:00  3    未签到
2021/03/30_00:00:00  3    未签到
2021/03/31_00:00:00  3    未签到
2021/04/01_00:00:00  3    未签到
2021/04/02_00:00:00  3    未签到
2021/04/03_00:00:00  3    未签到
2021/04/04_00:00:00  3    未签到
2021/04/05_00:00:00  3    未签到
2021/04/06_00:00:00  3    未签到
2021/04/07_00:00:00  3    未签到
2021/04/08_00:00:00  3    未签到
2021/04/09_00:00:00  3    未签到
2021/04/10_00:00:00  3    未签到
2021/04/11_00:00:00  3    未签到
2021/04/12_00:00:00  3    未签到
2021/04/13_00:00:00  3    未签到
当天签到奖励 [奖励10,type=6;]
已签到 11 天
***********************************************

王签到安娜苏（AnnaSui)美妆京东自营旗舰店查看结果
200
首次签到成功. 写入giftName: 奖励10,type=6;

***********************************************
2021/03/16_23:02:20  2    [已~签~到]
2021/03/17_01:13:16  2    [已~签~到]
2021/03/18_01:13:19  2    [已~签~到]
2021/03/19_01:11:28  2    [已~签~到]
2021/03/20_00:00:04  2    [已~签~到]
2021/03/21_01:12:37  2    [已~签~到]
2021/03/22_01:11:11  2    [已~签~到]
2021/03/23_01:11:51  2    [已~签~到]
2021/03/24_01:11:17  2    [已~签~到]
2021/03/25_01:09:08  2    [已~签~到]
2021/03/26_01:10:28  1    [已~签~到]
2021/03/27_00:00:00  3    未签到
2021/03/28_00:00:00  3    未签到
2021/03/29_00:00:00  3    未签到
2021/03/30_00:00:00  3    未签到
2021/03/31_00:00:00  3    未签到
2021/04/01_00:00:00  3    未签到
2021/04/02_00:00:00  3    未签到
2021/04/03_00:00:00  3    未签到
2021/04/04_00:00:00  3    未签到
2021/04/05_00:00:00  3    未签到
2021/04/06_00:00:00  3    未签到
2021/04/07_00:00:00  3    未签到
2021/04/08_00:00:00  3    未签到
2021/04/09_00:00:00  3    未签到
2021/04/10_00:00:00  3    未签到
2021/04/11_00:00:00  3    未签到
2021/04/12_00:00:00  3    未签到
2021/04/13_00:00:00  3    未签到
当天签到奖励 [奖励10,type=6;]
已签到 11 天
***********************************************



赵签到安娜苏（AnnaSui)美妆京东自营旗舰店日志
{"code":200,"data":{"signRecords":[{"signTime":1615906940246,"currentDay":2,"signed":2,"class":"com.jd.interact.center.client.api.color.domain.sign.InteractActivityUserActionRecord"},{"signTime":1615914796468,"currentDay":2,"signed":2,"class":"com.jd.interact.center.client.api.color.domain.sign.InteractActivityUserActionRecord"},{"signTime":1616001199130,"currentDay":2,"signed":2,"class":"com.jd.interact.center.client.api.color.domain.sign.InteractActivityUserActionRecord"},{"signTime":1616087487854,"currentDay":2,"signed":2,"class":"com.jd.interact.center.client.api.color.domain.sign.InteractActivityUserActionRecord"},{"signTime":1616169602044,"currentDay":2,"signed":2,"class":"com.jd.interact.center.client.api.color.domain.sign.InteractActivityUserActionRecord"},{"signTime":1616260357234,"currentDay":2,"signed":2,"class":"com.jd.interact.center.client.api.color.domain.sign.InteractActivityUserActionRecord"},{"signTime":1616346671055,"currentDay":2,"signed":2,"class":"com.jd.interact.center.client.api.color.domain.sign.InteractActivityUserActionRecord"},{"signTime":1616433110818,"currentDay":2,"signed":2,"class":"com.jd.interact.center.client.api.color.domain.sign.InteractActivityUserActionRecord"},{"signTime":1616519477528,"currentDay":2,"signed":2,"class":"com.jd.interact.center.client.api.color.domain.sign.InteractActivityUserActionRecord"},{"signTime":1616605748296,"currentDay":2,"signed":2,"class":"com.jd.interact.center.client.api.color.domain.sign.InteractActivityUserActionRecord"},{"signTime":1616692227917,"currentDay":1,"signed":2,"class":"com.jd.interact.center.client.api.color.domain.sign.InteractActivityUserActionRecord"},{"signTime":1616774400000,"currentDay":3,"signed":1,"class":"com.jd.interact.center.client.api.color.domain.sign.InteractActivityUserActionRecord"},{"signTime":1616860800000,"currentDay":3,"signed":1,"class":"com.jd.interact.center.client.api.color.domain.sign.InteractActivityUserActionRecord"},{"signTime":1616947200000,"currentDay":3,"signed":1,"class":"com.jd.interact.center.client.api.color.domain.sign.InteractActivityUserActionRecord"},{"signTime":1617033600000,"currentDay":3,"signed":1,"class":"com.jd.interact.center.client.api.color.domain.sign.InteractActivityUserActionRecord"},{"signTime":1617120000000,"currentDay":3,"signed":1,"class":"com.jd.interact.center.client.api.color.domain.sign.InteractActivityUserActionRecord"},{"signTime":1617206400000,"currentDay":3,"signed":1,"class":"com.jd.interact.center.client.api.color.domain.sign.InteractActivityUserActionRecord"},{"signTime":1617292800000,"currentDay":3,"signed":1,"class":"com.jd.interact.center.client.api.color.domain.sign.InteractActivityUserActionRecord"},{"signTime":1617379200000,"currentDay":3,"signed":1,"class":"com.jd.interact.center.client.api.color.domain.sign.InteractActivityUserActionRecord"},{"signTime":1617465600000,"currentDay":3,"signed":1,"class":"com.jd.interact.center.client.api.color.domain.sign.InteractActivityUserActionRecord"},{"signTime":1617552000000,"currentDay":3,"signed":1,"class":"com.jd.interact.center.client.api.color.domain.sign.InteractActivityUserActionRecord"},{"signTime":1617638400000,"currentDay":3,"signed":1,"class":"com.jd.interact.center.client.api.color.domain.sign.InteractActivityUserActionRecord"},{"signTime":1617724800000,"currentDay":3,"signed":1,"class":"com.jd.interact.center.client.api.color.domain.sign.InteractActivityUserActionRecord"},{"signTime":1617811200000,"currentDay":3,"signed":1,"class":"com.jd.interact.center.client.api.color.domain.sign.InteractActivityUserActionRecord"},{"signTime":1617897600000,"currentDay":3,"signed":1,"class":"com.jd.interact.center.client.api.color.domain.sign.InteractActivityUserActionRecord"},{"signTime":1617984000000,"currentDay":3,"signed":1,"class":"com.jd.interact.center.client.api.color.domain.sign.InteractActivityUserActionRecord"},{"signTime":1618070400000,"currentDay":3,"signed":1,"class":"com.jd.interact.center.client.api.color.domain.sign.InteractActivityUserActionRecord"},{"signTime":1618156800000,"currentDay":3,"signed":1,"class":"com.jd.interact.center.client.api.color.domain.sign.InteractActivityUserActionRecord"},{"signTime":1618243200000,"currentDay":3,"signed":1,"class":"com.jd.interact.center.client.api.color.domain.sign.InteractActivityUserActionRecord"}],"days":11,"class":"com.jd.interact.center.client.api.color.domain.sign.ShopSignUserRecord"},"class":"com.jd.interact.center.client.api.common.param.Results","success":true}
{
  "contiSignNum": 11
}
王签到安娜苏（AnnaSui)美妆京东自营旗舰店日志
{"code":200,"data":{"signRecords":[{"signTime":1615906940546,"currentDay":2,"signed":2,"class":"com.jd.interact.center.client.api.color.domain.sign.InteractActivityUserActionRecord"},{"signTime":1615914796778,"currentDay":2,"signed":2,"class":"com.jd.interact.center.client.api.color.domain.sign.InteractActivityUserActionRecord"},{"signTime":1616001199422,"currentDay":2,"signed":2,"class":"com.jd.interact.center.client.api.color.domain.sign.InteractActivityUserActionRecord"},{"signTime":1616087488115,"currentDay":2,"signed":2,"class":"com.jd.interact.center.client.api.color.domain.sign.InteractActivityUserActionRecord"},{"signTime":1616169604208,"currentDay":2,"signed":2,"class":"com.jd.interact.center.client.api.color.domain.sign.InteractActivityUserActionRecord"},{"signTime":1616260357486,"currentDay":2,"signed":2,"class":"com.jd.interact.center.client.api.color.domain.sign.InteractActivityUserActionRecord"},{"signTime":1616346671299,"currentDay":2,"signed":2,"class":"com.jd.interact.center.client.api.color.domain.sign.InteractActivityUserActionRecord"},{"signTime":1616433111081,"currentDay":2,"signed":2,"class":"com.jd.interact.center.client.api.color.domain.sign.InteractActivityUserActionRecord"},{"signTime":1616519477752,"currentDay":2,"signed":2,"class":"com.jd.interact.center.client.api.color.domain.sign.InteractActivityUserActionRecord"},{"signTime":1616605748546,"currentDay":2,"signed":2,"class":"com.jd.interact.center.client.api.color.domain.sign.InteractActivityUserActionRecord"},{"signTime":1616692228214,"currentDay":1,"signed":2,"class":"com.jd.interact.center.client.api.color.domain.sign.InteractActivityUserActionRecord"},{"signTime":1616774400000,"currentDay":3,"signed":1,"class":"com.jd.interact.center.client.api.color.domain.sign.InteractActivityUserActionRecord"},{"signTime":1616860800000,"currentDay":3,"signed":1,"class":"com.jd.interact.center.client.api.color.domain.sign.InteractActivityUserActionRecord"},{"signTime":1616947200000,"currentDay":3,"signed":1,"class":"com.jd.interact.center.client.api.color.domain.sign.InteractActivityUserActionRecord"},{"signTime":1617033600000,"currentDay":3,"signed":1,"class":"com.jd.interact.center.client.api.color.domain.sign.InteractActivityUserActionRecord"},{"signTime":1617120000000,"currentDay":3,"signed":1,"class":"com.jd.interact.center.client.api.color.domain.sign.InteractActivityUserActionRecord"},{"signTime":1617206400000,"currentDay":3,"signed":1,"class":"com.jd.interact.center.client.api.color.domain.sign.InteractActivityUserActionRecord"},{"signTime":1617292800000,"currentDay":3,"signed":1,"class":"com.jd.interact.center.client.api.color.domain.sign.InteractActivityUserActionRecord"},{"signTime":1617379200000,"currentDay":3,"signed":1,"class":"com.jd.interact.center.client.api.color.domain.sign.InteractActivityUserActionRecord"},{"signTime":1617465600000,"currentDay":3,"signed":1,"class":"com.jd.interact.center.client.api.color.domain.sign.InteractActivityUserActionRecord"},{"signTime":1617552000000,"currentDay":3,"signed":1,"class":"com.jd.interact.center.client.api.color.domain.sign.InteractActivityUserActionRecord"},{"signTime":1617638400000,"currentDay":3,"signed":1,"class":"com.jd.interact.center.client.api.color.domain.sign.InteractActivityUserActionRecord"},{"signTime":1617724800000,"currentDay":3,"signed":1,"class":"com.jd.interact.center.client.api.color.domain.sign.InteractActivityUserActionRecord"},{"signTime":1617811200000,"currentDay":3,"signed":1,"class":"com.jd.interact.center.client.api.color.domain.sign.InteractActivityUserActionRecord"},{"signTime":1617897600000,"currentDay":3,"signed":1,"class":"com.jd.interact.center.client.api.color.domain.sign.InteractActivityUserActionRecord"},{"signTime":1617984000000,"currentDay":3,"signed":1,"class":"com.jd.interact.center.client.api.color.domain.sign.InteractActivityUserActionRecord"},{"signTime":1618070400000,"currentDay":3,"signed":1,"class":"com.jd.interact.center.client.api.color.domain.sign.InteractActivityUserActionRecord"},{"signTime":1618156800000,"currentDay":3,"signed":1,"class":"com.jd.interact.center.client.api.color.domain.sign.InteractActivityUserActionRecord"},{"signTime":1618243200000,"currentDay":3,"signed":1,"class":"com.jd.interact.center.client.api.color.domain.sign.InteractActivityUserActionRecord"}],"days":11,"class":"com.jd.interact.center.client.api.color.domain.sign.ShopSignUserRecord"},"class":"com.jd.interact.center.client.api.common.param.Results","success":true}
{
  "contiSignNum": 11
}
# 短链接
suo_url=""
venderId=1000005110
startTime=1615824000000
endTime=1618329599000
activityId=10298234
token=1FBA6F76C7973B554DC586BEC577FD31
#店铺名称
vendername="安娜苏（AnnaSui)美妆京东自营旗舰店"
# 长链接
url=https://h5.m.jd.com/babelDiy/Zeus/2PAAf74aG3D61qvfKUM5dxUssJQ9/index.html?token=1FBA6F76C7973B554DC586BEC577FD31
# 活动时间：2021.03.16 00:00:00 - 2021.04.13 23:59:59
# 奖励说明：
actRule="
每日签到：10店铺积分
连续签到5天：20京豆
"
#肥鹅 jd_4d651d9e48204 sign_res
sign_res="
signTime=1615906949;signed=2;currentDay=2
signTime=1615914811;signed=2;currentDay=2
signTime=1616001248;signed=2;currentDay=2
signTime=1616087531;signed=2;currentDay=2
signTime=1616169601;signed=2;currentDay=2
signTime=1616260371;signed=2;currentDay=2
signTime=1616346705;signed=2;currentDay=2
signTime=1616433129;signed=2;currentDay=2
signTime=1616519486;signed=2;currentDay=2
signTime=1616605758;signed=2;currentDay=1
signTime=1616688000;signed=1;currentDay=3
signTime=1616774400;signed=1;currentDay=3
signTime=1616860800;signed=1;currentDay=3
signTime=1616947200;signed=1;currentDay=3
signTime=1617033600;signed=1;currentDay=3
signTime=1617120000;signed=1;currentDay=3
signTime=1617206400;signed=1;currentDay=3
signTime=1617292800;signed=1;currentDay=3
signTime=1617379200;signed=1;currentDay=3
signTime=1617465600;signed=1;currentDay=3
signTime=1617552000;signed=1;currentDay=3
signTime=1617638400;signed=1;currentDay=3
signTime=1617724800;signed=1;currentDay=3
signTime=1617811200;signed=1;currentDay=3
signTime=1617897600;signed=1;currentDay=3
signTime=1617984000;signed=1;currentDay=3
signTime=1618070400;signed=1;currentDay=3
signTime=1618156800;signed=1;currentDay=3
signTime=1618243200;signed=1;currentDay=3"
sign_num="10"
giftName="奖励10,type=6;"
giftRes="ok"
giftDate="20210325"
sign_res_info="
2021/03/16_23:02:29  2    [已~签~到]
2021/03/17_01:13:31  2    [已~签~到]
2021/03/18_01:14:08  2    [已~签~到]
2021/03/19_01:12:11  2    [已~签~到]
2021/03/20_00:00:01  2    [已~签~到]
2021/03/21_01:12:51  2    [已~签~到]
2021/03/22_01:11:45  2    [已~签~到]
2021/03/23_01:12:09  2    [已~签~到]
2021/03/24_01:11:26  2    [已~签~到]
2021/03/25_01:09:18  1    [已~签~到]
2021/03/26_00:00:00  3    未签到
2021/03/27_00:00:00  3    未签到
2021/03/28_00:00:00  3    未签到
2021/03/29_00:00:00  3    未签到
2021/03/30_00:00:00  3    未签到
2021/03/31_00:00:00  3    未签到
2021/04/01_00:00:00  3    未签到
2021/04/02_00:00:00  3    未签到
2021/04/03_00:00:00  3    未签到
2021/04/04_00:00:00  3    未签到
2021/04/05_00:00:00  3    未签到
2021/04/06_00:00:00  3    未签到
2021/04/07_00:00:00  3    未签到
2021/04/08_00:00:00  3    未签到
2021/04/09_00:00:00  3    未签到
2021/04/10_00:00:00  3    未签到
2021/04/11_00:00:00  3    未签到
2021/04/12_00:00:00  3    未签到
2021/04/13_00:00:00  3    未签到
当天签到奖励 [奖励10,type=6;]
已签到 10 天"
#肥鹅 jd_4d651d9e48204 sign_res_end
#移动 jd_OeTNobRVGiNZ sign_res
sign_res="
signTime=1615906950;signed=2;currentDay=2
signTime=1615914811;signed=2;currentDay=2
signTime=1616001248;signed=2;currentDay=2
signTime=1616087532;signed=2;currentDay=2
signTime=1616169603;signed=2;currentDay=2
signTime=1616260371;signed=2;currentDay=2
signTime=1616346705;signed=2;currentDay=2
signTime=1616433129;signed=2;currentDay=2
signTime=1616519486;signed=2;currentDay=2
signTime=1616605758;signed=2;currentDay=1
signTime=1616688000;signed=1;currentDay=3
signTime=1616774400;signed=1;currentDay=3
signTime=1616860800;signed=1;currentDay=3
signTime=1616947200;signed=1;currentDay=3
signTime=1617033600;signed=1;currentDay=3
signTime=1617120000;signed=1;currentDay=3
signTime=1617206400;signed=1;currentDay=3
signTime=1617292800;signed=1;currentDay=3
signTime=1617379200;signed=1;currentDay=3
signTime=1617465600;signed=1;currentDay=3
signTime=1617552000;signed=1;currentDay=3
signTime=1617638400;signed=1;currentDay=3
signTime=1617724800;signed=1;currentDay=3
signTime=1617811200;signed=1;currentDay=3
signTime=1617897600;signed=1;currentDay=3
signTime=1617984000;signed=1;currentDay=3
signTime=1618070400;signed=1;currentDay=3
signTime=1618156800;signed=1;currentDay=3
signTime=1618243200;signed=1;currentDay=3"
sign_num="10"
giftName="奖励10,type=6;"
giftRes="ok"
giftDate="20210325"
sign_res_info="
2021/03/16_23:02:30  2    [已~签~到]
2021/03/17_01:13:31  2    [已~签~到]
2021/03/18_01:14:08  2    [已~签~到]
2021/03/19_01:12:12  2    [已~签~到]
2021/03/20_00:00:03  2    [已~签~到]
2021/03/21_01:12:51  2    [已~签~到]
2021/03/22_01:11:45  2    [已~签~到]
2021/03/23_01:12:09  2    [已~签~到]
2021/03/24_01:11:26  2    [已~签~到]
2021/03/25_01:09:18  1    [已~签~到]
2021/03/26_00:00:00  3    未签到
2021/03/27_00:00:00  3    未签到
2021/03/28_00:00:00  3    未签到
2021/03/29_00:00:00  3    未签到
2021/03/30_00:00:00  3    未签到
2021/03/31_00:00:00  3    未签到
2021/04/01_00:00:00  3    未签到
2021/04/02_00:00:00  3    未签到
2021/04/03_00:00:00  3    未签到
2021/04/04_00:00:00  3    未签到
2021/04/05_00:00:00  3    未签到
2021/04/06_00:00:00  3    未签到
2021/04/07_00:00:00  3    未签到
2021/04/08_00:00:00  3    未签到
2021/04/09_00:00:00  3    未签到
2021/04/10_00:00:00  3    未签到
2021/04/11_00:00:00  3    未签到
2021/04/12_00:00:00  3    未签到
2021/04/13_00:00:00  3    未签到
当天签到奖励 [奖励10,type=6;]
已签到 10 天"
#移动 jd_OeTNobRVGiNZ sign_res_end
#赵 122294312-396444 sign_res
sign_res="
signTime=1615906940;signed=2;currentDay=2
signTime=1615914796;signed=2;currentDay=2
signTime=1616001199;signed=2;currentDay=2
signTime=1616087487;signed=2;currentDay=2
signTime=1616169602;signed=2;currentDay=2
signTime=1616260357;signed=2;currentDay=2
signTime=1616346671;signed=2;currentDay=2
signTime=1616433110;signed=2;currentDay=2
signTime=1616519477;signed=2;currentDay=2
signTime=1616605748;signed=2;currentDay=2
signTime=1616692227;signed=2;currentDay=1
signTime=1616774400;signed=1;currentDay=3
signTime=1616860800;signed=1;currentDay=3
signTime=1616947200;signed=1;currentDay=3
signTime=1617033600;signed=1;currentDay=3
signTime=1617120000;signed=1;currentDay=3
signTime=1617206400;signed=1;currentDay=3
signTime=1617292800;signed=1;currentDay=3
signTime=1617379200;signed=1;currentDay=3
signTime=1617465600;signed=1;currentDay=3
signTime=1617552000;signed=1;currentDay=3
signTime=1617638400;signed=1;currentDay=3
signTime=1617724800;signed=1;currentDay=3
signTime=1617811200;signed=1;currentDay=3
signTime=1617897600;signed=1;currentDay=3
signTime=1617984000;signed=1;currentDay=3
signTime=1618070400;signed=1;currentDay=3
signTime=1618156800;signed=1;currentDay=3
signTime=1618243200;signed=1;currentDay=3"
sign_num="11"
giftName="奖励10,type=6;"
giftRes="ok"
giftDate="20210326"
sign_res_info="
2021/03/16_23:02:20  2    [已~签~到]
2021/03/17_01:13:16  2    [已~签~到]
2021/03/18_01:13:19  2    [已~签~到]
2021/03/19_01:11:27  2    [已~签~到]
2021/03/20_00:00:02  2    [已~签~到]
2021/03/21_01:12:37  2    [已~签~到]
2021/03/22_01:11:11  2    [已~签~到]
2021/03/23_01:11:50  2    [已~签~到]
2021/03/24_01:11:17  2    [已~签~到]
2021/03/25_01:09:08  2    [已~签~到]
2021/03/26_01:10:27  1    [已~签~到]
2021/03/27_00:00:00  3    未签到
2021/03/28_00:00:00  3    未签到
2021/03/29_00:00:00  3    未签到
2021/03/30_00:00:00  3    未签到
2021/03/31_00:00:00  3    未签到
2021/04/01_00:00:00  3    未签到
2021/04/02_00:00:00  3    未签到
2021/04/03_00:00:00  3    未签到
2021/04/04_00:00:00  3    未签到
2021/04/05_00:00:00  3    未签到
2021/04/06_00:00:00  3    未签到
2021/04/07_00:00:00  3    未签到
2021/04/08_00:00:00  3    未签到
2021/04/09_00:00:00  3    未签到
2021/04/10_00:00:00  3    未签到
2021/04/11_00:00:00  3    未签到
2021/04/12_00:00:00  3    未签到
2021/04/13_00:00:00  3    未签到
当天签到奖励 [奖励10,type=6;]
已签到 11 天"
#赵 122294312-396444 sign_res_end
#王 1309893722-164885 sign_res
sign_res="
signTime=1615906940;signed=2;currentDay=2
signTime=1615914796;signed=2;currentDay=2
signTime=1616001199;signed=2;currentDay=2
signTime=1616087488;signed=2;currentDay=2
signTime=1616169604;signed=2;currentDay=2
signTime=1616260357;signed=2;currentDay=2
signTime=1616346671;signed=2;currentDay=2
signTime=1616433111;signed=2;currentDay=2
signTime=1616519477;signed=2;currentDay=2
signTime=1616605748;signed=2;currentDay=2
signTime=1616692228;signed=2;currentDay=1
signTime=1616774400;signed=1;currentDay=3
signTime=1616860800;signed=1;currentDay=3
signTime=1616947200;signed=1;currentDay=3
signTime=1617033600;signed=1;currentDay=3
signTime=1617120000;signed=1;currentDay=3
signTime=1617206400;signed=1;currentDay=3
signTime=1617292800;signed=1;currentDay=3
signTime=1617379200;signed=1;currentDay=3
signTime=1617465600;signed=1;currentDay=3
signTime=1617552000;signed=1;currentDay=3
signTime=1617638400;signed=1;currentDay=3
signTime=1617724800;signed=1;currentDay=3
signTime=1617811200;signed=1;currentDay=3
signTime=1617897600;signed=1;currentDay=3
signTime=1617984000;signed=1;currentDay=3
signTime=1618070400;signed=1;currentDay=3
signTime=1618156800;signed=1;currentDay=3
signTime=1618243200;signed=1;currentDay=3"
sign_num="11"
giftName="奖励10,type=6;"
giftRes="ok"
giftDate="20210326"
sign_res_info="
2021/03/16_23:02:20  2    [已~签~到]
2021/03/17_01:13:16  2    [已~签~到]
2021/03/18_01:13:19  2    [已~签~到]
2021/03/19_01:11:28  2    [已~签~到]
2021/03/20_00:00:04  2    [已~签~到]
2021/03/21_01:12:37  2    [已~签~到]
2021/03/22_01:11:11  2    [已~签~到]
2021/03/23_01:11:51  2    [已~签~到]
2021/03/24_01:11:17  2    [已~签~到]
2021/03/25_01:09:08  2    [已~签~到]
2021/03/26_01:10:28  1    [已~签~到]
2021/03/27_00:00:00  3    未签到
2021/03/28_00:00:00  3    未签到
2021/03/29_00:00:00  3    未签到
2021/03/30_00:00:00  3    未签到
2021/03/31_00:00:00  3    未签到
2021/04/01_00:00:00  3    未签到
2021/04/02_00:00:00  3    未签到
2021/04/03_00:00:00  3    未签到
2021/04/04_00:00:00  3    未签到
2021/04/05_00:00:00  3    未签到
2021/04/06_00:00:00  3    未签到
2021/04/07_00:00:00  3    未签到
2021/04/08_00:00:00  3    未签到
2021/04/09_00:00:00  3    未签到
2021/04/10_00:00:00  3    未签到
2021/04/11_00:00:00  3    未签到
2021/04/12_00:00:00  3    未签到
2021/04/13_00:00:00  3    未签到
当天签到奖励 [奖励10,type=6;]
已签到 11 天"
#王 1309893722-164885 sign_res_end
