03/02/21 02:03:27 858312700  1614621807
RANDOM_num: 40
removed '/tmp/tmp.QuMabMpaqc'
03/02/21 02:03:28 024202100  1614621808
è‚¥é¹… ä»Šå¤©å·²ç»ç­¾åˆ°è¿‡. ç­¾åˆ°ç»“æœ: ok  giftDate: 20210302
***********************************************


å½“å¤©ç­¾åˆ°å¥–åŠ± [null]
è¿ç»­ç­¾åˆ°  å¤©
ç­¾åˆ°æ€»å¤©æ•° 
***********************************************

è‚¥é¹… ç­¾åˆ°ç»“æœè·å–å¤±è´¥.
03/02/21 02:03:28 044007300  1614621808 æ£€æŸ¥è‚¥é¹…ç­¾åˆ°

real	0m0.175s
user	0m0.000s
sys	0m0.063s
lzkj-isv.isvjcloud.com	FALSE	/	FALSE	1614622408	LZ_TOKEN_VALUE	B0oH3vDY2bhHWuKbVaJ+XQ==
lzkj-isv.isvjcloud.com	FALSE	/	FALSE	1614622408	LZ_TOKEN_KEY	lztokenpageb9492aa51b4f4ab6b54c995e21f60ad5
03/02/21 02:03:28 334172800  1614621808
use pt_key

real	0m0.136s
user	0m0.078s
sys	0m0.109s
03/02/21 02:03:28 487213700  1614621808 token: AAFgPSxwADDhqkVAH8KPMBDUZ-5Smy8y7SIxda5oGSTA41GnSo8xReYjc4BGk1WDDpbMQs12G4E

real	0m0.314s
user	0m0.016s
sys	0m0.078s
03/02/21 02:03:28 908878800  1614621808 secretPin: 4YEv+ri88IbQX5lhoqHrzE7oeVP9kq2pYSH90mYt4m3fwcJlClpxrfmVYaGKuquQkdK3rLBQpEQH9V4tdrrh0w==

03/02/21 02:03:28 925379600  1614621808 è‚¥é¹…ç­¾åˆ°æ˜“å¼€å¾—å®˜æ–¹äº¬ä¸œè‡ªè¥æ——èˆ°åº—

real	0m0.252s
user	0m0.047s
sys	0m0.063s
{
  "msg": "å½“å¤©åªèƒ½ç­¾åˆ°ä¸€æ¬¡",
  "isOk": false
}
"å½“å¤©åªèƒ½ç­¾åˆ°ä¸€æ¬¡"
03/02/21 02:03:29 497770600 1614621809
03/02/21 02:03:29 511347300 1614621809 ç­¾åˆ°æ˜“å¼€å¾—å®˜æ–¹äº¬ä¸œè‡ªè¥æ——èˆ°åº—å®Œæˆ
03/02/21 02:04:09 586142400  1614621849
false
é‡å¤ç­¾åˆ°. è½½å…¥ä¹‹å‰ç­¾åˆ°çš„giftName: null
parse error: Invalid numeric literal at line 1, column 10
parse error: Invalid numeric literal at line 1, column 10

***********************************************

å½“å¤©ç­¾åˆ°å¥–åŠ± [null]
è¿ç»­ç­¾åˆ°  å¤©
ç­¾åˆ°æ€»å¤©æ•° 
***********************************************

è‚¥é¹…ç­¾åˆ°æ˜“å¼€å¾—å®˜æ–¹äº¬ä¸œè‡ªè¥æ——èˆ°åº—æŸ¥çœ‹ç»“æœ
<!DOCTYPE html>
<html>
 <head> 
  <title>äº¬ä¸œ</title> 
  <meta charset="utf-8" /> 
  <meta name="apple-mobile-web-app-capable" content="yes" /> 
  <meta name="viewport" content="width=device-width,initial-scale=1,user-scalable=no,maximum-scale=1,viewport-fit=cover" /> 
  <meta name="format-detection" content="telephone=no" /> 
  <meta name="x5-cache" content="enable" /> 
  <link rel="stylesheet" href="https://storage.360buyimg.com/babel/00162638/333378/production/dev/parser.1526555535098.css?t=20180517191236" /> 
  <style> img {
            opacity: 1 !important;
        } </style> 
  <link href="https://storage.360buyimg.com/babel/00170893/348321/production/dev/index.7320a380.css?t=20180802150952" rel="stylesheet" />
 </head> 
 <body style="background:#fff;" id="root"> 
  <div class="errorPage"> 
  </div> 
  <div class="placeholer"> 
  </div> 
  <script src="https://wl.jd.com/unify.min.js"></script> 
  <script type="text/javascript" src="https://storage.360buyimg.com/babel/00170893/348321/production/dev/index.0f8f4dba.js?t=20180802150952"></script> 
 </body>
</html>

parse error: Invalid numeric literal at line 1, column 10
[0;31;3mRUN  at {283:<--} ERROR CODE: 4[0m [0;31;3m[20210302 02:04:11] [ERROR] [0m

