03/20/21 01:00:18 778671100  1616173218
RANDOM_num: 15
removed '/tmp/tmp.qGQcoIsJfm'
03/20/21 01:00:18 903812100  1616173218 检查jd_4d651d9e48204签到
removed '/tmp/tmp.Y00GtPX4mU'
03/20/21 01:00:18 995770400  1616173218 检查jd_OeTNobRVGiNZ签到

03/20/21 01:00:19 051266100  1616173219 肥鹅签到352官方旗舰店

real	0m0.138s
user	0m0.016s
sys	0m0.094s
{"code":200,"data":[],"class":"com.jd.interact.center.client.api.common.param.Results","success":true}

03/20/21 01:00:19 276872400  1616173219 移动签到352官方旗舰店

real	0m0.203s
user	0m0.016s
sys	0m0.094s
{"code":200,"data":[],"class":"com.jd.interact.center.client.api.common.param.Results","success":true}
03/20/21 01:00:19 660395100 1616173219
03/20/21 01:00:19 678530600 1616173219 签到352官方旗舰店完成

03/20/21 01:00:34 768159600  1616173234
肥鹅签到352官方旗舰店查看结果
200
首次签到成功. 写入giftName: 

***********************************************
2021/03/18_20:56:56  2    [已~签~到]
2021/03/19_07:12:09  2    [已~签~到]
2021/03/20_01:00:19  1    [已~签~到]
2021/03/21_00:00:00  3    未签到
2021/03/22_00:00:00  3    未签到
2021/03/23_00:00:00  3    未签到
2021/03/24_00:00:00  3    未签到
2021/03/25_00:00:00  3    未签到
2021/03/26_00:00:00  3    未签到
2021/03/27_00:00:00  3    未签到
2021/03/28_00:00:00  3    未签到
2021/03/29_00:00:00  3    未签到
2021/03/30_00:00:00  3    未签到
2021/03/31_00:00:00  3    未签到
2021/04/01_00:00:00  3    未签到
2021/04/02_00:00:00  3    未签到
2021/04/03_00:00:00  3    未签到
2021/04/04_00:00:00  3    未签到
2021/04/05_00:00:00  3    未签到
2021/04/06_00:00:00  3    未签到
2021/04/07_00:00:00  3    未签到
2021/04/08_00:00:00  3    未签到
2021/04/09_00:00:00  3    未签到
2021/04/10_00:00:00  3    未签到
2021/04/11_00:00:00  3    未签到
2021/04/12_00:00:00  3    未签到
2021/04/13_00:00:00  3    未签到
2021/04/14_00:00:00  3    未签到
2021/04/15_00:00:00  3    未签到
当天签到奖励 []
已签到 3 天
***********************************************

移动签到352官方旗舰店查看结果
200
首次签到成功. 写入giftName: 

***********************************************
2021/03/18_00:00:00  2    未签到
2021/03/19_07:12:09  2    [已~签~到]
2021/03/20_01:00:19  1    [已~签~到]
2021/03/21_00:00:00  3    未签到
2021/03/22_00:00:00  3    未签到
2021/03/23_00:00:00  3    未签到
2021/03/24_00:00:00  3    未签到
2021/03/25_00:00:00  3    未签到
2021/03/26_00:00:00  3    未签到
2021/03/27_00:00:00  3    未签到
2021/03/28_00:00:00  3    未签到
2021/03/29_00:00:00  3    未签到
2021/03/30_00:00:00  3    未签到
2021/03/31_00:00:00  3    未签到
2021/04/01_00:00:00  3    未签到
2021/04/02_00:00:00  3    未签到
2021/04/03_00:00:00  3    未签到
2021/04/04_00:00:00  3    未签到
2021/04/05_00:00:00  3    未签到
2021/04/06_00:00:00  3    未签到
2021/04/07_00:00:00  3    未签到
2021/04/08_00:00:00  3    未签到
2021/04/09_00:00:00  3    未签到
2021/04/10_00:00:00  3    未签到
2021/04/11_00:00:00  3    未签到
2021/04/12_00:00:00  3    未签到
2021/04/13_00:00:00  3    未签到
2021/04/14_00:00:00  3    未签到
2021/04/15_00:00:00  3    未签到
当天签到奖励 []
已签到 2 天
***********************************************



肥鹅签到352官方旗舰店日志
{"code":200,"data":{"signRecords":[{"signTime":1616072216127,"currentDay":2,"signed":2,"class":"com.jd.interact.center.client.api.color.domain.sign.InteractActivityUserActionRecord"},{"signTime":1616109129662,"currentDay":2,"signed":2,"class":"com.jd.interact.center.client.api.color.domain.sign.InteractActivityUserActionRecord"},{"signTime":1616173219181,"currentDay":1,"signed":2,"class":"com.jd.interact.center.client.api.color.domain.sign.InteractActivityUserActionRecord"},{"signTime":1616256000000,"currentDay":3,"signed":1,"class":"com.jd.interact.center.client.api.color.domain.sign.InteractActivityUserActionRecord"},{"signTime":1616342400000,"currentDay":3,"signed":1,"class":"com.jd.interact.center.client.api.color.domain.sign.InteractActivityUserActionRecord"},{"signTime":1616428800000,"currentDay":3,"signed":1,"class":"com.jd.interact.center.client.api.color.domain.sign.InteractActivityUserActionRecord"},{"signTime":1616515200000,"currentDay":3,"signed":1,"class":"com.jd.interact.center.client.api.color.domain.sign.InteractActivityUserActionRecord"},{"signTime":1616601600000,"currentDay":3,"signed":1,"class":"com.jd.interact.center.client.api.color.domain.sign.InteractActivityUserActionRecord"},{"signTime":1616688000000,"currentDay":3,"signed":1,"class":"com.jd.interact.center.client.api.color.domain.sign.InteractActivityUserActionRecord"},{"signTime":1616774400000,"currentDay":3,"signed":1,"class":"com.jd.interact.center.client.api.color.domain.sign.InteractActivityUserActionRecord"},{"signTime":1616860800000,"currentDay":3,"signed":1,"class":"com.jd.interact.center.client.api.color.domain.sign.InteractActivityUserActionRecord"},{"signTime":1616947200000,"currentDay":3,"signed":1,"class":"com.jd.interact.center.client.api.color.domain.sign.InteractActivityUserActionRecord"},{"signTime":1617033600000,"currentDay":3,"signed":1,"class":"com.jd.interact.center.client.api.color.domain.sign.InteractActivityUserActionRecord"},{"signTime":1617120000000,"currentDay":3,"signed":1,"class":"com.jd.interact.center.client.api.color.domain.sign.InteractActivityUserActionRecord"},{"signTime":1617206400000,"currentDay":3,"signed":1,"class":"com.jd.interact.center.client.api.color.domain.sign.InteractActivityUserActionRecord"},{"signTime":1617292800000,"currentDay":3,"signed":1,"class":"com.jd.interact.center.client.api.color.domain.sign.InteractActivityUserActionRecord"},{"signTime":1617379200000,"currentDay":3,"signed":1,"class":"com.jd.interact.center.client.api.color.domain.sign.InteractActivityUserActionRecord"},{"signTime":1617465600000,"currentDay":3,"signed":1,"class":"com.jd.interact.center.client.api.color.domain.sign.InteractActivityUserActionRecord"},{"signTime":1617552000000,"currentDay":3,"signed":1,"class":"com.jd.interact.center.client.api.color.domain.sign.InteractActivityUserActionRecord"},{"signTime":1617638400000,"currentDay":3,"signed":1,"class":"com.jd.interact.center.client.api.color.domain.sign.InteractActivityUserActionRecord"},{"signTime":1617724800000,"currentDay":3,"signed":1,"class":"com.jd.interact.center.client.api.color.domain.sign.InteractActivityUserActionRecord"},{"signTime":1617811200000,"currentDay":3,"signed":1,"class":"com.jd.interact.center.client.api.color.domain.sign.InteractActivityUserActionRecord"},{"signTime":1617897600000,"currentDay":3,"signed":1,"class":"com.jd.interact.center.client.api.color.domain.sign.InteractActivityUserActionRecord"},{"signTime":1617984000000,"currentDay":3,"signed":1,"class":"com.jd.interact.center.client.api.color.domain.sign.InteractActivityUserActionRecord"},{"signTime":1618070400000,"currentDay":3,"signed":1,"class":"com.jd.interact.center.client.api.color.domain.sign.InteractActivityUserActionRecord"},{"signTime":1618156800000,"currentDay":3,"signed":1,"class":"com.jd.interact.center.client.api.color.domain.sign.InteractActivityUserActionRecord"},{"signTime":1618243200000,"currentDay":3,"signed":1,"class":"com.jd.interact.center.client.api.color.domain.sign.InteractActivityUserActionRecord"},{"signTime":1618329600000,"currentDay":3,"signed":1,"class":"com.jd.interact.center.client.api.color.domain.sign.InteractActivityUserActionRecord"},{"signTime":1618416000000,"currentDay":3,"signed":1,"class":"com.jd.interact.center.client.api.color.domain.sign.InteractActivityUserActionRecord"}],"days":3,"class":"com.jd.interact.center.client.api.color.domain.sign.ShopSignUserRecord"},"class":"com.jd.interact.center.client.api.common.param.Results","success":true}
{
  "contiSignNum": 3
}
移动签到352官方旗舰店日志
{"code":200,"data":{"signRecords":[{"signTime":1615996800000,"currentDay":2,"signed":1,"class":"com.jd.interact.center.client.api.color.domain.sign.InteractActivityUserActionRecord"},{"signTime":1616109129941,"currentDay":2,"signed":2,"class":"com.jd.interact.center.client.api.color.domain.sign.InteractActivityUserActionRecord"},{"signTime":1616173219462,"currentDay":1,"signed":2,"class":"com.jd.interact.center.client.api.color.domain.sign.InteractActivityUserActionRecord"},{"signTime":1616256000000,"currentDay":3,"signed":1,"class":"com.jd.interact.center.client.api.color.domain.sign.InteractActivityUserActionRecord"},{"signTime":1616342400000,"currentDay":3,"signed":1,"class":"com.jd.interact.center.client.api.color.domain.sign.InteractActivityUserActionRecord"},{"signTime":1616428800000,"currentDay":3,"signed":1,"class":"com.jd.interact.center.client.api.color.domain.sign.InteractActivityUserActionRecord"},{"signTime":1616515200000,"currentDay":3,"signed":1,"class":"com.jd.interact.center.client.api.color.domain.sign.InteractActivityUserActionRecord"},{"signTime":1616601600000,"currentDay":3,"signed":1,"class":"com.jd.interact.center.client.api.color.domain.sign.InteractActivityUserActionRecord"},{"signTime":1616688000000,"currentDay":3,"signed":1,"class":"com.jd.interact.center.client.api.color.domain.sign.InteractActivityUserActionRecord"},{"signTime":1616774400000,"currentDay":3,"signed":1,"class":"com.jd.interact.center.client.api.color.domain.sign.InteractActivityUserActionRecord"},{"signTime":1616860800000,"currentDay":3,"signed":1,"class":"com.jd.interact.center.client.api.color.domain.sign.InteractActivityUserActionRecord"},{"signTime":1616947200000,"currentDay":3,"signed":1,"class":"com.jd.interact.center.client.api.color.domain.sign.InteractActivityUserActionRecord"},{"signTime":1617033600000,"currentDay":3,"signed":1,"class":"com.jd.interact.center.client.api.color.domain.sign.InteractActivityUserActionRecord"},{"signTime":1617120000000,"currentDay":3,"signed":1,"class":"com.jd.interact.center.client.api.color.domain.sign.InteractActivityUserActionRecord"},{"signTime":1617206400000,"currentDay":3,"signed":1,"class":"com.jd.interact.center.client.api.color.domain.sign.InteractActivityUserActionRecord"},{"signTime":1617292800000,"currentDay":3,"signed":1,"class":"com.jd.interact.center.client.api.color.domain.sign.InteractActivityUserActionRecord"},{"signTime":1617379200000,"currentDay":3,"signed":1,"class":"com.jd.interact.center.client.api.color.domain.sign.InteractActivityUserActionRecord"},{"signTime":1617465600000,"currentDay":3,"signed":1,"class":"com.jd.interact.center.client.api.color.domain.sign.InteractActivityUserActionRecord"},{"signTime":1617552000000,"currentDay":3,"signed":1,"class":"com.jd.interact.center.client.api.color.domain.sign.InteractActivityUserActionRecord"},{"signTime":1617638400000,"currentDay":3,"signed":1,"class":"com.jd.interact.center.client.api.color.domain.sign.InteractActivityUserActionRecord"},{"signTime":1617724800000,"currentDay":3,"signed":1,"class":"com.jd.interact.center.client.api.color.domain.sign.InteractActivityUserActionRecord"},{"signTime":1617811200000,"currentDay":3,"signed":1,"class":"com.jd.interact.center.client.api.color.domain.sign.InteractActivityUserActionRecord"},{"signTime":1617897600000,"currentDay":3,"signed":1,"class":"com.jd.interact.center.client.api.color.domain.sign.InteractActivityUserActionRecord"},{"signTime":1617984000000,"currentDay":3,"signed":1,"class":"com.jd.interact.center.client.api.color.domain.sign.InteractActivityUserActionRecord"},{"signTime":1618070400000,"currentDay":3,"signed":1,"class":"com.jd.interact.center.client.api.color.domain.sign.InteractActivityUserActionRecord"},{"signTime":1618156800000,"currentDay":3,"signed":1,"class":"com.jd.interact.center.client.api.color.domain.sign.InteractActivityUserActionRecord"},{"signTime":1618243200000,"currentDay":3,"signed":1,"class":"com.jd.interact.center.client.api.color.domain.sign.InteractActivityUserActionRecord"},{"signTime":1618329600000,"currentDay":3,"signed":1,"class":"com.jd.interact.center.client.api.color.domain.sign.InteractActivityUserActionRecord"},{"signTime":1618416000000,"currentDay":3,"signed":1,"class":"com.jd.interact.center.client.api.color.domain.sign.InteractActivityUserActionRecord"}],"days":2,"class":"com.jd.interact.center.client.api.color.domain.sign.ShopSignUserRecord"},"class":"com.jd.interact.center.client.api.common.param.Results","success":true}
{
  "contiSignNum": 2
}
# 短链接
suo_url="https://u.jd.com/ssGJPuP"
venderId=697953
startTime=1615996800000
endTime=1618502399000
activityId=10300299
token=81C9A99C33BBC33E63D690A93B288319
#店铺名称
vendername="352官方旗舰店"
# 长链接
url=https://h5.m.jd.com/babelDiy/Zeus/2PAAf74aG3D61qvfKUM5dxUssJQ9/index.html?token=81C9A99C33BBC33E63D690A93B288319&cu=true&utm_source=kong&utm_medium=jingfen&utm_campaign=t_2011226788_&utm_term=4b26eeb45ef54a38a7821dc7aa41cebd
# 活动时间：2021.03.18 00:00:00 - 2021.04.15 23:59:59
# 奖励说明：
actRule="
每日签到：10京豆
连续签到10天：满1000-100店铺券
"
#赵 122294312-396444 sign_res
sign_res="
signTime=1616072097;signed=2;currentDay=2
signTime=1616109118;signed=2;currentDay=2
signTime=1616173203;signed=2;currentDay=1
signTime=1616256000;signed=1;currentDay=3
signTime=1616342400;signed=1;currentDay=3
signTime=1616428800;signed=1;currentDay=3
signTime=1616515200;signed=1;currentDay=3
signTime=1616601600;signed=1;currentDay=3
signTime=1616688000;signed=1;currentDay=3
signTime=1616774400;signed=1;currentDay=3
signTime=1616860800;signed=1;currentDay=3
signTime=1616947200;signed=1;currentDay=3
signTime=1617033600;signed=1;currentDay=3
signTime=1617120000;signed=1;currentDay=3
signTime=1617206400;signed=1;currentDay=3
signTime=1617292800;signed=1;currentDay=3
signTime=1617379200;signed=1;currentDay=3
signTime=1617465600;signed=1;currentDay=3
signTime=1617552000;signed=1;currentDay=3
signTime=1617638400;signed=1;currentDay=3
signTime=1617724800;signed=1;currentDay=3
signTime=1617811200;signed=1;currentDay=3
signTime=1617897600;signed=1;currentDay=3
signTime=1617984000;signed=1;currentDay=3
signTime=1618070400;signed=1;currentDay=3
signTime=1618156800;signed=1;currentDay=3
signTime=1618243200;signed=1;currentDay=3
signTime=1618329600;signed=1;currentDay=3
signTime=1618416000;signed=1;currentDay=3"
sign_num="3"
giftName=""
giftRes="ok"
giftDate="20210320"
sign_res_info="
2021/03/18_20:54:57  2    [已~签~到]
2021/03/19_07:11:58  2    [已~签~到]
2021/03/20_01:00:03  1    [已~签~到]
2021/03/21_00:00:00  3    未签到
2021/03/22_00:00:00  3    未签到
2021/03/23_00:00:00  3    未签到
2021/03/24_00:00:00  3    未签到
2021/03/25_00:00:00  3    未签到
2021/03/26_00:00:00  3    未签到
2021/03/27_00:00:00  3    未签到
2021/03/28_00:00:00  3    未签到
2021/03/29_00:00:00  3    未签到
2021/03/30_00:00:00  3    未签到
2021/03/31_00:00:00  3    未签到
2021/04/01_00:00:00  3    未签到
2021/04/02_00:00:00  3    未签到
2021/04/03_00:00:00  3    未签到
2021/04/04_00:00:00  3    未签到
2021/04/05_00:00:00  3    未签到
2021/04/06_00:00:00  3    未签到
2021/04/07_00:00:00  3    未签到
2021/04/08_00:00:00  3    未签到
2021/04/09_00:00:00  3    未签到
2021/04/10_00:00:00  3    未签到
2021/04/11_00:00:00  3    未签到
2021/04/12_00:00:00  3    未签到
2021/04/13_00:00:00  3    未签到
2021/04/14_00:00:00  3    未签到
2021/04/15_00:00:00  3    未签到
当天签到奖励 []
已签到 3 天"
#赵 122294312-396444 sign_res_end
#王 1309893722-164885 sign_res
sign_res="
signTime=1616072057;signed=2;currentDay=2
signTime=1616109118;signed=2;currentDay=2
signTime=1616173204;signed=2;currentDay=1
signTime=1616256000;signed=1;currentDay=3
signTime=1616342400;signed=1;currentDay=3
signTime=1616428800;signed=1;currentDay=3
signTime=1616515200;signed=1;currentDay=3
signTime=1616601600;signed=1;currentDay=3
signTime=1616688000;signed=1;currentDay=3
signTime=1616774400;signed=1;currentDay=3
signTime=1616860800;signed=1;currentDay=3
signTime=1616947200;signed=1;currentDay=3
signTime=1617033600;signed=1;currentDay=3
signTime=1617120000;signed=1;currentDay=3
signTime=1617206400;signed=1;currentDay=3
signTime=1617292800;signed=1;currentDay=3
signTime=1617379200;signed=1;currentDay=3
signTime=1617465600;signed=1;currentDay=3
signTime=1617552000;signed=1;currentDay=3
signTime=1617638400;signed=1;currentDay=3
signTime=1617724800;signed=1;currentDay=3
signTime=1617811200;signed=1;currentDay=3
signTime=1617897600;signed=1;currentDay=3
signTime=1617984000;signed=1;currentDay=3
signTime=1618070400;signed=1;currentDay=3
signTime=1618156800;signed=1;currentDay=3
signTime=1618243200;signed=1;currentDay=3
signTime=1618329600;signed=1;currentDay=3
signTime=1618416000;signed=1;currentDay=3"
sign_num="3"
giftName=""
giftRes="ok"
giftDate="20210320"
sign_res_info="
2021/03/18_20:54:17  2    [已~签~到]
2021/03/19_07:11:58  2    [已~签~到]
2021/03/20_01:00:04  1    [已~签~到]
2021/03/21_00:00:00  3    未签到
2021/03/22_00:00:00  3    未签到
2021/03/23_00:00:00  3    未签到
2021/03/24_00:00:00  3    未签到
2021/03/25_00:00:00  3    未签到
2021/03/26_00:00:00  3    未签到
2021/03/27_00:00:00  3    未签到
2021/03/28_00:00:00  3    未签到
2021/03/29_00:00:00  3    未签到
2021/03/30_00:00:00  3    未签到
2021/03/31_00:00:00  3    未签到
2021/04/01_00:00:00  3    未签到
2021/04/02_00:00:00  3    未签到
2021/04/03_00:00:00  3    未签到
2021/04/04_00:00:00  3    未签到
2021/04/05_00:00:00  3    未签到
2021/04/06_00:00:00  3    未签到
2021/04/07_00:00:00  3    未签到
2021/04/08_00:00:00  3    未签到
2021/04/09_00:00:00  3    未签到
2021/04/10_00:00:00  3    未签到
2021/04/11_00:00:00  3    未签到
2021/04/12_00:00:00  3    未签到
2021/04/13_00:00:00  3    未签到
2021/04/14_00:00:00  3    未签到
2021/04/15_00:00:00  3    未签到
当天签到奖励 []
已签到 3 天"
#王 1309893722-164885 sign_res_end
#肥鹅 jd_4d651d9e48204 sign_res
sign_res="
signTime=1616072216;signed=2;currentDay=2
signTime=1616109129;signed=2;currentDay=2
signTime=1616173219;signed=2;currentDay=1
signTime=1616256000;signed=1;currentDay=3
signTime=1616342400;signed=1;currentDay=3
signTime=1616428800;signed=1;currentDay=3
signTime=1616515200;signed=1;currentDay=3
signTime=1616601600;signed=1;currentDay=3
signTime=1616688000;signed=1;currentDay=3
signTime=1616774400;signed=1;currentDay=3
signTime=1616860800;signed=1;currentDay=3
signTime=1616947200;signed=1;currentDay=3
signTime=1617033600;signed=1;currentDay=3
signTime=1617120000;signed=1;currentDay=3
signTime=1617206400;signed=1;currentDay=3
signTime=1617292800;signed=1;currentDay=3
signTime=1617379200;signed=1;currentDay=3
signTime=1617465600;signed=1;currentDay=3
signTime=1617552000;signed=1;currentDay=3
signTime=1617638400;signed=1;currentDay=3
signTime=1617724800;signed=1;currentDay=3
signTime=1617811200;signed=1;currentDay=3
signTime=1617897600;signed=1;currentDay=3
signTime=1617984000;signed=1;currentDay=3
signTime=1618070400;signed=1;currentDay=3
signTime=1618156800;signed=1;currentDay=3
signTime=1618243200;signed=1;currentDay=3
signTime=1618329600;signed=1;currentDay=3
signTime=1618416000;signed=1;currentDay=3"
sign_num="3"
giftName=""
giftRes="ok"
giftDate="20210320"
sign_res_info="
2021/03/18_20:56:56  2    [已~签~到]
2021/03/19_07:12:09  2    [已~签~到]
2021/03/20_01:00:19  1    [已~签~到]
2021/03/21_00:00:00  3    未签到
2021/03/22_00:00:00  3    未签到
2021/03/23_00:00:00  3    未签到
2021/03/24_00:00:00  3    未签到
2021/03/25_00:00:00  3    未签到
2021/03/26_00:00:00  3    未签到
2021/03/27_00:00:00  3    未签到
2021/03/28_00:00:00  3    未签到
2021/03/29_00:00:00  3    未签到
2021/03/30_00:00:00  3    未签到
2021/03/31_00:00:00  3    未签到
2021/04/01_00:00:00  3    未签到
2021/04/02_00:00:00  3    未签到
2021/04/03_00:00:00  3    未签到
2021/04/04_00:00:00  3    未签到
2021/04/05_00:00:00  3    未签到
2021/04/06_00:00:00  3    未签到
2021/04/07_00:00:00  3    未签到
2021/04/08_00:00:00  3    未签到
2021/04/09_00:00:00  3    未签到
2021/04/10_00:00:00  3    未签到
2021/04/11_00:00:00  3    未签到
2021/04/12_00:00:00  3    未签到
2021/04/13_00:00:00  3    未签到
2021/04/14_00:00:00  3    未签到
2021/04/15_00:00:00  3    未签到
当天签到奖励 []
已签到 3 天"
#肥鹅 jd_4d651d9e48204 sign_res_end
#移动 jd_OeTNobRVGiNZ sign_res
sign_res="
signTime=1615996800;signed=1;currentDay=2
signTime=1616109129;signed=2;currentDay=2
signTime=1616173219;signed=2;currentDay=1
signTime=1616256000;signed=1;currentDay=3
signTime=1616342400;signed=1;currentDay=3
signTime=1616428800;signed=1;currentDay=3
signTime=1616515200;signed=1;currentDay=3
signTime=1616601600;signed=1;currentDay=3
signTime=1616688000;signed=1;currentDay=3
signTime=1616774400;signed=1;currentDay=3
signTime=1616860800;signed=1;currentDay=3
signTime=1616947200;signed=1;currentDay=3
signTime=1617033600;signed=1;currentDay=3
signTime=1617120000;signed=1;currentDay=3
signTime=1617206400;signed=1;currentDay=3
signTime=1617292800;signed=1;currentDay=3
signTime=1617379200;signed=1;currentDay=3
signTime=1617465600;signed=1;currentDay=3
signTime=1617552000;signed=1;currentDay=3
signTime=1617638400;signed=1;currentDay=3
signTime=1617724800;signed=1;currentDay=3
signTime=1617811200;signed=1;currentDay=3
signTime=1617897600;signed=1;currentDay=3
signTime=1617984000;signed=1;currentDay=3
signTime=1618070400;signed=1;currentDay=3
signTime=1618156800;signed=1;currentDay=3
signTime=1618243200;signed=1;currentDay=3
signTime=1618329600;signed=1;currentDay=3
signTime=1618416000;signed=1;currentDay=3"
sign_num="2"
giftName=""
giftRes="ok"
giftDate="20210320"
sign_res_info="
2021/03/18_00:00:00  2    未签到
2021/03/19_07:12:09  2    [已~签~到]
2021/03/20_01:00:19  1    [已~签~到]
2021/03/21_00:00:00  3    未签到
2021/03/22_00:00:00  3    未签到
2021/03/23_00:00:00  3    未签到
2021/03/24_00:00:00  3    未签到
2021/03/25_00:00:00  3    未签到
2021/03/26_00:00:00  3    未签到
2021/03/27_00:00:00  3    未签到
2021/03/28_00:00:00  3    未签到
2021/03/29_00:00:00  3    未签到
2021/03/30_00:00:00  3    未签到
2021/03/31_00:00:00  3    未签到
2021/04/01_00:00:00  3    未签到
2021/04/02_00:00:00  3    未签到
2021/04/03_00:00:00  3    未签到
2021/04/04_00:00:00  3    未签到
2021/04/05_00:00:00  3    未签到
2021/04/06_00:00:00  3    未签到
2021/04/07_00:00:00  3    未签到
2021/04/08_00:00:00  3    未签到
2021/04/09_00:00:00  3    未签到
2021/04/10_00:00:00  3    未签到
2021/04/11_00:00:00  3    未签到
2021/04/12_00:00:00  3    未签到
2021/04/13_00:00:00  3    未签到
2021/04/14_00:00:00  3    未签到
2021/04/15_00:00:00  3    未签到
当天签到奖励 []
已签到 2 天"
#移动 jd_OeTNobRVGiNZ sign_res_end
