02/25/21 04:04:46 183194700  1614197086
RANDOM_num: 40
removed '/tmp/tmp.3Ibk9WK8nB'
02/25/21 04:04:46 349783400  1614197086
移动 今天已经签到过. 签到结果: ok  giftDate: 20210225
***********************************************
7天签到 第 3 天
当天签到奖励 [10元优惠券]
***********************************************

#店铺名称
vendername="滴露旗舰店"
#店铺激活码
actId="13126645fcb2477fa1090a94cb7f3ca2"
#店铺id
venderId="206265"
#长链接
url="https://lzkj-isv.isvjcloud.com/sign/sevenDay/signActivity?activityId=13126645fcb2477fa1090a94cb7f3ca2&venderId=206265&adsource=tg_xuanFuTuBiao"

startTime=1612407600
endTime=1614787140
# 活动时间：2021-02-04 11:00 - 2021-03-03 23:59；
# 奖励说明：
actRule="
7天签到
连续签到1天：5元优惠券
连续签到2天：1京豆
连续签到3天：10元优惠券
连续签到4天：1京豆
连续签到5天：20元优惠券
连续签到6天：1京豆
连续签到7天：50元优惠券
"
#赵 122294312-396444 sign_res
sign_num="1"
giftName=""5元优惠券""
giftRes="ok"
giftDate="20210225"
sign_res_info="7天签到 第 1 天
当天签到奖励 ["5元优惠券"]"
#赵 122294312-396444 sign_res_end
#王 1309893722-164885 sign_res
sign_num="1"
giftName=""5元优惠券""
giftRes="ok"
giftDate="20210225"
sign_res_info="7天签到 第 1 天
当天签到奖励 ["5元优惠券"]"
#王 1309893722-164885 sign_res_end
#肥鹅 jd_4d651d9e48204 sign_res
sign_num="1"
giftName=""5元优惠券""
giftRes="ok"
giftDate="20210225"
sign_res_info="7天签到 第 1 天
当天签到奖励 ["5元优惠券"]"
#肥鹅 jd_4d651d9e48204 sign_res_end
#移动 jd_OeTNobRVGiNZ sign_res
sign_num="3"
giftName=""10元优惠券""
giftRes="ok"
giftDate="20210225"
sign_res_info="7天签到 第 3 天
当天签到奖励 ["10元优惠券"]"
#移动 jd_OeTNobRVGiNZ sign_res_end
