03/22/21 01:13:07 645094800  1616346787
RANDOM_num: 45
removed '/tmp/tmp.WHR9ajyKL0'
03/22/21 01:13:07 737130600  1616346787 检查jd_4d651d9e48204签到
removed '/tmp/tmp.rtRFjq6VBO'
03/22/21 01:13:07 813638900  1616346787 检查jd_OeTNobRVGiNZ签到

03/22/21 01:13:07 860880900  1616346787 肥鹅签到宜简水饮旗舰店

real	0m0.124s
user	0m0.016s
sys	0m0.078s
{"code":200,"data":[],"class":"com.jd.interact.center.client.api.common.param.Results","success":true}

03/22/21 01:13:08 055392300  1616346788 移动签到宜简水饮旗舰店

real	0m0.130s
user	0m0.031s
sys	0m0.063s
{"code":200,"data":[],"class":"com.jd.interact.center.client.api.common.param.Results","success":true}
03/22/21 01:13:08 266424600 1616346788
03/22/21 01:13:08 279249400 1616346788 签到宜简水饮旗舰店完成

03/22/21 01:13:53 347083900  1616346833
肥鹅签到宜简水饮旗舰店查看结果
200
首次签到成功. 写入giftName: 

***********************************************
2021/03/04_00:00:00  2    未签到
2021/03/05_00:00:00  2    未签到
2021/03/06_00:00:00  2    未签到
2021/03/07_00:00:00  2    未签到
2021/03/08_00:00:00  2    未签到
2021/03/09_00:00:00  2    未签到
2021/03/10_00:00:00  2    未签到
2021/03/11_00:00:00  2    未签到
2021/03/12_00:00:00  2    未签到
2021/03/13_00:00:00  2    未签到
2021/03/14_00:00:00  2    未签到
2021/03/15_00:00:00  2    未签到
2021/03/16_23:05:48  2    [已~签~到]
2021/03/17_01:14:16  2    [已~签~到]
2021/03/18_00:00:00  2    [已~签~到]
2021/03/19_01:13:10  2    [已~签~到]
2021/03/20_01:12:11  2    [已~签~到]
2021/03/21_01:13:34  2    [已~签~到]
2021/03/22_01:13:07  1    [已~签~到]
2021/03/23_00:00:00  3    未签到
2021/03/24_00:00:00  3    未签到
2021/03/25_00:00:00  3    未签到
2021/03/26_00:00:00  3    未签到
2021/03/27_00:00:00  3    未签到
2021/03/28_00:00:00  3    未签到
2021/03/29_00:00:00  3    未签到
2021/03/30_00:00:00  3    未签到
2021/03/31_00:00:00  3    未签到
当天签到奖励 []
已签到 7 天
***********************************************

移动签到宜简水饮旗舰店查看结果
200
首次签到成功. 写入giftName: 

***********************************************
2021/03/04_00:00:00  2    未签到
2021/03/05_00:00:00  2    未签到
2021/03/06_00:00:00  2    未签到
2021/03/07_00:00:00  2    未签到
2021/03/08_00:00:00  2    未签到
2021/03/09_00:00:00  2    未签到
2021/03/10_00:00:00  2    未签到
2021/03/11_00:00:00  2    未签到
2021/03/12_00:00:00  2    未签到
2021/03/13_00:00:00  2    未签到
2021/03/14_00:00:00  2    未签到
2021/03/15_00:00:00  2    未签到
2021/03/16_23:05:48  2    [已~签~到]
2021/03/17_01:14:16  2    [已~签~到]
2021/03/18_00:00:02  2    [已~签~到]
2021/03/19_01:13:10  2    [已~签~到]
2021/03/20_01:12:11  2    [已~签~到]
2021/03/21_01:13:34  2    [已~签~到]
2021/03/22_01:13:08  1    [已~签~到]
2021/03/23_00:00:00  3    未签到
2021/03/24_00:00:00  3    未签到
2021/03/25_00:00:00  3    未签到
2021/03/26_00:00:00  3    未签到
2021/03/27_00:00:00  3    未签到
2021/03/28_00:00:00  3    未签到
2021/03/29_00:00:00  3    未签到
2021/03/30_00:00:00  3    未签到
2021/03/31_00:00:00  3    未签到
当天签到奖励 []
已签到 7 天
***********************************************



肥鹅签到宜简水饮旗舰店日志
{"code":200,"data":{"signRecords":[{"signTime":1614787200000,"currentDay":2,"signed":1,"class":"com.jd.interact.center.client.api.color.domain.sign.InteractActivityUserActionRecord"},{"signTime":1614873600000,"currentDay":2,"signed":1,"class":"com.jd.interact.center.client.api.color.domain.sign.InteractActivityUserActionRecord"},{"signTime":1614960000000,"currentDay":2,"signed":1,"class":"com.jd.interact.center.client.api.color.domain.sign.InteractActivityUserActionRecord"},{"signTime":1615046400000,"currentDay":2,"signed":1,"class":"com.jd.interact.center.client.api.color.domain.sign.InteractActivityUserActionRecord"},{"signTime":1615132800000,"currentDay":2,"signed":1,"class":"com.jd.interact.center.client.api.color.domain.sign.InteractActivityUserActionRecord"},{"signTime":1615219200000,"currentDay":2,"signed":1,"class":"com.jd.interact.center.client.api.color.domain.sign.InteractActivityUserActionRecord"},{"signTime":1615305600000,"currentDay":2,"signed":1,"class":"com.jd.interact.center.client.api.color.domain.sign.InteractActivityUserActionRecord"},{"signTime":1615392000000,"currentDay":2,"signed":1,"class":"com.jd.interact.center.client.api.color.domain.sign.InteractActivityUserActionRecord"},{"signTime":1615478400000,"currentDay":2,"signed":1,"class":"com.jd.interact.center.client.api.color.domain.sign.InteractActivityUserActionRecord"},{"signTime":1615564800000,"currentDay":2,"signed":1,"class":"com.jd.interact.center.client.api.color.domain.sign.InteractActivityUserActionRecord"},{"signTime":1615651200000,"currentDay":2,"signed":1,"class":"com.jd.interact.center.client.api.color.domain.sign.InteractActivityUserActionRecord"},{"signTime":1615737600000,"currentDay":2,"signed":1,"class":"com.jd.interact.center.client.api.color.domain.sign.InteractActivityUserActionRecord"},{"signTime":1615907148242,"currentDay":2,"signed":2,"class":"com.jd.interact.center.client.api.color.domain.sign.InteractActivityUserActionRecord"},{"signTime":1615914856356,"currentDay":2,"signed":2,"class":"com.jd.interact.center.client.api.color.domain.sign.InteractActivityUserActionRecord"},{"signTime":1615996800817,"currentDay":2,"signed":2,"class":"com.jd.interact.center.client.api.color.domain.sign.InteractActivityUserActionRecord"},{"signTime":1616087590099,"currentDay":2,"signed":2,"class":"com.jd.interact.center.client.api.color.domain.sign.InteractActivityUserActionRecord"},{"signTime":1616173931545,"currentDay":2,"signed":2,"class":"com.jd.interact.center.client.api.color.domain.sign.InteractActivityUserActionRecord"},{"signTime":1616260414400,"currentDay":2,"signed":2,"class":"com.jd.interact.center.client.api.color.domain.sign.InteractActivityUserActionRecord"},{"signTime":1616346787969,"currentDay":1,"signed":2,"class":"com.jd.interact.center.client.api.color.domain.sign.InteractActivityUserActionRecord"},{"signTime":1616428800000,"currentDay":3,"signed":1,"class":"com.jd.interact.center.client.api.color.domain.sign.InteractActivityUserActionRecord"},{"signTime":1616515200000,"currentDay":3,"signed":1,"class":"com.jd.interact.center.client.api.color.domain.sign.InteractActivityUserActionRecord"},{"signTime":1616601600000,"currentDay":3,"signed":1,"class":"com.jd.interact.center.client.api.color.domain.sign.InteractActivityUserActionRecord"},{"signTime":1616688000000,"currentDay":3,"signed":1,"class":"com.jd.interact.center.client.api.color.domain.sign.InteractActivityUserActionRecord"},{"signTime":1616774400000,"currentDay":3,"signed":1,"class":"com.jd.interact.center.client.api.color.domain.sign.InteractActivityUserActionRecord"},{"signTime":1616860800000,"currentDay":3,"signed":1,"class":"com.jd.interact.center.client.api.color.domain.sign.InteractActivityUserActionRecord"},{"signTime":1616947200000,"currentDay":3,"signed":1,"class":"com.jd.interact.center.client.api.color.domain.sign.InteractActivityUserActionRecord"},{"signTime":1617033600000,"currentDay":3,"signed":1,"class":"com.jd.interact.center.client.api.color.domain.sign.InteractActivityUserActionRecord"},{"signTime":1617120000000,"currentDay":3,"signed":1,"class":"com.jd.interact.center.client.api.color.domain.sign.InteractActivityUserActionRecord"}],"days":7,"class":"com.jd.interact.center.client.api.color.domain.sign.ShopSignUserRecord"},"class":"com.jd.interact.center.client.api.common.param.Results","success":true}
{
  "contiSignNum": 7
}
移动签到宜简水饮旗舰店日志
{"code":200,"data":{"signRecords":[{"currentDay":2,"signTime":1614787200000,"signed":1,"class":"com.jd.interact.center.client.api.color.domain.sign.InteractActivityUserActionRecord"},{"currentDay":2,"signTime":1614873600000,"signed":1,"class":"com.jd.interact.center.client.api.color.domain.sign.InteractActivityUserActionRecord"},{"currentDay":2,"signTime":1614960000000,"signed":1,"class":"com.jd.interact.center.client.api.color.domain.sign.InteractActivityUserActionRecord"},{"currentDay":2,"signTime":1615046400000,"signed":1,"class":"com.jd.interact.center.client.api.color.domain.sign.InteractActivityUserActionRecord"},{"currentDay":2,"signTime":1615132800000,"signed":1,"class":"com.jd.interact.center.client.api.color.domain.sign.InteractActivityUserActionRecord"},{"currentDay":2,"signTime":1615219200000,"signed":1,"class":"com.jd.interact.center.client.api.color.domain.sign.InteractActivityUserActionRecord"},{"currentDay":2,"signTime":1615305600000,"signed":1,"class":"com.jd.interact.center.client.api.color.domain.sign.InteractActivityUserActionRecord"},{"currentDay":2,"signTime":1615392000000,"signed":1,"class":"com.jd.interact.center.client.api.color.domain.sign.InteractActivityUserActionRecord"},{"currentDay":2,"signTime":1615478400000,"signed":1,"class":"com.jd.interact.center.client.api.color.domain.sign.InteractActivityUserActionRecord"},{"currentDay":2,"signTime":1615564800000,"signed":1,"class":"com.jd.interact.center.client.api.color.domain.sign.InteractActivityUserActionRecord"},{"currentDay":2,"signTime":1615651200000,"signed":1,"class":"com.jd.interact.center.client.api.color.domain.sign.InteractActivityUserActionRecord"},{"currentDay":2,"signTime":1615737600000,"signed":1,"class":"com.jd.interact.center.client.api.color.domain.sign.InteractActivityUserActionRecord"},{"currentDay":2,"signTime":1615907148392,"signed":2,"class":"com.jd.interact.center.client.api.color.domain.sign.InteractActivityUserActionRecord"},{"currentDay":2,"signTime":1615914856609,"signed":2,"class":"com.jd.interact.center.client.api.color.domain.sign.InteractActivityUserActionRecord"},{"currentDay":2,"signTime":1615996802142,"signed":2,"class":"com.jd.interact.center.client.api.color.domain.sign.InteractActivityUserActionRecord"},{"currentDay":2,"signTime":1616087590279,"signed":2,"class":"com.jd.interact.center.client.api.color.domain.sign.InteractActivityUserActionRecord"},{"currentDay":2,"signTime":1616173931786,"signed":2,"class":"com.jd.interact.center.client.api.color.domain.sign.InteractActivityUserActionRecord"},{"currentDay":2,"signTime":1616260414592,"signed":2,"class":"com.jd.interact.center.client.api.color.domain.sign.InteractActivityUserActionRecord"},{"currentDay":1,"signTime":1616346788163,"signed":2,"class":"com.jd.interact.center.client.api.color.domain.sign.InteractActivityUserActionRecord"},{"currentDay":3,"signTime":1616428800000,"signed":1,"class":"com.jd.interact.center.client.api.color.domain.sign.InteractActivityUserActionRecord"},{"currentDay":3,"signTime":1616515200000,"signed":1,"class":"com.jd.interact.center.client.api.color.domain.sign.InteractActivityUserActionRecord"},{"currentDay":3,"signTime":1616601600000,"signed":1,"class":"com.jd.interact.center.client.api.color.domain.sign.InteractActivityUserActionRecord"},{"currentDay":3,"signTime":1616688000000,"signed":1,"class":"com.jd.interact.center.client.api.color.domain.sign.InteractActivityUserActionRecord"},{"currentDay":3,"signTime":1616774400000,"signed":1,"class":"com.jd.interact.center.client.api.color.domain.sign.InteractActivityUserActionRecord"},{"currentDay":3,"signTime":1616860800000,"signed":1,"class":"com.jd.interact.center.client.api.color.domain.sign.InteractActivityUserActionRecord"},{"currentDay":3,"signTime":1616947200000,"signed":1,"class":"com.jd.interact.center.client.api.color.domain.sign.InteractActivityUserActionRecord"},{"currentDay":3,"signTime":1617033600000,"signed":1,"class":"com.jd.interact.center.client.api.color.domain.sign.InteractActivityUserActionRecord"},{"currentDay":3,"signTime":1617120000000,"signed":1,"class":"com.jd.interact.center.client.api.color.domain.sign.InteractActivityUserActionRecord"}],"days":7,"class":"com.jd.interact.center.client.api.color.domain.sign.ShopSignUserRecord"},"class":"com.jd.interact.center.client.api.common.param.Results","success":true}
{
  "contiSignNum": 7
}
# 短链接
suo_url=""
venderId=10630719
startTime=1614787200000
endTime=1617206399000
activityId=10286636
token=EAA05CA8213A4C9356E44CC06C44C250
#店铺名称
vendername="宜简水饮旗舰店"
# 长链接
url=https://h5.m.jd.com/babelDiy/Zeus/2PAAf74aG3D61qvfKUM5dxUssJQ9/index.html?token=EAA05CA8213A4C9356E44CC06C44C250
# 活动时间：2021.03.04 00:00:00 - 2021.03.31 23:59:59
# 奖励说明：
actRule="
连续签到3天：1京豆
"
#赵 122294312-396444 sign_res
sign_res="
signTime=1614787200;signed=1;currentDay=2
signTime=1614873600;signed=1;currentDay=2
signTime=1614960000;signed=1;currentDay=2
signTime=1615046400;signed=1;currentDay=2
signTime=1615132800;signed=1;currentDay=2
signTime=1615219200;signed=1;currentDay=2
signTime=1615305600;signed=1;currentDay=2
signTime=1615392000;signed=1;currentDay=2
signTime=1615478400;signed=1;currentDay=2
signTime=1615564800;signed=1;currentDay=2
signTime=1615651200;signed=1;currentDay=2
signTime=1615737600;signed=1;currentDay=2
signTime=1615907130;signed=2;currentDay=2
signTime=1615914831;signed=2;currentDay=2
signTime=1615996800;signed=2;currentDay=2
signTime=1616087581;signed=2;currentDay=2
signTime=1616173886;signed=2;currentDay=2
signTime=1616260390;signed=2;currentDay=2
signTime=1616346744;signed=2;currentDay=1
signTime=1616428800;signed=1;currentDay=3
signTime=1616515200;signed=1;currentDay=3
signTime=1616601600;signed=1;currentDay=3
signTime=1616688000;signed=1;currentDay=3
signTime=1616774400;signed=1;currentDay=3
signTime=1616860800;signed=1;currentDay=3
signTime=1616947200;signed=1;currentDay=3
signTime=1617033600;signed=1;currentDay=3
signTime=1617120000;signed=1;currentDay=3"
sign_num="7"
giftName=""
giftRes="ok"
giftDate="20210322"
sign_res_info="
2021/03/04_00:00:00  2    未签到
2021/03/05_00:00:00  2    未签到
2021/03/06_00:00:00  2    未签到
2021/03/07_00:00:00  2    未签到
2021/03/08_00:00:00  2    未签到
2021/03/09_00:00:00  2    未签到
2021/03/10_00:00:00  2    未签到
2021/03/11_00:00:00  2    未签到
2021/03/12_00:00:00  2    未签到
2021/03/13_00:00:00  2    未签到
2021/03/14_00:00:00  2    未签到
2021/03/15_00:00:00  2    未签到
2021/03/16_23:05:30  2    [已~签~到]
2021/03/17_01:13:51  2    [已~签~到]
2021/03/18_00:00:00  2    [已~签~到]
2021/03/19_01:13:01  2    [已~签~到]
2021/03/20_01:11:26  2    [已~签~到]
2021/03/21_01:13:10  2    [已~签~到]
2021/03/22_01:12:24  1    [已~签~到]
2021/03/23_00:00:00  3    未签到
2021/03/24_00:00:00  3    未签到
2021/03/25_00:00:00  3    未签到
2021/03/26_00:00:00  3    未签到
2021/03/27_00:00:00  3    未签到
2021/03/28_00:00:00  3    未签到
2021/03/29_00:00:00  3    未签到
2021/03/30_00:00:00  3    未签到
2021/03/31_00:00:00  3    未签到
当天签到奖励 []
已签到 7 天"
#赵 122294312-396444 sign_res_end
#王 1309893722-164885 sign_res
sign_res="
signTime=1614787200;signed=1;currentDay=2
signTime=1614873600;signed=1;currentDay=2
signTime=1614960000;signed=1;currentDay=2
signTime=1615046400;signed=1;currentDay=2
signTime=1615132800;signed=1;currentDay=2
signTime=1615219200;signed=1;currentDay=2
signTime=1615305600;signed=1;currentDay=2
signTime=1615392000;signed=1;currentDay=2
signTime=1615478400;signed=1;currentDay=2
signTime=1615564800;signed=1;currentDay=2
signTime=1615651200;signed=1;currentDay=2
signTime=1615737600;signed=1;currentDay=2
signTime=1615907131;signed=2;currentDay=2
signTime=1615914831;signed=2;currentDay=2
signTime=1615996802;signed=2;currentDay=2
signTime=1616087581;signed=2;currentDay=2
signTime=1616173886;signed=2;currentDay=2
signTime=1616260390;signed=2;currentDay=2
signTime=1616346744;signed=2;currentDay=1
signTime=1616428800;signed=1;currentDay=3
signTime=1616515200;signed=1;currentDay=3
signTime=1616601600;signed=1;currentDay=3
signTime=1616688000;signed=1;currentDay=3
signTime=1616774400;signed=1;currentDay=3
signTime=1616860800;signed=1;currentDay=3
signTime=1616947200;signed=1;currentDay=3
signTime=1617033600;signed=1;currentDay=3
signTime=1617120000;signed=1;currentDay=3"
sign_num="7"
giftName=""
giftRes="ok"
giftDate="20210322"
sign_res_info="
2021/03/04_00:00:00  2    未签到
2021/03/05_00:00:00  2    未签到
2021/03/06_00:00:00  2    未签到
2021/03/07_00:00:00  2    未签到
2021/03/08_00:00:00  2    未签到
2021/03/09_00:00:00  2    未签到
2021/03/10_00:00:00  2    未签到
2021/03/11_00:00:00  2    未签到
2021/03/12_00:00:00  2    未签到
2021/03/13_00:00:00  2    未签到
2021/03/14_00:00:00  2    未签到
2021/03/15_00:00:00  2    未签到
2021/03/16_23:05:31  2    [已~签~到]
2021/03/17_01:13:51  2    [已~签~到]
2021/03/18_00:00:02  2    [已~签~到]
2021/03/19_01:13:01  2    [已~签~到]
2021/03/20_01:11:26  2    [已~签~到]
2021/03/21_01:13:10  2    [已~签~到]
2021/03/22_01:12:24  1    [已~签~到]
2021/03/23_00:00:00  3    未签到
2021/03/24_00:00:00  3    未签到
2021/03/25_00:00:00  3    未签到
2021/03/26_00:00:00  3    未签到
2021/03/27_00:00:00  3    未签到
2021/03/28_00:00:00  3    未签到
2021/03/29_00:00:00  3    未签到
2021/03/30_00:00:00  3    未签到
2021/03/31_00:00:00  3    未签到
当天签到奖励 []
已签到 7 天"
#王 1309893722-164885 sign_res_end
#肥鹅 jd_4d651d9e48204 sign_res
sign_res="
signTime=1614787200;signed=1;currentDay=2
signTime=1614873600;signed=1;currentDay=2
signTime=1614960000;signed=1;currentDay=2
signTime=1615046400;signed=1;currentDay=2
signTime=1615132800;signed=1;currentDay=2
signTime=1615219200;signed=1;currentDay=2
signTime=1615305600;signed=1;currentDay=2
signTime=1615392000;signed=1;currentDay=2
signTime=1615478400;signed=1;currentDay=2
signTime=1615564800;signed=1;currentDay=2
signTime=1615651200;signed=1;currentDay=2
signTime=1615737600;signed=1;currentDay=2
signTime=1615907148;signed=2;currentDay=2
signTime=1615914856;signed=2;currentDay=2
signTime=1615996800;signed=2;currentDay=2
signTime=1616087590;signed=2;currentDay=2
signTime=1616173931;signed=2;currentDay=2
signTime=1616260414;signed=2;currentDay=2
signTime=1616346787;signed=2;currentDay=1
signTime=1616428800;signed=1;currentDay=3
signTime=1616515200;signed=1;currentDay=3
signTime=1616601600;signed=1;currentDay=3
signTime=1616688000;signed=1;currentDay=3
signTime=1616774400;signed=1;currentDay=3
signTime=1616860800;signed=1;currentDay=3
signTime=1616947200;signed=1;currentDay=3
signTime=1617033600;signed=1;currentDay=3
signTime=1617120000;signed=1;currentDay=3"
sign_num="7"
giftName=""
giftRes="ok"
giftDate="20210322"
sign_res_info="
2021/03/04_00:00:00  2    未签到
2021/03/05_00:00:00  2    未签到
2021/03/06_00:00:00  2    未签到
2021/03/07_00:00:00  2    未签到
2021/03/08_00:00:00  2    未签到
2021/03/09_00:00:00  2    未签到
2021/03/10_00:00:00  2    未签到
2021/03/11_00:00:00  2    未签到
2021/03/12_00:00:00  2    未签到
2021/03/13_00:00:00  2    未签到
2021/03/14_00:00:00  2    未签到
2021/03/15_00:00:00  2    未签到
2021/03/16_23:05:48  2    [已~签~到]
2021/03/17_01:14:16  2    [已~签~到]
2021/03/18_00:00:00  2    [已~签~到]
2021/03/19_01:13:10  2    [已~签~到]
2021/03/20_01:12:11  2    [已~签~到]
2021/03/21_01:13:34  2    [已~签~到]
2021/03/22_01:13:07  1    [已~签~到]
2021/03/23_00:00:00  3    未签到
2021/03/24_00:00:00  3    未签到
2021/03/25_00:00:00  3    未签到
2021/03/26_00:00:00  3    未签到
2021/03/27_00:00:00  3    未签到
2021/03/28_00:00:00  3    未签到
2021/03/29_00:00:00  3    未签到
2021/03/30_00:00:00  3    未签到
2021/03/31_00:00:00  3    未签到
当天签到奖励 []
已签到 7 天"
#肥鹅 jd_4d651d9e48204 sign_res_end
#移动 jd_OeTNobRVGiNZ sign_res
sign_res="
signTime=1614787200;signed=1;currentDay=2
signTime=1614873600;signed=1;currentDay=2
signTime=1614960000;signed=1;currentDay=2
signTime=1615046400;signed=1;currentDay=2
signTime=1615132800;signed=1;currentDay=2
signTime=1615219200;signed=1;currentDay=2
signTime=1615305600;signed=1;currentDay=2
signTime=1615392000;signed=1;currentDay=2
signTime=1615478400;signed=1;currentDay=2
signTime=1615564800;signed=1;currentDay=2
signTime=1615651200;signed=1;currentDay=2
signTime=1615737600;signed=1;currentDay=2
signTime=1615907148;signed=2;currentDay=2
signTime=1615914856;signed=2;currentDay=2
signTime=1615996802;signed=2;currentDay=2
signTime=1616087590;signed=2;currentDay=2
signTime=1616173931;signed=2;currentDay=2
signTime=1616260414;signed=2;currentDay=2
signTime=1616346788;signed=2;currentDay=1
signTime=1616428800;signed=1;currentDay=3
signTime=1616515200;signed=1;currentDay=3
signTime=1616601600;signed=1;currentDay=3
signTime=1616688000;signed=1;currentDay=3
signTime=1616774400;signed=1;currentDay=3
signTime=1616860800;signed=1;currentDay=3
signTime=1616947200;signed=1;currentDay=3
signTime=1617033600;signed=1;currentDay=3
signTime=1617120000;signed=1;currentDay=3"
sign_num="7"
giftName=""
giftRes="ok"
giftDate="20210322"
sign_res_info="
2021/03/04_00:00:00  2    未签到
2021/03/05_00:00:00  2    未签到
2021/03/06_00:00:00  2    未签到
2021/03/07_00:00:00  2    未签到
2021/03/08_00:00:00  2    未签到
2021/03/09_00:00:00  2    未签到
2021/03/10_00:00:00  2    未签到
2021/03/11_00:00:00  2    未签到
2021/03/12_00:00:00  2    未签到
2021/03/13_00:00:00  2    未签到
2021/03/14_00:00:00  2    未签到
2021/03/15_00:00:00  2    未签到
2021/03/16_23:05:48  2    [已~签~到]
2021/03/17_01:14:16  2    [已~签~到]
2021/03/18_00:00:02  2    [已~签~到]
2021/03/19_01:13:10  2    [已~签~到]
2021/03/20_01:12:11  2    [已~签~到]
2021/03/21_01:13:34  2    [已~签~到]
2021/03/22_01:13:08  1    [已~签~到]
2021/03/23_00:00:00  3    未签到
2021/03/24_00:00:00  3    未签到
2021/03/25_00:00:00  3    未签到
2021/03/26_00:00:00  3    未签到
2021/03/27_00:00:00  3    未签到
2021/03/28_00:00:00  3    未签到
2021/03/29_00:00:00  3    未签到
2021/03/30_00:00:00  3    未签到
2021/03/31_00:00:00  3    未签到
当天签到奖励 []
已签到 7 天"
#移动 jd_OeTNobRVGiNZ sign_res_end
