02/27/21 01:16:44 566691900  1614359804
RANDOM_num: 30
removed '/tmp/tmp.3r0IBBeMjq'
02/27/21 01:16:44 737259100  1614359804 æ£€æŸ¥è‚¥é¹…ç­¾åˆ°

real	0m0.233s
user	0m0.031s
sys	0m0.047s
lzkj-isv.isvjcloud.com	FALSE	/	FALSE	1614360405	LZ_TOKEN_VALUE	B0oH3vDY2bhHWuKbVaJ+XQ==
lzkj-isv.isvjcloud.com	FALSE	/	FALSE	1614360405	LZ_TOKEN_KEY	lztokenpage662133b6f838407bafb5784968c80a84
02/27/21 01:16:45 135740000  1614359805
use pt_key

real	0m0.198s
user	0m0.094s
sys	0m0.141s
02/27/21 01:16:45 358449000  1614359805 token: AAFgOSz9ADD9ZAt16L0u_uU22oYdQcqYIb4tR2JdLJ5KtQBie1T8TQAPnShIHGzduCWK7pMions

real	0m0.347s
user	0m0.078s
sys	0m0.141s
02/27/21 01:16:45 726028700  1614359805 secretPin: 4YEv+ri88IbQX5lhoqHrzE7oeVP9kq2pYSH90mYt4m3fwcJlClpxrfmVYaGKuquQkdK3rLBQpEQH9V4tdrrh0w==

02/27/21 01:16:45 746415600  1614359805 è‚¥é¹…ç­¾åˆ°ä¼Šåˆ©ç‰›å¥¶å®˜æ–¹æ——èˆ°åº—

real	0m0.318s
user	0m0.016s
sys	0m0.078s
{
  "gift": null,
  "msg": "",
  "isOk": true,
  "isSend": null,
  "key": null
}
true
02/27/21 01:16:46 347855000 1614359806
02/27/21 01:16:46 363676900 1614359806 ç­¾åˆ°ä¼Šåˆ©ç‰›å¥¶å®˜æ–¹æ——èˆ°åº—å®Œæˆ
02/27/21 01:17:16 507854200  1614359836
true
é¦–æ¬¡ç­¾åˆ°æˆåŠŸ. å†™å…¥giftName: null
parse error: Invalid numeric literal at line 1, column 10
parse error: Invalid numeric literal at line 1, column 10

***********************************************

å½“å¤©ç­¾åˆ°å¥–åŠ± [null]
è¿ç»­ç­¾åˆ°  å¤©
ç­¾åˆ°æ€»å¤©æ•° 
***********************************************

è‚¥é¹…ç­¾åˆ°ä¼Šåˆ©ç‰›å¥¶å®˜æ–¹æ——èˆ°åº—æŸ¥çœ‹ç»“æœ
<!DOCTYPE html>
<html>
 <head> 
  <title>äº¬ä¸œ</title> 
  <meta charset="utf-8" /> 
  <meta name="apple-mobile-web-app-capable" content="yes" /> 
  <meta name="viewport" content="width=device-width,initial-scale=1,user-scalable=no,maximum-scale=1,viewport-fit=cover" /> 
  <meta name="format-detection" content="telephone=no" /> 
  <meta name="x5-cache" content="enable" /> 
  <link rel="stylesheet" href="https://storage.360buyimg.com/babel/00162638/333378/production/dev/parser.1526555535098.css?t=20180517191236" /> 
  <style> img {
            opacity: 1 !important;
        } </style> 
  <link href="https://storage.360buyimg.com/babel/00170893/348321/production/dev/index.7320a380.css?t=20180802150952" rel="stylesheet" />
 </head> 
 <body style="background:#fff;" id="root"> 
  <div class="errorPage"> 
  </div> 
  <div class="placeholer"> 
  </div> 
  <script src="https://wl.jd.com/unify.min.js"></script> 
  <script type="text/javascript" src="https://storage.360buyimg.com/babel/00170893/348321/production/dev/index.0f8f4dba.js?t=20180802150952"></script> 
 </body>
</html>

parse error: Invalid numeric literal at line 1, column 10
[0;31;3mRUN  at {280:<--} ERROR CODE: 4[0m [0;31;3m[20210227 01:17:20] [ERROR] [0m

