lzdz-isv.isvjcloud.com	FALSE	/	FALSE	1612799406	LZ_TOKEN_VALUE	B0oH3vDY2bhHWuKbVaJ+XQ==
lzdz-isv.isvjcloud.com	FALSE	/	FALSE	1612799406	LZ_TOKEN_KEY	lztokenpage0667415221ef45a9b5cb1005200f3e1f
use wskey
token: AAFgIVtWADBlHKpsd3FfxQMsTGjybulEEpq0iu8UBgAzcsbnh54OQiJe--IeHHmYifNhYNAEOFg
secretPin: 8tekGZ3q85Ims+F4/F7Z2vkaL5GGqMTUc8u/otw2E+a7Ak3lgFoFQlZmf45w8Jzw

02/08/21 23:40:07 196620400  1612798807
移动签到蒙牛京东自营旗舰店
{
  "result": false,
  "data": "",
  "count": 0,
  "errorMessage": "非法用户！"
}

real	0m0.253s
user	0m0.000s
sys	0m0.047s

02/08/21 23:40:07 904118600  1612798807
移动签到蒙牛京东自营旗舰店
{
  "result": false,
  "data": "",
  "count": 0,
  "errorMessage": "非法用户！"
}

real	0m0.456s
user	0m0.000s
sys	0m0.047s

02/08/21 23:40:08 844551500  1612798808
移动签到蒙牛京东自营旗舰店
{
  "result": false,
  "data": "",
  "count": 0,
  "errorMessage": "非法用户！"
}

real	0m0.650s
user	0m0.000s
sys	0m0.000s

02/08/21 23:40:09 926362800  1612798809
移动签到蒙牛京东自营旗舰店
{
  "result": false,
  "data": "",
  "count": 0,
  "errorMessage": "非法用户！"
}

real	0m0.853s
user	0m0.000s
sys	0m0.047s

02/08/21 23:40:11 222665900  1612798811
移动签到蒙牛京东自营旗舰店
{
  "result": false,
  "data": "",
  "count": 0,
  "errorMessage": "非法用户！"
}

real	0m1.041s
user	0m0.000s
sys	0m0.031s

02/08/21 23:40:12 724985800  1612798812
移动签到蒙牛京东自营旗舰店
{
  "result": false,
  "data": "",
  "count": 0,
  "errorMessage": "非法用户！"
}

real	0m1.244s
user	0m0.000s
sys	0m0.000s

02/08/21 23:40:14 551700700  1612798814
移动签到蒙牛京东自营旗舰店
{
  "result": false,
  "data": "",
  "count": 0,
  "errorMessage": "非法用户！"
}

real	0m1.440s
user	0m0.000s
sys	0m0.047s

02/08/21 23:40:16 456702500  1612798816
移动签到蒙牛京东自营旗舰店
{
  "result": false,
  "data": "",
  "count": 0,
  "errorMessage": "非法用户！"
}

real	0m1.650s
user	0m0.000s
sys	0m0.031s

02/08/21 23:40:18 583706700  1612798818
移动签到蒙牛京东自营旗舰店
{
  "result": false,
  "data": "",
  "count": 0,
  "errorMessage": "非法用户！"
}

real	0m1.850s
user	0m0.000s
sys	0m0.047s

02/08/21 23:40:20 863477700  1612798820
移动签到蒙牛京东自营旗舰店
{
  "result": false,
  "data": "",
  "count": 0,
  "errorMessage": "非法用户！"
}

real	0m2.039s
user	0m0.000s
sys	0m0.016s

02/08/21 23:40:23 359290100  1612798823
移动签到蒙牛京东自营旗舰店
{
  "result": false,
  "data": "",
  "count": 0,
  "errorMessage": "非法用户！"
}

real	0m2.238s
user	0m0.000s
sys	0m0.031s

02/08/21 23:40:26 052895500  1612798826
移动签到蒙牛京东自营旗舰店
{
  "result": false,
  "data": "",
  "count": 0,
  "errorMessage": "非法用户！"
}

real	0m2.448s
user	0m0.000s
sys	0m0.016s

02/08/21 23:40:28 921689200  1612798828
移动签到蒙牛京东自营旗舰店
{
  "result": false,
  "data": "",
  "count": 0,
  "errorMessage": "非法用户！"
}

real	0m2.646s
user	0m0.016s
sys	0m0.031s

02/08/21 23:40:33 334333200  1612798833
移动签到蒙牛京东自营旗舰店
{
  "result": false,
  "data": "",
  "count": 0,
  "errorMessage": "非法用户！"
}

real	0m2.843s
user	0m0.000s
sys	0m0.031s

02/08/21 23:40:37 213080100  1612798837
移动签到蒙牛京东自营旗舰店
{
  "result": false,
  "data": "",
  "count": 0,
  "errorMessage": "非法用户！"
}

real	0m3.052s
user	0m0.000s
sys	0m0.016s

02/08/21 23:40:40 736478300  1612798840
移动签到蒙牛京东自营旗舰店
{
  "result": false,
  "data": "",
  "count": 0,
  "errorMessage": "非法用户！"
}

real	0m3.244s
user	0m0.000s
sys	0m0.031s

02/08/21 23:40:44 411100500  1612798844
移动签到蒙牛京东自营旗舰店
{
  "result": false,
  "data": "",
  "count": 0,
  "errorMessage": "非法用户！"
}

real	0m3.480s
user	0m0.000s
sys	0m0.063s

02/08/21 23:40:48 348077800  1612798848
移动签到蒙牛京东自营旗舰店
{
  "result": false,
  "data": "",
  "count": 0,
  "errorMessage": "非法用户！"
}

real	0m3.642s
user	0m0.000s
sys	0m0.031s

02/08/21 23:40:52 416331400  1612798852
移动签到蒙牛京东自营旗舰店
{
  "result": false,
  "data": "",
  "count": 0,
  "errorMessage": "非法用户！"
}

real	0m3.826s
user	0m0.000s
sys	0m0.031s

02/08/21 23:40:56 685175700  1612798856
移动签到蒙牛京东自营旗舰店
{
  "result": false,
  "data": "",
  "count": 0,
  "errorMessage": "非法用户！"
}

real	0m4.042s
user	0m0.000s
sys	0m0.047s

移动签到蒙牛京东自营旗舰店查看结果, 活动规则
{"result":true,"data":{"signStartTime":1612108800000,"shareImage":"https://img10.360buyimg.com/imgzone/jfs/t1/130875/40/391/14993/5eccbde3E304492bc/bb2530ba7c0f8b5b.jpg","rule":"活动主办方：蒙牛京东自营旗舰店
签到时间：2021-02-01 00:00:00 – 2021-02-28 12:00:00

活动规则： 
1.每日签到领取店铺积分；
2.连续签到16天有机会额外可领取70积分，连续签到第26天有机会额外可领取100京豆；
3.签到积分相同情况下，根据签到完成时间的早晚排名前10名有机会额外获得500个京豆大奖。
4.达到连续签到天数并领取连续签到的奖品后，签到记录不清零，继续签到领好礼；
5.如出现积分相同情况下，系统自动默认按照先达成积分时间先后顺序进行排名；
6.补签要求：当天只能补签前一天的签到，邀请三位好友即可补签成功，补签不赠予店铺积分，但可以计入累计签到天数领后续奖品；
7.奖品数量有限，先到先得；
8.本次活动如果中了任何奖品。如积分、京豆均需要您手动领取；超过奖品有效期限未兑换视为自动放弃； 

活动规范：
1．每位自然人用户仅能使用一个京东账号参与活动，京东账号、手机号码等任意信息一致或指向同一用户，则视为同一用户；第一个参与本活动的账号参与结果有效，其他账号参与本活动均视为无效；
2．若发现同一用户使用不同账号重复参与活动，商家有权取消其获奖资格； 
3．参与活动的用户将关注“蒙牛京东自营旗舰店”

注意事项：
1.活动过程中，凡以不正当手段（如作弊领取、恶意套取、刷信誉、虚假交易、扰乱系统、实施网络攻击等）参与本次活动的用户，将有权终止其参与活动，并取消其获奖资格（如奖品已发放，将有权追回），如给蒙牛京东自营旗舰店造成损失的，将保留向违规用户继续追索的权利。
2.如遇不可抗力(包括但不限于重大灾害事件、活动受政府机关指令需要停止举办或调整的、活动中存在大面积作弊行为、活动遭受严重网络攻击或因系统故障导致活动中奖名单大批量出错，活动不能正常进行的)，有权取消、修改或暂停本活动。
3.为了及时有效的处理您的问题，若您对活动有任何疑问，请进入蒙牛京东自营旗舰店找“在线客服”咨询。
4.是否中奖以活动发布者后台统计结果为准。","firstAccess":false,"signDetail":[],"signDate":1612798864412,"hasLastPrize":false,"backImg":"https://img10.360buyimg.com/imgzone/jfs/t1/153125/36/16271/302724/601107c0E982b1449/4d61935b77da640e.jpg","shareContent":"蒙牛喊你来签到，京豆多多，福利多多，争分夺秒，不容错过！","top":[{"score":30,"pin":"海**y"},{"score":30,"pin":"X**l"},{"score":30,"pin":"肖**龟"},{"score":30,"pin":"C**f"},{"score":30,"pin":"j**r"},{"score":30,"pin":"太**w"},{"score":30,"pin":"栀**8"},{"score":30,"pin":"小**哥"},{"score":30,"pin":"x**6"},{"score":30,"pin":"j**t"}],"shopId":1000014803,"taskInfo":[false,false],"offSignNum":1,"hasEnd":false,"miniShareImage":"https://img10.360buyimg.com/imgzone/jfs/t1/121626/1/3005/134942/5eccbde3Ef5c8ac4e/8fd456eac96421a3.jpg","hasWin":false,"activityName":"蒙牛签到","contiSignNum":0,"assistType":0,"userId":1000014803,"needOpenCard":true,"shareTitle":"连续签到赢京豆","jdActivityId":1113870,"allPoint":null,"self":true,"endTime":1614484800000,"actorUuid":"cf80e028194945f28a254b978d116784"},"count":0,"errorMessage":""}

{
  "result": true,
  "data": {
    "signStartTime": 1612108800000,
    "shareImage": "https://img10.360buyimg.com/imgzone/jfs/t1/130875/40/391/14993/5eccbde3E304492bc/bb2530ba7c0f8b5b.jpg",
    "rule": "活动主办方：蒙牛京东自营旗舰店\r\n签到时间：2021-02-01 00:00:00 – 2021-02-28 12:00:00\r\n\r\n活动规则： \r\n1.每日签到领取店铺积分；\r\n2.连续签到16天有机会额外可领取70积分，连续签到第26天有机会额外可领取100京豆；\r\n3.签到积分相同情况下，根据签到完成时间的早晚排名前10名有机会额外获得500个京豆大奖。\r\n4.达到连续签到天数并领取连续签到的奖品后，签到记录不清零，继续签到领好礼；\r\n5.如出现积分相同情况下，系统自动默认按照先达成积分时间先后顺序进行排名；\r\n6.补签要求：当天只能补签前一天的签到，邀请三位好友即可补签成功，补签不赠予店铺积分，但可以计入累计签到天数领后续奖品；\r\n7.奖品数量有限，先到先得；\r\n8.本次活动如果中了任何奖品。如积分、京豆均需要您手动领取；超过奖品有效期限未兑换视为自动放弃； \r\n\r\n活动规范：\r\n1．每位自然人用户仅能使用一个京东账号参与活动，京东账号、手机号码等任意信息一致或指向同一用户，则视为同一用户；第一个参与本活动的账号参与结果有效，其他账号参与本活动均视为无效；\r\n2．若发现同一用户使用不同账号重复参与活动，商家有权取消其获奖资格； \r\n3．参与活动的用户将关注“蒙牛京东自营旗舰店”\r\n\r\n注意事项：\r\n1.活动过程中，凡以不正当手段（如作弊领取、恶意套取、刷信誉、虚假交易、扰乱系统、实施网络攻击等）参与本次活动的用户，将有权终止其参与活动，并取消其获奖资格（如奖品已发放，将有权追回），如给蒙牛京东自营旗舰店造成损失的，将保留向违规用户继续追索的权利。\r\n2.如遇不可抗力(包括但不限于重大灾害事件、活动受政府机关指令需要停止举办或调整的、活动中存在大面积作弊行为、活动遭受严重网络攻击或因系统故障导致活动中奖名单大批量出错，活动不能正常进行的)，有权取消、修改或暂停本活动。\r\n3.为了及时有效的处理您的问题，若您对活动有任何疑问，请进入蒙牛京东自营旗舰店找“在线客服”咨询。\r\n4.是否中奖以活动发布者后台统计结果为准。",
    "firstAccess": false,
    "signDetail": [],
    "signDate": 1612798864412,
    "hasLastPrize": false,
    "backImg": "https://img10.360buyimg.com/imgzone/jfs/t1/153125/36/16271/302724/601107c0E982b1449/4d61935b77da640e.jpg",
    "shareContent": "蒙牛喊你来签到，京豆多多，福利多多，争分夺秒，不容错过！",
    "top": [
      {
        "score": 30,
        "pin": "海**y"
      },
      {
        "score": 30,
        "pin": "X**l"
      },
      {
        "score": 30,
        "pin": "肖**龟"
      },
      {
        "score": 30,
        "pin": "C**f"
      },
      {
        "score": 30,
        "pin": "j**r"
      },
      {
        "score": 30,
        "pin": "太**w"
      },
      {
        "score": 30,
        "pin": "栀**8"
      },
      {
        "score": 30,
        "pin": "小**哥"
      },
      {
        "score": 30,
        "pin": "x**6"
      },
      {
        "score": 30,
        "pin": "j**t"
      }
    ],
    "shopId": 1000014803,
    "taskInfo": [
      false,
      false
    ],
    "offSignNum": 1,
    "hasEnd": false,
    "miniShareImage": "https://img10.360buyimg.com/imgzone/jfs/t1/121626/1/3005/134942/5eccbde3Ef5c8ac4e/8fd456eac96421a3.jpg",
    "hasWin": false,
    "activityName": "蒙牛签到",
    "contiSignNum": 0,
    "assistType": 0,
    "userId": 1000014803,
    "needOpenCard": true,
    "shareTitle": "连续签到赢京豆",
    "jdActivityId": 1113870,
    "allPoint": null,
    "self": true,
    "endTime": 1614484800000,
    "actorUuid": "cf80e028194945f28a254b978d116784"
  },
  "count": 0,
  "errorMessage": ""
}
