03/19/21 01:17:42 050227300  1616087862
RANDOM_num: 40
removed '/tmp/tmp.YfcG6AkNrY'
03/19/21 01:17:42 184336100  1616087862 检查王签到

real	0m0.224s
user	0m0.016s
sys	0m0.125s
lzkj-isv.isvjcloud.com	FALSE	/	FALSE	1616088462	LZ_TOKEN_VALUE	B0oH3vDY2bhHWuKbVaJ+XQ==
lzkj-isv.isvjcloud.com	FALSE	/	FALSE	1616088462	LZ_TOKEN_KEY	lztokenpagede716f495c1742ed8c5985c3d97eefeb
03/19/21 01:17:42 562930200  1616087862
use pt_key

real	0m0.177s
user	0m0.094s
sys	0m0.094s
03/19/21 01:17:42 758063400  1616087862 token: AAFgU4s2ADBoLw9guK6V0D3PYVxnmcbvhlP2RgnSIyA65UYbuMecNwVKcFNQwfX6NIZF-8WXnYc

real	0m0.270s
user	0m0.016s
sys	0m0.063s
03/19/21 01:17:43 150224200  1616087863 secretPin: 8zfoIjWIu/DcpxQNzAV7/oVPSWy1B8D+G4s+fJIFDfWHSnwnXFQKK9yQco/OGmHebU48Dr07k+7+k1UaXRbZKg==

03/19/21 01:17:43 167123400  1616087863 王签到卡西欧京东自营店

real	0m0.198s
user	0m0.000s
sys	0m0.078s
{
  "msg": "该活动已经结束",
  "code": "-1",
  "isOk": false
}
活动已结束. /home/myid/jd/jd_signup/vender/shop_1615906649_20_delay --> /home/myid/jd/jd_signup/vender/shop_1615906649_20_del
mv: cannot stat '/home/myid/jd/jd_signup/vender/shop_1615906649_20_delay': No such file or directory
03/19/21 01:18:23 716031600  1616087903

王签到卡西欧京东自营店查看结果
{"msg":"","code":"-1","isOk":false}

{
  "signDetail": null,
  "contiSignNum": null,
  "totalSignNum": null
}

卡西欧京东自营店活动规则
{"msg":"","code":"-1","isOk":false}

{
  "actUrl": null,
  "shortUrl": null,
  "actRule": null
}
actId=5feb5fef6abe48dcac64b656d110a932
venderId=1000003571
startTime=1615305600000
endTime=1616083199000
# 短链接
suo_url="https://3.cn/101bKs-sY"
actTimeStr="2021-03-10 00:00 至 2021-03-18 23:59"
#店铺名称
vendername="卡西欧京东自营店"
# 长链接
url=https://lzkj-isv.isvjcloud.com/sign/signActivity2?activityId=5feb5fef6abe48dcac64b656d110a932&venderId=1000003571&adsource=tg_storePage
# 活动时间：2021.03.10 00:00:00 - 2021.03.18 23:59:59
# 奖励说明：
actRule="
连续签到3天：10积分 10积分
连续签到5天：5京豆 5京豆
连续签到7天：10京豆 10京豆
"
#赵 122294312-396444 sign_res
sign_res="
signTime=1615852800;signed=2
signTime=1615939200;signed=2
signTime=1616025600;signed=2"
sign_num="3"
sign_total_num="3"
giftName=""10积分""
giftRes="ok"
giftDate="20210318"
sign_res_info="
2021/03/16_08:00:00  [已~签~到]      
2021/03/17_08:00:00  [已~签~到]      
2021/03/18_08:00:00  [已~签~到]      
当天签到奖励 ["10积分"]
连续签到 3 天
签到总天数 3"
#赵 122294312-396444 sign_res_end
#王 1309893722-164885 sign_res
sign_res="
signTime=1615852800;signed=2
signTime=1615939200;signed=2
signTime=1616025600;signed=2"
sign_num="3"
sign_total_num="3"
giftName=""10积分""
giftRes="ok"
giftDate="20210318"
sign_res_info="
2021/03/16_08:00:00  [已~签~到]      
2021/03/17_08:00:00  [已~签~到]      
2021/03/18_08:00:00  [已~签~到]      
当天签到奖励 ["10积分"]
连续签到 3 天
签到总天数 3"
#王 1309893722-164885 sign_res_end
#肥鹅 jd_4d651d9e48204 sign_res
sign_res="
signTime=1615852800;signed=2
signTime=1615939200;signed=2
signTime=1616025600;signed=2"
sign_num="3"
sign_total_num="3"
giftName=""10积分""
giftRes="ok"
giftDate="20210318"
sign_res_info="
2021/03/16_08:00:00  [已~签~到]      
2021/03/17_08:00:00  [已~签~到]      
2021/03/18_08:00:00  [已~签~到]      
当天签到奖励 ["10积分"]
连续签到 3 天
签到总天数 3"
#肥鹅 jd_4d651d9e48204 sign_res_end
#移动 jd_OeTNobRVGiNZ sign_res
sign_res="
"
sign_num="0"
sign_total_num="0"
giftName=""
giftRes=""
giftDate="20210318"
sign_res_info="

当天签到奖励 []
连续签到 0 天
签到总天数 0"
#移动 jd_OeTNobRVGiNZ sign_res_end
