RANDOM_num: 5
lzdz-isv.isvjcloud.com	FALSE	/	FALSE	1617394408	LZ_TOKEN_VALUE	B0oH3vDY2bhHWuKbVaJ+XQ==
lzdz-isv.isvjcloud.com	FALSE	/	FALSE	1617394408	LZ_TOKEN_KEY	lztokenpagebb1988a52688422c94bde7f925986c36
use pt_key
token: AAFgZ3iQADCCRQ9_t6MDoXJ6cmBB-yKIUu8Lcjk10t52zdXTZABnQKj2DPOoW4CUowbOpBuzbx4
secretPin: 51S2JqsypB/nfj45frYeoU7oeVP9kq2pYSH90mYt4m3fwcJlClpxrfmVYaGKuquQkdK3rLBQpEQH9V4tdrrh0w==

04/03/21 04:03:29 133260300  1617393809
赵签到蒙牛京东自营旗舰店
{
  "result": false,
  "data": "",
  "count": 0,
  "errorMessage": "活动已结束！"
}
"活动已结束！"
签到蒙牛京东自营旗舰店完成

赵签到蒙牛京东自营旗舰店查看结果, 活动规则
{"result":false,"data":"","count":0,"errorMessage":"活动已结束！"}

{
  "result": false,
  "data": "",
  "count": 0,
  "errorMessage": "活动已结束！"
}
