02/28/21 01:13:17 693530200  1614445997
RANDOM_num: 30
removed '/tmp/tmp.9jJ6sqswdG'
02/28/21 01:13:19 831095000  1614445999 æ£€æŸ¥ç§»åŠ¨ç­¾åˆ°

real	0m1.205s
user	0m0.031s
sys	0m0.047s
[WARN] get LZ_TOKEN error
02/28/21 01:13:23 955910600  1614446003
use wskey

real	0m2.304s
user	0m0.078s
sys	0m0.063s
02/28/21 01:13:26 521075400  1614446006 token: AAFgOn21ADC1PV5BaF9z-foDZ-3TwSrPhpADGRL31YufgB-vuKPlirrZdwIFpl4wfOkaQYvmAy8
parse error: Invalid numeric literal at line 1, column 10

real	0m1.986s
user	0m0.094s
sys	0m0.094s
02/28/21 01:13:28 781523900  1614446008 secretPin: 
[WARN] get secretPin error

02/28/21 01:13:29 364681000  1614446009 ç§»åŠ¨ç­¾åˆ°æ‹‰æ¯”å®˜æ–¹æ——èˆ°åº—

real	0m1.814s
user	0m0.047s
sys	0m0.063s
parse error: Invalid numeric literal at line 1, column 10
parse error: Invalid numeric literal at line 1, column 10
parse error: Invalid numeric literal at line 1, column 10
parse error: Invalid numeric literal at line 1, column 10
02/28/21 01:13:37 993753400 1614446017

real	0m1.709s
user	0m0.000s
sys	0m0.031s

real	0m2.046s
user	0m0.016s
sys	0m0.141s
[WARN] get LZ_TOKEN error
02/28/21 01:13:43 734098700  1614446023
use wskey

real	0m2.163s
user	0m0.094s
sys	0m0.125s
02/28/21 01:13:46 629242700  1614446026 token: AAFgOn3JADCoW1em8pyQbw-Z92s9t_FnkJKDg0nBiQj1E3b4j0dcrs64qniOZ3rxLZHL3QbLyDo
parse error: Invalid numeric literal at line 1, column 10

real	0m1.425s
user	0m0.078s
sys	0m0.078s
02/28/21 01:13:48 388091100  1614446028 secretPin: 
[WARN] get secretPin error

02/28/21 01:13:49 252044600  1614446029 ç§»åŠ¨ç­¾åˆ°æ‹‰æ¯”å®˜æ–¹æ——èˆ°åº—

real	0m1.522s
user	0m0.047s
sys	0m0.078s
parse error: Invalid numeric literal at line 1, column 10
parse error: Invalid numeric literal at line 1, column 10
parse error: Invalid numeric literal at line 1, column 10
parse error: Invalid numeric literal at line 1, column 10
02/28/21 01:13:56 990517800 1614446036

real	0m1.696s
user	0m0.000s
sys	0m0.016s

real	0m3.120s
user	0m0.047s
sys	0m0.047s
[WARN] get LZ_TOKEN error
02/28/21 01:14:03 682610800  1614446043
use wskey

real	0m3.214s
user	0m0.078s
sys	0m0.125s
02/28/21 01:14:07 356112800  1614446047 token: AAFgOn3eADDtXI1ahprp5k9_pRrEkE2_RhINAwHsgG8xoXthvnNiy-MieSH1GQvuaeUlzBeY-5g
parse error: Invalid numeric literal at line 1, column 10

real	0m2.637s
user	0m0.125s
sys	0m0.063s
02/28/21 01:14:10 380532700  1614446050 secretPin: 
[WARN] get secretPin error

02/28/21 01:14:10 887864400  1614446050 ç§»åŠ¨ç­¾åˆ°æ‹‰æ¯”å®˜æ–¹æ——èˆ°åº—

real	0m2.237s
user	0m0.016s
sys	0m0.063s
parse error: Invalid numeric literal at line 1, column 10
parse error: Invalid numeric literal at line 1, column 10
parse error: Invalid numeric literal at line 1, column 10
parse error: Invalid numeric literal at line 1, column 10
02/28/21 01:14:20 449134300 1614446060

real	0m2.838s
user	0m0.000s
sys	0m0.000s

real	0m1.857s
user	0m0.031s
sys	0m0.063s
[WARN] get LZ_TOKEN error
02/28/21 01:14:28 703247400  1614446068
use wskey

real	0m2.657s
user	0m0.125s
sys	0m0.094s
02/28/21 01:14:32 494316500  1614446072 token: AAFgOn32ADAg3oTvY63ARga2cmvxLdbgptLQoNmiK88KdrweUQFi3KF6rhc4ORXitjwlxqyg5-M
parse error: Invalid numeric literal at line 1, column 10

real	0m4.118s
user	0m0.094s
sys	0m0.125s
02/28/21 01:14:37 098770300  1614446077 secretPin: 
[WARN] get secretPin error

02/28/21 01:14:37 964026100  1614446077 ç§»åŠ¨ç­¾åˆ°æ‹‰æ¯”å®˜æ–¹æ——èˆ°åº—

real	0m1.615s
user	0m0.047s
sys	0m0.047s
parse error: Invalid numeric literal at line 1, column 10
parse error: Invalid numeric literal at line 1, column 10
parse error: Invalid numeric literal at line 1, column 10
parse error: Invalid numeric literal at line 1, column 10
02/28/21 01:14:56 181492000 1614446096

real	0m3.761s
user	0m0.016s
sys	0m0.031s

real	0m2.456s
user	0m0.000s
sys	0m0.094s
[WARN] get LZ_TOKEN error
02/28/21 01:15:04 534513900  1614446104
use wskey

real	0m2.192s
user	0m0.109s
sys	0m0.078s
02/28/21 01:15:07 425415000  1614446107 token: AAFgOn4aADAZ65WlN-WPPlSeUGxub-n8JFDJ0w7pobmaRoQFWnrktuANzURUNli92s_2SJ8RjAM
parse error: Invalid numeric literal at line 1, column 10

real	0m2.977s
user	0m0.109s
sys	0m0.109s
02/28/21 01:15:11 238568900  1614446111 secretPin: 
[WARN] get secretPin error

02/28/21 01:15:12 052287200  1614446112 ç§»åŠ¨ç­¾åˆ°æ‹‰æ¯”å®˜æ–¹æ——èˆ°åº—

real	0m3.076s
user	0m0.031s
sys	0m0.078s
parse error: Invalid numeric literal at line 1, column 10
parse error: Invalid numeric literal at line 1, column 10
parse error: Invalid numeric literal at line 1, column 10
parse error: Invalid numeric literal at line 1, column 10
02/28/21 01:15:25 305742600 1614446125

real	0m3.993s
user	0m0.000s
sys	0m0.031s

real	0m3.373s
user	0m0.016s
sys	0m0.063s
[WARN] get LZ_TOKEN error
02/28/21 01:15:35 015082200  1614446135
use wskey

real	0m2.574s
user	0m0.125s
sys	0m0.094s
02/28/21 01:15:38 744878300  1614446138 token: AAFgOn45ADCyXk9G3ffqBXmx3kv8oaYLeblpgJCzxM-cwAvqng6aCxUT8IfoWWMA3NcvwhTSq74
parse error: Invalid numeric literal at line 1, column 10

real	0m2.366s
user	0m0.078s
sys	0m0.094s
02/28/21 01:15:42 013858500  1614446142 secretPin: 
[WARN] get secretPin error

02/28/21 01:15:42 536226200  1614446142 ç§»åŠ¨ç­¾åˆ°æ‹‰æ¯”å®˜æ–¹æ——èˆ°åº—

real	0m2.514s
user	0m0.031s
sys	0m0.078s
parse error: Invalid numeric literal at line 1, column 10
parse error: Invalid numeric literal at line 1, column 10
parse error: Invalid numeric literal at line 1, column 10
parse error: Invalid numeric literal at line 1, column 10
02/28/21 01:16:19 230075500 1614446179

real	0m2.925s
user	0m0.000s
sys	0m0.000s

real	0m3.753s
user	0m0.000s
sys	0m0.109s
[WARN] get LZ_TOKEN error
02/28/21 01:16:28 300163300  1614446188
use wskey

real	0m2.836s
user	0m0.109s
sys	0m0.078s
02/28/21 01:16:31 794596100  1614446191 token: AAFgOn5uADAf3yapJArGyYYE5NF-zJUNSaQhKnd60M-UFyT_DDG1atQdJy9OS5_Upb8ZlpC2NR8
parse error: Invalid numeric literal at line 1, column 10

real	0m4.601s
user	0m0.125s
sys	0m0.094s
02/28/21 01:16:37 659986600  1614446197 secretPin: 
[WARN] get secretPin error

02/28/21 01:16:38 781931000  1614446198 ç§»åŠ¨ç­¾åˆ°æ‹‰æ¯”å®˜æ–¹æ——èˆ°åº—

real	0m2.959s
user	0m0.016s
sys	0m0.141s
parse error: Invalid numeric literal at line 1, column 10
parse error: Invalid numeric literal at line 1, column 10
parse error: Invalid numeric literal at line 1, column 10
parse error: Invalid numeric literal at line 1, column 10
02/28/21 01:16:50 952420700 1614446210

real	0m3.120s
user	0m0.000s
sys	0m0.047s

real	0m4.969s
user	0m0.031s
sys	0m0.063s
[WARN] get LZ_TOKEN error
02/28/21 01:17:12 397025900  1614446232
use wskey

real	0m3.074s
user	0m0.109s
sys	0m0.125s
02/28/21 01:17:16 360977700  1614446236 token: AAFgOn6bADBr0jIiNb5xV6ByVtuhksuy8-4U0zmfxZD19tcefj8VRq5dP_v2ZUYIBeCvvDmq0B0
parse error: Invalid numeric literal at line 1, column 10

real	0m3.027s
user	0m0.125s
sys	0m0.078s
02/28/21 01:17:19 749845600  1614446239 secretPin: 
[WARN] get secretPin error

02/28/21 01:17:20 804363500  1614446240 ç§»åŠ¨ç­¾åˆ°æ‹‰æ¯”å®˜æ–¹æ——èˆ°åº—

real	0m3.298s
user	0m0.047s
sys	0m0.063s
parse error: Invalid numeric literal at line 1, column 10
parse error: Invalid numeric literal at line 1, column 10
parse error: Invalid numeric literal at line 1, column 10
parse error: Invalid numeric literal at line 1, column 10
02/28/21 01:17:44 060097000 1614446264

real	0m3.738s
user	0m0.000s
sys	0m0.031s

real	0m2.640s
user	0m0.047s
sys	0m0.063s
[WARN] get LZ_TOKEN error
02/28/21 01:17:57 395481000  1614446277
use wskey

real	0m3.740s
user	0m0.109s
sys	0m0.125s
02/28/21 01:18:01 602316200  1614446281 token: AAFgOn7IADDxwSsJGhmjeiozFQWy6WRk2RNXRJlYjCnfRje-oHjm8TGnnU01A81qVmPr8E847ZE
parse error: Invalid numeric literal at line 1, column 10

real	0m3.124s
user	0m0.094s
sys	0m0.109s
02/28/21 01:18:05 653164400  1614446285 secretPin: 
[WARN] get secretPin error

02/28/21 01:18:06 226861100  1614446286 ç§»åŠ¨ç­¾åˆ°æ‹‰æ¯”å®˜æ–¹æ——èˆ°åº—

real	0m2.362s
user	0m0.063s
sys	0m0.047s
parse error: Invalid numeric literal at line 1, column 10
parse error: Invalid numeric literal at line 1, column 10
parse error: Invalid numeric literal at line 1, column 10
parse error: Invalid numeric literal at line 1, column 10
02/28/21 01:18:18 377842500 1614446298

real	0m4.206s
user	0m0.000s
sys	0m0.016s

real	0m1.844s
user	0m0.016s
sys	0m0.094s
[WARN] get LZ_TOKEN error
02/28/21 01:18:45 370073200  1614446325
use wskey

real	0m3.871s
user	0m0.063s
sys	0m0.109s
02/28/21 01:18:50 178485100  1614446330 token: AAFgOn74ADDMwDtOPkoebKWoPCqSaWQ0wBQ_nE8HIKv2J2JVQj9VVipOz5diWxj0aH-hfqiaMbk
parse error: Invalid numeric literal at line 1, column 10

real	0m3.999s
user	0m0.094s
sys	0m0.109s
02/28/21 01:18:54 893994900  1614446334 secretPin: 
[WARN] get secretPin error

02/28/21 01:18:56 006942200  1614446336 ç§»åŠ¨ç­¾åˆ°æ‹‰æ¯”å®˜æ–¹æ——èˆ°åº—

real	0m2.329s
user	0m0.016s
sys	0m0.094s
parse error: Invalid numeric literal at line 1, column 10
parse error: Invalid numeric literal at line 1, column 10
parse error: Invalid numeric literal at line 1, column 10
parse error: Invalid numeric literal at line 1, column 10
02/28/21 01:19:09 627542600 1614446349

real	0m4.468s
user	0m0.000s
sys	0m0.031s

real	0m4.970s
user	0m0.031s
sys	0m0.109s
[WARN] get LZ_TOKEN error
02/28/21 01:19:22 423848700  1614446362
use wskey

real	0m3.363s
user	0m0.125s
sys	0m0.094s
02/28/21 01:19:26 295980000  1614446366 token: AAFgOn8dADA7RG1R4r5z8Zt9hhX7WSCd5jD4Y1K3eMETS1HUM4T8c_jaQnf09YE1vZFrUr13_w4
parse error: Invalid numeric literal at line 1, column 10

real	0m2.754s
user	0m0.094s
sys	0m0.109s
02/28/21 01:19:30 242344300  1614446370 secretPin: 
[WARN] get secretPin error

02/28/21 01:19:31 205837200  1614446371 ç§»åŠ¨ç­¾åˆ°æ‹‰æ¯”å®˜æ–¹æ——èˆ°åº—

real	0m1.480s
user	0m0.016s
sys	0m0.063s
parse error: Invalid numeric literal at line 1, column 10
parse error: Invalid numeric literal at line 1, column 10
parse error: Invalid numeric literal at line 1, column 10
parse error: Invalid numeric literal at line 1, column 10
02/28/21 01:19:54 357946800 1614446394

real	0m6.063s
user	0m0.000s
sys	0m0.047s

real	0m4.146s
user	0m0.078s
sys	0m0.031s
[WARN] get LZ_TOKEN error
02/28/21 01:20:07 904708200  1614446407
use wskey

real	0m3.603s
user	0m0.141s
sys	0m0.078s
02/28/21 01:20:12 353472100  1614446412 token: AAFgOn9LADA9plJ64po3G4UGT7GY0zZFRZNBz5mVfzTYDbUOLjekDDbpag8aArUFaIahaJplZeo
parse error: Invalid numeric literal at line 1, column 10

real	0m5.205s
user	0m0.094s
sys	0m0.094s
02/28/21 01:20:19 433800400  1614446419 secretPin: 
[WARN] get secretPin error

02/28/21 01:20:19 945435200  1614446419 ç§»åŠ¨ç­¾åˆ°æ‹‰æ¯”å®˜æ–¹æ——èˆ°åº—

real	0m2.479s
user	0m0.016s
sys	0m0.094s
parse error: Invalid numeric literal at line 1, column 10
parse error: Invalid numeric literal at line 1, column 10
parse error: Invalid numeric literal at line 1, column 10
parse error: Invalid numeric literal at line 1, column 10
02/28/21 01:20:28 840858300 1614446428

real	0m4.173s
user	0m0.000s
sys	0m0.078s

real	0m3.556s
user	0m0.031s
sys	0m0.125s
[WARN] get LZ_TOKEN error
02/28/21 01:20:42 165733700  1614446442
use wskey

real	0m3.869s
user	0m0.141s
sys	0m0.078s
02/28/21 01:20:46 803088900  1614446446 token: AAFgOn9tADAmSRNJyC3judQDkv-Q-QzR9UVEqR8zTq-8Tij23TkKnor0f9nPjqrcpS4Rfy-IquU
parse error: Invalid numeric literal at line 1, column 10

real	0m3.640s
user	0m0.078s
sys	0m0.172s
02/28/21 01:20:51 455389200  1614446451 secretPin: 
[WARN] get secretPin error

02/28/21 01:20:52 449027200  1614446452 ç§»åŠ¨ç­¾åˆ°æ‹‰æ¯”å®˜æ–¹æ——èˆ°åº—

real	0m2.743s
user	0m0.078s
sys	0m0.047s
parse error: Invalid numeric literal at line 1, column 10
parse error: Invalid numeric literal at line 1, column 10
parse error: Invalid numeric literal at line 1, column 10
parse error: Invalid numeric literal at line 1, column 10
02/28/21 01:21:11 771934100 1614446471

real	0m5.567s
user	0m0.000s
sys	0m0.016s

real	0m3.914s
user	0m0.031s
sys	0m0.078s
[WARN] get LZ_TOKEN error
02/28/21 01:21:26 302369800  1614446486
use wskey

real	0m2.712s
user	0m0.141s
sys	0m0.094s
02/28/21 01:21:29 479486000  1614446489 token: AAFgOn-YADB5UqooO3oc2OHAziSWzDZlGB7ULQ3J9QxZQtaxF5PkRlmlJOtF9ay6e4I7kmax__E
parse error: Invalid numeric literal at line 1, column 10

real	0m2.882s
user	0m0.125s
sys	0m0.125s
02/28/21 01:21:32 822686300  1614446492 secretPin: 
[WARN] get secretPin error

02/28/21 01:21:33 604263900  1614446493 ç§»åŠ¨ç­¾åˆ°æ‹‰æ¯”å®˜æ–¹æ——èˆ°åº—

real	0m1.439s
user	0m0.047s
sys	0m0.047s
parse error: Invalid numeric literal at line 1, column 10
parse error: Invalid numeric literal at line 1, column 10
parse error: Invalid numeric literal at line 1, column 10
parse error: Invalid numeric literal at line 1, column 10
02/28/21 01:21:47 388448100 1614446507

real	0m5.722s
user	0m0.000s
sys	0m0.031s

real	0m3.695s
user	0m0.031s
sys	0m0.078s
[WARN] get LZ_TOKEN error
02/28/21 01:22:12 262321200  1614446532
use wskey

real	0m2.230s
user	0m0.141s
sys	0m0.109s
02/28/21 01:22:14 899257900  1614446534 token: AAFgOn_GADC3gn8Ra_cekAeI_WpU20ga8Tt-GF_A6PbKlpE4QrTV4zJ5Fc_52K0QCyIQybamXsg
parse error: Invalid numeric literal at line 1, column 10

real	0m2.540s
user	0m0.125s
sys	0m0.141s
02/28/21 01:22:17 966066800  1614446537 secretPin: 
[WARN] get secretPin error

02/28/21 01:22:18 280983600  1614446538 ç§»åŠ¨ç­¾åˆ°æ‹‰æ¯”å®˜æ–¹æ——èˆ°åº—

real	0m1.626s
user	0m0.078s
sys	0m0.063s
parse error: Invalid numeric literal at line 1, column 10
parse error: Invalid numeric literal at line 1, column 10
parse error: Invalid numeric literal at line 1, column 10
parse error: Invalid numeric literal at line 1, column 10
02/28/21 01:22:27 561652800 1614446547

real	0m5.317s
user	0m0.000s
sys	0m0.016s

real	0m4.433s
user	0m0.016s
sys	0m0.078s
[WARN] get LZ_TOKEN error
02/28/21 01:22:40 530654900  1614446560
use wskey

real	0m3.839s
user	0m0.125s
sys	0m0.094s
02/28/21 01:22:45 313137900  1614446565 token: AAFgOn_kADD7ZgynvK5CnCi7opLarCZlOGj1VcGcsxHCzJZSnIBsMuZgC9Ey87EBMLrEFZmY6OU
parse error: Invalid numeric literal at line 1, column 10

real	0m3.257s
user	0m0.063s
sys	0m0.094s
02/28/21 01:22:49 356951900  1614446569 secretPin: 
[WARN] get secretPin error

02/28/21 01:22:50 210683500  1614446570 ç§»åŠ¨ç­¾åˆ°æ‹‰æ¯”å®˜æ–¹æ——èˆ°åº—

real	0m2.323s
user	0m0.016s
sys	0m0.094s
parse error: Invalid numeric literal at line 1, column 10
parse error: Invalid numeric literal at line 1, column 10
parse error: Invalid numeric literal at line 1, column 10
parse error: Invalid numeric literal at line 1, column 10
02/28/21 01:23:07 078051400 1614446587

real	0m5.142s
user	0m0.000s
sys	0m0.047s

real	0m3.297s
user	0m0.047s
sys	0m0.125s
[WARN] get LZ_TOKEN error
02/28/21 01:23:17 150527900  1614446597
use wskey

real	0m3.289s
user	0m0.094s
sys	0m0.141s
02/28/21 01:23:21 365669800  1614446601 token: AAFgOoAIADDEKWn3sf6a7hOrHoaah93co_8hK27J7jSksS8m6x3tZeQXrrK8WkoFpKQdFiYe1XU
parse error: Invalid numeric literal at line 1, column 10

real	0m3.346s
user	0m0.094s
sys	0m0.125s
02/28/21 01:23:25 702386400  1614446605 secretPin: 
[WARN] get secretPin error

02/28/21 01:23:26 218356500  1614446606 ç§»åŠ¨ç­¾åˆ°æ‹‰æ¯”å®˜æ–¹æ——èˆ°åº—

real	0m2.586s
user	0m0.016s
sys	0m0.109s
parse error: Invalid numeric literal at line 1, column 10
parse error: Invalid numeric literal at line 1, column 10
parse error: Invalid numeric literal at line 1, column 10
parse error: Invalid numeric literal at line 1, column 10
02/28/21 01:23:38 818853600 1614446618

real	0m5.852s
user	0m0.000s
sys	0m0.047s

real	0m1.805s
user	0m0.016s
sys	0m0.125s
[WARN] get LZ_TOKEN error
02/28/21 01:23:48 331697900  1614446628
use wskey

real	0m3.972s
user	0m0.094s
sys	0m0.109s
02/28/21 01:23:53 132671400  1614446633 token: AAFgOoAnADCPWH20KOjgHC-jwX8tznfzKAe8BXXH2_OZHywqzKss8-2W9hIsZR1jN3bIWs9ZATg
parse error: Invalid numeric literal at line 1, column 10

real	0m2.794s
user	0m0.109s
sys	0m0.141s
02/28/21 01:23:56 821243700  1614446636 secretPin: 
[WARN] get secretPin error

02/28/21 01:23:57 702728400  1614446637 ç§»åŠ¨ç­¾åˆ°æ‹‰æ¯”å®˜æ–¹æ——èˆ°åº—

real	0m2.678s
user	0m0.016s
sys	0m0.125s
parse error: Invalid numeric literal at line 1, column 10
parse error: Invalid numeric literal at line 1, column 10
parse error: Invalid numeric literal at line 1, column 10
parse error: Invalid numeric literal at line 1, column 10
02/28/21 01:24:13 619013100 1614446653

real	0m6.178s
user	0m0.000s
sys	0m0.078s

real	0m2.669s
user	0m0.031s
sys	0m0.094s
[WARN] get LZ_TOKEN error
02/28/21 01:24:25 562555000  1614446665
use wskey

real	0m2.620s
user	0m0.094s
sys	0m0.125s
02/28/21 01:24:29 056549700  1614446669 token: AAFgOoBLADA51JXSq5iZLSJdWV0ghgEfHR72ORfAhlw3O8KG43ncrSkssBjZ6Q30IMjTkfXPXQs
parse error: Invalid numeric literal at line 1, column 10

real	0m3.043s
user	0m0.141s
sys	0m0.094s
02/28/21 01:24:34 035646300  1614446674 secretPin: 
[WARN] get secretPin error

02/28/21 01:24:35 496459400  1614446675 ç§»åŠ¨ç­¾åˆ°æ‹‰æ¯”å®˜æ–¹æ——èˆ°åº—

real	0m1.889s
user	0m0.016s
sys	0m0.063s
parse error: Invalid numeric literal at line 1, column 10
parse error: Invalid numeric literal at line 1, column 10
parse error: Invalid numeric literal at line 1, column 10
parse error: Invalid numeric literal at line 1, column 10
02/28/21 01:24:45 513487200 1614446685

real	0m5.644s
user	0m0.000s
sys	0m0.047s

real	0m2.037s
user	0m0.063s
sys	0m0.109s
[WARN] get LZ_TOKEN error
02/28/21 01:24:54 408400200  1614446694
use wskey

real	0m1.670s
user	0m0.141s
sys	0m0.063s
02/28/21 01:24:56 364518100  1614446696 token: AAFgOoBnADBrayuhxkuzwR2uAITFPTqL12gVtoHhVxAp7893v5Cy8-X2JPzS2GaMMszMg9mzA8k
parse error: Invalid numeric literal at line 1, column 10

real	0m2.477s
user	0m0.078s
sys	0m0.141s
02/28/21 01:24:59 686000300  1614446699 secretPin: 
[WARN] get secretPin error

02/28/21 01:25:00 328176200  1614446700 ç§»åŠ¨ç­¾åˆ°æ‹‰æ¯”å®˜æ–¹æ——èˆ°åº—

real	0m2.541s
user	0m0.000s
sys	0m0.109s
parse error: Invalid numeric literal at line 1, column 10
parse error: Invalid numeric literal at line 1, column 10
parse error: Invalid numeric literal at line 1, column 10
parse error: Invalid numeric literal at line 1, column 10
02/28/21 01:25:16 192911400 1614446716

real	0m6.027s
user	0m0.000s
sys	0m0.047s
02/28/21 01:25:55 109458600  1614446755
parse error: Invalid numeric literal at line 1, column 10
ç­¾åˆ°æ˜¯å¦æˆåŠŸè§£æå¤±è´¥. ä¸å†å†™/home/myid/jd/jd_signup/vender/shop_1614116186_58_delay

ç§»åŠ¨ç­¾åˆ°æ‹‰æ¯”å®˜æ–¹æ——èˆ°åº—æŸ¥çœ‹ç»“æœ
<!DOCTYPE html>
<html>
 <head> 
  <title>äº¬ä¸œ</title> 
  <meta charset="utf-8" /> 
  <meta name="apple-mobile-web-app-capable" content="yes" /> 
  <meta name="viewport" content="width=device-width,initial-scale=1,user-scalable=no,maximum-scale=1,viewport-fit=cover" /> 
  <meta name="format-detection" content="telephone=no" /> 
  <meta name="x5-cache" content="enable" /> 
  <link rel="stylesheet" href="https://storage.360buyimg.com/babel/00162638/333378/production/dev/parser.1526555535098.css?t=20180517191236" /> 
  <style> img {
            opacity: 1 !important;
        } </style> 
  <link href="https://storage.360buyimg.com/babel/00170893/348321/production/dev/index.7320a380.css?t=20180802150952" rel="stylesheet" />
 </head> 
 <body style="background:#fff;" id="root"> 
  <div class="errorPage"> 
  </div> 
  <div class="placeholer"> 
  </div> 
  <script src="https://wl.jd.com/unify.min.js"></script> 
  <script type="text/javascript" src="https://storage.360buyimg.com/babel/00170893/348321/production/dev/index.0f8f4dba.js?t=20180802150952"></script> 
 </body>
</html>

parse error: Invalid numeric literal at line 1, column 10
[0;31;3mRUN  at {280:<--} ERROR CODE: 4[0m [0;31;3m[20210228 01:26:01] [ERROR] [0m

