03/05/21 02:04:56 563892000  1614881096
RANDOM_num: 25
removed '/tmp/tmp.n4inSYiUFA'
03/05/21 02:04:56 776485000  1614881096
王 今天已经签到过. 签到结果: ok  giftDate: 20210305
***********************************************
7天签到 第  天
当天签到奖励 [null]
***********************************************

王 签到结果获取失败.
03/05/21 02:04:56 796771400  1614881096 检查王签到

real	0m0.188s
user	0m0.031s
sys	0m0.063s
lzkj-isv.isvjcloud.com	FALSE	/	FALSE	1614881697	LZ_TOKEN_VALUE	B0oH3vDY2bhHWuKbVaJ+XQ==
lzkj-isv.isvjcloud.com	FALSE	/	FALSE	1614881697	LZ_TOKEN_KEY	lztokenpage5cc6d454b1cf47d0b63876d4ee6f09fe
03/05/21 02:04:57 152252600  1614881097
use pt_key

real	0m0.172s
user	0m0.109s
sys	0m0.063s
03/05/21 02:04:57 348961800  1614881097 token: AAFgQSFJADC-NpPbpjScUf3FbRjTpvPCdIgrYKP4tdfA-PIdokUwRh5K4d0Ka3omIJWKLui20bg

real	0m0.355s
user	0m0.031s
sys	0m0.078s
03/05/21 02:04:57 904552200  1614881097 secretPin: 8zfoIjWIu/DcpxQNzAV7/oVPSWy1B8D+G4s+fJIFDfWHSnwnXFQKK9yQco/OGmHebU48Dr07k+7+k1UaXRbZKg==

03/05/21 02:04:57 932562700  1614881097 王签到欧迪芬旗舰店

real	0m0.273s
user	0m0.000s
sys	0m0.094s
{
  "msg": "当天只允许签到一次",
  "isOk": false
}
"当天只允许签到一次"
03/05/21 02:04:58 737896500 1614881098
03/05/21 02:04:58 774051200 1614881098 签到欧迪芬旗舰店完成
03/05/21 02:06:14 225244200  1614881174
false
parse error: Invalid numeric literal at line 1, column 10
重复签到. 载入之前签到的giftName: null

***********************************************
7天签到 第  天
当天签到奖励 [null]
***********************************************

王签到欧迪芬旗舰店查看结果, 活动规则
<!DOCTYPE html>
<html>
 <head> 
  <title>京东</title> 
  <meta charset="utf-8" /> 
  <meta name="apple-mobile-web-app-capable" content="yes" /> 
  <meta name="viewport" content="width=device-width,initial-scale=1,user-scalable=no,maximum-scale=1,viewport-fit=cover" /> 
  <meta name="format-detection" content="telephone=no" /> 
  <meta name="x5-cache" content="enable" /> 
  <link rel="stylesheet" href="https://storage.360buyimg.com/babel/00162638/333378/production/dev/parser.1526555535098.css?t=20180517191236" /> 
  <style> img {
            opacity: 1 !important;
        } </style> 
  <link href="https://storage.360buyimg.com/babel/00170893/348321/production/dev/index.7320a380.css?t=20180802150952" rel="stylesheet" />
 </head> 
 <body style="background:#fff;" id="root"> 
  <div class="errorPage"> 
  </div> 
  <div class="placeholer"> 
  </div> 
  <script src="https://wl.jd.com/unify.min.js"></script> 
  <script type="text/javascript" src="https://storage.360buyimg.com/babel/00170893/348321/production/dev/index.0f8f4dba.js?t=20180802150952"></script> 
 </body>
</html>

#店铺名称
vendername="欧迪芬旗舰店"
#店铺激活码
actId="3a6f8c8f9ef04a8c82016b375d3aa442"
#店铺id
venderId="199355"
#长链接
url="https://lzkj-isv.isvjcloud.com/sign/sevenDay/signActivity?activityId=3a6f8c8f9ef04a8c82016b375d3aa442&venderId=199355&adsource=tg_xuanFuTuBiao"

startTime=1614528000
endTime=1615219140
# 活动时间：2021-03-01 00:00 - 2021-03-08 23:59；
# 奖励说明：
actRule="
7天签到
连续签到1天：1京豆
连续签到2天：2京豆
连续签到3天：10元优惠券
连续签到4天：
连续签到5天：20元优惠券
连续签到6天：
连续签到7天：10京豆
"
#移动 jd_OeTNobRVGiNZ sign_res
sign_num="0"
giftName=""
giftRes=""
giftDate="20210305"
sign_res_info="7天签到 第 0 天
当天签到奖励 []"
#移动 jd_OeTNobRVGiNZ sign_res_end
#肥鹅 jd_4d651d9e48204 sign_res
sign_num=""
giftName="null"
giftRes="ok"
giftDate="20210305"
sign_res_info="7天签到 第  天
当天签到奖励 [null]"
#肥鹅 jd_4d651d9e48204 sign_res_end
#赵 122294312-396444 sign_res
sign_num=""
giftName="null"
giftRes="ok"
giftDate="20210305"
sign_res_info="7天签到 第  天
当天签到奖励 [null]"
#赵 122294312-396444 sign_res_end
#王 1309893722-164885 sign_res
sign_num=""
giftName="null"
giftRes="ok"
giftDate="20210305"
sign_res_info="7天签到 第  天
当天签到奖励 [null]"
#王 1309893722-164885 sign_res_end
