02/28/21 10:36:50 118086300  1614479810
RANDOM_num: 30
removed '/tmp/tmp.NGPFUI1uo5'
02/28/21 10:36:50 204210700  1614479810 æ£€æŸ¥èµµç­¾åˆ°

real	0m0.124s
user	0m0.000s
sys	0m0.031s
lzkj-isv.isvjcloud.com	FALSE	/	FALSE	1614480410	LZ_TOKEN_VALUE	B0oH3vDY2bhHWuKbVaJ+XQ==
lzkj-isv.isvjcloud.com	FALSE	/	FALSE	1614480410	LZ_TOKEN_KEY	lztokenpagea16a8df505e640eabbff3f69c934b90a
02/28/21 10:36:50 409805000  1614479810
use pt_key

real	0m0.098s
user	0m0.063s
sys	0m0.016s
02/28/21 10:36:50 520344400  1614479810 token: AAFgOwHCADDtNL_ITGR_AiuBjLwYVija98YQQrMg8QOtR9YhraxipgwEEc-QjtbzHuDC_3CtuXo

real	0m0.975s
user	0m0.047s
sys	0m0.047s
02/28/21 10:36:51 506169800  1614479811 secretPin: 51S2JqsypB/nfj45frYeoU7oeVP9kq2pYSH90mYt4m3fwcJlClpxrfmVYaGKuquQkdK3rLBQpEQH9V4tdrrh0w==

02/28/21 10:36:51 516571800  1614479811 èµµç­¾åˆ°Mideerå¼¥é¹¿äº¬ä¸œè‡ªè¥å®˜æ–¹æ——èˆ°åº—

real	0m0.134s
user	0m0.000s
sys	0m0.031s
{
  "msg": "è¯¥æ´»åŠ¨å·²ç»ç»“æŸ",
  "code": "-1",
  "isOk": false
}
æ´»åŠ¨å·²ç»“æŸ. /home/myid/jd/jd_signup/vender/shop_1614116376_120_delay --> /home/myid/jd/jd_signup/vender/shop_1614116376_120_del
renamed '/home/myid/jd/jd_signup/vender/shop_1614116376_120_delay' -> '/home/myid/jd/jd_signup/vender/shop_1614116376_120_del'
02/28/21 10:37:21 825342900  1614479841

èµµç­¾åˆ°Mideerå¼¥é¹¿äº¬ä¸œè‡ªè¥å®˜æ–¹æ——èˆ°åº—æŸ¥çœ‹ç»“æœ
<!DOCTYPE html>
<html>
 <head> 
  <title>äº¬ä¸œ</title> 
  <meta charset="utf-8" /> 
  <meta name="apple-mobile-web-app-capable" content="yes" /> 
  <meta name="viewport" content="width=device-width,initial-scale=1,user-scalable=no,maximum-scale=1,viewport-fit=cover" /> 
  <meta name="format-detection" content="telephone=no" /> 
  <meta name="x5-cache" content="enable" /> 
  <link rel="stylesheet" href="https://storage.360buyimg.com/babel/00162638/333378/production/dev/parser.1526555535098.css?t=20180517191236" /> 
  <style> img {
            opacity: 1 !important;
        } </style> 
  <link href="https://storage.360buyimg.com/babel/00170893/348321/production/dev/index.7320a380.css?t=20180802150952" rel="stylesheet" />
 </head> 
 <body style="background:#fff;" id="root"> 
  <div class="errorPage"> 
  </div> 
  <div class="placeholer"> 
  </div> 
  <script src="https://wl.jd.com/unify.min.js"></script> 
  <script type="text/javascript" src="https://storage.360buyimg.com/babel/00170893/348321/production/dev/index.0f8f4dba.js?t=20180802150952"></script> 
 </body>
</html>

parse error: Invalid numeric literal at line 1, column 10
[0;31;3mRUN  at {280:<--} ERROR CODE: 4[0m [0;31;3m[20210228 10:37:22] [ERROR] [0m

