02/27/21 01:18:16 321167100  1614359896
RANDOM_num: 25
removed '/tmp/tmp.zlMbvfUoIK'
02/27/21 01:18:18 385228600  1614359898 检查肥鹅签到

real	0m1.435s
user	0m0.031s
sys	0m0.141s
[WARN] get LZ_TOKEN error
02/27/21 01:18:23 175452700  1614359903
use pt_key

real	0m2.704s
user	0m0.094s
sys	0m0.141s
02/27/21 01:18:26 235326900  1614359906 token: AAFgOS1hADBMWxhYbtVI6qqUducUMXKtcbGJE07H89t6bKGaILv10UHegYt-PRMujQH6VTk9vBI
parse error: Invalid numeric literal at line 1, column 10

real	0m2.026s
user	0m0.141s
sys	0m0.078s
02/27/21 01:18:29 031002400  1614359909 secretPin: 
[WARN] get secretPin error

02/27/21 01:18:29 843811300  1614359909 肥鹅签到澳优乳业官方旗舰店

real	0m1.567s
user	0m0.031s
sys	0m0.078s
parse error: Invalid numeric literal at line 1, column 10
parse error: Invalid numeric literal at line 1, column 10
parse error: Invalid numeric literal at line 1, column 10
parse error: Invalid numeric literal at line 1, column 10
02/27/21 01:18:37 680723500 1614359917

real	0m1.434s
user	0m0.000s
sys	0m0.063s

real	0m1.827s
user	0m0.031s
sys	0m0.109s
[WARN] get LZ_TOKEN error
02/27/21 01:18:42 585997000  1614359922
use pt_key

real	0m1.996s
user	0m0.109s
sys	0m0.109s
02/27/21 01:18:44 940812000  1614359924 token: AAFgOS10ADA2rdl783ftMvnQ0ctd6X9UWz3bpzitJwApqUEuik6fPncL5kRKMMq7HbeW5FVP4mc
parse error: Invalid numeric literal at line 1, column 10

real	0m1.746s
user	0m0.125s
sys	0m0.109s
02/27/21 01:18:47 063199800  1614359927 secretPin: 
[WARN] get secretPin error

02/27/21 01:18:47 788651800  1614359927 肥鹅签到澳优乳业官方旗舰店

real	0m1.555s
user	0m0.031s
sys	0m0.094s
parse error: Invalid numeric literal at line 1, column 10
parse error: Invalid numeric literal at line 1, column 10
parse error: Invalid numeric literal at line 1, column 10
parse error: Invalid numeric literal at line 1, column 10
02/27/21 01:18:57 418148100 1614359937

real	0m1.940s
user	0m0.000s
sys	0m0.047s

real	0m1.709s
user	0m0.047s
sys	0m0.094s
[WARN] get LZ_TOKEN error
02/27/21 01:19:02 124293100  1614359942
use pt_key

real	0m2.118s
user	0m0.125s
sys	0m0.078s
02/27/21 01:19:04 736189400  1614359944 token: AAFgOS2IADA14gdRnWHPFEM-vL5SbwCv98LjSdHKvF2YkEVbpO0gF1q1uGpcaoEJonGLaXy9wvY
parse error: Invalid numeric literal at line 1, column 10

real	0m1.658s
user	0m0.094s
sys	0m0.125s
02/27/21 01:19:06 858800500  1614359946 secretPin: 
[WARN] get secretPin error

02/27/21 01:19:07 144698500  1614359947 肥鹅签到澳优乳业官方旗舰店

real	0m1.617s
user	0m0.031s
sys	0m0.063s
parse error: Invalid numeric literal at line 1, column 10
parse error: Invalid numeric literal at line 1, column 10
parse error: Invalid numeric literal at line 1, column 10
parse error: Invalid numeric literal at line 1, column 10
02/27/21 01:19:13 992996900 1614359953

real	0m2.320s
user	0m0.000s
sys	0m0.063s

real	0m1.858s
user	0m0.047s
sys	0m0.078s
[WARN] get LZ_TOKEN error
02/27/21 01:19:19 620297800  1614359959
use pt_key

real	0m1.836s
user	0m0.094s
sys	0m0.109s
02/27/21 01:19:22 234801000  1614359962 token: AAFgOS2ZADC0upkW4uNtw9R60TMVpjPwYsPC4nd2xn4zb05Z81D17O9SjrYieuHUhmelxZYz4cQ
parse error: Invalid numeric literal at line 1, column 10

real	0m1.408s
user	0m0.141s
sys	0m0.109s
02/27/21 01:19:24 589861600  1614359964 secretPin: 
[WARN] get secretPin error

02/27/21 01:19:25 234990800  1614359965 肥鹅签到澳优乳业官方旗舰店

real	0m1.840s
user	0m0.016s
sys	0m0.109s
parse error: Invalid numeric literal at line 1, column 10
parse error: Invalid numeric literal at line 1, column 10
parse error: Invalid numeric literal at line 1, column 10
parse error: Invalid numeric literal at line 1, column 10
02/27/21 01:19:32 519825300 1614359972

real	0m1.775s
user	0m0.000s
sys	0m0.047s

real	0m1.869s
user	0m0.047s
sys	0m0.109s
[WARN] get LZ_TOKEN error
02/27/21 01:19:38 684638200  1614359978
use pt_key

real	0m1.727s
user	0m0.141s
sys	0m0.172s
02/27/21 01:19:41 372521500  1614359981 token: AAFgOS2sADAzK6yZU-Z_8J_hmEXYsrbfwrWKfk3cmyI4QxDlsEcER7gZblBU5PULPnPme5K5D2M
parse error: Invalid numeric literal at line 1, column 10

real	0m2.293s
user	0m0.078s
sys	0m0.094s
02/27/21 01:19:44 146117400  1614359984 secretPin: 
[WARN] get secretPin error

02/27/21 01:19:44 549322900  1614359984 肥鹅签到澳优乳业官方旗舰店

real	0m1.503s
user	0m0.016s
sys	0m0.109s
parse error: Invalid numeric literal at line 1, column 10
parse error: Invalid numeric literal at line 1, column 10
parse error: Invalid numeric literal at line 1, column 10
parse error: Invalid numeric literal at line 1, column 10
02/27/21 01:19:50 759091200 1614359990

real	0m2.447s
user	0m0.000s
sys	0m0.047s

real	0m2.495s
user	0m0.078s
sys	0m0.094s
[WARN] get LZ_TOKEN error
02/27/21 01:19:56 915003300  1614359996
use pt_key

real	0m1.725s
user	0m0.125s
sys	0m0.094s
02/27/21 01:19:59 038273400  1614359999 token: AAFgOS2-ADDksrZkaVgsMDuC9E7CWn-1jppmIcBaDxG0co2PkvYGETNRAUjVx91hN6GA3krETOA
parse error: Invalid numeric literal at line 1, column 10

real	0m1.733s
user	0m0.156s
sys	0m0.156s
02/27/21 01:20:01 210356700  1614360001 secretPin: 
[WARN] get secretPin error

02/27/21 01:20:01 591491100  1614360001 肥鹅签到澳优乳业官方旗舰店

real	0m1.399s
user	0m0.047s
sys	0m0.078s
parse error: Invalid numeric literal at line 1, column 10
parse error: Invalid numeric literal at line 1, column 10
parse error: Invalid numeric literal at line 1, column 10
parse error: Invalid numeric literal at line 1, column 10
02/27/21 01:20:08 307312800 1614360008

real	0m2.544s
user	0m0.000s
sys	0m0.063s

real	0m1.920s
user	0m0.063s
sys	0m0.109s
[WARN] get LZ_TOKEN error
02/27/21 01:20:13 794998500  1614360013
use pt_key

real	0m1.871s
user	0m0.109s
sys	0m0.141s
02/27/21 01:20:16 068239600  1614360016 token: AAFgOS3PADDbX_xyUpzp42POy5l5irVottOFRKJuKSikSWFP9IU6k2d5uC5dAey5zyiEV0IhM14
parse error: Invalid numeric literal at line 1, column 10

real	0m2.352s
user	0m0.125s
sys	0m0.125s
02/27/21 01:20:18 999237000  1614360018 secretPin: 
[WARN] get secretPin error

02/27/21 01:20:19 375906500  1614360019 肥鹅签到澳优乳业官方旗舰店

real	0m1.639s
user	0m0.063s
sys	0m0.094s
parse error: Invalid numeric literal at line 1, column 10
parse error: Invalid numeric literal at line 1, column 10
parse error: Invalid numeric literal at line 1, column 10
parse error: Invalid numeric literal at line 1, column 10
02/27/21 01:20:27 769776200 1614360027

real	0m3.007s
user	0m0.000s
sys	0m0.016s

real	0m1.850s
user	0m0.031s
sys	0m0.063s
[WARN] get LZ_TOKEN error
02/27/21 01:20:33 532908700  1614360033
use pt_key

real	0m1.054s
user	0m0.109s
sys	0m0.109s
02/27/21 01:20:34 869038500  1614360034 token: AAFgOS3iADC1HzCpNvSl-5NLuYKumV0-gzG_D5o5R6BmRm4mZX_8kSl4_2Gqjtbqm86iw917XNk
parse error: Invalid numeric literal at line 1, column 10

real	0m1.548s
user	0m0.109s
sys	0m0.109s
02/27/21 01:20:36 857536700  1614360036 secretPin: 
[WARN] get secretPin error

02/27/21 01:20:37 142045800  1614360037 肥鹅签到澳优乳业官方旗舰店

real	0m1.213s
user	0m0.016s
sys	0m0.141s
parse error: Invalid numeric literal at line 1, column 10
parse error: Invalid numeric literal at line 1, column 10
parse error: Invalid numeric literal at line 1, column 10
parse error: Invalid numeric literal at line 1, column 10
02/27/21 01:20:42 414862800 1614360042

real	0m2.751s
user	0m0.000s
sys	0m0.063s

real	0m1.213s
user	0m0.047s
sys	0m0.094s
[WARN] get LZ_TOKEN error
02/27/21 01:20:47 638126900  1614360047
use pt_key

real	0m2.685s
user	0m0.109s
sys	0m0.109s
02/27/21 01:20:50 756649400  1614360050 token: AAFgOS3yADDmu9iwc7c_hgCqWH7OPTbJa55hDw9EBzL0C3PO50hA6lfRdMTOyyPYvGwHbtrFUvI
parse error: Invalid numeric literal at line 1, column 10

real	0m1.146s
user	0m0.141s
sys	0m0.094s
02/27/21 01:20:52 362830200  1614360052 secretPin: 
[WARN] get secretPin error

02/27/21 01:20:53 003890800  1614360053 肥鹅签到澳优乳业官方旗舰店

real	0m2.488s
user	0m0.016s
sys	0m0.078s
parse error: Invalid numeric literal at line 1, column 10
parse error: Invalid numeric literal at line 1, column 10
parse error: Invalid numeric literal at line 1, column 10
parse error: Invalid numeric literal at line 1, column 10
02/27/21 01:20:59 631095500 1614360059

real	0m2.665s
user	0m0.000s
sys	0m0.047s

real	0m1.578s
user	0m0.031s
sys	0m0.094s
[WARN] get LZ_TOKEN error
02/27/21 01:21:05 741326100  1614360065
use pt_key

real	0m1.321s
user	0m0.156s
sys	0m0.109s
02/27/21 01:21:07 481554900  1614360067 token: AAFgOS4DADAwNk2ywSHTdElx1Yp8-7fuRNUykocWYF-7Gn0RSlKOgUj4Sa-miq8CBMfeuMMgpxo
parse error: Invalid numeric literal at line 1, column 10

real	0m1.458s
user	0m0.047s
sys	0m0.125s
02/27/21 01:21:09 247560800  1614360069 secretPin: 
[WARN] get secretPin error

02/27/21 01:21:09 574054300  1614360069 肥鹅签到澳优乳业官方旗舰店

real	0m1.299s
user	0m0.016s
sys	0m0.125s
parse error: Invalid numeric literal at line 1, column 10
parse error: Invalid numeric literal at line 1, column 10
parse error: Invalid numeric literal at line 1, column 10
parse error: Invalid numeric literal at line 1, column 10
02/27/21 01:21:15 567069300 1614360075

real	0m3.101s
user	0m0.000s
sys	0m0.016s

real	0m0.870s
user	0m0.047s
sys	0m0.063s
[WARN] get LZ_TOKEN error
02/27/21 01:21:20 667418100  1614360080
use pt_key

real	0m1.286s
user	0m0.109s
sys	0m0.141s
02/27/21 01:21:22 279662500  1614360082 token: AAFgOS4RADAR_cjt-E8nNI0ZJP1twemweDqB0XDRMpXR1LZA2-ovVLq9HNc8EY3p-G_son_Rka4
parse error: Invalid numeric literal at line 1, column 10

real	0m1.159s
user	0m0.078s
sys	0m0.094s
02/27/21 01:21:24 487796500  1614360084 secretPin: 
[WARN] get secretPin error

02/27/21 01:21:24 815945300  1614360084 肥鹅签到澳优乳业官方旗舰店

real	0m1.106s
user	0m0.063s
sys	0m0.109s
parse error: Invalid numeric literal at line 1, column 10
parse error: Invalid numeric literal at line 1, column 10
parse error: Invalid numeric literal at line 1, column 10
parse error: Invalid numeric literal at line 1, column 10
02/27/21 01:21:28 435305900 1614360088

real	0m2.987s
user	0m0.000s
sys	0m0.031s

real	0m1.062s
user	0m0.031s
sys	0m0.078s
[WARN] get LZ_TOKEN error
02/27/21 01:21:33 159761000  1614360093
use pt_key

real	0m0.996s
user	0m0.094s
sys	0m0.109s
02/27/21 01:21:34 347758900  1614360094 token: AAFgOS4eADB5IVoHAjP1tcoRhkP7O3nlkdVVhW323HawNi4uxPbvIcp3F1xdmwXIyLm5rUL3zDU
parse error: Invalid numeric literal at line 1, column 10

real	0m1.067s
user	0m0.141s
sys	0m0.078s
02/27/21 01:21:35 624123700  1614360095 secretPin: 
[WARN] get secretPin error

02/27/21 01:21:36 005793400  1614360096 肥鹅签到澳优乳业官方旗舰店

real	0m1.282s
user	0m0.031s
sys	0m0.094s
parse error: Invalid numeric literal at line 1, column 10
parse error: Invalid numeric literal at line 1, column 10
parse error: Invalid numeric literal at line 1, column 10
parse error: Invalid numeric literal at line 1, column 10
02/27/21 01:21:40 225438200 1614360100

real	0m3.069s
user	0m0.016s
sys	0m0.031s

real	0m1.734s
user	0m0.016s
sys	0m0.109s
[WARN] get LZ_TOKEN error
02/27/21 01:21:45 585129800  1614360105
use pt_key

real	0m1.173s
user	0m0.172s
sys	0m0.094s
02/27/21 01:21:47 012400900  1614360107 token: AAFgOS4qADC9gRc-Xb3VZLWWgrSZS94XWWOwUx4g-vKBxQfEwoiNK_7jGygGvUGbtBbumBfvk7Q
parse error: Invalid numeric literal at line 1, column 10

real	0m1.417s
user	0m0.078s
sys	0m0.109s
02/27/21 01:21:49 021919600  1614360109 secretPin: 
[WARN] get secretPin error

02/27/21 01:21:49 347100800  1614360109 肥鹅签到澳优乳业官方旗舰店

real	0m0.941s
user	0m0.016s
sys	0m0.094s
parse error: Invalid numeric literal at line 1, column 10
parse error: Invalid numeric literal at line 1, column 10
parse error: Invalid numeric literal at line 1, column 10
parse error: Invalid numeric literal at line 1, column 10
02/27/21 01:21:53 283573800 1614360113

real	0m4.298s
user	0m0.000s
sys	0m0.047s

real	0m0.895s
user	0m0.031s
sys	0m0.078s
[WARN] get LZ_TOKEN error
02/27/21 01:21:59 135844100  1614360119
use pt_key

real	0m0.955s
user	0m0.109s
sys	0m0.141s
02/27/21 01:22:00 363867100  1614360120 token: AAFgOS43ADCWrrzfLPGsVhT52_PgbENo1dnv7XzAXVkkgq9P_PvMhEa8sep9CTeZZJyljkklLFg
parse error: Invalid numeric literal at line 1, column 10

real	0m1.127s
user	0m0.109s
sys	0m0.141s
02/27/21 01:22:01 708280800  1614360121 secretPin: 
[WARN] get secretPin error

02/27/21 01:22:02 022060300  1614360122 肥鹅签到澳优乳业官方旗舰店

real	0m0.554s
user	0m0.047s
sys	0m0.094s
parse error: Invalid numeric literal at line 1, column 10
parse error: Invalid numeric literal at line 1, column 10
parse error: Invalid numeric literal at line 1, column 10
parse error: Invalid numeric literal at line 1, column 10
02/27/21 01:22:05 495130300 1614360125

real	0m3.566s
user	0m0.000s
sys	0m0.047s

real	0m0.782s
user	0m0.031s
sys	0m0.078s
[WARN] get LZ_TOKEN error
02/27/21 01:22:10 866589400  1614360130
use pt_key

real	0m0.862s
user	0m0.109s
sys	0m0.141s
02/27/21 01:22:11 929979300  1614360131 token: AAFgOS5DADAT63ItTlgNSXZQKsCwRjaV4Blb6lXXVzRU44CbjX-5JePXzoX6HauU93lsRBe6BZU
parse error: Invalid numeric literal at line 1, column 10

real	0m0.735s
user	0m0.109s
sys	0m0.156s
02/27/21 01:22:12 777512600  1614360132 secretPin: 
[WARN] get secretPin error

02/27/21 01:22:12 947344100  1614360132 肥鹅签到澳优乳业官方旗舰店

real	0m0.770s
user	0m0.016s
sys	0m0.078s
parse error: Invalid numeric literal at line 1, column 10
parse error: Invalid numeric literal at line 1, column 10
parse error: Invalid numeric literal at line 1, column 10
parse error: Invalid numeric literal at line 1, column 10
02/27/21 01:22:16 105648200 1614360136

real	0m3.690s
user	0m0.000s
sys	0m0.016s

real	0m0.800s
user	0m0.031s
sys	0m0.078s
[WARN] get LZ_TOKEN error
02/27/21 01:22:21 069741300  1614360141
use pt_key

real	0m0.876s
user	0m0.109s
sys	0m0.109s
02/27/21 01:22:22 115421200  1614360142 token: AAFgOS5NADBfK3IDtf-tcy100OhIrnlgsL9iv39n77CLzfBnd60mu3LYRzzpVGR1dsFqOer35rI
parse error: Invalid numeric literal at line 1, column 10

real	0m0.532s
user	0m0.125s
sys	0m0.094s
02/27/21 01:22:22 787723100  1614360142 secretPin: 
[WARN] get secretPin error

02/27/21 01:22:22 886309400  1614360142 肥鹅签到澳优乳业官方旗舰店

real	0m0.301s
user	0m0.016s
sys	0m0.094s
parse error: Invalid numeric literal at line 1, column 10
parse error: Invalid numeric literal at line 1, column 10
parse error: Invalid numeric literal at line 1, column 10
parse error: Invalid numeric literal at line 1, column 10
02/27/21 01:22:26 172807500 1614360146

real	0m3.651s
user	0m0.016s
sys	0m0.063s

real	0m0.459s
user	0m0.016s
sys	0m0.141s
[WARN] get LZ_TOKEN error
02/27/21 01:22:30 573682000  1614360150
use pt_key

real	0m0.463s
user	0m0.094s
sys	0m0.141s
02/27/21 01:22:31 149803700  1614360151 token: AAFgOS5WADAJFWUC9-IuCJKcXzYcpXJQGQHq-iUd5IBve2oNkRpGcoBw1lY77IGqut15VejrpXM
parse error: Invalid numeric literal at line 1, column 10

real	0m0.340s
user	0m0.141s
sys	0m0.109s
02/27/21 01:22:31 583203300  1614360151 secretPin: 
[WARN] get secretPin error

02/27/21 01:22:31 638076700  1614360151 肥鹅签到澳优乳业官方旗舰店

real	0m0.212s
user	0m0.031s
sys	0m0.078s
parse error: Invalid numeric literal at line 1, column 10
parse error: Invalid numeric literal at line 1, column 10
parse error: Invalid numeric literal at line 1, column 10
parse error: Invalid numeric literal at line 1, column 10
02/27/21 01:22:32 537048700 1614360152

real	0m3.614s
user	0m0.016s
sys	0m0.031s

real	0m0.741s
user	0m0.016s
sys	0m0.109s
[WARN] get LZ_TOKEN error
02/27/21 01:22:37 169517800  1614360157
use pt_key

real	0m0.519s
user	0m0.094s
sys	0m0.078s
02/27/21 01:22:37 807639300  1614360157 token: AAFgOS5dADA_vVm0E_eDFKQ8iUA5ok9aJZK_LGfnJnzlow5lcDHjtqRWESrMcf8p50YpIJpMel0
parse error: Invalid numeric literal at line 1, column 10

real	0m0.859s
user	0m0.094s
sys	0m0.125s
02/27/21 01:22:38 847291100  1614360158 secretPin: 
[WARN] get secretPin error

02/27/21 01:22:39 007711800  1614360159 肥鹅签到澳优乳业官方旗舰店

real	0m0.492s
user	0m0.047s
sys	0m0.094s
parse error: Invalid numeric literal at line 1, column 10
parse error: Invalid numeric literal at line 1, column 10
parse error: Invalid numeric literal at line 1, column 10
parse error: Invalid numeric literal at line 1, column 10
02/27/21 01:22:40 188655200 1614360160

real	0m3.750s
user	0m0.000s
sys	0m0.047s

real	0m0.564s
user	0m0.031s
sys	0m0.078s
[WARN] get LZ_TOKEN error
02/27/21 01:22:44 715687800  1614360164
use pt_key

real	0m0.630s
user	0m0.094s
sys	0m0.141s
02/27/21 01:22:45 478108000  1614360165 token: AAFgOS5lADDtSC9M9ibDrYOPQkKuyftjzlvI5juui6SgfNyZJ5hGLbJri8Cl0RKhZekA9PGjKlQ
parse error: Invalid numeric literal at line 1, column 10

real	0m0.662s
user	0m0.109s
sys	0m0.063s
02/27/21 01:22:46 224712400  1614360166 secretPin: 
[WARN] get secretPin error

02/27/21 01:22:46 386064300  1614360166 肥鹅签到澳优乳业官方旗舰店

real	0m0.423s
user	0m0.031s
sys	0m0.094s
parse error: Invalid numeric literal at line 1, column 10
parse error: Invalid numeric literal at line 1, column 10
parse error: Invalid numeric literal at line 1, column 10
parse error: Invalid numeric literal at line 1, column 10
02/27/21 01:22:47 822235500 1614360167

real	0m3.962s
user	0m0.000s
sys	0m0.047s

real	0m0.394s
user	0m0.016s
sys	0m0.156s
[WARN] get LZ_TOKEN error
02/27/21 01:22:52 449346500  1614360172
use pt_key

real	0m0.533s
user	0m0.078s
sys	0m0.125s
02/27/21 01:22:53 106597500  1614360173 token: AAFgOS5sADC-gaq4openJ0_FVKjQPdbF5perdRP1zbX9ZeR7ZuSTKClalfTrO6UOMKJkITOXG9Y
parse error: Invalid numeric literal at line 1, column 10

real	0m1.160s
user	0m0.141s
sys	0m0.141s
02/27/21 01:22:54 379759900  1614360174 secretPin: 
[WARN] get secretPin error

02/27/21 01:22:54 481431600  1614360174 肥鹅签到澳优乳业官方旗舰店

real	0m0.348s
user	0m0.016s
sys	0m0.125s
parse error: Invalid numeric literal at line 1, column 10
parse error: Invalid numeric literal at line 1, column 10
parse error: Invalid numeric literal at line 1, column 10
parse error: Invalid numeric literal at line 1, column 10
02/27/21 01:22:55 611898600 1614360175

real	0m4.061s
user	0m0.000s
sys	0m0.063s
02/27/21 01:24:14 745610100  1614360254
parse error: Invalid numeric literal at line 1, column 10
签到是否成功解析失败. 不再写/home/myid/jd/jd_signup/vender/aoyouruye

肥鹅签到澳优乳业官方旗舰店查看结果



澳优乳业官方旗舰店活动规则


# 活动时间：2021.01.30 00:00:00 - 2021.02.28 23:59:59
# 奖励说明：
actRule="
连续签到7天：10京豆 10京豆
"

#店铺名称
vendername="澳优乳业官方旗舰店"
#店铺激活码
actId="eb0ef5535d6e462096ab4e2135ba6c45"
##店铺id
venderId="37166"

#赵 122294312-396444 sign_res
sign_res="
signTime=1612396800;signed=2
signTime=1612483200;signed=2
signTime=1612569600;signed=2
signTime=1612656000;signed=2
signTime=1612742400;signed=2
signTime=1612828800;signed=2
signTime=1612915200;signed=2
signTime=1613001600;signed=2
signTime=1613088000;signed=2
signTime=1613174400;signed=2
signTime=1613260800;signed=2
signTime=1613347200;signed=2
signTime=1613433600;signed=2
signTime=1613520000;signed=2
signTime=1613606400;signed=2
signTime=1613692800;signed=2
signTime=1613779200;signed=2
signTime=1613865600;signed=2
signTime=1613952000;signed=2
signTime=1614038400;signed=2
signTime=1614124800;signed=2
signTime=1614211200;signed=2
signTime=1614297600;signed=2"
sign_num="2"
sign_total_num="23"
giftName="null"
giftRes="ok"
giftDate="20210226"
sign_res_info="
2021/02/04_08:00:00  [已~签~到]      
2021/02/05_08:00:00  [已~签~到]      
2021/02/06_08:00:00  [已~签~到]      
2021/02/07_08:00:00  [已~签~到]      
2021/02/08_08:00:00  [已~签~到]      
2021/02/09_08:00:00  [已~签~到]      
2021/02/10_08:00:00  [已~签~到]      
2021/02/11_08:00:00  [已~签~到]      
2021/02/12_08:00:00  [已~签~到]      
2021/02/13_08:00:00  [已~签~到]      
2021/02/14_08:00:00  [已~签~到]      
2021/02/15_08:00:00  [已~签~到]      
2021/02/16_08:00:00  [已~签~到]      
2021/02/17_08:00:00  [已~签~到]      
2021/02/18_08:00:00  [已~签~到]      
2021/02/19_08:00:00  [已~签~到]      
2021/02/20_08:00:00  [已~签~到]      
2021/02/21_08:00:00  [已~签~到]      
2021/02/22_08:00:00  [已~签~到]      
2021/02/23_08:00:00  [已~签~到]      
2021/02/24_08:00:00  [已~签~到]      
2021/02/25_08:00:00  [已~签~到]      
2021/02/26_08:00:00  [已~签~到]      
当天签到奖励 [null]
连续签到 2 天
签到总天数 23"
#赵 122294312-396444 sign_res_end
#肥鹅 jd_4d651d9e48204 sign_res
sign_res="
signTime=1612396800;signed=2
signTime=1612483200;signed=2
signTime=1612569600;signed=2
signTime=1612656000;signed=2
signTime=1612742400;signed=2
signTime=1612828800;signed=2
signTime=1612915200;signed=2
signTime=1613001600;signed=2
signTime=1613088000;signed=2
signTime=1613174400;signed=2
signTime=1613260800;signed=2
signTime=1613347200;signed=2
signTime=1613433600;signed=2
signTime=1613520000;signed=2
signTime=1613606400;signed=2
signTime=1613692800;signed=2
signTime=1613779200;signed=2
signTime=1613865600;signed=2
signTime=1613952000;signed=2
signTime=1614038400;signed=2
signTime=1614124800;signed=2
signTime=1614211200;signed=2
signTime=1614297600;signed=2"
sign_num="2"
sign_total_num="23"
giftName="null"
giftRes="ok"
giftDate="20210226"
sign_res_info="
2021/02/04_08:00:00  [已~签~到]      
2021/02/05_08:00:00  [已~签~到]      
2021/02/06_08:00:00  [已~签~到]      
2021/02/07_08:00:00  [已~签~到]      
2021/02/08_08:00:00  [已~签~到]      
2021/02/09_08:00:00  [已~签~到]      
2021/02/10_08:00:00  [已~签~到]      
2021/02/11_08:00:00  [已~签~到]      
2021/02/12_08:00:00  [已~签~到]      
2021/02/13_08:00:00  [已~签~到]      
2021/02/14_08:00:00  [已~签~到]      
2021/02/15_08:00:00  [已~签~到]      
2021/02/16_08:00:00  [已~签~到]      
2021/02/17_08:00:00  [已~签~到]      
2021/02/18_08:00:00  [已~签~到]      
2021/02/19_08:00:00  [已~签~到]      
2021/02/20_08:00:00  [已~签~到]      
2021/02/21_08:00:00  [已~签~到]      
2021/02/22_08:00:00  [已~签~到]      
2021/02/23_08:00:00  [已~签~到]      
2021/02/24_08:00:00  [已~签~到]      
2021/02/25_08:00:00  [已~签~到]      
2021/02/26_08:00:00  [已~签~到]      
当天签到奖励 [null]
连续签到 2 天
签到总天数 23"
#肥鹅 jd_4d651d9e48204 sign_res_end
#移动 jd_OeTNobRVGiNZ sign_res
sign_res="
signTime=1612396800;signed=2
signTime=1612483200;signed=2
signTime=1612569600;signed=2
signTime=1612656000;signed=2
signTime=1612742400;signed=2
signTime=1612828800;signed=2
signTime=1612915200;signed=2
signTime=1613001600;signed=2
signTime=1613088000;signed=2
signTime=1613174400;signed=2
signTime=1613260800;signed=2
signTime=1613347200;signed=2
signTime=1613433600;signed=2
signTime=1613520000;signed=2
signTime=1613606400;signed=2
signTime=1613692800;signed=2
signTime=1613779200;signed=2
signTime=1613865600;signed=2
signTime=1613952000;signed=2
signTime=1614038400;signed=2
signTime=1614124800;signed=2
signTime=1614211200;signed=2
signTime=1614297600;signed=2"
sign_num="2"
sign_total_num="23"
giftName="null"
giftRes="ok"
giftDate="20210226"
sign_res_info="
2021/02/04_08:00:00  [已~签~到]      
2021/02/05_08:00:00  [已~签~到]      
2021/02/06_08:00:00  [已~签~到]      
2021/02/07_08:00:00  [已~签~到]      
2021/02/08_08:00:00  [已~签~到]      
2021/02/09_08:00:00  [已~签~到]      
2021/02/10_08:00:00  [已~签~到]      
2021/02/11_08:00:00  [已~签~到]      
2021/02/12_08:00:00  [已~签~到]      
2021/02/13_08:00:00  [已~签~到]      
2021/02/14_08:00:00  [已~签~到]      
2021/02/15_08:00:00  [已~签~到]      
2021/02/16_08:00:00  [已~签~到]      
2021/02/17_08:00:00  [已~签~到]      
2021/02/18_08:00:00  [已~签~到]      
2021/02/19_08:00:00  [已~签~到]      
2021/02/20_08:00:00  [已~签~到]      
2021/02/21_08:00:00  [已~签~到]      
2021/02/22_08:00:00  [已~签~到]      
2021/02/23_08:00:00  [已~签~到]      
2021/02/24_08:00:00  [已~签~到]      
2021/02/25_08:00:00  [已~签~到]      
2021/02/26_08:00:00  [已~签~到]      
当天签到奖励 [null]
连续签到 2 天
签到总天数 23"
#移动 jd_OeTNobRVGiNZ sign_res_end
#王 1309893722-164885 sign_res
sign_res="
signTime=1613260800;signed=2
signTime=1613347200;signed=2
signTime=1613433600;signed=2
signTime=1613520000;signed=2
signTime=1613606400;signed=2
signTime=1613692800;signed=2
signTime=1613779200;signed=2
signTime=1613865600;signed=2
signTime=1613952000;signed=2
signTime=1614038400;signed=2
signTime=1614124800;signed=2
signTime=1614211200;signed=2
signTime=1614297600;signed=2
signTime=1614384000;signed=2"
sign_num="0"
sign_total_num="14"
giftName="null"
giftRes="ok"
giftDate="20210227"
sign_res_info="
2021/02/14_08:00:00  [已~签~到]      
2021/02/15_08:00:00  [已~签~到]      
2021/02/16_08:00:00  [已~签~到]      
2021/02/17_08:00:00  [已~签~到]      
2021/02/18_08:00:00  [已~签~到]      
2021/02/19_08:00:00  [已~签~到]      
2021/02/20_08:00:00  [已~签~到]      
2021/02/21_08:00:00  [已~签~到]      
2021/02/22_08:00:00  [已~签~到]      
2021/02/23_08:00:00  [已~签~到]      
2021/02/24_08:00:00  [已~签~到]      
2021/02/25_08:00:00  [已~签~到]      
2021/02/26_08:00:00  [已~签~到]      
2021/02/27_08:00:00  [已~签~到]      
当天签到奖励 [null]
连续签到 0 天
签到总天数 14"
#王 1309893722-164885 sign_res_end
