02/17/21 01:04:15 740825000  1613495055
RANDOM_num: 25
removed '/tmp/tmp.bXxrjHex2v'

02/17/21 01:04:15 868881000  1613495055
肥鹅签到迪士尼贝贝怡专卖店
{"code":200,"data":[{"level":0,"prizeList":[{"discount":20.00,"type":6,"number":100000,"budgetNum":2000000,"userPirzeStatus":2,"class":"com.jd.interact.center.client.api.user.domain.InteractUserPrize","status":2}],"signType":0,"class":"com.jd.interact.center.client.api.color.domain.sign.ShopSignInteractUserPrizeRule","userPrizeRuleStatus":2}],"class":"com.jd.interact.center.client.api.common.param.Results","success":true}
签到迪士尼贝贝怡专卖店完成

02/17/21 01:04:41 238034100  1613495081
肥鹅签到迪士尼贝贝怡专卖店查看结果

***********************************************
2021/02/02_00:00:00  2    未签到
2021/02/03_00:00:00  2    未签到
2021/02/04_22:00:16  2    [已~签~到]
2021/02/05_12:58:05  2    [已~签~到]
2021/02/06_00:00:00  2    未签到
2021/02/07_13:17:12  2    [已~签~到]
2021/02/08_00:00:00  2    未签到
2021/02/09_00:00:00  2    未签到
2021/02/10_00:00:00  2    未签到
2021/02/11_00:00:00  2    未签到
2021/02/12_00:00:00  2    未签到
2021/02/13_00:00:00  2    未签到
2021/02/14_19:52:09  2    [已~签~到]
2021/02/15_01:04:18  2    [已~签~到]
2021/02/16_01:03:13  2    [已~签~到]
2021/02/17_01:04:15  1    [已~签~到]
2021/02/18_00:00:00  3    未签到
2021/02/19_00:00:00  3    未签到
2021/02/20_00:00:00  3    未签到
2021/02/21_00:00:00  3    未签到
2021/02/22_00:00:00  3    未签到
2021/02/23_00:00:00  3    未签到
2021/02/24_00:00:00  3    未签到
2021/02/25_00:00:00  3    未签到
2021/02/26_00:00:00  3    未签到
2021/02/27_00:00:00  3    未签到
2021/02/28_00:00:00  3    未签到
已签到 4 天
***********************************************


每日签到：获得20积分
连续签到5天：100京豆
肥鹅签到迪士尼贝贝怡专卖店日志
{"code":200,"data":{"signRecords":[{"signTime":1612195200000,"currentDay":2,"signed":1,"class":"com.jd.interact.center.client.api.color.domain.sign.InteractActivityUserActionRecord"},{"signTime":1612281600000,"currentDay":2,"signed":1,"class":"com.jd.interact.center.client.api.color.domain.sign.InteractActivityUserActionRecord"},{"signTime":1612447216543,"currentDay":2,"signed":2,"class":"com.jd.interact.center.client.api.color.domain.sign.InteractActivityUserActionRecord"},{"signTime":1612501085082,"currentDay":2,"signed":2,"class":"com.jd.interact.center.client.api.color.domain.sign.InteractActivityUserActionRecord"},{"signTime":1612540800000,"currentDay":2,"signed":1,"class":"com.jd.interact.center.client.api.color.domain.sign.InteractActivityUserActionRecord"},{"signTime":1612675032307,"currentDay":2,"signed":2,"class":"com.jd.interact.center.client.api.color.domain.sign.InteractActivityUserActionRecord"},{"signTime":1612713600000,"currentDay":2,"signed":1,"class":"com.jd.interact.center.client.api.color.domain.sign.InteractActivityUserActionRecord"},{"signTime":1612800000000,"currentDay":2,"signed":1,"class":"com.jd.interact.center.client.api.color.domain.sign.InteractActivityUserActionRecord"},{"signTime":1612886400000,"currentDay":2,"signed":1,"class":"com.jd.interact.center.client.api.color.domain.sign.InteractActivityUserActionRecord"},{"signTime":1612972800000,"currentDay":2,"signed":1,"class":"com.jd.interact.center.client.api.color.domain.sign.InteractActivityUserActionRecord"},{"signTime":1613059200000,"currentDay":2,"signed":1,"class":"com.jd.interact.center.client.api.color.domain.sign.InteractActivityUserActionRecord"},{"signTime":1613145600000,"currentDay":2,"signed":1,"class":"com.jd.interact.center.client.api.color.domain.sign.InteractActivityUserActionRecord"},{"signTime":1613303529391,"currentDay":2,"signed":2,"class":"com.jd.interact.center.client.api.color.domain.sign.InteractActivityUserActionRecord"},{"signTime":1613322258037,"currentDay":2,"signed":2,"class":"com.jd.interact.center.client.api.color.domain.sign.InteractActivityUserActionRecord"},{"signTime":1613408593756,"currentDay":2,"signed":2,"class":"com.jd.interact.center.client.api.color.domain.sign.InteractActivityUserActionRecord"},{"signTime":1613495055993,"currentDay":1,"signed":2,"class":"com.jd.interact.center.client.api.color.domain.sign.InteractActivityUserActionRecord"},{"signTime":1613577600000,"currentDay":3,"signed":1,"class":"com.jd.interact.center.client.api.color.domain.sign.InteractActivityUserActionRecord"},{"signTime":1613664000000,"currentDay":3,"signed":1,"class":"com.jd.interact.center.client.api.color.domain.sign.InteractActivityUserActionRecord"},{"signTime":1613750400000,"currentDay":3,"signed":1,"class":"com.jd.interact.center.client.api.color.domain.sign.InteractActivityUserActionRecord"},{"signTime":1613836800000,"currentDay":3,"signed":1,"class":"com.jd.interact.center.client.api.color.domain.sign.InteractActivityUserActionRecord"},{"signTime":1613923200000,"currentDay":3,"signed":1,"class":"com.jd.interact.center.client.api.color.domain.sign.InteractActivityUserActionRecord"},{"signTime":1614009600000,"currentDay":3,"signed":1,"class":"com.jd.interact.center.client.api.color.domain.sign.InteractActivityUserActionRecord"},{"signTime":1614096000000,"currentDay":3,"signed":1,"class":"com.jd.interact.center.client.api.color.domain.sign.InteractActivityUserActionRecord"},{"signTime":1614182400000,"currentDay":3,"signed":1,"class":"com.jd.interact.center.client.api.color.domain.sign.InteractActivityUserActionRecord"},{"signTime":1614268800000,"currentDay":3,"signed":1,"class":"com.jd.interact.center.client.api.color.domain.sign.InteractActivityUserActionRecord"},{"signTime":1614355200000,"currentDay":3,"signed":1,"class":"com.jd.interact.center.client.api.color.domain.sign.InteractActivityUserActionRecord"},{"signTime":1614441600000,"currentDay":3,"signed":1,"class":"com.jd.interact.center.client.api.color.domain.sign.InteractActivityUserActionRecord"}],"days":4,"class":"com.jd.interact.center.client.api.color.domain.sign.ShopSignUserRecord"},"class":"com.jd.interact.center.client.api.common.param.Results","success":true}
{
  "contiSignNum": 4
}
签到迪士尼贝贝怡专卖店日志

#活动规则
rule="每日签到：获得20积分
连续签到5天：100京豆"

#店铺名称
vendername="迪士尼贝贝怡专卖店"
#店铺激活码
activityId="10262724"
##店铺id
venderId="123331"
#店铺令牌
token="33711E18F790A9451F2C8641B4BF4E56"

#赵 122294312-396444 sign_res
sign_res="
signTime=1612270338;signed=2;currentDay=2
signTime=1612285213;signed=2;currentDay=2
signTime=1612371609;signed=2;currentDay=2
signTime=1612458009;signed=2;currentDay=2
signTime=1612540801;signed=2;currentDay=2
signTime=1612630813;signed=2;currentDay=2
signTime=1612717213;signed=2;currentDay=2
signTime=1612803614;signed=2;currentDay=2
signTime=1612890013;signed=2;currentDay=2
signTime=1612972802;signed=2;currentDay=2
signTime=1613062810;signed=2;currentDay=2
signTime=1613149221;signed=2;currentDay=2
signTime=1613235632;signed=2;currentDay=2
signTime=1613322244;signed=2;currentDay=2
signTime=1613408563;signed=2;currentDay=2
signTime=1613495032;signed=2;currentDay=1
signTime=1613577600;signed=1;currentDay=3
signTime=1613664000;signed=1;currentDay=3
signTime=1613750400;signed=1;currentDay=3
signTime=1613836800;signed=1;currentDay=3
signTime=1613923200;signed=1;currentDay=3
signTime=1614009600;signed=1;currentDay=3
signTime=1614096000;signed=1;currentDay=3
signTime=1614182400;signed=1;currentDay=3
signTime=1614268800;signed=1;currentDay=3
signTime=1614355200;signed=1;currentDay=3
signTime=1614441600;signed=1;currentDay=3"
sign_num="16"
giftRes="ok"
giftDate="20210217"
sign_res_info="
2021/02/02_20:52:18  2    [已~签~到]
2021/02/03_01:00:13  2    [已~签~到]
2021/02/04_01:00:09  2    [已~签~到]
2021/02/05_01:00:09  2    [已~签~到]
2021/02/06_00:00:01  2    [已~签~到]
2021/02/07_01:00:13  2    [已~签~到]
2021/02/08_01:00:13  2    [已~签~到]
2021/02/09_01:00:14  2    [已~签~到]
2021/02/10_01:00:13  2    [已~签~到]
2021/02/11_00:00:02  2    [已~签~到]
2021/02/12_01:00:10  2    [已~签~到]
2021/02/13_01:00:21  2    [已~签~到]
2021/02/14_01:00:32  2    [已~签~到]
2021/02/15_01:04:04  2    [已~签~到]
2021/02/16_01:02:43  2    [已~签~到]
2021/02/17_01:03:52  1    [已~签~到]
2021/02/18_00:00:00  3    未签到
2021/02/19_00:00:00  3    未签到
2021/02/20_00:00:00  3    未签到
2021/02/21_00:00:00  3    未签到
2021/02/22_00:00:00  3    未签到
2021/02/23_00:00:00  3    未签到
2021/02/24_00:00:00  3    未签到
2021/02/25_00:00:00  3    未签到
2021/02/26_00:00:00  3    未签到
2021/02/27_00:00:00  3    未签到
2021/02/28_00:00:00  3    未签到
已签到 16 天"
#赵 122294312-396444 sign_res_end
#王 1309893722-164885 sign_res
sign_res="
signTime=1612270338;signed=2;currentDay=2
signTime=1612285214;signed=2;currentDay=2
signTime=1612371610;signed=2;currentDay=2
signTime=1612458010;signed=2;currentDay=2
signTime=1612540803;signed=2;currentDay=2
signTime=1612630813;signed=2;currentDay=2
signTime=1612717214;signed=2;currentDay=2
signTime=1612803615;signed=2;currentDay=2
signTime=1612890013;signed=2;currentDay=2
signTime=1612972804;signed=2;currentDay=2
signTime=1613062810;signed=2;currentDay=2
signTime=1613149222;signed=2;currentDay=2
signTime=1613235632;signed=2;currentDay=2
signTime=1613322244;signed=2;currentDay=2
signTime=1613408564;signed=2;currentDay=2
signTime=1613495032;signed=2;currentDay=1
signTime=1613577600;signed=1;currentDay=3
signTime=1613664000;signed=1;currentDay=3
signTime=1613750400;signed=1;currentDay=3
signTime=1613836800;signed=1;currentDay=3
signTime=1613923200;signed=1;currentDay=3
signTime=1614009600;signed=1;currentDay=3
signTime=1614096000;signed=1;currentDay=3
signTime=1614182400;signed=1;currentDay=3
signTime=1614268800;signed=1;currentDay=3
signTime=1614355200;signed=1;currentDay=3
signTime=1614441600;signed=1;currentDay=3"
sign_num="16"
giftRes="ok"
giftDate="20210217"
sign_res_info="
2021/02/02_20:52:18  2    [已~签~到]
2021/02/03_01:00:14  2    [已~签~到]
2021/02/04_01:00:10  2    [已~签~到]
2021/02/05_01:00:10  2    [已~签~到]
2021/02/06_00:00:03  2    [已~签~到]
2021/02/07_01:00:13  2    [已~签~到]
2021/02/08_01:00:14  2    [已~签~到]
2021/02/09_01:00:15  2    [已~签~到]
2021/02/10_01:00:13  2    [已~签~到]
2021/02/11_00:00:04  2    [已~签~到]
2021/02/12_01:00:10  2    [已~签~到]
2021/02/13_01:00:22  2    [已~签~到]
2021/02/14_01:00:32  2    [已~签~到]
2021/02/15_01:04:04  2    [已~签~到]
2021/02/16_01:02:44  2    [已~签~到]
2021/02/17_01:03:52  1    [已~签~到]
2021/02/18_00:00:00  3    未签到
2021/02/19_00:00:00  3    未签到
2021/02/20_00:00:00  3    未签到
2021/02/21_00:00:00  3    未签到
2021/02/22_00:00:00  3    未签到
2021/02/23_00:00:00  3    未签到
2021/02/24_00:00:00  3    未签到
2021/02/25_00:00:00  3    未签到
2021/02/26_00:00:00  3    未签到
2021/02/27_00:00:00  3    未签到
2021/02/28_00:00:00  3    未签到
已签到 16 天"
#王 1309893722-164885 sign_res_end
#肥鹅 jd_4d651d9e48204 sign_res
sign_res="
signTime=1612195200;signed=1;currentDay=2
signTime=1612281600;signed=1;currentDay=2
signTime=1612447216;signed=2;currentDay=2
signTime=1612501085;signed=2;currentDay=2
signTime=1612540800;signed=1;currentDay=2
signTime=1612675032;signed=2;currentDay=2
signTime=1612713600;signed=1;currentDay=2
signTime=1612800000;signed=1;currentDay=2
signTime=1612886400;signed=1;currentDay=2
signTime=1612972800;signed=1;currentDay=2
signTime=1613059200;signed=1;currentDay=2
signTime=1613145600;signed=1;currentDay=2
signTime=1613303529;signed=2;currentDay=2
signTime=1613322258;signed=2;currentDay=2
signTime=1613408593;signed=2;currentDay=2
signTime=1613495055;signed=2;currentDay=1
signTime=1613577600;signed=1;currentDay=3
signTime=1613664000;signed=1;currentDay=3
signTime=1613750400;signed=1;currentDay=3
signTime=1613836800;signed=1;currentDay=3
signTime=1613923200;signed=1;currentDay=3
signTime=1614009600;signed=1;currentDay=3
signTime=1614096000;signed=1;currentDay=3
signTime=1614182400;signed=1;currentDay=3
signTime=1614268800;signed=1;currentDay=3
signTime=1614355200;signed=1;currentDay=3
signTime=1614441600;signed=1;currentDay=3"
sign_num="4"
giftRes="ok"
giftDate="20210217"
sign_res_info="
2021/02/02_00:00:00  2    未签到
2021/02/03_00:00:00  2    未签到
2021/02/04_22:00:16  2    [已~签~到]
2021/02/05_12:58:05  2    [已~签~到]
2021/02/06_00:00:00  2    未签到
2021/02/07_13:17:12  2    [已~签~到]
2021/02/08_00:00:00  2    未签到
2021/02/09_00:00:00  2    未签到
2021/02/10_00:00:00  2    未签到
2021/02/11_00:00:00  2    未签到
2021/02/12_00:00:00  2    未签到
2021/02/13_00:00:00  2    未签到
2021/02/14_19:52:09  2    [已~签~到]
2021/02/15_01:04:18  2    [已~签~到]
2021/02/16_01:03:13  2    [已~签~到]
2021/02/17_01:04:15  1    [已~签~到]
2021/02/18_00:00:00  3    未签到
2021/02/19_00:00:00  3    未签到
2021/02/20_00:00:00  3    未签到
2021/02/21_00:00:00  3    未签到
2021/02/22_00:00:00  3    未签到
2021/02/23_00:00:00  3    未签到
2021/02/24_00:00:00  3    未签到
2021/02/25_00:00:00  3    未签到
2021/02/26_00:00:00  3    未签到
2021/02/27_00:00:00  3    未签到
2021/02/28_00:00:00  3    未签到
已签到 4 天"
#肥鹅 jd_4d651d9e48204 sign_res_end
