02/15/21 01:04:59 012023000  1613322299
RANDOM_num: 25
removed '/tmp/tmp.ifsk4PKVFy'

02/15/21 01:04:59 167899400  1613322299
肥鹅签到everbuild京东自营旗舰店
{"code":200,"data":[],"class":"com.jd.interact.center.client.api.common.param.Results","success":true}
签到everbuild京东自营旗舰店完成

肥鹅签到everbuild京东自营旗舰店查看结果

***********************************************
2021/02/02_00:00:00  2    未签到
2021/02/03_00:00:00  2    未签到
2021/02/04_22:01:37  2    [已~签~到]
2021/02/05_12:57:04  2    [已~签~到]
2021/02/06_00:00:00  2    未签到
2021/02/07_13:17:58  2    [已~签~到]
2021/02/08_00:00:00  2    未签到
2021/02/09_00:00:00  2    未签到
2021/02/10_00:00:00  2    未签到
2021/02/11_00:00:00  2    未签到
2021/02/12_00:00:00  2    未签到
2021/02/13_00:00:00  2    未签到
2021/02/14_19:52:53  2    [已~签~到]
2021/02/15_01:04:59  1    [已~签~到]
2021/02/16_00:00:00  3    未签到
2021/02/17_00:00:00  3    未签到
2021/02/18_00:00:00  3    未签到
2021/02/19_00:00:00  3    未签到
2021/02/20_00:00:00  3    未签到
2021/02/21_00:00:00  3    未签到
2021/02/22_00:00:00  3    未签到
2021/02/23_00:00:00  3    未签到
2021/02/24_00:00:00  3    未签到
2021/02/25_00:00:00  3    未签到
2021/02/26_00:00:00  3    未签到
2021/02/27_00:00:00  3    未签到
2021/02/28_00:00:00  3    未签到
已签到 2 天
***********************************************


每日签到：获得50积分
连续签到3天：300店铺积分、5京豆
连续签到7天：10京豆、500店铺积分
肥鹅签到everbuild京东自营旗舰店日志
{"code":200,"data":{"signRecords":[{"signTime":1612195200000,"currentDay":2,"signed":1,"class":"com.jd.interact.center.client.api.color.domain.sign.InteractActivityUserActionRecord"},{"signTime":1612281600000,"currentDay":2,"signed":1,"class":"com.jd.interact.center.client.api.color.domain.sign.InteractActivityUserActionRecord"},{"signTime":1612447297251,"currentDay":2,"signed":2,"class":"com.jd.interact.center.client.api.color.domain.sign.InteractActivityUserActionRecord"},{"signTime":1612501024455,"currentDay":2,"signed":2,"class":"com.jd.interact.center.client.api.color.domain.sign.InteractActivityUserActionRecord"},{"signTime":1612540800000,"currentDay":2,"signed":1,"class":"com.jd.interact.center.client.api.color.domain.sign.InteractActivityUserActionRecord"},{"signTime":1612675078025,"currentDay":2,"signed":2,"class":"com.jd.interact.center.client.api.color.domain.sign.InteractActivityUserActionRecord"},{"signTime":1612713600000,"currentDay":2,"signed":1,"class":"com.jd.interact.center.client.api.color.domain.sign.InteractActivityUserActionRecord"},{"signTime":1612800000000,"currentDay":2,"signed":1,"class":"com.jd.interact.center.client.api.color.domain.sign.InteractActivityUserActionRecord"},{"signTime":1612886400000,"currentDay":2,"signed":1,"class":"com.jd.interact.center.client.api.color.domain.sign.InteractActivityUserActionRecord"},{"signTime":1612972800000,"currentDay":2,"signed":1,"class":"com.jd.interact.center.client.api.color.domain.sign.InteractActivityUserActionRecord"},{"signTime":1613059200000,"currentDay":2,"signed":1,"class":"com.jd.interact.center.client.api.color.domain.sign.InteractActivityUserActionRecord"},{"signTime":1613145600000,"currentDay":2,"signed":1,"class":"com.jd.interact.center.client.api.color.domain.sign.InteractActivityUserActionRecord"},{"signTime":1613303573742,"currentDay":2,"signed":2,"class":"com.jd.interact.center.client.api.color.domain.sign.InteractActivityUserActionRecord"},{"signTime":1613322299282,"currentDay":1,"signed":2,"class":"com.jd.interact.center.client.api.color.domain.sign.InteractActivityUserActionRecord"},{"signTime":1613404800000,"currentDay":3,"signed":1,"class":"com.jd.interact.center.client.api.color.domain.sign.InteractActivityUserActionRecord"},{"signTime":1613491200000,"currentDay":3,"signed":1,"class":"com.jd.interact.center.client.api.color.domain.sign.InteractActivityUserActionRecord"},{"signTime":1613577600000,"currentDay":3,"signed":1,"class":"com.jd.interact.center.client.api.color.domain.sign.InteractActivityUserActionRecord"},{"signTime":1613664000000,"currentDay":3,"signed":1,"class":"com.jd.interact.center.client.api.color.domain.sign.InteractActivityUserActionRecord"},{"signTime":1613750400000,"currentDay":3,"signed":1,"class":"com.jd.interact.center.client.api.color.domain.sign.InteractActivityUserActionRecord"},{"signTime":1613836800000,"currentDay":3,"signed":1,"class":"com.jd.interact.center.client.api.color.domain.sign.InteractActivityUserActionRecord"},{"signTime":1613923200000,"currentDay":3,"signed":1,"class":"com.jd.interact.center.client.api.color.domain.sign.InteractActivityUserActionRecord"},{"signTime":1614009600000,"currentDay":3,"signed":1,"class":"com.jd.interact.center.client.api.color.domain.sign.InteractActivityUserActionRecord"},{"signTime":1614096000000,"currentDay":3,"signed":1,"class":"com.jd.interact.center.client.api.color.domain.sign.InteractActivityUserActionRecord"},{"signTime":1614182400000,"currentDay":3,"signed":1,"class":"com.jd.interact.center.client.api.color.domain.sign.InteractActivityUserActionRecord"},{"signTime":1614268800000,"currentDay":3,"signed":1,"class":"com.jd.interact.center.client.api.color.domain.sign.InteractActivityUserActionRecord"},{"signTime":1614355200000,"currentDay":3,"signed":1,"class":"com.jd.interact.center.client.api.color.domain.sign.InteractActivityUserActionRecord"},{"signTime":1614441600000,"currentDay":3,"signed":1,"class":"com.jd.interact.center.client.api.color.domain.sign.InteractActivityUserActionRecord"}],"days":2,"class":"com.jd.interact.center.client.api.color.domain.sign.ShopSignUserRecord"},"class":"com.jd.interact.center.client.api.common.param.Results","success":true}
{
  "contiSignNum": 2
}
签到everbuild京东自营旗舰店日志

#活动规则
rule="每日签到：获得50积分
连续签到3天：300店铺积分、5京豆
连续签到7天：10京豆、500店铺积分"

#店铺名称
vendername="everbuild京东自营旗舰店"
#店铺激活码
activityId="10263437"
##店铺id
venderId="1000346987"
#店铺令牌
token="373388AD9B5E62AFA2DFDEEFD70AF17F"



#赵 122294312-396444 sign_res
sign_res="
signTime=1612271344;signed=2;currentDay=2
signTime=1612285217;signed=2;currentDay=2
signTime=1612446929;signed=2;currentDay=2
signTime=1612528143;signed=2;currentDay=2
signTime=1612544408;signed=2;currentDay=2
signTime=1612630817;signed=2;currentDay=2
signTime=1612713602;signed=2;currentDay=2
signTime=1612803618;signed=2;currentDay=2
signTime=1612890017;signed=2;currentDay=2
signTime=1612976418;signed=2;currentDay=2
signTime=1613059203;signed=2;currentDay=2
signTime=1613149228;signed=2;currentDay=2
signTime=1613235640;signed=2;currentDay=2
signTime=1613322275;signed=2;currentDay=1
signTime=1613404800;signed=1;currentDay=3
signTime=1613491200;signed=1;currentDay=3
signTime=1613577600;signed=1;currentDay=3
signTime=1613664000;signed=1;currentDay=3
signTime=1613750400;signed=1;currentDay=3
signTime=1613836800;signed=1;currentDay=3
signTime=1613923200;signed=1;currentDay=3
signTime=1614009600;signed=1;currentDay=3
signTime=1614096000;signed=1;currentDay=3
signTime=1614182400;signed=1;currentDay=3
signTime=1614268800;signed=1;currentDay=3
signTime=1614355200;signed=1;currentDay=3
signTime=1614441600;signed=1;currentDay=3"
sign_num="14"
giftRes="ok"
giftDate="20210215"
sign_res_info="
2021/02/02_21:09:04  2    [已~签~到]
2021/02/03_01:00:17  2    [已~签~到]
2021/02/04_21:55:29  2    [已~签~到]
2021/02/05_20:29:03  2    [已~签~到]
2021/02/06_01:00:08  2    [已~签~到]
2021/02/07_01:00:17  2    [已~签~到]
2021/02/08_00:00:02  2    [已~签~到]
2021/02/09_01:00:18  2    [已~签~到]
2021/02/10_01:00:17  2    [已~签~到]
2021/02/11_01:00:18  2    [已~签~到]
2021/02/12_00:00:03  2    [已~签~到]
2021/02/13_01:00:28  2    [已~签~到]
2021/02/14_01:00:40  2    [已~签~到]
2021/02/15_01:04:35  1    [已~签~到]
2021/02/16_00:00:00  3    未签到
2021/02/17_00:00:00  3    未签到
2021/02/18_00:00:00  3    未签到
2021/02/19_00:00:00  3    未签到
2021/02/20_00:00:00  3    未签到
2021/02/21_00:00:00  3    未签到
2021/02/22_00:00:00  3    未签到
2021/02/23_00:00:00  3    未签到
2021/02/24_00:00:00  3    未签到
2021/02/25_00:00:00  3    未签到
2021/02/26_00:00:00  3    未签到
2021/02/27_00:00:00  3    未签到
2021/02/28_00:00:00  3    未签到
已签到 14 天"
#赵 122294312-396444 sign_res_end

#王 1309893722-164885 sign_res
sign_res="
signTime=1612195200;signed=1;currentDay=2
signTime=1612285217;signed=2;currentDay=2
signTime=1612368000;signed=1;currentDay=2
signTime=1612454400;signed=1;currentDay=2
signTime=1612544408;signed=2;currentDay=2
signTime=1612630817;signed=2;currentDay=2
signTime=1612713604;signed=2;currentDay=2
signTime=1612803619;signed=2;currentDay=2
signTime=1612890017;signed=2;currentDay=2
signTime=1612976418;signed=2;currentDay=2
signTime=1613059205;signed=2;currentDay=2
signTime=1613149228;signed=2;currentDay=2
signTime=1613235640;signed=2;currentDay=2
signTime=1613322275;signed=2;currentDay=1
signTime=1613404800;signed=1;currentDay=3
signTime=1613491200;signed=1;currentDay=3
signTime=1613577600;signed=1;currentDay=3
signTime=1613664000;signed=1;currentDay=3
signTime=1613750400;signed=1;currentDay=3
signTime=1613836800;signed=1;currentDay=3
signTime=1613923200;signed=1;currentDay=3
signTime=1614009600;signed=1;currentDay=3
signTime=1614096000;signed=1;currentDay=3
signTime=1614182400;signed=1;currentDay=3
signTime=1614268800;signed=1;currentDay=3
signTime=1614355200;signed=1;currentDay=3
signTime=1614441600;signed=1;currentDay=3"
sign_num="10"
giftRes="ok"
giftDate="20210215"
sign_res_info="
2021/02/02_00:00:00  2    未签到
2021/02/03_01:00:17  2    [已~签~到]
2021/02/04_00:00:00  2    未签到
2021/02/05_00:00:00  2    未签到
2021/02/06_01:00:08  2    [已~签~到]
2021/02/07_01:00:17  2    [已~签~到]
2021/02/08_00:00:04  2    [已~签~到]
2021/02/09_01:00:19  2    [已~签~到]
2021/02/10_01:00:17  2    [已~签~到]
2021/02/11_01:00:18  2    [已~签~到]
2021/02/12_00:00:05  2    [已~签~到]
2021/02/13_01:00:28  2    [已~签~到]
2021/02/14_01:00:40  2    [已~签~到]
2021/02/15_01:04:35  1    [已~签~到]
2021/02/16_00:00:00  3    未签到
2021/02/17_00:00:00  3    未签到
2021/02/18_00:00:00  3    未签到
2021/02/19_00:00:00  3    未签到
2021/02/20_00:00:00  3    未签到
2021/02/21_00:00:00  3    未签到
2021/02/22_00:00:00  3    未签到
2021/02/23_00:00:00  3    未签到
2021/02/24_00:00:00  3    未签到
2021/02/25_00:00:00  3    未签到
2021/02/26_00:00:00  3    未签到
2021/02/27_00:00:00  3    未签到
2021/02/28_00:00:00  3    未签到
已签到 10 天"
#王 1309893722-164885 sign_res_end

#肥鹅 jd_4d651d9e48204 sign_res
sign_res="
signTime=1612195200;signed=1;currentDay=2
signTime=1612281600;signed=1;currentDay=2
signTime=1612447297;signed=2;currentDay=2
signTime=1612501024;signed=2;currentDay=2
signTime=1612540800;signed=1;currentDay=2
signTime=1612675078;signed=2;currentDay=2
signTime=1612713600;signed=1;currentDay=2
signTime=1612800000;signed=1;currentDay=2
signTime=1612886400;signed=1;currentDay=2
signTime=1612972800;signed=1;currentDay=2
signTime=1613059200;signed=1;currentDay=2
signTime=1613145600;signed=1;currentDay=2
signTime=1613303573;signed=2;currentDay=2
signTime=1613322299;signed=2;currentDay=1
signTime=1613404800;signed=1;currentDay=3
signTime=1613491200;signed=1;currentDay=3
signTime=1613577600;signed=1;currentDay=3
signTime=1613664000;signed=1;currentDay=3
signTime=1613750400;signed=1;currentDay=3
signTime=1613836800;signed=1;currentDay=3
signTime=1613923200;signed=1;currentDay=3
signTime=1614009600;signed=1;currentDay=3
signTime=1614096000;signed=1;currentDay=3
signTime=1614182400;signed=1;currentDay=3
signTime=1614268800;signed=1;currentDay=3
signTime=1614355200;signed=1;currentDay=3
signTime=1614441600;signed=1;currentDay=3"
sign_num="2"
giftRes="ok"
giftDate="20210215"
sign_res_info="
2021/02/02_00:00:00  2    未签到
2021/02/03_00:00:00  2    未签到
2021/02/04_22:01:37  2    [已~签~到]
2021/02/05_12:57:04  2    [已~签~到]
2021/02/06_00:00:00  2    未签到
2021/02/07_13:17:58  2    [已~签~到]
2021/02/08_00:00:00  2    未签到
2021/02/09_00:00:00  2    未签到
2021/02/10_00:00:00  2    未签到
2021/02/11_00:00:00  2    未签到
2021/02/12_00:00:00  2    未签到
2021/02/13_00:00:00  2    未签到
2021/02/14_19:52:53  2    [已~签~到]
2021/02/15_01:04:59  1    [已~签~到]
2021/02/16_00:00:00  3    未签到
2021/02/17_00:00:00  3    未签到
2021/02/18_00:00:00  3    未签到
2021/02/19_00:00:00  3    未签到
2021/02/20_00:00:00  3    未签到
2021/02/21_00:00:00  3    未签到
2021/02/22_00:00:00  3    未签到
2021/02/23_00:00:00  3    未签到
2021/02/24_00:00:00  3    未签到
2021/02/25_00:00:00  3    未签到
2021/02/26_00:00:00  3    未签到
2021/02/27_00:00:00  3    未签到
2021/02/28_00:00:00  3    未签到
已签到 2 天"
#肥鹅 jd_4d651d9e48204 sign_res_end

