
02/03/21 02:05:20 771104000  1612289120
赵签到辉柏嘉京东自营官方旗舰店
{"msg":"errCode:407000007, errMessage:签到用户未登录","code":407000007,"class":"com.jd.interact.center.client.api.common.param.Results","success":false}

02/03/21 02:05:21 060462300  1612289121
王签到辉柏嘉京东自营官方旗舰店
{"msg":"用户达到签到上限","code":404130026,"class":"com.jd.interact.center.client.api.common.param.Results","success":false}

real	0m0.232s
user	0m0.000s
sys	0m0.031s

02/03/21 02:05:21 550927700  1612289121
赵签到辉柏嘉京东自营官方旗舰店
{"msg":"errCode:407000007, errMessage:签到用户未登录","code":407000007,"class":"com.jd.interact.center.client.api.common.param.Results","success":false}

real	0m0.427s
user	0m0.016s
sys	0m0.000s

02/03/21 02:05:22 342981400  1612289122
赵签到辉柏嘉京东自营官方旗舰店
{"msg":"errCode:407000007, errMessage:签到用户未登录","code":407000007,"class":"com.jd.interact.center.client.api.common.param.Results","success":false}

real	0m0.630s
user	0m0.000s
sys	0m0.016s

02/03/21 02:05:23 311931900  1612289123
赵签到辉柏嘉京东自营官方旗舰店
{"msg":"errCode:407000007, errMessage:签到用户未登录","code":407000007,"class":"com.jd.interact.center.client.api.common.param.Results","success":false}

real	0m0.829s
user	0m0.000s
sys	0m0.031s

02/03/21 02:05:24 453333900  1612289124
赵签到辉柏嘉京东自营官方旗舰店
{"msg":"errCode:407000007, errMessage:签到用户未登录","code":407000007,"class":"com.jd.interact.center.client.api.common.param.Results","success":false}

real	0m1.029s
user	0m0.000s
sys	0m0.031s

02/03/21 02:05:25 811883400  1612289125
赵签到辉柏嘉京东自营官方旗舰店
{"msg":"errCode:407000007, errMessage:签到用户未登录","code":407000007,"class":"com.jd.interact.center.client.api.common.param.Results","success":false}

real	0m1.229s
user	0m0.000s
sys	0m0.000s

02/03/21 02:05:27 383704900  1612289127
赵签到辉柏嘉京东自营官方旗舰店
{"msg":"errCode:407000007, errMessage:签到用户未登录","code":407000007,"class":"com.jd.interact.center.client.api.common.param.Results","success":false}

real	0m1.431s
user	0m0.000s
sys	0m0.031s

02/03/21 02:05:29 126412100  1612289129
赵签到辉柏嘉京东自营官方旗舰店
{"msg":"errCode:407000007, errMessage:签到用户未登录","code":407000007,"class":"com.jd.interact.center.client.api.common.param.Results","success":false}

real	0m1.629s
user	0m0.000s
sys	0m0.031s

02/03/21 02:05:31 061823000  1612289131
赵签到辉柏嘉京东自营官方旗舰店
{"msg":"errCode:407000007, errMessage:签到用户未登录","code":407000007,"class":"com.jd.interact.center.client.api.common.param.Results","success":false}

real	0m1.829s
user	0m0.000s
sys	0m0.031s

02/03/21 02:05:33 237181500  1612289133
赵签到辉柏嘉京东自营官方旗舰店
{"msg":"errCode:407000007, errMessage:签到用户未登录","code":407000007,"class":"com.jd.interact.center.client.api.common.param.Results","success":false}

real	0m2.031s
user	0m0.000s
sys	0m0.031s

02/03/21 02:05:35 591752900  1612289135
赵签到辉柏嘉京东自营官方旗舰店
{"msg":"errCode:407000007, errMessage:签到用户未登录","code":407000007,"class":"com.jd.interact.center.client.api.common.param.Results","success":false}

real	0m2.230s
user	0m0.000s
sys	0m0.031s

02/03/21 02:05:38 130967900  1612289138
赵签到辉柏嘉京东自营官方旗舰店
{"msg":"errCode:407000007, errMessage:签到用户未登录","code":407000007,"class":"com.jd.interact.center.client.api.common.param.Results","success":false}

real	0m2.428s
user	0m0.000s
sys	0m0.031s

02/03/21 02:05:40 901404700  1612289140
赵签到辉柏嘉京东自营官方旗舰店
{"msg":"errCode:407000007, errMessage:签到用户未登录","code":407000007,"class":"com.jd.interact.center.client.api.common.param.Results","success":false}

real	0m2.630s
user	0m0.016s
sys	0m0.016s

02/03/21 02:05:43 852892500  1612289143
赵签到辉柏嘉京东自营官方旗舰店
{"msg":"errCode:407000007, errMessage:签到用户未登录","code":407000007,"class":"com.jd.interact.center.client.api.common.param.Results","success":false}

real	0m2.831s
user	0m0.000s
sys	0m0.031s

02/03/21 02:05:47 043138600  1612289147
赵签到辉柏嘉京东自营官方旗舰店
{"msg":"errCode:407000007, errMessage:签到用户未登录","code":407000007,"class":"com.jd.interact.center.client.api.common.param.Results","success":false}

real	0m3.053s
user	0m0.000s
sys	0m0.047s

02/03/21 02:05:50 411581200  1612289150
赵签到辉柏嘉京东自营官方旗舰店
{"msg":"errCode:407000007, errMessage:签到用户未登录","code":407000007,"class":"com.jd.interact.center.client.api.common.param.Results","success":false}

real	0m3.228s
user	0m0.000s
sys	0m0.016s

02/03/21 02:05:53 978089400  1612289153
赵签到辉柏嘉京东自营官方旗舰店
{"msg":"errCode:407000007, errMessage:签到用户未登录","code":407000007,"class":"com.jd.interact.center.client.api.common.param.Results","success":false}

real	0m3.429s
user	0m0.000s
sys	0m0.016s

02/03/21 02:05:57 755715500  1612289157
赵签到辉柏嘉京东自营官方旗舰店
{"msg":"errCode:407000007, errMessage:签到用户未登录","code":407000007,"class":"com.jd.interact.center.client.api.common.param.Results","success":false}

real	0m3.649s
user	0m0.000s
sys	0m0.031s

02/03/21 02:06:01 734163600  1612289161
赵签到辉柏嘉京东自营官方旗舰店
{"msg":"errCode:407000007, errMessage:签到用户未登录","code":407000007,"class":"com.jd.interact.center.client.api.common.param.Results","success":false}

real	0m3.839s
user	0m0.000s
sys	0m0.031s

02/03/21 02:06:05 887914100  1612289165
赵签到辉柏嘉京东自营官方旗舰店
{"msg":"errCode:407000007, errMessage:签到用户未登录","code":407000007,"class":"com.jd.interact.center.client.api.common.param.Results","success":false}

real	0m4.027s
user	0m0.016s
sys	0m0.000s

赵签到辉柏嘉京东自营官方旗舰店查看结果
{"code":200,"data":{"signRecords":[{"signTime":1612195200000,"currentDay":2,"signed":1,"class":"com.jd.interact.center.client.api.color.domain.sign.InteractActivityUserActionRecord"},{"signTime":1612281600000,"currentDay":1,"signed":1,"class":"com.jd.interact.center.client.api.color.domain.sign.InteractActivityUserActionRecord"},{"signTime":1612368000000,"currentDay":3,"signed":1,"class":"com.jd.interact.center.client.api.color.domain.sign.InteractActivityUserActionRecord"},{"signTime":1612454400000,"currentDay":3,"signed":1,"class":"com.jd.interact.center.client.api.color.domain.sign.InteractActivityUserActionRecord"},{"signTime":1612540800000,"currentDay":3,"signed":1,"class":"com.jd.interact.center.client.api.color.domain.sign.InteractActivityUserActionRecord"},{"signTime":1612627200000,"currentDay":3,"signed":1,"class":"com.jd.interact.center.client.api.color.domain.sign.InteractActivityUserActionRecord"},{"signTime":1612713600000,"currentDay":3,"signed":1,"class":"com.jd.interact.center.client.api.color.domain.sign.InteractActivityUserActionRecord"},{"signTime":1612800000000,"currentDay":3,"signed":1,"class":"com.jd.interact.center.client.api.color.domain.sign.InteractActivityUserActionRecord"},{"signTime":1612886400000,"currentDay":3,"signed":1,"class":"com.jd.interact.center.client.api.color.domain.sign.InteractActivityUserActionRecord"},{"signTime":1612972800000,"currentDay":3,"signed":1,"class":"com.jd.interact.center.client.api.color.domain.sign.InteractActivityUserActionRecord"},{"signTime":1613059200000,"currentDay":3,"signed":1,"class":"com.jd.interact.center.client.api.color.domain.sign.InteractActivityUserActionRecord"},{"signTime":1613145600000,"currentDay":3,"signed":1,"class":"com.jd.interact.center.client.api.color.domain.sign.InteractActivityUserActionRecord"},{"signTime":1613232000000,"currentDay":3,"signed":1,"class":"com.jd.interact.center.client.api.color.domain.sign.InteractActivityUserActionRecord"},{"signTime":1613318400000,"currentDay":3,"signed":1,"class":"com.jd.interact.center.client.api.color.domain.sign.InteractActivityUserActionRecord"},{"signTime":1613404800000,"currentDay":3,"signed":1,"class":"com.jd.interact.center.client.api.color.domain.sign.InteractActivityUserActionRecord"},{"signTime":1613491200000,"currentDay":3,"signed":1,"class":"com.jd.interact.center.client.api.color.domain.sign.InteractActivityUserActionRecord"},{"signTime":1613577600000,"currentDay":3,"signed":1,"class":"com.jd.interact.center.client.api.color.domain.sign.InteractActivityUserActionRecord"},{"signTime":1613664000000,"currentDay":3,"signed":1,"class":"com.jd.interact.center.client.api.color.domain.sign.InteractActivityUserActionRecord"},{"signTime":1613750400000,"currentDay":3,"signed":1,"class":"com.jd.interact.center.client.api.color.domain.sign.InteractActivityUserActionRecord"},{"signTime":1613836800000,"currentDay":3,"signed":1,"class":"com.jd.interact.center.client.api.color.domain.sign.InteractActivityUserActionRecord"},{"signTime":1613923200000,"currentDay":3,"signed":1,"class":"com.jd.interact.center.client.api.color.domain.sign.InteractActivityUserActionRecord"},{"signTime":1614009600000,"currentDay":3,"signed":1,"class":"com.jd.interact.center.client.api.color.domain.sign.InteractActivityUserActionRecord"},{"signTime":1614096000000,"currentDay":3,"signed":1,"class":"com.jd.interact.center.client.api.color.domain.sign.InteractActivityUserActionRecord"},{"signTime":1614182400000,"currentDay":3,"signed":1,"class":"com.jd.interact.center.client.api.color.domain.sign.InteractActivityUserActionRecord"},{"signTime":1614268800000,"currentDay":3,"signed":1,"class":"com.jd.interact.center.client.api.color.domain.sign.InteractActivityUserActionRecord"},{"signTime":1614355200000,"currentDay":3,"signed":1,"class":"com.jd.interact.center.client.api.color.domain.sign.InteractActivityUserActionRecord"},{"signTime":1614441600000,"currentDay":3,"signed":1,"class":"com.jd.interact.center.client.api.color.domain.sign.InteractActivityUserActionRecord"}],"days":0,"class":"com.jd.interact.center.client.api.color.domain.sign.ShopSignUserRecord"},"class":"com.jd.interact.center.client.api.common.param.Results","success":true}
{
  "contiSignNum": 0
}

王签到辉柏嘉京东自营官方旗舰店查看结果
{"code":200,"data":{"signRecords":[{"currentDay":2,"signTime":1612195200000,"signed":1,"class":"com.jd.interact.center.client.api.color.domain.sign.InteractActivityUserActionRecord"},{"currentDay":1,"signTime":1612285225870,"signed":2,"class":"com.jd.interact.center.client.api.color.domain.sign.InteractActivityUserActionRecord"},{"currentDay":3,"signTime":1612368000000,"signed":1,"class":"com.jd.interact.center.client.api.color.domain.sign.InteractActivityUserActionRecord"},{"currentDay":3,"signTime":1612454400000,"signed":1,"class":"com.jd.interact.center.client.api.color.domain.sign.InteractActivityUserActionRecord"},{"currentDay":3,"signTime":1612540800000,"signed":1,"class":"com.jd.interact.center.client.api.color.domain.sign.InteractActivityUserActionRecord"},{"currentDay":3,"signTime":1612627200000,"signed":1,"class":"com.jd.interact.center.client.api.color.domain.sign.InteractActivityUserActionRecord"},{"currentDay":3,"signTime":1612713600000,"signed":1,"class":"com.jd.interact.center.client.api.color.domain.sign.InteractActivityUserActionRecord"},{"currentDay":3,"signTime":1612800000000,"signed":1,"class":"com.jd.interact.center.client.api.color.domain.sign.InteractActivityUserActionRecord"},{"currentDay":3,"signTime":1612886400000,"signed":1,"class":"com.jd.interact.center.client.api.color.domain.sign.InteractActivityUserActionRecord"},{"currentDay":3,"signTime":1612972800000,"signed":1,"class":"com.jd.interact.center.client.api.color.domain.sign.InteractActivityUserActionRecord"},{"currentDay":3,"signTime":1613059200000,"signed":1,"class":"com.jd.interact.center.client.api.color.domain.sign.InteractActivityUserActionRecord"},{"currentDay":3,"signTime":1613145600000,"signed":1,"class":"com.jd.interact.center.client.api.color.domain.sign.InteractActivityUserActionRecord"},{"currentDay":3,"signTime":1613232000000,"signed":1,"class":"com.jd.interact.center.client.api.color.domain.sign.InteractActivityUserActionRecord"},{"currentDay":3,"signTime":1613318400000,"signed":1,"class":"com.jd.interact.center.client.api.color.domain.sign.InteractActivityUserActionRecord"},{"currentDay":3,"signTime":1613404800000,"signed":1,"class":"com.jd.interact.center.client.api.color.domain.sign.InteractActivityUserActionRecord"},{"currentDay":3,"signTime":1613491200000,"signed":1,"class":"com.jd.interact.center.client.api.color.domain.sign.InteractActivityUserActionRecord"},{"currentDay":3,"signTime":1613577600000,"signed":1,"class":"com.jd.interact.center.client.api.color.domain.sign.InteractActivityUserActionRecord"},{"currentDay":3,"signTime":1613664000000,"signed":1,"class":"com.jd.interact.center.client.api.color.domain.sign.InteractActivityUserActionRecord"},{"currentDay":3,"signTime":1613750400000,"signed":1,"class":"com.jd.interact.center.client.api.color.domain.sign.InteractActivityUserActionRecord"},{"currentDay":3,"signTime":1613836800000,"signed":1,"class":"com.jd.interact.center.client.api.color.domain.sign.InteractActivityUserActionRecord"},{"currentDay":3,"signTime":1613923200000,"signed":1,"class":"com.jd.interact.center.client.api.color.domain.sign.InteractActivityUserActionRecord"},{"currentDay":3,"signTime":1614009600000,"signed":1,"class":"com.jd.interact.center.client.api.color.domain.sign.InteractActivityUserActionRecord"},{"currentDay":3,"signTime":1614096000000,"signed":1,"class":"com.jd.interact.center.client.api.color.domain.sign.InteractActivityUserActionRecord"},{"currentDay":3,"signTime":1614182400000,"signed":1,"class":"com.jd.interact.center.client.api.color.domain.sign.InteractActivityUserActionRecord"},{"currentDay":3,"signTime":1614268800000,"signed":1,"class":"com.jd.interact.center.client.api.color.domain.sign.InteractActivityUserActionRecord"},{"currentDay":3,"signTime":1614355200000,"signed":1,"class":"com.jd.interact.center.client.api.color.domain.sign.InteractActivityUserActionRecord"},{"currentDay":3,"signTime":1614441600000,"signed":1,"class":"com.jd.interact.center.client.api.color.domain.sign.InteractActivityUserActionRecord"}],"days":1,"class":"com.jd.interact.center.client.api.color.domain.sign.ShopSignUserRecord"},"class":"com.jd.interact.center.client.api.common.param.Results","success":true}
{
  "contiSignNum": 1
}
每日签到：获得1京豆
连续签到7天：20京豆
