
02/03/21 02:06:13 635046100  1612289173
赵签到未知3
{"msg":"errCode:407000007, errMessage:签到用户未登录","code":407000007,"class":"com.jd.interact.center.client.api.common.param.Results","success":false}

02/03/21 02:06:13 949133100  1612289173
王签到未知3
{"msg":"用户达到签到上限","code":404130026,"class":"com.jd.interact.center.client.api.common.param.Results","success":false}

real	0m0.233s
user	0m0.000s
sys	0m0.031s

02/03/21 02:06:14 488025300  1612289174
赵签到未知3
{"msg":"errCode:407000007, errMessage:签到用户未登录","code":407000007,"class":"com.jd.interact.center.client.api.common.param.Results","success":false}

real	0m0.428s
user	0m0.000s
sys	0m0.031s

02/03/21 02:06:15 218121600  1612289175
赵签到未知3
{"msg":"errCode:407000007, errMessage:签到用户未登录","code":407000007,"class":"com.jd.interact.center.client.api.common.param.Results","success":false}

real	0m0.629s
user	0m0.000s
sys	0m0.031s

02/03/21 02:06:16 172464400  1612289176
赵签到未知3
{"msg":"errCode:407000007, errMessage:签到用户未登录","code":407000007,"class":"com.jd.interact.center.client.api.common.param.Results","success":false}

real	0m0.827s
user	0m0.000s
sys	0m0.000s

02/03/21 02:06:17 344327300  1612289177
赵签到未知3
{"msg":"errCode:407000007, errMessage:签到用户未登录","code":407000007,"class":"com.jd.interact.center.client.api.common.param.Results","success":false}

real	0m1.028s
user	0m0.000s
sys	0m0.016s

02/03/21 02:06:18 706404600  1612289178
赵签到未知3
{"msg":"errCode:407000007, errMessage:签到用户未登录","code":407000007,"class":"com.jd.interact.center.client.api.common.param.Results","success":false}

real	0m1.238s
user	0m0.000s
sys	0m0.031s

02/03/21 02:06:20 282851300  1612289180
赵签到未知3
{"msg":"errCode:407000007, errMessage:签到用户未登录","code":407000007,"class":"com.jd.interact.center.client.api.common.param.Results","success":false}

real	0m1.430s
user	0m0.000s
sys	0m0.047s

02/03/21 02:06:22 060678900  1612289182
赵签到未知3
{"msg":"errCode:407000007, errMessage:签到用户未登录","code":407000007,"class":"com.jd.interact.center.client.api.common.param.Results","success":false}

real	0m1.629s
user	0m0.000s
sys	0m0.031s

02/03/21 02:06:24 004065400  1612289184
赵签到未知3
{"msg":"errCode:407000007, errMessage:签到用户未登录","code":407000007,"class":"com.jd.interact.center.client.api.common.param.Results","success":false}

real	0m1.829s
user	0m0.000s
sys	0m0.031s

02/03/21 02:06:26 148610900  1612289186
赵签到未知3
{"msg":"errCode:407000007, errMessage:签到用户未登录","code":407000007,"class":"com.jd.interact.center.client.api.common.param.Results","success":false}

real	0m2.030s
user	0m0.000s
sys	0m0.016s

02/03/21 02:06:28 488703400  1612289188
赵签到未知3
{"msg":"errCode:407000007, errMessage:签到用户未登录","code":407000007,"class":"com.jd.interact.center.client.api.common.param.Results","success":false}

real	0m2.229s
user	0m0.000s
sys	0m0.016s

02/03/21 02:06:31 017830600  1612289191
赵签到未知3
{"msg":"errCode:407000007, errMessage:签到用户未登录","code":407000007,"class":"com.jd.interact.center.client.api.common.param.Results","success":false}

real	0m2.429s
user	0m0.000s
sys	0m0.016s

02/03/21 02:06:33 786451600  1612289193
赵签到未知3
{"msg":"errCode:407000007, errMessage:签到用户未登录","code":407000007,"class":"com.jd.interact.center.client.api.common.param.Results","success":false}

real	0m2.630s
user	0m0.000s
sys	0m0.016s

02/03/21 02:06:36 727289000  1612289196
赵签到未知3
{"msg":"errCode:407000007, errMessage:签到用户未登录","code":407000007,"class":"com.jd.interact.center.client.api.common.param.Results","success":false}

real	0m2.831s
user	0m0.000s
sys	0m0.016s

02/03/21 02:06:39 885087100  1612289199
赵签到未知3
{"msg":"errCode:407000007, errMessage:签到用户未登录","code":407000007,"class":"com.jd.interact.center.client.api.common.param.Results","success":false}

real	0m3.032s
user	0m0.000s
sys	0m0.031s

02/03/21 02:06:43 249669800  1612289203
赵签到未知3
{"msg":"errCode:407000007, errMessage:签到用户未登录","code":407000007,"class":"com.jd.interact.center.client.api.common.param.Results","success":false}

real	0m3.229s
user	0m0.000s
sys	0m0.016s

02/03/21 02:06:46 799483400  1612289206
赵签到未知3
{"msg":"errCode:407000007, errMessage:签到用户未登录","code":407000007,"class":"com.jd.interact.center.client.api.common.param.Results","success":false}

real	0m3.443s
user	0m0.000s
sys	0m0.047s

02/03/21 02:06:50 582351400  1612289210
赵签到未知3
{"msg":"errCode:407000007, errMessage:签到用户未登录","code":407000007,"class":"com.jd.interact.center.client.api.common.param.Results","success":false}

real	0m3.630s
user	0m0.000s
sys	0m0.016s

02/03/21 02:06:54 546797900  1612289214
赵签到未知3
{"msg":"errCode:407000007, errMessage:签到用户未登录","code":407000007,"class":"com.jd.interact.center.client.api.common.param.Results","success":false}

real	0m3.830s
user	0m0.000s
sys	0m0.016s

02/03/21 02:06:58 713022700  1612289218
赵签到未知3
{"msg":"errCode:407000007, errMessage:签到用户未登录","code":407000007,"class":"com.jd.interact.center.client.api.common.param.Results","success":false}

real	0m4.031s
user	0m0.016s
sys	0m0.031s

赵签到未知3查看结果
{"code":200,"data":{"signRecords":[{"currentDay":2,"signTime":1610640000000,"signed":1,"class":"com.jd.interact.center.client.api.color.domain.sign.InteractActivityUserActionRecord"},{"currentDay":2,"signTime":1610726400000,"signed":1,"class":"com.jd.interact.center.client.api.color.domain.sign.InteractActivityUserActionRecord"},{"currentDay":2,"signTime":1610812800000,"signed":1,"class":"com.jd.interact.center.client.api.color.domain.sign.InteractActivityUserActionRecord"},{"currentDay":2,"signTime":1610899200000,"signed":1,"class":"com.jd.interact.center.client.api.color.domain.sign.InteractActivityUserActionRecord"},{"currentDay":2,"signTime":1610985600000,"signed":1,"class":"com.jd.interact.center.client.api.color.domain.sign.InteractActivityUserActionRecord"},{"currentDay":2,"signTime":1611072000000,"signed":1,"class":"com.jd.interact.center.client.api.color.domain.sign.InteractActivityUserActionRecord"},{"currentDay":2,"signTime":1611158400000,"signed":1,"class":"com.jd.interact.center.client.api.color.domain.sign.InteractActivityUserActionRecord"},{"currentDay":2,"signTime":1611244800000,"signed":1,"class":"com.jd.interact.center.client.api.color.domain.sign.InteractActivityUserActionRecord"},{"currentDay":2,"signTime":1611331200000,"signed":1,"class":"com.jd.interact.center.client.api.color.domain.sign.InteractActivityUserActionRecord"},{"currentDay":2,"signTime":1611417600000,"signed":1,"class":"com.jd.interact.center.client.api.color.domain.sign.InteractActivityUserActionRecord"},{"currentDay":2,"signTime":1611504000000,"signed":1,"class":"com.jd.interact.center.client.api.color.domain.sign.InteractActivityUserActionRecord"},{"currentDay":2,"signTime":1611590400000,"signed":1,"class":"com.jd.interact.center.client.api.color.domain.sign.InteractActivityUserActionRecord"},{"currentDay":2,"signTime":1611676800000,"signed":1,"class":"com.jd.interact.center.client.api.color.domain.sign.InteractActivityUserActionRecord"},{"currentDay":2,"signTime":1611763200000,"signed":1,"class":"com.jd.interact.center.client.api.color.domain.sign.InteractActivityUserActionRecord"},{"currentDay":2,"signTime":1611849600000,"signed":1,"class":"com.jd.interact.center.client.api.color.domain.sign.InteractActivityUserActionRecord"},{"currentDay":2,"signTime":1611936000000,"signed":1,"class":"com.jd.interact.center.client.api.color.domain.sign.InteractActivityUserActionRecord"},{"currentDay":2,"signTime":1612022400000,"signed":1,"class":"com.jd.interact.center.client.api.color.domain.sign.InteractActivityUserActionRecord"},{"currentDay":2,"signTime":1612108800000,"signed":1,"class":"com.jd.interact.center.client.api.color.domain.sign.InteractActivityUserActionRecord"},{"currentDay":2,"signTime":1612195200000,"signed":1,"class":"com.jd.interact.center.client.api.color.domain.sign.InteractActivityUserActionRecord"},{"currentDay":1,"signTime":1612281600000,"signed":1,"class":"com.jd.interact.center.client.api.color.domain.sign.InteractActivityUserActionRecord"},{"currentDay":3,"signTime":1612368000000,"signed":1,"class":"com.jd.interact.center.client.api.color.domain.sign.InteractActivityUserActionRecord"},{"currentDay":3,"signTime":1612454400000,"signed":1,"class":"com.jd.interact.center.client.api.color.domain.sign.InteractActivityUserActionRecord"}],"days":0,"class":"com.jd.interact.center.client.api.color.domain.sign.ShopSignUserRecord"},"class":"com.jd.interact.center.client.api.common.param.Results","success":true}
{
  "contiSignNum": 0
}

王签到未知3查看结果
{"code":200,"data":{"signRecords":[{"currentDay":2,"signTime":1610640000000,"signed":1,"class":"com.jd.interact.center.client.api.color.domain.sign.InteractActivityUserActionRecord"},{"currentDay":2,"signTime":1610726400000,"signed":1,"class":"com.jd.interact.center.client.api.color.domain.sign.InteractActivityUserActionRecord"},{"currentDay":2,"signTime":1610812800000,"signed":1,"class":"com.jd.interact.center.client.api.color.domain.sign.InteractActivityUserActionRecord"},{"currentDay":2,"signTime":1610899200000,"signed":1,"class":"com.jd.interact.center.client.api.color.domain.sign.InteractActivityUserActionRecord"},{"currentDay":2,"signTime":1610985600000,"signed":1,"class":"com.jd.interact.center.client.api.color.domain.sign.InteractActivityUserActionRecord"},{"currentDay":2,"signTime":1611072000000,"signed":1,"class":"com.jd.interact.center.client.api.color.domain.sign.InteractActivityUserActionRecord"},{"currentDay":2,"signTime":1611158400000,"signed":1,"class":"com.jd.interact.center.client.api.color.domain.sign.InteractActivityUserActionRecord"},{"currentDay":2,"signTime":1611244800000,"signed":1,"class":"com.jd.interact.center.client.api.color.domain.sign.InteractActivityUserActionRecord"},{"currentDay":2,"signTime":1611331200000,"signed":1,"class":"com.jd.interact.center.client.api.color.domain.sign.InteractActivityUserActionRecord"},{"currentDay":2,"signTime":1611463857323,"signed":2,"class":"com.jd.interact.center.client.api.color.domain.sign.InteractActivityUserActionRecord"},{"currentDay":2,"signTime":1611505967569,"signed":2,"class":"com.jd.interact.center.client.api.color.domain.sign.InteractActivityUserActionRecord"},{"currentDay":2,"signTime":1611590403270,"signed":2,"class":"com.jd.interact.center.client.api.color.domain.sign.InteractActivityUserActionRecord"},{"currentDay":2,"signTime":1611676802910,"signed":2,"class":"com.jd.interact.center.client.api.color.domain.sign.InteractActivityUserActionRecord"},{"currentDay":2,"signTime":1611763203739,"signed":2,"class":"com.jd.interact.center.client.api.color.domain.sign.InteractActivityUserActionRecord"},{"currentDay":2,"signTime":1611849602858,"signed":2,"class":"com.jd.interact.center.client.api.color.domain.sign.InteractActivityUserActionRecord"},{"currentDay":2,"signTime":1611936003215,"signed":2,"class":"com.jd.interact.center.client.api.color.domain.sign.InteractActivityUserActionRecord"},{"currentDay":2,"signTime":1612022402072,"signed":2,"class":"com.jd.interact.center.client.api.color.domain.sign.InteractActivityUserActionRecord"},{"currentDay":2,"signTime":1612108802590,"signed":2,"class":"com.jd.interact.center.client.api.color.domain.sign.InteractActivityUserActionRecord"},{"currentDay":2,"signTime":1612195204469,"signed":2,"class":"com.jd.interact.center.client.api.color.domain.sign.InteractActivityUserActionRecord"},{"currentDay":1,"signTime":1612281604416,"signed":2,"class":"com.jd.interact.center.client.api.color.domain.sign.InteractActivityUserActionRecord"},{"currentDay":3,"signTime":1612368000000,"signed":1,"class":"com.jd.interact.center.client.api.color.domain.sign.InteractActivityUserActionRecord"},{"currentDay":3,"signTime":1612454400000,"signed":1,"class":"com.jd.interact.center.client.api.color.domain.sign.InteractActivityUserActionRecord"}],"days":11,"class":"com.jd.interact.center.client.api.color.domain.sign.ShopSignUserRecord"},"class":"com.jd.interact.center.client.api.common.param.Results","success":true}
{
  "contiSignNum": 11
}
每日签到：获得2京豆
连续签到7天：66京豆
连续签到15天：88京豆
