
02/04/21 02:00:38 091054400  1612375238
赵签到未知4
{"msg":"当前不存在有效的活动!","code":402,"class":"com.jd.interact.center.client.api.common.param.Results","success":false}

02/04/21 02:00:38 329976300  1612375238
王签到未知4
{"msg":"当前不存在有效的活动!","code":402,"class":"com.jd.interact.center.client.api.common.param.Results","success":false}
签到未知4完成

赵签到未知4查看结果
{"msg":"errCode:402, errMessage:当前不存在有效的活动!","code":402,"class":"com.jd.interact.center.client.api.common.param.Results","success":false}
{
  "contiSignNum": null
}

王签到未知4查看结果
{"msg":"errCode:402, errMessage:当前不存在有效的活动!","code":402,"class":"com.jd.interact.center.client.api.common.param.Results","success":false}
{
  "contiSignNum": null
}
每日签到：获得10京豆
连续签到5天：100京豆
连续签到10天：100京豆
连续签到15天：100京豆
连续签到20天：100京豆
