
02/03/21 02:13:16 873419800  1612289596
赵签到未知4
{"msg":"errCode:407000007, errMessage:签到用户未登录","code":407000007,"class":"com.jd.interact.center.client.api.common.param.Results","success":false}

02/03/21 02:13:17 158989100  1612289597
王签到未知4
{"msg":"用户达到签到上限","code":404130026,"class":"com.jd.interact.center.client.api.common.param.Results","success":false}

real	0m0.230s
user	0m0.000s
sys	0m0.016s

02/03/21 02:13:17 639316600  1612289597
赵签到未知4
{"msg":"errCode:407000007, errMessage:签到用户未登录","code":407000007,"class":"com.jd.interact.center.client.api.common.param.Results","success":false}

real	0m0.428s
user	0m0.000s
sys	0m0.016s

02/03/21 02:13:18 404066200  1612289598
赵签到未知4
{"msg":"errCode:407000007, errMessage:签到用户未登录","code":407000007,"class":"com.jd.interact.center.client.api.common.param.Results","success":false}

real	0m0.646s
user	0m0.000s
sys	0m0.047s

02/03/21 02:13:19 369239800  1612289599
赵签到未知4
{"msg":"errCode:407000007, errMessage:签到用户未登录","code":407000007,"class":"com.jd.interact.center.client.api.common.param.Results","success":false}

real	0m0.829s
user	0m0.000s
sys	0m0.047s

02/03/21 02:13:20 520333400  1612289600
赵签到未知4
{"msg":"errCode:407000007, errMessage:签到用户未登录","code":407000007,"class":"com.jd.interact.center.client.api.common.param.Results","success":false}

real	0m1.052s
user	0m0.000s
sys	0m0.031s

02/03/21 02:13:21 898183500  1612289601
赵签到未知4
{"msg":"errCode:407000007, errMessage:签到用户未登录","code":407000007,"class":"com.jd.interact.center.client.api.common.param.Results","success":false}

real	0m1.228s
user	0m0.000s
sys	0m0.016s

02/03/21 02:13:23 476148300  1612289603
赵签到未知4
{"msg":"errCode:407000007, errMessage:签到用户未登录","code":407000007,"class":"com.jd.interact.center.client.api.common.param.Results","success":false}

real	0m1.430s
user	0m0.000s
sys	0m0.016s

02/03/21 02:13:25 208725500  1612289605
赵签到未知4
{"msg":"errCode:407000007, errMessage:签到用户未登录","code":407000007,"class":"com.jd.interact.center.client.api.common.param.Results","success":false}

real	0m1.629s
user	0m0.000s
sys	0m0.031s

02/03/21 02:13:27 147462200  1612289607
赵签到未知4
{"msg":"errCode:407000007, errMessage:签到用户未登录","code":407000007,"class":"com.jd.interact.center.client.api.common.param.Results","success":false}

real	0m1.831s
user	0m0.000s
sys	0m0.031s

02/03/21 02:13:29 311106200  1612289609
赵签到未知4
{"msg":"errCode:407000007, errMessage:签到用户未登录","code":407000007,"class":"com.jd.interact.center.client.api.common.param.Results","success":false}

real	0m2.030s
user	0m0.000s
sys	0m0.016s

02/03/21 02:13:31 690818300  1612289611
赵签到未知4
{"msg":"errCode:407000007, errMessage:签到用户未登录","code":407000007,"class":"com.jd.interact.center.client.api.common.param.Results","success":false}

real	0m2.232s
user	0m0.000s
sys	0m0.031s

02/03/21 02:13:34 252564700  1612289614
赵签到未知4
{"msg":"errCode:407000007, errMessage:签到用户未登录","code":407000007,"class":"com.jd.interact.center.client.api.common.param.Results","success":false}

real	0m2.427s
user	0m0.000s
sys	0m0.016s

02/03/21 02:13:37 021705700  1612289617
赵签到未知4
{"msg":"errCode:407000007, errMessage:签到用户未登录","code":407000007,"class":"com.jd.interact.center.client.api.common.param.Results","success":false}

real	0m2.631s
user	0m0.000s
sys	0m0.031s

02/03/21 02:13:39 971393800  1612289619
赵签到未知4
{"msg":"errCode:407000007, errMessage:签到用户未登录","code":407000007,"class":"com.jd.interact.center.client.api.common.param.Results","success":false}

real	0m2.828s
user	0m0.000s
sys	0m0.016s

02/03/21 02:13:43 154914400  1612289623
赵签到未知4
{"msg":"errCode:407000007, errMessage:签到用户未登录","code":407000007,"class":"com.jd.interact.center.client.api.common.param.Results","success":false}

real	0m3.030s
user	0m0.000s
sys	0m0.031s

02/03/21 02:13:46 522002600  1612289626
赵签到未知4
{"msg":"errCode:407000007, errMessage:签到用户未登录","code":407000007,"class":"com.jd.interact.center.client.api.common.param.Results","success":false}

real	0m3.233s
user	0m0.000s
sys	0m0.016s

02/03/21 02:13:50 053357300  1612289630
赵签到未知4
{"msg":"errCode:407000007, errMessage:签到用户未登录","code":407000007,"class":"com.jd.interact.center.client.api.common.param.Results","success":false}

real	0m3.431s
user	0m0.000s
sys	0m0.031s

02/03/21 02:13:53 799323200  1612289633
赵签到未知4
{"msg":"errCode:407000007, errMessage:签到用户未登录","code":407000007,"class":"com.jd.interact.center.client.api.common.param.Results","success":false}

real	0m3.629s
user	0m0.000s
sys	0m0.016s

02/03/21 02:13:57 786220000  1612289637
赵签到未知4
{"msg":"errCode:407000007, errMessage:签到用户未登录","code":407000007,"class":"com.jd.interact.center.client.api.common.param.Results","success":false}

real	0m3.831s
user	0m0.000s
sys	0m0.031s

02/03/21 02:14:01 929928800  1612289641
赵签到未知4
{"msg":"errCode:407000007, errMessage:签到用户未登录","code":407000007,"class":"com.jd.interact.center.client.api.common.param.Results","success":false}

real	0m4.044s
user	0m0.000s
sys	0m0.031s

赵签到未知4查看结果
{"code":200,"data":{"signRecords":[{"signTime":1612195200000,"currentDay":2,"signed":1,"class":"com.jd.interact.center.client.api.color.domain.sign.InteractActivityUserActionRecord"},{"signTime":1612281600000,"currentDay":1,"signed":1,"class":"com.jd.interact.center.client.api.color.domain.sign.InteractActivityUserActionRecord"},{"signTime":1612368000000,"currentDay":3,"signed":1,"class":"com.jd.interact.center.client.api.color.domain.sign.InteractActivityUserActionRecord"},{"signTime":1612454400000,"currentDay":3,"signed":1,"class":"com.jd.interact.center.client.api.color.domain.sign.InteractActivityUserActionRecord"},{"signTime":1612540800000,"currentDay":3,"signed":1,"class":"com.jd.interact.center.client.api.color.domain.sign.InteractActivityUserActionRecord"},{"signTime":1612627200000,"currentDay":3,"signed":1,"class":"com.jd.interact.center.client.api.color.domain.sign.InteractActivityUserActionRecord"},{"signTime":1612713600000,"currentDay":3,"signed":1,"class":"com.jd.interact.center.client.api.color.domain.sign.InteractActivityUserActionRecord"},{"signTime":1612800000000,"currentDay":3,"signed":1,"class":"com.jd.interact.center.client.api.color.domain.sign.InteractActivityUserActionRecord"},{"signTime":1612886400000,"currentDay":3,"signed":1,"class":"com.jd.interact.center.client.api.color.domain.sign.InteractActivityUserActionRecord"},{"signTime":1612972800000,"currentDay":3,"signed":1,"class":"com.jd.interact.center.client.api.color.domain.sign.InteractActivityUserActionRecord"},{"signTime":1613059200000,"currentDay":3,"signed":1,"class":"com.jd.interact.center.client.api.color.domain.sign.InteractActivityUserActionRecord"},{"signTime":1613145600000,"currentDay":3,"signed":1,"class":"com.jd.interact.center.client.api.color.domain.sign.InteractActivityUserActionRecord"},{"signTime":1613232000000,"currentDay":3,"signed":1,"class":"com.jd.interact.center.client.api.color.domain.sign.InteractActivityUserActionRecord"},{"signTime":1613318400000,"currentDay":3,"signed":1,"class":"com.jd.interact.center.client.api.color.domain.sign.InteractActivityUserActionRecord"},{"signTime":1613404800000,"currentDay":3,"signed":1,"class":"com.jd.interact.center.client.api.color.domain.sign.InteractActivityUserActionRecord"},{"signTime":1613491200000,"currentDay":3,"signed":1,"class":"com.jd.interact.center.client.api.color.domain.sign.InteractActivityUserActionRecord"},{"signTime":1613577600000,"currentDay":3,"signed":1,"class":"com.jd.interact.center.client.api.color.domain.sign.InteractActivityUserActionRecord"},{"signTime":1613664000000,"currentDay":3,"signed":1,"class":"com.jd.interact.center.client.api.color.domain.sign.InteractActivityUserActionRecord"},{"signTime":1613750400000,"currentDay":3,"signed":1,"class":"com.jd.interact.center.client.api.color.domain.sign.InteractActivityUserActionRecord"},{"signTime":1613836800000,"currentDay":3,"signed":1,"class":"com.jd.interact.center.client.api.color.domain.sign.InteractActivityUserActionRecord"},{"signTime":1613923200000,"currentDay":3,"signed":1,"class":"com.jd.interact.center.client.api.color.domain.sign.InteractActivityUserActionRecord"},{"signTime":1614009600000,"currentDay":3,"signed":1,"class":"com.jd.interact.center.client.api.color.domain.sign.InteractActivityUserActionRecord"},{"signTime":1614096000000,"currentDay":3,"signed":1,"class":"com.jd.interact.center.client.api.color.domain.sign.InteractActivityUserActionRecord"},{"signTime":1614182400000,"currentDay":3,"signed":1,"class":"com.jd.interact.center.client.api.color.domain.sign.InteractActivityUserActionRecord"},{"signTime":1614268800000,"currentDay":3,"signed":1,"class":"com.jd.interact.center.client.api.color.domain.sign.InteractActivityUserActionRecord"},{"signTime":1614355200000,"currentDay":3,"signed":1,"class":"com.jd.interact.center.client.api.color.domain.sign.InteractActivityUserActionRecord"},{"signTime":1614441600000,"currentDay":3,"signed":1,"class":"com.jd.interact.center.client.api.color.domain.sign.InteractActivityUserActionRecord"}],"days":0,"class":"com.jd.interact.center.client.api.color.domain.sign.ShopSignUserRecord"},"class":"com.jd.interact.center.client.api.common.param.Results","success":true}
{
  "contiSignNum": 0
}

王签到未知4查看结果
{"code":200,"data":{"signRecords":[{"signTime":1612197541773,"currentDay":2,"signed":2,"class":"com.jd.interact.center.client.api.color.domain.sign.InteractActivityUserActionRecord"},{"signTime":1612285260916,"currentDay":1,"signed":2,"class":"com.jd.interact.center.client.api.color.domain.sign.InteractActivityUserActionRecord"},{"signTime":1612368000000,"currentDay":3,"signed":1,"class":"com.jd.interact.center.client.api.color.domain.sign.InteractActivityUserActionRecord"},{"signTime":1612454400000,"currentDay":3,"signed":1,"class":"com.jd.interact.center.client.api.color.domain.sign.InteractActivityUserActionRecord"},{"signTime":1612540800000,"currentDay":3,"signed":1,"class":"com.jd.interact.center.client.api.color.domain.sign.InteractActivityUserActionRecord"},{"signTime":1612627200000,"currentDay":3,"signed":1,"class":"com.jd.interact.center.client.api.color.domain.sign.InteractActivityUserActionRecord"},{"signTime":1612713600000,"currentDay":3,"signed":1,"class":"com.jd.interact.center.client.api.color.domain.sign.InteractActivityUserActionRecord"},{"signTime":1612800000000,"currentDay":3,"signed":1,"class":"com.jd.interact.center.client.api.color.domain.sign.InteractActivityUserActionRecord"},{"signTime":1612886400000,"currentDay":3,"signed":1,"class":"com.jd.interact.center.client.api.color.domain.sign.InteractActivityUserActionRecord"},{"signTime":1612972800000,"currentDay":3,"signed":1,"class":"com.jd.interact.center.client.api.color.domain.sign.InteractActivityUserActionRecord"},{"signTime":1613059200000,"currentDay":3,"signed":1,"class":"com.jd.interact.center.client.api.color.domain.sign.InteractActivityUserActionRecord"},{"signTime":1613145600000,"currentDay":3,"signed":1,"class":"com.jd.interact.center.client.api.color.domain.sign.InteractActivityUserActionRecord"},{"signTime":1613232000000,"currentDay":3,"signed":1,"class":"com.jd.interact.center.client.api.color.domain.sign.InteractActivityUserActionRecord"},{"signTime":1613318400000,"currentDay":3,"signed":1,"class":"com.jd.interact.center.client.api.color.domain.sign.InteractActivityUserActionRecord"},{"signTime":1613404800000,"currentDay":3,"signed":1,"class":"com.jd.interact.center.client.api.color.domain.sign.InteractActivityUserActionRecord"},{"signTime":1613491200000,"currentDay":3,"signed":1,"class":"com.jd.interact.center.client.api.color.domain.sign.InteractActivityUserActionRecord"},{"signTime":1613577600000,"currentDay":3,"signed":1,"class":"com.jd.interact.center.client.api.color.domain.sign.InteractActivityUserActionRecord"},{"signTime":1613664000000,"currentDay":3,"signed":1,"class":"com.jd.interact.center.client.api.color.domain.sign.InteractActivityUserActionRecord"},{"signTime":1613750400000,"currentDay":3,"signed":1,"class":"com.jd.interact.center.client.api.color.domain.sign.InteractActivityUserActionRecord"},{"signTime":1613836800000,"currentDay":3,"signed":1,"class":"com.jd.interact.center.client.api.color.domain.sign.InteractActivityUserActionRecord"},{"signTime":1613923200000,"currentDay":3,"signed":1,"class":"com.jd.interact.center.client.api.color.domain.sign.InteractActivityUserActionRecord"},{"signTime":1614009600000,"currentDay":3,"signed":1,"class":"com.jd.interact.center.client.api.color.domain.sign.InteractActivityUserActionRecord"},{"signTime":1614096000000,"currentDay":3,"signed":1,"class":"com.jd.interact.center.client.api.color.domain.sign.InteractActivityUserActionRecord"},{"signTime":1614182400000,"currentDay":3,"signed":1,"class":"com.jd.interact.center.client.api.color.domain.sign.InteractActivityUserActionRecord"},{"signTime":1614268800000,"currentDay":3,"signed":1,"class":"com.jd.interact.center.client.api.color.domain.sign.InteractActivityUserActionRecord"},{"signTime":1614355200000,"currentDay":3,"signed":1,"class":"com.jd.interact.center.client.api.color.domain.sign.InteractActivityUserActionRecord"},{"signTime":1614441600000,"currentDay":3,"signed":1,"class":"com.jd.interact.center.client.api.color.domain.sign.InteractActivityUserActionRecord"}],"days":2,"class":"com.jd.interact.center.client.api.color.domain.sign.ShopSignUserRecord"},"class":"com.jd.interact.center.client.api.common.param.Results","success":true}
{
  "contiSignNum": 2
}
每日签到：获得10京豆
连续签到5天：100京豆
连续签到10天：100京豆
连续签到15天：100京豆
连续签到20天：100京豆
