

* * * * * * * * * * * * * * * * * *
记录时刻 20210313_045501_372185300

[RUN] 明天签到 Lorde京东自营旗舰店, 不会获取奖品. api_vender/lorde --> api_vender/lorde_delay

api_vender/shop_1614611212_121_delay  https://h5.m.jd.com/babelDiy/Zeus/2PAAf74aG3D61qvfKUM5dxUssJQ9/index.html?token=66FF21248A931AD7E248D32A9B4BF600
发现明天是 [王 1309893722-164885; 移动 jd_OeTNobRVGiNZ] 签到 [名校堂京东自营旗舰店] 的第 10 天，将要获取到奖品[ 100 店铺积分]

api_vender/shop_1615123116_0  https://h5.m.jd.com/babelDiy/Zeus/2PAAf74aG3D61qvfKUM5dxUssJQ9/index.html?token=5436B28A6FFBFA2AAC35A8FF113ABAB5
发现明天是 [王 1309893722-164885] 签到 [安娜苏（AnnaSui)美妆京东自营旗舰店] 的第 7 天，将要获取到奖品[ 5 京豆]
明天立即执行. 不改名字 api_vender/shop_1615123116_0

api_vender/shop_1615126630_0_delay  https://h5.m.jd.com/babelDiy/Zeus/2PAAf74aG3D61qvfKUM5dxUssJQ9/index.html?token=548A84266AA3A8967F7FA346B04D3722
发现明天是 [赵 122294312-396444; 王 1309893722-164885; 肥鹅 jd_4d651d9e48204; 移动 jd_OeTNobRVGiNZ] 签到 [杜家京东自营旗舰店] 的第 7 天，将要获取到奖品[ 100 店铺积分]

api_vender/shop_1615212373_2_delay  https://h5.m.jd.com/babelDiy/Zeus/2PAAf74aG3D61qvfKUM5dxUssJQ9/index.html?token=A0287665FA8F233E7162CAB5D0ABDFC0
发现明天是 [赵 122294312-396444; 王 1309893722-164885; 肥鹅 jd_4d651d9e48204; 移动 jd_OeTNobRVGiNZ] 签到 [海底捞官方旗舰店] 的第 7 天，将要获取到奖品[ 5 店铺积分]

[RUN] 明天签到 澳优乳业官方旗舰店, 不会获取奖品. vender/aoyouruye --> vender/aoyouruye_delay

vender/baierkang  
发现明天是 [赵 122294312-396444; 王 1309893722-164885; 肥鹅 jd_4d651d9e48204] 签到 [拜耳健康消费品官方旗舰店] 的第 7 天，将要获取到奖品[ 30元优惠券]
[RUN] 明天签到 拜耳健康消费品官方旗舰店, 虽然会获取奖品，但任务不用立即执行. vender/baierkang --> vender/baierkang_delay

vender/shop_1614116236_75_delay  
发现明天是 [赵 122294312-396444; 王 1309893722-164885; 肥鹅 jd_4d651d9e48204] 签到 [JEEP SPIRIT眼镜旗舰店] 的第 3 天，将要获取到奖品[ 1京豆 1京豆]
[RUN] 明天立即执行. vender/shop_1614116236_75_delay --> vender/shop_1614116236_75

vender/shop_1614611215_136_delay  
发现明天是 [赵 122294312-396444; 王 1309893722-164885; 肥鹅 jd_4d651d9e48204] 签到 [JEEP SPIRIT眼镜旗舰店] 的第 3 天，将要获取到奖品[ 1京豆 1京豆]
[RUN] 明天立即执行. vender/shop_1614611215_136_delay --> vender/shop_1614611215_136

vender/shop_1614611216_140  
vender/shop_1614611217_142_delay  
[RUN] 明天签到 歌德老酒行京东自营旗舰店, 不会获取奖品. vender/shop_1614696854_0 --> vender/shop_1614696854_0_delay

vender/shop_1614697710_0_delay  https://lzkj-isv.isvjcloud.com/sign/signActivity2?activityId=6311b018ecfa4319b37d0003638468af&venderId=143153&adsource=tg_xuanFuTuBiao
发现明天是 [王 1309893722-164885; 肥鹅 jd_4d651d9e48204] 签到 [歌德老酒行精品旗舰店] 的第 9 天，将要获取到奖品[ 董酒 专享价]
发现明天是 [赵 122294312-396444; 移动 jd_OeTNobRVGiNZ] 签到 [歌德老酒行精品旗舰店] 的第 1 天，将要获取到奖品[ 1积分 1积分]

vender/shop_1614701195_0_delay  
vender/shop_1614701379_0  
vender/shop_1614776102_0_delay  
[RUN] 明天签到 科大讯飞京东自营旗舰店, 不会获取奖品. vender/shop_1615124346_0 --> vender/shop_1615124346_0_delay

[RUN] 明天签到 TOI京东自营旗舰店, 不会获取奖品. vender/shop_1615125912_0 --> vender/shop_1615125912_0_delay

[RUN] 明天签到 TCL.XESS个护京东自营旗舰店, 不会获取奖品. vender/shop_1615126563_0 --> vender/shop_1615126563_0_delay

vender/shop_1615211001_9_delay  
发现明天是 [王 1309893722-164885; 肥鹅 jd_4d651d9e48204; 赵 122294312-396444] 签到 [松达纸尿裤旗舰店] 的第 7 天，将要获取到奖品[ 5京豆 5京豆]
[RUN] 明天立即执行. vender/shop_1615211001_9_delay --> vender/shop_1615211001_9

vender/shop_1615211039_13  
发现明天是 [移动 jd_OeTNobRVGiNZ] 签到 [金士顿旗舰店] 的第 1 天，将要获取到奖品[ 1京豆 1京豆]
明天立即执行. 不改名字 vender/shop_1615211039_13

vender/yikaide_delay  
发现明天是 [赵 122294312-396444; 肥鹅 jd_4d651d9e48204] 签到 [易开得官方京东自营旗舰店] 的第 21 天，将要获取到奖品[ 赠送磨毛四件套]
[RUN] 奖品需要手工拼抢，并填写地址. 不改名字 vender/yikaide_delay

lzkj_sevenDay_vender/shop_1613569740_34_delay  https://lzkj-isv.isvjcloud.com/sign/sevenDay/signActivity?activityId=1e5cac4ad760485d931141412c9fab0c&venderId=1000001906&adsource=tg_xuanFuTuBiao
发现明天是 [肥鹅 jd_4d651d9e48204; 赵 122294312-396444; 王 1309893722-164885] 签到 [泉林本色京东自营旗舰店] 的第 4 天，将要获取到奖品[ 1京豆京豆 1京豆]
发现明天是 [移动 jd_OeTNobRVGiNZ] 签到 [泉林本色京东自营旗舰店] 的第 1 天，将要获取到奖品[ 5店铺积分积分 5店铺积分]
[RUN] 明天立即执行. lzkj_sevenDay_vender/shop_1613569740_34_delay --> lzkj_sevenDay_vender/shop_1613569740_34

lzkj_sevenDay_vender/shop_1614116411_129  https://lzkj-isv.isvjcloud.com/sign/sevenDay/signActivity?activityId=f63f0cc98d32422b8b6ac5b8a0aaec0e&venderId=1000351797
发现明天是 [赵 122294312-396444; 王 1309893722-164885; 肥鹅 jd_4d651d9e48204] 签到 [安我（AND ALL）健康京东自营旗舰店] 的第 4 天，将要获取到奖品[ 2京豆京豆 2京豆]
发现明天是 [移动 jd_OeTNobRVGiNZ] 签到 [安我（AND ALL）健康京东自营旗舰店] 的第 1 天，将要获取到奖品[ 1京豆京豆 1京豆]
明天立即执行. 不改名字 lzkj_sevenDay_vender/shop_1614116411_129

lzkj_sevenDay_vender/shop_1614698669_0  https://lzkj-isv.isvjcloud.com/sign/sevenDay/signActivity?activityId=9b8a4466ab984291908abd55c70d0646&venderId=1000001933&cu=true&utm_source=kong&utm_medium=jingfen&utm_campaign=t_1002903107_&utm_term=4f8841bf33eb4dfb9ccd26e52abc0106
发现明天是 [赵 122294312-396444; 王 1309893722-164885; 肥鹅 jd_4d651d9e48204] 签到 [帮宝适京东自营官方旗舰店] 的第 6 天，将要获取到奖品[ 1京豆京豆 1京豆]
发现明天是 [移动 jd_OeTNobRVGiNZ] 签到 [帮宝适京东自营官方旗舰店] 的第 1 天，将要获取到奖品[ 1京豆京豆 1京豆]
明天立即执行. 不改名字 lzkj_sevenDay_vender/shop_1614698669_0

lzkj_sevenDay_vender/shop_1614699061_0  https://lzkj-isv.isvjcloud.com/sign/sevenDay/signActivity?activityId=9b8a4466ab984291908abd55c70d0646&venderId=1000001933&cu=true&utm_source=kong&utm_medium=jingfen&utm_campaign=t_1002903107_&utm_term=4f8841bf33eb4dfb9ccd26e52abc0106
发现明天是 [赵 122294312-396444; 王 1309893722-164885; 肥鹅 jd_4d651d9e48204] 签到 [帮宝适京东自营官方旗舰店] 的第 6 天，将要获取到奖品[ 1京豆京豆 1京豆]
发现明天是 [移动 jd_OeTNobRVGiNZ] 签到 [帮宝适京东自营官方旗舰店] 的第 1 天，将要获取到奖品[ 1京豆京豆 1京豆]
明天立即执行. 不改名字 lzkj_sevenDay_vender/shop_1614699061_0

lzkj_sevenDay_vender/shop_1614699101_0  https://lzkj-isv.isvjcloud.com/sign/sevenDay/signActivity?activityId=9b8a4466ab984291908abd55c70d0646&venderId=1000001933&cu=true&utm_source=kong&utm_medium=jingfen&utm_campaign=t_1002903107_&utm_term=4f8841bf33eb4dfb9ccd26e52abc0106
发现明天是 [赵 122294312-396444; 王 1309893722-164885; 肥鹅 jd_4d651d9e48204] 签到 [帮宝适京东自营官方旗舰店] 的第 6 天，将要获取到奖品[ 1京豆京豆 1京豆]
发现明天是 [移动 jd_OeTNobRVGiNZ] 签到 [帮宝适京东自营官方旗舰店] 的第 1 天，将要获取到奖品[ 1京豆京豆 1京豆]
明天立即执行. 不改名字 lzkj_sevenDay_vender/shop_1614699101_0

lzkj_sevenDay_vender/shop_1614776867_1  https://lzkj-isv.isvjcloud.com/sign/sevenDay/signActivity?activityId=3f064b1a32ec4b2ab6e044aa1cacad06&venderId=182542&adsource=tg_storePage
发现明天是 [赵 122294312-396444; 王 1309893722-164885; 肥鹅 jd_4d651d9e48204] 签到 [蒙牛官方旗舰店] 的第 5 天，将要获取到奖品[ 10京豆京豆 10京豆]
发现明天是 [移动 jd_OeTNobRVGiNZ] 签到 [蒙牛官方旗舰店] 的第 1 天，将要获取到奖品[ 10京豆京豆 10京豆]
明天立即执行. 不改名字 lzkj_sevenDay_vender/shop_1614776867_1

lzkj_sevenDay_vender/shop_1615126461_0  https://lzkj-isv.isvjcloud.com/sign/sevenDay/signActivity?activityId=bd6dbb94e12343d8b5034d64b0cd9ef6&venderId=1000304425
发现明天是 [赵 122294312-396444; 王 1309893722-164885; 肥鹅 jd_4d651d9e48204; 移动 jd_OeTNobRVGiNZ] 签到 [零食码头自营专区] 的第 1 天，将要获取到奖品[ 1京豆京豆 1京豆]
明天立即执行. 不改名字 lzkj_sevenDay_vender/shop_1615126461_0

lzkj_sevenDay_vender/shop_1615210965_1  https://lzkj-isv.isvjcloud.com/sign/sevenDay/signActivity?activityId=85869b82469347279fd272a3c2015d9f&venderId=10422730&adsource=tg_storePage
发现明天是 [赵 122294312-396444; 王 1309893722-164885; 肥鹅 jd_4d651d9e48204] 签到 [COSORI厨房电器旗舰店] 的第 7 天，将要获取到奖品[ 5元京东E卡]
发现明天是 [移动 jd_OeTNobRVGiNZ] 签到 [COSORI厨房电器旗舰店] 的第 1 天，将要获取到奖品[ 20京豆京豆 20京豆]
明天立即执行. 不改名字 lzkj_sevenDay_vender/shop_1615210965_1
[RUN] 奖品需要手工拼抢，并填写地址. lzkj_sevenDay_vender/shop_1615210965_1 --> lzkj_sevenDay_vender/shop_1615210965_1_delay

lzkj_sevenDay_vender/shop_1615210984_8  https://lzkj-isv.isvjcloud.com/sign/sevenDay/signActivity?activityId=13126645fcb2477fa1090a94cb7f3ca2&venderId=206265&adsource=tg_storePage
发现明天是 [赵 122294312-396444; 王 1309893722-164885; 肥鹅 jd_4d651d9e48204] 签到 [滴露旗舰店] 的第 7 天，将要获取到奖品[ 50元优惠券]
发现明天是 [移动 jd_OeTNobRVGiNZ] 签到 [滴露旗舰店] 的第 1 天，将要获取到奖品[ 5元优惠券]
[RUN] 明天签到 滴露旗舰店, 虽然会获取奖品，但任务不用立即执行. lzkj_sevenDay_vender/shop_1615210984_8 --> lzkj_sevenDay_vender/shop_1615210984_8_delay


检查是否有签到失败的活动
签到 [泉林本色京东自营旗舰店] 店铺有问题 lzkj_sevenDay_vender/shop_1613569740_34 活动链接
https://lzkj-isv.isvjcloud.com/sign/sevenDay/signActivity?activityId=1e5cac4ad760485d931141412c9fab0c&venderId=1000001906&adsource=tg_xuanFuTuBiao
移动 jd_OeTNobRVGiNZ 签到失败: 20210313 -- > 

签到 [安我（AND ALL）健康京东自营旗舰店] 店铺有问题 lzkj_sevenDay_vender/shop_1614116411_129 活动链接
https://lzkj-isv.isvjcloud.com/sign/sevenDay/signActivity?activityId=f63f0cc98d32422b8b6ac5b8a0aaec0e&venderId=1000351797
移动 jd_OeTNobRVGiNZ 签到失败: 20210313 -- > 

签到 [帮宝适京东自营官方旗舰店] 店铺有问题 lzkj_sevenDay_vender/shop_1614698669_0 活动链接
https://lzkj-isv.isvjcloud.com/sign/sevenDay/signActivity?activityId=9b8a4466ab984291908abd55c70d0646&venderId=1000001933&cu=true&utm_source=kong&utm_medium=jingfen&utm_campaign=t_1002903107_&utm_term=4f8841bf33eb4dfb9ccd26e52abc0106
移动 jd_OeTNobRVGiNZ 签到失败: 20210313 -- > 

签到 [帮宝适京东自营官方旗舰店] 店铺有问题 lzkj_sevenDay_vender/shop_1614699061_0 活动链接
https://lzkj-isv.isvjcloud.com/sign/sevenDay/signActivity?activityId=9b8a4466ab984291908abd55c70d0646&venderId=1000001933&cu=true&utm_source=kong&utm_medium=jingfen&utm_campaign=t_1002903107_&utm_term=4f8841bf33eb4dfb9ccd26e52abc0106
移动 jd_OeTNobRVGiNZ 签到失败: 20210313 -- > 

签到 [帮宝适京东自营官方旗舰店] 店铺有问题 lzkj_sevenDay_vender/shop_1614699101_0 活动链接
https://lzkj-isv.isvjcloud.com/sign/sevenDay/signActivity?activityId=9b8a4466ab984291908abd55c70d0646&venderId=1000001933&cu=true&utm_source=kong&utm_medium=jingfen&utm_campaign=t_1002903107_&utm_term=4f8841bf33eb4dfb9ccd26e52abc0106
移动 jd_OeTNobRVGiNZ 签到失败: 20210313 -- > 

签到 [蒙牛官方旗舰店] 店铺有问题 lzkj_sevenDay_vender/shop_1614776867_1 活动链接
https://lzkj-isv.isvjcloud.com/sign/sevenDay/signActivity?activityId=3f064b1a32ec4b2ab6e044aa1cacad06&venderId=182542&adsource=tg_storePage
移动 jd_OeTNobRVGiNZ 签到失败: 20210313 -- > 

签到 [零食码头自营专区] 店铺有问题 lzkj_sevenDay_vender/shop_1615126461_0 活动链接
https://lzkj-isv.isvjcloud.com/sign/sevenDay/signActivity?activityId=bd6dbb94e12343d8b5034d64b0cd9ef6&venderId=1000304425
移动 jd_OeTNobRVGiNZ 签到失败: 20210313 -- > 

签到 [COSORI厨房电器旗舰店] 店铺有问题 lzkj_sevenDay_vender/shop_1615210965_1_delay 活动链接
https://lzkj-isv.isvjcloud.com/sign/sevenDay/signActivity?activityId=85869b82469347279fd272a3c2015d9f&venderId=10422730&adsource=tg_storePage
移动 jd_OeTNobRVGiNZ 签到失败: 20210313 -- > 

签到 [滴露旗舰店] 店铺有问题 lzkj_sevenDay_vender/shop_1615210984_8_delay 活动链接
https://lzkj-isv.isvjcloud.com/sign/sevenDay/signActivity?activityId=13126645fcb2477fa1090a94cb7f3ca2&venderId=206265&adsource=tg_storePage
移动 jd_OeTNobRVGiNZ 签到失败: 20210313 -- > 

签到 [澳优乳业官方旗舰店] 店铺有问题 vender/aoyouruye_delay 活动链接
移动 jd_OeTNobRVGiNZ 签到失败: 20210313 -- > 

签到 [拜耳健康消费品官方旗舰店] 店铺有问题 vender/baierkang_delay 活动链接
移动 jd_OeTNobRVGiNZ 签到失败: 20210313 -- > 

签到 [初么（chume）京东自营旗舰店] 店铺有问题 vender/chume_jifen 活动链接
王 1309893722-164885 签到失败: 20210313 -- > 只有该店铺的会员才能参加活动
移动 jd_OeTNobRVGiNZ 签到失败: 20210313 -- > 

签到 [实丰文化京东自营旗舰店] 店铺有问题 vender/shifengwenhua_jifen 活动链接
移动 jd_OeTNobRVGiNZ 签到失败: 20210313 -- > 

签到 [JEEP SPIRIT眼镜旗舰店] 店铺有问题 vender/shop_1614116236_75 活动链接
移动 jd_OeTNobRVGiNZ 签到失败: 20210313 -- > 

签到 [JEEP SPIRIT眼镜旗舰店] 店铺有问题 vender/shop_1614611215_136 活动链接
移动 jd_OeTNobRVGiNZ 签到失败: 20210313 -- > 

签到 [泉林本色京东自营旗舰店] 店铺有问题 vender/shop_1614611216_140 活动链接
移动 jd_OeTNobRVGiNZ 签到失败: 20210313 -- > 

签到 [中顺洁柔官方自营旗舰店] 店铺有问题 vender/shop_1614611217_142_delay 活动链接
移动 jd_OeTNobRVGiNZ 签到失败: 20210313 -- > 

签到 [歌德老酒行京东自营旗舰店] 店铺有问题 vender/shop_1614696854_0_delay 活动链接
移动 jd_OeTNobRVGiNZ 签到失败: 20210313 -- > 

签到 [歌德老酒行精品旗舰店] 店铺有问题 vender/shop_1614697710_0_delay 活动链接
https://lzkj-isv.isvjcloud.com/sign/signActivity2?activityId=6311b018ecfa4319b37d0003638468af&venderId=143153&adsource=tg_xuanFuTuBiao
移动 jd_OeTNobRVGiNZ 签到失败: 20210313 -- > 

签到 [美赞臣京东自营官方旗舰店] 店铺有问题 vender/shop_1614701195_0_delay 活动链接
移动 jd_OeTNobRVGiNZ 签到失败: 20210313 -- > 

签到 [坚果手机京东自营官方旗舰店] 店铺有问题 vender/shop_1614701379_0 活动链接
赵 122294312-396444 签到失败: 20210312 -- > ok
王 1309893722-164885 签到失败: 20210312 -- > ok
肥鹅 jd_4d651d9e48204 签到失败: 20210312 -- > ok
移动 jd_OeTNobRVGiNZ 签到失败: 20210312 -- > 

签到 [极米投影京东自营官方旗舰店] 店铺有问题 vender/shop_1614701519_0_delay 活动链接
移动 jd_OeTNobRVGiNZ 签到失败: 20210313 -- > 

签到 [十月稻田京东自营旗舰店] 店铺有问题 vender/shop_1614701656_0_delay 活动链接
移动 jd_OeTNobRVGiNZ 签到失败: 20210313 -- > 

签到 [贝亲辅食尿裤京东自营旗舰店] 店铺有问题 vender/shop_1614776102_0_delay 活动链接
移动 jd_OeTNobRVGiNZ 签到失败: 20210313 -- > 

签到 [华硕京东自营官方旗舰店] 店铺有问题 vender/shop_1615121238_0_delay 活动链接
移动 jd_OeTNobRVGiNZ 签到失败: 20210313 -- > 

签到 [乐吉儿自营官方旗舰店] 店铺有问题 vender/shop_1615123719_0_delay 活动链接
移动 jd_OeTNobRVGiNZ 签到失败: 20210313 -- > 

签到 [科大讯飞京东自营旗舰店] 店铺有问题 vender/shop_1615124346_0_delay 活动链接
移动 jd_OeTNobRVGiNZ 签到失败: 20210313 -- > 

签到 [TOI京东自营旗舰店] 店铺有问题 vender/shop_1615125912_0_delay 活动链接
移动 jd_OeTNobRVGiNZ 签到失败: 20210313 -- > 

签到 [大力智能京东自营旗舰店] 店铺有问题 vender/shop_1615126518_0_delay 活动链接
移动 jd_OeTNobRVGiNZ 签到失败: 20210313 -- > 

签到 [TCL.XESS个护京东自营旗舰店] 店铺有问题 vender/shop_1615126563_0_delay 活动链接
移动 jd_OeTNobRVGiNZ 签到失败: 20210313 -- > 

签到 [Ddrops海外京东自营专区] 店铺有问题 vender/shop_1615126735_0_delay 活动链接
移动 jd_OeTNobRVGiNZ 签到失败: 20210313 -- > 

签到 [荣耀亲选官方旗舰店] 店铺有问题 vender/shop_1615210945_0_delay 活动链接
移动 jd_OeTNobRVGiNZ 签到失败: 20210313 -- > 

签到 [松达纸尿裤旗舰店] 店铺有问题 vender/shop_1615211001_9 活动链接
移动 jd_OeTNobRVGiNZ 签到失败: 20210313 -- > 

签到 [金士顿旗舰店] 店铺有问题 vender/shop_1615211039_13 活动链接
移动 jd_OeTNobRVGiNZ 签到失败: 20210313 -- > 

签到 [易开得官方京东自营旗舰店] 店铺有问题 vender/yikaide_delay 活动链接
移动 jd_OeTNobRVGiNZ 签到失败: 20210313 -- > 


检查是否有删除的活动


检查今天签到获得的奖励
签到 [Lorde京东自营旗舰店] 店铺获得奖励 api_vender/lorde_delay 活动链接
#肥鹅 jd_4d651d9e48204 获得奖励: "奖励2,type=4;奖励1,type=6;"
#移动 jd_OeTNobRVGiNZ 获得奖励: "奖励1,type=6;"
#赵 122294312-396444 获得奖励: "奖励2,type=4;奖励1,type=6;"
#王 1309893722-164885 获得奖励: "奖励1,type=6;"

签到 [博世电动工具京东自营旗舰店] 店铺获得奖励 api_vender/shop_1614116044_12_delay 活动链接
https://h5.m.jd.com/babelDiy/Zeus/2PAAf74aG3D61qvfKUM5dxUssJQ9/index.html?token=556BA095CC32BAA17664C9EABD252085
#赵 122294312-396444 获得奖励: "奖励2,type=4;"
#王 1309893722-164885 获得奖励: "奖励2,type=4;"
#肥鹅 jd_4d651d9e48204 获得奖励: "奖励2,type=4;"
#移动 jd_OeTNobRVGiNZ 获得奖励: "奖励2,type=4;"

签到 [德玛仕西厨旗舰店] 店铺获得奖励 api_vender/shop_1614116321_102_delay 活动链接
https://h5.m.jd.com/babelDiy/Zeus/2PAAf74aG3D61qvfKUM5dxUssJQ9/index.html?token=CE690B6BCFFBD33952CADF2606D7F363
#赵 122294312-396444 获得奖励: "奖励1,type=4;"
#王 1309893722-164885 获得奖励: "奖励1,type=4;"
#肥鹅 jd_4d651d9e48204 获得奖励: "奖励1,type=4;"
#移动 jd_OeTNobRVGiNZ 获得奖励: "奖励1,type=4;"

签到 [比乐京东自营旗舰店] 店铺获得奖励 api_vender/shop_1614608669_18_delay 活动链接
https://h5.m.jd.com/babelDiy/Zeus/2PAAf74aG3D61qvfKUM5dxUssJQ9/index.html?token=88293B2447FF4A91D3EE2A79D3F33031
#赵 122294312-396444 获得奖励: "奖励50,type=6;"
#王 1309893722-164885 获得奖励: "奖励50,type=6;"
#肥鹅 jd_4d651d9e48204 获得奖励: "奖励50,type=6;"
#移动 jd_OeTNobRVGiNZ 获得奖励: "奖励50,type=6;"

签到 [CHUMS运动户外旗舰店] 店铺获得奖励 api_vender/shop_1614608682_22_delay 活动链接
https://h5.m.jd.com/babelDiy/Zeus/2PAAf74aG3D61qvfKUM5dxUssJQ9/index.html?token=95015697779C9950A1A5D1A7C2B4863C
#赵 122294312-396444 获得奖励: "奖励1,type=4;"
#王 1309893722-164885 获得奖励: "奖励1,type=4;"
#肥鹅 jd_4d651d9e48204 获得奖励: "奖励1,type=4;"
#移动 jd_OeTNobRVGiNZ 获得奖励: "奖励1,type=4;"

签到 [寅书母婴官方旗舰店] 店铺获得奖励 api_vender/shop_1614608690_24_delay 活动链接
https://h5.m.jd.com/babelDiy/Zeus/2PAAf74aG3D61qvfKUM5dxUssJQ9/index.html?token=9E16AF6539DB0BDFE6ED00656ECD0B08
#赵 122294312-396444 获得奖励: "奖励1,type=4;"
#王 1309893722-164885 获得奖励: "奖励1,type=4;"
#肥鹅 jd_4d651d9e48204 获得奖励: "奖励1,type=4;"
#移动 jd_OeTNobRVGiNZ 获得奖励: "奖励1,type=4;"

签到 [名校堂京东自营旗舰店] 店铺获得奖励 api_vender/shop_1614611212_121_delay 活动链接
https://h5.m.jd.com/babelDiy/Zeus/2PAAf74aG3D61qvfKUM5dxUssJQ9/index.html?token=66FF21248A931AD7E248D32A9B4BF600
#赵 122294312-396444 获得奖励: "奖励1,type=4;"
#王 1309893722-164885 获得奖励: "奖励1,type=4;"
#肥鹅 jd_4d651d9e48204 获得奖励: "奖励1,type=4;"
#移动 jd_OeTNobRVGiNZ 获得奖励: "奖励1,type=4;"

签到 [安娜苏（AnnaSui)美妆京东自营旗舰店] 店铺获得奖励 api_vender/shop_1615123116_0 活动链接
https://h5.m.jd.com/babelDiy/Zeus/2PAAf74aG3D61qvfKUM5dxUssJQ9/index.html?token=5436B28A6FFBFA2AAC35A8FF113ABAB5
#肥鹅 jd_4d651d9e48204 获得奖励: "奖励40,type=6;奖励5,type=4;奖励5,type=6;"
#移动 jd_OeTNobRVGiNZ 获得奖励: "奖励40,type=6;奖励5,type=6;"
#赵 122294312-396444 获得奖励: "奖励40,type=6;奖励5,type=4;奖励5,type=6;"
#王 1309893722-164885 获得奖励: "奖励5,type=6;"

签到 [杜家京东自营旗舰店] 店铺获得奖励 api_vender/shop_1615126630_0_delay 活动链接
https://h5.m.jd.com/babelDiy/Zeus/2PAAf74aG3D61qvfKUM5dxUssJQ9/index.html?token=548A84266AA3A8967F7FA346B04D3722
#赵 122294312-396444 获得奖励: "奖励30,type=6;"
#王 1309893722-164885 获得奖励: "奖励30,type=6;"
#肥鹅 jd_4d651d9e48204 获得奖励: "奖励30,type=6;"
#移动 jd_OeTNobRVGiNZ 获得奖励: "奖励30,type=6;"

签到 [海底捞官方旗舰店] 店铺获得奖励 api_vender/shop_1615212373_2_delay 活动链接
https://h5.m.jd.com/babelDiy/Zeus/2PAAf74aG3D61qvfKUM5dxUssJQ9/index.html?token=A0287665FA8F233E7162CAB5D0ABDFC0
#赵 122294312-396444 获得奖励: "奖励1,type=4;"
#王 1309893722-164885 获得奖励: "奖励1,type=4;"
#肥鹅 jd_4d651d9e48204 获得奖励: "奖励1,type=4;"
#移动 jd_OeTNobRVGiNZ 获得奖励: "奖励1,type=4;"

签到 [泉林本色京东自营旗舰店] 店铺获得奖励 lzkj_sevenDay_vender/shop_1613569740_34 活动链接
https://lzkj-isv.isvjcloud.com/sign/sevenDay/signActivity?activityId=1e5cac4ad760485d931141412c9fab0c&venderId=1000001906&adsource=tg_xuanFuTuBiao
#肥鹅 jd_4d651d9e48204 获得奖励: ""20店铺积分""
#赵 122294312-396444 获得奖励: ""20店铺积分""
#王 1309893722-164885 获得奖励: ""20店铺积分""
#移动 jd_OeTNobRVGiNZ 获得奖励: ""20店铺积分""

签到 [帮宝适京东自营官方旗舰店] 店铺获得奖励 lzkj_sevenDay_vender/shop_1614698669_0 活动链接
https://lzkj-isv.isvjcloud.com/sign/sevenDay/signActivity?activityId=9b8a4466ab984291908abd55c70d0646&venderId=1000001933&cu=true&utm_source=kong&utm_medium=jingfen&utm_campaign=t_1002903107_&utm_term=4f8841bf33eb4dfb9ccd26e52abc0106
#赵 122294312-396444 获得奖励: ""1京豆""
#王 1309893722-164885 获得奖励: ""1京豆""
#肥鹅 jd_4d651d9e48204 获得奖励: ""1京豆""
#移动 jd_OeTNobRVGiNZ 获得奖励: ""1京豆""

签到 [帮宝适京东自营官方旗舰店] 店铺获得奖励 lzkj_sevenDay_vender/shop_1614699061_0 活动链接
https://lzkj-isv.isvjcloud.com/sign/sevenDay/signActivity?activityId=9b8a4466ab984291908abd55c70d0646&venderId=1000001933&cu=true&utm_source=kong&utm_medium=jingfen&utm_campaign=t_1002903107_&utm_term=4f8841bf33eb4dfb9ccd26e52abc0106
#赵 122294312-396444 获得奖励: 
#王 1309893722-164885 获得奖励: ""1京豆""
#肥鹅 jd_4d651d9e48204 获得奖励: ""1京豆""
#移动 jd_OeTNobRVGiNZ 获得奖励: ""1京豆""

签到 [蒙牛官方旗舰店] 店铺获得奖励 lzkj_sevenDay_vender/shop_1614776867_1 活动链接
https://lzkj-isv.isvjcloud.com/sign/sevenDay/signActivity?activityId=3f064b1a32ec4b2ab6e044aa1cacad06&venderId=182542&adsource=tg_storePage
#赵 122294312-396444 获得奖励: ""20元优惠券""
#王 1309893722-164885 获得奖励: ""20元优惠券""
#肥鹅 jd_4d651d9e48204 获得奖励: ""20元优惠券""
#移动 jd_OeTNobRVGiNZ 获得奖励: ""20元优惠券""

签到 [零食码头自营专区] 店铺获得奖励 lzkj_sevenDay_vender/shop_1615126461_0 活动链接
https://lzkj-isv.isvjcloud.com/sign/sevenDay/signActivity?activityId=bd6dbb94e12343d8b5034d64b0cd9ef6&venderId=1000304425
#赵 122294312-396444 获得奖励: ""5京豆""
#王 1309893722-164885 获得奖励: ""5京豆""
#肥鹅 jd_4d651d9e48204 获得奖励: ""5京豆""
#移动 jd_OeTNobRVGiNZ 获得奖励: ""5京豆""

签到 [COSORI厨房电器旗舰店] 店铺获得奖励 lzkj_sevenDay_vender/shop_1615210965_1_delay 活动链接
https://lzkj-isv.isvjcloud.com/sign/sevenDay/signActivity?activityId=85869b82469347279fd272a3c2015d9f&venderId=10422730&adsource=tg_storePage
#赵 122294312-396444 获得奖励: ""50京豆""
#王 1309893722-164885 获得奖励: ""50京豆""
#肥鹅 jd_4d651d9e48204 获得奖励: ""50京豆""
#移动 jd_OeTNobRVGiNZ 获得奖励: ""50京豆""

签到 [滴露旗舰店] 店铺获得奖励 lzkj_sevenDay_vender/shop_1615210984_8_delay 活动链接
https://lzkj-isv.isvjcloud.com/sign/sevenDay/signActivity?activityId=13126645fcb2477fa1090a94cb7f3ca2&venderId=206265&adsource=tg_storePage
#赵 122294312-396444 获得奖励: ""1京豆""
#王 1309893722-164885 获得奖励: ""1京豆""
#肥鹅 jd_4d651d9e48204 获得奖励: ""1京豆""
#移动 jd_OeTNobRVGiNZ 获得奖励: ""1京豆""

签到 [澳优乳业官方旗舰店] 店铺获得奖励 vender/aoyouruye_delay 活动链接
#赵 122294312-396444 获得奖励: 
#肥鹅 jd_4d651d9e48204 获得奖励: 
#王 1309893722-164885 获得奖励: ""10京豆""
#移动 jd_OeTNobRVGiNZ 获得奖励: ""10京豆""

签到 [拜耳健康消费品官方旗舰店] 店铺获得奖励 vender/baierkang_delay 活动链接
#赵 122294312-396444 获得奖励: ""10京豆""
#王 1309893722-164885 获得奖励: ""10京豆""
#肥鹅 jd_4d651d9e48204 获得奖励: ""10京豆""
#移动 jd_OeTNobRVGiNZ 获得奖励: ""10京豆""

签到 [初么（chume）京东自营旗舰店] 店铺获得奖励 vender/chume_jifen 活动链接
#赵 122294312-396444 获得奖励: ""10积分""
#肥鹅 jd_4d651d9e48204 获得奖励: ""10积分""
#王 1309893722-164885 获得奖励: ""10积分""
#移动 jd_OeTNobRVGiNZ 获得奖励: ""10积分""

签到 [实丰文化京东自营旗舰店] 店铺获得奖励 vender/shifengwenhua_jifen 活动链接
#赵 122294312-396444 获得奖励: ""10积分""
#王 1309893722-164885 获得奖励: ""10积分""
#肥鹅 jd_4d651d9e48204 获得奖励: ""10积分""
#移动 jd_OeTNobRVGiNZ 获得奖励: ""10积分""

签到 [泉林本色京东自营旗舰店] 店铺获得奖励 vender/shop_1614611216_140 活动链接
#赵 122294312-396444 获得奖励: ""5京豆""
#王 1309893722-164885 获得奖励: ""5京豆""
#肥鹅 jd_4d651d9e48204 获得奖励: ""5京豆""
#移动 jd_OeTNobRVGiNZ 获得奖励: ""5京豆""

签到 [中顺洁柔官方自营旗舰店] 店铺获得奖励 vender/shop_1614611217_142_delay 活动链接
#赵 122294312-396444 获得奖励: ""10积分""
#王 1309893722-164885 获得奖励: ""10积分""
#肥鹅 jd_4d651d9e48204 获得奖励: ""10积分""
#移动 jd_OeTNobRVGiNZ 获得奖励: ""10积分""

签到 [歌德老酒行京东自营旗舰店] 店铺获得奖励 vender/shop_1614696854_0_delay 活动链接
#王 1309893722-164885 获得奖励: ""10京豆""
#肥鹅 jd_4d651d9e48204 获得奖励: ""10京豆""
#赵 122294312-396444 获得奖励: ""10京豆""
#移动 jd_OeTNobRVGiNZ 获得奖励: ""10京豆""

签到 [歌德老酒行精品旗舰店] 店铺获得奖励 vender/shop_1614697710_0_delay 活动链接
https://lzkj-isv.isvjcloud.com/sign/signActivity2?activityId=6311b018ecfa4319b37d0003638468af&venderId=143153&adsource=tg_xuanFuTuBiao
#赵 122294312-396444 获得奖励: ""董酒专享价""
#王 1309893722-164885 获得奖励: ""董酒专享价""
#肥鹅 jd_4d651d9e48204 获得奖励: ""董酒专享价""
#移动 jd_OeTNobRVGiNZ 获得奖励: ""董酒专享价""

签到 [美赞臣京东自营官方旗舰店] 店铺获得奖励 vender/shop_1614701195_0_delay 活动链接
#王 1309893722-164885 获得奖励: ""5积分""
#肥鹅 jd_4d651d9e48204 获得奖励: ""5积分""
#赵 122294312-396444 获得奖励: ""5积分""
#移动 jd_OeTNobRVGiNZ 获得奖励: ""5积分""

签到 [华硕京东自营官方旗舰店] 店铺获得奖励 vender/shop_1615121238_0_delay 活动链接
#赵 122294312-396444 获得奖励: ""20积分""
#王 1309893722-164885 获得奖励: ""20积分""
#肥鹅 jd_4d651d9e48204 获得奖励: ""20积分""
#移动 jd_OeTNobRVGiNZ 获得奖励: ""20积分""

签到 [TOI京东自营旗舰店] 店铺获得奖励 vender/shop_1615125912_0_delay 活动链接
#赵 122294312-396444 获得奖励: ""10京豆""
#王 1309893722-164885 获得奖励: ""10京豆""
#肥鹅 jd_4d651d9e48204 获得奖励: ""10京豆""
#移动 jd_OeTNobRVGiNZ 获得奖励: ""10京豆""

签到 [大力智能京东自营旗舰店] 店铺获得奖励 vender/shop_1615126518_0_delay 活动链接
#赵 122294312-396444 获得奖励: ""20积分""
#王 1309893722-164885 获得奖励: ""20积分""
#肥鹅 jd_4d651d9e48204 获得奖励: ""20积分""
#移动 jd_OeTNobRVGiNZ 获得奖励: ""20积分""

签到 [TCL.XESS个护京东自营旗舰店] 店铺获得奖励 vender/shop_1615126563_0_delay 活动链接
#王 1309893722-164885 获得奖励: ""5京豆""
#肥鹅 jd_4d651d9e48204 获得奖励: ""5京豆""
#赵 122294312-396444 获得奖励: ""5京豆""
#移动 jd_OeTNobRVGiNZ 获得奖励: ""5京豆""

签到 [Ddrops海外京东自营专区] 店铺获得奖励 vender/shop_1615126735_0_delay 活动链接
#赵 122294312-396444 获得奖励: ""1京豆""
#王 1309893722-164885 获得奖励: ""1京豆""
#肥鹅 jd_4d651d9e48204 获得奖励: ""1京豆""
#移动 jd_OeTNobRVGiNZ 获得奖励: ""1京豆""

签到 [松达纸尿裤旗舰店] 店铺获得奖励 vender/shop_1615211001_9 活动链接
#王 1309893722-164885 获得奖励: ""5积分""
#肥鹅 jd_4d651d9e48204 获得奖励: ""5积分""
#赵 122294312-396444 获得奖励: ""5积分""
#移动 jd_OeTNobRVGiNZ 获得奖励: ""5积分""

签到 [金士顿旗舰店] 店铺获得奖励 vender/shop_1615211039_13 活动链接
#赵 122294312-396444 获得奖励: ""1京豆""
#王 1309893722-164885 获得奖励: ""1京豆""
#肥鹅 jd_4d651d9e48204 获得奖励: ""1京豆""
#移动 jd_OeTNobRVGiNZ 获得奖励: ""1京豆""


h5签到总数 16

显示立即执行的任务
王 1309893722-164885|api_vender/shop_1615123116_0
赵 122294312-396444; 王 1309893722-164885; 肥鹅 jd_4d651d9e48204|vender/shop_1614116236_75
赵 122294312-396444; 王 1309893722-164885; 肥鹅 jd_4d651d9e48204|vender/shop_1614611215_136
王 1309893722-164885; 肥鹅 jd_4d651d9e48204; 赵 122294312-396444|vender/shop_1615211001_9
移动 jd_OeTNobRVGiNZ|vender/shop_1615211039_13
移动 jd_OeTNobRVGiNZ|lzkj_sevenDay_vender/shop_1613569740_34
移动 jd_OeTNobRVGiNZ|lzkj_sevenDay_vender/shop_1614116411_129
移动 jd_OeTNobRVGiNZ|lzkj_sevenDay_vender/shop_1614698669_0
移动 jd_OeTNobRVGiNZ|lzkj_sevenDay_vender/shop_1614699061_0
移动 jd_OeTNobRVGiNZ|lzkj_sevenDay_vender/shop_1614699101_0
移动 jd_OeTNobRVGiNZ|lzkj_sevenDay_vender/shop_1614776867_1
赵 122294312-396444; 王 1309893722-164885; 肥鹅 jd_4d651d9e48204; 移动 jd_OeTNobRVGiNZ|lzkj_sevenDay_vender/shop_1615126461_0
移动 jd_OeTNobRVGiNZ|lzkj_sevenDay_vender/shop_1615210965_1

显示执行结束，不能再签到的任务


替换成pt_pin后的任务
config02|api_vender/shop_1615123116_0
config01|vender/shop_1614116236_75
config02|vender/shop_1614116236_75
config03|vender/shop_1614116236_75
config01|vender/shop_1614611215_136
config02|vender/shop_1614611215_136
config03|vender/shop_1614611215_136
config02|vender/shop_1615211001_9
config03|vender/shop_1615211001_9
config01|vender/shop_1615211001_9
config04|vender/shop_1615211039_13
config04|lzkj_sevenDay_vender/shop_1613569740_34
config04|lzkj_sevenDay_vender/shop_1614116411_129
config04|lzkj_sevenDay_vender/shop_1614698669_0
config04|lzkj_sevenDay_vender/shop_1614699061_0
config04|lzkj_sevenDay_vender/shop_1614699101_0
config04|lzkj_sevenDay_vender/shop_1614776867_1
config01|lzkj_sevenDay_vender/shop_1615126461_0
config02|lzkj_sevenDay_vender/shop_1615126461_0
config03|lzkj_sevenDay_vender/shop_1615126461_0
config04|lzkj_sevenDay_vender/shop_1615126461_0
config04|lzkj_sevenDay_vender/shop_1615210965_1

合并后的立即执行的任务
config|api_vender/shop_1615123116_0
config_/config_04|lzkj_sevenDay_vender/shop_1613569740_34
config_/config_04|lzkj_sevenDay_vender/shop_1614116411_129
config_/config_04|lzkj_sevenDay_vender/shop_1614698669_0
config_/config_04|lzkj_sevenDay_vender/shop_1614699061_0
config_/config_04|lzkj_sevenDay_vender/shop_1614699101_0
config_/config_04|lzkj_sevenDay_vender/shop_1614776867_1
config_/config_01|lzkj_sevenDay_vender/shop_1615126461_0
config_/config_02|lzkj_sevenDay_vender/shop_1615126461_0
config_/config_03|lzkj_sevenDay_vender/shop_1615126461_0
config_/config_04|lzkj_sevenDay_vender/shop_1615126461_0
config_/config_04|lzkj_sevenDay_vender/shop_1615210965_1
config_/config_01|vender/shop_1614116236_75
config_/config_02|vender/shop_1614116236_75
config_/config_03|vender/shop_1614116236_75
config_/config_01|vender/shop_1614611215_136
config_/config_02|vender/shop_1614611215_136
config_/config_03|vender/shop_1614611215_136
config_/config_01|vender/shop_1615211001_9
config_/config_02|vender/shop_1615211001_9
config_/config_03|vender/shop_1615211001_9
config_/config_04|vender/shop_1615211039_13

延迟执行的任务
config2|api_vender/shop_1615123116_0
config_/config_01|lzkj_sevenDay_vender/shop_1613569740_34
config_/config_02|lzkj_sevenDay_vender/shop_1613569740_34
config_/config_03|lzkj_sevenDay_vender/shop_1613569740_34
config_/config_01|lzkj_sevenDay_vender/shop_1614116411_129
config_/config_02|lzkj_sevenDay_vender/shop_1614116411_129
config_/config_03|lzkj_sevenDay_vender/shop_1614116411_129
config_/config_01|lzkj_sevenDay_vender/shop_1614698669_0
config_/config_02|lzkj_sevenDay_vender/shop_1614698669_0
config_/config_03|lzkj_sevenDay_vender/shop_1614698669_0
config_/config_01|lzkj_sevenDay_vender/shop_1614699061_0
config_/config_02|lzkj_sevenDay_vender/shop_1614699061_0
config_/config_03|lzkj_sevenDay_vender/shop_1614699061_0
config_/config_01|lzkj_sevenDay_vender/shop_1614699101_0
config_/config_02|lzkj_sevenDay_vender/shop_1614699101_0
config_/config_03|lzkj_sevenDay_vender/shop_1614699101_0
config_/config_01|lzkj_sevenDay_vender/shop_1614776867_1
config_/config_02|lzkj_sevenDay_vender/shop_1614776867_1
config_/config_03|lzkj_sevenDay_vender/shop_1614776867_1
config_/config_01|lzkj_sevenDay_vender/shop_1615210965_1
config_/config_02|lzkj_sevenDay_vender/shop_1615210965_1
config_/config_03|lzkj_sevenDay_vender/shop_1615210965_1
config_/config_04|vender/shop_1614116236_75
config_/config_04|vender/shop_1614611215_136
config_/config_04|vender/shop_1615211001_9
config_/config_01|vender/shop_1615211039_13
config_/config_02|vender/shop_1615211039_13
config_/config_03|vender/shop_1615211039_13


* * * * * * * * * * * * * * * * * *
记录时刻 20210313_053601_958441300



* * * * * * * * * * * * * * * * * *
记录时刻 20210313_073601_209902200



* * * * * * * * * * * * * * * * * *
记录时刻 20210313_093602_035776900



* * * * * * * * * * * * * * * * * *
记录时刻 20210313_234004_266932500


显示立即执行的任务
王 1309893722-164885|api_vender/shop_1615123116_0
赵 122294312-396444; 王 1309893722-164885; 肥鹅 jd_4d651d9e48204|vender/shop_1614116236_75
赵 122294312-396444; 王 1309893722-164885; 肥鹅 jd_4d651d9e48204|vender/shop_1614611215_136
王 1309893722-164885; 肥鹅 jd_4d651d9e48204; 赵 122294312-396444|vender/shop_1615211001_9
移动 jd_OeTNobRVGiNZ|vender/shop_1615211039_13
移动 jd_OeTNobRVGiNZ|lzkj_sevenDay_vender/shop_1613569740_34
移动 jd_OeTNobRVGiNZ|lzkj_sevenDay_vender/shop_1614116411_129
移动 jd_OeTNobRVGiNZ|lzkj_sevenDay_vender/shop_1614698669_0
移动 jd_OeTNobRVGiNZ|lzkj_sevenDay_vender/shop_1614699061_0
移动 jd_OeTNobRVGiNZ|lzkj_sevenDay_vender/shop_1614699101_0
移动 jd_OeTNobRVGiNZ|lzkj_sevenDay_vender/shop_1614776867_1
赵 122294312-396444; 王 1309893722-164885; 肥鹅 jd_4d651d9e48204; 移动 jd_OeTNobRVGiNZ|lzkj_sevenDay_vender/shop_1615126461_0
移动 jd_OeTNobRVGiNZ|lzkj_sevenDay_vender/shop_1615210965_1

显示执行结束，不能再签到的任务


替换成pt_pin后的任务
config02|api_vender/shop_1615123116_0
config01|vender/shop_1614116236_75
config02|vender/shop_1614116236_75
config03|vender/shop_1614116236_75
config01|vender/shop_1614611215_136
config02|vender/shop_1614611215_136
config03|vender/shop_1614611215_136
config02|vender/shop_1615211001_9
config03|vender/shop_1615211001_9
config01|vender/shop_1615211001_9
config04|vender/shop_1615211039_13
config04|lzkj_sevenDay_vender/shop_1613569740_34
config04|lzkj_sevenDay_vender/shop_1614116411_129
config04|lzkj_sevenDay_vender/shop_1614698669_0
config04|lzkj_sevenDay_vender/shop_1614699061_0
config04|lzkj_sevenDay_vender/shop_1614699101_0
config04|lzkj_sevenDay_vender/shop_1614776867_1
config01|lzkj_sevenDay_vender/shop_1615126461_0
config02|lzkj_sevenDay_vender/shop_1615126461_0
config03|lzkj_sevenDay_vender/shop_1615126461_0
config04|lzkj_sevenDay_vender/shop_1615126461_0
config04|lzkj_sevenDay_vender/shop_1615210965_1

合并后的立即执行的任务
config|api_vender/shop_1615123116_0
config_/config_04|lzkj_sevenDay_vender/shop_1613569740_34
config_/config_04|lzkj_sevenDay_vender/shop_1614116411_129
config_/config_04|lzkj_sevenDay_vender/shop_1614698669_0
config_/config_04|lzkj_sevenDay_vender/shop_1614699061_0
config_/config_04|lzkj_sevenDay_vender/shop_1614699101_0
config_/config_04|lzkj_sevenDay_vender/shop_1614776867_1
config_/config_01|lzkj_sevenDay_vender/shop_1615126461_0
config_/config_02|lzkj_sevenDay_vender/shop_1615126461_0
config_/config_03|lzkj_sevenDay_vender/shop_1615126461_0
config_/config_04|lzkj_sevenDay_vender/shop_1615126461_0
config_/config_04|lzkj_sevenDay_vender/shop_1615210965_1
config_/config_01|vender/shop_1614116236_75
config_/config_02|vender/shop_1614116236_75
config_/config_03|vender/shop_1614116236_75
config_/config_01|vender/shop_1614611215_136
config_/config_02|vender/shop_1614611215_136
config_/config_03|vender/shop_1614611215_136
config_/config_01|vender/shop_1615211001_9
config_/config_02|vender/shop_1615211001_9
config_/config_03|vender/shop_1615211001_9
config_/config_04|vender/shop_1615211039_13

延迟执行的任务
config2|api_vender/shop_1615123116_0
config_/config_01|lzkj_sevenDay_vender/shop_1613569740_34
config_/config_02|lzkj_sevenDay_vender/shop_1613569740_34
config_/config_03|lzkj_sevenDay_vender/shop_1613569740_34
config_/config_01|lzkj_sevenDay_vender/shop_1614116411_129
config_/config_02|lzkj_sevenDay_vender/shop_1614116411_129
config_/config_03|lzkj_sevenDay_vender/shop_1614116411_129
config_/config_01|lzkj_sevenDay_vender/shop_1614698669_0
config_/config_02|lzkj_sevenDay_vender/shop_1614698669_0
config_/config_03|lzkj_sevenDay_vender/shop_1614698669_0
config_/config_01|lzkj_sevenDay_vender/shop_1614699061_0
config_/config_02|lzkj_sevenDay_vender/shop_1614699061_0
config_/config_03|lzkj_sevenDay_vender/shop_1614699061_0
config_/config_01|lzkj_sevenDay_vender/shop_1614699101_0
config_/config_02|lzkj_sevenDay_vender/shop_1614699101_0
config_/config_03|lzkj_sevenDay_vender/shop_1614699101_0
config_/config_01|lzkj_sevenDay_vender/shop_1614776867_1
config_/config_02|lzkj_sevenDay_vender/shop_1614776867_1
config_/config_03|lzkj_sevenDay_vender/shop_1614776867_1
config_/config_01|lzkj_sevenDay_vender/shop_1615210965_1
config_/config_02|lzkj_sevenDay_vender/shop_1615210965_1
config_/config_03|lzkj_sevenDay_vender/shop_1615210965_1
config_/config_04|vender/shop_1614116236_75
config_/config_04|vender/shop_1614611215_136
config_/config_04|vender/shop_1615211001_9
config_/config_01|vender/shop_1615211039_13
config_/config_02|vender/shop_1615211039_13
config_/config_03|vender/shop_1615211039_13
