

* * * * * * * * * * * * * * * * * *
记录时刻 20210220_210450_295759200

api_vender/shop_1613569746_51  https://h5.m.jd.com/babelDiy/Zeus/2PAAf74aG3D61qvfKUM5dxUssJQ9/index.html?token=2D55B608A393EE079A92746DBAD6BFBC
发现明天是 [王 1309893722-164885] 签到 [阳光飞歌旗舰店] 的第 4 天，将要获取到奖品[ 8 京豆]
发现明天是 [移动 jd_OeTNobRVGiNZ] 签到 [阳光飞歌旗舰店] 的第 2 天，将要获取到奖品[ 2 京豆]
明天立即执行. 不改名字 api_vender/shop_1613569746_51

api_vender/shop_1613569773_134  https://h5.m.jd.com/babelDiy/Zeus/2PAAf74aG3D61qvfKUM5dxUssJQ9/index.html?token=73E495F79889862EDBADCF57FE4F6378
发现明天是 [王 1309893722-164885] 签到 [比乐京东自营旗舰店] 的第 5 天，将要获取到奖品[ 10 京豆]
明天立即执行. 不改名字 api_vender/shop_1613569773_134

api_vender/shop_1613569811_180  https://h5.m.jd.com/babelDiy/Zeus/2PAAf74aG3D61qvfKUM5dxUssJQ9/index.html?token=A91A92BF40CF8B22B9F862A34AE58D9B
发现明天是 [赵 122294312-396444 肥鹅 jd_4d651d9e48204] 签到 [猫人京东自营旗舰店] 的第 5 天，将要获取到奖品[ 10 京豆]
明天立即执行. 不改名字 api_vender/shop_1613569811_180

[RUN] 明天签到 迪锐克斯dxracer旗舰店, 不会获取奖品. api_vender/shop_1613703056_30 --> api_vender/shop_1613703056_30_delay

vender/shop_1613052094_7_delay  
发现明天是 [肥鹅 jd_4d651d9e48204 赵 122294312-396444] 签到 [完美日记官方旗舰店] 的第 10 天，将要获取到奖品[ 专享价六角眉笔]

vender/shop_1613052185_19_delay  
发现明天是 [赵 122294312-396444 肥鹅 jd_4d651d9e48204] 签到 [尤妮佳舒蔻京东自营官方旗舰店] 的第 10 天，将要获取到奖品[ 10积分 10积分]

vender/shop_1613703013_11  
发现明天是 [王 1309893722-164885 肥鹅 jd_4d651d9e48204 移动 jd_OeTNobRVGiNZ 赵 122294312-396444] 签到 [科赋京东自营旗舰店] 的第 3 天，将要获取到奖品[ 2京豆 2京豆]
明天立即执行. 不改名字 vender/shop_1613703013_11

vender/yikaide_delay  
发现明天是 [肥鹅 jd_4d651d9e48204 移动 jd_OeTNobRVGiNZ 赵 122294312-396444] 签到 [易开得官方京东自营旗舰店] 的第 21 天，将要获取到奖品[ 赠送磨毛四件套]
[RUN] 奖品需要手工拼抢，并填写地址. 不改名字 vender/yikaide_delay

lzkj_sevenDay_vender/mengniu  https://lzkj-isv.isvjcloud.com/sign/sevenDay/signActivity?activityId=3f064b1a32ec4b2ab6e044aa1cacad06&venderId=182542
发现明天是 [移动 jd_OeTNobRVGiNZ] 签到 [蒙牛官方旗舰店] 的第 7 天，将要获取到奖品[ 15京豆京豆 15京豆]
发现明天是 [赵 122294312-396444 肥鹅 jd_4d651d9e48204] 签到 [蒙牛官方旗舰店] 的第 6 天，将要获取到奖品[ 20元优惠券]
发现明天是 [王 1309893722-164885] 签到 [蒙牛官方旗舰店] 的第 1 天，将要获取到奖品[ 15京豆京豆 15京豆]
明天立即执行. 不改名字 lzkj_sevenDay_vender/mengniu

lzkj_sevenDay_vender/shop_1613046181_1_delay  https://lzkj-isv.isvjcloud.com/sign/sevenDay/signActivity?activityId=3f6c151718844239b7be3ecca403cd70&venderId=1000002710
发现明天是 [移动 jd_OeTNobRVGiNZ 赵 122294312-396444 肥鹅 jd_4d651d9e48204 王 1309893722-164885] 签到 [佳贝艾特京东自营官方旗舰店] 的第 1 天，将要获取到奖品[ 20元优惠券]

lzkj_sevenDay_vender/shop_1613569736_23  https://lzkj-isv.isvjcloud.com/sign/sevenDay/signActivity?activityId=13126645fcb2477fa1090a94cb7f3ca2&venderId=206265&adsource=tg_xuanFuTuBiao
发现明天是 [移动 jd_OeTNobRVGiNZ] 签到 [滴露旗舰店] 的第 5 天，将要获取到奖品[ 20元优惠券]
发现明天是 [肥鹅 jd_4d651d9e48204 王 1309893722-164885 赵 122294312-396444] 签到 [滴露旗舰店] 的第 4 天，将要获取到奖品[ 1京豆京豆 1京豆]
明天立即执行. 不改名字 lzkj_sevenDay_vender/shop_1613569736_23

lzkj_sevenDay_vender/shop_1613569740_34  https://lzkj-isv.isvjcloud.com/sign/sevenDay/signActivity?activityId=1e5cac4ad760485d931141412c9fab0c&venderId=1000001906&adsource=tg_xuanFuTuBiao
发现明天是 [移动 jd_OeTNobRVGiNZ] 签到 [泉林本色京东自营旗舰店] 的第 5 天，将要获取到奖品[ 2京豆京豆 2京豆]
发现明天是 [赵 122294312-396444 王 1309893722-164885 肥鹅 jd_4d651d9e48204] 签到 [泉林本色京东自营旗舰店] 的第 4 天，将要获取到奖品[ 1京豆京豆 1京豆]
明天立即执行. 不改名字 lzkj_sevenDay_vender/shop_1613569740_34

lzkj_sevenDay_vender/shop_1613569750_65_delay  https://lzkj-isv.isvjcloud.com/sign/sevenDay/signActivity?activityId=35d14c0f97194095934fbde1271ff651&venderId=10353060&adsource=tg_xuanFuTuBiao

lzkj_sevenDay_vender/shop_1613569768_117  https://lzkj-isv.isvjcloud.com/sign/sevenDay/signActivity?activityId=5ff5ff7000d444a0893a41c1f678e4bf&venderId=10409042&adsource=tg_xuanFuTuBiao
发现明天是 [移动 jd_OeTNobRVGiNZ] 签到 [英氏YeeHoO奥特莱斯店] 的第 5 天，将要获取到奖品[ 9京豆京豆 9京豆]
发现明天是 [赵 122294312-396444 王 1309893722-164885 肥鹅 jd_4d651d9e48204] 签到 [英氏YeeHoO奥特莱斯店] 的第 4 天，将要获取到奖品[ 8京豆京豆 8京豆]
明天立即执行. 不改名字 lzkj_sevenDay_vender/shop_1613569768_117

lzkj_sevenDay_vender/shop_1613569823_197  https://lzkj-isv.isvjcloud.com/sign/sevenDay/signActivity?activityId=b422cf6ec97e4d54a7001684c53ccad1&venderId=10524448&adsource=tg_xuanFuTuBiao
发现明天是 [移动 jd_OeTNobRVGiNZ] 签到 [LIFAair京东自营官方旗舰店] 的第 5 天，将要获取到奖品[ 30店铺积分积分 30店铺积分]
发现明天是 [肥鹅 jd_4d651d9e48204 赵 122294312-396444 王 1309893722-164885] 签到 [LIFAair京东自营官方旗舰店] 的第 4 天，将要获取到奖品[ 2京豆京豆 2京豆]
明天立即执行. 不改名字 lzkj_sevenDay_vender/shop_1613569823_197

lzkj_sevenDay_vender/shop_1613703008_9  https://lzkj-isv.isvjcloud.com/sign/sevenDay/signActivity?activityId=14f003bcc03e444299ad216d4166702d&venderId=1000004641&adsource=tg_xuanFuTuBiao
发现明天是 [赵 122294312-396444 王 1309893722-164885 肥鹅 jd_4d651d9e48204 移动 jd_OeTNobRVGiNZ] 签到 [海豚传媒自营官方旗舰店] 的第 3 天，将要获取到奖品[ 1京豆京豆 1京豆]
明天立即执行. 不改名字 lzkj_sevenDay_vender/shop_1613703008_9

lzkj_sevenDay_vender/shop_1613703030_19_delay  https://lzkj-isv.isvjcloud.com/sign/sevenDay/signActivity?activityId=264fae79e2c542a680f6cd6fce002c1e&venderId=646666&adsource=tg_xuanFuTuBiao
发现明天是 [赵 122294312-396444 肥鹅 jd_4d651d9e48204 移动 jd_OeTNobRVGiNZ 王 1309893722-164885] 签到 [全友家居生活美学旗舰店] 的第 3 天，将要获取到奖品[ 10店铺积分积分 10店铺积分]

lzkj_sevenDay_vender/shop_1613703186_83_delay  https://lzkj-isv.isvjcloud.com/sign/sevenDay/signActivity?activityId=cd7a717f17914fda93377be959493730&venderId=1000103167&adsource=tg_xuanFuTuBiao
发现明天是 [赵 122294312-396444 王 1309893722-164885 肥鹅 jd_4d651d9e48204 移动 jd_OeTNobRVGiNZ] 签到 [Kendall康度京东自营专区] 的第 3 天，将要获取到奖品[ 50店铺积分积分 50店铺积分]

lzkj_sevenDay_vender/shop_1613703218_97_delay  https://lzkj-isv.isvjcloud.com/sign/sevenDay/signActivity?activityId=e78aa0728f904f849441aa277f269af3&venderId=149630&adsource=tg_xuanFuTuBiao
发现明天是 [王 1309893722-164885 肥鹅 jd_4d651d9e48204 移动 jd_OeTNobRVGiNZ 赵 122294312-396444] 签到 [象印旗舰店] 的第 3 天，将要获取到奖品[ 50元优惠券]


签到 [埃可米官方旗舰店] 店铺有问题 api_vender/aikemi_delay 活动链接
移动 jd_OeTNobRVGiNZ 签到失败: 

签到 [COMOTEK鞋靴旗舰店] 店铺有问题 api_vender/COMOTEK_delay 活动链接
移动 jd_OeTNobRVGiNZ 签到失败: 

签到 [迪士尼贝贝怡专卖店] 店铺有问题 api_vender/dishini_delay 活动链接
移动 jd_OeTNobRVGiNZ 签到失败: 

签到 [everbuild京东自营旗舰店] 店铺有问题 api_vender/everybuild_delay 活动链接
移动 jd_OeTNobRVGiNZ 签到失败: 

签到 [哈药京东自营旗舰店] 店铺有问题 api_vender/hayao_delay 活动链接
https://h5.m.jd.com/babelDiy/Zeus/2PAAf74aG3D61qvfKUM5dxUssJQ9/index.html?token=9EAE21AA94BC979D0C7D56F428526393
移动 jd_OeTNobRVGiNZ 签到失败: 

签到 [LG家电旗舰店] 店铺有问题 api_vender/LG_delay 活动链接
移动 jd_OeTNobRVGiNZ 签到失败: 

签到 [绿尔康保健品专营店] 店铺有问题 api_vender/shop_1613567501_15_delay 活动链接
https://h5.m.jd.com/babelDiy/Zeus/2PAAf74aG3D61qvfKUM5dxUssJQ9/index.html?token=F41E097FF02F43D736D62CDF88B27935
移动 jd_OeTNobRVGiNZ 签到失败: 

签到 [AHASTYLE旗舰店] 店铺有问题 api_vender/shop_1613567513_20_delay 活动链接
https://h5.m.jd.com/babelDiy/Zeus/2PAAf74aG3D61qvfKUM5dxUssJQ9/index.html?token=FD47D3D062F2A8401FAD6808B1BF1484
移动 jd_OeTNobRVGiNZ 签到失败: 

签到 [CHUMS运动户外旗舰店] 店铺有问题 api_vender/shop_1613569733_13_delay 活动链接
https://h5.m.jd.com/babelDiy/Zeus/2PAAf74aG3D61qvfKUM5dxUssJQ9/index.html?token=0B61C7659EFF3FAFA47FAFD6F550B94A
移动 jd_OeTNobRVGiNZ 签到失败: ok

签到 [绿志食品专营店] 店铺有问题 api_vender/shop_1613569767_116_delay 活动链接
https://h5.m.jd.com/babelDiy/Zeus/2PAAf74aG3D61qvfKUM5dxUssJQ9/index.html?token=5FA66556A145870F8143AA46053F6ADE
移动 jd_OeTNobRVGiNZ 签到失败: 

签到 [比乐京东自营旗舰店] 店铺有问题 api_vender/shop_1613569773_134 活动链接
https://h5.m.jd.com/babelDiy/Zeus/2PAAf74aG3D61qvfKUM5dxUssJQ9/index.html?token=73E495F79889862EDBADCF57FE4F6378
移动 jd_OeTNobRVGiNZ 签到失败: 

签到 [] 店铺有问题 api_vender/shop_1613569799_167_delay 活动链接
https://h5.m.jd.com/babelDiy/Zeus/2PAAf74aG3D61qvfKUM5dxUssJQ9/index.html?token=9427FEC37B8799EEC044AB62828FAA36
移动 jd_OeTNobRVGiNZ 签到失败: 

签到 [巴黎贝甜旗舰店] 店铺有问题 api_vender/shop_1613703193_86_delay 活动链接
https://h5.m.jd.com/babelDiy/Zeus/2PAAf74aG3D61qvfKUM5dxUssJQ9/index.html?token=D8A6E287489F93ED4B17A81C6EDCD650
移动 jd_OeTNobRVGiNZ 签到失败: 

签到 [老板集成烹饪系统京东自营店] 店铺有问题 api_vender/shop_1613711018_1_delay 活动链接
https://h5.m.jd.com/babelDiy/Zeus/2PAAf74aG3D61qvfKUM5dxUssJQ9/index.html?token=154FB5E00A34A44BD14A3EF2BD16FF71
移动 jd_OeTNobRVGiNZ 签到失败: 

签到 [ZJUZ珠宝旗舰店] 店铺有问题 api_vender/ZJUZ_delay 活动链接
https://h5.m.jd.com/babelDiy/Zeus/2PAAf74aG3D61qvfKUM5dxUssJQ9/index.html?token=938178698B30D33A73C3A059ECC5A838
移动 jd_OeTNobRVGiNZ 签到失败: 

签到 [初么（chume）京东自营旗舰店] 店铺有问题 vender/chume_jifen 活动链接
王 1309893722-164885 签到失败: 只有该店铺的会员才能参加活动
移动 jd_OeTNobRVGiNZ 签到失败: 只有该店铺的会员才能参加活动


检查是否有删除的活动
 /home/myid/jd/jd_signup/api_vender/shop_1613567480_7_delay --> /home/myid/jd/jd_signup/api_vender/shop_1613567480_7_del
 /home/myid/jd/jd_signup/api_vender/shop_1613567488_10_delay --> /home/myid/jd/jd_signup/api_vender/shop_1613567488_10_del
 /home/myid/jd/jd_signup/api_vender/shop_1613569790_157_delay --> /home/myid/jd/jd_signup/api_vender/shop_1613569790_157_del
 /home/myid/jd/jd_signup/vender/shop_1613569741_37_delay --> /home/myid/jd/jd_signup/vender/shop_1613569741_37_del
 /home/myid/jd/jd_signup/vender/shop_1613703154_71_delay --> /home/myid/jd/jd_signup/vender/shop_1613703154_71_del


检查今天签到获得的奖励
签到 [COMOTEK鞋靴旗舰店] 店铺获得奖励 api_vender/COMOTEK_delay 活动链接
#肥鹅 jd_4d651d9e48204 获得奖励: "奖励 50, type=4; 奖励 2, type=4; "
#赵 122294312-396444 获得奖励: "奖励 2, type=4; "

签到 [LG家电旗舰店] 店铺获得奖励 api_vender/LG_delay 活动链接
#赵 122294312-396444 获得奖励: "奖励 50, type=1; "
#王 1309893722-164885 获得奖励: "奖励 50, type=1; "

签到 [everbuild京东自营旗舰店] 店铺获得奖励 api_vender/everybuild_delay 活动链接
#肥鹅 jd_4d651d9e48204 获得奖励: "奖励 10, type=4; 奖励 500, type=6; "

签到 [克雷格运动户外旗舰店] 店铺获得奖励 api_vender/keleige_del 活动链接
#肥鹅 jd_4d651d9e48204 获得奖励: "奖励 5, type=4; "

签到 [AHASTYLE旗舰店] 店铺获得奖励 api_vender/shop_1613567513_20_delay 活动链接
https://h5.m.jd.com/babelDiy/Zeus/2PAAf74aG3D61qvfKUM5dxUssJQ9/index.html?token=FD47D3D062F2A8401FAD6808B1BF1484
#赵 122294312-396444 获得奖励: "奖励 3, type=4; 奖励 1, type=4; "
#肥鹅 jd_4d651d9e48204 获得奖励: "奖励 3, type=4; 奖励 1, type=4; "
#王 1309893722-164885 获得奖励: "奖励 3, type=4; 奖励 1, type=4; "

签到 [CHUMS运动户外旗舰店] 店铺获得奖励 api_vender/shop_1613569733_13_delay 活动链接
https://h5.m.jd.com/babelDiy/Zeus/2PAAf74aG3D61qvfKUM5dxUssJQ9/index.html?token=0B61C7659EFF3FAFA47FAFD6F550B94A
#赵 122294312-396444 获得奖励: "奖励 1, type=4; "

签到 [阳光飞歌旗舰店] 店铺获得奖励 api_vender/shop_1613569746_51 活动链接
https://h5.m.jd.com/babelDiy/Zeus/2PAAf74aG3D61qvfKUM5dxUssJQ9/index.html?token=2D55B608A393EE079A92746DBAD6BFBC
#肥鹅 jd_4d651d9e48204 获得奖励: "奖励 8, type=4; "
#赵 122294312-396444 获得奖励: "奖励 8, type=4; "
#移动 jd_OeTNobRVGiNZ 获得奖励: "奖励 1, type=4; "

签到 [绿志食品专营店] 店铺获得奖励 api_vender/shop_1613569767_116_delay 活动链接
https://h5.m.jd.com/babelDiy/Zeus/2PAAf74aG3D61qvfKUM5dxUssJQ9/index.html?token=5FA66556A145870F8143AA46053F6ADE
#赵 122294312-396444 获得奖励: "奖励 1, type=4;"
#王 1309893722-164885 获得奖励: "奖励 1, type=4;"
#肥鹅 jd_4d651d9e48204 获得奖励: "奖励 1, type=4; "

签到 [猫人京东自营旗舰店] 店铺获得奖励 api_vender/shop_1613569811_180 活动链接
https://h5.m.jd.com/babelDiy/Zeus/2PAAf74aG3D61qvfKUM5dxUssJQ9/index.html?token=A91A92BF40CF8B22B9F862A34AE58D9B
#移动 jd_OeTNobRVGiNZ 获得奖励: "奖励 1, type=4; "

签到 [佳贝艾特京东自营官方旗舰店] 店铺获得奖励 lzkj_sevenDay_vender/shop_1613046181_1_delay 活动链接
https://lzkj-isv.isvjcloud.com/sign/sevenDay/signActivity?activityId=3f6c151718844239b7be3ecca403cd70&venderId=1000002710
#王 1309893722-164885 获得奖励: "50元优惠券"

签到 [初么（chume）京东自营旗舰店] 店铺获得奖励 vender/chume_jifen 活动链接
#肥鹅 jd_4d651d9e48204 获得奖励: ""10积分""

签到 [戴森京东自营官方旗舰店] 店铺获得奖励 vender/daisen_del 活动链接
#王 1309893722-164885 获得奖励: ""5京豆""
#移动 jd_OeTNobRVGiNZ 获得奖励: ""5京豆""
#肥鹅 jd_4d651d9e48204 获得奖励: ""5京豆""
#赵 122294312-396444 获得奖励: ""5京豆""

签到 [费雪京东自营旗舰店] 店铺获得奖励 vender/feixue_jifen 活动链接
#赵 122294312-396444 获得奖励: ""5积分""
#王 1309893722-164885 获得奖励: ""5积分""
#肥鹅 jd_4d651d9e48204 获得奖励: ""5积分""
#移动 jd_OeTNobRVGiNZ 获得奖励: ""5积分""

签到 [格力京东自营旗舰店] 店铺获得奖励 vender/geli_del 活动链接
#赵 122294312-396444 获得奖励: ""188积分""
#肥鹅 jd_4d651d9e48204 获得奖励: ""188积分""
#王 1309893722-164885 获得奖励: ""2京豆""

签到 [君乐宝奶粉旗舰店] 店铺获得奖励 vender/junlebao_delay 活动链接
#赵 122294312-396444 获得奖励: ""10京豆""
#王 1309893722-164885 获得奖励: ""10京豆""
#肥鹅 jd_4d651d9e48204 获得奖励: ""10京豆""
#移动 jd_OeTNobRVGiNZ 获得奖励: ""10京豆""

签到 [实丰文化京东自营旗舰店] 店铺获得奖励 vender/shifengwenhua_jifen 活动链接
#赵 122294312-396444 获得奖励: ""10积分""
#王 1309893722-164885 获得奖励: ""10积分""
#肥鹅 jd_4d651d9e48204 获得奖励: ""10积分""
#移动 jd_OeTNobRVGiNZ 获得奖励: ""10积分""

签到 [博世电动工具京东自营旗舰店] 店铺获得奖励 vender/shop_1613046172_0_delay 活动链接
#王 1309893722-164885 获得奖励: ""2京豆""
#肥鹅 jd_4d651d9e48204 获得奖励: ""2京豆""
#移动 jd_OeTNobRVGiNZ 获得奖励: ""2京豆""
#赵 122294312-396444 获得奖励: ""2京豆""

签到 [康比特京东自营旗舰店] 店铺获得奖励 vender/shop_1613046189_2_del 活动链接
#赵 122294312-396444 获得奖励: ""20积分""
#王 1309893722-164885 获得奖励: ""20元优惠券""

签到 [美赞臣京东自营官方旗舰店] 店铺获得奖励 vender/shop_1613046198_4_delay 活动链接
#赵 122294312-396444 获得奖励: ""5积分""
#王 1309893722-164885 获得奖励: ""30积分""
#肥鹅 jd_4d651d9e48204 获得奖励: ""5积分""
#移动 jd_OeTNobRVGiNZ 获得奖励: ""5积分""

签到 [每日鲜语京东自营旗舰店] 店铺获得奖励 vender/shop_1613048969_0_delay 活动链接
#移动 jd_OeTNobRVGiNZ 获得奖励: ""1积分""

签到 [完美日记官方旗舰店] 店铺获得奖励 vender/shop_1613052094_7_delay 活动链接
#肥鹅 jd_4d651d9e48204 获得奖励: ""10积分""
#移动 jd_OeTNobRVGiNZ 获得奖励: ""专享价六角眉笔""
#赵 122294312-396444 获得奖励: ""10积分""
#王 1309893722-164885 获得奖励: ""专享价眼唇卸""

签到 [ZEESEA旗舰店] 店铺获得奖励 vender/shop_1613052102_8_delay 活动链接
#王 1309893722-164885 获得奖励: ""10积分""
#移动 jd_OeTNobRVGiNZ 获得奖励: ""10积分""

签到 [尤妮佳舒蔻京东自营官方旗舰店] 店铺获得奖励 vender/shop_1613052185_19_delay 活动链接
#移动 jd_OeTNobRVGiNZ 获得奖励: ""10积分""
#赵 122294312-396444 获得奖励: ""1积分""
#王 1309893722-164885 获得奖励: ""1积分""
#肥鹅 jd_4d651d9e48204 获得奖励: ""1积分""

签到 [果倍爽京东自营旗舰店] 店铺获得奖励 vender/shop_1613569734_15_delay 活动链接
#赵 122294312-396444 获得奖励: ""5积分""
#王 1309893722-164885 获得奖励: ""5积分""
#肥鹅 jd_4d651d9e48204 获得奖励: ""5积分""
#移动 jd_OeTNobRVGiNZ 获得奖励: ""5积分""

签到 [Domol京东自营专卖店] 店铺获得奖励 vender/shop_1613569737_25_delay 活动链接
#赵 122294312-396444 获得奖励: ""5积分""
#王 1309893722-164885 获得奖励: ""5积分""
#肥鹅 jd_4d651d9e48204 获得奖励: ""5积分""
#移动 jd_OeTNobRVGiNZ 获得奖励: ""5积分""

签到 [PUMA官方旗舰店] 店铺获得奖励 vender/shop_1613569741_37_del 活动链接
#移动 jd_OeTNobRVGiNZ 获得奖励: ""40元优惠券""

签到 [iQunix京东自营旗舰店] 店铺获得奖励 vender/shop_1613569752_70_delay 活动链接
#王 1309893722-164885 获得奖励: ""10积分""
#肥鹅 jd_4d651d9e48204 获得奖励: ""10积分""
#移动 jd_OeTNobRVGiNZ 获得奖励: ""10积分""
#赵 122294312-396444 获得奖励: ""10积分""

签到 [WOWO官方旗舰店] 店铺获得奖励 vender/shop_1613569763_104_delay 活动链接
#赵 122294312-396444 获得奖励: ""50积分""
#王 1309893722-164885 获得奖励: ""50积分""
#肥鹅 jd_4d651d9e48204 获得奖励: ""50积分""
#移动 jd_OeTNobRVGiNZ 获得奖励: ""10积分""

签到 [金利来男装旗舰店] 店铺获得奖励 vender/shop_1613569820_195_delay 活动链接
#赵 122294312-396444 获得奖励: ""50积分""
#王 1309893722-164885 获得奖励: ""50积分""
#肥鹅 jd_4d651d9e48204 获得奖励: ""50积分""
#移动 jd_OeTNobRVGiNZ 获得奖励: ""10积分""

签到 [膳魔师（THERMOS）京东自营旗舰店] 店铺获得奖励 vender/shop_1613569843_224_delay 活动链接
#赵 122294312-396444 获得奖励: ""10积分""
#王 1309893722-164885 获得奖励: ""10积分""
#肥鹅 jd_4d651d9e48204 获得奖励: ""10积分""
#移动 jd_OeTNobRVGiNZ 获得奖励: ""10积分""

签到 [华硕京东自营官方旗舰店] 店铺获得奖励 vender/shop_1613703137_64_delay 活动链接
#赵 122294312-396444 获得奖励: ""1京豆""
#王 1309893722-164885 获得奖励: ""1京豆""
#肥鹅 jd_4d651d9e48204 获得奖励: ""1京豆""
#移动 jd_OeTNobRVGiNZ 获得奖励: ""1京豆""

签到 [外星人官方旗舰店] 店铺获得奖励 vender/shop_1613703154_71_del 活动链接
#肥鹅 jd_4d651d9e48204 获得奖励: ""2京豆""

签到 [6IXTY8IGHT旗舰店] 店铺获得奖励 vender/shop_1613711069_21_delay 活动链接
https://lzkj-isv.isvjcloud.com/sign/signActivity2?activityId=e437aef3d0664f77a3270a83e3e4c7cd&venderId=10278941&adsource=tg_xuanFuTuBiao
#移动 jd_OeTNobRVGiNZ 获得奖励: "10元优惠券"


h5签到总数 18
