

记录时刻 20210217_090341_618280800


发现明天是 [肥鹅 jd_4d651d9e48204] 签到 [LG家电旗舰店] 的第 5 天，将要获取到奖品  100 京豆
明天立即执行. 不改名字 api_vender/LG



发现明天是 [赵 122294312-396444 肥鹅 jd_4d651d9e48204] 签到 [博世电动工具京东自营旗舰店] 的第 7 天，将要获取到奖品  66京豆 66京豆
明天立即执行. 不改名字 vender/shop_1613046172_0

发现明天是 [移动 jd_OeTNobRVGiNZ] 签到 [康比特京东自营旗舰店] 的第 8 天，将要获取到奖品  10京豆 10京豆
发现明天是 [肥鹅 jd_4d651d9e48204 赵 122294312-396444] 签到 [康比特京东自营旗舰店] 的第 7 天，将要获取到奖品  20积分 20积分
发现明天是 [王 1309893722-164885] 签到 [康比特京东自营旗舰店] 的第 5 天，将要获取到奖品  20元优惠券
明天立即执行. 不改名字 vender/shop_1613046189_2

发现明天是 [肥鹅 jd_4d651d9e48204 赵 122294312-396444] 签到 [美赞臣京东自营官方旗舰店] 的第 7 天，将要获取到奖品  30积分 30积分

发现明天是 [赵 122294312-396444] 签到 [每日鲜语京东自营旗舰店] 的第 7 天，将要获取到奖品  2京豆 2京豆
明天立即执行. 不改名字 vender/shop_1613048969_0

发现明天是 [赵 122294312-396444 肥鹅 jd_4d651d9e48204] 签到 [完美日记官方旗舰店] 的第 7 天，将要获取到奖品  专享价眼唇卸
发现明天是 [王 1309893722-164885] 签到 [完美日记官方旗舰店] 的第 5 天，将要获取到奖品  50积分 50积分

发现明天是 [王 1309893722-164885] 签到 [伊利牛奶官方旗舰店] 的第 5 天，将要获取到奖品  15元优惠券
发现明天是 [肥鹅 jd_4d651d9e48204 移动 jd_OeTNobRVGiNZ 赵 122294312-396444] 签到 [伊利牛奶官方旗舰店] 的第 15 天，将要获取到奖品  优酸乳原味半价购

发现明天是 [王 1309893722-164885] 签到 [蒙牛官方旗舰店] 的第 5 天，将要获取到奖品  50元优惠券
发现明天是 [移动 jd_OeTNobRVGiNZ] 签到 [蒙牛官方旗舰店] 的第 4 天，将要获取到奖品  8京豆京豆 8京豆
发现明天是 [赵 122294312-396444 肥鹅 jd_4d651d9e48204] 签到 [蒙牛官方旗舰店] 的第 3 天，将要获取到奖品  40元优惠券
明天立即执行. 不改名字 lzkj_sevenDay_vender/mengniu

发现明天是 [肥鹅 jd_4d651d9e48204] 签到 [佳贝艾特京东自营官方旗舰店] 的第 7 天，将要获取到奖品  5元京东E卡
发现明天是 [移动 jd_OeTNobRVGiNZ 赵 122294312-396444 王 1309893722-164885] 签到 [佳贝艾特京东自营官方旗舰店] 的第 1 天，将要获取到奖品  20元优惠券

发现明天是 [赵 122294312-396444 肥鹅 jd_4d651d9e48204] 签到 [美肤宝京东自营官方旗舰店] 的第 7 天，将要获取到奖品  5京豆京豆 5京豆
发现明天是 [王 1309893722-164885] 签到 [美肤宝京东自营官方旗舰店] 的第 5 天，将要获取到奖品  50店铺积分积分 50店铺积分
发现明天是 [移动 jd_OeTNobRVGiNZ] 签到 [美肤宝京东自营官方旗舰店] 的第 1 天，将要获取到奖品  10店铺积分积分 10店铺积分
明天立即执行. 不改名字 lzkj_sevenDay_vender/shop_1613052161_15


签到 [初么（chume）京东自营旗舰店] 店铺失败. 活动链接
https://lzkj-isv.isvjcloud.com/sign/sevenDay/signActivity?activityId=8723eda7d300499d9003f164a247cdd7&venderId=1000002726&adsource=tg_xuanFuTuBiao
#王 1309893722-164885 签到失败: "只有该店铺的会员才能参加活动"
#移动 jd_OeTNobRVGiNZ 签到失败: "只有该店铺的会员才能参加活动"
from vender/chume_jifen



* * * * * * * * * * * * * * * * * *
记录时刻 20210217_093649_017547000

发现明天是 [肥鹅 jd_4d651d9e48204] 签到 [COMOTEK鞋靴旗舰店] 的第 5 天，将要获取到奖品[ 50 店铺积分]

发现明天是 [肥鹅 jd_4d651d9e48204] 签到 [迪士尼贝贝怡专卖店] 的第 5 天，将要获取到奖品[ 100 京豆]
明天立即执行. 不改名字 api_vender/dishini

发现明天是 [肥鹅 jd_4d651d9e48204] 签到 [LG家电旗舰店] 的第 5 天，将要获取到奖品[ 100 京豆]
明天立即执行. 不改名字 api_vender/LG

发现明天是 [赵 122294312-396444 王 1309893722-164885] 签到 [菲诗蔻（FicceCode）个护京东自营旗舰店] 的第 7 天，将要获取到奖品[ 4 京豆]
发现明天是 [肥鹅 jd_4d651d9e48204] 签到 [菲诗蔻（FicceCode）个护京东自营旗舰店] 的第 5 天，将要获取到奖品[ 3 京豆]
明天立即执行. 不改名字 api_vender/shop_1613050528_1

发现明天是 [肥鹅 jd_4d651d9e48204] 签到 [ZJUZ珠宝旗舰店] 的第 5 天，将要获取到奖品[ 40 京豆]
明天立即执行. 不改名字 api_vender/ZJUZ

发现明天是 [王 1309893722-164885 移动 jd_OeTNobRVGiNZ] 签到 [贝亲辅食尿裤京东自营旗舰店] 的第 5 天，将要获取到奖品[ 3京豆 3京豆]
明天立即执行. 不改名字 vender/beiqinfushi

发现明天是 [赵 122294312-396444 肥鹅 jd_4d651d9e48204] 签到 [博世电动工具京东自营旗舰店] 的第 7 天，将要获取到奖品[ 66京豆 66京豆]
明天立即执行. 不改名字 vender/shop_1613046172_0

发现明天是 [移动 jd_OeTNobRVGiNZ] 签到 [康比特京东自营旗舰店] 的第 8 天，将要获取到奖品[ 10京豆 10京豆]
发现明天是 [肥鹅 jd_4d651d9e48204 赵 122294312-396444] 签到 [康比特京东自营旗舰店] 的第 7 天，将要获取到奖品[ 20积分 20积分]
发现明天是 [王 1309893722-164885] 签到 [康比特京东自营旗舰店] 的第 5 天，将要获取到奖品[ 20元优惠券]
明天立即执行. 不改名字 vender/shop_1613046189_2

发现明天是 [肥鹅 jd_4d651d9e48204 赵 122294312-396444] 签到 [美赞臣京东自营官方旗舰店] 的第 7 天，将要获取到奖品[ 30积分 30积分]

发现明天是 [赵 122294312-396444] 签到 [每日鲜语京东自营旗舰店] 的第 7 天，将要获取到奖品[ 2京豆 2京豆]
明天立即执行. 不改名字 vender/shop_1613048969_0

发现明天是 [赵 122294312-396444 肥鹅 jd_4d651d9e48204] 签到 [完美日记官方旗舰店] 的第 7 天，将要获取到奖品[ 专享价眼唇卸]
发现明天是 [王 1309893722-164885] 签到 [完美日记官方旗舰店] 的第 5 天，将要获取到奖品[ 50积分 50积分]

发现明天是 [王 1309893722-164885] 签到 [伊利牛奶官方旗舰店] 的第 5 天，将要获取到奖品[ 15元优惠券]
发现明天是 [肥鹅 jd_4d651d9e48204 移动 jd_OeTNobRVGiNZ 赵 122294312-396444] 签到 [伊利牛奶官方旗舰店] 的第 15 天，将要获取到奖品[ 优酸乳原味半价购]

发现明天是 [王 1309893722-164885] 签到 [蒙牛官方旗舰店] 的第 5 天，将要获取到奖品[ 50元优惠券]
发现明天是 [移动 jd_OeTNobRVGiNZ] 签到 [蒙牛官方旗舰店] 的第 4 天，将要获取到奖品[ 8京豆京豆 8京豆]
发现明天是 [赵 122294312-396444 肥鹅 jd_4d651d9e48204] 签到 [蒙牛官方旗舰店] 的第 3 天，将要获取到奖品[ 40元优惠券]
明天立即执行. 不改名字 lzkj_sevenDay_vender/mengniu

发现明天是 [肥鹅 jd_4d651d9e48204] 签到 [佳贝艾特京东自营官方旗舰店] 的第 7 天，将要获取到奖品[ 5元京东E卡]
发现明天是 [移动 jd_OeTNobRVGiNZ 赵 122294312-396444 王 1309893722-164885] 签到 [佳贝艾特京东自营官方旗舰店] 的第 1 天，将要获取到奖品[ 20元优惠券]

发现明天是 [赵 122294312-396444 肥鹅 jd_4d651d9e48204] 签到 [美肤宝京东自营官方旗舰店] 的第 7 天，将要获取到奖品[ 5京豆京豆 5京豆]
发现明天是 [王 1309893722-164885] 签到 [美肤宝京东自营官方旗舰店] 的第 5 天，将要获取到奖品[ 50店铺积分积分 50店铺积分]
发现明天是 [移动 jd_OeTNobRVGiNZ] 签到 [美肤宝京东自营官方旗舰店] 的第 1 天，将要获取到奖品[ 10店铺积分积分 10店铺积分]
明天立即执行. 不改名字 lzkj_sevenDay_vender/shop_1613052161_15


签到 [初么（chume）京东自营旗舰店] 店铺失败. 活动链接
https://lzkj-isv.isvjcloud.com/sign/sevenDay/signActivity?activityId=8723eda7d300499d9003f164a247cdd7&venderId=1000002726&adsource=tg_xuanFuTuBiao
#王 1309893722-164885 签到失败: "只有该店铺的会员才能参加活动"
#移动 jd_OeTNobRVGiNZ 签到失败: "只有该店铺的会员才能参加活动"
from vender/chume_jifen



* * * * * * * * * * * * * * * * * *
记录时刻 20210217_094301_592198200

发现明天是 [肥鹅 jd_4d651d9e48204] 签到 [COMOTEK鞋靴旗舰店] 的第 5 天，将要获取到奖品[ 50 店铺积分]

发现明天是 [肥鹅 jd_4d651d9e48204] 签到 [迪士尼贝贝怡专卖店] 的第 5 天，将要获取到奖品[ 100 京豆]
明天立即执行. 不改名字 api_vender/dishini

发现明天是 [肥鹅 jd_4d651d9e48204] 签到 [LG家电旗舰店] 的第 5 天，将要获取到奖品[ 100 京豆]
明天立即执行. 不改名字 api_vender/LG

发现明天是 [赵 122294312-396444 王 1309893722-164885] 签到 [菲诗蔻（FicceCode）个护京东自营旗舰店] 的第 7 天，将要获取到奖品[ 4 京豆]
发现明天是 [肥鹅 jd_4d651d9e48204] 签到 [菲诗蔻（FicceCode）个护京东自营旗舰店] 的第 5 天，将要获取到奖品[ 3 京豆]
明天立即执行. 不改名字 api_vender/shop_1613050528_1

发现明天是 [肥鹅 jd_4d651d9e48204] 签到 [ZJUZ珠宝旗舰店] 的第 5 天，将要获取到奖品[ 40 京豆]
明天立即执行. 不改名字 api_vender/ZJUZ

发现明天是 [王 1309893722-164885 移动 jd_OeTNobRVGiNZ] 签到 [贝亲辅食尿裤京东自营旗舰店] 的第 5 天，将要获取到奖品[ 3京豆 3京豆]
明天立即执行. 不改名字 vender/beiqinfushi

发现明天是 [赵 122294312-396444 肥鹅 jd_4d651d9e48204] 签到 [博世电动工具京东自营旗舰店] 的第 7 天，将要获取到奖品[ 66京豆 66京豆]
明天立即执行. 不改名字 vender/shop_1613046172_0

发现明天是 [移动 jd_OeTNobRVGiNZ] 签到 [康比特京东自营旗舰店] 的第 8 天，将要获取到奖品[ 10京豆 10京豆]
发现明天是 [肥鹅 jd_4d651d9e48204 赵 122294312-396444] 签到 [康比特京东自营旗舰店] 的第 7 天，将要获取到奖品[ 20积分 20积分]
发现明天是 [王 1309893722-164885] 签到 [康比特京东自营旗舰店] 的第 5 天，将要获取到奖品[ 20元优惠券]
明天立即执行. 不改名字 vender/shop_1613046189_2

发现明天是 [肥鹅 jd_4d651d9e48204 赵 122294312-396444] 签到 [美赞臣京东自营官方旗舰店] 的第 7 天，将要获取到奖品[ 30积分 30积分]

发现明天是 [赵 122294312-396444] 签到 [每日鲜语京东自营旗舰店] 的第 7 天，将要获取到奖品[ 2京豆 2京豆]
明天立即执行. 不改名字 vender/shop_1613048969_0

发现明天是 [赵 122294312-396444 肥鹅 jd_4d651d9e48204] 签到 [完美日记官方旗舰店] 的第 7 天，将要获取到奖品[ 专享价眼唇卸]
发现明天是 [王 1309893722-164885] 签到 [完美日记官方旗舰店] 的第 5 天，将要获取到奖品[ 50积分 50积分]

发现明天是 [王 1309893722-164885] 签到 [伊利牛奶官方旗舰店] 的第 5 天，将要获取到奖品[ 15元优惠券]
发现明天是 [肥鹅 jd_4d651d9e48204 移动 jd_OeTNobRVGiNZ 赵 122294312-396444] 签到 [伊利牛奶官方旗舰店] 的第 15 天，将要获取到奖品[ 优酸乳原味半价购]

发现明天是 [王 1309893722-164885] 签到 [蒙牛官方旗舰店] 的第 5 天，将要获取到奖品[ 50元优惠券]
发现明天是 [移动 jd_OeTNobRVGiNZ] 签到 [蒙牛官方旗舰店] 的第 4 天，将要获取到奖品[ 8京豆京豆 8京豆]
发现明天是 [赵 122294312-396444 肥鹅 jd_4d651d9e48204] 签到 [蒙牛官方旗舰店] 的第 3 天，将要获取到奖品[ 40元优惠券]
明天立即执行. 不改名字 lzkj_sevenDay_vender/mengniu

发现明天是 [肥鹅 jd_4d651d9e48204] 签到 [佳贝艾特京东自营官方旗舰店] 的第 7 天，将要获取到奖品[ 5元京东E卡]
发现明天是 [移动 jd_OeTNobRVGiNZ 赵 122294312-396444 王 1309893722-164885] 签到 [佳贝艾特京东自营官方旗舰店] 的第 1 天，将要获取到奖品[ 20元优惠券]
[RUN] 奖品需要手工拼抢，并填写地址. lzkj_sevenDay_vender/shop_1613046181_1 --> lzkj_sevenDay_vender/shop_1613046181_1_delay

发现明天是 [赵 122294312-396444 肥鹅 jd_4d651d9e48204] 签到 [美肤宝京东自营官方旗舰店] 的第 7 天，将要获取到奖品[ 5京豆京豆 5京豆]
发现明天是 [王 1309893722-164885] 签到 [美肤宝京东自营官方旗舰店] 的第 5 天，将要获取到奖品[ 50店铺积分积分 50店铺积分]
发现明天是 [移动 jd_OeTNobRVGiNZ] 签到 [美肤宝京东自营官方旗舰店] 的第 1 天，将要获取到奖品[ 10店铺积分积分 10店铺积分]
明天立即执行. 不改名字 lzkj_sevenDay_vender/shop_1613052161_15


签到 [初么（chume）京东自营旗舰店] 店铺失败. 活动链接
https://lzkj-isv.isvjcloud.com/sign/sevenDay/signActivity?activityId=8723eda7d300499d9003f164a247cdd7&venderId=1000002726&adsource=tg_xuanFuTuBiao
#王 1309893722-164885 签到失败: "只有该店铺的会员才能参加活动"
#移动 jd_OeTNobRVGiNZ 签到失败: "只有该店铺的会员才能参加活动"
from vender/chume_jifen



* * * * * * * * * * * * * * * * * *
记录时刻 20210217_095056_449018000

发现明天是 [肥鹅 jd_4d651d9e48204] 签到 [COMOTEK鞋靴旗舰店] 的第 5 天，将要获取到奖品[ 50 店铺积分]

发现明天是 [肥鹅 jd_4d651d9e48204] 签到 [迪士尼贝贝怡专卖店] 的第 5 天，将要获取到奖品[ 100 京豆]
明天立即执行. 不改名字 api_vender/dishini

发现明天是 [肥鹅 jd_4d651d9e48204] 签到 [LG家电旗舰店] 的第 5 天，将要获取到奖品[ 100 京豆]
明天立即执行. 不改名字 api_vender/LG

发现明天是 [赵 122294312-396444 王 1309893722-164885] 签到 [菲诗蔻（FicceCode）个护京东自营旗舰店] 的第 7 天，将要获取到奖品[ 4 京豆]
发现明天是 [肥鹅 jd_4d651d9e48204] 签到 [菲诗蔻（FicceCode）个护京东自营旗舰店] 的第 5 天，将要获取到奖品[ 3 京豆]
明天立即执行. 不改名字 api_vender/shop_1613050528_1

发现明天是 [肥鹅 jd_4d651d9e48204] 签到 [ZJUZ珠宝旗舰店] 的第 5 天，将要获取到奖品[ 40 京豆]
明天立即执行. 不改名字 api_vender/ZJUZ

发现明天是 [王 1309893722-164885 移动 jd_OeTNobRVGiNZ] 签到 [贝亲辅食尿裤京东自营旗舰店] 的第 5 天，将要获取到奖品[ 3京豆 3京豆]
明天立即执行. 不改名字 vender/beiqinfushi

发现明天是 [赵 122294312-396444 肥鹅 jd_4d651d9e48204] 签到 [博世电动工具京东自营旗舰店] 的第 7 天，将要获取到奖品[ 66京豆 66京豆]
明天立即执行. 不改名字 vender/shop_1613046172_0

发现明天是 [移动 jd_OeTNobRVGiNZ] 签到 [康比特京东自营旗舰店] 的第 8 天，将要获取到奖品[ 10京豆 10京豆]
发现明天是 [肥鹅 jd_4d651d9e48204 赵 122294312-396444] 签到 [康比特京东自营旗舰店] 的第 7 天，将要获取到奖品[ 20积分 20积分]
发现明天是 [王 1309893722-164885] 签到 [康比特京东自营旗舰店] 的第 5 天，将要获取到奖品[ 20元优惠券]
明天立即执行. 不改名字 vender/shop_1613046189_2

发现明天是 [肥鹅 jd_4d651d9e48204 赵 122294312-396444] 签到 [美赞臣京东自营官方旗舰店] 的第 7 天，将要获取到奖品[ 30积分 30积分]

发现明天是 [赵 122294312-396444] 签到 [每日鲜语京东自营旗舰店] 的第 7 天，将要获取到奖品[ 2京豆 2京豆]
明天立即执行. 不改名字 vender/shop_1613048969_0

发现明天是 [赵 122294312-396444 肥鹅 jd_4d651d9e48204] 签到 [完美日记官方旗舰店] 的第 7 天，将要获取到奖品[ 专享价眼唇卸]
发现明天是 [王 1309893722-164885] 签到 [完美日记官方旗舰店] 的第 5 天，将要获取到奖品[ 50积分 50积分]

发现明天是 [王 1309893722-164885] 签到 [伊利牛奶官方旗舰店] 的第 5 天，将要获取到奖品[ 15元优惠券]
发现明天是 [肥鹅 jd_4d651d9e48204 移动 jd_OeTNobRVGiNZ 赵 122294312-396444] 签到 [伊利牛奶官方旗舰店] 的第 15 天，将要获取到奖品[ 优酸乳原味半价购]

发现明天是 [王 1309893722-164885] 签到 [蒙牛官方旗舰店] 的第 5 天，将要获取到奖品[ 50元优惠券]
发现明天是 [移动 jd_OeTNobRVGiNZ] 签到 [蒙牛官方旗舰店] 的第 4 天，将要获取到奖品[ 8京豆京豆 8京豆]
发现明天是 [赵 122294312-396444 肥鹅 jd_4d651d9e48204] 签到 [蒙牛官方旗舰店] 的第 3 天，将要获取到奖品[ 40元优惠券]
明天立即执行. 不改名字 lzkj_sevenDay_vender/mengniu

发现明天是 [肥鹅 jd_4d651d9e48204] 签到 [佳贝艾特京东自营官方旗舰店] 的第 7 天，将要获取到奖品[ 5元京东E卡]
发现明天是 [移动 jd_OeTNobRVGiNZ 赵 122294312-396444 王 1309893722-164885] 签到 [佳贝艾特京东自营官方旗舰店] 的第 1 天，将要获取到奖品[ 20元优惠券]
[RUN] 奖品需要手工拼抢，并填写地址. 不改名字 lzkj_sevenDay_vender/shop_1613046181_1_delay

发现明天是 [赵 122294312-396444 肥鹅 jd_4d651d9e48204] 签到 [美肤宝京东自营官方旗舰店] 的第 7 天，将要获取到奖品[ 5京豆京豆 5京豆]
发现明天是 [王 1309893722-164885] 签到 [美肤宝京东自营官方旗舰店] 的第 5 天，将要获取到奖品[ 50店铺积分积分 50店铺积分]
发现明天是 [移动 jd_OeTNobRVGiNZ] 签到 [美肤宝京东自营官方旗舰店] 的第 1 天，将要获取到奖品[ 10店铺积分积分 10店铺积分]
明天立即执行. 不改名字 lzkj_sevenDay_vender/shop_1613052161_15


签到 [初么（chume）京东自营旗舰店] 店铺失败. 活动链接
https://lzkj-isv.isvjcloud.com/sign/sevenDay/signActivity?activityId=8723eda7d300499d9003f164a247cdd7&venderId=1000002726&adsource=tg_xuanFuTuBiao
#王 1309893722-164885 签到失败: "只有该店铺的会员才能参加活动"
#移动 jd_OeTNobRVGiNZ 签到失败: "只有该店铺的会员才能参加活动"
from vender/chume_jifen



* * * * * * * * * * * * * * * * * *
记录时刻 20210217_095158_557189200

发现明天是 [肥鹅 jd_4d651d9e48204] 签到 [COMOTEK鞋靴旗舰店] 的第 5 天，将要获取到奖品[ 50 店铺积分]

发现明天是 [肥鹅 jd_4d651d9e48204] 签到 [迪士尼贝贝怡专卖店] 的第 5 天，将要获取到奖品[ 100 京豆]
明天立即执行. 不改名字 api_vender/dishini

发现明天是 [肥鹅 jd_4d651d9e48204] 签到 [LG家电旗舰店] 的第 5 天，将要获取到奖品[ 100 京豆]
明天立即执行. 不改名字 api_vender/LG

发现明天是 [赵 122294312-396444 王 1309893722-164885] 签到 [菲诗蔻（FicceCode）个护京东自营旗舰店] 的第 7 天，将要获取到奖品[ 4 京豆]
发现明天是 [肥鹅 jd_4d651d9e48204] 签到 [菲诗蔻（FicceCode）个护京东自营旗舰店] 的第 5 天，将要获取到奖品[ 3 京豆]
明天立即执行. 不改名字 api_vender/shop_1613050528_1

发现明天是 [肥鹅 jd_4d651d9e48204] 签到 [ZJUZ珠宝旗舰店] 的第 5 天，将要获取到奖品[ 40 京豆]
明天立即执行. 不改名字 api_vender/ZJUZ

发现明天是 [王 1309893722-164885 移动 jd_OeTNobRVGiNZ] 签到 [贝亲辅食尿裤京东自营旗舰店] 的第 5 天，将要获取到奖品[ 3京豆 3京豆]
明天立即执行. 不改名字 vender/beiqinfushi

发现明天是 [赵 122294312-396444 肥鹅 jd_4d651d9e48204] 签到 [博世电动工具京东自营旗舰店] 的第 7 天，将要获取到奖品[ 66京豆 66京豆]
明天立即执行. 不改名字 vender/shop_1613046172_0

发现明天是 [移动 jd_OeTNobRVGiNZ] 签到 [康比特京东自营旗舰店] 的第 8 天，将要获取到奖品[ 10京豆 10京豆]
发现明天是 [肥鹅 jd_4d651d9e48204 赵 122294312-396444] 签到 [康比特京东自营旗舰店] 的第 7 天，将要获取到奖品[ 20积分 20积分]
发现明天是 [王 1309893722-164885] 签到 [康比特京东自营旗舰店] 的第 5 天，将要获取到奖品[ 20元优惠券]
明天立即执行. 不改名字 vender/shop_1613046189_2

发现明天是 [肥鹅 jd_4d651d9e48204 赵 122294312-396444] 签到 [美赞臣京东自营官方旗舰店] 的第 7 天，将要获取到奖品[ 30积分 30积分]

发现明天是 [赵 122294312-396444] 签到 [每日鲜语京东自营旗舰店] 的第 7 天，将要获取到奖品[ 2京豆 2京豆]
明天立即执行. 不改名字 vender/shop_1613048969_0

发现明天是 [赵 122294312-396444 肥鹅 jd_4d651d9e48204] 签到 [完美日记官方旗舰店] 的第 7 天，将要获取到奖品[ 专享价眼唇卸]
发现明天是 [王 1309893722-164885] 签到 [完美日记官方旗舰店] 的第 5 天，将要获取到奖品[ 50积分 50积分]

发现明天是 [王 1309893722-164885] 签到 [伊利牛奶官方旗舰店] 的第 5 天，将要获取到奖品[ 15元优惠券]
发现明天是 [肥鹅 jd_4d651d9e48204 移动 jd_OeTNobRVGiNZ 赵 122294312-396444] 签到 [伊利牛奶官方旗舰店] 的第 15 天，将要获取到奖品[ 优酸乳原味半价购]

发现明天是 [王 1309893722-164885] 签到 [蒙牛官方旗舰店] 的第 5 天，将要获取到奖品[ 50元优惠券]
发现明天是 [移动 jd_OeTNobRVGiNZ] 签到 [蒙牛官方旗舰店] 的第 4 天，将要获取到奖品[ 8京豆京豆 8京豆]
发现明天是 [赵 122294312-396444 肥鹅 jd_4d651d9e48204] 签到 [蒙牛官方旗舰店] 的第 3 天，将要获取到奖品[ 40元优惠券]
明天立即执行. 不改名字 lzkj_sevenDay_vender/mengniu

发现明天是 [肥鹅 jd_4d651d9e48204] 签到 [佳贝艾特京东自营官方旗舰店] 的第 7 天，将要获取到奖品[ 5元京东E卡]
发现明天是 [移动 jd_OeTNobRVGiNZ 赵 122294312-396444 王 1309893722-164885] 签到 [佳贝艾特京东自营官方旗舰店] 的第 1 天，将要获取到奖品[ 20元优惠券]
[RUN] 奖品需要手工拼抢，并填写地址. lzkj_sevenDay_vender/shop_1613046181_1 --> lzkj_sevenDay_vender/shop_1613046181_1_delay

发现明天是 [赵 122294312-396444 肥鹅 jd_4d651d9e48204] 签到 [美肤宝京东自营官方旗舰店] 的第 7 天，将要获取到奖品[ 5京豆京豆 5京豆]
发现明天是 [王 1309893722-164885] 签到 [美肤宝京东自营官方旗舰店] 的第 5 天，将要获取到奖品[ 50店铺积分积分 50店铺积分]
发现明天是 [移动 jd_OeTNobRVGiNZ] 签到 [美肤宝京东自营官方旗舰店] 的第 1 天，将要获取到奖品[ 10店铺积分积分 10店铺积分]
明天立即执行. 不改名字 lzkj_sevenDay_vender/shop_1613052161_15


签到 [初么（chume）京东自营旗舰店] 店铺失败. 活动链接
https://lzkj-isv.isvjcloud.com/sign/sevenDay/signActivity?activityId=8723eda7d300499d9003f164a247cdd7&venderId=1000002726&adsource=tg_xuanFuTuBiao
#王 1309893722-164885 签到失败: "只有该店铺的会员才能参加活动"
#移动 jd_OeTNobRVGiNZ 签到失败: "只有该店铺的会员才能参加活动"
from vender/chume_jifen



* * * * * * * * * * * * * * * * * *
记录时刻 20210217_100113_472721200

发现明天是 [肥鹅 jd_4d651d9e48204] 签到 [COMOTEK鞋靴旗舰店] 的第 5 天，将要获取到奖品[ 50 店铺积分]

发现明天是 [肥鹅 jd_4d651d9e48204] 签到 [迪士尼贝贝怡专卖店] 的第 5 天，将要获取到奖品[ 100 京豆]
明天立即执行. 不改名字 api_vender/dishini

发现明天是 [肥鹅 jd_4d651d9e48204] 签到 [LG家电旗舰店] 的第 5 天，将要获取到奖品[ 100 京豆]
明天立即执行. 不改名字 api_vender/LG

发现明天是 [赵 122294312-396444 王 1309893722-164885] 签到 [菲诗蔻（FicceCode）个护京东自营旗舰店] 的第 7 天，将要获取到奖品[ 4 京豆]
发现明天是 [肥鹅 jd_4d651d9e48204] 签到 [菲诗蔻（FicceCode）个护京东自营旗舰店] 的第 5 天，将要获取到奖品[ 3 京豆]
明天立即执行. 不改名字 api_vender/shop_1613050528_1

发现明天是 [肥鹅 jd_4d651d9e48204] 签到 [ZJUZ珠宝旗舰店] 的第 5 天，将要获取到奖品[ 40 京豆]
明天立即执行. 不改名字 api_vender/ZJUZ

发现明天是 [王 1309893722-164885 移动 jd_OeTNobRVGiNZ] 签到 [贝亲辅食尿裤京东自营旗舰店] 的第 5 天，将要获取到奖品[ 3京豆 3京豆]
明天立即执行. 不改名字 vender/beiqinfushi

发现明天是 [赵 122294312-396444 肥鹅 jd_4d651d9e48204] 签到 [博世电动工具京东自营旗舰店] 的第 7 天，将要获取到奖品[ 66京豆 66京豆]
明天立即执行. 不改名字 vender/shop_1613046172_0

发现明天是 [移动 jd_OeTNobRVGiNZ] 签到 [康比特京东自营旗舰店] 的第 8 天，将要获取到奖品[ 10京豆 10京豆]
发现明天是 [肥鹅 jd_4d651d9e48204 赵 122294312-396444] 签到 [康比特京东自营旗舰店] 的第 7 天，将要获取到奖品[ 20积分 20积分]
发现明天是 [王 1309893722-164885] 签到 [康比特京东自营旗舰店] 的第 5 天，将要获取到奖品[ 20元优惠券]
明天立即执行. 不改名字 vender/shop_1613046189_2

发现明天是 [肥鹅 jd_4d651d9e48204 赵 122294312-396444] 签到 [美赞臣京东自营官方旗舰店] 的第 7 天，将要获取到奖品[ 30积分 30积分]

发现明天是 [赵 122294312-396444] 签到 [每日鲜语京东自营旗舰店] 的第 7 天，将要获取到奖品[ 2京豆 2京豆]
明天立即执行. 不改名字 vender/shop_1613048969_0

发现明天是 [赵 122294312-396444 肥鹅 jd_4d651d9e48204] 签到 [完美日记官方旗舰店] 的第 7 天，将要获取到奖品[ 专享价眼唇卸]
发现明天是 [王 1309893722-164885] 签到 [完美日记官方旗舰店] 的第 5 天，将要获取到奖品[ 50积分 50积分]

发现明天是 [王 1309893722-164885] 签到 [伊利牛奶官方旗舰店] 的第 5 天，将要获取到奖品[ 15元优惠券]
发现明天是 [肥鹅 jd_4d651d9e48204 移动 jd_OeTNobRVGiNZ 赵 122294312-396444] 签到 [伊利牛奶官方旗舰店] 的第 15 天，将要获取到奖品[ 优酸乳原味半价购]

发现明天是 [王 1309893722-164885] 签到 [蒙牛官方旗舰店] 的第 5 天，将要获取到奖品[ 50元优惠券]
发现明天是 [移动 jd_OeTNobRVGiNZ] 签到 [蒙牛官方旗舰店] 的第 4 天，将要获取到奖品[ 8京豆京豆 8京豆]
发现明天是 [赵 122294312-396444 肥鹅 jd_4d651d9e48204] 签到 [蒙牛官方旗舰店] 的第 3 天，将要获取到奖品[ 40元优惠券]
明天立即执行. 不改名字 lzkj_sevenDay_vender/mengniu

发现明天是 [肥鹅 jd_4d651d9e48204] 签到 [佳贝艾特京东自营官方旗舰店] 的第 7 天，将要获取到奖品[ 5元京东E卡]
发现明天是 [移动 jd_OeTNobRVGiNZ 赵 122294312-396444 王 1309893722-164885] 签到 [佳贝艾特京东自营官方旗舰店] 的第 1 天，将要获取到奖品[ 20元优惠券]
奖品需要手工拼抢，并填写地址. 不改名字 lzkj_sevenDay_vender/shop_1613046181_1_delay

发现明天是 [赵 122294312-396444 肥鹅 jd_4d651d9e48204] 签到 [美肤宝京东自营官方旗舰店] 的第 7 天，将要获取到奖品[ 5京豆京豆 5京豆]
发现明天是 [王 1309893722-164885] 签到 [美肤宝京东自营官方旗舰店] 的第 5 天，将要获取到奖品[ 50店铺积分积分 50店铺积分]
发现明天是 [移动 jd_OeTNobRVGiNZ] 签到 [美肤宝京东自营官方旗舰店] 的第 1 天，将要获取到奖品[ 10店铺积分积分 10店铺积分]
明天立即执行. 不改名字 lzkj_sevenDay_vender/shop_1613052161_15


签到 [初么（chume）京东自营旗舰店] 店铺失败. 活动链接
https://lzkj-isv.isvjcloud.com/sign/sevenDay/signActivity?activityId=8723eda7d300499d9003f164a247cdd7&venderId=1000002726&adsource=tg_xuanFuTuBiao
#王 1309893722-164885 签到失败: "只有该店铺的会员才能参加活动"
#移动 jd_OeTNobRVGiNZ 签到失败: "只有该店铺的会员才能参加活动"
from vender/chume_jifen



* * * * * * * * * * * * * * * * * *
记录时刻 20210217_101535_232415100

发现明天是 [肥鹅 jd_4d651d9e48204] 签到 [COMOTEK鞋靴旗舰店] 的第 5 天，将要获取到奖品[ 50 店铺积分]

发现明天是 [肥鹅 jd_4d651d9e48204] 签到 [迪士尼贝贝怡专卖店] 的第 5 天，将要获取到奖品[ 100 京豆]
明天立即执行. 不改名字 api_vender/dishini

发现明天是 [肥鹅 jd_4d651d9e48204] 签到 [LG家电旗舰店] 的第 5 天，将要获取到奖品[ 100 京豆]
明天立即执行. 不改名字 api_vender/LG

发现明天是 [赵 122294312-396444 王 1309893722-164885] 签到 [菲诗蔻（FicceCode）个护京东自营旗舰店] 的第 7 天，将要获取到奖品[ 4 京豆]
发现明天是 [肥鹅 jd_4d651d9e48204] 签到 [菲诗蔻（FicceCode）个护京东自营旗舰店] 的第 5 天，将要获取到奖品[ 3 京豆]
明天立即执行. 不改名字 api_vender/shop_1613050528_1

发现明天是 [肥鹅 jd_4d651d9e48204] 签到 [ZJUZ珠宝旗舰店] 的第 5 天，将要获取到奖品[ 40 京豆]
明天立即执行. 不改名字 api_vender/ZJUZ

发现明天是 [王 1309893722-164885 移动 jd_OeTNobRVGiNZ] 签到 [贝亲辅食尿裤京东自营旗舰店] 的第 5 天，将要获取到奖品[ 3京豆 3京豆]
明天立即执行. 不改名字 vender/beiqinfushi

发现明天是 [赵 122294312-396444 肥鹅 jd_4d651d9e48204] 签到 [博世电动工具京东自营旗舰店] 的第 7 天，将要获取到奖品[ 66京豆 66京豆]
明天立即执行. 不改名字 vender/shop_1613046172_0

发现明天是 [移动 jd_OeTNobRVGiNZ] 签到 [康比特京东自营旗舰店] 的第 8 天，将要获取到奖品[ 10京豆 10京豆]
发现明天是 [肥鹅 jd_4d651d9e48204 赵 122294312-396444] 签到 [康比特京东自营旗舰店] 的第 7 天，将要获取到奖品[ 20积分 20积分]
发现明天是 [王 1309893722-164885] 签到 [康比特京东自营旗舰店] 的第 5 天，将要获取到奖品[ 20元优惠券]
明天立即执行. 不改名字 vender/shop_1613046189_2

发现明天是 [肥鹅 jd_4d651d9e48204 赵 122294312-396444] 签到 [美赞臣京东自营官方旗舰店] 的第 7 天，将要获取到奖品[ 30积分 30积分]

发现明天是 [赵 122294312-396444] 签到 [每日鲜语京东自营旗舰店] 的第 7 天，将要获取到奖品[ 2京豆 2京豆]
明天立即执行. 不改名字 vender/shop_1613048969_0

发现明天是 [赵 122294312-396444 肥鹅 jd_4d651d9e48204] 签到 [完美日记官方旗舰店] 的第 7 天，将要获取到奖品[ 专享价眼唇卸]
发现明天是 [王 1309893722-164885] 签到 [完美日记官方旗舰店] 的第 5 天，将要获取到奖品[ 50积分 50积分]

发现明天是 [王 1309893722-164885] 签到 [伊利牛奶官方旗舰店] 的第 5 天，将要获取到奖品[ 15元优惠券]
发现明天是 [肥鹅 jd_4d651d9e48204 移动 jd_OeTNobRVGiNZ 赵 122294312-396444] 签到 [伊利牛奶官方旗舰店] 的第 15 天，将要获取到奖品[ 优酸乳原味半价购]

发现明天是 [王 1309893722-164885] 签到 [蒙牛官方旗舰店] 的第 5 天，将要获取到奖品[ 50元优惠券]
发现明天是 [移动 jd_OeTNobRVGiNZ] 签到 [蒙牛官方旗舰店] 的第 4 天，将要获取到奖品[ 8京豆京豆 8京豆]
发现明天是 [赵 122294312-396444 肥鹅 jd_4d651d9e48204] 签到 [蒙牛官方旗舰店] 的第 3 天，将要获取到奖品[ 40元优惠券]
明天立即执行. 不改名字 lzkj_sevenDay_vender/mengniu

发现明天是 [肥鹅 jd_4d651d9e48204] 签到 [佳贝艾特京东自营官方旗舰店] 的第 7 天，将要获取到奖品[ 5元京东E卡]
发现明天是 [移动 jd_OeTNobRVGiNZ 赵 122294312-396444 王 1309893722-164885] 签到 [佳贝艾特京东自营官方旗舰店] 的第 1 天，将要获取到奖品[ 20元优惠券]
奖品需要手工拼抢，并填写地址. 不改名字 lzkj_sevenDay_vender/shop_1613046181_1_delay

发现明天是 [赵 122294312-396444 肥鹅 jd_4d651d9e48204] 签到 [美肤宝京东自营官方旗舰店] 的第 7 天，将要获取到奖品[ 5京豆京豆 5京豆]
发现明天是 [王 1309893722-164885] 签到 [美肤宝京东自营官方旗舰店] 的第 5 天，将要获取到奖品[ 50店铺积分积分 50店铺积分]
发现明天是 [移动 jd_OeTNobRVGiNZ] 签到 [美肤宝京东自营官方旗舰店] 的第 1 天，将要获取到奖品[ 10店铺积分积分 10店铺积分]
明天立即执行. 不改名字 lzkj_sevenDay_vender/shop_1613052161_15


签到 [初么（chume）京东自营旗舰店] 店铺失败. 活动链接
https://lzkj-isv.isvjcloud.com/sign/sevenDay/signActivity?activityId=8723eda7d300499d9003f164a247cdd7&venderId=1000002726&adsource=tg_xuanFuTuBiao
#王 1309893722-164885 签到失败: "只有该店铺的会员才能参加活动"
#移动 jd_OeTNobRVGiNZ 签到失败: "只有该店铺的会员才能参加活动"
from vender/chume_jifen



* * * * * * * * * * * * * * * * * *
记录时刻 20210217_101648_025081400

发现明天是 [肥鹅 jd_4d651d9e48204] 签到 [COMOTEK鞋靴旗舰店] 的第 5 天，将要获取到奖品[ 50 店铺积分]

发现明天是 [肥鹅 jd_4d651d9e48204] 签到 [迪士尼贝贝怡专卖店] 的第 5 天，将要获取到奖品[ 100 京豆]
明天立即执行. 不改名字 api_vender/dishini

发现明天是 [肥鹅 jd_4d651d9e48204] 签到 [LG家电旗舰店] 的第 5 天，将要获取到奖品[ 100 京豆]
明天立即执行. 不改名字 api_vender/LG

发现明天是 [赵 122294312-396444 王 1309893722-164885] 签到 [菲诗蔻（FicceCode）个护京东自营旗舰店] 的第 7 天，将要获取到奖品[ 4 京豆]
发现明天是 [肥鹅 jd_4d651d9e48204] 签到 [菲诗蔻（FicceCode）个护京东自营旗舰店] 的第 5 天，将要获取到奖品[ 3 京豆]
明天立即执行. 不改名字 api_vender/shop_1613050528_1

发现明天是 [肥鹅 jd_4d651d9e48204] 签到 [ZJUZ珠宝旗舰店] 的第 5 天，将要获取到奖品[ 40 京豆]
明天立即执行. 不改名字 api_vender/ZJUZ

发现明天是 [王 1309893722-164885 移动 jd_OeTNobRVGiNZ] 签到 [贝亲辅食尿裤京东自营旗舰店] 的第 5 天，将要获取到奖品[ 3京豆 3京豆]
明天立即执行. 不改名字 vender/beiqinfushi

发现明天是 [赵 122294312-396444 肥鹅 jd_4d651d9e48204] 签到 [博世电动工具京东自营旗舰店] 的第 7 天，将要获取到奖品[ 66京豆 66京豆]
明天立即执行. 不改名字 vender/shop_1613046172_0

发现明天是 [移动 jd_OeTNobRVGiNZ] 签到 [康比特京东自营旗舰店] 的第 8 天，将要获取到奖品[ 10京豆 10京豆]
发现明天是 [肥鹅 jd_4d651d9e48204 赵 122294312-396444] 签到 [康比特京东自营旗舰店] 的第 7 天，将要获取到奖品[ 20积分 20积分]
发现明天是 [王 1309893722-164885] 签到 [康比特京东自营旗舰店] 的第 5 天，将要获取到奖品[ 20元优惠券]
明天立即执行. 不改名字 vender/shop_1613046189_2

发现明天是 [肥鹅 jd_4d651d9e48204 赵 122294312-396444] 签到 [美赞臣京东自营官方旗舰店] 的第 7 天，将要获取到奖品[ 30积分 30积分]

发现明天是 [赵 122294312-396444] 签到 [每日鲜语京东自营旗舰店] 的第 7 天，将要获取到奖品[ 2京豆 2京豆]
明天立即执行. 不改名字 vender/shop_1613048969_0

发现明天是 [赵 122294312-396444 肥鹅 jd_4d651d9e48204] 签到 [完美日记官方旗舰店] 的第 7 天，将要获取到奖品[ 专享价眼唇卸]
发现明天是 [王 1309893722-164885] 签到 [完美日记官方旗舰店] 的第 5 天，将要获取到奖品[ 50积分 50积分]

发现明天是 [王 1309893722-164885] 签到 [伊利牛奶官方旗舰店] 的第 5 天，将要获取到奖品[ 15元优惠券]
发现明天是 [肥鹅 jd_4d651d9e48204 移动 jd_OeTNobRVGiNZ 赵 122294312-396444] 签到 [伊利牛奶官方旗舰店] 的第 15 天，将要获取到奖品[ 优酸乳原味半价购]

发现明天是 [王 1309893722-164885] 签到 [蒙牛官方旗舰店] 的第 5 天，将要获取到奖品[ 50元优惠券]
发现明天是 [移动 jd_OeTNobRVGiNZ] 签到 [蒙牛官方旗舰店] 的第 4 天，将要获取到奖品[ 8京豆京豆 8京豆]
发现明天是 [赵 122294312-396444 肥鹅 jd_4d651d9e48204] 签到 [蒙牛官方旗舰店] 的第 3 天，将要获取到奖品[ 40元优惠券]
明天立即执行. 不改名字 lzkj_sevenDay_vender/mengniu

发现明天是 [肥鹅 jd_4d651d9e48204] 签到 [佳贝艾特京东自营官方旗舰店] 的第 7 天，将要获取到奖品[ 5元京东E卡]
发现明天是 [移动 jd_OeTNobRVGiNZ 赵 122294312-396444 王 1309893722-164885] 签到 [佳贝艾特京东自营官方旗舰店] 的第 1 天，将要获取到奖品[ 20元优惠券]
奖品需要手工拼抢，并填写地址. 不改名字 lzkj_sevenDay_vender/shop_1613046181_1_delay

发现明天是 [赵 122294312-396444 肥鹅 jd_4d651d9e48204] 签到 [美肤宝京东自营官方旗舰店] 的第 7 天，将要获取到奖品[ 5京豆京豆 5京豆]
发现明天是 [王 1309893722-164885] 签到 [美肤宝京东自营官方旗舰店] 的第 5 天，将要获取到奖品[ 50店铺积分积分 50店铺积分]
发现明天是 [移动 jd_OeTNobRVGiNZ] 签到 [美肤宝京东自营官方旗舰店] 的第 1 天，将要获取到奖品[ 10店铺积分积分 10店铺积分]
明天立即执行. 不改名字 lzkj_sevenDay_vender/shop_1613052161_15


签到 [初么（chume）京东自营旗舰店] 店铺失败. 活动链接
https://lzkj-isv.isvjcloud.com/sign/sevenDay/signActivity?activityId=8723eda7d300499d9003f164a247cdd7&venderId=1000002726&adsource=tg_xuanFuTuBiao
#王 1309893722-164885 签到失败: "只有该店铺的会员才能参加活动"
#移动 jd_OeTNobRVGiNZ 签到失败: "只有该店铺的会员才能参加活动"
from vender/chume_jifen

/n 检查是否有删除的活动/n


* * * * * * * * * * * * * * * * * *
记录时刻 20210217_101721_009663200

发现明天是 [肥鹅 jd_4d651d9e48204] 签到 [COMOTEK鞋靴旗舰店] 的第 5 天，将要获取到奖品[ 50 店铺积分]

发现明天是 [肥鹅 jd_4d651d9e48204] 签到 [迪士尼贝贝怡专卖店] 的第 5 天，将要获取到奖品[ 100 京豆]
明天立即执行. 不改名字 api_vender/dishini

发现明天是 [肥鹅 jd_4d651d9e48204] 签到 [LG家电旗舰店] 的第 5 天，将要获取到奖品[ 100 京豆]
明天立即执行. 不改名字 api_vender/LG

发现明天是 [赵 122294312-396444 王 1309893722-164885] 签到 [菲诗蔻（FicceCode）个护京东自营旗舰店] 的第 7 天，将要获取到奖品[ 4 京豆]
发现明天是 [肥鹅 jd_4d651d9e48204] 签到 [菲诗蔻（FicceCode）个护京东自营旗舰店] 的第 5 天，将要获取到奖品[ 3 京豆]
明天立即执行. 不改名字 api_vender/shop_1613050528_1

发现明天是 [肥鹅 jd_4d651d9e48204] 签到 [ZJUZ珠宝旗舰店] 的第 5 天，将要获取到奖品[ 40 京豆]
明天立即执行. 不改名字 api_vender/ZJUZ

发现明天是 [王 1309893722-164885 移动 jd_OeTNobRVGiNZ] 签到 [贝亲辅食尿裤京东自营旗舰店] 的第 5 天，将要获取到奖品[ 3京豆 3京豆]
明天立即执行. 不改名字 vender/beiqinfushi

发现明天是 [赵 122294312-396444 肥鹅 jd_4d651d9e48204] 签到 [博世电动工具京东自营旗舰店] 的第 7 天，将要获取到奖品[ 66京豆 66京豆]
明天立即执行. 不改名字 vender/shop_1613046172_0

发现明天是 [移动 jd_OeTNobRVGiNZ] 签到 [康比特京东自营旗舰店] 的第 8 天，将要获取到奖品[ 10京豆 10京豆]
发现明天是 [肥鹅 jd_4d651d9e48204 赵 122294312-396444] 签到 [康比特京东自营旗舰店] 的第 7 天，将要获取到奖品[ 20积分 20积分]
发现明天是 [王 1309893722-164885] 签到 [康比特京东自营旗舰店] 的第 5 天，将要获取到奖品[ 20元优惠券]
明天立即执行. 不改名字 vender/shop_1613046189_2

发现明天是 [肥鹅 jd_4d651d9e48204 赵 122294312-396444] 签到 [美赞臣京东自营官方旗舰店] 的第 7 天，将要获取到奖品[ 30积分 30积分]

发现明天是 [赵 122294312-396444] 签到 [每日鲜语京东自营旗舰店] 的第 7 天，将要获取到奖品[ 2京豆 2京豆]
明天立即执行. 不改名字 vender/shop_1613048969_0

发现明天是 [赵 122294312-396444 肥鹅 jd_4d651d9e48204] 签到 [完美日记官方旗舰店] 的第 7 天，将要获取到奖品[ 专享价眼唇卸]
发现明天是 [王 1309893722-164885] 签到 [完美日记官方旗舰店] 的第 5 天，将要获取到奖品[ 50积分 50积分]

发现明天是 [王 1309893722-164885] 签到 [伊利牛奶官方旗舰店] 的第 5 天，将要获取到奖品[ 15元优惠券]
发现明天是 [肥鹅 jd_4d651d9e48204 移动 jd_OeTNobRVGiNZ 赵 122294312-396444] 签到 [伊利牛奶官方旗舰店] 的第 15 天，将要获取到奖品[ 优酸乳原味半价购]

发现明天是 [王 1309893722-164885] 签到 [蒙牛官方旗舰店] 的第 5 天，将要获取到奖品[ 50元优惠券]
发现明天是 [移动 jd_OeTNobRVGiNZ] 签到 [蒙牛官方旗舰店] 的第 4 天，将要获取到奖品[ 8京豆京豆 8京豆]
发现明天是 [赵 122294312-396444 肥鹅 jd_4d651d9e48204] 签到 [蒙牛官方旗舰店] 的第 3 天，将要获取到奖品[ 40元优惠券]
明天立即执行. 不改名字 lzkj_sevenDay_vender/mengniu

发现明天是 [肥鹅 jd_4d651d9e48204] 签到 [佳贝艾特京东自营官方旗舰店] 的第 7 天，将要获取到奖品[ 5元京东E卡]
发现明天是 [移动 jd_OeTNobRVGiNZ 赵 122294312-396444 王 1309893722-164885] 签到 [佳贝艾特京东自营官方旗舰店] 的第 1 天，将要获取到奖品[ 20元优惠券]
奖品需要手工拼抢，并填写地址. 不改名字 lzkj_sevenDay_vender/shop_1613046181_1_delay

发现明天是 [赵 122294312-396444 肥鹅 jd_4d651d9e48204] 签到 [美肤宝京东自营官方旗舰店] 的第 7 天，将要获取到奖品[ 5京豆京豆 5京豆]
发现明天是 [王 1309893722-164885] 签到 [美肤宝京东自营官方旗舰店] 的第 5 天，将要获取到奖品[ 50店铺积分积分 50店铺积分]
发现明天是 [移动 jd_OeTNobRVGiNZ] 签到 [美肤宝京东自营官方旗舰店] 的第 1 天，将要获取到奖品[ 10店铺积分积分 10店铺积分]
明天立即执行. 不改名字 lzkj_sevenDay_vender/shop_1613052161_15


签到 [初么（chume）京东自营旗舰店] 店铺失败. 活动链接
https://lzkj-isv.isvjcloud.com/sign/sevenDay/signActivity?activityId=8723eda7d300499d9003f164a247cdd7&venderId=1000002726&adsource=tg_xuanFuTuBiao
#王 1309893722-164885 签到失败: "只有该店铺的会员才能参加活动"
#移动 jd_OeTNobRVGiNZ 签到失败: "只有该店铺的会员才能参加活动"
from vender/chume_jifen


检查是否有删除的活动



* * * * * * * * * * * * * * * * * *
记录时刻 20210217_102057_990256800


发现明天是 [赵 122294312-396444 肥鹅 jd_4d651d9e48204] 签到 [博世电动工具京东自营旗舰店] 的第 7 天，将要获取到奖品[ 66京豆 66京豆]
明天立即执行. 不改名字 vender/shop_1613046172_0

发现明天是 [移动 jd_OeTNobRVGiNZ] 签到 [康比特京东自营旗舰店] 的第 8 天，将要获取到奖品[ 10京豆 10京豆]
发现明天是 [肥鹅 jd_4d651d9e48204 赵 122294312-396444] 签到 [康比特京东自营旗舰店] 的第 7 天，将要获取到奖品[ 20积分 20积分]
发现明天是 [王 1309893722-164885] 签到 [康比特京东自营旗舰店] 的第 5 天，将要获取到奖品[ 20元优惠券]
明天立即执行. 不改名字 vender/shop_1613046189_2

发现明天是 [肥鹅 jd_4d651d9e48204 赵 122294312-396444] 签到 [美赞臣京东自营官方旗舰店] 的第 7 天，将要获取到奖品[ 30积分 30积分]

发现明天是 [赵 122294312-396444] 签到 [每日鲜语京东自营旗舰店] 的第 7 天，将要获取到奖品[ 2京豆 2京豆]
明天立即执行. 不改名字 vender/shop_1613048969_0

发现明天是 [赵 122294312-396444 肥鹅 jd_4d651d9e48204] 签到 [完美日记官方旗舰店] 的第 7 天，将要获取到奖品[ 专享价眼唇卸]
发现明天是 [王 1309893722-164885] 签到 [完美日记官方旗舰店] 的第 5 天，将要获取到奖品[ 50积分 50积分]

发现明天是 [王 1309893722-164885] 签到 [伊利牛奶官方旗舰店] 的第 5 天，将要获取到奖品[ 15元优惠券]
发现明天是 [肥鹅 jd_4d651d9e48204 移动 jd_OeTNobRVGiNZ 赵 122294312-396444] 签到 [伊利牛奶官方旗舰店] 的第 15 天，将要获取到奖品[ 优酸乳原味半价购]

发现明天是 [王 1309893722-164885] 签到 [蒙牛官方旗舰店] 的第 5 天，将要获取到奖品[ 50元优惠券]
发现明天是 [移动 jd_OeTNobRVGiNZ] 签到 [蒙牛官方旗舰店] 的第 4 天，将要获取到奖品[ 8京豆京豆 8京豆]
发现明天是 [赵 122294312-396444 肥鹅 jd_4d651d9e48204] 签到 [蒙牛官方旗舰店] 的第 3 天，将要获取到奖品[ 40元优惠券]
明天立即执行. 不改名字 lzkj_sevenDay_vender/mengniu

发现明天是 [肥鹅 jd_4d651d9e48204] 签到 [佳贝艾特京东自营官方旗舰店] 的第 7 天，将要获取到奖品[ 5元京东E卡]
发现明天是 [移动 jd_OeTNobRVGiNZ 赵 122294312-396444 王 1309893722-164885] 签到 [佳贝艾特京东自营官方旗舰店] 的第 1 天，将要获取到奖品[ 20元优惠券]
奖品需要手工拼抢，并填写地址. 不改名字 lzkj_sevenDay_vender/shop_1613046181_1_delay

发现明天是 [赵 122294312-396444 肥鹅 jd_4d651d9e48204] 签到 [美肤宝京东自营官方旗舰店] 的第 7 天，将要获取到奖品[ 5京豆京豆 5京豆]
发现明天是 [王 1309893722-164885] 签到 [美肤宝京东自营官方旗舰店] 的第 5 天，将要获取到奖品[ 50店铺积分积分 50店铺积分]
发现明天是 [移动 jd_OeTNobRVGiNZ] 签到 [美肤宝京东自营官方旗舰店] 的第 1 天，将要获取到奖品[ 10店铺积分积分 10店铺积分]
明天立即执行. 不改名字 lzkj_sevenDay_vender/shop_1613052161_15


签到 [初么（chume）京东自营旗舰店] 店铺失败. 活动链接
https://lzkj-isv.isvjcloud.com/sign/sevenDay/signActivity?activityId=8723eda7d300499d9003f164a247cdd7&venderId=1000002726&adsource=tg_xuanFuTuBiao
#王 1309893722-164885 签到失败: "只有该店铺的会员才能参加活动"
#移动 jd_OeTNobRVGiNZ 签到失败: "只有该店铺的会员才能参加活动"
from vender/chume_jifen


检查是否有删除的活动
