

* * * * * * * * * * * * * * * * * *
记录时刻 20210222_204520_242400300

api_vender/COMOTEK_delay  
发现明天是 [移动 jd_OeTNobRVGiNZ] 签到 [COMOTEK鞋靴旗舰店] 的第 3 天，将要获取到奖品[ 专享价商品（599.00元购买原价689.00元的商品）]

api_vender/miyuan  https://h5.m.jd.com/babelDiy/Zeus/2PAAf74aG3D61qvfKUM5dxUssJQ9/index.html?token=D71848E997002DC4F23CA79DB33BF16B
发现明天是 [肥鹅 jd_4d651d9e48204; 赵 122294312-396444; 王 1309893722-164885] 签到 [沁园京东自营旗舰店] 的第 3 天，将要获取到奖品[ 5 京豆]
明天立即执行. 不改名字 api_vender/miyuan

api_vender/shop_1613569733_13  https://h5.m.jd.com/babelDiy/Zeus/2PAAf74aG3D61qvfKUM5dxUssJQ9/index.html?token=0B61C7659EFF3FAFA47FAFD6F550B94A
发现明天是 [移动 jd_OeTNobRVGiNZ] 签到 [CHUMS运动户外旗舰店] 的第 3 天，将要获取到奖品[ 5 京豆]
明天立即执行. 不改名字 api_vender/shop_1613569733_13

api_vender/shop_1613569746_51  https://h5.m.jd.com/babelDiy/Zeus/2PAAf74aG3D61qvfKUM5dxUssJQ9/index.html?token=2D55B608A393EE079A92746DBAD6BFBC
发现明天是 [移动 jd_OeTNobRVGiNZ] 签到 [阳光飞歌旗舰店] 的第 4 天，将要获取到奖品[ 8 京豆]
明天立即执行. 不改名字 api_vender/shop_1613569746_51

api_vender/shop_1613569771_127  https://h5.m.jd.com/babelDiy/Zeus/2PAAf74aG3D61qvfKUM5dxUssJQ9/index.html?token=67B726B7BB649E99843EEA260BBC1552
发现明天是 [王 1309893722-164885; 移动 jd_OeTNobRVGiNZ] 签到 [克雷格旗舰店] 的第 4 天，将要获取到奖品[ 满88-10店铺券]
发现明天是 [赵 122294312-396444] 签到 [克雷格旗舰店] 的第 3 天，将要获取到奖品[ 6 京豆]
明天立即执行. 不改名字 api_vender/shop_1613569771_127

api_vender/shop_1613569789_154  https://h5.m.jd.com/babelDiy/Zeus/2PAAf74aG3D61qvfKUM5dxUssJQ9/index.html?token=8682F0CA97CA2FABE55226D27A68027D
发现明天是 [肥鹅 jd_4d651d9e48204; 赵 122294312-396444; 王 1309893722-164885] 签到 [人本京东自营旗舰店] 的第 3 天，将要获取到奖品[ 5 京豆]
明天立即执行. 不改名字 api_vender/shop_1613569789_154

api_vender/shop_1613569811_180  https://h5.m.jd.com/babelDiy/Zeus/2PAAf74aG3D61qvfKUM5dxUssJQ9/index.html?token=A91A92BF40CF8B22B9F862A34AE58D9B
发现明天是 [肥鹅 jd_4d651d9e48204; 赵 122294312-396444] 签到 [猫人京东自营旗舰店] 的第 7 天，将要获取到奖品[ 15 京豆]
明天立即执行. 不改名字 api_vender/shop_1613569811_180

api_vender/shop_1613703000_5  https://h5.m.jd.com/babelDiy/Zeus/2PAAf74aG3D61qvfKUM5dxUssJQ9/index.html?token=0EFFD39F2139300F099E1DB9F160D9B8
发现明天是 [赵 122294312-396444; 王 1309893722-164885; 肥鹅 jd_4d651d9e48204] 签到 [gaston gerin盛星专卖店] 的第 3 天，将要获取到奖品[ 5 京豆]
明天立即执行. 不改名字 api_vender/shop_1613703000_5

vender/shop_1613052094_7_delay  
发现明天是 [王 1309893722-164885] 签到 [完美日记官方旗舰店] 的第 10 天，将要获取到奖品[ 专享价六角眉笔]

vender/shop_1613052102_8_delay  
发现明天是 [赵 122294312-396444; 肥鹅 jd_4d651d9e48204] 签到 [ZEESEA旗舰店] 的第 3 天，将要获取到奖品[ 连签3天专享]

vender/shop_1613052185_19_delay  
发现明天是 [王 1309893722-164885] 签到 [尤妮佳舒蔻京东自营官方旗舰店] 的第 10 天，将要获取到奖品[ 10积分 10积分]

vender/shop_1613569737_25_delay  
发现明天是 [移动 jd_OeTNobRVGiNZ] 签到 [Domol京东自营专卖店] 的第 7 天，将要获取到奖品[ 10积分 10积分]

vender/shop_1613569742_40_delay  
发现明天是 [移动 jd_OeTNobRVGiNZ] 签到 [三草两木Saselomo旗舰店] 的第 7 天，将要获取到奖品[ 50积分 50积分]

vender/shop_1613569763_104_delay  
发现明天是 [移动 jd_OeTNobRVGiNZ] 签到 [WOWO官方旗舰店] 的第 7 天，将要获取到奖品[ 200积分 200积分]

vender/shop_1613569820_195_delay  
发现明天是 [移动 jd_OeTNobRVGiNZ] 签到 [金利来男装旗舰店] 的第 7 天，将要获取到奖品[ 100积分 100积分]

vender/shop_1613703137_64  
发现明天是 [赵 122294312-396444; 王 1309893722-164885; 肥鹅 jd_4d651d9e48204; 移动 jd_OeTNobRVGiNZ] 签到 [华硕京东自营官方旗舰店] 的第 5 天，将要获取到奖品[ 2京豆 2京豆]
明天立即执行. 不改名字 vender/shop_1613703137_64

vender/shop_1613711069_21_delay  https://lzkj-isv.isvjcloud.com/sign/signActivity2?activityId=e437aef3d0664f77a3270a83e3e4c7cd&venderId=10278941&adsource=tg_xuanFuTuBiao
发现明天是 [赵 122294312-396444; 王 1309893722-164885; 肥鹅 jd_4d651d9e48204; 移动 jd_OeTNobRVGiNZ] 签到 [6IXTY8IGHT旗舰店] 的第 5 天，将要获取到奖品[ 30元优惠券]

vender/yili2_delay  
发现明天是 [王 1309893722-164885] 签到 [伊利牛奶官方旗舰店] 的第 10 天，将要获取到奖品[ 30元优惠券]

lzkj_sevenDay_vender/mengniu  https://lzkj-isv.isvjcloud.com/sign/sevenDay/signActivity?activityId=3f064b1a32ec4b2ab6e044aa1cacad06&venderId=182542
发现明天是 [赵 122294312-396444; 肥鹅 jd_4d651d9e48204] 签到 [蒙牛官方旗舰店] 的第 7 天，将要获取到奖品[ 15京豆京豆 15京豆]
发现明天是 [王 1309893722-164885; 移动 jd_OeTNobRVGiNZ] 签到 [蒙牛官方旗舰店] 的第 2 天，将要获取到奖品[ 30元优惠券]
明天立即执行. 不改名字 lzkj_sevenDay_vender/mengniu

lzkj_sevenDay_vender/shop_1613046181_1_delay  https://lzkj-isv.isvjcloud.com/sign/sevenDay/signActivity?activityId=3f6c151718844239b7be3ecca403cd70&venderId=1000002710
发现明天是 [肥鹅 jd_4d651d9e48204; 移动 jd_OeTNobRVGiNZ; 赵 122294312-396444; 王 1309893722-164885] 签到 [佳贝艾特京东自营官方旗舰店] 的第 1 天，将要获取到奖品[ 20元优惠券]

lzkj_sevenDay_vender/shop_1613569736_23  https://lzkj-isv.isvjcloud.com/sign/sevenDay/signActivity?activityId=13126645fcb2477fa1090a94cb7f3ca2&venderId=206265&adsource=tg_xuanFuTuBiao
发现明天是 [移动 jd_OeTNobRVGiNZ; 王 1309893722-164885; 肥鹅 jd_4d651d9e48204; 赵 122294312-396444] 签到 [滴露旗舰店] 的第 6 天，将要获取到奖品[ 1京豆京豆 1京豆]
明天立即执行. 不改名字 lzkj_sevenDay_vender/shop_1613569736_23

lzkj_sevenDay_vender/shop_1613569740_34  https://lzkj-isv.isvjcloud.com/sign/sevenDay/signActivity?activityId=1e5cac4ad760485d931141412c9fab0c&venderId=1000001906&adsource=tg_xuanFuTuBiao
发现明天是 [移动 jd_OeTNobRVGiNZ; 赵 122294312-396444; 王 1309893722-164885; 肥鹅 jd_4d651d9e48204] 签到 [泉林本色京东自营旗舰店] 的第 6 天，将要获取到奖品[ 3京豆京豆 3京豆]
明天立即执行. 不改名字 lzkj_sevenDay_vender/shop_1613569740_34

lzkj_sevenDay_vender/shop_1613569750_65_delay  https://lzkj-isv.isvjcloud.com/sign/sevenDay/signActivity?activityId=35d14c0f97194095934fbde1271ff651&venderId=10353060&adsource=tg_xuanFuTuBiao
发现明天是 [移动 jd_OeTNobRVGiNZ] 签到 [维他奶官方旗舰店] 的第 7 天，将要获取到奖品[ 100店铺积分积分 100店铺积分]

lzkj_sevenDay_vender/shop_1613569768_117  https://lzkj-isv.isvjcloud.com/sign/sevenDay/signActivity?activityId=5ff5ff7000d444a0893a41c1f678e4bf&venderId=10409042&adsource=tg_xuanFuTuBiao
发现明天是 [移动 jd_OeTNobRVGiNZ; 赵 122294312-396444; 王 1309893722-164885; 肥鹅 jd_4d651d9e48204] 签到 [英氏YeeHoO奥特莱斯店] 的第 6 天，将要获取到奖品[ 10京豆京豆 10京豆]
明天立即执行. 不改名字 lzkj_sevenDay_vender/shop_1613569768_117

lzkj_sevenDay_vender/shop_1613569823_197  https://lzkj-isv.isvjcloud.com/sign/sevenDay/signActivity?activityId=b422cf6ec97e4d54a7001684c53ccad1&venderId=10524448&adsource=tg_xuanFuTuBiao
发现明天是 [移动 jd_OeTNobRVGiNZ] 签到 [LIFAair京东自营官方旗舰店] 的第 7 天，将要获取到奖品[ 5京豆京豆 5京豆]
发现明天是 [赵 122294312-396444; 王 1309893722-164885; 肥鹅 jd_4d651d9e48204] 签到 [LIFAair京东自营官方旗舰店] 的第 6 天，将要获取到奖品[ 40店铺积分积分 40店铺积分]
明天立即执行. 不改名字 lzkj_sevenDay_vender/shop_1613569823_197

lzkj_sevenDay_vender/shop_1613703008_9  https://lzkj-isv.isvjcloud.com/sign/sevenDay/signActivity?activityId=14f003bcc03e444299ad216d4166702d&venderId=1000004641&adsource=tg_xuanFuTuBiao
发现明天是 [赵 122294312-396444; 王 1309893722-164885; 肥鹅 jd_4d651d9e48204; 移动 jd_OeTNobRVGiNZ] 签到 [海豚传媒自营官方旗舰店] 的第 5 天，将要获取到奖品[ 2京豆京豆 2京豆]
明天立即执行. 不改名字 lzkj_sevenDay_vender/shop_1613703008_9

lzkj_sevenDay_vender/shop_1613703030_19_delay  https://lzkj-isv.isvjcloud.com/sign/sevenDay/signActivity?activityId=264fae79e2c542a680f6cd6fce002c1e&venderId=646666&adsource=tg_xuanFuTuBiao
发现明天是 [赵 122294312-396444; 王 1309893722-164885; 肥鹅 jd_4d651d9e48204; 移动 jd_OeTNobRVGiNZ] 签到 [全友家居生活美学旗舰店] 的第 5 天，将要获取到奖品[ 20店铺积分积分 20店铺积分]

lzkj_sevenDay_vender/shop_1613703186_83_delay  https://lzkj-isv.isvjcloud.com/sign/sevenDay/signActivity?activityId=cd7a717f17914fda93377be959493730&venderId=1000103167&adsource=tg_xuanFuTuBiao
发现明天是 [赵 122294312-396444; 王 1309893722-164885; 肥鹅 jd_4d651d9e48204; 移动 jd_OeTNobRVGiNZ] 签到 [Kendall康度京东自营专区] 的第 5 天，将要获取到奖品[ 50店铺积分积分 50店铺积分]

lzkj_sevenDay_vender/shop_1613703218_97_delay  https://lzkj-isv.isvjcloud.com/sign/sevenDay/signActivity?activityId=e78aa0728f904f849441aa277f269af3&venderId=149630&adsource=tg_xuanFuTuBiao



检查是否有删除的活动


检查今天签到获得的奖励
签到 [COMOTEK鞋靴旗舰店] 店铺获得奖励 api_vender/COMOTEK_delay 活动链接
#赵 122294312-396444 获得奖励: "奖励 2, type=4; "
#王 1309893722-164885 获得奖励: "奖励 2, type=4; "
#肥鹅 jd_4d651d9e48204 获得奖励: "奖励 2, type=4; "
#移动 jd_OeTNobRVGiNZ 获得奖励: "奖励 2, type=4; "

签到 [LG家电旗舰店] 店铺获得奖励 api_vender/LG_del 活动链接
#赵 122294312-396444 获得奖励: "奖励 50, type=1; "
#王 1309893722-164885 获得奖励: "奖励 50, type=1; "

签到 [everbuild京东自营旗舰店] 店铺获得奖励 api_vender/everybuild_del 活动链接
#肥鹅 jd_4d651d9e48204 获得奖励: "奖励 10, type=4; 奖励 500, type=6; "

签到 [克雷格运动户外旗舰店] 店铺获得奖励 api_vender/keleige_del 活动链接
#肥鹅 jd_4d651d9e48204 获得奖励: "奖励 5, type=4; "

签到 [沁园京东自营旗舰店] 店铺获得奖励 api_vender/miyuan 活动链接
https://h5.m.jd.com/babelDiy/Zeus/2PAAf74aG3D61qvfKUM5dxUssJQ9/index.html?token=D71848E997002DC4F23CA79DB33BF16B
#移动 jd_OeTNobRVGiNZ 获得奖励: "奖励 5, type=4; "

签到 [AHASTYLE旗舰店] 店铺获得奖励 api_vender/shop_1613567513_20_delay 活动链接
https://h5.m.jd.com/babelDiy/Zeus/2PAAf74aG3D61qvfKUM5dxUssJQ9/index.html?token=FD47D3D062F2A8401FAD6808B1BF1484
#肥鹅 jd_4d651d9e48204 获得奖励: "奖励 1, type=4; "
#移动 jd_OeTNobRVGiNZ 获得奖励: "奖励 3, type=4; 奖励 1, type=4; "
#赵 122294312-396444 获得奖励: "奖励 1, type=4; "
#王 1309893722-164885 获得奖励: "奖励 1, type=4; "

签到 [CHUMS运动户外旗舰店] 店铺获得奖励 api_vender/shop_1613569733_13 活动链接
https://h5.m.jd.com/babelDiy/Zeus/2PAAf74aG3D61qvfKUM5dxUssJQ9/index.html?token=0B61C7659EFF3FAFA47FAFD6F550B94A
#赵 122294312-396444 获得奖励: "奖励 1, type=4; "
#王 1309893722-164885 获得奖励: "奖励 1, type=4; "
#肥鹅 jd_4d651d9e48204 获得奖励: "奖励 1, type=4; "
#移动 jd_OeTNobRVGiNZ 获得奖励: "奖励 1, type=4; "

签到 [阳光飞歌旗舰店] 店铺获得奖励 api_vender/shop_1613569746_51 活动链接
https://h5.m.jd.com/babelDiy/Zeus/2PAAf74aG3D61qvfKUM5dxUssJQ9/index.html?token=2D55B608A393EE079A92746DBAD6BFBC
#移动 jd_OeTNobRVGiNZ 获得奖励: "奖励 5, type=4; "
#王 1309893722-164885 获得奖励: "奖励 8, type=4; "

签到 [绿志食品专营店] 店铺获得奖励 api_vender/shop_1613569767_116_delay 活动链接
https://h5.m.jd.com/babelDiy/Zeus/2PAAf74aG3D61qvfKUM5dxUssJQ9/index.html?token=5FA66556A145870F8143AA46053F6ADE
#赵 122294312-396444 获得奖励: "奖励 1, type=4; "
#王 1309893722-164885 获得奖励: "奖励 1, type=4; "
#肥鹅 jd_4d651d9e48204 获得奖励: "奖励 1, type=4; "
#移动 jd_OeTNobRVGiNZ 获得奖励: "奖励 1, type=4; "

签到 [克雷格旗舰店] 店铺获得奖励 api_vender/shop_1613569771_127 活动链接
https://h5.m.jd.com/babelDiy/Zeus/2PAAf74aG3D61qvfKUM5dxUssJQ9/index.html?token=67B726B7BB649E99843EEA260BBC1552
#赵 122294312-396444 获得奖励: "奖励 5, type=1; "
#王 1309893722-164885 获得奖励: "奖励 6, type=4; "
#肥鹅 jd_4d651d9e48204 获得奖励: "奖励 6, type=4; "
#移动 jd_OeTNobRVGiNZ 获得奖励: "奖励 5, type=1; "

签到 [比乐京东自营旗舰店] 店铺获得奖励 api_vender/shop_1613569773_134_delay 活动链接
https://h5.m.jd.com/babelDiy/Zeus/2PAAf74aG3D61qvfKUM5dxUssJQ9/index.html?token=73E495F79889862EDBADCF57FE4F6378
#肥鹅 jd_4d651d9e48204 获得奖励: "奖励 10, type=4; "
#赵 122294312-396444 获得奖励: "奖励 10, type=4; "

签到 [人本京东自营旗舰店] 店铺获得奖励 api_vender/shop_1613569789_154 活动链接
https://h5.m.jd.com/babelDiy/Zeus/2PAAf74aG3D61qvfKUM5dxUssJQ9/index.html?token=8682F0CA97CA2FABE55226D27A68027D
#肥鹅 jd_4d651d9e48204 获得奖励: "奖励 3, type=4; "
#移动 jd_OeTNobRVGiNZ 获得奖励: "奖励 5, type=4; "
#赵 122294312-396444 获得奖励: "奖励 3, type=4; "
#王 1309893722-164885 获得奖励: "奖励 3, type=4; "

签到 [] 店铺获得奖励 api_vender/shop_1613569799_167_delay 活动链接
https://h5.m.jd.com/babelDiy/Zeus/2PAAf74aG3D61qvfKUM5dxUssJQ9/index.html?token=9427FEC37B8799EEC044AB62828FAA36
#肥鹅 jd_4d651d9e48204 获得奖励: "奖励 5, type=4; "
#赵 122294312-396444 获得奖励: "奖励 5, type=4; "
#王 1309893722-164885 获得奖励: "奖励 5, type=4; "

签到 [猫人京东自营旗舰店] 店铺获得奖励 api_vender/shop_1613569811_180 活动链接
https://h5.m.jd.com/babelDiy/Zeus/2PAAf74aG3D61qvfKUM5dxUssJQ9/index.html?token=A91A92BF40CF8B22B9F862A34AE58D9B
#移动 jd_OeTNobRVGiNZ 获得奖励: "奖励 5, type=4; "
#赵 122294312-396444 获得奖励: "奖励 10, type=4; "

签到 [老板集成烹饪系统京东自营店] 店铺获得奖励 api_vender/shop_1613711018_1_delay 活动链接
https://h5.m.jd.com/babelDiy/Zeus/2PAAf74aG3D61qvfKUM5dxUssJQ9/index.html?token=154FB5E00A34A44BD14A3EF2BD16FF71
#赵 122294312-396444 获得奖励: "奖励 1, type=4; "
#王 1309893722-164885 获得奖励: "奖励 1, type=4; "
#肥鹅 jd_4d651d9e48204 获得奖励: "奖励 1, type=4; "
#移动 jd_OeTNobRVGiNZ 获得奖励: "奖励 1, type=4; "

签到 [泰福高（TAFUCO）京东自营旗舰店] 店铺获得奖励 api_vender/taifugao_delay 活动链接
https://h5.m.jd.com/babelDiy/Zeus/2PAAf74aG3D61qvfKUM5dxUssJQ9/index.html?token=32DEC15741D404DBA4EB19ECCF1B2C6E
#赵 122294312-396444 获得奖励: "奖励 1, type=4; "
#王 1309893722-164885 获得奖励: "奖励 1, type=4; "
#肥鹅 jd_4d651d9e48204 获得奖励: "奖励 1, type=4; "
#移动 jd_OeTNobRVGiNZ 获得奖励: "奖励 1, type=4; "

签到 [蒙牛官方旗舰店] 店铺获得奖励 lzkj_sevenDay_vender/mengniu 活动链接
https://lzkj-isv.isvjcloud.com/sign/sevenDay/signActivity?activityId=3f064b1a32ec4b2ab6e044aa1cacad06&venderId=182542
#赵 122294312-396444 获得奖励: ""20元优惠券""
#肥鹅 jd_4d651d9e48204 获得奖励: ""20元优惠券""

签到 [佳贝艾特京东自营官方旗舰店] 店铺获得奖励 lzkj_sevenDay_vender/shop_1613046181_1_delay 活动链接
https://lzkj-isv.isvjcloud.com/sign/sevenDay/signActivity?activityId=3f6c151718844239b7be3ecca403cd70&venderId=1000002710
#王 1309893722-164885 获得奖励: "50元优惠券"

签到 [滴露旗舰店] 店铺获得奖励 lzkj_sevenDay_vender/shop_1613569736_23 活动链接
https://lzkj-isv.isvjcloud.com/sign/sevenDay/signActivity?activityId=13126645fcb2477fa1090a94cb7f3ca2&venderId=206265&adsource=tg_xuanFuTuBiao
#移动 jd_OeTNobRVGiNZ 获得奖励: ""20元优惠券""
#王 1309893722-164885 获得奖励: ""20元优惠券""
#肥鹅 jd_4d651d9e48204 获得奖励: ""20元优惠券""
#赵 122294312-396444 获得奖励: ""20元优惠券""

签到 [泉林本色京东自营旗舰店] 店铺获得奖励 lzkj_sevenDay_vender/shop_1613569740_34 活动链接
https://lzkj-isv.isvjcloud.com/sign/sevenDay/signActivity?activityId=1e5cac4ad760485d931141412c9fab0c&venderId=1000001906&adsource=tg_xuanFuTuBiao
#移动 jd_OeTNobRVGiNZ 获得奖励: ""2京豆""
#赵 122294312-396444 获得奖励: ""2京豆""
#王 1309893722-164885 获得奖励: ""2京豆""
#肥鹅 jd_4d651d9e48204 获得奖励: ""2京豆""

签到 [英氏YeeHoO奥特莱斯店] 店铺获得奖励 lzkj_sevenDay_vender/shop_1613569768_117 活动链接
https://lzkj-isv.isvjcloud.com/sign/sevenDay/signActivity?activityId=5ff5ff7000d444a0893a41c1f678e4bf&venderId=10409042&adsource=tg_xuanFuTuBiao
#移动 jd_OeTNobRVGiNZ 获得奖励: ""9京豆""
#赵 122294312-396444 获得奖励: ""9京豆""
#王 1309893722-164885 获得奖励: ""9京豆""
#肥鹅 jd_4d651d9e48204 获得奖励: ""9京豆""

签到 [LIFAair京东自营官方旗舰店] 店铺获得奖励 lzkj_sevenDay_vender/shop_1613569823_197 活动链接
https://lzkj-isv.isvjcloud.com/sign/sevenDay/signActivity?activityId=b422cf6ec97e4d54a7001684c53ccad1&venderId=10524448&adsource=tg_xuanFuTuBiao
#移动 jd_OeTNobRVGiNZ 获得奖励: ""40店铺积分""
#赵 122294312-396444 获得奖励: ""30店铺积分""
#王 1309893722-164885 获得奖励: ""30店铺积分""
#肥鹅 jd_4d651d9e48204 获得奖励: ""30店铺积分""

签到 [海豚传媒自营官方旗舰店] 店铺获得奖励 lzkj_sevenDay_vender/shop_1613703008_9 活动链接
https://lzkj-isv.isvjcloud.com/sign/sevenDay/signActivity?activityId=14f003bcc03e444299ad216d4166702d&venderId=1000004641&adsource=tg_xuanFuTuBiao
#赵 122294312-396444 获得奖励: ""20店铺积分""
#王 1309893722-164885 获得奖励: ""20店铺积分""
#肥鹅 jd_4d651d9e48204 获得奖励: ""20店铺积分""
#移动 jd_OeTNobRVGiNZ 获得奖励: ""20店铺积分""

签到 [全友家居生活美学旗舰店] 店铺获得奖励 lzkj_sevenDay_vender/shop_1613703030_19_delay 活动链接
https://lzkj-isv.isvjcloud.com/sign/sevenDay/signActivity?activityId=264fae79e2c542a680f6cd6fce002c1e&venderId=646666&adsource=tg_xuanFuTuBiao
#赵 122294312-396444 获得奖励: ""20店铺积分""
#王 1309893722-164885 获得奖励: ""20店铺积分""
#肥鹅 jd_4d651d9e48204 获得奖励: ""20店铺积分""
#移动 jd_OeTNobRVGiNZ 获得奖励: ""20店铺积分""

签到 [Kendall康度京东自营专区] 店铺获得奖励 lzkj_sevenDay_vender/shop_1613703186_83_delay 活动链接
https://lzkj-isv.isvjcloud.com/sign/sevenDay/signActivity?activityId=cd7a717f17914fda93377be959493730&venderId=1000103167&adsource=tg_xuanFuTuBiao
#赵 122294312-396444 获得奖励: ""50店铺积分""
#王 1309893722-164885 获得奖励: ""50店铺积分""
#肥鹅 jd_4d651d9e48204 获得奖励: ""50店铺积分""
#移动 jd_OeTNobRVGiNZ 获得奖励: ""50店铺积分""

签到 [卫仕京东自营官方旗舰店] 店铺获得奖励 lzkj_sevenDay_vender/weishi_delay 活动链接
#王 1309893722-164885 获得奖励: ""10店铺积分""
#赵 122294312-396444 获得奖励: ""10店铺积分""

签到 [初么（chume）京东自营旗舰店] 店铺获得奖励 vender/chume_jifen 活动链接
#赵 122294312-396444 获得奖励: ""10积分""
#肥鹅 jd_4d651d9e48204 获得奖励: ""10积分""

签到 [戴森京东自营官方旗舰店] 店铺获得奖励 vender/daisen_del 活动链接
#王 1309893722-164885 获得奖励: ""5京豆""
#移动 jd_OeTNobRVGiNZ 获得奖励: ""5京豆""
#肥鹅 jd_4d651d9e48204 获得奖励: ""5京豆""
#赵 122294312-396444 获得奖励: ""5京豆""

签到 [费雪京东自营旗舰店] 店铺获得奖励 vender/feixue_jifen 活动链接
#肥鹅 jd_4d651d9e48204 获得奖励: ""5积分""
#移动 jd_OeTNobRVGiNZ 获得奖励: ""5积分""
#赵 122294312-396444 获得奖励: ""5积分""
#王 1309893722-164885 获得奖励: ""5积分""

签到 [格力京东自营旗舰店] 店铺获得奖励 vender/geli_del 活动链接
#赵 122294312-396444 获得奖励: ""188积分""
#肥鹅 jd_4d651d9e48204 获得奖励: ""188积分""
#王 1309893722-164885 获得奖励: ""2京豆""

签到 [君乐宝奶粉旗舰店] 店铺获得奖励 vender/junlebao_del 活动链接
#赵 122294312-396444 获得奖励: ""10京豆""
#王 1309893722-164885 获得奖励: ""10京豆""
#肥鹅 jd_4d651d9e48204 获得奖励: ""10京豆""
#移动 jd_OeTNobRVGiNZ 获得奖励: ""10京豆""

签到 [实丰文化京东自营旗舰店] 店铺获得奖励 vender/shifengwenhua_jifen 活动链接
#赵 122294312-396444 获得奖励: ""10积分""
#肥鹅 jd_4d651d9e48204 获得奖励: ""10积分""
#移动 jd_OeTNobRVGiNZ 获得奖励: ""10积分""

签到 [博世电动工具京东自营旗舰店] 店铺获得奖励 vender/shop_1613046172_0_del 活动链接
#王 1309893722-164885 获得奖励: ""2京豆""
#肥鹅 jd_4d651d9e48204 获得奖励: ""2京豆""
#移动 jd_OeTNobRVGiNZ 获得奖励: ""2京豆""
#赵 122294312-396444 获得奖励: ""2京豆""

签到 [康比特京东自营旗舰店] 店铺获得奖励 vender/shop_1613046189_2_del 活动链接
#赵 122294312-396444 获得奖励: ""20积分""
#王 1309893722-164885 获得奖励: ""20元优惠券""

签到 [美赞臣京东自营官方旗舰店] 店铺获得奖励 vender/shop_1613046198_4_delay 活动链接
#赵 122294312-396444 获得奖励: ""5积分""
#王 1309893722-164885 获得奖励: ""5积分""
#肥鹅 jd_4d651d9e48204 获得奖励: ""5积分""
#移动 jd_OeTNobRVGiNZ 获得奖励: ""5积分""

签到 [每日鲜语京东自营旗舰店] 店铺获得奖励 vender/shop_1613048969_0_delay 活动链接
#赵 122294312-396444 获得奖励: ""1积分""
#王 1309893722-164885 获得奖励: ""1积分""
#移动 jd_OeTNobRVGiNZ 获得奖励: ""1积分""

签到 [完美日记官方旗舰店] 店铺获得奖励 vender/shop_1613052094_7_delay 活动链接
#肥鹅 jd_4d651d9e48204 获得奖励: ""10积分""
#移动 jd_OeTNobRVGiNZ 获得奖励: ""10积分""
#赵 122294312-396444 获得奖励: ""10积分""
#王 1309893722-164885 获得奖励: ""10积分""

签到 [ZEESEA旗舰店] 店铺获得奖励 vender/shop_1613052102_8_delay 活动链接
#赵 122294312-396444 获得奖励: ""10积分""
#肥鹅 jd_4d651d9e48204 获得奖励: ""10积分""

签到 [尤妮佳舒蔻京东自营官方旗舰店] 店铺获得奖励 vender/shop_1613052185_19_delay 活动链接
#移动 jd_OeTNobRVGiNZ 获得奖励: ""1积分""
#赵 122294312-396444 获得奖励: ""1积分""
#王 1309893722-164885 获得奖励: ""1积分""
#肥鹅 jd_4d651d9e48204 获得奖励: ""1积分""

签到 [果倍爽京东自营旗舰店] 店铺获得奖励 vender/shop_1613569734_15_delay 活动链接
#赵 122294312-396444 获得奖励: ""5积分""
#王 1309893722-164885 获得奖励: ""5积分""
#肥鹅 jd_4d651d9e48204 获得奖励: ""5积分""
#移动 jd_OeTNobRVGiNZ 获得奖励: ""5积分""

签到 [Domol京东自营专卖店] 店铺获得奖励 vender/shop_1613569737_25_delay 活动链接
#赵 122294312-396444 获得奖励: ""5积分""
#王 1309893722-164885 获得奖励: ""5积分""
#肥鹅 jd_4d651d9e48204 获得奖励: ""5积分""
#移动 jd_OeTNobRVGiNZ 获得奖励: ""5积分""

签到 [PUMA官方旗舰店] 店铺获得奖励 vender/shop_1613569741_37_del 活动链接
#移动 jd_OeTNobRVGiNZ 获得奖励: ""40元优惠券""

签到 [iQunix京东自营旗舰店] 店铺获得奖励 vender/shop_1613569752_70_delay 活动链接
#赵 122294312-396444 获得奖励: ""10积分""
#王 1309893722-164885 获得奖励: ""10积分""
#肥鹅 jd_4d651d9e48204 获得奖励: ""10积分""
#移动 jd_OeTNobRVGiNZ 获得奖励: ""10积分""

签到 [WOWO官方旗舰店] 店铺获得奖励 vender/shop_1613569763_104_delay 活动链接
#王 1309893722-164885 获得奖励: ""10积分""
#肥鹅 jd_4d651d9e48204 获得奖励: ""10积分""
#移动 jd_OeTNobRVGiNZ 获得奖励: ""10积分""
#赵 122294312-396444 获得奖励: ""10积分""

签到 [金利来男装旗舰店] 店铺获得奖励 vender/shop_1613569820_195_delay 活动链接
#肥鹅 jd_4d651d9e48204 获得奖励: ""10积分""
#移动 jd_OeTNobRVGiNZ 获得奖励: ""10积分""
#赵 122294312-396444 获得奖励: ""10积分""
#王 1309893722-164885 获得奖励: ""10积分""

签到 [膳魔师（THERMOS）京东自营旗舰店] 店铺获得奖励 vender/shop_1613569843_224_delay 活动链接
#移动 jd_OeTNobRVGiNZ 获得奖励: ""10积分""
#赵 122294312-396444 获得奖励: ""10积分""
#王 1309893722-164885 获得奖励: ""10积分""
#肥鹅 jd_4d651d9e48204 获得奖励: ""10积分""

签到 [华硕京东自营官方旗舰店] 店铺获得奖励 vender/shop_1613703137_64 活动链接
#赵 122294312-396444 获得奖励: ""1京豆""
#王 1309893722-164885 获得奖励: ""1京豆""
#肥鹅 jd_4d651d9e48204 获得奖励: ""1京豆""
#移动 jd_OeTNobRVGiNZ 获得奖励: ""1京豆""

签到 [外星人官方旗舰店] 店铺获得奖励 vender/shop_1613703154_71_del 活动链接
#肥鹅 jd_4d651d9e48204 获得奖励: ""2京豆""

签到 [6IXTY8IGHT旗舰店] 店铺获得奖励 vender/shop_1613711069_21_delay 活动链接
https://lzkj-isv.isvjcloud.com/sign/signActivity2?activityId=e437aef3d0664f77a3270a83e3e4c7cd&venderId=10278941&adsource=tg_xuanFuTuBiao
#赵 122294312-396444 获得奖励: ""10元优惠券""
#王 1309893722-164885 获得奖励: ""10元优惠券""
#肥鹅 jd_4d651d9e48204 获得奖励: ""10元优惠券""
#移动 jd_OeTNobRVGiNZ 获得奖励: ""10元优惠券""


h5签到总数 18

显示立即执行的任务
肥鹅 jd_4d651d9e48204; 赵 122294312-396444; 王 1309893722-164885|api_vender/miyuan
移动 jd_OeTNobRVGiNZ|api_vender/shop_1613569733_13
移动 jd_OeTNobRVGiNZ|api_vender/shop_1613569746_51
赵 122294312-396444|api_vender/shop_1613569771_127
肥鹅 jd_4d651d9e48204; 赵 122294312-396444; 王 1309893722-164885|api_vender/shop_1613569789_154
肥鹅 jd_4d651d9e48204; 赵 122294312-396444|api_vender/shop_1613569811_180
赵 122294312-396444; 王 1309893722-164885; 肥鹅 jd_4d651d9e48204|api_vender/shop_1613703000_5
赵 122294312-396444; 王 1309893722-164885; 肥鹅 jd_4d651d9e48204; 移动 jd_OeTNobRVGiNZ|vender/shop_1613703137_64
王 1309893722-164885; 移动 jd_OeTNobRVGiNZ|lzkj_sevenDay_vender/mengniu
移动 jd_OeTNobRVGiNZ; 王 1309893722-164885; 肥鹅 jd_4d651d9e48204; 赵 122294312-396444|lzkj_sevenDay_vender/shop_1613569736_23
移动 jd_OeTNobRVGiNZ; 赵 122294312-396444; 王 1309893722-164885; 肥鹅 jd_4d651d9e48204|lzkj_sevenDay_vender/shop_1613569740_34
移动 jd_OeTNobRVGiNZ; 赵 122294312-396444; 王 1309893722-164885; 肥鹅 jd_4d651d9e48204|lzkj_sevenDay_vender/shop_1613569768_117
赵 122294312-396444; 王 1309893722-164885; 肥鹅 jd_4d651d9e48204|lzkj_sevenDay_vender/shop_1613569823_197
赵 122294312-396444; 王 1309893722-164885; 肥鹅 jd_4d651d9e48204; 移动 jd_OeTNobRVGiNZ|lzkj_sevenDay_vender/shop_1613703008_9

替换成pt_pin后的任务
config03|api_vender/miyuan
config01|api_vender/miyuan
config02|api_vender/miyuan
config04|api_vender/shop_1613569733_13
config04|api_vender/shop_1613569746_51
config01|api_vender/shop_1613569771_127
config03|api_vender/shop_1613569789_154
config01|api_vender/shop_1613569789_154
config02|api_vender/shop_1613569789_154
config03|api_vender/shop_1613569811_180
config01|api_vender/shop_1613569811_180
config01|api_vender/shop_1613703000_5
config02|api_vender/shop_1613703000_5
config03|api_vender/shop_1613703000_5
config01|vender/shop_1613703137_64
config02|vender/shop_1613703137_64
config03|vender/shop_1613703137_64
config04|vender/shop_1613703137_64
config02|lzkj_sevenDay_vender/mengniu
config04|lzkj_sevenDay_vender/mengniu
config04|lzkj_sevenDay_vender/shop_1613569736_23
config02|lzkj_sevenDay_vender/shop_1613569736_23
config03|lzkj_sevenDay_vender/shop_1613569736_23
config01|lzkj_sevenDay_vender/shop_1613569736_23
config04|lzkj_sevenDay_vender/shop_1613569740_34
config01|lzkj_sevenDay_vender/shop_1613569740_34
config02|lzkj_sevenDay_vender/shop_1613569740_34
config03|lzkj_sevenDay_vender/shop_1613569740_34
config04|lzkj_sevenDay_vender/shop_1613569768_117
config01|lzkj_sevenDay_vender/shop_1613569768_117
config02|lzkj_sevenDay_vender/shop_1613569768_117
config03|lzkj_sevenDay_vender/shop_1613569768_117
config01|lzkj_sevenDay_vender/shop_1613569823_197
config02|lzkj_sevenDay_vender/shop_1613569823_197
config03|lzkj_sevenDay_vender/shop_1613569823_197
config01|lzkj_sevenDay_vender/shop_1613703008_9
config02|lzkj_sevenDay_vender/shop_1613703008_9
config03|lzkj_sevenDay_vender/shop_1613703008_9
config04|lzkj_sevenDay_vender/shop_1613703008_9

合并后的立即执行的任务
config2|api_vender/miyuan
config|api_vender/miyuan
config2|api_vender/shop_1613569733_13
config2|api_vender/shop_1613569746_51
config|api_vender/shop_1613569771_127
config2|api_vender/shop_1613569789_154
config|api_vender/shop_1613569789_154
config2|api_vender/shop_1613569811_180
config|api_vender/shop_1613569811_180
config2|api_vender/shop_1613703000_5
config|api_vender/shop_1613703000_5
config_/config_02|lzkj_sevenDay_vender/mengniu
config_/config_04|lzkj_sevenDay_vender/mengniu
config_/config_01|lzkj_sevenDay_vender/shop_1613569736_23
config_/config_02|lzkj_sevenDay_vender/shop_1613569736_23
config_/config_03|lzkj_sevenDay_vender/shop_1613569736_23
config_/config_04|lzkj_sevenDay_vender/shop_1613569736_23
config_/config_01|lzkj_sevenDay_vender/shop_1613569740_34
config_/config_02|lzkj_sevenDay_vender/shop_1613569740_34
config_/config_03|lzkj_sevenDay_vender/shop_1613569740_34
config_/config_04|lzkj_sevenDay_vender/shop_1613569740_34
config_/config_01|lzkj_sevenDay_vender/shop_1613569768_117
config_/config_02|lzkj_sevenDay_vender/shop_1613569768_117
config_/config_03|lzkj_sevenDay_vender/shop_1613569768_117
config_/config_04|lzkj_sevenDay_vender/shop_1613569768_117
config_/config_01|lzkj_sevenDay_vender/shop_1613569823_197
config_/config_02|lzkj_sevenDay_vender/shop_1613569823_197
config_/config_03|lzkj_sevenDay_vender/shop_1613569823_197
config_/config_01|lzkj_sevenDay_vender/shop_1613703008_9
config_/config_02|lzkj_sevenDay_vender/shop_1613703008_9
config_/config_03|lzkj_sevenDay_vender/shop_1613703008_9
config_/config_04|lzkj_sevenDay_vender/shop_1613703008_9
config_/config_01|vender/shop_1613703137_64
config_/config_02|vender/shop_1613703137_64
config_/config_03|vender/shop_1613703137_64
config_/config_04|vender/shop_1613703137_64

延迟执行的任务
config|api_vender/shop_1613569733_13
config|api_vender/shop_1613569746_51
config2|api_vender/shop_1613569771_127
config_/config_01|lzkj_sevenDay_vender/mengniu
config_/config_03|lzkj_sevenDay_vender/mengniu
config_/config_04|lzkj_sevenDay_vender/shop_1613569823_197


* * * * * * * * * * * * * * * * * *
记录时刻 20210222_205600_004426300


显示立即执行的任务
肥鹅 jd_4d651d9e48204; 赵 122294312-396444; 王 1309893722-164885|api_vender/miyuan
移动 jd_OeTNobRVGiNZ|api_vender/shop_1613569733_13
移动 jd_OeTNobRVGiNZ|api_vender/shop_1613569746_51
赵 122294312-396444|api_vender/shop_1613569771_127
肥鹅 jd_4d651d9e48204; 赵 122294312-396444; 王 1309893722-164885|api_vender/shop_1613569789_154
肥鹅 jd_4d651d9e48204; 赵 122294312-396444|api_vender/shop_1613569811_180
赵 122294312-396444; 王 1309893722-164885; 肥鹅 jd_4d651d9e48204|api_vender/shop_1613703000_5
赵 122294312-396444; 王 1309893722-164885; 肥鹅 jd_4d651d9e48204; 移动 jd_OeTNobRVGiNZ|vender/shop_1613703137_64
王 1309893722-164885; 移动 jd_OeTNobRVGiNZ|lzkj_sevenDay_vender/mengniu
移动 jd_OeTNobRVGiNZ; 王 1309893722-164885; 肥鹅 jd_4d651d9e48204; 赵 122294312-396444|lzkj_sevenDay_vender/shop_1613569736_23
移动 jd_OeTNobRVGiNZ; 赵 122294312-396444; 王 1309893722-164885; 肥鹅 jd_4d651d9e48204|lzkj_sevenDay_vender/shop_1613569740_34
移动 jd_OeTNobRVGiNZ; 赵 122294312-396444; 王 1309893722-164885; 肥鹅 jd_4d651d9e48204|lzkj_sevenDay_vender/shop_1613569768_117
赵 122294312-396444; 王 1309893722-164885; 肥鹅 jd_4d651d9e48204|lzkj_sevenDay_vender/shop_1613569823_197
赵 122294312-396444; 王 1309893722-164885; 肥鹅 jd_4d651d9e48204; 移动 jd_OeTNobRVGiNZ|lzkj_sevenDay_vender/shop_1613703008_9

替换成pt_pin后的任务
config03|api_vender/miyuan
config01|api_vender/miyuan
config02|api_vender/miyuan
config04|api_vender/shop_1613569733_13
config04|api_vender/shop_1613569746_51
config01|api_vender/shop_1613569771_127
config03|api_vender/shop_1613569789_154
config01|api_vender/shop_1613569789_154
config02|api_vender/shop_1613569789_154
config03|api_vender/shop_1613569811_180
config01|api_vender/shop_1613569811_180
config01|api_vender/shop_1613703000_5
config02|api_vender/shop_1613703000_5
config03|api_vender/shop_1613703000_5
config01|vender/shop_1613703137_64
config02|vender/shop_1613703137_64
config03|vender/shop_1613703137_64
config04|vender/shop_1613703137_64
config02|lzkj_sevenDay_vender/mengniu
config04|lzkj_sevenDay_vender/mengniu
config04|lzkj_sevenDay_vender/shop_1613569736_23
config02|lzkj_sevenDay_vender/shop_1613569736_23
config03|lzkj_sevenDay_vender/shop_1613569736_23
config01|lzkj_sevenDay_vender/shop_1613569736_23
config04|lzkj_sevenDay_vender/shop_1613569740_34
config01|lzkj_sevenDay_vender/shop_1613569740_34
config02|lzkj_sevenDay_vender/shop_1613569740_34
config03|lzkj_sevenDay_vender/shop_1613569740_34
config04|lzkj_sevenDay_vender/shop_1613569768_117
config01|lzkj_sevenDay_vender/shop_1613569768_117
config02|lzkj_sevenDay_vender/shop_1613569768_117
config03|lzkj_sevenDay_vender/shop_1613569768_117
config01|lzkj_sevenDay_vender/shop_1613569823_197
config02|lzkj_sevenDay_vender/shop_1613569823_197
config03|lzkj_sevenDay_vender/shop_1613569823_197
config01|lzkj_sevenDay_vender/shop_1613703008_9
config02|lzkj_sevenDay_vender/shop_1613703008_9
config03|lzkj_sevenDay_vender/shop_1613703008_9
config04|lzkj_sevenDay_vender/shop_1613703008_9

合并后的立即执行的任务
config2|api_vender/miyuan
config|api_vender/miyuan
config2|api_vender/shop_1613569733_13
config2|api_vender/shop_1613569746_51
config|api_vender/shop_1613569771_127
config2|api_vender/shop_1613569789_154
config|api_vender/shop_1613569789_154
config2|api_vender/shop_1613569811_180
config|api_vender/shop_1613569811_180
config2|api_vender/shop_1613703000_5
config|api_vender/shop_1613703000_5
config_/config_02|lzkj_sevenDay_vender/mengniu
config_/config_04|lzkj_sevenDay_vender/mengniu
config_/config_01|lzkj_sevenDay_vender/shop_1613569736_23
config_/config_02|lzkj_sevenDay_vender/shop_1613569736_23
config_/config_03|lzkj_sevenDay_vender/shop_1613569736_23
config_/config_04|lzkj_sevenDay_vender/shop_1613569736_23
config_/config_01|lzkj_sevenDay_vender/shop_1613569740_34
config_/config_02|lzkj_sevenDay_vender/shop_1613569740_34
config_/config_03|lzkj_sevenDay_vender/shop_1613569740_34
config_/config_04|lzkj_sevenDay_vender/shop_1613569740_34
config_/config_01|lzkj_sevenDay_vender/shop_1613569768_117
config_/config_02|lzkj_sevenDay_vender/shop_1613569768_117
config_/config_03|lzkj_sevenDay_vender/shop_1613569768_117
config_/config_04|lzkj_sevenDay_vender/shop_1613569768_117
config_/config_01|lzkj_sevenDay_vender/shop_1613569823_197
config_/config_02|lzkj_sevenDay_vender/shop_1613569823_197
config_/config_03|lzkj_sevenDay_vender/shop_1613569823_197
config_/config_01|lzkj_sevenDay_vender/shop_1613703008_9
config_/config_02|lzkj_sevenDay_vender/shop_1613703008_9
config_/config_03|lzkj_sevenDay_vender/shop_1613703008_9
config_/config_04|lzkj_sevenDay_vender/shop_1613703008_9
config_/config_01|vender/shop_1613703137_64
config_/config_02|vender/shop_1613703137_64
config_/config_03|vender/shop_1613703137_64
config_/config_04|vender/shop_1613703137_64

延迟执行的任务
config|api_vender/shop_1613569733_13
config|api_vender/shop_1613569746_51
config2|api_vender/shop_1613569771_127
config_/config_01|lzkj_sevenDay_vender/mengniu
config_/config_03|lzkj_sevenDay_vender/mengniu
config_/config_04|lzkj_sevenDay_vender/shop_1613569823_197


* * * * * * * * * * * * * * * * * *
记录时刻 20210222_205921_110612600


显示立即执行的任务
肥鹅 jd_4d651d9e48204; 赵 122294312-396444; 王 1309893722-164885|api_vender/miyuan
移动 jd_OeTNobRVGiNZ|api_vender/shop_1613569733_13
移动 jd_OeTNobRVGiNZ|api_vender/shop_1613569746_51
赵 122294312-396444|api_vender/shop_1613569771_127
肥鹅 jd_4d651d9e48204; 赵 122294312-396444; 王 1309893722-164885|api_vender/shop_1613569789_154
肥鹅 jd_4d651d9e48204; 赵 122294312-396444|api_vender/shop_1613569811_180
赵 122294312-396444; 王 1309893722-164885; 肥鹅 jd_4d651d9e48204|api_vender/shop_1613703000_5
赵 122294312-396444; 王 1309893722-164885; 肥鹅 jd_4d651d9e48204; 移动 jd_OeTNobRVGiNZ|vender/shop_1613703137_64
王 1309893722-164885; 移动 jd_OeTNobRVGiNZ|lzkj_sevenDay_vender/mengniu
移动 jd_OeTNobRVGiNZ; 王 1309893722-164885; 肥鹅 jd_4d651d9e48204; 赵 122294312-396444|lzkj_sevenDay_vender/shop_1613569736_23
移动 jd_OeTNobRVGiNZ; 赵 122294312-396444; 王 1309893722-164885; 肥鹅 jd_4d651d9e48204|lzkj_sevenDay_vender/shop_1613569740_34
移动 jd_OeTNobRVGiNZ; 赵 122294312-396444; 王 1309893722-164885; 肥鹅 jd_4d651d9e48204|lzkj_sevenDay_vender/shop_1613569768_117
赵 122294312-396444; 王 1309893722-164885; 肥鹅 jd_4d651d9e48204|lzkj_sevenDay_vender/shop_1613569823_197
赵 122294312-396444; 王 1309893722-164885; 肥鹅 jd_4d651d9e48204; 移动 jd_OeTNobRVGiNZ|lzkj_sevenDay_vender/shop_1613703008_9

替换成pt_pin后的任务
config03|api_vender/miyuan
config01|api_vender/miyuan
config02|api_vender/miyuan
config04|api_vender/shop_1613569733_13
config04|api_vender/shop_1613569746_51
config01|api_vender/shop_1613569771_127
config03|api_vender/shop_1613569789_154
config01|api_vender/shop_1613569789_154
config02|api_vender/shop_1613569789_154
config03|api_vender/shop_1613569811_180
config01|api_vender/shop_1613569811_180
config01|api_vender/shop_1613703000_5
config02|api_vender/shop_1613703000_5
config03|api_vender/shop_1613703000_5
config01|vender/shop_1613703137_64
config02|vender/shop_1613703137_64
config03|vender/shop_1613703137_64
config04|vender/shop_1613703137_64
config02|lzkj_sevenDay_vender/mengniu
config04|lzkj_sevenDay_vender/mengniu
config04|lzkj_sevenDay_vender/shop_1613569736_23
config02|lzkj_sevenDay_vender/shop_1613569736_23
config03|lzkj_sevenDay_vender/shop_1613569736_23
config01|lzkj_sevenDay_vender/shop_1613569736_23
config04|lzkj_sevenDay_vender/shop_1613569740_34
config01|lzkj_sevenDay_vender/shop_1613569740_34
config02|lzkj_sevenDay_vender/shop_1613569740_34
config03|lzkj_sevenDay_vender/shop_1613569740_34
config04|lzkj_sevenDay_vender/shop_1613569768_117
config01|lzkj_sevenDay_vender/shop_1613569768_117
config02|lzkj_sevenDay_vender/shop_1613569768_117
config03|lzkj_sevenDay_vender/shop_1613569768_117
config01|lzkj_sevenDay_vender/shop_1613569823_197
config02|lzkj_sevenDay_vender/shop_1613569823_197
config03|lzkj_sevenDay_vender/shop_1613569823_197
config01|lzkj_sevenDay_vender/shop_1613703008_9
config02|lzkj_sevenDay_vender/shop_1613703008_9
config03|lzkj_sevenDay_vender/shop_1613703008_9
config04|lzkj_sevenDay_vender/shop_1613703008_9

合并后的立即执行的任务
config2|api_vender/miyuan
config|api_vender/miyuan
config2|api_vender/shop_1613569733_13
config2|api_vender/shop_1613569746_51
config|api_vender/shop_1613569771_127
config2|api_vender/shop_1613569789_154
config|api_vender/shop_1613569789_154
config2|api_vender/shop_1613569811_180
config|api_vender/shop_1613569811_180
config2|api_vender/shop_1613703000_5
config|api_vender/shop_1613703000_5
config_/config_02|lzkj_sevenDay_vender/mengniu
config_/config_04|lzkj_sevenDay_vender/mengniu
config_/config_01|lzkj_sevenDay_vender/shop_1613569736_23
config_/config_02|lzkj_sevenDay_vender/shop_1613569736_23
config_/config_03|lzkj_sevenDay_vender/shop_1613569736_23
config_/config_04|lzkj_sevenDay_vender/shop_1613569736_23
config_/config_01|lzkj_sevenDay_vender/shop_1613569740_34
config_/config_02|lzkj_sevenDay_vender/shop_1613569740_34
config_/config_03|lzkj_sevenDay_vender/shop_1613569740_34
config_/config_04|lzkj_sevenDay_vender/shop_1613569740_34
config_/config_01|lzkj_sevenDay_vender/shop_1613569768_117
config_/config_02|lzkj_sevenDay_vender/shop_1613569768_117
config_/config_03|lzkj_sevenDay_vender/shop_1613569768_117
config_/config_04|lzkj_sevenDay_vender/shop_1613569768_117
config_/config_01|lzkj_sevenDay_vender/shop_1613569823_197
config_/config_02|lzkj_sevenDay_vender/shop_1613569823_197
config_/config_03|lzkj_sevenDay_vender/shop_1613569823_197
config_/config_01|lzkj_sevenDay_vender/shop_1613703008_9
config_/config_02|lzkj_sevenDay_vender/shop_1613703008_9
config_/config_03|lzkj_sevenDay_vender/shop_1613703008_9
config_/config_04|lzkj_sevenDay_vender/shop_1613703008_9
config_/config_01|vender/shop_1613703137_64
config_/config_02|vender/shop_1613703137_64
config_/config_03|vender/shop_1613703137_64
config_/config_04|vender/shop_1613703137_64

延迟执行的任务
config|api_vender/shop_1613569733_13
config|api_vender/shop_1613569746_51
config2|api_vender/shop_1613569771_127
config_/config_01|lzkj_sevenDay_vender/mengniu
config_/config_03|lzkj_sevenDay_vender/mengniu
config_/config_04|lzkj_sevenDay_vender/shop_1613569823_197


* * * * * * * * * * * * * * * * * *
记录时刻 20210222_234005_014374600


显示立即执行的任务
肥鹅 jd_4d651d9e48204; 赵 122294312-396444; 王 1309893722-164885|api_vender/miyuan
移动 jd_OeTNobRVGiNZ|api_vender/shop_1613569733_13
移动 jd_OeTNobRVGiNZ|api_vender/shop_1613569746_51
赵 122294312-396444|api_vender/shop_1613569771_127
肥鹅 jd_4d651d9e48204; 赵 122294312-396444; 王 1309893722-164885|api_vender/shop_1613569789_154
肥鹅 jd_4d651d9e48204; 赵 122294312-396444|api_vender/shop_1613569811_180
赵 122294312-396444; 王 1309893722-164885; 肥鹅 jd_4d651d9e48204|api_vender/shop_1613703000_5
赵 122294312-396444; 王 1309893722-164885; 肥鹅 jd_4d651d9e48204; 移动 jd_OeTNobRVGiNZ|vender/shop_1613703137_64
王 1309893722-164885; 移动 jd_OeTNobRVGiNZ|lzkj_sevenDay_vender/mengniu
移动 jd_OeTNobRVGiNZ; 王 1309893722-164885; 肥鹅 jd_4d651d9e48204; 赵 122294312-396444|lzkj_sevenDay_vender/shop_1613569736_23
移动 jd_OeTNobRVGiNZ; 赵 122294312-396444; 王 1309893722-164885; 肥鹅 jd_4d651d9e48204|lzkj_sevenDay_vender/shop_1613569740_34
移动 jd_OeTNobRVGiNZ; 赵 122294312-396444; 王 1309893722-164885; 肥鹅 jd_4d651d9e48204|lzkj_sevenDay_vender/shop_1613569768_117
赵 122294312-396444; 王 1309893722-164885; 肥鹅 jd_4d651d9e48204|lzkj_sevenDay_vender/shop_1613569823_197
赵 122294312-396444; 王 1309893722-164885; 肥鹅 jd_4d651d9e48204; 移动 jd_OeTNobRVGiNZ|lzkj_sevenDay_vender/shop_1613703008_9

替换成pt_pin后的任务
config03|api_vender/miyuan
config01|api_vender/miyuan
config02|api_vender/miyuan
config04|api_vender/shop_1613569733_13
config04|api_vender/shop_1613569746_51
config01|api_vender/shop_1613569771_127
config03|api_vender/shop_1613569789_154
config01|api_vender/shop_1613569789_154
config02|api_vender/shop_1613569789_154
config03|api_vender/shop_1613569811_180
config01|api_vender/shop_1613569811_180
config01|api_vender/shop_1613703000_5
config02|api_vender/shop_1613703000_5
config03|api_vender/shop_1613703000_5
config01|vender/shop_1613703137_64
config02|vender/shop_1613703137_64
config03|vender/shop_1613703137_64
config04|vender/shop_1613703137_64
config02|lzkj_sevenDay_vender/mengniu
config04|lzkj_sevenDay_vender/mengniu
config04|lzkj_sevenDay_vender/shop_1613569736_23
config02|lzkj_sevenDay_vender/shop_1613569736_23
config03|lzkj_sevenDay_vender/shop_1613569736_23
config01|lzkj_sevenDay_vender/shop_1613569736_23
config04|lzkj_sevenDay_vender/shop_1613569740_34
config01|lzkj_sevenDay_vender/shop_1613569740_34
config02|lzkj_sevenDay_vender/shop_1613569740_34
config03|lzkj_sevenDay_vender/shop_1613569740_34
config04|lzkj_sevenDay_vender/shop_1613569768_117
config01|lzkj_sevenDay_vender/shop_1613569768_117
config02|lzkj_sevenDay_vender/shop_1613569768_117
config03|lzkj_sevenDay_vender/shop_1613569768_117
config01|lzkj_sevenDay_vender/shop_1613569823_197
config02|lzkj_sevenDay_vender/shop_1613569823_197
config03|lzkj_sevenDay_vender/shop_1613569823_197
config01|lzkj_sevenDay_vender/shop_1613703008_9
config02|lzkj_sevenDay_vender/shop_1613703008_9
config03|lzkj_sevenDay_vender/shop_1613703008_9
config04|lzkj_sevenDay_vender/shop_1613703008_9

合并后的立即执行的任务
config2|api_vender/miyuan
config|api_vender/miyuan
config2|api_vender/shop_1613569733_13
config2|api_vender/shop_1613569746_51
config|api_vender/shop_1613569771_127
config2|api_vender/shop_1613569789_154
config|api_vender/shop_1613569789_154
config2|api_vender/shop_1613569811_180
config|api_vender/shop_1613569811_180
config2|api_vender/shop_1613703000_5
config|api_vender/shop_1613703000_5
config_/config_02|lzkj_sevenDay_vender/mengniu
config_/config_04|lzkj_sevenDay_vender/mengniu
config_/config_01|lzkj_sevenDay_vender/shop_1613569736_23
config_/config_02|lzkj_sevenDay_vender/shop_1613569736_23
config_/config_03|lzkj_sevenDay_vender/shop_1613569736_23
config_/config_04|lzkj_sevenDay_vender/shop_1613569736_23
config_/config_01|lzkj_sevenDay_vender/shop_1613569740_34
config_/config_02|lzkj_sevenDay_vender/shop_1613569740_34
config_/config_03|lzkj_sevenDay_vender/shop_1613569740_34
config_/config_04|lzkj_sevenDay_vender/shop_1613569740_34
config_/config_01|lzkj_sevenDay_vender/shop_1613569768_117
config_/config_02|lzkj_sevenDay_vender/shop_1613569768_117
config_/config_03|lzkj_sevenDay_vender/shop_1613569768_117
config_/config_04|lzkj_sevenDay_vender/shop_1613569768_117
config_/config_01|lzkj_sevenDay_vender/shop_1613569823_197
config_/config_02|lzkj_sevenDay_vender/shop_1613569823_197
config_/config_03|lzkj_sevenDay_vender/shop_1613569823_197
config_/config_01|lzkj_sevenDay_vender/shop_1613703008_9
config_/config_02|lzkj_sevenDay_vender/shop_1613703008_9
config_/config_03|lzkj_sevenDay_vender/shop_1613703008_9
config_/config_04|lzkj_sevenDay_vender/shop_1613703008_9
config_/config_01|vender/shop_1613703137_64
config_/config_02|vender/shop_1613703137_64
config_/config_03|vender/shop_1613703137_64
config_/config_04|vender/shop_1613703137_64

延迟执行的任务
config|api_vender/shop_1613569733_13
config|api_vender/shop_1613569746_51
config2|api_vender/shop_1613569771_127
config_/config_01|lzkj_sevenDay_vender/mengniu
config_/config_03|lzkj_sevenDay_vender/mengniu
config_/config_04|lzkj_sevenDay_vender/shop_1613569823_197
